  __ _  _    L         E         G         A         C         Y      _  _ __
_/                                                                           \_
|     ___                    ___.                     ___.                    |
| _._/  /_____. __.      _._/  _|/_____.   ._____  ._/  _|/____.   ._______._ |
|  |  _//     |/  |/______|    \_      |__\|_    \_|    \      |__\|_      |  |
|  |_ \       |   _/      |     /      |    /      |           |    /      |  |
|   /__\______|   \       |____________|   _       |___________|   /      _|  |
+-------diP-/______\_______/--------/______\________/-sAC---/____    _____\---+
| :: |                                                           \___\   . .: |
| :: |_                                                                 _| :: |
| :: |// /              Charlotte's Web (c) SEGA of America             \ \\| :: |
| :: |                                                                   | :: |
| :: +--- -  -   -                                           -   -  - ---+ :: |
| :: |                                                                   | :: |
| :: |  Country ......: USA                   Language ..: English       | :: |
| :: |  Release Date .: 11/16/2006            Storedate .: Who Cares?    | :: |
| :: |  System .......: NDS                   Filename ..: lgc-cweb.zip  | :: |
| :: |  Size .........: 512 MBit              Supplier...: E. Friendly   | :: |
| :: |                                                                   | :: |
+----+----+---------------------------------------------------------+----+----+
     | :: |                                                         | :: |
     | :: |                   [+]  GAME INFO  [+]                   | :: |
     | :: |                                                         | :: |
     | :: | These enchanting video game brings one of the most      | :: |
     | :: | beloved stories of all time to life on the Nintendo DS. | :: |
     | :: | Playing as Wilbur, the pig, and Templeton, the rat,     | :: |
     | :: | gamers of all ages will explore four fascinating        | :: |
     | :: | worlds, complete challenging missions, and unlock       | :: |
     | :: | arcade-style mini-games.                                | :: |
     | :: |                                                         | :: |
     | :: | In the game, players will be sent on sweeping scavenger | :: |
     | :: | hunts for letters that make up special phrases. When    | :: |
     | :: | woven into Charlotte's web, these phrases will let the  | :: |
     | :: | world know just how special Wilbur is. Charlotte's Web  | :: |
     | :: | is loaded with mini-games hidden throughout the         | :: |
     | :: | multiple levels. Enhanced by high-quality movie stills  | :: |
     | :: | and sharp gameplay visuals, these interactive           | :: |
     | :: | experiences will have players caught up in hours of fun | :: |
     | :: | and excitement.                                         | :: |
     | :: |                                                         | :: |
     | :: | The Nintendo DS version makes full use of the stylus    | :: |
     | :: | and brings up to four players together with numerous    | :: |
     | :: | multiplayer mini-games. Players will also uncover an    | :: |
     | :: | additional unlockable mini-game where gamers can play   | :: |
     | :: | as Fern and care for Wilbur!                            | :: |
     | :: |                                                         | :: |
     | :: |                                                         | :: |
     | :: |                 [+]  RELEASE NOTES  [+]                 | :: |
     | :: |                                                         | :: |
     | :: |                       Good pig.                         | :: |
     | :: |                                                         | :: |
     | :: |                   [+]  CONTACT  [+]                     | :: |
     | :: |                                                         | :: |
     | :: |  Call one of our boards and leave a message to a member | :: |
     | :: |                                                         | :: |
     | :: |            G* ......... [WHQ]  +82-PRI-VATE             | :: |
     | :: |            S* ......... [MHQ] +1-NOT-TEL-LING           | :: |
     | :: |                                                         | :: |
     | :: |  You cannot contact us via EMail/WWW/IRC, so don't even | :: |
     | :: |  bother! If anyone claims to be in LGC, you can be sure | :: |
     | :: |  that he is just another lying bastard!                 | :: |
     | :: |                                                         | :: |
+----+----+---------------------------------------------------------+----+----+
| :: |                                                                   | :: |
| :: | Greetings to: ARC, ASG, ATX, CF, CPL, CRE, EDG, EUR, MNC, NFL, OS | :: |
| :: |               PDX, PR, QSR, QTX, V                                | :: |
| :: |                                                                   | :: |
| :: |    WE DONT NEED ANY CODERS, SUPPLIERS, SITES - ASK SOMEONE ELSE   | :: |
| :: |  _ _                                                         _ _  | :: |
+----+-///_)--[ LGC 2005 - PUTTING THE 'O' BACK INTO OLDSCHOOL! ]--(_\\\-+----+
