      ,:::.
      :::::      m o o n c u b e . . .                       . _
    /\`:::'  _______  __________          _______  _____/   /    /   _______
 __/  \  /\_/   _   \_\___   \  \_________\___   \/    /   / ___/_  _\___   \_
      \\/  /    /   .    /   /  .\      /    /___/    /   .  \_   \/   _/
_      \/ . ___/  _/    /  _.    \\    .    /  _.   _/  _/    /  _/    _____
/______|    \_____\________\______\\ _/\_______\________\________\_______\
       |_____\                     \_\                        ...........
          :                            . . . p r e s e n t s  :::::::::::
          |                                                    :::::::::
          |                                                     `:::::'
          |                                                          |
          >>                   <> Finding Nemo <>                   <<)
          |                                                          |
          |                                                          |
          | Origin...: USA NTSC         Filename...: m3-nemo.rar     |
          | Released.: 03, Dec, 2003    GOD / Rars.: 1 / 17x50MB     |
          | Console..: GAMECUBE         Format.....: .ISO            |
          | Source...: GC Optical Disc  Supply.....: Mr.B            |
          | Company..: Traveller's Tale Store Date.: May 12, 2003    |
          |                                                          |
          |                                                          |
          |                                                          |
          >> Game Info:                                             <<)
          |                                                          |
          | Finding Nemo, which has been in development for several  |
          | months, are scheduled for worldwide release day and date |
          | with the Finding Nemo theatrical debut in summer 2003.   |
          | THQ's interactive adventures based on Finding Nemo are   |
          | the first under the Company's exclusive, multi-property  |
          | publishing agreement with award-winning interactive      |
          | entertainment publisher Disney Interactive and the       |
          | Academy Award-winning Pixar Animation Studios.           |
          |                                                          |
          |                                                          |
          >> Release Notes:                                         <<)
          |                                                          |
          | Say hello to another fine MOONCUBE release, bringing you |
          | the latest in NGC games for use on your unmodified and   |
          | sexy GameCube system!  Load up your copy of Phantasy     |
          | Star Online Ep. 1 & 2 and dust off your BBA, because the |
          | revolution has begun!                                    |
          |                                                          |
          |                                                          |
         >> Greetings:                                               <<
          |                                                          |
          |                         STARCUBE                         |
          |                                                          |
          |     Nintendo - Konami - Namco - Capcom - Sega - SCEI     |
          |    Hudson - Square Enix - Hudson - SNK - Tecmo - Irem    |
          |                      Rockstar Games                      |
          |                                                          |
          |          All our friends, you know who you are.          |
          |                                                          |
         (:                                                          :)
           >>             "Where quality isn't rare."              <<
