                                    .. ..... 
   .::::::::::..                    '' ::  ::                  ..::::::::::. 
  ::::::::::::::::..                :: ::'''               ..:::::::::::::::: 
 :::::::::::::::::::::..             _____             ..::::::::::::::::::::: 
 ::::''''''''''''::::::::.         7/    /__         .::::::::````````````:::: 
 :'                  ``::::        /    // /_       ::::''                  `: 
 :                       ``:      /        '       :''                       : 
      .-``""""``--..        `.__.'            .__.'        ..--''""""''-. 
 ________ __ _      ``..          __       __          ..''      _ __ ________ 
 `._     `  `           ``--..____||       ||____..--''           '  '     _.' 
    _______________________________|       |_______________________________ 
   |                                                                       | 
   |  ...........................  i       i  ...........................  | 
   |  ii  i.iiiiiiiiiiiiiiiii||ii  |       |  ii  i.iiiiiiiiiiiiiiiii||ii  | 
   `. """""""""""""""""""""""""""  |       |  """"""""""""""""""""""""""" .' 
     _ _ _  _   .----------..-----.Si.__   |.-----..----------.   _  _ _ _ 
   ||//        /        `i |       !'      |       | i'        \        \\|| 
   |'     __  /          ` |               |       | '          \  __     `| 
   | ____|  |/            _|`------i._____.|------'|_            \|  |____ | 
   |  _                            |       |                            _  | 
   | |/                   _ __     |       |     __ _                   \| | 
   | '                       |     |       |     |                       ` | 
   |            . __.i______.'     A       A     `.______i.__ .            | 
   | ._________________________..-' `--'--' `-.._________________________. | 
   `._____________________________________________________________________.' 
   .                                                                       . 
   |.______________________________         ______________________________.| 
   |  ___ __ _ __                  |   .   | .....                      .. | 
   | |  //_// '  '                 |   .   | :::'            ____        ` | 
   | |_/                           |   :   | :'            .------.        | 
   |               _               |   l   |             .'        `.      | 
   |    _         /(________  _..._|   |   |    ____    /            .     _ 
   |   //        /         / '   _ `   |   | .''    `. /                  // 
   |_  "        /        _/     //     |   |'         Y      _       '    " 
___________    /  ____________________ _ _________________  /(_________________ 
\          |  /   \                   '(/                /.'                  / 
 \__       | /     \___________        '       _________/          __________/ 
   |       |/         /     ____              |                    _\         _ 
   | S!    '         '     '   /              `        _          '           / 
   `._______________               _. i.              // .__________________.' 
   ._         _   `-.._______________.' `----------------'  _____ _   _   __ 
   |         //             ...... _   .   .-. .-. .----.  '     !|  //    | 
   | .       "               `:::: |   |   | | `-' `.__. `.       |  "   . | 
   | _                         `:: |   |   | | !-          `-..__.'      _ | 
   | __                          ` |   |   | | .                        __ | 
   | ` __                          |   |   | |                        __ ' | 
   |  /\_\  ____                   |   !   | :                 ____  /_/\  | 
   |  \/  `/\   \                  `._____.' .                /   /\'  \/  | 
   |    . /  \___\                 .   _   .                 /___/  \ .    | 
   |      \  /    `                |   Y   | `              '    \  /      | 
   |       \/     .              . |   .   |                .     \/       | 
   |              _              . |       |                _              | 
   |             __              : |       |                __             | 
   |           __ '              | |       |                ` __           | 
   |    ____  /_/\               | |       |___. '           /\_\  ____    | 
   |   /   /\'  \/               | |  ____________           \/  `/\   \   | 
  _|__/___/  \ .           _     | |.'           /             . /  \___\__|_
   ! '    \  /            |(    .' '.-''"""''77 /                \  /    ` ! 
   .       \/      _      | `--'   /         /.'           _      \/       . 
    .      .        i     |       /         //            i        .      . 
     `----'|        '     |    _ / `._____.' . _          `        |`----' 
           `.___ . ' i.__.'    //     ---.    \\        .i ` . ___.' 
              .____. `.______.//         ii    \\.______.' .____. 
  .                `.________.'      ` --'      `.________.'                 . 
                          .          -'""`-          . 

  '      .. ...  ...  ..    `   v    a    c    e   '     .. ...   ..   .     `
  .     .-' :  : :  : ..:                               .-' :  : .-'  ':     .
  _     `-- `--' `--' --'         .          .          `-- `--' `--  -'-    _
  \                              /`._      _.'\                              /
   `.._____________________ .-. /    "''''"    \ .-. _____________________..' 
    __                     \| |/   .- ""`-.     \| |/                    __ 
 .'"       .------------------'  .'        `     `-------------------.     "`. 
i         .                                 '                         .       i
|      |              A Little Golf Journey *MULTI8* *RIP*              |     |
|      |                        (c) Okidokico                           |     |
|      |                         _              _                       |     |
|      `.________________________)      _.' .-'''-.____________________.'     |
|                                  `-..___.-'       "`----- -                 |
| i     _  _                                                                  |
| !.__.'/ //                                                                  |
`.____ / _____________________________________ ._____________________________.'
 .___ /_______________________________________||_________________ __ _  _
 | __.                                                                 /   7
 | -      Supplied by.: VACE              # of Disks.: 40 * 9.76MB    /   /  .
 | "      Released....: 29/11/2021        Protection.: Money         /   /   7
 `.________________________________________________________________.' _.' _.' .

 .----------------------------- r e l e a s e info --------------------------+
 |                                                                           '
 | Embark on your adventure and bring color back to the world as you complete
 | golfing  challenges  across multi destinations. With over 100  holes split
 | across 10  stunning courses, you'll be able to unlock secrets and discover
 | mysteries along the way.
 |
 | Who knows what awaits you on your journey.
 |
 | Discoveries  that  go  beyond.  Begin  your golfing journey and discover a
 | friendship that takes you across serene locations all the way to the moon.
 |
 | No Caddie required. Just you, the ball and the soothing zen soundtrack  as
 | your companion. Play a quick  round  or  stay  for  a  while  and  immerse
 | yourself in beautiful destinations.
 |
 | Looking for a par-ticular challenge?
 | A Little Golf Journey has an abundance of secrets and collectables waiting
 | to be unlocked, but hold on to your golf clubs, you'll  need  to  complete
 | some challenges along the way.
 |
 | Features :
 |
 | * Explore the expansive world map with over 100 holes, set in 10  stunning
 |   destinations.
 |
 | * Bring colour back to the world by completing challenges.
 |
 | * Discover secret holes, off-path mysteries and collectables.
 |
 | * Simple, approachable controls - Aim, pull and release to shoot the  ball
 |   and find the best route to the next hole. Easy to  learn,  but  hard  to
 |   put(t) down.
 |                                                                             |
 `._______....::::::::::.___________________________________________________.'
  ..--''""      .       :
.'   .----------`-------'------ r e l e a s e notes -------------------------.
i   i                                                                        '
|   |  1# Unzip, Unrar manually.                                             '
|   |  2# Run v-setup.bat (wait until end and say's Job's Done!)             '
|   |     then after thats done go and play!                                 '
|   |  3# Have phun!                                                         '
|   |
|   |  Ripped: Just Music.
|   |
|   |  MULTI8: English, German, French, Italian, Spanish, Portuguese (Brazil)
|   |  Chinese Simplified and Japonese.
|   |
|   |
|   |  REMEMBER :                                                            .
|   |  If you like this game, buy it. Developers deserve your support!!      :
|   |                                                                        :
|   |________________________________________________________________________|
| i._               ___     ___     ___     ___           ___
| !' .-----------..:   :: .:   :: ::   :: ::   :: .:    .:   :..-------------.
|   i             ::   :: ::   :: ::   :: ::   :: ::... `:.___'              |
|   |  :::::::::  ::   :: :: --:. ::   :: ::   :: ::    _   `::  ::::::::::  :
|   |              `-  :: ::    : ::  -'  ::  -'  ::   :::   ::              '
|   |  Cheers to:     -'   `    `  `-      `-      `-   "   -'               '
|   |
|   |  BACKLASH - CRUDE - DiViNE - FAS - FAiRLiGHT - OUTLAWS - PWZ - RiTUEL
|   |   RAiN - COGENT - RELOADED - ViTALiTY - HI2U - JAGUAR - TNT - WaLMaRT
|   |                 HOODLUM - ABSTRAKT - ANTiDOTE - TE
|   |
|   |  And to all of our friends from over the years, we salute you! - VACE
|   |
|   |         We are currently looking for crackers and suppliers
|   |                       Contact : vacecrew@protonmail.com
|   `.__________________________________________________________________ _
`._____________________________________________________________________    ` .
          .'                 `                            _            "`.   `
         .                     '               .   '          '  .       ` 
                               .            .                      ` . _.' 
         `     . - ''' '                  .      ..:::::::...                 : 
           .                  '          .      :::::::::::::::.. .        ..:: 
                            .'           .      .        .      ...    ... 
             `             ..------.._   `._     :  '   : ..   :   '  : ..: 
`--.'         .          .'           `. .--.     :    :    :  `._    `._ 
 .                      .               Y 
.                                       '      .     -   .     `::::::::::::::: 
              '         `                  '               `     `::::::::::::i 
`            '           `._           '        .......      `     `:::::::::ii 
 `.  _  .  '                 '  -   '   i     :::::::::::.     .      ``:::iii' 
                                        `     `ii::::::::: 
:.                                ..     \     `iiii:::::'        . 
..                            ..::::.     `.      ```""      '      . 
''    _                     .i:::::::.       `  .  _    .  '           -  ..  ' 
:: S! / SAC                ii::::::::: 
.. .....  .. .....         ii:::::::::                                       .: 
'' ::  :: '' ::  ::         ``:::::'' 
:: ::'''  :: ::'''                                                           :: 
.. .....  .. .....  .. .....  .. ..... 
'' ::  :: '' ::  :: '' ::  :: '' ::  ::                                      :: 
:: ::'''  :: ::'''  :: ::'''  :: ::''' 
                    .. .....  .. .....  .. .....  .. .....                   :: 
   d  o  n  t       '' ::  :: '' ::  :: '' ::  :: '' ::  :: 
    ___   _        _:: ::'''  :: ::'''  :: ::'''  :: ::'''   i t  .  o  u  t  ! 
   |   `. . |   | | ___.                .. .....  .. .....  .. .....  .. ..... 
   |____| | |__.' |___    u  p          '' ::  :: '' ::  :: '' ::  :: '' ::  :: 
       _|                               :: ::'''  :: ::'''  :: ::'''  :: ::''' 
           b  a  b  y  ,                    _               .. .....  .. ..... 
                                           _\  t  i  c  k   '' ::  :: '' ::  :: 
                                                            :: ::'''  :: ::''' 

                                  The Kings of VACE
