                                    .. ..... 
   .::::::::::..                    '' ::  ::                  ..::::::::::. 
  ::::::::::::::::..                :: ::'''               ..:::::::::::::::: 
 :::::::::::::::::::::..             _____             ..::::::::::::::::::::: 
 ::::''''''''''''::::::::.         7/    /__         .::::::::````````````:::: 
 :'                  ``::::        /    // /_       ::::''                  `: 
 :                       ``:      /        '       :''                       : 
      .-``""""``--..        `.__.'            .__.'        ..--''""""''-. 
 ________ __ _      ``..          __       __          ..''      _ __ ________ 
 `._     `  `           ``--..____||       ||____..--''           '  '     _.' 
    _______________________________|       |_______________________________ 
   |                                                                       | 
   |  ...........................  i       i  ...........................  | 
   |  ii  i.iiiiiiiiiiiiiiiii||ii  |       |  ii  i.iiiiiiiiiiiiiiiii||ii  | 
   `. """""""""""""""""""""""""""  |       |  """"""""""""""""""""""""""" .' 
     _ _ _  _   .----------..-----.Si.__   |.-----..----------.   _  _ _ _ 
   ||//        /        `i |       !'      |       | i'        \        \\|| 
   |'     __  /          ` |               |       | '          \  __     `| 
   | ____|  |/            _|`------i._____.|------'|_            \|  |____ | 
   |  _                            |       |                            _  | 
   | |/                   _ __     |       |     __ _                   \| | 
   | '                       |     |       |     |                       ` | 
   |            . __.i______.'     A       A     `.______i.__ .            | 
   | ._________________________..-' `--'--' `-.._________________________. | 
   `._____________________________________________________________________.' 
   .                                                                       . 
   |.______________________________         ______________________________.| 
   |  ___ __ _ __                  |   .   | .....                      .. | 
   | |  //_// '  '                 |   .   | :::'            ____        ` | 
   | |_/                           |   :   | :'            .------.        | 
   |               _               |   l   |             .'        `.      | 
   |    _         /(________  _..._|   |   |    ____    /            .     _ 
   |   //        /         / '   _ `   |   | .''    `. /                  // 
   |_  "        /        _/     //     |   |'         Y      _       '    " 
___________    /  ____________________ _ _________________  /(_________________ 
\          |  /   \                   '(/                /.'                  / 
 \__       | /     \___________        '       _________/          __________/ 
   |       |/         /     ____              |                    _\         _ 
   | S!    '         '     '   /              `        _          '           / 
   `._______________               _. i.              // .__________________.' 
   ._         _   `-.._______________.' `----------------'  _____ _   _   __ 
   |         //             ...... _   .   .-. .-. .----.  '     !|  //    | 
   | .       "               `:::: |   |   | | `-' `.__. `.       |  "   . | 
   | _                         `:: |   |   | | !-          `-..__.'      _ | 
   | __                          ` |   |   | | .                        __ | 
   | ` __                          |   |   | |                        __ ' | 
   |  /\_\  ____                   |   !   | :                 ____  /_/\  | 
   |  \/  `/\   \                  `._____.' .                /   /\'  \/  | 
   |    . /  \___\                 .   _   .                 /___/  \ .    | 
   |      \  /    `                |   Y   | `              '    \  /      | 
   |       \/     .              . |   .   |                .     \/       | 
   |              _              . |       |                _              | 
   |             __              : |       |                __             | 
   |           __ '              | |       |                ` __           | 
   |    ____  /_/\               | |       |___. '           /\_\  ____    | 
   |   /   /\'  \/               | |  ____________           \/  `/\   \   | 
  _|__/___/  \ .           _     | |.'           /             . /  \___\__|_
   ! '    \  /            |(    .' '.-''"""''77 /                \  /    ` ! 
   .       \/      _      | `--'   /         /.'           _      \/       . 
    .      .        i     |       /         //            i        .      . 
     `----'|        '     |    _ / `._____.' . _          `        |`----' 
           `.___ . ' i.__.'    //     ---.    \\        .i ` . ___.' 
              .____. `.______.//         ii    \\.______.' .____. 
  .                `.________.'      ` --'      `.________.'                  . 
                          .          -'""`-          . 

  '      .. ...  ...  ..    `   v    a    c    e   '     .. ...   .   ..      `
  .     .-' :  : :  : ..:                               .-' :  : ':  :..      .
  _     `-- `--' `--' --'         .          .          `-- `--' -'- `--'     _
  \                              /`._      _.'\                              /
   `.._____________________ .-. /    "''''"    \ .-. _____________________..' 
 .'"  .-----------------------'  .'        `     `----------------------.  "`.
i    .                                 '                                .     i
|    |                        Terraria (c) Re-Logic                     |     |
|    |                           _              _                       |     |
|    `.__________________________)\      _.' .-'''-.___________________.'     |
|                                  `-..___.-'       "`----- -                 |
| i     _  _                                                                  |
| !.__.'/ //                                                                  |
`.____ / _____________________________________ ._____________________________.'
 .___ /_______________________________________||_________________ __ _  _
 | __.                                                                 /   7
 | -       Game Type...: Adventure         # of Disks.: 15 * 4.76MB   /   /  .
 | "       Released....: May 24 2016       Protection.: Money        /   /   7
 `.________________________________________________________________.' _.' _.' .

 .----------------------------- r e l e a s e info --------------------------+
 `                                                                           '
   Dig, Fight, Explore, Build:  The very world is at your fingertips as you
   fight for  survival, fortune,  and  glory.  Will  you  delve  deep  into
   cavernous expanses in search of treasure and raw  materials  with  which
   to craft ever-evolving gear, machinery, and aesthetics? Perhaps you will
   choose  instead  to  seek  out  ever-greater foes to test your mettle in
   combat? Maybe you will decide to construct your own city  to  house  the
   host of mysterious allies you may encounter along your travels?

   In the World of Terraria, the choice is yours!

   Blending  elements  of  classic  action  games  with   the   freedom  of
   sandbox-style creativity, Terraria is a unique gaming  experience  where
   both  the  journey  and  the  destination are completely in the player's
   control. The Terraria adventure  is  truly  as  unique  as  the  players
   themselves!
 .  
 `._______....::::::::::.___________________________________________________.'
  ..--''""      .       :
.'   .----------`-------'------ r e l e a s e notes -------------------------.
i   i                                                                        ;
|   |  1# Unzip then Unrar manually.
|   |  2# Run setup.bat, after thats done hit Terraria.exe to play.
|   |  3# Have phun!
|   |
|   |  Ripped: Nothing.
|   |
|   |  Notes: Remember to install latest DirectX, C++ Redistributables and
|   |  Microsoft .NET Frameworks.
|   |
|   |  To see the news in this version 1.3.1 please check changelog.txt
|   |
|   |  This game is MULTI5 : English, Deutsch, Italian, French and Spanish.
|   |
|   |  REMEMBER :                                                            .
|   |  If you like this game, buy it. Developers deserve your support!!      :
|   |                                                                        :
|   |________________________________________________________________________|
| i._               ___     ___     ___     ___           ___
| !' .-----------..:   :: .:   :: ::   :: ::   :: .:    .:   :..-------------.
|   i             ::   :: ::   :: ::   :: ::   :: ::... `:.___'              |
|   |  :::::::::  ::   :: :: --:. ::   :: ::   :: ::    _   `::  ::::::::::  :
|   |              `-  :: ::    : ::  -'  ::  -'  ::   :::   ::              '
|   |  Cheers to:     -'   `    `  `-      `-      `-   "   -'               '
|   |
|   |  BACKLASH - CRUDE - DiViNE - FAS - FAiRLiGHT - OUTLAWS - PWZ - RiTUEL
|   |   RAiN - COGENT - RELOADED - ViTALiTY - HI2U - JAGUAR - TNT - WaLMaRT
|   |                        ABSTRAKT - ANTiDOTE - TE
|   |
|   |  And to all of our friends from over the years, we salute you! - VACE
|   |
|   |         We are currently looking for crackers and suppliers
|   |                       Contact : You know who!
|   `.__________________________________________________________________ _
`._____________________________________________________________________    ` .
          .'                 `                            _            "`.   `
         .                     '               .   '          '  .       ` 
                               .            .                      ` . _.' 
         `     . - ''' '                  .      ..:::::::...                 : 
           .                  '          .      :::::::::::::::.. .        ..:: 
                            .'           .      .        .      ...    ... 
             `             ..------.._   `._     :  '   : ..   :   '  : ..: 
`--.'         .          .'           `. .--.     :    :    :  `._    `._ 
 .                      .               Y 
.                                       '      .     -   .     `::::::::::::::: 
              '         `                  '               `     `::::::::::::i 
`            '           `._           '        .......      `     `:::::::::ii 
 `.  _  .  '                 '  -   '   i     :::::::::::.     .      ``:::iii' 
                                        `     `ii::::::::: 
:.                                ..     \     `iiii:::::'        . 
..                            ..::::.     `.      ```""      '      . 
''    _                     .i:::::::.       `  .  _    .  '           -  ..  ' 
:: S! / SAC                ii::::::::: 
.. .....  .. .....         ii:::::::::                                       .: 
'' ::  :: '' ::  ::         ``:::::'' 
:: ::'''  :: ::'''                                                           :: 
.. .....  .. .....  .. .....  .. ..... 
'' ::  :: '' ::  :: '' ::  :: '' ::  ::                                      :: 
:: ::'''  :: ::'''  :: ::'''  :: ::''' 
                    .. .....  .. .....  .. .....  .. .....                   :: 
   d  o  n  t       '' ::  :: '' ::  :: '' ::  :: '' ::  :: 
    ___   _        _:: ::'''  :: ::'''  :: ::'''  :: ::'''   i t  .  o  u  t  ! 
   |   `. . |   | | ___.                .. .....  .. .....  .. .....  .. ..... 
   |____| | |__.' |___    u  p          '' ::  :: '' ::  :: '' ::  :: '' ::  :: 
       _|                               :: ::'''  :: ::'''  :: ::'''  :: ::''' 
           b  a  b  y  ,                    _               .. .....  .. ..... 
                                           _\  t  i  c  k   '' ::  :: '' ::  :: 
                                                            :: ::'''  :: ::''' 
                                   "Im Baaaaack!"
