        __:_                                        __/\__          _:__
        \ |//(>>  *  S  T  A  R  C  U  B  E  *      \    /      <<)\\| /
         \|                                     __/\__               |/
          |                  /                  \    /__/\__         |
          |           \     /(______.     /           \    /         |
          |___________)\____\       |____/(__________ _______:_______:__
          |\       ____/_____      ______\____       |       ._        /
         _:_\______.        |      \|       _.       :       |/       /
        /         \|        |       |       \|       . ___   |\       \
       / _._________        |       |\         ______|___/   | \__     \
       )/ :         \_______|_______: \_______/      |_______|   /      \
       /  |         \               .                           /\       \  \
    ______:_________)\       _______.__________________/__________\_____  \_)\
   /                 /______:       :       ._        /      ._        /     /
  /        |\_______/_      |       |       |/       /       |/       /_____/
  \        |/        /      |       |       |\       \       /_______/
   \                /_________/___  |_______|/       /   _________ \ |
    \_____._____/\_/              \/:       / ______/\__/         )/ |
          :                         .       \(                    /  |
          |                                  \  proudly presents     |
          |                                                          |
          |                                                          |
       (1)>>            <> True Crime: Streets of LA <>             <<)
          |                                                          |
          |                                                          |
          | Origin...: USA NTSC         Filename...: s3-tcsla.rar    |
          | Released.: 04, Nov, 2003    GOD / Rars.: 1 / 20x50MB     |
          | Console..: GAMECUBE         Format.....: .ISO            |
          | Source...: GC Optical Disc  Supply.....: STARCUBE        |
          | Company..: Luxoflux         Store Date.: Nov 5, 2003     |
          |                                                          |
          |                                                          |
          |                                                          |
       (2)>> Game Info:                                             <<)
          |                                                          |
          | Developed by Luxoflux, the creators of the successful    |
          | Vigilante 8 series, True Crime: Streets of L.A. blends   |
          | multiple genres into a single cinematic action game. Car |
          | chases, shootouts, foot pursuits and hand-to-hand combat |
          | are all in a day's work when it comes to taking down the |
          | mob. More than 20 branching missions and 100             |
          | sub-missions lead gamers down dozens of possible paths   |
          | and outcomes. Busting a robbery could tip players off to |
          | a future crime, or a foul-up could just as easily get an |
          | informant killed. As players cruise the mean streets,    |
          | random missions can also pop-up on the car radio adding  |
          | even more gameplay to the immense adventure.             |
          |                                                          |
          |                                                          |
       (3)>> Release Notes:                                         <<)
          |                                                          |
          | We know you're used to surprises with our releases, and  |
          | you can be sure to expect more technologically advanced  |
          | NGC releases in the future, from the best NGC group! As  |
          | usual, Garbage removed for your convenience.             |
          |                                                          |
          |                                                          |
       (4)>> Greetings:                                             <<)
          |                                                          |
          | Nintendo, Atari, Konami, Namco, Capcom, Sega, SCEI,      |
          | Hudson, Square Enix, SNK, Tecmo, Treasure, Ancient,      |
          | Irem & Rockstar Games, and all our friends.              |
          |                                                          |
          |                                                          |
         /|                                                          |\
        /_|\\(>>   " Sharper resolution and cooler than ice "   <<)//|_\
          :                                                          :
