                                                                                
                                                                                
       kY..,:vBi                                                                
       BB@B@B@O                                                                 
           i@BF                                                ,7qi             
           8B@:                                               iPBY              
           MZO                                               .jXL               
          i@BJ                                          ,:...j2Gvir777ii;rLEi   
          5O@:      :Lr                    :Sr,        :r:i:F5PjYU1uujuu27r:    
          B@B    .q@BP7,        rrr      :v0Sri7            1Fq                 
         r@BX  .@B@7            JYOi   .OO:  .77r          iNqr                 
         OB@  2@B:             .uvS.  :@0     kYi          MEP                  
         Z2u k@               iNjUP  :@1      urr         J8NJ                  
        iOk5OBS,             qB,uMG .@u       Lvv        :7:i.                  
        MB@  BOOv          .@B  8MU @U        57r       :i...                   
        MGP   UMBS        5@u  ,BM5@q         Lvj      Lv r77        ,          
       :qPv    r@B@BL,:i5M0,   7@G@8          XG@:   i@N  Gkk.      72       
       MB@i      7B@B@@Xr.     FBBE           7@MM7YB@v   rJ;i.  .:7r      
       B@Br         i:         q@B.            Y8G@Gv      ,i:iii:,         
       .::.                     rv                           ...              
                                                                                
 
                        +- P R E S E N T S -+-

                        Für immer beste Freunde                   

                        Release Date.....: 18.12.2016                                                                               
                        Source...........: DVD 5                                                                                       
                        Size.............: 1114 MB                                                     
                        Files............: 25 x 50 MB                                                                                     
                        Video............: x264 - CRF19 - 1 331 Kbps - 720x404    
                        Audio............: Deutsch (6 Ch - AC3 384kbps)                                     
                        Subtitles........: -.-
                        Runtime..........: 94 mins                                                                                            
                        IMDB Link........: http://www.imdb.com/title/tt4952982/  
                        IMDB Rating......: 7,4/10 from 18 users                                                              
                        Genre............: Family         
                        Notes............: looking for a nice Site

  ,;,                                                                       ,;,  
   .:,::i,                              i:                              .:,::i   
        .i::::,.                        O@                        .i::::,.          
             .:i;:::.              0j   Yi   vu              .:i;:::.                 
                   ..:ii::::..     5M8: .  :LU7     ..:ii::::..                       
                          .,:::,:i:  ..KNT..   .,:::,:i:                           
                                    :F2,...uJ:                                  
                                   B@L  L7  J@X                                 
                                        B@                                      
                                        YL
