                                       ..                                      
                                        #                                      
                                       .#                                      
                                       @#.                                     
                                       ##                                      
                                       ##                .                     
                       .              .##X.             .#.                    
                       .#             ####              .@#                    
                       X#             ####.              .#                    
                       @@             #####               #                    
                       ##            ###M##             .##                    
                       ##.           ###M##.             ##.                   
                       ##.          #####M##             ##                    
                       ##@          .####M##.           .##.                   
                      ####.         @####M##@.         .####                   
                      X####.        #####MM##          @###M                   
                      @####         #####MM##.         #####                   
                      ######        #####MMM#.        ######                   
                      @#####        #########.        ######                   
                      ######.      H#########        #######                   
                      @######.     H##########      .#######                   
                      #######       ##########     .X######@                   
                     .########.    X#########       ########                   
                      X#######.     @########      H#######                    
                      @########     #########     @########.                   
                       ########     #########@    @########@                   
                       @#######@    @#########   .########@                    
                       @########.   #########@   ######M##.                    
                        #########   .#########.  #####M####.                   
                       .@########    ########@   ####MM###.                    
                         #########  -@######## .@######## .                    
                          ########   #########.@########@                      
  . .        ..           ########   @@######@ ##########             #@##     
  X####### .#   .         @#######@  #@#######.#@#######        @.######@      
     M############        .########@  #################       .@######.        
       . ###########      .########@ .#######.#########     @########          
          .###########.    .@#######H ####### #######@   .##########           
            @###########    .@####### @######@#######. .#@#########.           
             .@##########X.  @######@.######@#######@ H###########.            
              $#############  X######H#############@.@###########              
               .###########@##..#####@######@###################@              
                @#####@######## ######X#######################                 
                  @#############.#####@####X################@                  
                  .##############@@########################.                   
                     X#############@#####################..                    
                        X##########@####@###############.                      
                        .###@########@################                         
                           H#######################X                           
                             .#X##################.@                           
                                X#####################@                        
                              .#####@####@###############.                     
                            .#########..#@... @@M##########                    
                           X@######@    #             . X####                  
                       . H###### X     .#                  @#@                 
                       X####@.          #                    .                 
                                       .#                                      
                                        #                                      
                                       M#                                      
                                       ##                                      
                                       #                                       
                                       #                                       
                                       #                                       
                                       #.                                          
                                                                                   
      Dumbo.70th.Anniversary.Edition.1941.MULTi.REPACK.1080p.BluRay.x264.DTS-C4N4B1S

                  Codec........: x264 core:85 r1442 781d300
                  Audio 1 .....: FR DTS core @ 1510 Kbps
                  Audio 2......: None
                  Sous-titres..: Fr Forced
                  Resolution...: 1440x1080 @ 4899 kbps
                  Duree........: 1:03:57
                  Fps..........: 23.976
                  Taille.......: 4.37Go (1 DVD5)                          
                  Lien.........: http://www.imdb.com/title/tt0033563/

                  Repack : Mauvaise rΘsolution sur la prΘcΘdente RLZ !

                       Le cannabis c est bon pour le moral
                       Le cannabis ca rend sentimental
                       Le cannabis ca ne fait pas mal au foie
                       Le cannabis il n y a pas mieux que τa
                       Le cannabis c est bon pour le moral
                       Le cannabis ca rend sentimental
                       Le cannabis ca ne fait pas mal au coeur
                       Le cannabis ce n'est que du bonheur
