
                                    |'."-._.-""--.-"-.__.-'/
                                    |  \       .-.        (
                                    |   |     (@.@)        )
                                    |   |   '=.|m|.='      /
                                    |  /    .='`"``=.     /
                                    |.'                  (
            ()_                     |                     \
            {\\                     |        GHOULS        )
            /;_)                    |                     /
         =='/ <===<<<               |                    /
            \__\                    |.-"-.__.-""-.__.-"-.)
                                    |
                                    |
                                    |
                                    |
                                    |

                  GHOULS POSSESSES YOU WITH
Gold.Rush.S04E05.DVDRip.X264-GHOULS

    Title..........: Gold.Rush.S4
    Year...........: 2010-
    Rating.........: n/a   
    Genre..........: docu
    URL............: http://www.tvrage.com/Gold_Rush

    Duration.......: 43mn 55sec
    Video..........: X264 1755kbps
    Frame Rate.....: 25.000
    Resolution.....: 720x404
    Audio..........: 48.khz 2.0
    Language.......: English
    Subtitles......: n/a
    Source.........: Retail R2 DVD
    Size...........:551 MB (578,031,268 bytes)
    Files..........: 39x15 MB
    

-Tvrage lists this as a 22 ep season with 2 specials-this is 5 disk r2 set with 19 episodes-we cant explain why these episodes are missing-Amazon link shows the eps from this disk set in the below link.Enjoy

http://www.amazon.co.uk/gp/product/B00MEW9YTA

GOLD RUSH is a new documentary series for Discovery Channel about a group of unemployed 
men from Oregon who have set out for Alaska in search of GOLD. In a last ditch effort 
to provide for their families, they've sold everything they can and invested in a gold 
claim and the machinery to mine it.

Living off the grid in one of the wildest and most unforgiving wildernesses on earth,
they hope to rekindle the American Dream and start a 21st Century Gold Rush.
But in Alaska,everything is a struggle. Every day they have to contend with breakdowns,
bug bites, extreme weather and grizzly bears. Can they tough 
it out long enough to find any gold?

                                         d$$$$$$$$$$$c        ,c,
                                        $$$$$$$$$$$$$b     ,d$$$L
                                      c$$$$$$$$$$$$$$$b ,,d$$$$$$,
                                   ,d$$$$$$$$$$$$?$$$$$$$J$$$$$$$$b    .
                                  cF',,$$$$?$$$$$$`$$$$$$$$$$$$b"$$$bcc$P
                                ,d3$$$$$$$$$$c`?$$$ ?$$$$$$$$$$$"  "????"
                               ,dP"""$$$$$$$$$$$;$$$  `?$$$$$$$$"
  .eu wanted                  ,$",zc$$$$$$P"""?$$$$P     "?$$$F
                             J$$d$$$$$$$$$$b. ,$$$$F
                            d$P""$$$$$$$$$$$>d$$$$$
                .,,,cccccccd$$c$cJ$$5$$$$$$$$$$$$$$
              c$$$$$$$$$$$$$$$$"""P'$$c ?$$$$$$$$$F
             $$$$$$")$$$$$$$$$$d$c`$$$$$z$$$$$$$dC
             $$$$$$,c?$$$$$$$$$$$$$$$$$$$$$$$$$$$$$$b,
             "$$$$$$$b,?$$$$$$$$$$$$$$$cF"$$$$$$$$$$$$$c
               "$$$$$$$bc,"?$$$$$$$$$$$" cc"$$$$$$$$$$$$$c
                 `"?$$$$$$$c  """??"".,c$$$b$$$$$$$$$$$$$$,
                    "$c$$$$$         J$$$$$$$$$$$$$$$$$$$$$
             .,cc$$cc`$b?$$$F..   ..,$$$$$$$$$$$$$$$$$$$$$$
           cd$$$$$$$$,?$b`$$$,`:::',$$$$$$$$P".,.`"$$$$$P"
        ,c$$$$$$$$$$P$ $$b`$$$c,``,$$$$3$$$",$$$$$c`""
       c$$$$$$$$$$$$L?,?$$b ?$$$$$$$$F,$$$",$$$$$$$c
     ,$$$$$$$$$$$$$$$?$ $$$$,"$$$$$P"d$$$ J$$$$$$$$$,
   ,$$$$$$$$$?$$$$$$$ $ ?$$$$$c,,,,c$$$$FJ$$$$$$$$$$$
 ,d$$$$$$$$$"d$$$$$$$ $L`$$$$$$$$$$$$$$$Fd$$$$$$$$$$$L
 $$$$$$$$$$F.$$$$$$$$ $$ ?$$$$$$$$$$$$$$;$$$$$$$$$$$$$
 $$$$$$$$$$ d$$$$$$$$ $$,`$$$$$$$$$$$$$$$$$$$$$$$$$$$$L
 $$$$$$$$$"4$$$$$$$$$ $$$ $$$$$$$$$$$?$$$$$$$$$$$$$$$$$
 $$$$$$"$$.$$$$$$$$$$ $$$,`$$$$$$$$$'d$$$$$$$$$$$$$$$$$h
 $$$$$$<$F,$$$$$$$$$$ $$$$,`$$$$$$$'d$$$$$$$$$$$$$$$$$$$
 $$$$$$<$ $$$$$$$$$$$ $$$$$,`$$$$",$$$$3$$$$$$$$$$$$$$$$h
 $$$$$$'F<$$$$$$$$$$$ ?$$$$$c,"",d$$$$'$$$$$$$$$$$$$$$$$$
