

                        ,---.           ,---.
                       / /"`.\.--"""--./,'"\ \
                       \ \    _       _    / /
                        `./  / __   __ \  \,'
                         /    /_O)_(_O\    \
                         |  .-'  ___  `-.  |
                      .--|       \_/       |--.
                    ,'    \   \   |   /   /    `.
                   /       `.  `--^--'  ,'       \
                .-"""""-.    `--.___.--'     .-"""""-.
   .-----------/         \------------------/         \--------------.
   | .---------\         /----------------- \         /------------. |
   | |          `-`--`--'                    `--'--'-'             | |
   | |                                                             | |
   | |  TITEL        : Clifford der kleine rote Hund E07           | |       
   | |  RELEASE DATE : 02.07.2006                                  | |
   | |  AIR DATE     : 29.06.2006                                  | |
   | |  GENRE        : Zeichentrick                                | |  
   | |  VIDE0 RES    : 512x384 (4:3)                               | |   
   | |  LANGUAGE     : German                                      | |  
   | |  RUNTIME      : ca.25 min                                   | |
   | |  RELEASE SIZE : 233 mb                                      | |
   | |  S0URCE       : dTV                                         | |
   | |  ENC0DER      : XviD 2Pass                                  | |
   | |  AUDI0        : 192 kbps VBR mp3                            | |
   | |  CD           : 1                                           | |
   | |                                                             | |
   | |    * PLOT: *                                                | |
   | |    Der Schulausflug Emily Elisabeth ist ganz aufgeregt,     | |
   | |    denn heute geht's mit der Schule ins Naturkundemuseum.   | |
   | |    Dort angekommen stellt sie fest, dass sich Clifford in   | |
   | |    ihren Rucksack geschmuggelt ab. Nina hΣlt Emily          | |
   | |    Elisabeth davon ab, es der Lehrerin zu gestehen, da sie  | | 
   | |    befⁿrchtet, nach Hause geschickt zu werden. Aber         | |
   | |    Clifford rei▀t immer wieder aus. Emily Elisabeth, Nina   | |
   | |    und Shun sind stΣndig auf der Suche nach ihm und         | |
   | |    bekommen von dem Ausflug kaum etwas mit.                 | |
   | |                                                             | |
   | |    Der Babysitter Mr. und Mrs. Sidarski gehen heute aus     | |
   | |    und Clifford hat sich angeboten, den Babysitter zu       | |
   | |    spielen. Aber MΣusekinder sind ganz sch÷n anstrengend!   | |
   | |    Das hatte sich Clifford wirklich einfacher vorgestellt.  | |
   | |    Als die kleinen MΣuse endlich im Bett liegen, ist        | |
   | |    Clifford hundemⁿde. Zum Glⁿck greift ihm Schneewei▀chen  | |
   | |    etwas unter die Pfoten.                                  | |
   | |                                                             | |
   | |                                                             | |
   | |                                                             | |
   | |  * GREETS to : *                                            | |
   | |   NVA , SoW , FiGHT                                         | |
   | |                                                             | |
   | |                                                             | |
   | |                                                             | |
   | |_____________________________________________________________| |
   |_________________________________________________________________|
                      )__________|__|__________(  (c) 2006 Pati
                     |            ||            |
                     |____________||____________|
                       ),-----.(      ),-----.(
                     ,'   ==.   \    /  .==    `.
                    /            )  (            \
                    `==========='    `==========='
