

                              .do-"""""'-o..                             *   
                           .o""            ""..                         ***
                         ,,''                 ``b.                       * 
                        d'                      ``b                
                       d`d:                       `b.                  ***
                      ,,dP                         `Y.                  ***
                     d`88                           `8.                  **  
                    8`88'                            `8                  **
                   Y:d8P                              8,                 **
                   P,88b                             ,`8                 **
                  ::d888,                           ,8:8.                **
                  dY88888                           `' ::                **
                  8:8888                               `b                *** *
                  Pd88P',...                     ,d888o.8                 ***
                  :88'dd888888o.                d8888`88:          
                 ,:Y:d8888888888b             ,d88888:88:            
                 :::b88d888888888b.          ,d888888bY8b            ***** *     **    
                  b:P8;888888888888.        ,88888888888P         ******  **    **** * 
                  8:b88888888888888:        888888888888'        **   *  * **    ****      
                  8:8.8888888888888:        Y8888888888P        *    *  *  **    * *      
                  YP88d8888888888P'          ""888888"Y             *  *    **   *    
                  :bY8888P"""""''                     :            ** **    **   *      
                   8'8888'                            d            ** **     **  *      
                   :bY888,                           ,P            ** **     **  *     
                    Y,8888           d.  ,-         ,8'            ** **      ** *     
                    `8)888:           '            ,P'             ** **      ** *    
                     `88888.          ,...        ,P               *  **       *** 
                      `Y8888,       ,888888o     ,P                   *        ***     
                        Y888b      ,88888888    ,P'               ****          ** 
                         `888b    ,888888888   ,,'               *  *****     
                          `Y88b  dPY888888OP   :'               *     **       
                            :88.,'.    `'`    p                 *  
                             )8P,   ,b '     .                   ** 
                              :p   d,'d`b, ,8                      
                              . dP' d8':   ,                   
                             '8P" d8P' 8 - p                        *****
                            d,' ,d8'  ''   :                     ****** 
      iNK H0RN Presents .. d'   8P'  d' '  ;                    **   *  *    ** 
                          ,:   `'   d       p.                 *    *  *   **** * 
                  ,dooood88: ,    ,d   ``     `b.                  *  *     ****   
               .o8"'""""""Y8.b    8 `"''    .o'  ` """ob.          ** **    * **   
              dP'         `8:     K       dP''         "`Yo.       ** **   *     
             dP            88     8b.   ,d'               ``b      ** *****    
             8.            8P     8""'  `"                  :.     ** ** ***   
            :8:           :8'    ,:                         ::     ** **   ***   
            :8:           d:    d'                          ::     *  **    ***     
            :8:          dP   ,,'                           ::        *       ***    
            `8:     :b  dP   ,,                             ::    ****         ***   
            ,8b     :8 dP   ,,                              d    *  *****        ***  *      
            :8P     :8dP    d'                        d     8   *    ***           ***      
            :8:     d8P    d'                       d88    :P   *     
            d8'    ,88'   ,P                      ,d888    d'    **    
            88     dP'   ,P                       d8888b   8        
           ,8:   ,dP'    8.                      d8''88'  :8         
           :8   d8P'    d88b                    d"'  88   :8         
           d: ,d8P'    ,8P""".                       88   :P         
           8 ,88P'     d'                            88   :8         
          ,8 d8P       8  Rls Date : 21/10/11        88   :8         
          d: 8P       ,:  Type     : Bookware       :88   :8        
          8',8:,d     d'  Supplier : iNK H0RN       :8:   :8         
         ,8,8P'8'    ,8   Disks    : 1 CD            8'   :8        
         :8`' d'     d'   Archive  : i-dtubspzb4     8    p:        
         `8  ,P     :8    # Files  : 24 x 15 MB     :8:   p:        
          8, `      d8.                             :8:   8:        
          :8       d88:                             d8:   8          
          `8,     d8888                             88b   8          
           88   ,d::888                             888   Y:        
           YK,oo8P :888                             888.  `b         
           `8888P  :888:                           ,888:   Y,        
            ``'"   `888b                           :888:   `b       
                    8888                            888:    ::       
                    8888:                           888b     Y.     
                    8888b                           :888     `b      
                    88888.                          `888,     Y    
  
  dPdPdPdPdPdPdPdPdPdPdPdPdPdPdPdPdPdPdPdPdPdPdPdPdPdPdPdPdPdPdPdPdPdPdPdPd  

 
     :   Digital Tutors - 
           Using the Blend Shapes Plugin for ZBrush 4
  
  
  PdPdPdPdPdPdPdPdPdPdPdPdPdPdPdPdPdPdPdPdPdPdPdPdPdPdPdPdPdPdPdPdPdPdPdPdP 


     :  DESCRIPTION

     Required Software: Zbrush 4 and up, Maya 2008 and up

     In this course we will learn to use the Blend Shapes plugin for ZBrush 4.

     Blend shapes are a great way to quickly add expression to our characters
     or otherwise deform models based on our specific design. ZBrush is
     particularly adept at allowing us to create those target shapes. In this
     series of lessons we'll learn how to use the Blend Shapes plug-in to
     quickly create and export blend shapes for use in Maya. We will begin by
     talking about the installation of the plug-in and then take a look at
     its simple interface. We will proceed to create an expression for our old
     man character and export it quickly to Maya. While there, we will look at
     how to access our new blend shapes and talk about the other data that
     will come through with the transfer. We will also talk about exporting
     multiple blend shapes to create expression libraries and we'll finish up
     by looking at how we can export shapes for multiple subtools. Once 
     completed, you'll be able to start transferring your own blend shapes
     to Maya much more quickly and easily.

     
     http://www.digitaltutors.com/11/training.php?pid=58


  PdPdPdPdPdPdPdPdPdPdPdPdPdPdPdPdPdPdPdPdPdPdPdPdPdPdPdPdPdPdPdPdPdPdPdPdP


       Interested in joining iNK ?  We're currently looking to expand.

     
     : Suppliers - Cisco / Microsoft Training
     : Suppliers - Online Subscriptions - TestOut/Nuggets/PrepLogic etc..
     : Suppliers - MCT Access MOC/Technet
     : Suppliers - Often Buy Training/Subscriptions for yourself ?

       Or if you feel you can contribute in other ways, please contact..


     
  dPdPdPdPdPdPdPdPdPdPdPdPdPdPdPdPdPdPdPdPdPdPdPdPdPdPdPdPdPdPdPdPdPdPdPdPd
  8                                                                       8
  8                                                                       8
  8  :  INSTALLATION                                                      8
  8                                                                       8
  8    a. Extract                                                         8
  8    b. Mount/Burn                                                      8
  8    c. Play & Learn                                                    8
  8                                                                       8
  8                                                                       8
  PdPdPdPdPdPdPdPdPdPdPdPdPdPdPdPdPdPdPdPdPdPdPdPdPdPdPdPdPdPdPdPdPdPdPdPdP


     :  RESPECT DUE


        DDUiSO .. JGTiSO .. AG .. CFE .. LiBiSO
