
 ..............................................................................
 xZ&gRK`___'::::::'___'`__`::::::::::::`___'::::`___':`__┤:::::::`___';:::`___`
 ;;`____| / ;:'____| /  \ \___';::::'___| / ;`___| / ; \_\ :;'____| /  ____| /
 ___\__  /_____\__  /____\   /_______\   /____\   /___________\__  /___\ ___/__
 \_   \>   \_    \>   \   \     \   _      \    _/   \     \_   \>   \_  \>  _/
  /  _/     /  __     /    \    /    \/    /  __     /      /  _/     /__    \
 /___      /___\/    /     ____/     /____/___\/    /      /___      /  /    /
 ... \____/ .. /____/\____/ .. \______/ ..... /____/\_____/ .. \____/_______/ :
 ::::......:::.............::::........::::::..............::::..............::

 +-/----------------/   D R U M K I D S   P R E S E N T S  /------------------+
 |/                                                                           |
 |                 The.Wonder.Year.2011.WEBRip.x264-DRUMKIDS                  |
 |                 =========================================                  |
 |                                                                            |
 |  DATE__________ 06/06/2017                 SUPPLIER_________ THE DRUMKIDS  |
 |  FORMAT/CODEC__ x264 CRF19 @ 1,210 Kbps    LANGUAGE_________ English       |
 |  RUNTIME_______ 1h 17mins                  SUBTITLES________ None          |
 |  VIDEO/DETAILS_ 720x404 (16:9) 1.78:1      AUDIO/DETAILS____ AAC LC @48KHz |
 |  SIZE__________ 671 MiB / 47x15MB          SOURCE___________ DIGITAL 720p  |
 |  FILES_________ dks-twy.*                  PRICETAG_________ $10 USD       |
 |                                                                            |
 |  GENRE_________ Documentary / Biography / Music / Hip-Hop                  |
 |  IMDB__________ http://www.imdb.com/title/tt1840416                        |
 |  RATING________ 9,2                                                        |
 |  OFFICIAL______ http://thewonderyear.vhx.tv                                |
 |                                                                            |
 |                                                                            |
 |  RELEASE INFO                                                              |
 |  ============                                                              |
 |                                                                            |
 |  A year in the life of CEO, NAACP ambassador, Duke University professor,   |
 |  husband, father, son and Grammy Award winning producer 9th Wonder.        |
 |  The film follows one of soul music's most dynamic figures from his        |
 |  childhood home to late nights in the studio and everywhere in between.    |
 |                                                                            |
 |  Featuring: Drake, DJ Premier, DJ Green Lantern, J. Cole, Murs, Phonte,    |
 |  Sha Money XL, Young Guru, The Alchemist , Buckshot & more.                |
 |                                                                            |
 |                                                                            |
 |  NOTES                                                                     |
 |  =====                                                                     |
 |                                                                            |
 |  We are the DRUMKIDS. We release quality hiphop drumkits for beatproducers |
 |  If you are into beat producing and like what we do, we should hang out.   |
 |  Wanna contribute any good drum kits or music related shit? Hit us up!     |
 |                                                                            |
 |                                                                            |
 |        _____/\____                                                         |
 |       /___________\                                            _____/\_____
 |             U                                                 /____________\
  ______/\_____|       GREETINGS TO ALL THE DOPE BEAT PRODUCERS         U
 /______________\      MUSICIANS DJ'S RAPPERS WRITERS & ARTISTS         /     |
       U       |                                                       x      |
 |     \       |       _______/\_______                     ___  __/\__|___   |
 |      x      U      /________________\              ,-----   ";______|___\  |
 |      |     _|_________    _U                      |""""""""""|   |  |      |
 |      |   ;"           ";""                        |          |   |  |      |
 |     _|___|""""""""""""|_________             ,----|          |   |  |      |
 |    ""|"""|         ;""          "_,-------,_| """" \_________|   |  |      |
 |      |   |         |"""""""""",-"_,-------,_"-,         ||       |  |      |
 |      |   |         |         /,-"           "-,\________||       |  |      |
 |      |   |         |        //                 \\   ||  ||       |  |      |
 |      |   |_________|       //                   \\  ||  ||       | /|\     |
 |     /|\      ||    |      :|                     |: ||  ||       |/_|_\    |
 |    /_|_\     ||     "--,__|| - D R U M K I D S - ||"""" ||      //\    \\  |
 |  //     \\   ||         ||:|                     |:    """"                |
 |             """"        "" \\ BEATS ON A BUDGET //                         |
 |                              \                 /                          /|
 +-----------------------------  \,  2016-2017  ,/  ------------------------/-+
                                   "--,_____,--"                 .. imp194o/dS!
 .----------------------------------------------------------------------------.
 |  _          _  .__________________________________________. _           _  |
 |        +       .__\  __ /__  _|\  __ __ + + + _ __.______ .       +        |
 |  +          +  :  \}  _/_| )( | \ | \) \  ___(_)| \   __|_: +           +  |
 |        ~       |_  \ ___ \_\/ |  \|  \  \/  / __|  \_____ |       ~        |
 |     +    +     | \  \_|/  /   |  \  / \_   /_ \ \_  \ \/  |    +     +     |
 |  ~          ~  | |\  |/  /____|  |\/\    __  \_\ \\  \ \  | ~           ~  |
 |        +       |     |  (________|___\    \\______\\  \___|       +        |
 |  +          +  )____/(_____________________)+zNr| |_\  \dS! +           +  |
 |  _     ~    _  :________________________________)_______)+: _     ~     _  |
 |                                                                            |
 |                                                                            |
 |  DRUMKIDS RELEASE HISTORY                                                  |
 |  ========================                                                  |
 |                                                                            |
 |  NO. TITLE                                                       MM/DD/YY  |
 |  --- ----------------------------------------------------------- --------  |
 |  057 The.Wonder.Year.2011.WEBRip.x264-DRUMKIDS                   06/06/17  |
 |  056 The.Wonder.Year.2011.720p.WEB.H264-DRUMKIDS                 06/06/17  |
 |  055 Boom.Bap.Labs.Elements.of.The.Boom.Bap.WAV-DRUMKIDS         04/24/17  |
 |  054 Boom.Bap.Labs.Drumline.Obscuro.Series.Vol.5.WAV-DRUMKIDS    04/24/17  |
 |  053 Boom.Bap.Labs.Drumline.Obscuro.Series.Vol.4.WAV-DRUMKIDS    04/24/17  |
 |  052 Boom.Bap.Labs.Drumline.Obscuro.Series.Vol.3.WAV-DRUMKIDS    04/24/17  |
 |  051 Boom.Bap.Labs.Drumline.Obscuro.Series.Vol.2.WAV-DRUMKIDS    04/24/17  |
 |  050 Boom.Bap.Labs.Drumline.Obscuro.Series.Vol.1.WAV-DRUMKIDS    04/24/17  |
 |  049 Phoniqs.Luke.Cage.Hero.for.Hire.Sample.Pack.WAV-DRUMKIDS    04/21/17  |
 |  048 Trapsterdam.Loops.Vol.1.by.Shroom.WAV-DRUMKIDS              04/21/17  |
 |  047 Boom.Bap.Labs.Secret.Snares.WAV-DRUMKIDS                    04/21/17  |
 |  046 Boom.Bap.Labs.Rusty.Drums.Vol.2.WAV-DRUMKIDS                04/21/17  |
 |  045 Boom.Bap.Labs.Rusty.Drums.Vol.1.WAV-DRUMKIDS                04/21/17  |
 |  044 Boom.Bap.Labs.Revenge.of.The.Kong.Drums.WAV-DRUMKIDS        04/17/17  |
 |  043 Boom.Bap.Labs.Night.of.The.Living.Drums.WAV-DRUMKIDS        04/17/17  |
 |  042 Boom.Bap.Labs.Drum.Chemistry.Vol.3.WAV-DRUMKIDS             04/17/17  |
 |  041 Boom.Bap.Labs.Drum.Chemistry.Vol.2.WAV-DRUMKIDS             04/17/17  |
 |  040 Boom.Bap.Labs.Drum.Chemistry.Vol.1.WAV-DRUMKIDS             04/17/17  |
 |  039 Boom.Bap.Labs.Cozy.Drummage.Vol.2.WAV-DRUMKIDS              04/17/17  |
 |  038 Boom.Bap.Labs.Cozy.Drummage.Vol.1.WAV-DRUMKIDS              04/17/17  |
 |  037 Boom.Bap.Labs.Bronx.Punch.Drums.WAV-DRUMKIDS                04/17/17  |
 |  036 Boom.Bap.Labs.3.O.Clock.Strum.WAV-DRUMKIDS                  04/17/17  |
 |  035 ArtistWorks.Skratch.Lessons.DJ.Qbert.TUTORIAL-DRUMKIDS      04/10/17  |
 |  034 Akai.MPC.Renaissance.Software.Instructional.DVD.Video.SET.            |
 |      1.7-1.9.TUTORIAL.DVDR-DRUMKIDS                              04/10/17  |
 |  033 Maschine.Masters.Complete.Beat.Making.Course.TUTORIAL-DRUMKIDS 04/17  |
 |  032 Trapsterdam.Loops.Vol.3.by.Shroom.WAV-DRUMKIDS              03/31/17  |
 |  031 Trapsterdam.Loops.Vol.2.by.Shroom.WAV-DRUMKIDS              03/31/17  |
 |  030 The.Ayatollah.Collection.WAV-DRUMKIDS                       03/31/17  |
 |  029 Snare.Jordan.Enterprises.15.Piece.Jake.One.and.G.Koop.WAV-DRUMKIDS    |
 |  028 Snare.Jordan.Enterprises.12.Piece.Jake.One.and.G.Koop.WAV-DRUMKIDS    |
 |  027 Phoniqs.Soul.Essentials.Vol.1.WAV-DRUMKIDS                  03/31/17  |
 |  026 Jake.One.Snare.Jordan.Drum.Kit.Vol.2.MULTIFORMAT-DRUMKIDS   03/31/17  |
 |  025 Jake.One.Snare.Jordan.Drum.Kit.Vol.2.MULTIFORMAT-DRUMKIDS   03/31/17  |
 |  024 Jake.One.Snare.Jordan.Drum.Kit.Vol.1.MULTIFORMAT-DRUMKIDS   03/31/17  |
 |  023 Jake.One.Prayer.Hands.Emoji.Drum.Kit.MULTIFORMAT-DRUMKIDS   03/31/17  |
 |  022 Digging.Drums.and.Breaks.WAV-DRUMKIDS                       03/31/17  |
 |  021 JFilt.-.The.16.Pad.Scale.Manual.2014.RETAIL.eBook-DRUMKIDS  03/25/17  |
 |  020 JFilt.-.The.16.Pad.Chords.and.Progressions.2016.RETAIL.eBook-DRUMKIDS |
 |  019 JFilt.-.The.12.Pad.Scale.Manual.2015.RETAIL.eBook-DRUMKIDS  03/25/17  |
 |  018 JFilt.-.The.12.Pad.Chord.Manual.2015.RETAIL.eBook-DRUMKIDS  03/25/17  |
 |  017 Shroomalicious.Instruments.Vol.1.WAV-DRUMKIDS               03/07/17  |
 |  016 Shroomadelic.Drums.Vol.2.WAV-DRUMKIDS                       03/07/17  |
 |  015 Shroom.Vintage.One.Shots.Vol.1.WAV-DRUMKIDS                 03/07/17  |
 |  014 Shroom.Vintage.Drum.Breaks.Vol.4.WAV-DRUMKIDS               03/07/17  |
 |  013 Shroom.Vintage.Drum.Breaks.Vol.3.WAV-DRUMKIDS               03/07/17  |
 |  012 Shroom.Vintage.Drum.Breaks.Vol.2.WAV-DRUMKIDS               03/07/17  |
 |  011 Shroom.Vintage.Drum.Breaks.Vol.1.WAV-DRUMKIDS               03/07/17  |
 |  010 Shroom.Dust.Breaks.and.Percussion.Loops.MULTIFORMAT-DRUMKIDS 3/07/17  |
 |  009 Shroom.Analog.One.Shots.Vol.2.WAV-DRUMKIDS                  03/07/17  |
 |  008 Shroom.Analog.One.Shots.Vol.1.WAV-DRUMKIDS                  03/07/17  |
 |  007 Marco.Polo.Pad.Thai.Vol.4.WAV-DRUMKIDS                      12/16/16  |
 |  006 Behind.Closed.Doors.Volume.1.2009.PAL.MDVDR-DRUMKIDS        08/08/16  |
 |  005 Neck.Snapping.Drums.Vol.2.WAV-DRUMKIDS                      07/31/16  |
 |  004 Neck.Snapping.Drums.Vol.1.WAV-DRUMKIDS                      07/31/16  |
 |  003 Marco.Polo.Pad.Thai.Vol.3.WAV-DRUMKIDS                      07/30/16  |
 |  002 Marco.Polo.Pad.Thai.Vol.2.WAV-DRUMKIDS                      07/30/16  |
 |  001 Marco.Polo.Pad.Thai.Vol.1.WAV-DRUMKIDS                      07/30/16  |
 |                                                                            |
 +----------------------------------------------------------------------------+
