п»ҝ                                    О“Г»ГӘО“Г»ГҰ
                                    О“Г»ГӘО“Г»ГӘ
                     О“Г»ГӘО“Г»ГӘ             О“Г»ГӘО“Г»ГӘ
                     О“Г»ГӘО“Г»ГӘ         О“Г»ГӘО“Г»ГӘ О“Г»ГҙО“Г»ГӘО“Г»ГӘ                О“Г»'
                      О“Г»ГӘО“Г»ГӘ        О“Г»ГӘО“Г»ГӘО“Г»ГҰО“Г»ГҙО“Г»ГӘО“Г»ГӘО“Г»'   О“Г»'          О“Г»ГӘО“Г»ГӘ
                      О“Г»ГӘО“Г»ГӘО“Г»Гҙ  О“Г»ГҙО“Г»ГҙО“Г»ГӘО“Г»ГҙО“Г»ГҰО“Г»ГӘО“Г»ГҙО“Г»ГҙО“Г»ГҙО“Г»ГҙО“Г»ГӘ О“Г»ГӘО“Г»Гҙ О“Г»ГӘО“Г»ГӘ        О“Г»ГҰО“Г»ГӘО“Г»ГӘ
                       О“Г»ГӘО“Г»ГӘ  О“Г»ГӘО“Г»ГӘО“Г»ГӘО“Г»ГӘО“Г»ГӘО“Г»ГҙО“Г»'О“Г»ГӘО“Г»ГӘО“Г»'О“Г»ГӘО“Г»'О“Г»ГӘО“Г»ГӘО“Г»ГҙО“Г»ГӘО“Г»ГӘО“Г»ГҙО“Г»ГӘО“Г»ГӘО“Г»ГӘО“Г»ГӘ   О“Г»ГӘО“Г»ГӘ
                       О“Г»ГҙО“Г»ГӘО“Г»ГӘ    О“Г»'О“Г»ГӘО“Г»Гҙ О“Г»ГӘО“Г»ГӘ О“Г»ГӘО“Г»ГӘО“Г»'О“Г»ГӘО“Г»ГӘ О“Г»ГӘО“Г»ГӘО“Г»ГӘО“Г»ГҙО“Г»ГҙО“Г»ГҰ   О“Г»ГӘО“Г»ГӘ
                        О“Г»ГӘО“Г»ГӘО“Г»ГҰ О“Г»ГҰ  О“Г»ГӘО“Г»ГӘ О“Г»ГӘО“Г»ГӘ О“Г»ГӘО“Г»ГӘО“Г»'О“Г»ГҙО“Г»ГӘ       О“Г»ГҰ О“Г»ГӘО“Г»ГӘО“Г»'
                         О“Г»ГӘО“Г»ГӘ    О“Г»ГҰ  О“Г»ГӘО“Г»ГӘ О“Г»ГӘО“Г»ГӘО“Г»Гҙ           О“Г»ГӘО“Г»ГӘ
                         О“Г»ГӘО“Г»ГӘО“Г»Гҙ  О“Г»ГҰ  О“Г»ГҰ   О“Г»ГӘО“Г»ГӘ           О“Г»ГӘО“Г»ГӘО“Г»Гҙ
                          О“Г»ГӘО“Г»ГӘ          О“Г»Гҙ           О“Г»ГӘО“Г»ГӘ
                        О“Г»ГҰ О“Г»ГҙО“Г»ГӘО“Г»ГӘ                  О“Г»ГҰ О“Г»ГӘО“Г»ГӘО“Г»Гҙ О“Г»ГҰ
                           О“Г»ГӘО“Г»ГӘО“Г»ГҰ                   О“Г»ГӘО“Г»ГӘ
                            О“Г»ГӘО“Г»ГӘ                  О“Г»ГӘО“Г»ГӘО“Г»Гҙ
                            О“Г»ГӘО“Г»ГӘО“Г»ГӘ О“Г»ГҰ   О“Г»ГҰ           О“Г»ГӘО“Г»ГӘ
                             О“Г»ГӘО“Г»ГӘ       О“Г»ГӘО“Г»ГӘ       О“Г»ГӘО“Г»ГӘО“Г»ГӘ О“Г»ГҰ
                             О“Г»ГҙО“Г»ГӘО“Г»ГӘ    О“Г»ГӘО“Г»ГӘО“Г»ГӘО“Г»ГӘО“Г»ГӘО“Г»Гҙ     О“Г»ГӘО“Г»ГӘ
                              О“Г»ГӘО“Г»ГӘО“Г»ГҰ   О“Г»ГҙО“Г»ГҙО“Г»'О“Г»'О“Г»ГҙО“Г»'  О“Г»ГҰ О“Г»ГӘО“Г»ГӘО“Г»ГҙО“Г»'О“Г»ГӘ
                               О“Г»ГӘО“Г»ГӘО“Г»ГҙО“Г»ГӘО“Г»ГӘО“Г»ГӘО“Г»ГӘО“Г»ГӘО“Г»ГӘО“Г»ГӘО“Г»ГӘО“Г»ГӘО“Г»ГӘО“Г»ГӘО“Г»ГӘО“Г»ГӘО“Г»ГӘО“Г»ГӘО“Г»ГӘО“Г»ГӘО“Г»ГӘО“Г»ГҰ
                          О“Г»ГҙО“Г»ГӘО“Г»ГӘО“Г»ГӘО“Г»ГӘО“Г»ГӘО“Г»ГӘО“Г»ГӘО“Г»ГӘО“Г»ГӘО“Г»ГӘО“Г»ГӘО“Г»ГӘО“Г»ГӘО“Г»ГӘО“Г»ГӘО“Г»ГӘО“Г»ГӘО“Г»ГӘО“Г»ГӘО“Г»ГҙО“Г»ГҙО“Г»'О“Г»ГҰО“Г»ГӘО“Г»ГӘО“Г»ГӘ
                          О“Г»ГӘО“Г»ГӘО“Г»ГӘО“Г»ГҙО“Г»ГӘО“Г»ГӘО“Г»ГӘО“Г»ГӘО“Г»ГӘО“Г»ГӘ О“Г»ГӘО“Г»ГӘ           О“Г»ГӘО“Г»ГӘО“Г»Гҙ
                          О“Г»'О“Г»ГӘО“Г»ГӘО“Г»ГҙО“Г»Гҙ               О“Г»ГҰО“Г»ГҙО“Г»ГҙО“Г»'О“Г»ГӘО“Г»ГӘО“Г»ГӘО“Г»ГӘО“Г»ГӘО“Г»ГӘО“Г»ГӘО“Г»ГӘО“Г»ГӘО“Г»ГӘО“Г»ГӘО“Г»ГӘО“Г»ГӘО“Г»ГӘО“Г»ГӘО“Г»ГӘО“Г»ГӘО“Г»ГӘО“Г»ГӘО“Г»ГӘО“Г»ГӘО“Г»ГӘО“Г»Гҙ
                 О“Г»ГҰО“Г»ГҙО“Г»ГҙО“Г»ГҙО“Г»ГҙО“Г»ГӘО“Г»ГӘО“Г»ГӘО“Г»ГҙО“Г»ГҙО“Г»ГӘО“Г»ГӘО“Г»ГӘО“Г»ГӘО“Г»ГҰО“Г»ГҙО“Г»ГӘО“Г»ГӘО“Г»ГӘО“Г»ГӘО“Г»ГӘО“Г»ГӘО“Г»ГӘО“Г»ГӘО“Г»ГӘО“Г»ГӘО“Г»ГӘО“Г»ГӘО“Г»ГӘО“Г»ГӘО“Г»ГӘО“Г»ГӘО“Г»ГӘО“Г»ГҙО“Г»ГҙО“Г»ГҙО“Г»ГӘО“Г»ГӘО“Г»ГӘО“Г»ГӘО“Г»ГӘО“Г»ГӘО“Г»ГӘО“Г»ГӘО“Г»ГӘО“Г»ГӘО“Г»ГӘО“Г»ГӘО“Г»ГӘО“Г»ГӘО“Г»ГӘО“Г»ГӘО“Г»ГӘО“Г»ГӘО“Г»ГӘО“Г»ГӘО“Г»ГӘ
         О“Г»ГҙО“Г»ГҙО“Г»ГӘО“Г»ГӘО“Г»ГӘО“Г»ГӘО“Г»ГӘО“Г»ГӘО“Г»ГӘО“Г»ГӘО“Г»ГӘО“Г»ГӘО“Г»ГӘО“Г»ГӘО“Г»ГӘО“Г»ГӘО“Г»ГӘО“Г»ГӘО“Г»ГӘО“Г»ГӘО“Г»ГӘО“Г»ГӘО“Г»ГӘО“Г»ГӘО“Г»ГӘО“Г»ГӘО“Г»ГҙО“Г»ГҙО“Г»'                                 О“Г»ГӘО“Г»ГӘО“Г»ГӘ
     О“Г»ГҙО“Г»ГӘО“Г»ГӘО“Г»ГӘО“Г»ГӘО“Г»ГӘО“Г»ГӘО“Г»ГӘО“Г»ГӘО“Г»ГӘО“Г»ГҙО“Г»Гҙ                                                    О“Г»ГӘО“Г»ГӘ О“Г»ГӘО“Г»ГӘ
     О“Г»ГӘО“Г»ГӘО“Г»ГӘО“Г»ГӘО“Г»'                                    О“Г»'О“Г»ГҙО“Г»ГҙО“Г»ГҙО“Г»ГӘО“Г»ГӘО“Г»ГӘО“Г»ГӘО“Г»ГӘО“Г»ГӘО“Г»ГӘО“Г»ГӘО“Г»ГӘО“Г»ГӘО“Г»ГӘО“Г»ГӘО“Г»ГӘО“Г»ГӘО“Г»ГӘО“Г»ГӘО“Г»ГӘ  О“Г»ГӘО“Г»ГӘ О“Г»ГӘО“Г»ГӘ
    О“Г»ГҙО“Г»ГӘО“Г»ГӘО“Г»ГҙО“Г»Гҙ       О“Г»ГӘО“Г»ГӘО“Г»ГӘО“Г»ГӘО“Г»ГӘО“Г»ГӘО“Г»ГӘО“Г»ГӘО“Г»ГӘО“Г»ГӘО“Г»ГӘО“Г»ГӘО“Г»ГӘО“Г»ГӘО“Г»ГӘО“Г»ГӘО“Г»ГӘО“Г»ГӘО“Г»ГӘО“Г»ГӘО“Г»ГӘО“Г»ГӘО“Г»ГӘО“Г»ГӘО“Г»ГӘО“Г»ГӘО“Г»ГӘО“Г»ГӘО“Г»ГӘО“Г»ГӘО“Г»ГӘО“Г»ГӘО“Г»ГӘО“Г»ГӘО“Г»ГӘО“Г»ГӘО“Г»ГӘО“Г»ГҙО“Г»ГӘО“Г»ГҙО“Г»'О“Г»'О“Г»ГҰ       О“Г»ГӘО“Г»ГӘ    О“Г»ГӘО“Г»ГӘО“Г»Гҙ
    О“Г»ГҙО“Г»ГӘО“Г»ГӘО“Г»ГӘО“Г»'О“Г»ГӘ   О“Г»ГӘО“Г»ГӘО“Г»ГӘО“Г»ГӘО“Г»ГӘО“Г»Гҙ                                                О“Г»ГӘО“Г»ГӘ   О“Г»ГӘО“Г»ГӘО“Г»ГӘ
    О“Г»ГҰО“Г»ГӘО“Г»ГӘО“Г»ГӘО“Г»ГӘ   О“Г»ГӘО“Г»ГӘ                                                     О“Г»ГҙО“Г»ГӘ   О“Г»ГҙО“Г»ГӘО“Г»ГӘ
     О“Г»ГӘО“Г»ГӘО“Г»ГӘО“Г»Гҙ   О“Г»ГӘ                                                       О“Г»ГӘО“Г»Гҙ  О“Г»'О“Г»ГӘО“Г»ГӘО“Г»'
     О“Г»ГӘО“Г»ГӘО“Г»ГӘО“Г»Гҙ   О“Г»ГӘ                           О“Г»'      О“Г»'             О“Г»'О“Г»'     О“Г»ГӘО“Г»ГӘ  О“Г»ГҰО“Г»ГӘО“Г»ГӘО“Г»Гҙ
     О“Г»ГӘО“Г»ГӘО“Г»ГӘО“Г»ГӘ   О“Г»ГӘ              О“Г»'О“Г»ГҰО“Г»'О“Г»'О“Г»ГҙО“Г»ГҙО“Г»ГҙО“Г»ГӘО“Г»ГӘО“Г»ГӘО“Г»ГӘО“Г»ГӘО“Г»ГӘО“Г»ГӘО“Г»ГӘО“Г»ГӘО“Г»ГӘО“Г»ГӘО“Г»ГҙО“Г»ГӘО“Г»ГӘО“Г»ГҙО“Г»ГҰ       О“Г»ГӘО“Г»' О“Г»ГӘО“Г»ГӘ О“Г»'    О“Г»ГҙО“Г»ГӘ  О“Г»'О“Г»ГӘО“Г»ГӘО“Г»ГӘ
     О“Г»ГӘО“Г»ГӘО“Г»ГӘО“Г»ГӘ   О“Г»ГӘ               О“Г»ГӘО“Г»ГӘО“Г»ГӘО“Г»ГӘО“Г»ГӘО“Г»ГӘО“Г»ГӘО“Г»ГӘО“Г»ГӘО“Г»ГӘО“Г»ГӘО“Г»ГӘО“Г»ГӘО“Г»ГӘО“Г»ГӘО“Г»ГӘО“Г»ГӘО“Г»ГӘО“Г»ГӘО“Г»ГӘО“Г»Гҙ       О“Г»ГӘО“Г»ГӘО“Г»ГӘО“Г»ГӘО“Г»ГӘО“Г»ГӘО“Г»'      О“Г»ГӘО“Г»Гҙ  О“Г»ГӘО“Г»ГӘО“Г»ГӘ
     О“Г»ГӘО“Г»ГӘО“Г»ГӘО“Г»ГӘО“Г»'  О“Г»ГӘО“Г»ГҰ           О“Г»ГҙО“Г»ГӘО“Г»ГӘО“Г»ГӘО“Г»ГӘО“Г»ГӘО“Г»ГӘО“Г»ГӘО“Г»ГӘО“Г»ГӘО“Г»ГӘО“Г»ГӘО“Г»ГӘО“Г»ГӘО“Г»ГӘО“Г»ГӘО“Г»ГӘО“Г»ГҙО“Г»ГӘО“Г»ГӘО“Г»ГӘО“Г»ГӘО“Г»ГӘ      О“Г»ГҙО“Г»ГӘО“Г»ГӘО“Г»ГӘО“Г»ГӘО“Г»ГӘО“Г»ГӘ        О“Г»ГӘО“Г»ГӘ  О“Г»ГӘО“Г»ГӘО“Г»ГӘ
     О“Г»ГӘО“Г»ГӘО“Г»ГӘО“Г»ГӘО“Г»ГҰ  О“Г»ГӘО“Г»Гҙ           О“Г»ГӘО“Г»ГӘО“Г»ГҙО“Г»ГҙО“Г»'  О“Г»ГӘО“Г»ГӘО“Г»ГӘО“Г»ГӘО“Г»ГӘО“Г»ГӘ     О“Г»ГӘО“Г»ГӘО“Г»ГӘО“Г»ГӘО“Г»Гҙ     О“Г»ГӘО“Г»ГӘО“Г»ГӘО“Г»ГӘО“Г»ГӘО“Г»ГӘО“Г»ГҰ         О“Г»ГӘО“Г»ГӘ  О“Г»ГӘО“Г»ГӘО“Г»ГӘ
     О“Г»ГҙО“Г»ГӘО“Г»ГӘО“Г»ГҙО“Г»Гҙ  О“Г»ГӘО“Г»Гҙ          О“Г»ГҰ      О“Г»ГӘО“Г»ГӘО“Г»ГӘО“Г»ГӘО“Г»ГӘО“Г»ГӘ    О“Г»ГӘО“Г»ГӘО“Г»ГӘО“Г»ГӘО“Г»ГӘО“Г»ГӘ    О“Г»ГӘО“Г»ГӘО“Г»ГӘО“Г»ГӘО“Г»ГӘО“Г»ГӘО“Г»ГӘ           О“Г»ГҰО“Г»ГӘ  О“Г»ГӘО“Г»ГӘО“Г»ГӘ
     О“Г»ГҰО“Г»ГӘО“Г»ГӘО“Г»ГҙО“Г»ГӘ  О“Г»ГӘО“Г»ГӘ                О“Г»ГӘО“Г»ГӘО“Г»ГӘО“Г»ГӘО“Г»ГӘО“Г»ГӘ     О“Г»ГҰО“Г»ГӘО“Г»ГӘО“Г»ГӘО“Г»ГӘО“Г»ГӘ  О“Г»ГҰО“Г»ГӘО“Г»ГӘО“Г»ГӘО“Г»ГӘО“Г»ГӘО“Г»ГӘО“Г»'             О“Г»ГӘ  О“Г»ГӘО“Г»ГӘО“Г»ГӘ
      О“Г»ГӘО“Г»ГӘО“Г»ГӘО“Г»ГӘ   О“Г»ГӘ              О“Г»'О“Г»ГӘО“Г»ГӘО“Г»ГӘО“Г»ГӘО“Г»ГӘО“Г»ГӘ       О“Г»ГӘО“Г»ГӘО“Г»ГӘО“Г»ГӘ  О“Г»ГӘО“Г»ГӘО“Г»ГӘО“Г»ГӘО“Г»ГӘО“Г»ГӘО“Г»ГӘ               О“Г»ГӘ  О“Г»ГҙО“Г»ГӘО“Г»ГӘ
      О“Г»ГӘО“Г»ГӘО“Г»ГӘО“Г»ГӘ   О“Г»ГӘО“Г»ГӘ            О“Г»ГҙО“Г»ГӘО“Г»ГӘО“Г»ГӘО“Г»ГӘО“Г»ГӘО“Г»ГӘ       О“Г»ГӘО“Г»ГӘО“Г»ГӘО“Г»ГӘО“Г»ГӘО“Г»'О“Г»ГӘО“Г»ГӘО“Г»ГӘО“Г»ГӘО“Г»ГӘО“Г»ГӘО“Г»ГӘ               О“Г»ГҰО“Г»ГӘ   О“Г»ГӘО“Г»ГӘ
      О“Г»ГӘО“Г»ГӘО“Г»ГӘО“Г»ГӘ   О“Г»ГӘО“Г»ГӘ            О“Г»ГӘО“Г»ГӘО“Г»ГӘО“Г»ГӘО“Г»ГӘО“Г»ГӘ        О“Г»ГӘО“Г»ГӘО“Г»ГӘО“Г»ГӘО“Г»ГӘО“Г»ГӘО“Г»ГӘО“Г»ГӘО“Г»ГӘО“Г»ГӘО“Г»ГӘ                 О“Г»ГҙО“Г»ГӘ   О“Г»ГӘО“Г»ГӘ
      О“Г»ГӘО“Г»ГӘО“Г»ГӘО“Г»ГӘ    О“Г»ГӘ           О“Г»ГӘО“Г»ГӘО“Г»ГӘО“Г»ГӘО“Г»ГӘО“Г»ГӘ         О“Г»ГӘО“Г»ГӘО“Г»ГӘО“Г»ГӘО“Г»ГӘО“Г»ГӘО“Г»ГӘО“Г»ГӘО“Г»ГӘ                   О“Г»ГӘО“Г»ГӘ   О“Г»ГӘО“Г»ГӘ
      О“Г»ГҙО“Г»ГӘО“Г»ГӘО“Г»ГӘ    О“Г»ГӘО“Г»ГӘ         О“Г»ГӘ О“Г»ГӘО“Г»ГӘО“Г»ГӘО“Г»ГӘ          О“Г»ГӘО“Г»'О“Г»ГӘО“Г»ГӘО“Г»ГӘО“Г»ГӘО“Г»ГӘО“Г»'                    О“Г»ГӘО“Г»ГӘ   О“Г»ГӘО“Г»ГӘ
       О“Г»ГӘО“Г»ГӘО“Г»ГӘ    О“Г»ГӘО“Г»ГӘ          О“Г»ГҰО“Г»Гҙ О“Г»ГӘ          О“Г»ГҰ О“Г»ГҙО“Г»ГӘО“Г»ГҙО“Г»ГӘО“Г»Гҙ                      О“Г»ГҙО“Г»ГӘ   О“Г»ГӘО“Г»ГӘ
       О“Г»ГӘО“Г»ГӘО“Г»ГӘО“Г»Гҙ    О“Г»ГӘО“Г»Гҙ         О“Г»ГҰ О“Г»ГӘ             О“Г»ГӘ                           О“Г»ГӘ   О“Г»ГӘО“Г»ГӘ
       О“Г»ГӘО“Г»ГӘО“Г»ГҙО“Г»ГӘ    О“Г»ГӘО“Г»Гҙ          О“Г»Гҙ                                          О“Г»ГӘ   О“Г»ГӘО“Г»ГӘО“Г»Гҙ
       О“Г»ГӘО“Г»ГӘО“Г»ГҙО“Г»ГӘ    О“Г»ГӘО“Г»ГӘ                                                     О“Г»ГӘ   О“Г»ГӘО“Г»ГӘО“Г»ГӘ
       О“Г»ГӘО“Г»ГӘО“Г»ГӘО“Г»Гҙ    О“Г»ГӘО“Г»ГӘ                                                     О“Г»ГӘ   О“Г»ГӘО“Г»ГӘО“Г»ГӘ
       О“Г»ГҙО“Г»ГӘО“Г»ГӘО“Г»ГӘО“Г»ГӘ   О“Г»ГҰО“Г»ГӘ                          О“Г»ГӘО“Г»ГӘО“Г»ГӘО“Г»ГӘО“Г»ГӘО“Г»ГӘО“Г»ГӘО“Г»ГӘО“Г»ГӘО“Г»ГӘО“Г»ГӘО“Г»ГӘО“Г»ГӘО“Г»ГӘО“Г»ГӘО“Г»ГӘО“Г»ГӘО“Г»ГӘО“Г»ГӘО“Г»ГӘО“Г»ГӘО“Г»ГӘО“Г»ГӘО“Г»ГӘО“Г»ГӘО“Г»ГӘО“Г»ГӘ    О“Г»ГӘО“Г»ГӘО“Г»ГӘ
       О“Г»ГҰО“Г»ГӘО“Г»ГӘО“Г»ГӘО“Г»ГӘ    О“Г»ГӘО“Г»ГӘО“Г»ГӘО“Г»ГҰ         О“Г»ГҰО“Г»'О“Г»ГҙО“Г»ГӘО“Г»ГӘО“Г»ГӘО“Г»ГӘО“Г»ГӘО“Г»ГӘО“Г»ГӘО“Г»ГӘО“Г»ГӘО“Г»ГӘО“Г»ГӘО“Г»ГӘ                             О“Г»'О“Г»ГӘО“Г»ГӘО“Г»ГӘ
        О“Г»ГӘО“Г»ГӘО“Г»ГҙО“Г»ГӘ   О“Г»Гҙ  О“Г»ГӘО“Г»ГӘО“Г»ГӘО“Г»ГӘО“Г»ГӘО“Г»ГӘО“Г»ГӘО“Г»ГӘО“Г»ГӘО“Г»ГӘО“Г»ГӘО“Г»ГӘО“Г»ГӘО“Г»ГӘО“Г»ГӘО“Г»ГӘ          О“Г»ГӘО“Г»ГӘО“Г»ГӘО“Г»ГӘО“Г»ГӘО“Г»ГӘО“Г»Гҙ                      О“Г»ГӘО“Г»ГӘО“Г»ГӘО“Г»ГӘ
        О“Г»ГӘО“Г»ГӘО“Г»ГҙО“Г»ГӘ О“Г»ГҙО“Г»ГӘО“Г»ГӘО“Г»ГӘО“Г»ГӘ   О“Г»'О“Г»ГӘО“Г»Гҙ   О“Г»ГҰО“Г»'О“Г»'    О“Г»ГӘО“Г»ГӘО“Г»ГӘО“Г»ГӘО“Г»ГҙО“Г»ГӘО“Г»ГӘО“Г»ГӘО“Г»ГӘО“Г»ГӘО“Г»ГӘО“Г»ГӘО“Г»ГӘО“Г»ГӘО“Г»ГӘО“Г»ГӘО“Г»ГӘ                   О“Г»ГҰО“Г»ГҙО“Г»ГӘО“Г»ГӘО“Г»ГӘО“Г»ГӘО“Г»ГӘ
        О“Г»ГӘО“Г»ГӘО“Г»ГҙО“Г»'О“Г»ГӘО“Г»ГӘО“Г»'О“Г»ГӘО“Г»ГҙО“Г»ГӘ  О“Г»ГӘО“Г»ГӘ О“Г»ГӘО“Г»ГӘ О“Г»ГӘО“Г»ГӘО“Г»ГӘО“Г»ГӘ    О“Г»ГӘО“Г»ГӘО“Г»ГӘО“Г»ГӘО“Г»ГӘО“Г»ГӘО“Г»ГӘО“Г»ГӘО“Г»ГӘО“Г»ГӘ О“Г»ГӘО“Г»ГӘО“Г»ГӘО“Г»ГӘ                    О“Г»ГҙО“Г»ГӘО“Г»ГӘО“Г»ГӘО“Г»ГӘО“Г»ГӘО“Г»ГӘ
        О“Г»ГӘО“Г»ГӘО“Г»ГӘО“Г»ГҰО“Г»ГҙО“Г»ГӘО“Г»ГҙО“Г»ГӘО“Г»ГӘО“Г»Гҙ   О“Г»ГҙО“Г»ГӘО“Г»'   О“Г»ГҰО“Г»'     О“Г»ГҰ     О“Г»'О“Г»ГӘО“Г»ГӘО“Г»' О“Г»ГӘО“Г»ГҙО“Г»'О“Г»ГӘО“Г»'О“Г»ГӘО“Г»ГӘО“Г»ГӘО“Г»ГӘО“Г»ГӘО“Г»ГӘО“Г»ГӘО“Г»ГӘО“Г»ГӘО“Г»ГӘО“Г»ГӘО“Г»ГӘО“Г»ГӘО“Г»ГӘО“Г»ГӘО“Г»ГӘО“Г»ГӘО“Г»ГӘО“Г»ГӘО“Г»ГӘО“Г»ГӘО“Г»ГӘО“Г»ГӘО“Г»ГӘО“Г»ГӘ
         О“Г»ГӘО“Г»ГӘО“Г»ГӘО“Г»ГҙО“Г»ГҙО“Г»ГӘО“Г»'О“Г»ГҰ О“Г»ГӘО“Г»ГӘО“Г»ГӘО“Г»ГҙО“Г»ГӘО“Г»ГӘО“Г»ГӘО“Г»ГӘО“Г»ГӘО“Г»ГӘО“Г»ГӘО“Г»ГӘО“Г»ГӘО“Г»ГӘО“Г»ГӘО“Г»ГӘО“Г»ГӘО“Г»ГӘО“Г»ГӘО“Г»ГӘО“Г»ГӘО“Г»ГӘО“Г»ГӘО“Г»ГӘО“Г»ГӘО“Г»ГӘО“Г»ГӘО“Г»ГӘО“Г»ГӘО“Г»ГӘО“Г»ГӘО“Г»ГӘО“Г»ГӘО“Г»ГӘО“Г»ГӘО“Г»ГӘО“Г»ГӘО“Г»ГӘО“Г»ГӘО“Г»ГӘО“Г»ГӘО“Г»ГӘО“Г»ГӘО“Г»ГӘО“Г»ГӘО“Г»ГӘО“Г»ГӘО“Г»ГӘО“Г»ГӘО“Г»ГӘО“Г»ГҙО“Г»ГӘО“Г»ГӘО“Г»ГӘ
          О“Г»ГӘО“Г»ГӘО“Г»ГӘО“Г»ГӘО“Г»ГӘО“Г»ГӘО“Г»ГӘО“Г»ГӘО“Г»ГӘО“Г»ГӘО“Г»ГӘО“Г»ГӘО“Г»ГӘО“Г»ГӘО“Г»ГҙО“Г»ГӘО“Г»ГӘО“Г»ГҙО“Г»ГҙО“Г»ГҙО“Г»ГӘО“Г»ГҙО“Г»ГӘО“Г»ГӘО“Г»ГӘО“Г»ГӘО“Г»ГӘО“Г»ГӘО“Г»ГӘО“Г»ГӘО“Г»ГӘО“Г»ГӘО“Г»ГӘО“Г»ГӘО“Г»ГӘО“Г»ГӘО“Г»ГӘО“Г»ГӘО“Г»ГӘО“Г»ГӘО“Г»ГӘО“Г»ГӘО“Г»ГҙО“Г»ГҙО“Г»ГҙО“Г»ГҙО“Г»ГӘО“Г»ГӘО“Г»ГҙО“Г»ГҙО“Г»ГҙО“Г»ГҙО“Г»ГҙО“Г»ГҙО“Г»ГҙО“Г»ГҙО“Г»ГӘО“Г»ГӘО“Г»ГӘО“Г»ГӘО“Г»Гҙ
            О“Г»ГҙО“Г»ГӘО“Г»ГӘО“Г»ГӘО“Г»ГӘО“Г»ГӘО“Г»ГӘО“Г»ГӘО“Г»ГӘО“Г»ГӘО“Г»ГӘО“Г»ГӘО“Г»ГӘО“Г»ГӘО“Г»ГӘО“Г»ГӘО“Г»ГӘО“Г»ГӘО“Г»ГӘО“Г»ГӘО“Г»ГӘО“Г»'О“Г»'О“Г»' О“Г»ГҙО“Г»ГӘ О“Г»ГӘО“Г»ГӘ О“Г»ГҙО“Г»'О“Г»ГӘО“Г»ГҰО“Г»ГӘО“Г»ГӘО“Г»ГҙО“Г»ГӘО“Г»ГӘО“Г»ГӘО“Г»ГӘО“Г»ГӘО“Г»ГӘО“Г»ГӘО“Г»ГӘО“Г»ГӘО“Г»ГӘО“Г»ГӘО“Г»ГӘО“Г»ГӘО“Г»ГӘО“Г»ГӘО“Г»ГӘО“Г»ГӘО“Г»ГӘО“Г»ГӘ  О“Г»ГҰ
               О“Г»ГҙО“Г»ГӘО“Г»ГӘО“Г»ГӘО“Г»ГӘО“Г»ГӘО“Г»ГӘО“Г»ГӘО“Г»ГӘО“Г»ГӘО“Г»ГӘО“Г»ГӘО“Г»ГӘО“Г»ГӘО“Г»'О“Г»ГӘО“Г»ГӘО“Г»ГӘ О“Г»ГӘО“Г»ГҙО“Г»'О“Г»ГӘ  О“Г»ГӘО“Г»ГӘ  О“Г»ГӘО“Г»ГӘ О“Г»ГӘО“Г»ГӘО“Г»'О“Г»ГҙО“Г»ГҙО“Г»ГӘО“Г»ГҰО“Г»'О“Г»ГҙО“Г»ГҰО“Г»'О“Г»ГҙО“Г»ГҙО“Г»ГҙО“Г»ГҙО“Г»'О“Г»ГҙО“Г»ГӘО“Г»ГӘ    О“Г»ГҰ
                             О“Г»'О“Г»ГӘО“Г»ГӘО“Г»ГӘ О“Г»ГӘО“Г»' О“Г»ГӘ      О“Г»ГӘО“Г»ГӘ О“Г»ГӘО“Г»ГӘ О“Г»ГӘО“Г»ГӘО“Г»ГӘО“Г»ГҰ  О“Г»Гҙ
                      О“Г»ГҙО“Г»ГӘ О“Г»ГӘО“Г»ГӘ О“Г»ГӘО“Г»ГӘО“Г»ГӘО“Г»ГҙО“Г»ГӘО“Г»'   О“Г»ГӘ О“Г»ГӘО“Г»' О“Г»ГӘО“Г»ГӘ   О“Г»ГҙО“Г»ГӘ О“Г»ГҙО“Г»ГӘО“Г»ГӘО“Г»ГӘО“Г»ГӘ О“Г»ГӘО“Г»ГӘ О“Г»ГӘ
                     О“Г»ГӘО“Г»ГӘО“Г»ГӘО“Г»ГӘО“Г»ГӘ  О“Г»ГӘО“Г»ГӘ  О“Г»ГӘО“Г»ГӘ        О“Г»ГӘО“Г»ГӘ   О“Г»ГӘО“Г»ГӘ  О“Г»ГӘО“Г»ГӘО“Г»ГӘО“Г»ГӘ О“Г»ГҰО“Г»ГӘО“Г»'О“Г»ГӘО“Г»ГӘ
                     О“Г»ГӘ  О“Г»ГҰ О“Г»ГӘО“Г»ГӘО“Г»ГӘО“Г»Гҙ О“Г»ГӘ О“Г»ГӘО“Г»ГӘ            О“Г»'О“Г»ГӘО“Г»'О“Г»ГӘО“Г»ГӘ О“Г»ГӘО“Г»ГӘО“Г»ГӘ
                       О“Г»ГӘО“Г»ГӘО“Г»ГӘО“Г»ГӘО“Г»ГӘО“Г»ГӘО“Г»ГӘ  О“Г»ГӘО“Г»ГҰО“Г»ГӘО“Г»ГӘ         О“Г»ГҙО“Г»ГӘО“Г»'О“Г»ГӘО“Г»ГӘО“Г»ГӘ  О“Г»ГӘО“Г»ГӘО“Г»ГӘО“Г»ГӘО“Г»ГӘО“Г»ГӘО“Г»ГӘ
                    О“Г»ГӘО“Г»ГӘО“Г»ГӘО“Г»ГӘО“Г»ГӘО“Г»ГӘО“Г»ГӘО“Г»ГӘО“Г»ГҰО“Г»ГӘО“Г»ГӘ  О“Г»ГҰ О“Г»ГӘО“Г»ГӘ      О“Г»'О“Г»ГӘО“Г»ГӘО“Г»ГӘО“Г»ГӘО“Г»ГӘ  О“Г»ГӘО“Г»ГӘ  О“Г»ГӘО“Г»ГӘО“Г»ГҙО“Г»ГӘО“Г»ГӘО“Г»ГӘО“Г»ГӘО“Г»ГӘ  О“Г»ГҰ
                  О“Г»ГӘО“Г»ГӘО“Г»ГӘО“Г»ГӘО“Г»ГӘО“Г»ГӘО“Г»ГӘО“Г»ГҙО“Г»ГӘО“Г»ГӘ О“Г»ГӘО“Г»ГӘ     О“Г»ГӘО“Г»ГӘО“Г»ГӘО“Г»ГӘО“Г»ГӘО“Г»ГӘО“Г»ГӘО“Г»ГӘО“Г»ГӘО“Г»ГӘ        О“Г»ГӘО“Г»ГҰО“Г»ГӘО“Г»ГӘО“Г»'О“Г»ГӘО“Г»ГӘО“Г»ГӘО“Г»ГӘО“Г»ГӘО“Г»Гҙ  О“Г»ГҰ
               О“Г»ГҙО“Г»ГҙО“Г»ГӘО“Г»ГӘО“Г»ГӘО“Г»ГӘО“Г»ГӘО“Г»ГҙО“Г»ГҙО“Г»ГҙО“Г»ГӘО“Г»ГӘ  О“Г»'О“Г»ГӘ        О“Г»ГӘО“Г»ГӘО“Г»ГӘО“Г»Гҙ         О“Г»ГӘО“Г»ГӘО“Г»ГӘ  О“Г»ГӘО“Г»ГҙО“Г»ГҙО“Г»ГӘО“Г»'О“Г»ГҙО“Г»ГӘО“Г»ГӘО“Г»ГӘ
            О“Г»ГӘО“Г»ГӘО“Г»ГӘО“Г»ГӘО“Г»ГӘО“Г»ГӘО“Г»ГӘО“Г»ГӘО“Г»ГӘ    О“Г»ГӘО“Г»ГӘ   О“Г»ГӘО“Г»ГӘ     О“Г»'О“Г»ГӘО“Г»ГӘО“Г»ГӘО“Г»ГӘО“Г»ГӘО“Г»ГӘ      О“Г»ГҙО“Г»ГӘ О“Г»ГӘ   О“Г»ГӘО“Г»ГӘ О“Г»ГӘО“Г»ГӘО“Г»ГҙО“Г»ГӘО“Г»ГӘО“Г»ГӘО“Г»ГӘ
         О“Г»ГҙО“Г»ГӘО“Г»ГӘО“Г»ГӘО“Г»ГӘО“Г»ГӘО“Г»ГҙО“Г»ГӘО“Г»ГӘО“Г»ГӘ     О“Г»ГӘО“Г»ГӘ   О“Г»ГҰО“Г»ГӘО“Г»'О“Г»ГӘО“Г»ГӘ   О“Г»ГӘО“Г»ГӘО“Г»ГӘО“Г»ГӘО“Г»ГӘО“Г»ГӘО“Г»ГӘО“Г»ГӘ    О“Г»ГӘО“Г»ГӘ О“Г»ГҙО“Г»ГӘ    О“Г»ГӘО“Г»ГӘ О“Г»ГӘО“Г»ГӘО“Г»ГӘО“Г»ГҙО“Г»ГӘО“Г»ГӘО“Г»ГӘО“Г»ГҙО“Г»'
      О“Г»'О“Г»ГӘО“Г»ГӘО“Г»ГӘО“Г»ГӘО“Г»ГӘО“Г»ГӘО“Г»'О“Г»'О“Г»ГӘО“Г»ГӘО“Г»ГӘ      О“Г»ГӘО“Г»ГӘ    О“Г»ГӘ  О“Г»ГӘО“Г»Гҙ О“Г»ГӘО“Г»ГӘО“Г»ГӘО“Г»ГӘО“Г»ГӘО“Г»ГӘО“Г»ГӘО“Г»ГӘО“Г»ГӘ  О“Г»'О“Г»ГӘ   О“Г»ГӘО“Г»ГӘ    О“Г»ГҙО“Г»ГӘО“Г»Гҙ   О“Г»ГҙО“Г»ГӘО“Г»ГӘО“Г»ГӘО“Г»ГӘО“Г»ГӘО“Г»ГӘО“Г»ГӘ
 О“Г»ГҰ  О“Г»ГӘО“Г»ГӘО“Г»ГӘО“Г»ГӘО“Г»ГӘО“Г»ГӘО“Г»ГӘО“Г»ГӘ О“Г»ГҙО“Г»ГӘО“Г»ГӘ       О“Г»ГӘО“Г»ГӘ    О“Г»ГҙО“Г»ГӘО“Г»' О“Г»ГӘО“Г»ГӘО“Г»ГӘО“Г»ГӘО“Г»ГӘО“Г»ГӘО“Г»ГӘО“Г»ГӘО“Г»ГӘО“Г»ГӘО“Г»ГӘО“Г»ГӘ О“Г»ГӘО“Г»ГӘО“Г»Гҙ  О“Г»ГҙО“Г»ГӘО“Г»'     О“Г»ГӘО“Г»ГӘ    О“Г»ГҙО“Г»ГҙО“Г»ГӘО“Г»ГӘО“Г»ГӘО“Г»ГӘО“Г»ГӘО“Г»ГӘО“Г»ГӘО“Г»ГӘ
  О“Г»ГҙО“Г»ГӘО“Г»ГӘО“Г»ГӘО“Г»ГӘО“Г»ГӘО“Г»ГӘО“Г»Гҙ  О“Г»ГӘО“Г»ГӘ        О“Г»ГҙО“Г»ГӘО“Г»ГҰ    О“Г»ГҙО“Г»ГӘО“Г»Гҙ   О“Г»ГӘО“Г»ГӘО“Г»ГӘО“Г»ГӘО“Г»ГӘО“Г»ГӘО“Г»ГӘО“Г»ГӘО“Г»ГӘО“Г»ГӘО“Г»ГӘО“Г»ГӘ    О“Г»ГӘО“Г»ГӘО“Г»Гҙ О“Г»ГӘО“Г»ГӘ   О“Г»ГӘО“Г»ГӘ        О“Г»ГҙО“Г»ГӘО“Г»ГӘО“Г»ГӘО“Г»ГӘО“Г»ГӘО“Г»ГӘ
  О“Г»ГӘО“Г»ГӘО“Г»ГӘО“Г»ГҙО“Г»ГӘО“Г»'   О“Г»ГӘ          О“Г»ГӘО“Г»ГӘ  О“Г»ГӘО“Г»ГӘ  О“Г»ГӘО“Г»ГӘО“Г»Гҙ  О“Г»ГӘО“Г»ГӘО“Г»ГӘО“Г»ГӘО“Г»ГӘО“Г»ГӘО“Г»ГӘО“Г»ГӘО“Г»ГӘО“Г»ГӘО“Г»ГҰ    О“Г»ГӘО“Г»ГӘО“Г»ГӘ    О“Г»'  О“Г»ГӘО“Г»ГӘ         О“Г»ГҰО“Г»ГӘО“Г»ГҙО“Г»ГҙО“Г»ГӘО“Г»ГӘО“Г»ГӘО“Г»Гҙ
 О“Г»ГҰО“Г»ГӘО“Г»ГӘО“Г»ГӘО“Г»ГӘО“Г»ГӘО“Г»ГӘ             О“Г»ГҙО“Г»ГӘО“Г»'      О“Г»ГӘО“Г»ГӘО“Г»ГӘО“Г»ГҙО“Г»ГҙО“Г»ГӘО“Г»ГӘО“Г»ГӘО“Г»ГӘО“Г»ГӘО“Г»ГӘО“Г»ГӘО“Г»ГӘО“Г»ГӘО“Г»ГӘ   О“Г»ГӘО“Г»ГӘО“Г»ГӘО“Г»ГӘО“Г»ГӘ   О“Г»ГӘО“Г»ГӘ   О“Г»ГӘО“Г»ГӘ         О“Г»ГӘО“Г»ГӘО“Г»ГӘО“Г»ГҙО“Г»ГӘО“Г»ГӘО“Г»ГӘ
 О“Г»'О“Г»ГӘО“Г»ГӘО“Г»ГӘО“Г»ГӘ               О“Г»ГӘО“Г»ГӘ   О“Г»ГӘО“Г»ГӘ  О“Г»ГӘО“Г»ГӘО“Г»ГҙО“Г»ГӘО“Г»ГӘО“Г»ГӘО“Г»ГӘО“Г»ГӘО“Г»ГӘО“Г»ГӘО“Г»ГӘО“Г»ГӘО“Г»ГӘО“Г»ГӘО“Г»ГӘО“Г»ГҙО“Г»ГӘО“Г»ГӘО“Г»ГӘО“Г»'О“Г»'О“Г»ГӘ         О“Г»ГӘО“Г»ГӘ          О“Г»ГҙО“Г»ГӘО“Г»ГӘО“Г»ГӘО“Г»ГҙО“Г»ГӘ
 О“Г»'О“Г»ГӘО“Г»ГӘО“Г»ГӘО“Г»ГӘ         О“Г»ГҙО“Г»ГӘО“Г»ГӘ  О“Г»ГӘО“Г»ГӘ         О“Г»ГӘО“Г»'О“Г»ГҰО“Г»ГӘО“Г»ГӘО“Г»ГҙО“Г»ГӘО“Г»ГӘО“Г»ГӘО“Г»ГӘО“Г»ГӘО“Г»ГӘО“Г»ГӘО“Г»ГӘО“Г»ГӘО“Г»ГӘО“Г»Гҙ  О“Г»ГӘО“Г»'      О“Г»ГӘО“Г»ГӘО“Г»ГӘО“Г»ГӘО“Г»ГӘ            О“Г»ГӘО“Г»ГӘО“Г»ГӘО“Г»ГӘ
  О“Г»ГӘО“Г»ГӘО“Г»ГӘО“Г»ГӘ         О“Г»ГӘО“Г»ГӘО“Г»ГӘ   О“Г»ГӘО“Г»ГӘО“Г»Гҙ       О“Г»ГӘО“Г»ГӘ О“Г»ГҙО“Г»ГӘО“Г»ГӘО“Г»ГӘО“Г»ГҙО“Г»ГҙО“Г»ГӘО“Г»ГҙО“Г»ГӘО“Г»ГӘО“Г»ГӘО“Г»ГӘ   О“Г»ГӘО“Г»ГӘ    О“Г»ГӘО“Г»ГӘО“Г»ГӘО“Г»ГӘО“Г»ГӘО“Г»ГӘ              О“Г»ГҙО“Г»ГӘО“Г»ГҙО“Г»ГӘ
  О“Г»ГӘО“Г»ГӘО“Г»ГӘО“Г»Гҙ                О“Г»ГӘО“Г»ГӘО“Г»ГӘ       О“Г»ГӘО“Г»ГҰО“Г»ГҙО“Г»ГӘО“Г»ГӘО“Г»ГӘО“Г»ГӘО“Г»ГҙО“Г»ГӘО“Г»ГӘО“Г»ГӘО“Г»ГӘО“Г»ГӘО“Г»ГӘ  О“Г»ГӘО“Г»ГӘ  О“Г»ГӘО“Г»ГӘО“Г»ГӘО“Г»ГӘО“Г»ГӘО“Г»ГӘО“Г»'                О“Г»ГӘО“Г»ГҙО“Г»ГӘО“Г»ГӘ
  О“Г»ГӘО“Г»ГӘО“Г»ГӘ                  О“Г»ГҙО“Г»ГӘО“Г»ГӘО“Г»ГӘ     О“Г»ГӘО“Г»ГӘО“Г»ГӘО“Г»ГӘО“Г»ГӘО“Г»ГӘО“Г»ГӘО“Г»ГӘО“Г»ГӘО“Г»ГӘО“Г»ГӘО“Г»ГӘО“Г»ГӘО“Г»ГӘ О“Г»ГӘО“Г»ГӘО“Г»'О“Г»ГӘО“Г»ГӘО“Г»ГӘО“Г»ГӘ  О“Г»ГӘО“Г»ГӘО“Г»ГӘО“Г»'              О“Г»ГҙО“Г»ГҰО“Г»ГҙО“Г»ГӘО“Г»ГӘ
  О“Г»ГӘО“Г»ГӘО“Г»ГӘ                 О“Г»ГӘО“Г»ГӘО“Г»ГӘО“Г»ГӘО“Г»ГӘО“Г»ГӘО“Г»ГӘО“Г»'  О“Г»ГӘО“Г»ГӘО“Г»ГӘО“Г»ГӘО“Г»ГӘО“Г»ГӘО“Г»ГӘО“Г»ГӘО“Г»ГӘО“Г»ГӘО“Г»ГҙО“Г»ГӘО“Г»ГӘО“Г»ГӘО“Г»ГҙО“Г»ГӘО“Г»ГӘ О“Г»Гҙ      О“Г»ГӘО“Г»ГӘО“Г»ГӘ О“Г»ГӘ           О“Г»ГҙО“Г»ГӘ О“Г»ГӘО“Г»ГӘО“Г»ГӘ
  О“Г»ГӘО“Г»ГӘО“Г»ГӘО“Г»ГӘ                О“Г»ГӘО“Г»ГӘО“Г»ГӘО“Г»ГҰ  О“Г»ГӘО“Г»ГӘО“Г»ГӘ  О“Г»ГӘО“Г»ГӘО“Г»ГӘО“Г»ГӘО“Г»ГӘО“Г»ГӘО“Г»ГҙО“Г»ГҙО“Г»ГҙО“Г»ГҙО“Г»ГӘО“Г»ГӘО“Г»ГӘО“Г»ГӘО“Г»ГӘ       О“Г»'О“Г»ГӘО“Г»ГӘО“Г»ГӘ  О“Г»ГҙО“Г»ГӘ            О“Г»ГӘО“Г»ГӘО“Г»ГӘО“Г»ГӘ
  О“Г»ГӘО“Г»ГӘО“Г»ГӘ               О“Г»ГӘО“Г»ГҰ О“Г»ГӘО“Г»ГӘО“Г»ГӘ       О“Г»ГӘО“Г»ГӘО“Г»ГӘО“Г»ГӘО“Г»ГҙО“Г»ГҙО“Г»ГӘО“Г»ГҙО“Г»'О“Г»ГӘО“Г»ГӘО“Г»ГӘО“Г»ГӘО“Г»ГӘ       О“Г»'О“Г»ГӘО“Г»ГӘО“Г»ГӘ               О“Г»ГӘО“Г»ГӘО“Г»ГӘО“Г»ГӘО“Г»ГӘО“Г»ГӘ
  О“Г»ГӘО“Г»ГӘО“Г»ГӘ              О“Г»ГҙО“Г»ГӘ   О“Г»ГӘО“Г»ГӘО“Г»ГӘО“Г»'      О“Г»ГӘО“Г»ГӘО“Г»ГӘО“Г»ГӘО“Г»ГҙО“Г»'О“Г»ГҙО“Г»ГӘО“Г»ГӘО“Г»ГӘО“Г»ГӘО“Г»ГӘО“Г»ГӘ       О“Г»ГӘО“Г»ГӘО“Г»ГӘ               О“Г»ГҙО“Г»ГӘО“Г»ГӘО“Г»'О“Г»ГӘО“Г»ГӘО“Г»ГӘ
  О“Г»ГӘО“Г»ГӘО“Г»ГӘ              О“Г»ГҙО“Г»ГӘ   О“Г»ГӘО“Г»ГӘО“Г»ГӘО“Г»'      О“Г»ГӘО“Г»ГӘО“Г»ГӘО“Г»ГӘО“Г»ГҙО“Г»'О“Г»ГҙО“Г»ГӘО“Г»ГӘО“Г»ГӘО“Г»ГӘО“Г»ГӘО“Г»ГӘ       О“Г»ГӘО“Г»ГӘО“Г»ГӘ               О“Г»ГҙО“Г»ГӘО“Г»ГӘО“Г»'О“Г»ГӘО“Г»ГӘО“Г»ГӘ
 О“Г»ГӘО“Г»ГӘО“Г»ГҙО“Г»ГӘО“Г»ГҰ           О“Г»ГӘО“Г»ГӘО“Г»ГӘ     О“Г»ГӘО“Г»ГӘО“Г»ГӘО“Г»Гҙ О“Г»ГӘО“Г»ГӘ  О“Г»'О“Г»ГӘО“Г»ГӘО“Г»ГҙО“Г»ГҙО“Г»ГӘО“Г»ГӘО“Г»ГӘО“Г»ГӘО“Г»ГӘО“Г»ГӘО“Г»ГӘ       О“Г»ГӘО“Г»ГӘО“Г»ГӘ                О“Г»ГӘО“Г»ГӘО“Г»'О“Г»'О“Г»ГӘО“Г»ГӘО“Г»ГӘ
  О“Г»ГӘО“Г»ГӘО“Г»ГӘ             О“Г»Гҙ       О“Г»ГӘО“Г»ГӘО“Г»ГӘО“Г»Гҙ О“Г»ГӘО“Г»ГӘ  О“Г»ГӘО“Г»ГӘО“Г»ГӘО“Г»ГӘО“Г»ГӘО“Г»ГӘО“Г»ГӘО“Г»ГӘО“Г»ГӘО“Г»ГӘО“Г»'      О“Г»ГӘО“Г»ГӘО“Г»ГӘО“Г»ГҰ                О“Г»ГӘО“Г»ГӘ О“Г»ГӘО“Г»ГӘО“Г»ГӘО“Г»'
  О“Г»ГӘО“Г»ГӘО“Г»ГӘ                      О“Г»ГӘО“Г»ГӘО“Г»ГӘО“Г»ГӘ  О“Г»ГӘ  О“Г»ГӘО“Г»ГӘО“Г»ГӘО“Г»ГӘО“Г»ГӘО“Г»ГӘО“Г»ГӘО“Г»ГӘО“Г»ГӘ   О“Г»ГӘ  О“Г»ГӘО“Г»ГӘО“Г»ГӘО“Г»Гҙ                О“Г»Гҙ О“Г»ГӘ О“Г»ГӘО“Г»ГӘО“Г»ГӘ
  О“Г»ГӘО“Г»ГӘО“Г»ГӘ                       О“Г»ГӘО“Г»ГӘО“Г»ГӘО“Г»ГӘ    О“Г»ГҙО“Г»ГӘО“Г»ГӘО“Г»ГӘО“Г»ГӘО“Г»ГӘО“Г»ГӘО“Г»ГӘО“Г»ГӘ О“Г»ГҙО“Г»ГӘО“Г»ГҰ О“Г»ГӘО“Г»ГӘО“Г»ГӘО“Г»ГӘ                 О“Г»ГӘО“Г»ГӘ О“Г»ГҙО“Г»'О“Г»'О“Г»ГӘО“Г»ГӘ
 О“Г»ГӘО“Г»ГӘО“Г»ГҙО“Г»ГӘО“Г»ГҰО“Г»ГҰ                      О“Г»ГҙО“Г»ГӘО“Г»ГӘО“Г»ГӘ    О“Г»ГӘО“Г»ГӘО“Г»ГӘО“Г»ГӘО“Г»ГӘО“Г»ГӘО“Г»ГӘ      О“Г»ГӘО“Г»ГӘО“Г»ГӘ           О“Г»ГҰО“Г»ГҙО“Г»ГӘО“Г»ГӘ    О“Г»ГӘ О“Г»Гҙ О“Г»ГӘО“Г»ГӘО“Г»ГӘ
 О“Г»ГӘО“Г»ГӘ О“Г»ГҙО“Г»ГӘ                                       О“Г»ГӘ                   О“Г»ГӘО“Г»ГӘ         О“Г»ГӘО“Г»ГӘО“Г»ГӘ
 О“Г»ГӘО“Г»ГӘ О“Г»ГӘО“Г»ГӘ      О“Г»ГӘО“Г»'О“Г»ГҙО“Г»ГӘО“Г»Гҙ   О“Г»ГҙО“Г»ГҙО“Г»ГҙО“Г»ГҙО“Г»ГӘО“Г»ГӘО“Г»ГӘО“Г»ГҙО“Г»'О“Г»'        О“Г»ГҙО“Г»ГҙО“Г»'О“Г»ГҙО“Г»ГӘО“Г»'О“Г»ГӘО“Г»'    О“Г»ГҰО“Г»ГӘО“Г»ГӘО“Г»Гҙ   О“Г»'О“Г»ГӘО“Г»ГӘ               О“Г»ГҙО“Г»ГӘО“Г»ГӘО“Г»ГӘ
 О“Г»ГӘО“Г»ГӘО“Г»ГҰО“Г»ГӘ     О“Г»ГӘО“Г»ГӘО“Г»ГӘО“Г»ГӘО“Г»ГӘО“Г»ГӘО“Г»ГӘ О“Г»ГӘО“Г»ГӘО“Г»ГӘО“Г»ГӘО“Г»ГӘО“Г»ГӘО“Г»ГӘО“Г»ГӘО“Г»ГӘО“Г»ГӘО“Г»ГӘО“Г»ГӘО“Г»ГӘО“Г»ГӘ   О“Г»'О“Г»ГӘО“Г»ГӘО“Г»ГӘО“Г»ГӘО“Г»ГӘО“Г»ГӘО“Г»ГӘО“Г»ГӘО“Г»ГӘ   О“Г»ГӘО“Г»ГӘО“Г»ГӘО“Г»ГӘО“Г»ГӘ   О“Г»ГӘО“Г»ГӘО“Г»ГӘО“Г»ГӘО“Г»ГӘ  О“Г»ГӘО“Г»ГӘ  О“Г»ГӘО“Г»ГӘ     О“Г»ГҙО“Г»ГӘО“Г»ГӘО“Г»ГӘО“Г»ГӘ
 О“Г»ГӘО“Г»ГӘО“Г»ГӘ    О“Г»ГӘО“Г»ГӘО“Г»ГӘО“Г»ГӘО“Г»ГӘО“Г»ГӘО“Г»ГӘО“Г»ГӘ О“Г»ГӘО“Г»ГӘО“Г»ГҰО“Г»ГҙО“Г»ГӘО“Г»ГӘО“Г»ГӘО“Г»ГӘ  О“Г»ГӘО“Г»ГӘО“Г»ГӘО“Г»ГӘО“Г»ГӘ О“Г»ГӘО“Г»ГӘО“Г»ГӘО“Г»ГӘО“Г»ГӘО“Г»ГӘО“Г»ГӘО“Г»'О“Г»ГӘО“Г»ГӘО“Г»ГӘО“Г»ГҰ  О“Г»ГӘО“Г»ГӘО“Г»ГӘО“Г»ГӘО“Г»ГҰ   О“Г»ГӘО“Г»ГӘО“Г»ГӘО“Г»ГӘО“Г»' О“Г»ГҰО“Г»ГӘО“Г»ГӘО“Г»ГӘ О“Г»ГӘО“Г»ГӘО“Г»ГӘ    О“Г»ГӘО“Г»ГӘО“Г»ГӘО“Г»ГӘО“Г»ГӘ
      О“Г»ГӘО“Г»ГӘО“Г»ГӘО“Г»ГӘО“Г»Гҙ О“Г»ГӘО“Г»ГӘО“Г»ГӘО“Г»'   О“Г»ГҙО“Г»ГӘО“Г»ГӘО“Г»ГӘО“Г»Гҙ О“Г»ГӘО“Г»ГӘО“Г»ГӘО“Г»ГӘО“Г»ГӘО“Г»' О“Г»ГӘО“Г»ГӘО“Г»ГӘО“Г»ГӘО“Г»ГӘО“Г»Гҙ  О“Г»ГҙО“Г»ГӘО“Г»ГӘО“Г»ГӘО“Г»ГҙО“Г»ГӘО“Г»ГӘО“Г»ГӘО“Г»ГӘО“Г»ГӘО“Г»ГӘО“Г»ГӘО“Г»ГӘО“Г»ГӘО“Г»ГӘО“Г»ГӘО“Г»ГӘО“Г»ГӘО“Г»ГӘО“Г»ГҙО“Г»ГӘО“Г»ГӘО“Г»ГӘО“Г»ГӘО“Г»ГӘ О“Г»ГӘО“Г»ГӘО“Г»ГӘ  О“Г»ГӘО“Г»ГӘО“Г»ГӘО“Г»ГӘО“Г»ГӘО“Г»ГӘ
 О“Г»ГӘО“Г»ГӘО“Г»ГӘО“Г»ГӘО“Г»ГӘО“Г»ГӘО“Г»ГӘО“Г»ГӘО“Г»ГӘО“Г»ГӘО“Г»ГӘО“Г»ГӘО“Г»ГӘО“Г»ГӘО“Г»ГӘО“Г»ГӘО“Г»ГӘО“Г»ГӘО“Г»ГӘО“Г»ГӘО“Г»ГӘО“Г»ГӘО“Г»ГӘО“Г»ГӘО“Г»ГӘО“Г»ГӘО“Г»ГӘО“Г»Гҙ О“Г»'О“Г»ГӘО“Г»ГӘО“Г»ГӘО“Г»ГӘО“Г»Гҙ       О“Г»ГӘО“Г»ГӘО“Г»ГӘО“Г»ГӘО“Г»ГӘО“Г»ГӘО“Г»ГӘО“Г»ГӘО“Г»ГӘО“Г»ГӘО“Г»ГӘО“Г»ГӘО“Г»ГӘО“Г»ГӘО“Г»ГӘО“Г»'О“Г»ГҰО“Г»ГӘО“Г»ГӘО“Г»ГӘО“Г»ГӘ  О“Г»ГӘО“Г»ГӘО“Г»' О“Г»ГӘО“Г»ГӘО“Г»ГӘО“Г»ГӘО“Г»ГӘ nZ
  О“Г»ГӘО“Г»ГӘО“Г»ГӘО“Г»ГӘО“Г»ГӘО“Г»ГӘО“Г»ГӘО“Г»ГӘО“Г»ГӘО“Г»ГӘО“Г»ГӘО“Г»ГӘО“Г»ГӘО“Г»ГҰО“Г»ГҰО“Г»ГӘО“Г»ГӘО“Г»ГӘО“Г»ГӘО“Г»ГӘО“Г»ГӘО“Г»ГӘО“Г»ГӘО“Г»ГӘ   О“Г»ГӘО“Г»ГӘО“Г»ГӘО“Г»ГӘО“Г»ГӘ       О“Г»ГӘО“Г»ГҰ О“Г»ГӘО“Г»ГӘО“Г»ГӘО“Г»ГӘ    О“Г»ГӘО“Г»ГӘО“Г»ГӘО“Г»ГӘО“Г»' О“Г»ГҙО“Г»ГӘО“Г»ГӘО“Г»ГӘО“Г»ГӘ   О“Г»ГӘО“Г»ГӘО“Г»ГӘО“Г»ГӘО“Г»ГӘО“Г»ГӘО“Г»ГӘО“Г»ГӘ 2022
 О“Г»ГҙО“Г»ГӘО“Г»ГӘО“Г»ГӘО“Г»ГӘ     О“Г»ГӘО“Г»ГӘО“Г»ГӘ  О“Г»ГӘО“Г»ГӘО“Г»ГӘО“Г»ГӘО“Г»ГҰ О“Г»ГҙО“Г»ГӘО“Г»ГӘО“Г»ГӘО“Г»ГӘО“Г»ГҙО“Г»ГҙО“Г»ГӘО“Г»ГӘО“Г»ГӘО“Г»ГӘО“Г»ГҙО“Г»'О“Г»ГҙО“Г»ГҙО“Г»ГӘО“Г»ГӘО“Г»ГӘО“Г»ГӘО“Г»ГӘО“Г»ГҰО“Г»ГӘО“Г»ГӘО“Г»ГӘО“Г»ГӘ    О“Г»ГӘО“Г»ГӘО“Г»ГӘО“Г»ГӘО“Г»Гҙ О“Г»ГӘО“Г»ГӘО“Г»ГӘО“Г»ГӘО“Г»ГӘ    О“Г»ГӘО“Г»ГӘО“Г»ГӘО“Г»ГӘО“Г»ГӘО“Г»ГӘ    О“Г»ГӘО“Г»ГӘО“Г»ГӘ
 О“Г»ГӘО“Г»ГӘО“Г»ГӘО“Г»ГӘ     О“Г»ГӘО“Г»ГӘО“Г»ГӘО“Г»ГӘ О“Г»ГӘО“Г»ГӘО“Г»ГӘО“Г»ГӘ     О“Г»ГӘО“Г»ГӘО“Г»ГӘО“Г»ГӘО“Г»ГҰО“Г»ГӘО“Г»ГӘО“Г»ГӘО“Г»ГӘО“Г»ГӘО“Г»ГӘО“Г»ГӘО“Г»ГӘО“Г»ГӘО“Г»ГӘО“Г»ГӘО“Г»ГӘ О“Г»ГӘО“Г»ГӘО“Г»ГӘО“Г»ГӘ    О“Г»ГӘО“Г»ГӘО“Г»ГӘО“Г»ГӘО“Г»Гҙ  О“Г»ГӘО“Г»ГӘО“Г»ГӘО“Г»ГӘ     О“Г»ГӘО“Г»ГӘО“Г»ГӘО“Г»ГӘ      О“Г»ГӘО“Г»ГӘО“Г»ГӘ
 О“Г»ГӘО“Г»ГӘО“Г»ГӘО“Г»ГӘ     О“Г»ГӘ  О“Г»'   О“Г»ГӘ        О“Г»ГҙО“Г»ГҙО“Г»'   О“Г»'О“Г»ГҙО“Г»ГӘО“Г»'О“Г»ГҰ      О“Г»ГҰО“Г»Гҙ      О“Г»' О“Г»Гҙ      О“Г»ГҰ     О“Г»ГҰО“Г»Гҙ        О“Г»ГҙО“Г»ГӘО“Г»Гҙ
 О“Г»ГӘО“Г»ГӘО“Г»ГӘО“Г»ГӘ                                                                       О“Г»ГӘО“Г»ГҙО“Г»ГӘ
 О“Г»ГӘО“Г»ГӘО“Г»ГӘ                                                                        О“Г»ГӘО“Г»ГӘО“Г»ГӘ
 О“Г»ГӘО“Г»ГӘО“Г»ГҰО“Г»ГӘ                                                                      О“Г»ГӘО“Г»ГҰО“Г»ГӘО“Г»ГӘ
 О“Г»ГӘО“Г»ГӘ О“Г»ГӘО“Г»ГӘ             О“Г»ГӨО“Г»ГӨО“Г»ГӨв”¬в•– О“Г»ГӨО“Г»ГӨО“Г»ГӨ  О“Г»ГӨО“Г»ГӨО“Г»ГӨ . .О“Г»ГӨО“Г»ГӨ в”¬в•– О“Г»ГӨО“Г»ГӨО“Г»ГӨ .  О“Г»Гү О“Г»ГӨ О“Г»ГӨО“Г»ГӨО“Г»ГӨО“Г»ГӨО“Г»ГӨ.О“Г»ГӨО“Г»ГӨ в”¬в•–            О“Г»ГӘО“Г»ГӘ О“Г»ГӘО“Г»ГӘ
 О“Г»ГӘО“Г»ГӘ О“Г»ГҙО“Г»ГӘ            О“Г»ГүО“Г»ГӘ О“Г»ГӨО“Г»ГӘ О“Г»ГҮО“Г»ГӨ О“Г»ГӘв”¬в•–О“Г»ГҮО“Г»ГӨ.О“Г»ГҮв”¬в•– О“Г»ГүО“Г»ГӘ О“Г»ГҮ. О“Г»ГҮО“Г»ГӨ.О“Г»ГҮв”¬в•– О“ГӘГ–О“Г»ГӘО“Г»Г®О“Г»ГүО“Г»ГӘО“ГӘГ–О“Г»ГӘО“Г»ГӘ  О“Г»ГүО“Г»ГӘ О“Г»ГҮ.            О“Г»ГӘО“Г»Гҙ О“Г»ГӘО“Г»ГӘ
 О“Г»ГӘО“Г»ГӘО“Г»ГҙО“Г»ГӘО“Г»ГҰ   О“Г»ГҰО“Г»'О“Г»ГҙО“Г»ГӘО“Г»ГӘО“Г»ГӘО“Г»ГӘ   О“Г»ГӘО“Г»ГӘО“Г»ГҮв”¬в•– О“Г»ГүО“Г»ГҮО“Г»ГҮО“Г»ГӨ О“Г»ГүО“Г»ГҮО“Г»ГҮ О“Г»ГӨ О“Г»ГӨО“Г»ГҮО“Г»ГҮО“Г»ГҮО“Г»ГӘО“Г»ГӨО“Г»ГүО“Г»ГҮО“Г»ГҮ О“Г»ГӨ О“Г»ГүО“Г»ГӘО“Г»ГүО“Г»ГүО“Г»Г® О“Г»ГүО“Г»ГӘ.О“Г»ГЎО“Г»ГӨО“Г»ГҮО“Г»ГҮО“Г»ГҮО“Г»ГӘО“Г»ГӨ  О“Г»ГӘО“Г»ГӘО“Г»ГӘО“Г»ГӘО“Г»ГҙО“Г»'О“Г»ГҰ  О“Г»ГҰО“Г»ГӘО“Г»ГҙО“Г»ГӘО“Г»ГӘ
  О“Г»ГӘО“Г»ГӘО“Г»ГӘ             О“Г»ГүО“Г»ГӘО“Г»ГЎв”¬в•–О“ГӘГ– О“Г»ГүО“Г»ГӘО“ГӘГ–О“Г»ГӘО“Г»Г®О“Г»ГүО“Г»ГӘО“Г»ГӨ О“Г»Г® О“Г»ГүО“Г»ГӘО“Г»ГӨО“Г»ГЎО“Г»ГүО“Г»ГӘО“Г»ГүО“Г»ГӘО“Г»ГӨ О“Г»Г® О“Г»ГӘО“Г»ГӘО“Г»ГүО“Г»ГӘО“Г»Г® О“Г»ГүО“Г»ГӘО“Г»Г®в”¬в•–О“Г»ГүО“Г»ГӘО“Г»ГӨО“Г»ГЎО“Г»ГүО“Г»ГӘ            О“Г»ГӘО“Г»ГӘО“Г»ГӘ
  О“Г»ГӘО“Г»ГӘО“Г»ГӘ             .О“Г»ГҮ    .О“Г»ГҮ  О“Г»ГҮ О“Г»ГҮО“Г»ГҮО“Г»ГҮ   О“Г»ГҮО“Г»ГҮО“Г»ГҮО“Г»ГҮ  О“Г»ГҮО“Г»ГҮО“Г»ГҮ  О“Г»ГҮО“Г»ГҮ О“Г»ГӘО“Г»ГЎ О“Г»ГҮО“Г»ГҮО“Г»ГҮ  О“Г»ГҮО“Г»ГҮО“Г»ГҮО“Г»ГҮ             О“Г»ГӘО“Г»ГӘО“Г»ГӘ
  О“Г»ГӘО“Г»ГӘО“Г»ГӘ                                                                      О“Г»ГӘО“Г»ГӘО“Г»ГӘ
 О“Г»ГӘО“Г»ГӘО“Г»ГҙО“Г»ГӘО“Г»ГҰ    Lindenstrasse 1985                                              О“Г»ГҰО“Г»ГӘО“Г»ГҙО“Г»ГӘО“Г»ГӘ
  О“Г»ГӘО“Г»ГӘО“Г»ГӘ                                                                      О“Г»ГӘО“Г»ГӘО“Г»ГӘ
  О“Г»ГӘО“Г»ГӘО“Г»ГӘ     ENCODE DATE ....: 2024-03-31 17:40:43 UTC                        О“Г»ГӘО“Г»ГӘО“Г»ГӘ
  О“Г»ГӘО“Г»ГӘО“Г»ГӘ     RELEASE DATE ...: 31.03.2024                                     О“Г»ГӘО“Г»ГӘО“Г»ГӘ
  О“Г»ГӘО“Г»ГӘО“Г»ГӘО“Г»ГӘ    SOURCE .........: WEB                                           О“Г»ГӘО“Г»ГӘО“Г»ГӘО“Г»ГӘ
  О“Г»ГӘО“Г»ГӘО“Г»ГӘ     EPiSODE ........: Nichts wird so heiss gegessen                  О“Г»ГӘО“Г»ГӘО“Г»ГӘ
  О“Г»ГӘО“Г»ГӘО“Г»ГӘ                                                                      О“Г»ГӘО“Г»ГӘО“Г»ГӘ
  О“Г»ГӘО“Г»ГӘО“Г»ГӘ                                                                      О“Г»ГӘО“Г»ГӘО“Г»ГӘ
  О“Г»ГӘО“Г»ГӘО“Г»ГӘ     SEASON .........: (S01E0928)                                     О“Г»ГӘО“Г»ГӘО“Г»ГӘ
  О“Г»ГӘО“Г»ГӘО“Г»ГӘ                                                                      О“Г»ГӘО“Г»ГӘО“Г»ГӘ
  О“Г»ГӘО“Г»ГӘО“Г»ГӘО“Г»Гҙ    ViDEO ..........: 640x480 @ 1 529 kb/s                          О“Г»ГҙО“Г»ГӘО“Г»ГӘО“Г»ГӘ
  О“Г»ГӘО“Г»ГӘО“Г»ГӘО“Г»ГӘ                                                                    О“Г»ГӘО“Г»ГӘО“Г»ГӘО“Г»ГӘ
 О“Г»'О“Г»ГӘО“Г»ГӘО“Г»ГӘО“Г»ГӘ    AUDiO ..........: German 2 channels AC-3 @ 224 kb/s             О“Г»ГӘО“Г»ГӘО“Г»ГӘО“Г»ГӘО“Г»'
 О“Г»'О“Г»ГӘО“Г»ГӘО“Г»ГӘО“Г»ГӘ                                                                    О“Г»ГӘО“Г»ГӘО“Г»ГӘО“Г»ГӘО“Г»'
  О“Г»ГӘО“Г»ГӘО“Г»ГӘО“Г»ГӘ    RUNTiME ........: 28 min 56 s                                   О“Г»ГӘО“Г»ГӘО“Г»ГӘО“Г»ГӘ
  О“Г»ГӘО“Г»ГӘО“Г»ГӘО“Г»Гҙ    SiZE ...........: 363.2 MiB                                     О“Г»ГҙО“Г»ГӘО“Г»ГӘО“Г»ГӘ
  О“Г»ГӘО“Г»ГӘО“Г»ГӘ                                                                      О“Г»ГӘО“Г»ГӘО“Г»ГӘ
  О“Г»ГӘО“Г»ГӘО“Г»ГӘ     IMDB ...........: https://www.imdb.com/title/tt0088554/          О“Г»ГӘО“Г»ГӘО“Г»ГӘ
  О“Г»ГӘО“Г»ГӘО“Г»ГӘО“Г»ГӘ                                                                    О“Г»ГӘО“Г»ГӘО“Г»ГӘО“Г»ГӘ
  О“Г»ГӘО“Г»ГӘО“Г»ГӘ                                                                      О“Г»ГӘО“Г»ГӘО“Г»ГӘ
  О“Г»ГӘО“Г»ГӘО“Г»ГӘ                         О“Г»ГӨО“Г»ГӨО“Г»ГӨв”¬в•– О“Г»ГӨО“Г»ГӨО“Г»Г®        О“Г»ГӨО“Г»ГӨО“Г»ГӨО“Г»ГӨО“Г»ГӨ                        О“Г»ГӘО“Г»ГӘО“Г»ГӘ
  О“Г»ГӘО“Г»ГӘО“Г»ГӘ                        О“Г»ГүО“Г»ГӘ О“Г»ГӨО“Г»ГӘ О“Г»ГӘО“Г»ГӘО“ГӘГ–   О“Г»ГЎ    О“ГӘГ–О“Г»ГӘО“Г»ГӘ                          О“Г»ГӘО“Г»ГӘО“Г»ГӘ
  О“Г»ГӘО“Г»ГӘО“Г»ГӘ     О“Г»ГҰО“Г»'О“Г»ГҙО“Г»ГӘО“Г»ГӘО“Г»ГӘО“Г»ГӘО“Г»ГӘО“Г»ГӘО“Г»ГӘО“Г»ГӘО“Г»ГӘ        О“Г»ГӘО“Г»ГӘО“Г»ГҮв”¬в•– О“Г»ГӘО“Г»ГӘО“Г»ГЎ   О“Г»ГӨО“Г»ГӘО“Г»ГҮО“Г»ГӨ  О“Г»ГүО“Г»ГӘ.О“Г»ГЎ        О“Г»ГӘО“Г»ГӘО“Г»ГӘО“Г»ГӘО“Г»ГӘО“Г»ГӘО“Г»ГӘО“Г»ГӘО“Г»ГӘО“Г»ГҙО“Г»'О“Г»ГҰ    О“Г»ГӘО“Г»ГӘО“Г»ГӘ
 О“Г»ГӘО“Г»ГӘО“Г»ГҙО“Г»ГӘО“Г»ГҰ                       О“Г»ГүО“Г»ГӘО“Г»ГЎв”¬в•–О“ГӘГ– О“Г»ГүО“Г»ГӘО“Г»Г®О“Г»ГүО“Г»Г®О“Г»ГүО“Г»ГӘО“Г»Г®.О“Г»ГүО“Г»Г® О“Г»ГүО“Г»ГӘО“Г»Г®в”¬в•–                       О“Г»ГҰО“Г»ГӘО“Г»ГҙО“Г»ГӘО“Г»ГӘ
  О“Г»ГӘО“Г»ГӘО“Г»ГӘ                        .О“Г»ГҮ    .О“Г»ГҮО“Г»ГҮО“Г»ГҮ  О“Г»ГҮО“Г»ГӘО“Г»ГӨО“Г»ГҮО“Г»ГЎ О“Г»ГҮО“Г»ГҮО“Г»ГҮ                         О“Г»ГӘО“Г»ГӘО“Г»ГӘ
  О“Г»ГӘО“Г»ГӘО“Г»ГӘ                                                                      О“Г»ГӘО“Г»ГӘО“Г»ГӘ
  О“Г»ГӘО“Г»ГӘО“Г»ГӘ                                                                      О“Г»ГӘО“Г»ГӘО“Г»ГӘ
 О“Г»ГӘО“Г»ГӘО“Г»ГҙО“Г»ГӘО“Г»ГҰ                                                                    О“Г»ГҰО“Г»ГӘО“Г»ГҙО“Г»ГӘО“Г»ГӘ
 О“Г»ГӘО“Г»ГӘ О“Г»ГҙО“Г»ГӘ Ines faellt die Decke auf den Kopf. Die eintoenige Arbeit im       О“Г»ГӘО“Г»Гҙ О“Г»ГӘО“Г»ГӘ
 О“Г»ГӘО“Г»ГӘ О“Г»ГӘО“Г»ГӘ CafГ© Bayer frustriert sie. Schliesslich sollte dieser Job          О“Г»ГӘО“Г»ГӘ О“Г»ГӘО“Г»ГӘ
 О“Г»ГӘО“Г»ГӘО“Г»ГҰО“Г»ГӘ  eigentlich nur voruebergehend sein. Auch Murat ist alles andere     О“Г»ГӘО“Г»ГҰО“Г»ГӘО“Г»ГӘ
 О“Г»ГӘО“Г»ГӘО“Г»ГӘ   als gluecklich ueber seine Taetigkeit in Olafs Imbiss. "Ich bin      О“Г»ГӘО“Г»ГӘО“Г»ГӘ
 О“Г»ГӘО“Г»ГӘО“Г»ГӘ   doch nicht dein Sklave", meckert er und will sich partout nichts     О“Г»ГӘО“Г»ГӘО“Г»ГӘ
 О“Г»ГӘО“Г»ГӘО“Г»ГҰО“Г»ГӘ  von Olaf sagen lassen.                                               О“Г»ГӘО“Г»ГҰО“Г»ГӘО“Г»ГӘ
 О“Г»ГӘО“Г»ГӘ О“Г»ГӘО“Г»ГӘ                                                                     О“Г»ГӘО“Г»ГӘ О“Г»ГӘО“Г»ГӘ
 О“Г»ГӘО“Г»ГӘ О“Г»ГҙО“Г»ГӘ                                                                     О“Г»ГӘО“Г»Гҙ О“Г»ГӘО“Г»ГӘ
 О“Г»ГӘО“Г»ГӘО“Г»ГҙО“Г»ГӘО“Г»ГҰ                                                                     О“Г»ГҰО“Г»ГӘО“Г»ГҙО“Г»ГӘО“Г»ГӘ
  О“Г»ГӘО“Г»ГӘО“Г»ГӘ                                                                       О“Г»ГӘО“Г»ГӘО“Г»ГӘ
  О“Г»ГӘО“Г»ГӘО“Г»ГӘ                                                                       О“Г»ГӘО“Г»ГӘО“Г»ГӘ
  О“Г»ГӘО“Г»ГӘО“Г»ГӘ                                                                       О“Г»ГӘО“Г»ГӘО“Г»ГӘ
 О“Г»ГӘО“Г»ГӘО“Г»ГҙО“Г»ГӘО“Г»ГҰ                                                                     О“Г»ГҰО“Г»ГӘО“Г»ГҙО“Г»ГӘО“Г»ГӘ
  О“Г»ГӘО“Г»ГӘО“Г»ГӘ                                                                       О“Г»ГӘО“Г»ГӘО“Г»ГӘ
  О“Г»ГӘО“Г»ГӘО“Г»ГӘ                                                                       О“Г»ГӘО“Г»ГӘО“Г»ГӘ
  О“Г»ГӘО“Г»ГӘО“Г»ГӘ                                                                       О“Г»ГӘО“Г»ГӘО“Г»ГӘ
  О“Г»ГӘО“Г»ГӘО“Г»ГӘО“Г»ГӘ                                                                     О“Г»ГӘО“Г»ГӘО“Г»ГӘО“Г»ГӘ
  О“Г»ГӘО“Г»ГӘО“Г»ГӘО“Г»Гҙ                                                                     О“Г»ГҙО“Г»ГӘО“Г»ГӘО“Г»ГӘ
  О“Г»ГӘО“Г»ГӘО“Г»ГӘО“Г»ГӘ                                                                     О“Г»ГӘО“Г»ГӘО“Г»ГӘО“Г»ГӘ
 О“Г»'О“Г»ГӘО“Г»ГӘО“Г»ГӘО“Г»ГӘ                                                                    О“Г»ГӘО“Г»ГӘО“Г»ГӘО“Г»ГӘО“Г»'
 О“Г»'О“Г»ГӘО“Г»ГӘО“Г»ГӘО“Г»ГӘ                                   О“Г»ГӘО“Г»ГӘО“Г»Гҙ                              О“Г»ГӘО“Г»ГӘО“Г»ГӘО“Г»ГӘО“Г»'
 О“Г»'О“Г»ГӘО“Г»ГӘО“Г»ГӘО“Г»ГӘ                                   О“Г»ГӘО“Г»ГӘО“Г»'                              О“Г»ГӘО“Г»ГӘО“Г»ГӘО“Г»ГӘО“Г»'
  О“Г»ГӘО“Г»ГӘО“Г»ГӘО“Г»ГӘ                               О“Г»ГҰ   О“Г»ГӘО“Г»ГӘО“Г»'                              О“Г»ГӘО“Г»ГӘО“Г»ГӘО“Г»ГӘ
  О“Г»ГӘО“Г»ГӘО“Г»ГӘО“Г»Гҙ                             О“Г»ГҰ  О“Г»ГӘО“Г»ГӘ О“Г»ГӘО“Г»ГӘО“Г»Гҙ                              О“Г»ГҙО“Г»ГӘО“Г»ГӘО“Г»ГӘ
  О“Г»ГӘО“Г»ГӘО“Г»ГӘ                              О“Г»ГӘО“Г»ГӘ О“Г»ГӘО“Г»ГӘ О“Г»ГӘО“Г»ГӘО“Г»'О“Г»ГҙО“Г»ГӘ                             О“Г»ГӘО“Г»ГӘО“Г»ГӘ
  О“Г»ГӘО“Г»ГӘО“Г»ГӘ                              О“Г»ГӘО“Г»Гҙ О“Г»ГӘО“Г»ГӘ О“Г»ГӘО“Г»ГӘО“Г»'О“Г»ГӘО“Г»ГӘ О“Г»ГӘО“Г»ГӘО“Г»ГӘО“Г»ГҙО“Г»ГҙО“Г»ГҰ                      О“Г»ГӘО“Г»ГӘО“Г»ГӘ
  О“Г»ГӘО“Г»ГӘО“Г»ГӘО“Г»ГӘ           О“Г»ГӘО“Г»ГӘО“Г»ГӘО“Г»ГӘО“Г»ГӘО“Г»ГӘО“Г»ГӘО“Г»ГӘО“Г»ГӘО“Г»ГӘО“Г»ГӘО“Г»ГӘО“Г»ГӘО“Г»ГӘО“Г»ГӘО“Г»ГӘО“Г»ГӘО“Г»ГӘО“Г»ГӘО“Г»ГҙО“Г»'О“Г»ГӘО“Г»ГӘО“Г»'О“Г»ГӘО“Г»'О“Г»ГӘО“Г»ГӘО“Г»ГӘО“Г»ГӘО“Г»ГӘО“Г»ГӘО“Г»ГӘО“Г»ГӘО“Г»ГӘО“Г»ГӘО“Г»ГӘО“Г»ГӘО“Г»ГӘО“Г»ГӘО“Г»ГӘО“Г»ГӘО“Г»ГӘО“Г»ГӘО“Г»ГӘО“Г»ГӘО“Г»ГӘ          О“Г»ГӘО“Г»ГӘО“Г»ГӘО“Г»ГӘ
  О“Г»ГӘО“Г»ГӘО“Г»ГӘ                          О“Г»ГҙО“Г»ГҙО“Г»ГӘО“Г»ГҙО“Г»ГҰО“Г»ГӘО“Г»ГҙО“Г»ГҙО“Г»ГҙО“Г»ГҙО“Г»ГӘ О“Г»ГӘО“Г»Гҙ О“Г»ГӘО“Г»ГӘ                           О“Г»ГӘО“Г»ГӘО“Г»ГӘ
  О“Г»ГӘО“Г»ГӘО“Г»ГӘ                               О“Г»ГӘО“Г»ГӘО“Г»ГҰО“Г»ГҙО“Г»ГӘО“Г»ГӘО“Г»'   О“Г»'                            О“Г»ГӘО“Г»ГӘО“Г»ГӘ
  О“Г»ГӘО“Г»ГӘО“Г»ГӘ                               О“Г»ГӘО“Г»ГӘ О“Г»ГҙО“Г»ГӘО“Г»ГӘ                                 О“Г»ГӘО“Г»ГӘО“Г»ГӘ
 О“Г»ГӘО“Г»ГӘО“Г»ГҙО“Г»ГӘО“Г»ГҰ                                  О“Г»ГӘО“Г»ГӘ                                О“Г»ГҰО“Г»ГӘО“Г»ГҙО“Г»ГӘО“Г»ГӘ
  О“Г»ГӘО“Г»ГӘО“Г»ГӘ                                   О“Г»ГӘО“Г»ГӘ                                 О“Г»ГӘО“Г»ГӘО“Г»ГӘ
  О“Г»ГӘО“Г»ГӘО“Г»ГӘ                                   О“Г»ГӘО“Г»ГҰ                                 О“Г»ГӘО“Г»ГӘО“Г»ГӘ
  О“Г»ГӘО“Г»ГӘО“Г»ГӘ                                                                      О“Г»ГӘО“Г»ГӘО“Г»ГӘ
 О“Г»ГӘО“Г»ГӘО“Г»ГҙО“Г»ГӘО“Г»ГҰ                                                                    О“Г»ГҰО“Г»ГӘО“Г»ГҙО“Г»ГӘО“Г»ГӘ
 О“Г»ГӘО“Г»ГӘ О“Г»ГҙО“Г»ГӘ                                                                    О“Г»ГӘО“Г»Гҙ О“Г»ГӘО“Г»ГӘ
 О“Г»ГӘО“Г»ГӘ О“Г»ГӘО“Г»ГӘ                                                                    О“Г»ГӘО“Г»ГӘ О“Г»ГӘО“Г»ГӘ
 О“Г»ГӘО“Г»ГӘО“Г»ГҰО“Г»ГӘ                                                                      О“Г»ГӘО“Г»ГҰО“Г»ГӘО“Г»ГӘ
 О“Г»ГӘО“Г»ГӘО“Г»ГӘ      Hated, damned, idolized and always on the rise! Since 2015.       О“Г»ГӘО“Г»ГӘО“Г»ГӘ
 О“Г»ГӘО“Г»ГӘО“Г»ГӘ                                                                        О“Г»ГӘО“Г»ГӘО“Г»ГӘ
 О“Г»ГӘО“Г»ГӘО“Г»ГҰО“Г»ГӘ                                                                      О“Г»ГӘО“Г»ГҰО“Г»ГӘО“Г»ГӘ
 О“Г»ГӘО“Г»ГӘ О“Г»ГӘО“Г»ГӘ                                                                    О“Г»ГӘО“Г»ГӘ О“Г»ГӘО“Г»ГӘ
 О“Г»ГӘО“Г»ГӘ О“Г»ГҙО“Г»ГӘ                                                                    О“Г»ГӘО“Г»Гҙ О“Г»ГӘО“Г»ГӘ
 О“Г»ГӘО“Г»ГӘО“Г»ГҙО“Г»ГӘО“Г»ГҰ                                                                    О“Г»ГҰО“Г»ГӘО“Г»ГҙО“Г»ГӘО“Г»ГӘ
  О“Г»ГӘО“Г»ГӘО“Г»ГӘ                                                                      О“Г»ГӘО“Г»ГӘО“Г»ГӘ
  О“Г»ГӘО“Г»ГӘО“Г»ГӘ                                                                      О“Г»ГӘО“Г»ГӘО“Г»ГӘ
  О“Г»ГӘО“Г»ГӘО“Г»ГӘ                                                                      О“Г»ГӘО“Г»ГӘО“Г»ГӘ
 О“Г»ГӘО“Г»ГӘО“Г»ГҙО“Г»ГӘО“Г»ГҰ                                                                    О“Г»ГҰО“Г»ГӘО“Г»ГҙО“Г»ГӘО“Г»ГӘ
  О“Г»ГӘО“Г»ГӘО“Г»ГӘ                                                                      О“Г»ГӘО“Г»ГӘО“Г»ГӘ
  О“Г»ГӘО“Г»ГӘО“Г»ГӘ                                                                      О“Г»ГӘО“Г»ГӘО“Г»ГӘ
  О“Г»ГӘО“Г»ГӘО“Г»ГӘ                     О“Г»Гү О“Г»ГӨ       О“Г»ГӨО“Г»ГӨО“Г»ГӨО“Г»ГӨО“Г»ГӨ О“Г»ГӨО“Г»ГӨО“Г»ГӨ . .О“Г»ГӨО“Г»ГӨ в”¬в•–                      О“Г»ГӘО“Г»ГӘО“Г»ГӘ
  О“Г»ГӘО“Г»ГӘО“Г»ГӘО“Г»ГӘ                   О“ГӘГ–О“Г»ГӘО“Г»Г®О“Г»ГүО“Г»ГӘ О“Г»ГЎ    О“ГӘГ–О“Г»ГӘО“Г»ГӘ   О“Г»ГҮО“Г»ГӨ.О“Г»ГҮв”¬в•– О“Г»ГүО“Г»ГӘ О“Г»ГҮ.                     О“Г»ГӘО“Г»ГӘО“Г»ГӘО“Г»ГӘ
  О“Г»ГӘО“Г»ГӘО“Г»ГӘ    О“Г»ГҰО“Г»'О“Г»ГҙО“Г»ГӘО“Г»ГӘО“Г»ГӘО“Г»ГӘО“Г»ГӘО“Г»ГӘО“Г»ГӘО“Г»ГӘО“Г»ГӘ    О“Г»ГүО“Г»ГӘО“Г»ГүО“Г»ГүО“Г»Г® О“Г»ГӨО“Г»ГӘО“Г»ГҮО“Г»ГӨ  О“Г»ГүО“Г»ГӘ.О“Г»ГЎ О“Г»ГүО“Г»ГҮО“Г»ГҮ О“Г»ГӨ О“Г»ГӨО“Г»ГҮО“Г»ГҮО“Г»ГҮО“Г»ГӘО“Г»ГӨ    О“Г»ГӘО“Г»ГӘО“Г»ГӘО“Г»ГӘО“Г»ГӘО“Г»ГӘО“Г»ГӘО“Г»ГӘО“Г»ГӘО“Г»ГҙО“Г»'О“Г»ГҰ     О“Г»ГӘО“Г»ГӘО“Г»ГӘ
  О“Г»ГӘО“Г»ГӘО“Г»ГӘ                    О“Г»ГӘО“Г»ГӘО“Г»ГүО“Г»ГӘО“Г»Г®О“Г»ГүО“Г»ГӘО“Г»Г®.О“Г»ГүО“Г»Г® О“Г»ГүО“Г»ГӘО“Г»Г®в”¬в•– О“Г»ГүО“Г»ГӘО“Г»ГӨ О“Г»Г® О“Г»ГүО“Г»ГӘО“Г»ГӨО“Г»ГЎО“Г»ГүО“Г»ГӘ                     О“Г»ГӘО“Г»ГӘО“Г»ГӘ
  О“Г»ГӘО“Г»ГӘО“Г»ГӘО“Г»Гҙ                   О“Г»ГҮО“Г»ГҮ О“Г»ГӘО“Г»ГЎ О“Г»ГҮО“Г»ГӘО“Г»ГӨО“Г»ГҮО“Г»ГЎ О“Г»ГҮО“Г»ГҮО“Г»ГҮ   О“Г»ГҮО“Г»ГҮО“Г»ГҮ   О“Г»ГҮО“Г»ГҮО“Г»ГҮО“Г»ГҮ                     О“Г»ГҙО“Г»ГӘО“Г»ГӘО“Г»ГӘ
  О“Г»ГӘО“Г»ГӘО“Г»ГӘО“Г»ГӘ                                                                    О“Г»ГӘО“Г»ГӘО“Г»ГӘО“Г»ГӘ
 О“Г»'О“Г»ГӘО“Г»ГӘО“Г»ГӘО“Г»ГӘ                                                                    О“Г»ГӘО“Г»ГӘО“Г»ГӘО“Г»ГӘО“Г»'
 О“Г»'О“Г»ГӘО“Г»ГӘО“Г»ГӘО“Г»ГӘ                                                                    О“Г»ГӘО“Г»ГӘО“Г»ГӘО“Г»ГӘО“Г»'
 О“Г»'О“Г»ГӘО“Г»ГӘО“Г»ГӘО“Г»ГӘ                  Nothing! - Keep the Scene alive!                  О“Г»ГӘО“Г»ГӘО“Г»ГӘО“Г»ГӘО“Г»'
 О“Г»'О“Г»ГӘО“Г»ГӘО“Г»ГӘО“Г»ГӘ                                                                    О“Г»ГӘО“Г»ГӘО“Г»ГӘО“Г»ГӘО“Г»'
  О“Г»ГӘО“Г»ГӘО“Г»ГӘО“Г»ГӘ                                                                    О“Г»ГӘО“Г»ГӘО“Г»ГӘО“Г»ГӘ
  О“Г»ГӘО“Г»ГӘО“Г»ГӘО“Г»Гҙ                                                                    О“Г»ГҙО“Г»ГӘО“Г»ГӘО“Г»ГӘ
  О“Г»ГӘО“Г»ГӘО“Г»ГӘ                                                                      О“Г»ГӘО“Г»ГӘО“Г»ГӘ
  О“Г»ГӘО“Г»ГӘО“Г»ГӘ                                                                      О“Г»ГӘО“Г»ГӘО“Г»ГӘ
  О“Г»ГӘО“Г»ГӘО“Г»ГӘО“Г»ГӘ                                                                    О“Г»ГӘО“Г»ГӘО“Г»ГӘО“Г»ГӘ
  О“Г»ГӘО“Г»ГӘО“Г»ГӘ                                                                      О“Г»ГӘО“Г»ГӘО“Г»ГӘ
  О“Г»ГӘО“Г»ГӘО“Г»ГӘ                                                                      О“Г»ГӘО“Г»ГӘО“Г»ГӘ
  О“Г»ГӘО“Г»ГӘО“Г»ГӘ                   О“Г»ГӨО“Г»ГӨ О“ГӘГ– О“Г»ГӨО“Г»ГӨО“Г»ГӨ  О“Г»ГӨО“Г»ГӨО“Г»ГӨ .О“Г»ГӨО“Г»ГӨО“Г»ГӨ .О“Г»ГӨО“Г»ГӨО“Г»ГӨО“Г»ГӨО“Г»ГӨв”¬в•–О“Г»ГӨО“Г»ГӨО“Г»ГӨО“Г»ГӨО“ГӘГ–                    О“Г»ГӘО“Г»ГӘО“Г»ГӘ
 О“Г»ГӘО“Г»ГӘО“Г»ГҙО“Г»ГӘО“Г»ГҰ                 О“Г»ГүО“Г»ГӘ О“Г»ГҮ О“Г»ГЎО“Г»ГҮО“Г»ГӨ О“Г»ГӘв”¬в•–О“Г»ГҮО“Г»ГӨ.О“Г»ГҮв”¬в•–О“Г»ГҮО“Г»ГӨ.О“Г»ГҮв”¬в•–О“ГӘГ–О“Г»ГӘО“Г»ГӘ  О“Г»ГЎО“Г»ГҮв”¬в•–.О“Г»ГӘО“Г»Г®                   О“Г»ГҰО“Г»ГӘО“Г»ГҙО“Г»ГӘО“Г»ГӘ
  О“Г»ГӘО“Г»ГӘО“Г»ГӘ    О“Г»ГҰО“Г»'О“Г»ГҙО“Г»ГӘО“Г»ГӘО“Г»ГӘО“Г»ГӘО“Г»ГӘО“Г»ГӘО“Г»ГӘО“Г»ГӘО“Г»ГӘ  О“Г»ГӨО“Г»ГӘ О“Г»ГҮО“Г»ГӘО“Г»ГӨО“Г»ГүО“Г»ГҮО“Г»ГҮО“Г»ГӨ О“Г»ГүО“Г»ГҮО“Г»ГҮ О“Г»ГӨО“Г»ГүО“Г»ГҮО“Г»ГҮ О“Г»ГӨ О“Г»ГүО“Г»ГӘ.О“Г»ГЎО“Г»ГӨО“Г»ГӘО“Г»ГҮО“Г»ГҮО“Г»ГҮО“ГӘГ–   О“Г»ГӘО“Г»ГӘО“Г»ГӘО“Г»ГӘО“Г»ГӘО“Г»ГӘО“Г»ГӘО“Г»ГӘО“Г»ГӘО“Г»ГҙО“Г»'О“Г»ГҰ     О“Г»ГӘО“Г»ГӘО“Г»ГӘ
  О“Г»ГӘО“Г»ГӘО“Г»ГӘ                  О“Г»ГүО“Г»ГӘО“Г»ГӨО“Г»ГЎО“Г»ГүО“Г»ГӘО“Г»ГүО“Г»ГӘО“ГӘГ–О“Г»ГӘО“Г»Г®О“Г»ГүО“Г»ГӘО“Г»ГӨ О“Г»Г®О“Г»ГүО“Г»ГӘО“Г»ГӨ О“Г»Г® О“Г»ГүО“Г»ГӘО“Г»Г®в”¬в•–О“Г»ГӘО“Г»Г®О“Г»ГЎО“Г»ГӨО“Г»ГӘО“Г»ГҮ                    О“Г»ГӘО“Г»ГӘО“Г»ГӘ
  О“Г»ГӘО“Г»ГӘО“Г»ГӘ                  в”¬в•–О“Г»ГҮО“Г»ГҮО“Г»ГҮО“Г»ГҮ .О“Г»ГҮ  О“Г»ГҮ О“Г»ГҮО“Г»ГҮО“Г»ГҮ  О“Г»ГҮО“Г»ГҮО“Г»ГҮ  О“Г»ГҮО“Г»ГҮО“Г»ГҮ в”¬в•–О“Г»ГҮО“Г»ГҮО“Г»ГҮ О“ГӘГ–                    О“Г»ГӘО“Г»ГӘО“Г»ГӘ
 О“Г»ГӘО“Г»ГӘО“Г»ГҙО“Г»ГӘО“Г»ГҰ                                                                    О“Г»ГҰО“Г»ГӘО“Г»ГҙО“Г»ГӘО“Г»ГӘ
 О“Г»ГӘО“Г»ГӘ О“Г»ГҙО“Г»ГӘ                                                                    О“Г»ГӘО“Г»Гҙ О“Г»ГӘО“Г»ГӘ
 О“Г»ГӘО“Г»ГӘ О“Г»ГӘО“Г»ГӘ                                                                    О“Г»ГӘО“Г»ГӘ О“Г»ГӘО“Г»ГӘ
 О“Г»ГӘО“Г»ГӘО“Г»ГҰО“Г»ГӘ          SPECiAL THANKS TO LAW MRW CDWE FOR THE COOPERATiON          О“Г»ГӘО“Г»ГҰО“Г»ГӘО“Г»ГӘ
 О“Г»ГӘО“Г»ГӘО“Г»ГӘ                                                                        О“Г»ГӘО“Г»ГӘО“Г»ГӘ
  О“Г»ГӘО“Г»ГӘО“Г»ГӘО“Г»ГӘ                                                                    О“Г»ГӘО“Г»ГӘО“Г»ГӘО“Г»ГӘ
 О“Г»ГӘО“Г»ГӘО“Г»ГӘ О“Г»ГӘО“Г»Гҙ                              О“Г»ГӘО“Г»ГҰ                                  О“Г»ГҙО“Г»ГӘ О“Г»ГӘО“Г»ГӘО“Г»ГӘ
 О“Г»ГӘО“Г»ГӘО“Г»ГҙО“Г»ГҰО“Г»Гҙ                               О“Г»ГӘО“Г»ГӘ                                   О“Г»ГҙО“Г»ГҰО“Г»ГҙО“Г»ГӘО“Г»ГӘ
 О“Г»ГӘО“Г»ГӘО“Г»ГҙО“Г»ГӘ                                О“Г»ГӘО“Г»ГӘ                                    О“Г»ГӘО“Г»ГҙО“Г»ГӘО“Г»ГӘ
 О“Г»ГӘО“Г»ГҙО“Г»ГӘО“Г»Гҙ                            О“Г»ГӘО“Г»ГӘ О“Г»ГҙО“Г»ГӘО“Г»ГӘ                                    О“Г»ГҙО“Г»ГӘО“Г»ГҙО“Г»ГӘ
 О“Г»ГӘО“Г»ГӘО“Г»ГӘО“Г»ГӘ                            О“Г»ГӘО“Г»ГӘО“Г»ГҰО“Г»ГҙО“Г»ГӘО“Г»ГӘО“Г»'   О“Г»'                               О“Г»ГӘО“Г»ГӘО“Г»ГӘО“Г»ГӘ
 О“Г»ГӘО“Г»ГҙО“Г»ГӘО“Г»ГӘО“Г»ГӘО“Г»Гҙ                     О“Г»ГҙО“Г»ГҙО“Г»ГӘО“Г»ГҙО“Г»ГҰО“Г»ГӘО“Г»ГҙО“Г»ГҙО“Г»ГҙО“Г»ГҙО“Г»ГӘ О“Г»ГӘО“Г»Гҙ О“Г»ГӘО“Г»ГӘ                            О“Г»ГҙО“Г»ГӘО“Г»ГӘО“Г»ГӘО“Г»ГҙО“Г»ГӘ
 О“Г»ГӘО“Г»ГӘО“Г»ГӘО“Г»ГҙО“Г»ГӘО“Г»ГӘО“Г»ГӘО“Г»ГӘО“Г»ГӘО“Г»ГӘО“Г»ГӘО“Г»ГҙО“Г»ГӘО“Г»ГӘО“Г»ГӘО“Г»ГӘО“Г»ГӘО“Г»ГӘО“Г»ГӘО“Г»ГӘО“Г»ГӘО“Г»ГӘО“Г»ГӘО“Г»ГӘО“Г»ГӘО“Г»ГӘО“Г»ГӘО“Г»ГӘО“Г»ГӘО“Г»ГӘО“Г»ГӘО“Г»ГӘО“Г»ГҙО“Г»'О“Г»ГӘО“Г»ГӘО“Г»'О“Г»ГӘО“Г»'О“Г»ГӘО“Г»ГӘО“Г»ГӘО“Г»ГӘО“Г»ГӘО“Г»ГӘО“Г»ГӘО“Г»ГӘО“Г»ГӘО“Г»ГӘО“Г»ГӘО“Г»ГӘО“Г»ГӘО“Г»ГӘО“Г»ГӘО“Г»ГӘО“Г»ГӘО“Г»ГӘО“Г»ГӘО“Г»ГӘО“Г»ГӘО“Г»ГӘО“Г»ГӘО“Г»ГӘО“Г»ГӘО“Г»ГӘО“Г»ГӘО“Г»ГӘО“Г»ГҙО“Г»ГӘО“Г»ГӘО“Г»ГӘО“Г»ГӘО“Г»ГӘО“Г»ГӘО“Г»ГҙО“Г»ГӘО“Г»ГӘО“Г»ГӘ
 О“Г»ГҙО“Г»ГӘО“Г»ГӘО“Г»ГӘО“Г»ГҙО“Г»ГҙО“Г»ГӘО“Г»ГҙО“Г»ГӘО“Г»ГӘО“Г»ГӘО“Г»ГҙО“Г»ГҙО“Г»ГӘО“Г»ГӘО“Г»ГӘО“Г»ГҙО“Г»ГҙО“Г»ГӘО“Г»ГҙО“Г»ГӘО“Г»ГӘО“Г»ГӘО“Г»ГҙО“Г»ГӘО“Г»ГӘО“Г»ГӘО“Г»Гҙ   О“Г»ГӘО“Г»Гҙ О“Г»ГӘО“Г»ГӘ О“Г»ГӘО“Г»ГӘО“Г»'О“Г»ГӘО“Г»ГӘ О“Г»ГӘО“Г»ГӘО“Г»ГӘО“Г»ГҙО“Г»ГҙО“Г»ГҰ       О“Г»ГҙО“Г»ГӘО“Г»ГӘО“Г»ГӘО“Г»ГҙО“Г»ГӘО“Г»ГҙО“Г»ГҙО“Г»ГӘО“Г»ГӘО“Г»ГӘО“Г»ГҙО“Г»ГӘО“Г»ГӘО“Г»ГҙО“Г»ГӘО“Г»ГҙО“Г»ГҙО“Г»ГӘО“Г»ГӘО“Г»ГӘО“Г»Гҙ
                                О“Г»ГӘО“Г»ГӘ О“Г»ГӘО“Г»ГӘ О“Г»ГӘО“Г»ГӘО“Г»'О“Г»ГҙО“Г»ГӘ
                                О“Г»ГҰ  О“Г»ГӘО“Г»ГӘ О“Г»ГӘО“Г»ГӘО“Г»Гҙ                  art division nFo-13
                                  О“Г»ГҰ   О“Г»ГӘО“Г»ГӘО“Г»'
                                      О“Г»ГӘО“Г»ГӘО“Г»'
                                      О“Г»ГӘО“Г»ГӘО“Г»Гҙ

                                      О“Г»ГӘО“Г»ГӘО“Г»Гҙ

                                      О“Г»ГӘО“Г»ГӘО“Г»Гҙ
                                      О“Г»ГӘО“Г»ГӘО“Г»Гҙ
