                                    ΓûêΓûæ
                                    ΓûêΓûê
                     ΓûêΓûê             ΓûêΓûê
                     ΓûêΓûê         ΓûêΓûê ΓûôΓûêΓûê                Γû'
                      ΓûêΓûê        ΓûêΓûêΓûæΓûôΓûêΓûêΓû'   Γû'          ΓûêΓûê
                      ΓûêΓûêΓûô  ΓûôΓûôΓûêΓûôΓûæΓûêΓûôΓûôΓûôΓûôΓûê ΓûêΓûô ΓûêΓûê        ΓûæΓûêΓûê
                       ΓûêΓûê  ΓûêΓûêΓûêΓûêΓûêΓûôΓû'ΓûêΓûêΓû'ΓûêΓû'ΓûêΓûêΓûôΓûêΓûêΓûôΓûêΓûêΓûêΓûê   ΓûêΓûê
                       ΓûôΓûêΓûê    Γû'ΓûêΓûô ΓûêΓûê ΓûêΓûêΓû'ΓûêΓûê ΓûêΓûêΓûêΓûôΓûôΓûæ   ΓûêΓûê
                        ΓûêΓûêΓûæ Γûæ  ΓûêΓûê ΓûêΓûê ΓûêΓûêΓû'ΓûôΓûê       Γûæ ΓûêΓûêΓû'
                         ΓûêΓûê    Γûæ  ΓûêΓûê ΓûêΓûêΓûô           ΓûêΓûê
                         ΓûêΓûêΓûô  Γûæ  Γûæ   ΓûêΓûê           ΓûêΓûêΓûô
                          ΓûêΓûê          Γûô           ΓûêΓûê
                        Γûæ ΓûôΓûêΓûê                  Γûæ ΓûêΓûêΓûô Γûæ
                           ΓûêΓûêΓûæ                   ΓûêΓûê
                            ΓûêΓûê                  ΓûêΓûêΓûô
                            ΓûêΓûêΓûê Γûæ   Γûæ           ΓûêΓûê
                             ΓûêΓûê       ΓûêΓûê       ΓûêΓûêΓûê Γûæ
                             ΓûôΓûêΓûê    ΓûêΓûêΓûêΓûêΓûêΓûô     ΓûêΓûê
                              ΓûêΓûêΓûæ   ΓûôΓûôΓû'Γû'ΓûôΓû'  Γûæ ΓûêΓûêΓûôΓû'Γûê
                               ΓûêΓûêΓûôΓûêΓûêΓûêΓûêΓûêΓûêΓûêΓûêΓûêΓûêΓûêΓûêΓûêΓûêΓûêΓûêΓûêΓûêΓûæ
                          ΓûôΓûêΓûêΓûêΓûêΓûêΓûêΓûêΓûêΓûêΓûêΓûêΓûêΓûêΓûêΓûêΓûêΓûêΓûêΓûêΓûôΓûôΓû'ΓûæΓûêΓûêΓûê
                          ΓûêΓûêΓûêΓûôΓûêΓûêΓûêΓûêΓûêΓûê ΓûêΓûê           ΓûêΓûêΓûô
                          Γû'ΓûêΓûêΓûôΓûô               ΓûæΓûôΓûôΓû'ΓûêΓûêΓûêΓûêΓûêΓûêΓûêΓûêΓûêΓûêΓûêΓûêΓûêΓûêΓûêΓûêΓûêΓûêΓûêΓûêΓûêΓûêΓûô
                 ΓûæΓûôΓûôΓûôΓûôΓûêΓûêΓûêΓûôΓûôΓûêΓûêΓûêΓûêΓûæΓûôΓûêΓûêΓûêΓûêΓûêΓûêΓûêΓûêΓûêΓûêΓûêΓûêΓûêΓûêΓûêΓûêΓûêΓûôΓûôΓûôΓûêΓûêΓûêΓûêΓûêΓûêΓûêΓûêΓûêΓûêΓûêΓûêΓûêΓûêΓûêΓûêΓûêΓûêΓûêΓûêΓûê
         ΓûôΓûôΓûêΓûêΓûêΓûêΓûêΓûêΓûêΓûêΓûêΓûêΓûêΓûêΓûêΓûêΓûêΓûêΓûêΓûêΓûêΓûêΓûêΓûêΓûêΓûêΓûôΓûôΓû'                                 ΓûêΓûêΓûê
     ΓûôΓûêΓûêΓûêΓûêΓûêΓûêΓûêΓûêΓûêΓûôΓûô                                                    ΓûêΓûê ΓûêΓûê
     ΓûêΓûêΓûêΓûêΓû'                                    Γû'ΓûôΓûôΓûôΓûêΓûêΓûêΓûêΓûêΓûêΓûêΓûêΓûêΓûêΓûêΓûêΓûêΓûêΓûêΓûêΓûê  ΓûêΓûê ΓûêΓûê
    ΓûôΓûêΓûêΓûôΓûô       ΓûêΓûêΓûêΓûêΓûêΓûêΓûêΓûêΓûêΓûêΓûêΓûêΓûêΓûêΓûêΓûêΓûêΓûêΓûêΓûêΓûêΓûêΓûêΓûêΓûêΓûêΓûêΓûêΓûêΓûêΓûêΓûêΓûêΓûêΓûêΓûêΓûêΓûôΓûêΓûôΓû'Γû'Γûæ       ΓûêΓûê    ΓûêΓûêΓûô
    ΓûôΓûêΓûêΓûêΓû'Γûê   ΓûêΓûêΓûêΓûêΓûêΓûô                                                ΓûêΓûê   ΓûêΓûêΓûê
    ΓûæΓûêΓûêΓûêΓûê   ΓûêΓûê                                                     ΓûôΓûê   ΓûôΓûêΓûê
     ΓûêΓûêΓûêΓûô   Γûê                                                       ΓûêΓûô  Γû'ΓûêΓûêΓû'
     ΓûêΓûêΓûêΓûô   Γûê                           Γû'      Γû'             Γû'Γû'     ΓûêΓûê  ΓûæΓûêΓûêΓûô
     ΓûêΓûêΓûêΓûê   Γûê              Γû'ΓûæΓû'Γû'ΓûôΓûôΓûôΓûêΓûêΓûêΓûêΓûêΓûêΓûêΓûêΓûêΓûêΓûêΓûôΓûêΓûêΓûôΓûæ       ΓûêΓû' ΓûêΓûê Γû'    ΓûôΓûê  Γû'ΓûêΓûêΓûê
     ΓûêΓûêΓûêΓûê   Γûê               ΓûêΓûêΓûêΓûêΓûêΓûêΓûêΓûêΓûêΓûêΓûêΓûêΓûêΓûêΓûêΓûêΓûêΓûêΓûêΓûêΓûô       ΓûêΓûêΓûêΓûêΓûêΓûêΓû'      ΓûêΓûô  ΓûêΓûêΓûê
     ΓûêΓûêΓûêΓûêΓû'  ΓûêΓûæ           ΓûôΓûêΓûêΓûêΓûêΓûêΓûêΓûêΓûêΓûêΓûêΓûêΓûêΓûêΓûêΓûêΓûêΓûôΓûêΓûêΓûêΓûêΓûê      ΓûôΓûêΓûêΓûêΓûêΓûêΓûê        ΓûêΓûê  ΓûêΓûêΓûê
     ΓûêΓûêΓûêΓûêΓûæ  ΓûêΓûô           ΓûêΓûêΓûôΓûôΓû'  ΓûêΓûêΓûêΓûêΓûêΓûê     ΓûêΓûêΓûêΓûêΓûô     ΓûêΓûêΓûêΓûêΓûêΓûêΓûæ         ΓûêΓûê  ΓûêΓûêΓûê
     ΓûôΓûêΓûêΓûôΓûô  ΓûêΓûô          Γûæ      ΓûêΓûêΓûêΓûêΓûêΓûê    ΓûêΓûêΓûêΓûêΓûêΓûê    ΓûêΓûêΓûêΓûêΓûêΓûêΓûê           ΓûæΓûê  ΓûêΓûêΓûê
     ΓûæΓûêΓûêΓûôΓûê  ΓûêΓûê                ΓûêΓûêΓûêΓûêΓûêΓûê     ΓûæΓûêΓûêΓûêΓûêΓûê  ΓûæΓûêΓûêΓûêΓûêΓûêΓûêΓû'             Γûê  ΓûêΓûêΓûê
      ΓûêΓûêΓûêΓûê   Γûê              Γû'ΓûêΓûêΓûêΓûêΓûêΓûê       ΓûêΓûêΓûêΓûê  ΓûêΓûêΓûêΓûêΓûêΓûêΓûê               Γûê  ΓûôΓûêΓûê
      ΓûêΓûêΓûêΓûê   ΓûêΓûê            ΓûôΓûêΓûêΓûêΓûêΓûêΓûê       ΓûêΓûêΓûêΓûêΓûêΓû'ΓûêΓûêΓûêΓûêΓûêΓûêΓûê               ΓûæΓûê   ΓûêΓûê
      ΓûêΓûêΓûêΓûê   ΓûêΓûê            ΓûêΓûêΓûêΓûêΓûêΓûê        ΓûêΓûêΓûêΓûêΓûêΓûêΓûêΓûêΓûêΓûêΓûê                 ΓûôΓûê   ΓûêΓûê
      ΓûêΓûêΓûêΓûê    Γûê           ΓûêΓûêΓûêΓûêΓûêΓûê         ΓûêΓûêΓûêΓûêΓûêΓûêΓûêΓûêΓûê                   ΓûêΓûê   ΓûêΓûê
      ΓûôΓûêΓûêΓûê    ΓûêΓûê         Γûê ΓûêΓûêΓûêΓûê          ΓûêΓû'ΓûêΓûêΓûêΓûêΓûêΓû'                    ΓûêΓûê   ΓûêΓûê
       ΓûêΓûêΓûê    ΓûêΓûê          ΓûæΓûô Γûê          Γûæ ΓûôΓûêΓûôΓûêΓûô                      ΓûôΓûê   ΓûêΓûê
       ΓûêΓûêΓûêΓûô    ΓûêΓûô         Γûæ Γûê             Γûê                           Γûê   ΓûêΓûê
       ΓûêΓûêΓûôΓûê    ΓûêΓûô          Γûô                                          Γûê   ΓûêΓûêΓûô
       ΓûêΓûêΓûôΓûê    ΓûêΓûê                                                     Γûê   ΓûêΓûêΓûê
       ΓûêΓûêΓûêΓûô    ΓûêΓûê                                                     Γûê   ΓûêΓûêΓûê
       ΓûôΓûêΓûêΓûêΓûê   ΓûæΓûê                          ΓûêΓûêΓûêΓûêΓûêΓûêΓûêΓûêΓûêΓûêΓûêΓûêΓûêΓûêΓûêΓûêΓûêΓûêΓûêΓûêΓûêΓûêΓûêΓûêΓûêΓûêΓûê    ΓûêΓûêΓûê
       ΓûæΓûêΓûêΓûêΓûê    ΓûêΓûêΓûêΓûæ         ΓûæΓû'ΓûôΓûêΓûêΓûêΓûêΓûêΓûêΓûêΓûêΓûêΓûêΓûêΓûê                             Γû'ΓûêΓûêΓûê
        ΓûêΓûêΓûôΓûê   Γûô  ΓûêΓûêΓûêΓûêΓûêΓûêΓûêΓûêΓûêΓûêΓûêΓûêΓûêΓûêΓûêΓûê          ΓûêΓûêΓûêΓûêΓûêΓûêΓûô                      ΓûêΓûêΓûêΓûê
        ΓûêΓûêΓûôΓûê ΓûôΓûêΓûêΓûêΓûê   Γû'ΓûêΓûô   ΓûæΓû'Γû'    ΓûêΓûêΓûêΓûêΓûôΓûêΓûêΓûêΓûêΓûêΓûêΓûêΓûêΓûêΓûêΓûêΓûê                   ΓûæΓûôΓûêΓûêΓûêΓûêΓûê
        ΓûêΓûêΓûôΓû'ΓûêΓûêΓû'ΓûêΓûôΓûê  ΓûêΓûê ΓûêΓûê ΓûêΓûêΓûêΓûê    ΓûêΓûêΓûêΓûêΓûêΓûêΓûêΓûêΓûêΓûê ΓûêΓûêΓûêΓûê                    ΓûôΓûêΓûêΓûêΓûêΓûêΓûê
        ΓûêΓûêΓûêΓûæΓûôΓûêΓûôΓûêΓûêΓûô   ΓûôΓûêΓû'   ΓûæΓû'     Γûæ     Γû'ΓûêΓûêΓû' ΓûêΓûôΓû'ΓûêΓû'ΓûêΓûêΓûêΓûêΓûêΓûêΓûêΓûêΓûêΓûêΓûêΓûêΓûêΓûêΓûêΓûêΓûêΓûêΓûêΓûêΓûêΓûêΓûêΓûêΓûê
         ΓûêΓûêΓûêΓûôΓûôΓûêΓû'Γûæ ΓûêΓûêΓûêΓûôΓûêΓûêΓûêΓûêΓûêΓûêΓûêΓûêΓûêΓûêΓûêΓûêΓûêΓûêΓûêΓûêΓûêΓûêΓûêΓûêΓûêΓûêΓûêΓûêΓûêΓûêΓûêΓûêΓûêΓûêΓûêΓûêΓûêΓûêΓûêΓûêΓûêΓûêΓûêΓûêΓûêΓûêΓûêΓûêΓûêΓûêΓûôΓûêΓûêΓûê
          ΓûêΓûêΓûêΓûêΓûêΓûêΓûêΓûêΓûêΓûêΓûêΓûêΓûêΓûêΓûôΓûêΓûêΓûôΓûôΓûôΓûêΓûôΓûêΓûêΓûêΓûêΓûêΓûêΓûêΓûêΓûêΓûêΓûêΓûêΓûêΓûêΓûêΓûêΓûêΓûêΓûêΓûêΓûôΓûôΓûôΓûôΓûêΓûêΓûôΓûôΓûôΓûôΓûôΓûôΓûôΓûôΓûêΓûêΓûêΓûêΓûô
            ΓûôΓûêΓûêΓûêΓûêΓûêΓûêΓûêΓûêΓûêΓûêΓûêΓûêΓûêΓûêΓûêΓûêΓûêΓûêΓûêΓûêΓû'Γû'Γû' ΓûôΓûê ΓûêΓûê ΓûôΓû'ΓûêΓûæΓûêΓûêΓûôΓûêΓûêΓûêΓûêΓûêΓûêΓûêΓûêΓûêΓûêΓûêΓûêΓûêΓûêΓûêΓûêΓûêΓûêΓûê  Γûæ
               ΓûôΓûêΓûêΓûêΓûêΓûêΓûêΓûêΓûêΓûêΓûêΓûêΓûêΓûêΓû'ΓûêΓûêΓûê ΓûêΓûôΓû'Γûê  ΓûêΓûê  ΓûêΓûê ΓûêΓûêΓû'ΓûôΓûôΓûêΓûæΓû'ΓûôΓûæΓû'ΓûôΓûôΓûôΓûôΓû'ΓûôΓûêΓûê    Γûæ
                             Γû'ΓûêΓûêΓûê ΓûêΓû' Γûê      ΓûêΓûê ΓûêΓûê ΓûêΓûêΓûêΓûæ  Γûô
                      ΓûôΓûê ΓûêΓûê ΓûêΓûêΓûêΓûôΓûêΓû'   Γûê ΓûêΓû' ΓûêΓûê   ΓûôΓûê ΓûôΓûêΓûêΓûêΓûê ΓûêΓûê Γûê
                     ΓûêΓûêΓûêΓûêΓûê  ΓûêΓûê  ΓûêΓûê        ΓûêΓûê   ΓûêΓûê  ΓûêΓûêΓûêΓûê ΓûæΓûêΓû'ΓûêΓûê
                     Γûê  Γûæ ΓûêΓûêΓûêΓûô Γûê ΓûêΓûê            Γû'ΓûêΓû'ΓûêΓûê ΓûêΓûêΓûê
                       ΓûêΓûêΓûêΓûêΓûêΓûêΓûê  ΓûêΓûæΓûêΓûê         ΓûôΓûêΓû'ΓûêΓûêΓûê  ΓûêΓûêΓûêΓûêΓûêΓûêΓûê
                    ΓûêΓûêΓûêΓûêΓûêΓûêΓûêΓûêΓûæΓûêΓûê  Γûæ ΓûêΓûê      Γû'ΓûêΓûêΓûêΓûêΓûê  ΓûêΓûê  ΓûêΓûêΓûôΓûêΓûêΓûêΓûêΓûê  Γûæ
                  ΓûêΓûêΓûêΓûêΓûêΓûêΓûêΓûôΓûêΓûê ΓûêΓûê     ΓûêΓûêΓûêΓûêΓûêΓûêΓûêΓûêΓûêΓûê        ΓûêΓûæΓûêΓûêΓû'ΓûêΓûêΓûêΓûêΓûêΓûô  Γûæ
               ΓûôΓûôΓûêΓûêΓûêΓûêΓûêΓûôΓûôΓûôΓûêΓûê  Γû'Γûê        ΓûêΓûêΓûêΓûô         ΓûêΓûêΓûê  ΓûêΓûôΓûôΓûêΓû'ΓûôΓûêΓûêΓûê
            ΓûêΓûêΓûêΓûêΓûêΓûêΓûêΓûêΓûê    ΓûêΓûê   ΓûêΓûê     Γû'ΓûêΓûêΓûêΓûêΓûêΓûê      ΓûôΓûê Γûê   ΓûêΓûê ΓûêΓûêΓûôΓûêΓûêΓûêΓûê
         ΓûôΓûêΓûêΓûêΓûêΓûêΓûôΓûêΓûêΓûê     ΓûêΓûê   ΓûæΓûêΓû'ΓûêΓûê   ΓûêΓûêΓûêΓûêΓûêΓûêΓûêΓûê    ΓûêΓûê ΓûôΓûê    ΓûêΓûê ΓûêΓûêΓûêΓûôΓûêΓûêΓûêΓûôΓû'
      Γû'ΓûêΓûêΓûêΓûêΓûêΓûêΓû'Γû'ΓûêΓûêΓûê      ΓûêΓûê    Γûê  ΓûêΓûô ΓûêΓûêΓûêΓûêΓûêΓûêΓûêΓûêΓûê  Γû'Γûê   ΓûêΓûê    ΓûôΓûêΓûô   ΓûôΓûêΓûêΓûêΓûêΓûêΓûêΓûê
 Γûæ  ΓûêΓûêΓûêΓûêΓûêΓûêΓûêΓûê ΓûôΓûêΓûê       ΓûêΓûê    ΓûôΓûêΓû' ΓûêΓûêΓûêΓûêΓûêΓûêΓûêΓûêΓûêΓûêΓûêΓûê ΓûêΓûêΓûô  ΓûôΓûêΓû'     ΓûêΓûê    ΓûôΓûôΓûêΓûêΓûêΓûêΓûêΓûêΓûêΓûê
  ΓûôΓûêΓûêΓûêΓûêΓûêΓûêΓûô  ΓûêΓûê        ΓûôΓûêΓûæ    ΓûôΓûêΓûô   ΓûêΓûêΓûêΓûêΓûêΓûêΓûêΓûêΓûêΓûêΓûêΓûê    ΓûêΓûêΓûô ΓûêΓûê   ΓûêΓûê        ΓûôΓûêΓûêΓûêΓûêΓûêΓûê
  ΓûêΓûêΓûêΓûôΓûêΓû'   Γûê          ΓûêΓûê  ΓûêΓûê  ΓûêΓûêΓûô  ΓûêΓûêΓûêΓûêΓûêΓûêΓûêΓûêΓûêΓûêΓûæ    ΓûêΓûêΓûê    Γû'  ΓûêΓûê         ΓûæΓûêΓûôΓûôΓûêΓûêΓûêΓûô
 ΓûæΓûêΓûêΓûêΓûêΓûêΓûê             ΓûôΓûêΓû'      ΓûêΓûêΓûêΓûôΓûôΓûêΓûêΓûêΓûêΓûêΓûêΓûêΓûêΓûêΓûê   ΓûêΓûêΓûêΓûêΓûê   ΓûêΓûê   ΓûêΓûê         ΓûêΓûêΓûêΓûôΓûêΓûêΓûê
 Γû'ΓûêΓûêΓûêΓûê               ΓûêΓûê   ΓûêΓûê  ΓûêΓûêΓûôΓûêΓûêΓûêΓûêΓûêΓûêΓûêΓûêΓûêΓûêΓûêΓûêΓûôΓûêΓûêΓûêΓû'Γû'Γûê         ΓûêΓûê          ΓûôΓûêΓûêΓûêΓûôΓûê
 Γû'ΓûêΓûêΓûêΓûê         ΓûôΓûêΓûê  ΓûêΓûê         ΓûêΓû'ΓûæΓûêΓûêΓûôΓûêΓûêΓûêΓûêΓûêΓûêΓûêΓûêΓûêΓûêΓûô  ΓûêΓû'      ΓûêΓûêΓûêΓûêΓûê            ΓûêΓûêΓûêΓûê
  ΓûêΓûêΓûêΓûê         ΓûêΓûêΓûê   ΓûêΓûêΓûô       ΓûêΓûê ΓûôΓûêΓûêΓûêΓûôΓûôΓûêΓûôΓûêΓûêΓûêΓûê   ΓûêΓûê    ΓûêΓûêΓûêΓûêΓûêΓûê              ΓûôΓûêΓûôΓûê
  ΓûêΓûêΓûêΓûô                ΓûêΓûêΓûê       ΓûêΓûæΓûôΓûêΓûêΓûêΓûêΓûôΓûêΓûêΓûêΓûêΓûêΓûê  ΓûêΓûê  ΓûêΓûêΓûêΓûêΓûêΓûêΓû'                ΓûêΓûôΓûêΓûê
  ΓûêΓûêΓûê                  ΓûôΓûêΓûêΓûê     ΓûêΓûêΓûêΓûêΓûêΓûêΓûêΓûêΓûêΓûêΓûêΓûêΓûêΓûê ΓûêΓûêΓû'ΓûêΓûêΓûêΓûê  ΓûêΓûêΓûêΓû'              ΓûôΓûæΓûôΓûêΓûê
  ΓûêΓûêΓûê                 ΓûêΓûêΓûêΓûêΓûêΓûêΓûêΓû'  ΓûêΓûêΓûêΓûêΓûêΓûêΓûêΓûêΓûêΓûêΓûôΓûêΓûêΓûêΓûôΓûêΓûê Γûô      ΓûêΓûêΓûê Γûê           ΓûôΓûê ΓûêΓûêΓûê
  ΓûêΓûêΓûêΓûê                ΓûêΓûêΓûêΓûæ  ΓûêΓûêΓûê  ΓûêΓûêΓûêΓûêΓûêΓûêΓûôΓûôΓûôΓûôΓûêΓûêΓûêΓûêΓûê       Γû'ΓûêΓûêΓûê  ΓûôΓûê            ΓûêΓûêΓûêΓûê
  ΓûêΓûêΓûê               ΓûêΓûæ ΓûêΓûêΓûê       ΓûêΓûêΓûêΓûêΓûôΓûôΓûêΓûôΓû'ΓûêΓûêΓûêΓûêΓûê       Γû'ΓûêΓûêΓûê               ΓûêΓûêΓûêΓûêΓûêΓûê
  ΓûêΓûêΓûê              ΓûôΓûê   ΓûêΓûêΓûêΓû'      ΓûêΓûêΓûêΓûêΓûôΓû'ΓûôΓûêΓûêΓûêΓûêΓûêΓûê       ΓûêΓûêΓûê               ΓûôΓûêΓûêΓû'ΓûêΓûêΓûê
  ΓûêΓûêΓûê              ΓûôΓûê   ΓûêΓûêΓûêΓû'      ΓûêΓûêΓûêΓûêΓûôΓû'ΓûôΓûêΓûêΓûêΓûêΓûêΓûê       ΓûêΓûêΓûê               ΓûôΓûêΓûêΓû'ΓûêΓûêΓûê
 ΓûêΓûêΓûôΓûêΓûæ           ΓûêΓûêΓûê     ΓûêΓûêΓûêΓûô ΓûêΓûê  Γû'ΓûêΓûêΓûôΓûôΓûêΓûêΓûêΓûêΓûêΓûêΓûê       ΓûêΓûêΓûê                ΓûêΓûêΓû'Γû'ΓûêΓûêΓûê
  ΓûêΓûêΓûê             Γûô       ΓûêΓûêΓûêΓûô ΓûêΓûê  ΓûêΓûêΓûêΓûêΓûêΓûêΓûêΓûêΓûêΓûêΓû'      ΓûêΓûêΓûêΓûæ                ΓûêΓûê ΓûêΓûêΓûêΓû'
  ΓûêΓûêΓûê                      ΓûêΓûêΓûêΓûê  Γûê  ΓûêΓûêΓûêΓûêΓûêΓûêΓûêΓûêΓûê   Γûê  ΓûêΓûêΓûêΓûô                Γûô Γûê ΓûêΓûêΓûê
  ΓûêΓûêΓûê                       ΓûêΓûêΓûêΓûê    ΓûôΓûêΓûêΓûêΓûêΓûêΓûêΓûêΓûê ΓûôΓûêΓûæ ΓûêΓûêΓûêΓûê                 ΓûêΓûê ΓûôΓû'Γû'ΓûêΓûê
 ΓûêΓûêΓûôΓûêΓûæΓûæ                      ΓûôΓûêΓûêΓûê    ΓûêΓûêΓûêΓûêΓûêΓûêΓûê      ΓûêΓûêΓûê           ΓûæΓûôΓûêΓûê    Γûê Γûô ΓûêΓûêΓûê
 ΓûêΓûê ΓûôΓûê                                       Γûê                   ΓûêΓûê         ΓûêΓûêΓûê
 ΓûêΓûê ΓûêΓûê      ΓûêΓû'ΓûôΓûêΓûô   ΓûôΓûôΓûôΓûôΓûêΓûêΓûêΓûôΓû'Γû'        ΓûôΓûôΓû'ΓûôΓûêΓû'ΓûêΓû'    ΓûæΓûêΓûêΓûô   Γû'ΓûêΓûê               ΓûôΓûêΓûêΓûê
 ΓûêΓûêΓûæΓûê     ΓûêΓûêΓûêΓûêΓûêΓûêΓûê ΓûêΓûêΓûêΓûêΓûêΓûêΓûêΓûêΓûêΓûêΓûêΓûêΓûêΓûê   Γû'ΓûêΓûêΓûêΓûêΓûêΓûêΓûêΓûêΓûê   ΓûêΓûêΓûêΓûêΓûê   ΓûêΓûêΓûêΓûêΓûê  ΓûêΓûê  ΓûêΓûê     ΓûôΓûêΓûêΓûêΓûê
 ΓûêΓûêΓûê    ΓûêΓûêΓûêΓûêΓûêΓûêΓûêΓûê ΓûêΓûêΓûæΓûôΓûêΓûêΓûêΓûê  ΓûêΓûêΓûêΓûêΓûê ΓûêΓûêΓûêΓûêΓûêΓûêΓûêΓû'ΓûêΓûêΓûêΓûæ  ΓûêΓûêΓûêΓûêΓûæ   ΓûêΓûêΓûêΓûêΓû' ΓûæΓûêΓûêΓûê ΓûêΓûêΓûê    ΓûêΓûêΓûêΓûêΓûê
      ΓûêΓûêΓûêΓûêΓûô ΓûêΓûêΓûêΓû'   ΓûôΓûêΓûêΓûêΓûô ΓûêΓûêΓûêΓûêΓûêΓû' ΓûêΓûêΓûêΓûêΓûêΓûô  ΓûôΓûêΓûêΓûêΓûôΓûêΓûêΓûêΓûêΓûêΓûêΓûêΓûêΓûêΓûêΓûêΓûêΓûêΓûêΓûôΓûêΓûêΓûêΓûêΓûê ΓûêΓûêΓûê  ΓûêΓûêΓûêΓûêΓûêΓûê
 ΓûêΓûêΓûêΓûêΓûêΓûêΓûêΓûêΓûêΓûêΓûêΓûêΓûêΓûêΓûêΓûêΓûêΓûêΓûêΓûêΓûêΓûêΓûêΓûêΓûêΓûêΓûêΓûô Γû'ΓûêΓûêΓûêΓûêΓûô       ΓûêΓûêΓûêΓûêΓûêΓûêΓûêΓûêΓûêΓûêΓûêΓûêΓûêΓûêΓûêΓû'ΓûæΓûêΓûêΓûêΓûê  ΓûêΓûêΓû' ΓûêΓûêΓûêΓûêΓûê nZ
  ΓûêΓûêΓûêΓûêΓûêΓûêΓûêΓûêΓûêΓûêΓûêΓûêΓûêΓûæΓûæΓûêΓûêΓûêΓûêΓûêΓûêΓûêΓûêΓûê   ΓûêΓûêΓûêΓûêΓûê       ΓûêΓûæ ΓûêΓûêΓûêΓûê    ΓûêΓûêΓûêΓûêΓû' ΓûôΓûêΓûêΓûêΓûê   ΓûêΓûêΓûêΓûêΓûêΓûêΓûêΓûê 2022
 ΓûôΓûêΓûêΓûêΓûê     ΓûêΓûêΓûê  ΓûêΓûêΓûêΓûêΓûæ ΓûôΓûêΓûêΓûêΓûêΓûôΓûôΓûêΓûêΓûêΓûêΓûôΓû'ΓûôΓûôΓûêΓûêΓûêΓûêΓûêΓûæΓûêΓûêΓûêΓûê    ΓûêΓûêΓûêΓûêΓûô ΓûêΓûêΓûêΓûêΓûê    ΓûêΓûêΓûêΓûêΓûêΓûê    ΓûêΓûêΓûê
 ΓûêΓûêΓûêΓûê     ΓûêΓûêΓûêΓûê ΓûêΓûêΓûêΓûê     ΓûêΓûêΓûêΓûêΓûæΓûêΓûêΓûêΓûêΓûêΓûêΓûêΓûêΓûêΓûêΓûêΓûê ΓûêΓûêΓûêΓûê    ΓûêΓûêΓûêΓûêΓûô  ΓûêΓûêΓûêΓûê     ΓûêΓûêΓûêΓûê      ΓûêΓûêΓûê
 ΓûêΓûêΓûêΓûê     Γûê  Γû'   Γûê        ΓûôΓûôΓû'   Γû'ΓûôΓûêΓû'Γûæ      ΓûæΓûô      Γû' Γûô      Γûæ     ΓûæΓûô        ΓûôΓûêΓûô
 ΓûêΓûêΓûêΓûê                                                                       ΓûêΓûôΓûê
 ΓûêΓûêΓûê                                                                        ΓûêΓûêΓûê
 ΓûêΓûêΓûæΓûê                                                                      ΓûêΓûæΓûêΓûê
 ΓûêΓûê ΓûêΓûê             ΓûäΓûäΓûä┬╖ ΓûäΓûäΓûä  ΓûäΓûäΓûä . .ΓûäΓûä ┬╖ ΓûäΓûäΓûä .  ΓûÉ Γûä ΓûäΓûäΓûäΓûäΓûä.ΓûäΓûä ┬╖            ΓûêΓûê ΓûêΓûê
 ΓûêΓûê ΓûôΓûê            ΓûÉΓûê ΓûäΓûê ΓûÇΓûä Γûê┬╖ΓûÇΓûä.ΓûÇ┬╖ ΓûÉΓûê ΓûÇ. ΓûÇΓûä.ΓûÇ┬╖ ΓêÖΓûêΓûîΓûÉΓûêΓêÖΓûêΓûê  ΓûÉΓûê ΓûÇ.            ΓûêΓûô ΓûêΓûê
 ΓûêΓûêΓûôΓûêΓûæ   ΓûæΓû'ΓûôΓûêΓûêΓûêΓûê   ΓûêΓûêΓûÇ┬╖ ΓûÉΓûÇΓûÇΓûä ΓûÉΓûÇΓûÇ Γûä ΓûäΓûÇΓûÇΓûÇΓûêΓûäΓûÉΓûÇΓûÇ Γûä ΓûÉΓûêΓûÉΓûÉΓûî ΓûÉΓûê.ΓûáΓûäΓûÇΓûÇΓûÇΓûêΓûä  ΓûêΓûêΓûêΓûêΓûôΓû'Γûæ  ΓûæΓûêΓûôΓûêΓûê
  ΓûêΓûêΓûê             ΓûÉΓûêΓûá┬╖ΓêÖ ΓûÉΓûêΓêÖΓûêΓûîΓûÉΓûêΓûä Γûî ΓûÉΓûêΓûäΓûáΓûÉΓûêΓûÉΓûêΓûä Γûî ΓûêΓûêΓûÉΓûêΓûî ΓûÉΓûêΓûî┬╖ΓûÉΓûêΓûäΓûáΓûÉΓûê            ΓûêΓûêΓûê
  ΓûêΓûêΓûê             .ΓûÇ    .ΓûÇ  ΓûÇ ΓûÇΓûÇΓûÇ   ΓûÇΓûÇΓûÇΓûÇ  ΓûÇΓûÇΓûÇ  ΓûÇΓûÇ ΓûêΓûá ΓûÇΓûÇΓûÇ  ΓûÇΓûÇΓûÇΓûÇ             ΓûêΓûêΓûê
  ΓûêΓûêΓûê                                                                      ΓûêΓûêΓûê
 ΓûêΓûêΓûôΓûêΓûæ    Death in Paradise 2011                                          ΓûæΓûêΓûôΓûêΓûê
  ΓûêΓûêΓûê                                                                      ΓûêΓûêΓûê
  ΓûêΓûêΓûê     ENCODE DATE ....: UTC 2023-04-19 06:11:36                        ΓûêΓûêΓûê
  ΓûêΓûêΓûê     RELEASE DATE ...: 19.04.2023                                     ΓûêΓûêΓûê
  ΓûêΓûêΓûêΓûê    SOURCE .........: WEB                                           ΓûêΓûêΓûêΓûê
  ΓûêΓûêΓûê     EPiSODE ........: Die Smaragdinsel                               ΓûêΓûêΓûê
  ΓûêΓûêΓûê                                                                      ΓûêΓûêΓûê
  ΓûêΓûêΓûê                                                                      ΓûêΓûêΓûê
  ΓûêΓûêΓûê     SEASON .........: (S05E02)                                       ΓûêΓûêΓûê
  ΓûêΓûêΓûê                                                                      ΓûêΓûêΓûê
  ΓûêΓûêΓûêΓûô    ViDEO ..........: 1280x720 @ 2 436 kb/s                         ΓûôΓûêΓûêΓûê
  ΓûêΓûêΓûêΓûê                                                                    ΓûêΓûêΓûêΓûê
 Γû'ΓûêΓûêΓûêΓûê    AUDiO ..........: DE 2 channels AC-3 @ 224 kb/s                 ΓûêΓûêΓûêΓûêΓû'
 Γû'ΓûêΓûêΓûêΓûê    AUDiO ..........: EN 2 channels AC-3 @ 224 kb/s                 ΓûêΓûêΓûêΓûêΓû'
 Γû'ΓûêΓûêΓûêΓûê                                                                    ΓûêΓûêΓûêΓûêΓû'
  ΓûêΓûêΓûêΓûê    RUNTiME ........: 52 min 3 s                                    ΓûêΓûêΓûêΓûê
  ΓûêΓûêΓûêΓûô    SiZE ...........: 1.050 GiB                                     ΓûôΓûêΓûêΓûê
  ΓûêΓûêΓûê                                                                      ΓûêΓûêΓûê
  ΓûêΓûêΓûê     IMDB ...........: https://www.imdb.com/title/tt1888075/          ΓûêΓûêΓûê
  ΓûêΓûêΓûêΓûê                                                                    ΓûêΓûêΓûêΓûê
  ΓûêΓûêΓûê                                                                      ΓûêΓûêΓûê
  ΓûêΓûêΓûê                         ΓûäΓûäΓûä┬╖ ΓûäΓûäΓûî        ΓûäΓûäΓûäΓûäΓûä                        ΓûêΓûêΓûê
  ΓûêΓûêΓûê                        ΓûÉΓûê ΓûäΓûê ΓûêΓûêΓêÖ   Γûá    ΓêÖΓûêΓûê                          ΓûêΓûêΓûê
  ΓûêΓûêΓûê     ΓûæΓû'ΓûôΓûêΓûêΓûêΓûêΓûêΓûêΓûêΓûêΓûê        ΓûêΓûêΓûÇ┬╖ ΓûêΓûêΓûá   ΓûäΓûêΓûÇΓûä  ΓûÉΓûê.Γûá        ΓûêΓûêΓûêΓûêΓûêΓûêΓûêΓûêΓûêΓûôΓû'Γûæ    ΓûêΓûêΓûê
 ΓûêΓûêΓûôΓûêΓûæ                       ΓûÉΓûêΓûá┬╖ΓêÖ ΓûÉΓûêΓûîΓûÉΓûîΓûÉΓûêΓûî.ΓûÉΓûî ΓûÉΓûêΓûî┬╖                       ΓûæΓûêΓûôΓûêΓûê
  ΓûêΓûêΓûê                        .ΓûÇ    .ΓûÇΓûÇΓûÇ  ΓûÇΓûêΓûäΓûÇΓûá ΓûÇΓûÇΓûÇ                         ΓûêΓûêΓûê
  ΓûêΓûêΓûê                                                                      ΓûêΓûêΓûê
  ΓûêΓûêΓûê                                                                      ΓûêΓûêΓûê
 ΓûêΓûêΓûôΓûêΓûæ                                                                   ΓûæΓûêΓûôΓûêΓûê
 ΓûêΓûê ΓûôΓûê Caroline Bamber, die Gouverneurin der Insel, wird bei ihrer        ΓûêΓûô ΓûêΓûê
 ΓûêΓûê ΓûêΓûê Abschiedsparty getoetet. Offensichtlich war Zyanid in ihrem        ΓûêΓûê ΓûêΓûê
 ΓûêΓûêΓûæΓûê  Champagnerglas. Hupmhrey ermittelt vier Verdaechtige: Andy,         ΓûêΓûæΓûêΓûê
 ΓûêΓûêΓûê   Carolines Stellvertreter, Lucy, die Botschaftssekretaerin,           ΓûêΓûêΓûê
 ΓûêΓûêΓûê   François, Praesident auf Saint Robert und Ellery, Carolines          ΓûêΓûêΓûê
 ΓûêΓûêΓûæΓûê  Privatsekretaer. Alle hatten ein plausibles Motiv.                   ΓûêΓûæΓûêΓûê
 ΓûêΓûê ΓûêΓûê                                                                     ΓûêΓûê ΓûêΓûê
 ΓûêΓûê ΓûôΓûê                                                                     ΓûêΓûô ΓûêΓûê
 ΓûêΓûêΓûôΓûêΓûæ                                                                     ΓûæΓûêΓûôΓûêΓûê
  ΓûêΓûêΓûê                                                                       ΓûêΓûêΓûê
  ΓûêΓûêΓûê                                                                       ΓûêΓûêΓûê
  ΓûêΓûêΓûê                                                                       ΓûêΓûêΓûê
 ΓûêΓûêΓûôΓûêΓûæ                                                                     ΓûæΓûêΓûôΓûêΓûê
  ΓûêΓûêΓûê                                                                       ΓûêΓûêΓûê
  ΓûêΓûêΓûê                                                                       ΓûêΓûêΓûê
  ΓûêΓûêΓûê                                                                       ΓûêΓûêΓûê
  ΓûêΓûêΓûêΓûê                                                                     ΓûêΓûêΓûêΓûê
  ΓûêΓûêΓûêΓûô                                                                     ΓûôΓûêΓûêΓûê
  ΓûêΓûêΓûêΓûê                                                                     ΓûêΓûêΓûêΓûê
 Γû'ΓûêΓûêΓûêΓûê                                                                    ΓûêΓûêΓûêΓûêΓû'
 Γû'ΓûêΓûêΓûêΓûê                                   ΓûêΓûêΓûô                              ΓûêΓûêΓûêΓûêΓû'
 Γû'ΓûêΓûêΓûêΓûê                                   ΓûêΓûêΓû'                              ΓûêΓûêΓûêΓûêΓû'
  ΓûêΓûêΓûêΓûê                               Γûæ   ΓûêΓûêΓû'                              ΓûêΓûêΓûêΓûê
  ΓûêΓûêΓûêΓûô                             Γûæ  ΓûêΓûê ΓûêΓûêΓûô                              ΓûôΓûêΓûêΓûê
  ΓûêΓûêΓûê                              ΓûêΓûê ΓûêΓûê ΓûêΓûêΓû'ΓûôΓûê                             ΓûêΓûêΓûê
  ΓûêΓûêΓûê                              ΓûêΓûô ΓûêΓûê ΓûêΓûêΓû'ΓûêΓûê ΓûêΓûêΓûêΓûôΓûôΓûæ                      ΓûêΓûêΓûê
  ΓûêΓûêΓûêΓûê           ΓûêΓûêΓûêΓûêΓûêΓûêΓûêΓûêΓûêΓûêΓûêΓûêΓûêΓûêΓûêΓûêΓûêΓûêΓûêΓûôΓû'ΓûêΓûêΓû'ΓûêΓû'ΓûêΓûêΓûêΓûêΓûêΓûêΓûêΓûêΓûêΓûêΓûêΓûêΓûêΓûêΓûêΓûêΓûêΓûêΓûêΓûêΓûê          ΓûêΓûêΓûêΓûê
  ΓûêΓûêΓûê                          ΓûôΓûôΓûêΓûôΓûæΓûêΓûôΓûôΓûôΓûôΓûê ΓûêΓûô ΓûêΓûê                           ΓûêΓûêΓûê
  ΓûêΓûêΓûê                               ΓûêΓûêΓûæΓûôΓûêΓûêΓû'   Γû'                            ΓûêΓûêΓûê
  ΓûêΓûêΓûê                               ΓûêΓûê ΓûôΓûêΓûê                                 ΓûêΓûêΓûê
 ΓûêΓûêΓûôΓûêΓûæ                                  ΓûêΓûê                                ΓûæΓûêΓûôΓûêΓûê
  ΓûêΓûêΓûê                                   ΓûêΓûê                                 ΓûêΓûêΓûê
  ΓûêΓûêΓûê                                   ΓûêΓûæ                                 ΓûêΓûêΓûê
  ΓûêΓûêΓûê                                                                      ΓûêΓûêΓûê
 ΓûêΓûêΓûôΓûêΓûæ                                                                    ΓûæΓûêΓûôΓûêΓûê
 ΓûêΓûê ΓûôΓûê                                                                    ΓûêΓûô ΓûêΓûê
 ΓûêΓûê ΓûêΓûê                                                                    ΓûêΓûê ΓûêΓûê
 ΓûêΓûêΓûæΓûê                                                                      ΓûêΓûæΓûêΓûê
 ΓûêΓûêΓûê      Hated, damned, idolized and always on the rise! Since 2015.       ΓûêΓûêΓûê
 ΓûêΓûêΓûê                                                                        ΓûêΓûêΓûê
 ΓûêΓûêΓûæΓûê                                                                      ΓûêΓûæΓûêΓûê
 ΓûêΓûê ΓûêΓûê                                                                    ΓûêΓûê ΓûêΓûê
 ΓûêΓûê ΓûôΓûê                                                                    ΓûêΓûô ΓûêΓûê
 ΓûêΓûêΓûôΓûêΓûæ                                                                    ΓûæΓûêΓûôΓûêΓûê
  ΓûêΓûêΓûê                                                                      ΓûêΓûêΓûê
  ΓûêΓûêΓûê                                                                      ΓûêΓûêΓûê
  ΓûêΓûêΓûê                                                                      ΓûêΓûêΓûê
 ΓûêΓûêΓûôΓûêΓûæ                                                                    ΓûæΓûêΓûôΓûêΓûê
  ΓûêΓûêΓûê                                                                      ΓûêΓûêΓûê
  ΓûêΓûêΓûê                                                                      ΓûêΓûêΓûê
  ΓûêΓûêΓûê                     ΓûÉ Γûä       ΓûäΓûäΓûäΓûäΓûä ΓûäΓûäΓûä . .ΓûäΓûä ┬╖                      ΓûêΓûêΓûê
  ΓûêΓûêΓûêΓûê                   ΓêÖΓûêΓûîΓûÉΓûê Γûá    ΓêÖΓûêΓûê   ΓûÇΓûä.ΓûÇ┬╖ ΓûÉΓûê ΓûÇ.                     ΓûêΓûêΓûêΓûê
  ΓûêΓûêΓûê    ΓûæΓû'ΓûôΓûêΓûêΓûêΓûêΓûêΓûêΓûêΓûêΓûê    ΓûÉΓûêΓûÉΓûÉΓûî ΓûäΓûêΓûÇΓûä  ΓûÉΓûê.Γûá ΓûÉΓûÇΓûÇ Γûä ΓûäΓûÇΓûÇΓûÇΓûêΓûä    ΓûêΓûêΓûêΓûêΓûêΓûêΓûêΓûêΓûêΓûôΓû'Γûæ     ΓûêΓûêΓûê
  ΓûêΓûêΓûê                    ΓûêΓûêΓûÉΓûêΓûîΓûÉΓûêΓûî.ΓûÉΓûî ΓûÉΓûêΓûî┬╖ ΓûÉΓûêΓûä Γûî ΓûÉΓûêΓûäΓûáΓûÉΓûê                     ΓûêΓûêΓûê
  ΓûêΓûêΓûêΓûô                   ΓûÇΓûÇ ΓûêΓûá ΓûÇΓûêΓûäΓûÇΓûá ΓûÇΓûÇΓûÇ   ΓûÇΓûÇΓûÇ   ΓûÇΓûÇΓûÇΓûÇ                     ΓûôΓûêΓûêΓûê
  ΓûêΓûêΓûêΓûê                                                                    ΓûêΓûêΓûêΓûê
 Γû'ΓûêΓûêΓûêΓûê                                                                    ΓûêΓûêΓûêΓûêΓû'
 Γû'ΓûêΓûêΓûêΓûê                                                                    ΓûêΓûêΓûêΓûêΓû'
 Γû'ΓûêΓûêΓûêΓûê                  Nothing! - Keep the Scene alive!                  ΓûêΓûêΓûêΓûêΓû'
 Γû'ΓûêΓûêΓûêΓûê                                                                    ΓûêΓûêΓûêΓûêΓû'
  ΓûêΓûêΓûêΓûê                                                                    ΓûêΓûêΓûêΓûê
  ΓûêΓûêΓûêΓûô                                                                    ΓûôΓûêΓûêΓûê
  ΓûêΓûêΓûê                                                                      ΓûêΓûêΓûê
  ΓûêΓûêΓûê                                                                      ΓûêΓûêΓûê
  ΓûêΓûêΓûêΓûê                                                                    ΓûêΓûêΓûêΓûê
  ΓûêΓûêΓûê                                                                      ΓûêΓûêΓûê
  ΓûêΓûêΓûê                                                                      ΓûêΓûêΓûê
  ΓûêΓûêΓûê                   ΓûäΓûä ΓêÖ ΓûäΓûäΓûä  ΓûäΓûäΓûä .ΓûäΓûäΓûä .ΓûäΓûäΓûäΓûäΓûä┬╖ΓûäΓûäΓûäΓûäΓêÖ                    ΓûêΓûêΓûê
 ΓûêΓûêΓûôΓûêΓûæ                 ΓûÉΓûê ΓûÇ ΓûáΓûÇΓûä Γûê┬╖ΓûÇΓûä.ΓûÇ┬╖ΓûÇΓûä.ΓûÇ┬╖ΓêÖΓûêΓûê  ΓûáΓûÇ┬╖.ΓûêΓûî                   ΓûæΓûêΓûôΓûêΓûê
  ΓûêΓûêΓûê    ΓûæΓû'ΓûôΓûêΓûêΓûêΓûêΓûêΓûêΓûêΓûêΓûê  ΓûäΓûê ΓûÇΓûêΓûäΓûÉΓûÇΓûÇΓûä ΓûÉΓûÇΓûÇ ΓûäΓûÉΓûÇΓûÇ Γûä ΓûÉΓûê.ΓûáΓûäΓûêΓûÇΓûÇΓûÇΓêÖ   ΓûêΓûêΓûêΓûêΓûêΓûêΓûêΓûêΓûêΓûôΓû'Γûæ     ΓûêΓûêΓûê
  ΓûêΓûêΓûê                  ΓûÉΓûêΓûäΓûáΓûÉΓûêΓûÉΓûêΓêÖΓûêΓûîΓûÉΓûêΓûä ΓûîΓûÉΓûêΓûä Γûî ΓûÉΓûêΓûî┬╖ΓûêΓûîΓûáΓûäΓûêΓûÇ                    ΓûêΓûêΓûê
  ΓûêΓûêΓûê                  ┬╖ΓûÇΓûÇΓûÇΓûÇ .ΓûÇ  ΓûÇ ΓûÇΓûÇΓûÇ  ΓûÇΓûÇΓûÇ  ΓûÇΓûÇΓûÇ ┬╖ΓûÇΓûÇΓûÇ ΓêÖ                    ΓûêΓûêΓûê
 ΓûêΓûêΓûôΓûêΓûæ                                                                    ΓûæΓûêΓûôΓûêΓûê
 ΓûêΓûê ΓûôΓûê                                                                    ΓûêΓûô ΓûêΓûê
 ΓûêΓûê ΓûêΓûê                                                                    ΓûêΓûê ΓûêΓûê
 ΓûêΓûêΓûæΓûê          SPECiAL THANKS TO LAW MRW CDWE FOR THE COOPERATiON          ΓûêΓûæΓûêΓûê
 ΓûêΓûêΓûê                                                                        ΓûêΓûêΓûê
  ΓûêΓûêΓûêΓûê                                                                    ΓûêΓûêΓûêΓûê
 ΓûêΓûêΓûê ΓûêΓûô                              ΓûêΓûæ                                  ΓûôΓûê ΓûêΓûêΓûê
 ΓûêΓûêΓûôΓûæΓûô                               ΓûêΓûê                                   ΓûôΓûæΓûôΓûêΓûê
 ΓûêΓûêΓûôΓûê                                ΓûêΓûê                                    ΓûêΓûôΓûêΓûê
 ΓûêΓûôΓûêΓûô                            ΓûêΓûê ΓûôΓûêΓûê                                    ΓûôΓûêΓûôΓûê
 ΓûêΓûêΓûêΓûê                            ΓûêΓûêΓûæΓûôΓûêΓûêΓû'   Γû'                               ΓûêΓûêΓûêΓûê
 ΓûêΓûôΓûêΓûêΓûêΓûô                     ΓûôΓûôΓûêΓûôΓûæΓûêΓûôΓûôΓûôΓûôΓûê ΓûêΓûô ΓûêΓûê                            ΓûôΓûêΓûêΓûêΓûôΓûê
 ΓûêΓûêΓûêΓûôΓûêΓûêΓûêΓûêΓûêΓûêΓûêΓûôΓûêΓûêΓûêΓûêΓûêΓûêΓûêΓûêΓûêΓûêΓûêΓûêΓûêΓûêΓûêΓûêΓûêΓûêΓûêΓûêΓûôΓû'ΓûêΓûêΓû'ΓûêΓû'ΓûêΓûêΓûêΓûêΓûêΓûêΓûêΓûêΓûêΓûêΓûêΓûêΓûêΓûêΓûêΓûêΓûêΓûêΓûêΓûêΓûêΓûêΓûêΓûêΓûêΓûêΓûêΓûêΓûôΓûêΓûêΓûêΓûêΓûêΓûêΓûôΓûêΓûêΓûê
 ΓûôΓûêΓûêΓûêΓûôΓûôΓûêΓûôΓûêΓûêΓûêΓûôΓûôΓûêΓûêΓûêΓûôΓûôΓûêΓûôΓûêΓûêΓûêΓûôΓûêΓûêΓûêΓûô   ΓûêΓûô ΓûêΓûê ΓûêΓûêΓû'ΓûêΓûê ΓûêΓûêΓûêΓûôΓûôΓûæ       ΓûôΓûêΓûêΓûêΓûôΓûêΓûôΓûôΓûêΓûêΓûêΓûôΓûêΓûêΓûôΓûêΓûôΓûôΓûêΓûêΓûêΓûô
                                ΓûêΓûê ΓûêΓûê ΓûêΓûêΓû'ΓûôΓûê
                                Γûæ  ΓûêΓûê ΓûêΓûêΓûô                  art division nFo-13
                                  Γûæ   ΓûêΓûêΓû'
                                      ΓûêΓûêΓû'
                                      ΓûêΓûêΓûô

                                      ΓûêΓûêΓûô

                                      ΓûêΓûêΓûô
                                      ΓûêΓûêΓûô
