

    .g8"""bgd        MMP""MM""YMM `7MMF'   `7MF'
  .dP'     `M        P'   MM   `7   `MA     ,V
  dM'       `     ,AM     MM         VM:   ,V
  MM             AVMM     MM          MM.  M'
  MM.          ,W' MM     MM          `MM A'                            .
  `Mb.     ,',W'   MM     MM           :MM;     ,-. ,-. ,-. ,-. ,-. ,-.-|- ,-.
    `"bmmmd' AmmmmmMMmm .JMML.          VF      | | |   |-' `-. |-' | | |  `-.
                   MM                           |-' '   `-' `-' `-' ' ' `' `-'
                   MM                           |
                                                '
                               ────■ iNFO ■────

 Title..............: National Geographic Wild Africas Blood River
 Source.............: HDTV
 Resolution.........: 720 x 404
 Framerate..........: 25 FPS
 Video Codec........: X264
 Audio..............: AAC @ 128kbps VBR 48KHz
 Link...............: http://natgeotv.com/asia/Africa-blood-river/
 
                          ────■ DESCRiPTiON ■────
                          
In the most brutal migration on the planet, ride shotgun with ZuluEcho545 
and FoxtrotOne, a zebra mother and her son.  They run the gauntlet through
crocodile infested rivers and lion offensives, culminating in the world's 
ultimate ambush:  the Mara River û where the biggest crocodiles in Africa 
are on the attack.                    


                                 Enjoy!

 ──■ Greetings To: aAF BARGE BiA FTP FoV HAGGiS RiVER SomeTV TASTETV WATERS ■──

     We are currently looking for:
     * US/UK cappers with HDTV/PDTV/DSR feed (1Mbit+ Upload Speed)
     * Legit .EU 100MBit+ sites to affil (no rented/colo/leaseweb)

              ──■ E-mail enquires to cap4tv@gmail.com ■──
