                                                                             
                                                                  █          
                                    ██                            ███        
       █████████  ████████  ██    ████ █████████   █████████ ████ █░██           
      ████  ██░█ ████  ████ ████  ██░█ █░██  ████ ████  ██░█ █░░█ █░██           
      █░██  ████ █░██  ██░█ █░██  ██░█ █░██  ██░█ █░██  ████ ████ █░██           
      █░██  ██   █░██  ██░█ █░██  ██░█ █░██  ██░█ █░██  ██        █░██           
      █░██       █░██  ██░█ █░██  ██░█ █░██  ██░█ █░██       ████ █░██                                                                                         
      █░██  ██   █░██  ██░█ █░██  ██░█ █░██  ██░█ █░██  ██   █░██ █░██  ██                                                                                     
      █░██  ████ █░██  ██░█ █░██  ██░█ █░██  ██░█ █░██  ████ █░██ █░██  ███                                                                                    
      █░██  ██░█ █░██  ██░█ █░██  ██░█ █░██  ██░█ █░██  ██░█ █░██ █░██  █░█                                                                         
      █░██  ██░█ █░██  ██░█ █░██  ██░█ █░██  ██░█ █░██  ██░█ █░██ █░██  █░█                                                                         
      █░██  ██░█ █░██  ██░█ █░██  ██░█ █░██  ██░█ █░██  ██░█ █░██ █░██  █░█                                                                         
      ████  ██░█ ████  ████ ████  ████ ████  ██░█ ████  ██░█ ████ ████  █░█                                                                         
       █████████  ████████ █ ████████  ██ ██ ██░█  █████████ █ ██  ████████                                                                         
     ███████████████████████████████████████ ██░█ ████████████████████████                                                                          
     ███████████████████████████████████████ ██░█ ███████████████████████                                                                                         
                                              ███                                                                                                
                                                █                                                                                                
     ▀▀▀▀▀▀▀▀▀▀▀▀▀▀▀▀▀▀▀▀▀▀▀▀▀▀▀▀▀▀▀▀▀▀▀▀▀▀▀▀▀▀▀▀▀▀▀▀▀▀▀▀▀▀▀▀▀▀▀▀▀▀▀▀▀▀▀▀▀▀                                                                      
                                _  _ _  _ _  _ _|_ _                                                                                             
                               |_)| (/__\(/_| | | _\                                                                                                              
                               |                                                
                                                                               
                                                                               
                 Battle.Of.The.Brains.S01E16.WS.PDTV.XviD-COUNCiL

      ◄============►                                   
       Date Of Show   18-08-2008
      ◄============►
     
      ◄=============►
       Date Released  18-08-2008
      ◄=============►
      
      ◄============►
       Video Sizing   640x352
      ◄============►
      
      ◄=====►
       Audio   VBR 128
      ◄=====►
      
      ◄==========►
       Codec Used  XVID
      ◄==========►
      
      ◄===►
       FPS  25
      ◄===►
      
      ◄======►
       Source  PDTV
      ◄======►
      
      ◄============►
       Type Of Show  <> Documentary <> Reality <*> Game Show
      ◄============►
     
      ◄=============►
       TV Show Notes 
      ◄=============►-----------------------------------------------------►
                                   
        New series. Quiz teams compete against the clock for cash
        prizes and the right to be recognised as the smartest 
        collective in the UK. Presented by Paddy O'Connell

      ◄-------------------------------------------------------------------►
                                                                         
     
      ◄=====►
       Notes 
      ◄=====►










      ◄=============►
       Special Notes 
      ◄=============►
                                                        

    










                                                                          
                                                                          
         _V_              _V_               _V_                  oOOo.    
       .=|_|===========v==|_|============v==|_|===========.    (OOOOOO),  
      /                |                 |                 \ ,(OOOOOOOOO) 
     /_________________|_________________|__________________(OOOOOOOOOOOO)
     |=|_|_|_|  =|_|_|=|X|)^^^(|X|=|/ \|=||_|_|_|=| ||_|_|=|`(OOOOOOOOOOO 
     |=|_|_|_|== |_|_|=|X|\___/|X|=||_||=||_____|=|_||_|_|=|___(OOOOOOOO) 
     |=_________= ,-. =|""""""""""="""""=|=_________== == =|_______\//`'  
     |=|__|__|_| //O\\=|X|"""""|X|=//"\\=|=|_|_|_|_| ╔---╗=|.=====.||     
     |=|__|__|_|=|| ||=|X|_____|X|=|| ||=|=|_______|=║|"|║=||=====|||                     
     |___________||_||_|=_________=||_||_|__________=║   ║=||==═==||\---  
      XYZ                                                                    
                                                                                                                                                                                                                                                                                                   
