                                                                                 
                               ▓          █           ▓             ▒
                 ▓▒          ▓█░▓        ▓░▓         ▓▓▓           ▒░▓
         ▓       ▓░▓        ▓░░░░▓      ▓░░▒▒      ▒▓░░▒▒          ▒░░▒      ▓▒█
 ▓▒▓     ▓▓▓    ▒░░░▒▓    ▓▒░░░░░░▓   ▒▓░░░░▒▓   ▒▓▒░░░░░▓       ▒▓░░░░▒  ▓▒▓░░▒
  ▓░▓▒   ▓░░▓▓ ▓▒░░░░░▒▒▒▒░░░░░░░░░▓▒▓░░░░░░░░▒▓▓░░░░░░░░░▓▒▓▒▒▓▒░░░░░░░▒▒░░░░▓
  ▒░░░▓▓ ▒░░░▒▒▒░░░░░░░░░░░░░░░░░░░░░░░░░░░░░░░░░░░░░░░░░░░░░░░░░░░░░░░░░░░░▒▓
   █▒░░░▓░░░░░░░░░░░░░░░░░░░░░░░░░░░░░░░░░░░░░░░░░░░░░░░░░░░░░░░░░░░░░░░░░░░░▒
    ▓░░░░░░░░░██████████░░░░██████████░░░░██████░░░░░█████░█████████░░░░░░░░▒▒
     ▓░░░░░░░░███████████░░░███████████░░░██████░░░░░█████░██████████░░░░░░░▓
     ▒░░░░░░░░████████████░░████████████░░███████░░░██████░████████████░░░░░▒
   ▒▒▒░░░░░░░░█████████████░█████████████░███████░░░██████░█████████████░░░░▓
 ▒▓░░░░░░░░░░░█████████████░█████████████░████████░███████░█████████████░░░░░▒▓▓
▒▒▒░░░░░░░░░░░█████████████░█████████████░████████████████░█████████████░░░░░░░░
   ▒▓▒░░░░░░░░██████░░░████░█████████████░████████████████░███████░░░███░░░░░░░▓
      ▒▒░░░░░░██████░░░████░██████░░░████░████████████████░███████░░░███░░░░▒▓▓
        ▓░░░░░██████░░████░░██████░░░████░████████████████░███████░░████░░░░▓
       ▒▒░░░░░███████████░░░██████░░████░░████████████████░███████░█████░░░▓
    ▒▒▓░░░░░░░███████████░░░███████████░░░████████████████░████████████░░░░░▓
   ▓▓▓░░░░░░░░██████░░░███░░██████████░░░░████░██████░████░███████████░░░░░░▒▒
      ▒▓▓░░░░░██████░░████░░███████████░░░████░░████░░████░███████░░░░░░░░░░░░▓
         ▒▒░░░████████████░░██████░█████░░████░░████░░████░███████░░░░░░░░░░░░░▓
           ▒░░███████████░░░██████░░█████░████░░░██░░░████░███████░░░░░░░░░░▓▓▒
          ▒░░░██████████░░░░██████░░█████░████░░░░░░░░████░███████░░░░░░░░▓▒
         ▒░░░░░░░░░░░░░░░░░░░░░░░░░░░░░░░░░░░░░░░░░░░░░░░░░░░░░░░░░░░░░░░░▒
       ▒█▓░░░░░░░░░░░░░░░░░░░░░░░░░░░░░░░░░░░░░░░░░░░░░░░░░░░░░░░░░░░░░░░░▓
      ▓░░░░▒▒▓▓▒░░░░░░░░░░░░░░░░░░░░░░░░░░░░░░░▒▒▒▒▓░░░░░░░▒▒▒░░░░░▒▓▒▓░░░░▓
      ▒░▒▒▒   ▓░░░░░░░░░░░░░░▒▒░░░░░░░░░░░░░░░▓     ▒▓░░░░▒   ▓░░░░▓    ▒▒░▒
     ▓▒▒      ▓░░░▒▓▒▓░░░░░░▓  ▓░░░░▒▓▒▒▓░░░░▓        ▓░░▒▒    ▓▒░▓       ▒█▓
             ▓░░▓▒░   ▓░░░░▓    ▒░░▓     ▓░░▓          ▒░▓      ▒█▓         ▒
            ▓▒▓▒       ▓░░▓     ▓░▓       ▒▓           ▓█        ▓▓
           ▓█           ▓▓       ▓        ▓             ▓
                         ▓


             Ready.Or.Not.2009.720p.BluRay.x264-BRMP
OS '10
▄▄▄▄▄▄▄▄▄▄▄▄▄▄▄▄▄▄▄▄▄▄▄▄▄▄▄▄▄▄▄▄▄▄▄▄▄▄▄▄▄▄▄▄▄▄▄▄▄▄▄▄▄▄▄▄▄▄▄▄▄▄▄▄▄▄▄▄▄▄▄▄▄▄▄▄▄▄▄▄
▲▼▲▼▲▼▲▼▲▼▲▼▲▼▲▼▲▼▲▼▲▼▲▼▲▼▲▼▲▼▲▼▲▼▲▼▲▼▲▼▲▼▲▼▲▼▲▼▲▼▲▼▲▼▲▼▲▼▲▼▲▼▲▼▲▼▲▼▲▼▲▼▲▼▲▼▲▼▲▼
▀▀▀▀▀▀▀▀▀▀▀▀▀▀▀▀▀▀▀▀▀▀▀▀▀▀▀▀█████▀▀▀▀▀▀▀▀▀▀▀▀▀▀█████▀▀▀▀▀▀▀▀▀▀▀▀▀▀▀▀▀▀▀▀▀▀▀▀▀▀▀▀
                             ▀███ RELEASE INFO ███▀
                               ▀█▀▀▀▀▀▀▀▀▀▀▀▀▀▀█▀ 


RELEASE DATE ───────────< 10/20/2012 

        ┌ BITRATE ──────< 5610 Kbps
VIDEO ──┼ RESOLUTION ───< 1280x720
        └ ASPECT ───────< 1.777:1

        ┌ FORMAT ───────< DTS
AUDIO ──┼ BITRATE ──────< 1509 kbps
        └ LANGUAGE ─────< ENGLISH

SUBTITLES ──────────────< NONE

LENGTH ─────────────────< 88 min

FILES ──────────────────< 94x50mb

        ┌ GENRE ────────< Comedy 
INFO ───┼ IMDB RATING ──< 5.0/10 663 votes
        └ IMDB URL ─────< http://www.imdb.com/title/tt0892094/

▄▄▄▄▄▄▄▄▄▄▄▄▄▄▄▄▄▄▄▄▄▄▄▄▄▄▄▄▄▄▄▄▄▄▄▄▄▄▄▄▄▄▄▄▄▄▄▄▄▄▄▄▄▄▄▄▄▄▄▄▄▄▄▄▄▄▄▄▄▄▄▄▄▄▄▄▄▄▄▄
▲▼▲▼▲▼▲▼▲▼▲▼▲▼▲▼▲▼▲▼▲▼▲▼▲▼▲▼▲▼▲▼▲▼▲▼▲▼▲▼▲▼▲▼▲▼▲▼▲▼▲▼▲▼▲▼▲▼▲▼▲▼▲▼▲▼▲▼▲▼▲▼▲▼▲▼▲▼▲▼
▀▀▀▀▀▀▀▀▀▀▀▀▀▀▀▀▀▀▀▀▀▀▀▀▀▀▀▀█████▀▀▀▀▀▀▀▀▀▀▀▀▀▀█████▀▀▀▀▀▀▀▀▀▀▀▀▀▀▀▀▀▀▀▀▀▀▀▀▀▀▀▀
                             ▀███    NOTES     ███▀
                               ▀█▀▀▀▀▀▀▀▀▀▀▀▀▀▀█▀ 

                                    Enjoy!



▄▄▄▄▄▄▄▄▄▄▄▄▄▄▄▄▄▄▄▄▄▄▄▄▄▄▄▄▄▄▄▄▄▄▄▄▄▄▄▄▄▄▄▄▄▄▄▄▄▄▄▄▄▄▄▄▄▄▄▄▄▄▄▄▄▄▄▄▄▄▄▄▄▄▄▄▄▄▄▄
▲▼▲▼▲▼▲▼▲▼▲▼▲▼▲▼▲▼▲▼▲▼▲▼▲▼▲▼▲▼▲▼▲▼▲▼▲▼▲▼▲▼▲▼▲▼▲▼▲▼▲▼▲▼▲▼▲▼▲▼▲▼▲▼▲▼▲▼▲▼▲▼▲▼▲▼▲▼▲▼
▀▀▀▀▀▀▀▀▀▀▀▀▀▀▀▀▀▀▀▀▀▀▀▀▀▀▀▀█████▀▀▀▀▀▀▀▀▀▀▀▀▀▀█████▀▀▀▀▀▀▀▀▀▀▀▀▀▀▀▀▀▀▀▀▀▀▀▀▀▀▀▀
                             ▀███  GROUP INFO  ███▀
                               ▀█▀▀▀▀▀▀▀▀▀▀▀▀▀▀█▀ 

                  Looking for good EU and ASIA affil sites...
                                 Find us on IRC
