                                                                               
             ░▓▓▓▓▓▓▓█▓█▌    ░▓▓▓▓▓▓▓█▓██▄▄▄▄░▓▓▓▓▓▓▓▓█▓█▄▄▄ ▄▄▄▄
             ▓███████████    ▓███████████████▓████████████████████
             ▓██▓▒░░░░███    ▓██▓▒░░░░▀▀▀▀▀▀▀▀██▓▒░░░░▀▀▀▀▀▀▀▀████
        ∙  · ███▒░    ███    ███▒░    ███     ░█▒░    ███     ░███
      •      ▓██░     ██▓    ▓██░     ███     ░█░     ███     ░██▌·  ∙
             ███░     ██▌    ███░     ███      █░     ███     ░██▓      •
     ■       ▐██░     ███    ███░     ███     ░█░     ███     ░███
           ▄▓███░     ███    ▐██░     ▀▀▀     ▄█░     ███     ░██▌ !h8.  ■
      ▄█▓▓▓█████░     ███▓▓█▓███▓  ▄ ▄██████████░     ███   ▄ ▓███▄▄▄▄▄▄ 
      █▀ ▄▄▄ ███░ ▄▄ ▄▀▀ ▄▄ ▀ ▄▄▄   ▄▄▄▄▄ ▀ ▄▄ ▄▄▄▄   ▀▀▀▀▀  ▄▄▄▄ ▓▓▀▀▀█▓ 
     ▐█ ██▓ ▐███ ▓██▌ ▄▓████▄████░ ███▀▓██ ▓██▌▓█████▄ ▓██▐████▓▀▄▄ ▐▓▄ █▌
     ▐▌▐██▌▐▀▀▀▀ ██▀▀▐███▐████▐██▓▐██▌ ▄██▌██▀ ▐██▀███▌██▀  ███ ▄██▌ ██▌▐█
     ▐▌▐██▌ ▄██░ ▄▄█ ███▌░███▌░███▐██████▓ ▄▄█ ███ ▐███ ▄██ ███▐██▓ ▄██▌▐█
     ▐▌▐██▌▐███▓▐███▐███ ▓███ ▓███▐██▀▀▀  ▐███ ███  ███▐███ ███ ▀█████▓ ▓▌
     ▐▓ ███▄░███ ██▓▐███ ███▓ ███▌▐▓█▌ ███ ██▓ ███ ▐██▌ ██▓ ██▓ ▄  ███ ▐█
      █▄ ▀█████▀▐██▌▐██▌ ▀██▌ ▀██  ░██ ██▌▐██▌▐██████▓ ▐██▌▐██▌▐█▄▓██ ▐█▌
       █▓▄ ░▀▀ ▄ ▀▀  ▀▀ ▓▄▄▄▄▓▄▄▄ ▄  ▄▄██ ▀▀▀ ▄ ▀▀▀▀   ▀▀▀  ▄▄▄ ▀▀▀▀ ▄█▓
        ▀██▓▓███▓ ▀  ▀███▓▒░░░░█▓     ███▓█▓▓███▀▀ ▀  ███▀    ▓███▓▓██▀
        ░  ░▒███░     ███▒░    █░     ███░  ░▐██░     ███     ░███▒░  ░
     ░ ░▒ ░▒▓▓██░     ███░     █░     ███▒░ ░███░     ███     ░███▓▒░ ▒░ ░
    ░▒░▒▒░▓▓▓███░     ███      █░     ███▓▒░▒███░     ███     ░██▓▓▒▒░▒▓░▓░
   ░▒▓▒▓▓▒▓▓▓███▄     ▀▀▀     ▄█░     ███▓▓▒▓███▓░    ▄▄▄▄▄▄▄▄████▓▓▓▒▓▓▒▓▒░
 ▄███▀▀▀▀▀▀▀▀████████████████████████████▀▀▀▀███████████████████▓▀▀▀▀▀▀▀▀▀███▄
 ██░          ▀▀▀▀▀▀▓█▀▀▀▀ ▀▀▀▀█▓▀▀▀▀▀▀▓▀    ▀▀▀▀▀█▓▀▀▀▀▓▀      ░      ▄   ░██
 ██▒                                                    ░             ▀▓▀  ▒██
 ██▓                ▄▓█▄                    ░   ▓█                     ░   ▓██
 ██▓                ██▄▀  e  l  e  a  s  e      ▄▄  n  f  o                ▓██
 ██▓                ▀▀ ▀ ─────────────────      ▀▀ ────────                ▓██
▀██▓▀               Toe.To.Toe.2009.LiMiTED.DVDRip.XviD-LPD               ▀▓██▀
  ▀                                                                         ▀
                            * Title: Toe To Toe *
                                                                               
                          • Release.Date··[ 10/Aug/11
                          • Source········[ DVD RETAIL
                          • Release.Size··[ 50x15MB 2CD
                          • Runtime·······[ 01h46m30s
                          • Video.Format··[ XVID
                          • Frame.Rate····[ 23.976 FPS
                          • Aspect.Ratio··[ 624x352
                          • Video.Bitrate·[ 1318 kb/s
                          • Audio.Format··[ 128 kb/s MP3
                          • Subs··········[ N/A
                                                                               
             • IMDB.Link····[ http://www.imdb.com/title/tt1209364/
             • IMDB.Rating··[ 4.4/10 (233 votes) 
                                                                               
 ▄███▀▀▀▀▀▀▀▀▀▀▀▀▀▀▀▀▀▀▀▀▀▀▀▀▀▀▀▀▀▀▀▀▀▀▀▀▀▀▀▀▀▀▀▀▀▀▀▀▀▀▀▀▀▀▀▀▀▀▀▀▀▀▀▀▀▀▀▀▀███▄
 ██░                                                                       ░██
 ██▒             ▄▓█▄                        ▄▓█▄                          ▒██
 ██▓             ██▄▀  e  l  e  a  s  e      ██ █  o  t  e  s              ▓██
 ██▓             ▀▀ ▀ ─────────────────      ▀▀ ▀ ───────────              ▓██
 ██▓                                                                       ▓██
 ██▓                                                                       ▓██
▀██▓▀                                 Enjoy!                              ▀▓██▀
  ▀                                                                         ▀  
                                                                               
     ▄███▀▀▀▀▀▀▀▀▀▀▀▀▀▀▀▀▀▀▀▀▀▀▀▀▀▀▀▀▀▀▀▀▀▀▀▀▀▀▀▀▀▀▀▀▀▀▀▀▀▀▀▀▀▀▀▀▀▀▀▀▀███▄
     ██░                                                               ░██
     ██▒               ▄▓▀                   ▓█                        ▒██
     ██▓              ▐█▌▀▓  r  o  u  p      ▄▄  n  f  o               ▓██
     ██▓               ▀▀▀ ────────────      ▀▀ ────────               ▓██
     ██░                                                               ▓██
    ▀██▓▀                                                             ▀▓██▀
      ▀                      Currently looking for:                     ▀
                        * Suppliers of pre-retail DVD's.
                         * Suppliers of DVD Screeners.
                                                                               
                               · Contact: N/A ·
                                                                               
         ▄██▄                                                      ▄██▄
        ▀███▓▀                                                    ▀▓███▀
         ███▓                                                      ▓███
         ███▓                                                      ▓███
         ███▓         ░▓▓▓▓█▓█   ░▓▓▓▓█▓█▄▄▄░▓▓▓▓█▓█▄▄▄▄▄          ▓███
         ███▓         ▓██████████▓██████████▓█████████████         ▓███
         ███▓         ▓█▓░  █████▓█▓░  ▀▀▀▀▀██▓░  ▀▀▀▀▀███         ▓███
         ███▒         ██░   ███████░   ██   ░█░   ██   ░██         ▒███
         ▓██░     ▄██▄██░   ███████░   ██   ░█░   ██   ░██▄██▄     ░██▓
          ▀▀▀▀▀▀▀▐██████░   ███████░   ▄▄▄▄▄██░   ██   ░██████▌▀▀▀▀▀▀▀
                  ▀█▓▀▓█░   ██   ░█░   ███████░   ██   ░██▀▓█▀
                      ██░   ▀▀   ░█░   ███████░   ▀▀   ▄██
                 ▄█▄  ███▄▄▄████████▄▄▄██▀▀▀███▄▄▄███████▀  ▄█▄
                 ▀▓▀   ▀▀▀▀▀▀▀    ▀▀▀▀▀▀▀    ▀▀▀▀▀▀▀        ▀▓▀
                              •                  •
                     █    ▀         nfo by           ▀    █
                                                                               
                            ·∙• h8!`HiGHONASCii •∙·
