 
│██║█◘◘◘◘◘◘◘◘◘◘◘◘◘◘◘◘◘◘◘◘◘◘◘◘◘◘◘◘◘◘◘◘◘◘◘◘◘◘◘◘◘◘◘◘◘◘◘◘◘◘◘◘◘◘◘◘◘◘◘◘◘◘◘◘◘◘◘◘◘◘█║██│   
│██║█░░▓▓▓▓▓▓▓░░░░▓▓▓▓▓▓▓▓░▓▓▓▓▓▓▓▓░░▓▓░░▓▓░░░░░░░░▓░░▓▓░░▓▓▓▓▓▓▓▓░▓▓▓▓▓▓▓▓█║██│   
│█▓║█░███████▓▓▓░████████░████████░░██▓░██▓▓░░░░░░█▓░██▓░████████░████████░█║▓█│   
│█▓║█░██▓░░░███▓░██▓░░░░░░██▓░░░░░░░██░░███▓▓░░░░░█▓░██░░░░░██▓░░░██▓░░░░░░█║▓█│   
│█▓║█░██▓░░░░██▓▓██▓░░░░░░██▓░░░░░░░░▓▓░████▓▓░░░░█▓░░▓▓░░░░██▓░░░██▓░░░░░░█║▓█│   
│█▓║█░██▓░░░░░██▓██▓░░░░░░██▓░░░░░░░██▓░█▓███▓▓░░░█▓░██▓░░░░██▓░░░██▓░░░░░░█║▓█│   
│█▓║█░██▓░░░░░██▓██▓▓▓▓▓▓▓██▓▓▓▓▓▓▓░██▓░█▓░███▓▓░░█▓░██▓░░░░██▓░░░██▓▓▓▓▓▓▓█║▓█│   
│█▓║█░██▓░░░░░██▓████████░████████░░██▓░█▓░░███▓▓░█▓░██▓░░░░██▓░░░████████░█║▓█│   
│█▓║█░██▓░░░░░██▓██▓░░░░░░██▓░░░░░░░██▓░█▓░░░███▓▓█▓░██▓░░░░██▓░░░██▓░░░░░░█║▓█│   
│█▓║█░██▓░░░░░██░██▓░░░░░░██▓░░░░░░░██▓░█▓░░░░███▓█▓░██▓░░░░██▓░░░██▓░░░░░░█║▓█│   
│█▓║█░██▓░░░░██▓░██▓░░░░░░██▓░░░░░░░██▓░█▓░░░░░████▓░██▓░░░░██▓░░░██▓░░░░░░█║▓█│   
│█▒║█░██▓▓▓▓███░░██▓▓▓▓▓▓▓██▓░░░░░░░██▓░█▓░░░░░░███▓░██▓░░░░██▓░░░██▓▓▓▓▓▓▓█║▒█│   
│█▒║█░███████░░░░████████░██░░░░░░░░██░░█░░░░░░░░██░░██░░░░░██░░░░████████░█║▒█│   
│█▒║█◘◘◘◘◘◘◘◘◘◘◘◘◘◘◘◘◘◘◘◘◘◘◘◘◘◘◘◘◘◘◘◘◘◘◘◘◘◘◘◘◘◘◘◘◘◘◘◘◘◘◘◘◘◘◘◘◘◘◘◘◘◘◘◘◘◘◘◘◘◘█║▒█│   
│█▒║█                              -+-2006-+-                              █║▒█│   
│█▒║█                               PRESENTS:                              █║▒█│   
│█National.Geographic.Edge.Of.The.Universe.Planets.From.Hell.PDTV.XviD-DEFiNiTE│   
│█▒║█                                                                      █║▒█│   
│█▒║███████▓▓▓▓▓▓▓▓▓▓▓▓▓▓▓▓▓▓▓▓▓▓▓ RLS iNFO ▓▓▓▓▓▓▓▓▓▓▓▓▓▓▓▓▓▓▓▓▓▓▓▓▓███████║▒█│   
│█▒║█                                                                      █║▒█│   
│█▒║█      Release Date:           02/10/06                                █║▒█│   
│█▒║█      Video Codec:            XviD                                    █║▒█│
│█▒║█      Video Resolution:       496x320                                 █║▒█│
│█▒║█      Video AR:               1.55:1                                  █║▒█│              
│█▒║█      Video Bitrate:          909 Kbps                                █║▒█│
│█▒║█      Video Framerate:        25 FPS                                  █║▒█│
│█▒║█      Audio Codec:            MP3 VBR                                 █║▒█│
│█▒║█      Audio Bitrate:          125 Kbps                                █║▒█│
│█▒║█      Runtime:                47 min                                  █║▒█│
│█▒║█      Genre:                  Documentary                             █║▒█│
│█▒║█      Language:               English                                 █║▒█│
│█▒║█      Subtitles:              None                                    █║▒█│
│█▒║█      Source:                 DVB-S                                   █║▒█│
│█▒║█      Rls Size:               25x15Mb                                 █║▒█│
│█▒║█                                                                      █║▒█│
│█▒║█                                                                      █║▒█│
│█▒║███████▓▓▓▓▓▓▓▓▓▓▓▓▓▓▓▓▓▓▓▓▓▓  RLS  Notes ▓▓▓▓▓▓▓▓▓▓▓▓▓▓▓▓▓▓▓▓▓▓▓███████║▒█│
│█▒║                                                                       █║▒█│                             
│█▒║                                                                       █║▒█│
│█▒║                                Enjoy!                                 █║▒█│
│█▒║                                                                       █║▒█│
│█▒║                                                                       █║▒█│
│█▒║                                                                       █║▒█│
│█▒║                                                                       █║▒█│
│█▒║                                                                       █║▒█│
│█▒║                                                                       █║▒█│
│█▒║                                                                       █║▒█│
│█▒║███████▓▓▓▓▓▓▓▓▓▓▓▓▓▓▓▓▓▓▓▓▓▓ GROUP iNFO ▓▓▓▓▓▓▓▓▓▓▓▓▓▓▓▓▓▓▓▓▓▓▓▓███████║▒█│      
│█▒║█                                                                      █║▒█│   
│█▒║█  - We are a group loving hiqh quality releases.                      █║▒█│   
│█▒║█  - Our all releases are coded with x264 or XviD.                     █║▒█│   
│█░║█  - DEFiNiTE loves HDTV.                                              █║░█│   
│█░║█                                                                      █║░█│   
│█░║█                                                                      █║░█│
│█░║█                                                                      █║░█│   
│█░║███████▓▓▓▓▓▓▓▓▓▓▓▓▓▓▓▓▓▓▓▓▓▓   WANTED   ▓▓▓▓▓▓▓▓▓▓▓▓▓▓▓▓▓▓▓▓▓▓▓▓███████║░█│   
│█░║█                                                                      █║░█│   
│█░║█                                                                      █║░█│
│█░║█  - HDTV and PDTV rippers.                                            █║░█│
│█░║█                                                                      █║░█│
│█░║█                                                                      █║░█│ 
│█░║█                                                                      █║░█│   
│█░║█    Contact: You know how...Don't hesitate to contact us.             █║░█│   
│█░║███████▓▓▓▓▓▓▓▓▓▓▓▓▓▓▓▓▓▓▓▓▓▓ GREETiNGS! ▓▓▓▓▓▓▓▓▓▓▓▓▓▓▓▓▓▓▓▓▓▓▓▓███████║░█│   
│█░║█                                                                      █║░█│   
│█░║█         To all who care about security and do not support P2P!       █║░█│
│█░║█         To all TV groups who tag their releases properly!            █║░█│   
│█░║█                                                                      █║░█│   
│█░║█                         RAP AERiAL HEH FTP                           █║░█│   
│█░║█                                                                      █║░█│   
│█░║█                                                                      █║░█│   
│█░║█■■■■■■■■■■■■■■■■■■■■■■■■■■■■■■■■■■■■■■■■■■■■■■■■■■■■■■■■■■■■■■■■■■■■■■█║░█│   
│█░║▓▓▓▓▓▓▓▓▓▓▓▓▓▓▓▓▓▓▓▓▓▓▓▓▓▓▓▓▓▓▓▓▓▓▓▓▓▓▓▓▓▓▓▓▓▓▓▓▓▓▓▓▓▓▓▓▓▓▓▓▓▓▓▓▓▓▓▓▓▓▓▓║░█│   
│█░║▒▒▒▒▒▒▒▒▒▒▒▒▒▒▒▒▒▒▒▒▒▒▒▒▒▒▒▒▒▒▒▒▒▒▒▒▒▒▒▒▒▒▒▒▒▒▒▒▒▒▒▒▒▒▒▒▒▒▒▒▒▒▒▒▒▒▒▒▒▒▒▒║░█│   
│█░║░░░░░░░░░░░░░░░░░░░░░░░░░░░░░░░░░░░░░░░░░░░░░░░░░░░░░░░░░░░░░░░░░░░░░░░░║░█│   
│╠╠╠╦╩╦╩╦╩╦╩╦╩╦╩╦╩╦╩╦╩╦╩╦╩╦╩╦╩╦╩╦╩╦╩╦╩╦╩╦╩╦╩╦╩╦╩╦╩╦╩╦╩╦╩╦╩╦╩╦╩╦╩╦╦╩╦╩╦╩╦╩╦╩╦╠╠╠│   
 ╚║║║║║║║║║║║║║║║║║║║║║║║║║║║║║║║║║║║║║║║║║║║║║║║║║║║║║║║║║║║║║║║║║║║║║║║║║║ε║╝ε   
  ║══════════════════════════════════════════════════════════════════════════║
   ██████████████████████████████████████████████████████████████████████████
        We Know our nfo sucks. If you can offer help, please contact us.
