                                  ▄▄                                         
                                 ▓ ░▓      ░                                 
                                ▐   ░▌   ░   ░ ░                             
                                █  ▓░     ░▐▄▓▓▒░                            
                               ▐██▓       ▓█▓███▓           ▄▀▀▀▌            
                               ▓▀▀▌      ░█▓█▓█▓█▓       ▄▓█▌ ░▓             
                               ▌ ▐▀▓▄▄   ▓████▓█▓█    ▄▓▀███▀▄▀              
                               ▀▄     ▀▒▐█▓▀ ▀▀ ▐▓▄▄▀▀  ▄▓▀                  
                                 ▀▓▄    ░▌    ▀▀▓     ▄▀                     
                                   ▀▓░      ▓  ▄▒░ ▄▓▀                       
                                     ▒▒      ▀▀▒▓▀▀                          
                                     ▓         ▓                             
                                    ▐  ▐▄   ▌ ▐▌                             
                                   ▄▌    ▀▀▓▓█▀                              
                                 ▄▒░▓     ░▒▀                                
                               ▄▒░   ▀▓▄░░▒▌                                 
                        ▄▄    ▓░ ▄      ▀▀░▓                                 
                      ▄▓░▒▓  ▓░▄░▓▌▄▄▄   ▄  ▌                                
                     ▓░░▓▀▀▄▓ ▐▓▓▓█▓▀▀▓ ▐▓░▄▐                                
                    ▓░░░▌ ▐    ▀▀█▓   ▐▓▐▓▓▓▌▌                               
   ▄▓▒▒▒▒▒▒▒▒▒▒░    ▓░░▌▓▄██   ░▓  ▀▀▄ █░▀▀  ▓                               
  ▓▓▓█▀▀▀▀▀███▀▀     ▀▀ ▐███▌░▓▀      ▀█▓░  ▄█                               
 ▐▓▌▓▌    ▓███▌          ▀██▀▀          ▀████▓                               
 ▓▓ ▓▓   ▐█▌▐█▓                           ▀▀▀                                
 ▓░░▐▓░░░▓█  ██                                                              
▐▓▌  ▓▄▄▄██▄▄██▓                                                             
▐▓   ▓▓▓▒▒▒▒▒▒██                                                             
▓▓   ▐▓▌██    ▐█▌                                                            
▓░░░░░▓▌█▌     █▓                                                            
▓▌    ▓██▌     ██                                                            
▓     ▓▓█▄██████████████████████████████████████████████████████████         
▓     ▐▓██ ▄▄▄▄▄▄ █▄ ▄▄▄▄▄▄ ▀▓ ▄▄▄▄▄▄ ▓▄ ▄▄▄▄▄▄ ▀▓ ▄▄▄▄▄▄▄▄▄▄▄▄▄▄▄░▀█▌       
▌░░░░░░▓██ ██████ ██▄ ██████ █ ██████ ██▄ ██████ █ ██████ ▄▄ ▀█████▌▐█       
▌     ▐▓██ █▓▓▓▓▓ ███ █▓▓▓▓▓ █ █▓▓▓▓▓ ███ █▓▓▓▓▓ █ █▓▓▓▓▓ ███ █▓▓▓▓▓▐█       
      ▐▓▓█ ▓░░░░░ ███ ▓░░░░░ █ ▓░░░░░ ███ ▓░░░░░ █ ▒░░░░░ ███ ▒░░░░░▐█       
      ▓█▓█ ░      ▓██ ░     ▐█ ░      ▓██ ░      █ ░      ███ ░     ▐█       
░░░░░░██▓█ ░      ▀▀       ▄██▌        ▀▀        █ ░      ▀▀ ░     ▄▓▌       
      █▌▓█ ░     ▄▄       ▀▓█▓██▄▄▄▄▄▄▄▄▄        █ ░      ▄       ▀▓█        
     ▐█▌▓█ ░     ▓█▓ ░      █▌ ▀▀▀▀▀▀▀▀▓█       ▐█ ░      █▓       ▐█▌       
     ▐█ ▐█ ░     ░██▌░      ▐█         ██ ░     ▐█ ░      ██ ░      █▌       
░░░░░▓█ ▐█ ▓░░░░ ▐██▌▓░░░░░ █▌        ▐█▌ ▓░░░░ ██ ▓░░░░░ ██ ▓░░░░░ █▌       
     █▌ ▐█ █▓▓▓▓▓▐██▌█▓▓▓▓ ▓█         ▓█ ▓█▓▓▓▀▐▓█ █▓▓▓▓▓ ██ █▓▓▓▓▓ █▌       
    ▐█▌ ▐█ ▀█████ ██▌▀███▌▐█▌        ██ ▄███▀▀▐█▌█▌▐█████ ▀█ ▀████▌▐█▌       
    ▐█   ▓█▄▄▄▄▄▄▄▄▓█▄ ▀▀ ▀█▌      ▄▓█▄▄▄▄▄▄▄█▓▀ ▐█▄▀▀▀▀▀▀ ▄█▄▄▄▄▄▄█▓        
    ▓█   ▐▀▀▀▀▀▀▀▀▀▀▀████████      ▀▀▀▀▀▀▀▀▀▀▀    ▀▓███████▓▀▀▀▀▀▀▀▀         
░░░░█▌   ▐▓▄▄▄▄▄▄▄▄▄▄▓█▌                                                     
   ▐█▌    ▓█▓▒▒▒▒▒▒▒▒▒██                                                     
   ▐█     ▓▓          ▐█▌                                                    
   ▓█     ▐▓▌          █▓                                                    
░░░█▌     ▐▓▌          ██▌                                                   
  ▐█▌      ▓█▄▄▄▄▄▄▄▄▄▄▓█▌                                                   
  ▐█       ▓▓█▓▒▒▒▒▒▒▒▒▒██        ▄▄▄                                        
  ▓█       ▐▓▌          ▐█▌     ▄██████▄▄  ▄▓▄                               
 ▐█▌       ▐▓▌           █▓   ▄░░▓████░░▒▓████▓               ▄▄▓▄▄          
▓██▄ ▄   ▄▄▄▓▓▄▄▄▄▄▄ ▄ ▄▄██▌▄▄▓░░░███░░░░░▒▒▓▓░▌   ▄▄▄▄▄▓▓▀▀▀▒▓▄  ░▓█▄▄▄▄▄▄ ▄
            ▓▓          ▄▓█▌▄▓█▓░▒▀▀▓▒░░░░░░░░▒▓▓█▓▓░░░░░░▌░░░░░▓░▀██▓       
            ▀▀       ▄▓▓▄ ▄▓█████▓▄ ▄█▓▒░░░░░░░░░███▓░░░░░░░░░░▒░░░▐█▓░      
  K  Y  R            ▓████████▓▀▐██▓████▓▒░░░░░░░▐█▓█░░░░░░░░▒▓░░░ ██░▒      
                      ▀████▓▀    ▓████▀  ▓ ░░░░░ ▓███▌░░░░▒▒▓░░░░▄▓█▓░ ░     
    p r e s e n t s     ▀▓▓▀      ▀▀▀     ▓▄▄▄▄▄▓▓▓█▓▒▒▓▀▀░░░░░▄▓▀   ░       
                                              ▀▀▀▀     ▐  ▐▄▀▀▀              
                                                       ▐▐▄▓                  
   · ··--─-─-──────────────────────────────────────────────────────-─-─--·· ·
                  WWE.Friday.Night.Smackdown.08.11.06.XviD-KYR               
   · ··--─-─-──────────────────────────────────────────────────────-─-─--·· ·
       ▄▄▄▄▄▄▄▄▄▄  ▄▄▄▄▄▄▄▄▄▄▄▄▄▄▄▄  ▄▄▄▄▄▄▄▄▄▄▄▄▄▄                          
      █▀▄░█▀▄░█ █▓█▀▄░█░▄▀█ ▄▄█▀▄░█  █▄█▀▄░█▀▄▄█░▄▀█                         
   ┌──█ ▀▄█ ▄██ █▓█ ▄██ ▄ █▄▄░█ ▄█▀──█ █ █ █ ▄██ █ █──────────────────·· ·   
   │  █ █ █▄▀▀█▄▀▀█▄▀▀█▄█ █▄▀ █▄▀▀█  █ █▄█ █░█▓█ ▀ █                         
   │  ▀▀▀▀▀▀▀▀▀▀▀▀▀▀▀▀▀ ▀▀▀▀▀▀▀▀▀▀▀  ▀▀▀ ▀▀▀▀▀ ▀▀▀▀▀                         
   │                                                                         
   │                                                                         
   │         title·[ WWE FRIDAY NIGHT SMACKDOWN                                     
   │         genre·[ Wrestling                                               
   │     rel. date·[ 08.11.06                   format·[ DSRip XviD          
   │      air date·[ 08.11.06                   source·[ Digital Satellite   
   │      DVD date·[ xx.xx.xx                  bitrate·[ 1048kbps            
   │      language·[ English                   resolu.·[ 512x384             
   │     rar count·[ 38x20mb                    frames·[ 25fps               
   │                                             audio·[ 128kbps             
   │                                          location·[ USA                 
   │                                                                         
   │                                                                         
   │                   ▄▄▄▄▄▄▄▄▄▄  ▄▄▄▄▄▄▄▄▄▄▄▄▄▄▄▄   ▄▄▄▄▄▄▄▄▄▄▄▄▄▄▄▄▄▄▄▄   
   │                  █▀▄░█▀▄░█ █▓█▀▄░█░▄▀█ ▄▄█▀▄░█  █▀▄░█░▄▀█▄ ▄█▀▄░█ ▄▄█   
   │        · ··─────-█ ▀▄█ ▄██ █▓█ ▄██ ▄ █▄▄░█ ▄█▀──█ █ █ █ ██ ██ ▄██▄▄░█──┤
   │                  █ █ █▄▀▀█▄▀▀█▄▀▀█▄█ █▄▀ █▄▀▀█  █ █ █ ▀ ██░██▄▀▀█▄▀ █  │
   │                  ▀▀▀▀▀▀▀▀▀▀▀▀▀▀▀▀▀ ▀▀▀▀▀▀▀▀▀▀▀  ▀▀▀▀▀▀▀▀▀▀▀▀ ▀▀▀▀▀▀▀▀  │
   │                                                                        │
   │                                                                        │
   │                                                                        │
   │                                                                        │
   │                                                                        │
   │                                 Enjoy                                  │
   │                                                                        │
   │                                                                        │
   │                                                                        │
   │                                                                        │
   │   ▄▄▄▄▄▄▄▄▄▄▄  ▄▄▄▄▄▄▄  ▄▄▄▄▄▄▄▄▄▄▄▄▄▄                                 │
   │  █▀▄░█▀▄░█░▄▀█▀█░█▀▄░█  █▄█▀▄░█▀▄▄█░▄▀█                                │
   ├──█ ▌▀█ ▀▄█ █ █ █ █ ▀ █──█░█ █ █ ▄██ █ █──────────────-─────·· ·        │
      █ ▀ █ █ █ ▀ █ ▀ █ █▀▀  █ █ █ █░█▓█ ▀ █                                │
      ▀▀▀▀▀▀▀▀▀▀▀▀▀▀▀▀▀▀▀    ▀▀▀▀▀▀▀▀▀ ▀▀▀▀▀   Special thanks to h8!        │
                                               for the new nfo.             │
                                                                            │
      • group info                                                          │
                                                                            │
          KYR is here to bring you the best of the olden & golden eras,     │
          the currents and the oddities of wrestling and MMA loved by all.  │
          No discrimination, one mans garbage is the next mans gold. We do  │
          not condone any kind of selling of our releases, or any warez at  │
          all, and we encourage everyone to buy all that is available       │
          commercially, though obviously not everything we do is. ;)        │
                                                                            │
                                                                            │
      • we are now looking for...                                           │
                                                                            │
                    + Internal EU Sites 30mbit+                             │
                    + Digital cappers with high speeds (120KB+)             │
                    * Anything else that might help us                      │
                                kyr@hush.com                                │
                                                                            │
      • KYR respects...                                                     │
                                                                            │
           everyone keeping it real and oldschool. we love ya!              │
                                                                            │
                          ▄ ▄▄▄▄▄▄▄▄ ▄▄▄▄▄▄▄▄▄▄▄▄▄▄▄                        │
                         ▄▄▄▄▓ ▄▄▄ █▄▓ ▄▄▄ ▄▄▄▄▄▄▄ ▓▌                       │
  · ··─────--────────────█ ▄▄ ▌▐██▌▄▄ ▌▐██▌▀▀  ▐██▌▐█ ──────────────────────┤
                         █ ██ ▄██▀ ██ ▄██▓ ██ ▄██▀ █▌    K N O W            │
   ascii crafted by      █ ████▓▄  ▐██▓▀ ▄ ████▓▄ ▀█                        │
                         █ ██ ▀██▓  ██ ▄▓█ ██ ▀██▓ ▓▌       Y O U R         │
        h8`!HiGHONASCii  █ ██ ▌▐██▌ ██ █ █ ██ ▌▐██▌▐█                       │
                         █ █▓ █ ██▓ █▓ █ █ █▓ █ ██▓ █           R O L E     │
  · ··─-─----────────────█▄▄▄▄▓▄▄▄▄▄▄▄▄▓ █▄▄▄▄▓▄▄▄▄▄▓ ──────────────────────┘
       ▄▄▄▄▄▄▄▄▄▄▄▄▄▄    ▄▄▄▄▄▄▄▄▄▄  ▄▄▄▄▄▄▄▄▄▄▄▄▄▄▄▄▄▄▄▄   ▄▄▄ ▄▄▄▄▄▄▄      
   ░▒▓▓▌ █ ▄▄█ ▄▀█ ▄▀█▓▓█▀▄░█▀▄░█ █▓█▀▄░█░▄▀█ ▄▄█▀▄░█ ▄▄█▓▓█░▄▀█▀▄░█░▄▀█▓▓▒░ 
  ░ ░▒▒█ █▄▄░█ █ █ █ █▒▒█ ▀▄█ ▄██ █▒█ ▄██ ▄ █▄▄░█ ▄██▄▄░█▒▒█ ▄ █ █ █ █ █▒▒░ ░
   ░▒▓▓█░█▄▀ █▄▀░█▄▀░█▓▓█ █ █▄▀▀█▄▀▀█▄▀▀█▄█ █▄▀ █▄▀▀█▄▀ █▓▓█▄█ █▄█ █ ▀▄█▓▓▒░ 
       ▀▀▀▀▀▀▀▀▀▀▀▀▀▀▀  ▀▀▀▀▀▀▀▀▀▀▀▀▀▀▀▀▀ ▀▀▀▀▀▀▀▀▀▀▀▀▀▀▀    ▀▀▀ ▀▀▀▀▀▀      
                    ▄▄▄▄▄▄▄  ▄▄ ▄▄▄▄▄▄▄▄▄▄▄▄▄▄▄▄▄▄▄▄▄▄▄▄                     
               ░▒▓▓█▀▄ █░▄▀█▀█░█▀▄░█▄ ▄█▄█▀▄░█▀▄░█░█░█░█▓▓▒░                 
              ░ ░▒▒█ ███ █ █ █ █ █ ██ ██░█ █ █ ▌▀█ █ █ █▒▒░ ░                
               ░▒▓▓█▄▀░█ ▀ █ ▀ █▄█ ██░██ █ █ █░▀ █▀█▀█▀█▓▓▒░                 
                    ▀▀▀▀▀▀▀▀▀▀▀▀ ▀▀▀▀▀▀▀▀▀▀▀▀▀▀▀▀▀▀▀▀▀▀▀
