                                                                                
  ▄██████▓▓████   ████████████████████████████████████████████████████████████░ 
 ▓████▓▓▓▓▓▓███    ███████████████████████████████████████████████████████████░ 
 ███▓▓▓▓▒▒░▓▓██▄                          ██                                 █░ 
 ██▓▓▓▓▒▒▒░▓▓███                           ██   BIE is very proud to present █░ 
 █▓▓▓▓▒▒▒░░▓▓▓██                            ███       ▄▄                     █░ 
 ▓▓▓▓▒▒▒░░▓▓▓▓██                             ████    ▄██▄   you another fine █░ 
 ▓▓▓▒▒▒▒░▓▓▓▓▓██                               ███  ▄█░██                    █░ 
 ▓▓▓▒▒▒░░▓▓▓▓▓██▄                                 ▄██░░██▄  windows release! █░ 
 ▓▓▒▒▒░░▓▓▓▓▓████   ▄                            ▄█░░░████                   █░ 
 ▓▓▒░░░▓▓▓▓▓▓████   █▄        ▄█▄               ▄█░░░█████▄ ████████         █░ 
 ▓▒░░▓▓▓▓▓▓██▒███   ██▄   ▄█▄████▄▄▄▄▄▄       ▄██░░░▓▓█████  █████████████████░ 
 ▓░░▓▓▓▓▓▓██▒████▄  ███▄ ▄█▓█████▓▓▓██████▄▄▄██░░░▓▓▓▓▓██▓█         ██████████░ 
 ▓░░▓▓▓▓▓██▒████▓█  ████▄███████▓▓▓▓██▓▓█████░░░▓█▓▓▓▓▓█▓▓█                  █░ 
 ▓░▓▓▓▓▓██▒▒████▓█▄ ███████████▓▓▓▓▓▓▓▓▓▓███░░▓▓██▓▓▓▓██▓▓█                  █░ 
 ▓▓▓█▓▓██▒▒█████▓▓█▄███████▓█▓▓▓▓▓▓████████░░▓███▓▓█▓███▓▓█                  █░ 
 ▓▓█████▒▒▒█▓████▓▓███████▓▓▓▓▓▓█████▓▓▓▓██░███▓▓▓██████▓▓█                  █░ 
 ▓▓████▓▒▒█▓▓▓████▓▓██▓▓▓▓▓▓▓▓▓▓▓▓▓▓▓▓▓▓▓▓█░▓███▓███████▓▓█                  █░ 
 ▒█████▓▒██▓▓██████▓▓█▓█▓▓▓▓▓▓▓▓▓██▓▓▓▓▓▓▓▓▓▓▓▓▓████████▓▓█                  █░ 
 ▒█████▓▒█▓▓▓██████▓▓███▓█▓▓▓█▓▓▓███▓▓▓████████▓▓███████▓█▀                  █░ 
 ▒█████▓▓█▓▓▓▓▓█████▓███▓█▓▓██▓▓▓█▓██████████████▓██████▓█                   █░ 
 ▒▒███▓▓▓▓▓▓▓▓▓▓████▓▓████▓██▓▓███▓▓▓▓██▓░░██████▓▓█████▓█                   █░ 
 ▒▒███▓▓█▓▓▓▓▓▓▓████▓▓████▓█▓▓███▓▓░░░▓▓▓▓░░▓▓██████████▓█                   █░ 
 ▒▒▒██▓▓█▓▓▓▓▓▓▓████▓███████▓██▓▓▓░░░░░░░░░▓▓█████▓████▓▓█                   █░ 
 ▒▒▒██▓▓█▓▓▓▓▓▓▓▓▓██▓██████▓███▓▓░░░░░░░░░████▓▓▓▓█████▓▓█                   █░ 
 ░▒▒▒█▒▓█▓▓▓▓▓▓▓▓▓▓███████▓███▓▓░░░░░░░░░██████▓▓▓▓███▓▓█▀                   █░ 
 ░░░▒█▒▒█▓▓▓███▓▓▓▓▓████▓██████▓▓▓▓░░░░░██▓██▓██▓▓▓███▓▓█                    █░ 
 ░░░░░▒▒██▓▓█████▓▓████▓▓▓▓▓▓▓██▓█▓▓▓░░███▓███▓██▓▓▓██▓█▀                    █░ 
 ░░░░▒▒▒▒█▓▓█▓█▓▓▓███▓▓▓█████▓▓██████████▓███▓▓███▓▓█▓█▀                     █░ 
 ░░░░▒▒▒▒███████████▓▓████████▓▓████████░▓▓██▓▓▓████▓▓█                      █░ 
 ░░░░▒▒█████▓██████▓▓███████████▓██████▓▓░░███▓▓▓█████▀                      █░ 
 ██░░▒▒▒█▓██▓██████████████████▓▓▓██████▓░▓▓██▓▓▓███▀                   .    █░ 
 ▒██░░▒▒████▓▓██████████████████▓▓▓██████▓▓███▓▓▓███▄                   .    █░ 
 ░▒██░▒▒▒▒██▓██████████▓▓▓▓██████▓▓██████░██████▓████                   .    █░ 
 ░░▒██▒▒▒▒▒█▓████████▒▒▒▓▓▓▓▓████▓▓███████▓░███████▓█                        █░ 
 ░░░▒███▒▒▒█▓███████▒▒▒▒▒▓▓▓▓▓████▓███████░░███▓███▓██                  t    █░ 
 ░▒▒▒░▒░░▒▒█▓██████▓▒▒▓▓▓▓▓▓▓▓▓███████████▓███████▓▓▓█                  h    █░ 
 ░▒▒▒▒▒█▓▓▒▒▓█████▓▓▓▓▓▓▓▓▒▓▓▓▓▓██████████████████▓▓▓█                  e    █░ 
 ░▒▒▒▒▒█▓▓▓▒██████▒▒▓▓▓▓▒▒▒▒▓▓▓▓██░░██████████████░▓▓█                       █░ 
 ▒▒▒▒███░▓▓▓▒████▓▒▒▒▒▓▒▒▒▒▒▒▓▓▓▓██░░░░███████████░▓▓█                  c    █░ 
 ▒▒████░▓░▓▓▓▒███▒▒▒▒▒▓█████▒▓▓▓▓▓██░░░░░░███████░░▓▓█                  u    █░ 
 ▒██████▓▓▓▓▓▓▒██▒▒▒▒██▓▓▓███▓▓▓▓▓▓██░░░█░░██████░█▓▓█                  t    █░ 
 ▒██████░▓░▓▓▓▒██▒▒▒██▓▓▓█████▒▒▒█▓▓██░██░░█████░░█▓▓█                  e    █░ 
 ▒███████▒▓▓▓▓▒█▒▒▒██▓▓▓███▓▓██▒▒█▓▓▒█████░█████░██▓█▀                  s    █░ 
 ▒███████▒▒▓▓▓▒█▒▒██▓▓██████▓▓██▒██▓▒▒▒▒███████░░█▓▓█                   t    █░ 
 ▒█████░██▒▓▓▓▒▒▒██▓▓██▀  ░█████▒▒█▓▓▓▒▒▒░████░░██▓█▀                        █░ 
 ▒█████░░█▒▒▓▓▓▒██████▀ ░░░▓█▀██▒▒█▓▓▓▓▒▒▒▒██░░░█▓▓█                    t    █░ 
 ███████░█▒▓▓▓▓▒███▀   ░░▓▓██ ██▒▒█▓▓▓▓▓▒▒▒▒█░░░█▓█▀                    h    █░ 
 ░▒███████▒▒▓▓▓▒██▀   ░░▓▓▓█▀ ██▒▒█▓▓▓▓▓▓▒▒▒░░░░▓▓█                     i    █░ 
 ▒▒▒███████▒▒▓▓▓█▀   ░░▓▓███  ██▒▒█▓▓▓▓▓▓▓▒▒▒░░▓▓▓█                     n    █░ 
 ░░░▒███░░▒▒▓▓▓▓██  ░░▓▓▓██▀ ███▒▒█▓▓▓▓▓▓▒▒▒░░░▓██▀                     g    █░ 
 ░▒▒▒▒██░░█▒▒▓▓▒▒█  ░▓▓▓███▄████▒██▓▓▓▓▓▒▒▒▒░░█▀▀                       s    █░ 
 ░░░░▒▒███░▒▒▓▓▓▒██ ░▓▓▓███████▒▒█▓▓▓▓▓▒▒▒░░░█▀                              █░ 
 ▀▀███▒▒▒███▒▓▓▓▓▒██░▓▓▓██████▒▒▒█▓▓▓▓▒▒▒░░░░█                          i    █░ 
     ▀▀▀███▓▓▓▓▓▓▒▒███████████▒▒██▓▓▓▒▒▒░░░░█▀                          n    █░ 
         ▀███▓▓▓▓▒▒▒▒▒███████▒▒▒█▓▓▓▒▒░░░░░█▀                                █░ 
 ░         ▀██▓▒▒▒▒▒▒▒▒▒▒▒▒█▒▒▒██▓▓▒▒▒░░░░█▀                            l    █░ 
 ░█         ▀█▓▓▒▒▒▒▒▒▒▒▒▒▒▒▒▒██▓▓▓▒▒░░░░░█                             i    █░ 
 ░█          ▀█▓▓▓▒▒▒▒▒▒▒▒▒▒▒██▓▓▓▒▒▒░░░░█▀                             f    █░ 
 ░█           ▀█▓▓▓▒▒▒▒▒▒▒▒▒▒▒▓▓▓▒▒▒░░░░░█                              e    █░ 
 ░█            ▀█▓▓▓▒▒▒▒▒▒▒▒▒▓▓▓▓▒▒░░░░░░█                                   █░ 
 ░█             ▀█▓▓▓▒▒▒▓▓▓▓▓▓▒▒▒▒░░░░░░███▄                            a    █░ 
 ░█              ▀█▓▓▓▒▓▓▓▓▓▓▓▓▒▒▒▒░░░██████▄                           r    █░ 
 ░█               ▀██▓▓▒▓▓▓▓▒▒▓▓▓▓▓▓██████████▄                         e    █░ 
 ░█                 ▀█▓▓▒▓▓█▒▒▒▒▒▒▓▓██░██████▀█                              █░ 
 ░█                  ▀█▓▓▒▒██▒▒▒▒▒▒▒██░░█████ █▄                        e    █░ 
 ░█                   ▀█▓▓▒██▒▒▒▒▒▒▒▒██░░█████ █                        v    █░ 
 ░█                    ▀█▓▒███▒▒▒▒▒▒▒██░░░████▄█                        i    █░ 
 ░█                     █▓▓▒███▒▒▒▒▒▒▒███░█████▀                        l    █░ 
 ░█                     ▀█▓░████▒▒▒▒▒▒██████ █▀                              █░ 
 ░█                      ▀█░██▓███▒▒▒▒█████▄█▀                          ?    █░ 
 ░█                       █░░█▓▓███▒▒██▀▀▀▀▀                            !    █░ 
 ░█                       ▀█░██▓▓███▀▀                                       █░ 
 ░█                        █░░██▓▓█▀                                         █░ 
 ░█                        ▀█░░██▓█                                          █░ 
 ░█                         ██░░██▀                                          █░ 
 ░█                          ▀███▀                                           █░ 
 ░█                                                                          █░ 
 ░                                                                            ░ 
                                                                                
  ███████                 ░████████████▓▓████████████░               █████████  
  ████████████████        ░░░░░░░░█████▓▓█████░░░░░░░░        ████████████████  
  ██░░░░░█████████████           ░░░░██▓▓██░░░░           ███████████░░░░░░░░░  
  ██░   ░░░░░░░░░░████████          ░░█▓▓█░░          ████████░░░░░░░░          
  ██░            ░░░░░███████        ░█▓▓█░        ███████░░░░░                 
  ██░                ░░░░░█████      ░█▓▓█░      █████░░░░░                     
  ██░                    ░░░░████    ░█▓▓█░    ████░░░░                         
  ██░                       ░░░███   ░█▓▓█░   ███░░░                            
  ██░                         ░░░██  ░█▓▓█░  ██░░░                              
  ██░░░░░░░░░░░░░░░░░░░░░░░░░░░░░░██ ░█▓▓█░ ██░░░░░░░░░░░░░░░░░░░░░░░░░░░░░░░░  
  ██████████████████████████████████ ░█▓▓█░ ██████████████████████████████████  
  ▓▓▓▓▓▓▓▓▓▓▓▓▓▓▓▓▓▓▓▓▓▓▓▓▓▓▓▓▓▓▓▓▓▓ ░█▓▓█░ ▓▓▓▓▓▓▓▓▓▓▓▓▓▓▓▓▓▓▓▓▓▓▓▓▓▓▓▓▓▓▓▓▓▓  
  ██████████████████████████████████ ░█▓▓█░ ██████████████████████████████████  
  ██░░░░░░░░░░░░░░░░░░░░░░░░░░░░░░██ ░█▓▓█░ ██░░░░░░░░░░░░░░░░░░░░░░░░░░░░░░░░  
  ██░                         ░░░██  ░█▓▓█░  ██░░░                              
  ██░                       ░░░███   ░█▓▓█░   ███░░░                            
  ██░                     ░░░████    ░█▓▓█░    ████░░░                          
  ██░                 ░░░░░████      ░█▓▓█░      ████░░░░░                      
  ██░            ░░░░░░██████        ░█▓▓█░        ██████░░░░░░                 
  ██░   ░░░░░░░░░░█████████         ░░█▓▓█░░         █████████░░░░░░░░          
  ██░░░░░██████████████          ░░░░██▓▓██░░░░          ████████████░░░░░░░░░  
  ████████████████        ░░░░░░░░█████▓▓█████░░░░░░░░        ████████████████  
  ███████                 ░████████████▓▓████████████░               █████████  
                                                                                
 ░                                                                            ░ 
 ░█                                                                          █░ 
 ░█  Microsoft Windows Server 2008 R2 Standard x64 Integrated December 2009  █░ 
 ░█                      *GERMAN* (C)2009 Microsoft Corp.                    █░ 
 ░█                                                                          █░ 
 ░█                                                                          █░ 
 ░█                                                                          █░ 
 ░█  HowTo:                                                                  █░ 
 ░█  ------                                                                  █░ 
 ░█  • Extract Files                                                         █░ 
 ░█  • Burn Image to DVD                                                     █░ 
 ░█  • Boot from DVD                                                         █░ 
 ░█  • Install to unpartitioned space without serial                         █░ 
 ░█                                                                          █░ 
 ░█                                                                          █░ 
 ░█    ... have fun! No Serial and no Activation needed!                     █░ 
 ░█                                                                          █░ 
 ░█                                                                          █░ 
 ░█                                                                          █░ 
 ░█  Notes:                                                                  █░ 
 ░█  ------                                                                  █░ 
 ░█                                                                          █░ 
 ░█          If you like this software....                                   █░ 
 ░█                                                                          █░ 
 ░█                                    ....buy a penguin!                    █░ 
 ░█                                                                          █░ 
 ░█                                                                          █░ 
 ░█                                                                          █░ 
 ░                                                                            ░ 
                                                                                
 ░███████                 ░██████████████████████████░               █████████░ 
 ░████████████████        ░░░░░░░░█████▓▓█████░░░░░░░░        ████████████████░ 
 ░░░░░░░░██████████████          ░░░░██▓▓██░░░░          ████████████░░░░░░░░░░ 
        ░░░░░░░░░░█████████         ░░█▓▓█░░         █████████░░░░░░░░ascII (C) 
                 ░░░░░░██████        ░█▓▓█░        ██████░░░░░░Wolfenstein 2008 
                      ░░░░░████      ░█▓▓█░      ████░░░░░                      
                          ░░░████    ░█▓▓█░    ████░░░                          
                            ░░░███   ░█▓▓█░   ███░░░                            
                               ░░██  ░█▓▓█░  ██░░                               
                                 ░█▄ ░█▓▓█░ ▄█░                                 
                                  ▀█ ░█▓▓█░ █▀                                  
                                   ▓ ░█▓▓█░ ▓
