▄▄▄▄▄▄▄▄▄▄▄▄▄▄▄▄▄▄▄▄▄▄▄▄▄▄▄▄▄▄▄▄▄▄▄▄▄▄▄▄▄▄▄▄▄▄▄▄▄▄▄▄▄▄▄▄▄▄▄▄▄▄▄▄▄▄▄▄▄▄▄▄▄▄▄▄▄▄
█▀▀▀▀▀▀▀▀▀▀▀▀▀▀▀▀▀▀▀▀▀▀▀▀▀▀▀▀▀▀▀▀▀▀▀▀▀▀▀▀▀▀▀▀▀▀▀▀▀▀▀▀▀▀▀▀▀▀▀▀▀▀▀▀▀▀▀▀▀▀▀▀▀▀▀██▄
█ ███  ███ ███▀▀███ ███    ███▀▀▀▀ ▀▀▀▀▀███ ███▀▀▀▀▀▀▀▀  ███ ███▀▀▀▀▀▀▀▀▀▀▀  ▀█
█ ███  ███ ███  ███ ███    ███     ███  ███ ███ ▀▀▀▀███  ███ ███     ███▀▀██▄ █
█ ███  ███ ███  ███ ███    ███     ███  ███ ███     ███  ███ ███     ███  ███ █
█ ███  ███ ███  ███ ███    ███     ███  ███ ███     ███  ███ ███     ███  ███ █
█ ███  ███ ███  ███ ███    ███     ███  ███ ███     ███  ███ ███     ███  ███ █
█ ███  ███ ███  ███ ███    ███▀▀▀  ███▀▀███ ▀▀▀▀███ ███▀▀███ ███▀▀▀  ███  ███ █
█ ███  ███ ███  ███ ███    ███     ███  ███     ███ ███  ███ ███     ███  ███ █
█ ███  ███ ███  ███ ███    ███     ███  ███     ███ ███  ███ ███     ███  ███ █
█ ███  ███ ███  ███ ███    ███     ███  ███     ███ ███  ███ ███     ███  ███ █
█ ▀▀▀▀▀▀▀▀ ███  ███ ▀▀▀▀▀▀ ███     ███  ▀▀▀▀▀▀▀ ███ ███  ███ ▀▀▀▀▀▀▀ ███  ███ █
█▄ ▀▀▀▀▀▀▀▀▀▀▀  ▀▀▀▀▀▀▀▀▀▀ ▀▀▀▀▀▀▀ ▀▀▀  ▀▀▀▀▀▀▀▀▀▀▀ ▀▀▀  ▀▀▀▀▀▀▀▀▀▀▀ ▀▀▀▀▀▀▀ ▄█
▀█▄▄▄▄▄▄▄▄▄▄▄▄▄▄▄▄▄▄▄▄▄▄▄▄▄▄▄▄▄▄▄▄▄▄▄▄▄▄▄▄▄▄▄▄▄▄▄▄▄▄▄▄▄▄▄▄▄▄▄▄▄▄▄▄▄▄▄▄▄▄▄▄▄▄██▀
 ▀▀▀▀▀▀▀▀▀▀▀▀▀▀▀▀▀▀▀▀▀▀▀▀▀▀▀▀▀▀▀▀▀▀▀▀▀▀▀▀▀▀▀▀▀▀▀▀▀▀▀▀▀▀▀▀▀▀▀▀▀▀▀▀▀▀▀▀▀▀▀▀▀▀▀▀
              ♦ P R E P A R E  T O  B E  U N L E A S H E D ! ! ♦


                         Home is Where One Starts RIP                       
 ─♦─────────────────────────────────────────────────────────────────────────♦─
   Release Date  :  16/05/2015                Protection  :  Steam
   Release Type  :  RIP 46x5.00MB             Company     :  David Wehle
 ─♦─────────────────────────────────────────────────────────────────────────♦─
   Release Notes:

   Home is Where One Starts... is a short, first-person exploration game    
   in the same vein as Dear Esther or Gone Home. It's an experience where   
   every object has been carefully placed to tell a poignant storyùa        
   story about childhood, hope, and the miracle of memory. You play as a    
   little girl from a broken home somewhere in the American South.          
   Exploring the lonely countryside reveals clues and vignettes which       
   help the player answer the question of where home isùand how one can     
   get there.                                                               
   Key features:                                                            
                                                                            
       A quiet, non-linear story told by the future self of a reflective    
   narrator                                                                 
       Inspired by the rural countryside and stories like John              
   Steinbeck's East of Eden and Terrence Malick's The Tree of Life          
       A 15-30 minute experience that can be completed in one sitting       
       An experience that focuses on atmosphere rather than action or       
   puzzles                                                                  
       A rich, detailed environment that rewards players who explore with   
   story insights and secret endings                                        
       Oculus Rift DK2 support (currently in beta)                          
                                                                            
                                                                            
   RIPPED: Nothing                                                          
 ─♦─────────────────────────────────────────────────────────────────────────♦─
   Install Notes:
         
   1. Unpack the release with WinRAR or equivalent                          
   2. Install by running unl-hiwo.exe                                       
   3. Start game with HomeStarts.exe                                        
   4. Enjoy!                                                                
                                                                            
   Remember to support quality games!                                       
                                                                            
 ─♦─────────────────────────────────────────────────────────────────────────♦─

     Unleashed salutes all friends of the family, contacts and competition! 

 ─♦─────────────────────────────────────────────────────────────────────────♦─
                            " Prepare to be Unleashed! "
