█████████████████████████████████▀▀▀▀█▀▀▀▀▀▀▀▀▀▀▀▀▀▀███████████████████████████
█████  █████████████████████████ε    ▬■        ░    ███████████████████████████
████    ███████████████████████▀  ▀            ░    ███████████████████████████
███   █ ████  ████████████████                 ░  ▒ ███████████████████████████
███  ███ ██    ██████████████▀      █      ░     ▒░ ███████████████████████████
████ ███ █   █ ██████████████           ▒    █░▒    ███████████████████████████
█████ ███   ██ █████████████►        █ █   ░   ◘    ███████████████████████████
█████ ███ ████ █████████████►       ▄█ █   ▀   ▀    ███████████████████████████
██████ █████  █████████████        ▄░     ░▒░░ ▄  ▓  ██████████████████████████
██████  ███ ██████████████        ▄▀ ▄▄███▀▀▀▀▀▀▀▒▒ ███████████████████████████
█████  ████ ██████████████       █▀ █      ░▒ ▒▒▒ ▄████████████████████████████
████ ███  █ █████████████       █▀  ▒░░▒   ▒▓ ░ ▄██████████████████████████████
███ ██  █ ██ ███████████►      ▄▀▒█    ▒ ▒▒▒  ▄████████████████████████████████
█  ██ ████ █ ███████████      ▄▀ █        ▓ ▄██████████████████████████████████
█ █  ██████ █ █████████     ▒▄▀ █▒▒▒███▒▒▒_████████████████████████████████████
█  █████████  ████████      ██ █▒ █████  ▄█▀▀    ▄  ◘▀▀▀███████████████████████
█████████████  ███████      █ ▄█ ███ ░█▓    ░ ░  █▒████░▄▄▀████████████████████
██████████████ ███████   █ █  █  ██▒▒        ░░ █ █▓▓▓█████▄▓▀█████████████████
███████████████ ██████    █  █▒▒▒██▀▒ ░   ▒▒ ▒▒▒█ ▒▒█▓█████    ▀▀▀▀▀▀▀▀▀▀▀█████
███████████████ ██████    █ █▒█▓██   ▓░   ▒▒▒▒▒▒▒▒▓▀ ███     ▄ █ █████████ ████
████████████████ █████►  █ ▓█▓███     ▒▒▒   ▒▒▒▒ ███▀▒▒▒▒▒  ▓ ▒████ ██████ ████
███ ██████████████████►  ██▒░▒█▓   ░   ▒▒▒▒▒▒▒▄▀▀        ▒▒ █ █ █▒▒███████ ████
███ ███████████████████   ▒█▒██         ▒▒▒▄█▀   ▒   ▓▓   ▒▒██  █▓▓████████░███
███ ███████████████████  █  ██▓▓█  ▓     ▄█▒▒▒▒  ▒  ░    ▒▒▒▒▒█ ▒▒███▓██░██ ███
███  ███████████████████   ▄ ███░ █   ░███        ░ ▒▒▒  ▒▒▒ █ ▒ ███████████ ██
███  ███████████████████████ █▒█▓█ ▓ ▄██▒▒▒▒     ░░   ▒▒▒▒  █▓▓█ ██▓▒██▒████░██
███  ██████████████████████ ▓█████▒ ███▒  █ ▓  ▓ ░     ░▒▒▒▓▓▓▓█ ███░██▒████ ██
███ █ █████████████████████ ██▒████ ███ █▓▓░▒▒▒▒▒  ▒  ▒ ▒▒▒▒▒▒▒ ░▓▓▒████████ ██
███ █ █████████ ███████████ ██████ ███ ▓   ▓▒▒▒   ░░   ░   ▒▒▒    ▒▒██      █ █
███ █ ████████ █ ██████████ ████  ██▒█▓▒▒▒▒▒▒▒▒ ▒▒░ ░  ▄▄▄▄¢■■▀▀▀▀▀▀▀     ███ █
███ ██ █████  █ ██████████ ████ ████████▓█     ▒▄▄■■▀▀▀  _▄▄▄▄▄▄▄███   ████   █
███ ██ ███  ██ ███████████     ░ █████▓██▓█▀▀▀▀▀_▄▄▄▄███████████████████    ▄██
███ ██ █  ████ ███████████▒▓████  █████  εε▄  ██████████████████████     ▄█████
███ ███  ████ ████████████ ██████ █▒  _▄▄███████████████████████████ ▄▄████████
███ █████    █████████████ ██▒███  ▄▄█████████ ▀████████████████████ ██████████
███      █████████████████ ████▓█░███████████   ▀████████████████████ █████████
██████████████████████████ █▓███  ███████████     ▀████████████▀█████ █████████
█████████ █████████████████ ▀▓ ░ ▒███████████       ▓▓▓█████▓▓▓ ████  █████████
█████████  █████████████████ ████ ███████████       ▓▓▓█    ▓▓▓ ███▀ ██████████
█████████ █ ████████████████ ████ ███████████▄         ██      ███▀ ███████████
█████████ ██ ███████████████▒████ ████████████▄       ▄██     ██▀▀ ████████████
████████  ██ ███████████████ █████   ▀██████████▄▄__▄█████▄_▄██  ▀█████████████
██ █████ ████ ██████████████ ██████ ██  ▀████████████████████▀▄▄█  ████████████
██   ███ █████ █████████████ ▄ ████  ███ ▀▀███████████████▀▀ █████  ███████████
██ ██ █  █████ ████████████ ██▄ ████ ██████ ▀████████████▀ █ █████  ███████████
██ ███  ███ ███ ██████████ ████▄ ███  ███████ ▀▀▀▀▀▀▀▀▀▀▀ ██ ▀███  ▄███████████
██ ███████ █ ███ ████████ █████ █ ███ ████████ ███ ████ ██████ ██  ████████████
██ ███████ ██  ██ ██████░░░░░▀▄██ ▄ █ ████████ ███ ████ ███████ ▀█ ████████████
██ ███ ███ ████   █████░░░░░░░███ ██  ████████ ████ ████ ███████ ▀▄████████████
██ ██ █ █ ███████  ███░░░░░░░░░██ ████████████ ██░░░░████ █████████████████████
██ █ ███  █████████ ██░░░░░░░░░██ ███████████░░░░░░░░█▀▀ ██████████████████████
██ █ ██████████████████░░░░░░░              ░░░░░░░░░ █████████████████████████
██ █ ███████████████████░░░░░███████ █████ █░░░░░░░░███████████████████████████
██  █████████████████████ ████████▀▄██████ ██░░░░░░█  ▀████████████████████████
██  ███████████████████ ▄████████ ███████▀ ██████  ███ ████████████████████████
██ ██████████████████ ▄████████  ████████  ██████ █ ███  ██████████████████████
██ ██████████████████ ███████▀ █ ▄▄▄▄▄▄▄▄ █▄▄▄▄▄▄▄█ ▀████ █████████████████████
█████████████████████▄▄▄▄▄▄▄▄███ ████████ ██████████▄▄ ███ ████████████████████
████████████████████████████████ ████████ █████████████▄▄▄▄████████████████████
████████████████████████████████ ████████ █████████████████████████████████████
████████████████████████████████ ████████ █████████████████████████████████████
████████████████████████████████ ████████ ██████████▀▀▀▀▀▀▀▀▀██████████████████
████████████████████████████████ ████████ █████▀ε∙ ·  ·/·   ▄  ε▀▀█████████████
██████████▀▀▀≈∩ εε∩∩ε~∩▀▀▀▀▀████ ████████ ██__,¡↔²~~~~∩ ─•╧▀      ~▀███████████
███████▀∩    `√▬≈     ·▬▬▬··__,▀∟▀██████εε^∙~  ∙          ·▀■≈ ≈≡∩  ∩██████████
█████▀∙··       ε▄æ▀~∩   ·  ∙·∙ε▒▒▒████▒▒                    ε▀       █████████
███▀     ·└\   µ▀ε       ·   ████▒▒███▒▒████                   M       ████████
███         ^p°           ·     ▒▒▒███▒▒▒▒▒                     ► ▒▒▒▒▒▒███████
██►·        ■∙            ·─ ▒▒▒▒▒████████▒▒▒▒▒▒▒▒▒▒▒▒▒▒▒▒▒▒▒▒▒▒▒▒█████████████
█▒▒·- ··  ·'         ▒▒▒▒▒▒▒▒██████████████████████████████████████████████████
███▒▒▒▒▒▒▒▒▒▒▒▒▒▒▒▒▒▒▒█████████████████████████████████████████████████████████
███████████████████████████████████████████████████ eXiLiuM ███████████████████
███████████████████████████████████████████████████████████████████████████████
╔══════╦════════════════════════════════════════════════════════════════╦═════╗
║░░░░░░│░░░░░░░░░░░░░░░░░░░░░░PRESENTS...░░░░░░░░░░░░░░░░░░░░░░░░░░░░░░░│░░░░░║
║░░░░░░│░░░░░░░░░░░░░░░░░░░░░░░░░░░░░░░░░░░░░░░░░░░░░░░░░░░░░░░░░░░░░░░░│░░░░░║
║░░░░░░│░░░░░░░░░░░░░░░░░░░░░░ANOTHER GREAT DVDr RELEASE..░░░░░░░░░░░░░░│░░░░░║
║░░░░░░│░░░░░░░░░░░░░░░░░░░░░░░░░░░░░░░░░░░░░░░░░░░░░░░░░░░░░░░░░░░░░░░░│░░░░░║
║░░░░░░│░░░░░░░░░░░░░░░░░░░░░░░░░░░░░░░░░░░░░░░░░░░░░░░░░░░░░░░░░░░░░░░░│░░░░░║
║░░░░░┌╩────────────────────────────────────────────────────────────────╩┐░░░░║
║░░░░░│                                                                  │░░░░║
║░░░░░│          Heroes.T2.DISCO4.DVDR.2007.FINAL.MULTI-EXiLiUM          │░░░░║
║░░░░░│                                                                  │░░░░║
║░░░░░└──────────────────────╦──────────────────╦────────────────────────┘░░░░║
║░░░░░░░░░░░░░░░░░░░░░░░░░░░░│░░░░░░░░░░░░░░░░░░│░░░░░░░░░░░░░░░░░░░░░░░░░░░░░║
║░░░░░░░░░░░░░░░░░░░░░░░░░░░░│░┌─┬───┬───┬───┐░░│░░░░░░░░░░░░░░░░░░░░░░░░░░░░░║
║░░░░░░░░░░░░░░░░░░░░░░░░░░░░│░│ │   │ ┌─┤   │░░│░░░░░░░░░░░░░░░░░░░░░░░░░░░░░║
║░░░░░░░░░░░░░░░░░░░░░░░░░░░░│░│ │ │ │ └─┤ │ │░░│░░░░░░░░░░░░░░░░░░░░░░░░░░░░░║
║░░░░░░░░░░░░░░░░░░░░░░░░░░░░│░│ │ │ │ ┌─┤ │ │░░│░░░░░░░░░░░░░░░░░░░░░░░░░░░░░║
║░░░░░░░░░░░░░░░░░░░░░░░░░░░░│░│ │ │ │ │░│   │░░│░░░░░░░░░░░░░░░░░░░░░░░░░░░░░║
║░░░░░░░░░░░░░░░░░░░░░░░░░░░░│░└─┴─┴─┴─┘░└───┘░░│░░░░░░░░░░░░░░░░░░░░░░░░░░░░░║
║░░░░░░░░░░░░░░░░░░░░░░░░░░░░│░░░░░░░░░░░░░░░░░░│░░░░░░░░░░░░░░░░░░░░░░░░░░░░░║
║░░░░░┌──────────────────────╩──────────────────╩────────────────────────┐░░░░║
║░░░░░│                                                                  │░░░░║
║░░░░░│   ► Ripper......: xLM DVDr      ► Source..:  [x] DVD5  [x] DVD9  │░░░░║
║░░░░░│                                                                  │░░░░║
║░░░░░│                                 ► Video...:  [x] Untouched       │░░░░║
║░░░░░│                                                                  │░░░░║
║░░░░░│                                              [ ] Transcoded      │░░░░║
║░░░░░│   ► Date........: 05-11-08                                       │░░░░║
║░░░░░│                                              [ ] Passes          │░░░░║
║░░░░░│                                                                  │░░░░║
║░░░░░│                                              [    ] Bitrate      │░░░░║
║░░░░░│                                                                  │░░░░║
║░░░░░│   ► Genre.......: Drama /       ► Audio...:                      │░░░░║
║░░░░░│                   Sci-Fi                    [x] Spanish 2.0      │░░░░║
║░░░░░│                                                                  │░░░░║
║░░░░░│                                             [x] English DD 5.0   │░░░░║
║░░░░░│                                                                  │░░░░║
║░░░░░│   ► Runtime.....: 45x2 min                  [ ] Others           │░░░░║
║░░░░░│                                                                  │░░░░║
║░░░░░│                                                                  │░░░░║
║░░░░░│                                                  [ ] French      │░░░░║
║░░░░░│                                                                  │░░░░║
║░░░░░│   ► iMDB........:                                [ ] Russian     │░░░░║
║░░░░░│                                                                  │░░░░║
║░░░░░│                                                  [ ] Japanese    │░░░░║
║░░░░░│                                 ► Subs....:                      │░░░░║
║░░░░░│                                                                  │░░░░║
║░░░░░│   ► Files.......:  90                     [x] Spanish            │░░░░║
║░░░░░│                                                                  │░░░░║
║░░░░░│                                           [x] English            │░░░░║
║░░░░░│   ► A. Ratio....:                                                │░░░░║
║░░░░░│                                           [x] Others             │░░░░║
║░░░░░│                                                                  │░░░░║
║░░░░░│       [ ] 4:3                   ► Extras..:                      │░░░░║
║░░░░░│                                                                  │░░░░║
║░░░░░│       [x] 16:9                             [x] All               │░░░░║
║░░░░░│                                            [ ] Someone           │░░░░║
║░░░░░│                                            [ ] None              │░░░░║
║░░░░░│                                                                  │░░░░║
║░░░░░└─────────────────╦────────────────────────────╦───────────────────┘░░░░║
║░░░░░░░░░░░░░░░░░░░░░░░│░░░░░░░░░░░░░░░░░░░░░░░░░░░░│░░░░░░░░░░░░░░░░░░░░░░░░║
║░░░░░░░░░░░░░░░░░░░░░░░│░┌──┬─┬───┬───┬───┬──┬─┬──┐░│░░░░░░░░░░░░░░░░░░░░░░░░║
║░░░░░░░░░░░░░░░░░░░░░░░│░│ ─┤ │   │   │ ─ │ ─┤ │ ─┤░│░░░░░░░░░░░░░░░░░░░░░░░░║
║░░░░░░░░░░░░░░░░░░░░░░░│░│  │ │ │ │ │ │ ┌─┤  │ │  │░│░░░░░░░░░░░░░░░░░░░░░░░░║
║░░░░░░░░░░░░░░░░░░░░░░░│░├─ │ │ │ │ │ │ │░├─ │ ├─ │░│░░░░░░░░░░░░░░░░░░░░░░░░║
║░░░░░░░░░░░░░░░░░░░░░░░│░│  │ │ │ │   │ │░│  │ │  │░│░░░░░░░░░░░░░░░░░░░░░░░░║
║░░░░░░░░░░░░░░░░░░░░░░░│░└──┴─┴─┴─┴───┴─┘░└──┴─┴──┘░│░░░░░░░░░░░░░░░░░░░░░░░░║
║░░░░░░░░░░░░░░░░░░░░░░░│░░░░░░░░░░░░░░░░░░░░░░░░░░░░│░░░░░░░░░░░░░░░░░░░░░░░░║
║░░░░░┌─────────────────╩────────────────────────────╩───────────────────┐░░░░║
║░░░░░│                                                                  │░░░░║
║░░░░░│   EL FENOMENO CONTINUA...                                        │░░░░║
║░░░░░│                                                                  │░░░░║
║░░░░░│   Unete de nuevo a este gran fenomeno mundial y disfruta de los  │░░░░║
║░░░░░│   nuevos y excitantes giros de su asombrosa segunda temporada    │░░░░║
║░░░░░│   con este fantastico pack de 4 discos.                          │░░░░║
║░░░░░│                                                                  │░░░░║
║░░░░░│   Tras la explosion en la ciudad de Nueva York, una misteriosa   │░░░░║
║░░░░░│   fuerza comenzara a acosar a los portadores de habilidades      │░░░░║
║░░░░░│   y el destino de la humanidad dara un siniestro giro en estos   │░░░░║
║░░░░░│   11 emocionantes episodios.                                     │░░░░║
║░░░░░│                                                                  │░░░░║
║░░░░░│    Contenidos adicionales:                                       │░░░░║
║░░░░░│                                                                  │░░░░║
║░░░░░│         Escenas Eliminadas                                       │░░░░║
║░░░░░│                                                                  │░░░░║
║░░░░░│         Audiocomentarios                                         │░░░░║
║░░░░░│                                                                  │░░░░║
║░░░░░│                                                                  │░░░░║
║░░░░░│                                                                  │░░░░║
║░░░░░│    Episodios:                                                    │░░░░║
║░░░░░│                                                                  │░░░░║
║░░░░░│         10. La Verdad Y Sus Consecuencias                        │░░░░║
║░░░░░│                                                                  │░░░░║
║░░░░░│         11. Sin Poderes                                          │░░░░║
║░░░░░│                                                                  │░░░░║
║░░░░░│                                                                  │░░░░║
║░░░░░│                                                                  │░░░░║
║░░░░░│                                                                  │░░░░║
║░░░░░│                                                                  │░░░░║
║░░░░░│                                                                  │░░░░║
║░░░░░│                                                                  │░░░░║
║░░░░░│   ► LiNk.:  http://www.imdb.com/title/tt0813715/                 │░░░░║
║░░░░░│                                                                  │░░░░║
║░░░░░└──────────────────────╦───────────────────╦───────────────────────┘░░░░║
║░░░░░░░░░░░░░░░░░░░░░░░░░░░░│░░░░░░░░░░░░░░░░░░░│░░░░░░░░░░░░░░░░░░░░░░░░░░░░║
║░░░░░░░░░░░░░░░░░░░░░░░░░░░░│░░┌──┬───┬──┬───┐░░│░░░░░░░░░░░░░░░░░░░░░░░░░░░░║
║░░░░░░░░░░░░░░░░░░░░░░░░░░░░│░░│ ┌┤   │ ─┼┐ ┌┘░░│░░░░░░░░░░░░░░░░░░░░░░░░░░░░║
║░░░░░░░░░░░░░░░░░░░░░░░░░░░░│░░│ ││ │ │  ││ │░░░│░░░░░░░░░░░░░░░░░░░░░░░░░░░░║
║░░░░░░░░░░░░░░░░░░░░░░░░░░░░│░░│ ││   ├─ ││ │░░░│░░░░░░░░░░░░░░░░░░░░░░░░░░░░║
║░░░░░░░░░░░░░░░░░░░░░░░░░░░░│░░│ └┤ │ │  ││ │░░░│░░░░░░░░░░░░░░░░░░░░░░░░░░░░║
║░░░░░░░░░░░░░░░░░░░░░░░░░░░░│░░└──┴─┴─┴──┘└─┘░░░│░░░░░░░░░░░░░░░░░░░░░░░░░░░░║
║░░░░░░░░░░░░░░░░░░░░░░░░░░░░│░░░░░░░░░░░░░░░░░░░│░░░░░░░░░░░░░░░░░░░░░░░░░░░░║
║░░░░░┌──────────────────────╩───────────────────╩───────────────────────┐░░░░║
║░░░░░│                                                                  │░░░░║
║░░░░░│                                                                  │░░░░║
║░░░░░│                                                                  │░░░░║
║░░░░░│        Hayden Panettiere   ...  Claire Bennet                    │░░░░║
║░░░░░│        Sendhil Ramamurthy  ...  Mohinder Suresh                  │░░░░║
║░░░░░│        James Kyson Lee     ...  Ando Masahashi                   │░░░░║
║░░░░░│        Masi Oka            ...  Hiro Nakamura                    │░░░░║
║░░░░░│        Jack Coleman        ...  Noah Bennet                      │░░░░║
║░░░░░│        Milo Ventimiglia    ...  Peter Petrelli                   │░░░░║
║░░░░░│        Ali Larter          ...  Niki Sanders                     │░░░░║
║░░░░░│        Adrian Pasdar       ...  Nathan Petrelli                  │░░░░║
║░░░░░│        Greg Grunberg       ...  Matt Parkman                     │░░░░║
║░░░░░│        Zachary Quinto      ...  Sylar                            │░░░░║
║░░░░░│        Cristine Rose       ...  Angela Petrelli                  │░░░░║
║░░░░░│        Noah Gray-Cabey     ...  Micah Sanders                    │░░░░║
║░░░░░│        Ashley Crow         ...  Sandra Bennet                    │░░░░║
║░░░░░│        Jimmy Jean-Louis    ...  The Haitian                      │░░░░║
║░░░░░│                                                                  │░░░░║
║░░░░░│                                                                  │░░░░║
║░░░░░│                                                                  │░░░░║
║░░░░░│               Creator: Tim Kring                                 │░░░░║
║░░░░░│                                                                  │░░░░║
║░░░░░│                                                                  │░░░░║
║░░░░░└────────────────────╦────────────────────────╦────────────────────┘░░░░║
║░░░░░░░░░░░░░░░░░░░░░░░░░░│░░░░░░░░░░░░░░░░░░░░░░░░│░░░░░░░░░░░░░░░░░░░░░░░░░║
║░░░░░░░░░░░░░░░░░░░░░░░░░░│░░┌───┬───┬───┬───┬──┐░░│░░░░░░░░░░░░░░░░░░░░░░░░░║
║░░░░░░░░░░░░░░░░░░░░░░░░░░│░░│   │   ├┐ ┌┤ ┌─┤ ─┤░░│░░░░░░░░░░░░░░░░░░░░░░░░░║
║░░░░░░░░░░░░░░░░░░░░░░░░░░│░░│ │ │ │ ││ ││ └┐│  │░░│░░░░░░░░░░░░░░░░░░░░░░░░░║
║░░░░░░░░░░░░░░░░░░░░░░░░░░│░░│ │ │ │ ││ ││ ┌┘├─ │░░│░░░░░░░░░░░░░░░░░░░░░░░░░║
║░░░░░░░░░░░░░░░░░░░░░░░░░░│░░│ │ │   ││ ││ └─┤  │░░│░░░░░░░░░░░░░░░░░░░░░░░░░║
║░░░░░░░░░░░░░░░░░░░░░░░░░░│░░└─┴─┴───┘└─┘└───┴──┘░░│░░░░░░░░░░░░░░░░░░░░░░░░░║
║░░░░░░░░░░░░░░░░░░░░░░░░░░│░░░░░░░░░░░░░░░░░░░░░░░░│░░░░░░░░░░░░░░░░░░░░░░░░░║
║░░░░░┌────────────────────╩────────────────────────╩────────────────────┐░░░░║
║░░░░░│                                                                  │░░░░║
║░░░░░│                                                                  │░░░░║
║░░░░░│                                                                  │░░░░║
║░░░░░└──────╦────────────────────────────────────────────────────╦──────┘░░░░║
║░░░░░░░░░░░░│░░░░░░░░░░░░░░░░░░░░░░░░░░░░░░░░░░░░░░░░░░░░░░░░░░░░│░░░░░░░░░░░║
║░░░░░░░░░░░░│░░░░░░░░░░░░░░░░░░░░░░░░░░░░░░░░░░░░░░░░░░░░░░░░░░░░│░░░░░░░░░░░║
║░░░░░░░░░░░░│░░░░░░░░░░░░░░░░░░░░░░░░░░░░░░░░░░░░░░░░░░░░░░░░░░░░│░░░░░░░░░░░║
║░░░░░░░░░░░░│░░░░░░░░░░░░░░░░░░░░░░░░░░░░░░░░░░░░░░░░░░░░░░░░░░░░│░░░░░░░░░░░║
║░░░░░░░░░░░░│░░░░░░░░░░░░░░░░░░░░░░░░░░░░░░░░░░░░░░░░░░░░░░░░░░░░│░░░░░░░░░░░║
║░░░░░░░░░░░░│░░░░░░░░░┌───┬───┬───┬─┬─┬────────────────┐░░░░░░░░░│░░░░░░░░░░░║
║░░░░░░░░░░░░│░░░░░░░░░│   │   │   │ │ ├─┐ ┌────────────┘░░░░░░░░░│░░░░░░░░░░░║
║░░░░░░░░░░░░│░░░░░░░░░│ │ │ │ │ │ │ │ │░│ │░░░░░░░░░░░░░░░░░░░░░░│░░░░░░░░░░░║
║░░░░░░░░░░░░│░░░░░░░░░│ │ │  ─┤ │ │   │░│ │░░░░┌─┬─┬──┐░░░░░░░░░░│░░░░░░░░░░░║
║░░░░░░░░░░░░│░░░░░░░░░│   │ │ │ │ │   │░│ │░░░░│ │ │ ─┤░░░░░░░░░░│░░░░░░░░░░░║
║░░░░░░░░░░░░│░░░░░░░░░│ │ │   │   │   │░│ │░░░░│   ├─ │░░░░░░░░░░│░░░░░░░░░░░║
║░░░░░░░░░░░░│░░░░░░░░░└─┴─┴───┴───┴───┘░└─┘░░░░└───┴──┘░░¢░¢░¢░░░│░░░░░░░░░░░║
║░░░░░░░░░░░░│░░░░░░░░░░░░░░░░░░░░░░░░░░░░░░░░░░░░░░░░░░░░░░░░░░░░│░░░░░░░░░░░║
║░░░░░░░░░░░░│░░░░░░░░░░░░░░░░░░░░░░░░░░░░░░░░░░░░░░░░░░░░░░░░░░░░│░░░░░░░░░░░║
║░░░░░╔══════╩════════════════════════════════════════════════════╩════╗░░░░░░║
║░░░░░║                                                                ║░░░░░░║
║░░░░░║                                                                ║░░░░░░║
║░░░░░║  What we believe about ourselves, doesn't matter. Be known by  ║░░░░░░║
║░░░░░║  our work is what it matters to us.                            ║░░░░░░║
║░░░░░║                                                                ║░░░░░░║
║░░░░░║                                                                ║░░░░░░║
║░░░░░║                                                                ║░░░░░░║
║░░░░░║                                                                ║░░░░░░║
║░░░░░║  If you want to help us and think that you could, contact now. ║░░░░░░║
║░░░░░║                                                                ║░░░░░░║
║░░░░░║                    xlm.team@gmail.com                          ║░░░░░░║
║░░░░░║                                                                ║░░░░░░║
║░░░░░║                        GREETs To:                              ║░░░░░░║
║░░░░░║                                                                ║░░░░░░║
║░░░░░║                        ►[ Y O U ]◄                             ║░░░░░░║
║░░░░░║                                                                ║░░░░░░║
║░░░░░║                                                                ║░░░░░░║
║░░░░░╚════════════════════════════════════════════════════════════════╝░░░░░░║
║░░░░░░░░░░░░░░░░░░░░░░░░░░░░░░░░░░░░░░░░░░░░░░░░░░░░░░░░░░░░░░░░░░░░░░░░░░░░░║
║░░░░░░░░░░░░░░░░░░░░░░░░░░░░░░░░░░░░░░░░░░░░░░░░░░░░░░░░░░░░░░░░░░░░░░░░░░░░░║
║░░░░░░░░░░░░░░░░░░░░░░░░░░░░░░░░░░░░░░░░░░░░░░░░░░░░░░░░░░░░░░░░░░░░░░░░░░░░░║
║░░░░░░░░░░░░░░░░░░░░░░░░░░░░░░░░░░░░░░░░░░░░░░░░░░░░░░░░░░░░░░░░eXiLiuM@2k5░░║
║░░░░░░░░░░░░░░░░░░░░░░░░░░░░░░░░░░░░░░░░░░░░░░░░░░░░░░░░░░░░░░░░░░░░░░░░░░░░░║
║░░░░░░░░░░░░░░░░░░░░░░░░░░░░░░░░░░░░░░░░░░░░░░░░░░░░░░░░░░░░░░░░░░░░░░░░░░░░░║
╚═════════════════════════════════════════════════════════════════════════════╝
