ÔĽŅ‚Ėď‚Ėą‚Ėą‚Ėď   ‚Ėď‚Ėą‚Ėą                                                            ‚Ėď‚Ėą‚Ėą‚Ėď   ‚Ėď‚Ėą‚Ėą
‚Ėď‚Ėą‚Ėą‚Ėí   ‚Ėď‚Ėą‚Ėą ‚Ėą‚Ėą‚Ėą‚Ėą‚Ėą‚Ėą‚Ėą                ‚Ėą‚Ėą‚Ėą‚Ėą‚Ėą‚Ėą  ‚Ėą‚Ėą‚Ėą ‚Ėą‚Ėą‚Ėą‚Ėą‚Ėą‚Ėą‚Ėą                 ‚Ėď‚Ėą‚Ėą‚Ėí   ‚Ėď‚Ėą‚Ėą
‚Ėď‚Ėą‚Ėą‚Ėí‚Ėą‚Ėą ‚Ėď‚Ėą‚Ėą  ‚Ėą‚Ėą‚Ėą‚Ėą‚Ėą                  ‚Ėą    ‚Ėą  ‚Ėą   ‚Ėą    ‚Ėą                 ‚Ėď‚Ėą‚Ėą‚Ėí‚Ėą‚Ėą ‚Ėď‚Ėą‚Ėą
‚Ėď‚Ėą‚Ėą‚Ėď‚Ėď‚Ėď‚Ėí‚Ėď‚Ėą‚Ėą   ‚Ėą‚Ėą‚Ėą                   ‚Ėą    ‚Ėą  ‚Ėą   ‚Ėą                      ‚Ėď‚Ėą‚Ėą‚Ėď‚Ėď‚Ėď‚Ėí‚Ėď‚Ėą‚Ėą
‚Ėď‚Ėą‚Ėą‚Ėą‚Ėď‚Ėą‚Ėď‚Ėí‚Ėą‚Ėď   ‚Ėą‚Ėą‚Ėą                   ‚Ėą    ‚Ėą  ‚Ėą   ‚Ėą‚Ėą‚Ėą‚Ėą                   ‚Ėď‚Ėą‚Ėą‚Ėą‚Ėď‚Ėą‚Ėď‚Ėí‚Ėą‚Ėď
 ‚Ėí‚Ėď‚Ėď‚Ėď‚Ėą‚Ėą‚Ėď‚Ėą    ‚Ėą‚Ėą‚Ėą                   ‚Ėą    ‚Ėą  ‚Ėą   ‚Ėą                       ‚Ėí‚Ėď‚Ėď‚Ėď‚Ėą‚Ėą‚Ėď‚Ėą 
  ‚Ėą‚Ėď‚Ėď‚Ėą‚Ėą‚Ėą     ‚Ėą‚Ėą‚Ėą                   ‚Ėą    ‚Ėą  ‚Ėą   ‚Ėą    ‚Ėą                   ‚Ėą‚Ėď‚Ėď‚Ėą‚Ėą‚Ėą  
    ‚Ėď‚Ėą‚Ėą      ‚Ėą‚Ėą‚Ėą                  ‚Ėą‚Ėą‚Ėą‚Ėą‚Ėą‚Ėą  ‚Ėą‚Ėą‚Ėą ‚Ėą‚Ėą‚Ėą‚Ėą‚Ėą‚Ėą‚Ėą                     ‚Ėď‚Ėą‚Ėą   
    ‚Ėď‚Ėą‚Ėą      ‚Ėą‚Ėą‚Ėą                  ‚Ėí‚Ėí‚Ėí‚Ėí‚Ėí‚Ėí  ‚Ėí‚Ėí‚Ėí ‚Ėí‚Ėí‚Ėí‚Ėí‚Ėí‚Ėí‚Ėí                     ‚Ėď‚Ėą‚Ėą   
    ‚Ėď‚Ėą‚Ėą      ‚Ėą‚Ėą‚Ėą                   ‚Ėí    ‚Ėí  ‚Ėí   ‚Ėí    ‚Ėí                     ‚Ėď‚Ėą‚Ėą   
    ‚Ėď‚Ėą‚Ėą      ‚Ėą‚Ėą‚Ėą                   ‚Ėí    ‚Ėí  ‚Ėí   ‚Ėí‚Ėí‚Ėí‚Ėí                       ‚Ėď‚Ėą‚Ėą   
    ‚Ėď‚Ėą‚Ėą      ‚Ėą‚Ėą‚Ėą                   ‚Ėí    ‚Ėí  ‚Ėí   ‚Ėí    ‚Ėí                     ‚Ėď‚Ėą‚Ėą   
  ‚Ėą‚Ėď‚Ėď‚Ėą‚Ėą‚Ėą‚Ėí    ‚Ėą‚Ėą‚Ėą                  ‚Ėí‚Ėí‚Ėí‚Ėí‚Ėí‚Ėí  ‚Ėí‚Ėí‚Ėí ‚Ėí‚Ėí‚Ėí‚Ėí‚Ėí‚Ėí‚Ėí                   ‚Ėą‚Ėď‚Ėď‚Ėą‚Ėą‚Ėą‚Ėí 
 ‚Ėą‚Ėą‚Ėí‚Ėď‚Ėą‚Ėą‚Ėą‚Ėą‚Ėí   ‚Ėą‚Ėą‚Ėą                                                       ‚Ėą‚Ėą‚Ėí‚Ėď‚Ėą‚Ėą‚Ėą‚Ėą‚Ėí
‚ĖĎ‚Ėą‚Ėą‚Ėď‚Ėď‚Ėą‚Ėą‚Ėą‚Ėą‚Ėí   ‚Ėą‚Ėą‚Ėą                                                      ‚ĖĎ‚Ėą‚Ėą‚Ėď‚Ėď‚Ėą‚Ėą‚Ėą‚Ėą‚Ėí
‚Ėí‚Ėą‚Ėą‚Ėą‚Ėď‚Ėą‚Ėí‚Ėą‚Ėą‚Ėď   ‚Ėą‚Ėą‚Ėą                  ‚Ėą‚Ėą‚Ėą‚Ėą‚Ėą   ‚Ėą‚Ėą‚Ėą‚Ėą‚Ėą‚Ėą‚Ėą‚Ėą‚Ėą      ‚Ėą‚Ėą‚Ėą‚Ėą‚Ėą‚Ėą‚Ėą‚Ėą‚Ėą    ‚Ėí‚Ėą‚Ėą‚Ėą‚Ėď‚Ėą‚Ėí‚Ėą‚Ėą‚Ėď
‚Ėí‚Ėą‚Ėą‚Ėí‚Ėą‚Ėą ‚Ėą‚Ėą‚Ėą   ‚Ėą‚Ėą‚Ėą                   ‚Ėą‚Ėą‚Ėą   ‚Ėą‚Ėą‚Ėą‚Ėą‚Ėą‚Ėą‚Ėą‚Ėą‚Ėą‚Ėą‚Ėą    ‚Ėą‚Ėą‚Ėą‚Ėą‚Ėą‚Ėą‚Ėą‚Ėą‚Ėą‚Ėą‚Ėą   ‚Ėí‚Ėą‚Ėą‚Ėí‚Ėą‚Ėą ‚Ėą‚Ėą‚Ėą
‚Ėí‚Ėą‚Ėą‚Ėí   ‚Ėą‚Ėą‚Ėą   ‚Ėą‚Ėą‚Ėą                   ‚Ėą‚Ėą‚Ėą  ‚Ėą‚Ėą‚Ėą       ‚Ėą‚Ėą‚Ėą  ‚Ėą‚Ėą‚Ėą       ‚Ėą‚Ėą‚Ėą  ‚Ėí‚Ėą‚Ėą‚Ėí   ‚Ėą‚Ėą‚Ėą
‚ĖĎ‚Ėą‚Ėą‚Ėí   ‚Ėą‚Ėą‚Ėą   ‚Ėą‚Ėą‚Ėą                   ‚Ėą‚Ėą‚Ėą  ‚Ėą‚Ėą‚Ėą       ‚Ėą‚Ėą‚Ėą  ‚Ėą‚Ėą‚Ėą       ‚Ėą‚Ėą‚Ėą  ‚ĖĎ‚Ėą‚Ėą‚Ėí   ‚Ėą‚Ėą‚Ėą
‚ĖĎ‚Ėą‚Ėą‚Ėí   ‚Ėą‚Ėą‚Ėą   ‚Ėą‚Ėą‚Ėą                   ‚Ėą‚Ėą‚Ėą  ‚Ėą‚Ėą‚Ėą       ‚Ėą‚Ėą‚Ėą  ‚Ėą‚Ėą‚Ėą       ‚Ėą‚Ėą‚Ėą  ‚ĖĎ‚Ėą‚Ėą‚Ėí   ‚Ėą‚Ėą‚Ėą
‚ĖĎ‚Ėą‚Ėą‚Ėí   ‚Ėą‚Ėą‚Ėą   ‚Ėą‚Ėą‚Ėą                   ‚Ėą‚Ėą‚Ėą  ‚Ėą‚Ėą‚Ėą            ‚Ėą‚Ėą‚Ėą       ‚Ėą‚Ėą‚Ėą  ‚ĖĎ‚Ėą‚Ėą‚Ėí   ‚Ėą‚Ėą‚Ėą
‚Ėí‚Ėą‚Ėą‚Ėí‚Ėą‚Ėą ‚Ėą‚Ėą‚Ėą   ‚Ėą‚Ėą‚Ėą                   ‚Ėą‚Ėą‚Ėą  ‚Ėą‚Ėą‚Ėą            ‚Ėą‚Ėą‚Ėą       ‚Ėą‚Ėą‚Ėą  ‚Ėí‚Ėą‚Ėą‚Ėí‚Ėą‚Ėą ‚Ėą‚Ėą‚Ėą
‚Ėí‚Ėą‚Ėą‚Ėí‚Ėď‚Ėą‚Ėí‚Ėą‚Ėą‚Ėí   ‚Ėą‚Ėą‚Ėą                   ‚Ėą‚Ėą‚Ėą  ‚Ėą‚Ėą‚Ėą  ‚Ėą‚Ėą‚Ėą‚Ėą‚Ėą‚Ėą‚Ėą‚Ėą  ‚Ėą‚Ėą‚Ėą‚Ėą‚Ėą‚Ėą‚Ėą‚Ėą‚Ėą‚Ėą‚Ėą‚Ėą‚Ėą  ‚Ėí‚Ėą‚Ėą‚Ėí‚Ėď‚Ėą‚Ėí‚Ėą‚Ėą‚Ėí
‚Ėí‚Ėą‚Ėą‚Ėą‚ĖĎ‚Ėą‚Ėą‚Ėą‚Ėą‚ĖĎ   ‚Ėą‚Ėą‚Ėą                   ‚Ėą‚Ėą‚Ėą  ‚Ėą‚Ėą‚Ėą  ‚Ėą‚Ėą‚Ėą‚Ėą‚Ėą‚Ėą‚Ėą‚Ėą  ‚Ėą‚Ėą‚Ėą‚Ėą‚Ėą‚Ėą‚Ėą‚Ėą‚Ėą‚Ėą‚Ėą‚Ėą‚Ėą  ‚Ėí‚Ėą‚Ėą‚Ėą‚ĖĎ‚Ėą‚Ėą‚Ėą‚Ėą‚ĖĎ
‚Ėí‚Ėí‚Ėą‚Ėą‚ĖĎ‚Ėą‚Ėą‚Ėą‚Ėą‚Ėí   ‚Ėą‚Ėą‚Ėą                   ‚Ėą‚Ėą‚Ėą  ‚Ėą‚Ėą‚Ėą       ‚Ėą‚Ėą‚Ėą  ‚Ėą‚Ėą‚Ėą       ‚Ėą‚Ėą‚Ėą  ‚Ėí‚Ėí‚Ėą‚Ėą‚ĖĎ‚Ėą‚Ėą‚Ėą‚Ėą‚Ėí
 ‚Ėí‚Ėą‚Ėą‚Ėí‚Ėą‚Ėą‚Ėą‚Ėí‚Ėí   ‚Ėą‚Ėą‚Ėą                ‚Ėą  ‚Ėą‚Ėą‚Ėą  ‚Ėą‚Ėą‚Ėą       ‚Ėą‚Ėą‚Ėą  ‚Ėą‚Ėą‚Ėą       ‚Ėą‚Ėą‚Ėą   ‚Ėí‚Ėą‚Ėą‚Ėí‚Ėą‚Ėą‚Ėą‚Ėí‚Ėí
   ‚Ėď‚Ėí‚Ėą‚Ėí‚Ėí‚Ėí    ‚Ėą‚Ėą‚Ėą               ‚Ėą‚Ėą  ‚Ėą‚Ėą‚Ėą  ‚Ėą‚Ėą‚Ėą       ‚Ėą‚Ėą‚Ėą  ‚Ėą‚Ėą‚Ėą       ‚Ėą‚Ėą‚Ėą     ‚Ėď‚Ėí‚Ėą‚Ėí‚Ėí‚Ėí 
   ‚Ėą‚ĖĎ‚Ėą      ‚Ėą‚Ėą‚Ėą‚Ėą‚Ėą‚Ėą‚Ėą‚Ėą‚Ėą‚Ėą‚Ėą‚Ėą‚Ėą‚Ėą‚Ėą‚Ėą‚Ėą‚Ėą‚Ėą‚Ėą‚Ėą  ‚Ėą‚Ėą‚Ėą   ‚Ėą‚Ėą‚Ėą‚Ėą‚Ėą‚Ėą‚Ėą‚Ėą‚Ėą‚Ėą‚Ėą   ‚Ėą‚Ėą‚Ėą       ‚Ėą‚Ėą‚Ėą     ‚Ėą‚ĖĎ‚Ėą    
   ‚Ėą‚ĖĎ‚Ėą     ‚Ėą‚Ėą‚Ėą‚Ėą‚Ėą‚Ėą‚Ėą‚Ėą‚Ėą‚Ėą‚Ėą‚Ėą‚Ėą‚Ėą‚Ėą‚Ėą‚Ėą‚Ėą‚Ėą‚Ėą‚Ėą‚Ėą ‚Ėą‚Ėą‚Ėą‚Ėą‚Ėą   ‚Ėą‚Ėą‚Ėą‚Ėą‚Ėą‚Ėą‚Ėą‚Ėą‚Ėą   ‚Ėą‚Ėą‚Ėą‚Ėą‚Ėą     ‚Ėą‚Ėą‚Ėą‚Ėą‚Ėą    ‚Ėą‚ĖĎ‚Ėą    
   ‚Ėą‚ĖĎ‚Ėą     ‚Ėí‚Ėí‚Ėí‚Ėí‚Ėí‚Ėí‚Ėí‚Ėí‚Ėí‚Ėí‚Ėí‚Ėí‚Ėí‚Ėí‚Ėí‚Ėí‚Ėí‚Ėí‚Ėí‚Ėí‚Ėí‚Ėí ‚Ėí‚Ėí‚Ėí‚Ėí‚Ėí   ‚Ėí‚Ėí‚Ėí‚Ėí‚Ėí‚Ėí‚Ėí‚Ėí‚Ėí   ‚Ėí‚Ėí‚Ėí‚Ėí‚Ėí     ‚Ėí‚Ėí‚Ėí‚Ėí‚Ėí    ‚Ėą‚ĖĎ‚Ėą    
   ‚Ėą‚ĖĎ‚Ėą      ‚Ėí‚Ėí‚Ėí‚Ėí               ‚Ėí‚Ėí  ‚Ėí‚Ėí‚Ėí   ‚Ėí‚Ėí       ‚Ėí‚Ėí   ‚Ėí‚Ėí‚Ėí       ‚Ėí‚Ėí‚Ėí     ‚Ėą‚ĖĎ‚Ėą    
  ‚Ėď‚Ėą‚ĖĎ‚Ėą‚Ėą‚Ėď     ‚Ėí‚Ėí‚Ėí                ‚Ėí  ‚Ėí‚Ėí‚Ėí  ‚Ėí‚Ėí‚Ėí       ‚Ėí‚Ėí‚Ėí  ‚Ėí‚Ėí‚Ėí       ‚Ėí‚Ėí‚Ėí    ‚Ėď‚Ėą‚ĖĎ‚Ėą‚Ėą‚Ėď  
 ‚Ėď‚Ėą‚Ėą‚ĖĎ‚Ėą‚Ėą‚Ėą‚Ėď    ‚Ėí‚Ėí‚Ėí                   ‚Ėí‚Ėí‚Ėí  ‚Ėí‚Ėí‚Ėí ‚Ėí‚Ėí‚Ėí‚Ėí‚Ėí‚Ėí‚Ėí‚Ėí‚Ėí  ‚Ėí‚Ėí‚Ėí‚Ėí‚Ėí‚Ėí‚Ėí‚Ėí‚Ėí‚Ėí‚Ėí‚Ėí‚Ėí   ‚Ėď‚Ėą‚Ėą‚ĖĎ‚Ėą‚Ėą‚Ėą‚Ėď 
‚Ėď‚Ėą‚Ėą‚Ėą‚Ėí‚Ėą‚Ėą‚Ėą‚Ėą‚Ėď   ‚Ėí‚Ėí‚Ėí                   ‚Ėí‚Ėí‚Ėí  ‚Ėí‚Ėí‚Ėí            ‚Ėí‚Ėí‚Ėí       ‚Ėí‚Ėí‚Ėí  ‚Ėď‚Ėą‚Ėą‚Ėą‚Ėí‚Ėą‚Ėą‚Ėą‚Ėą‚Ėď
‚Ėď‚Ėą‚Ėą‚ĖĎ‚Ėď‚Ėą‚Ėí‚Ėą‚Ėą‚Ėą   ‚Ėí‚Ėí‚Ėí                   ‚Ėí‚Ėí‚Ėí  ‚Ėí‚Ėí‚Ėí       ‚Ėí‚Ėí‚Ėí  ‚Ėí‚Ėí‚Ėí       ‚Ėí‚Ėí‚Ėí  ‚Ėď‚Ėą‚Ėą‚ĖĎ‚Ėď‚Ėą‚Ėí‚Ėą‚Ėą‚Ėą
‚Ėď‚Ėą‚Ėą‚Ėď‚Ėą‚Ėą ‚Ėą‚Ėą‚Ėą   ‚Ėí‚Ėí‚Ėí                   ‚Ėí‚Ėí‚Ėí   ‚Ėí‚Ėí       ‚Ėí‚Ėí    ‚Ėí‚Ėí       ‚Ėí‚Ėí   ‚Ėď‚Ėą‚Ėą‚Ėď‚Ėą‚Ėą ‚Ėą‚Ėą‚Ėą
‚Ėď‚Ėą‚Ėą‚Ėď   ‚Ėą‚Ėą‚Ėą   ‚Ėí‚Ėí‚Ėí                  ‚Ėí‚Ėí‚Ėí‚Ėí‚Ėí   ‚Ėí‚Ėí‚Ėí‚Ėí‚Ėí‚Ėí‚Ėí‚Ėí‚Ėí      ‚Ėí‚Ėí‚Ėí‚Ėí‚Ėí‚Ėí‚Ėí‚Ėí‚Ėí    ‚Ėď‚Ėą‚Ėą‚Ėď   ‚Ėą‚Ėą‚Ėą
‚Ėď‚Ėą‚Ėą‚Ėď   ‚Ėą‚Ėą‚Ėą   ‚Ėí‚Ėí‚Ėí                                                      ‚Ėď‚Ėą‚Ėą‚Ėď   ‚Ėą‚Ėą‚Ėą
‚Ėď‚Ėą‚Ėą‚Ėí   ‚Ėą‚Ėą‚Ėą   ‚Ėí‚Ėí‚Ėí                                                      ‚Ėď‚Ėą‚Ėą‚Ėí   ‚Ėą‚Ėą‚Ėą
‚Ėď‚Ėą‚Ėą‚Ėí   ‚Ėą‚Ėą‚Ėą   ‚Ėí‚Ėí‚Ėí           The.Dark.Knight.Rises.2012.German          ‚Ėď‚Ėą‚Ėą‚Ėí   ‚Ėą‚Ėą‚Ėą
‚Ėď‚Ėą‚Ėą‚Ėí‚Ėą‚Ėą ‚Ėą‚Ėą‚Ėą   ‚Ėí‚Ėí‚Ėí               DL.PAL.HD2DVD.DVD9-LiGA                ‚Ėď‚Ėą‚Ėą‚Ėí‚Ėą‚Ėą ‚Ėą‚Ėą‚Ėą
‚Ėď‚Ėą‚Ėą‚Ėď‚Ėď‚Ėď‚Ėą‚Ėą‚Ėą‚Ėą  ‚Ėí‚Ėí‚Ėí‚Ėí                                                      ‚Ėď‚Ėą‚Ėą‚Ėď‚Ėď‚Ėď‚Ėą‚Ėą‚Ėą‚Ėą
 ‚Ėď‚Ėą‚Ėą‚Ėď‚Ėą‚Ėą‚Ėą‚Ėą‚Ėď ‚Ėí‚Ėí‚Ėí‚Ėí‚Ėí                                                       ‚Ėď‚Ėą‚Ėą‚Ėď‚Ėą‚Ėą‚Ėą‚Ėą‚Ėď
 ‚Ėď‚ĖĎ‚ĖĎ‚Ėď‚Ėą‚Ėą‚Ėď‚Ėď                                                              ‚Ėď‚ĖĎ‚ĖĎ‚Ėď‚Ėą‚Ėą‚Ėď‚Ėď 
  ‚Ėď‚ĖĎ‚Ėď‚Ėą‚Ėď‚Ėď                                                                ‚Ėď‚ĖĎ‚Ėď‚Ėą‚Ėď‚Ėď  
    ‚Ėď‚Ėą‚Ėą       ‚Ėą‚Ėą‚Ėą‚Ėą‚Ėą‚Ėą  ‚Ėą‚Ėą‚Ėą‚Ėą‚Ėą‚Ėą‚Ėą ‚Ėą‚Ėą‚Ėą‚Ėą‚Ėą‚Ėą‚Ėą  ‚Ėą‚Ėą‚Ėą‚Ėą‚Ėą   ‚Ėą‚Ėą‚Ėą ‚Ėą‚Ėą‚Ėą      ‚Ėą‚Ėą‚Ėą‚Ėą‚Ėą         ‚Ėď‚Ėą‚Ėą   
    ‚Ėď‚Ėą‚Ėą        ‚Ėą    ‚Ėą  ‚Ėą    ‚Ėą ‚Ėą  ‚Ėą  ‚Ėą ‚Ėą     ‚Ėą   ‚Ėą   ‚Ėą      ‚Ėą     ‚Ėą        ‚Ėď‚Ėą‚Ėą   
    ‚Ėď‚Ėą‚Ėą        ‚Ėą    ‚Ėą  ‚Ėą         ‚Ėą    ‚Ėą     ‚Ėą   ‚Ėą   ‚Ėą      ‚Ėą              ‚Ėď‚Ėą‚Ėą   
    ‚Ėď‚Ėą‚Ėą        ‚Ėą    ‚Ėą  ‚Ėą‚Ėą‚Ėą       ‚Ėą    ‚Ėą‚Ėą‚Ėą‚Ėą‚Ėą‚Ėą‚Ėą   ‚Ėą   ‚Ėą       ‚Ėą‚Ėą‚Ėą‚Ėą‚Ėą         ‚Ėď‚Ėą‚Ėą   
    ‚Ėď‚Ėą‚Ėą        ‚Ėą    ‚Ėą  ‚Ėą         ‚Ėą    ‚Ėą     ‚Ėą   ‚Ėą   ‚Ėą            ‚Ėą        ‚Ėď‚Ėą‚Ėą   
  ‚Ėą‚ĖĎ‚Ėď‚Ėą‚Ėą‚Ėą‚ĖĎ      ‚Ėą    ‚Ėą  ‚Ėą    ‚Ėą    ‚Ėą    ‚Ėą     ‚Ėą   ‚Ėą   ‚Ėą    ‚Ėą ‚Ėą     ‚Ėą      ‚Ėą‚ĖĎ‚Ėď‚Ėą‚Ėą‚Ėą‚ĖĎ 
 ‚Ėą‚Ėą‚Ėí‚Ėď‚Ėą‚Ėą‚Ėą‚Ėą‚ĖĎ    ‚Ėą‚Ėą‚Ėą‚Ėą‚Ėą‚Ėą  ‚Ėą‚Ėą‚Ėą‚Ėą‚Ėą‚Ėą‚Ėą   ‚Ėą‚Ėą‚Ėą  ‚Ėą‚Ėą‚Ėą   ‚Ėą‚Ėą‚Ėą ‚Ėą‚Ėą‚Ėą ‚Ėą‚Ėą‚Ėą‚Ėą‚Ėą‚Ėą‚Ėą  ‚Ėą‚Ėą‚Ėą‚Ėą‚Ėą      ‚Ėą‚Ėą‚Ėí‚Ėď‚Ėą‚Ėą‚Ėą‚Ėą‚ĖĎ
‚ĖĎ‚Ėą‚Ėą‚Ėď‚Ėď‚Ėą‚Ėą‚Ėą‚Ėą‚ĖĎ                                                            ‚ĖĎ‚Ėą‚Ėą‚Ėď‚Ėď‚Ėą‚Ėą‚Ėą‚Ėą‚ĖĎ
‚Ėí‚Ėą‚Ėą‚Ėą‚Ėď‚Ėą‚Ėí‚Ėą‚Ėą‚Ėď                                                            ‚Ėí‚Ėą‚Ėą‚Ėą‚Ėď‚Ėą‚Ėí‚Ėą‚Ėą‚Ėď
‚Ėí‚Ėą‚Ėą‚Ėí‚Ėą‚Ėą ‚Ėą‚Ėą‚Ėą                                                            ‚Ėí‚Ėą‚Ėą‚Ėí‚Ėą‚Ėą ‚Ėą‚Ėą‚Ėą
‚Ėí‚Ėą‚Ėą‚Ėí   ‚Ėą‚Ėą‚Ėą                                                            ‚Ėí‚Ėą‚Ėą‚Ėí   ‚Ėą‚Ėą‚Ėą
‚ĖĎ‚Ėą‚Ėą‚Ėí   ‚Ėą‚Ėą‚Ėą                                                            ‚ĖĎ‚Ėą‚Ėą‚Ėí   ‚Ėą‚Ėą‚Ėą
‚ĖĎ‚Ėą‚Ėą‚Ėí   ‚Ėą‚Ėą‚Ėą   Erscheinungsdatum: 2012                                  ‚ĖĎ‚Ėą‚Ėą‚Ėí   ‚Ėą‚Ėą‚Ėą
‚ĖĎ‚Ėą‚Ėą‚Ėí   ‚Ėą‚Ėą‚Ėą   Datei............: Vob                                   ‚ĖĎ‚Ėą‚Ėą‚Ėí   ‚Ėą‚Ėą‚Ėą
‚Ėí‚Ėą‚Ėą‚Ėí‚Ėą‚Ėą ‚Ėą‚Ėą‚Ėą   Genre............: Action, Adventure                     ‚Ėí‚Ėą‚Ėą‚Ėí‚Ėą‚Ėą ‚Ėą‚Ėą‚Ėą
‚Ėí‚Ėą‚Ėą‚Ėí‚Ėď‚Ėą‚Ėí‚Ėą‚Ėą‚Ėí   Avg. Bitrate.....: 6001 kbps                             ‚Ėí‚Ėą‚Ėą‚Ėí‚Ėď‚Ėą‚Ėí‚Ėą‚Ėą‚Ėí
‚Ėí‚Ėą‚Ėą‚Ėą‚ĖĎ‚Ėą‚Ėą‚Ėą‚Ėą‚ĖĎ   Videoaufloesung..: 720 x 576                             ‚Ėí‚Ėą‚Ėą‚Ėą‚ĖĎ‚Ėą‚Ėą‚Ėą‚Ėą‚ĖĎ
‚Ėí‚Ėď‚Ėą‚Ėą‚ĖĎ‚Ėą‚Ėą‚Ėą‚Ėą‚Ėí   Audioformat......: DD  5.1 @ 384 Kbps - DE               ‚Ėí‚Ėď‚Ėą‚Ėą‚ĖĎ‚Ėą‚Ėą‚Ėą‚Ėą‚Ėí
 ‚Ėí‚Ėą‚Ėą‚Ėí‚Ėą‚Ėą‚Ėą‚Ėí‚Ėí                      DD  5.1 @ 384 Kbps - EN                ‚Ėí‚Ėą‚Ėą‚Ėí‚Ėą‚Ėą‚Ėą‚Ėí‚Ėí
   ‚Ėď‚Ėí‚Ėą‚Ėí‚Ėí‚Ėí                                                                ‚Ėď‚Ėí‚Ėą‚Ėí‚Ėí‚Ėí 
   ‚Ėą‚ĖĎ‚Ėą       Source...........: DVD9-Untouched/BD                        ‚Ėą‚ĖĎ‚Ėą    
   ‚Ėą‚ĖĎ‚Ėą       AspectRatio......: 16:9                                     ‚Ėą‚ĖĎ‚Ėą    
   ‚Ėą‚ĖĎ‚Ėą       PAL od. NTSC.....: PAL                                      ‚Ėą‚ĖĎ‚Ėą    
   ‚Ėą‚ĖĎ‚Ėą       Untertitel.......: DE/EN                                    ‚Ėą‚ĖĎ‚Ėą    
  ‚Ėď‚Ėď‚ĖĎ‚Ėą‚Ėą‚Ėą     Erstellungstool..: CCE, ifoedit,PGCEdit                    ‚Ėď‚Ėď‚ĖĎ‚Ėą‚Ėą‚Ėą  
 ‚Ėď‚Ėą‚ĖĎ‚ĖĎ‚Ėą‚Ėą‚Ėą‚Ėď    Menues und Extras: Ja\Ja                                  ‚Ėď‚Ėą‚ĖĎ‚ĖĎ‚Ėą‚Ėą‚Ėą‚Ėď 
‚Ėď‚Ėą‚Ėą‚Ėď‚Ėí‚Ėą‚Ėą‚Ėą‚Ėą    Laufzeit.........: 02:37:49 h:min:sek                    ‚Ėď‚Ėą‚Ėą‚Ėď‚Ėí‚Ėą‚Ėą‚Ėą‚Ėą 
‚Ėď‚Ėą‚Ėą‚ĖĎ‚Ėď‚Ėą‚Ėí‚Ėą‚Ėą‚ĖĎ   Releasedatum.....: 31.12.2015                            ‚Ėď‚Ėą‚Ėą‚ĖĎ‚Ėď‚Ėą‚Ėí‚Ėą‚Ėą‚ĖĎ
‚Ėď‚Ėą‚Ėą ‚Ėą‚Ėą ‚Ėą‚Ėą‚Ėą   Wunschrelease....: ja                                    ‚Ėď‚Ėą‚Ėą ‚Ėą‚Ėą ‚Ėą‚Ėą‚Ėą
‚Ėď‚Ėą‚Ėą    ‚Ėą‚Ėą‚Ėą   Imdb Link........: http://www.imdb.com/title/tt1345836/  ‚Ėď‚Ėą‚Ėą    ‚Ėą‚Ėą‚Ėą
‚Ėď‚Ėą‚Ėą    ‚Ėą‚Ėą‚Ėą                                                            ‚Ėď‚Ėą‚Ėą    ‚Ėą‚Ėą‚Ėą
‚Ėď‚Ėą‚Ėą‚Ėď   ‚Ėď‚Ėą‚Ėą                                                            ‚Ėď‚Ėą‚Ėą‚Ėď   ‚Ėď‚Ėą‚Ėą
‚Ėď‚Ėą‚Ėą‚Ėí   ‚Ėď‚Ėą‚Ėą                   Screens DVD vs. HD2DVD                   ‚Ėď‚Ėą‚Ėą‚Ėí   ‚Ėď‚Ėą‚Ėą
‚Ėď‚Ėą‚Ėą‚Ėí‚Ėą‚Ėą ‚Ėď‚Ėą‚Ėą                                                            ‚Ėď‚Ėą‚Ėą‚Ėí‚Ėą‚Ėą ‚Ėď‚Ėą‚Ėą
‚Ėď‚Ėą‚Ėą‚Ėď‚Ėď‚Ėď‚Ėí‚Ėď‚Ėą‚Ėą      http://screenshotcomparison.com/comparison/156259/    ‚Ėď‚Ėą‚Ėą‚Ėď‚Ėď‚Ėď‚Ėí‚Ėď‚Ėą‚Ėą
‚Ėď‚Ėą‚Ėą‚Ėą‚Ėď‚Ėą‚Ėď‚Ėí‚Ėą‚Ėď                                                            ‚Ėď‚Ėą‚Ėą‚Ėą‚Ėď‚Ėą‚Ėď‚Ėí‚Ėą‚Ėď
 ‚Ėí‚Ėď‚Ėď‚Ėď‚Ėą‚Ėą‚Ėď‚Ėą                                                              ‚Ėí‚Ėď‚Ėď‚Ėď‚Ėą‚Ėą‚Ėď‚Ėą 
  ‚Ėą‚Ėď‚Ėď‚Ėą‚Ėą‚Ėą                ‚Ėą‚Ėą‚Ėą‚Ėą‚Ėą‚Ėą‚Ėą  ‚Ėą‚Ėą‚Ėą       ‚Ėą‚Ėą‚Ėą‚Ėą‚Ėą  ‚Ėą‚Ėą‚Ėą‚Ėą‚Ėą‚Ėą‚Ėą               ‚Ėą‚Ėď‚Ėď‚Ėą‚Ėą‚Ėą  
    ‚Ėď‚Ėą‚Ėą                  ‚Ėą     ‚Ėą  ‚Ėą       ‚Ėą     ‚Ėą ‚Ėą  ‚Ėą  ‚Ėą                 ‚Ėď‚Ėą‚Ėą   
    ‚Ėď‚Ėą‚Ėą                  ‚Ėą     ‚Ėą  ‚Ėą       ‚Ėą     ‚Ėą    ‚Ėą                    ‚Ėď‚Ėą‚Ėą   
    ‚Ėď‚Ėą‚Ėą                  ‚Ėą‚Ėą‚Ėą‚Ėą‚Ėą‚Ėą   ‚Ėą       ‚Ėą     ‚Ėą    ‚Ėą                    ‚Ėď‚Ėą‚Ėą   
    ‚Ėď‚Ėą‚Ėą                  ‚Ėą        ‚Ėą       ‚Ėą     ‚Ėą    ‚Ėą                    ‚Ėď‚Ėą‚Ėą   
    ‚Ėď‚Ėą‚Ėą                  ‚Ėą        ‚Ėą     ‚Ėą ‚Ėą     ‚Ėą    ‚Ėą                    ‚Ėď‚Ėą‚Ėą   
  ‚Ėą‚Ėď‚Ėď‚Ėą‚Ėą‚Ėą‚Ėí               ‚Ėą‚Ėą‚Ėą      ‚Ėą‚Ėą‚Ėą‚Ėą‚Ėą‚Ėą‚Ėą‚Ėą  ‚Ėą‚Ėą‚Ėą‚Ėą‚Ėą    ‚Ėą‚Ėą‚Ėą                 ‚Ėą‚Ėď‚Ėď‚Ėą‚Ėą‚Ėą‚Ėí 
 ‚Ėą‚Ėą‚Ėí‚Ėď‚Ėą‚Ėą‚Ėą‚Ėą‚Ėí                                                             ‚Ėą‚Ėą‚Ėí‚Ėď‚Ėą‚Ėą‚Ėą‚Ėą‚Ėí
‚Ėď‚Ėą‚Ėą‚Ėą‚Ėí‚Ėą‚Ėą‚Ėą‚Ėą‚Ėď                                                            ‚Ėď‚Ėą‚Ėą‚Ėą‚Ėí‚Ėą‚Ėą‚Ėą‚Ėą‚Ėď
‚Ėď‚Ėą‚Ėą‚ĖĎ‚Ėď‚Ėą‚Ėí‚Ėą‚Ėą‚Ėą                                                            ‚Ėď‚Ėą‚Ėą‚ĖĎ‚Ėď‚Ėą‚Ėí‚Ėą‚Ėą‚Ėą
‚Ėď‚Ėą‚Ėą‚Ėď‚Ėą‚Ėą ‚Ėą‚Ėą‚Ėą Acht Jahre sind vergangen, seitdem Harvey Dent starb, der  ‚Ėď‚Ėą‚Ėą‚Ėď‚Ėą‚Ėą ‚Ėą‚Ėą‚Ėą
‚Ėď‚Ėą‚Ėą‚Ėď   ‚Ėą‚Ėą‚Ėą damit zum Helden wurde. Die Stadt Gotham gedenkt ihm wie   ‚Ėď‚Ėą‚Ėą‚Ėď   ‚Ėą‚Ėą‚Ėą
‚Ėď‚Ėą‚Ėą‚Ėď   ‚Ėą‚Ėą‚Ėą jedes Jahr, auch weil dank der nach ihm benannten Gesetze  ‚Ėď‚Ėą‚Ėą‚Ėď   ‚Ėą‚Ėą‚Ėą
‚Ėď‚Ėą‚Ėą‚Ėí   ‚Ėą‚Ėą‚Ėą die Verbrechensrate auf ein Minimum sank. Diese            ‚Ėď‚Ėą‚Ėą‚Ėí   ‚Ėą‚Ėą‚Ėą
‚Ėď‚Ėą‚Ėą‚Ėí   ‚Ėą‚Ėą‚Ėą ermoeglichten der Polizei, Verbrecher ohne Chance auf      ‚Ėď‚Ėą‚Ėą‚Ėí   ‚Ėą‚Ėą‚Ėą
‚Ėď‚Ėą‚Ėą‚Ėí‚Ėą‚Ėą ‚Ėą‚Ėą‚Ėą Bewaehrung in ein schwer bewachtes staedtisches Gefaengnis ‚Ėď‚Ėą‚Ėą‚Ėí‚Ėą‚Ėą ‚Ėą‚Ėą‚Ėą
‚Ėď‚Ėą‚Ėą‚Ėď‚Ėď‚Ėď‚Ėą‚Ėą‚Ėą‚Ėą einzusperren. Batman, der fuer den Tod an Dent             ‚Ėď‚Ėą‚Ėą‚Ėď‚Ėď‚Ėď‚Ėą‚Ėą‚Ėą‚Ėą
 ‚Ėď‚Ėą‚Ėą‚Ėď‚Ėą‚Ėą‚Ėą‚Ėą‚Ėď verantwortlich gemacht wird, blieb seit dieser Zeit         ‚Ėď‚Ėą‚Ėą‚Ėď‚Ėą‚Ėą‚Ėą‚Ėą‚Ėď
 ‚Ėď‚ĖĎ‚ĖĎ‚Ėď‚Ėą‚Ėą‚Ėď‚Ėď  verschwunden.                                               ‚Ėď‚ĖĎ‚ĖĎ‚Ėď‚Ėą‚Ėą‚Ėď‚Ėď 
  ‚Ėď‚ĖĎ‚Ėď‚Ėą‚Ėď‚Ėď   Auch Bruce Wayne (Christian Bale) haelt sich vollstaendig    ‚Ėď‚ĖĎ‚Ėď‚Ėą‚Ėď‚Ėď  
    ‚Ėď‚Ėą‚Ėą    aus dem gesellschaftlichen Leben heraus und lebt               ‚Ėď‚Ėą‚Ėą   
    ‚Ėď‚Ėą‚Ėą    zurueckgezogen im Nordfluegel seines Hauses, nur von           ‚Ėď‚Ėą‚Ėą   
    ‚Ėď‚Ėą‚Ėą    Alfred (Michael Caine) betreut. Als er eine Diebin             ‚Ėď‚Ėą‚Ėą   
    ‚Ėď‚Ėą‚Ėą    (Anne Hathaway) dabei erwischt, wie sie eine Perlenkette       ‚Ėď‚Ėą‚Ėą   
    ‚Ėď‚Ėą‚Ėą    aus seinem Tresor stiehlt, ist der an Kruecken gehende         ‚Ėď‚Ėą‚Ėą   
  ‚Ėď‚Ėą‚ĖĎ‚Ėą‚Ėą‚Ėď   Mann nicht in der Lage sie aufzuhalten. Aber er stellt       ‚Ėď‚Ėą‚ĖĎ‚Ėą‚Ėą‚Ėď  
 ‚Ėď‚Ėą‚Ėą‚ĖĎ‚Ėą‚Ėą‚Ėą‚Ėď  fest, das der Diebstahl nur ein Vorwand war, um seine       ‚Ėď‚Ėą‚Ėą‚ĖĎ‚Ėą‚Ėą‚Ėą‚Ėď 
‚Ėď‚Ėą‚Ėą‚Ėą‚Ėí‚Ėą‚Ėą‚Ėą‚Ėą‚Ėď Fingerabdruecke zu bekommen. Aufmerksam geworden, beginnt  ‚Ėď‚Ėą‚Ėą‚Ėą‚Ėí‚Ėą‚Ėą‚Ėą‚Ėą‚Ėď
‚Ėď‚Ėą‚Ėą‚ĖĎ‚Ėď‚Ėą‚Ėí‚Ėą‚Ėą‚Ėą er weiter nachzuforschen und erfaehrt von einem seltsam    ‚Ėď‚Ėą‚Ėą‚ĖĎ‚Ėď‚Ėą‚Ėí‚Ėą‚Ėą‚Ėą
‚Ėď‚Ėą‚Ėą‚Ėď‚Ėą‚Ėą ‚Ėą‚Ėą‚Ėą maskierten Mann, namens Bane (Tom Hardy), dessen           ‚Ėď‚Ėą‚Ėą‚Ėď‚Ėą‚Ėą ‚Ėą‚Ėą‚Ėą
‚Ėď‚Ėą‚Ėą‚Ėď   ‚Ėą‚Ėą‚Ėą Aktivitaeten fuer Gotham bedrohliche Zuege annehmen.       ‚Ėď‚Ėą‚Ėą‚Ėď   ‚Ėą‚Ėą‚Ėą
‚Ėď‚Ėą‚Ėą‚Ėď   ‚Ėą‚Ėą‚Ėą Gegen den Willen Alfreds beschliesst er, sein              ‚Ėď‚Ėą‚Ėą‚Ėď   ‚Ėą‚Ėą‚Ėą
‚Ėď‚Ėą‚Ėą‚Ėí   ‚Ėą‚Ėą‚Ėą Batman-Kostuem wieder anzulegen...                         ‚Ėď‚Ėą‚Ėą‚Ėí   ‚Ėą‚Ėą‚Ėą
‚Ėď‚Ėą‚Ėą‚Ėí   ‚Ėą‚Ėą‚Ėą                                                            ‚Ėď‚Ėą‚Ėą‚Ėí   ‚Ėą‚Ėą‚Ėą
‚Ėď‚Ėą‚Ėą‚Ėí‚Ėą‚Ėą ‚Ėą‚Ėą‚Ėą                                                            ‚Ėď‚Ėą‚Ėą‚Ėí‚Ėą‚Ėą ‚Ėą‚Ėą‚Ėą
‚Ėď‚Ėą‚Ėą‚Ėď‚Ėď‚Ėď‚Ėą‚Ėą‚Ėą‚Ėą                                                            ‚Ėď‚Ėą‚Ėą‚Ėď‚Ėď‚Ėď‚Ėą‚Ėą‚Ėą‚Ėą
 ‚Ėď‚Ėą‚Ėą‚Ėď‚Ėą‚Ėą‚Ėą‚Ėą‚Ėď                                                             ‚Ėď‚Ėą‚Ėą‚Ėď‚Ėą‚Ėą‚Ėą‚Ėą‚Ėď
 ‚Ėď‚ĖĎ‚ĖĎ‚Ėď‚Ėą‚Ėą‚Ėď‚Ėď                                                              ‚Ėď‚ĖĎ‚ĖĎ‚Ėď‚Ėą‚Ėą‚Ėď‚Ėď 
  ‚Ėď‚ĖĎ‚Ėď‚Ėą‚Ėď‚Ėď                                                                ‚Ėď‚ĖĎ‚Ėď‚Ėą‚Ėď‚Ėď  
    ‚Ėď‚Ėą‚Ėą                                                                   ‚Ėď‚Ėą‚Ėą   
    ‚Ėď‚Ėą‚Ėą                                                                   ‚Ėď‚Ėą‚Ėą   
    ‚Ėď‚Ėą‚Ėą                                                                   ‚Ėď‚Ėą‚Ėą   
    ‚Ėď‚Ėą‚Ėą                                                                   ‚Ėď‚Ėą‚Ėą   
    ‚Ėď‚Ėą‚Ėą                                                                   ‚Ėď‚Ėą‚Ėą   
  ‚Ėď‚Ėą‚ĖĎ‚Ėą‚Ėą‚Ėď                                                                ‚Ėď‚Ėą‚ĖĎ‚Ėą‚Ėą‚Ėď  
 ‚Ėď‚Ėą‚Ėą‚ĖĎ‚Ėą‚Ėą‚Ėą‚Ėď                                                              ‚Ėď‚Ėą‚Ėą‚ĖĎ‚Ėą‚Ėą‚Ėą‚Ėď 
‚Ėď‚Ėą‚Ėą‚Ėą‚Ėí‚Ėą‚Ėą‚Ėą‚Ėą‚Ėď          ‚Ėą‚Ėą‚Ėą   ‚Ėą‚Ėą‚Ėą  ‚Ėą‚Ėą‚Ėą‚Ėą‚Ėą  ‚Ėą‚Ėą‚Ėą‚Ėą‚Ėą‚Ėą‚Ėą ‚Ėą‚Ėą‚Ėą‚Ėą‚Ėą‚Ėą‚Ėą  ‚Ėą‚Ėą‚Ėą‚Ėą‚Ėą          ‚Ėď‚Ėą‚Ėą‚Ėą‚Ėí‚Ėą‚Ėą‚Ėą‚Ėą‚Ėď
‚Ėď‚Ėą‚Ėą‚ĖĎ‚Ėď‚Ėą‚Ėí‚Ėą‚Ėą‚Ėą           ‚Ėą‚Ėą    ‚Ėą  ‚Ėą     ‚Ėą ‚Ėą  ‚Ėą  ‚Ėą  ‚Ėą    ‚Ėą ‚Ėą     ‚Ėą         ‚Ėď‚Ėą‚Ėą‚ĖĎ‚Ėď‚Ėą‚Ėí‚Ėą‚Ėą‚Ėą
‚Ėď‚Ėą‚Ėą‚Ėď‚Ėą‚Ėą ‚Ėą‚Ėą‚Ėą           ‚Ėą‚Ėą    ‚Ėą  ‚Ėą     ‚Ėą ‚Ėą  ‚Ėą  ‚Ėą  ‚Ėą    ‚Ėą ‚Ėą     ‚Ėą         ‚Ėď‚Ėą‚Ėą‚Ėď‚Ėą‚Ėą ‚Ėą‚Ėą‚Ėą
‚Ėď‚Ėą‚Ėą‚Ėď   ‚Ėą‚Ėą‚Ėą           ‚Ėą ‚Ėą   ‚Ėą  ‚Ėą     ‚Ėą    ‚Ėą     ‚Ėą      ‚Ėą               ‚Ėď‚Ėą‚Ėą‚Ėď   ‚Ėą‚Ėą‚Ėą
‚Ėď‚Ėą‚Ėą‚Ėď   ‚Ėą‚Ėą‚Ėą           ‚Ėą  ‚Ėą  ‚Ėą  ‚Ėą     ‚Ėą    ‚Ėą     ‚Ėą‚Ėą‚Ėą     ‚Ėą‚Ėą‚Ėą‚Ėą‚Ėą          ‚Ėď‚Ėą‚Ėą‚Ėď   ‚Ėą‚Ėą‚Ėą
‚Ėď‚Ėą‚Ėą‚Ėí   ‚Ėą‚Ėą‚Ėą           ‚Ėą   ‚Ėą ‚Ėą  ‚Ėą     ‚Ėą    ‚Ėą     ‚Ėą            ‚Ėą         ‚Ėď‚Ėą‚Ėą‚Ėí   ‚Ėą‚Ėą‚Ėą
‚Ėď‚Ėą‚Ėą‚Ėí   ‚Ėą‚Ėą‚Ėą           ‚Ėą    ‚Ėą‚Ėą  ‚Ėą     ‚Ėą    ‚Ėą     ‚Ėą    ‚Ėą ‚Ėą     ‚Ėą         ‚Ėď‚Ėą‚Ėą‚Ėí   ‚Ėą‚Ėą‚Ėą
‚Ėď‚Ėą‚Ėą‚Ėí‚Ėą‚Ėą ‚Ėą‚Ėą‚Ėą          ‚Ėą‚Ėą‚Ėą   ‚Ėą‚Ėą‚Ėą  ‚Ėą‚Ėą‚Ėą‚Ėą‚Ėą    ‚Ėą‚Ėą‚Ėą   ‚Ėą‚Ėą‚Ėą‚Ėą‚Ėą‚Ėą‚Ėą  ‚Ėą‚Ėą‚Ėą‚Ėą‚Ėą          ‚Ėď‚Ėą‚Ėą‚Ėí‚Ėą‚Ėą ‚Ėą‚Ėą‚Ėą
‚Ėď‚Ėą‚Ėą‚Ėď‚Ėď‚Ėď‚Ėą‚Ėą‚Ėą‚Ėą                                                            ‚Ėď‚Ėą‚Ėą‚Ėď‚Ėď‚Ėď‚Ėą‚Ėą‚Ėą‚Ėą
 ‚Ėď‚Ėą‚Ėą‚Ėď‚Ėą‚Ėą‚Ėą‚Ėą‚Ėď                                                             ‚Ėď‚Ėą‚Ėą‚Ėď‚Ėą‚Ėą‚Ėą‚Ėą‚Ėď
 ‚Ėď‚ĖĎ‚ĖĎ‚Ėď‚Ėą‚Ėą‚Ėď‚Ėď                                                              ‚Ėď‚ĖĎ‚ĖĎ‚Ėď‚Ėą‚Ėą‚Ėď‚Ėď 
  ‚Ėď‚ĖĎ‚Ėď‚Ėą‚Ėď‚Ėď    ‚ÄĘ etwas mehr Schaerfe                                        ‚ĖĎ‚Ėď‚Ėą‚Ėď‚Ėď  
    ‚Ėď‚Ėą‚Ėą     ‚ÄĘ mehr Details                                                ‚Ėď‚Ėą‚Ėą   
    ‚Ėď‚Ėą‚Ėą                                                                   ‚Ėď‚Ėą‚Ėą   
    ‚Ėď‚Ėą‚Ėą     ‚ÄĘ Menue bereinigt                                             ‚Ėď‚Ėą‚Ėą   
    ‚Ėď‚Ėą‚Ėą     ‚ÄĘ Viel Spass mit der HD2DVD zu The Dark Knight Rises!         ‚Ėď‚Ėą‚Ėą   
    ‚Ėď‚Ėą‚Ėą                                                                   ‚Ėď‚Ėą‚Ėą   
  ‚Ėą‚ĖĎ‚Ėď‚Ėą‚Ėą‚Ėą‚ĖĎ                                                               ‚Ėą‚ĖĎ‚Ėď‚Ėą‚Ėą‚Ėą‚ĖĎ 
 ‚Ėą‚Ėą‚Ėí‚Ėď‚Ėą‚Ėą‚Ėą‚Ėą‚ĖĎ  ‚ÄĘ Extras: Die Reise des Bruce Wayne                        ‚Ėą‚Ėą‚Ėí‚Ėď‚Ėą‚Ėą‚Ėą‚Ėą‚ĖĎ
‚ĖĎ‚Ėą‚Ėą‚Ėď‚Ėď‚Ėą‚Ėą‚Ėą‚Ėą‚ĖĎ                                                            ‚ĖĎ‚Ėą‚Ėą‚Ėď‚Ėď‚Ėą‚Ėą‚Ėą‚Ėą‚ĖĎ
‚Ėí‚Ėą‚Ėą‚Ėą‚Ėď‚Ėą‚Ėí‚Ėą‚Ėą‚Ėď  ‚ÄĘ Dies ist nicht die IMAX Version wer diese moechte       ‚Ėí‚Ėą‚Ėą‚Ėą‚Ėď‚Ėą‚Ėí‚Ėą‚Ėą‚Ėď
‚Ėí‚Ėą‚Ėą‚Ėí‚Ėą‚Ėą ‚Ėą‚Ėą‚Ėą    sollte die HD2DVD von Balu nehmen die wir sehr          ‚Ėí‚Ėą‚Ėą‚Ėí‚Ėą‚Ėą ‚Ėą‚Ėą‚Ėą
‚Ėí‚Ėą‚Ėą‚Ėí   ‚Ėą‚Ėą‚Ėą    empfehlen koennen!                                      ‚Ėí‚Ėą‚Ėą‚Ėí   ‚Ėą‚Ėą‚Ėą
‚ĖĎ‚Ėą‚Ėą‚Ėí   ‚Ėą‚Ėą‚Ėą                                                            ‚ĖĎ‚Ėą‚Ėą‚Ėí   ‚Ėą‚Ėą‚Ėą
‚ĖĎ‚Ėą‚Ėą‚Ėí   ‚Ėą‚Ėą‚Ėą                                                            ‚ĖĎ‚Ėą‚Ėą‚Ėí   ‚Ėą‚Ėą‚Ėą
‚ĖĎ‚Ėą‚Ėą‚Ėí   ‚Ėą‚Ėą‚Ėą                                                            ‚ĖĎ‚Ėą‚Ėą‚Ėí   ‚Ėą‚Ėą‚Ėą
‚Ėí‚Ėą‚Ėą‚Ėí‚Ėą‚Ėą ‚Ėą‚Ėą‚Ėą                                                            ‚Ėí‚Ėą‚Ėą‚Ėí‚Ėą‚Ėą ‚Ėą‚Ėą‚Ėą
‚Ėí‚Ėą‚Ėą‚Ėí‚Ėď‚Ėą‚Ėí‚Ėą‚Ėą‚Ėí                                                            ‚Ėí‚Ėą‚Ėą‚Ėí‚Ėď‚Ėą‚Ėí‚Ėą‚Ėą‚Ėí
‚Ėí‚Ėą‚Ėą‚Ėą‚ĖĎ‚Ėą‚Ėą‚Ėą‚Ėą‚ĖĎ                                                            ‚Ėí‚Ėą‚Ėą‚Ėą‚ĖĎ‚Ėą‚Ėą‚Ėą‚Ėą‚ĖĎ
‚Ėí‚Ėď‚Ėą‚Ėą‚ĖĎ‚Ėą‚Ėą‚Ėą‚Ėą‚Ėí                                                            ‚Ėí‚Ėď‚Ėą‚Ėą‚ĖĎ‚Ėą‚Ėą‚Ėą‚Ėą‚Ėí
 ‚Ėí‚Ėą‚Ėą‚Ėí‚Ėą‚Ėą‚Ėą‚Ėí‚Ėí                                                             ‚Ėí‚Ėą‚Ėą‚Ėí‚Ėą‚Ėą‚Ėą‚Ėí‚Ėí
   ‚Ėď‚Ėí‚Ėą‚Ėí‚Ėí‚Ėí                                                                ‚Ėď‚Ėí‚Ėą‚Ėí‚Ėí‚Ėí 
   ‚Ėą‚ĖĎ‚Ėą                                                                   ‚Ėą‚ĖĎ‚Ėą    
   ‚Ėą‚ĖĎ‚Ėą                                                                   ‚Ėą‚ĖĎ‚Ėą    
   ‚Ėą‚ĖĎ‚Ėą                                                                   ‚Ėą‚ĖĎ‚Ėą    
   ‚Ėą‚ĖĎ‚Ėą                                                                   ‚Ėą‚ĖĎ‚Ėą    
  ‚Ėď‚Ėď‚ĖĎ‚Ėą‚Ėą‚Ėą                                                                ‚Ėď‚Ėď‚ĖĎ‚Ėą‚Ėą‚Ėą  
 ‚Ėď‚Ėą‚ĖĎ‚ĖĎ‚Ėą‚Ėą‚Ėą‚Ėď                                                              ‚Ėď‚Ėą‚ĖĎ‚ĖĎ‚Ėą‚Ėą‚Ėą‚Ėď 
‚Ėď‚Ėą‚Ėą‚Ėď‚Ėí‚Ėą‚Ėą‚Ėą‚Ėą                                                             ‚Ėď‚Ėą‚Ėą‚Ėď‚Ėí‚Ėą‚Ėą‚Ėą‚Ėą 
‚Ėď‚Ėą‚Ėą‚ĖĎ‚Ėď‚Ėą‚Ėí‚Ėą‚Ėą‚ĖĎ                                                            ‚Ėď‚Ėą‚Ėą‚ĖĎ‚Ėď‚Ėą‚Ėí‚Ėą‚Ėą‚ĖĎ
‚Ėď‚Ėą‚Ėą ‚Ėą‚Ėą ‚Ėą‚Ėą‚Ėą                                                            ‚Ėď‚Ėą‚Ėą ‚Ėą‚Ėą ‚Ėą‚Ėą‚Ėą
‚Ėď‚Ėą‚Ėą    ‚Ėą‚Ėą‚Ėą                                                            ‚Ėď‚Ėą‚Ėą    ‚Ėą‚Ėą‚Ėą
‚Ėď‚Ėą‚Ėą    ‚Ėą‚Ėą‚Ėą                                                            ‚Ėď‚Ėą‚Ėą    ‚Ėą‚Ėą‚Ėą
