▄▄▄▄▄▄▄▄▄▄▄▄▄▄▄▄▄▄▄▄▄▄▄▄▄▄▄▄▄▄▄▄▄▄▄▄▄▄▄▄▄▄▄▄▄▄▄▄▄▄▄▄▄▄▄▄▄▄▄▄▄▄▄▄▄▄▄▄▄▄▄▄▄▄▄▄▄▄
█▀▀▀▀▀▀▀▀▀▀▀▀▀▀▀▀▀▀▀▀▀▀▀▀▀▀▀▀▀▀▀▀▀▀▀▀▀▀▀▀▀▀▀▀▀▀▀▀▀▀▀▀▀▀▀▀▀▀▀▀▀▀▀▀▀▀▀▀▀▀▀▀▀▀▀██▄
█ ███  ███ ███▀▀███ ███    ███▀▀▀▀ ▀▀▀▀▀███ ███▀▀▀▀▀▀▀▀  ███ ███▀▀▀▀▀▀▀▀▀▀▀  ▀█
█ ███  ███ ███  ███ ███    ███     ███  ███ ███ ▀▀▀▀███  ███ ███     ███▀▀██▄ █
█ ███  ███ ███  ███ ███    ███     ███  ███ ███     ███  ███ ███     ███  ███ █
█ ███  ███ ███  ███ ███    ███     ███  ███ ███     ███  ███ ███     ███  ███ █
█ ███  ███ ███  ███ ███    ███     ███  ███ ███     ███  ███ ███     ███  ███ █
█ ███  ███ ███  ███ ███    ███▀▀▀  ███▀▀███ ▀▀▀▀███ ███▀▀███ ███▀▀▀  ███  ███ █
█ ███  ███ ███  ███ ███    ███     ███  ███     ███ ███  ███ ███     ███  ███ █
█ ███  ███ ███  ███ ███    ███     ███  ███     ███ ███  ███ ███     ███  ███ █
█ ███  ███ ███  ███ ███    ███     ███  ███     ███ ███  ███ ███     ███  ███ █
█ ▀▀▀▀▀▀▀▀ ███  ███ ▀▀▀▀▀▀ ███     ███  ▀▀▀▀▀▀▀ ███ ███  ███ ▀▀▀▀▀▀▀ ███  ███ █
█▄ ▀▀▀▀▀▀▀▀▀▀▀  ▀▀▀▀▀▀▀▀▀▀ ▀▀▀▀▀▀▀ ▀▀▀  ▀▀▀▀▀▀▀▀▀▀▀ ▀▀▀  ▀▀▀▀▀▀▀▀▀▀▀ ▀▀▀▀▀▀▀ ▄█
▀█▄▄▄▄▄▄▄▄▄▄▄▄▄▄▄▄▄▄▄▄▄▄▄▄▄▄▄▄▄▄▄▄▄▄▄▄▄▄▄▄▄▄▄▄▄▄▄▄▄▄▄▄▄▄▄▄▄▄▄▄▄▄▄▄▄▄▄▄▄▄▄▄▄▄██▀
 ▀▀▀▀▀▀▀▀▀▀▀▀▀▀▀▀▀▀▀▀▀▀▀▀▀▀▀▀▀▀▀▀▀▀▀▀▀▀▀▀▀▀▀▀▀▀▀▀▀▀▀▀▀▀▀▀▀▀▀▀▀▀▀▀▀▀▀▀▀▀▀▀▀▀▀▀
              ♦ P R E P A R E  T O  B E  U N L E A S H E D ! ! ♦


                          Robot Rescue Revolution RIP                       
 ─♦─────────────────────────────────────────────────────────────────────────♦─
   Release Date  :  20/07/2014                Protection  :  Steam
   Release Type  :  RIP 41x5.00MB             Company     :  Teyon
 ─♦─────────────────────────────────────────────────────────────────────────♦─
   Release Notes:

   EVERY SINGLE ROBOT SHARES LINKED CONTROLS!                               
                                                                            
   Dodge flamers breathing scorching fires and deactivate paralyzing        
   Tesla machines as you guide wacky robots trapped in treacherous          
   labyrinths to the exit! Plan every escape with precision and execute     
   each action with cautiousness as the synchronized movement of the        
   robots hinders a simple plan! Unravel over 100 levels of challenging     
   robotic fun in this unique and quirky puzzler!                           
                                                                            
   COMPETE OR CO-OPERATE WITH BUDDIES                                       
                                                                            
   Join forces with a buddy and use each other's robots to help one         
   another escape from these obstacle-ridden mazes in Co-op Mode! Be        
   careful! As soon as one robot goes astray it's GAME OVER for the both    
   of you!                                                                  
                                                                            
   And if you're feeling a little competitive, then take the logic battle   
   to a whole new level and fight it out to the finish line in Compete      
   Mode! Race on two identical but separate maps and test each other's      
   quick-thinking skills to see whose robots will escape the maze first     
   all in one piece!                                                        
                                                                            
   UNLEASH YOUR CREATIVITY                                                  
                                                                            
                                                                            
   Step into the shoes of the developers and become the brain behind the    
   puzzles with the additional feature of Map Editor. Utilize all           
   elements and objects, select from different worlds and then upload       
   your master creations online to share with the rest of the Robot         
   Rescue community for even more puzzles to crack!                         
                                                                            
   The Palace of Wisdom:                                                    
   ôFor those looking for a challenging brain teaser with a unique twist,   
   look no further.ö                                                        
                                                                            
   GertLushGaming:                                                          
   ôIt is worth its price and you can get a lot of pad smashing, swear      
   word creating fun out of it. Worth a look for sure.ö                     
   FEATURES                                                                 
                                                                            
       Unique mechanics with simultaneous control over ALL robots           
       Over 100 mind-bending levels in three tantalizing worlds!            
       Beautiful bright graphics designed for 1080p                         
       One-Player and Two-Player modes (compete or co-op)                   
       Map editor with online sharing, compatible with PSN                  
       Steam Leaderboards, Achievements & Trading Cards!                    
       Full controller support                                              
                                                                            
                                                                            
   RIPPED: Nothing                                                          
 ─♦─────────────────────────────────────────────────────────────────────────♦─
   Install Notes:
         
   1. Unpack the release with WinRAR or equivalent                          
   2. Install by running unl-rrrr.exe                                       
   3. Start game with Launcher.exe                                          
   4. Enjoy!                                                                
                                                                            
   Remember to support quality games!                                       
                                                                            
 ─♦─────────────────────────────────────────────────────────────────────────♦─

     Unleashed salutes all friends of the family, contacts and competition! 

 ─♦─────────────────────────────────────────────────────────────────────────♦─
                            " Prepare to be Unleashed! "
