                                                                               
             ░▓▓▓▓▓▓▓█▓█▌    ░▓▓▓▓▓▓▓█▓██▄▄▄▄░▓▓▓▓▓▓▓▓█▓█▄▄▄ ▄▄▄▄
             ▓███████████    ▓███████████████▓████████████████████
             ▓██▓▒░░░░███    ▓██▓▒░░░░▀▀▀▀▀▀▀▀██▓▒░░░░▀▀▀▀▀▀▀▀████
        ∙  · ███▒░    ███    ███▒░    ███     ░█▒░    ███     ░███
      •      ▓██░     ██▓    ▓██░     ███     ░█░     ███     ░██▌·  ∙
             ███░     ██▌    ███░     ███      █░     ███     ░██▓      •
     ■       ▐██░     ███    ███░     ███     ░█░     ███     ░███
           ▄▓███░     ███    ▐██░     ▀▀▀     ▄█░     ███     ░██▌ !h8.  ■
      ▄█▓▓▓█████░     ███▓▓█▓███▓  ▄ ▄██████████░     ███   ▄ ▓███▄▄▄▄▄▄ 
      █▀ ▄▄▄ ███░ ▄▄ ▄▀▀ ▄▄ ▀ ▄▄▄   ▄▄▄▄▄ ▀ ▄▄ ▄▄▄▄   ▀▀▀▀▀  ▄▄▄▄ ▓▓▀▀▀█▓ 
     ▐█ ██▓ ▐███ ▓██▌ ▄▓████▄████░ ███▀▓██ ▓██▌▓█████▄ ▓██▐████▓▀▄▄ ▐▓▄ █▌
     ▐▌▐██▌▐▀▀▀▀ ██▀▀▐███▐████▐██▓▐██▌ ▄██▌██▀ ▐██▀███▌██▀  ███ ▄██▌ ██▌▐█
     ▐▌▐██▌ ▄██░ ▄▄█ ███▌░███▌░███▐██████▓ ▄▄█ ███ ▐███ ▄██ ███▐██▓ ▄██▌▐█
     ▐▌▐██▌▐███▓▐███▐███ ▓███ ▓███▐██▀▀▀  ▐███ ███  ███▐███ ███ ▀█████▓ ▓▌
     ▐▓ ███▄░███ ██▓▐███ ███▓ ███▌▐▓█▌ ███ ██▓ ███ ▐██▌ ██▓ ██▓ ▄  ███ ▐█
      █▄ ▀█████▀▐██▌▐██▌ ▀██▌ ▀██  ░██ ██▌▐██▌▐██████▓ ▐██▌▐██▌▐█▄▓██ ▐█▌
       █▓▄ ░▀▀ ▄ ▀▀  ▀▀ ▓▄▄▄▄▓▄▄▄ ▄  ▄▄██ ▀▀▀ ▄ ▀▀▀▀   ▀▀▀  ▄▄▄ ▀▀▀▀ ▄█▓
        ▀██▓▓███▓ ▀  ▀███▓▒░░░░█▓     ███▓█▓▓███▀▀ ▀  ███▀    ▓███▓▓██▀
        ░  ░▒███░     ███▒░    █░     ███░  ░▐██░     ███     ░███▒░  ░
     ░ ░▒ ░▒▓▓██░     ███░     █░     ███▒░ ░███░     ███     ░███▓▒░ ▒░ ░
    ░▒░▒▒░▓▓▓███░     ███      █░     ███▓▒░▒███░     ███     ░██▓▓▒▒░▒▓░▓░
   ░▒▓▒▓▓▒▓▓▓███▄     ▀▀▀     ▄█░     ███▓▓▒▓███▓░    ▄▄▄▄▄▄▄▄████▓▓▓▒▓▓▒▓▒░
 ▄███▀▀▀▀▀▀▀▀████████████████████████████▀▀▀▀███████████████████▓▀▀▀▀▀▀▀▀▀███▄
 ██░          ▀▀▀▀▀▀▓█▀▀▀▀ ▀▀▀▀█▓▀▀▀▀▀▀▓▀    ▀▀▀▀▀█▓▀▀▀▀▓▀      ░      ▄   ░██
 ██▒                                                    ░             ▀▓▀  ▒██
 ██▓                ▄▓█▄                    ░   ▓█                     ░   ▓██
 ██▓                ██▄▀  e  l  e  a  s  e      ▄▄  n  f  o                ▓██
 ██▓                ▀▀ ▀ ─────────────────      ▀▀ ────────                ▓██
▀██▓▀                Streetballers.LiMiTED.DVDRip.XviD-LPD                ▀▓██▀
  ▀                                                                         ▀
                        • Title·········[ Streetballers
                        • Release.Date··[ 28/02/10
                        • Source········[ DVD RETAIL
                        • Release.Size··[ 2 x 50x15MB
                        • Runtime·······[ 01:58:16
                        • Video.Format··[ XVID
                        • Frame.Rate····[ 23.976 FPS
                        • Aspect.Ratio··[ 624x352 *WS*
                        • Video.Bitrate·[ 1450 kb/s
                        • Audio.Format··[ AC3 2.0 (192 kb/s)
                        • Subs··········[ N/A
                                                                               
             • IMDB.Link····[ http://www.imdb.com/title/tt0847221/
             • IMDB.Rating··[ 5.0/10 (55 votes)
                                                                               
 ▄███▀▀▀▀▀▀▀▀▀▀▀▀▀▀▀▀▀▀▀▀▀▀▀▀▀▀▀▀▀▀▀▀▀▀▀▀▀▀▀▀▀▀▀▀▀▀▀▀▀▀▀▀▀▀▀▀▀▀▀▀▀▀▀▀▀▀▀▀▀███▄
 ██░                                                                       ░██
 ██▒             ▄▓█▄                        ▄▓█▄                          ▒██
 ██▓             ██▄▀  e  l  e  a  s  e      ██ █  o  t  e  s              ▓██
 ██▓             ▀▀ ▀ ─────────────────      ▀▀ ▀ ───────────              ▓██
 ██▓                                                                       ▓██
▀██▓▀                                 Enjoy!                              ▀▓██▀
  ▀                                                                         ▀  
                                                                               
     ▄███▀▀▀▀▀▀▀▀▀▀▀▀▀▀▀▀▀▀▀▀▀▀▀▀▀▀▀▀▀▀▀▀▀▀▀▀▀▀▀▀▀▀▀▀▀▀▀▀▀▀▀▀▀▀▀▀▀▀▀▀▀███▄
     ██░                                                               ░██
     ██▒               ▄▓▀                   ▓█                        ▒██
     ██▓              ▐█▌▀▓  r  o  u  p      ▄▄  n  f  o               ▓██
     ██▓               ▀▀▀ ────────────      ▀▀ ────────               ▓██
     ██░                                                               ▓██
    ▀██▓▀                                                             ▀▓██▀
      ▀                      Currently looking for:                     ▀
                        * Suppliers of pre-retail DVD's.
                         * Suppliers of DVD Screeners.
                                                                               
                      · Contact: lpdmovies@hushmail.com ·
                                                                               
         ▄██▄                                                      ▄██▄
        ▀███▓▀                                                    ▀▓███▀
         ███▓                                                      ▓███
         ███▓                                                      ▓███
         ███▓         ░▓▓▓▓█▓█   ░▓▓▓▓█▓█▄▄▄░▓▓▓▓█▓█▄▄▄▄▄          ▓███
         ███▓         ▓██████████▓██████████▓█████████████         ▓███
         ███▓         ▓█▓░  █████▓█▓░  ▀▀▀▀▀██▓░  ▀▀▀▀▀███         ▓███
         ███▒         ██░   ███████░   ██   ░█░   ██   ░██         ▒███
         ▓██░     ▄██▄██░   ███████░   ██   ░█░   ██   ░██▄██▄     ░██▓
          ▀▀▀▀▀▀▀▐██████░   ███████░   ▄▄▄▄▄██░   ██   ░██████▌▀▀▀▀▀▀▀
                  ▀█▓▀▓█░   ██   ░█░   ███████░   ██   ░██▀▓█▀
                      ██░   ▀▀   ░█░   ███████░   ▀▀   ▄██
                 ▄█▄  ███▄▄▄████████▄▄▄██▀▀▀███▄▄▄███████▀  ▄█▄
                 ▀▓▀   ▀▀▀▀▀▀▀    ▀▀▀▀▀▀▀    ▀▀▀▀▀▀▀        ▀▓▀
                              •                  •
                     █    ▀         nfo by           ▀    █
                                                                               
                            ·∙• h8!`HiGHONASCii •∙· 


                                        _____.
              ._________.____  ___.__  /  __/__  _____._________.
       ._______\\__.    /    \/  /   \/   \    \/    /      .__/_______.
._______\\_.           /         \_      _/)        (              ._//_______.
 \\________.:nYx:.___.(____/\___/.|______|/____/\____).__.:Scripts:.________//
                          nYx GreyLine FTPd Scripts
