
 ▄▀                         ▀▄
▐█   ▄█                 █▄   █▌
 █▓   ▀█▄    ▄█▀▀▄    ▄█▀   ▓█
  ██▄   ▀█▄████▓█▄██▄█▀   ▄██
cxc ▀▓██▄█▓██▀██▓███▓█▄██▓▀              ▄▀        ▀▄
cph ▀██▀▀ ▄ ▀█▄ ▄█▀ ▄ ▀▀██▀▐  ▄▄███▓▄  ▀██▄ ▄███▓▄ ▄█▓▀
▓▄█▄▀▄ ▀▄▄ ▄██▓ ▓██▄ ▄▄▀   ▄█████████▓▄  ███████████▓
 ▄ ██▄▀ ▄███▓▓▀ ▀▓▓███▄  ▄█████████▀██▀▓  █▀▌ █  █▀▓
▀▄ ██▌ ▓▀▀▓█▀ ▄▓▄ ▀█▓▀▀█▐██████▓▀ ▄███▌▐▌  ▐██▀███▌
▄ ▄▐█▀ ▐█▄▄▄▄▀█▀█▀▄▄▄▄▒▌█████▓▀  ▐███▀▄▀    ▀██▀▓▀
▄▀▄▐█▀▄ ▀█████▄█▄████▓▀ ▐████▄     ▀▓▀        ▀▀
 ▄ ▐█▀▄▄▄ ▀████████▓▀▄▄█▄▀▀████▓▄▄▄▄   TEAM SiTiN 2011  ▄ German TV Group
▀▄ ██▀▀▄▄▀▄ ▀██▀█▓▀▄█▄▌▀▄▀▐  ▀▀██████▓▄ ▄▄▓  ▄▄▄██▓▄ ▄███▓ ▄▄▓   ▄▄█▄   █▓▄
 ▄█▀ ▄█▀▄▒▄█▄▄▄▄▄▄█▓▄▀█▄▌▄█▀█▄    ▀████▓▐██▌████▓▀█████▀██▌▐██▌ █████▓▄ ▐██▓▄
█▀ ▄█▀▄▓██▀▄▀▄▄▀█▄▒▒▄██ ▓▀▄███▌  ▄██████▌▄▄▐███▓ ▐████▌ ▄▄▄ ▄▄ ▐████▀██▓▄████▌
▌▄█▀▄█▓█▀▄█▀█▄▀█ ██▄▒▀▌▐▌▐████ ▄███████▓▐██▄▐▓▀ ▌█████▓▐▄ ▌▐██▄▐████▐ ▀██████▓
█▀▄█▓██ ▓▀▄█ ██ █ ██▌▀█ ▓▄███▄████████▓▐███▓▌ ▄█ █████▓ ▌█▐███▓▌████▌█▄ █████▓▌
███▓██ ▓▀▄██▄▀██ ▓▄▀▓▌▀▌▐█▓██████████▓ █████▓▐▐▌▐██████▌▌▌█████▓▐████ ▌▌▐█████▓
██▓▀▄▄▓█▄█▀▄█ █▄▀▄▀█▄▀▄█▄▀█████████▓▀▄▐██████▌█ ████████▐▐██████▌████▌▐ ██████▓
██▀█▓▓▄▄█▀██▄█ ██▄▀▄██▄▀█▀▄▀█████▓▀▄█▀▄▀███▓▀▄██▄▀███▓▀▄█▄▀███▓▀▐███▓ █▀▄▀███▓▀
███▄█▄▀▄▄██▀██▄▀▄██▓▄▀▄█▄█▄▀▄▄▀▀▀▄█▐▄▀▄█▄▀▀▄█▀ █▀█▄▀▀▄█▀▓▒█▄▀▀▄█▌▄▀▀▄▌▀▄▀█▄▀▄▄█
 ▀▀█▄█▀▀▀▀▀▀▀▀▀▀▀▀▀▀▀▀▀▀▀▀▀▀▀▀▀▀▀▀▀▀▀▀▀▀▀▀▀▀▀▀▀▀▀▀▀▀▀▀▀▀▀▀▀▀▀▀▀▀▀▀▀▀▀▀▀▀▀█▄█▀▀
▄█▀                                                                         ▀█▄
██                                                                           ██
██                              S  i  T  i  N                                ██
██                                                                           ██
██                                presents                                   ██
██                                                                           ██
██                                                                           ██
██                                                                           ██
██                  Was.du.nicht.siehst.E12.Katalonien.                      ██
██                                                                           ██
██                                                                           ██
██                                                                           ██
██                                                                           ██
██                                                                           ██
██                                                                           ██
██                                                                           ██
██                                                                           ██
██                                                                           ██
██                                                                           ██
 ▄▄▄▄███▒█      █▒███▄▄▄▄                             ▄▄▄▄███▒█      █▒███▄▄▄▄
 ▀█▓▓▄▄████▄▄▄▄████▄▄▓▓█▀     RELEASE INFORMATION     ▀█▓▓▄▄████▄▄▄▄████▄▄▓▓█▀
  ▀▀▀▀█▓▀▀▀▄███▄▀▀▓█▀▀▀▀                               ▀▀▀▀█▓▀▀▄███▄▀▀▀▓█▀▀▀▀
▄█▀    ▄▀▓█▀  ▀█▓▀▄                                         ▄▀▓█▀  ▀█▓▀▄    ▀█▄
██      ▀▓▀    ▀▓▀                                           ▀▓▀    ▀▓▀      ██
██                                                                           ██
██                                                                           ██
██                                                                           ██
██                                                                           ██
██                                                                           ██
██                                                                           ██
██                  RELEASE DATE....: 2012-03-23                             ██
██                  SOURCE..........: .720P                                  ██
██                  RUNTIME.........: 26 Min                                 ██
██                  SiZE............: 233 MB                                 ██
██                                                                           ██
██                  ViDEO...........: XViD                                   ██
██                  AUDiO...........: MP3 157 kbit 2.0                       ██
██                  RESOLUTiON......: 640 x 352                              ██
██                  AR..............: 16:9                                   ██
██                                                                           ██
██                                                                           ██
██                                                                           ██
██                                                                           ██
██                                                                           ██
██                                                                           ██
██                                                                           ██
 ▄▄▄▄███▒█      █▒███▄▄▄▄                             ▄▄▄▄███▒█      █▒███▄▄▄▄
 ▀█▓▓▄▄████▄▄▄▄████▄▄▓▓█▀            PLOT             ▀█▓▓▄▄████▄▄▄▄████▄▄▓▓█▀
    ▀▀█▓ ▀▀▄███▄▀ ▓█▀▀                                   ▀▀█▓ ▀▄███▄▀▀ ▓█▀▀
▄█▀    ▄▀▓█▀  ▀█▓▀▄                                         ▄▀▓█▀  ▀█▓▀▄    ▀█▄
██      ▀▓▀    ▀▓▀                                           ▀▓▀    ▀▓▀      ██
██                                                                           ██
██                                                                           ██
██                                                                           ██
██                                                                           ██
██                    Die zwA¶lfte Folge fA╝hrt die junge                    ██
██                 franzA¶sische Journalistin Sophie Massieu                 ██
██                nach Katalonien, dessen Bewohner stolz auf                 ██
██                den politisch autonomen Status ihrer Region                ██
██                im Nordosten Spaniens sind. Katalonien ist                 ██
██                 eine "Autonome Gemeinschaft" im Nordosten                 ██
██                Spaniens. Die Katalanen sind sehr stolz auf                ██
██                 ihre Geschichte und auf ihren besonderen                  ██
██                politischen Status. Zusammen mit ihrem Hund                ██
██                 Pongo erforscht die blinde franzA¶sische                  ██
██                Journalistin Sophie Massieu die schA¶nsten                 ██
██                             Orte der Region.                              ██
██                                                                           ██
██                                                                           ██
██                                                                           ██
██                                                                           ██
██                                                                           ██
██                                                                           ██
██                                                                           ██
██                                                                           ██
██                                                                           ██
██                                                                           ██
██                                                                           ██
██                                                                           ██
██                                                                           ██
██                                                                           ██
██                                                                           ██
██                                                                           ██
██                                                                           ██
██                                                                           ██
██                                                                           ██
██                                                                           ██
██                                                                           ██
██                                                                           ██
██                                                                           ██
██                                                                           ██
██                                                                           ██
██                                                                           ██
 ▄▄▄▄███▒█      █▒███▄▄▄▄                             ▄▄▄▄███▒█      █▒███▄▄▄▄
 ▀█▓▓▄▄████▄▄▄▄████▄▄▓▓█▀            NOTES            ▀█▓▓▄▄████▄▄▄▄████▄▄▓▓█▀
  ▀▀▀▀█▓▀▀▀▄███▄▀▀▓█▀▀▀▀                               ▀▀▀▀█▓▀▀▄███▄▀▀▀▓█▀▀▀▀
▄█▀    ▄▀▓█▀  ▀█▓▀▄                                         ▄▀▓█▀  ▀█▓▀▄    ▀█▄
██      ▀▓▀    ▀▓▀                                           ▀▓▀    ▀▓▀      ██
██                                                                           ██
██                                                                           ██
██                                                                           ██
██                                                                           ██
██                                                                           ██
██                                                                           ██
██                                                                           ██
██                                                                           ██
██                                                                           ██
██                                                                           ██
██                                                                           ██
██                                                                           ██
██                                                                           ██
██                                                                           ██
██                                                                           ██
██                                                                           ██
██                                                                           ██
██                                                                           ██
██                                                                           ██
██                                                                           ██
██                                  Greetings:                               ██
██                                                                           ██
██      ▄▓▄    ▄▓▄              TVP    MiSFiTS ZoXXX         ▄▓▄    ▄▓▄      ██
██▄    ▀▄▓█▄  ▄█▓▄▀                                         ▀▄▓█▄  ▄█▓▄▀    ▄██
█ ▀▀▀▀█▓▀▀▀▄███▄▀▀▓█▀▀▀▀█             ▄▄▄▄▄▒          █▀▀▀▀█▓▀▀▄███▄▀▀▀▓█▀▀▀▀ █
█▄█▓▓▀▀████▀▀▀▀████▀▀▓▓█▄█▄▄▄▄▄▄  ▄▄█████████▄▄  ▄▄▄▄█▄█▓▓▀▀████▀▀▀▀████▀▀▓▓█▄█
███▀▀███▒█      █▒███▀▀▀▀ ▄█▓▀  ▄█▀█████▓▓█▀█▓▀▓▄  ▀█▓▄  ▀███▒█      █▒███▀▀███
██▄                     ▄██▓  ▄█▀   ▀███▄██▓▀   ▀▓▄  ██▓▄                    ▄█
▀████▄▄▄                ▐██▌  █    ▄  ▀▀▓█▀  ▄    ▓  ▐█▓▌                ▄▄▄███
  ▀▀▀██████▄▄▄           ▀██▀▄ ▀▄▄      ▄      ▄▄▀ ▄▀█▓▀           ▄▄▄██████▀▀
        ▀▀▀████▄           ▀▀█   ▄▐▀▀▀▄▀▀▀▄▀▀▀▐▄  ▀▓▀▀           ▄████▀▀▀
            ▀████  █▓▄▄▄▀███▀▄▄▓█▄▀▄▄█     █▄▄▀▄█▓▄▄▀███▀▄▄▄▓█  ████▀
              ▓██▌  ▀▄▓█▄  ▄█▓▄▀ ▐█▀▄▄▀▄ ▄▀▄▄▀█  ▀▄▓█▄  ▄█▓▄▀  ▐██▓
              ▐███   ▀▓▀ ▐▄ ▀▓▀▐ █▌█ █▀█▀█▀█▐▌▄▌▐ ▀▓▀ ▄▌ ▀▓▀   ███▌
               █████▄▄▄▄████▄▄▄█▄ ▀▐▀▀ ▀▐ ▀▐ ▀ ▄██▄▄▄████▄▄▄▄▄████
                ▀███████YAscii art By CoaXCable/CoolPHat_███▓███▀
                  ▀▀▀█████████▄▄▄▄▀▀▀██████▓▀▀▀▄▄▄▄█████████▀▀▀
                          ▀▀▀████████▄ ▀█▀ ▄████████▀▀▀
                                  ▀▀█▓█▄ ▄█▓█▀▀
                                      ▀█▌█▀
                                        ▀
