ÔĽŅ                                                                                
                              ‚ĖĄ‚ĖĄ‚ĖĄ‚ĖĄ‚ĖĄ‚ĖĄ‚ĖĄ‚ĖĄ‚ĖĄ‚ĖĄ‚ĖĄ‚ĖĄ‚ĖĄ‚ĖĄ‚ĖĄ‚ĖĄ‚ĖĄ‚ĖĄ                                
                         ‚ĖĄ‚ĖĄ‚ĖĄ‚Ėą‚Ėą‚Ėą‚Ėą‚Ėą‚Ėą‚Ėą‚Ėą‚Ėą‚Ėą‚Ėą‚Ėą‚Ėą‚Ėą‚Ėą‚Ėą‚Ėą‚Ėą‚Ėą‚Ėą‚Ėą‚ĖĄ‚ĖĄ‚ĖĄ‚ĖĄ                           
                      ‚ĖĄ‚ĖĄ‚Ėą‚Ėą‚Ėą‚Ėą‚Ėą‚Ėą‚Ėą‚Ėą‚Ėą‚ĖÄ‚ĖÄ          ‚ĖÄ‚ĖÄ‚ĖÄ‚Ėą‚Ėą‚Ėą‚Ėą‚Ėą‚Ėą‚ĖĄ‚ĖĄ                        
                   ‚ĖĄ‚ĖĄ‚Ėą‚Ėą‚Ėą‚Ėą‚Ėą‚Ėą‚ĖÄ‚ĖÄ‚ĖÄ                   ‚ĖÄ‚ĖÄ‚Ėą‚Ėą‚Ėą‚Ėą‚Ėą‚Ėą‚ĖĄ‚ĖĄ                     
                 ‚ĖĄ‚Ėą‚Ėą‚Ėą‚Ėą‚Ėą‚Ėą‚ĖÄ‚ĖÄ           ‚ĖĄ‚ĖÄ‚ĖÄ‚ĖÄ‚ĖÄ‚ĖĄ       ‚ĖÄ‚Ėą   ‚ĖÄ‚Ėą‚Ėą‚Ėą‚Ėą‚ĖĄ                   
               ‚ĖĄ‚Ėą‚Ėą‚Ėą‚Ėą‚ĖÄ‚ĖÄ           ‚Ė†‚Ėą‚Ėą‚Ėą‚Ėą‚ĖÄ ‚ĖÄ‚ĖÄ‚ĖÄ‚ĖÄ‚ĖĄ‚ĖĄ   ‚ĖĄ‚Ėą      ‚ĖÄ‚Ėą‚Ėą‚Ėą‚Ėą‚ĖĄ                 
              ‚Ėą‚Ėą‚Ėą‚ĖÄ‚ĖÄ        ‚Ė†     ‚ĖÄ‚Ėą‚Ėą            ‚ĖÄ          ‚ĖÄ‚Ėą‚Ėą‚Ėą‚ĖĄ                
             ‚Ėą‚Ėą‚Ėą‚ĖÄ        ‚ĖĄ‚Ėą        ‚Ėą                         ‚Ėą‚Ėą‚Ėą‚Ėą‚ĖĄ              
            ‚Ėą‚Ėą‚Ėą‚ĖÄ        ‚ĖÄ           ‚Ėą                        ‚ĖÄ‚Ėą‚Ėą‚Ėą‚Ėą‚ĖĄ             
           ‚Ėą‚Ėą‚Ėą‚Ėą                     ‚Ėą‚Ė†                        ‚ĖÄ‚Ėą‚Ėą‚Ėą‚Ėą             
           ‚Ėą‚Ėą‚Ėą‚Ėą‚ĖĄ‚ĖĄ                  ‚ĖÄ                           ‚Ėą‚Ėą‚Ėą‚Ėą             
           ‚Ėą‚Ėą‚Ėą‚Ėą‚Ėą‚Ėą‚ĖĄ                                           ‚ĖĄ‚Ėą‚Ėą‚Ėą‚Ėą‚Ėą             
           ‚Ėą‚Ėą‚Ėą‚Ėą‚Ėą‚Ėą‚Ėą                                         ‚ĖĄ‚ĖĄ‚ĖĄ‚Ėą‚Ėą‚Ėą‚Ėą‚Ėą             
           ‚Ėą‚Ėą‚Ėą‚Ėą‚Ėą‚ĖĎ‚Ėą   ‚ĖĄ‚ĖĄ‚ĖĄ                            ‚ĖĄ‚ĖĄ‚ĖĄ     ‚Ėą‚Ėą‚Ėą‚Ėą‚Ėą‚Ėą‚Ėą             
           ‚Ėą‚Ėą‚Ėą‚Ėą‚Ėą‚Ėą‚Ėą ‚ĖĄ‚ĖÄ‚ĖÄ‚ĖÄ                              ‚ĖÄ‚ĖÄ‚ĖÄ‚ĖĄ   ‚Ėą‚Ėą‚Ėą‚Ėą‚Ėą‚Ėą‚ĖĎ             
           ‚Ėą‚Ėą‚Ėą‚Ėą‚Ėą‚Ėą‚Ėą ‚ĖĄ‚ĖĄ‚ĖĄ‚Ėą‚Ėą‚Ėą‚ĖĄ‚ĖĄ‚ĖĄ‚ĖĄ‚Ėą‚Ėą‚Ėą‚Ėą‚Ėą‚ĖĄ           ‚ĖĄ‚ĖĄ‚ĖĄ‚ĖĄ‚Ėą‚Ėą‚Ėą‚Ėą‚ĖĄ‚ĖĄ‚ĖĄ   ‚Ėą‚ĖĎ‚Ėą‚Ėą‚Ėą‚Ėą‚Ėą             
           ‚ĖÄ‚Ėą‚ĖĎ‚Ėą‚Ėą‚Ėą ‚Ėą‚Ėą‚Ėą‚Ėą‚Ėą‚Ėą‚Ėą‚Ėą‚Ėą‚Ėą‚Ėą‚Ėą‚Ėą‚Ėą‚Ėą‚Ėą‚Ėą‚Ėą       ‚ĖĄ‚Ėą‚Ėą‚Ėą‚Ėą‚Ėą‚Ėą‚Ėą‚Ėą‚Ėą‚Ėą‚Ėą‚Ėą‚Ėą‚Ėą‚ĖĄ ‚ĖÄ‚Ėą‚Ėą‚Ėą‚Ėą‚Ėą‚Ėą             
            ‚Ėą‚Ėą‚Ėą‚Ėą ‚Ėą‚Ėą‚Ėą‚Ėą‚Ėą‚Ėą‚Ėą‚Ėą‚Ėą‚Ėą‚Ėą‚Ėą‚Ėą‚Ėą‚Ėą‚Ėą‚Ėą‚Ėą‚Ėą     ‚Ėą‚Ėą‚Ėą‚Ėą‚Ėą‚Ėą‚Ėą‚Ėą‚Ėą‚Ėą‚Ėą‚Ėą‚Ėą‚Ėą‚Ėą‚Ėą‚Ėą‚Ėą‚ĖĄ ‚Ėą‚Ėą‚Ėą‚Ėą‚Ėą‚Ėą             
            ‚Ėą‚Ėą‚Ėą  ‚Ėą‚Ėą‚Ėą‚Ėą‚Ėą‚Ėą‚Ėą‚Ėą‚Ėą‚Ėą‚Ėą‚Ėą‚Ėą‚Ėą‚Ėą‚Ėą‚Ėą‚Ėą‚ĖÄ     ‚ĖÄ‚Ėą‚Ėą‚Ėą‚Ėą‚Ėą‚Ėą‚Ėą‚Ėą‚Ėą‚Ėą‚Ėą‚Ėą‚Ėą‚Ėą‚Ėą‚Ėą‚Ėą‚Ėą ‚Ėą‚Ėą‚Ėą‚Ėą‚Ėą              
            ‚Ėą‚Ėą‚Ėą‚ĖĄ ‚Ėą‚Ėą‚Ėą‚Ėą‚Ėą‚Ėą‚Ėą‚Ėą‚Ėą‚Ėą‚Ėą‚Ėą‚Ėą‚Ėą‚Ėą‚Ėą‚Ėą‚ĖÄ       ‚Ėą‚Ėą‚Ėą‚Ėą‚Ėą‚Ėą‚Ėą‚Ėą‚Ėą‚Ėą‚Ėą‚Ėą‚Ėą‚Ėą‚Ėą‚Ėą‚Ėą‚Ėą ‚ĖÄ‚Ėą‚Ėą‚Ėą‚Ėą              
            ‚ĖĎ‚Ėą‚Ėą  ‚Ėą‚Ėą‚Ėą‚Ėą‚Ėą‚Ėą‚Ėą‚Ėą‚Ėą‚Ėą‚Ėą‚Ėą‚Ėą‚Ėą‚Ėą‚ĖÄ    ‚ĖĄ‚Ėą‚Ėą‚ĖĄ  ‚ĖÄ‚Ėą‚Ėą‚Ėą‚Ėą‚Ėą‚Ėą‚Ėą‚Ėą‚Ėą‚Ėą‚Ėą‚Ėą‚Ėą‚Ėą‚Ėą‚Ėą  ‚Ėą‚Ėą‚Ėą‚Ėą              
            ‚Ėą‚Ėą‚Ėą‚ĖĄ   ‚Ėą‚Ėą‚Ėą‚Ėą‚Ėą‚Ėą‚Ėą‚Ėą‚Ėą‚Ėą‚Ėą‚ĖÄ‚ĖÄ   ‚ĖĄ‚Ėą‚Ėą‚Ėą‚Ėą‚Ėą‚Ėą‚ĖĄ  ‚ĖÄ‚Ėą‚Ėą‚Ėą‚Ėą‚Ėą‚Ėą‚Ėą‚Ėą‚Ėą‚Ėą‚Ėą‚Ėą‚Ėą‚ĖÄ ‚ĖĄ‚Ėą‚Ėą‚ĖĎ‚Ėą‚ĖĄ             
           ‚ĖĄ‚Ėą‚Ėą‚Ėą‚Ėą‚ĖĄ‚ĖĄ  ‚ĖÄ‚ĖÄ‚ĖÄ  ‚ĖÄ‚ĖÄ‚ĖÄ      ‚ĖĄ‚Ėą‚Ėą‚Ėą‚Ėą‚Ėą‚Ėą‚Ėą‚Ėą‚ĖĄ    ‚ĖÄ‚Ėą‚Ėą‚Ėą‚Ėą‚Ėą‚Ėą‚Ėą‚ĖÄ‚ĖÄ‚ĖÄ ‚ĖĄ‚Ėą‚ĖĎ‚Ėą‚ĖĎ‚Ėą‚Ėą             
           ‚Ėą‚Ėą‚Ėą‚Ėą‚Ėą‚Ėą‚Ėą‚Ėą‚Ėą‚Ėą‚Ėą ‚ĖĄ         ‚ĖĄ‚Ėą‚Ėą‚Ėą‚Ėą‚Ėą‚Ėą‚Ėą‚Ėą‚Ėą‚Ėą        ‚ĖÄ‚Ėą‚Ėą     ‚Ėą‚Ėą‚Ėą‚Ėą‚Ėą‚Ėą‚Ėą             
           ‚ĖÄ‚Ėą‚Ėą‚Ėą‚Ėą‚ĖÄ ‚ĖÄ     ‚ĖĄ ‚ĖĄ ‚ĖĄ    ‚Ėą‚Ėą‚Ėą‚Ėą‚Ėą‚Ėą‚Ėą‚Ėą‚Ėą‚Ėą‚Ėą           ‚ĖÄ‚ĖĄ  ‚ĖĄ‚Ėą‚Ėą‚Ėą‚Ėą‚Ėą‚Ėą‚ĖÄ             
             ‚ĖÄ‚Ėą‚ĖĎ‚Ėą‚Ėą‚ĖĄ‚ĖĄ‚ĖĄ‚ĖĄ‚Ėą‚Ėą‚Ėą‚ĖĄ‚ĖÄ‚Ėą‚Ėą‚ĖĄ   ‚Ėą‚Ėą‚Ėą‚Ėą‚Ėą‚Ėą‚Ėą‚Ėą‚Ėą‚Ėą        ‚ĖĄ‚ĖĄ     ‚Ėą‚Ėą‚Ėą‚Ėą‚Ėą‚Ėą‚Ėą‚ĖÄ      ‚ĖĄ‚ĖĄ‚ĖĄ‚ĖĄ    
  ‚ĖĄ‚ĖĄ‚ĖĄ          ‚ĖÄ‚Ėą‚Ėą‚Ėą‚Ėą‚Ėą‚Ėą‚Ėą‚Ėą‚Ėą‚Ėą‚ĖĄ‚ĖĄ‚Ėą‚ĖĄ    ‚Ėą‚Ėą‚Ėą‚Ėą‚ĖÄ‚Ėą‚Ėą‚Ėą‚ĖÄ     ‚ĖĄ ‚Ėą‚Ėą‚Ėą‚Ėą‚Ėą‚ĖĄ‚ĖĄ‚Ėą‚Ėą‚ĖĎ‚Ėą‚Ėą‚ĖÄ       ‚ĖĄ‚Ėą‚Ėą‚Ėą‚Ėą‚Ėą‚ĖĄ   
‚ĖĄ‚Ėą‚Ėą‚Ėą‚Ėą‚Ėą‚ĖĄ‚ĖĄ                ‚ĖÄ‚Ėą‚Ėą‚Ėą‚Ėą‚Ėą‚ĖĄ         ‚ĖĄ       ‚ĖĄ‚Ėą‚Ėą‚ĖĄ‚ĖĎ‚Ėą‚Ėą‚Ėą‚Ėą‚ĖÄ‚ĖÄ         ‚ĖĄ‚Ėą‚Ėą‚Ėą‚Ėą‚ĖÄ‚Ėď‚Ėď‚Ėą‚ĖĄ  
‚Ėą‚Ėą‚Ėą‚Ėą‚ĖÄ‚Ėą‚Ėą‚Ėą‚ĖĄ‚ĖĄ               ‚Ėą‚Ėą‚Ėą‚Ėą‚Ėą‚Ėą‚ĖĄ   ‚ĖĄ‚ĖĄ   ‚Ėą‚ĖĄ   ‚ĖĄ   ‚Ėą‚Ėą‚ĖĎ‚Ėą‚ĖÄ            ‚ĖĄ‚Ėą‚Ėą‚Ėą‚Ėą‚Ėą  ‚Ėď‚Ėď‚Ėą‚Ėą‚Ėď‚ĖĄ
‚Ėą‚Ėą‚Ėą    ‚Ėą‚Ėą‚Ėą‚ĖĄ‚ĖĄ             ‚Ėą‚Ėą‚Ėą‚Ėą‚Ėą‚Ėą‚Ėą‚ĖĄ‚ĖÄ‚ĖĄ‚Ėą‚ĖÄ‚Ėą‚ĖĄ‚ĖÄ‚Ėą‚ĖĄ‚ĖĄ‚ĖÄ‚ĖĄ‚ĖĄ‚ĖÄ‚Ėą‚ĖĄ‚Ėą‚Ėą‚Ėą‚Ėą           ‚ĖĄ‚Ėą‚Ėą‚Ėą‚Ėą‚Ėą  ‚Ėď‚Ėď‚Ėą‚Ėą‚Ėą‚Ėą‚Ėą‚Ėą
‚Ėą‚Ėą‚Ėą‚ĖĄ‚ĖĄ   ‚ĖÄ‚Ėą‚Ėą‚Ėą‚Ėą‚ĖĄ‚ĖĄ           ‚Ėą‚Ėą‚Ėą‚Ėą‚Ėą‚Ėą‚Ėą‚Ėą‚Ėą‚Ėą‚Ėą‚Ėą‚Ėą‚Ėą‚Ėą‚Ėą‚Ėą‚Ėą‚Ėą‚Ėą‚Ėą‚Ėą‚Ėą‚Ėą‚Ėą‚Ėą‚Ėą        ‚ĖĄ‚ĖĄ‚Ėą‚Ėą‚Ėą‚Ėą ‚ĖÄ ‚ĖĄ‚Ėą‚Ėą‚Ėą‚Ėą‚Ėď ‚ĖÄ‚Ėą‚Ėą
‚Ėą‚Ėą‚Ėą‚Ėą‚Ėą‚ĖĄ‚ĖĄ ‚Ėą‚ĖÄ‚Ėą‚Ėą‚Ėą‚Ėą‚Ėą‚ĖĄ‚ĖĄ         ‚ĖÄ‚Ėą‚Ėą‚Ėą‚Ėą‚Ėą‚Ėą‚Ėą‚Ėą‚Ėą‚Ėą‚Ėą‚Ėą‚Ėą‚Ėą‚Ėą‚Ėą‚Ėą‚Ėą‚Ėą‚Ėą‚Ėą‚Ėą‚Ėą‚Ėą‚Ėą‚ĖÄ     ‚ĖĄ‚ĖĄ‚Ėą‚Ėą‚Ėą‚Ėą‚ĖÄ‚ĖÄ     ‚Ėą‚Ėą‚Ėą‚Ėą‚Ėą‚Ėď‚ĖĄ‚Ėą‚Ėą
‚Ėą‚Ėą‚Ėą‚Ėą‚Ėą‚Ėą‚Ėą‚ĖĄ‚ĖĄ   ‚ĖÄ‚ĖÄ‚Ėą‚Ėą‚Ėą‚Ėą‚ĖĄ‚ĖĄ‚ĖĄ       ‚ĖÄ‚ĖÄ‚Ėą‚Ėą‚Ėą‚Ėą‚Ėą‚Ėą‚Ėą‚Ėą‚Ėą‚Ėą‚Ėą‚Ėą‚Ėą‚Ėą‚Ėą‚Ėą‚Ėą‚Ėą‚ĖÄ‚ĖÄ     ‚ĖĄ‚ĖĄ‚Ėą‚Ėą‚Ėą‚Ėą‚Ėą‚ĖÄ‚ĖĄ‚ĖĄ    ‚ĖĄ‚Ėď‚Ėą‚Ėą‚Ėą‚Ėą‚Ėą‚Ėą‚Ėą‚Ėą‚Ėą
‚ĖÄ‚Ėą‚Ėą‚Ėą‚Ėą‚Ėą‚Ėą‚Ėą‚Ėą‚Ėď‚ĖĄ‚ĖĄ‚ĖĄ ‚ĖĄ ‚ĖÄ‚ĖÄ‚Ėą‚Ėą‚Ėą‚Ėą‚ĖĄ‚ĖĄ                           ‚ĖĄ‚ĖĄ‚Ėą‚Ėą‚Ėą‚Ėą‚ĖÄ‚ĖÄ ‚ĖĄ‚Ėď‚ĖÄ‚ĖÄ ‚ĖĄ‚Ėď‚Ėą‚Ėą‚Ėą‚Ėą‚Ėą‚Ėą‚Ėą‚Ėą‚Ėą‚ĖÄ‚ĖÄ‚ĖÄ 
      ‚ĖÄ‚ĖÄ‚Ėą‚Ėą‚Ėą‚Ėą‚Ėą‚Ėą‚Ėą‚Ėą‚Ėą‚Ėď‚ĖĄ  ‚ĖÄ‚Ėą‚Ėą‚Ėą‚ĖĄ‚ĖĄ‚ĖĄ‚ĖĄ                  ‚ĖĄ‚ĖĄ‚Ėą‚Ėą‚Ėą‚ĖÄ‚Ėą‚Ėą‚ĖÄ‚ĖÄ‚Ėď‚Ėď‚Ėą‚Ėą‚Ėą‚Ėą‚Ėą‚Ėą‚Ėą‚Ėą‚ĖÄ‚ĖÄ           
           ‚ĖÄ‚Ėą‚Ėą‚Ėą‚Ėą‚Ėą‚Ėą‚Ėą‚Ėą‚Ėą‚Ėď‚ĖĄ ‚ĖÄ‚ĖÄ‚ĖÄ‚ĖÄ‚Ėą‚Ėą‚Ėą‚Ėą‚ĖĄ‚ĖĄ         ‚ĖĄ‚Ėą‚Ėą‚Ėą‚ĖÄ‚ĖÄ‚ĖÄ  ‚Ėą‚Ėą‚Ėď‚Ėą‚Ėą‚Ėą‚Ėą‚Ėą‚Ėą‚Ėą‚Ėą‚ĖÄ‚ĖÄ               
               ‚ĖÄ‚ĖÄ‚Ėą‚Ėą‚Ėą‚Ėą‚Ėą‚Ėą‚Ėą‚Ėď‚ĖĄ    ‚Ėą‚Ėą‚Ėą‚Ėą‚Ėą‚ĖĄ‚ĖĄ‚ĖĄ‚ĖĄ‚ĖĄ‚ĖĄ‚Ėą‚Ėą‚Ėą‚ĖÄ‚ĖÄ   ‚Ėď‚Ėď‚Ėą‚Ėą‚Ėą‚Ėą‚Ėą‚Ėą‚ĖÄ‚ĖÄ‚ĖÄ                    
                    ‚ĖÄ‚Ėą‚Ėą‚Ėą‚Ėą‚Ėą‚Ėą‚Ėď‚ĖĄ    ‚ĖÄ‚Ėą‚Ėą‚Ėą‚Ėą‚Ėą‚Ėą‚Ėą‚Ėą‚ĖÄ   ‚ĖĄ‚Ėď‚Ėą‚Ėą‚Ėą‚Ėą‚Ėą‚Ėą‚Ėą‚ĖÄ                        
                        `‚ĖÄ‚Ėą‚Ėą‚Ėą‚Ėą‚Ėď‚ĖĄ    ‚ĖÄ‚ĖÄ‚Ėą‚Ėą‚Ėą‚Ėą‚ĖĄ‚ĖĄ‚ĖĄ‚Ėą‚Ėą‚Ėą‚Ėą‚Ėą‚ĖÄ‚ĖÄ                            
                           ‚ĖĄ‚Ėą‚Ėą‚Ėą‚Ėą‚Ėą‚Ėą‚Ėď‚ĖĄ    ‚ĖÄ‚Ėą‚Ėą‚Ėą‚Ėą‚Ėą‚Ėą                                 
                     ‚ĖĄ‚ĖĄ‚ĖĄ‚Ėą‚Ėą‚Ėą‚Ėą‚Ėą‚Ėą‚Ėą‚Ėą‚Ėą‚Ėą‚Ėą‚Ėą‚Ėą‚Ėą‚Ėą‚Ėď‚Ėď‚ĖĄ  ‚ĖÄ‚Ėą‚Ėą‚Ėą‚Ėą‚ĖĄ‚ĖĄ‚ĖĄ                            
                  ‚ĖĄ‚ĖĄ‚Ėą‚Ėą‚Ėą‚Ėą‚Ėą‚Ėą‚Ėą‚Ėą‚Ėą‚Ėą‚Ėą‚Ėą‚Ėą‚Ėą‚ĖÄ‚ĖÄ‚Ėą‚Ėą‚Ėą‚Ėą‚Ėą‚Ėą‚Ėą‚Ėď‚ĖĄ   ‚ĖÄ‚Ėą‚Ėą‚Ėą‚Ėą‚ĖĄ‚ĖĄ‚ĖĄ                        
       ‚ĖĄ‚ĖĄ‚ĖĄ‚ĖĄ‚ĖĄ‚ĖĄ‚ĖĄ‚ĖĄ‚ĖĄ‚Ėą‚Ėą‚ĖÄ‚Ėą‚Ėą‚Ėą‚Ėą‚Ėą‚Ėą‚Ėą‚Ėí‚Ėí‚Ėí‚Ėą‚Ėą‚ĖÄ‚ĖĄ‚ĖĄ     ‚ĖÄ‚Ėą‚Ėą‚Ėą‚Ėą‚Ėą‚Ėą‚Ėą‚Ėą‚Ėď‚ĖĄ‚Ėą‚Ėą‚Ėą‚Ėą‚Ėą‚Ėą‚Ėą‚ĖĄ‚ĖĄ                     
    ‚ĖĄ‚Ėą‚Ėą‚Ėą‚Ėą‚Ėą‚Ėą‚Ėą‚Ėą‚Ėą‚Ėą‚Ėď‚ĖÄ ‚ĖĄ‚Ėą‚Ėą‚Ėą‚Ėą‚Ėď‚Ėą‚Ėí‚Ėí‚ĖÄ  ‚Ėą‚Ėą‚ĖÄ          ‚ĖÄ‚Ėą‚Ėą‚Ėą‚Ėą‚Ėą‚Ėą‚Ėą‚Ėą‚Ėą‚Ėą‚Ėą‚Ėą‚Ėą‚Ėą‚Ėą‚Ėą‚Ėą‚Ėą‚Ėą‚ĖĄ‚ĖĄ‚ĖĄ‚ĖĄ‚ĖĄ            
    ‚Ėą‚Ėą‚Ėą‚Ėą‚Ėą‚Ėą‚Ėą‚ĖÄ‚ĖĄ‚ĖĄ‚ĖĄ‚ĖĄ‚Ėď‚Ėą‚Ėą‚Ėą‚Ėą‚Ėą‚Ėď‚Ėď‚Ėí‚Ėí‚Ėí‚Ėą                   ‚Ėą‚Ėą‚Ėą‚Ėą‚Ėą‚Ėą‚Ėą‚Ėą‚Ėą‚ĖĄ ‚ĖÄ‚Ėą‚Ėą‚Ėą‚Ėď‚Ėą‚Ėą‚Ėą‚Ėą‚Ėą‚Ėą‚ĖĄ          
    ‚Ėą‚Ėą‚Ėą‚Ėą‚Ėą‚Ėą‚Ėą‚Ėą‚Ėą‚Ėą‚Ėą‚Ėą‚Ėą‚Ėą‚Ėą‚Ėą‚ĖÄ‚ĖÄ‚Ėď‚Ėď‚Ėď ‚ĖÄ‚Ėí‚Ėí                   ‚Ėą‚Ėď‚Ėď‚Ėą‚Ėą‚Ėą‚Ėą‚Ėą‚Ėą‚ĖĄ  ‚Ėą‚Ėą‚Ėą‚Ėą‚Ėą ‚Ėď‚Ėą‚Ėą‚Ėą‚ĖĄ         
    ‚ĖÄ‚Ėą‚Ėą‚Ėą‚Ėą‚Ėą‚Ėą‚Ėą‚Ėą‚Ėą‚Ėą‚Ėą‚Ėą‚Ėą‚Ėą   ‚Ėď‚Ėď‚Ėď ‚ĖĄ‚Ėą‚Ėí                  ‚ĖĄ‚Ėą‚Ėą‚Ėď‚Ėď‚Ėď‚ĖĄ‚ĖÄ‚Ėą‚Ėą‚Ėą‚Ėą‚Ėď‚Ėą‚Ėą‚Ėą‚Ėą‚Ėą‚ĖĄ‚Ėď‚Ėą‚Ėą‚Ėą‚Ėą         
      ‚Ėą‚Ėą‚Ėą‚Ėą‚Ėą‚Ėą‚Ėą‚Ėą‚Ėą‚Ėď‚ĖÄ‚Ėą    ‚Ėď‚Ėď‚Ėď ‚Ėí‚Ėí‚Ėą                ‚ĖĄ‚Ėď‚Ėą‚Ėą‚ĖÄ‚Ėď‚Ėď‚Ėď ‚ĖÄ‚Ėą‚Ėď‚ĖÄ‚Ėą‚Ėą‚Ėą‚Ėą‚Ėą‚Ėą‚Ėą‚Ėą‚Ėą‚Ėą‚Ėą‚Ėą          
     ‚Ėą‚Ėą‚Ėą‚Ėą‚Ėą‚Ėą‚Ėą‚Ėď‚Ėď‚Ėď‚Ėď‚Ėď‚Ėą    ‚Ėď‚Ėď‚Ėď ‚Ėą                  ‚ĖÄ‚Ėą‚ĖÄ ‚ĖĄ‚Ėď‚Ėď‚Ėď    ‚Ėą‚Ėď‚Ėą‚Ėą‚Ėą‚Ėą‚Ėą‚Ėą‚Ėą‚Ėą‚Ėą‚ĖÄ           
     ‚Ėą‚Ėą‚Ėą‚Ėą‚Ėď ‚ĖÄ‚Ėą‚Ėď‚Ėą‚Ėą‚Ėą     ‚ĖÄ‚Ėď‚Ėď‚Ėą                      ‚ĖĄ‚Ėď‚Ėď‚Ėď     ‚ĖĄ‚Ėą‚Ėď‚Ėď‚Ėą‚Ėą‚Ėą‚Ėą‚Ėą‚Ėą‚Ėą‚Ėą‚ĖĄ          
     ‚Ėą‚Ėą‚Ėą‚Ėą‚Ėď‚Ėď‚Ėď‚Ėą‚Ėą‚Ėą‚Ėą       ‚Ėď‚Ėď‚ĖĄ‚ĖĄ‚ĖĄ‚ĖĄ‚ĖĄ‚Ėą‚Ėą‚ĖĄ‚ĖĄ‚ĖĄ             ‚Ėď‚Ėď‚Ėď      ‚Ėą‚Ėą‚Ėą‚Ėą‚Ėą‚Ėą‚Ėą‚Ėą‚Ėď‚Ėą‚Ėą‚Ėą‚Ėą‚ĖĄ         
     ‚ĖÄ‚Ėą‚Ėą‚Ėą‚Ėą‚Ėą‚Ėą‚Ėą‚Ėą‚Ėą         ‚Ėď‚Ėď‚ĖÄ‚ĖÄ‚Ėą‚Ėą‚Ėą‚Ėą‚Ėą‚Ėą‚Ėą‚Ėą‚ĖĄ          ‚Ėď‚Ėď‚Ėď‚ĖÄ      ‚Ėą‚Ėą‚Ėą‚Ėą‚Ėą‚Ėą‚Ėą‚Ėď ‚Ėď‚Ėą‚Ėą‚Ėą‚Ėą‚Ėą        
       ‚Ėą‚Ėą‚Ėą‚Ėą‚Ėą‚ĖÄ           ‚Ėď ‚Ėď‚Ėď‚Ėą‚Ėą‚Ėą    ‚ĖÄ‚Ėą‚ĖĄ        ‚Ėď‚Ėď‚Ėď‚ĖÄ       ‚Ėą‚Ėą‚Ėą‚Ėą‚Ėą‚Ėą‚Ėą ‚Ėď‚Ėą‚Ėą‚Ėą‚Ėą‚Ėą‚Ėą        
       ‚ĖÄ‚Ėą‚ĖÄ               ‚Ėď‚Ėď‚Ėď‚Ėą‚Ėą‚Ėą     ‚ĖÄ‚Ėą‚ĖĆ ‚Ėą   ‚ĖĄ‚Ėď‚Ėď‚Ėď‚ĖÄ         ‚Ėą‚Ėą‚Ėą‚Ėą‚Ėą‚Ėą‚Ėą‚Ėą‚Ėą‚Ėą‚Ėą‚Ėą‚ĖÄ         
                         ‚Ėď‚Ėď‚Ėď‚Ėą‚Ėą‚Ėą      ‚Ėą‚Ėą‚ĖĆ‚Ėą‚ĖĄ‚ĖĄ‚ĖĄ‚ĖĄ‚ĖĄ‚ĖĄ‚ĖĄ            ‚ĖÄ‚Ėą‚Ėą‚Ėą‚Ėą‚Ėą‚ĖÄ‚ĖÄ‚ĖÄ           
                          ‚Ėď‚Ėď‚Ėď‚Ėą‚Ėą      ‚Ėą‚Ėą‚ĖĆ‚Ėą‚Ėą‚ĖÄ‚ĖÄ‚ĖÄ‚ĖÄ‚ĖÄ‚Ėą‚Ėą                               
                           ‚Ėď‚Ėď‚Ėď‚Ėą      ‚Ėź‚Ėą‚ĖĆ‚Ėą‚Ėď‚Ėď‚Ėď‚Ėď‚ĖĄ‚Ėą‚Ėą‚Ėą                               
                            ‚Ėď‚Ėď‚Ėą‚Ėď‚Ėď‚ĖĄ‚ĖĄ‚ĖĄ‚ĖĄ‚Ėź‚Ėą‚ĖĆ‚Ėą‚ĖĄ‚ĖĄ‚ĖĄ‚ĖĄ‚Ėą‚Ėą‚ĖÄ                                
                             ‚Ėď‚Ėą‚Ėď‚Ėď‚Ėď‚Ėď‚Ėď‚Ėď‚Ėź‚Ėą‚ĖĆ‚Ėą‚Ėą‚Ėą‚Ėą‚Ėą‚Ėą                                  
                             ‚ĖĄ‚Ėą     ‚ĖĄ‚Ėą‚Ėą‚ĖĆ‚Ėą‚Ėą‚Ėą‚Ėą‚Ėą‚Ėą‚ĖĄ                                 
                             ‚Ėą‚Ėą ‚ĖĄ‚ĖĄ‚ĖĄ‚Ėą‚Ėą‚Ėą‚ĖÄ ‚Ėą   ‚ĖÄ‚Ėą‚Ėą‚Ėą                                
                             ‚Ėą‚Ėą‚Ėą‚Ėą‚Ėą‚Ėą‚Ėą‚Ėą‚ĖÄ  ‚Ėą     ‚ĖÄ‚Ėą‚Ėą                               
                           ‚ĖĄ‚ĖÄ‚ĖĆ‚Ėź         ‚Ėą       ‚ĖÄ‚Ėą‚ĖĄ                             
                             ‚ĖĆ‚Ėź         ‚Ėź         ‚Ėą‚ĖĄ                            
                              ‚Ėź                    ‚ĖÄ‚ĖÄ‚ĖĄ                          
                                   PRESENTS           ‚ĖÄ                         
                                                                                
                             ‚Ė≤     ‚Ė≤     ‚Ė≤     ‚Ė≤                                
                          ‚Ė≤‚ĖĄ‚ĖÄ‚Ėď‚ĖÄ‚ĖĄ‚Ė≤‚ĖĄ‚ĖÄ‚Ėď‚ĖÄ‚ĖĄ‚Ė≤‚ĖĄ‚ĖÄ‚Ėď‚ĖÄ‚ĖĄ‚Ė≤‚ĖĄ‚ĖÄ‚Ėď‚ĖÄ‚ĖĄ‚Ė≤                             
                          ‚Ėą                       ‚Ėą                             
                          ‚Ėą Cleopatra DISC 1      ‚Ėą                             
                          ‚Ėą                       ‚Ėą                             
      ‚Ėď‚Ėď       ‚Ėď‚Ėď‚Ėď        ‚Ėľ‚ĖÄ‚ĖĄ‚Ėď‚ĖĄ‚ĖÄ‚Ėľ‚ĖÄ‚ĖĄ‚Ėď‚ĖĄ‚ĖÄ‚Ėľ‚ĖÄ‚ĖĄ‚Ėď‚ĖĄ‚ĖÄ‚Ėľ‚ĖÄ‚ĖĄ‚Ėď‚ĖĄ‚ĖÄ‚Ėľ                             
               ‚Ėď‚Ėď            ‚Ėľ     ‚Ėľ     ‚Ėľ     ‚Ėľ                                
      ‚Ėď‚Ėď ‚Ėď‚Ėď‚Ėď‚Ėď‚Ėď ‚Ėď‚Ėď‚Ėď ‚Ėď‚Ėď‚Ėď                                                          
      ‚Ėď‚Ėď ‚Ėď‚Ėď ‚Ėď‚Ėď ‚Ėď‚Ėď ‚Ėď‚Ėď ‚Ėď‚Ėď                                                         
      ‚Ėď‚Ėď ‚Ėď‚Ėď ‚Ėď‚Ėď ‚Ėď‚Ėď ‚Ėď‚Ėď ‚Ėď‚Ėď                                                         
      ‚Ėď‚Ėď ‚Ėď‚Ėď ‚Ėď‚Ėď ‚Ėď‚Ėď ‚Ėď‚Ėď ‚Ėď‚Ėď                                                         
      ‚Ėď‚Ėď ‚Ėď‚Ėď ‚Ėď‚Ėď ‚Ėď‚Ėď ‚Ėď‚Ėď ‚Ėď‚Ėď                                                         
      ‚Ėď‚Ėď ‚Ėď‚Ėď ‚Ėď‚Ėď ‚Ėď‚Ėď ‚Ėď‚Ėď ‚Ėď‚Ėď                                                         
      ‚Ėď‚Ėď ‚Ėď‚Ėď ‚Ėď‚Ėď ‚Ėď‚Ėď  ‚Ėď‚Ėď‚Ėď                                                          
          ‚Ė≤     ‚Ė≤     ‚Ė≤     ‚Ė≤     ‚Ė≤     ‚Ė≤     ‚Ė≤     ‚Ė≤     ‚Ė≤     ‚Ė≤               
       ‚Ė≤‚ĖĄ‚ĖÄ‚Ėď‚ĖÄ‚ĖĄ‚Ė≤‚ĖĄ‚ĖÄ‚Ėď‚ĖÄ‚ĖĄ‚Ė≤‚ĖĄ‚ĖÄ‚Ėď‚ĖÄ‚ĖĄ‚Ė≤‚ĖĄ‚ĖÄ‚Ėď‚ĖÄ‚ĖĄ‚Ė≤‚ĖĄ‚ĖÄ‚Ėď‚ĖÄ‚ĖĄ‚Ė≤‚ĖĄ‚ĖÄ‚Ėď‚ĖÄ‚ĖĄ‚Ė≤‚ĖĄ‚ĖÄ‚Ėď‚ĖÄ‚ĖĄ‚Ė≤‚ĖĄ‚ĖÄ‚Ėď‚ĖÄ‚ĖĄ‚Ė≤‚ĖĄ‚ĖÄ‚Ėď‚ĖÄ‚ĖĄ‚Ė≤‚ĖĄ‚ĖÄ‚Ėď‚ĖÄ‚ĖĄ‚Ė≤            
      ‚ĖĎ‚Ėą                                                           ‚Ėą‚Ėď           
      ‚ĖĎ‚Ėą                                                           ‚Ėą‚Ėď           
      ‚ĖĎ‚Ėą                                                           ‚Ėą‚Ėď           
      ‚ĖĎ‚Ėą  Release Date : 28.05.2007     DVD Type ....: Pal DVD     ‚Ėą‚Ėď           
      ‚ĖĎ‚Ėą  DVD Date ....: 06.03.2002     Video Aspect : 16:9        ‚Ėą‚Ėď           
      ‚ĖĎ‚Ėą                                                           ‚Ėą‚Ėď           
      ‚ĖĎ‚Ėą  Runtime......: ca. 114 min    Release Size : 94X50 mb    ‚Ėą‚Ėď           
      ‚ĖĎ‚Ėą  Genre .......: Drama                                     ‚Ėą‚Ėď           
      ‚ĖĎ‚Ėą                                                           ‚Ėą‚Ėď           
      ‚ĖĎ‚Ėą  Languages ...: DE             Encoder......: CCE 2.67    ‚Ėą‚Ėď           
      ‚ĖĎ‚Ėą  FSK .........: 12             Video........: Reencoded   ‚Ėą‚Ėď
      ‚ĖĎ‚Ėą                                                           ‚Ėą‚Ėď           
      ‚ĖĎ‚Ėą  IMDB Rating .: 6.7/10 (4,383 Bewertungen)                ‚Ėą‚Ėď           
      ‚ĖĎ‚Ėą                                                           ‚Ėą‚Ėď           
      ‚ĖĎ‚Ėą  http://german.imdb.com/title/tt0056937/                  ‚Ėą‚Ėď           
      ‚ĖĎ‚Ėą                                                           ‚Ėą‚Ėď           
      ‚ĖĎ‚Ėą  http://www.ofdb.de/view.php?page=film&fid=13846          ‚Ėą‚Ėď           
      ‚ĖĎ‚Ėą                                                           ‚Ėą‚Ėď           
       ‚Ėľ‚ĖÄ‚ĖĄ‚Ėď‚ĖĄ‚ĖÄ‚Ėľ‚ĖÄ‚ĖĄ‚Ėď‚ĖĄ‚ĖÄ‚Ėľ‚ĖÄ‚ĖĄ‚Ėď‚ĖĄ‚ĖÄ‚Ėľ‚ĖÄ‚ĖĄ‚Ėď‚ĖĄ‚ĖÄ‚Ėľ‚ĖÄ‚ĖĄ‚Ėď‚ĖĄ‚ĖÄ‚Ėľ‚ĖÄ‚ĖĄ‚Ėď‚ĖĄ‚ĖÄ‚Ėľ‚ĖÄ‚ĖĄ‚Ėď‚ĖĄ‚ĖÄ‚Ėľ‚ĖÄ‚ĖĄ‚Ėď‚ĖĄ‚ĖÄ‚Ėľ‚ĖÄ‚ĖĄ‚Ėď‚ĖĄ‚ĖÄ‚Ėľ‚ĖÄ‚ĖĄ‚Ėď‚ĖĄ‚ĖÄ‚Ėľ            
          ‚Ėľ     ‚Ėľ     ‚Ėľ     ‚Ėľ     ‚Ėľ     ‚Ėľ     ‚Ėľ     ‚Ėľ     ‚Ėľ     ‚Ėľ               
                                                                                
            ‚Ėď‚Ėď                                                                  
            ‚Ėď‚Ėď       ‚Ėď‚Ėď                                                         
      ‚Ėď‚Ėď‚Ėď‚Ėď‚Ėď ‚Ėď‚Ėď  ‚Ėď‚Ėď‚Ėď  ‚Ėď‚Ėď‚Ėď                                                        
      ‚Ėď‚Ėď ‚Ėď‚Ėď ‚Ėď‚Ėď ‚Ėď‚Ėď ‚Ėď‚Ėď ‚Ėď‚Ėď                                                         
      ‚Ėď‚Ėď ‚Ėď‚Ėď ‚Ėď‚Ėď ‚Ėď‚Ėď ‚Ėď‚Ėď ‚Ėď‚Ėď                                                         
      ‚Ėď‚Ėď ‚Ėď‚Ėď ‚Ėď‚Ėď ‚Ėď‚Ėď ‚Ėď‚Ėď ‚Ėď‚Ėď                                                         
      ‚Ėď‚Ėď ‚Ėď‚Ėď ‚Ėď‚Ėď ‚Ėď‚Ėď ‚Ėď‚Ėď ‚Ėď‚Ėď                                                         
      ‚Ėď‚Ėď ‚Ėď‚Ėď ‚Ėď‚Ėď ‚Ėď‚Ėď ‚Ėď‚Ėď ‚Ėď‚Ėď                                                         
      ‚Ėď‚Ėď‚Ėď‚Ėď‚Ėď ‚Ėď‚Ėď  ‚Ėď‚Ėď‚Ėď  ‚Ėď‚Ėď‚Ėď                                                        
      ‚Ėď‚Ėď  ‚Ė≤     ‚Ė≤     ‚Ė≤     ‚Ė≤     ‚Ė≤     ‚Ė≤     ‚Ė≤     ‚Ė≤     ‚Ė≤     ‚Ė≤               
       ‚Ė≤‚ĖĄ‚ĖÄ‚Ėď‚ĖÄ‚ĖĄ‚Ė≤‚ĖĄ‚ĖÄ‚Ėď‚ĖÄ‚ĖĄ‚Ė≤‚ĖĄ‚ĖÄ‚Ėď‚ĖÄ‚ĖĄ‚Ė≤‚ĖĄ‚ĖÄ‚Ėď‚ĖÄ‚ĖĄ‚Ė≤‚ĖĄ‚ĖÄ‚Ėď‚ĖÄ‚ĖĄ‚Ė≤‚ĖĄ‚ĖÄ‚Ėď‚ĖÄ‚ĖĄ‚Ė≤‚ĖĄ‚ĖÄ‚Ėď‚ĖÄ‚ĖĄ‚Ė≤‚ĖĄ‚ĖÄ‚Ėď‚ĖÄ‚ĖĄ‚Ė≤‚ĖĄ‚ĖÄ‚Ėď‚ĖÄ‚ĖĄ‚Ė≤‚ĖĄ‚ĖÄ‚Ėď‚ĖÄ‚ĖĄ‚Ė≤            
      ‚ĖĎ‚Ėą                                                           ‚Ėą‚Ėď                
      ‚ĖĎ‚Ėą                                                           ‚Ėą‚Ėď           
      ‚ĖĎ‚Ėą   Cleopatra (Elizabeth Taylor) herrscht ‚ĀŅber das          ‚Ėą‚Ėď           
      ‚ĖĎ‚Ėą   ő£gyptische K√∑nigreich, doch ihre Macht ist bedroht.     ‚Ėą‚Ėď           
      ‚ĖĎ‚Ėą   Sie hofft, ihre Position durch Verbindung in das        ‚Ėą‚Ėď           
      ‚ĖĎ‚Ėą   r√∑mische Reich zu stő£rken. Tatső£chlich verliebt sich    ‚Ėą‚Ėď           
      ‚ĖĎ‚Ėą   der r√∑mische Imperator Julius Cő£sar (Rex Harrison) in   ‚Ėą‚Ėď           
      ‚ĖĎ‚Ėą   sie und sie gebő£rt ihm einen Sohn. Doch ehe sie ihren   ‚Ėą‚Ėď           
      ‚ĖĎ‚Ėą   Platz an seiner Seite einnehmen kann, wird Cő£sar        ‚Ėą‚Ėď           
      ‚ĖĎ‚Ėą   ermordet und die K√∑nigin mu‚ĖÄ zur‚ĀŅck nach ‚ĒÄgypten        ‚Ėą‚Ėď           
      ‚ĖĎ‚Ėą   fliehen.                                                ‚Ėą‚Ėď                 
      ‚ĖĎ‚Ėą                                                           ‚Ėą‚Ėď           
      ‚ĖĎ‚Ėą                                                           ‚Ėą‚Ėď           
       ‚Ėľ‚ĖÄ‚ĖĄ‚Ėď‚ĖĄ‚ĖÄ‚Ėľ‚ĖÄ‚ĖĄ‚Ėď‚ĖĄ‚ĖÄ‚Ėľ‚ĖÄ‚ĖĄ‚Ėď‚ĖĄ‚ĖÄ‚Ėľ‚ĖÄ‚ĖĄ‚Ėď‚ĖĄ‚ĖÄ‚Ėľ‚ĖÄ‚ĖĄ‚Ėď‚ĖĄ‚ĖÄ‚Ėľ‚ĖÄ‚ĖĄ‚Ėď‚ĖĄ‚ĖÄ‚Ėľ‚ĖÄ‚ĖĄ‚Ėď‚ĖĄ‚ĖÄ‚Ėľ‚ĖÄ‚ĖĄ‚Ėď‚ĖĄ‚ĖÄ‚Ėľ‚ĖÄ‚ĖĄ‚Ėď‚ĖĄ‚ĖÄ‚Ėľ‚ĖÄ‚ĖĄ‚Ėď‚ĖĄ‚ĖÄ‚Ėľ            
          ‚Ėľ     ‚Ėľ     ‚Ėľ     ‚Ėľ     ‚Ėľ     ‚Ėľ     ‚Ėľ     ‚Ėľ     ‚Ėľ     ‚Ėľ               
                                                                                
                  ‚Ėď‚Ėď                                                            
      ‚Ėď‚Ėď‚Ėď‚Ėď‚Ėď  ‚Ėď‚Ėď‚Ėď  ‚Ėď‚Ėď‚Ėď ‚Ėď‚Ėď‚Ėď  ‚Ėď‚Ėď‚Ėď‚Ėď                                                 
      ‚Ėď‚Ėď ‚Ėď‚Ėď ‚Ėď‚Ėď ‚Ėď‚Ėď ‚Ėď‚Ėď ‚Ėď‚Ėď ‚Ėď‚Ėď ‚Ėď ‚Ėď‚Ėď                                                 
      ‚Ėď‚Ėď ‚Ėď‚Ėď ‚Ėď‚Ėď ‚Ėď‚Ėď ‚Ėď‚Ėď ‚Ėď‚Ėď ‚Ėď‚Ėď ‚Ėď‚Ėď                                                   
      ‚Ėď‚Ėď ‚Ėď‚Ėď ‚Ėď‚Ėď ‚Ėď‚Ėď ‚Ėď‚Ėď ‚Ėď‚Ėď‚Ėď‚Ėď‚Ėď  ‚Ėď‚Ėď‚Ėď                                                 
      ‚Ėď‚Ėď ‚Ėď‚Ėď ‚Ėď‚Ėď ‚Ėď‚Ėď ‚Ėď‚Ėď ‚Ėď‚Ėď      ‚Ėď‚Ėď                                                 
      ‚Ėď‚Ėď ‚Ėď‚Ėď ‚Ėď‚Ėď ‚Ėď‚Ėď ‚Ėď‚Ėď ‚Ėď‚Ėď ‚Ėď‚Ėď ‚Ėď‚Ėď ‚Ėď                                                 
      ‚Ėď‚Ėď ‚Ėď‚Ėď  ‚Ėď‚Ėď‚Ėď  ‚Ėď‚Ėď‚Ėď ‚Ėď‚Ėď‚Ėď  ‚Ėď‚Ėď‚Ėď‚Ėď                                                 
          ‚Ė≤     ‚Ė≤     ‚Ė≤     ‚Ė≤     ‚Ė≤     ‚Ė≤     ‚Ė≤     ‚Ė≤     ‚Ė≤     ‚Ė≤               
       ‚Ė≤‚ĖĄ‚ĖÄ‚Ėď‚ĖÄ‚ĖĄ‚Ė≤‚ĖĄ‚ĖÄ‚Ėď‚ĖÄ‚ĖĄ‚Ė≤‚ĖĄ‚ĖÄ‚Ėď‚ĖÄ‚ĖĄ‚Ė≤‚ĖĄ‚ĖÄ‚Ėď‚ĖÄ‚ĖĄ‚Ė≤‚ĖĄ‚ĖÄ‚Ėď‚ĖÄ‚ĖĄ‚Ė≤‚ĖĄ‚ĖÄ‚Ėď‚ĖÄ‚ĖĄ‚Ė≤‚ĖĄ‚ĖÄ‚Ėď‚ĖÄ‚ĖĄ‚Ė≤‚ĖĄ‚ĖÄ‚Ėď‚ĖÄ‚ĖĄ‚Ė≤‚ĖĄ‚ĖÄ‚Ėď‚ĖÄ‚ĖĄ‚Ė≤‚ĖĄ‚ĖÄ‚Ėď‚ĖÄ‚ĖĄ‚Ė≤            
      ‚ĖĎ‚Ėą                                                           ‚Ėą‚Ėď           
      ‚ĖĎ‚Ėą                                                           ‚Ėą‚Ėď           
      ‚ĖĎ‚Ėą                                                           ‚Ėą‚Ėď           
      ‚ĖĎ‚Ėą   Release Notes :           Have Fun !!!                  ‚Ėą‚Ėď           
      ‚ĖĎ‚Ėą                                                           ‚Ėą‚Ėď           
      ‚ĖĎ‚Ėą                       ONLY HSK has the Rights for         ‚Ėą‚Ėď           
      ‚ĖĎ‚Ėą                      SVCD release from our source         ‚Ėą‚Ėď           
      ‚ĖĎ‚Ėą                                                           ‚Ėą‚Ėď           
      ‚ĖĎ‚Ėą   Looking for ..:        100mbit+ site 4 afill            ‚Ėą‚Ėď           
      ‚ĖĎ‚Ėą                                                           ‚Ėą‚Ėď           
      ‚ĖĎ‚Ėą                            d-r@hush.com                   ‚Ėą‚Ėď           
      ‚ĖĎ‚Ėą                                                           ‚Ėą‚Ėď           
      ‚ĖĎ‚Ėą                                                           ‚Ėą‚Ėď           
      ‚ĖĎ‚Ėą   Greetings ....: FDL , ADTV , GMRG , HSK                 ‚Ėą‚Ėď           
      ‚ĖĎ‚Ėą                                                           ‚Ėą‚Ėď           
      ‚ĖĎ‚Ėą                                                           ‚Ėą‚Ėď           
      ‚ĖĎ‚Ėą                                                           ‚Ėą‚Ėď           
       ‚Ėľ‚ĖÄ‚ĖĄ‚Ėď‚ĖĄ‚ĖÄ‚Ėľ‚ĖÄ‚ĖĄ‚Ėď‚ĖĄ‚ĖÄ‚Ėľ‚ĖÄ‚ĖĄ‚Ėď‚ĖĄ‚ĖÄ‚Ėľ‚ĖÄ‚ĖĄ‚Ėď‚ĖĄ‚ĖÄ‚Ėľ‚ĖÄ‚ĖĄ‚Ėď‚ĖĄ‚ĖÄ‚Ėľ‚ĖÄ‚ĖĄ‚Ėď‚ĖĄ‚ĖÄ‚Ėľ‚ĖÄ‚ĖĄ‚Ėď‚ĖĄ‚ĖÄ‚Ėľ‚ĖÄ‚ĖĄ‚Ėď‚ĖĄ‚ĖÄ‚Ėľ‚ĖÄ‚ĖĄ‚Ėď‚ĖĄ‚ĖÄ‚Ėľ‚ĖÄ‚ĖĄ‚Ėď‚ĖĄ‚ĖÄ‚Ėľ            
          ‚Ėľ     ‚Ėľ     ‚Ėľ     ‚Ėľ     ‚Ėľ     ‚Ėľ     ‚Ėľ     ‚Ėľ     ‚Ėľ     ‚Ėľ               
                                                      ASCII by JX-ART
