████████████████████████████████████████████████████████████████████████████████████████████████████████████████████████████████████████████████████████████████████▒▒▒▓▓▓▓▓▒▒███████████████████
██████████████████████████████████████████████████████████████████████████████████████████████████████████████████████████████████████████████████████████████████▒▒▒▓▓▓▄▄▄▓▓▒▒██████████████████
██████████████████████████████████████████████████████████████████████████████████████████████████████████████████████████████████████████████████████████████████▒▓▓▓██████▓▓▒██████████████████
█████████████████████████████████████████████████████████████████████████████████████████████████████████████████████████████████████████████████████████████████▒▒▓▄█▀▓▓▀███▓▒██████████████████
█████████████████████████████████████████████████████████████████████████████████████████████████████████████████████████████████████████████████████████████████▒▓▓█▓▓▓▓▓▓██▓▒██████████████████
█████████████████████████████████████████████████████████████████████████████████████████████████████████████████████████████████████████████████████████████████▒▓██▓▓▓▓▓▓██▓▒██████████████████
█████████████████████████████████████████████████████████████████████████████████████████████████████████████████████████████████████████████████████████████████▒▓███▄▓▓▓██▓▓▒██████████████████
█████████████████████████████████████████████████████████████████████████████████████████████████████████████████████████████████████████████████████████████████▒▓▀██████▀▓▓▒▒██████████████████
█████████████████████████████████████████████████████████████████████████████████████████████████████████████████████████████████████████████████████████████████▒▓▓▀███▓▓▓▓▒▒███████████████████
█████████████████████████████████████████████████████████████████████████████████████████████████████████████████████████████████████████████████████████████████▒▒▓▓███▓▒▒▒▒████████████████████
██████████████████████████████████████████████████████████████████████████████████████████████████████████████████████████████████████████████████████████████████▒▓▓███▓▒███████████████████████
██████████████████████████████████████████████████████████████████████████████████████████████████████████████████████████████████████████████████████████████████▒▓███▓▓▒███████████████████████
█████████████████████████████████████████████████████████████████████████████████████████████████████████████████████████████████████████████████████████████████▒▒▓███▓▒▒███████████████████████
█████████████████████████████████████████████████████████████████████████████████████████████████████████████████████████████████████████████████████████████████▒▓▓███▓▒████████████████████████
█████████████████████████████████████████████████████████████████████████████████████████████████████████████████████████████████████████████████████████████████▒▓███▓▓▒████████████████████████
█████████████████████████████████████████████████████████████████████████████████████████████████████████████████████████████████████████████████████████████████▒▓███▓▒▒████████████████████████
████████████████████████████████████████████████████████████████████████████████████████████████████████████████████████████████████████████████████████████████▒▒▓███▓▒█████████████████████████
████████████████████████████████████████████████████████████████████████████████████████████████████████████████████████████████████████████████████████████████▒▓▓██▓▓▒█████████████████████████
████████████████████████████████████████████████████████████████████████████████████████████████████████████████████████████████████████████████████████████████▒▓███▓▒▒██████████▒▒▒▒▒▒▒▒▒██████
███████████████████████████████████████████████████████████████████████████████████████████████████████████████▓▓▓▓▓▓▓▓█████████████████████████████████████████▒▓███▓▒██████████▒▒▓▓▓▓▓▓▓▒▒█████
███████████████████████████████████████████████████████████████████████████████████████████████████████████▓▓▓▓▓▓▓▓▓▓▓▓▓▓▓███████████████████████████▒▒▒▒▒▒█████▒▓███▓▒██████████▒▓▓▄▄██▄▓▓▒█████
█████████████████████████████████████████████████████████████████████████████████████████████████████████▓▓▓▓▓▓▓▓▓▓▓▓▓▓▓▓▓▓▓████████████████████████▒▒▓▓▓▓▒▒████▒▓██▓▓▒██████████▒▓███████▓▒█████
███████████████████████████████████████████████████████████████████████████████████████████████████████▓▓▓▓▓▓▓▓▓▓▓▓▓▓▓▓▓▓▓▓▓▓▓█████████████████████▒▒▓▓▄▄▓▓▒▒███▒▓██▓▓▒██████████▒▓██▓▓▓██▓▒█████
██████████████████████████████████████████████████████████████████████████████████████████████████████▓▓▓▓▓▓▓▓▓▓▓▓▓▓▓▓▓▓▓▓▓▓▓▓▓▓██████████████████▒▒▓▓████▓▓▒██▒▒▓███▓▒█████████▒▒▓███▄▓██▓▒█████
██████████████████████████████████████████████████████████████████████████████████▓▓▓▓▓▓▓▓▓█████████▓▓▓▓▓▓▓▓▓▓▓▓▓▓▓▓▓▓▓▓▓▓▓▓▓▓▓▓▓█████████████████▒▓▓█▓▓███▓▒██▒▓▓███▓▒████████▒▒▓▓██████▓▓▒█████
███████████████████████████████████████████████████████████▓▓▓▓▓▓▓▓▓▓▓▓▓▓▓▓▓▓▓▓▓▓▓▓███████▓▓▓██████▓▓▓▓▓▓▓▓▓▓▓▓▓▓▓▓▓▓▓▓▓▓▓▓▓▓▓▓▓▓█████████████████▒▓██▓▓███▓▒██▒▓████▓▒███████▒▒▓▓███▓▓▓▓▓▒▒█████
█████████████████████████████████████████████████████████▓▓▓████████████████████▓██▀▒▒▒▒████▓▓▓████▓▓▓▓▓▓▓▓▓▓▓▓▓▓▓▓▓▓▓▓▓▓▓▓▓▓▓▓▓▓▓█▒▒▒▒▒▒█████████▒▓██▓███▓▓▒█▒▒▓████▓▒▒█████▒▒▓▓███▓▓▒▒▒▒▒██████
███████████████████████████████████████████████████████▓▓▓██▒▀▀▀▀▀▀▀▀▀▀▀▀▀▀█████████▒▒▄▒▒█████▓▓██▓▓▓▓▓▓▓▓▓▓▓▓▓▓▓▓▓▓▓▓▓▓▓▓▓▓▓▓▓▓▓▓▒▒▒▒▒▒▒▒▒▒██████▒▓▓████▓▓▒▒█▒▓▓████▓▓▒█████▒▓▓███▓▓▒▒██████████
█████████████████████████████████████████████████████▓▓▓██▀▒▒▒▒▒▒▒▒▒▒▒▒▒▒▒▒▒▒▒▒▒▒▒▒▒▒▒▒▒▒▒█████▓▓▓▓▓▓▓▓▓▓▓▓▓▓▓▓▓▓▓▓▓▓▓▓▓▓▓▓▓▓▓▓▓▓▓▓▒▒▒▒▒▒▒▒▒▒█████▒▒▓▓███▓▒▒█▒▒▓██▀███▓▒▒███▒▒▓███▓▓▒▒███████████
███████████████████████████████████████████████████▓▓▓▄██▒▒▒▒▒▒▒▒▒▒▒▒▒▒▒▒▒▒▒▒▒▒▒▒▒▒▒▒▒▒▒▒▒████████▓▓▓▓▓▓▓▓▓▓▓▓▓▓▓▓▓▓▓▓▓▓▓▓▓▓▓▓▓▓▓▓▓▒▒▒▒▒▒▒▒▒▒▒█████▒▒▓███▓▓▒▒▒▓▓█▓▓███▓▓▒██▒▒▓▓██▓▓▒▒████████████
██████████████████████████████████████████████████▓▓▓██▀▒▒▒▒▒▒▒▒▒▒▒▒▒▒▒▒▒▒▒▒▒▒▒▒▒▒▒▒▒▒▒▒▒▒████████████▓▓▓▓▓▓▓▓▓▓▓▓▓▓▓▓▓▓▓▓▓▓▓▓▓▓▓▓▓▒▒▒▒▒▒▒▒▒▒▒▒████▒▒▓████▓▓▒▓▓██▓▓▓███▓▒▒▒▒▓▓██▓▓▒▒█████████████
████████████████████████████████████████████████▓▓▓▄██▒▒▒▒▒▒▒▒▒▒▒▒▒▒▒▒▒▒▒▒▒▒▒▒▒▒▒▒▒▒▒▒▒▒▒▒██████████████▓▓▓▓▓▓▓▓▓▓▓▓▓▓▓▓▓▓▓▓▓▓▓▓▓▓▓▒▒▒▒▒▒▒▒▒▒▒▒██▒▒▒▓▓█▓███▓▓▓██▓▓▓▓███▓▓▓▒▓▓███▓▒▒██████████████
███████████████████████████████████████████████▓▓▄██▀▒▒▒▒▒▒▒▒▒▒▒▒▒▒▒▒▒▒▒▒▒▒▒▒▒▒▒▒▒▒▒▒▒▒▒▒▒█████████████████▓▓▓▓▓▓▓▓▓▓▓▓▓▓▓▓▓▓▓▓▓▓▓▒▒▒▒▒▒▒▒▒▒▒▒▒▒▒▒▓▓▓██▓▓█████▀▓▓▓▓▓▓████▓▓▓███▓▓▒███████████████
█████████████████████████████████████████████▓▓▓███▒▒▒▒▒▒▒▒▒▒▒▒▒▒▒▒▒▒▒▒▒▒▒▒▒▒▒▒▒▒▒▒▒▒▒▒▒▒▒███████████████████▓▓▓▓▓▓▓▓▓▓▓▓▓▓▓▓▓▓▓▓▓▒▒▒▒▒▒▒▒▒▒▒▒▒▒▓▓▓▄██▓▓▓▓███████▄▄▄▄◘████████▓▓▒▒▒▒█████████████
████████████████████████████████████████████▓▓▄███▒▒▒▒▒▒▒▒▒▒▒▒▒▒▒▒▒▒▒▒▒▒▒▒▒▒▒▒▒▒▒▒▒▒▒▒▒▒▒▒█████████████████████▓▓▓▓▓▓▓▓▓▓▓▓▓▓▓▓▓▓▒▒▒▒▒▒▒▒▒▒▒▒▒▒▒▓▄███████████████████████▓▓▓██▓▓▓▓▓▒▒████████████
██████████████████████████████████████████▓▓▓▄██▒▒▒▒▒▒▒▒▒▒▒▒▒▒▒▒▒▒▒▒▒▒▒▒▒▒▒▒▒▒▒▒▒▒▒▒▒▒▒▒▒▒███████████████████████▓▓▓▓▓▓▓▓▓▓▓▓▓▓▓▒▒▒▒▒▒▒▒▒▒▒▒▒▒▒▒▓▓▓▓▓▓▓▓▓▓▓▓▓▓▓▓▓█████████▓█████▓▓▓▓▒▒███████████
█████████████████████████████████████████▓▓▓███▀▒▒▒▒▒▒▒▒▒▒▒▒▒▒▒▒▒▒▒▒▒▒▒▒▒▒▒▒▒▒▒▒▒▒▒▒▒▒▒▒▒▒▒████████████████████████▓▓▓▓▓▓▓▓▓▓▓▓▓▒▒▒▒▒▒▒▒▒▒▒▒▒▒▒▒▒▒▒▒▒▒▒▒▒▒▒▒▒▒▒▒▓▓▓▓▓▓▓▓▓██████████▓▓▒███████████
████████████████████████████████████████▓▓▄███▒▒▒▒▒▒▒▒▒▒▒▒▒▒▒▒▒▒▒▒▒▒▒▒▒▒▒▒▒▒▒▒▒▒▒▒▒▒▒▒▒▒▒▒▒█████████████████████████▓▓▓▓▓▓▓▓▓▓▓▒▒▒▒▒▒▒▒▒▒▒▒▒▒▒██████▒▒▓▓▓▓▓▓▓▓▓▓▓▓▓▒▒▒▒▒▓▓▓▓▓▓▓▓▓▓▓▓▓▒▒▒▒▒▒▒▒████
███████████░░░░░░░████████████████████▓▓▓████▒▒▒▒▒▒▒▒▒▒▒▒▒▒▒▒▒▒██████▒▒█████▒▒▒▒▒▒▒▒▒▒▒▒▒▒▒██████████████████████████▓▓▓▓▓▓▓▓▓██▒▒▒▒▒▒▒▒▒▒▒▒▒▒▒▒▒▒▒▒▒▓▓██████████░▓▓▒▒█▒▒▒▒▒▒▒▒▓▓▓▓▓▓▒▓▓▓▓▓▓▒████
██████████░░░░░░░░░░██████████████████▓▄████▒▒▒▒▒▒▒▒▒▒▒▒▒▒▒▒▒█████████▒████▒▒▒▒▒▒▒▒▒▒▒▒▒▒▒▒███████████████████████████▓▓▓▓▓▓▓████▒▒▒▒▒▒▒▒▒▒██▒▓▓▓▓▓▒▓▓████████████░▓▓▒▒▒████▒▓▓▓███░▓▓▓███░▓▒████
█████████░░░░░░░░░░░░█████████████████▓████▒▒▒▒▒▒▒▒▒▒▒▒▒███████████████████▒▒▒▒▒▒▒▒▒▒▒▒▒▒▒▒███████████████████████████▓▓▓▓▓██▒▒▒▒▒▒▒▒▒▒▒▒███▒▒▓██░▓▓▓██████████████░▓▓▓▒▒███▒▓█████░▓▓████░▓▒▒███
████████░░░░░░░░░░░░░█████████████████▓███▄▒▒▒▒▒▒▒▒▒▒▒▒██████████████████▒▒▒▒▒▒▒▒▒▒▒▒▒▒▒▒▒▒████████████████████████████▓████▒▒▓▓▓▓▒▒████████▒▓▓███░▓▓████████████████░▓▓▒▒██▒▓█████░▓▓████░▓▓▒███
████████░░░░░░░░░░░▒▒▒▒▒▒▒▒▒▒▒▒███████▓▓███▄▒▒▒▒▒▒▒▒▒▒▒██████████████████◘▒▒▒▒▒▒▒▒▒▒▒▒▒▒▒▒▒████████████████████████████▓▓██▒▒▓▓█░▓▓▒████████▒▓████░▓████░ ████████████░▓▓▒▒█▒▓█████░▓▓█████░▓▒███
████████░░░░░░░░░▒▒▒▒▒▒▒▒▒▒▒▒▒▒▒███████▓▀███▒▒▒▒▒▒▒▒▒▒▒▒▒██████████████◘██▒▒▒▒▒▒▒▒▒▒▒▒▒▒▒▒▒█████████████████████████████▓██▒▓▓███░▓▒▒██████▒▒▓████░▓███░▓▓▓▓▓██████████░▓▓▒█▒▓█████░▓▓█████░▓▒███
█████████░░░░░░░▒▒▒▒▒▒▒▒▒▒▒▒▒▒▒▒▒▒█████▓▓▀███▒▒▒▒▒▒▒▒▒▒▒▒▒▒████████████████▒▒▒▒▒▒▒▒▒▒▒▒▒▒▒▒▒████████████████████████████▓▓▒▒▓████░▓▓▒██████▒▓▓███░▓▓████░▓▒▒▓▓▓█████████░▓▒█▒▓█████░▓▓█████░▓▒███
██████████░░░░░▒▒▒▒▒▒▒▒▒▒▒▒▒▒▒▒▒▒▒▒█████▓▓▀███▒▒▒▒▒▒▒▒▒▒▒▒███████████◘██████▒▒▒▒▒▒▒▒▒▒▒▒▒▒▒▒█████████████████████████████▓▒▓▓█████░▓▒▒█████▒▓████░▓▓████░▓▓▒▒▒▓▓▓██████░▓▓▒█▒▓█████░▓▓█████░▓▒███
███████████░░░▒▒▒▒▒▒▒▒▒▒▒▒▒▒▒▒▒▒▒▒▒▒█████▓▓███▒▒▒▒▒▒▒▒▒▒▒▒██████████████████▒▒▒▒▒▒▒▒▒▒▒▒▒▒▒▒█████████████████████████████▓▒▓██████░▓▓▒█████▒▓████░▓▓█████░▓▓▓▓▒▒▓▓█████░▓▒▒█▒▓█████░▓▓█████░▓▒▒██
██████████████▒▒▒▒▒▒▒▒▒▒▒▒▒▒▒▒▒▒▒▒▒▒██████▓▓███▒▒▒▒▒▒▒▒▒▒▒▒█████████████████▒▒▒▒▒▒▒▒▒▒▒▒▒▒▒▒█████████████████████████████▓▒▓███████░▓▒▒███▒▒▓████░▓▓▓███████░▓▓▓▓▓▓████░▓▒██▒▓█████░▓▓▓████░▓▓▒██
█████████████▒▒▒▒▒▒▒▒▒▒▒▒▒▒▒▒▒▒▒▒▒▒▒▒██████▓▓███▒▒▒▒▒▒▒▒▒▒█████████████████▒▒▒▒▒▒▒▒▒▒▒▒▒▒▒▒▒█████████████████████████████▓▒▓▓██████░▓▓▒▒██▒▓▓████░▓▒▓███████████░▓▓▓██░▓▓▒▒▒▒▓█████░▓▒▓█████░▓▒██
█████████████▒▒▒▒▒▒▒▒▒▒▒▒▒▒▒▒▒▒▒▒▒▒▒▒███████▓███▒▒▒▒▒▒▒▒▒▒▀████████◘████▒▒▒▒▒▒▒▒▒▒▒▒▒▒▒▒▒▒▒▒█████████████████████████████▓▒▒▓▓██████░▓▓▒██▒▓████░▓▓▒▓▓███████████████░▓▓▓▓▓▓▒▓█████░▓▒▓█████░▓▒██
█████████████▒▒▒▒▒▒▒▒▒▒▒▒▒▒▒▒▒▒▒▒▒▒▒▒███████▓▓███▒▒▒▒▒▒▒▒▒▒▒▒▒▒▒████▒▒▒▒▒▒▒▒▒▒▒▒▒▒▒▒▒▒▒▒▒▒▒▒█████████████████████████████▓█▒▒▓███████░▓▒▒█▒▓████░▓▒▒▒▓████████████████████░▓▒▓█████░▓▒▓█████░▓▒██
█████████████▒▒▒▒▒▒▒▒▒▒▒▒▒▒▒▒▒▒▒▒▒▒▒▒████████▓▓██▒▒▒▒▒▒▒▒▒▒▒▒▒▒▒▒▒▒▒▒▒▒▒▒▒▒▒▒▒▒▒▒▒▒▒▒▒▒▒▒▒▒▒█████████████████████████████▓██▒▓▓██████░▓▓▒▒▒▓████░▓▒█▒▓▓▓██████████████████░▓▒▓█████░▓▒▓█████░▓▒██
█████████████▒▒▒▒▒▒▒▒▒▒▒▒▒▒▒▒▒▒▒▒▒▒▒▒█████████▓███▒▒▒▒▒▒▒▒▒▒▒▒▒▒▒▒▒▒▒▒▒▒▒▒▒▒▒▒▒▒▒▒▒▒▒▒▒▒▒▒▒▒████████████████████▀▀▀▒▀████▓██▒▒▓▓██████░▓▓▒▓▓████░▓▒█▒▒▒▓▓▓▓███████████████░▓▒▓█████░▓▒▓█████░▓▒▒█
██████████████▒▒▒▒▒▒▒▒▒▒▒▒▒▓▓▓▓▓▓▓▓▓▓▓▓▓██████▓▓██▒▒▒▒▒▒▒▒▒▒▒▒▒▒▒▒▒▒▒▒▒▒▒▒▒▒▒▒▒▒▒▒▒▒▒▒▒▒▒▒▒▒███████████████▀▀▒▒▒▒▒▒▒▒████▓███▒▒▓███████░▓▓▓█████░▓▒███▒▒▒▓▓██░▓▓██████████░▓▒▓█████░▓▒▓█████░▓▓▒█
██████████████▒▒▒▒▒▒▒▒▒▒▓▓▓▓▓▓▓▓▓▓▓▓▓▓▓▓▓▓▓████▓███▒▒▒▒▒▒▒▒▒▒▒▒▒▒▒▒▒▒▒▒▒▒▒▒▄▄▄▄▄▄▄█▄▄▄▄▄▄▄▄▄████████████▀▀▒▒▒▒▒▒▒▒▒▒▒▒███▓████▒▓▓███████░▓▓████░▓▓▒█████▒▓███░▓▓▓▓▓▓▓████░▓▓▒▓█████░▓▓▓██████░▓▒█
███████████████▒▒▒▒▒▒▓▓▓▓▓▓▓▓▓▓▓▓▓▓▓▓▓▓▓▓▓▓▓▓██▓▓██▒▒▒▒▒▒▒▄▄▒▒▒▒▒▒▒▒▒▒▒▒▒▒▒▒▒▒▒▒▒▒▒▒▒▒▒▀▀▀▀████████████▒▒▒▒▒▒▒▒▒█████▒▒██▓████▒▒▓▓██████░▓▓████░▓▒▒█████▒▓███░▓▒▒▒▒▓▓████░▓▒▓▓███████████████░▓▒▒
████████████████▒▒▓▓▓▓▓▓▓▓▓▓▓▓▓▓▓▓▓▓▓▓▓▓▓▓▓▓▓▓▓▓▓███▒▄██▀▀▒▒▒▒▒▒▒▒▒▒▒▒▒▒▒▒▒▒▒▒▒▒▒▒▒▒▒▒▒▒▒█████████████▒▒▒▒███████▒▒▒▒▒▒██▓█████▒▒▓███████░▓████░▓▒██████▒▓███░▓▒▒▒▓▓████░▓▓▒▓████████████████░▓▓▒
████████████████▓▓▓▓▓▓▓▓▓▓▓▓▓▓▓▓▓▓▓▓▓▓▓▓▓▓▓▓▓▓▓▓▓███▀▒▒▒▒▒▒▒▒▒▒▒▒▒▒▒▒▒▒▒▒▒▒▒▒▒▒▒▒▒▒▒▒▒▄███████▓██████▒▒▒███▒▒▒▒██▒▒▒▒▒▒██▓██████▒▓▓███████░████░▓▒██████▒▓███░▓▒▒▓▓████░▓▓▒▒▓█████████████████░▓▒
██████████████▓▓▓▓▓▓▓▓▓▓▓▓▓▓▓▓▓▓▓▓▓▓▓▓▓▓▓▓▓▓▓▄▄███▀▒▒▒▒▒▒▒▒▒▒▒▒▒▒▒▒▒▒▒▒▒▒▒▒▒▒▒▒▒▒▒▒▄██████▒▒▒▒▒██████▒▒██▒▒▒▒▒▒▒█▒▒▒████▓▓██████▒▒▓▓███████████░▓▒██████▒▓███░▓▒▓▓█████░▓▒▒▒▓██████░▓▓████████░▓▒
█████████████▓▓▓▓▓▓▓▓▓▓▓▓▓▓▓▓▓▓▓▓▓▓▓▓▓▓▓▓▓▄████▒▒▒▒▒▒▒▒▒▒▒▒▒▒▒▒▒▒▒▒▒▒▒▒▒▒▒▒▒▒▒▒▒▒▄████▒▒▒▒█████▒████▒▒██▒▒▒▒▒▒▒██▒▒▒███▓▓████████▒▒▓██████████░▓▓▒██████▒▓███░▓▓▓█████░▓▓▒█▒▓██████░▓▓▓▓██████░▓▒
████████████▓▓▓▓▓▓▓▓▓▓▓▓▓▓▓▓▓▓▓▓▓▓▓▓▓▓▓▄████▒▒▒▒▒▒▒▒▒▒▒▒▒▒▒▒▒▒▒▒▒▒▒▒▒▒▒▒▒▒▒▒▒▒▄█████▒▒▒█████▒▒▒▒████▒▒▒▒▒▒▒▒▒▒██▒▒▒██▓▓▓██████████▒▓▓█████████░▓▒▒██████▒▓███████████░▓▓▒▒█▒▓██████░▓▒▒▓▓█████░▓▒
███████████▓▓▓▓▓▓▓▓▓▓▓▓▓▓▓▓▓▓▓▓▓▓▓▓▓▄█████▒▒▒▒▒▒▒▒▒▒▒▒▒▒▒▒▒▒▒▒▒▒▒▒▒▒▒▒▒▒▒▒▒▒▒█████▒▒▒███  ██▒▒▒▒▒███▒▒▒▒▒▒▒▒███▒▒▒██▓▓████████████▒▒▓▓████████░▓▒███████▒▓██████████░▓▓▒▒██▒▓██████░▓▒▒▒▓█████░▓▒
██████████▓▓▓▓▓▓▓▓▓▓▓▓▓▓▓▓▓▓▓▓▓▓▓▓▄█████▄▄▄▄▄▄▄▄▄▒▄▄▒▒▒▒▒▒▒▒▒▒▒▒▒▒▒▒▒▒▒▄▄███████▒▒▒███     ██▒▒▒▒███▒▒▒▒▒▒▒███▒▒▒██▓▓██████████████▒▒▓███████░▓▓▒███████▒▓█████████░▓▓▒▒███▒▓██████░▓▒█▒▓████░▓▓▒
█████████▓▓▓▓▓▓▓▓▓▓▓▓▓▓▓▓▓▓▓▓▓▓▓▓████████▒▒▒▒▒▒▒▒▒▒▒██████████████████████████▒▒▒████       ██▒▒▒███▒▒▒▒▒▒███▒▒███▓▓████████████████▒▓▓██████░▓▒▒███████▒▓███████░▓▓▓▒▒████▒▓██████░▓▒█▒▓▓▓▓▓▓▓▒▒
█████████▓▓▓▓▓▓▓▓▓▓▓▓▓▓▓▓▓▓▓▓▓▓████▒▒▒▒▒▒▒▄▄▄▄▄▄▒▒▒▒▒▒▒▒▒▒▒▒▒▒▒▒▒▒▒▒▒▒██████▒▒▒████          ██▒▒███▒▒▒▒▒███▒▒██▓▓▓█████████████████▒▒▓▓████░▓▓▒████████▒▓██████░▓▓▒▒▒█████▒▓█████░▓▓▒█▒▒▒▒▒▒▒▒▒█
████████▓▓▓▓▓▓▓▓▓▓▓▓▓▓▓▓▓▓▓▓▓▄██▒▒▒▒▒███████████████████████████████████▒▒▒▒▒█████▀▒ ·       █▒▒▒███▒▒▒▒▒██▒▒▒█▓▓████████████████████▒▒▓▓██░▓▓▒▒████████▒▓▓███░▓▓▓▒▒█▓▓▓███▒▓███░▓▓▓▒▒███████████
▓▓▓▓▓▓▓▓▓▓▓▓▓▓▄▄▄▄▓▓▓▓▓▓▓▓▓▓██▒▒▒████████████████████████████████████▒▒▒▒█████  ▀█▄▀        ██▒▒▒██▀▒▒█▒▒▒█▒███▓██████████████████████▒▒▓▓▓▓▓▒▒█████████▒▒▓▓▓▓▓▓▒▓▓▓▓▓▒▓▓▓▓▓▓▓▓▓▓▓▒▒▒████████████
▓▄██████████████████▓▓▓▓▓▓▓██▒▒█████████████████████▓█████████████ ▒▒▒▒█████                █▒▒▒▒▒███▒██▒▒▒▒▒█▓▓███████████████████████▒▒▒▒▒▒▒███████████▒▒▒▒▒▒▒▓▓██▀▀▀▀▀██▓▓▓▒▒▒▒▒██████████████
███              ▀▒▒▒█▓▓▓▓▓█▒█████████████████████▓▓▓███     ███▀█  ▒▒▒█████            _▄▄█▒▒▒▒▒███▒▒▒██▒▒████▓█████████████████████░░░░░█████████████████████▓▓█▀     ▒▒███▓███████████████████
██                 ▒▒▒██▓▓█████████████████████▓▓▓▓▓▓▓███        █  ▒▒▒▒█████▄▄▄▄▄▄▄▄██▀▀▀ ▒▒▒▒▒▒▒██▒▒▒███████▓▓████████████████████░░░░░░░███████████████████▓▓█▀    ▒▒▒▒▒██▓███████████████████
██ ·                ▒▒▒██████████████████████▓▓▓▓▓▓▓▓▓▓█████    ██  ▒▒▒▒████▒███████        ▒▒█▒▒▒▒█▒▒▒▒████▓▓▓████████████████████░░░░░░░░░█████████████████▓▓█      ▒▒▒▒▒██▓███████████████████
██                  ▒▒▒▒▒█████████████████▓▓▓▓▓▓▓▓▓▓▓▓▓██   █████    ▒▒▒███▒▒▒▒▒▒          ▒▒██▒▒▒▒▒▒▒▒▒████▓█████████████████████░░░░░░░░░░░███████████████▓▓█      ▒▒▒▒▒███▓███████████████████
███                 ▒▒▒▒▒▒█████████████▓▓▓▓▓▓▓▓▓▓▓▓▓▓▓▓██      ██     ▒▒████▒▒▒▒▒        ▒▒███▒▒▒▒▒▒▒▒▒▒███▄▓▓████████████▒▒▒▒▒███░░░░░░░░░░░██████████████▓▓█      ▒▒▒▒▒▒██▀▓███████████████████
▓███▄               ▒▒▒▒▒▒▒████████▓▓▓▓▓▓▓▓▓▓▓▓▓▓▓▓▓▓▓██▄      █      █▒▒▒▒██▒▒▒▒▒    ▒▒▒▒█████▒▒▒▒▒▒▒▒▒▒▒███▓██████████▒▒▒▒▒▒▒▒▒█░░░░░░░░░░░█████████████▓▓█      ▒▒▒▒▒▒▒█▓▓▓███████████████████
▓▓▀███▄▄▄▄▄▄▄███████▒▒▒▒▒▒▒▒███▓▓▓▓▓▓▓▓▓▓▓▓▓▓▓▓▓▓▓▓▓▓▓▓███▄    █▄▄▄▄███▒▒▒███▒▒▒▒▒▒▒▒▒▒▒▒▒████▒▒▒▒▒▒▒▒▒▒▒▒▒██▓█████████▒▒▒▒▒▒▒▒▒▒▒█░░░░░░░░░██████████████▓██      ▒▒▒▒▒███▓█████████████████████
█▓▓▓▓▀█████▀  █▓▓▓███▒▒▒▒▒▒▒▒███▓▓▓▓▓▓▓▓▓▓▓▓▓▓▓▓▓▓▓▓▓▓▓▓▓▓██   ▀██▀▀▀███████████▒▒▒▒▒▒▒▒▒▒███▒▒▒▒▒▒▒▒▒▒▒▒▒██▓▓████████▒▒▒▒▒▒▒▒▒▒▒▒▒█░░░░░░░██████████████▓▓█      ▒▒▒▒▒▒██▓▓█████████████████████
████▓▓▓██     █▓▓▓▓██▒▒▒▒▒▒▒▒▒▒██▓▓▓▓▓▓▓▓▓▓▓▓▓▓▓▓▓▓▓▓▓▓▓▓▓▓██          ▒▒▒▒▒▒▒██▒▒▒▒▒▒▒▒▒▒███▒▒▒▒▒▒▒▒▒▒▒▒██▓▓█████████▒▒▒▒▒▒▒▒▒▒▒▒▒██░░░░░███████████████▓██     ▒▒▒▒▒███▓▓██████████████████████
██████▓▓██ ▄  ██▓▓▓▓█▒▒▒▒▒▒▒▒▒▒▒◘██▓▓▓▓▓▓▓▓▓▓▓▓▓▓▓▓▓▓▓▓▓▓▓▓▓██·          ▒▒▒▒▒▒▒█▒▒▒▒▒▒▒▒▒▒██▒▒▒▒▒▒▒▒▒▒▒▒██▓██████████▒▒▒▒▒▒▒▒▒▒▒▒▒█████████████████████▓▓█     ▒▒▒▒▒▒▒██▓███████████████████████
███████▓█▀▀▀▄▄█████▓███▒▒▒▒▒▒▒▒▒▒▒███▓▓▓▓▓▓▓▓▓▓▓▓▓▓▓▓▓▓▓▓▓▓▓██            ▒▒▒▒▒▒▒██▒▒▒▒▒▒▒▒█▒▒▒▒▒▒▒▒▒▒▒███▓▓██████████▒▒▒▒▒▒▒▒▒▒▒▒▒█████████████████████▓██     ▒▒▒▒▒▒██▓▓███████████████████████
███████▓█▄▄██▀▒▒▒▒███████▒▒▒▒▒▒▒▒▒▒▒██▄▓▓▓▓▓▓▓▓▓▓▓▓▓▓▓▓▓▓▓█▓▓██            ▒▒▒▒▒▒▒▒██▒▒▒▒▒▒█▒▒▒▒▒▒▒▒▒▒███▓▓███████████▒▒▒▒▒▒▒▒▒▒▒▒▒████████████████████▓▓█     ▒▒▒▒▒▒▒█▓▓████████████████████████
██████▓▓███▒▒█████████████▒▒▒▒▒▒▒▒▒▒▒███▓▓▓▓▓▓▓▓▓▓▓▓▓▓▓▓▓███▓▓██            ▒▒▒▒▒▒▒▒█▒▒▒▒▒▒█▒▒▒▒▒▒▒▒▒███▓▓█████████████▒▒▒▒▒▒▒▒▒▒▒█████████████████████▓██    ▒▒▒▒▒▒▒█▓▓█████████████████████████
██████▓██▒███▀      █████████▒▒▒▒▒▒▒▒▒█████▓▓▓▓▓▓▓▓▓▓▓▓▓█████▓▓██ _         ▒▒▒▒▒▒▒▒▒███▒▒▒▒▒▒▒▒▒▒▒▒███▓▓███████████████▒▒▒▒▒▒▒▒▒█████████████████████▓▓█    ▒▒▒▒▒▒▒▒█▓▓█████████████████████████
██████▓████           ████████▒▒▒▒▒▒▒▒▒▒▒▒▒█████▓▓▓▓▓▓▓███████▓▓▓██          ▒▒▒████▀▀▀█▒▒▒▒▒▒▒▒▒▒▒████▓██████████████████▒▒▒▒▒███████████████████████▓██    ▒▒▒▒▒▒▒█▓▓██████████████████████████
█████▓▓██▀             ██████████████▒▒▒▒▒▒▒▒▒███▓▓▓▓███████████▓▓▓███▄▄▄▄▄▄██▀▀▀      █▒▒▒▒▒▒▒▒▒▒███▒█▓█████████████▓▓▓▓▓▓▓██████████████████████████▓█    ▒▒▒▒▒▒▒██▓███████████████████████████
█████▓██▀            ████████▒▒▒▒▒██▒▒▒▒▒▒▒▒▒▒▒██▓▓███████████████▓█   ▀▀▀▀     _▄▄▄█████▒▒▒▒▒▒▒▓██████▓████████▓▓▓▓▓▓▓▓▓▓▓▓▓▓▓▓▓████████████████████▓▓█   ▒▒▒▒▒▒▒██▓▓███████████████████████████
████▓▓█           ▄███◘ █████▒▒▒▒▒██▒▒▒▒▒▒▒▒▒▒▒███▓███████████████▓▓█  _▄▄▄▄█████████████▒▒▒▒▒▒▒███▒▒█▓▓██████▓▓▓▓▓▓▓▓▓▓▓▓▓▓▓▓▓▓▓▓▓▓▓▓▓▓█████████████▓██   ▒▒▒▒▒▒██▓▓████████████████████████████
████▓██          ██▀  ████████▒▒▒▒██▒▒▒▒▒▒▒▒▒▒▒▒██▓▓▓██████████████▓████████████████████▒▒▒▒▒▒▒▒███▒▒█▓█████▓▓▓▓▓▓▓▓▓▓▓▓▓▓▓▓▓▓▓▓▓▓▄▄▄▄▄▓▓▓██████████▓▓█   ▒▒▒▒▒▒▒██▓█████████████████████████████
███▓▓██      █████   ██████████▒▒▒██▒▒▒▒▒▒▒▒▒▒▒▒▒███▓▓█████████████▓▓▀▓▓▓▄██████████████▒▒▒▒▒▒▒▒███▒▒█▓████▓▓▓▓▓▓▓▓▓▓▓▓▓▓▓▓▓▓▓▓▓▓██▀▀ ███▓▓████▓▓▓▓▓▓██  ▒▒▒▒▒▒▒██▀▓█████████████████████████████
███▓▄█      ██▀      ███████████▒▒▒███▒▒▒▒▒▒▒▒▒▒▒▒▒██▓▓▓▓███████████▓▓▓█████████████████▒▒▒▒▒▒▒▒██▒▒██▓▓▓█▓▓▓▓▓▓▓▓▓▓▓▓▓▓▓▓▓▓▓▓▓▓█▀      ██▓▓▓▓▓▓_▄▄▄▄█   ▒▒▒▒▒▒███▓▓█████████████████████████████
███▓██    ██▀     █████▒█████████▒▒▒███▒▒▒▒▒▒▒▒▒▒▒▒▒▒███▓▓█████████▓▓██████████████████▒▒▒▒▒▒▒▒███▒█████▓▓▓▓▓▓▓▓▓▓▓▓▓▓▓▓▓▓▓▓▓▄█      ▄██████▀▀██▀▀▀▀██   ▒▒▒▒▒▒▒█▓▓██████████████████████████████
███▓█   ██▀     ███   ██▒█████████▒▒▒████▒▒▒▒▒▒▒▒▒▒▒▒▒███▓▓███████▓▓██▀▀███████████████▒▒▒▒▒▒▒▒███▒███████▓▓▓▓▓▓▓▓▓▓▓▓▓▓▓▓▓▄██     ▄███▀▀███▄      ▄▄█ ▒▒▒▒▒▒▒▒██▓███████████████████████████████
███▓█  ██     ███      ██▒█████████▒▒▒████▒▒▒▒▒▒▒▒▒▒▒▒████▓████▓▓▓▓██      ▀▀▀████████▒▒▒▒▒▒▒▒▒██▒▒██████████▓▓▓▓▓▓▓▓▓▓▓▓▓██▀     ██▀       ▒███▒▒▒█▒██▒▒▒▒▒▒▒▒█▓▓███████████████████████████████
███▓██████  ███▀        ██▒█████████▒▒▒▒██▒▒▒▒▒▒▒▒▒▒▒▒▒▒██▓▓▓▓▓▓██▀ █            ▀▀███▒▒▒▒▒▒▒▒███▒█████████████▓▓▓▓▓▓▓▓▓▓██    ▄███        ▄▒████▒▒▒▒▒█▒▒▒▒▒▒▒▒█▓████████████████████████████████
███▓▓████████            ██▒█████████▒▒▒██▒▒▒▒▒▒▒▒▒▒▒▒▒▒███▓██▀▀  ▄▄█               █▒▒▒▒▒▒▒▒▒███████████████████▓▓▓▓▓▓▓▓█    █████  █▄▄ ▒▒▒▒▒▒██▒▒▒▒▒▒▒▒▒▒▒▒▒▒█▓████████████████████████████████
███▓██·   ███             ██▒█████████▒▒▒█▒▒▒▒▒▒▒▒▒▒▒▒▒▒███▓██      ▀▀▀█▄▄▄▄        █▒▒▒▒▒▒▒▒▒██████████████████████▓▓▓▓▓██▄██        ◘██▒▒▒▒▒▒██▒▒▒▒▒▒▒▒▒▒▒▒▒██▓████████████████████████████████
███▓██▄     █              ██▒█████████▒▒█▒▒▒▒▒▒▒▒▒▒▒▒▒▒█████             ▀▀████▄▄▄▄█▒▒▒▒▒▒▒▒▒███████████████████████▓▓▓▓▓██▀         █████▒██▒██▒▒▒▒▒▒▒▒▒▒▒▒▒█▓▓████████████████████████████████
███▓▓██    ██               ██▒█████████▒█▒▒▒▒▒▒▒▒▒▒▒▒▒▒█████        ___▄▄ ▄▒▒▒▒▀▀▀▀▒▒▒▒▒▒▒▒▒▒█████████████████████████▓▓▓█▀        ▒▒▒████▒▒▒▒▒▒▒▒▒▒▒▒▒▒▒▒▒▒▒█▓█████████████████████████████████
████▓▓██   █                 █▒▒██████████▒▒▒▒▒▒▒▒▒▒██▒▒███  █▄▄████▒▒▒▒▒▒▒▒▒▒▒▒▒▒▒▒▒▒▒▒▒▒▒▒█████████████████████████████▓█        ▒▒▒▒▒▒▒▒▒▒▒▒▒▒▒▒▒▒▒▒▒▒▒▒▒▒▒█▓▓████████████████████████████████
█████▓▓█   █                 ██▒█████████▒▒▒▒▒▒▒▒▒▒▒█▒▒▒███    ████████████▒▒▒▒▒▒▒▒▒▒▒▒▒▒▒▒▒███████████████████████████████       ▒▒▒▒▒▒▒▒▒▒▒▒▒▒▒▒▒▒▒▒▒▒▒▒▒▒▒▒██▓▓▓██████████████████████████████
██████▓▓███▀█                 ██▒███████▀▒▒▒▒▒▒▒▒▒▒▒██▒▒██       ██▒▒▒▒▒▒▒▒▒▒▒▒▒▒▒▒▒▒▒▒▒▒▒█████████████████████████████████    █   ▒▒▒▒▒▒▒▒▒▒▒▒▒▒▒▒▒▒▒▒▒▒▒▒▒▒▒▒███▓██████████████████████████████
██████▓█    ▀█                 ██▒██████▒▒▒▒▒▒▒▒▒▒▒▒▒█▒███       ██▒▒▒▒▒▒▒▒▒▒▒▒▒▒▒▒▒▒▒▒▒██████████████████████████████████     █   ▒▒▒▒▒▒▒▒▒▒▒▒▒▒▒▒▒▒▒▒▒▒▒▒▒▒▒▒▒█▓▓██████████████████████████████
██████▓█     ██                ██▒█████▒▒▒▒▒▒▒▒▒▒▒▒███████████   █▒▒▒▒▒▒▒▒▒▒▒▒▒▒▒▒▒▒▒▒█████████████████████████████████████    █   ▒▒▒▒▒▒▒▒▒▒▒▒▒▒▒▒▒▒▒▒▒▒▒▒▒▒▒▒██▓███████████████████████████████
██████▓▓█     █                 ██▒██▀▒▒▒▒▒▒▒▒▒▒▒▒▒██▒████████   █▒▒▒▒▒▒▒▒▒▒▒▒▒▒▒▒▒████████████████████████████████████████    █  ▒▒▒▒▒▒▒▒▒▒▒▒▒▒▒▒▒▒▒▒▒▒▒▒▒▒▒▒███▓███████████████████████████████
███████▓█▄▄ ▄██                 ████▀▒▒▒▒▒▒▒▒▒▒▒▒▒████████████   █▒▒▒▒▒▒▒▒▒▒▒▒▒████████████████████████████████████████████    █  ▒▒▒▒▒▒▒▒▒▒▒▒▒▒▒▒▒▒▒▒▒▒▒▒▒▒▒▒██▓▓███████████████████████████████
███████▓▓▓███████                ██▒▒▒▒▒▒▒▒▒▒▒▒▒▒███▒▒▒███████████▒▒▒▒▒▒▒▒▒▒▒██████████████████████████████████████████████▄  ▄█  ▒▒▒▒▒▒▒▒▒▒▒▒▒▒▒▒▒▒▒▒▒▒▒▒▒▒▒██▓▓████████████████████████████████
█████████▓▓█    ██              ██▒▒▒▒▒▒▒▒▒▒█████▒▒███▒▒▒██████████▄▄▒▒▒▒████████████████████████████████████████████████████▀▀██  ▒▒▒▒▒▒▒▒▒▒▒▒▒▒▒▒▒▒▒▒▒▒▒▒▒▒█▓▓█████████████████████████████████
██████████▓▀█    ██            ██▒▒▒▒▒▒▒▒▒▒███████▒▒██▒▒████████████████████████████████████████████████████████████████████▒▒▒██ ▒▒▒▒▒▒▒▒▒▒▒▒▒▒▒▒▒▒▒▒▒▒▒▒▒▒██▓██████████████████████████████████
██████████▓▓█     █            ██▒▒▒▒▒▒▒▒▒▒████████▒▒█████████████▀█████████████████████████████████████████████████████████▒▒█▀▀▒▒▒▒▒▒▒▒▒▒▒▒▒▒▒▒▒▒▒▒▒▒▒▒▒▒██▓▓██████████████████████████████████
███████████▓█▄    ██           █▒▒▒▒▒▒▒▒▒▒██████████▒▒███████████ _▄▄  ▄███████████████████████████████████████████████████▒▒█   ▒▒▒▒▒▒▒▒▒▒▒▒▒▒▒▒▒▒▒▒▒▒▒▒▒▒█▓▓███████████████████████████████████
███████████▓▓█▄ ▄  █          ██▒▒▒▒▒▒▒▒▒▒███████████▒▒████████████████████████████████████████████████████████████████████▒█▀  ▒▒▒▒▒▒▒▒▒▒▒▒▒▒▒▒▒▒▒▒▒▒▒▒▒███▓████████████████████████████████████
████████████▓▓███ ██          ██▒▒▒▒▒▒▒▒▒█████████████▒███████████████████████████████████████████████████████████████████▒██    ▒▒▒▒▒▒▒▒▒▒▒▒▒▒▒▒▒▒▒▒▒▒███▀▓▓████████████████████████████████████
█████████████▓▓▀████           ██▒▒▒▒▒▒▒▒███████████████████████████████████████████████████████████████████████████████████    ▒▒▒▒▒▒▒▒▒▒▒▒▒▒▒▒▒▒▒▒▒▒██▓▓▓▓█████████████████████████████████████
██████████████▓▓▓▓▀██            ████████▒██████████████████████████████████████████████████████████████████████████████████    ▒▒▒▒▒▒▒▒▒▒▒▒▒▒▒▒▒▒▒███▀▓▓████████████████████████████████████████
█████████████████▓▓▓██                 ███▒█████████████████████████████████████████████████████████████████████████████████  ▒▒▒▒▒▒▒▒▒▒▒▒▒▒▒▒▒▒███▓▓▓▓▓█████████████████████████████████████████
███████████████████▓▓██                 ███▒███████████████████████████████████████████████████████████████████████████████  ▒▒▒▒▒▒▒▒▒▒▒▒▒▒▒▒███▓▓▓▓█████████████████████████████████████████████
████████████████████▓▓██                 ███▒██████████████████████████████████████████████████████████████████████████████▒▒▒▒▒▒▒▒▒▒▒▒▒▒▒███▓▓▓▓████████████████████████████████████████████████
█████████████████████▓▓██                 ███▒███████▓████████████████████████████████████████████████████████████████████▒▒▒▒▒▒▒▒▒▒▒▒▒▒███▓▓▓███████████████████████████████████████████████████
██████████████████████▓▓██                 ███▒████▓▓██████████████████████████████████████████████████████████████████████▒▒▒▒▒▒▒▒▒▒██▀▓▓▓▓█████████████████████████████████████████████████████
███████████████████████▓▓██  ··             ███▒██▓▓███████████████████████████████████████████████████████████████████████████▒████▀▓▓▓▓▓███████████████████████████████████████████████████████
████████████████████████▓▓██ ·               ███▓▓▓█████████████████████████████████████████████████████████████████████████████▓▓▓▓▓████████████████████████████████████████████████████████████
█████████████████████████▓▓█                ███▓▓▓███████████████████████████████████████████████████████████████████████████▓▓▓▓██████████████████████░░░░░░████████████████████████████████████
██████████████████████████▓██            ████▓▓▓▓████▀     █████████████████████████████████████████████████████████████████▓▓███████████████████████░░░░░░░░░░██████████████████████████████████
██████████████████████████▓▓██         ███▓▓▓▓█▓██   ▄█████████████████████████████████████████████████████████████████████▓▓███████████████████████░░░░░░░░░░░░█████████████████████████████████
███████████████████████████▓▓██     ████▓▓▓████▓██▄███            ▀███████████████████████████████████████████████████████▓▓█████████████████▒▒▒▒▒▒▒▒▒░░░░░░░░░░░████████████████████████████████
████████████████████████████▓▓██  ███▓▓▓▓██████▓▓████                ████████████████████████████████████████████████████▓▓███████████████▒▒▒▒▒▒▒▒▒▒▒▒▒▒░░░░░░░░░████████████████████████████████
█████████████████████████████▓▓████▓▓▓██████████▓▓██                  ███████████████████████████████████████████████████▓██████████████▒▒▒▒▒▒▒▒▒▒▒▒▒▒▒▒▒░░░░░░░░████████████████████████████████
███████▓▓▓▓▓▓▓▓███████████████▓▓▓▓▓▓█████████████▓█                    █████████████████████████████████████████████████▓▓█████████████▒▒▒▒▒▒▒▒▒▒▒▒▒▒▒▒▒▒▒░░░░░░░████████████████████████████████
██████▓▓██████▓▓▓▓▓██████████████████████████████▓█         ██         ███████████████████████████████████████▓▓▓▓▓▓███▓▓█████████████▒▒▒▒▒▒▒▒▒▒▒▒▒▒▒▒▒▒▒▒░░░░░░█████████████████████████████████
██████▓██    █████▓▓▓█╕█2010█ANSi/NFO█by█b0NG/VsH▓▀█        █▀          █████████▓▓▓▓▓▓▓▓███████████████████▓▓▓██▓▓▓▓▓▓▓▓█████████████▒▒▒▒▒▒▒▒▒▒▒▒▒▒▒▒▒▒▒▒▒░░░░░█████████████████████████████████
██████▓█  ▒▒     ███▓▓▓██████████████████████████▓▓█                     ██████▓▓▓██████▓▓▓▓███████████████▓▓█▓▓▓▓██████▓█████████████▒▒▒▒▒▒▒▒▒▒▒▒▒▒▒▒▒▒▒▒▒░░░███████████████████████████████████
██████▓█ ██▒▒▒▒▒   ███▓▓▓█████████▓▓▓▓▓▓▓▓███▒▒▒██▓██                   ▄█▓▓▓▓▓▓█▓▓▓▓▓▓▓▓██▓▓▓██████████▓▓▓▓▓▓▓████    █▓█████████████▒▒▒▒▒▒▒▒▒▒▒▒▒▒▒▒▒▒▒▒▒██████████████████████████████████████
██████▓█· █████▒▒▒   ███▓▓██████▓▓▓██████▓█▒▒▒▒▒▒▒▓▓▓██▄            ▄▄███▓▓▓███▓▓▓██████▓████▓▓▓▓▓▓▓▓▓▓▓▓▓▓▓████    ▒▒ █▓█████████████▒▒▒▒▒▒▒▒▒▒▒▒▒▒▒▒▒▒▒▒▒████▓▓▓▓▓▓▓▓██████████████████████████
██████▓██    ████▒▒▒·  ██▓▓███▓▓▓███    █▓▒▒▒▒▒▒▒▒▒▒▓▓▓█████▄▄▄██████▓▓▓▓▓███▓▓▓███    █▓█████████████▓▓▓▓███    ▒▒██  █▓██████████████▒▒▒▒▒▒▒▒▒▒▒▒▒▒▒▒▒▒▒▒██▓▓▓██████▓██████████████████████████
██████▓▓████  █████▒▒▒  ██▓▓█▓▓███·  ▒▒ █▓▒▒▒▒▒▒▒▒▒▒▒▒▓▓▓▓▓██████████▓██████▓▓███   ▒▒ █▓██▒▒▒███████▓▓████   ▒▒████  ██▓████████████▓▓▓▓▓▓▓▓▒▒▒▒▒▒▒▒▒▒▒▒▒██▓▓███    █▓▓█████████████████████████
███████▓▓▓▓██  ██████▒▒  ██▓▓▓██ · ▒██  █▓▒▒▒▒▒▒▓▓▓▓▓▒█▓▓▓▓████     █▓████▓▓▓██   ▒██  █▓█▒▒▒▒▒████▓▓▓██    ▒█████   ██▓▓███████████▓▓▓▓▓▓▓▓▓▓▓▒▒▒▒▒▒▒▓▓▓▓▓▓▓██   ▒▒ ██▓█████████████████████████
██████████▓▓██  ██████▒▒  █████ ·▒███▒ ██▓▒▒▒▒▓▓▓▓▓▓▓▓▓▓████    ▒▒▒ █▓███▓▓███  ▒███▒ ██▓▒▒▒▒▒▒▒██▓▓███  ▒▒█████   ███▓▓▓▓▓███████▓▓▓▓▓▓▓▓▓▓▓▓▓▓▓▒▒▓▓▓▓███████  ▒██▒  █▓█████████████████████████
███████████▓▓██  ██████▒▒  ██   █████  █▓▓▒▒▓▓▓▓▓▓▓▓▓▓▓██    ▒▒███▒ █▓██▓▓██   █████  █▓▓▒▒▒▒▒▒▒█▓▓██   ███████  █████████▓▓▓▓▓██▓▓▓▓▓▓▓▓▓▓▓▓▓▓▓▓▓▓▓████       ████▒▒ █▓▓████████████████████████
████████████▓▓██ ███████▒▒    ▒█████  ██▓▒▒▓▓▓▓▓▓▓▓▓▓▓▓█  ▒▒██████▒ █▓█▓▓██  ▒█████  ██▓▓▓▓▓▒▒▒█▓▓██  ▒███████  █████    █████▓▓▓▓▓▓▓▓▓▓▓▓▓▓▓▓▓▓▓▓███    ▒▒▒▒▒██████▒ ██▓████████████████████████
█▓▓▓▓▓▓▓▓▓▓▓▓▓▓█  ███████▒▒  ██████▒ ██▓▓▒▓▓▓▓▓▓▓▓▓▓▓▓▓█ █████████  █▓█▓██  ██████▒ ██▓▓▓▓▓▓▓▓█▓▓██  ████████  ███    ▒▒     ███▓▓▓▓▓▓▓▓▓▓▓▓▓▓▓▓███   ▒▒████████████▒  █▓████████████████████████
▓▓███████████████ ████████  ███████  █▓▓██▓▓▓▓▓▓▓▓▓▓████ ████████▒ ██▓▓▓█  ███████  █▓▓▓▓▓▓▓▓▓▓▓██  ████████▒ ██   ▒▒██   ▒▒   ███▓▓▓▓▓▓▓▓▓▓▓▓▓██   ▒███████████████▒▒ █▓████████████████████████
▓██     ██    ███ ███████▒ ███████▒ ██▓██▓▓▓▓▓▓▓▓▓███    ████████▒ █▓▓▓██ ███████▒ ██▓▓▓▓▓▓▓▓▓▓▓█  █████████     ▒████▒  ██▒▒▒   ███▓▓▓▓▓▓▓▓▓▓██  ▒██████████████████▒ █▓████████████████████████
██  ▒▒▒ █  ▒▒ ██  ███████ ▒███████  █▓▓██▓▓▓▓▓▓▓███   ▒▒▒████████  █▓█▓█  ███████  █▓▓▓▓▓▓▓▓▓████ █████████   ▒▒██████▒  ████▒▒▒   ██▓██████▓██  ████████████████████▒ █▓████████████████████████
█  ███    ██  ██ ███████ ████████▒ ██▓███▓▓▓▓▓███   ▒███████████  ██▓█▓█ ███████▒ ██▓▓▓▓▓▓▓▓██    ████████▒  █████████▒   █████▒▒▒  ███    ███  █████████████████████▒ █▓████████████████████████
█ ███▒▒ ▒██  ██  ██████▒█████████▒ █▓▓███▓▓▓███   ▒████████████▒ ██▓▓█▓█ ███████▒ █▓▓▓▓▓▓▓▓██· ▒▒▒████████▒  █████████▒ ▓ ███████▒▒ ██ ·▒▒   █ ██████████         ███  █▓████████████████████████
█ ████▒███  ███ █████████████████  █▓████▓▓██   ▒██████████████  █▓▓██▓█ ███████  █▓▓▓▓▓▓▓██  ████████████      ██████▒ ▓ ████████▒ ██ ██▒▒▒   ███████                 █▓████████████████████████
█ ██████▒▒ ███  ██████ █████████▒ ██▓███▓▓██  ▒███████████████▒ ██▓███▓█ ██████▒ ██▓▓▓▓▓▓██  ████████████▒ ████   ▒███▒ ▓ ████████▒ ██  ███▒▒▒███████ · ·    ▒▒▒▒▒▒▒▒▒ █▓████████████████████████
█ ███████  ███ ██████▒███ ██████▒ ██▓██▓▓██· █████████████████  █▓▓██▓▓█ ██████▒ ██▓▓▓▓▓██ ·█████████████▒ ██   ▒█████▒ ▓ ████████▒  ██  ███████████▒▒   ▒▒▒█████████▒ █▓████████████████████████
█ ██████▒ ███  █████████  ██████▒  █▓█▓▓██  █████████ ███████▒ ██▓███▓██ ██████▒  █▓▓▓▓██  ██████████████▒ █  ▒███████▒ ▓  ███████▒▒ ███  ███████████▒▒▒█████████████▒ █▓████████████████████████
█ ██████▒ ██  ██████▒██▒  ██████▒▒ █▓█▓██  ████████  ████████  █▓▓███▓█  ██████▒▒ █▓▓▓▓█  ███████████████▒ █ █████████▒ ▓▓ ████████▒ ████  █████████████████   ██████  █▓████████████████████████
█ ██████▒  █ ██████████  ██▒▒▒███▒ █▓█▓█ ·███████    ███████  ██▓████▓█ ██▒▒▒███▒·█▓▓▓██ ████████ ███████▒ █ █████████▒  ▓ ████████▒   · █  █████████████      █████  ██▓████████████████████████
█ ██████▒▒   ▒▒████ ██    ███████▒ █▓█▓█ ███████▒   ███████  ██▓▓████▓█  ███████▒ █▓▓██  ███████▒ ███████▒ █  ████████▒▒ ▓  ███████▒▒ ▒▒ ██   █████████ ▒▒▒   █████▒ ██▓▓████████████████████████
█ ███████▒  █████▒▒██  ██ ███████▒ █▓▓▓█ ███████▒   ██████  ██▓▓█████▓██ ███████▒ █▓▓█  ████████  ███████▒ ██ █████████▒ ▓▓ ████████▒██▒ ████    ██    ███   ██████  █▓▓█████████████████████████
█  ██████▒▒ ████████▒ ███ ███████▒ ██▓▓█ ███████▒▒·        ██▓▓██████▓▓█ ███████▒ ████ ████████   ███████  ██ █████████▒  ▓ ███████████▒  █▓████      ███▒  ██████  ██▓██████████████████████████
█ ████████▒█████████  ███ ███████▒  █▓▓█ ████████▒▒ ·███████▓▓███████▓██ ███████▒   █  ███████▒ ▓   ▒▒▒▒▒▒ ██ █████████▒▒ ▓  ██████████▒▒ █▓▓▓▓████  ████▒▒█████▒  ██▓▓██████████████████████████
█ ████████▒████████  ███  ███████▒▒ █▓▓█  ████████▒▒ ·   ██▓▓▓▓██████▓█  ███████▒▒  █ ████████▒ ▓▓·██████▒ ██  █████████▒  ▓ ███████████  █▓  ▓▓██  ████████████  ██▓▓███████████████████████████
█ ██ █████████████▒ ██▓█ █████████▒ █▓▓██  ████████▒▒▒▒▒  ████▓▓█████▓█ █████████▒  █ ████████▒  ▓ ██████▒  ██ █████████▒▒   █████████▒  ██▓  ▓██  ████████████  ██▓▓████████████████████████████
█    █████████████  █▓▓█ █████████▒ ██▓▓██  ███████████▒▒    ██▓▓████▓█ █████████▒  █ ████████▒▒   ██████▒▒ ██  █████████▒▒▒▒█████████▒  █▓▓ ▓▓█  ████████████  ██▓▓█████████████████████████████
████  ███████████  ██▓▓█ █████████▒  █▓▓▓██  ███████████▒▒▒▒  ██▓▓███▓█ █████████▒  █ █████████▒▒  ███████▒ ███ ██████████████████████▒▒ ██▓▓▓██ ████████████  ██▓▓██████████████████████████████
▓▓▓██ █████████▒  ██▓▓▓█ █████████▒▒ █▓█▓▓██  █████████████▒▒  ██▓▓██▓█ █████████▒▒ █ ██████████▒▒████████▒ █▓█  ██████████████████████▒  █▓▓██  ███████████  ██▓▓███████████████████████████████
█▓▓██ █████████▒ ██▓▓█▓█  █████████▒ █▓██▓▓██  █████████▒███▒▒  ██▓▓█▓█  █████████▒ █  ███████████████████▒ █▓██  █████████████████████▒▒ ████  ███████████  ██▓▓████████████████████████████████
█▓██  █████████  █▓▓██▓██ █████████  █▓███▓▓██   ████████████▒▒  ██▓▓▓██ █████████  ██  ██████████████████▒ ██▓██  ███████████  ████████▒  ██  ███████████  ██▓▓█████████████████████████████████
█▓█  █████████▒ ██▓███▓▓█ ████████  ██▓████▓▓███  ███████▒████▒▒  ██▓▓▓█ ████████  ████   ████████████████▒  █▓▓██  █████████   ████████▒▒ █  ███████████  ██▓▓██████████████████████████████████
█▓█ ███ ██████▒ █▓▓████▓█ ███████  ██▓▓█████▓▓▓██   ██████▒████▒▒  ██▓▓█ ███████  ██▓▓████  ██████████████▒▒ █▓▓▓██   █████   █      ████    █████████    ██▓▓███████████████████████████████████
█▓█ ██  ██████▒ █▓█████▓█  █████  ██▓▓████████▓▓███   ██████████▒▒  ████  █████  ██▓▓▓▓▓███    ████████████▒ █▓█▓▓███       ████████        ████████   ████▓▓██████████████░░░░░█████████████████
█▓█      █████▒ █▓▓████▓██ ████  ██▓▓██████████▓▓▓███    ██ █████▒▒   ███ ████  ██▓▓███▓▓▓████     ████████▒ █▓██▓▓▓█████████▓▓▓▓▓▓███████ ███████   ███▓▓▓▓▓████████████░░░░░░░░░███████████████
█▓██████ █████▒ ██▓████▓██ ███▒ ██▓▓█████████████▓▓▓████     █████▒▒▒   █ ███▒ ██▓▓██████▓▓▓▓█████     ████  █▓████▓▓▓▓▓▓▓▓▓▓▓████▓▓▓▓▓██  ██████▒ ███▓▓▓▓▓▓████▒▒▒▒▒▒▒▒░░░░░░░░░░░░█████████████
█▓▓▓▓▓▓█  ████▒  █▓▓███▓▓█  ██  █▓▓████████████████▓▓▓▓█████   █████▒▒▒ █  ██  █▓▓██████████▓▓▓▓▓█████      ██▓█████████████████████▓▓██  ███████  █▓▓▓▓▓▓▓▓▓▓▓▒▒▒▒▒▒▒▒▒▒▒░░░░░░░░░░░████████████
██████▓██  ███▒▒ ██▓████▓██    ██▓████████████████████▓▓▓▓▓███     ███  ██    ██▓███████████████▓▓▓▓▓████████▓▓███████████████▓▓▓▓▓▓▓██  ██████   ██▓▓▓▓▓▓▓▓▓▓▓▓▒▒▒▒▒▒▒▒▒▒▒░░░░░░░░░░████████████
██████▓▓██  ███▒  █▓████▓▓██████▓▓██████████▒▒▒▒▒█████████▓▓▓█████     ████████▓▓███████████████████▓▓▓▓▓▓▓▓▓▓██████████████▓▓▓███████  █████   ███▓▓▓▓▓▓▓▓▓▓▓▓▓▒▒▒▒▒▒▒▒▒▒▒▒░░░░░░░░░████████████
███████▓▓██  ██▒▒ █▓▓▓▓▓▓▓▓▓▓▓▓▓▓█████████▒▒▒▒▒▒▒▒▒█████████▓▓▓▓▓███████▓▓▓▓▓▓▓▓█████████████████████████████████████████▓▓▓▓███       ███    ███▓▓▓▓▓▓▓▓▓▓▓▓▓▓▓▓▒▒▒▒▒▒▒▒▒▒▒░░░░░░░░░████████████
████████▓▓██  ██  ███████▓▓▓█████████████▒▒▒▒▒▒▒▒▒▒▒▒███████████▓▓▓▓▓▓▓▓▓██████████████████████████▓▓▓▓▓▓▓▓▓▓▓▓▓▓███████▓▓████   ▒▒▒  ██   ████▓▓▓▓▓▓▓▓▓▓▓▓▓▓▓▓▓▓▒▒▒▒▒▒▒▒▒▒▒▒░░░░░░░░████████████
█████████▓▓██           ███▓▓███████████▒▒▒▒▒▒▒▒▒▒▒▒▒▒████████████████████████████████████████████▓▓████████████▓▓▓▓████▓██    ▒███      ███▓▓▓▓▓▓▓▓▓▓▓▓▓▓▓▓▓▓▓▓▓▒▒▒▒▒▒▒▒▒▒▒▒░░░░░░░█████████████
████████▓▓▓▓██  ▒▒▒▒▒▒▒   ██▓▓██████████▒▒▒▒▒▒▒▒▒▒▒▒▒▒████████████████████████████████▓▓▓▓▓▓▓▓███▓▓██          ████▓▓▓▓▓▓█  ▒▒████  ██████▓▓▓▓▓▓▓▓▓▓▓▓▓▓▓▓▓▓▓▓▓▓▓▒▒▒▒▒▒▒▒▒▒▒▒░░░░░░██████████████
██████▓▓▓█████ ███████▒▒▒  ██▓██████████▒▒▒▒▒▒▒▒▒▒▒▒▒▒███████████████████████████████▓▓██████▓███▓██  ▒▒▒▒▒▒▒▒    ███▓████ ██████▒ ██████████▓▓▓▓▓▓▓▓▓▓▓▓▓▓▓▓▓▓▓▓▒▒▒▒▒▒▒▒▒▒▒▒░░░░████████████████
█████▓▓███       ███████▒▒  █▓▓██████████▒▒▒▒▒▒▓▓▓▓▓▓▓▓████████████████████▓▓▓▓▓▓▓▓▓▓▓██    █▓███▓█  ████████▒▒▒▒   ███    ██████           ████▓▓▓▓▓▓▓▓▓▓▓▓▓▓▓▓▓▒▒▒▒▒▒▒▒▒▒▒█████████████████████
████▓▓██   ▒▒▒▒▒▒ ███████▒▒ ██▓▓█▓▓▓▓▓▓▓▓█▒▒▒▓▓▓▓▓▓▓▓▓▓▓▓████▓▓▓▓▓▓▓▓▓▓▓▓▓▓▓███████████  ▒▒ █▓██▓▓█ ████████████▒▒▒  █  ▒▒██████▒   ▒▒▒▒▒▒▒    ███▓▓▓▓▓▓▓▓▓▓▓▓▓▓▒▒▒▒▒▒▒▒▒▒▒██████████████████████
███▓▓██  ▒██████▒▒  ██████▒  ██▓▓▓██████▓▓▓▓▓▓▓▓▓▓▓▓▓▓▓▓▓▓█▓▓▓███████████████        █  ██▒ █▓██▓██ ██████████████▒▒   █████████▒  ███████▒▒▒▒   ████████████▓▓▓▒▒▒▒▒▒▒▒▒▒███████████████████████
█▓▓▓██  █████████▒▒▒▒█████▒▒  █████    █████▓▓▓▓▓▓▓▓▓▓▓▓▓▓▓▓███               ▒▒▒▒▒▒   ███  █▓▓▓▓█  ███████████████▒  ██████████    █████████▒▒▒  █         ███▓▓▒▒▒▒▒▒▒▒████████████████████████
▓▓███  ████████████████████▒▒ ██    ▒▒     ███▓▓▓▓▓▓▓▓▓▓▓▓▓██   ▒▒▒▒▒ ▒▒▒▒▒▒▒██████▒  ███▒ ███████ ████████████████  ██████████▒ ██ ███████████▒▒   ▒▒▒▒▒▒▒   ██▓▓▒▒▒▒▒██████████████████████████
▓██   ██████████████████████▒    ▒▒██   ▒▒   ███▓▓▓▓▓▓▓▓▓▓██  ▒█████ ██████████████  ████▒ ██    █ ███████████████  ███████████▒ ██ ████████████▒  ███████▒▒▒  ██▓▓██████████████████████████████
▓█  ▒███████████████████████▒▒ ▒████▒  ██▒▒▒   ███▓▓▓▓▓████  ██████▒██████████████▒ █████▒ █  ▒▒   ██████████████   ███████████▒ ██  ███████████▒▒ █████████▒▒  ██▓██████████████████████████████
▓█ █████████        █████████▒██████▒  ████▒▒▒   ██▓▓▓██    ██████████████████████ ██████▒ █ ██▒▒  █████████████   ████████████▒ ███ ████████████▒ ██████████▒▒  █▓██████████████████████████████
▓█ ███████             █████████████▒   █████▒▒▒  █▓▓██  ▒▒██████████████████████▒ ██████▒   ███▒  ███████▒  ██    ████████████▒ █▓█  ███████████▒ ███████████▒▒ █▓██████████████████████████████
▓█ ██████▒    ▒▒▒▒▒▒▒▒▒▒▒▒██████████▒ █ ███████▒▒ █▓▓█  █████████████████████████  ██████▒  ████▒  ███████      █ ██████▒██████▒ █▓██ ███████████▒▒████████████▒ █▓██████████████████████████████
▓█ ██████▒▒▒▒█████████████▒▒▒▒██████▒ █ ████████▒ █▓██ █████████████████████████   ██████▒  ████▒  ██████▒ █████  ██████ ██████  █▓▓█  ███████████▒ ████████ ██  █▓██████████████████████████████
▓█ ██████████████████████████▒▒ ▒███▒ █ ████████▒ ████ ████████████████████████  █ ██████▒ █████▒▒ ██████▒ █  ██ ██████▒  ▒▒▒▒▒▒ █████     ███████▒ ██████      ██▓██████████████████████████████
▓█ ███████████████████████████▒█████▒ █ ████████▒  ██  ██████████       ██████  ██ ██████▒ ██████▒ ██████▒ █ ██  ██████  ██████▒        ██ ███████  █████▒▒ █████▓▓██████████████████████████████
▓█ █████████████████████████▒███████▒ █  ███████▒▒ ██ ██████████▒ ███  ██████  ███ ██████▒ ██████▒▒██████▒ ███  ▒█████▒  ██████▒▒▒▒▒▒▒▒ ██ ██████▒   █████▒     █▓███████████████████████████████
▓█ ████████       ▒█████████████████▒ ██ ████████▒ ██ ██████████▒ ██  ██████  ████  █████▒ ███████▒██████▒ ██  ███████▒▒▒█████████████  ██  █████▒   █████▒▒▒▒▒ █▓███████████████████████████████
▓█      ▒▒▒▒▒ █  ███████████████████▒  █ ████████▒        ██████▒    █████      ███ █████▒████████▒██████▒ ██ ███████████████████████  ████ █████▒▒   ████████  █▓███████████████████████████████
▓███  ▒█████    ██████  ████████████▒▒ █  ███████▒▒ ▒▒ ██ ██████▒  ▒█████    ▒▒     █████████▒███████████▒ ██   ████████████████████  ██▓▓█ ██████▒▒▒▒██████   ██▓███████████████████████████████
▓▓██ ██████▒   ██████  ██████████████▒ ██ ████████▒██▒ ██ ██████▒▒█████▒▒▒▒▒██▒▒▒▒  █████████▒ ██████████▒ ███  █████▒    ██████▒▒   ██▓▓▓█  ██████████████▒▒ ██▓▓███████████████████████████████
█▓█  ██████   ██████ ▒█████ █████████▒  █ ███████████▒ ██ ███████████████████████▒▒  ████████▒ ██████████▒  ██ ██████▒ ██ ███████▒ ███▓▓█▓██ ███████████████▒  █▓████████████████████████████████
█▓█ ██████▒  ██████▒█████   █████████▒▒ █  ██████████▒▒ █ ████████████████████████▒  ████████▒  █████████▒▒ ██ ██████▒ ██ ███████▒  █▓▓██▓▓█  ████████ █████▒▒ █▓████████████████████████████████
█▓█ ██████▒ ███████████   █  █████████▒  █ ███████████  █  ███████████████████████▒   ███████▒▒ ██████████▒ ██ ██████▒ ██ ███████▒▒ ██▓███▓██  ██████  ██████▒ █▓████████████████████████████████
█▓█ ██████▒██████████   ████ █████████▒▒   █████████▒  █  ▒███████▒        ███████  █ ████████▒  █████████▒ ██ ██████▒ ██ ████████▒  █▓▓██▓▓██ █████   ██████  █▓████████████████████████████████
▓▓█ ████████████████  ███▓▓█  █████████▒▒▒▒█████████▒  █ █████████▒▒ ███   ██████▒ ██  ███████▒  █████████▒  █ ██████  ██ ████████▒▒ ██▓███▓▓█        ██████  ██▓████████████████████████████████
▓██ ███████████████  ██▓▓▓▓██ ██████████████████████▒▒ █    ███████▒     ▒███████  ███ ███████    ████████▒▒ █ █████  ███  ████████▒  █▓▓█▓▓██  ▒▒ █  █████  ██▓▓████████████████████████████████
▓█  █████████████   ██▓▓▓▓▓▓█  ██████████████████████▒  ███ ███████▒▒  ▒████████  ██▓█  ██ ██▒ ██  ████████▒   ████  ██▓██ ████████▒▒ ██▓▓▓██  ██▒   █████▒ ██▓▓█████████████████████████████████
▓█ █████████████  ███▓▓▓▓▓▓▓██  █████████████████████▒▒ ██  ████████▒▒█████████  ██▓▓██    ██  ███   ██████▒▒  ██   ██▓▓▓█ █████████▒  █▓▓██  ███▒  ██████  █▓▓██████████████████████████████████
▓█ ████████████  ██▓▓▓▓▓▓▓▓▓▓██  ███████████  ████████▒    ▒▒█████████████████  ██▓▓▓▓████    ██▓███ ███████▒     ███▓▓█▓█  ████████▒▒ ██▓█  ████▒ ██████  ██▓███████████████████████████████████
▓█  ██████████  ██▓▓▓▓▓▓▓▓▓▓▓▓██  █████████   ████████▒▒  ██▒▒██████████████   ██▓▓▓▓▓▓▓▓██████▓▓▓▓█  ██████▒▒ ████▓▓▓██▓██ █████████▒  ███ █████▒██████  ██▓▓███████████████████████████████████
▓██ █████████  ██▓▓█▓▓▓▓▓▓▓▓▓▓▓██   █████   █      ████  █████████████████   ███▓▓▓▓▓▓▓▓▓▓▓▓▓▓▓▓▓▓▓██  ██████▒  █▓▓▓████▓▓█ █████████▒▒ ██  ███████████▒ ██▓▓████████████████████████████████████
▓▓█ ████████  ██▓▓█▒▒▒▓▓▓▓▓▒▒█▓▓███       ████████      ████████████████   ███▓▓▓▓▓▓▓▓▓▓▓▓▓▓▓▓▓▓▓▓▓▓██  █████▒▒ █▓███████▓█  █████████▒  █ ████████████  █▓▓█████████████████████████████████████
█▓█ ███████▒ ██▓▓█▒▒▒▒▒▒▒▒▒▒▒▒█▓▓▓█████████▓▓▓▓▓▓█████  ████████████     ███▓▓▓█▓▓▓▓▓▓▓▓▓▓▓▓▓▓▓▓▓▓▓▓▓██   ████▒ █▓███████▓██  ████████▒▒   ███████████  ██▓██████████████████████████████████████
█▓█  ██████  █▓▓██▒▒▒▒▒▒▒▒▒▒▒▒███▓▓▓▓▓▓▓▓▓▓▓████▓▓▓▓▓█ ████████      █████▓▓▓███▓▓▓▓▓▓▓▓▓▓▓▓▓▓▓▓▓▓▒█▓▓███   ██  █▓███████▓▓██   ███████▒▒  ██████████  ██▓▓██████████████████████████████████████
█▓██ █████  ██▓███▒▒▒▒▒▒▒▒▒▒▒█████▓▓▓▓▓▓▓▓▓▓▓███████▓█          ██████▓▓▓▓▓████████▓▓▓▓▓▓▓▓▓▓▓▓▓▒▒▒▒█▓▓▓███    ██▓████████▓▓███   ██████▒▒██████████▒ ██▓▓▓▓█████████████████████████████████████
█▓▓█ ████▒ ██▓▓████▒▒▒▒▒▒▒▒▓▓▓▓▓▓▓▓█████████▓███████▓████████████▓▓▓▓▓▓██████████████▒▓▓▓▓▓▓▓▓▓▒▒▒▒▒███▓▓▓██████▓▓█████████▓▓▓███    ████▒██████████ ██▓▓▓▓▓▓████████████████████████████████████
██▓█  ███  █▓▓██████▒▒▒▒▓▓▓▓████████       █▓███████▓▓▓▓▓▓▓▓▓▓▓▓▓▓███████████████████▒▒▒▒▒▒▒▒▒▒▒▒▒▒▒█████▓▓▓▓▓▓▓▓████████████▓▓▓████   ████████████  █▓▓▓▓▓▓▓████████████████████████████████████
██▓██ ██  ██▓█████████▓▓▓████        ▒▒▒▒▒ █▓████████████████████████████████████████▒▒▒▒▒▒▒▒▒▒▒▒▒▒▒█████████████████████████▓▓▓▓▓▓███   █████████  ██▓▓▓▓▓▓▓▓███████████████████████████████████
██▓▓█    ██▓▓███████▓▓▓███    ▒▒▒▒▒▒▒█████ █▓█████████████████████████████████████████▒▒▒▒▒▒▒▒▒▒▒▒▒███████████████████████▓▓▓▓██████▓██ █████████  ██▓▓▓▓▓▓▓▓▓███████████████████████████████████
██▓▓██████▓▓███████▓▓███   ▒▒▒████████     █▓███████████████████████████████████████████▒▒▒▒▒▒▒▒▒▒█████████████████████▓▓▓▓████    █▓█  ████████  ██▓▓▓▓▓▓▓▓▓▓▒▒▒████████████████████████████████
███▓▓▓▓▓▓▓▓███████▓▓██   ▒▒████████    █████▓███▓▓▓▓▓▓▓▓███████▓▓▓▓▓▓▓▓████████████████████▒▒▒▒▒█████████████████████▓▓▓████    ▒▒ █▓█ ████████  ██▓▓▓▓▓▓▓▓▓▓▓▒▒▒▒▒██████████████████████████████
██████████████▓▓▓▓▓██  ▒▒████████   ████▓▓▓▓▓▓▓▓▓██████▓███████▓██████▓██▓▓▓▓▓▓▓▓█████████████████████████████████▓▓▓▓███    ▒▒▒██ █▓█ ███████  ███████▓▓▓▓▓▓▒▒▒▒▒▒░░░░░░████████████████████████
█████████████▓▓█████  ▒█████████  ███▓▓▓▓█▓▓▓▓████    █▓█████▓▓▓█    █▓█▓▓██████▓███████████████████▓▓▓▓▓▓▓▓█████▓▓████   ▒▒▒████  ███ ████    ███    █▓▓▓▓▓▒▒▒▒▒▒▒░░░░░░░░██████████████████████
███████████▓▓▓██     ▒█████████  ██▓▓▓██▓▓▓████    ▒▒ █▓▓█▓▓▓▓███ ▒▒ █▓▓▓██    █▓█████████████████▓▓▓██████▓███▓▓▓██    ▒▒█████   ███ ██    ████   ▒▒ ██▓▓▒▒▒▒▒▒▒▒▒░░░░░░░░░█████████████████████
██████████▓▓███  ▒▒  █████████  ██▓▓███▓▓███    ▒▒▒██ ██▓▓▓████   ██ █▓███  ▒▒ █▓▓▓▓▓▓▓▓▓▓▓███▓▓▓▓▓███    █▓██▓▓███  ▒▒▒█████   ███▓█   ███████  ▒▒██  █▓▒▒▒▒▒▒▒▒▒▒░░░░░░░░░░████████████████████
█████████▓▓██   ▒██ ▒█████████ ██▓▓███▓▓██   ▒▒▒████   █████    ▒▒██ ███   ▒██ ███████████▓▓▓▓▓█████   ▒▒ █▓█▓▓██   ▒███████  ███▓▓▓█████       ▒████▒ █▓▓▒▒▒▒▒▒▒▒░░░░░░░░░░░░███████████████████
████████▓▓██  ▒▒███ █████████  █▓▓███▓▓██  ▒▒█████  ▒▒       ▒▒▒███  ██  ▒▒███           ███████     ▒▒██ █▓▓▓██  ▒▒███████  ██▓▓▓▓███    ▒▒▒▒▒▒██████ ██▓██▒▒▒▒░░░░░░░░░░░░░░███████████████████
███████▓▓██  ▒████  █████████ ██▓███▓▓██  ▒███████▒▒██▒▒▒▒▒▒▒██████ █   ▒█████ ▒▒▒▒▒▒▒▒▒         ▒▒▒▒███  █▓▓██  ▒████████  ██▓▓▓███   ▒▒▒████████████  █▓█░░░░░░░░░░░░░░░░░░░░██████████████████
██████▓▓██  ▒█████ ▒████████  █▓▓███▓██  ▒███████▒████████████████    ▒▒█████ ▒█████████▒▒▒▒▒▒▒▒▒██████  ██▓▓█  ▒████████  ██▓▓▓██   ▒▒███████████████▒ █▓█░░░░░░░░░░░░░░░░░░░░██████████████████
██████▓██  ▒██████ ████████▒ ██▓███▓▓█  ▒███████▒████████████████  █ ▒███████▒████████████████████████  ██▓▓▓█ ▒█████████ ██▓▓▓██  ▒▒██████████████████ █▓█░░░░░░░░░░░░░░░░░░░░██████████████████
█████▓▓█  ▒██████  ██▒▒▒▒███ █▓▓███▓██ ▒███████▒████████████████  ██ ████████████████████████████████  ███████ █████████  ███▓▓█  ▒████████████████████ █▓██░░░░░░░░░░░░░░░░░░░██████████████████
█████▓██ ▒███████  ▒███████  █▓███▓▓█  ████████████████████████  ███ ███████████████████████████████  ████     ████████     ████ ▒█████████████████████ █▓██░░░░░░░░░░░░░░░░░░███████████████████
█████▓█  ████████  ████████ ██▓▓▓▓▓██ ▒███████████████████████  ████ █████████████████████████████   ████  ▒▒▒▒████████  ▒▒   █  ██████████         ███ █▓████░░░░░░░░░░░░░░░░███████████████████
█████▓█ ▒███████  ▒███████  ████████  ███████   █████████████  ██ █  ███████    ████████████████   █████  ▒████████████  ██▒▒   ▒███████                █▓█████░░░░░░░░░░░░░█████████████████████
█████▓█ ████████  ███████  ██      █ ▒███████      ████████   ██  █ ▒███████ ▓   ▒████████████   ███▓██  ▒████████████    ███▒▒▒███████       ▒▒▒▒▒▒▒▒▒ █▓████████░░░░░░░░███████████████████████
████▓▓█ ████████  ███████ █   ▒▒▒▒   ███████▒▒▒▒ █          ███   █ ████████   ▒▒███████████   ███▓▓██  ▒█████████████ ██  ███████████▒   ▒▒▒▒█████████ █▓███████████████████████████████████████
████▓██ ███████   ██████    ▒▒████  ▒███████████ ████████████   █ █ ████████▒▒▒██████████    ███▓▓▓▓█  ▒██████████████ ███  ███████████▒▒▒█████████████ █▓███████████████████████████████████████
████▓█  ███████   ██████▒▒▒▒█████   ████████████ █████        ███ █ ██████████████████    ████▓▓▓▓▓██ ▒███████████████ █▓██  █████████████████   ██████ █▓███████████████████████████████████████
███▓▓█ ▒███████   ██████████████  █ ███████  ██      ███  █████▓█ █ ███████████████    ████▓▓▓▓██▓██  ████████ ███████ █▓▓██  █████████████     ▒█████  █▓███████████████████████████████████████
███▓██ ███████ ▒▒▒█████████████  ██ ███████▒     ▒▒▒   ██  █▓▓▓▓█ █ ██████████████▒   ██▓▓▓▓████▓▓█  ▒███████  ███████ █▓▓▓██   █████████▒▒▒   ▒█████  ██▓███████████████████████████████████████
███▓█  ██████▒▒██████████████   ███ ████████▒  █ ███▒▒  ██ ██▓▓▓█ █ ██████ ████████▒▒  ██▓▓█████▓██ ▒████████  ███████ █▓█▓▓███    ██   ▒███  ▒██████ ██▓▓███████████████████████████████████████
███▓█ ▒██████████████████     ███▓█  ████████▒   █████▒  █  ██▓▓█ █ ██████  █████████▒  ██▓▓▓███▓█  ████████   ███████ █▓██▓▓▓████     ▒███  ▒██████  █▓▓████████████████████████████████████████
███▓█ ███████████████████  ████▓▓▓██ █████████▒▒▒██████▒ ██  ██▓█ █ ██████▒  █████████▒  ███▓▓██▓█ ▒███████  ▓  ▒▒▒▒▒▒ █▓▓███▓▓▓▓███  ▒████▒▒█████   ██▓█████████████████████████████████████████
███▓█ ██████████   ██████▒   ███▓▓▓█  ██████████████████  ██  ███ █  ██████  ██████████▒   ██▓▓█▓█ ████████ ▓▓▓ ██████ ██▓█████▓▓██  ▒████████████ ███▓▓█████████████████████████████████████████
███▓█ ███████▒   █ ███████▒▒   ██████   ████████████████▒  ██  ██ ██  █████▒  ██████████▒▒  ██▓▓▓█ ████████  ▓▓ ██████  █▓█████▓██  ▒████████████  █▓▓▓██████████████████████████████████████████
███▓█   ██████  ██ █████████▒▒      ███  ████████████████▒  ██  █  ██ ██████   ███████████▒  ██▓▓█ ████████▒    ██████▒ █▓████▓▓█  ▒████████████  ██▓████████████████████████████████████████████
███▓███ ██████▒  █  ██████████▒▒▒▒        ████████████████▒  ██  █  █  █████▒    ██████████▒  █▓▓█ █████████▒  ▒███████ █▓███▓▓██  ████████████  ██▓▓████████████████████████████████████████████
███▓▓▓█  ██████▒  █ ██████████████▒▒▒▒▒▒▒▒▒████████████████▒  ██  █ ██  █████▒    ▒█████████▒ ██▓█ ██████████▒▒████████ █▓██▓▓██  ▒███████████  ██▓▓█████████████████████████████████████████████
█████▓██ ███████▒    ███████████████████████████████████████▒  ██    ██  █████▒   ███████████  ███  ███████████████████ █▓▓▓▓██  ▒███████████  ██▓▓██████████████████████████████████████████████
█████▓▓█  ███████▒    ███████████████████████████████████████▒  ██    ██ ██████▒  ███████████▒  ███  ██████████████████ ██▓▓██  ▒███████████  ██▓▓███████████████████████████████████████████████
██████▓██  ███████▒    █████████████████████  ▒▒██████████████▒  ██    █  ██████▒  ███████████▒   ██   ████████████████  █▓██  ▒███████████  ██▓▓████████████████████████████████████████████████
██████▓▓██  ███████▒▒    █████████████████  ▒▒█████████████████▒  ██   ██  ██████▒  ███████████▒▒  ███   ██████████████▒ █▓█  ▒█████████    ██▓▓█████████████████████████████████████████████████
███████▓▓██       ███ ██   █████████      ▒▒█████      █████████▒  ██   ██     ███   ████████████▒  ████    ████████████ ███ ▒████████   ████▓▓██████████████████████████████████████████████████
████████▓▓███████     ████    ████   █  ▒▒█████   ████   ████████▒  ███  █████     █   ███████████▒   █████     ████████ ██  ███████   ███▓▓▓▓███████████████████████████████████████████████████
█████████▓▓▓▓▓▓▓███████▓▓████      ███ ▒██████  ███▓▓███ █████████▒   ██▓▓▓▓▓█████████  ███████████▒▒   ███████     ████ █  ▒██████  ███▓▓▓██████████████████████████████████████████████████████
███████████████▓▓▓▓▓▓▓▓▓▓▓▓▓████████▓█ ██████  ██▓▓▓▓▓▓█  █████████▒▒  ████▓▓▓▓▓▓▓▓▓▓██   ███████████▒▒   ███ █████        ▒███████ ██▓▓▓████████████████████████████████████████████████████████
███████████████████████████▓▓▓▓▓▓▓▓▓▓█ █████  ██▓▓▓▓▓▓▓██  ██████████▒    █▓████████▓▓███  ████████████▒▒   ███▓▓▓██████  ▒██████   █▓▓██████████████████████████████████████████████████████████
██████████████████████████████████▓▓▓█       ██▓▓▓▓▓▓▓▓▓██    ████████▒▒▒ █▓█████████▓▓▓██    ███████████▒▒   █▓▓▓▓▓▓▓█  ▒█████   ███▓███████████████████████████████████████████████████████████
█████████████████████████████████▓▓▓▓█████████▓▓▓▓▓▓▓▓▓▓▓████       █████ █▓███████████▓▓████     █████████▒▒ █▓▓▓▓▓▓▓█ ▒███    ███▓▓▓▓██████████████████████████████████████████████████████████
█████████████████████████████████▓▓▓▓▓▓▓▓▓▓▓▓▓▓▓▓▓▓▓▓▓▓▓▓▓▓▓███████       █▓████████████▓▓▓▓█████       █████ █▓▓▓▓▓▓▓█ ██   ████▓▓▓▓▓▓▓█████████████████████████████████████████████████████████
█████████████████████████████▒▒▒▒▓▓▓▓▓▓▓▓▓▓▓▓▓▓▓▓▓▓▓▓▓▓▓▓▓▓▓▓▓▓▓▓▓█████████▓███████████████▓▓▓▓▓███████       █▓▓▓▓▓▓▓█    ███▓▓▓▓▓▓▓▓▓▓█████████████████████████████████████████████████████████
███████████████████████████▒▒▒▒▒▒▓▓▓▓▓▓▓▓▓▓▓▓▓▓▓▓▓▓▓▓▓▓▓▓▓▓▓▓▓███▓▓▓▓▓▓▓▓▓▓▓███████████████████▓▓▓▓▓▓▓█████████▓▓▓▓▓▓▓██████▓▓▓▓▓▓▓▓▓▓▓▓█████████████████████████████████████████████████████████
██████████████████████████▒▒▒▒▒▒▒▓▓▓▓▓▓▓▓▓▓▓▓▓▓▓▓▓▓▓▓▓▓▓▓▓▓▓▓▓███████████████████████████████████████▓▓▓▓▓▓▓▓▓▓▓▓▓▓▓▓▓▓▓▓▓▓▓▓▓▓▓▓▓▓▓▓▓▓▓█████████████████████████████████████████████████████████
████████████████████████▒▒▒▒▒▒▒▒▒▓▓▓▓▓▓▓▓▓▓▓▓▓▓▓▓▓▓▓▓▓▓▓▓▓▓▓▓███████████████████████████████████████████▓▓▓▓▓▓▓▓▓▓▓▓▓▓▓▓▓▓▓▓▓▓▓▓▓▓▓▓▓▓▓▓█████████████████████████████████████████████████████████
████████████████████████▒▒▒▒▒▒▒▒▒▒▓▓▓▓▓▓▓▓▓▓▓▓▓▓▓▓▓▓▓▓▓▓▓▓▓▓█╔══════════════════════════════════╗███████▓▓▓▓▓▓▓▓▓▓▓▓▓▓▓▓▓▓▓▓▓▓▓▓▓▓▓▓▓▓▓██████████████████████████████████████████████████████████
███████████████████████▒▒▒▒▒▒▒▒▒▒▒▒▓▓▓▓▓▓▓▓▓▓▓▓▓▓▓▓▓▓▓▓▓▓▓▓██║      »ViCi0US SUBWAY H3R0S«      ║████████▓▓▓▓▓▓▓▓▓▓▓▓▓▓▓▓▓▓▓▓▓▓▓▓▓▓▓▓▓▓▒▒▒███████████████████████████████████████████████████████
███████████████████████▒▒▒▒▒▒▒▒▒▒▒▒▒▓▓▓▓▓▓▓▓▓▓▓▓▓▓▓▓▓▓▓▓▓▓═══╣                                  ╠═════════▓▓▓▓▓▓▓▓▓▓▓▓▓▓▓▓▓▓▓▓▓▓▓▓▓▓▓▓▒▒▒▒▒▒█████████████████████████████████████████████████████
███████████████████████▒▒▒▒▒▒▒▒▒▒▒▒▒▒▒▓▓▓▓▓▓▓▓▓▓▓▓▓▓▓▓▓▓▓    ║         PR0UDLY PR353N75         ║          ▓▓▓▓▓▓▓▓▓▓▓▓▓▓▓▓▓▓▓▓▓▓▓▓▓▓▒▒▒▒▒▒▒▒▒███████████████████████████████████████████████████
███████████████████████▒▒▒▒▒▒▒▒▒▒▒▒▒▒▒▒▒▓▓▓▓▓▓▓▓▓▓▓▓▓▓▓      ╚══════════════════════════════════╝            ▓▓▓▓▓▓▓▓▓▓▓▓▓▓▓▓▓▓▓▓▓▓▓▒▒▒▒▒▒▒▒▒▒▒██████████████████████████████████████████████████
███████████████████████▒▒▒▒▒▒▒▒▒▒▒▒▒▒▒▒▒▒▒▒▒▒▒▒                                                                ▓▓▓▓▓▓▓▓▓▓▓▓▓▓▓▓▓▓▓▒▒▒▒▒▒▒▒▒▒▒▒▒██████████████████████████████████████████████████
████████████████████░░░▒▒▒▒▒▒▒▒▒▒▒▒▒▒▒▒▒▒▒▒▒▒▒▒             Tsunami.Royals.2010.DVDRip.X264-VsHX264               ▓▓▓▓▓▓▓▓▓▓▓▓▓▓▒▒▒▒▒▒▒▒▒▒▒▒▒▒▒▒█████████████████████████████████████████████████
███████████████████░░░░░▒▒▒▒▒▒▒▒▒▒▒▒▒▒▒▒▒▒▒▒▒▒                 ╔════════════════╦═══════════════╗                           ║ ▒▒▒▒▒▒▒▒▒▒▒▒▒▒▒▒▒▒█████████████████████████████████████████████████
██████████████████░░░░░░▒▒▒▒▒▒▒▒▒▒▒▒▒▒▒▒▒▒▒▒▒▒                 ║                ║               ║                           ║ ▒▒▒▒▒▒▒▒▒▒▒▒▒▒▒▒▒▒█████████████████████████████████████████████████
█████████████████░░░░░░░░▒▒▒▒▒▒▒▒▒▒╔══════════════════════════════════╗         ║          ╔════════════════════════════════╣ ▒▒▒▒▒▒▒▒▒▒▒▒▒▒▒▒▒▒█████████████████████████████████████████████████
█████████████████░░░░░░░░░░▒▒▒▒▒▒▒▒║iF.4R7.iS.CRiM3.7H3N.W3.4R3.GUiLTY║         ║          ║FR0M.7H3.57R3375.F0R.7H3.57R3375║ ▒▒▒▒▒▒▒▒▒▒▒▒▒▒▒▒▒██████████████████████████████████████████████████
████████████████░░░░░░░░░░░░▒▒▒▒▒▒▒╚══════════════════════════════════╣         ║          ╠════════════════════════════════╝  ▒▒▒▒▒▒▒▒▒▒▒▒▒▒▒███████████████████████████████████████████████████
████████████████░░░░░░░░░░░░░░░▒▒▒▒▒▒▒▒▒▒▒                     ║      ║         ║          ║    ║                                ▒▒▒▒▒▒▒▒▒▒▒▒████████████████████████████████████████████████████
████████████████░░░░░░░░░░░░░░░░░░░░                           ║      ║         ║          ║    ║                                  ▒▒▒▒▒▒▒▒▒█████████████████████████████████████████████████████
████████████████░░░░░░░░░░░░╔═════════════════════════════════════════╩══════╗  ║ ╔════════╩════════════════════════════════════════╗████████████████████████████████████████████████████████████
█████████████████░░░░░░░░░░░║               -=RLS.0V3RVi3W=-                 ║  ║ ║                 -=RLS.iNF0=-                    ║████████████████████████████████████████████████████████████
█████████████████░░░░░░░░░░░║                                                ║  ║ ║                                                 ║████████████████████████████████████████████████████████████
██████████████████░░░░░░░░░░║Source.Year:......2010                          ║  ║ ║V-Codec:..........[ ] Xvid      [x] h.264        ║████████████████████████████████████████████████████████████
██████████████████░░░░░░░░░░║                                                ║  ║ ║                                                 ║████████████████████████████████████████████████████████████
████████████████████░░░░░░░░║RLS.Date:.........2010/12/06                    ║  ║ ║V-Bitrate:........1012kb/s                       ║████████████████████████████████████████████████████████████
███████████████████████░░░░░║                                                ║  ║ ║                                                 ║████████████████████████████████████████████████████████████
████████████████████████████║RLS.Source:.......[ ] DVDR-5 [x] DVDR-9         ║  ║ ║Movie-Res.:.......712*576 (1036*576)             ║████████████████████████████████████████████████████████████
████████████████████████████║                                                ║  ║ ║                                                 ║████████████████████████████████████████████████████████████
████████████████████████████║                  [ ] VHS    [ ] TV             ║  ║ ║                                                 ║████████████████████████████████████████████████████████████
████████████████████████████║                                                ║  ║ ║                                                 ║████████████████████████████████████████████████████████████
█████████████████████████▒▒▒║RLS.Type:.........[ ] VHSRip [x] DVDRip         ║  ║ ║Bonus-Res.:.......xxx*xxx (xxx*xxx)              ║██░░░░░░████████████████████████████████████████████████████
███████████████████████▒▒▒▒▒║                                                ║  ║ ║                                                 ║█░░░░░░░░███████████████████████████████████████████████████
██████████████████████▒▒▒▒▒▒║                  [ ] TVRip                     ║  ║ ║Aspect.Ratio:.....[ ] 1.333:1 [ ] 1.778:1        ║░░░░░░░░░░██████████████████████████████████████████████████
█████████████████████▒▒▒▒▒▒▒║                                                ║  ║ ║                                                 ║░░░░░░░░░░██████████████████████████████████████████████████
████████████████████▒▒▒▒▒▒▒▒║RLS.Format:.......[x] PAL [ ] NTSC              ║  ║ ║                  [ ] 1.818:1 [x] 1.798:1        ║░░░░░░░░░░██████████████████████████████████████████████████
████████████████████▒▒▒▒▒▒▒▒║                                                ║  ║ ║                                                 ║█░░░░░░░░███████████████████████████████████████████████████
████████████████████▒▒▒▒▒▒▒▒║Supplier:.........VsH                           ║  ║ ║Framerate:........[x] 25fps [ ] 29,970fps        ║███░░░░█████████████████████████████████████████████████████
████████████████████▒▒▒▒▒▒▒▒║                                                ║  ║ ║                                                 ║████████████████████████████████████████████████████████████
█████████████████████▒▒▒▒▒▒▒║Ripper:...........VsH                           ║  ║ ║Passes:...........[x] 2 [ ] 6 [ ] n/a            ║████████████████████████████████████████████████████████████
█████████████████████▒▒▒▒▒▒▒║                                                ║  ║ ║                                                 ║████████████████████████████████████████████████████████████
██████████████████████▒▒▒▒▒▒║Label:............Royals Crew                   ║  ║ ║A-Codec:..........[x] AC3 [ ] AAC [ ] MP3        ║████████████████████████████████████████████████████████████
████████████████████████▒▒▒▒║                                                ║  ║ ║                                                 ║████████████▒▒▒█████████████████████████████████████████████
██████████████████████████▒▒║Cover:............[x] included [ ] not included ║  ║ ║A-Bitrate:........[ ] 128kb/s [x] 192kb/s        ║███████████▒▒▒▒▒████████████████████████████████████████████
████████████████████████████║                                                ║  ║ ║                                                 ║██████████▒▒▒▒▒▒▒███████████████████████████████████████████
████████████████████████████║Booklet:..........[ ] included [x] n/a          ║  ║ ║                  [ ] 224kb/s [ ] 256kb/s        ║███████████▒▒▒▒▒████████████████████████████████████████████
████████████████████████████║                                                ║  ║ ║                                                 ║████████████▒▒▒█████████████████████████████████████████████
████████████████████████████║Bonus:............[ ] included [x] not included ║  ║ ║                  [ ] 384kb/s [ ] 448kb/s        ║████████████████████████████████████████████████████████████
████████████████████████████║                                                ║  ║ ║                                                 ║████████████████████████████████████████████████████████████
████████████████████████████║Subtitles:........[x] EN [ ] DE [x] ES [x] FR   ║  ║ ║Samplerate:.......48000Hz                        ║████████████████████████████████████████████████████████████
████████████████████████████║                                                ║  ║ ║                                                 ║████████████████████████████████████████████████████████████
████████████████████████████║                  [ ] RU [ ] PL [ ] JP [x] Other║  ║ ║Channels:.........[x] 2.0 [ ] 2.1 [ ] 3.2 [ ] 5.1║████████████████████████████████████████████████████████████
████████████████████████████║                                                ║  ║ ║                                                 ║████████████████████████████████████████████████████████████
████████████████████████████║                  [ ] none                      ║  ║ ║AVCLevel/Profile:.[ ] none [x] Level 4.1/HighProf║████████████████████████████████████████████████████████████
████████████████████████████║                                                ║  ║ ║                                                 ║████████████████████████████████████████████████████████████
████████████████████████████║Language:.........spanish                       ║  ║ ║Cabac:............[x] Yes [ ] No                 ║████████████████████████████████████████████████████████████
████████████████████████████║                                                ║  ║ ║                                                 ║████████████████████████████████████████████████████████████
████████████████████████████║Genre:............Graffiti Movie                ║  ║ ║B/Ref.Frames:.....8/7                            ║████████████████████████████████████████████████████████████
████████████████████████████║                                                ║  ║ ║                                                 ║████████████████████████████████████████████████████████████
████████████████████████████║Country:..........Spain                         ║  ║ ║Trellis:..........[ ] none [ ] 1 [x] 2           ║████████████████████████████████████████████████████████████
████████████████████████████║                                                ║  ║ ║                                              ▓▓▓▓▓▓▓█████████████████████████████████████████████████████████
████████████████████████████║Duration:.........01:38:55                      ║  ║ ║Container:........[ ] avi [x] mkv           ▓▓▓▓▓▓▓▓▓▓▓▓██████████████████████████████████████████████████████
████████████████████████████║                                                ║  ║ ║                                           ▓▓▓▓▓▓▓▓▓▓▓▓▓▓▓████████████████████████████████████████████████████
████████████████████████████║Movie.Size:.......894MB                         ║  ║ ║Archive.Type:.....7z                      ▓▓▓▓▓▓▓▓▓▓▓▓▓▓▓▓▓███████████████████████████████████████████████████
████████████████████████████║                                                ║  ║ ║                                         ▓▓▓▓▓▓▓▓▓▓▓▓▓▓▓▓▓▓▓██████████████████████████████████████████████████
████████████████████████████║No.Of.Files:......60*15MB                       ║  ║ ║CRC.File:.........sfv                   ▓▓▓▓▓▓▓▓▓▓▓▓▓▓▓▓▓▓▓▓▓█████████████████████████████████████████████████
████████████████████████████║                                                ║  ║ ║                                        ▓▓▓▓▓▓▓▓▓▓▓▓▓▓▓▓▓▓▓▓▓█████████████████████████████████████████████████
████████████████████████████║No.Of.DiSC's:.....1/5 DVD                       ║  ║ ║VsH.Rating:.......9.8/10                ▓▓▓▓▓▓▓▓▓▓▓▓▓▓▓▓▓▓▓▓▓█████████████████████████████████████████████████
████████████████████████████╚════════════════════════════════════════════════╣  ║ ╠════════════════════════════════════════▓▓▓▓▓▓▓▓▓▓▓▓▓▓▓▓▓▓▓▓▓█████████████████████████████████████████████████
███████████████████████████████████████████████████████████████║             ║  ║ ║             ║██████████████████████████▓▓▓▓▓▓▓▓▓▓▓▓▓▓▓▓▓▓▓▓▓█████████████████████████████████████████████████
███████████████████████████████████████████████████████████████║             ║  ║ ║             ║███████████████████████████▓▓▓▓▓▓▓▓▓▓▓▓▓▓▓▓▓▓▓██████████████████████████████████████████████████
███████████████████████████████████████████████████████████████║      ╔══════╩════╩═══════╗     ║███████████████████████████▒▓▓▓▓▓▓▓▓▓▓▓▓▓▓▓▓▓███████████████████████████████████████████████████
███████████████████████████████████████████████████████████████║      ║W0RLDWiD3.C0NN3C73D║     ║█████████████████████████▒▒▒▓▓▓▓▓▓▓▓▓▓▓▓▓▓▓▓░░░█████████████████████████████████████████████████
███████████████████████████████████████████████████████████████║      ╚══════╦════╦═══════╝     ║████████████████████████▒▒▒▒▒▒▓▓▓▓▓▓▓▓▓▓▓▓▓░░░░░░███████████████████████████████████████████████
███████████████████████████████████████████████████████████████║             ║  ║ ║             ║████████████████████████▒▒▒▒▒▒▒▒▓▓▓▓▓▓▓▓▓░░░░░░░░░██████████████████████████████████████████████
█████████████████████████████████████▒▒▒▒▒▒████████████████████║             ║  ║ ║             ║███████████████████████▒▒▒▒▒▒▒▒▒▒▒▒▒▒▒▒▒▒░░░░░░░░░██████████████████████████████████████████████
████████████████████████████████████▒▒▒▒▒▒▒▒██████╔══════════════════════════╩════╩══════════════════════════════╗██████▒▒▒▒▒▒▒▒▒▒▒▒▒▒▒▒▒▒░░░░░░░░░██████████████████████████████████████████████
███████████████████████████████████▒▒▒▒▒▒▒▒▒▒█████║                         -=PL0T=-                             ║██████▒▒▒▒▒▒▒▒▒▒▒▒▒▒▒▒▒▒░░░░░░░░░██████████████████████████████████████████████
██████████████████████████████████▒▒▒▒▒▒▒▒▒▒▒▒████║                                                              ║███████▒▒▒▒▒▒▒▒▒▒▒▒▒▒▒▒▒░░░░░░░░░██████████████████████████████████████████████
██████████████████████████████████▒▒▒▒▒▒▒▒▒▒▒▒████║     Today we bring you another graffiti movie from Spain.    ║███████▒▒▒▒▒▒▒▒▒▒▒▒▒▒▒▒░░░░░░░░░░██████████████████████████████████████████████
██████████████████████████████████▒▒▒▒▒▒▒▒▒▒▒▒████║                                                              ║████████▒▒▒▒▒▒▒▒▒▒▒▒▒░░░░░░░░░░░███████████████████████████████████████████████
███████████████████████████████████▒▒▒▒▒▒▒▒▒▒█████║                 -=T.S.U.N.A.M.i.R.O.Y.A.L.S.=-               ║█████████▒▒▒▒▒▒▒▒▒▒▒▒░░░░░░░░░░████████████████████████████████████████████████
████████████████████████████████████▒▒▒▒▒▒▒▒██████║                                                              ║████████████▒▒▒▒▒▒█████░░░░░░██████████████████████████████████████████████████
█████████████████████████████████████▒▒▒▒▒▒███████║        Today we bring you the longawaited 3rd part from      ║███████████████████████████████████████████████████████████████████████████████
██████████████████████████████████████████████████║        the Tsunami graffiti video serie from spain.          ║███████████████████████████████████████████████████████████████████████████████
██████████████████████████████████████████████████║        The 3rd Tsunami wave will blow your socks off         ║███████████████████████████████████████████████████████████████████████████████
██████████████████████████████████████████████████║        and you will see what these spanish boyz did in       ║███████████████████████████████████████████████████████████████████████████████
██████████████████████████████████████████████████║        2010. Apart from short trips across Europe or NY      ║██████░░░░░░███████████████████████████████████████████████████████████████████
██████████████████████████████████████████████████║        and Buenos Aires, they have apparently had enough     ║█████░░░░░░░░██████████████████████████████████████████████████████████████████
██████████████████████████████████████████████████║        time to deliver a technically superb and overall      ║████░░░░░░░░░░█████████████████████████████████████████████████████████████████
██████████████████████████████████████████████████║        well thought out video.                               ║███░░░░░░░░░░░░████████████████████████████████████████████████████████████████
██████████████████████████████████████████████████║        Anyway, it seems that the "Royals" dont have only     ║███░░░░░░░░░░░░████████████████████████████████████████████████████████████████
██████████████████████████████████████████████████║        graffiti in their head. They also do alot of other    ║████░░░░░░░░░░█████████████████████████████████████████████████████████████████
██████████████████████████████████████████████████║        stuff which is a nice addition to the movie and       ║█████░░░░░░░░██████████████████████████████████████████████████████████████████
██████████████████████████████████████████████████║        this makes it even more fun to watch it.              ║██████░░░░░░███████████████████████████████████████████████████████████████████
██████████████████████████████████████████████████║        Musically, they also prove their good taste and       ║███████████████████████████████████████████████████████████████████████████████
██████████████████████████████████████████████████║        make sure that the atmosphere is conveyed perfectly.  ║███████████████████████████████████████████████████████████████████████████████
██████████████████████████████████████████████████║                                                              ║▒██████████████████████████████████████████████████████████████████████████████
██████████████████████████████████████████████▓▓▓▓║        Featured City's:                                      ║▒▒█████████████████████████████████████████████████████████████████████████████
████████████████████████████████████████████▓▓▓▓▓▓║        Valencia, Madrid, Barcelona, Paris, New York,         ║▒▒▒████████████████████████████████████████████████████████████████████████████
██████████████████████████████████████████▓▓▓▓▓▓▓▓║        Buenos Aires, Amsterdam, Brussels, Marseille,         ║▒▒▒████████████████████████████████████████████████████████████████████████████
█████████████████████████████████████████▓▓▓▓▓▓▓▓▓║        Rome, Oslo, Rotterdam, Berlin, Milan, Bucharest       ║▒▒▒████████████████████████████████████████████████████████████████████████████
███████████████████████████████████████▓▓▓▓▓▓▓▓▓▓▓║                                                              ║▒▒▒████████████████████████████████████████████████████████████████████████████
██████████████████████████████████████▓▓▓▓▓▓▓▓▓▓▓▓║                                                              ║▒▒▒████████████████████████████████████████████████████████████████████████████
█████████████████████████████████████▓▓▓▓▓▓▓▓▓▓▓▓▓║                                                              ║▒▒█████████████████████████████████████████████████████████████████████████████
█████████████████████████████████████▓▓▓▓▓▓▓▓▓▓▓▓▓║                                                              ║▒██████████████████████████████████████████████████████████████████████████████
████████████████████████████████████▓▓▓▓▓▓▓▓▓▓▓▓▓▓║                                                              ║███████████████████████████████████████████████████████████████████████████████
████████████████████████████████████▓▓▓▓▓▓▓▓▓▓▓▓▓▓║                                                              ║███████████████████████████████████████████████████████████████████████████████
████████████████████████████████████▓▓▓▓▓▓▓▓▓▓▓▓▓▓║                                                              ║███████████████████████████████████████████████████████████████████████████████
████████████████████████████████████▓▓▓▓▓▓▓▓▓▓▓▓▓▓║                                                              ║███████████████████████████████████████████████████████████████████████████████
███████████████████████████████████▓▓▓▓▓▓▓▓▓▓▓▓▓▓▓║                                                              ║███████████████████████████████████████████████████████████████████████████████
███████████████████████████████████▓▓▓▓▓▓▓▓▓▓▓▓▓▓▓║                                                              ║███████████████████████████████████████████████████████████████████████████████
███████████████████████████████████▓▓▓▓▓▓▓▓▓▓▓▓▓▓▓║                            ...another fine Release by VsH    ║███████████████████████████████████████████████████████████████████████████████
███████████████████████████████████▓▓▓▓▓▓▓▓▓▓▓▓▓▓▓╚══════════════════════════╦════╦══════════════════════════════╝███████████████████████████████████████████████████████████████████████████████
███████████████████████████████████▓▓▓▓▓▓▓▓▓▓▓▓▓▓▓▓▓▓▓▓▓▓▓▓▓▓▓▓▓▓▓▓▓▓▓▓      ║  ║ ║             ║████████████████████████████████████████████████████████████████████████████████████████████████
████████████████████████████████████▓▓▓▓▓▓▓▓▓▓▓▓▓▓▓▓▓▓▓▓▓▓▓▓▓▓▓▓▓▓▓▓▓▓▓      ║  ║ ║             ║████████████████████████████████████████████████████████████████████████████████████████████████
████████████████████████████████████▓▓▓▓▓▓▓▓▓▓▓▓▓▓▓▓▓▓▓▓▓▓▓▓▓▓▓▓▓▓▓╔═════════╩════╩═══════════╗ ║████████████████████████████████████████████████████████████████████████████████████████████████
█████████████████████████████████████▓▓▓▓▓▓▓▓▓▓▓▓▓▓▓▓▓▓▓▓▓▓▓▓▓▓▓▓▓▓║GR4FFi7i.4DDiC73D.F0R.LiF3║ ║████████████████████████████████████████████████████████████████████████████████████████████████
██████████████████████████████████████▓▓▓▓▓▓▓▓▓▓▓▓▓▓▓▓▓▓▓▓▓▓▓▓▓▓▓▓▓╚═════════╦════╦═══════════╝ ║████████████████████████████████████████████████████████████████████████████████████████████████
██████████████████████████████████████▓▓▓▓▓▓▓▓▓▓▓▓▓▓▓▓▓▓▓▓▓▓▓▓▓▓▓▓▓▓▓        ║  ║ ║             ║████████████████████████████████████████████████████████████████████████████████████████████████
███████████████████████████████████████▓▓▓▓▓▓▓▓▓▓▓▓▓▓▓▓▓▓▓▓▓▓▓▓▓▓▓▓▓         ║  ║ ║             ║████████████████████████████████████████████████████████████████████████████████████████████████
████████████████████████████████████████▓▓▓▓▓▓▓▓▓▓▓▓▓▓▓▓▓▓▓▓▓▓▓▓▓▓▓          ║  ║ ║             ║████████████████████████████████████████████████████████████████████████████████████████████████
██████████████████████████████████████▒▒▒▒▒▓▓▓▓▓▓▓▓▓▓▓▓▓▓▓▓▓▓▓▓▓▓▓    ╔══════╩════╩═════════╗   ║████████████████████████████████████████████████████████████████████████████████████████████████
█████████████████████████████████████▒▒▒▒▒▒▒▒▓▓▓▓▓▓▓▓▓▓▓▓▓▓▓▓▓▓▓      ║-=GR33TiNGS/R3SP3CT=-║   ║████████████████████████████████████████████████████████████████████████████████████████████████
████████████████████████████████████▒▒▒▒▒▒▒▒▒▒▒▒▓▓▓▓▓▓▓▓▓▓▓▓▓▓█║      ║                     ║   ║████████████████████████████████████████████████████████████████████████████████████████████████
███████████████████████████████████▒▒▒▒▒▒▒▒▒▒▒▒▒▒▒▒▒▒▒▒▒▒▒▒▒███║      ║  to all who know us ║   ║████████████████████████████████████████████████████████████████████████████████████████████████
███████████████████████████████████▒▒▒▒▒▒▒▒▒▒▒▒▒▒▒▒▒▒▒▒▒▒▒▒▒▒██║      ╚══════╦════╦═════════╝   ║████████████████████████████████████████████████████████████████████████████████████████████████
██████████████████████████████████▒▒▒▒▒▒▒▒▒▒▒▒▒▒▒▒▒▒▒▒▒▒▒▒▒▒▒▒█║             ║  ║ ║             ║████████████████████████████████████████████████████████████████████████████████████████████████
██████████████████████████████████▒▒▒▒▒▒▒▒▒▒▒▒▒▒▒▒▒▒▒▒▒▒▒▒▒▒▒▒█║             ║  ║ ║             ║████████████████████████████████████████████████████████████████████████████████████████████████
██████████████████████████████████▒▒▒▒▒▒▒▒▒▒▒▒▒▒▒▒▒▒▒▒▒▒▒▒▒▒▒▒█║             ║  ║ ║             ║████████████████████████████████████████████████████████████████████████████████████████████████
██████████████████████████████████▒▒▒▒▒▒▒▒▒▒▒▒▒▒▒▒▒▒▒▒▒▒▒▒▒▒▒▒█║       ╔═════╩════╩════════╗    ║████████████████████████████████████████████████████████████████████████████████████████████████
██████████████████████████████████▒▒▒▒▒▒▒▒▒▒▒▒▒▒▒▒▒▒▒▒▒▒▒▒▒▒▒▒█║       ║R3CL4iM.7H3.57R3375║    ║████████████████████████████████████████████████████████████████████████████████████████████████
██████████████████████████████████▒▒▒▒▒▒▒▒▒▒▒▒▒▒▒▒▒▒▒▒▒▒▒▒▒▒▒▒█║       ╚═════╦════╦════════╝    ║████████████████████████████████████████████████████████████████████████████████████████████████
███████████████████████████████████▒▒▒▒▒▒▒▒▒▒▒▒▒▒▒▒▒▒▒▒▒▒▒▒▒▒██║             ║  ║ ║             ║████████████████████████████████████████████████████████████████████████████████████████████████
████████████████████████████████████▒▒▒▒▒▒▒▒▒▒▒▒▒▒▒▒▒▒▒▒▒▒▒▒███║             ║  ║ ║             ║████████████████████████████████████████████████████████████████████████████████████████████████
█████████████████████████████████████▒▒▒▒▒▒▒▒▒▒▒▒▒▒▒▒▒▒▒▒▒█████║             ║  ║ ║             ║████████████████████████████████████████████████████████████████████████████████████████████████
███████████████████████████████████████▒▒▒▒▒▒▒╔══════════════════════════════╩════╩═══════════════════════════════════╗██████████████████████████████████████████████████████████████████████████
██████████████████████████████████████░░░░▒▒▒▒║                             -=C0NTACT=-                               ║██████████████████████████████████████████████████████████████████████████
██████████████████████████████████████░░░░░░░░║                                                                       ║██████████████████████████████████████████████████████████████████████████
█████████████████████████████████████░░░░░░░░░║iF.Y0U.WANNA.G3T.iN.T0UCH.WiTH.US.TH3N.FiND.iN.M3DiTATi0N.TH3.WAY.T0.US║██████████████████████████████████████████████████████████████████████████
█████████████████████████████████████░░░░░░░░░╚══════════════════════════════╦════╦═══════════════════════════════════╝██████████████████████████████████████████████████████████████████████████
█████████████████████████████████████░░░░░░░░░░░░░░░░░░████████║             ║  ║ ║             ║████████████████████████████████████████████████████████████████████████████████████████████████
█████████████████████████████████████░░░░░░░░░░░░░░░░░░████████║             ║  ║ ║             ║████████████████████████████████████████████████████████████████████████████████████████████████
██████████████████████████████████████░░░░░░░░░░░░░░░░░████████║             ║  ║ ║             ║████████████████████████████████████████████████████████████████████████████████████████████████
███████████████████████████████████████░░░░░░░░╔═════════════════════════════╩════╩══════════════════════════════════╗███████████████████████████████████████████████████████████████████████████
████████████████████████████████████████░░░░░░░║                          -=SP3Ci4L.N0T3S=-                          ║███████████████████████████████████████████████████████████████████████████
██████████████████████████████████████████░░░░░║                                                                     ║███████████████████████████████████████████████████████████████████████████
███████████████████████████████████████████████║                                                                     ║███████████████████████████████████████████████████████████████████████████
███████████████████████████████████████████████║               D0N7.45K.U5.H0W.70.3X7R4C7.7Hi5.R3L3453               ║███████████████████████████████████████████████████████████████████████████
███████████████████████████████████████████████║                                                                     ║███████████████████████████████████████████████████████████████████████████
██████████████████████████████████████████░░░░░║iF.Y0U.D0N7.KN0W.H0W.70.3X7R4C7.i7.7H3N.Y0U.4R3.N07.W0R7H.W47CHiNG.i7║███████████████████████████████████████████████████████████████████████████
█████████████████████████████████████████░░░░░░║                                                                     ║███████████████████████████████████████████████████████████████████████████
████████████████████████████████████████░░░░░░░║  M0R3.FR35H.4ND.H07.5Hi7.WiLL.B3.R3L3453D.iN.2010.-.574Y.7UN3D!!!!! ║███████████████████████████████████████████████████████████████████████████
████████████████████████████████████████░░░░░░░╚═════════════════════════════╦════╦══════════════════════════════════╝███████████████████████████████████████████████████████████████████████████
████████████████████████████████████████░░░░░░░░░░█████████████║      ░      ║  ║ ║             ║████████████████████████████████████████████████████████████████████████████████████████████████
█████████████████████████████████████████░░░░░░░░░█████████████║             ║  ║ ║             ║████████████████████████████████████████████████████████████████████████████████████████████████
██████████████████████████████████████████░░░░░░░██████████████║           ░ ║  ║ ║             ║████████████████████████████████████████████████████████████████████████████████████████████████
████████████████████████████████████████████████████████████╔════════════════╩════╩═══════════════════════╗██████████████████████████████████████████████████████████████████████████████████████
████████████████████████████████████████████████████████████║-=iF.Y0U.D0NT.LiK3.US.TH3N.FUCK.Y0U.BiTCHEZ=-║██████████████████████████████████████████████████████████████████████████████████████
███████████████████████████████████████████████░░███████████╚════════════════╦════╦═══════════════════════╝██████████████████████████████████████████████████████████████████████████████████████
██████████████████████████████████████████████░░░░█████████████║             ║  ║ ║             ║████████████████████████████████████████████████████████████████████████████████████████████████
█████████████████████████████████████████████░░░░░░████████████║             ║  ║ ║             ║████████████████████████████████████████████████████████████████████████████████████████████████
█████████████████████████████████████████████░░░░░░████████████╚══════╦══════╝  ║ ╚══════╦══════╝████████████████████████████████████████████████████████████████████████████████████████████████
██████████████████████████████████████████████░░░░███████████████████2K1       To      2K10██████████████████████████████████████████████████████████████████████████████████████████████████████
███████████████████████████████████████████████░░█████████████████████╚════░════╩════════╝███████████████████████████████████████████████████████████████████████████████████████████████████████
████████████████████████████████████████████████████████░░░█████████████░████████████████████████████████████████████████████████████████████████████████████████████████████████████████████████
███████████████████████████████████████████████████████░░░░░██████░░███░░░███████████████████████████████████████████████████████████████████████████████████████████████████████████████████████
███████████████████████████████████████████████████████░░░░░█████░░░░███░████████████████████████████████████████████████████████████████████████████████████████████████████████████████████████
████████████████████████████████████████████████████████░░░███████░░█████████████████████████████████████████████████████████████████████████████████████████████████████████████████████████████
█████████████████████████████████████████████████████████████████████████████████████████████████████████████████████████████████████████████████████████████████████████████████████████████████
█████████████████████████████████████████████████████████████████████████████████████████████████████████████████████████████████████████████████████████████████████████████████████████████████
█████████████████████████████████████████████████████████████████████████████████████████████████████████████████████████████████████████████████████████████████████████████████████████████████
