 ▄▄█████▄▄▄▀    ▄▄▄ ▄▄     ▄▄█████▄▄▄   ▀▄▄▄                 ▄▄▀   ▄▄▄▄▄
██████▀██████ ▄████ ████▄ ██████▀██████ ██████▄▄▄         ▄████ ▄████▀█████▄
▓████  ██████ █████ ████▓ ████▓  ██████ ▓█████████▓  ▄▄██ ████▓ ▓████ ██████
▓████  ▀▀▀▀▀ ▄█████ ████▓ ████▓   ▀▀▀▀  ▓████ ████▓ ▓████ ████▓ ▓████ █████▀
▒████  ░▒▓▒░ ██████ ████▒ ████▒  ░▒▓▒░  ▒████ ████▒ ▒████ ████▒ ▒████
▒▄▄▄▄  ░▒▓▒░ ▄▄▄▄▄▄ ▄▄▄▄▒ ▄▄▄▄▒  ░▒▓▒░  ▒▄▄▄▄ ▄▄▄▄▒ ▒▄▄▄▄ ▄▄▄▄▒ ▒▄▄▄▄ ░▒▓▒░
░████  ░▒▓▒░ ▀█████▄████░ ████░   ▄▄▄▄  ░████ ████░ ░████ ████░ ░████ ▄▄▄▄▄▄
░████   ▄▄▄▄    ▀▀▀█████░ ████░  ██████ ░████ ████░ ░████ ████░  ▀▀▀▀▀███████
█████▄ ██████  ▄▄▄ ██████ █████▄ ██████ █████ █████ █████ █████ ▄████ ███████
▄▀▀██████████▄████▄██████▄█████████████▄█████ █████▄█████▄█████▄█████▄█████▀▄
 ▄▄▄▄▄▄▄▄▄▄▄▄▄▄▄▄▄▄▄▄▄▄▄▄▄▄▄▄▄▄▄ ▀▀▀▀▀▀ ▄▄▄▄▄   ▄▄▄▄  ▄▄▄▄▄       ▄▄▄▄▄▄▄
█   ▄                                          ▀▀▀▀▀ █████       ██████▀███▄
█ █ █ . C Y G N U S - i S O  D i V i S O N .   ▓▓▒▒░ ▀▀▀▀▀▀▓▓▒░▄ ▓▓▒▒░  ▓▓▒░
█ █ █ ▄▄▄▄▄▄▄▄▄▄▄▄▄▄▄▄▄▄▄▄▄▄▄▄▄▄▄▄▄▄▄▄▄▄▄▄▄▄▄ ▄█████▄█████▄█████▄█████▄▄████▄
█ ▓ █
█ ▓ █
█ ▓ █   Supplier ..... : Team CYGiSO       Release-Date .... : 2007-06-04
█ ▓ █   Cracker ...... : Team CYGiSO       Program-Rating .. : 05/10
█ ▒ █
█ ▒ █   Price ........ : 250$              Image Format .... : BIN
█ ▒ █   ProgramType .. : Loan Orgination   Program used .... : CDRWin
█ ░ █
█ ░ █   Url .......... : http://www.calyxsoftware.com
█ ░ █
▄▄▄▄█           Datatracks       Audiotracks       Files        Size
        CD 1:       1                 -             17         235 MB
▄▄▄▄▄                                                                   ▄▄▄▄▄
    ▀                                                                   ▀
▄▀▀▀▀▀▀▀▀▀▀▀▀▀▀▀▀▀▀▀▀▀▀▀▀▀▀▀▀▀▀▀▀▀▀▀▀▀▀▀▀▀▀▀▀▀▀▀▀▀▀▀▀▀▀▀▀▀▀▀▀▀▀▀▀▀▀▀▀▀▀▀▀▀▀▀▄
█ ░ █ --───────────────── ■  Release informations  ■ ────────────────-- █ ░ █
▄▄▄▄█ ▄▄▄▄▄▄▄▄▄▄▄▄▄▄▄▄▄▄▄▄▄▄▄▄▄▄▄▄▄▄▄▄▄▄▄▄▄▄▄▄▄▄▄▄▄▄▄▄▄▄▄▄▄▄▄▄▄▄▄▄▄▄▄▄▄ █▄▄▄▄
▀                                                                           ▀
▀                                                                           ▀
                     Calyx Point v5.4 (c) Calyx Software

   Calyx Point  combines  the   latest  technology  with  the  breadth  of
   functionality that mortgage brokers and direct lenders require for loan
   marketing, prequalification,  origination, and  processing. Point comes
   with all the features, forms, and reports that you need to  manage your
   businessùno    add-on modules  are     required. Developed by  mortgage
   professionals, Point works the way you do. Best of all, it's  extremely
   easy to use so you can concentrate on your workùnot your software.

 ▄▄ ▄                                                                   ▄ ▄▄
█   ▄                                                                   ▄   █
▓ ░ █ ▀▀▀▀▀▀▀▀▀▀▀▀▀▀▀▀▀▀▀▀▀▀▀▀▀▀▀▀▀▀▀▀▀▀▀▀▀▀▀▀▀▀▀▀▀▀▀▀▀▀▀▀▀▀▀▀▀▀▀▀▀▀▀▀▀ █ ░ ▓
▒ ▄▄█ --───────────────────── ■ Requirements ■ ──────────────────────-- █▄▄ ▒
▒ ▄▄▄▄▄▄▄▄▄▄▄▄▄▄▄▄▄▄▄▄▄▄▄▄▄▄▄▄▄▄▄▄▄▄▄▄▄▄▄▄▄▄▄▄▄▄▄▄▄▄▄▄▄▄▄▄▄▄▄▄▄▄▄▄▄▄▄▄▄▄▄▄▄ ▒
░                                                                           ░
   • Microsoft Windows 2000 / XP / Vista / 2003 Server
   • 233MHz Intel Pentium processor
   • 64MB RAM (128MB recommended)
   • 75MB hard-drive space
░                                                                           ░
▒ ▀▀█                                                                   █▀▀ ▒
▓ ░ █                                                                   █ ░ ▓
█▄▄▄▄ ▀▀▀▀▀▀▀▀▀▀▀▀▀▀▀▀▀▀▀▀▀▀▀▀▀▀▀▀▀▀▀▀▀▀▀▀▀▀▀▀▀▀▀▀▀▀▀▀▀▀▀▀▀▀▀▀▀▀▀▀▀▀▀▀▀ ▄▄▄▄█
█▀▀▀▀ --───────────────────── ■ Install-Notes ■ ─────────────────────-- ▀▀▀▀█
▓ ░ █ ▄▄▄▄▄▄▄▄▄▄▄▄▄▄▄▄▄▄▄▄▄▄▄▄▄▄▄▄▄▄▄▄▄▄▄▄▄▄▄▄▄▄▄▄▄▄▄▄▄▄▄▄▄▄▄▄▄▄▄▄▄▄▄▄▄ █ ░ ▓
▒ ▄▄█                                                                   █▄▄ ▒
░                                                                           ░
   • Unrar the files
   • Burn or mount the Image with your favorite Tool
   • Start Setup and install
   • Follow instructions in 'crack.txt' from \CYGiSO dir
   • Done

   ... Enjoy another fine CYGiSO release!
░                                                                           ░
▒ ▀▀█                                                                   █▀▀ ▒
▓ ░ █                                                                   █ ░ ▓
█▄▄▄▄ ▀▀▀▀▀▀▀▀▀▀▀▀▀▀▀▀▀▀▀▀▀▀▀▀▀▀▀▀▀▀▀▀▀▀▀▀▀▀▀▀▀▀▀▀▀▀▀▀▀▀▀▀▀▀▀▀▀▀▀▀▀▀▀▀▀ ▄▄▄▄█
█▀▀▀▀ --─────────────────────── ■ Team-News ■ ───────────────────────-- ▀▀▀▀█
▓ ░ █ ▄▄▄▄▄▄▄▄▄▄▄▄▄▄▄▄▄▄▄▄▄▄▄▄▄▄▄▄▄▄▄▄▄▄▄▄▄▄▄▄▄▄▄▄▄▄▄▄▄▄▄▄▄▄▄▄▄▄▄▄▄▄▄▄▄ █ ░ ▓
▒ ▄▄█                                                                   █▄▄ ▒
░                                                                           ░
                        WE ARE CURRENTLY LOOKING FOR:

                           Dedicated util supplier
                             Experienced cracker
                        US/CDN/EU 100Mbit Affiliates

    If you think CYGNUS is the group for you dont hesitate to contact us!
                               cyginfo@smtp.ru
░                                                                           ░
▒ ▀▀█ ▀▀▀▀▀▀▀▀▀▀▀▀▀▀▀▀▀▀▀▀▀▀▀▀▀▀▀▀▀▀▀▀▀▀▀▀▀▀▀▀▀▀▀▀▀▀▀▀▀▀▀▀▀▀▀▀▀▀▀▀▀▀▀▀▀ █▀▀ ▒
▓ ░ █ --───────────── ■ Last .NFO update : 15.APR.2004 ■ ────────────-- █ ░ ▓
▀▄▄ ▄ ▄▄▄▄▄▄▄▄▄▄▄▄▄▄▄▄▄▄▄▄▄▄▄▄▄▄▄▄▄▄▄▄▄▄▄▄▄▄▄▄▄▄▄▄▄▄▄▄▄▄▄▄▄▄▄▄▄▄▄▄▄▄▄▄▄ ▄ ▄
