█████████                    █████████    █████████                    █████████
        ████                █▒▒▒▒▒▒▒▒█    █▒▒▒▒▒▒▒▒██               ████                             
           ███             █▓▓▓▓▓▓▓▓▓█    █▓▓▓▓▓▓▓▓▓▓█            ███                                
     █       ▓██          █▓▓▓                     ▓▓▓█         ██▓       █                          
      █        ██         ▓▓         ▄▄▄▄▄▄▄         ▓▓        ██        █                                                                       
 █    ██     █▒  █     ████       ▄█▀▀      ▀█▄       ███     █  ▒█     ██    █                                                                  
  ██   ██      █  █   █         ▄▀·            █▄        █   █  █      ██   ██                                                                   
    ██ ██ ▒  █  █     █        █▀               ▀▄       █     █  █  ▒ ██ ██                                                                     
        ██████████     █      ▐     ▄▄    ▄▄▄   ·▐▌     █     ██████████                                                                         
        ██    █████    █     ▐█    ▐▀▀     ▀▀    ·█     █    █████    ██                                                                         
     ██████░  ██  ██   █     █       ▄     ▄·      ▌    █   ██  ██  ░██████                                                                      
  ██▒   ██  ▓████      █     ▌     ·█▀     ▀█      █    █      ████▓  ██   ▒██                                                                   
         ██▒          █     ▐▌       ██   ██       ▐     █          ▒██                                                                          
          ██████░   ██      ▐█     █▄█     █▄█    ─█      ██   ░██████                                                                                                                                                             
       ░████   █  █████   █▀█▌    ▐█▓▓▀█▄█▀▓▓█▌    ▐█▀▌  █████  █   ████░                                                                                                                                                          
     ███        ███▓   █  █ ▐▌   ·█▓▓█▄▄▄▄▄█▓▓▌    ▐  ▌ █   ▓███        ███                                                                                                                                                        
   ██         ███  ███ █  ▐ ▐▌   ─█▓▓▌▀███▀▐▓▓▌    ▐▄█▌ █ ███  ███         ██                                                                                                                                                      
  █         ████    ██     ◘◘▄▄   █▓▓▌ ▄▄▄ ▐▓▓▌   ▄█◘◘    ██    ████         █                                                                                                                                                     
           █████   ████   ██▒██████▓▓▌▄▓▓▓▄▐▓▓██████▀█▌  ████   █████                                                                                                                                                              
          ███ █ ▓░██ ██   █▄··· ▀▀█▓▓▌▓▓▓▓▓▐▓▓▌▀· ··██   ██ ██░▓ █ ███                                                                                                                                                             
         ███ ░  █ ▒ ███    ████▄▄▄█▓▓█ ▓▓▓ █▓▓█▄▄▄▄██    ███ ▒ █  ░ ███                                                                                                                                                            
         ██  █    ████     ██░░░░░█████▄▄▄█████░░░░░░█    ████    █  ██                                                                                                                                                            
        ██  ░    ███      ██▒▒▒▒▒▒░░░░█  █░░░░░░▒▒▒▒▒▒▌     ███    ░  ██                                                                                                                                                           
        ██ ▒█▒████       ▐█▒▒▒▒▒▒▒▒▒▒░█──██░▒▒▒▒▒▒▒▒▒▒█       ████▒█▒ ██                                                                                                                                                                                                                     
        ███████          █▒▒█▒▒▒▒▒▒▒▒░█··▐█░▒▒▒▒▒▒▒░░▒█▌         ███████                                                                                                                                                                                                                     
        ████             █▒▒█▒▒▒▒▒▒▒▒░█ ·▐█░▒▒▒▒▒▒░██░▒▌            ████                                                                                                                                                                                                                     
        ██              ▐█▒██▒▒▒▒▒▒▒▒░█··▐█░▒▒▒▒▒▒▒░█░▒█              ██                                                                                                                                                                                                                     
        █               █▒▒█▒▒▒▒▒▒▒▒▒░█· ▐█░▒▒▒▒▒▒▒▒░█░▒▌              █                                                                                                                                                                                                                     
                       ▐▒▒██▒▒▒▒▒▒▒▒▒░█  ─█░▒▒▒▒▒▒▒▒░█░▒█                                                                                                                                                                                                                                    
     ▐▀▀██▀██ ▄▄▄ ▄▄▄█▀▒▒▒██▒▒▒▒▒▒▒▒▒░█ ─·█░▒▒▒▒▒▒▒▒░█░▒▒███▄▄  ▄▄  ▄█▀███                                                                                                                                                                                                                   
      ▌█▄██ ▀█▒··█▒▒▒▒▒▒▒░█░▒▒▒▒▒▒▒▒▒░█ · █░▒▒▒▒▒▒▒▒░█░▒▒▒▒▒▒░██··█▀█·▄█▄▀█                                                                                                                                                                                                                  
     ▐█▐█ ██  ██  ▐▒▒▒▒▒▒░█░░▒▒▒▒▒▒▒░░█   █░▒▒▒▒▒▒░░░██░▒▒▒▒▒▐█  ▄█··▄▌ ▐·█                                                                                                                                                                                                                  
  ▐◘▀▀█▀█▐ ▐  ·▐·∙─█▒▒▒▒░█▀██░░░░░░░███ ··█░▒▒▒░░░░██▀▀█░▒▒▒▄▌  ▐█ ·▐∟▐ █ █▀▀◘►                                                                                                                                                                                                              
    ▀███░█ ▐ ··∙▌· ▐█▒░░█ ▄▄███▀▀▀██· ▀▌  █░░░░░██▀·   ▐█░▒▒█   ▌·· ▐►▐▀ ▄██▀                                                                                                                                                                                                                
       ▀▄███  ·▄█·  █░░████▀ ·  · ▐   ▐████████▀█  · ▄████░░▌ ·▐▄·─·█·█▄█▀                                                                                                                                                                                                                   
          ▀██████·  █▀███▒█►·▄▄▬ ·▌ ·▐▒▒▒▒▒▒▒▒█▄  ▄██▒▒▒▒█▀▀▌  ▐▒█▀██▀▀                                                                                                                                                                                                                      
               ██►·█▌▐█▒▒█·  · · ▐Γ  ▐▒▒▒▒▒▒▒▒▒▒████▒▒▒▒▒▒█ ▌ ·▐▒▌                                                                                                                                                                                                                           
               └█▄▄█ █▒▒▒█▀   ▄▄ █·  █▒▒▒▒▒▒▒▒▒▒▒▒▒▒▒▒▒▒▒▒█▌█▄▄██                                                                                                                                                                                                                            
                    ▐█▒▒▒█  ██████  ·█▒▒▒▒▒▒▒▒▒▒▒▒▒▒▒▒▒▒▒▒▒█                                                                                                                                                                                                                                 
                    ▐█▒▒▒▒▒██▒▒▒▒▌  ▐█▒▒▒▒▒▒▒▒▒▒▒▒▒▒▒▒▒▒▒▒▒█                                                                                                                                                                                     
                    ▐█▒▒▒▒▒▒▒▒▒▒█▌  ▐████▒▒▒▒▒▒▒▒▒▒▒▒▒▒▒▒▒██                                                                                                                                                                                     
                     █▒▒▒▒▒▒▒▒▒▒▒█  ██████████▒▒▒▒▒▒▒▒▒▒▒██                                                                                                    
                     ████▒▒▒▒▒▒▒████▀▀▀▀  ···▀▀███▒▒▒▒████                               
                  ·    ·▀▀▀▀▀▀▀▀▀·· ··    ···    ▀▀▀▀▀▀     ·                            
                      · ·         ··· ·    · ··    · ····                          
                                                    · ·                            
                           ▀▄   ▄▄▀▀▀▀▀▀▀▀▀▀▀▄▄   ▄▀                               
                             ▀███             ███▀                                 
                              ▀██             ██▀                                  
                               ██             ██                                   
 ▀██     ██▀                   ██     NFO     ██                   ▀██     ██▀           
  ▀██   ██▀             ▄   ▄  ██             ██  ▄   ▄             ▀██   ██▀            
   ▌█   █▌              ███▀ ████             ████ ▀███              ▌█   █▌             
   ▌█   █▌              ██     ██             ██     ██              ▌█   █▌    
   ██   ██  ▄   ▄  ▄    ██      ▀█           █▀      ██    ▄  ▄   ▄  ██   ██                                                                                              
▄████   ████ ▀███  ███▀ ██        ▀▀▀▀▀▀▀▀▀▀▀        ██ ▀███  ███▀ ████   ████▄                                                                                           
▌  ██   ██     ██  ██   ██                           ██   ██  ██     ██   ██  ▐                                                                                           
▌   ▀█▄█▀      ██  ██   ████                       ████   ██  ██      ▀█▄█▀   ▐                                                                                           
▌              ██  ██   ██ ▀▀                     ▀▀ ██   ██  ██              ▐                                                                                           
▌              ██  ██  █▀                             ▀█  ██  ██              ▐                                                                                           
▌            ████  ████                                 ████  ████            ▐                                                                                                                                                              
▌            ▀ ██  ██ ▀                                 ▀ ██  ██ ▀            ▐                                                                                           
▌               ▀██▀         ▌ LOVEGURU PRESENTS ▐         ▀██▀               ▐         
▌                                                                             ▐      
▌                                                                             ▐      
▌                                                                             ▐                      
▌                Blackmail.2018.LIMITED.BDRip.x264-LoveGuru                   ▐                                                                                                              
▌                                                                             ▐                                                                     
▌                                                                             ▐                                                                     
▌                Cinema Date....: 04/06/18                                    ▐                                                                     
▌                Release Date...: 12/20/18                                    ▐                                                                                           
▌                Genre..........: Action|Comedy|Crime                         ▐                                                                                           
▌                Running Time...: 2:18:15                                     ▐                                                                                           
▌                iMDb Rating....: 7.0/10  (5,534 Votes)                       ▐        
▌                Video Info.....: 720x302                                     ▐        
▌                Audio Info.....: Hindi                                       ▐        
▌                Subtitles......: English|Arabic                              ▐       
▌                                                                             ▐                                                              
▌                http://www.imdb.com/title/tt6972140/                         ▐                                                              
▌                                                                             ▐ 
▌                                                                             ▐    
▌                █         ▄   ▄               ▄   ▄         █ ▀▄   ▄▄        ▐    
▌   █      ██▀   ▓          ▀███               ███▀          ▓   ▀███     █   ▐    
▌   ▓▓█   ██▀ █▓▓▒▓█▓▓▓▓█     ██               ██     █▓▓▓▓█▓▒▓▓█ ▀██   █▓▓   ▐    
▀█▓▓▒▒▒▓█ █▌  ▒▒▓▓▒▒▒█▓▓▓▓▓█  ██   █       █   ██  █▓▓▓▓▓█▒▒▒▓▓▒▒  ██ █▓▒▒▒▓▓█▀                 
   █▓▓▒▒  █▌ █▓▓▒▒█           ██ █▓▓▓▓███▓▓▓▓█ ██           █▒▒▓▓█ ██  ▒▒▓▓█                    
     █▒▒  ██                  ██  ▒▒█▒▓▓▒▒█▒▒  ██                  ██  ▒▒█                                             
   █▓▓▓▓█ ████              ████    █▓▒▒▓▓█    ████              ████ █▓▓▓▓█                                           
      █   ██  ▀            ▀▀ ██               ██ ▀▀            ▀  ██   █        
        ▄█▀                    ▀█             █▀                    ▀█           
                           ▀▄   ▄▄▀▀▀▀▀▀▀▀▀▀▀▄▄   ▄▀                                                                                                                                                                            
                             ▀███             ███▀                                                                                                                                                                              
                              ▀██             ██▀                                                                                                                                
                               ██             ██                                                                                                                                 
 ▀██     ██▀                   ██    NOTES    ██                   ▀██     ██▀                                                                                                   
  ▀██   ██▀             ▄   ▄  ██             ██  ▄   ▄             ▀██   ██▀                                                                                                    
   ▌█   █▌              ███▀ ████             ████ ▀███              ▌█   █▌                                                                                                     
   ▌█   █▌              ██     ██             ██     ██              ▌█   █▌                                                                                                     
   ██   ██  ▄   ▄  ▄    ██      ▀█           █▀      ██    ▄  ▄   ▄  ██   ██                                                                                                     
▄████   ████ ▀███  ███▀ ██        ▀▀▀▀▀▀▀▀▀▀▀        ██ ▀███  ███▀ ████   ████▄                                                                                                  
▌  ██   ██     ██  ██   ██                           ██   ██  ██     ██   ██  ▐                                                                                                                                         
▌   ▀█▄█▀      ██  ██   ████                       ████   ██  ██      ▀█▄█▀   ▐                                                                                                                                         
▌              ██  ██   ██ ▀▀                     ▀▀ ██   ██  ██              ▐                                                                                                                                         
▌              ██  ██  █▀                             ▀█  ██  ██              ▐                                                                                                                                         
▌            ████  ████                                 ████  ████            ▐                                                                                                                                         
▌            ▀ ██  ██ ▀                                 ▀ ██  ██ ▀            ▐                                                                                                                                         
▌               ▀██▀                                       ▀██▀               ▐                                                                                                                                                                                                               
▌                                                                             ▐                                                                                  
▌                                                                             ▐        
▌                  When Dev finds out his wife is cheating                    ▐        
▌                  on him, he secretly blackmails his wife                    ▐        
▌                  and her lover as a form of revenge.                        ▐        
▌                                                                             ▐        
▌                                                                             ▐          
▌                                                                             ▐          
▌              Enjoy the flick, keep in touch. we love you all!               ▐          
▌                                                                             ▐                                                                                      
▌                █         ▄   ▄               ▄   ▄         █ ▀▄   ▄▄        ▐                                                                                      
▌   █      ██▀   ▓          ▀███               ███▀          ▓   ▀███     █   ▐                                                                                      
▌   ▓▓█   ██▀ █▓▓▒▓█▓▓▓▓█     ██               ██     █▓▓▓▓█▓▒▓▓█ ▀██   █▓▓   ▐                                                                                      
▀█▓▓▒▒▒▓█ █▌  ▒▒▓▓▒▒▒█▓▓▓▓▓█  ██   █       █   ██  █▓▓▓▓▓█▒▒▒▓▓▒▒  ██ █▓▒▒▒▓▓█▀          
   █▓▓▒▒  █▌ █▓▓▒▒█           ██ █▓▓▓▓███▓▓▓▓█ ██           █▒▒▓▓█ ██  ▒▒▓▓█                 
     █▒▒  ██                  ██  ▒▒█▒▓▓▒▒█▒▒  ██                  ██  ▒▒█                   
   █▓▓▓▓█ ████              ████    █▓▒▒▓▓█    ████              ████ █▓▓▓▓█                 
      █   ██  ▀            ▀▀ ██               ██ ▀▀            ▀  ██   █                                
        ▄█▀                    ▀█             █▀                    ▀█                                                                                  
                           ▀▄   ▄▄▀▀▀▀▀▀▀▀▀▀▀▄▄   ▄▀                                                                                                    
                             ▀███             ███▀                                                                                                      
                              ▀██             ██▀                                                                                                       
                               ██             ██                                                                                                        
 ▀██     ██▀                   ██    GREETS   ██                   ▀██     ██▀                                                                          
  ▀██   ██▀             ▄   ▄  ██             ██  ▄   ▄             ▀██   ██▀                                                                           
   ▌█   █▌              ███▀ ████             ████ ▀███              ▌█   █▌                                                                            
   ▌█   █▌              ██     ██             ██     ██              ▌█   █▌                                                                            
   ██   ██  ▄   ▄  ▄    ██      ▀█           █▀      ██    ▄  ▄   ▄  ██   ██                                                                            
▄████   ████ ▀███  ███▀ ██        ▀▀▀▀▀▀▀▀▀▀▀        ██ ▀███  ███▀ ████   ████▄                                                                         
▌  ██   ██     ██  ██   ██                           ██   ██  ██     ██   ██  ▐                                                                         
▌   ▀█▄█▀      ██  ██   ████                       ████   ██  ██      ▀█▄█▀   ▐                                                                         
▌              ██  ██   ██ ▀▀                     ▀▀ ██   ██  ██              ▐                                                                         
▌              ██  ██  █▀                             ▀█  ██  ██              ▐                                                                         
▌            ████  ████                                 ████  ████            ▐                                                                         
▌            ▀ ██  ██ ▀   +RIP TO OUR FALLEN OUTLAWS+   ▀ ██  ██ ▀            ▐                                                                         
▌               ▀██▀                                       ▀██▀               ▐                                                                         
▌                                                                             ▐                                                                         
▌                 .... all other real groups keeping it going                 ▐                                                                         
▌                                                                             ▐                                                                         
▌                        in 2018!                                             ▐                                                                         
▌                                                                             ▐                                                                         
▌                                                                             ▐                                                                         
▌                █         ▄   ▄               ▄   ▄         █ ▀▄   ▄▄        ▐                                                                         
▌   █      ██▀   ▓          ▀███               ███▀          ▓   ▀███     █   ▐                                                                         
▌   ▓▓█   ██▀ █▓▓▒▓█▓▓▓▓█     ██               ██     █▓▓▓▓█▓▒▓▓█ ▀██   █▓▓   ▐                                                                         
▀█▓▓▒▒▒▓█ █▌  ▒▒▓▓▒▒▒█▓▓▓▓▓█  ██   █       █   ██  █▓▓▓▓▓█▒▒▒▓▓▒▒  ██ █▓▒▒▒▓▓█▀                                                                         
   █▓▓▒▒  █▌ █▓▓▒▒█           ██ █▓▓▓▓███▓▓▓▓█ ██           █▒▒▓▓█ ██  ▒▒▓▓█                                                                            
     █▒▒  ██                  ██  ▒▒█▒▓▓▒▒█▒▒  ██                  ██  ▒▒█                                                                              
   █▓▓▓▓█ ████              ████    █▓▒▒▓▓█    ████              ████ █▓▓▓▓█                                                                            
      █   ██  ▀            ▀▀ ██▄▄▄▄▄▄▄▄▄▄▄▄▄▄ ██ ▀▀            ▀  ██   █                                                                               
        ▄█▀                    ▀█ CONTACT US  █▀                    ▀█                                                                                  
        ▀▀▀▀▀▀▀▀▀▀▀▀▀▀▀▀▀▀▀▀▀▀▀▀▀▄▄▄▄▄▄▄▄▄▄▄▄▄▀▀▀▀▀▀▀▀▀▀▀▀▀▀▀▀▀▀▀▀▀▀▀▀                                                                                  
                                                                                                                                                        
                               For A Good Time                                                                                                          
                                                                                                                                                        
    ▄▄▄▄▄▄▄▄▄▄▄▄▄▄▄▄▄▄▄▄▄▄▄▄▄▄▄▄▄▄▄▄▄▄▄▄▄▄▄▄▄▄▄▄▄▄▄▄▄▄▄▄▄▄▄▄▄▄▄▄▄▄▄▄▄▄▄▄                                                                                
      ▀▀▄▄   ▄▀ █      ▀▀▄▄   ▄▄████      ▀▀▀▄▄███████      █ ▀▄  ██▄▀▀                                                                                 
   █     ██████ ▓          ▀████              ███▀          ▓   ▀███     █                                                                              
   ▓▓█   ██▀  ██▒▓█▓▓▓▓█     ██               ██     █▓▓▓▓█▓▒▓▓█ ▀██   █▓▓                                                                              
█▓▓▒▒▒▓█ █▌  ▒▒█▓▒▒▒█▓▓▓▓▓█  ██   █       █   █████▓▓▓▓▓█▒▒▒▓▓▒▒  ██ █▓▒▒▒▓▓█                                                                           
  █▓▓▒▒  █▌ █▓▓█▒█           ████▓▓▓▓███▓▓▓▓█ ██           █▒▒▓▓█ ██  ▒▒▓▓█                                                                             
    █▒▒  ██   ██             ██  ▒▒█▒▓▓▒▒█▒▒  ██                  ██  ▒▒█                                                                               
  █▓▓▓▓█ ██ ███            ████    █▓▒▒▓▓█    ██████           ▄████ █▓▓▓▓█                                                                             
     █   ██   ▀█      ▄▄▀▀▀▀ ██               ███▀▀▀███           ██   █                                                                                
      ▄▄██     █              ▀██           ▄█▀                    ▀█▄                                                                                  
   ▀▀▀▀        █                 ███      ▀▀                          ▀▀▀▀▀▀                                                                            
                                              ▐  ascii By TG/pAo 07' ▌
