ÔĽŅ                                                                             
                                        ‚Ėą‚ĖĄ,‚Ė¨‚ĖĄ‚ĖĄ‚Ėą‚Ėą‚Ėą‚Ėą‚ĖĄ‚ĖĄ                         
                                      ‚Čą‚Ėą‚Ėą‚Ėą‚Ėą‚Ėą‚Ėą‚Ėą‚Ėą‚Ėą‚Ėą‚Ėą‚Ėą‚Ėą‚Ėą‚Ėą                       
                                   ‚Čą‚Čą‚Ėí‚Ėą‚Ėą‚Ėą‚Ėą‚Ėą‚Ėą‚Ėą‚Ėą‚Ėą‚Ėą‚Ėą‚Ėą‚Ėą‚Ėą‚Ėą‚Ėą‚Ėą                      
                                ‚Čą_‚ĖĄ‚Ėď‚Ėą‚Ėą‚Ėą‚Ėą‚Ėą‚Ėą‚Ėą‚Ėą‚Ėą‚Ėą‚Ėą‚Ėą‚Ėą‚Ėą‚Ėą‚Ėą‚Ėą‚Ėą‚Ėą‚Ėą ¬∑¬∑¬∑                  
         ‚Ėą‚Ėą‚Ėą‚Ėą‚Ėą‚Ėą‚Ėą‚Ėą‚Ėą‚Ėą‚Ėą‚Ėą‚Ėą‚Ėą‚Ėą‚Ėą‚Ėą‚Ėą‚Ėą‚Ėą‚ėļ‚Čą‚Ėí‚Ėą‚Ėą‚Ėą‚Ėą‚Ėą‚Ėą‚Ėą‚Ėą‚Ėą‚Ėą‚Ėą‚Ėą‚Ėą‚Ėą‚Ėą‚Ėą‚Ėą‚Ėą‚Ėą‚Ėą‚Ėą‚Ėą‚Ėą‚Ėą‚ąô ‚ėļ‚Ėą‚Ėą‚Ėą‚Ėą‚Ėą‚Ėą‚Ėą‚Ėą‚Ėą‚Ėą‚Ėą‚Ėą‚Ėą
         ‚Ėą         ¬ľ‚Ėą‚Čą  ¬∑  ¬∑_‚ĖĄ‚Ėą‚Ėą‚Ėą‚Ėą‚Ėą‚Ėą‚Ėą‚Ėď‚Ėą‚Ėą‚Ėą‚Ėą‚Ėą‚Ėą‚Ėą‚Ėą‚Ėą‚Ėą‚Ėą‚Ėą‚Ėą‚Ėą‚Ėą‚Ėą‚Ėą‚Ėď‚Ėí‚ĖĎ             ‚Ėą     
         ‚Ėą         ‚Č§‚Ėą‚Ėą‚ĖĄ‚ĖĄ‚ĖĄ‚ĖĄ‚ĖĄ‚Ėą‚Ėą‚Ėą‚Ėą‚Ėą‚Ėą‚Ėą‚Ėą‚Ėą‚Ėď‚Ėą‚Ėą‚Ėą‚Ėą‚Ėą‚Ėą‚Ėą‚Ėą‚Ėą‚Ėą‚Ėą‚Ėą‚Ėą‚Ėą‚Ėą‚Ėą‚Ėą‚Ėą‚Ėą¬•‚āß‚ĒÄ            ‚Ėą     
         ‚Ėą         őĶ‚Ėą‚Ėą‚Ėą‚Ėą‚Ėą‚Ėą‚Ėą‚Ėą‚Ėą‚Ėą‚Ėą‚Ėą‚Ėą‚Ėą‚Ėą‚Ėď‚Ėą‚Ėą‚Ėą‚Ėą‚Ėą‚Ėą‚Ėą‚Ėą‚Ėą‚Ėą‚Ėą‚Ėą‚Ėą‚Ėą‚Ėą‚Ėą‚Ėą‚Ėą‚Ėą‚Ėą‚Ėą¬•‚āß            ‚Ėą     
         ‚Ėą          ‚ą©‚ĖÄ‚Ėą‚Ėą‚Ėą‚Ėą‚Ėą‚Ėą‚Ėą‚Ėą‚Ėą‚Ėą‚Ėą‚Ėą‚Ėą‚Ėą‚Ėą‚Ėą‚Ėą‚Ėą‚Ėą‚Ėą‚Ėą‚Ėą‚Ėą‚Ėą‚Ėą‚Ėą‚Ėą‚Ėą‚Ėą‚Ėą‚Ėą‚Ėą‚Ėą‚Ėą‚Ėą‚Ėí‚ēí            ‚Ėą     
         ‚Ėą            ‚Ėą‚Ėą‚Ėą‚Ėą‚Ėą‚Ėą‚Ėą‚Ėą‚Ėą‚Ėą‚Ėą‚Ėą‚Ėą‚Ėą‚Ėą‚Ėą‚Ėą‚Ėą‚Ėą‚Ėą‚Ėą‚Ėą‚Ėą‚Ėą‚Ėą‚Ėą‚Ėą‚Ėą‚Ėą‚Ėą‚Ėą‚Ėą‚Ėą‚Ėą‚Ėą‚ĖíőĶ            ‚Ėą     
         ‚Ėą         ‚ĖĄ‚ĖĄ‚Ėą‚Ėą‚Ėą‚Ėą‚Ėą‚Ėą‚ĖĎ‚Ėą‚Ėą‚Ėą‚Ėą‚ĖÄ‚ĖÄ‚ĖÄ‚Ėą‚Ėą‚Ėą‚Ėą‚Ėą‚Ėą‚Ėą‚Ėą‚Ėą‚Ėą‚Ėą‚Ėą‚Ėą‚Ėą‚Ėą‚Ėą‚Ėą‚Ėą‚Ėą‚Ėą‚Ėą‚ĖąT‚ąö            ‚Ėą     
         ‚Ėą        ‚Ėą‚Ėą‚Ėą‚Ėą‚Ėí‚Ėą‚Ėą‚Ėą‚Ėą‚Ėą‚Ėą‚Ėą‚Ėą‚Ėą¬∑¬∑  ‚Ėą‚Ėą‚Ėą‚Ėą‚Ėą‚Ėą‚Ėą‚Ėą‚Ėą‚Ėą‚Ėą‚Ėą‚Ėą‚Ėą‚Ėą‚Ėą‚Ėą‚Ėą‚Ėą‚ĖÄ               ‚Ėą     
         ‚Ėą       ‚Ėą‚Ėą√ü‚Ć†‚Ėą‚ąô‚Ėą‚Ėą‚Ėą‚ĖÄ‚Ėą‚Ėą~‚ĖÄ‚ĖÄ    ‚Ėą‚Ėą‚Ėą‚Ėą‚Ėą‚Ėą‚Ėą‚Ėą‚Ėą‚Ėą‚Ėą‚Ėą‚Ėą‚Ėą‚Ėą‚Ėą‚Ėą   ‚ĖĄ              ‚Ėą      
         ‚Ėą           ‚Ėą‚ĖĄ‚ą©"őĶ‚ĖĄ‚Ėą‚Ėą‚Ėą‚ĖĄ‚Čą _‚ĖĄ‚Ėą‚Ėą‚Ėą‚Ėą‚Ėą‚Ėą‚Č°őĶ‚Ėą‚Ėą‚Ėą‚Ėą‚Ėą‚Ėą‚Ėą‚Ėą‚Ėą  ‚Ėą‚Ėą‚Ėą‚Ėą                   
         ‚Ėą           ‚ą©‚ĖÄ¬ľ‚ĖĄ‚ĖĄ‚Ėą‚Ėą‚Ėą‚Ėą‚Ėą‚Ėą‚Ėą‚Ėą‚Ėą‚Ėą‚Ėą‚Ėą‚Ėą‚Ėą^ ¬∑‚Ėą‚Ėą‚Ėą‚Ėą‚Ėą‚Ėą‚Ėą‚Ėą  ‚Ėą√®‚Ėą‚Ėą‚ĖąőĶ            p‚Ėą‚ĖĄ‚ĖĄ‚ĖĄ‚Čą
         ‚Ėą             ‚Ėą‚Ėą‚Ėą‚Ėą‚Ėą‚Ėą‚Ėą‚Ėą‚Ėą‚Ėą‚Ėą‚Ėą‚Ėą‚Ėą‚Ėą‚Ėą¬™  ¬∑~‚Ć†‚Ėą‚Ėą‚Ėď‚Ėą‚Ėą   ‚Ćź‚Ėą‚Ėą‚Ėą          ¬∑‚ĖĄ‚ĖĄ‚Ėą‚Ėą‚Ėą‚Ėą‚Ėą‚Ėą‚Ėą
         ‚Ėą            ‚Ć†‚Ėą‚Ėą‚Ėą‚Ėą‚Ėą‚Ėą‚Ėą‚Ėą‚Ėą‚Ėą‚Ėą‚Ėą‚Ėą‚Ėą‚Ėą‚Ėą‚Č°¬∑¬∑ ¬∑‚Č§‚Ėą‚Ėą‚Ėą‚Ėą  ‚Ėą‚Ėą‚Ėą‚Ėą‚ĖąőĶ       ,‚Ėí‚Ėą‚Ėą‚ĖÄ‚ēí ‚ąô ‚ĖÄ‚ĖÄ‚ĖÄ~
                      ‚ą©‚ĖÄ‚Ėą‚Ėą‚Ėą‚Ėą‚Ėą‚Ėą‚Ėą‚Ėą‚Ėą‚Ėą‚Ėą‚Ėą‚Ėą‚Ėí‚ĖíőĶ¬∑  _‚Ėą‚Ėą‚Ėą‚Ėą‚Ėą ‚Ėą‚Ėą‚Ėą‚Ėí       ‚ĖĄ‚ĖĄ‚Ėą‚ĖÄ‚ĖÄőĶ    ‚Ėą
   ‚ĖĄ‚ĖĄ‚ĖĄ‚ĖĄ‚ĖĄő¶‚ĖÄ‚ĖÄ‚ĖÄ‚ĖÄ‚ĖÄ‚ėĽ‚ĖĄ‚ĖĄ      ¬∑ ‚ĖĎ"‚Ėď‚Ėą‚Ėą‚Ėą‚Ėą‚Ėą‚Ėą‚Ėą‚Ėą‚Ėą‚Ėą‚Ėą‚ĖĄ‚ĖĄ‚ĖĄ‚Ėą‚Ėą‚Ėą‚Ėą‚Ėą‚Ėą‚Ėą‚Ėą‚Ėą‚Ėą‚ĖÄ    _‚ĖĄ‚Ėą‚Ėą‚Ėą√ÖőĶ       ‚Ėą
  ‚ąô‚ĖÄ‚ĖÄ‚ą©   ‚Ėą ¬∑   ‚ĖÄ‚Ėą‚Ėą,     ‚Č°‚Čą‚Čą‚ą©~‚Ėí‚Ėą‚Ėą‚Ėą‚Ėą‚ĖÄ‚Ėí‚Ėí‚Čą‚ĖĄ‚Ėą‚Ėą‚Ėą‚Ėą‚Ėą‚Ėą‚Ėą‚Ėą‚Ėą‚Ėą‚Ėą‚Ėą‚Ėą‚Ėí‚ĖĄ‚ĖĄ‚Ėą‚Ėą‚Ėą‚Ėą‚Ėą¬™őĶ         ‚Ėą
         ‚Ėą      ‚ą©‚Ėą‚Ėą¬∑    ‚Ėí‚Ėą‚Ėą‚Ėą‚Ėą‚Ėą‚Čą‚Čą‚Ėí‚Ėí‚ĖĄ‚ĖĄ‚Ėą‚Ėą‚Ėą‚Ėą‚Ėą‚Ėą‚Ėą‚Ėą‚Ėą‚Ėą‚Ėą‚Ėą‚Ėą‚Ėą‚Ėą‚Ėą‚Ėą‚Ėą‚Ėą‚Ėą‚Ėą‚Ėą‚Ėą‚ĖĄ,‚ąô  ‚Čą‚ĖĄ‚ĖĄ‚ĖĄ   ‚Ėą
        ‚ēó‚ĖĄ‚ĖĄ‚ĖĄ‚ĖĄ‚ĖĄ‚ĖĄ‚ĖĄ‚ĖĄ‚Ėą‚Ėą‚ĖĄ‚ĖĄ‚ĖĄ‚ĖĄ‚ĖĄ‚Ėą‚Ėą‚Ėą‚Ėą‚Ėą‚Ėą‚Ėą‚Ėą‚Ėą‚Ėą‚Ėą‚Ėą‚Ėą‚Ėą‚Ėą‚Ėą‚Ėą‚Ėą‚Ėą‚Ėą‚Ėą‚Ėą‚Ėą‚Ėą‚Ėą‚Ėą‚Ėą‚Ėą‚Ėą‚Ėą‚Ėą‚Ėą‚Ėą‚Ėą‚Ėą‚Ėą‚Ėď‚ĖĄ‚ĖĄ‚Ćź‚ĖĎ‚Ėą‚Ėą‚Ėą‚ēí  ‚Ėą
     ¬∑  ~‚ĖÄ^őĶőĶ‚ĖÄ‚ĖÄ‚ĖÄ‚ĖÄ‚Ėą‚Ėą‚Ėą‚ĖÄ‚Ėą‚Ėą‚Ėą‚Ėą‚Ėą‚Ėą‚Ėą‚Ėą‚Ėą‚Ėą‚Ėą‚Ėą‚Ėą‚Ėą‚Ėą‚Ėą‚Ėą‚Ėą‚Ėą‚Ėą‚Ėą‚Ėą‚Ėą‚Ėą‚Ėą‚Ėą‚Ėą‚Ėą‚Ėą‚Ėą‚Ėą‚Ėą‚Ėą‚Ėą‚Ėą‚Ėą‚Ėą‚Ėą‚Ėą‚Ėą‚Ėą‚Ėą‚Ėą‚Ėą‚Ėą‚Ėą‚Ėą‚Čą  ‚Ėą
      ¬∑  ‚Ėą ‚ąô    ‚ĖĄ‚Ėą‚Ėą‚ēď¬∑‚ą©‚ĖÄ‚ĖÄ‚Ėą‚Ėą‚Ėą‚Ėą‚ĖÄ‚Ēė    ‚ąô¬∑   őĶ~ ‚ĖĎ‚Ėą‚Ėď‚Ėď‚Ėą‚Ėą‚Ėą‚Ėą‚Ėą‚Ėą‚Ėą‚Ėą‚Ėą‚Ėą‚Ėą‚Ėą‚Ėą‚Ėą‚Ėą‚Ėą‚Ėą‚Ėą‚Ėą‚Ėą‚Ėą‚Ėą√ü  ‚Ėą
   ~‚Ėą‚ĖĄm‚ĖĄ‚Čą‚Čą‚Čą‚Čą‚Čą‚ĖĄ‚ĖĄ‚Ėą‚Ėą‚ĖÄ‚ą©                       ‚ėļ‚Ėą‚Ėą‚Ėą‚Ėą‚Ėą‚Ėą‚Ėą‚Ėą‚Ėą‚Ėą‚Ėą‚Ėą‚Ėą‚Ėą‚Ėą‚Ėą‚Ėą‚Ėą‚Ėą‚Ėą‚Ėą‚Ėą‚Ėą‚Ėą‚Ėą‚Ćź  ‚Ėą
      ‚ąôőĶ‚ĖÄ‚ĖÄ‚ĖÄ‚ĖÄ‚ĖÄ‚ĖÄ‚ĖÄ‚ą©                            ‚Ėď‚Ėą‚Ėą‚Ėą‚Ėą‚Ėą‚Ėą‚Ėą‚Ėą‚Ėą‚Ėą‚Ėą‚Ėą‚Ėą‚Ėą‚Ėą‚Ėą‚Ėą‚Ėą‚Ėą‚Ėą‚Ėą‚ĖímŌĄ  ‚Ėą
         ‚Ėą                                   ^"‚Ćź‚Ćź‚ē•√Ę‚Ėą‚Ėą‚Ėą‚Ėą‚Ėą‚Ėą‚Ėą‚Ėą‚Ėí‚Ć†‚Ėą‚Ėą‚Ėą‚Ėą‚Ėą‚Ėą‚Ėą‚Ėí  ‚Ėą
         ‚Ėą                                       ‚ą©őĶ‚ĖĎ‚ēö‚Ėą‚Ėď‚Ėą‚Ėí‚Ėą‚Ėď‚Ėí  ‚ĖÄ‚Ėą‚Ėą‚Ėą‚Ėą‚Ėą‚Ėą  ‚Ėą
         ‚Ėą                                          ~‚ĖĎ√©‚ėļ‚ēö‚ąö  ¬°"T‚ēē‚Ėí‚Ėą‚Ėą‚Ėą‚Ėą‚Ėą ‚Ėą
         ‚Ėą                                                   ‚ą©őĶ¬∑‚Ėí‚Ėí‚Ėí‚Ėí‚Ėí‚Ėí ‚Ėą
         ‚Ėą‚Ėą‚Ėą‚Ėą‚Ėą‚Ėą‚Ėą‚Ėą‚Ėą‚Ėą‚Ėą‚Ėą‚Ėą‚Ėą‚Ėą‚Ėą‚Ėą‚Ėą‚Ėą‚Ėą‚Ėą‚Ėą‚Ėą‚Ėą‚Ėą‚Ėą‚Ėą‚Ėą‚Ėą‚Ėą‚Ėą‚Ėą‚Ėą‚Ėą‚Ėą‚Ėą‚Ėą‚Ėą‚Ėą‚Ėą‚Ėą‚Ėą‚Ėą‚Ėą‚Ėą‚Ėą‚Ėą‚Ėą‚Ėą‚Ėą‚Ėą‚Ėą‚Ėą‚Ėą‚ėļ‚Č°‚Ėą‚Ėą‚Ėą‚Ėą‚Ėą‚Ėą‚Ėą
         ‚ĖĄ‚ĖĄ‚ĖĄ‚ĖĄ‚ĖĄ‚ĖĄ‚ĖĄ‚ĖĄ‚ĖĄ‚ĖĄ‚ĖĄ‚ĖĄ‚ĖĄ‚ĖĄ‚ĖĄ‚ĖĄ‚ĖĄ ‚ĖĄ‚ĖĄ‚ĖĄ‚ĖĄ‚ĖĄ   ‚ĖĄ‚ĖĄ‚ĖĄ‚ĖĄ‚ĖĄ  ‚ĖĄ‚ĖĄ‚ĖĄ‚ĖĄ‚ĖĄ‚ĖĄ  ‚ĖĄ‚ĖĄ‚ĖĄ ‚ĖĄ‚ĖĄ‚ĖĄ‚ĖĄ‚ĖĄ‚ĖĄ‚ĖĄ‚ĖĄ‚ĖĄ‚ĖĄ‚ĖĄ‚ĖĄ‚ĖĄ‚ĖĄ‚ĖĄ‚ĖĄ‚ĖĄ‚ĖĄ
         ‚Ėą‚ĖĎ‚Ėą‚Ėą‚ĖĎ‚Ėą‚Ėą‚ĖĎ‚Ėą‚Ėą‚ĖĎ‚Ėą‚Ėą‚ĖĎ‚Ėą‚Ėą  ‚Ėą‚Ėą‚Ėą‚Ėą‚Ėą‚Ėą‚ĖĄ‚Ėą‚Ėą‚Ėą‚Ėą‚Ėą‚Ėą ‚Ėą‚Ėą‚Ėą‚Ėą‚Ėą‚Ėą‚Ėą ‚Ėą‚Ėą‚Ėą‚Ėď ‚Ėą‚ĖĎ‚Ėą‚Ėą‚ĖĎ‚Ėą‚Ėą‚ĖĎ‚Ėą‚Ėą‚ĖĎ‚Ėą‚Ėą‚ĖĎ‚Ėą‚Ėą‚ĖĎ‚Ėą
         ‚Ėą‚ĖÄ‚ĖÄ‚ĖÄ‚ĖÄ‚ĖÄ‚Ėą‚ĖÄ‚ĖÄ‚ĖÄ‚ĖÄ‚ĖÄ‚Ėą‚ĖÄ‚ĖÄ‚ĖÄ‚ĖÄ ‚Ėą‚Ėą‚Ėą‚Ėą‚Ėą‚Ėą‚Ėą‚Ėą‚Ėą‚Ėą‚Ėą‚Ėą‚Ėą ‚Ėą‚Ėą‚Ėą‚Ėą‚ĖÄ‚ĖÄ‚ĖÄ ‚Ėą‚Ėą‚Ėą‚ĖĎ ‚ĖÄ‚ĖÄ‚Ėą‚ĖÄ‚ĖÄ‚ĖÄ‚ĖÄ‚ĖÄ‚Ėą‚ĖÄ‚ĖÄ‚ĖÄ‚ĖÄ‚ĖÄ‚Ėą‚ĖÄ‚ĖÄ‚ĖÄ
         ‚Ėą    ‚Ėď‚Ėą    ‚Ėď‚Ėą     ‚Ėą‚Ėą‚Ėą‚Ėą‚ĖÄ‚Ėą‚Ėą‚Ėą‚ĖÄ‚Ėą‚Ėą‚Ėą‚Ėą ‚Ėą‚Ėą‚Ėą‚Ėą‚ĖĄ‚ĖĄ  ‚ĖÄ‚ĖÄ‚ĖÄ‚ĖÄ  ‚Ėď‚Ėą    ‚Ėď‚Ėą    ‚Ėď‚Ėą   
         ‚Ėą    ‚Ėí‚Ėą    ‚Ėí‚Ėą     ‚Ėą‚Ėą‚Ėą‚Ėď ‚ĖÄ‚ĖÄ‚ĖÄ ‚Ėą‚Ėą‚Ėą‚Ėď ‚Ėą‚Ėą‚Ėą‚Ėą‚Ėą‚Ėą  ‚ĖĄ‚ĖĄ‚ĖĄ‚ĖĄ  ‚Ėí‚Ėą    ‚Ėí‚Ėą    ‚Ėí‚Ėą   
         ‚Ėą    ‚ĖĎ‚Ėą    ‚ĖĎ‚Ėą     ‚Ėą‚Ėą‚Ėą‚Ėď     ‚Ėą‚Ėą‚Ėą‚Ėď ‚Ėą‚Ėą‚Ėą‚Ėą‚ĖÄ   ‚Ėą‚Ėą‚Ėą‚Ėą  ‚ĖĎ‚Ėą    ‚ĖĎ‚Ėą    ‚ĖĎ‚Ėą   
         ‚Ėą‚ĖĄ‚ĖĄ‚ĖĄ‚ĖĄ‚ĖĄ‚Ėą‚ĖĄ‚ĖĄ‚ĖĄ‚ĖĄ‚ĖĄ‚Ėą‚ĖĄ‚ĖĄ‚ĖĄ‚ĖĄ ‚Ėą‚Ėą‚Ėą‚Ėí     ‚Ėą‚Ėą‚Ėą‚Ėí ‚Ėą‚Ėą‚Ėą‚Ėď    ‚Ėą‚Ėą‚Ėą‚Ėď ‚ĖĄ‚ĖĄ‚Ėą‚ĖĄ‚ĖĄ‚ĖĄ‚ĖĄ‚ĖĄ‚Ėą‚ĖĄ‚ĖĄ‚ĖĄ‚ĖĄ‚ĖĄ‚Ėą‚ĖĄ‚ĖĄ‚ĖĄ
         ‚Ėą‚ĖĎ‚Ėą‚Ėą‚ĖĎ‚Ėą‚Ėą‚ĖĎ‚Ėą‚Ėą‚ĖĎ‚Ėą‚Ėą‚ĖĎ‚Ėą‚Ėą  ‚Ėą‚Ėą‚Ėą‚ĖĎ     ‚Ėą‚Ėą‚Ėą‚ĖĎ ‚Ėą‚Ėą‚Ėą‚Ėí    ‚Ėą‚Ėą‚Ėą‚Ėí ‚Ėą‚ĖĎ‚Ėą‚Ėą‚ĖĎ‚Ėą‚Ėą‚ĖĎ‚Ėą‚Ėą‚ĖĎ‚Ėą‚Ėą‚ĖĎ‚Ėą‚Ėą‚ĖĎ‚Ėą
         ‚ĖÄ‚ĖÄ‚ĖÄ‚ĖÄ‚ĖÄ‚ĖÄ‚ĖÄ‚ĖÄ‚ĖÄ‚ĖÄ‚ĖÄ‚ĖÄ‚ĖÄ‚ĖÄ‚ĖÄ‚ĖÄ‚ĖÄ ‚ĖÄ‚ĖÄ‚ĖÄ      ‚ĖÄ‚ĖÄ‚ĖÄ  ‚ĖÄ‚ĖÄ‚ĖÄ     ‚ĖÄ‚ĖÄ‚ĖÄ  ‚ĖÄ‚ĖÄ‚ĖÄ‚ĖÄ‚ĖÄ‚ĖÄ‚ĖÄ‚ĖÄ‚ĖÄ‚ĖÄ‚ĖÄ‚ĖÄ‚ĖÄ‚ĖÄ‚ĖÄ‚ĖÄ‚ĖÄ‚ĖÄ
     ‚ĖĄ‚ĖĄ‚ĖĄ‚ĖĄ‚ĖĄ‚ĖĄ‚ĖĄ‚ĖĄ‚ĖĄ‚ĖĄ‚ĖĄ‚ĖĄ‚ĖĄ‚ĖĄ‚ĖĄ‚ĖĄ‚ĖĄ‚ĖĄ‚ĖĄ‚ĖĄ‚ĖĄ‚ĖĄ‚ĖĄ‚ĖĄ‚ĖĄ‚ĖĄ‚ĖĄ‚ĖĄ‚ĖĄ‚ĖĄ‚ĖĄ‚ĖĄ‚ĖĄ‚ĖĄ‚ĖĄ‚ĖĄ‚ĖĄ‚ĖĄ‚ĖĄ‚ĖĄ‚ĖĄ‚ĖĄ‚ĖĄ‚ĖĄ‚ĖĄ‚ĖĄ‚ĖĄ‚ĖĄ‚ĖĄ‚ĖĄ‚ĖĄ‚ĖĄ‚ĖĄ‚ĖĄ‚ĖĄ‚ĖĄ‚ĖĄ‚ĖĄ‚ĖĄ‚ĖĄ‚ĖĄ‚ĖĄ‚ĖĄ‚ĖĄ‚ĖĄ‚ĖĄ‚ĖĄ
  ‚ĖĄ‚Ėą‚Ėą‚Ėą‚Ėą‚Ėą‚Ėą‚Ėą‚Ėą‚Ėą‚Ėą‚Ėď‚Ėí‚ĖĎ‚ĖĎ      -- quality releases since 2005 --            ‚ĖĎ‚ĖĎ‚Ėí‚Ėď
‚ĖĎ‚Ėą‚Ėą‚Ėą‚Ėą‚Ėą‚Ėą‚Ėą‚Ėą‚Ėą‚Ėą‚ĖÄ‚ĖÄ‚ĖÄ‚ĖÄ‚ĖÄ‚ĖÄ‚ĖÄ‚ĖÄ‚ĖÄ‚ĖÄ‚ĖÄ‚ĖÄ‚ĖÄ‚ĖÄ‚ĖÄ‚ĖÄ‚ĖÄ‚ĖÄ‚ĖÄ‚ĖÄ‚ĖÄ‚ĖÄ‚ĖÄ‚ĖÄ‚ĖÄ‚ĖÄ‚ĖÄ‚ĖÄ‚ĖÄ‚ĖÄ‚ĖÄ‚ĖÄ‚ĖÄ‚ĖÄ‚ĖÄ‚ĖÄ‚ĖÄ‚ĖÄ‚ĖÄ‚ĖÄ‚ĖÄ‚ĖÄ‚ĖÄ‚ĖÄ‚ĖÄ‚ĖÄ‚ĖÄ‚ĖÄ‚ĖÄ‚ĖÄ‚ĖÄ‚ĖÄ‚ĖÄ‚ĖÄ‚ĖÄ‚ĖÄ‚ĖÄ‚ĖÄ‚ĖÄ‚ĖÄ‚ĖÄ
‚Ėí‚Ėą‚Ėą‚Ėą‚Ėą‚Ėą‚Ėą‚Ėą‚ĖÄ  
‚Ėď‚Ėą‚Ėą‚Ėą‚Ėą‚Ėą‚Ėą                                              
‚Ėď‚Ėą‚Ėą‚Ėą‚Ėą‚Ėą       ‚ĖĄ‚ĖĄ‚ĖĄ‚ĖĄ‚ĖĄ‚ĖĄ‚ĖĄ‚ĖĄ‚ĖĄ‚ĖĄ‚ĖĄ‚ĖĄ‚ĖĄ‚ĖĄ‚ĖĄ‚ĖĄ‚ĖĄ‚ĖĄ‚ĖĄ‚ĖĄ‚ĖĄ‚ĖĄ‚ĖĄ‚ĖĄ‚ĖĄ‚ĖĄ‚ĖĄ‚ĖĄ‚ĖĄ‚ĖĄ‚ĖĄ‚ĖĄ‚ĖĄ‚ĖĄ‚ĖĄ‚ĖĄ‚ĖĄ‚ĖĄ‚ĖĄ‚ĖĄ‚ĖĄ‚ĖĄ‚ĖĄ‚ĖĄ‚ĖĄ‚ĖĄ‚ĖĄ‚ĖĄ‚ĖĄ‚ĖĄ‚ĖĄ‚ĖĄ‚ĖĄ‚ĖĄ‚ĖĄ‚ĖĄ‚ĖĄ‚ĖĄ‚ĖĄ‚ĖĄ‚ĖĄ‚ĖĄ‚ĖĄ‚ĖĄ‚ĖĄ‚ĖĄ
‚Ėď‚Ėą‚Ėą‚Ėą‚Ėą‚Ėą       ‚Ėą             ___ ___ __ ___ __ _  _ ___ ___                     ‚Ėď
 ‚Ėą‚Ėą‚Ėą‚Ėą‚Ėą       ‚Ėą             ‚Ėą‚ĖĄ‚Ėą ‚Ėą‚ĖĄ‚Ėą ‚Ėą_ ‚Ėą__ ‚Ėą_ ‚Ėą‚ĖĄ ‚Ėą  ‚Ėą  ‚Ėą__                     ‚Ėí
‚ĖĄ‚Ėą‚Ėą‚Ėą‚Ėą‚Ėą       ‚Ėą             ‚Ėą   ‚Ėą‚ĖÄ‚ĖĄ ‚Ėą‚ĖĄ ‚ĖĄ‚ĖĄ‚Ėą ‚Ėą‚ĖĄ ‚Ėą ‚ĖÄ‚Ėą  ‚Ėą  ‚ĖĄ‚ĖĄ‚Ėą                     ‚ĖĎ
‚Ėą‚Ėą‚Ėą‚Ėą‚Ėą‚ĖÄ       ‚Ėą                                                                ‚Ēā
‚Ėą‚Ėą‚Ėą‚ĖÄ ‚Ėą       ‚Ėą                                                                ‚Ēā
‚Ėą‚Ėą  ‚ĖĎ‚Ėą       ‚Ėą            I.Robot.German.2004.DVDRiP.XviD                     ‚Ēā
‚Ėą   ‚Ėą‚Ėą       ‚Ėą         ‚ĖÄ‚ĖÄ‚ĖÄ‚ĖÄ‚ĖÄ‚ĖÄ‚ĖÄ‚ĖÄ‚ĖÄ‚ĖÄ‚ĖÄ‚ĖÄ‚ĖÄ‚ĖÄ‚ĖÄ‚ĖÄ‚ĖÄ‚ĖÄ‚ĖÄ‚ĖÄ‚ĖÄ‚ĖÄ‚ĖÄ‚ĖÄ‚ĖÄ‚ĖÄ‚ĖÄ‚ĖÄ‚ĖÄ‚ĖÄ‚ĖÄ‚ĖÄ‚ĖÄ‚ĖÄ‚ĖÄ‚ĖÄ‚ĖÄ                  ‚Ēā
‚Ėą‚ĖĎ‚ĖĎ‚Ėą‚Ėą‚Ėą       ‚Ėą                                                                ‚Ēā
‚Ėą‚Ėą‚Ėď‚ĖĄ‚Ėą‚Ėą       ‚Ėą         Cinema Date DE .. : 05.08.2004                         ‚Ēā
‚Ėą‚Ėą‚Ėą‚Ėą‚Ėą‚Ėą       ‚Ėą                                                                ‚Ēā
‚Ėď‚Ėą‚Ėą‚Ėą‚Ėą‚Ėą       ‚Ėą         Retail Date DE .. : 25.11.2004                         ‚Ēā
‚Ėą‚Ėą‚Ėą‚Ėą‚Ėą‚Ėą       ‚Ėą                                                                ‚Ēā
‚Ėą‚Ėą‚Ėą‚Ėą‚Ėą‚Ėą       ‚Ėą         Release Date .... : 18.11.2005                         ‚Ēā
‚Ėď‚Ėą‚Ėą‚Ėą‚Ėą‚Ėą       ‚Ėą                                                                ‚Ēā
‚Ėą‚Ėą‚Ėą‚Ėą‚Ėą‚Ėą       ‚Ėą         Source............: DVD                                ‚Ēā
‚Ėą‚Ėą‚Ėą‚Ėą‚Ėą‚Ėą       ‚Ėą                                                                ‚Ēā
‚Ėą‚Ėą‚Ėą‚Ėą‚Ėą‚Ėą       ‚Ėą         Format............: XVID                               ‚Ēā
‚Ėą‚Ėą‚Ėą‚Ėą‚Ėą‚Ėą       ‚Ėą                                                                ‚Ēā
‚Ėą‚Ėą‚Ėą‚Ėą‚Ėą‚Ėą       ‚Ėą         CDs...............: 2                                  ‚Ēā
‚Ėą‚Ėą‚Ėą‚Ėą‚Ėą‚Ėą       ‚Ėą                                                                ‚Ēā
‚Ėą‚Ėą‚Ėą‚Ėą‚Ėą‚Ėą       ‚Ėą         Video ........... : 688x304 25.00fps 1425Kbps          ‚Ēā
‚Ėą‚Ėą‚Ėą‚Ėą‚Ėą‚Ėą       ‚Ėą                                                                ‚Ēā
‚Ėą‚Ėą‚Ėą‚Ėą‚Ėą‚Ėą       ‚Ėą         Audio ........... : Dolby AC3 48000Hz 6ch 384Kbps      ‚Ēā
‚Ėą‚Ėą‚Ėą‚Ėą‚Ėą‚Ėą       ‚Ėą                                                                ‚Ēā
‚Ėą‚Ėą‚Ėą‚Ėą‚Ėą‚Ėą       ‚Ėą         Runtime...........: 115 minutes                        ‚Ēā
‚Ėą‚Ėą‚Ėą‚Ėą‚Ėą‚Ėą       ‚Ėą                                                                ‚Ēā
‚Ėą‚Ėą‚Ėą‚Ėą‚Ėą‚Ėą       ‚Ėą         Genre ........... : Action / Sci-Fi / Thriller (more)  ‚Ēā
‚Ėą‚Ėą‚Ėą‚Ėą‚Ėą‚Ėą       ‚Ėą                                                                ‚Ēā
‚Ėą‚Ėą‚Ėą‚Ėą‚Ėą‚Ėą       ‚Ėą         FSK DE .......... : 12                                 ‚Ēā
‚Ėą‚Ėą‚Ėą‚Ėą‚Ėą‚Ėą       ‚Ėą                                                                ‚Ēā
‚Ėą‚Ėą‚Ėą‚Ėą‚Ėą‚Ėą       ‚Ėą         Directed by.......: Isaac Asimov                       ‚Ēā
‚Ėą‚Ėą‚Ėą‚Ėą‚Ėą‚Ėą       ‚Ėą                                                                ‚Ēā
‚Ėą‚Ėą‚Ėą‚Ėą‚Ėą‚Ėą       ‚Ėą         Writing credits...: Jeff Vintar                        ‚Ēā
‚Ėą‚Ėą‚Ėą‚Ėą‚Ėą‚Ėą       ‚Ėą                                                                ‚Ēā
‚Ėą‚Ėą‚Ėą‚Ėą‚Ėą‚Ėą       ‚Ėą         Rating .......... : 7.0/10 (27,657 votes)              ‚Ēā
‚Ėą‚Ėą‚Ėą‚Ėą‚Ėą‚Ėą       ‚Ėą                                                                ‚Ēā
‚Ėą‚Ėą‚Ėą‚Ėą‚Ėą‚Ėą       ‚Ėą                                                                ‚Ēā
‚Ėą‚Ėą‚Ėą‚Ėą‚Ėą‚Ėą       ‚Ėą         http://www.imdb.com/title/tt0343818/                   ‚Ēā
‚Ėą‚Ėą‚Ėą‚Ėą‚Ėą‚Ėą       ‚Ėą                                                                ‚ĖĎ
‚Ėą‚Ėą‚Ėą‚Ėą‚Ėą‚Ėą       ‚Ėą                                                                ‚Ėí
‚Ėą‚Ėą‚Ėą‚Ėą‚Ėą‚Ėą       ‚Ėą                                                                ‚Ėď
‚Ėą‚Ėą‚Ėą‚Ėą‚Ėą‚Ėą       ‚Ėą‚ĖÄ‚ĖÄ‚ĖÄ‚ĖÄ‚ĖÄ‚ĖÄ‚ĖÄ‚ĖÄ‚ĖÄ‚ĖÄ‚ĖÄ‚ĖÄ‚ĖÄ‚ĖÄ‚ĖÄ‚ĖÄ‚ĖÄ‚ĖÄ‚ĖÄ‚ĖÄ‚ĖÄ‚ĖÄ‚ĖÄ‚ĖÄ‚ĖÄ‚ĖÄ‚ĖÄ‚ĖÄ‚ĖÄ‚ĖÄ‚ĖÄ‚ĖÄ‚ĖÄ‚ĖÄ‚ĖÄ‚ĖÄ‚ĖÄ‚ĖÄ‚ĖÄ‚ĖÄ‚ĖÄ‚ĖÄ‚ĖÄ‚ĖÄ‚ĖÄ‚ĖÄ‚ĖÄ‚ĖÄ‚ĖÄ‚ĖÄ‚ĖÄ‚ĖÄ‚ĖÄ‚ĖÄ‚ĖÄ‚ĖÄ‚ĖÄ‚ĖÄ‚ĖÄ‚ĖÄ‚ĖÄ‚ĖÄ‚ĖÄ‚ĖÄ‚Ėą
‚Ėą‚Ėą‚Ėą‚Ėą‚Ėą‚Ėą       ‚Ėą                     ___ _  ___ ___                             ‚Ėď
‚Ėą‚Ėą‚Ėą‚Ėą‚Ėą‚Ėą       ‚Ėą                     ‚Ėą_‚Ėą ‚Ėą  ‚Ėą ‚Ėą  ‚Ėą                              ‚Ėí
‚Ėą‚Ėą‚Ėą‚Ėą‚Ėą‚Ėą       ‚Ėą                     ‚Ėą   ‚Ėą_ ‚Ėą_‚Ėą  ‚Ėą                              ‚ĖĎ
‚Ėą‚Ėą‚Ėą‚Ėą‚Ėą‚Ėą       ‚Ėą                                                                ‚Ēā
‚Ėą‚Ėą‚Ėą‚Ėą‚Ėą‚Ėą       ‚Ėą                                                                ‚Ēā
‚Ėą‚Ėą‚Ėą‚Ėą‚Ėą‚Ėą       ‚Ėą Im  Jahre  2035 hat ein ganzes Heer dienstbarer Roboter die    ‚Ēā
‚Ėą‚Ėą‚Ėą‚Ėą‚Ėą‚Ėą       ‚Ėą                                                                ‚Ēā
‚Ėą‚Ėą‚Ėą‚Ėą‚Ėą‚Ėą       ‚Ėą undankbare  Menschheit   laengst  von  allen  unangenehmen,    ‚Ēā
‚Ėą‚Ėą‚Ėą‚Ėą‚Ėą‚Ėą       ‚Ėą                                                                ‚Ēā
‚Ėą‚Ėą‚Ėą‚Ėą‚Ėą‚Ėą       ‚Ėą komplizierten und gefaehrlichen Arbeiten erloest. In dieser    ‚Ēā
‚Ėą‚Ėą‚Ėą‚Ėą‚Ėą‚Ėą       ‚Ėą                                                                ‚Ēā
‚Ėą‚Ėą‚Ėą‚Ėą‚Ėą‚Ėą       ‚Ėą Zeit  untersucht  Detective  Del  Spooner  (Will Smith) vom    ‚Ēā
‚Ėą‚Ėą‚Ėą‚Ėą‚Ėą‚Ėą       ‚Ėą                                                                ‚Ēā
‚Ėą‚Ėą‚Ėą‚Ėą‚Ėą‚Ėą       ‚Ėą Chicago  Police  Department  den Mord an einem renommierten    ‚Ēā
‚Ėą‚Ėą‚Ėą‚Ėą‚Ėą‚Ėą       ‚Ėą                                                                ‚Ēā
‚Ėą‚Ėą‚Ėą‚Ėą‚Ėą‚Ėą       ‚Ėą Ingenieur  mitten  in  der groessten Roboter-Manufaktur der    ‚Ēā
‚Ėą‚Ėą‚Ėą‚Ėą‚Ėą‚Ėą       ‚Ėą                                                                ‚Ēā
‚Ėą‚Ėą‚Ėą‚Ėą‚Ėą‚Ėą       ‚Ėą USA.  Offenbar  wurde er von dem Roboter Sonny (Alan Tudyk)    ‚Ēā
‚Ėą‚Ėą‚Ėą‚Ėą‚Ėą‚Ėą       ‚Ėą                                                                ‚Ēā
‚Ėą‚Ėą‚Ėą‚Ėą‚Ėą‚Ėą       ‚Ėą getoetet  -  obwohl   doch   Roboter  auf  so  etwas  nicht    ‚Ēā
‚Ėą‚Ėą‚Ėą‚Ėą‚Ėą‚Ėą       ‚Ėą                                                                ‚Ēā
‚Ėą‚Ėą‚Ėą‚Ėą‚Ėą‚Ėą       ‚Ėą programmiert sind.  Haben  die  Maschinen etwa ihren freien    ‚Ēā
‚Ėą‚Ėą‚Ėą‚Ėą‚Ėą‚Ėą       ‚Ėą                                                                ‚Ēā
‚Ėą‚Ėą‚Ėą‚Ėą‚Ėą‚Ėą       ‚Ėą Willen   entdeckt?   Und   droht  der  voellig  abhaengigen    ‚Ēā
‚Ėą‚Ėą‚Ėą‚Ėą‚Ėą‚Ėą       ‚Ėą                                                                ‚Ēā
‚Ėą‚Ėą‚Ėą‚Ėą‚Ėą‚Ėą       ‚Ėą Menschheit eine monstroese Gefahr?                             ‚Ēā
‚Ėą‚Ėą‚Ėą‚Ėą‚Ėą‚Ėą       ‚Ėą                                                                ‚Ēā
‚Ėą‚Ėą‚Ėą‚Ėą‚Ėą‚Ėą       ‚Ėą                                                                ‚Ēā
‚Ėą‚Ėą‚Ėą‚Ėą‚Ėą‚Ėą       ‚Ėą                                                                ‚Ēā
‚Ėą‚Ėą‚Ėą‚Ėą‚Ėą‚Ėą       ‚Ėą                                                                ‚ĖĎ  
‚Ėą‚Ėą‚Ėą‚Ėą‚Ėą‚Ėą       ‚Ėą                                                                ‚Ėí  
‚Ėą‚Ėą‚Ėą‚Ėą‚Ėą‚Ėą       ‚Ėą                                                                ‚Ėď  
‚Ėą‚Ėą‚Ėą‚Ėą‚Ėą‚Ėą       ‚Ėą‚ĖÄ‚ĖÄ‚ĖÄ‚ĖÄ‚ĖÄ‚ĖÄ‚ĖÄ‚ĖÄ‚ĖÄ‚ĖÄ‚ĖÄ‚ĖÄ‚ĖÄ‚ĖÄ‚ĖÄ‚ĖÄ‚ĖÄ‚ĖÄ‚ĖÄ‚ĖÄ‚ĖÄ‚ĖÄ‚ĖÄ‚ĖÄ‚ĖÄ‚ĖÄ‚ĖÄ‚ĖÄ‚ĖÄ‚ĖÄ‚ĖÄ‚ĖÄ‚ĖÄ‚ĖÄ‚ĖÄ‚ĖÄ‚ĖÄ‚ĖÄ‚ĖÄ‚ĖÄ‚ĖÄ‚ĖÄ‚ĖÄ‚ĖÄ‚ĖÄ‚ĖÄ‚ĖÄ‚ĖÄ‚ĖÄ‚ĖÄ‚ĖÄ‚ĖÄ‚ĖÄ‚ĖÄ‚ĖÄ‚ĖÄ‚ĖÄ‚ĖÄ‚ĖÄ‚ĖÄ‚ĖÄ‚ĖÄ‚ĖÄ‚ĖÄ‚Ėą  
‚Ėą‚Ėą‚Ėą‚Ėą‚Ėą‚Ėą       ‚Ėą                   _  _ __ _     ___                            ‚Ėď  
‚Ėą‚Ėą‚Ėą‚Ėą‚Ėą‚Ėą       ‚Ėą                   ‚Ėą‚ĖĄ ‚Ėą ‚Ėą_ ‚Ėą   ‚Ėą ‚Ėą__                            ‚Ėí  
‚Ėą‚Ėą‚Ėą‚Ėą‚Ėą‚Ėą       ‚Ėą                   ‚Ėą ‚ĖÄ‚Ėą ‚Ėą‚ĖĄ ‚Ėą‚ĖĄ‚Ėą‚ĖĄ‚Ėą ‚ĖĄ‚ĖĄ‚Ėą                            ‚ĖĎ
‚Ėą‚Ėą‚Ėą‚Ėą‚Ėą‚Ėą       ‚Ėą                                                                ‚Ēā
‚Ėą‚Ėą‚Ėą‚Ėą‚Ėą‚Ėą       ‚Ėą  What we are looking for:                                      ‚Ēā
‚Ėą‚Ėą‚Ėą‚Ėą‚Ėą‚Ėą       ‚Ėą                                                                ‚Ēā
‚Ėą‚Ėą‚Ėą‚Ėą‚Ėą‚Ėą       ‚Ėą  - 100mbit affil sites in EU                                   ‚Ēā
‚Ėą‚Ėą‚Ėą‚Ėą‚Ėą‚Ėą       ‚Ėą  - talented TV ripper                                          ‚Ēā
‚Ėą‚Ėą‚Ėą‚Ėą‚Ėą‚Ėą       ‚Ėą  - Member die DVDs vor Leihstart supplien koennen              ‚Ēā
‚Ėą‚Ėą‚Ėą‚Ėą‚Ėą‚Ėą       ‚Ėą                                                                ‚Ēā
‚Ėą‚Ėą‚Ėą‚Ėą‚Ėą‚Ėą       ‚Ėą                                                                ‚Ēā
‚Ėą‚Ėą‚Ėą‚Ėą‚Ėą‚Ėą       ‚Ėą  If you want to contact us you know how you do it ;)           ‚Ēā
‚Ėą‚Ėą‚Ėą‚Ėą‚Ėą‚Ėą       ‚Ėą                                                                ‚Ēā
‚Ėą‚Ėą‚Ėą‚Ėą‚Ėą‚Ėą       ‚Ėą  mfi.group@googlemail.com                                      ‚Ēā
‚Ėą‚Ėą‚Ėą‚Ėą‚Ėą‚Ėą       ‚Ėą                                                                ‚ĖĎ
‚Ėą‚Ėą‚Ėą‚Ėą‚Ėą‚Ėą       ‚Ėą                                                                ‚Ėí
‚Ėą‚Ėą‚Ėą‚Ėą‚Ėą‚Ėą       ‚Ėą                                                                ‚Ėď
‚Ėą‚Ėą‚Ėą‚Ėą‚Ėą‚Ėą       ‚Ėą‚ĖÄ‚ĖÄ‚ĖÄ‚ĖÄ‚ĖÄ‚ĖÄ‚ĖÄ‚ĖÄ‚ĖÄ‚ĖÄ‚ĖÄ‚ĖÄ‚ĖÄ‚ĖÄ‚ĖÄ‚ĖÄ‚ĖÄ‚ĖÄ‚ĖÄ‚ĖÄ‚ĖÄ‚ĖÄ‚ĖÄ‚ĖÄ‚ĖÄ‚ĖÄ‚ĖÄ‚ĖÄ‚ĖÄ‚ĖÄ‚ĖÄ‚ĖÄ‚ĖÄ‚ĖÄ‚ĖÄ‚ĖÄ‚ĖÄ‚ĖÄ‚ĖÄ‚ĖÄ‚ĖÄ‚ĖÄ‚ĖÄ‚ĖÄ‚ĖÄ‚ĖÄ‚ĖÄ‚ĖÄ‚ĖÄ‚ĖÄ‚ĖÄ‚ĖÄ‚ĖÄ‚ĖÄ‚ĖÄ‚ĖÄ‚ĖÄ‚ĖÄ‚ĖÄ‚ĖÄ‚ĖÄ‚ĖÄ‚ĖÄ‚ĖÄ‚Ėą
‚Ėą‚Ėą‚Ėą‚Ėą‚Ėą‚Ėą       ‚Ėą                 ___ ___ __ __ ___ ___                          ‚Ėď
‚Ėą‚Ėą‚Ėą‚Ėą‚Ėą‚Ėą       ‚Ėą                 ‚Ėą _ ‚Ėą ‚Ėą ‚Ėą_ ‚Ėą_  ‚Ėą  ‚Ėą__                          ‚Ėí
‚Ėą‚Ėą‚Ėą‚Ėą‚Ėą‚Ėą       ‚Ėą                 ‚Ėą_‚Ėą ‚Ėą‚ĖÄ‚ĖĄ ‚Ėą‚ĖĄ ‚Ėą‚ĖĄ  ‚Ėą  ‚ĖĄ‚ĖĄ‚Ėą                          ‚ĖĎ
‚Ėą‚Ėą‚Ėą‚Ėą‚Ėą‚Ėą       ‚Ėą                                                                ‚Ēā
‚Ėą‚Ėą‚Ėą‚Ėą‚Ėą‚Ėą       ‚Ėą                                                                ‚Ēā
‚Ėą‚Ėą‚Ėą‚Ėą‚Ėą‚Ėą       ‚Ėą                                                                ‚Ēā
‚Ėą‚Ėą‚Ėą‚Ėą‚Ėą‚Ėą       ‚Ėą                                                                ‚Ēā
‚Ėą‚Ėą‚Ėą‚Ėą‚Ėą‚Ėą       ‚Ėą                 CoP RUf FDL PBS & NMP                          ‚Ēā
‚Ėą‚Ėą‚Ėą‚Ėą‚Ėą‚Ėą       ‚Ėą                                                                ‚Ēā
‚Ėą‚Ėą‚Ėą‚Ėą‚Ėą‚Ėą       ‚Ėą                                                                ‚Ēā
‚Ėą‚Ėą‚Ėą‚Ėą‚Ėą‚Ėą       ‚Ėą                                                                ‚Ēā
‚Ėą‚Ėą‚Ėą‚Ėą‚Ėą‚Ėą       ‚Ėą                                                                ‚Ēā
‚Ėą‚Ėą‚Ėą‚Ėą‚Ėą‚Ėą       ‚Ėą                                                                ‚Ēā
‚Ėą‚Ėą‚Ėą‚Ėą‚Ėą‚Ėą       ‚Ėą                                                                ‚ĖĎ
‚Ėą‚Ėą‚Ėą‚Ėą‚Ėą‚Ėą       ‚Ėą                                                                ‚Ėí
‚Ėą‚Ėą‚Ėą‚Ėą‚Ėą‚Ėą       ‚Ėą                                                                ‚Ėď
‚Ėą‚Ėą‚Ėą‚Ėą‚Ėą‚Ėą       ‚Ėą‚ĖĄ‚ĖĄ‚ĖĄ‚ĖĄ‚ĖĄ‚ĖĄ‚ĖĄ‚ĖĄ‚ĖĄ‚ĖĄ‚ĖĄ‚ĖĄ‚ĖĄ‚ĖĄ‚ĖĄ‚ĖĄ‚ĖĄ‚ĖĄ‚ĖĄ‚ĖĄ‚ĖĄ‚ĖĄ‚ĖĄ‚ĖĄ‚ĖĄ‚ĖĄ‚ĖĄ‚ĖĄ‚ĖĄ‚ĖĄ‚ĖĄ‚ĖĄ‚ĖĄ‚ĖĄ‚ĖĄ‚ĖĄ‚ĖĄ‚ĖĄ‚ĖĄ‚ĖĄ‚ĖĄ‚ĖĄ‚ĖĄ‚ĖĄ‚ĖĄ‚ĖĄ‚ĖĄ‚ĖĄ‚ĖĄ‚ĖĄ‚ĖĄ‚ĖĄ‚ĖĄ‚ĖĄ‚ĖĄ‚ĖĄ‚ĖĄ‚ĖĄ‚ĖĄ‚ĖĄ‚ĖĄ‚ĖĄ‚ĖĄ‚ĖĄ‚Ėą
‚ĖĎ‚Ėą‚Ėą‚Ėą‚Ėą‚Ėď                  
‚ĖĎ‚Ėą‚Ėą‚Ėą‚Ėą‚Ėď                    
‚ĖĎ‚Ėą‚Ėą‚Ėą‚Ėą‚Ėą                    
 ‚Ėď‚Ėą‚Ėą‚Ėą‚Ėď                      
  ‚Ėą‚Ėą‚Ėą‚Ėą                                 _____________________    
  ‚Ėď‚Ėą‚Ėą ‚ĖĄ‚ĖĄ‚Ėą‚Ėą‚Ėą‚Ėď‚Ėď‚ĖĄ‚ĖĄ‚ĖĄ                  ‚Ėą‚ĖÄ‚ĖĄ‚Ėą‚ĖĎ              ‚ĖĎ‚ĖĎ‚Ėí‚Ėí‚Ėď‚Ėď‚Ėď
  ‚Ėď‚Ėą‚Ėą‚Ėď‚Ėą‚Ėą‚Ėą‚Ėą‚ĖÄ‚ĖÄ‚ĖÄ‚ĖÄ‚ĖÄ‚ĖÄ‚ĖÄ‚Ėď‚ĖĄ               ‚Ėą‚Ėą‚ĖĎ‚Ėą‚Ėą ASCii 2005 by XPQ21 
   ‚Ėą‚ĖÄ‚ĖÄ‚ĖÄ                           ‚Ėą‚ĖĄ‚ĖÄ‚Ėą‚ĖĎ______________‚Ėď‚Ėď‚Ėď‚Ėí‚Ėí‚ĖĎ‚ĖĎ
 ‚Ė†‚ĖÄ
