                                                                                                    
                                               ▄▄██████▄≈  ≈▄▄▄≈                                    
                                  ≈≈▄▄         ▀████▀████▄██████▄·█▄▄▄≈                             
                               ▄██████         ∙∙██∙  ░█████▀▀███ ██████▄▄▄≈                        
                           ▄≈ ███▀▀▀██           ██≈≈▄█████·  ███∙ ██▀▀██████▄▄                     
                       ▄▄████·██ε   ≈ ▄          ██▀▀▀ε∙░█è   ██► ██   ∙░████████≈≈                 
                     ▄███▀▀██ ██· ▄████          █▓     ██   ·██ ░██    ██▀ ε▀████► ▄≈              
                  ≈≈·██▀   ≈▄███  ░▀██       ▄·▄▄██▄   ·██≈  ██ε ██    ▄█     ███▀ ███▄≈            
               ▄███████   ████▀██≈≈▄██      ▒█ █████    ███▄██╥ ·██    ██   ·███'  ▀█████≈          
              ███▀▀██ ██ ·▀▀██ ▒██████▀  · ⌂██          ·▀███▀  ███▄≈ ██ε   ████▄  ███▀████▄        
             ░██ε  ▒██▀█▄≈▄▄██►█▒∩∩   ≈∙≡·ⁿ███∟                 ▀██████▀   ▒█▀ ██ ▄█▀  ε▀████▄      
         ▄▄█████≈  ∙██≈▀███▀ε∩ ⌠█▄≈ █▒█☻Ñ▒▄▄███▄▄≈  ≈≈≈           ▀▀█▀▀ ▄▄▄██  ████▀    ▄██████▄    
        ▄████████   ██► ∩∩     ≈██▒εê╕▓▓████████▀▀▒▒▒ƒ▀ñ⌐▒▒·           →█████  ░██▀    ▄██ε∩▀███╙   
      ▄██ε  ▀████████▀        ◄██▒≈▄███████  ▒φεε▒∙▒É░≈≈▒ε▒╥╚▒▄▄≈       ∩▀▀█▀ ▄██ê    ▄█▀    ███►   
     ████    ▀██ε▀▀▀          ½██████▒▒▒√─·· ε·∙∙≡▄████▒▒▒ⁿ≈≡⌂▀▒█▄         · ░███ç   ▄▒▀    ▄███    
    ▀▀▀▀██ç  ▄██∙        ·   ⌐█▀◘◘███ ε   · ≥ · ·▒█████████▒▒₧─░▀▒█▄          ▀███▄▄██▀    ▄██▀     
        ░██▄▄█▀ε     ≈▄♦⌐εεεε ▀█████ê∙═┴ε  ∩ ··ε▄██▀███▀▀█████▓░▒☺░█▄·          ▀████◘    ███ε      
         ε██▀ε      ·▒█▒ε₧ · ·  ▀██≈ ─∙       ≈▄██▀ ∩██  ·███████Ñ⌐▀█▄·           ▀████▄▄██▀        
         ⌠█ε        ▒░▒█·∙ε·≡· ∩▒███▄▒▄≈ ≈≈▄▄▒███ε   ∩█  ·─▀ε░█████▒▒█ß            ·▀█████ε         
         ∙∙        ∙─░▀█▄ ·εε  æ▒█████████████▀ε  ∩  ε∩ε  ε┤ ∩█████▒Ñî█╙             ·▀▀ε           
                   · ∙ ███≥  ··∙████████████▀█  ·░·   ☺Ç  ·█≈·██████▒▒╕█                            
                   à·  ¼███»▓▒♦▄███▀▀▀▀▀▀ε   █ç  ∙»█≈·⌠█  ·██▄████████▄█▄▄▄▄▄▒▄▄╗▒≈≈≈               
                   └·· ∩███████▀█É  ï   ¼Ç   ██  ·¼██▄██▄ ░█████████████'▀▒▀▀▀░▼└▒▒√¼░·             
                   ▒▒∙ ·⌐███∩▀▐ ·   ·≥  ▓█ç  ███ ·███████▄▄██████████████·∙─ εε∩  ∙ ·⌠█¥▄           
                   ·⌐≈≈ ▒███▄ ·  ≡   ⌠  ███  ████▄███████████████████████Ç ∩       ·  εⁿ¥▒≈         
               ≈ ▄▄█████╕▓███≈    ▄  ▒█≈████▄███████████▀▀████████████████≈ ·    ∙  ·    ∩'         
           ≈▄▄███████████░████▄██▄██ç▄██████████████████ε ⌠████████████████    ·          ε►        
         ░█████▒⌐⌐░▓·▓███ç▒╠████████▀ε█████████████████►  ∙███▀████████████≈ ∩     ·     · ├        
         █å√░∩ì∙░ ·∩ ████ß▌░████████≈ ∩████████████████  ··██£ ♫███████████Ç  ·            ·∟       
        █º ∩∙·       ████╥·─⌠█████▀█► ·▀███████▀▀▀▀ε▀▀▀  ··▀▀ε  ▀▀▀▀▀▀▀█████  ∙    · ·    ▌·É       
      ┌▒▀ ·  ·    ≡  █████≡░╕████≈ █∙   ▀εε≈▄▄≈ ▄▄'  █►   ·█╘  ·████████████≈∙▌  ─ ·∩  · ∩▒█ß       
      ⁿε  ·    ·  ∙ ⌠█████ ∩∙≤██▀► ║     █ñε██╒ ⌠█ε  █   ·∩█ε   ε███████████►░▒»≈ ≈░▒─▒▒┌▒██╢       
     ·ε   · ·       ≤█████▒· ≈▄▄█▒√ε     ▀Å  █►  ▀   █   ∙à│     ████████████▒▒░▒⌡▒▒██▒██▓███·      
      ·   · ·       ⌠████▄é'▀Ñ███         ┘  ▀≥  ·   │   ··▌     ███████████████████████████▀       
    ▌ ∙   · ·  ·    ∙█████ ï∙─▓██·           ·≈  »≈ ≈∙   ∩√░≡    ⌠██████▒████████████▓▒█░██∩        
    í  ·  ∙       · ·██████▒╥∙▒██            ▄◘██▄▄██≈   ▒ ¼░     █████ε ▓███▓██░██Ñ██║█▓▓▒         
    ↔·▒∙  · ─≈ î··ÿ¬░█████▒██ε½ε░≈  ç     ▄███▀▒▀██████▄▄Ç∙█▓·  ·─████╥  ε████████████████╥         
    ├⌐█▒≡≡è░≥Ç░«▄╔████████ ∩█Ç∙⌐███◘▒≈   ███▒▒╪░∩ε▒▓█████████▄≈▒▄████É∙   ∩▀██████▀▀▀▀▀▀▀ε          
    ▒███⌐╕█▒█████████████╢  ██▄²⌠██████▄███▒ε░·∙≡ ∩∙∟⌂██████████████▀       ε∩  ε· ∙                
    ·██████████▒█████████ε ·█◘██
▀███████╤∙·∙  ·    ∙░░└⌠██████████ε·                               
      ε└████▓██╞█▒▒█▓▄██╥   █▒███Çî▒▒╚███⌐     · ε· ·   ε⌐▀████████≈                                
        └▒▒█▄██████████▀ε   ⁿ☺█████▒▒▒▒█▓ÿ    ≡ ─      ∙  ░ε░╣█▀▀╕██ç                               
         ███████▀▀▀εε·       ≡████▒█░╕░╚██╕  ·  · ∙·  ε ∙≈▄█♠▀▓▄▄▄███                               
         εεε∩               ⌡≥ ████ε▓███████▄≈  ∙ ≈≈ε░▒▒███╕▒ε███████Ç                              
                            │▒ε▀███▄▄██▀☻██████████████████Ç  ████████                              
                            ·█≥·ε████▒ε≈·ε██▀▀███▒▀▀▀██≈∩ε███▒████████                              
                             ¥▒─  ████▒≈░▄▒░  ¿▄█æ ≈┌█╥⌐ ▄██▒█████████≡                             
                              █·ε ∩█████▒░∙·∩─░█▒⌐░↕█╫╕███████████████                              
                              ▒▓ ·  █████▄ε░▒∙─∩≈░░∙¡▄█████████▀⌐████ε                              
                              ▒▒█≈··∩██████▄▄▒▄┌▄▄▄▒██████▓▀░√≈⌐█████►                              
                             ·┌█▒▒▄░≈ε█████▒▀▀▀▀▀▀▀▀ ∩███▒▒░▄☻▀╫ε└▒██▓                              
                               ·∩εε∩¼╦▒██████▓╘·∙      ▀███╕∙ ·∙∩∙███ê                              
                                     ε∙∩▀█████▓▓▓⌐▒▒▒▒▄██▀    ∩≈░███▀                               
                                   ì▄■·▄██▓██▄▒♥░░≤ÿÅ░██╘   ·░ ░▀▀██                                
                                    ▀à ███ █╥╟↨≤⌠♫¼¼░█▒▀ª≥ⁿ░∙·≈í░─ε▒≈                               
                                    ∙·▀▀▀▀▀▀▀▀⌐εε≡∩ █º· ░∩»∩≡₧ε≡≈⌐█▄█                               
                                                    █ εì█╒∩∙▒▓∩·∩▒▒██                               
                                                    ▒∙░██┐ ε██▄≈≈∩⌠██                               
                                                    Å▒█ ██▒ ███   ·                                 
                                                           εε∩∙∙                                    
                                            ▄ PRESENTS ▄                                                       
                                                                                                    
                          ░░▒▒▒▒▒▓▓█▓▓▓▓▓▓▓█▓▓▓▓▓▓▓▓▓▓▓▓█▓▓▓▓▓▓▓█▓▓▒▒▒▒▒░░
                        ░░░▒▒▒▒▒▓▓▓▄███████▄████████████▄███████▄▓▓▓▒▒▒▒▒░░░
                                                               
                                                               
                                DR. MORETWATS HOMEMADE PORNO DIRTY 4                           
                                                               
                        ░░░▒▒▒▒▒▓▓▓▀███████▀████████████▀███████▀▓▓▓▒▒▒▒▒░░░
                          ░░▒▒▒▒▒▓▓█▓▓▓▓▓▓▓█▓▓▓▓▓▓▓▓▓▓▓▓█▓▓▓▓▓▓▓█▓▓▒▒▒▒▒░░
                              
                                           ▄ RELEASE INFO ▄
                                                                              
                          ░░▒▒▒▒▒▓▓█▓▓▓▓▓▓▓█▓▓▓▓▓▓▓▓▓▓▓▓█▓▓▓▓▓▓▓█▓▓▒▒▒▒▒░░                      
                        ░░░▒▒▒▒▒▓▓▓▄███████▄████████████▄███████▄▓▓▓▒▒▒▒▒░░░                    
                                                                                                
                                                                                                
                        Supplied by..: DoggPound
                        Source.......: DVD
                        Genre........: XXX
                        Format.......: XviD
                        Audio........: VBR MP3 with average bitrate: 192Kbps
                        Resolution...: 464 x 336
                                Bit Rate.....: 897 KB
                        DVD Release..: April 9, 2008
                        Release date.: June 16, 2008
                        Runtime......: 1 Hour 28 Minutes 42 Seconds
                        Size.........: 696 MB (49 Files x 15 MB) 1 CD
                        Fullscreen...: [X]
                                URL..........: http://adult.dvdempire.com/ItemPage.aspx?userid=99366347325817&item_id=1401244&
                                Synopsis.....: This Is Just Another Sample Of My Collection Of Hot, Dirty Amateur Sex. Trust Me, There's Much More Where This Came From! Welcome! Dr. Moretwat, a retired college
                                                   campus gynecologist (his lawyer says we can't say why he's retired) knows all about gorgeous girls and their hungry pussies. This is a small portion of some good,
                                                   old-fashioned, hot, dirty sex from his massive library of homemade porn. The good doctor is a stickler for quality and good, ol' fashioned, home-brewed heat, so you
                                                   can be assured that this is exactly what the doctor ordered!
                                                 
                                                                                
                                                                                
                                                                                
                                                                                
                                                                                
                                                                                
                                                                              
                                                                              
                                                                              
                                                                              
                        ░░░▒▒▒▒▒▓▓▓▀███████▀████████████▀███████▀▓▓▓▒▒▒▒▒░░░  
                          ░░▒▒▒▒▒▓▓█▓▓▓▓▓▓▓█▓▓▓▓▓▓▓▓▓▓▓▓█▓▓▓▓▓▓▓█▓▓▒▒▒▒▒░░    
                                                                              
                                         ▄ ACKNOWLEDGMENTS ▄  
                          
                                                              Wizeguys



                        ░░░▒▒▒▒▒▓▓▓▀███████▀████████████▀███████▀▓▓▓▒▒▒▒▒░░░  
                                    
                                         ▄ CONTACT INFO ▄  
Currently Looking for Prestreet XXX suppliers / Silver Suppliers / EU/KR/DE affil sites

E-Mail: DoggPound@HushMail.com
