          ██                ▓                                        ████  ████
        ▒████                                    ▓█                   ████ ▓████
      ▓███████▓       █                         ▓███           ██████ ▓████ ▓████
    ▓███████████▓     █                         █████         ████████ ▓████ ▓████
   ▓██████▒██████░   ░█░                                     ████  ███  ▓███  ▓███
  ▓██████▒ ▒██████▓  ░█░      ▄██ ██████████   ▓█████       ████   ▀█▀  ▓███  ▓███
  ██████▒ ▼ ▒██████  ░█░     ▓███░ ▓██████▒    ▓█████       ████        ▓███  ▓███
 ██████▒ ►☻◄ ▒██████ ░██░    ▓███░  ▓█████▒    ▒█████       ▀█████      ▒███  ▓███
  ██████▒ ▲ ▒██████ ░███░    ▓███░  ▓█████▒    ▓█████        ▀███████   ▒███  ▓███
  ▓██████▒ ▒██████▓ ░███░   ▓████░  ▓█████▒    ▓█████        ▀█████████  █████████
   ▓█████████████▓  ░████░  ░████▒░▓▓█████▒    ▓█████         ▀█████████ █████████
    ▓███████████▓  ░█████░  ░████▒▒▓▓█████▒    ▓█████              █████ █████████
     ▀█████████    ░█████░  ░████▒▒▓▓█████▒   ▓▓█████               ████ █████████
       ▓▓▓▓▓▓▓▓    ░█████░  ░████▒▓▓▓█████▒  ▓█████████       ▓█▒   ▒███ █████████
     ██████████▓   ░██████░ ░████▒▓▒▓█████▒ ▓███████████     ▓██▒   ▒███ ███  ▓███
     \\\\▓█████▓   ███████░░█████▒▒▒░█████▒▓█████████████   ▒███▒   ▒███ ███  ▓███
        \\▓█████▓  ███▒███░░█████▓▒▒░█████▒                ▒████▒  ▒▒███ ███  ▓███
           ██████▓▓███▒████░█████▒▓▒░█████▒      ▒    ███  ▒████▓  ▒████ ███  ▓███
           ▓█████▓███▒░▒███░████▒▓▒▒░█████▒     ▒ ███████  ▒▒███▓ ▒▒███▒ ███  ▓███
            ▓████████░▓░████████▒▓▓▒░█████▒▒▒▒███████████   ▒████▓████▒  ███  ▓███▓
             ▓██████▒░▓░▒███████▒▓▓▒▓████████████████████    ▒███████▒ ▓████▓ ▓████▓
              ▓█████░▓▓▓░███████▒▓▓▒░████████████████████     ▒█████▒ ▓█████▓ ▓█████▓
               █████░▓▓▓░███████▓▓▓▓░████████████████████      ▒███▒▒▓███████▓███████
               ▓███      ▓█████ ▄▄                    ▄▄         ▀
         ▲ ▲ ▲ ▲ ▀▲ ▲ ▲ ▲ ▓███ ▒██▲                  ▲██▒   ▲ ▲ ▲ ▲ ▲ ▲ ▲ ▲ ▲       
        ▲▼▼▼▼▼▼▼▼▼▼▼▼▼▼▼▼▼ ▓▀ ▒████▲                ▲████▒  ▼▼▼▼▼▼▼▼▼▼▼▼▼▼▼▼▼▼▲          
       ▲▼▼▼▼▼▼▼▼▼▼▼▼█▼▼▼▼▼▼▼▼▒██████▲              ▲██████▒▼▼▼▼▼▼▼▼█▼▼▼▼▼▼▼▼▼▼▼▼▲        
      ▲▼▼▼▼▼▼▼█████████████▼▼▼▒██████▲           ░▲██████▒▼▼▼█████████████▼▼▼▼▼▼▼▲       
     ▲▼▼▼▼▼▼█████████████████▼▼▒██████▲░        ░▲██████▒▼▼█████████████████▼▼▼▼▼▼▲      
   ▲▲▼▼▼▼▼██████▓▓▓▓███████████▼▼▒█████▲░      ░▲█████▼▼▼█████████████████████▼▼▼▼▼▲       
  ▲▼▼▼▼▼▼█████▓▓▓▓▓▓▓▓██████████▼▼▒█████▲░    ░▲█████▼▼▼██████████████▓▓▓██████▼▼▼▼▼▲  
 ▲▼▼▼▼▼▼█████▓▓▓▓▓▓▓▓▓▓██████████▼▼▒█████▲░\/░▲█████▒▼▼██████████████▓▓▓▓▓▓█████▼▼▼▼▼▲   
◄▼▼▼▼▼▼███▓▓▓▓▓▓▓▓▓▓▓▓▓▓██████████▼▼▒█████►░░◄█████▒▼▼█████████████▓▓▓▓▓▓▓▓▓▓████▼▼▼▼▼▲  
◄▼▼▼▼▼███▓▓▓▓▓▓▓▓▓▓▓▓▓▓▓▓██████████▼▼▒████►░░◄████▒▼▼████████████▓▓▓▓▓▓▓▓▓▓▓▓▓▓███▼▼▼▼▼► 
◄▼▼▼▼████▓▓▓▒▒▒▒▓▓▓▓▓▓▓▓▓▓██████████▼▒████►░░◄████▼▼████████████▓▓▓▓▒▒▒▒▒▒▓▓▓▓▓▓███▼▼▼▼►   
◄▼▼▼████▓▓▓▓▒▒▒▒▒▒▓▓▓▓▓▓▓▓███████████▼▒███►░░◄███▒▼████████████▓▓▓▓▒▒▒▒▒▒▒▒▓▓▓▓▓▓███▼▼▼►       
◄▼▼▼████▓▓▓▒▒▒▒▒▒▒▒▓▓▓▓▓▓▓▓██████████▼▼███►\/◄███▼▼███████████▓▓▓▓▒▒▒▒▒▒▒▒▒▒▓▓▓▓▓███▼▼▼►        
◄▼▼█████▓▓▓▒▒▒▒▒▒▒▒▒▒▓▓▓▓▓▓▓██████████▼▒██►\/◄██▒▼██████████▓▓▓▓▓▒▒▒▒▒███▒▒▒▒▓▓▓▓▓███▼▼►
◄▼▼█████▓▓▓▒▒▒████▒▒▒▒▒▓▓▓▓▓▓█████████▼▼███\/██▒▼▼█████████▓▓▓▓▒▒▒▒▒███▓█▒▒▒▒▓▓▓▓▓███▼▼►
◄▼▼████▓▓▓▓▒▒▒██▓▓█▒▒▒▒▓▓▓▓▓▓█████████▼▼███\/███▼▼████████▓▓▓▒▒▒▒▒▒██▓░▓█▒▒▒▒▓▓▓▓████▼▼►
◄▼▼█████▓▓▓▓▒▒█▓░░▓██▒▒▒▓▓▓▓▓▓▓███████▼▼██\\//██▼▼███████▓▓▓▓▒▒▒▒▒██▓░░▓█▒▒▒▒▓▓▓█████▼▼►
◄▼▼██████▓▓▓▒▒█▓░░░▓▓█▒▒▓▓▓▓▓▓▓▓██████▼▼▒█\\//█▼▼▼██████▓▓▓▓▒▒▒▒▒██▓░░▓█▒▒▒▒▓▓▓██████▼▼►
◄▼███████▓▓▓▒▒▒██▓░░▓█▒▒▒▓▓▓▓▓▓████████▼▼█\\//█▼▼██████▓▓▓▓▓▒▒▒▒██▓░░▓██▒▒▒▒▓▓████████▼►
◄▼▼███████▓▓▒▒▒▒█▓░░▓▓█▒▒▒▓▓▓▓▓███████ ▼▼█\\//█▼▼▼█████▓▓▓▓▓▒▒▒▒██░░███▒▒▒▒▓▓▓███████▼▼►
◄▼▼███████▓▓▓▒▒▒▒█▓▓▓███▒▒▒▓▓▓▓████████▼▼█\\//█▼▼██████▓▓▓▓▒▒▒▒▒██████▒▒▒▒▓▓▓████████▼▼►
◄▼▼████████▓▓▓▒▒▒▒██████▒▒▒▓▓▓▓████████▼▼█\\//█▼▼█████▓▓▓▓▓▒▒▒▒▒▒███▒▒▒▒▒▓▓▓█████████▼▼►
◄▼▼████████▓▓▓▒▒▒▒▒▒▒▒▒▒▒▒▓▓▓▓█████████▼▼\\\///▼▼▼████▓▓▓▓▓▓▒▒▒▒▒▒▒▒▒▒▒▒▓▓▓██████████▼▼►
◄▼▼██████████▓▓▓▒▒▒▒▒▒▒▒▒▓▓▓▓█████████▼▼▼\\\///▼▼▼█████▓▓▓▓▓▓▓▒▒▒▒▒▒▒▒▓▓▓▓███████████▼▼►
◄▼▼▼██████████▓▓▓▒▒▒▒▒▓▓▓▓▓██████████▼▼▼▼\\\///▼▼▼▼█████▓▓▓▓▓▓▓▒▒▒▒▒▒▓▓▓▓███████████▼▼▼►
◄▼▼▼███████████▓▓▓▓▓▓▓▓▓▓▓███████████▼▼▼▼▼\\//▼▼▼▼▼███████▓▓▓▓▓▓▓▓▓▓▓▓▓▓████████████▼▼▼►
◄▼▼▼▼███████████▓▓▓▓▓▓▓▓████████████/█▼▼▼▼\\//▼▼▼▼█\█████████▓▓▓▓▓▓▓▓▓█████████████▼▼▼▼►
 ▼▼▼▼▼█████████████████████████████/██▼▼▼▼\\//▼▼▼▼██\█████████████████████████████▼▼▼▼▼►
  ▼ ▼▼▼███████████████████████████/████▼▼▼\\//▼▼▼████\███████████████████████████▼▼ ▼▼▼
  ▼▼▼▼▼▼█████████████████████████▼█████▼▼▼\\//▼▼▼█████▼█████████████████████████▼▼▼▼▼▼           
  ▼▼▼▼▼▼▼███████████████████████▼▼▼████▼▼▼\\//▼▼▼████▼▼▼███████████████████████▼▼▼▼▼▼▼►         
  ▼▼▼ ▼▼▼▼█████████████████████▼▼▼▼█████▼▼\\//▼▼█████▼▼▼▼█████████████████████▼▼▼▼▼ ▼▼▼        
  ▼▼▼▼▼▼▼▼▼▼█████████████████▼▼▼▼▼▼█████▼▼▼\/▼▼▼█████▼▼▼▼▼▼█████████████████▼▼▼▼▼▼▼▼▼▼       
  ▼▼▼▼ ▼▼▼▼▼▼▼█████████████▼▼▼▼▼▼ ▼█████▼▼▼▼▼▼▼▼█████▼▼▼▼▼▼▼▼█████████████▼▼ ▼▼▼▼▼▼  ▼      
  ▼ ▼▼▼▼▼ ▼▼▼▼▼▼▼▼▼▼█▼▼▼▼▼▼▼▼▼▼▼▼▼▼▼█████▼▼▼▼▼▼█████▼▼▼▼▼▼▼▼▼▼▼▼▼▼▼█▼▼▼▼▼▼▼▼▼▼▼▼▼▼▼ ▼ ►   
  ▼▼▼▼ ▼▼▼▼▼▼▼▼▼▼▼▼▼▼▼▼▼▼▼▼▼▼▼ ▼▼▼▼▼█████▼▼▼▼▼▼█████▼▼▼▼▼▼ ▼▼▼▼▼▼▼▼▼▼▼▼▼▼▼▼▼▼▼▼▼▼ ▼ ▼▼
  ▼▼▼▼▼▼▼▼▼▼▼   ▼▼▼▼▼▼▼▼▼ ▼▼▼▼▼▼▼▼▼▼█████▼▼▼▼▼▼█████▼▼▼ ▼▼▼▼▼▼▼▼▼▼▼▼▼▼▼ ▼▼▼▼ ▼▼▼▼ ▼ ▼ ▼
  ▼  ▼▼▼ ▼▼▼▼▼▼▼▼▼▼▼▼▼ ▼▼▼▼ ▼▼▼ ▼▼▼▼██████▼▼▼▼██████▼▼▼▼▼▼▼▼ ▼▼▼ ▼▼▼▼▼▼▼▼▼▼▼ ▼▼ ▼ ▼  ►
  ▼ ▼▼▼ ▼▼▼ ▼▼▼ ▼▼▼▼▼▼▼▼ ▼▼▼▼▼▼▼▼▼ ▼▼█████▼▼▼▼█████▼▼▼ ▼▼ ▼▼▼▼▼▼▼▼▼ ▼▼▼▼ ▼▼▼▼▼▼ ▼▼ ▼▼ ▼
  ◄▼ ▼  ▼▼▼▼▼▼▼▼▼▼  ▼▼▼ ▼▼▼▼▼ ▼▼▼▼▼▼▼█████▼▼▼▼█████▼ ▼▼▼▼ ▼▼▼▼ ▼▼▼▼▼▼ ▼▼▼▼▼▼ ▼▼   ▼ ►
  ◄▼ ▼▼   ▼▼▼▼ ▼▼▼▼▼ ▼▼▼▼▼▼ ▼▼▼▼ ▼▼▼▼█████▼▼▼▼█████▼▼▼▼▼▼▼ ▼▼▼▼▼▼▼ ▼▼▼ ▼▼ ▼▼ ▼  ▼ ▼► ▼▼
  ▼▼▼  ▼ ▼   ▼ ▼▼▼▼▼▼ ▼▼▼   ▼▼▼▼▼▼▼▼▼▼█████▼▼█████▼▼▼ ▼▼▼ ▼▼▼▼▼▼ ▼▼▼▼▼▼▼▼  ▼▼ ▼▼   ▼▼
   ▼  ▼▼  ▼ ▼▼▼▼ ▼▼▼▼▼ ▼▼ ▼▼▼▼▼ ▼▼ ▼▼▼▼████▼▼████▼▼▼▼▼▼ ▼▼▼▼ ▼▼▼ ▼▼▼▼  ▼▼▼ ▼ ▼▼  ▼▼  ►▼
  ◄▼▼  ▼ ▼▼  ▼ ▼▼▼ ▼▼ ▼▼▼ ▼▼▼▼ ▼▼▼▼ ▼▼▼▼███♀♀███▼▼▼ ▼▼▼▼ ▼▼▼▼▼ ▼▼▼▼ ▼▼▼▼▼ ▼ ▼ ▼▼ ▼▼ ▼
   ▼ ▼▼  ▼▼▼ ▼▼ ▼▼▼▼▼ ▼▼  ▼▼ ▼▼▼▼▼▼▼▼▼▼▼▼██████▼▼▼▼▼ ▼▼ ▼▼ ▼▼▼ ▼▼▼ ▼ ▼▼  ▼▼  ▼  ▼ ▼ ▼ ▼
  ◄▼ ▼ ▼  ▼ ▼  ▼▼▼  ▼ ▼ ▼▼▼ ▼▼▼▼▼▼ ▼▼▼ ▼▼▼████▼▼▼▼ ▼▼▼ ▼▼▼  ▼▼ ▼▼ ▼ ▼  ▼▼  ▼▼ ▼ ▼ ▼▼
  ◄ ▼  ▼▼  ▼▼  ▼  ▼ ▼  ▼▼  ▼▼ ▼ ▼▼▼ ▼▼▼ ▼▼▼██▼▼▼▼▼▼▼ ▼▼ ▼▼ ▼▼▼▼ ▼ ▼ ▼ ▼ ▼  ▼ ▼▼▼▼ ▼ ►▼▼
 ◄ ▼  ▼▼ ▼ ▼  ▼ ▼▼ ▼  ▼ ▼ ▼ ▼ ▼▼▼ ▼▼▼  ▼ ▼  ▼▼▼ ▼▼  ▼ ▼▼ ▼▼▼▼ ▼▼▼  ▼  ▼ ▼  ▼▼ ▼   ▼ ▼
  ▼ ▼▼  ▼  ▼ ▼ ▼  ▼   ▼▼ ▼ ▼▼ ▼ ▼ ▼▼ ▼▼ ▼▼ ▼▼ ▼ ▼▼ ▼ ▼ ▼ ▼ ▼ ▼ ▼  ▼  ▼▼  ▼▼    ▼   ▼ ▼
  ◄ ▼▼ ▼  ▼▼ ▼▼   ▼ ▼ ▼  ▼▼  ▼  ▼ ▼ ▼▼ ▼▼ ▼ ▼ ▼  ▼ ▼ ▼  ▼▼  ▼▼  ▼ ▼  ▼ ▼ ▼  ▼ ▼▼ ▼ ▼►▼
 ╩  ▼▼ ▼ ▼   ▼ ▼ ▼▼  ▼▼ ▼ ▼ ▼ ▼  ▼▼ ▼▼  ▼▼ ▼ ▼ ▼ ▼   ▼  ▼  ▼ ▼  ▼  ▼  ▼▼ ▼ ▼  ▼▼   ▼▼
   ◄  ▼ ▼▼ ▼  ▼ ▼▼ ▼   ▼ ▼▼  ▼▼  ▼▼   ▼ ▼   ▼ ▼ ▼ ▼ ▼   ▼ ▼  ▼▼  ▼ ▼▼ ▼   ▼  ▼  ▼ ▼► ▼
  ▼ ▼ ▼ ▼▼ ▼▼ ▼▼ ▼   ▼ ▼▼  ▼  ▼ ▼▼ ▼  ▼    ▼▼ ▼▼  ▼ ▼ ▼  ▼▼ ▼ ▼▼ ▼ ▼▼  ▼ ▼▼ ▼▼ ▼ ▼
   ◄▼ ▼ ▼   ▼ ▼   ▼▼  ▼   ▼  ▼   ▼  ▼   ▼ ▼ ▼ ▼  ▼▼ ▼  ▼▼ ▼   ▼ ▼  ▼  ▼  ▼ ▼  ▼ ▼  ▼ ▼
   ◄ ▼ ▼╔═════════════════════════════════════════════════════════════════════╗▼  ► ▼▼
   ◄ ▼  ║█████████████████████████████████████████████████████████████████████║ ▼▼► ▼
  ▼ ▼▼ ▼║█                             OWLiSH                                █║ ▼► ►
   ▼ ▼ ▼║█                                                                   █║▼  ▼ ▼
   ╬◄▼▼ ║█      BRINGING YOU RARE, OBSCURE, AND QUALITY DVD-R SINCE 1936     █║  ▼►╬▼
  ▼╬╬▼ ▼║█                THIS .NFO HAS BEEN PROPERLY NESTED                 █║▼ ► ╬ ▼
  /╬╬┼/▼║█     ╦╩╩╩╩╩╩╩╩╩╩╩╩╩╩╩╩╩╩╩╩╩╩╩╩╩╩╩╩╩╩╩╩╩╩╩╩╩╩╩╩╩╩╩╩╩╩╩╩╩╩╩╩╩╩╩╩╦    █║ ▼\╬╬ ▼
   ╬╬╬┼ ║█     ╩╦╦╦╦╦╦╦╦╦╦╦╦╦╦╦╦╦╦╦╦╦╦╦╦╦╦╦╦╦╦╦╦╦╦╦╦╦╦╦╦╦╦╦╦╦╦╦╦╦╦╦╦╦╦╦╦╩    █║ \╬╬╬ ▼
  ▼╬╬╬╬◄║█████████████████████████████████████████████████████████████████████║▼╬╬╬ ▼ ▼
  /╬╬╬╬╬╚═/═════════/══════/═══════════════\══════════════/═════════\═════════╝╬╬╬┼► ▼
  ▼ ╬╬╬╬╬╬╬╬╬╬╬╬╬╬╬╬╬╬╬╬╬╬╬╬╬╬╬╬╬╬╬╬╬╬╬╬╬╬╬╬╬╬╬╬╬╬╬╬╬╬╬╬╬╬╬╬╬╬╬╬╬╬╬╬╬╬╬╬╬╬╬╬╬╬╬╬╬╬▼ ▼
    ▼╬╬╬╬╬╬╬╬╬╬╬╬╬╬╬╬╬╬╬╬╬╬╬╬╬╬╬╬╬╬╬╬╬╬╬╬╬┼╬╬╬╬╬╬╬╬╬╬╬╬╬╬╬┼╬╬╬╬╬╬┼╬╬╬╬╬╬╬┼┼╬╬╬┼╬┼╬ ▼
  ▼  / ╬╬╬╬╬╬╬╬╬╬╬╬╬┼╬╬╬╬┼┼┼┼╬┼╬╬╬╬╬┼╬╬╬╬╬╬╬╬╬╬╬╬╬╬╬╬┼╬┼┼╬╬╬╬╬╬╬╬╬╬╬╬╬╬┼╬╬┼╬╬╬╬╬\ ▼ ▼
   ▼ ◄ ▼╬╬╬╬╬╬╬┼╬╬╬╬╬╬╬╬╬╬╬╬╬╬╬╬╬╬╬╬┼╬╬╬╬╬╬╬╬╬╬╬╬╬╬╬╬╬╬╬╬╬╬╬╬╬╬╬╬╬╬╬┼╬╬╬╬╬╬╬┼╬╬▼\ ▼ ▼
    ▼ ◄▼/╬╬╬╬╬╬╬╬╬╬╬┼┼┼╬╬╬╬┼╬╬┼╬╬╬╬╬╬╬╬╬╬┼┼╬╬╬╬┼╬╬╬╬╬╬┼╬╬╬╬╬╬╬╬╬╬╬╬╬╬╬╬┼┼╬╬╬╬\ \ ► ▼
  ▼   ▼ ▼ /╬╬╬╬╬╬╬╬╬╬╬╬╬╬╬╬╬╬╬╬╬╬╬╬╬╬╬╬╬╬╬╬╬╬╬╬┼╬╬╬╬╬╬╬╬╬╬┼╬╬┼╬╬┼╬╬╬╬╬╬╬╬╬╬╬\   ►  ▼ ▼
    ▼           /   \     \  ▼    \  \    /▼     /  ▼    \      \    ▼  \ \  ▼   ▼▼
   ▼  ▼  ▼▼▼▼▼   ▼▼       ▼       ▼     ▼              ▼    ▼  ▼        ▼▼           ▼
  ▼     ◄        ▼    ▼                ▼▼  ▼   ▼▼▼    ▼        ▼   ▼  ▼▼   ▼  ▼  ▼ ▼
   ▼   ▼   ▼▼      ▼  ▼  ▼ ▼  ▼  ▼            ▼    ▼▼  ▼  ▼  ▼▼▼  ▼            ►    ▼
  ▼ ▼  ▼        ▼        ▼         ▼  ▼    ▼▼   ▼                  ▼ ▼ ▼  ▼  ▼    ▼
    ▼ ▼  ▼  ▼▼ ▼  ▼     ▼   ▼         ▼                     ▼▼       ▼▼   ▼      ▼  ▼
  ▼  ▼              ▼      ▼    ▼             ▼  ▼     ▼ ▼       ▼       ▼    ▼      ▼        ╬
    ▼    ▼  ▼     ▼     ▼     ▼     ▼      ▼        ▼   ▼  ▼    ▼  ▼   ▼    ► ▼   ▼ ▼
 ▼    ▼     ▼  ▼    ▼  ▼  ▼   ▼  ▼▼  ▼  ▼ ▼   ▼    ▼   ▼    ▼   ▼               ▼  ▼
  ▼  ▼           ▼        ▼      ▼               ▼  ▼▼     ▼  ▼          ▼ ► ▼    ▼ ▼
  ▼▼    ▼   ▼        ▼  ▼    ▼     ▼    ▼           ▼    ▼         ▼  ▼              ▼
          ▼     ▼       ▼       ▼    ▼     ▼     ▼  ▼  ▼ ▼     ▼             ▼  ▼
       ▼              ▼     ▼            ▼    ▼         ▼         ▼   ▼▼        ▼ ▼ ▼
 ▼  ▼       ▼  ▼  ▼▼               ▼                        ▼                  ▼▼
  ▼      ▼                 ▼                ▼     ▼                 ▼▼     ▼
     ▼      ▼   ▼     ▼      ▼     ▼    ▼     ▼      ▼    ▼     ▼        ▼     ▼  ▼ ▼
   ▼          ▼    ▼     ▼        ▼▼           ▼▼▼▼ ▼▼▼       ▼    ▼                 ▼
 ▼▼      ▼  ▼                          ▼     ▼                              ▼ ▼ ▼  ▼
      ▼      ▼    ▼            ▼                    ▼      ▼          ▼       ▼
  ▼            ▼     ▼    ▼        ▼   ▼          ▼    ▼        ▼         ▼
       ▼ ▼                                  ▼              ▼      ▼    ▼          ▼
 ▼   ▼        ▼   ▼     ▼   ▼ ▼     ▼           ▼   ▼                       ▼        ▼
  ▼       ▼                   ▼          ▼             ▼            ▼▼  ▼      ▼    ▼
    ▓███████  ▼   ▓███ █████████        ▄▄▄▄     ▼        ▼   ▼            ▼ ▼   ▼
 ▼  ▓██████████  ▄█████ ▓▓███    █ █  ▓██████  ▼      ▼         ▼
  ▼ ▓██▒ ██████  ███▒██  ▓███▼ ▄     ▄▓██  ██ ▄▄▄▄▄               ▼  ▼  ▼           ▼
    ▓███ ██▒    ▄██▒ ██▄  ███  ██   ██ ██  ██ █▀▀▀▀  ☻   ▼   ▼               ▼  ▼    ▼
▼   ▓███ ███   ▄██▓   ██  ███  ██   ██ ██▄▄█  █▓▓▒                         ▼      ▼
  ▼ ▓██  ██  ▓▓█████████▄ ███  ██   ██ ██▀▀█▄ █▀▀      ▼   ▼    ▼   ▼           ▼
 ▼  ▓██ ░████████▒░   ▓██ ███  ██▄▄▄██ ██  ▀█ █▓▓    ☻                  ▼  ▼         ▼
  ▼ ▓██ ▓███████▒     ▓██ ███  ▀█████▀ ██   █▓██████     ▼        ▼                ▼
             ██▒                                            ▼                    ▼
    ▄▄▄▄▄▄▄▄▄▄▄▄▄▄▄▄▄▄▄▄▄▄▄▄▄▄▄▄▄▄▄▄▄▄▄▄▄▄▄▄▄▄▄▄▄▄▄▄           ▼
                                           

           ▓▓▓░▓▓▓░▓     █▀▀▀▀▀▀▀▀▀▀▀▀▀▀▀▀▀▀▀▀▀▀▀▀▀▀▀▀▀▀▀▀▀▀▀▀▀▀▀▀▀▀█      ▒▒▓▓▓▓▓▒▒
       ░░▒▒▒▒██████░░░   █                                          █    ▒▒██████▓▓▓▓▒
      ▒▒▒▒███████████░░  █  BORN ON THE FOURTH OF JULY (1989)       █   ▒███████████▓▓▒
     ░▒▓██████████████░  █                                          █  ░██████████████▓▒
     ░▒▓██████████████░  █     iMDB:                                █  ░██████████████▓▒
     ▒▒▓██████░░░░████░  █  ♠  http://us.imdb.com/Title?0096969     █  ░████░░░░██████▓▒▒
    ▒▒▓▓█████░░  ░░███░  █                                          █  ░███░░  ░██████▓▓▒▒
    ▒▒▓██████░    ░░██░  █                                          █  ░██░░    ░██████▓▓▒
   ▒▒▒███████░      ░█░  ▀▀▀▀▀▀▀▀▀▀▀▀▀▀▀▀▀▀▀▀▀▀▀▀▀▀▀▀▀▀▀▀▀▀▀▀▀▀▀▀▀▀▀▀  ░█░      ░███████▓▒░
   ▒▓▓███████░                                                                  ░███████▓▓▒
   ▒▓████████░                                                                  ░████████▓▒
   ▒▓████████░         RELEASED:                              GENRE:DRAMA       ░████████▓▒
  ░▒▓████████░                                                                  ░████████▓▒▒
  ▒▒▓████████░      DVD RELEASE:04/1999               SCREEN FORMAT:16:9        ░████████▓▒▒
  ▒▓▓████████░                                                                  ░████████▓▓▒░
 ░▒▓█████████░           SOURCE:NTSC RETAIL                   AUDIO:DTS/DD2.0   ░█████████▓▒░
 ▒▒▓█████████░                                                                  ░█████████▓▒░
▒▒▓▓█████████░        LANGUAGES:ENG                     DOWNSAMPLED:YES         ░█████████▓▓▒░
▒▒▓██████████░                                                                  ░██████████▓▒░
▒▓▓██████████░             MENU:YES                       SUBTITLES:N/A         ░██████████▓▒▒
▒▓███████████░                                                                  ░███████████▓▒
▓▓███████████░      IMDB RATING:6.9/10                        IMAGE:PRASSI      ░███████████▓▒
▓▓███████████░                                                                  ░███████████▓▒
▒▓▓██████████░           EXTRAS:N/A                            SIZE:95X50       ░██████████▓▓▒
▒▒▓██████████░                                                                  ░██████████▓▒▒
 ▒▒▓█████████░          RUNTIME:145                          RIPPED:SEE NOTES   ░█████████▓▓▒
 ░▒▒▓████████░                                                                  ░████████▓▓▒▒
  ░▒▓████████░                                                                  ░████████▓▒▒░
   ▒▓████████░         ░                                               ▒        ░████████▓▒░
   ▒▓████████░      ░░░░                                              ░▒░░      ░████████▓▒░
   ▒▓████████░     ▒▒█▓░                                              ░▓█░░     ░████████▓▒
   ▒▓████████░    ▒▒██▓░                                              ░▓██░░    ░████████▓▒
  ▒▒▓████████░   ░▒███▓░                                              ░▓███░░   ░████████▓▒
  ▒▒▓▓███████░░  ▒▒███▓░                                              ░▓███░░  ░░███████▓▓▒
   ▒▒▓████████░░░▒████▓░                                              ░▓████░░░░████████▓▒▒
   ░▒▒▓███████████████▓░                                              ░▓███████████████▓▓▒▒
     ▒▓███████████████▓░                                              ░▓███████████████▓▒▒
     ▒▒▓██████████████▓                                                ▓██████████████▓▓▒░
      ▒▒▓▓██████████▒▒                                                  ░▓██████████▓▓▓▒▒
       ▒▒▒▓███████▒▒▒                                                    ░▓▓███████▓▓▒▒▒
         ▒▒▒▒▒▒▒▒▓▒   ▄▄▄▄▄▄▄▄▄▄▄                                          ▓▓▒▒▒▒▓▓▓▒▒▒
                     /█RIP NOTES█\
  ╔═══════════════════▀▀▀▀▀▀▀▀▀▀▀════════════════════════════════════════════════════════════╗
  ║██████████████████████████████████████████████████████████████████████████████████████████║                          
  ║▓▓                                                                                      ▓▓║
  ║▓▓  This is the DTS release of this movie, no extras, no Subs(sorry), no DD5.1          ▓▓║
  ║▓▓  was included in the retail. This movie is most about the audio, a 1.6GB DTS stream  ▓▓║                                                                                                       
  ║▓▓  The DTS track on this movie is  1536kbps!!!! To make this movie as best as possible ▓▓║
  ║▓▓   there is about 4 minutes of credits removed to keep bitrate up. The video on this is▓║
  ║▓▓  mediocre at best. Even before Reencoding.Sorry if it looks bad, but the $30 DVD I   ▓▓║
  ║▓▓  Bought doesnt look much better. A dummy video was added in the beginning to sync    ▓▓║
  ║▓▓  the delay in the DTS, Still waiting for that elusive DTS encoder-=heh=-.            ▓▓║
  ║▓▓       None the less a fine movie, but you Euro guys wont like the lack of subs       ▓▓║
  ╚═███████════════════════════════════════════════════════════════════════════════███████═══╝
  ████░░█ ███                                                                    ███ █░░████
 ██ ░░█  █ █████         ********************************************         █████ █  █░░ ██
███   █   ██▓▓▓██        *   *    * M O V I E   N O T E S *    *    *        ██▓▓▓██   █   ███
█░░████████▓▓▓▓▓█  /     ********************************************     \  █▓▓▓▓▓████████░░█
█     ██▓▓▓▓▓▓▓▓█//                                                        \\█▓▓▓▓▓▓▓▓██     █
█     █▓▓▓▓▓▓▓▓██\\      The biography of Ron Kovic. Paralyzed in the      //██▓▓▓▓▓▓▓▓█     █
██  ███▓▓╔╗▓▓▓▓█  \\                                                      /   █▓▓▓▓╔╗▓▓███  ██
█░███▓▓▓▓╚╝▓▓▓██         Vietnam war, he becomes an anti-war and pro-         ██▓▓▓╚╝▓▓▓▓███░█
█  ░█▓▓▓▓▓▓▓▓▓█//  \                                                         \\█▓▓▓▓▓▓▓▓▓█░  █
██ ██▓▓▓▓▓▓▓███/         human rights activist after feeling betrayed         \███▓▓▓▓▓▓▓██ ██
████▓▓▓▓▓▓▓██ \\                                                              // ██▓▓▓▓▓▓▓████
█████▓▓█████\ \ \        by the country he fought for                        /    █████▓▓█████
███ ████\ \  \                                                                  //  / ████ ███
███      \\                Directed by Oliver Stone                             / /        ███
███                                                                              /         ███
███                      ********************************************           /          ███
███                      *     *           C A S T            *     *                      ███
███                      ********************************************                      ███
███             ┌──────────────────────────────────────────────────────────────┐           ███
███             │        Tom Cruise ....  Ron Kovic                            │           ███
███             │        Bryan Larkin ....  Young Ron                          │           ███
███             │        Raymond J. Barry ....  Mr. Kovic                      │           ███
███             │        Caroline Kava ....  Mrs. Kovic                        │           ███
███             │        Josh Evans ....  Tommy Kovic                          │           ███
███             │        Seth Allen (II) ....  Young Tommy                     │           ███
███             │        Jamie Talisman ....  Jimmy Kovic                      │           ███
███             │        Sean Stone ....  Young Jimmy                          │           ███
███             │        Anne Bobby ....  Suzanne Kovic                        │           ███
███             │        Jenna von O  ....  Young Suzanne                      │           ███
███             │        Samantha Larkin ....  Patty Kovic                     │           ███
███             │        Erika Geminder ....  Young Patty                      │           ███
███             │        Amanda Davis (I) ....  Baby Patty                     │           ███
████            │        Kevin Harvey Morse ....  Jackie Kovic                 │          ████
█████████▄      │        Kyra Sedgwick ....  Donna, Ron's Girlfriend           │    ▄█████████
██████████▄     │                                                              │   ▄██████████  
                │                                                              │
                └──────────────────────────────────────────────────────────────┘


                      ▄▄▄▄▄▄▄▄▄▄▄▄▄                                       
                     /█GROUP NOTES█\
  ╔═══════════════════▀▀▀▀▀▀▀▀▀▀▀▀▀══════════════════════════════════════════════════════════╗
  ║██████████████████████████████████████████████████████████████████████████████████████████║
  ║▓▓║║║║║║║║║║║║║║║║║║║║║║║║║║║║║║║║║║║║║║║║║║║║║║║║║║║║║║║║║║║║║║║║║║║║║║║║║║║║║║║║║║║║║║▓▓║
  ║▓▓                                                                                      ▓▓║
  ║▓▓                                                                                      ▓▓║
  ║▓▓ AS OPPOSED TO RIPPING ANYTHING NETFLIX OR BLOCKBUSTER HAS ON SPECIAL,WE HAVE FOCUSED ▓▓║
  ║▓▓ ON RARE AND QUALITY DVDR FOR THE TRUE MOVIE FANS. SORRY IF THIS OFFENDS YOU.         ▓▓║
  ║▓▓  WE ALWAYS TRY AND KEEP OUR MOVIES ABOVE 6.0 UNLESS WE ARE DOING A REQUEST           ▓▓║
  ║▓▓ JUST A NOTE TO THE NAY-SAYERS OF THIS HOBBY: WE OWN EVERY DVD WE RELEASE. WE DONT    ▓▓║
  ║▓▓ RENT&RETURN. IF YOU ENJOY THE DVD LIKE WE DID, GO OUT AND BUY IT. BEFORE SOMEONE GETS▓▓║
  ║▓▓ REALLY MAD!                                                                          ▓▓║
  ║▓▓                                                                                      ▓▓║
  ║▓▓  GREETS:BHP, Phoenix, MiRAGE LoTM,                                                   ▓▓║
  ║▓▓  HUSTLER, Boozers, DrDVD, Vagrant, REiGN       LAMERS:skit, STFU if u dont really know▓║
  ║▓▓                                                                                      ▓▓║
  ║▓▓═> Looking for HW, Suppliers and Pre-Retail/Screeners <═                              ▓▓║
  ║▓▓                                                                                      ▓▓║
  ║▓▓                                          contact:owlish@hushmail.com                 ▓▓║
  ╚══════════════════════════════════════════════════════════════════════════════════════════╝
