ÔĽŅ‚Ėą‚Ėą‚Ėą‚Ėą‚Ėą‚Ėą‚Ėą‚Ėą‚Ėą                    ‚Ėą‚Ėą‚Ėą‚Ėą‚Ėą‚Ėą‚Ėą‚Ėą‚Ėą    ‚Ėą‚Ėą‚Ėą‚Ėą‚Ėą‚Ėą‚Ėą‚Ėą‚Ėą                    ‚Ėą‚Ėą‚Ėą‚Ėą‚Ėą‚Ėą‚Ėą‚Ėą‚Ėą
        ‚Ėą‚Ėą‚Ėą‚Ėą                ‚Ėą‚Ėí‚Ėí‚Ėí‚Ėí‚Ėí‚Ėí‚Ėí‚Ėí‚Ėą    ‚Ėą‚Ėí‚Ėí‚Ėí‚Ėí‚Ėí‚Ėí‚Ėí‚Ėí‚Ėą‚Ėą               ‚Ėą‚Ėą‚Ėą‚Ėą                             
           ‚Ėą‚Ėą‚Ėą             ‚Ėą‚Ėď‚Ėď‚Ėď‚Ėď‚Ėď‚Ėď‚Ėď‚Ėď‚Ėď‚Ėą    ‚Ėą‚Ėď‚Ėď‚Ėď‚Ėď‚Ėď‚Ėď‚Ėď‚Ėď‚Ėď‚Ėď‚Ėą            ‚Ėą‚Ėą‚Ėą                                
     ‚Ėą       ‚Ėď‚Ėą‚Ėą          ‚Ėą‚Ėď‚Ėď‚Ėď                     ‚Ėď‚Ėď‚Ėď‚Ėą         ‚Ėą‚Ėą‚Ėď       ‚Ėą                          
      ‚Ėą        ‚Ėą‚Ėą         ‚Ėď‚Ėď         ‚ĖĄ‚ĖĄ‚ĖĄ‚ĖĄ‚ĖĄ‚ĖĄ‚ĖĄ         ‚Ėď‚Ėď        ‚Ėą‚Ėą        ‚Ėą                                                                       
 ‚Ėą    ‚Ėą‚Ėą     ‚Ėą‚Ėí  ‚Ėą     ‚Ėą‚Ėą‚Ėą‚Ėą       ‚ĖĄ‚Ėą‚ĖÄ‚ĖÄ      ‚ĖÄ‚Ėą‚ĖĄ       ‚Ėą‚Ėą‚Ėą     ‚Ėą  ‚Ėí‚Ėą     ‚Ėą‚Ėą    ‚Ėą                                                                  
  ‚Ėą‚Ėą   ‚Ėą‚Ėą      ‚Ėą  ‚Ėą   ‚Ėą         ‚ĖĄ‚ĖÄ¬∑            ‚Ėą‚ĖĄ        ‚Ėą   ‚Ėą  ‚Ėą      ‚Ėą‚Ėą   ‚Ėą‚Ėą                                                                   
    ‚Ėą‚Ėą ‚Ėą‚Ėą ‚Ėí  ‚Ėą  ‚Ėą     ‚Ėą        ‚Ėą‚ĖÄ               ‚ĖÄ‚ĖĄ       ‚Ėą     ‚Ėą  ‚Ėą  ‚Ėí ‚Ėą‚Ėą ‚Ėą‚Ėą                                                                     
        ‚Ėą‚Ėą‚Ėą‚Ėą‚Ėą‚Ėą‚Ėą‚Ėą‚Ėą‚Ėą     ‚Ėą      ‚Ėź     ‚ĖĄ‚ĖĄ    ‚ĖĄ‚ĖĄ‚ĖĄ   ¬∑‚Ėź‚ĖĆ     ‚Ėą     ‚Ėą‚Ėą‚Ėą‚Ėą‚Ėą‚Ėą‚Ėą‚Ėą‚Ėą‚Ėą                                                                         
        ‚Ėą‚Ėą    ‚Ėą‚Ėą‚Ėą‚Ėą‚Ėą    ‚Ėą     ‚Ėź‚Ėą    ‚Ėź‚ĖÄ‚ĖÄ     ‚ĖÄ‚ĖÄ    ¬∑‚Ėą     ‚Ėą    ‚Ėą‚Ėą‚Ėą‚Ėą‚Ėą    ‚Ėą‚Ėą                                                                         
     ‚Ėą‚Ėą‚Ėą‚Ėą‚Ėą‚Ėą‚ĖĎ  ‚Ėą‚Ėą  ‚Ėą‚Ėą   ‚Ėą     ‚Ėą       ‚ĖĄ     ‚ĖĄ¬∑      ‚ĖĆ    ‚Ėą   ‚Ėą‚Ėą  ‚Ėą‚Ėą  ‚ĖĎ‚Ėą‚Ėą‚Ėą‚Ėą‚Ėą‚Ėą                                                                      
  ‚Ėą‚Ėą‚Ėí   ‚Ėą‚Ėą  ‚Ėď‚Ėą‚Ėą‚Ėą‚Ėą      ‚Ėą     ‚ĖĆ     ¬∑‚Ėą‚ĖÄ     ‚ĖÄ‚Ėą      ‚Ėą    ‚Ėą      ‚Ėą‚Ėą‚Ėą‚Ėą‚Ėď  ‚Ėą‚Ėą   ‚Ėí‚Ėą‚Ėą                                                                   
         ‚Ėą‚Ėą‚Ėí          ‚Ėą     ‚Ėź‚ĖĆ       ‚Ėą‚Ėą   ‚Ėą‚Ėą       ‚Ėź     ‚Ėą          ‚Ėí‚Ėą‚Ėą                                                                          
          ‚Ėą‚Ėą‚Ėą‚Ėą‚Ėą‚Ėą‚ĖĎ   ‚Ėą‚Ėą      ‚Ėź‚Ėą     ‚Ėą‚ĖĄ‚Ėą     ‚Ėą‚ĖĄ‚Ėą    ‚ĒÄ‚Ėą      ‚Ėą‚Ėą   ‚ĖĎ‚Ėą‚Ėą‚Ėą‚Ėą‚Ėą‚Ėą                                                                                                                                                             
       ‚ĖĎ‚Ėą‚Ėą‚Ėą‚Ėą   ‚Ėą  ‚Ėą‚Ėą‚Ėą‚Ėą‚Ėą   ‚Ėą‚ĖÄ‚Ėą‚ĖĆ    ‚Ėź‚Ėą‚Ėď‚Ėď‚ĖÄ‚Ėą‚ĖĄ‚Ėą‚ĖÄ‚Ėď‚Ėď‚Ėą‚ĖĆ    ‚Ėź‚Ėą‚ĖÄ‚ĖĆ  ‚Ėą‚Ėą‚Ėą‚Ėą‚Ėą  ‚Ėą   ‚Ėą‚Ėą‚Ėą‚Ėą‚ĖĎ                                                                                                                                                          
     ‚Ėą‚Ėą‚Ėą        ‚Ėą‚Ėą‚Ėą‚Ėď   ‚Ėą  ‚Ėą ‚Ėź‚ĖĆ   ¬∑‚Ėą‚Ėď‚Ėď‚Ėą‚ĖĄ‚ĖĄ‚ĖĄ‚ĖĄ‚ĖĄ‚Ėą‚Ėď‚Ėď‚ĖĆ    ‚Ėź  ‚ĖĆ ‚Ėą   ‚Ėď‚Ėą‚Ėą‚Ėą        ‚Ėą‚Ėą‚Ėą                                                                                                                                                        
   ‚Ėą‚Ėą         ‚Ėą‚Ėą‚Ėą  ‚Ėą‚Ėą‚Ėą ‚Ėą  ‚Ėź ‚Ėź‚ĖĆ   ‚ĒÄ‚Ėą‚Ėď‚Ėď‚ĖĆ‚ĖÄ‚Ėą‚Ėą‚Ėą‚ĖÄ‚Ėź‚Ėď‚Ėď‚ĖĆ    ‚Ėź‚ĖĄ‚Ėą‚ĖĆ ‚Ėą ‚Ėą‚Ėą‚Ėą  ‚Ėą‚Ėą‚Ėą         ‚Ėą‚Ėą                                                                                                                                                      
  ‚Ėą         ‚Ėą‚Ėą‚Ėą‚Ėą    ‚Ėą‚Ėą     ‚óė‚óė‚ĖĄ‚ĖĄ   ‚Ėą‚Ėď‚Ėď‚ĖĆ ‚ĖĄ‚ĖĄ‚ĖĄ ‚Ėź‚Ėď‚Ėď‚ĖĆ   ‚ĖĄ‚Ėą‚óė‚óė    ‚Ėą‚Ėą    ‚Ėą‚Ėą‚Ėą‚Ėą         ‚Ėą                                                                                                                                                     
           ‚Ėą‚Ėą‚Ėą‚Ėą‚Ėą   ‚Ėą‚Ėą‚Ėą‚Ėą   ‚Ėą‚Ėą‚Ėí‚Ėą‚Ėą‚Ėą‚Ėą‚Ėą‚Ėą‚Ėď‚Ėď‚ĖĆ‚ĖĄ‚Ėď‚Ėď‚Ėď‚ĖĄ‚Ėź‚Ėď‚Ėď‚Ėą‚Ėą‚Ėą‚Ėą‚Ėą‚Ėą‚ĖÄ‚Ėą‚ĖĆ  ‚Ėą‚Ėą‚Ėą‚Ėą   ‚Ėą‚Ėą‚Ėą‚Ėą‚Ėą                                                                                                                                                              
          ‚Ėą‚Ėą‚Ėą ‚Ėą ‚Ėď‚ĖĎ‚Ėą‚Ėą ‚Ėą‚Ėą   ‚Ėą‚ĖĄ¬∑¬∑¬∑ ‚ĖÄ‚ĖÄ‚Ėą‚Ėď‚Ėď‚ĖĆ‚Ėď‚Ėď‚Ėď‚Ėď‚Ėď‚Ėź‚Ėď‚Ėď‚ĖĆ‚ĖÄ¬∑ ¬∑¬∑‚Ėą‚Ėą   ‚Ėą‚Ėą ‚Ėą‚Ėą‚ĖĎ‚Ėď ‚Ėą ‚Ėą‚Ėą‚Ėą                                                                                                                                                             
         ‚Ėą‚Ėą‚Ėą ‚ĖĎ  ‚Ėą ‚Ėí ‚Ėą‚Ėą‚Ėą    ‚Ėą‚Ėą‚Ėą‚Ėą‚ĖĄ‚ĖĄ‚ĖĄ‚Ėą‚Ėď‚Ėď‚Ėą ‚Ėď‚Ėď‚Ėď ‚Ėą‚Ėď‚Ėď‚Ėą‚ĖĄ‚ĖĄ‚ĖĄ‚ĖĄ‚Ėą‚Ėą    ‚Ėą‚Ėą‚Ėą ‚Ėí ‚Ėą  ‚ĖĎ ‚Ėą‚Ėą‚Ėą                                                                                                                                                            
         ‚Ėą‚Ėą  ‚Ėą    ‚Ėą‚Ėą‚Ėą‚Ėą     ‚Ėą‚Ėą‚ĖĎ‚ĖĎ‚ĖĎ‚ĖĎ‚ĖĎ‚Ėą‚Ėą‚Ėą‚Ėą‚Ėą‚ĖĄ‚ĖĄ‚ĖĄ‚Ėą‚Ėą‚Ėą‚Ėą‚Ėą‚ĖĎ‚ĖĎ‚ĖĎ‚ĖĎ‚ĖĎ‚ĖĎ‚Ėą    ‚Ėą‚Ėą‚Ėą‚Ėą    ‚Ėą  ‚Ėą‚Ėą                                                                                                                                                            
        ‚Ėą‚Ėą  ‚ĖĎ    ‚Ėą‚Ėą‚Ėą      ‚Ėą‚Ėą‚Ėí‚Ėí‚Ėí‚Ėí‚Ėí‚Ėí‚ĖĎ‚ĖĎ‚ĖĎ‚ĖĎ‚Ėą  ‚Ėą‚ĖĎ‚ĖĎ‚ĖĎ‚ĖĎ‚ĖĎ‚ĖĎ‚Ėí‚Ėí‚Ėí‚Ėí‚Ėí‚Ėí‚ĖĆ     ‚Ėą‚Ėą‚Ėą    ‚ĖĎ  ‚Ėą‚Ėą                                                                                                                                                           
        ‚Ėą‚Ėą ‚Ėí‚Ėą‚Ėí‚Ėą‚Ėą‚Ėą‚Ėą       ‚Ėź‚Ėą‚Ėí‚Ėí‚Ėí‚Ėí‚Ėí‚Ėí‚Ėí‚Ėí‚Ėí‚Ėí‚ĖĎ‚Ėą‚ĒÄ‚ĒÄ‚Ėą‚Ėą‚ĖĎ‚Ėí‚Ėí‚Ėí‚Ėí‚Ėí‚Ėí‚Ėí‚Ėí‚Ėí‚Ėí‚Ėą       ‚Ėą‚Ėą‚Ėą‚Ėą‚Ėí‚Ėą‚Ėí ‚Ėą‚Ėą                                                                                                                                                                                                                     
        ‚Ėą‚Ėą‚Ėą‚Ėą‚Ėą‚Ėą‚Ėą          ‚Ėą‚Ėí‚Ėí‚Ėą‚Ėí‚Ėí‚Ėí‚Ėí‚Ėí‚Ėí‚Ėí‚Ėí‚ĖĎ‚Ėą¬∑¬∑‚Ėź‚Ėą‚ĖĎ‚Ėí‚Ėí‚Ėí‚Ėí‚Ėí‚Ėí‚Ėí‚ĖĎ‚ĖĎ‚Ėí‚Ėą‚ĖĆ         ‚Ėą‚Ėą‚Ėą‚Ėą‚Ėą‚Ėą‚Ėą                                                                                                                                                                                                                     
        ‚Ėą‚Ėą‚Ėą‚Ėą             ‚Ėą‚Ėí‚Ėí‚Ėą‚Ėí‚Ėí‚Ėí‚Ėí‚Ėí‚Ėí‚Ėí‚Ėí‚ĖĎ‚Ėą ¬∑‚Ėź‚Ėą‚ĖĎ‚Ėí‚Ėí‚Ėí‚Ėí‚Ėí‚Ėí‚ĖĎ‚Ėą‚Ėą‚ĖĎ‚Ėí‚ĖĆ            ‚Ėą‚Ėą‚Ėą‚Ėą                                                                                                                                                                                                                     
        ‚Ėą‚Ėą              ‚Ėź‚Ėą‚Ėí‚Ėą‚Ėą‚Ėí‚Ėí‚Ėí‚Ėí‚Ėí‚Ėí‚Ėí‚Ėí‚ĖĎ‚Ėą¬∑¬∑‚Ėź‚Ėą‚ĖĎ‚Ėí‚Ėí‚Ėí‚Ėí‚Ėí‚Ėí‚Ėí‚ĖĎ‚Ėą‚ĖĎ‚Ėí‚Ėą              ‚Ėą‚Ėą                                                                                                                                                                                                                     
        ‚Ėą               ‚Ėą‚Ėí‚Ėí‚Ėą‚Ėí‚Ėí‚Ėí‚Ėí‚Ėí‚Ėí‚Ėí‚Ėí‚Ėí‚ĖĎ‚Ėą¬∑ ‚Ėź‚Ėą‚ĖĎ‚Ėí‚Ėí‚Ėí‚Ėí‚Ėí‚Ėí‚Ėí‚Ėí‚ĖĎ‚Ėą‚ĖĎ‚Ėí‚ĖĆ              ‚Ėą                                                                                                                                                                                                                     
                       ‚Ėź‚Ėí‚Ėí‚Ėą‚Ėą‚Ėí‚Ėí‚Ėí‚Ėí‚Ėí‚Ėí‚Ėí‚Ėí‚Ėí‚ĖĎ‚Ėą  ‚ĒÄ‚Ėą‚ĖĎ‚Ėí‚Ėí‚Ėí‚Ėí‚Ėí‚Ėí‚Ėí‚Ėí‚ĖĎ‚Ėą‚ĖĎ‚Ėí‚Ėą                                                                                                                                                                                                                                    
     ‚Ėź‚ĖÄ‚ĖÄ‚Ėą‚Ėą‚ĖÄ‚Ėą‚Ėą ‚ĖĄ‚ĖĄ‚ĖĄ ‚ĖĄ‚ĖĄ‚ĖĄ‚Ėą‚ĖÄ‚Ėí‚Ėí‚Ėí‚Ėą‚Ėą‚Ėí‚Ėí‚Ėí‚Ėí‚Ėí‚Ėí‚Ėí‚Ėí‚Ėí‚ĖĎ‚Ėą ‚ĒÄ¬∑‚Ėą‚ĖĎ‚Ėí‚Ėí‚Ėí‚Ėí‚Ėí‚Ėí‚Ėí‚Ėí‚ĖĎ‚Ėą‚ĖĎ‚Ėí‚Ėí‚Ėą‚Ėą‚Ėą‚ĖĄ‚ĖĄ  ‚ĖĄ‚ĖĄ  ‚ĖĄ‚Ėą‚ĖÄ‚Ėą‚Ėą‚Ėą                                                                                                                                                                                                                   
      ‚ĖĆ‚Ėą‚ĖĄ‚Ėą‚Ėą ‚ĖÄ‚Ėą‚Ėí¬∑¬∑‚Ėą‚Ėí‚Ėí‚Ėí‚Ėí‚Ėí‚Ėí‚Ėí‚ĖĎ‚Ėą‚ĖĎ‚Ėí‚Ėí‚Ėí‚Ėí‚Ėí‚Ėí‚Ėí‚Ėí‚Ėí‚ĖĎ‚Ėą ¬∑ ‚Ėą‚ĖĎ‚Ėí‚Ėí‚Ėí‚Ėí‚Ėí‚Ėí‚Ėí‚Ėí‚ĖĎ‚Ėą‚ĖĎ‚Ėí‚Ėí‚Ėí‚Ėí‚Ėí‚Ėí‚ĖĎ‚Ėą‚Ėą¬∑¬∑‚Ėą‚ĖÄ‚Ėą¬∑‚ĖĄ‚Ėą‚ĖĄ‚ĖÄ‚Ėą                                                                                                                                                                                                                  
     ‚Ėź‚Ėą‚Ėź‚Ėą ‚Ėą‚Ėą  ‚Ėą‚Ėą  ‚Ėź‚Ėí‚Ėí‚Ėí‚Ėí‚Ėí‚Ėí‚ĖĎ‚Ėą‚ĖĎ‚ĖĎ‚Ėí‚Ėí‚Ėí‚Ėí‚Ėí‚Ėí‚Ėí‚ĖĎ‚ĖĎ‚Ėą   ‚Ėą‚ĖĎ‚Ėí‚Ėí‚Ėí‚Ėí‚Ėí‚Ėí‚ĖĎ‚ĖĎ‚ĖĎ‚Ėą‚Ėą‚ĖĎ‚Ėí‚Ėí‚Ėí‚Ėí‚Ėí‚Ėź‚Ėą  ‚ĖĄ‚Ėą¬∑¬∑‚ĖĄ‚ĖĆ ‚Ėź¬∑‚Ėą                                                                                                                                                                                                                  
  ‚Ėź‚óė‚ĖÄ‚ĖÄ‚Ėą‚ĖÄ‚Ėą‚Ėź ‚Ėź  ¬∑‚Ėź¬∑‚ąô‚ĒÄ‚Ėą‚Ėí‚Ėí‚Ėí‚Ėí‚ĖĎ‚Ėą‚ĖÄ‚Ėą‚Ėą‚ĖĎ‚ĖĎ‚ĖĎ‚ĖĎ‚ĖĎ‚ĖĎ‚ĖĎ‚Ėą‚Ėą‚Ėą ¬∑¬∑‚Ėą‚ĖĎ‚Ėí‚Ėí‚Ėí‚ĖĎ‚ĖĎ‚ĖĎ‚ĖĎ‚Ėą‚Ėą‚ĖÄ‚ĖÄ‚Ėą‚ĖĎ‚Ėí‚Ėí‚Ėí‚ĖĄ‚ĖĆ  ‚Ėź‚Ėą ¬∑‚Ėź‚ąü‚Ėź ‚Ėą ‚Ėą‚ĖÄ‚ĖÄ‚óė‚Ėļ                                                                                                                                                                                                              
    ‚ĖÄ‚Ėą‚Ėą‚Ėą‚ĖĎ‚Ėą ‚Ėź ¬∑¬∑‚ąô‚ĖĆ¬∑ ‚Ėź‚Ėą‚Ėí‚ĖĎ‚ĖĎ‚Ėą ‚ĖĄ‚ĖĄ‚Ėą‚Ėą‚Ėą‚ĖÄ‚ĖÄ‚ĖÄ‚Ėą‚Ėą¬∑ ‚ĖÄ‚ĖĆ  ‚Ėą‚ĖĎ‚ĖĎ‚ĖĎ‚ĖĎ‚ĖĎ‚Ėą‚Ėą‚ĖÄ¬∑   ‚Ėź‚Ėą‚ĖĎ‚Ėí‚Ėí‚Ėą   ‚ĖĆ¬∑¬∑ ‚Ėź‚Ėļ‚Ėź‚ĖÄ ‚ĖĄ‚Ėą‚Ėą‚ĖÄ                                                                                                                                                                                                                
       ‚ĖÄ‚ĖĄ‚Ėą‚Ėą‚Ėą  ¬∑‚ĖĄ‚Ėą¬∑  ‚Ėą‚ĖĎ‚ĖĎ‚Ėą‚Ėą‚Ėą‚Ėą‚ĖÄ ¬∑  ¬∑ ‚Ėź   ‚Ėź‚Ėą‚Ėą‚Ėą‚Ėą‚Ėą‚Ėą‚Ėą‚Ėą‚ĖÄ‚Ėą  ¬∑ ‚ĖĄ‚Ėą‚Ėą‚Ėą‚Ėą‚ĖĎ‚ĖĎ‚ĖĆ ¬∑‚Ėź‚ĖĄ¬∑‚ĒÄ¬∑‚Ėą¬∑‚Ėą‚ĖĄ‚Ėą‚ĖÄ                                                                                                                                                                                                                   
          ‚ĖÄ‚Ėą‚Ėą‚Ėą‚Ėą‚Ėą‚Ėą¬∑  ‚Ėą‚ĖÄ‚Ėą‚Ėą‚Ėą‚Ėí‚Ėą‚Ėļ¬∑‚ĖĄ‚ĖĄ‚Ė¨ ¬∑‚ĖĆ ¬∑‚Ėź‚Ėí‚Ėí‚Ėí‚Ėí‚Ėí‚Ėí‚Ėí‚Ėí‚Ėą‚ĖĄ  ‚ĖĄ‚Ėą‚Ėą‚Ėí‚Ėí‚Ėí‚Ėí‚Ėą‚ĖÄ‚ĖÄ‚ĖĆ  ‚Ėź‚Ėí‚Ėą‚ĖÄ‚Ėą‚Ėą‚ĖÄ‚ĖÄ                                                                                                                                                                                                                      
               ‚Ėą‚Ėą‚Ėļ¬∑‚Ėą‚ĖĆ‚Ėź‚Ėą‚Ėí‚Ėí‚Ėą¬∑  ¬∑ ¬∑ ‚Ėźőď  ‚Ėź‚Ėí‚Ėí‚Ėí‚Ėí‚Ėí‚Ėí‚Ėí‚Ėí‚Ėí‚Ėí‚Ėą‚Ėą‚Ėą‚Ėą‚Ėí‚Ėí‚Ėí‚Ėí‚Ėí‚Ėí‚Ėą ‚ĖĆ ¬∑‚Ėź‚Ėí‚ĖĆ                                                                                                                                                                                                                           
               ‚ĒĒ‚Ėą‚ĖĄ‚ĖĄ‚Ėą ‚Ėą‚Ėí‚Ėí‚Ėí‚Ėą‚ĖÄ   ‚ĖĄ‚ĖĄ ‚Ėą¬∑  ‚Ėą‚Ėí‚Ėí‚Ėí‚Ėí‚Ėí‚Ėí‚Ėí‚Ėí‚Ėí‚Ėí‚Ėí‚Ėí‚Ėí‚Ėí‚Ėí‚Ėí‚Ėí‚Ėí‚Ėí‚Ėí‚Ėą‚ĖĆ‚Ėą‚ĖĄ‚ĖĄ‚Ėą‚Ėą                                                                                                                                                                                                                            
                    ‚Ėź‚Ėą‚Ėí‚Ėí‚Ėí‚Ėą  ‚Ėą‚Ėą‚Ėą‚Ėą‚Ėą‚Ėą  ¬∑‚Ėą‚Ėí‚Ėí‚Ėí‚Ėí‚Ėí‚Ėí‚Ėí‚Ėí‚Ėí‚Ėí‚Ėí‚Ėí‚Ėí‚Ėí‚Ėí‚Ėí‚Ėí‚Ėí‚Ėí‚Ėí‚Ėí‚Ėą                                                                                                                                                                                                                                 
                    ‚Ėź‚Ėą‚Ėí‚Ėí‚Ėí‚Ėí‚Ėí‚Ėą‚Ėą‚Ėí‚Ėí‚Ėí‚Ėí‚ĖĆ  ‚Ėź‚Ėą‚Ėí‚Ėí‚Ėí‚Ėí‚Ėí‚Ėí‚Ėí‚Ėí‚Ėí‚Ėí‚Ėí‚Ėí‚Ėí‚Ėí‚Ėí‚Ėí‚Ėí‚Ėí‚Ėí‚Ėí‚Ėí‚Ėą                                                                                                                                                                                     
                    ‚Ėź‚Ėą‚Ėí‚Ėí‚Ėí‚Ėí‚Ėí‚Ėí‚Ėí‚Ėí‚Ėí‚Ėí‚Ėą‚ĖĆ  ‚Ėź‚Ėą‚Ėą‚Ėą‚Ėą‚Ėí‚Ėí‚Ėí‚Ėí‚Ėí‚Ėí‚Ėí‚Ėí‚Ėí‚Ėí‚Ėí‚Ėí‚Ėí‚Ėí‚Ėí‚Ėí‚Ėí‚Ėą‚Ėą                                                                                                                                                                                     
                     ‚Ėą‚Ėí‚Ėí‚Ėí‚Ėí‚Ėí‚Ėí‚Ėí‚Ėí‚Ėí‚Ėí‚Ėí‚Ėą  ‚Ėą‚Ėą‚Ėą‚Ėą‚Ėą‚Ėą‚Ėą‚Ėą‚Ėą‚Ėą‚Ėí‚Ėí‚Ėí‚Ėí‚Ėí‚Ėí‚Ėí‚Ėí‚Ėí‚Ėí‚Ėí‚Ėą‚Ėą                                                                                                    
                     ‚Ėą‚Ėą‚Ėą‚Ėą‚Ėí‚Ėí‚Ėí‚Ėí‚Ėí‚Ėí‚Ėí‚Ėą‚Ėą‚Ėą‚Ėą‚ĖÄ‚ĖÄ‚ĖÄ‚ĖÄ  ¬∑¬∑¬∑‚ĖÄ‚ĖÄ‚Ėą‚Ėą‚Ėą‚Ėí‚Ėí‚Ėí‚Ėí‚Ėą‚Ėą‚Ėą‚Ėą                               
                  ¬∑    ¬∑‚ĖÄ‚ĖÄ‚ĖÄ‚ĖÄ‚ĖÄ‚ĖÄ‚ĖÄ‚ĖÄ‚ĖÄ¬∑¬∑ ¬∑¬∑    ¬∑¬∑¬∑    ‚ĖÄ‚ĖÄ‚ĖÄ‚ĖÄ‚ĖÄ‚ĖÄ     ¬∑                            
                      ¬∑ ¬∑         ¬∑¬∑¬∑ ¬∑    ¬∑ ¬∑¬∑    ¬∑ ¬∑¬∑¬∑¬∑                                
                                                    ¬∑ ¬∑                                  
                           ‚ĖÄ‚ĖĄ   ‚ĖĄ‚ĖĄ‚ĖÄ‚ĖÄ‚ĖÄ‚ĖÄ‚ĖÄ‚ĖÄ‚ĖÄ‚ĖÄ‚ĖÄ‚ĖÄ‚ĖÄ‚ĖĄ‚ĖĄ   ‚ĖĄ‚ĖÄ                                     
                             ‚ĖÄ‚Ėą‚Ėą‚Ėą             ‚Ėą‚Ėą‚Ėą‚ĖÄ                                       
                              ‚ĖÄ‚Ėą‚Ėą             ‚Ėą‚Ėą‚ĖÄ                                        
                               ‚Ėą‚Ėą             ‚Ėą‚Ėą                                         
 ‚ĖÄ‚Ėą‚Ėą     ‚Ėą‚Ėą‚ĖÄ                   ‚Ėą‚Ėą     NFO     ‚Ėą‚Ėą                   ‚ĖÄ‚Ėą‚Ėą     ‚Ėą‚Ėą‚ĖÄ           
  ‚ĖÄ‚Ėą‚Ėą   ‚Ėą‚Ėą‚ĖÄ             ‚ĖĄ   ‚ĖĄ  ‚Ėą‚Ėą             ‚Ėą‚Ėą  ‚ĖĄ   ‚ĖĄ             ‚ĖÄ‚Ėą‚Ėą   ‚Ėą‚Ėą‚ĖÄ            
   ‚ĖĆ‚Ėą   ‚Ėą‚ĖĆ              ‚Ėą‚Ėą‚Ėą‚ĖÄ ‚Ėą‚Ėą‚Ėą‚Ėą             ‚Ėą‚Ėą‚Ėą‚Ėą ‚ĖÄ‚Ėą‚Ėą‚Ėą              ‚ĖĆ‚Ėą   ‚Ėą‚ĖĆ             
   ‚ĖĆ‚Ėą   ‚Ėą‚ĖĆ              ‚Ėą‚Ėą     ‚Ėą‚Ėą             ‚Ėą‚Ėą     ‚Ėą‚Ėą              ‚ĖĆ‚Ėą   ‚Ėą‚ĖĆ    
   ‚Ėą‚Ėą   ‚Ėą‚Ėą  ‚ĖĄ   ‚ĖĄ  ‚ĖĄ    ‚Ėą‚Ėą      ‚ĖÄ‚Ėą           ‚Ėą‚ĖÄ      ‚Ėą‚Ėą    ‚ĖĄ  ‚ĖĄ   ‚ĖĄ  ‚Ėą‚Ėą   ‚Ėą‚Ėą    
‚ĖĄ‚Ėą‚Ėą‚Ėą‚Ėą   ‚Ėą‚Ėą‚Ėą‚Ėą ‚ĖÄ‚Ėą‚Ėą‚Ėą  ‚Ėą‚Ėą‚Ėą‚ĖÄ ‚Ėą‚Ėą        ‚ĖÄ‚ĖÄ‚ĖÄ‚ĖÄ‚ĖÄ‚ĖÄ‚ĖÄ‚ĖÄ‚ĖÄ‚ĖÄ‚ĖÄ        ‚Ėą‚Ėą ‚ĖÄ‚Ėą‚Ėą‚Ėą  ‚Ėą‚Ėą‚Ėą‚ĖÄ ‚Ėą‚Ėą‚Ėą‚Ėą   ‚Ėą‚Ėą‚Ėą‚Ėą‚ĖĄ 
‚ĖĆ  ‚Ėą‚Ėą   ‚Ėą‚Ėą     ‚Ėą‚Ėą  ‚Ėą‚Ėą   ‚Ėą‚Ėą                           ‚Ėą‚Ėą   ‚Ėą‚Ėą  ‚Ėą‚Ėą     ‚Ėą‚Ėą   ‚Ėą‚Ėą  ‚Ėź 
‚ĖĆ   ‚ĖÄ‚Ėą‚ĖĄ‚Ėą‚ĖÄ      ‚Ėą‚Ėą  ‚Ėą‚Ėą   ‚Ėą‚Ėą‚Ėą‚Ėą                       ‚Ėą‚Ėą‚Ėą‚Ėą   ‚Ėą‚Ėą  ‚Ėą‚Ėą      ‚ĖÄ‚Ėą‚ĖĄ‚Ėą‚ĖÄ   ‚Ėź 
‚ĖĆ              ‚Ėą‚Ėą  ‚Ėą‚Ėą   ‚Ėą‚Ėą ‚ĖÄ‚ĖÄ                     ‚ĖÄ‚ĖÄ ‚Ėą‚Ėą   ‚Ėą‚Ėą  ‚Ėą‚Ėą              ‚Ėź 
‚ĖĆ              ‚Ėą‚Ėą  ‚Ėą‚Ėą  ‚Ėą‚ĖÄ                             ‚ĖÄ‚Ėą  ‚Ėą‚Ėą  ‚Ėą‚Ėą              ‚Ėź 
‚ĖĆ            ‚Ėą‚Ėą‚Ėą‚Ėą  ‚Ėą‚Ėą‚Ėą‚Ėą                                 ‚Ėą‚Ėą‚Ėą‚Ėą  ‚Ėą‚Ėą‚Ėą‚Ėą            ‚Ėź 
‚ĖĆ            ‚ĖÄ ‚Ėą‚Ėą  ‚Ėą‚Ėą ‚ĖÄ                                 ‚ĖÄ ‚Ėą‚Ėą  ‚Ėą‚Ėą ‚ĖÄ            ‚Ėź        
‚ĖĆ               ‚ĖÄ‚Ėą‚Ėą‚ĖÄ         ‚ĖĆ LOVEGURU PRESENTS: ‚ĖĆ        ‚ĖÄ‚Ėą‚Ėą‚ĖÄ               ‚Ėź 
‚ĖĆ                                                                             ‚Ėź 
‚ĖĆ                                                                             ‚Ėź 
‚ĖĆ                                                                             ‚Ėź 
‚ĖĆ                Jolly.LLB.2.2017.LIMITED.BDRip.x264-LoveGuru                 ‚Ėź        
‚ĖĆ                                                                             ‚Ėź 
‚ĖĆ                                                                             ‚Ėź  
‚ĖĆ                Release Date...: 06/18/17                                    ‚Ėź 
‚ĖĆ                Cinema Date....: 02/10/17                                    ‚Ėź 
‚ĖĆ                Source Type....: Retail BluRay                               ‚Ėź 
‚ĖĆ                Genre..........: Action | Comedy | Drama                     ‚Ėź 
‚ĖĆ                Running Time...: 2 hr 16 mins                                ‚Ėź 
‚ĖĆ                iMDb Rating....: 7.4/10 11,428 Votes                         ‚Ėź 
‚ĖĆ                Size...........: 1.04 GB                                     ‚Ėź 
‚ĖĆ                Video Info.....: 720x306                                     ‚Ėź 
‚ĖĆ                Audio Info.....: HINDI AAC LC 2ch 48.0 KHz                   ‚Ėź 
‚ĖĆ                Subtitles......: ENGLISH Forced                              ‚Ėź 
‚ĖĆ                                                                             ‚Ėź 
‚ĖĆ                http://www.imdb.com/title/tt5982852/                         ‚Ėź 
‚ĖĆ                                                                             ‚Ėź 
‚ĖĆ                                                                             ‚Ėź 
‚ĖĆ                ‚Ėą         ‚ĖĄ   ‚ĖĄ               ‚ĖĄ   ‚ĖĄ         ‚Ėą ‚ĖÄ‚ĖĄ   ‚ĖĄ‚ĖĄ        ‚Ėź 
‚ĖĆ   ‚Ėą      ‚Ėą‚Ėą‚ĖÄ   ‚Ėď          ‚ĖÄ‚Ėą‚Ėą‚Ėą               ‚Ėą‚Ėą‚Ėą‚ĖÄ          ‚Ėď   ‚ĖÄ‚Ėą‚Ėą‚Ėą     ‚Ėą   ‚Ėź 
‚ĖĆ   ‚Ėď‚Ėď‚Ėą   ‚Ėą‚Ėą‚ĖÄ ‚Ėą‚Ėď‚Ėď‚Ėí‚Ėď‚Ėą‚Ėď‚Ėď‚Ėď‚Ėď‚Ėą     ‚Ėą‚Ėą               ‚Ėą‚Ėą     ‚Ėą‚Ėď‚Ėď‚Ėď‚Ėď‚Ėą‚Ėď‚Ėí‚Ėď‚Ėď‚Ėą ‚ĖÄ‚Ėą‚Ėą   ‚Ėą‚Ėď‚Ėď   ‚Ėź 
‚ĖÄ‚Ėą‚Ėď‚Ėď‚Ėí‚Ėí‚Ėí‚Ėď‚Ėą ‚Ėą‚ĖĆ  ‚Ėí‚Ėí‚Ėď‚Ėď‚Ėí‚Ėí‚Ėí‚Ėą‚Ėď‚Ėď‚Ėď‚Ėď‚Ėď‚Ėą  ‚Ėą‚Ėą   ‚Ėą       ‚Ėą   ‚Ėą‚Ėą  ‚Ėą‚Ėď‚Ėď‚Ėď‚Ėď‚Ėď‚Ėą‚Ėí‚Ėí‚Ėí‚Ėď‚Ėď‚Ėí‚Ėí  ‚Ėą‚Ėą ‚Ėą‚Ėď‚Ėí‚Ėí‚Ėí‚Ėď‚Ėď‚Ėą‚ĖÄ 
   ‚Ėą‚Ėď‚Ėď‚Ėí‚Ėí  ‚Ėą‚ĖĆ ‚Ėą‚Ėď‚Ėď‚Ėí‚Ėí‚Ėą           ‚Ėą‚Ėą ‚Ėą‚Ėď‚Ėď‚Ėď‚Ėď‚Ėą‚Ėą‚Ėą‚Ėď‚Ėď‚Ėď‚Ėď‚Ėą ‚Ėą‚Ėą           ‚Ėą‚Ėí‚Ėí‚Ėď‚Ėď‚Ėą ‚Ėą‚Ėą  ‚Ėí‚Ėí‚Ėď‚Ėď‚Ėą    
     ‚Ėą‚Ėí‚Ėí  ‚Ėą‚Ėą                  ‚Ėą‚Ėą  ‚Ėí‚Ėí‚Ėą‚Ėí‚Ėď‚Ėď‚Ėí‚Ėí‚Ėą‚Ėí‚Ėí  ‚Ėą‚Ėą                  ‚Ėą‚Ėą  ‚Ėí‚Ėí‚Ėą      
   ‚Ėą‚Ėď‚Ėď‚Ėď‚Ėď‚Ėą ‚Ėą‚Ėą‚Ėą‚Ėą              ‚Ėą‚Ėą‚Ėą‚Ėą    ‚Ėą‚Ėď‚Ėí‚Ėí‚Ėď‚Ėď‚Ėą    ‚Ėą‚Ėą‚Ėą‚Ėą              ‚Ėą‚Ėą‚Ėą‚Ėą ‚Ėą‚Ėď‚Ėď‚Ėď‚Ėď‚Ėą    
      ‚Ėą   ‚Ėą‚Ėą  ‚ĖÄ            ‚ĖÄ‚ĖÄ ‚Ėą‚Ėą               ‚Ėą‚Ėą ‚ĖÄ‚ĖÄ            ‚ĖÄ  ‚Ėą‚Ėą   ‚Ėą       
        ‚ĖĄ‚Ėą‚ĖÄ                    ‚ĖÄ‚Ėą             ‚Ėą‚ĖÄ                    ‚ĖÄ‚Ėą          
                           ‚ĖÄ‚ĖĄ   ‚ĖĄ‚ĖĄ‚ĖÄ‚ĖÄ‚ĖÄ‚ĖÄ‚ĖÄ‚ĖÄ‚ĖÄ‚ĖÄ‚ĖÄ‚ĖÄ‚ĖÄ‚ĖĄ‚ĖĄ   ‚ĖĄ‚ĖÄ                            
                             ‚ĖÄ‚Ėą‚Ėą‚Ėą             ‚Ėą‚Ėą‚Ėą‚ĖÄ                              
                              ‚ĖÄ‚Ėą‚Ėą             ‚Ėą‚Ėą‚ĖÄ                               
                               ‚Ėą‚Ėą             ‚Ėą‚Ėą                                
 ‚ĖÄ‚Ėą‚Ėą     ‚Ėą‚Ėą‚ĖÄ                   ‚Ėą‚Ėą    NOTES    ‚Ėą‚Ėą                   ‚ĖÄ‚Ėą‚Ėą     ‚Ėą‚Ėą‚ĖÄ  
  ‚ĖÄ‚Ėą‚Ėą   ‚Ėą‚Ėą‚ĖÄ             ‚ĖĄ   ‚ĖĄ  ‚Ėą‚Ėą             ‚Ėą‚Ėą  ‚ĖĄ   ‚ĖĄ             ‚ĖÄ‚Ėą‚Ėą   ‚Ėą‚Ėą‚ĖÄ   
   ‚ĖĆ‚Ėą   ‚Ėą‚ĖĆ              ‚Ėą‚Ėą‚Ėą‚ĖÄ ‚Ėą‚Ėą‚Ėą‚Ėą             ‚Ėą‚Ėą‚Ėą‚Ėą ‚ĖÄ‚Ėą‚Ėą‚Ėą              ‚ĖĆ‚Ėą   ‚Ėą‚ĖĆ    
   ‚ĖĆ‚Ėą   ‚Ėą‚ĖĆ              ‚Ėą‚Ėą     ‚Ėą‚Ėą             ‚Ėą‚Ėą     ‚Ėą‚Ėą              ‚ĖĆ‚Ėą   ‚Ėą‚ĖĆ    
   ‚Ėą‚Ėą   ‚Ėą‚Ėą  ‚ĖĄ   ‚ĖĄ  ‚ĖĄ    ‚Ėą‚Ėą      ‚ĖÄ‚Ėą           ‚Ėą‚ĖÄ      ‚Ėą‚Ėą    ‚ĖĄ  ‚ĖĄ   ‚ĖĄ  ‚Ėą‚Ėą   ‚Ėą‚Ėą    
‚ĖĄ‚Ėą‚Ėą‚Ėą‚Ėą   ‚Ėą‚Ėą‚Ėą‚Ėą ‚ĖÄ‚Ėą‚Ėą‚Ėą  ‚Ėą‚Ėą‚Ėą‚ĖÄ ‚Ėą‚Ėą        ‚ĖÄ‚ĖÄ‚ĖÄ‚ĖÄ‚ĖÄ‚ĖÄ‚ĖÄ‚ĖÄ‚ĖÄ‚ĖÄ‚ĖÄ        ‚Ėą‚Ėą ‚ĖÄ‚Ėą‚Ėą‚Ėą  ‚Ėą‚Ėą‚Ėą‚ĖÄ ‚Ėą‚Ėą‚Ėą‚Ėą   ‚Ėą‚Ėą‚Ėą‚Ėą‚ĖĄ 
‚ĖĆ  ‚Ėą‚Ėą   ‚Ėą‚Ėą     ‚Ėą‚Ėą  ‚Ėą‚Ėą   ‚Ėą‚Ėą                           ‚Ėą‚Ėą   ‚Ėą‚Ėą  ‚Ėą‚Ėą     ‚Ėą‚Ėą   ‚Ėą‚Ėą  ‚Ėź  
‚ĖĆ   ‚ĖÄ‚Ėą‚ĖĄ‚Ėą‚ĖÄ      ‚Ėą‚Ėą  ‚Ėą‚Ėą   ‚Ėą‚Ėą‚Ėą‚Ėą                       ‚Ėą‚Ėą‚Ėą‚Ėą   ‚Ėą‚Ėą  ‚Ėą‚Ėą      ‚ĖÄ‚Ėą‚ĖĄ‚Ėą‚ĖÄ   ‚Ėź  
‚ĖĆ              ‚Ėą‚Ėą  ‚Ėą‚Ėą   ‚Ėą‚Ėą ‚ĖÄ‚ĖÄ                     ‚ĖÄ‚ĖÄ ‚Ėą‚Ėą   ‚Ėą‚Ėą  ‚Ėą‚Ėą              ‚Ėź   
‚ĖĆ              ‚Ėą‚Ėą  ‚Ėą‚Ėą  ‚Ėą‚ĖÄ                             ‚ĖÄ‚Ėą  ‚Ėą‚Ėą  ‚Ėą‚Ėą              ‚Ėź                           
‚ĖĆ            ‚Ėą‚Ėą‚Ėą‚Ėą  ‚Ėą‚Ėą‚Ėą‚Ėą                                 ‚Ėą‚Ėą‚Ėą‚Ėą  ‚Ėą‚Ėą‚Ėą‚Ėą            ‚Ėź 
‚ĖĆ            ‚ĖÄ ‚Ėą‚Ėą  ‚Ėą‚Ėą ‚ĖÄ                                 ‚ĖÄ ‚Ėą‚Ėą  ‚Ėą‚Ėą ‚ĖÄ            ‚Ėź                                                                                                                            
‚ĖĆ               ‚ĖÄ‚Ėą‚Ėą‚ĖÄ                                       ‚ĖÄ‚Ėą‚Ėą‚ĖÄ               ‚Ėź                                                                 
‚ĖĆ                                                                             ‚Ėź 
‚ĖĆ                                                                             ‚Ėź 
‚ĖĆ                                                                             ‚Ėź                                                                 
‚ĖĆ                                                                             ‚Ėź 
‚ĖĆ                  Jolly is a clumsy lawyer who is faced                      ‚Ėź                                                               
‚ĖĆ                  with representing the most critical court                  ‚Ėź                                                    
‚ĖĆ                  case of his career.                                        ‚Ėź 
‚ĖĆ                                                                             ‚Ėź 
‚ĖĆ                                                                             ‚Ėź 
‚ĖĆ                                                                             ‚Ėź 
‚ĖĆ             Enjoy the flick, keep in touch. we love you all!                ‚Ėź 
‚ĖĆ                                                                             ‚Ėź 
‚ĖĆ                   Got anything to offer? Contact Us.                        ‚Ėź 
‚ĖĆ                   We Are Looking For DVD and BluRay                         ‚Ėź 
‚ĖĆ                   Pre-retail Suppliers for New US/UK/IN movies.             ‚Ėź 
‚ĖĆ                   If you can help with any of the above drop us a mail.     ‚Ėź 
‚ĖĆ                                                                             ‚Ėź 
‚ĖĆ                                                                             ‚Ėź 
‚ĖĆ                                                                             ‚Ėź 
‚ĖĆ                                                                             ‚Ėź 
‚ĖĆ                ‚Ėą         ‚ĖĄ   ‚ĖĄ               ‚ĖĄ   ‚ĖĄ         ‚Ėą ‚ĖÄ‚ĖĄ   ‚ĖĄ‚ĖĄ        ‚Ėź 
‚ĖĆ   ‚Ėą      ‚Ėą‚Ėą‚ĖÄ   ‚Ėď          ‚ĖÄ‚Ėą‚Ėą‚Ėą               ‚Ėą‚Ėą‚Ėą‚ĖÄ          ‚Ėď   ‚ĖÄ‚Ėą‚Ėą‚Ėą     ‚Ėą   ‚Ėź 
‚ĖĆ   ‚Ėď‚Ėď‚Ėą   ‚Ėą‚Ėą‚ĖÄ ‚Ėą‚Ėď‚Ėď‚Ėí‚Ėď‚Ėą‚Ėď‚Ėď‚Ėď‚Ėď‚Ėą     ‚Ėą‚Ėą               ‚Ėą‚Ėą     ‚Ėą‚Ėď‚Ėď‚Ėď‚Ėď‚Ėą‚Ėď‚Ėí‚Ėď‚Ėď‚Ėą ‚ĖÄ‚Ėą‚Ėą   ‚Ėą‚Ėď‚Ėď   ‚Ėź 
‚ĖÄ‚Ėą‚Ėď‚Ėď‚Ėí‚Ėí‚Ėí‚Ėď‚Ėą ‚Ėą‚ĖĆ  ‚Ėí‚Ėí‚Ėď‚Ėď‚Ėí‚Ėí‚Ėí‚Ėą‚Ėď‚Ėď‚Ėď‚Ėď‚Ėď‚Ėą  ‚Ėą‚Ėą   ‚Ėą       ‚Ėą   ‚Ėą‚Ėą  ‚Ėą‚Ėď‚Ėď‚Ėď‚Ėď‚Ėď‚Ėą‚Ėí‚Ėí‚Ėí‚Ėď‚Ėď‚Ėí‚Ėí  ‚Ėą‚Ėą ‚Ėą‚Ėď‚Ėí‚Ėí‚Ėí‚Ėď‚Ėď‚Ėą‚ĖÄ 
   ‚Ėą‚Ėď‚Ėď‚Ėí‚Ėí  ‚Ėą‚ĖĆ ‚Ėą‚Ėď‚Ėď‚Ėí‚Ėí‚Ėą           ‚Ėą‚Ėą ‚Ėą‚Ėď‚Ėď‚Ėď‚Ėď‚Ėą‚Ėą‚Ėą‚Ėď‚Ėď‚Ėď‚Ėď‚Ėą ‚Ėą‚Ėą           ‚Ėą‚Ėí‚Ėí‚Ėď‚Ėď‚Ėą ‚Ėą‚Ėą  ‚Ėí‚Ėí‚Ėď‚Ėď‚Ėą    
     ‚Ėą‚Ėí‚Ėí  ‚Ėą‚Ėą                  ‚Ėą‚Ėą  ‚Ėí‚Ėí‚Ėą‚Ėí‚Ėď‚Ėď‚Ėí‚Ėí‚Ėą‚Ėí‚Ėí  ‚Ėą‚Ėą                  ‚Ėą‚Ėą  ‚Ėí‚Ėí‚Ėą      
   ‚Ėą‚Ėď‚Ėď‚Ėď‚Ėď‚Ėą ‚Ėą‚Ėą‚Ėą‚Ėą              ‚Ėą‚Ėą‚Ėą‚Ėą    ‚Ėą‚Ėď‚Ėí‚Ėí‚Ėď‚Ėď‚Ėą    ‚Ėą‚Ėą‚Ėą‚Ėą              ‚Ėą‚Ėą‚Ėą‚Ėą ‚Ėą‚Ėď‚Ėď‚Ėď‚Ėď‚Ėą    
      ‚Ėą   ‚Ėą‚Ėą  ‚ĖÄ            ‚ĖÄ‚ĖÄ ‚Ėą‚Ėą               ‚Ėą‚Ėą ‚ĖÄ‚ĖÄ            ‚ĖÄ  ‚Ėą‚Ėą   ‚Ėą       
        ‚ĖĄ‚Ėą‚ĖÄ                    ‚ĖÄ‚Ėą             ‚Ėą‚ĖÄ                    ‚ĖÄ‚Ėą          
                           ‚ĖÄ‚ĖĄ   ‚ĖĄ‚ĖĄ‚ĖÄ‚ĖÄ‚ĖÄ‚ĖÄ‚ĖÄ‚ĖÄ‚ĖÄ‚ĖÄ‚ĖÄ‚ĖÄ‚ĖÄ‚ĖĄ‚ĖĄ   ‚ĖĄ‚ĖÄ                            
                             ‚ĖÄ‚Ėą‚Ėą‚Ėą             ‚Ėą‚Ėą‚Ėą‚ĖÄ                              
                              ‚ĖÄ‚Ėą‚Ėą             ‚Ėą‚Ėą‚ĖÄ                               
                               ‚Ėą‚Ėą             ‚Ėą‚Ėą                                
 ‚ĖÄ‚Ėą‚Ėą     ‚Ėą‚Ėą‚ĖÄ                   ‚Ėą‚Ėą    GREETS   ‚Ėą‚Ėą                   ‚ĖÄ‚Ėą‚Ėą     ‚Ėą‚Ėą‚ĖÄ  
  ‚ĖÄ‚Ėą‚Ėą   ‚Ėą‚Ėą‚ĖÄ             ‚ĖĄ   ‚ĖĄ  ‚Ėą‚Ėą             ‚Ėą‚Ėą  ‚ĖĄ   ‚ĖĄ             ‚ĖÄ‚Ėą‚Ėą   ‚Ėą‚Ėą‚ĖÄ   
   ‚ĖĆ‚Ėą   ‚Ėą‚ĖĆ              ‚Ėą‚Ėą‚Ėą‚ĖÄ ‚Ėą‚Ėą‚Ėą‚Ėą             ‚Ėą‚Ėą‚Ėą‚Ėą ‚ĖÄ‚Ėą‚Ėą‚Ėą              ‚ĖĆ‚Ėą   ‚Ėą‚ĖĆ    
   ‚ĖĆ‚Ėą   ‚Ėą‚ĖĆ              ‚Ėą‚Ėą     ‚Ėą‚Ėą             ‚Ėą‚Ėą     ‚Ėą‚Ėą              ‚ĖĆ‚Ėą   ‚Ėą‚ĖĆ    
   ‚Ėą‚Ėą   ‚Ėą‚Ėą  ‚ĖĄ   ‚ĖĄ  ‚ĖĄ    ‚Ėą‚Ėą      ‚ĖÄ‚Ėą           ‚Ėą‚ĖÄ      ‚Ėą‚Ėą    ‚ĖĄ  ‚ĖĄ   ‚ĖĄ  ‚Ėą‚Ėą   ‚Ėą‚Ėą    
‚ĖĄ‚Ėą‚Ėą‚Ėą‚Ėą   ‚Ėą‚Ėą‚Ėą‚Ėą ‚ĖÄ‚Ėą‚Ėą‚Ėą  ‚Ėą‚Ėą‚Ėą‚ĖÄ ‚Ėą‚Ėą        ‚ĖÄ‚ĖÄ‚ĖÄ‚ĖÄ‚ĖÄ‚ĖÄ‚ĖÄ‚ĖÄ‚ĖÄ‚ĖÄ‚ĖÄ        ‚Ėą‚Ėą ‚ĖÄ‚Ėą‚Ėą‚Ėą  ‚Ėą‚Ėą‚Ėą‚ĖÄ ‚Ėą‚Ėą‚Ėą‚Ėą   ‚Ėą‚Ėą‚Ėą‚Ėą‚ĖĄ 
‚ĖĆ  ‚Ėą‚Ėą   ‚Ėą‚Ėą     ‚Ėą‚Ėą  ‚Ėą‚Ėą   ‚Ėą‚Ėą                           ‚Ėą‚Ėą   ‚Ėą‚Ėą  ‚Ėą‚Ėą     ‚Ėą‚Ėą   ‚Ėą‚Ėą  ‚Ėź 
‚ĖĆ   ‚ĖÄ‚Ėą‚ĖĄ‚Ėą‚ĖÄ      ‚Ėą‚Ėą  ‚Ėą‚Ėą   ‚Ėą‚Ėą‚Ėą‚Ėą                       ‚Ėą‚Ėą‚Ėą‚Ėą   ‚Ėą‚Ėą  ‚Ėą‚Ėą      ‚ĖÄ‚Ėą‚ĖĄ‚Ėą‚ĖÄ   ‚Ėź 
‚ĖĆ              ‚Ėą‚Ėą  ‚Ėą‚Ėą   ‚Ėą‚Ėą ‚ĖÄ‚ĖÄ                     ‚ĖÄ‚ĖÄ ‚Ėą‚Ėą   ‚Ėą‚Ėą  ‚Ėą‚Ėą              ‚Ėź 
‚ĖĆ              ‚Ėą‚Ėą  ‚Ėą‚Ėą  ‚Ėą‚ĖÄ                             ‚ĖÄ‚Ėą  ‚Ėą‚Ėą  ‚Ėą‚Ėą              ‚Ėź                                                                  
‚ĖĆ            ‚Ėą‚Ėą‚Ėą‚Ėą  ‚Ėą‚Ėą‚Ėą‚Ėą                                 ‚Ėą‚Ėą‚Ėą‚Ėą  ‚Ėą‚Ėą‚Ėą‚Ėą            ‚Ėź              
‚ĖĆ            ‚ĖÄ ‚Ėą‚Ėą  ‚Ėą‚Ėą ‚ĖÄ                                 ‚ĖÄ ‚Ėą‚Ėą  ‚Ėą‚Ėą ‚ĖÄ            ‚Ėź              
‚ĖĆ               ‚ĖÄ‚Ėą‚Ėą‚ĖÄ                                       ‚ĖÄ‚Ėą‚Ėą‚ĖÄ               ‚Ėź              
‚ĖĆ                                                                             ‚Ėź              
‚ĖĆ                                                                             ‚Ėź              
‚ĖĆ                                                                             ‚Ėź              
‚ĖĆ                                                                             ‚Ėź 
‚ĖĆ                                                                             ‚Ėź 
‚ĖĆ                                                                             ‚Ėź 
‚ĖĆ                                                                             ‚Ėź 
‚ĖĆ                                                                             ‚Ėź 
‚ĖĆ                 .... all other real groups keeping it going                 ‚Ėź 
‚ĖĆ                                                                             ‚Ėź 
‚ĖĆ                        in 2017!                                             ‚Ėź 
‚ĖĆ                                                                             ‚Ėź 
‚ĖĆ                                                                             ‚Ėź 
‚ĖĆ                                                                             ‚Ėź 
‚ĖĆ                                                                             ‚Ėź 
‚ĖĆ                                                                             ‚Ėź 
‚ĖĆ                                                                             ‚Ėź 
‚ĖĆ                                                                             ‚Ėź 
‚ĖĆ                                                                             ‚Ėź 
‚ĖĆ                                                                             ‚Ėź 
‚ĖĆ                ‚Ėą         ‚ĖĄ   ‚ĖĄ               ‚ĖĄ   ‚ĖĄ         ‚Ėą ‚ĖÄ‚ĖĄ   ‚ĖĄ‚ĖĄ        ‚Ėź 
‚ĖĆ   ‚Ėą      ‚Ėą‚Ėą‚ĖÄ   ‚Ėď          ‚ĖÄ‚Ėą‚Ėą‚Ėą               ‚Ėą‚Ėą‚Ėą‚ĖÄ          ‚Ėď   ‚ĖÄ‚Ėą‚Ėą‚Ėą     ‚Ėą   ‚Ėź 
‚ĖĆ   ‚Ėď‚Ėď‚Ėą   ‚Ėą‚Ėą‚ĖÄ ‚Ėą‚Ėď‚Ėď‚Ėí‚Ėď‚Ėą‚Ėď‚Ėď‚Ėď‚Ėď‚Ėą     ‚Ėą‚Ėą               ‚Ėą‚Ėą     ‚Ėą‚Ėď‚Ėď‚Ėď‚Ėď‚Ėą‚Ėď‚Ėí‚Ėď‚Ėď‚Ėą ‚ĖÄ‚Ėą‚Ėą   ‚Ėą‚Ėď‚Ėď   ‚Ėź 
‚ĖÄ‚Ėą‚Ėď‚Ėď‚Ėí‚Ėí‚Ėí‚Ėď‚Ėą ‚Ėą‚ĖĆ  ‚Ėí‚Ėí‚Ėď‚Ėď‚Ėí‚Ėí‚Ėí‚Ėą‚Ėď‚Ėď‚Ėď‚Ėď‚Ėď‚Ėą  ‚Ėą‚Ėą   ‚Ėą       ‚Ėą   ‚Ėą‚Ėą  ‚Ėą‚Ėď‚Ėď‚Ėď‚Ėď‚Ėď‚Ėą‚Ėí‚Ėí‚Ėí‚Ėď‚Ėď‚Ėí‚Ėí  ‚Ėą‚Ėą ‚Ėą‚Ėď‚Ėí‚Ėí‚Ėí‚Ėď‚Ėď‚Ėą‚ĖÄ 
   ‚Ėą‚Ėď‚Ėď‚Ėí‚Ėí  ‚Ėą‚ĖĆ ‚Ėą‚Ėď‚Ėď‚Ėí‚Ėí‚Ėą           ‚Ėą‚Ėą ‚Ėą‚Ėď‚Ėď‚Ėď‚Ėď‚Ėą‚Ėą‚Ėą‚Ėď‚Ėď‚Ėď‚Ėď‚Ėą ‚Ėą‚Ėą           ‚Ėą‚Ėí‚Ėí‚Ėď‚Ėď‚Ėą ‚Ėą‚Ėą  ‚Ėí‚Ėí‚Ėď‚Ėď‚Ėą    
     ‚Ėą‚Ėí‚Ėí  ‚Ėą‚Ėą                  ‚Ėą‚Ėą  ‚Ėí‚Ėí‚Ėą‚Ėí‚Ėď‚Ėď‚Ėí‚Ėí‚Ėą‚Ėí‚Ėí  ‚Ėą‚Ėą                  ‚Ėą‚Ėą  ‚Ėí‚Ėí‚Ėą      
   ‚Ėą‚Ėď‚Ėď‚Ėď‚Ėď‚Ėą ‚Ėą‚Ėą‚Ėą‚Ėą              ‚Ėą‚Ėą‚Ėą‚Ėą    ‚Ėą‚Ėď‚Ėí‚Ėí‚Ėď‚Ėď‚Ėą    ‚Ėą‚Ėą‚Ėą‚Ėą              ‚Ėą‚Ėą‚Ėą‚Ėą ‚Ėą‚Ėď‚Ėď‚Ėď‚Ėď‚Ėą    
      ‚Ėą   ‚Ėą‚Ėą  ‚ĖÄ            ‚ĖÄ‚ĖÄ ‚Ėą‚Ėą‚ĖĄ‚ĖĄ‚ĖĄ‚ĖĄ‚ĖĄ‚ĖĄ‚ĖĄ‚ĖĄ‚ĖĄ‚ĖĄ‚ĖĄ‚ĖĄ‚ĖĄ‚ĖĄ ‚Ėą‚Ėą ‚ĖÄ‚ĖÄ            ‚ĖÄ  ‚Ėą‚Ėą   ‚Ėą       
        ‚ĖĄ‚Ėą‚ĖÄ                    ‚ĖÄ‚Ėą CONTACT US  ‚Ėą‚ĖÄ                    ‚ĖÄ‚Ėą          
        ‚ĖÄ‚ĖÄ‚ĖÄ‚ĖÄ‚ĖÄ‚ĖÄ‚ĖÄ‚ĖÄ‚ĖÄ‚ĖÄ‚ĖÄ‚ĖÄ‚ĖÄ‚ĖÄ‚ĖÄ‚ĖÄ‚ĖÄ‚ĖÄ‚ĖÄ‚ĖÄ‚ĖÄ‚ĖÄ‚ĖÄ‚ĖÄ‚ĖÄ‚ĖĄ‚ĖĄ‚ĖĄ‚ĖĄ‚ĖĄ‚ĖĄ‚ĖĄ‚ĖĄ‚ĖĄ‚ĖĄ‚ĖĄ‚ĖĄ‚ĖĄ‚ĖÄ‚ĖÄ‚ĖÄ‚ĖÄ‚ĖÄ‚ĖÄ‚ĖÄ‚ĖÄ‚ĖÄ‚ĖÄ‚ĖÄ‚ĖÄ‚ĖÄ‚ĖÄ‚ĖÄ‚ĖÄ‚ĖÄ‚ĖÄ‚ĖÄ‚ĖÄ‚ĖÄ‚ĖÄ‚ĖÄ‚ĖÄ          
                                                                                
                                                                                
                               For A Good Time                                  
                                                                                
    ‚ĖĄ‚ĖĄ‚ĖĄ‚ĖĄ‚ĖĄ‚ĖĄ‚ĖĄ‚ĖĄ‚ĖĄ‚ĖĄ‚ĖĄ‚ĖĄ‚ĖĄ‚ĖĄ‚ĖĄ‚ĖĄ‚ĖĄ‚ĖĄ‚ĖĄ‚ĖĄ‚ĖĄ‚ĖĄ‚ĖĄ‚ĖĄ‚ĖĄ‚ĖĄ‚ĖĄ‚ĖĄ‚ĖĄ‚ĖĄ‚ĖĄ‚ĖĄ‚ĖĄ‚ĖĄ‚ĖĄ‚ĖĄ‚ĖĄ‚ĖĄ‚ĖĄ‚ĖĄ‚ĖĄ‚ĖĄ‚ĖĄ‚ĖĄ‚ĖĄ‚ĖĄ‚ĖĄ‚ĖĄ‚ĖĄ‚ĖĄ‚ĖĄ‚ĖĄ‚ĖĄ‚ĖĄ‚ĖĄ‚ĖĄ‚ĖĄ‚ĖĄ‚ĖĄ‚ĖĄ‚ĖĄ‚ĖĄ‚ĖĄ‚ĖĄ‚ĖĄ‚ĖĄ‚ĖĄ‚ĖĄ        
      ‚ĖÄ‚ĖÄ‚ĖĄ‚ĖĄ   ‚ĖĄ‚ĖÄ ‚Ėą      ‚ĖÄ‚ĖÄ‚ĖĄ‚ĖĄ   ‚ĖĄ‚ĖĄ‚Ėą‚Ėą‚Ėą‚Ėą      ‚ĖÄ‚ĖÄ‚ĖÄ‚ĖĄ‚ĖĄ‚Ėą‚Ėą‚Ėą‚Ėą‚Ėą‚Ėą‚Ėą      ‚Ėą ‚ĖÄ‚ĖĄ  ‚Ėą‚Ėą‚ĖĄ‚ĖÄ‚ĖÄ         
   ‚Ėą     ‚Ėą‚Ėą‚Ėą‚Ėą‚Ėą‚Ėą ‚Ėď          ‚ĖÄ‚Ėą‚Ėą‚Ėą‚Ėą              ‚Ėą‚Ėą‚Ėą‚ĖÄ          ‚Ėď   ‚ĖÄ‚Ėą‚Ėą‚Ėą     ‚Ėą      
   ‚Ėď‚Ėď‚Ėą   ‚Ėą‚Ėą‚ĖÄ  ‚Ėą‚Ėą‚Ėí‚Ėď‚Ėą‚Ėď‚Ėď‚Ėď‚Ėď‚Ėą     ‚Ėą‚Ėą               ‚Ėą‚Ėą     ‚Ėą‚Ėď‚Ėď‚Ėď‚Ėď‚Ėą‚Ėď‚Ėí‚Ėď‚Ėď‚Ėą ‚ĖÄ‚Ėą‚Ėą   ‚Ėą‚Ėď‚Ėď      
‚Ėą‚Ėď‚Ėď‚Ėí‚Ėí‚Ėí‚Ėď‚Ėą ‚Ėą‚ĖĆ  ‚Ėí‚Ėí‚Ėą‚Ėď‚Ėí‚Ėí‚Ėí‚Ėą‚Ėď‚Ėď‚Ėď‚Ėď‚Ėď‚Ėą  ‚Ėą‚Ėą   ‚Ėą       ‚Ėą   ‚Ėą‚Ėą‚Ėą‚Ėą‚Ėą‚Ėď‚Ėď‚Ėď‚Ėď‚Ėď‚Ėą‚Ėí‚Ėí‚Ėí‚Ėď‚Ėď‚Ėí‚Ėí  ‚Ėą‚Ėą ‚Ėą‚Ėď‚Ėí‚Ėí‚Ėí‚Ėď‚Ėď‚Ėą   
  ‚Ėą‚Ėď‚Ėď‚Ėí‚Ėí  ‚Ėą‚ĖĆ ‚Ėą‚Ėď‚Ėď‚Ėą‚Ėí‚Ėą           ‚Ėą‚Ėą‚Ėą‚Ėą‚Ėď‚Ėď‚Ėď‚Ėď‚Ėą‚Ėą‚Ėą‚Ėď‚Ėď‚Ėď‚Ėď‚Ėą ‚Ėą‚Ėą           ‚Ėą‚Ėí‚Ėí‚Ėď‚Ėď‚Ėą ‚Ėą‚Ėą  ‚Ėí‚Ėí‚Ėď‚Ėď‚Ėą     
    ‚Ėą‚Ėí‚Ėí  ‚Ėą‚Ėą   ‚Ėą‚Ėą             ‚Ėą‚Ėą  ‚Ėí‚Ėí‚Ėą‚Ėí‚Ėď‚Ėď‚Ėí‚Ėí‚Ėą‚Ėí‚Ėí  ‚Ėą‚Ėą                  ‚Ėą‚Ėą  ‚Ėí‚Ėí‚Ėą       
  ‚Ėą‚Ėď‚Ėď‚Ėď‚Ėď‚Ėą ‚Ėą‚Ėą ‚Ėą‚Ėą‚Ėą            ‚Ėą‚Ėą‚Ėą‚Ėą    ‚Ėą‚Ėď‚Ėí‚Ėí‚Ėď‚Ėď‚Ėą    ‚Ėą‚Ėą‚Ėą‚Ėą‚Ėą‚Ėą           ‚ĖĄ‚Ėą‚Ėą‚Ėą‚Ėą ‚Ėą‚Ėď‚Ėď‚Ėď‚Ėď‚Ėą     
     ‚Ėą   ‚Ėą‚Ėą   ‚ĖÄ‚Ėą      ‚ĖĄ‚ĖĄ‚ĖÄ‚ĖÄ‚ĖÄ‚ĖÄ ‚Ėą‚Ėą               ‚Ėą‚Ėą‚Ėą‚ĖÄ‚ĖÄ‚ĖÄ‚Ėą‚Ėą‚Ėą           ‚Ėą‚Ėą   ‚Ėą        
      ‚ĖĄ‚ĖĄ‚Ėą‚Ėą     ‚Ėą              ‚ĖÄ‚Ėą‚Ėą           ‚ĖĄ‚Ėą‚ĖÄ                    ‚ĖÄ‚Ėą‚ĖĄ          
   ‚ĖÄ‚ĖÄ‚ĖÄ‚ĖÄ        ‚Ėą                 ‚Ėą‚Ėą‚Ėą      ‚ĖÄ‚ĖÄ                          ‚ĖÄ‚ĖÄ‚ĖÄ‚ĖÄ‚ĖÄ‚ĖÄ    
                                              ‚Ėź  ascii By TG/pAo 07' ‚ĖĆ
