ÔĽŅ                                                                             
                                                                  ‚Ėą          
                                    ‚Ėą‚Ėą                            ‚Ėą‚Ėą‚Ėą        
       ‚Ėą‚Ėą‚Ėą‚Ėą‚Ėą‚Ėą‚Ėą‚Ėą‚Ėą  ‚Ėą‚Ėą‚Ėą‚Ėą‚Ėą‚Ėą‚Ėą‚Ėą  ‚Ėą‚Ėą    ‚Ėą‚Ėą‚Ėą‚Ėą ‚Ėą‚Ėą‚Ėą‚Ėą‚Ėą‚Ėą‚Ėą‚Ėą‚Ėą   ‚Ėą‚Ėą‚Ėą‚Ėą‚Ėą‚Ėą‚Ėą‚Ėą‚Ėą ‚Ėą‚Ėą‚Ėą‚Ėą ‚Ėą‚ĖĎ‚Ėą‚Ėą           
      ‚Ėą‚Ėą‚Ėą‚Ėą  ‚Ėą‚Ėą‚ĖĎ‚Ėą ‚Ėą‚Ėą‚Ėą‚Ėą  ‚Ėą‚Ėą‚Ėą‚Ėą ‚Ėą‚Ėą‚Ėą‚Ėą  ‚Ėą‚Ėą‚ĖĎ‚Ėą ‚Ėą‚ĖĎ‚Ėą‚Ėą  ‚Ėą‚Ėą‚Ėą‚Ėą ‚Ėą‚Ėą‚Ėą‚Ėą  ‚Ėą‚Ėą‚ĖĎ‚Ėą ‚Ėą‚ĖĎ‚ĖĎ‚Ėą ‚Ėą‚ĖĎ‚Ėą‚Ėą           
      ‚Ėą‚ĖĎ‚Ėą‚Ėą  ‚Ėą‚Ėą‚Ėą‚Ėą ‚Ėą‚ĖĎ‚Ėą‚Ėą  ‚Ėą‚Ėą‚ĖĎ‚Ėą ‚Ėą‚ĖĎ‚Ėą‚Ėą  ‚Ėą‚Ėą‚ĖĎ‚Ėą ‚Ėą‚ĖĎ‚Ėą‚Ėą  ‚Ėą‚Ėą‚ĖĎ‚Ėą ‚Ėą‚ĖĎ‚Ėą‚Ėą  ‚Ėą‚Ėą‚Ėą‚Ėą ‚Ėą‚Ėą‚Ėą‚Ėą ‚Ėą‚ĖĎ‚Ėą‚Ėą           
      ‚Ėą‚ĖĎ‚Ėą‚Ėą  ‚Ėą‚Ėą   ‚Ėą‚ĖĎ‚Ėą‚Ėą  ‚Ėą‚Ėą‚ĖĎ‚Ėą ‚Ėą‚ĖĎ‚Ėą‚Ėą  ‚Ėą‚Ėą‚ĖĎ‚Ėą ‚Ėą‚ĖĎ‚Ėą‚Ėą  ‚Ėą‚Ėą‚ĖĎ‚Ėą ‚Ėą‚ĖĎ‚Ėą‚Ėą  ‚Ėą‚Ėą        ‚Ėą‚ĖĎ‚Ėą‚Ėą           
      ‚Ėą‚ĖĎ‚Ėą‚Ėą       ‚Ėą‚ĖĎ‚Ėą‚Ėą  ‚Ėą‚Ėą‚ĖĎ‚Ėą ‚Ėą‚ĖĎ‚Ėą‚Ėą  ‚Ėą‚Ėą‚ĖĎ‚Ėą ‚Ėą‚ĖĎ‚Ėą‚Ėą  ‚Ėą‚Ėą‚ĖĎ‚Ėą ‚Ėą‚ĖĎ‚Ėą‚Ėą       ‚Ėą‚Ėą‚Ėą‚Ėą ‚Ėą‚ĖĎ‚Ėą‚Ėą                                                                                         
      ‚Ėą‚ĖĎ‚Ėą‚Ėą  ‚Ėą‚Ėą   ‚Ėą‚ĖĎ‚Ėą‚Ėą  ‚Ėą‚Ėą‚ĖĎ‚Ėą ‚Ėą‚ĖĎ‚Ėą‚Ėą  ‚Ėą‚Ėą‚ĖĎ‚Ėą ‚Ėą‚ĖĎ‚Ėą‚Ėą  ‚Ėą‚Ėą‚ĖĎ‚Ėą ‚Ėą‚ĖĎ‚Ėą‚Ėą  ‚Ėą‚Ėą   ‚Ėą‚ĖĎ‚Ėą‚Ėą ‚Ėą‚ĖĎ‚Ėą‚Ėą  ‚Ėą‚Ėą                                                                                     
      ‚Ėą‚ĖĎ‚Ėą‚Ėą  ‚Ėą‚Ėą‚Ėą‚Ėą ‚Ėą‚ĖĎ‚Ėą‚Ėą  ‚Ėą‚Ėą‚ĖĎ‚Ėą ‚Ėą‚ĖĎ‚Ėą‚Ėą  ‚Ėą‚Ėą‚ĖĎ‚Ėą ‚Ėą‚ĖĎ‚Ėą‚Ėą  ‚Ėą‚Ėą‚ĖĎ‚Ėą ‚Ėą‚ĖĎ‚Ėą‚Ėą  ‚Ėą‚Ėą‚Ėą‚Ėą ‚Ėą‚ĖĎ‚Ėą‚Ėą ‚Ėą‚ĖĎ‚Ėą‚Ėą  ‚Ėą‚Ėą‚Ėą                                                                                    
      ‚Ėą‚ĖĎ‚Ėą‚Ėą  ‚Ėą‚Ėą‚ĖĎ‚Ėą ‚Ėą‚ĖĎ‚Ėą‚Ėą  ‚Ėą‚Ėą‚ĖĎ‚Ėą ‚Ėą‚ĖĎ‚Ėą‚Ėą  ‚Ėą‚Ėą‚ĖĎ‚Ėą ‚Ėą‚ĖĎ‚Ėą‚Ėą  ‚Ėą‚Ėą‚ĖĎ‚Ėą ‚Ėą‚ĖĎ‚Ėą‚Ėą  ‚Ėą‚Ėą‚ĖĎ‚Ėą ‚Ėą‚ĖĎ‚Ėą‚Ėą ‚Ėą‚ĖĎ‚Ėą‚Ėą  ‚Ėą‚ĖĎ‚Ėą                                                                         
      ‚Ėą‚ĖĎ‚Ėą‚Ėą  ‚Ėą‚Ėą‚ĖĎ‚Ėą ‚Ėą‚ĖĎ‚Ėą‚Ėą  ‚Ėą‚Ėą‚ĖĎ‚Ėą ‚Ėą‚ĖĎ‚Ėą‚Ėą  ‚Ėą‚Ėą‚ĖĎ‚Ėą ‚Ėą‚ĖĎ‚Ėą‚Ėą  ‚Ėą‚Ėą‚ĖĎ‚Ėą ‚Ėą‚ĖĎ‚Ėą‚Ėą  ‚Ėą‚Ėą‚ĖĎ‚Ėą ‚Ėą‚ĖĎ‚Ėą‚Ėą ‚Ėą‚ĖĎ‚Ėą‚Ėą  ‚Ėą‚ĖĎ‚Ėą                                                                         
      ‚Ėą‚ĖĎ‚Ėą‚Ėą  ‚Ėą‚Ėą‚ĖĎ‚Ėą ‚Ėą‚ĖĎ‚Ėą‚Ėą  ‚Ėą‚Ėą‚ĖĎ‚Ėą ‚Ėą‚ĖĎ‚Ėą‚Ėą  ‚Ėą‚Ėą‚ĖĎ‚Ėą ‚Ėą‚ĖĎ‚Ėą‚Ėą  ‚Ėą‚Ėą‚ĖĎ‚Ėą ‚Ėą‚ĖĎ‚Ėą‚Ėą  ‚Ėą‚Ėą‚ĖĎ‚Ėą ‚Ėą‚ĖĎ‚Ėą‚Ėą ‚Ėą‚ĖĎ‚Ėą‚Ėą  ‚Ėą‚ĖĎ‚Ėą                                                                         
      ‚Ėą‚Ėą‚Ėą‚Ėą  ‚Ėą‚Ėą‚ĖĎ‚Ėą ‚Ėą‚Ėą‚Ėą‚Ėą  ‚Ėą‚Ėą‚Ėą‚Ėą ‚Ėą‚Ėą‚Ėą‚Ėą  ‚Ėą‚Ėą‚Ėą‚Ėą ‚Ėą‚Ėą‚Ėą‚Ėą  ‚Ėą‚Ėą‚ĖĎ‚Ėą ‚Ėą‚Ėą‚Ėą‚Ėą  ‚Ėą‚Ėą‚ĖĎ‚Ėą ‚Ėą‚Ėą‚Ėą‚Ėą ‚Ėą‚Ėą‚Ėą‚Ėą  ‚Ėą‚ĖĎ‚Ėą                                                                         
       ‚Ėą‚Ėą‚Ėą‚Ėą‚Ėą‚Ėą‚Ėą‚Ėą‚Ėą  ‚Ėą‚Ėą‚Ėą‚Ėą‚Ėą‚Ėą‚Ėą‚Ėą ‚Ėą ‚Ėą‚Ėą‚Ėą‚Ėą‚Ėą‚Ėą‚Ėą‚Ėą  ‚Ėą‚Ėą ‚Ėą‚Ėą ‚Ėą‚Ėą‚ĖĎ‚Ėą  ‚Ėą‚Ėą‚Ėą‚Ėą‚Ėą‚Ėą‚Ėą‚Ėą‚Ėą ‚Ėą ‚Ėą‚Ėą  ‚Ėą‚Ėą‚Ėą‚Ėą‚Ėą‚Ėą‚Ėą‚Ėą                                                                         
     ‚Ėą‚Ėą‚Ėą‚Ėą‚Ėą‚Ėą‚Ėą‚Ėą‚Ėą‚Ėą‚Ėą‚Ėą‚Ėą‚Ėą‚Ėą‚Ėą‚Ėą‚Ėą‚Ėą‚Ėą‚Ėą‚Ėą‚Ėą‚Ėą‚Ėą‚Ėą‚Ėą‚Ėą‚Ėą‚Ėą‚Ėą‚Ėą‚Ėą‚Ėą‚Ėą‚Ėą‚Ėą‚Ėą‚Ėą ‚Ėą‚Ėą‚ĖĎ‚Ėą ‚Ėą‚Ėą‚Ėą‚Ėą‚Ėą‚Ėą‚Ėą‚Ėą‚Ėą‚Ėą‚Ėą‚Ėą‚Ėą‚Ėą‚Ėą‚Ėą‚Ėą‚Ėą‚Ėą‚Ėą‚Ėą‚Ėą‚Ėą‚Ėą                                                                          
     ‚Ėą‚Ėą‚Ėą‚Ėą‚Ėą‚Ėą‚Ėą‚Ėą‚Ėą‚Ėą‚Ėą‚Ėą‚Ėą‚Ėą‚Ėą‚Ėą‚Ėą‚Ėą‚Ėą‚Ėą‚Ėą‚Ėą‚Ėą‚Ėą‚Ėą‚Ėą‚Ėą‚Ėą‚Ėą‚Ėą‚Ėą‚Ėą‚Ėą‚Ėą‚Ėą‚Ėą‚Ėą‚Ėą‚Ėą ‚Ėą‚Ėą‚ĖĎ‚Ėą ‚Ėą‚Ėą‚Ėą‚Ėą‚Ėą‚Ėą‚Ėą‚Ėą‚Ėą‚Ėą‚Ėą‚Ėą‚Ėą‚Ėą‚Ėą‚Ėą‚Ėą‚Ėą‚Ėą‚Ėą‚Ėą‚Ėą‚Ėą                                                                                         
                                              ‚Ėą‚Ėą‚Ėą                                                                                                
                                                ‚Ėą                                                                                                
     ‚ĖÄ‚ĖÄ‚ĖÄ‚ĖÄ‚ĖÄ‚ĖÄ‚ĖÄ‚ĖÄ‚ĖÄ‚ĖÄ‚ĖÄ‚ĖÄ‚ĖÄ‚ĖÄ‚ĖÄ‚ĖÄ‚ĖÄ‚ĖÄ‚ĖÄ‚ĖÄ‚ĖÄ‚ĖÄ‚ĖÄ‚ĖÄ‚ĖÄ‚ĖÄ‚ĖÄ‚ĖÄ‚ĖÄ‚ĖÄ‚ĖÄ‚ĖÄ‚ĖÄ‚ĖÄ‚ĖÄ‚ĖÄ‚ĖÄ‚ĖÄ‚ĖÄ‚ĖÄ‚ĖÄ‚ĖÄ‚ĖÄ‚ĖÄ‚ĖÄ‚ĖÄ‚ĖÄ‚ĖÄ‚ĖÄ‚ĖÄ‚ĖÄ‚ĖÄ‚ĖÄ‚ĖÄ‚ĖÄ‚ĖÄ‚ĖÄ‚ĖÄ‚ĖÄ‚ĖÄ‚ĖÄ‚ĖÄ‚ĖÄ‚ĖÄ‚ĖÄ‚ĖÄ‚ĖÄ‚ĖÄ‚ĖÄ‚ĖÄ                                                                      
                                _  _ _  _ _  _ _|_ _                                                                                             
                               |_)| (/__\(/_| | | _\                                                                                                              
                               |                                                
                                                                               
                                                                               
                        Car.Booty.S10E15.WS.PDTV.XviD-COUNCiL

      ‚óĄ============‚Ėļ                                   
       Date Of Show   19-09-2008
      ‚óĄ============‚Ėļ
     
      ‚óĄ=============‚Ėļ
       Date Released  20-09-2008
      ‚óĄ=============‚Ėļ
      
      ‚óĄ============‚Ėļ
       Video Sizing   640x352
      ‚óĄ============‚Ėļ
      
      ‚óĄ=====‚Ėļ
       Audio   VBR 128
      ‚óĄ=====‚Ėļ
      
      ‚óĄ==========‚Ėļ
       Codec Used  XVID
      ‚óĄ==========‚Ėļ
      
      ‚óĄ===‚Ėļ
       FPS  25
      ‚óĄ===‚Ėļ
      
      ‚óĄ======‚Ėļ
       Source  PDTV
      ‚óĄ======‚Ėļ
      
      ‚óĄ============‚Ėļ
       Type Of Show  <> Documentary <*> Reality <> Scripted
      ‚óĄ============‚Ėļ
     
      ‚óĄ=============‚Ėļ
       TV Show Notes 
      ‚óĄ=============‚Ėļ-----------------------------------------------------‚Ėļ
                                   
        Marie Bickerstaffe and husband Cameron want to celebrate their 
        golden anniversary by taking a luxury trip on a steam train, 
        so need to raise ‚Ē¨500 by selling some clutter

      ‚óĄ-------------------------------------------------------------------‚Ėļ
                                                                         
     
      ‚óĄ=====‚Ėļ
       Notes 
      ‚óĄ=====‚Ėļ










      ‚óĄ=============‚Ėļ
       Special Notes 
      ‚óĄ=============‚Ėļ
                                                        

    










                                                                          
                                                                          
         _V_              _V_               _V_                  oOOo.    
       .=|_|===========v==|_|============v==|_|===========.    (OOOOOO),  
      /                |                 |                 \ ,(OOOOOOOOO) 
     /_________________|_________________|__________________(OOOOOOOOOOOO)
     |=|_|_|_|  =|_|_|=|X|)^^^(|X|=|/ \|=||_|_|_|=| ||_|_|=|`(OOOOOOOOOOO 
     |=|_|_|_|== |_|_|=|X|\___/|X|=||_||=||_____|=|_||_|_|=|___(OOOOOOOO) 
     |=_________= ,-. =|""""""""""="""""=|=_________== == =|_______\//`'  
     |=|__|__|_| //O\\=|X|"""""|X|=//"\\=|=|_|_|_|_| ‚ēĒ---‚ēó=|.=====.||     
     |=|__|__|_|=|| ||=|X|_____|X|=|| ||=|=|_______|=‚ēĎ|"|‚ēĎ=||=====|||                     
     |___________||_||_|=_________=||_||_|__________=‚ēĎ   ‚ēĎ=||==‚ēź==||\---  
      ABC                                                                   
                                                                                                                                                                                                                                                                                                   
