                                         ░▓▓▓░     ░█▓▒.▒▓▓▓                                        
                              ▒▓▓█.    ▓███████▓. ,████,▓███~░░░░▓█▓▓                               
                            ░██████▒  ▓█████████▒.▒████▓░███.░░▓██████:.                            
                    . ▓▒▒. ~███████▓ ~███░..▓███░.▓█████▓███░░▓███████▓..▓███~.,                    
                    ░████░.░███.░██░ ░███+. .░███ ░█████████░░▓██░.▓██▓..▓██▓ ▓██▓▒                 
             .▓█░  ░████▓▒.░███▓██▓░.░███░  .▓██▓.░████████▓.~████▓███░.░███▓.▓██▓.▒█░              
            .▓██▓. ▓██░..  +███▓████░.████▓▓████░ ▓███▓████▓.░████████▓.▓██▓ ░███░.████▓▒           
       .░▓. .░████.███▓.   .███▓████▓.░████████▓. ▓██▓.▓███░.▓██▓=▓███I~███▓.░███.████████▓         
      ▓██▓▓. .███░.▓███,  :.▓██▓.▓███..▒▓█████▓...▓██▓.▒███░.███▓.▓██▓.░███,:███▓  .▓██████         
   .  ▓████░ .▓███▒▓███████+▓███.░██▓:  ..░▒.. .  ..... .▒: =░▓▓▓.███▓.▓███▓▓███:  ▒███▓▓█▒ ░▓░.    
.░███,░█████▓.:███▓.▓██████▓▓█░▓▒...                         .... .█▓░  ▓██████░.  ▓███. ▒.▓████▓.. 
██████░██▓███░.▓███:..░▓░... . .                                     .  .....█▓...░███░. .░▓█████▓▓.
:██████▓█░░███▒▒███▓  ...                ... +▒▒███████+....                .. . .███▓.   ▒▓██▓██▓  
.▓██▓▓████.████.▒█░~                 . .█████████████████████░..                 ▒███▒  █  ▓██░.░.  
 ░███▓▓███░░███░░                 . ░▒▒▒▒▒▒ . .   ... ░██████████I .             .▒▒▒..▒█▓:░██░.    
 .░██▓.▓██▓.▒▒.                   ▒▒.. .               . .+█████████.                 .███▓▓███~    
 .▒███░.▒█▓.                    ▒░..                      . ██████████. .             .▒███████..   
 ..▓███...                                                 . ██████████.                 ▓▓██▓▓..   
   ▒█░.                                                     ..██████████                 . ▓▓. .    
   ...                                                       .▒█████████                            
                                                               █████████▒.                          
                                                              .██████████.                          
                                                              :██████████                           
                                                              ▒██████████ .                         
                                   .        .               .▒███████████ .                         
                                  .▒▒. .=████ .    ..=██   .▒████████████.                          
                                  .      . ████.  .▒█████████░ =█████████.                          
                                           ~███.  ,███████████ .▒███████░.                          
                                  . ░█, .▒▓████.  ▒██████████.. =███████.                           
                                   .▒██.███████  .▒█████░░. .█..▒██████..                           
                                    .:=.██████+   ~██▓█▒░█:█▒█..███████..                           
                                    . .  █████.  . ████░██▒.▒. .██████▒.                            
                                      .██████.    .█████████. .███████ .                            
                                       ..+███.      █████▓= . ░███████.                             
                                         ███       .███████...███████~                              
                                     .▒███          .█████▓..░███████                               
                                                    ..,█████████████,                               
                                                        . █████████▒                                
                                                      ....░███████+.                                
                                              .    ,▓███████████▒..                                 
                                              ,█████████████████                                    
                                             ..    .▒███████████.                                   
                                                     ██████████▒                                    
                                             .... .░▒██████████                                     
                                              .█.███ ████████▓.                                     
                                             ..█ ███ ████████:                                      
                                             ▒▒,.,░░█████████..                                     
                                               ..░░█████████░.                                      
                                               .. .████████▒.                         ▲             
       ▲                                        . .███████ .                          █             
       █                                   .  ..:▒█████,.                            ██           
       ██                                    .....                                  ███         
       ███                                                                         ████
       █████▒                        ████████████████████                        ▒█████
       ██████▓▒               ▒▒▒▓▓▓▓████████████████████▓▓▓▓▒▒▒               ▒▓██████
       ▓███████▓▓▒      ▒▒▓▓▓▓████████░░░░░░░░░░░░░░░░░░████████▓▓▓▓▒▒      ▒▓▓███████▓
        ▓█████████▓▓▒▒▓▓██████████████░  Release Info  ░██████████████▓▓▒▒▓▓█████████▓
         ▓██████████████████████████████████████████████████████████████████████████▓
          ▓███████████████████████████▓▓▓▓▓▓▓▓▓▓▓▓▓▓▓▓▓▓███████████████████████████▓
          ▓████████████████████▓▓▓▓▒░                    ░▒▓▓▓▓████████████████████▓
         ▓███████████████▓▓▓▒░                                  ░▒▓▓▓███████████████▓
        ▓███████████▓▓▒░               Jackass The Game               ░▒▓▓███████████▓
       ▓████████▓▒░      ▓▓▓▓▓▓▓▓▓▓▓▓▓▓▓▓▓▓▓▓▓▓▓▓▓▓▓▓▓▓▓▓▓▓▓▓▓▓▓▓▓▓▓▓      ░▒▓████████▓
       ██████▓░                                                                ░▓██████
       ████▓                                                                      ▓████
       ███▓         Release Date..: 01/08/2008     Genre.......: Action            ▓███
       ██▓          Retail Date...: 01/08/2008                                       ██
       █▓           Protection....: None           Company: Red Mile Entertainment    █
       ▼                                                                              ▼
                    File Size.....: 128MB          RAR Count...: 15x5mb 
       ▲                                                                              ▲
       █            Info......: http://www.jackassthegame.com                         █
       ██▓                                                                          ▓██
       ███▓▒                                                                      ▒▓███
       █████▓▓▒                                                                ▒▓▓█████
        ▓████████████████████████████████████████████████████████████████████████████▓
         ▓████████████████████████████░░░░░░░░░░░░░░░░░░████████████████████████████▓
         ▓████████████████████████████░    Game Info  ░░████████████████████████████▓
        ▓████████████████████████████████████████████████████████████████████████████▓
       ▓███████▓▓▓▓▓▓▓▓▓▓▓▓▓▓▓▓▓▓▓▓▓▓▓▓▓▓▓▓▓▓▓▓▓▓▓▓▓▓▓▓▓▓▓▓▓▓▓▓▓▓▓▓▓▓▓▓▓▓▓▓▓▓▓▓███████▓
       █████▓▓▒                                                                ▒▓▓█████
       ███▓▒                                                                      ▒▓███
       ██▓                                                                          ▓██
       █                                                                              █
       ▼        

          Jackass The Game DS brings the zany stunts and irrreverant humor of of
          MTV's jackass to the Nintendo DS platform. Explore an open ended 
          interactive environment as you meet the jackass gang and prove yourself 
          through dozens of insane challenges and stunts.
 
                      
       ▲                                                                              ▲
       █                                                                              █
       ██▓                                                                          ▓██
       ███▓▒                                                                      ▒▓███
       █████▓▓▒                                                                ▒▓▓█████
       ▓███████▓▓▓▓▓▓▓▓▓▓▓▓▓▓▓▓▓▓▓▓▓▓▓▓▓▓▓▓▓▓▓▓▓▓▓▓▓▓▓▓▓▓▓▓▓▓▓▓▓▓▓▓▓▓▓▓▓▓▓▓▓▓▓▓███████▓
        ▓████████████████████████████████████████████████████████████████████████████▓
         ▓████████████████████████████░░░░░░░░░░░░░░░░░░████████████████████████████▓
         ▓███████████████████████████░░ Ripper's Notes ░░███████████████████████████▓
        ▓████████████████████████████████████████████████████████████████████████████▓
       ▓███████▓▓▓▓▓▓▓▓▓▓▓▓▓▓▓▓▓▓▓▓▓▓▓▓▓▓▓▓▓▓▓▓▓▓▓▓▓▓▓▓▓▓▓▓▓▓▓▓▓▓▓▓▓▓▓▓▓▓▓▓▓▓▓▓███████▓
       █████▓▓▒                                                                ▒▓▓█████
       ███▓▒                                                                      ▒▓███
       ██▓                                                                          ▓██
       █                                                                              █
       ▼                                                                              ▼ 
                

                 
                Our 26th NDS game.  Why is it 95% of NDS games suck?
                Too many bullshit games.  What next....Tic Tac Toe deluxe?
                Or....My Sister's Uncle's Pony Farm IV??  
                 
                Looking for .jp console site.

                 
                
               
       ▲                                                                              ▲
       █                                                                              █
       ██▓                                                                          ▓██
       ███▓▒                                                                      ▒▓███
       █████▓▓▒                                                                ▒▓▓█████
       ▓███████▓▓▓▓▓▓▓▓▓▓▓▓▓▓▓▓▓▓▓▓▓▓▓▓▓▓▓▓▓▓▓▓▓▓▓▓▓▓▓▓▓▓▓▓▓▓▓▓▓▓▓▓▓▓▓▓▓▓▓▓▓▓▓▓███████▓
        ▓████████████████████████████████████████████████████████████████████████████▓
          ▓████████████████████████████░░░░░░░░░░░░░░░░░█████████████████████████████▓
         ▓████████████████████████████░░  Group Info   ░░███████████████████████████▓
        ▓████████████████████████████████████████████████████████████████████████████▓
       ▓███████▓▓▓▓▓▓▓▓▓▓▓▓▓▓▓▓▓▓▓▓▓▓▓▓▓▓▓▓▓▓▓▓▓▓▓▓▓▓▓▓▓▓▓▓▓▓▓▓▓▓▓▓▓▓▓▓▓▓▓▓▓▓▓▓███████▓
       █████▓▓▒                                                                ▒▓▓█████
       ███▓▒                        WE ARE THE MICRONAUTS.                        ▒▓███
       ██▓                                                                          ▓██
       ██░                                                                          ░██
       ██                                                                            ██
       ██                                                                            ██
       ██░                                                                          ░██
       ██▓                                                                          ▓██
       ███▓▒                                                                      ▒▓███
       ▓████▓▒                                                                  ▒▓████▓
        ▓█████▓▓▒                                                             ▒▓▓█████▓
         ▓███████▓▓▓▒▒                                                   ▒▒▓▓▓███████▓
          ▓███████████▓▓▓▓▓▓▒▒▒▒  ☻ no email anymore sorry  ☻  ▒▒▒▒▓▓▓▓▓▓███████████▓
           ▓████████████████████▓▓▓▓▓▓▓▓▓▓▓▓▓▓▓▓▓▓▓▓▓▓▓▓▓▓▓▓▓▓████████████████████▓
                                ██████████████████████████████
                                 ▓▓▓▓▓▓▓▓▓▓▓▓▓▓▓▓▓▓▓▓▓▓▓▓▓▓▓▓
                                  ▒▒▒▒▒▒▒▒▒▒▒▒▒▒▒▒▒▒▒▒▒▒▒▒▒▒
                                   ░░░░░░░░░░░░░░░░░░░░░░░░
                                    ▀▀▀▀▀▀▀▀▀▀▀▀▀▀▀▀▀▀▀▀▀▀
                                     ▄▄▄▄▄▄▄▄▄▄▄▄▄▄▄▄▄▄▄▄
                                      ██████████████████
                                       ▓▓▓▓▓▓▓▓▓▓▓▓▓▓▓▓
                                        ▒▒▒▒▒▒▒▒▒▒▒▒▒▒
                                         ░░░░░░░░░░░░
                                          ▀▀▀▀▀▀▀▀▀▀
                                           ▄▄▄▄▄▄▄▄
                                            ██████
                                             ▓▓▒▓
                                              ██
                                              ▼▼
