                                      ▄▄▄▄▄▄▄                                   
                         ▄█████████▄▄██▀▀▀▀▀███▄▄██████▄                        
                      ▄███▀   ▄▄▄ ▀██▀ ▄███▄▄▄ ▀▀ ▄▄  ▀██▄                      
                    ▄██▀ ▄▄██████▓▒  ▄█████████ ▐█████▄ ▀██▄                    
                  ▄██▀ ▄██████████▓▒▐███████████████████▄ ▀██▄                  
                ▄██▀ ▄█████████████▓████████████▓█████████▄ ▀██▄                
              ▄██▀ ▄███████▀  ▀██████████████████▓░▓▓███████▄ ▀██▄   h8`!HoA    
             ▐█▀ ▄███████▀      ██████████████████░  ▒▓███████▄ ▀█▌             
       ▄██▄  ▐█ █████████▌     ▐██████▀  █████████▓░  ▐█████████ █▌▄ ▄█▒▄       
      ▐████▄█▌██ ████▀████▌   ▄██████▌   ▐████████▒░ ▐████▀ ▀██ ▐█▐█████▓▌      
       ███▓███ ██ ▀▀  ▀████▄█████▓███     ████████▓░▐████ ▐█▄▄ ▄█▌▀█▀████     
        ▀▒▀ ▀  ▀██████▄ ███████▓▒░███    ▐████████▓░████ ▄█▀▀███▀     ▀▀ ▄████▄▄
    ▄▄▄▄▄▄▄       ▄▄█▀▀  ████▓▒░  ███▌  ▄████████▓▒▐███  ▀██▄▄       ▄███▀▀  ▀▀█
▄████▀▀▀▀▀███▄▄▄▄██▀▀ ░░  ███▌ ▄█ ██████████████▓░▐███  ░░ ▀▀██▄▄▄▄███▀  ▓▓▓▓▓▓ 
█▀   ▓▓▓▓▓  ▀▀▀▀▀▀  ▒▒░░░  ███ ▐█▌▐████████████▓▒░███  ░░░▒▒  ▀▀▀▀▀▀   ▓▓▓ ▓▓▓▓▓
 ▓▓▓▓▓▓▓▓▓▓▓▓▓▓▓▒▒▒▒▒▒▒░ ▄▌▐███ █▌▐███████████▓▒░▐██▌▐▄  ▒▒▒▒▒▒▒▓▓▓▓▓▓▓▓▓▓▓▓▓▓▓▓
▓▓ ▓▓▓▓▓▓ ▓▓▓▓▓▓ ▒▒▒▒  ▄███ ███▌▐█ ██████████▓▒░░███ ███▄  ▒▒ ▒▓▓▓ ▓▓▓▓▓▓▓▓▓▓▓▓▓
▓▓▓▓▓▓▓▓▓▓▓▓▓▓▓▓▓▒▒ ▄███▀ █▌▐██▌▐█▌ ███████▓▒░░ ▐██▌▐█ ▀███▄ ▒▒▓▓▓▓▓▓▓▓ ▓▓▓▓▓▓ ▓
▓▓▓▓▓▓ ▓▓▓▓▓    ▄▄▄██▀  ▄▄▐█ ▀▀ ███▄ ▀██▓▒░░░ ▄█ ▀▀ █▌▄▄  ▀██▄▄▄ ▓▓▓▓▓▓▓▓▓▓▓▓▓▓▓
 ▓▓▓▓▓▓▓  ▄▄▄████▀▀▀ ▄███████████████▄▄▄▄▄▄▄██████████████▄ ▀▀▀██▄▄▄   ▓▓▓▓▓▓▓▓▓
▓▓▓▓▓  ▄▄██▀▀▀   ▄████████████████████████████████████████████▄ ▀▀▀███▄▄▄   ▓▓▓▓
▓   ▄▄██▀▀ ▄▄███████████████▀▀▀▀▀▀▀           ▀▀▀▀▀▀██████████████▄▄ ▀▀████▄   ▓
 ▄███▀▀ ▄█████████████▀▀                                ▀▀████████████▄▄ ▀▀███▄ 
██▀  ▄████████████▀        . Pirates of The Theatre .        ▀████████████▄  ▀██
█  ▄██████████▀▀                 . bring you .                  ▀▀██████████▄  █
▌ █████████▀                                                        ▀█████████ ▐
 ▐██████▀       ◄──────────────────────────────────────────────►       ▀██████▌ 
 ██████▌                     Shall.We.Dance.CAM-POT                     ▐██████ 
 ▐██████   ▄▄   ◄──────────────────────────────────────────────►   ▄▄   ██████▌ 
  ███████▄▄███▄                                                  ▄███▄▄███████  
▌  █████████████▄                                              ▄█████████████  ▐
█   ▀███████████▀    ` MOViE NAME...[ Forgotten               ▀███████████▀   █
██▄    ▀▀▀▀███▀      ` CiNEMA DATE..[ 10/15/2004                 ▀███▀▀▀▀    ▄██
████▄▄     ▀▀        ` RELEASE DATE.[ 09/30/2004                   ▀▀     ▄▄████
▓███████▄            ` FORMAT.......[ NTSC VCD                         ▄███████▓
▓▓▓██████▌           ` RiPPER.......[ POT                             ▐██████▓▓▓
░▒▓▓▓▓▓███           ` iMDB RATiNG..[ Awaiting 5 Votes                ███▓▓▓▓▓▒░
   ░░▒▓▓██           ` RLS.TYPE.....[ CAMERA                          ██▓▓▒░░   
░░    ░▓██           ` RUNTiME......[ 100 mins                        ██▓░    ░░
░░░░░  ▓██           ` RAR COUNT....[ CD1/38                          ██▓  ░░░░░
░░░░░░ ▓██                            CD2/33                          ██▓ ░░░░░░
░░░░░░ ▓██                                                            ██▓ ░░░░░░
░░░░░░ ▓██           ` iMDB LiNK....:                                 ██▓ ░░░░░░
░░░░░░ ▓██                                                            ██▓ ░░░░░░
░░░░░░ ▓██             http://www.imdb.com/title/tt0358135/           ██▓ ░░░░░░
░░░░░░ ▓██                                                            ██▓ ░░░░░░
░░░░░░ ▓██                      ░             ░                       ██▓ ░░░░░░
░░░░░░ ▓██                      ░░           ░░                       ██▓ ░░░░░░
░░░░░░ ▓██                       ░░░       ░░░                        ██▓ ░░░░░░
░░░░░░ ▓██                        ░░░░░ ░░░░░                         ██▓ ░░░░░░
░░░░░░ ▓██                          ░░░░░░░                           ██▓ ░░░░░░
░░░░░░ ▓██                   ▓▓   ░░░░░░░░░░░   ▓▓                    ██▓ ░░░░░░
░░░░░░ ▓██                    ▓░░░░░░░   ░░░░░░░▓                     ██▓ ░░░░░░
░░░░░░ ▓██▌                ▄▄█▓▓░░           ░░▓▓█▄▄                 ▐██▓ ░░░░░░
░░░░░░ ▓▓█▌              ▄█████▓▓             ▓▓█████▄               ▐█▓▓ ░░░░░░
░░░░░░ ▐▓██▌             ▀██▀▀  ▓▓           ▓▓  ▀▀██▀              ▐██▓▌ ░░░░░░
░░░░░░ █▓▓███▄        ◄─────────────────────────────────►         ▄███▓▓█ ░░░░░░
░░░░░░▐██▓▓███▌                   MOViE iNFO                     ▐███▓▓██▌░░░░░░
░░░░░░ █▓▓███▀        ◄─────────────────────────────────►         ▀███▓▓█ ░░░░░░
░░░░░░ ▐▓██▌                                                        ▐██▓▌ ░░░░░░
░░░░░░ ▓▓█▌                                                          ▐█▓▓ ░░░░░░
░░░░░░ ▓██▌                                                          ▐██▓ ░░░░░░
░░░░░░ ▓██                       SEE IMDB Link                        ██▓ ░░░░░░
░░░░░░ ▓██                                                            ██▓ ░░░░░░
░░░░░░ ▓██                                                            ██▓ ░░░░░░
░░░░░░ ▓██▌                                                          ▐██▓ ░░░░░░
░░░░░░ ▓▓█▌                                                          ▐█▓▓ ░░░░░░
░░░░░░ ▐▓██▌                                                        ▐██▓▌ ░░░░░░
░░░░░░ █▓▓███▄                 ◄───────────────►                  ▄███▓▓█ ░░░░░░
░░░░░░▐██▓▓███▌                      NOTES                       ▐███▓▓██▌░░░░░░
░░░░░░ █▓▓███▀                 ◄───────────────►                  ▀███▓▓█ ░░░░░░
░░░░░░ ▐▓██▌                                                        ▐██▓▌ ░░░░░░
░░░░░░ ▓▓█▌                                                          ▐█▓▓ ░░░░░░
░░░░░░ ▓██▌                                                          ▐██▓ ░░░░░░
░░░░░░ ▓██   15 days pre theatre, here ya go give the women in your   ██▓ ░░░░░░
░░░░░░ ▓██                    life an early treat                     ██▓ ░░░░░░
░░░░░░ ▓██                                                            ██▓ ░░░░░░
░░░░░░ ▓██                                                            ██▓ ░░░░░░
░░░░░░ ▓██                      ░             ░                       ██▓ ░░░░░░
░░░░░░ ▓██                      ░░           ░░                       ██▓ ░░░░░░
░░░░░░ ▓██                       ░░░       ░░░                        ██▓ ░░░░░░
░░░░░░ ▓██                        ░░░░░ ░░░░░                         ██▓ ░░░░░░
░░░░░░ ▓██                          ░░░░░░░                           ██▓ ░░░░░░
░░░░░░ ▓██                   ▓▓   ░░░░░░░░░░░   ▓▓                    ██▓ ░░░░░░
░░░░░░ ▓██                    ▓░░░░░░░   ░░░░░░░▓                     ██▓ ░░░░░░
░░░░░░ ▓██▌                ▄▄█▓▓░░           ░░▓▓█▄▄                 ▐██▓ ░░░░░░
░░░░░░ ▓▓█▌              ▄█████▓▓             ▓▓█████▄               ▐█▓▓ ░░░░░░
░░░░░░ ▐▓██▌             ▀██▀▀  ▓▓           ▓▓  ▀▀██▀              ▐██▓▌ ░░░░░░
░░░░░░ █▓▓███▄        ◄─────────────────────────────────►         ▄███▓▓█ ░░░░░░
░░░░░░▐██▓▓███▌                    GROUP INFO                    ▐███▓▓██▌░░░░░░
░░░░░░ █▓▓███▀        ◄─────────────────────────────────►         ▀███▓▓█ ░░░░░░
░░░░░░ ▐▓██▌                                                        ▐██▓▌ ░░░░░░
░░░░░░ ▓▓█▌                                                          ▐█▓▓ ░░░░░░
░░░░░░ ▓██                                                            ██▓ ░░░░░░
░░░░░░ ▓██   We Are Currently looking for...:                         ██▓ ░░░░░░
░░░░░░ ▓██                                                            ██▓ ░░░░░░
░░░░░░ ▓██   Love                                                     ██▓ ░░░░░░
░░░░░░ ▓██                                                            ██▓ ░░░░░░
░░░░░░ ▓██   WE ARE REORGANISING GRP LOOK FOR UPDATE WITH OUR NEXT    ██▓ ░░░░░░
░░░░░░ ▓██   RLS                                                      ██▓ ░░░░░░
░░░░░░ ▓██                       Contact Us @                         ██▓ ░░░░░░
░░░░░░ ▓██                        COMINGSOON                          ██▓ ░░░░░░
░░░░░░ ▓██                                                            ██▓ ░░░░░░
░░░░░░ ▓██   IF SOMEONE SAYS THEY ARE WITH POT THEY MEAN PAT!         ██▓ ░░░░░░
░░░░░░ ▓██                                                            ██▓ ░░░░░░
░░░░░░ ▓██   WE WILL NOT TELL YOU HOW TO GET OUR MOVIES READ CNN      ██▓ ░░░░░░
░░░░░░ ▓██                                                            ██▓ ░░░░░░
░░░░░░ ▓██   WE DO NOT FILL MISSING RARS..THEY USUALLY COME BACK      ██▓ ░░░░░░
░░░░░░ ▓██   WITHIN 24 HOURS                                          ██▓ ░░░░░░
░░░░░░ ▓██                                                            ██▓ ░░░░░░
░░░░░░ ▓██   WE DO NOT NEED CURRYS. DOES ANYONE???                    ██▓ ░░░░░░
░░░░░░ ▓██                                                            ██▓ ░░░░░░
░░░░░░ ▓██   CANT PLAY THE MOVIE? TURN POWER OFF THEN SELL UR PC      ██▓ ░░░░░░
░░░░░░ ▓██   IF ITS UR DVD PLAYER GO BUY A CHEAPER ONE :p             ██▓ ░░░░░░
░░░░░░ ▓██                                                            ██▓ ░░░░░░
░░░░░  ▓██                                                            ██▓  ░░░░░
░░    ░▓██                                                            ██▓░    ░░
   ░░▒▓▓██                                                            ██▓▓▒░░   
░▒▓▓▓▓▓███                                                            ███▓▓▓▓▓▒░
▓▓▓██████▌                                                            ▐██████▓▓▓
▓███████▀  ▄▄          ◄────────────────────────────────►          ▄▄  ▀███████▓
████▀▀ ▄▄▄▄███▄                      GREETS                      ▄███▄▄▄▄ ▀▀████
██▀ ▄███████████▄      ◄────────────────────────────────►      ▄███████████▄ ▀██
█  █████████████▀                                              ▀█████████████  █
▌ ███████▀▀███▀         iMPERiAL - MPT - VideoCD - Wastedtime    ▀███▀▀███████ ▐
 ▐██████   ▀▀           FLAiR - DiMiTRY - T4L  - Centropy          ▀▀   ██████▌ 
 ██████▌                                                                ▐██████ 
 ▐██████▄         And to those who helped make this release happen.    ▄██████▌ 
▌ ████████▄▄                                                        ▄▄████████ ▐
█  ███████████▄▄                                                ▄▄███████████  █
██▄  ▀████████████▄▄                nfo by                  ▄▄████████████▀  ▄██
 ▀███▄▄ ▀█████████████▄▄        h8`!HiGHONASCii         ▄▄█████████████▀ ▄▄███▀ 
    ▀▀██▄▄ ▀▀███████████████▄▄▄▄               ▄▄▄▄▄███████████████▀▀ ▄▄██▀▀    
       ▀▀██▄▄▄ ▀████████████████████████████████████████████████▀ ▄▄▄██▀▀       
          ▀▀▀██▄▄ ▀▀▀██████████████████████████████████████▀▀▀ ▄▄██▀▀▀          
               ▀████▄▄ ▀▀██████████████████████████████▀▀ ▄▄████▀  last updated 
                   ▀▀███▄▄▄ ▀▀▀▀▀▀████████████▀▀▀▀▀▀ ▄▄▄███▀▀        °5/1°/°4   
                       ▀▀▀██████▄▄▄▄▄▄▄▄▄▄▄▄▄▄▄▄██████▀▀▀                       
                               ▀▀▀▀▀▀▀▀▀▀▀▀▀▀▀▀▀▀
