ÔĽŅ  
                                           
                                           
                                           
                                     ‚Ėą‚Ėą‚ĖĎ‚Ėą‚Ėą                                     
                                   ‚Ėą‚Ėą‚Ėď‚ĖďA‚Ėď‚Ėą‚Ėą‚Ėą                                   
                                 ‚Ėą‚Ėą‚Ėď‚Ėď‚Ėď‚ĖďS‚Ėď‚Ėą‚Ėď‚Ėď‚Ėą‚Ėą                                 
                               ‚Ėą‚Ėą‚Ėď‚Ėď‚Ėď‚Ėď‚Ėď‚ĖďC‚Ėď‚Ėą‚Ėď‚Ėď‚Ėď‚Ėď‚Ėą‚Ėą                               
                              ‚Ėą‚Ėď‚Ėď‚Ėď‚Ėď‚Ėď‚Ėď‚Ėď‚ĖďI‚Ėď‚Ėą‚Ėď‚Ėď‚Ėď‚Ėď‚Ėď‚Ėď‚Ėą                              
                              ‚Ėą‚Ėď‚Ėď‚Ėď‚Ėď‚Ėď‚Ėď‚Ėď‚ĖďI‚Ėď‚Ėą‚Ėď‚Ėď‚Ėď‚Ėď‚Ėď‚Ėď‚Ėą                              
                              ‚Ėą‚Ėď‚Ėď‚Ėď‚Ėď‚Ėď‚Ėď‚Ėď‚Ėď‚ĖĎ‚Ėď‚Ėą‚Ėď‚Ėď‚Ėď‚Ėď‚Ėď‚Ėď‚Ėą                              
                              ‚Ėą‚Ėď‚Ėď‚Ėď‚Ėď‚Ėď‚Ėď‚Ėď‚ĖďB‚Ėď‚Ėą‚Ėď‚Ėď‚Ėď‚Ėď‚Ėď‚Ėď‚Ėą                              
                              ‚Ėą‚Ėď‚Ėď‚Ėď‚Ėď‚Ėď‚Ėď‚Ėď‚ĖďY‚Ėď‚Ėą‚Ėď‚Ėď‚Ėď‚Ėď‚Ėď‚Ėď‚Ėą                               
                              ‚Ėą‚Ėą‚Ėą‚Ėą‚Ėą‚Ėą‚Ėą‚Ėą‚Ėą‚ĖĎ‚Ėď‚Ėą‚Ėď‚Ėď‚Ėď‚Ėď‚Ėď‚Ėď‚Ėą                               
                          ‚Ėą‚Ėą  ‚Ėą‚Ėą      ‚Ėą‚Ėą‚Ėď‚Ėą‚Ėď‚Ėą‚Ėą‚Ėą‚Ėą‚Ėą‚Ėą‚Ėą‚Ėą           ‚Ėą‚Ėą‚Ėą‚Ėą‚Ėą             
             ‚Ėą‚Ėą‚Ėą‚Ėą‚Ėą‚Ėą‚Ėą‚Ėą‚Ėą    ‚Ėą‚Ėą  ‚Ėą ‚Ėą‚Ėą‚Ėą‚Ėą‚Ėą ‚Ėą ‚Ėą‚Ėą‚Ėą        ‚Ėą‚Ėą       ‚Ėą‚Ėą‚Ėą   ‚Ėą             
‚Ėą            ‚Ėą‚Ėď‚Ėď‚Ėď‚Ėď‚Ėď‚Ėď‚Ėď‚Ėą‚Ėą   ‚Ėą ‚Ėą ‚Ėą ‚Ėą‚Ėď‚Ėď‚Ėą  ‚Ėą‚Ėą‚Ėą  ‚Ėą‚Ėą‚Ėą‚Ėą‚Ėą‚Ėą‚Ėą‚Ėą ‚Ėą     ‚Ėą‚Ėą‚Ėą‚Ėą                 ‚Ėą
‚Ėą‚Ėą‚Ėą          ‚Ėą‚Ėď‚ĖĎ‚ĖĎ‚Ėą‚Ėą‚Ėą‚Ėď‚Ėą‚Ėď‚Ėą  ‚Ėą ‚Ėą ‚Ėą ‚Ėą‚Ėď‚Ėą  ‚Ėą‚ĖąC‚Ėą ‚Ėą‚Ėď‚Ėď‚Ėď‚Ėď‚Ėď‚Ėą‚Ėą ‚Ėą‚Ėą    ‚Ėą ‚Ėą ‚Ėą‚Ėą‚Ėą‚Ėą‚Ėą           ‚Ėą‚Ėą‚Ėą
‚Ėď‚ĖĎ‚Ėą‚Ėą‚Ėą        ‚Ėą‚Ėď‚ĖĎ‚ĖĎ‚Ėą ‚Ėą‚Ėą‚Ėą‚Ėď‚Ėď‚Ėą ‚Ėą ‚Ėą‚Ėą‚Ėą ‚Ėą‚Ėą  ‚Ėą‚Ėď‚ĖďY‚Ėą ‚Ėą‚ēē2011‚Ėą ‚Ėą‚Ėą    ‚Ėą ‚Ėą  ‚Ėą‚Ėď‚Ėď‚Ėď‚Ėą‚Ėą‚Ėą ‚Ėą     ‚Ėą‚Ėą‚Ėą‚ĖĎ‚Ėď
‚Ėď‚ĖĎ‚ĖĎ‚ĖĎ‚Ėď‚Ėą‚Ėą‚Ėą     ‚Ėą‚Ėď‚ĖĎ‚ĖĎ‚Ėą  ‚Ėą‚Ėą‚Ėď‚Ėď‚Ėą ‚Ėą ‚Ėą‚Ėď‚Ėą ‚Ėą  ‚Ėą‚Ėď‚Ėď‚ĖďN‚Ėą ‚Ėą‚Ėď‚Ėď‚Ėď‚Ėď‚Ėď ‚Ėą‚Ėą‚Ėą   ‚Ėą ‚Ėą   ‚Ėą‚Ėď‚Ėď‚Ėď‚Ėą‚ĖĎ‚Ėą‚Ėą‚Ėą  ‚Ėą‚Ėą‚Ėą‚Ėą‚ĖĎ‚ĖĎ‚ĖĎ‚Ėď
‚Ėď‚ĖĎ‚ĖĎ‚ĖĎ‚ĖĎ‚Ėď‚Ėď‚Ėď‚Ėą‚Ėą‚Ėą‚Ėą‚Ėą‚Ėą‚Ėď‚ĖĎ‚ĖĎ‚Ėą ‚Ėą ‚Ėą‚Ėą‚Ėď‚Ėą ‚Ėą ‚Ėą‚Ėď‚Ėą ‚Ėą‚Ėą‚Ėą‚Ėď‚Ėď‚Ėď‚ĖďI‚Ėą ‚Ėą‚Ėą‚Ėą‚Ėą‚Ėą ‚Ėą‚Ėą‚Ėą‚Ėą‚Ėą  ‚Ėą ‚Ėą   ‚Ėą‚Ėď‚Ėď‚Ėď‚Ėą‚Ėą‚Ėą ‚Ėą‚Ėą‚Ėą‚Ėď‚Ėď‚Ėď‚ĖĎ‚ĖĎ‚ĖĎ‚ĖĎ‚Ėď
‚Ėď‚ĖĎ‚ĖĎ‚ĖĎ‚ĖĎ‚ĖĎ‚Ėď‚Ėď‚Ėď‚Ėď‚Ėą‚Ėď‚Ėď‚Ėą‚Ėď‚ĖĎ‚ĖĎ‚Ėą ‚Ėą‚Ėą ‚Ėą‚Ėą‚Ėą‚Ėą‚Ėą ‚Ėą‚Ėď‚Ėą ‚Ėą‚Ėď‚Ėď‚Ėď‚Ėď‚Ėď‚ĖďC‚Ėą       ‚Ėą‚Ėď‚Ėą‚Ėď‚Ėą‚Ėą‚Ėą‚Ėą ‚Ėą‚Ėą‚Ėą‚Ėą‚Ėą‚Ėď‚Ėď‚Ėą‚Ėą‚Ėą ‚Ėą‚Ėą‚Ėą‚Ėď‚Ėď‚Ėď‚ĖĎ‚ĖĎ‚ĖĎ‚ĖĎ‚ĖĎ‚Ėď
‚Ėď‚ĖĎ‚ĖĎ‚ĖĎ‚ĖĎ‚ĖĎ‚Ėď‚Ėď‚Ėď‚Ėď‚Ėą‚Ėď‚Ėď‚Ėą‚Ėď‚ĖĎ‚ĖĎ‚Ėą ‚Ėą‚Ėď‚Ėą  ‚Ėą‚Ėą  ‚Ėą‚Ėď‚Ėą ‚Ėą‚Ėď‚Ėď‚Ėď‚Ėď‚Ėď‚Ėď‚ĖĎ‚Ėą ‚Ėą‚Ėą‚Ėą‚Ėą‚Ėą ‚Ėą‚Ėď‚Ėą‚Ėď‚Ėą‚Ėď‚Ėď‚Ėą ‚Ėą‚Ėą‚Ėď‚Ėď‚Ėą‚Ėď‚Ėą‚Ėą  ‚Ėą‚Ėą ‚Ėą‚Ėď‚Ėď‚Ėď‚ĖĎ‚ĖĎ‚ĖĎ‚ĖĎ‚ĖĎ‚Ėď
‚Ėď‚ĖĎ‚ĖĎ‚ĖĎ‚ĖĎ‚ĖĎ‚Ėď‚Ėď‚Ėď‚Ėď‚Ėą‚Ėď‚Ėď‚Ėą‚Ėď‚ĖĎ‚ĖĎ‚Ėą ‚Ėą‚Ėď‚Ėą‚Ėą‚Ėą   ‚Ėą‚Ėą‚Ėď‚Ėą ‚Ėą‚Ėď‚Ėď‚Ėď‚Ėď‚Ėď‚Ėď‚ĖĎ‚Ėą ‚Ėą‚Ėď‚Ėď‚Ėď‚Ėą‚Ėą   ‚Ėą‚Ėą‚Ėą‚Ėď‚Ėą‚Ėą ‚Ėą‚Ėą‚Ėą‚Ėą‚Ėą‚Ėą  ‚Ėą‚Ėą‚Ėą ‚Ėą‚Ėď‚Ėď‚Ėď‚ĖĎ‚ĖĎ‚ĖĎ‚ĖĎ‚ĖĎ‚Ėď
‚Ėď‚ĖĎ‚ĖĎ‚ĖĎ‚ĖĎ‚ĖĎ‚Ėď‚Ėď‚Ėď‚Ėď‚Ėą‚Ėď‚Ėď‚Ėą‚Ėď‚ĖĎ‚ĖĎ‚Ėą‚Ėą‚Ėą‚Ėď‚Ėą‚Ėď‚Ėď‚Ėą‚Ėą‚Ėą‚Ėą‚Ėď‚Ėď‚Ėą ‚Ėą‚Ėď‚Ėď‚Ėď‚Ėď‚Ėď‚Ėď‚ĖĎ‚Ėą‚Ėą‚Ėą‚Ėď‚Ėď‚Ėď‚Ėď‚Ėą‚Ėą‚Ėą‚Ėą‚Ėą‚Ėą‚Ėď‚Ėď‚Ėď‚Ėď‚Ėą      ‚Ėą‚Ėą‚ĖĎ‚ĖĎ‚Ėą ‚Ėą‚Ėď‚Ėď‚Ėď‚ĖĎ‚ĖĎ‚ĖĎ‚ĖĎ‚ĖĎ‚Ėď
‚Ėď‚ĖĎ‚ĖĎ‚ĖĎ‚ĖĎ‚ĖĎ‚Ėď‚Ėď‚Ėď‚Ėď‚Ėą‚Ėď‚Ėď‚Ėą‚Ėď‚ĖĎ‚ĖĎ‚Ėď‚ĖĎ‚ĖĎ‚Ėď‚Ėą‚Ėď‚Ėď‚Ėą‚Ėď‚Ėď‚Ėą‚Ėď‚Ėď‚Ėą‚Ėą‚Ėą‚Ėď‚Ėď‚Ėď‚Ėď‚Ėď‚Ėď‚ĖĎ‚Ėď‚Ėą‚Ėď‚Ėď‚Ėď‚Ėď‚Ėď‚Ėď‚Ėą‚Ėď‚Ėą‚Ėď‚Ėą‚Ėď‚Ėď‚Ėď‚Ėď‚Ėď‚Ėą‚Ėą‚Ėą‚Ėą‚Ėą‚Ėą‚Ėď‚Ėą‚ĖĎ‚ĖĎ‚Ėą ‚Ėą‚Ėď‚Ėď‚Ėď‚ĖĎ‚ĖĎ‚ĖĎ‚ĖĎ‚ĖĎ‚Ėď
‚Ėď‚ĖĎ‚ĖĎ‚ĖĎ‚ĖĎ‚ĖĎ‚Ėď‚Ėď‚Ėď‚Ėď‚Ėą‚Ėď‚Ėď‚Ėą‚Ėď‚ĖĎ‚ĖĎ‚Ėď‚ĖĎ‚ĖĎ‚Ėď‚Ėą‚Ėď‚Ėď‚Ėą‚Ėď‚Ėď‚Ėą‚Ėď‚Ėď‚Ėą‚Ėď‚Ėď‚Ėď‚Ėď‚Ėď‚Ėď‚Ėď‚Ėď‚ĖĎ‚Ėď‚Ėą‚Ėď‚Ėď‚Ėď‚Ėď‚Ėď‚Ėď‚Ėą‚Ėď‚Ėą‚Ėď‚Ėą‚Ėď‚Ėď‚Ėď‚Ėď‚Ėď‚Ėď‚Ėď‚Ėď‚Ėą‚Ėď‚Ėď‚Ėď‚Ėą‚ĖĎ‚ĖĎ‚Ėą ‚Ėą‚Ėď‚Ėď‚Ėď‚ĖĎ‚ĖĎ‚ĖĎ‚ĖĎ‚ĖĎ‚Ėď
‚Ėď‚ĖĎ‚ĖĎ‚ĖĎ‚ĖĎ‚ĖĎ‚Ėď‚Ėď‚Ėď‚Ėď‚Ėą‚Ėď‚Ėď‚Ėą‚Ėď‚ĖĎ‚ĖĎ‚Ėď‚ĖĎ‚ĖĎ‚Ėď‚Ėą‚Ėď‚Ėď‚Ėą‚Ėď‚Ėď‚Ėą‚Ėď‚Ėď‚Ėą‚Ėď‚Ėď‚Ėď‚Ėď‚Ėď‚Ėď‚Ėď‚Ėď‚ĖĎ‚Ėď‚Ėą‚Ėď‚Ėď‚Ėď‚Ėď‚Ėď‚Ėď‚Ėą‚Ėď‚Ėą‚Ėď‚Ėą‚Ėď‚Ėď‚Ėď‚Ėď‚Ėď‚Ėď‚Ėď‚Ėď‚Ėą‚Ėď‚Ėď‚Ėď‚Ėą‚ĖĎ‚ĖĎ‚Ėą ‚Ėą‚Ėď‚Ėď‚Ėď‚ĖĎ‚ĖĎ‚ĖĎ‚ĖĎ‚ĖĎ‚Ėď
‚Ėď‚ĖĎ‚ĖĎ‚ĖĎ‚ĖĎ‚ĖĎ‚Ėď‚Ėď‚Ėď‚Ėď‚Ėą‚Ėď‚Ėď‚Ėą‚Ėď‚ĖĎ‚ĖĎ‚Ėď‚ĖĎ‚ĖĎ‚Ėď‚Ėą‚Ėď‚Ėď‚Ėą‚Ėď‚Ėď‚Ėą‚Ėď‚Ėď‚Ėą‚Ėď‚Ėď‚Ėď‚Ėď‚Ėď‚Ėď‚Ėď‚Ėď‚ĖĎ‚Ėď‚Ėą‚Ėď‚Ėď‚Ėď‚Ėď‚Ėď‚Ėď‚Ėą‚Ėď‚Ėą‚Ėď‚Ėą‚Ėď‚Ėď‚Ėď‚Ėď‚Ėď‚Ėď‚Ėď‚Ėď‚Ėą‚Ėď‚Ėď‚Ėď‚Ėą‚ĖĎ‚ĖĎ‚Ėą ‚Ėą‚Ėď‚Ėď‚Ėď‚ĖĎ‚ĖĎ‚ĖĎ‚ĖĎ‚ĖĎ‚Ėď
‚Ėď‚ĖĎ‚ĖĎ‚ĖĎ‚ĖĎ‚ĖĎ‚Ėď‚Ėď‚Ėď‚Ėď‚Ėą‚Ėď‚Ėď‚Ėą‚Ėď‚ĖĎ‚ĖĎ‚Ėď‚ĖĎ‚ĖĎ‚Ėď‚Ėą‚Ėď‚Ėď‚Ėą‚Ėď‚Ėď‚Ėą‚Ėď‚Ėď‚Ėą‚Ėď‚Ėď‚Ėď‚Ėď‚Ėď‚Ėď‚Ėď‚Ėď‚ĖĎ‚Ėď‚Ėą‚Ėď‚Ėď‚Ėď‚Ėď‚Ėď‚Ėď‚Ėą‚Ėď‚Ėą‚Ėď‚Ėą‚Ėď‚Ėď‚Ėď‚Ėď‚Ėď‚Ėď‚Ėď‚Ėď‚Ėą‚Ėď‚Ėď‚Ėď‚Ėą‚ĖĎ‚ĖĎ‚Ėą ‚Ėą‚Ėď‚Ėď‚Ėď‚ĖĎ‚ĖĎ‚ĖĎ‚ĖĎ‚ĖĎ‚Ėď                                                                                               
‚Ėď‚Ėď‚Ėď‚Ėď‚Ėď‚Ėď‚Ėď‚Ėď‚Ėď‚Ėď‚Ėą‚Ėď‚Ėď‚Ėą‚Ėď‚Ėą‚Ėą‚Ėą‚Ėą‚Ėą‚Ėą‚Ėą‚Ėą‚Ėą‚Ėą‚Ėą‚Ėą‚Ėą‚Ėą‚Ėą‚Ėą‚Ėą‚Ėą‚Ėą‚Ėą‚Ėą‚Ėą‚Ėą‚Ėą‚Ėą‚Ėą‚Ėą‚Ėą‚Ėą‚Ėą‚Ėą‚Ėą‚Ėą‚Ėą‚Ėą‚Ėą‚Ėą‚Ėą‚Ėą‚Ėą‚Ėą‚Ėą‚Ėą‚Ėą‚Ėą‚Ėą‚Ėą‚Ėą‚Ėą‚Ėą‚Ėą‚ĖĎ‚ĖĎ‚Ėą ‚Ėą‚Ėď‚Ėď‚Ėď‚Ėď‚Ėď‚Ėď‚Ėď‚Ėď‚Ėď                                                                                               
‚Ėď‚Ėď‚Ėď‚Ėď‚Ėď‚Ėď‚Ėď‚Ėď‚Ėď‚Ėď‚Ėą‚Ėą‚Ėą‚Ėą‚Ėą‚Ėą‚Ėą                                              ‚Ėą‚Ėą‚Ėą‚Ėą‚Ėą‚Ėą‚Ėą‚Ėď‚Ėď‚Ėď‚Ėď‚Ėď‚Ėď‚Ėď‚Ėď‚Ėď‚Ėď                                                                                               
‚Ėď‚Ėď‚Ėď‚Ėď‚Ėď‚Ėď‚Ėą‚Ėą‚Ėą‚Ėą‚Ėą                                                          ‚Ėą‚Ėą‚Ėą‚Ėą‚Ėą‚Ėď‚Ėď‚Ėď‚Ėď‚Ėď‚Ėď                                                                                               
‚Ėď‚Ėď‚Ėď‚Ėą‚Ėą‚Ėą        ‚Ėą‚Ėą‚Ėą‚Ėą‚Ėą‚Ėą ‚Ėą‚Ėą‚Ėą‚Ėą‚Ėą  ‚Ėą‚Ėą‚Ėą‚Ėą‚Ėą ‚Ėą‚Ėą‚Ėą‚Ėą‚Ėą‚Ėą ‚Ėą‚Ėą‚Ėą‚Ėą‚Ėą ‚Ėą‚Ėą‚Ėą‚Ėą‚Ėą ‚Ėą‚Ėą‚Ėą‚Ėą‚Ėą ‚Ėą‚Ėą‚Ėą‚Ėą‚Ėą‚Ėą         ‚Ėą‚Ėą‚Ėą‚Ėď‚Ėď‚Ėď                                                                                               
‚Ėď‚Ėą‚Ėą‚Ėą          ‚Ėą    ‚Ėą ‚Ėą   ‚Ėą  ‚Ėą     ‚Ėą      ‚Ėą     ‚Ėą   ‚Ėą   ‚Ėą   ‚Ėą                ‚Ėą‚Ėą‚Ėą‚Ėď                                                                                               
‚Ėą‚Ėą            ‚Ėą‚Ėą‚Ėą‚Ėą‚Ėą‚Ėą ‚Ėą‚Ėą‚Ėą‚Ėą‚Ėą‚Ėą ‚Ėą‚Ėą‚Ėą‚Ėą‚Ėą ‚Ėą‚Ėą‚Ėą‚Ėą‚Ėą‚Ėą ‚Ėą‚Ėą‚Ėą‚Ėą‚Ėą ‚Ėą‚Ėą  ‚Ėą   ‚Ėą‚Ėą  ‚Ėą‚Ėą‚Ėą‚Ėą‚Ėą‚Ėą             ‚Ėą‚Ėą                                                                                               
‚Ėą‚Ėď    ‚Ėą‚Ėď      ‚Ėą‚Ėą     ‚Ėą‚Ėą   ‚Ėą ‚Ėą‚Ėą        ‚Ėą‚Ėą ‚Ėą‚Ėą    ‚Ėą‚Ėą  ‚Ėą   ‚Ėą‚Ėą      ‚Ėą‚Ėą       ‚Ėď‚Ėą    ‚Ėď‚Ėą                                                                                               
‚Ėą‚Ėď   ‚Ėą‚Ėą‚Ėď      ‚Ėą‚Ėą     ‚Ėą‚Ėą   ‚Ėą ‚Ėą‚Ėą    ‚Ėą   ‚Ėą‚Ėą ‚Ėą‚Ėą    ‚Ėą‚Ėą  ‚Ėą   ‚Ėą‚Ėą  ‚Ėą   ‚Ėą‚Ėą       ‚Ėď‚Ėą‚Ėą   ‚Ėď‚Ėą                                                                                               
‚Ėą‚Ėď  ‚Ėą‚Ėą‚Ėď       ‚Ėą‚Ėą     ‚Ėą‚Ėą   ‚Ėą ‚Ėą‚Ėą‚Ėą‚Ėą‚Ėą ‚Ėą‚Ėą‚Ėą‚Ėą‚Ėą‚Ėą ‚Ėą‚Ėą‚Ėą‚Ėą‚Ėą ‚Ėą‚Ėą  ‚Ėą   ‚Ėą‚Ėą  ‚Ėą‚Ėą‚Ėą‚Ėą‚Ėą‚Ėą        ‚Ėď‚Ėą‚Ėą  ‚Ėď‚Ėą                                                                                               
‚Ėą‚Ėď‚ĖĎ‚Ėą‚Ėą‚Ėď‚ĖĎ                                                                  ‚ĖĎ‚Ėď‚Ėą‚Ėą‚ĖĎ‚Ėď‚Ėą                                                                                               
‚Ėą‚Ėď‚Ėą‚Ėą‚Ėď‚ĖĎ       ‚Ėą‚Ėą‚Ėą‚Ėą‚Ėą‚Ėą‚Ėą‚Ėą‚Ėą‚Ėą‚Ėą‚Ėą‚Ėą‚Ėą‚Ėą‚Ėą‚Ėą‚Ėą‚Ėą‚Ėą‚Ėą‚Ėą‚Ėą‚Ėą‚Ėą‚Ėą‚Ėą‚Ėą‚Ėą‚Ėą‚Ėą‚Ėą‚Ėą‚Ėą‚Ėą‚Ėą‚Ėą‚Ėą‚Ėą‚Ėą‚Ėą‚Ėą‚Ėą‚Ėą‚Ėą‚Ėą‚Ėą‚Ėą‚Ėą‚Ėą‚Ėą‚Ėą‚Ėą        ‚ĖĎ‚Ėď‚Ėą‚Ėą‚Ėď‚Ėą                                                                                               
‚Ėą‚Ėą‚Ėą‚Ėď‚ĖĎ                                                                      ‚ĖĎ‚Ėď‚Ėą‚Ėą‚Ėą                                                                                               
‚Ėą‚Ėą‚Ėą‚Ėď‚ĖĎ                                                                      ‚ĖĎ‚Ėď‚Ėą‚Ėą‚Ėą                                                                                               
‚Ėą‚Ėą‚Ėď‚ĖĎ                                                                        ‚ĖĎ‚Ėď‚Ėą‚Ėą                                                                                               
‚Ėą‚Ėą‚Ėď‚ĖĎ                                                                        ‚ĖĎ‚Ėď‚Ėą‚Ėą                                                                                               
‚Ėą‚Ėą‚Ėď‚ĖĎ                                                                        ‚ĖĎ‚Ėď‚Ėą‚Ėą                                                                                               
‚Ėą‚Ėą‚Ėď‚ĖĎ     ‚ēĒ‚ēź‚ēź‚ēź‚ēź‚ēź‚ēź‚ēź‚ēź‚ēź‚ēź‚ēź‚ēź‚ēź‚ēź‚ēź‚ēź‚ēź‚ēź‚ēź‚ēź‚ēź‚ēź‚ēź‚ēź‚ēź‚ēź‚ēź‚ēź‚ēź‚ēź‚ēź‚ēź‚ēź‚ēź‚ēź‚ēź‚ēź‚ēź‚ēź‚ēź‚ēź‚ēź‚ēź‚ēź‚ēź‚ēź‚ēź‚ēź‚ēź‚ēź‚ēź‚ēź‚ēź‚ēź‚ēź‚ēź‚ēź‚ēź‚ēź‚ēó      ‚ĖĎ‚Ėď‚Ėą‚Ėą                                                                                               
‚Ėą‚Ėą‚Ėď‚ĖĎ            _______  _______ _______ ___ _______ _______                ‚ĖĎ‚Ėď‚Ėą‚Ėą                                                                                               
‚Ėą‚Ėą‚Ėď‚ĖĎ           |   _   \|   _   |   _   |   |   _   |   _   |               ‚ĖĎ‚Ėď‚Ėą‚Ėą                                                                                               
‚Ėą‚Ėą‚Ėď‚ĖĎ           |‚Ėí  1   /|‚Ėí  1   |   1___|‚Ėí  |‚Ėí  1___|   1___|               ‚ĖĎ‚Ėď‚Ėą‚Ėą                                                                                               
‚Ėą‚Ėą‚Ėď‚ĖĎ           |‚Ėí  _   \|‚Ėí  _   |____   |‚Ėí  |‚Ėí  |___|____   |               ‚ĖĎ‚Ėď‚Ėą‚Ėą                                                                                               
‚Ėą‚Ėą‚Ėą‚Ėď‚ĖĎ          |‚Ėď  1    |‚Ėď  |   |‚Ėď  1   |‚Ėď  |‚Ėď  1   |‚Ėď  1   |              ‚ĖĎ‚Ėď‚Ėą‚Ėą‚Ėą                                                                                               
‚Ėą‚Ėą‚Ėą‚Ėď‚ĖĎ          |‚Ėď‚Ėď‚Ėí‚Ėí ‚ĖĎ  |‚Ėď‚Ėď‚ĖĎ|‚Ėí‚ĖĎ |‚Ėď‚Ėď‚Ėí‚Ėí ‚ĖĎ |‚Ėď‚Ėď‚ĖĎ|‚Ėď‚Ėď‚Ėí‚Ėí ‚ĖĎ |‚Ėď‚Ėď‚Ėí‚Ėí ‚ĖĎ |              ‚ĖĎ‚Ėď‚Ėą‚Ėą‚Ėą                                                                                               
‚Ėą‚Ėą‚Ėą‚Ėą‚Ėď‚ĖĎ         `-------'`--- ---`-------`---`-------`-------'             ‚ĖĎ‚Ėď‚Ėą‚Ėą‚Ėą‚Ėą                                                                                               
‚Ėą‚Ėą‚Ėą‚Ėą‚Ėą‚Ėď‚ĖĎ  ‚ēö‚ēź‚ēź‚ēź‚ēź‚ēź‚ēź‚ēź‚ēź‚ēź‚ēź‚ēź‚ēź‚ēź‚ēź‚ēź‚ēź‚ēź‚ēź‚ēź‚ēź‚ēź‚ēź‚ēź‚ēź‚ēź‚ēź‚ēź‚ēź‚ēź‚ēź‚ēź‚ēź‚ēź‚ēź‚ēź‚ēź‚ēź‚ēź‚ēź‚ēź‚ēź‚ēź‚ēź‚ēź‚ēź‚ēź‚ēź‚ēź‚ēź‚ēź‚ēź‚ēź‚ēź‚ēź‚ēź‚ēź‚ēź‚ēź‚ēź‚ēĚ   ‚ĖĎ‚Ėď‚Ėą‚Ėą‚Ėą‚Ėą‚Ėą                                                                                               
 ‚Ėą‚Ėą‚Ėą‚Ėą‚Ėď‚ĖĎ                                                                  ‚ĖĎ‚Ėď‚Ėą‚Ėą‚Ėą‚Ėą                                                                                                
 ‚Ėą‚Ėą‚Ėą‚Ėą‚Ėą‚Ėď‚ĖĎ                                                                ‚ĖĎ‚Ėď‚Ėą‚Ėą‚Ėą‚Ėą‚Ėą                                                                                                
  ‚Ėą‚Ėą‚Ėą‚Ėą‚Ėď‚ĖĎ  Movie Title .: GREETINGS TO THE DEVIL (2011)            ‚ĒĆ‚ĒÄ‚Ēź   ‚ĖĎ‚Ėď‚Ėą‚Ėą‚Ėą‚Ėą                                                                                                 
  ‚Ėą‚Ėą‚Ėą‚Ėą‚Ėą‚Ėď‚ĖĎ                                                       10‚Ēú ‚Ē§  ‚ĖĎ‚Ėď‚Ėą‚Ėą‚Ėą‚Ėą‚Ėą                                                                                                 
  ‚Ėą‚Ėą‚Ėą‚Ėą‚Ėą‚Ėď‚ĖĎ Release Date : 21/03/2012                              9‚Ēú ‚Ē§  ‚ĖĎ‚Ėď‚Ėą‚Ėą‚Ėą‚Ėą‚Ėą                                                                                                 
  ‚Ėą‚Ėą‚Ėą‚Ėą‚Ėą‚Ėą‚Ėď‚ĖĎRetail Date .: 24/02/2012                              8‚Ēú ‚Ē§ ‚ĖĎ‚Ėď‚Ėą‚Ėą‚Ėą‚Ėą‚Ėą‚Ėą                                                                                                 
  ‚Ėą‚Ėą‚Ėą‚Ėą‚Ėą‚Ėą‚Ėď‚ĖĎ                                                       7‚Ēú ‚Ē§ ‚ĖĎ‚Ėď‚Ėą‚Ėą‚Ėą‚Ėą‚Ėą‚Ėą                                                                                                 
 ‚Ėą‚Ėą‚Ėą‚Ėą‚Ėą‚Ėą‚Ėą‚Ėď‚ĖĎGenre .......: Thriller                                6‚Ēú ‚Ē§ ‚ĖĎ‚Ėď‚Ėą‚Ėą‚Ėą‚Ėą‚Ėą‚Ėą‚Ėą                                                                                                
‚Ėą‚Ėą‚Ėą‚Ėą‚Ėą‚Ėą‚Ėą‚Ėą‚Ėď‚ĖĎFSK .........: 16                                      5‚Ēú‚ĖĎ‚Ē§ ‚ĖĎ‚Ėď‚Ėą‚Ėą‚Ėą‚Ėą‚Ėą‚Ėą‚Ėą‚Ėą                                                                                               
‚Ėą‚Ėą‚Ėą‚Ėą‚Ėą‚Ėą‚Ėą‚Ėą‚Ėď‚ĖĎSize ........: 4.36 GB                                 4‚Ēú‚Ėí‚Ē§ ‚ĖĎ‚Ėď‚Ėą‚Ėą‚Ėą‚Ėą‚Ėą‚Ėą‚Ėą‚Ėą                                                                                               
‚Ėą‚Ėą‚Ėą‚Ėď‚ĖĎ‚Ėą‚Ėą‚Ėą‚Ėď‚ĖĎRuntime .....: 01:27:07                                3‚Ēú‚Ėď‚Ē§ ‚ĖĎ‚Ėď‚Ėą‚Ėą‚Ėą‚ĖĎ‚Ėď‚Ėą‚Ėą‚Ėą                                                                                               
‚Ėą‚Ėą‚Ėď‚ĖĎ ‚Ėą‚Ėą‚Ėą‚Ėď‚ĖĎIMDb Link ...: hxxp://www.imdb.com/title/tt1262415/    2‚Ēú‚Ėą‚Ē§ ‚ĖĎ‚Ėď‚Ėą‚Ėą‚Ėą ‚ĖĎ‚Ėď‚Ėą‚Ėą                                                                                               
‚Ėą‚Ėą‚Ėď‚ĖĎ ‚Ėą‚Ėą‚Ėď‚ĖĎ IMDb Rating  : 6.2/10                                  1‚Ēú‚Ėą‚Ē§  ‚ĖĎ‚Ėď‚Ėą‚Ėą ‚ĖĎ‚Ėď‚Ėą‚Ėą                                                                                               
‚Ėą‚Ėą‚Ėď‚ĖĎ ‚Ėą‚Ėą‚Ėď‚ĖĎ                                                         ‚ĒĒ‚ĒÄ‚Ēė  ‚ĖĎ‚Ėď‚Ėą‚Ėą ‚ĖĎ‚Ėď‚Ėą‚Ėą                                                                                               
‚Ėą‚Ėą‚Ėď‚ĖĎ‚Ėą‚Ėą‚Ėď‚ĖĎ ‚ēĒ‚ēź‚ēź‚ēź‚ēź‚ēź‚ēź‚ēź‚ēź‚ēź‚ēź‚ēź‚ēź‚ēź‚ēź‚ēź‚ēź‚ēź‚ēź‚ēź‚ēź‚ēź‚ēź‚ēź‚ēź‚ēź‚ēź‚ēź‚ēź‚ēź‚ēź‚ēź‚ēź‚ēź‚ēź‚ēź‚ēź‚ēź‚ēź‚ēź‚ēź‚ēź‚ēź‚ēź‚ēź‚ēź‚ēź‚ēź‚ēź‚ēź‚ēź‚ēź‚ēź‚ēź‚ēź‚ēź‚ēź‚ēź‚ēź‚ēź‚ēó  ‚ĖĎ‚Ėď‚Ėą‚Ėą‚ĖĎ‚Ėď‚Ėą‚Ėą                                                                                               
‚Ėą‚Ėą‚Ėď‚Ėą‚Ėą‚Ėď‚ĖĎ             ___ ___ ___ ______   _______ _______                 ‚ĖĎ‚Ėď‚Ėą‚Ėą‚Ėď‚Ėą‚Ėą                                                                                               
‚Ėą‚Ėą‚Ėď‚Ėą‚Ėď‚ĖĎ             |   Y   |   |   _  \ |   _   |   _   |                 ‚ĖĎ‚Ėď‚Ėą‚Ėď‚Ėą‚Ėą                                                                                               
‚Ėą‚Ėą‚Ėď‚ĖĎ               |‚Ėí  |   |‚Ėí  |‚Ėí  |   \|‚Ėí  1___|‚Ėí  |   |                   ‚ĖĎ‚Ėď‚Ėą‚Ėą                                                                                               
‚Ėą‚Ėą‚Ėď‚ĖĎ               |‚Ėí  |   |‚Ėí  |‚Ėí  |    |‚Ėí  __)_|‚Ėí  |   |                   ‚ĖĎ‚Ėď‚Ėą‚Ėą                                                                                               
‚Ėą‚Ėą‚Ėą‚Ėď‚ĖĎ              |‚Ėď  1   |‚Ėď  |‚Ėď  1    |‚Ėď  1   |‚Ėď  1   |                  ‚ĖĎ‚Ėď‚Ėą‚Ėą‚Ėą                                                                                               
‚Ėą‚Ėą‚Ėą‚Ėď‚ĖĎ               \‚Ėď‚Ėí‚Ėí ./|‚Ėď‚Ėď.|‚Ėď‚Ėď‚Ėí‚Ėí ‚ĖĎ /|‚Ėď‚Ėď‚Ėí‚Ėí ‚ĖĎ |‚Ėď‚Ėď‚Ėí‚Ėí ‚ĖĎ |                  ‚ĖĎ‚Ėď‚Ėą‚Ėą‚Ėą                                                                                               
‚Ėą‚Ėą‚Ėą‚Ėą‚Ėď‚ĖĎ               `---' `---`------' `-------`-------'                 ‚ĖĎ‚Ėď‚Ėą‚Ėą‚Ėą‚Ėą                                                                                               
‚Ėą‚Ėą‚Ėą‚Ėą‚Ėą‚Ėď‚ĖĎ  ‚ēö‚ēź‚ēź‚ēź‚ēź‚ēź‚ēź‚ēź‚ēź‚ēź‚ēź‚ēź‚ēź‚ēź‚ēź‚ēź‚ēź‚ēź‚ēź‚ēź‚ēź‚ēź‚ēź‚ēź‚ēź‚ēź‚ēź‚ēź‚ēź‚ēź‚ēź‚ēź‚ēź‚ēź‚ēź‚ēź‚ēź‚ēź‚ēź‚ēź‚ēź‚ēź‚ēź‚ēź‚ēź‚ēź‚ēź‚ēź‚ēź‚ēź‚ēź‚ēź‚ēź‚ēź‚ēź‚ēź‚ēź‚ēź‚ēź‚ēź‚ēĚ   ‚ĖĎ‚Ėď‚Ėą‚Ėą‚Ėą‚Ėą‚Ėą                                                                                               
 ‚Ėą‚Ėą‚Ėą‚Ėą‚Ėď‚ĖĎ                                                                  ‚ĖĎ‚Ėď‚Ėą‚Ėą‚Ėą‚Ėą                                                                                                
 ‚Ėą‚Ėą‚Ėą‚Ėą‚Ėą‚Ėď‚ĖĎ                                                                ‚ĖĎ‚Ėď‚Ėą‚Ėą‚Ėą‚Ėą‚Ėą                                                                                                
  ‚Ėą‚Ėą‚Ėą‚Ėą‚Ėď‚ĖĎ  Source ......: Retail DVD                                     ‚ĖĎ‚Ėď‚Ėą‚Ėą‚Ėą‚Ėą                                                                                                 
  ‚Ėą‚Ėą‚Ėą‚Ėą‚Ėą‚Ėď‚ĖĎ Format ......: DVD-R                                         ‚ĖĎ‚Ėď‚Ėą‚Ėą‚Ėą‚Ėą‚Ėą                                                                                                 
  ‚Ėą‚Ėą‚Ėą‚Ėą‚Ėą‚Ėď‚ĖĎ Codec .......: MPEG2/PAL/16:9                                ‚ĖĎ‚Ėď‚Ėą‚Ėą‚Ėą‚Ėą‚Ėą                                                                                                 
  ‚Ėą‚Ėą‚Ėą‚Ėą‚Ėą‚Ėą‚Ėď‚ĖĎResolution ..: 720 x 576                                    ‚ĖĎ‚Ėď‚Ėą‚Ėą‚Ėą‚Ėą‚Ėą‚Ėą                                                                                                 
  ‚Ėą‚Ėą‚Ėą‚Ėą‚Ėą‚Ėą‚Ėď‚ĖĎBitrate .....: 6900 kb/s                                    ‚ĖĎ‚Ėď‚Ėą‚Ėą‚Ėą‚Ėą‚Ėą‚Ėą                                                                                                 
 ‚Ėą‚Ėą‚Ėą‚Ėą‚Ėą‚Ėą‚Ėą‚Ėď‚ĖĎDetails .....:                                              ‚ĖĎ‚Ėď‚Ėą‚Ėą‚Ėą‚Ėą‚Ėą‚Ėą‚Ėą                                                                                                
‚Ėą‚Ėą‚Ėą‚Ėą‚Ėą‚Ėą‚Ėą‚Ėą‚Ėď‚ĖĎ                                                            ‚ĖĎ‚Ėď‚Ėą‚Ėą‚Ėą‚Ėą‚Ėą‚Ėą‚Ėą‚Ėą                                                                                               
‚Ėą‚Ėą‚Ėą‚Ėą‚Ėą‚Ėą‚Ėą‚Ėą‚Ėď‚ĖĎ                                                            ‚ĖĎ‚Ėď‚Ėą‚Ėą‚Ėą‚Ėą‚Ėą‚Ėą‚Ėą‚Ėą                                                                                               
‚Ėą‚Ėą‚Ėą‚Ėď‚ĖĎ‚Ėą‚Ėą‚Ėą‚Ėď‚ĖĎ‚ēź‚ēź‚ēź‚ēź‚ēź‚ēź‚ēź‚ēź‚ēź‚ēź‚ēź‚ēź‚ēź‚ēź‚ēź‚ēź‚ēź‚ēź‚ēź‚ēź‚ēź‚ēź‚ēź‚ēź‚ēź‚ēź‚ēź‚ēź‚ēź‚ēź‚ēź‚ēź‚ēź‚ēź‚ēź‚ēź‚ēź‚ēź‚ēź‚ēź‚ēź‚ēź‚ēź‚ēź‚ēź‚ēź‚ēź‚ēź‚ēź‚ēź‚ēź‚ēź‚ēź‚ēź‚ēź‚ēź‚ēź‚ēź‚ēź‚ēó‚ĖĎ‚Ėď‚Ėą‚Ėą‚Ėą‚ĖĎ‚Ėď‚Ėą‚Ėą‚Ėą                                                                                               
‚Ėą‚Ėą‚Ėď‚ĖĎ ‚Ėą‚Ėą‚Ėą‚Ėď‚ĖĎ          _______ ___ ___ ______   ___ _______              ‚ĖĎ‚Ėď‚Ėą‚Ėą‚Ėą ‚ĖĎ‚Ėď‚Ėą‚Ėą                                                                                               
‚Ėą‚Ėą‚Ėď‚ĖĎ ‚Ėą‚Ėą‚Ėď‚ĖĎ          |   _   |   Y   |   _  \ |   |   _   |              ‚ĖĎ‚Ėď‚Ėą‚Ėą ‚ĖĎ‚Ėď‚Ėą‚Ėą                                                                                               
‚Ėą‚Ėą‚Ėď‚ĖĎ ‚Ėą‚Ėą‚Ėď‚ĖĎ          |‚Ėí  1   |‚Ėí  |   |‚Ėí  |   \|‚Ėí  |‚Ėí  |   |              ‚ĖĎ‚Ėď‚Ėą‚Ėą ‚ĖĎ‚Ėď‚Ėą‚Ėą                                                                                               
‚Ėą‚Ėą‚Ėď‚ĖĎ‚Ėą‚Ėą‚Ėď‚ĖĎ           |‚Ėí  _   |‚Ėí  |   |‚Ėí  |    |‚Ėí  |‚Ėí  |   |               ‚ĖĎ‚Ėď‚Ėą‚Ėą‚ĖĎ‚Ėď‚Ėą‚Ėą                                                                                               
‚Ėą‚Ėą‚Ėď‚Ėą‚Ėą‚Ėď‚ĖĎ            |‚Ėď  |   |‚Ėď  1   |‚Ėď  1    |‚Ėď  |‚Ėď  1   |                ‚ĖĎ‚Ėď‚Ėą‚Ėą‚Ėď‚Ėą‚Ėą                                                                                               
‚Ėą‚Ėą‚Ėď‚Ėą‚Ėď‚ĖĎ             |‚Ėď‚Ėď‚ĖĎ|‚Ėď‚ĖĎ |‚Ėď‚Ėď‚Ėí‚Ėí ‚ĖĎ |‚Ėď‚Ėď‚Ėí‚Ėí ‚ĖĎ /|‚Ėď‚Ėď‚ĖĎ|‚Ėď‚Ėď‚Ėí‚Ėí ‚ĖĎ |                 ‚ĖĎ‚Ėď‚Ėą‚Ėď‚Ėą‚Ėą                                                                                               
‚Ėą‚Ėą‚Ėď‚ĖĎ               `--- ---`-------`------' `---`-------'                   ‚ĖĎ‚Ėď‚Ėą‚Ėą                                                                                               
‚Ėą‚Ėą‚Ėď‚ĖĎ     ‚ēö‚ēź‚ēź‚ēź‚ēź‚ēź‚ēź‚ēź‚ēź‚ēź‚ēź‚ēź‚ēź‚ēź‚ēź‚ēź‚ēź‚ēź‚ēź‚ēź‚ēź‚ēź‚ēź‚ēź‚ēź‚ēź‚ēź‚ēź‚ēź‚ēź‚ēź‚ēź‚ēź‚ēź‚ēź‚ēź‚ēź‚ēź‚ēź‚ēź‚ēź‚ēź‚ēź‚ēź‚ēź‚ēź‚ēź‚ēź‚ēź‚ēź‚ēź‚ēź‚ēź‚ēź‚ēź‚ēź‚ēź‚ēź‚ēź‚ēź‚ēĚ      ‚ĖĎ‚Ėď‚Ėą‚Ėą                                                                                               
‚Ėą‚Ėą‚Ėą‚Ėď‚ĖĎ                                                                      ‚ĖĎ‚Ėď‚Ėą‚Ėą‚Ėą                                                                                               
‚Ėą‚Ėą‚Ėą‚Ėď‚ĖĎ                                                                      ‚ĖĎ‚Ėď‚Ėą‚Ėą‚Ėą                                                                                               
‚Ėą‚Ėą‚Ėą‚Ėą‚Ėď‚ĖĎ    Source ......: Retail DVD                                       ‚ĖĎ‚Ėď‚Ėą‚Ėą‚Ėą‚Ėą                                                                                               
‚Ėą‚Ėą‚Ėą‚Ėą‚Ėą‚Ėď‚ĖĎ   Sprache .....: German/Castellano                               ‚ĖĎ‚Ėď‚Ėą‚Ėą‚Ėą‚Ėą‚Ėą                                                                                               
 ‚Ėą‚Ėą‚Ėą‚Ėą‚Ėď‚ĖĎ   Codec .......: AC3                                             ‚ĖĎ‚Ėď‚Ėą‚Ėą‚Ėą‚Ėą                                                                                                
 ‚Ėą‚Ėą‚Ėą‚Ėą‚Ėą‚Ėď‚ĖĎ  Bitrate .....: 448 kb/s                                       ‚ĖĎ‚Ėď‚Ėą‚Ėą‚Ėą‚Ėą‚Ėą                                                                                                
  ‚Ėą‚Ėą‚Ėą‚Ėą‚Ėď‚ĖĎ  Channels ....: 6                                              ‚ĖĎ‚Ėď‚Ėą‚Ėą‚Ėą‚Ėą                                                                                                 
  ‚Ėą‚Ėą‚Ėą‚Ėą‚Ėą‚Ėď‚ĖĎ Subs ........: N/A                                           ‚ĖĎ‚Ėď‚Ėą‚Ėą‚Ėą‚Ėą‚Ėą                                                                                                 
  ‚Ėą‚Ėą‚Ėą‚Ėą‚Ėą‚Ėď‚ĖĎ                                                              ‚ĖĎ‚Ėď‚Ėą‚Ėą‚Ėą‚Ėą‚Ėą                                                                                                 
  ‚Ėą‚Ėą‚Ėą‚Ėą‚Ėą‚Ėą‚Ėď‚ĖĎ                                                            ‚ĖĎ‚Ėď‚Ėą‚Ėą‚Ėą‚Ėą‚Ėą‚Ėą                                                                                                 
  ‚Ėą‚Ėą‚Ėą‚Ėą‚Ėą‚Ėą‚Ėď‚ĖĎ‚ēź‚ēź‚ēź‚ēź‚ēź‚ēź‚ēź‚ēź‚ēź‚ēź‚ēź‚ēź‚ēź‚ēź‚ēź‚ēź‚ēź‚ēź‚ēź‚ēź‚ēź‚ēź‚ēź‚ēź‚ēź‚ēź‚ēź‚ēź‚ēź‚ēź‚ēź‚ēź‚ēź‚ēź‚ēź‚ēź‚ēź‚ēź‚ēź‚ēź‚ēź‚ēź‚ēź‚ēź‚ēź‚ēź‚ēź‚ēź‚ēź‚ēź‚ēź‚ēź‚ēź‚ēź‚ēź‚ēź‚ēź‚ēź‚ēź‚ēó‚ĖĎ‚Ėď‚Ėą‚Ėą‚Ėą‚Ėą‚Ėą‚Ėą                                                                                                 
 ‚Ėą‚Ėą‚Ėą‚Ėą‚Ėą‚Ėą‚Ėą‚Ėď‚ĖĎ            _______ ___     _______ _______                 ‚ĖĎ‚Ėď‚Ėą‚Ėą‚Ėą‚Ėą‚Ėą‚Ėą‚Ėą                                                                                                
‚Ėą‚Ėą‚Ėą‚Ėą‚Ėą‚Ėą‚Ėą‚Ėą‚Ėď‚ĖĎ           |   _   |   |   |   _   |       |                ‚ĖĎ‚Ėď‚Ėą‚Ėą‚Ėą‚Ėą‚Ėą‚Ėą‚Ėą‚Ėą                                                                                               
‚Ėą‚Ėą‚Ėą‚Ėą‚Ėą‚Ėą‚Ėą‚Ėą‚Ėď‚ĖĎ           |‚Ėí  1   |‚Ėí  |   |‚Ėí  |   |‚ĖĎ|   | |                ‚ĖĎ‚Ėď‚Ėą‚Ėą‚Ėą‚Ėą‚Ėą‚Ėą‚Ėą‚Ėą                                                                                               
‚Ėą‚Ėą‚Ėą‚Ėď‚ĖĎ‚Ėą‚Ėą‚Ėą‚Ėď‚ĖĎ           |‚Ėí  ____|‚Ėí  |___|‚Ėí  |   `-|‚ĖĎ  |-'                ‚ĖĎ‚Ėď‚Ėą‚Ėą‚Ėą‚ĖĎ‚Ėď‚Ėą‚Ėą‚Ėą                                                                                               
‚Ėą‚Ėą‚Ėď‚ĖĎ ‚Ėą‚Ėą‚Ėą‚Ėď‚ĖĎ           |‚Ėď  |   |‚Ėď  1   |‚Ėď  1   | |‚Ėď  |                  ‚ĖĎ‚Ėď‚Ėą‚Ėą‚Ėą ‚ĖĎ‚Ėď‚Ėą‚Ėą                                                                                               
‚Ėą‚Ėą‚Ėď‚ĖĎ ‚Ėą‚Ėą‚Ėď‚ĖĎ            |‚Ėď‚Ėď‚ĖĎ|   |‚Ėď‚Ėď‚Ėí‚Ėí ‚ĖĎ |‚Ėď‚Ėď‚Ėí‚Ėí ‚ĖĎ | |‚Ėď‚Ėď‚ĖĎ|                   ‚ĖĎ‚Ėď‚Ėą‚Ėą ‚ĖĎ‚Ėď‚Ėą‚Ėą                                                                                               
‚Ėą‚Ėą‚Ėď‚ĖĎ ‚Ėą‚Ėą‚Ėď‚ĖĎ            `---'   `-------`-------' `---'                   ‚ĖĎ‚Ėď‚Ėą‚Ėą ‚ĖĎ‚Ėď‚Ėą‚Ėą                                                                                               
‚Ėą‚Ėą‚Ėď‚ĖĎ‚Ėą‚Ėą‚Ėď‚ĖĎ ‚ēö‚ēź‚ēź‚ēź‚ēź‚ēź‚ēź‚ēź‚ēź‚ēź‚ēź‚ēź‚ēź‚ēź‚ēź‚ēź‚ēź‚ēź‚ēź‚ēź‚ēź‚ēź‚ēź‚ēź‚ēź‚ēź‚ēź‚ēź‚ēź‚ēź‚ēź‚ēź‚ēź‚ēź‚ēź‚ēź‚ēź‚ēź‚ēź‚ēź‚ēź‚ēź‚ēź‚ēź‚ēź‚ēź‚ēź‚ēź‚ēź‚ēź‚ēź‚ēź‚ēź‚ēź‚ēź‚ēź‚ēź‚ēź‚ēź‚ēź‚ēĚ  ‚ĖĎ‚Ėď‚Ėą‚Ėą‚ĖĎ‚Ėď‚Ėą‚Ėą                                                                                               
‚Ėą‚Ėą‚Ėď‚Ėą‚Ėą‚Ėď‚ĖĎ                                                                  ‚ĖĎ‚Ėď‚Ėą‚Ėą‚Ėď‚Ėą‚Ėą                                                                                               
‚Ėą‚Ėą‚Ėď‚Ėą‚Ėď‚ĖĎ                                                                    ‚ĖĎ‚Ėď‚Ėą‚Ėď‚Ėą‚Ėą                                                                                               
‚Ėą‚Ėą‚Ėď‚ĖĎ                                                                        ‚ĖĎ‚Ėď‚Ėą‚Ėą                                                                                               
‚Ėą‚Ėą‚Ėď‚ĖĎ                                                                        ‚ĖĎ‚Ėď‚Ėą‚Ėą                                                                                               
‚Ėą‚Ėą‚Ėą‚Ėď‚ĖĎ                                                                      ‚ĖĎ‚Ėď‚Ėą‚Ėą‚Ėą                                                                                               
‚Ėą‚Ėą‚Ėą‚Ėď‚ĖĎ                                                                      ‚ĖĎ‚Ėď‚Ėą‚Ėą‚Ėą                                                                                               
‚Ėą‚Ėą‚Ėą‚Ėą‚Ėď‚ĖĎ                                                                    ‚ĖĎ‚Ėď‚Ėą‚Ėą‚Ėą‚Ėą                                                                                               
‚Ėą‚Ėą‚Ėą‚Ėą‚Ėą‚Ėď‚ĖĎ                                                                  ‚ĖĎ‚Ėď‚Ėą‚Ėą‚Ėą‚Ėą‚Ėą                                                                                               
 ‚Ėą‚Ėą‚Ėą‚Ėą‚Ėď‚ĖĎ                                                                  ‚ĖĎ‚Ėď‚Ėą‚Ėą‚Ėą‚Ėą                                                                                                
 ‚Ėą‚Ėą‚Ėą‚Ėą‚Ėą‚Ėď‚ĖĎ                                                                ‚ĖĎ‚Ėď‚Ėą‚Ėą‚Ėą‚Ėą‚Ėą                                                                                                
  ‚Ėą‚Ėą‚Ėą‚Ėą‚Ėď‚ĖĎ                                                                ‚ĖĎ‚Ėď‚Ėą‚Ėą‚Ėą‚Ėą                                                                                                 
  ‚Ėą‚Ėą‚Ėą‚Ėą‚Ėą‚Ėď‚ĖĎ                                                              ‚ĖĎ‚Ėď‚Ėą‚Ėą‚Ėą‚Ėą‚Ėą                                                                                                 
  ‚Ėą‚Ėą‚Ėą‚Ėą‚Ėą‚Ėď‚ĖĎ                                                              ‚ĖĎ‚Ėď‚Ėą‚Ėą‚Ėą‚Ėą‚Ėą                                                                                                 
  ‚Ėą‚Ėą‚Ėą‚Ėą‚Ėą‚Ėą‚Ėď‚ĖĎ                                                            ‚ĖĎ‚Ėď‚Ėą‚Ėą‚Ėą‚Ėą‚Ėą‚Ėą                                                                                                 
  ‚Ėą‚Ėą‚Ėą‚Ėą‚Ėą‚Ėą‚Ėď‚ĖĎ                                                            ‚ĖĎ‚Ėď‚Ėą‚Ėą‚Ėą‚Ėą‚Ėą‚Ėą                                                                                                 
 ‚Ėą‚Ėą‚Ėą‚Ėą‚Ėą‚Ėą‚Ėą‚Ėď‚ĖĎ                                                            ‚ĖĎ‚Ėď‚Ėą‚Ėą‚Ėą‚Ėą‚Ėą‚Ėą‚Ėą                                                                                                
‚Ėą‚Ėą‚Ėą‚Ėą‚Ėą‚Ėą‚Ėą‚Ėą‚Ėď‚ĖĎ                                                            ‚ĖĎ‚Ėď‚Ėą‚Ėą‚Ėą‚Ėą‚Ėą‚Ėą‚Ėą‚Ėą                                                                                               
‚Ėą‚Ėą‚Ėą‚Ėą‚Ėą‚Ėą‚Ėą‚Ėą‚Ėď‚ĖĎ                                                            ‚ĖĎ‚Ėď‚Ėą‚Ėą‚Ėą‚Ėą‚Ėą‚Ėą‚Ėą‚Ėą                                                                                               
‚Ėą‚Ėą‚Ėą‚Ėď‚ĖĎ‚Ėą‚Ėą‚Ėą‚Ėď‚ĖĎ                                                            ‚ĖĎ‚Ėď‚Ėą‚Ėą‚Ėą‚ĖĎ‚Ėď‚Ėą‚Ėą‚Ėą                                                                                               
‚Ėą‚Ėą‚Ėď‚ĖĎ ‚Ėą‚Ėą‚Ėą‚Ėď‚ĖĎ                                                            ‚ĖĎ‚Ėď‚Ėą‚Ėą‚Ėą ‚ĖĎ‚Ėď‚Ėą‚Ėą                                                                                               
‚Ėą‚Ėą‚Ėď‚ĖĎ ‚Ėą‚Ėą‚Ėď‚ĖĎ‚ēĒ‚ēź‚ēź‚ēź‚ēź‚ēź‚ēź‚ēź‚ēź‚ēź‚ēź‚ēź‚ēź‚ēź‚ēź‚ēź‚ēź‚ēź‚ēź‚ēź‚ēź‚ēź‚ēź‚ēź‚ēź‚ēź‚ēź‚ēź‚ēź‚ēź‚ēź‚ēź‚ēź‚ēź‚ēź‚ēź‚ēź‚ēź‚ēź‚ēź‚ēź‚ēź‚ēź‚ēź‚ēź‚ēź‚ēź‚ēź‚ēź‚ēź‚ēź‚ēź‚ēź‚ēź‚ēź‚ēź‚ēź‚ēź‚ēź‚ēź‚ēó ‚ĖĎ‚Ėď‚Ėą‚Ėą ‚ĖĎ‚Ėď‚Ėą‚Ėą                                                                                               
‚Ėą‚Ėą‚Ėď‚ĖĎ ‚Ėą‚Ėą‚Ėď‚ĖĎ  _______ _______ ___     _______ _______ _______ _______     ‚ĖĎ‚Ėď‚Ėą‚Ėą ‚ĖĎ‚Ėď‚Ėą‚Ėą                                                                                               
‚Ėą‚Ėą‚Ėď‚ĖĎ‚Ėą‚Ėą‚Ėď‚ĖĎ  |   _   |   _   |   |   |   _   |   _   |   _   |   _   |     ‚ĖĎ‚Ėď‚Ėą‚Ėą‚ĖĎ‚Ėď‚Ėą‚Ėą                                                                                               
‚Ėą‚Ėą‚Ėď‚Ėą‚Ėą‚Ėď‚ĖĎ   |‚Ėí  l   |‚Ėí  1___|‚Ėí  |   |‚Ėí  1___|‚Ėí  1   |   1___|‚Ėí  1___|      ‚ĖĎ‚Ėď‚Ėą‚Ėą‚Ėď‚Ėą‚Ėą                                                                                               
‚Ėą‚Ėą‚Ėď‚Ėą‚Ėď‚ĖĎ    |‚Ėí  _   |‚Ėí  __)_|‚Ėí  |___|‚Ėí  __)_|‚Ėí  _   |____   |‚Ėí  __)_        ‚ĖĎ‚Ėď‚Ėą‚Ėď‚Ėą‚Ėą                                                                                               
‚Ėą‚Ėą‚Ėď‚ĖĎ      |‚Ėď  |   |‚Ėď  1   |‚Ėď  1   |‚Ėď  1   |‚Ėď  |   |‚Ėď  1   |‚Ėď  1   |         ‚ĖĎ‚Ėď‚Ėą‚Ėą                                                                                               
‚Ėą‚Ėą‚Ėď‚ĖĎ      |‚Ėď‚Ėď‚ĖĎ|‚Ėď‚ĖĎ |‚Ėď‚Ėď‚Ėí‚Ėí ‚ĖĎ |‚Ėď‚Ėď‚Ėí‚Ėí ‚ĖĎ |‚Ėď‚Ėď‚Ėí‚Ėí ‚ĖĎ |‚Ėď‚Ėď‚ĖĎ|‚Ėí‚ĖĎ |‚Ėď‚Ėď‚Ėí‚Ėí ‚ĖĎ |‚Ėď‚Ėď‚Ėí‚Ėí ‚ĖĎ |         ‚ĖĎ‚Ėď‚Ėą‚Ėą                                                                                               
‚Ėą‚Ėą‚Ėą‚Ėď‚ĖĎ     `--- ---`-------`-------`-------`--- ---`-------`-------'        ‚ĖĎ‚Ėď‚Ėą‚Ėą‚Ėą                                                                                               
‚Ėą‚Ėą‚Ėą‚Ėď‚ĖĎ              ______  _______ _______ _______ _______                 ‚ĖĎ‚Ėď‚Ėą‚Ėą‚Ėą                                                                                               
‚Ėą‚Ėą‚Ėą‚Ėą‚Ėď‚ĖĎ            |   _  \|   _   |       |   _   |   _   |               ‚ĖĎ‚Ėď‚Ėą‚Ėą‚Ėą‚Ėą                                                                                               
‚Ėą‚Ėą‚Ėą‚Ėą‚Ėą‚Ėď‚ĖĎ           |‚Ėí  |   |‚Ėí  |   |‚ĖĎ|   | |‚Ėí  1___|   1___|              ‚ĖĎ‚Ėď‚Ėą‚Ėą‚Ėą‚Ėą‚Ėą                                                                                               
 ‚Ėą‚Ėą‚Ėą‚Ėą‚Ėď‚ĖĎ           |‚Ėí  |   |‚Ėí  |   `-|‚ĖĎ  |-|‚Ėí  __)_|____   |              ‚ĖĎ‚Ėď‚Ėą‚Ėą‚Ėą‚Ėą                                                                                                
 ‚Ėą‚Ėą‚Ėą‚Ėą‚Ėą‚Ėď‚ĖĎ          |‚Ėď  |   |‚Ėď  1   | |‚Ėď  | |‚Ėď  1   |‚Ėď  1   |             ‚ĖĎ‚Ėď‚Ėą‚Ėą‚Ėą‚Ėą‚Ėą                                                                                                
  ‚Ėą‚Ėą‚Ėą‚Ėą‚Ėď‚ĖĎ          |‚Ėď‚Ėď‚ĖĎ|   |‚Ėď‚Ėď‚Ėí‚Ėí ‚ĖĎ | |‚Ėď‚Ėď‚ĖĎ| |‚Ėď‚Ėď‚Ėí‚Ėí ‚ĖĎ |‚Ėď‚Ėď‚Ėí‚Ėí ‚ĖĎ |             ‚ĖĎ‚Ėď‚Ėą‚Ėą‚Ėą‚Ėą                                                                                                 
  ‚Ėą‚Ėą‚Ėą‚Ėą‚Ėą‚Ėď‚ĖĎ         `--- ---`-------' `---' `-------`-------'            ‚ĖĎ‚Ėď‚Ėą‚Ėą‚Ėą‚Ėą‚Ėą                                                                                                 
  ‚Ėą‚Ėą‚Ėą‚Ėą‚Ėą‚Ėď‚ĖĎ‚ēö‚ēź‚ēź‚ēź‚ēź‚ēź‚ēź‚ēź‚ēź‚ēź‚ēź‚ēź‚ēź‚ēź‚ēź‚ēź‚ēź‚ēź‚ēź‚ēź‚ēź‚ēź‚ēź‚ēź‚ēź‚ēź‚ēź‚ēź‚ēź‚ēź‚ēź‚ēź‚ēź‚ēź‚ēź‚ēź‚ēź‚ēź‚ēź‚ēź‚ēź‚ēź‚ēź‚ēź‚ēź‚ēź‚ēź‚ēź‚ēź‚ēź‚ēź‚ēź‚ēź‚ēź‚ēź‚ēź‚ēź‚ēź‚ēź‚ēź‚ēĚ ‚ĖĎ‚Ėď‚Ėą‚Ėą‚Ėą‚Ėą‚Ėą                                                                                                 
  ‚Ėą‚Ėą‚Ėą‚Ėą‚Ėą‚Ėą‚Ėď‚ĖĎ                                                            ‚ĖĎ‚Ėď‚Ėą‚Ėą‚Ėą‚Ėą‚Ėą‚Ėą                                                                                                 
  ‚Ėą‚Ėą‚Ėą‚Ėą‚Ėą‚Ėą‚Ėď‚ĖĎ                                                            ‚ĖĎ‚Ėď‚Ėą‚Ėą‚Ėą‚Ėą‚Ėą‚Ėą                                                                                                 
 ‚Ėą‚Ėą‚Ėą‚Ėą‚Ėą‚Ėą‚Ėą‚Ėď‚ĖĎ                                                            ‚ĖĎ‚Ėď‚Ėą‚Ėą‚Ėą‚Ėą‚Ėą‚Ėą‚Ėą                                                                                                
‚Ėą‚Ėą‚Ėą‚Ėą‚Ėą‚Ėą‚Ėą‚Ėą‚Ėď‚ĖĎ                                                            ‚ĖĎ‚Ėď‚Ėą‚Ėą‚Ėą‚Ėą‚Ėą‚Ėą‚Ėą‚Ėą                                                                                               
‚Ėą‚Ėą‚Ėą‚Ėą‚Ėą‚Ėą‚Ėą‚Ėą‚Ėď‚ĖĎ                                                            ‚ĖĎ‚Ėď‚Ėą‚Ėą‚Ėą‚Ėą‚Ėą‚Ėą‚Ėą‚Ėą                                                                                               
‚Ėą‚Ėą‚Ėą‚Ėď‚ĖĎ‚Ėą‚Ėą‚Ėą‚Ėď‚ĖĎ                                                            ‚ĖĎ‚Ėď‚Ėą‚Ėą‚Ėą‚ĖĎ‚Ėď‚Ėą‚Ėą‚Ėą                                                                                               
‚Ėą‚Ėą‚Ėď‚ĖĎ ‚Ėą‚Ėą‚Ėą‚Ėď‚ĖĎ                                                            ‚ĖĎ‚Ėď‚Ėą‚Ėą‚Ėą ‚ĖĎ‚Ėď‚Ėą‚Ėą                                                                                               
‚Ėą‚Ėą‚Ėď‚ĖĎ ‚Ėą‚Ėą‚Ėď‚ĖĎ                                                              ‚ĖĎ‚Ėď‚Ėą‚Ėą ‚ĖĎ‚Ėď‚Ėą‚Ėą                                                                                               
‚Ėą‚Ėą‚Ėď‚ĖĎ ‚Ėą‚Ėą‚Ėď‚ĖĎ                                                              ‚ĖĎ‚Ėď‚Ėą‚Ėą ‚ĖĎ‚Ėď‚Ėą‚Ėą                                                                                               
‚Ėą‚Ėą‚Ėď‚ĖĎ‚Ėą‚Ėą‚Ėď‚ĖĎ                                                                ‚ĖĎ‚Ėď‚Ėą‚Ėą‚ĖĎ‚Ėď‚Ėą‚Ėą                                                                                               
‚Ėą‚Ėą‚Ėď‚Ėą‚Ėą‚Ėď‚ĖĎ                                                                  ‚ĖĎ‚Ėď‚Ėą‚Ėą‚Ėď‚Ėą‚Ėą                                                                                               
‚Ėą‚Ėą‚Ėď‚Ėą‚Ėď‚ĖĎ   ‚ēĒ‚ēź‚ēź‚ēź‚ēź‚ēź‚ēź‚ēź‚ēź‚ēź‚ēź‚ēź‚ēź‚ēź‚ēź‚ēź‚ēź‚ēź‚ēź‚ēź‚ēź‚ēź‚ēź‚ēź‚ēź‚ēź‚ēź‚ēź‚ēź‚ēź‚ēź‚ēź‚ēź‚ēź‚ēź‚ēź‚ēź‚ēź‚ēź‚ēź‚ēź‚ēź‚ēź‚ēź‚ēź‚ēź‚ēź‚ēź‚ēź‚ēź‚ēź‚ēź‚ēź‚ēź‚ēź‚ēź‚ēź‚ēź‚ēź‚ēź‚ēó    ‚ĖĎ‚Ėď‚Ėą‚Ėď‚Ėą‚Ėą                                                                                               
‚Ėą‚Ėą‚Ėď‚ĖĎ               _______ _______ _______ ___ ___ _______                  ‚ĖĎ‚Ėď‚Ėą‚Ėą                                                                                               
‚Ėą‚Ėą‚Ėď‚ĖĎ              |   _   |   _   |   _   |   Y   |   _   |                 ‚ĖĎ‚Ėď‚Ėą‚Ėą                                                                                               
‚Ėą‚Ėą‚Ėą‚Ėď‚ĖĎ             |‚Ėí  |___|‚Ėí  l   |‚Ėí  |   |‚Ėí  |   |‚Ėí  1   |                ‚ĖĎ‚Ėď‚Ėą‚Ėą‚Ėą                                                                                               
‚Ėą‚Ėą‚Ėą‚Ėď‚ĖĎ             |‚Ėí  |   |‚Ėí  _   |‚Ėí  |   |‚Ėí  |   |‚Ėí  ____|                ‚ĖĎ‚Ėď‚Ėą‚Ėą‚Ėą                                                                                               
‚Ėą‚Ėą‚Ėą‚Ėą‚Ėď‚ĖĎ            |‚Ėď  1   |‚Ėď  |   |‚Ėď  1   |‚Ėď  1   |‚Ėď  |                   ‚ĖĎ‚Ėď‚Ėą‚Ėą‚Ėą‚Ėą                                                                                               
‚Ėą‚Ėą‚Ėą‚Ėą‚Ėą‚Ėď‚ĖĎ           |‚Ėď‚Ėď‚Ėí‚Ėí ‚ĖĎ |‚Ėď‚Ėď‚ĖĎ|‚Ėď‚ĖĎ |‚Ėď‚Ėď‚Ėí‚Ėí ‚ĖĎ |‚Ėď‚Ėď‚Ėí‚Ėí ‚ĖĎ |‚Ėď‚Ėď‚ĖĎ|                  ‚ĖĎ‚Ėď‚Ėą‚Ėą‚Ėą‚Ėą‚Ėą                                                                                               
 ‚Ėą‚Ėą‚Ėą‚Ėą‚Ėď‚ĖĎ           `-------`--- ---`-------`-------`---'                  ‚ĖĎ‚Ėď‚Ėą‚Ėą‚Ėą‚Ėą                                                                                                
 ‚Ėą‚Ėą‚Ėą‚Ėą‚Ėą‚Ėď‚ĖĎ           ______  _______ _______ _______ _______              ‚ĖĎ‚Ėď‚Ėą‚Ėą‚Ėą‚Ėą‚Ėą                                                                                                
  ‚Ėą‚Ėą‚Ėą‚Ėą‚Ėď‚ĖĎ          |   _  \|   _   |       |   _   |   _   |             ‚ĖĎ‚Ėď‚Ėą‚Ėą‚Ėą‚Ėą                                                                                                 
  ‚Ėą‚Ėą‚Ėą‚Ėą‚Ėą‚Ėď‚ĖĎ         |‚Ėí  |   |‚Ėí  |   |‚ĖĎ|   | |‚Ėí  1___|   1___|            ‚ĖĎ‚Ėď‚Ėą‚Ėą‚Ėą‚Ėą‚Ėą                                                                                                 
  ‚Ėą‚Ėą‚Ėą‚Ėą‚Ėą‚Ėď‚ĖĎ         |‚Ėí  |   |‚Ėí  |   `-|‚ĖĎ  |-|‚Ėí  __)_|____   |            ‚ĖĎ‚Ėď‚Ėą‚Ėą‚Ėą‚Ėą‚Ėą                                                                                                 
  ‚Ėą‚Ėą‚Ėą‚Ėą‚Ėą‚Ėą‚Ėď‚ĖĎ        |‚Ėď  |   |‚Ėď  1   | |‚Ėď  | |‚Ėď  1   |‚Ėď  1   |           ‚ĖĎ‚Ėď‚Ėą‚Ėą‚Ėą‚Ėą‚Ėą‚Ėą                                                                                                 
  ‚Ėą‚Ėą‚Ėą‚Ėą‚Ėą‚Ėą‚Ėď‚ĖĎ        |‚Ėď‚Ėď‚ĖĎ|   |‚Ėď‚Ėď‚Ėí‚Ėí ‚ĖĎ | |‚Ėď‚Ėď‚ĖĎ| |‚Ėď‚Ėď‚Ėí‚Ėí ‚ĖĎ |‚Ėď‚Ėď‚Ėí‚Ėí ‚ĖĎ |           ‚ĖĎ‚Ėď‚Ėą‚Ėą‚Ėą‚Ėą‚Ėą‚Ėą                                                                                                 
 ‚Ėą‚Ėą‚Ėą‚Ėą‚Ėą‚Ėą‚Ėą‚Ėď‚ĖĎ        `--- ---`-------' `---' `-------`-------'           ‚ĖĎ‚Ėď‚Ėą‚Ėą‚Ėą‚Ėą‚Ėą‚Ėą‚Ėą                                                                                                
‚Ėą‚Ėą‚Ėą‚Ėą‚Ėą‚Ėą‚Ėą‚Ėą‚Ėď‚ĖĎ‚ēź‚ēź‚ēź‚ēź‚ēź‚ēź‚ēź‚ēź‚ēź‚ēź‚ēź‚ēź‚ēź‚ēź‚ēź‚ēź‚ēź‚ēź‚ēź‚ēź‚ēó Looking for  ‚ēĒ‚ēź‚ēź‚ēź‚ēź‚ēź‚ēź‚ēź‚ēź‚ēź‚ēź‚ēź‚ēź‚ēź‚ēź‚ēź‚ēź‚ēź‚ēź‚ēź‚ēź‚ēź‚ēź‚ēź‚ēĚ‚ĖĎ‚Ėď‚Ėą‚Ėą‚Ėą‚Ėą‚Ėą‚Ėą‚Ėą‚Ėą                                                                                               
‚Ėą‚Ėą‚Ėą‚Ėą‚Ėą‚Ėą‚Ėą‚Ėą‚Ėď‚ĖĎ                    ‚ēö‚ēź‚ēź‚ēź‚ēź‚ēź‚ēź‚ēź‚ēź‚ēź‚ēź‚ēź‚ēź‚ēź‚ēź‚ēĚ                        ‚ĖĎ‚Ėď‚Ėą‚Ėą‚Ėą‚Ėą‚Ėą‚Ėą‚Ėą‚Ėą                                                                                               
‚Ėą‚Ėą‚Ėď‚ĖĎ ‚Ėą‚Ėą‚Ėą‚Ėď‚ĖĎ                 ‚Ėļ    - Dubbers       ‚óĄ      contact        ‚ĖĎ‚Ėď‚Ėą‚Ėą‚Ėą ‚ĖĎ‚Ėď‚Ėą‚Ėą                                                                                               
‚Ėą‚Ėď‚ĖĎ  ‚Ėą‚Ėą‚Ėą‚Ėď‚ĖĎ=================  ‚Ėļ  - Encoders    ‚óĄ ======================‚ĖĎ‚Ėď‚Ėą‚Ėą‚Ėą  ‚ĖĎ‚Ėď‚Ėą                                                                                               
‚Ėą‚Ėď‚ĖĎ  ‚Ėą‚Ėą‚Ėď‚ĖĎ                  ‚Ėļ    - Suppliers     ‚óĄ  nprc@lavabit.com    ‚ĖĎ‚Ėď‚Ėą‚Ėą  ‚ĖĎ‚Ėď‚Ėą                                                                                               
‚Ėą‚Ėď‚ĖĎ  ‚Ėą‚Ėą‚Ėď‚ĖĎ                                          ‚ĒÄ‚ĒÄ‚ĒÄ‚ĒÄ‚ĒÄ‚ĒÄ‚ĒÄ‚ĒÄ‚ĒÄ‚ĒÄ‚ĒÄ‚ĒÄ‚ĒÄ‚ĒÄ‚ĒÄ‚ĒÄ    ‚ĖĎ‚Ėď‚Ėą‚Ėą  ‚ĖĎ‚Ėď‚Ėą                                                                                               
‚Ėą‚Ėď‚ĖĎ ‚Ėą‚Ėą‚Ėď‚ĖĎ ‚ēĒ‚ēź‚ēź‚ēź‚ēź‚ēź‚ēź‚ēź‚ēź‚ēź‚ēź‚ēź‚ēź‚ēź‚ēź‚ēź‚ēź‚ēź‚ēź‚ēź‚ēź‚ēź‚ēź‚ēź‚ēź‚ēź‚ēź‚ēź‚ēź‚ēź‚ēź‚ēź‚ēź‚ēź‚ēź‚ēź‚ēź‚ēź‚ēź‚ēź‚ēź‚ēź‚ēź‚ēź‚ēź‚ēź‚ēź‚ēź‚ēź‚ēź‚ēź‚ēź‚ēź‚ēź‚ēź‚ēź‚ēź‚ēź‚ēź‚ēź‚ēó  ‚ĖĎ‚Ėď‚Ėą‚Ėą ‚ĖĎ‚Ėď‚Ėą                                                                                               
‚Ėą‚Ėą‚Ėď‚Ėą‚Ėą‚Ėď‚ĖĎ        _______ _______ _______ _______ _______ _______           ‚ĖĎ‚Ėď‚Ėą‚Ėą‚Ėď‚Ėą‚Ėą                                                                                               
‚Ėą‚Ėą‚Ėď‚Ėą‚Ėď‚ĖĎ‚Ėą‚Ėą‚Ėą‚Ėą‚Ėą‚Ėą‚Ėď‚ĖĎ|   _   |   _   |   _   |   _   |       |   _   ‚ĖĎ‚Ėď‚Ėą‚Ėą‚Ėą‚Ėą‚Ėą‚Ėą‚Ėą‚Ėą‚Ėą‚Ėą‚ĖĎ‚Ėď‚Ėą‚Ėď‚Ėą‚Ėą                                                                                               
  ‚Ėą‚Ėą‚Ėď‚ĖĎ ‚Ėą‚Ėą‚Ėą‚Ėą‚Ėą‚Ėď‚ĖĎ|‚Ėí  |___|‚Ėí  l   |‚Ėí  1___|‚Ėí  1___|‚ĖĎ|   | |___|   ‚ĖĎ‚Ėď‚Ėą‚Ėą‚Ėą‚Ėą‚Ėą‚Ėą‚Ėą‚Ėą‚Ėą ‚ĖĎ‚Ėď‚Ėą‚Ėą                                                                                                 
  ‚Ėą‚Ėď‚ĖĎ  ‚Ėą‚Ėą‚Ėą‚Ėą‚Ėą‚Ėď‚ĖĎ|‚Ėí  |   |‚Ėí  _   |‚Ėí  __)_|‚Ėí  __)_`-|‚ĖĎ  |-'/  ___/‚ĖĎ‚Ėď‚Ėą‚Ėą‚Ėą‚Ėą‚Ėą‚Ėą‚Ėą‚Ėą‚Ėą  ‚ĖĎ‚Ėď‚Ėą                                                                                                 
 ‚Ėą‚Ėď‚ĖĎ   ‚Ėą‚Ėą‚Ėą‚Ėą‚Ėą‚Ėď‚ĖĎ|‚Ėď  1   |‚Ėď  |   |‚Ėď  1   |‚Ėď  1   | |‚Ėď  | |‚Ėď  1  \    ‚ĖĎ‚Ėď‚Ėą‚Ėą‚Ėą‚Ėą‚Ėą   ‚ĖĎ‚Ėď‚Ėą                                                                                                
‚Ėą‚Ėą‚Ėď‚ĖĎ   ‚Ėą‚Ėą‚Ėą‚Ėď‚ĖĎ  |‚Ėď‚Ėď‚Ėí‚Ėí ‚ĖĎ |‚Ėď‚Ėď‚ĖĎ|‚Ėí‚ĖĎ |‚Ėď‚Ėď‚Ėí‚Ėí ‚ĖĎ |‚Ėď‚Ėď‚Ėí‚Ėí ‚ĖĎ | |‚Ėď‚Ėď‚ĖĎ| |‚Ėď‚Ėď‚Ėí‚Ėí ‚ĖĎ |     ‚ĖĎ‚Ėď‚Ėą‚Ėą‚Ėą   ‚ĖĎ‚Ėď‚Ėą‚Ėą                                                                                               
‚Ėą‚Ėą‚Ėď‚ĖĎ  ‚Ėą‚Ėą‚Ėą‚Ėď‚ĖĎ   `-------`--- ---`-------`-------' `---' `-------'      ‚ĖĎ‚Ėď‚Ėą‚Ėą‚Ėą  ‚ĖĎ‚Ėď‚Ėą‚Ėą                                                                                               
‚Ėą‚Ėą‚Ėď‚ĖĎ ‚Ėą‚Ėą‚Ėą‚Ėą‚Ėď‚ĖĎ‚ēź‚ēź‚ēź‚ēź‚ēź‚ēź‚ēź‚ēź‚ēź‚ēź‚ēź‚ēź‚ēź‚ēź‚ēź‚ēź‚ēź‚ēź‚ēź‚ēź‚ēź‚ēź‚ēź‚ēź‚ēź‚ēź‚ēź‚ēź‚ēź‚ēź‚ēź‚ēź‚ēź‚ēź‚ēź‚ēź‚ēź‚ēź‚ēź‚ēź‚ēź‚ēź‚ēź‚ēź‚ēź‚ēź‚ēź‚ēź‚ēź‚ēź‚ēź‚ēź‚ēź‚ēź‚ēź‚ēź‚ēź‚ēź‚ĖĎ‚Ėď‚Ėą‚Ėą‚Ėą‚Ėą ‚ĖĎ‚Ėď‚Ėą‚Ėą                                                                                               
 ‚Ėą‚Ėą‚Ėą‚Ėą‚Ėą‚Ėą‚Ėą‚Ėď‚ĖĎ                                                            ‚ĖĎ‚Ėď‚Ėą‚Ėą‚Ėą‚Ėą‚Ėą‚Ėą‚Ėą                                                                                                
 ‚Ėą‚Ėą‚Ėą‚Ėą‚Ėą‚Ėą‚Ėą‚Ėď‚ĖĎ                                                            ‚ĖĎ‚Ėď‚Ėą‚Ėą‚Ėą‚Ėą‚Ėą‚Ėą‚Ėą                                                                                                
 ‚Ėą‚Ėą‚Ėą‚Ėą‚Ėą‚Ėą‚Ėą‚Ėď‚ĖĎ            to our Hometracker New Propaganda               ‚ĖĎ‚Ėď‚Ėą‚Ėą‚Ėą‚Ėą‚Ėą‚Ėą‚Ėą
 ‚Ėą‚Ėą‚Ėą‚Ėą‚Ėą‚Ėą‚Ėą‚Ėď‚ĖĎ                         & NDCC                             ‚ĖĎ‚Ėď‚Ėą‚Ėą‚Ėą‚Ėą‚Ėą‚Ėą‚Ėą                                   
  ‚Ėą‚Ėą‚Ėą‚Ėą‚Ėą‚Ėą‚Ėď‚ĖĎ                                                            ‚ĖĎ‚Ėď‚Ėą‚Ėą‚Ėą‚Ėą‚Ėą‚Ėą                                                                                                 
   ‚Ėą‚Ėą‚Ėą‚Ėą‚Ėą‚Ėď‚ĖĎ‚ĒÄ‚ĒÄ‚ĒÄ‚ĒÄ‚ĒÄ‚ĒÄ‚ĒÄ‚ĒÄ‚ĒÄ‚ĒÄ‚ĒÄ‚ĒÄ‚ĒÄ‚ĒÄ‚ĒÄ‚ĒÄ‚ĒÄ‚ĒÄ‚ĒÄ‚ĒÄ‚ĒÄ‚ĒÄ‚ĒÄ‚ĒÄ‚ĒÄ‚ĒÄ‚ĒÄ‚ĒÄ‚ĒÄ‚ĒÄ‚ĒÄ‚ĒÄ‚ĒÄ‚ĒÄ‚ĒÄ‚ĒÄ‚ĒÄ‚ĒÄ‚ĒÄ‚ĒÄ‚ĒÄ‚ĒÄ‚ĒÄ‚ĒÄ‚ĒÄ‚ĒÄ‚ĒÄ‚ĒÄ‚ĒÄ‚ĒÄ‚ĒÄ‚ĒÄ‚ĒÄ‚ĒÄ‚ĒÄ‚ĒÄ‚ĒÄ‚ĒÄ‚ĒÄ‚ĒÄ‚ĖĎ‚Ėď‚Ėą‚Ėą‚Ėą‚Ėą‚Ėą                                                                                                  
    ‚Ėą‚Ėą‚Ėą‚Ėą‚Ėď‚ĖĎ                                                            ‚ĖĎ‚Ėď‚Ėą‚Ėą‚Ėą‚Ėą                                                                                                   
    ‚Ėą‚Ėą‚Ėą‚Ėą‚Ėď‚ĖĎ   New Propaganda Ripping Crew - best quality since 2010    ‚ĖĎ‚Ėď‚Ėą‚Ėą‚Ėą‚Ėą                                                                                                   
     ‚Ėą‚Ėą‚Ėą‚Ėą‚Ėď‚ĖĎ                                                          ‚ĖĎ‚Ėď‚Ėą‚Ėą‚Ėą‚Ėą                                                                                                    
      ‚Ėą‚Ėą‚Ėą‚Ėą‚Ėď‚ĖĎ‚ĒÄ‚ĒÄ‚ĒÄ‚ĒÄ‚ĒÄ‚ĒÄ‚ĒÄ‚ĒÄ‚ĒÄ‚ĒÄ‚ĒÄ‚ĒÄ‚ĒÄ‚ĒÄ‚ĒÄ‚ĒÄ‚ĒÄ‚ĒÄ‚ĒÄ‚ĒÄ‚ĒÄ‚ĒÄ‚ĒÄ‚ĒÄ‚ĒÄ‚ĒÄ‚ĒÄ‚ĒÄ‚ĒÄ‚ĒÄ‚ĒÄ‚ĒÄ‚ĒÄ‚ĒÄ‚ĒÄ‚ĒÄ‚ĒÄ‚ĒÄ‚ĒÄ‚ĒÄ‚ĒÄ‚ĒÄ‚ĒÄ‚ĒÄ‚ĒÄ‚ĒÄ‚ĒÄ‚ĒÄ‚ĒÄ‚ĒÄ‚ĒÄ‚ĒÄ‚ĒÄ‚ĒÄ‚ĒÄ‚ĒÄ‚ĖĎ‚Ėď‚Ėą‚Ėą‚Ėą‚Ėą                                                                                                     
       ‚Ėą‚Ėą‚Ėą‚Ėď‚ĖĎ                                                        ‚ĖĎ‚Ėď‚Ėą‚Ėą‚Ėą                                                                                                      
        ‚Ėą‚Ėą‚Ėą‚Ėď‚ĖĎ                                                      ‚ĖĎ‚Ėď‚Ėą‚Ėą‚Ėą                                                                                                       
         ‚Ėą‚Ėą‚Ėď‚ĖĎ                                                      ‚ĖĎ‚Ėď‚Ėą‚Ėą                                                                                                        
         ‚Ėą‚Ėą‚Ėą‚Ėď‚ĖĎ                                                    ‚ĖĎ‚Ėď‚Ėą‚Ėą‚Ėą                                                                                                        
          ‚Ėą‚Ėą‚Ėď‚ĖĎ                                                    ‚ĖĎ‚Ėď‚Ėą‚Ėą                                                                                                         
          ‚Ėą‚Ėą‚Ėą‚Ėď‚ĖĎ                                                  ‚ĖĎ‚Ėď‚Ėą‚Ėą‚Ėą                                                                                                         
           ‚Ėą‚Ėą‚Ėď‚ĖĎ                                                  ‚ĖĎ‚Ėď‚Ėą‚Ėą                                                                                                          
           ‚Ėą‚Ėą‚Ėď‚ĖĎ                                                  ‚ĖĎ‚Ėď‚Ėą‚Ėą                                                                                                          
           ‚Ėą‚Ėą‚Ėď‚ĖĎ                                                  ‚ĖĎ‚Ėď‚Ėą‚Ėą                                                                                                          
            ‚Ėą‚Ėď‚ĖĎ                                                  ‚ĖĎ‚Ėď‚Ėą                                                                                                           
            ‚Ėą‚Ėď                                                    ‚Ėď‚Ėą                                                                                                           
            ‚Ėą                                                      ‚Ėą                                                                                                           
            ‚Ėą                                                      ‚Ėą
