ÔĽŅ`         '         `  .  '   .a‚ėľs.   .       `
   `*'     `     ,a‚ėľSS‚ėľs,a‚ėľS‚ėľss,.          ,aSSSlls.    '* `  ,a‚ėľSS‚ėľs,   `
 .  `   `   .  ,a‚ėľSEyyESSSSSSSllSS‚ėľs,.  .,aSSSSEySll.    `  ,a‚ėľSSSSllSs,.  `*'
              ,‚ėľSS',ay,Sy'   `ySy        `sEy'   `ylS. `   .‚ėľSSy'`ySy'      `
    .,a‚ėľSa.  ,aSS',‚ėľ'.y',s‚ėľS‚ėľs. .,a‚ėľS√ĎS‚ėľs. .,a‚ėľSa. !Ss    ,‚ėľS!',ay  ,s‚ėľS‚ėľs.  `
       `ySa. !S!',Sy  ,sSSyySSs.  `ySSyyS‚ėľs   `ySa.`S!   ,‚ėľSS',‚ėľ'  sSSy.yS‚ėľs.
  `  ySs`!Sa `S',SS',sSSy'  `ySSs  `!S. yS‚ėľs.  `!Sa S' . !SS',Sy ,sSSy,S.yS‚ėľs,
      yS,`S‚ėľ. y,SS' sSSy'.Ss `y√ĎSs .`Ss  `yS‚ėľs  `S‚ėľ.` ,s.`S',SS' !SS‚ėľ.y` dSSy
   `  .SS SSa  !Sy ,SSy ,SSS! `Sy',S SS.`.`yS‚ėľs  SSa  aS! ! !Sy .`ySS‚ėľs.`Sy .a
      !SS !S‚ėľ ,SS' !SSb !SSSSs,   SS !Ss Ss `S‚ėľs !S‚ėľ ,SSS.`,SS'.Ss `ySS‚ėľs. ySS
       yS ;SP,aS' .`SSa.`SSSEy ,a.yS!`SS SS',aSS ;SP,aS'Ss.aS! Sy,aS.`ySS‚ėľs yS
  ySs,  ` !SbSS',aS.ySSa. yS ,aS√Ď‚ėľ y !S! y',aSS' !SbSS' !SdSS' .s‚ėľSP Ss ‚ėľSS!.S
   `Sls. ,SSSSy,aSls.ySSa.  ,aSSy'. ,SS' .,aSy' ,SSSSy. `SSSS , ySSb y aSSy'aS
 ,aSSSy ,SSSS',aSSlls.`ySSaaSSy'aS ,SSS‚ėľaSSS'  ,SSSS',Ss !SSy,aS.ySSa.aSSy'aS!
 !llS'.,a$Sy',aSSSySlls.`y√Ď$√Ďy'aS.,aSS$$$Sy' .,a$Sy',alS.`S',aSls,`y√ĎS√Ďy',aSS'
 `Slls,,.,,a‚ėľSSSy' `SSll‚ėľs,.,a‚ėľSSSss,......s,. .,,a‚ėľSSEl‚ėľs,aSSE'll‚ėľs,.,a‚ėľSSSy
  ySSllSSSSSSSy'    `ySSlllSSSSySSSSSSSSllSSSSSSSSSSEy yESSSE'  ySllSSSSSSy'
 ` `yESSSSSEy' . '*'   `yESEy'    ``yESSSSSSSEy''    .*   y   `. `yESSSEy'
         .        `  `         ' .               .    '     '           .
   ?                                                                       ?
  ‚ĖÄ‚ĖÄ?‚ĖÄ‚ĖÄ‚ĖÄ‚ĖÄ‚ĖÄ‚ĖÄ‚ĖÄ‚ĖÄ‚ĖÄ‚ĖÄ‚ĖÄ‚ĖÄ‚ĖÄ‚ĖÄ‚ĖÄ‚ĖÄ‚ĖÄ‚ĖÄ‚ĖÄ‚ĖÄ‚ĖÄ‚ĖÄ‚ĖÄ‚ĖÄ‚ĖÄ‚ĖÄ‚ĖÄ‚ĖÄ‚ĖÄ‚ĖÄ‚ĖÄ‚ĖÄ‚ĖÄ‚ĖÄ‚ĖÄ‚ĖÄ‚ĖÄ‚ĖÄ‚ĖÄ‚ĖÄ‚ĖÄ‚ĖÄ‚ĖÄ‚ĖÄ‚ĖÄ‚ĖÄ‚ĖÄ‚ĖÄ‚ĖÄ‚ĖÄ‚ĖÄ‚ĖÄ‚ĖÄ‚ĖÄ‚ĖÄ‚ĖÄ‚ĖÄ‚ĖÄ‚ĖÄ‚ĖÄ‚ĖÄ‚ĖÄ‚ĖÄ‚ĖÄ‚ĖÄ‚ĖÄ‚ĖÄ‚ĖÄ‚ĖÄ?‚ĖÄ‚ĖÄ
   ‚Ėą                                                                       ‚Ėą
   ‚Ėą ? ?I The VCD Workshop Presents:                                       ‚Ėą
   ‚Ėą                                                                       ‚Ėą
   ‚Ėą  ?  ? ?I                  Office Space *FS*                   I? ?  ?   ‚Ėą
   ‚Ėą                         ?  ? ??IIIIIII?? ?  ?                         ‚Ėą
   ‚Ėą  UIEIIIIII???????? ?  ?                       ?  ? ????????IIIIIIEI‚Ēź  ‚Ėą
   ‚Ėď  EI‚ĒľIEIIIIIIIIIIIIIII???????????????????????????IIIIIIIIIIIIIIIEI‚ĒľI‚ēĚ  ‚Ėą
   ‚Ėí    IIU           ?  ? ?I Release Information I? ?  ?           AI1    ‚Ėą
   ‚ĖĎ    ‚ēĎ                    ?  ? ??IIIIIII?? ?  ?                    ‚ēĎ    ‚Ėą
   :    ‚ēĎ          genre: Comedy                  size: 2 cds-80min   ‚ēĎ    ‚Ėą
   ¬∑    ‚ēĎ         source: Dvd                  disc1/2: 52/50 rars    ‚ēĎ    ‚Ėď
        ‚ēĎ    type/format: Svcd/Mpeg2                                  ‚ēĎ    ‚Ėí
   ¬∑    ‚ēĎ    imdb rating: 7.5/10                                      3    ‚ĖĎ
        ‚ēĎ        runtime: 89  mins        release date: Aug 09 2003   3    :
        ‚ēĎ         screen: no/subtitles  theatrical rel: Feb 19 1999   3    ¬∑
   ¬∑    3          rated: R              dvd storedate: Aug 27 2002   3
        3                                                             ‚ēĎ    ¬∑
        3                ?  ? ?I Video / Audio I? ?  ?                EI‚Ēź
   ¬∑    3                    ?  ? ??IIIIIII?? ?  ?                  ‚ēĒ?II‚ēĚ
        ‚ēĎ      V-encoder: TmpGenc           A-encoder: toolame      AI‚Ēź    ¬∑
   ¬∑    ‚ēĎ        bitrate: 2 pass VBR          bitrate: 224            ‚ēĎ
   :    AI‚Ēź  min avg max: 1150/2380/2520          khz: 44.1           ‚ēĎ
   ‚ĖĎ  ‚ēĒI?I‚ēĚ   resolution: 480x480            channels: 2/stereo       ‚ēĎ    ¬∑
   ‚Ėí  AI‚ēó      frames/ps: 29.76                imaged: vcdimager      3
   ‚Ėď    ‚ēĎ    multiplexed: bbmpeg                                      3    ¬∑
   ‚Ėą    3                                                             ‚ēĎ    :
   ‚Ėą    3                                                             ‚ēĎ    ‚ĖĎ
   ‚Ėą    II‚Ēź                                                         UI1    ‚Ėí
   ‚Ėą  ‚ēĒIIIEIIIIIIIIIIIIIII???????????????????????????IIIIIIIIIIIIIIIEI‚ĒľI‚ēó  ‚Ėď
   ‚Ėą  AIEIIIIII????????    ?  ? ?I Storyline I? ?  ?    ????????IIIIIIEIU  ‚Ėą
   ‚Ėą                                                                       ‚Ėą
   ‚Ėą    Comedic tale of company workers who hate their jobs and decide to  ‚Ėą
   ‚Ėą    rebel against their greedy boss.                                   ‚Ėą
   ‚Ėą                                                                       ‚Ėą
   ‚Ėą                                                                       ‚Ėą
   ‚Ėą                                                                       ‚Ėą
   ‚Ėą                                                                       ‚Ėą
   ‚Ėą                                                                       ‚Ėą
   ‚Ėą                                                                       ‚Ėą
   ‚Ėą ? ?I starring: Ron Livingston, Jennifer Aniston                       ‚Ėą
   ‚Ėą                                                                       ‚Ėą
   ‚Ėą                                                                       ‚Ėą
   ‚Ėą ? ?I usimdb url: http://us.imdb.com/Title?0151804                     ‚Ėą
   ‚Ėą                                                                       ‚Ėą
   ‚Ėą                                                                       ‚Ėą
   ‚Ėą                                                                       ‚Ėą
   ‚Ėą ? ?I Release Notes:                                                   ‚Ėą
   ‚Ėą                                                                       ‚Ėą
   ‚Ėą                                                                       ‚Ėą
   ‚Ėą                                                                       ‚Ėą
   ‚Ėą ? ?I Group Greets and Shouts: EViLiSO DVNVCD TcS DEViANCE BamVcd      ‚Ėą
   ‚Ėą ? ?   MBvCD ¬∑ and all others who make the SVCD scene possible,..  ? ? ‚Ėą
   ‚Ėą ‚Ėą?? ?  ?   ?      ?                               ?      ?   ?  ? ??‚Ėą ‚Ėą
  ??‚ĖÄ?????????????????????????????????????????????????????????????????????‚ĖÄ??
   ‚ĖÄ                                                   .o¬∑ nfo by N ¬∑o.    ‚ĖÄ
