███████████████████████████████████████████████████████████████████████████████
███████████▀░░ ▄▄▄▄▄▄  ▄░ ▀████████████████████████████████████████████████████
███████▀▀░░▄░██▓▀▄██▄▄▓ ▄▀▓ ▐██████████████████████████████████████████████████
█████▀ ▄▀░▓░▓██▌███▒▓▓ ▄▌ ▐ ▐▐█████████████████████████████████████████████████
████░ ██▌▓▐▓███▐██▒▓▌▌▐█   ▀  ▄████████████████████████████████████████████████
▓██░█▌███▌▒███▓██░██▐▓▐ ▌      ▐████████████████████▀▀            ▀▀▀██████████
██░██▐████▓█████░█▓█▐▓ ▌▓       ██████████████████▀                    ▀███████
█░░████████████▌▌██▀▌▓░▐▐       ████████████████▓                        ▓█████
░█▌██▐███▓███▐█▐▐▐▄██░▓▌▐       ▐██████████████▓                          ▓████
█▓▌██▌███████▐░█▓▐███ ▐ ▓        ██████████████                            ▓███
█████████████▌▌██▌█▌█ ▓  ▌       █████████████▌                             ███
█▓███▌█████▌█▌█▐██▐▓▐ ▌▌  ▄▄▄▄    ████████████   ▄▄ ▄                       ▐██
█████▌██████▐█▐██▓▐░▐ ▓▌ ▀▀▀███▓  ▐██████████▓  ██▓▓██▓                     ▐██
██████▐███▌█▐█▌██▒▐ ▓ ▌▐ ▀██████▓▐ ██████████  ███████▓▒             ▄▄    ▀▓██
▓█████████▓▐▌█▌██░█ ▓ ▐ ▓ ▄▀███▀ ▐▐█████████▌▌  ██▀                 ▄▄▄▀▓    ██
████▌███████▌█▐▐█▄▓ ▐  ▌ ▌ ▀▀▀    ▀█████████▌▀                     ▓▀  ▓▐▌   ▐█
▓███▌█████▐▌█▓▐█▌█▌  ▌ ▌ ▐         ▀███████▀                      ▐     ▐▌   ▐█
▒████▐████▐▐█▌██▌▐█  ▌▐             ▀█████                        ▌     ▓█▄  ██
▓████░████▌███▐██░█ ▀ ▐   ▌   ▌      █████ ▄██▄ ▌                    ▄▀     ▀██
█▓██▌▌▌███▐█████▐▓▐   ▌       ▓▄▓██ ▄██████▀█▀▀▀                 ▄▄▄▓▀       ██
█▌██▐▌░███▌██▌██▌█▓▌      ▌     ▀▀▄█████████                  ░  ▀▓▀ ▓       ▐█
██░█▐█▐▐███▐██░██▓▐█  ▌   ▌  ▄▄  ▐▐████████▄█▄▄              ▒░░    ▀         █
███▐▌█▐▌███▌███▐██ ▓▌ ▐   ▐░▓████ ▐████████▀                ▒▓▒▒              ▐
███▐██▌█▐██▌▓▐█▌██▌▐▌  ▌   ▓▀  ▄▀▌▓███████▌▄            ▄▄▓███▓▓              ▐
██▌▐███████▌█░█▓▐▌█░█▐ ▌▌     ▄▄▓▐████████▌█▓▄        ▄████████▒
█▀▄█████▌██▐██▐█▓▐▌▌█ ▌▌▌ ░ ▌▀█▓▌▐█████████▀         ▓█████████
█▀▀▀ ▀▄▓▐█████▐█▐██░███ ▓▓▒▒▐  ▀▄██████████         ▓██████████
        ██▐███▌██▌██▄▀█▐███▓▌▓▄  █████████▌▐▄   ▄▄████████████▌ ▄             ▐
       ▀▓█▐▓███ ██▐███▐▐██▓█▓▐▓▌ ▐████████▌▐██▓████████████████▀             ▐█
         ▄▓▀▄█████████▌██████▐▓█▄██████████▄██████████████████▓              ▌█
        ▀  ▄▄▀▀▄██████▐██████▐██████████████▄█▀▀█████████████▓              ▐ █
          ▀ ▀██▄▄▌███▓██████▌████████████████████▄▄▀███████▓▄▄▀             ▌▐▓
              ▀▌██▐███▐█▌███▐███████████████████████████████▓▄             ▓ █▓
                ██▐███▌██▐█▌██████████████████████████▐█████▀             ▓ ▐▓░
               ▀ ▓▐███▐███████████████████████████████▌███▓              ▓ ▄█▓
                  ▐██▌██████▐█████████████████████████▌██               ▓ ▄█▓░
                 ▄▀ █████████████████████████████████▀▌▀              ▄▀ ▄█▓░
                     ▓█████████████████████████████▀▄▓              ▄▀ ▄██▓░
                      ████████████████████████████ █▓            ▄▓▀ ▄██▓▒░
                       ▓█████████████████████████ █▓         ▄▄▀▀  ▄██▓▒░
                        ▀███████████████████████ █▓      ▄▄▀▀  ▄▄███▓▒░
                          ▓████████████████████ █▓   ▄▄▀▀  ▄▄████▓▓▒░
                           ▀██████████████████▌█▓▄▄▀▀  ▄▄████▓▓▓▒░
                             ▓███████████████▓▀▀▀▄▄▄▄████▓▓▓▒▒░
                              ▓████████████▀▓████████▓▓▓▒▒░
                               ▀██████████  ░▓▀▓▓▓▓▒▒░
                                ▀████████   ░▓
                                 ▓██████▌  ░▒▌
                                  ▀█████▄░░▒▓
                                   ▓███▓▀▓▓▀
                                    █▓█
                                    ▐▓▌
                                     ▒
                                     ░

                ▄▄▄▄▄▄            ▄▄▄▄▄▄           ▄▄▄▄▄▄
              ▄▀▀██▀ ▀█▓        ▄▀▀██▀ ▀█▓     ▄▄█████▀ ▀█▓
                  ███░▒█▌  ▓█▄      ███░▒█▌ ▄████▀▀█████░▒█▌
                  ▐███▓██   ██▌     ▐███▓█▌███▀     ▐████▓██
         ▄▄       ██████▓  ▐██▌     ▐█████ ▓█▌       ██████▓
        ▐██      ▓██████   ███      ▐████▓ ▐██      ▓██████
         ██▌    ▓█████▓    ███      █████▌  ██▌    ▓█████▓
         ▐█▓ ▄▄██████▄▄▄   ▐██▌    ▓█████   ▐█▓ ▄▄██████▄▄▄   ▀
          █████████████▀▀█▄ ▓██▄▄▄██████▌    █████████████▀▀█▄
          ▐███▀▀    ▀███░▐█  ▀█████████▓     ▐███▀▀    ▀███░▐█
           ▓█▓       ███▄█▌       █████▌      ▓██       ███▄█▌
           ▐██▌     █████▓       ▐█████       ▐██▌     █████▓
            ███    █▀████        █▀███▌        ███    █▀████
             ▀    █░▐███▌       █░▐███          ▀    █░▐███▌
                 █▒░███▓       █▒░███▓              █▒░███▓
                ▐▒▒▒░██       ▐▒▒▒░██              ▐▒▒▒░██    presents..
                ▐▓▒▒▒▒▌       ▐▓▒▒▒▒▌              ▐▓▒▒▒▒▌
                 █▓▓▓█▄     ▄▓ █▓▓▓█▄            ▄▓ █▓▓▓█▄    ▄▓
                  ▀▀▀▀▀▀▀▀▀▀▀   ▀▀▀▀▀▀▀▀▀▀▀▀▀▀▀▀▀▀   ▀▀▀▀▀▀▀▀▀▀
                   k  n  o  w       y  o  u  r       r  o  l  e

   · ··--─-─-──────────────────────────────────────────────────────-─-─--·· ·
        WWE.Bret.Hart.Appreciation.Night.2013.05.27.720p.HDTV.x264-KYR
   · ··--─-─-──────────────────────────────────────────────────────-─-─--·· ·
       ▄▄▄▄▄▄▄▄▄▄  ▄▄▄▄▄▄▄▄▄▄▄▄▄▄▄▄  ▄▄▄▄▄▄▄▄▄▄▄▄▄▄
      █▀▄░█▀▄░█ █▓█▀▄░█░▄▀█ ▄▄█▀▄░█  █▄█▀▄░█▀▄▄█░▄▀█
   ┌──█ ▀▄█ ▄██ █▓█ ▄██ ▄ █▄▄░█ ▄█▀──█ █ █ █ ▄██ █ █──────────────────·· ·
   │  █ █ █▄▀▀█▄▀▀█▄▀▀█▄█ █▄▀ █▄▀▀█  █ █▄█ █░█▓█ ▀ █
   │  ▀▀▀▀▀▀▀▀▀▀▀▀▀▀▀▀▀ ▀▀▀▀▀▀▀▀▀▀▀  ▀▀▀ ▀▀▀▀▀ ▀▀▀▀▀
   │
   │         title·[ WWE Bret Hart Appreciation Night
   │         genre·[ Wrestling
   │     rel. date·[ 5/28/2013                  format·[ x264
   │      air date·[ 5/27/2013                  source·[ HDTV
   │       runtime·[ 31mn 19s 479ms            bitrate·[ 4003kbps
   │      filesize·[ 1051610276                resolu.·[ 1280x720
   │     rar count·[ 24x50MB (1 003 MiB)        frames·[ 29.970
   │                                             audio·[ 2 channels AC-3 384 Kbps 48.0 KHz
   │                                          location·[ USA
   │
   │                   ▄▄▄▄▄▄▄▄▄▄  ▄▄▄▄▄▄▄▄▄▄▄▄▄▄▄▄   ▄▄▄▄▄▄▄▄▄▄▄▄▄▄▄▄▄▄▄▄
   │                  █▀▄░█▀▄░█ █▓█▀▄░█░▄▀█ ▄▄█▀▄░█  █▀▄░█░▄▀█▄ ▄█▀▄░█ ▄▄█
   │        · ··─────-█ ▀▄█ ▄██ █▓█ ▄██ ▄ █▄▄░█ ▄█▀──█ █ █ █ ██ ██ ▄██▄▄░█──┤
   │                  █ █ █▄▀▀█▄▀▀█▄▀▀█▄█ █▄▀ █▄▀▀█  █ █ █ ▀ ██░██▄▀▀█▄▀ █  │
   │                  ▀▀▀▀▀▀▀▀▀▀▀▀▀▀▀▀▀ ▀▀▀▀▀▀▀▀▀▀▀  ▀▀▀▀▀▀▀▀▀▀▀▀ ▀▀▀▀▀▀▀▀  │
   │                                                                        │
   │   Immediately after RAW goes off the air tonight in Calgary,           │
   │   WWE will present ôBret Hart Appreciation Nightö in the first-ever    │
   │   Raw Post-Show, paying tribute to the five-time WWE Champion's        │
   │   illustrious career.                                                  │
   │                                                                        │
   │                                                                        │
   │                                                                        │
   │                                                                        │
   │                                                  Enjoy!                │
   │                                                                        │
   │                                                                        │
   │                                                                        │
   │                                                                        │
   │   ▄▄▄▄▄▄▄▄▄▄▄  ▄▄▄▄▄▄▄  ▄▄▄▄▄▄▄▄▄▄▄▄▄▄                                 │
   │  █▀▄░█▀▄░█░▄▀█▀█░█▀▄░█  █▄█▀▄░█▀▄▄█░▄▀█                                │
   ├──█ ▌▀█ ▀▄█ █ █ █ █ ▀ █──█░█ █ █ ▄██ █ █──────────────-─────·· ·        │
      █ ▀ █ █ █ ▀ █ ▀ █ █▀▀  █ █ █ █░█▓█ ▀ █                                │
      ▀▀▀▀▀▀▀▀▀▀▀▀▀▀▀▀▀▀▀    ▀▀▀▀▀▀▀▀▀ ▀▀▀▀▀                                │
                                                                            │
      • group info                                                          │
                                                                            │
                Know Your Role and Shut Your Mouth!                         │
                                                                            │
      • we are now looking for...                                           │
                                                                            │
                nothing. unless you're good.then find us.                   │
                                                                            │
      • KYR respects...                                                     │
                                                                            │
                everyone keeping it real and oldschool. we love ya!         │
                                                                            │
                          ▄ ▄▄▄▄▄▄▄▄ ▄▄▄▄▄▄▄▄▄▄▄▄▄▄▄                        │
                         ▄▄▄▄▓ ▄▄▄ █▄▓ ▄▄▄ ▄▄▄▄▄▄▄ ▓▌                       │
  · ··─────--────────────█ ▄▄ ▌▐██▌▄▄ ▌▐██▌▀▀  ▐██▌▐█ ──────────────────────┤
                         █ ██ ▄██▀ ██ ▄██▓ ██ ▄██▀ █▌    K N O W            │
   ascii crafted by      █ ████▓▄  ▐██▓▀ ▄ ████▓▄ ▀█                        │
                         █ ██ ▀██▓  ██ ▄▓█ ██ ▀██▓ ▓▌       Y O U R         │
        h8`!HiGHONASCii  █ ██ ▌▐██▌ ██ █ █ ██ ▌▐██▌▐█                       │
                         █ █▓ █ ██▓ █▓ █ █ █▓ █ ██▓ █           R O L E     │
  · ··─-─----────────────█▄▄▄▄▓▄▄▄▄▄▄▄▄▓ █▄▄▄▄▓▄▄▄▄▄▓ ──────────────────────┘
     ▄▄▄▄▄▄▄▄▄▄▄▄▄▄▄▄    ▄▄▄▄▄▄▄▄▄▄  ▄▄▄▄▄▄▄▄▄▄▄▄▄▄▄▄▄▄▄▄   ▄▄▄ ▄▄▄▄▄▄▄
  ░▒▓█▄▄ █ ▄▀█ ▄▀█ ▄▀█▓▓█▀▄░█▀▄░█ █▓█▀▄░█░▄▀█ ▄▄█▀▄░█ ▄▄█▓▓█░▄▀█▀▄░█░▄▀█▓▒░
 ░ ░▒█░█ █ █ █ █ █ █ █+▒█ ▀▄█ ▄██ █▒█ ▄██ ▄ █▄▄░█ ▄██▄▄░█▒▒█ ▄ █ █ █ █ █▒░ ░
  ░▒▓█▓█ █▄▀░█▄▀░█▄▀░█▓▓█ █ █▄▀▀█▄▀▀█▄▀▀█▄█ █▄▀ █▄▀▀█▄▀ █▓▓█▄█ █▄█ █ ▀▄█▓▒░
     ▀▀▀▀▀▀▀▀▀▀▀▀▀▀▀▀▀  ▀▀▀▀▀▀▀▀▀▀▀▀▀▀▀▀▀ ▀▀▀▀▀▀▀▀▀▀▀▀▀▀▀    ▀▀▀ ▀▀▀▀▀▀
                    ▄▄▄▄▄▄▄  ▄▄ ▄▄▄▄▄▄▄▄▄▄▄▄▄▄▄▄▄▄▄▄▄▄▄▄
               ░▒▓▓█▀▄ █░▄▀█▀█░█▀▄░█▄ ▄█▄█▀▄░█▀▄░█░█░█░█▓▓▒░
              ░ ░▒▒█ ███ █ █ █ █ █ ██ ██░█ █ █ ▌▀█ █ █ █▒▒░ ░
               ░▒▓▓█▄▀░█ ▀ █ ▀ █▄█ ██░██ █ █ █░▀ █▀█▀█▀█▓▓▒░
                    ▀▀▀▀▀▀▀▀▀▀▀▀ ▀▀▀▀▀▀▀▀▀▀▀▀▀▀▀▀▀▀▀▀▀
