ÔĽŅ
                                                             ‚ĖĄ‚ĖĄ            
           ‚Ėą‚Ėą‚Ėą‚Ėą‚Ėą‚Ėą‚Ėą‚Ėą        ‚Ėą‚Ėą‚Ėą          ‚Ėą‚Ėą‚Ėą‚Ėą               ‚Ėą‚Ėą‚ĖÄ‚ĖĎ‚Ėą‚Ėą‚ĖĄ                   
         ‚Ėą‚Ėą‚Ėą‚Ėą‚Ėą‚Ėą‚Ėą‚Ėą‚Ėą‚Ėą‚Ėą‚Ėą      ‚Ėą‚Ėą‚Ėą‚Ėí       ‚Ėą‚Ėą‚Ėą‚Ėą‚Ėą‚Ėą‚Ėą               ‚Ė†‚ĖĄ  ‚ĖÄ‚Ėą‚ĖĎ                  
        ‚Ėą‚Ėą‚Ėą‚Ėą‚Ėą‚Ėą‚Ėą‚Ėą‚Ėą‚Ėą‚Ėą‚Ėą‚Ėą‚Ėą     ‚Ėą‚Ėą‚Ėą‚Ėí     ‚Ėą‚Ėą‚Ėą‚Ėą‚Ėą‚Ėą‚Ėą‚Ėą‚Ėą‚Ėą‚Ėą             ‚ĖÄ‚ĖÄ‚ĖÄ‚Ėą ‚Ėą‚Ėą                  
       ‚Ėą‚Ėą‚Ėą‚Ėą‚Ėą‚Ėą‚Ėą‚Ėą‚Ėą‚Ėą‚Ėą‚Ėą‚Ėą‚Ėą‚Ėą‚Ėą    ‚Ėą‚Ėą‚Ėą‚Ėí    ‚Ėą‚Ėą‚Ėą‚Ėą‚Ėą‚Ėą‚Ėą‚Ėą‚Ėą‚Ėą‚Ėą‚Ėą‚Ėą  ‚Ėą‚Ėą‚Ėą‚Ėą     ‚ĖÄ‚ĖÄ‚ĖĄ‚ĖĄ‚ĖĄ‚ĖĎ‚ĖÄ‚ĖĄ                  
       ‚Ėą‚Ėą‚Ėą‚Ėą‚Ėą‚Ėą‚Ėą‚Ėą‚Ėą‚Ėą‚Ėą‚Ėą‚Ėą‚Ėą‚Ėą‚Ėą‚Ėí   ‚Ėą‚Ėą‚Ėą‚Ėí  ‚Ėą‚Ėą‚Ėą‚Ėą‚Ėą‚Ėą‚Ėą‚Ėą‚Ėą‚Ėą‚Ėą‚Ėą‚Ėą‚Ėą‚Ėą‚Ėą‚Ėą‚Ėą‚Ėą‚Ėą‚Ėą     ‚ĖĄ‚Ėą‚Ėą‚Ėď‚ĖÄ‚ĖÄ‚Ėď‚ĖĄ‚ĖĄ‚ĖĄ‚ĖÄ‚ĖÄ              
      ‚Ėą‚Ėą‚Ėą‚Ėą‚Ėą‚Ėą‚Ėą‚Ėą‚Ėą‚Ėą‚Ėą‚Ėą‚Ėą‚Ėą‚Ėą‚Ėą‚Ėą‚Ėą   ‚Ėą‚Ėą‚Ėą‚Ėí‚Ėą‚Ėą‚Ėą‚Ėą‚Ėą‚Ėą‚Ėą‚Ėą‚Ėą‚Ėą‚Ėą‚Ėą‚Ėą‚Ėą‚Ėą‚Ėą‚Ėą‚Ėą‚Ėą‚Ėą‚Ėą‚Ėą‚Ėí    ‚Ėď‚Ėą‚ĖÄsx‚Ėą‚Ėą‚ĖĄ‚Ėą‚ĖÄ                 
      ‚Ėą‚Ėą‚Ėí‚Ėí‚Ėí‚Ėí‚Ėí‚Ėą‚Ėą‚Ėą‚Ėą‚Ėą‚Ėą‚Ėą‚Ėą‚Ėą‚Ėą‚Ėą‚Ėí  ‚Ėą‚Ėą‚Ėą‚Ėą‚Ėą‚Ėą‚Ėą‚Ėą‚Ėą‚Ėí‚Ėí‚Ėą‚Ėą‚Ėą‚Ėą‚Ėą‚Ėą‚Ėą‚Ėą‚Ėą‚Ėą‚Ėą‚Ėą‚Ėą‚Ėí‚Ėí‚Ėí    ‚Ėą‚Ėą ‚Ėą‚ĖÄ‚ĖĎ‚Ėą‚ĖÄ  ‚ĖĄ‚Ė†‚ĖĄ              
      ‚Ėą‚Ėí      ‚Ėí‚Ėą‚Ėą‚Ėą‚Ėą‚Ėą‚Ėą‚Ėą‚Ėą‚Ėą‚Ėí  ‚Ėą‚Ėą‚Ėą‚Ėą‚Ėą‚Ėą‚Ėą‚Ėí‚Ėí‚Ėí  ‚Ėą‚Ėą‚Ėą‚Ėą‚Ėą‚Ėą‚Ėą‚Ėą‚Ėą‚Ėą‚Ėí‚Ėí‚Ėí       ‚ĖÄ‚Ėď‚ĖĄ‚ĖĄ‚ĖĄ‚ĖĄ‚Ėą‚Ėą‚Ėď‚ĖÄ                
               ‚Ėą‚Ėą‚Ėą‚Ėą‚Ėą‚Ėą‚Ėą‚Ėą‚Ėą‚Ėí‚Ėą‚Ėą‚Ėą‚Ėą‚Ėą‚Ėą‚Ėą‚Ėí‚Ėí‚Ėí     ‚Ėą‚Ėą‚Ėą‚Ėą‚Ėą‚Ėą‚Ėą‚Ėą‚Ėí‚Ėí              ‚ĖÄ‚ĖÄ‚ĖĄ‚ĖĄ‚ĖĄ‚ĖĎ‚ĖÄ‚ĖĄ             
                ‚Ėą‚Ėą‚Ėą‚Ėą‚Ėą‚Ėą‚Ėą‚Ėą‚Ėą‚Ėą‚Ėą‚Ėą‚Ėą‚Ėą‚Ėí‚Ėí‚Ėí       ‚Ėą‚Ėą‚Ėą‚Ėą‚Ėą‚Ėą‚Ėą‚Ėą‚Ėí                ‚ĖÄ‚ĖÄ‚ĖÄ‚Ėą ‚Ėą‚Ėą             
   ‚ĖĄ‚ĖĄ‚Ėą‚Ėą‚Ėď‚ĖÄ       ‚Ėą‚Ėą‚Ėą‚Ėą‚Ėą‚Ėą‚Ėą‚Ėą‚Ėą‚Ėą‚Ėą‚Ėą‚Ėą‚Ėą‚Ėí         ‚Ėą‚Ėą‚Ėą‚Ėą‚Ėą‚Ėą‚Ėą‚Ėą‚Ėí                ‚Ė†‚ĖĄ  ‚ĖÄ‚Ėą‚ĖĎ             
    ‚ĖÄ‚ĖÄ‚ĖĄ‚ĖĄ‚ĖĄ‚Ėď‚ĖÄ‚ĖĄ    ‚Ėą‚Ėą‚Ėą‚Ėą‚Ėą‚Ėą‚Ėą‚Ėą‚Ėą‚Ėą‚Ėí‚Ėą‚Ėą‚Ėą‚Ėí         ‚Ėą‚Ėą‚Ėą‚Ėą‚Ėą‚Ėą‚Ėą‚Ėą‚Ėí               ‚Ėą‚Ėą‚ĖÄ‚Ėď‚Ėą‚Ėą‚ĖĄ              
     ‚ĖÄ‚ĖÄ‚ĖÄ‚Ėą ‚Ėą‚Ėą    ‚Ėą‚Ėą‚Ėą‚Ėą‚Ėą‚Ėą‚Ėą‚Ėą‚Ėí‚Ėí‚Ėí‚Ėą‚Ėą‚Ėą‚Ėí         ‚Ėą‚Ėą‚Ėą‚Ėą‚Ėą‚Ėą‚Ėą‚Ėą‚Ėí                 ‚ĖĄ‚ĖĄ                 
     ‚Ė†‚ĖĄ‚ĖĎ‚ĖĎ‚ĖÄ‚Ėą‚Ėď    ‚Ėą‚Ėą‚Ėą‚Ėą‚Ėą‚Ėą‚Ėą‚Ėą‚Ėí  ‚Ėą‚Ėą‚Ėą‚Ėí         ‚Ėą‚Ėą‚Ėą‚Ėą‚Ėą‚Ėą‚Ėą‚Ėą‚Ėí        ‚Ėą                           
    ‚Ėą‚Ėą‚ĖÄ‚Ėď‚Ėą‚Ėą‚ĖĄ     ‚Ėą‚Ėą‚Ėą‚Ėą‚Ėą‚Ėą‚Ėą‚Ėą‚Ėí  ‚Ėą‚Ėą‚Ėą‚Ėí         ‚Ėą‚Ėą‚Ėą‚Ėą‚Ėą‚Ėą‚Ėą‚Ėą‚Ėí       ‚Ėą‚Ėą‚Ėą‚Ėą                         
      ‚ĖĄ‚ĖĄ        ‚Ėą‚Ėą‚Ėą‚Ėą‚Ėą‚Ėą‚Ėą‚Ėą‚Ėí  ‚Ėą‚Ėą‚Ėą‚Ėí         ‚Ėą‚Ėą‚Ėą‚Ėą‚Ėą‚Ėą‚Ėą‚Ėą‚Ėí      ‚Ėą‚Ėą‚Ėą‚Ėą‚Ėą‚Ėą                        
                ‚Ėą‚Ėą‚Ėą‚Ėą‚Ėą‚Ėą‚Ėą‚Ėą‚Ėí  ‚Ėą‚Ėą‚Ėą‚Ėí         ‚Ėą‚Ėą‚Ėą‚Ėą‚Ėą‚Ėą‚Ėą‚Ėą‚Ėí     ‚Ėą‚Ėą‚Ėą‚Ėą‚Ėą‚Ėą‚Ėą‚Ėą‚Ėą                      
                ‚Ėą‚Ėą‚Ėą‚Ėą‚Ėą‚Ėą‚Ėą‚Ėą‚Ėí  ‚Ėą‚Ėą‚Ėą‚Ėí         ‚Ėą‚Ėą‚Ėą‚Ėą‚Ėą‚Ėą‚Ėą‚Ėą‚Ėí    ‚Ėą‚Ėą‚Ėą‚Ėą‚Ėą‚Ėą‚Ėą‚Ėą‚Ėą‚Ėą‚Ėą‚Ėą‚Ėą                   
          Vatos ‚Ėą‚Ėą‚Ėą‚Ėą‚Ėą‚Ėą‚Ėą‚Ėą‚Ėí  ‚Ėą‚Ėą‚Ėą‚Ėí         ‚Ėą‚Ėą‚Ėą‚Ėą‚Ėą‚Ėą‚Ėą‚Ėą‚Ėí   ‚Ėą‚Ėą‚Ėą‚Ėą‚Ėą‚Ėą‚Ėą‚Ėą‚Ėą‚Ėą‚Ėą‚Ėą‚Ėą‚Ėą‚Ėą‚Ėą‚Ėą‚Ėą‚Ėą‚Ėą             
          ‚Ėą‚Ėą‚Ėą‚Ėą‚Ėą‚Ėą‚Ėą‚Ėą‚Ėą‚Ėą‚Ėą‚Ėą‚Ėą‚Ėą‚Ėí  ‚Ėą‚Ėą‚Ėą‚Ėí         ‚Ėą‚Ėą‚Ėą‚Ėą‚Ėą‚Ėą‚Ėą‚Ėą‚Ėí  ‚Ėą‚Ėą‚Ėą‚Ėą‚Ėą‚Ėą‚Ėí‚Ėą‚Ėą‚Ėą‚Ėą‚Ėą‚Ėą‚Ėą‚Ėą‚Ėą‚Ėą‚Ėą‚Ėą‚Ėą‚Ėí‚Ėí‚Ėí           
        ‚Ėą‚Ėą‚Ėą‚Ėą‚Ėą‚Ėą‚Ėą‚Ėą‚Ėą‚Ėą‚Ėą‚Ėą‚Ėą‚Ėą‚Ėą‚Ėą‚Ėí  ‚Ėą‚Ėą‚Ėą‚Ėą‚Ėą‚Ėą‚Ėą‚Ėą‚Ėą‚Ėą‚Ėą‚Ėą‚Ėą‚Ėą‚Ėą‚Ėą‚Ėą‚Ėą‚Ėą‚Ėą‚Ėą‚Ėí ‚Ėą‚Ėą‚Ėą‚Ėą‚Ėą‚Ėą‚Ėí‚Ėí‚Ėą‚Ėą‚Ėí‚Ėą‚Ėą‚Ėą‚Ėą‚Ėą‚Ėą‚Ėą‚Ėą‚Ėą‚Ėí‚Ėí‚Ėí            
       ‚Ėą‚Ėą‚Ėą‚Ėą‚Ėą‚Ėą‚Ėą‚Ėą‚Ėą‚Ėą‚Ėą‚Ėą‚Ėą‚Ėą‚Ėą‚Ėą‚Ėą‚Ėí  ‚Ėą‚Ėą‚Ėą‚Ėí‚Ėí‚Ėí‚Ėí‚Ėí‚Ėí‚Ėí‚Ėí‚Ėí‚Ėí‚Ėą‚Ėą‚Ėą‚Ėą‚Ėą‚Ėą‚Ėą‚Ėą‚Ėí‚Ėą‚Ėą‚Ėą‚Ėą‚Ėą‚Ėą‚Ėí‚Ėí‚Ėí‚Ėą‚Ėą‚Ėí‚Ėí‚Ėą‚Ėą‚Ėą‚Ėą‚Ėą‚Ėą‚Ėą‚Ėí‚Ėí‚Ėí             
      ‚Ėą‚Ėą‚Ėą‚Ėą‚Ėą‚Ėą‚Ėą‚Ėą‚Ėą‚Ėą‚Ėą‚Ėą‚Ėą‚Ėą‚Ėą‚Ėą‚Ėą‚Ėą‚Ėí  ‚Ėą‚Ėą‚Ėą‚Ėí  Locos  ‚Ėą‚Ėą‚Ėą‚Ėą‚Ėą‚Ėą‚Ėą‚Ėą‚Ėí‚Ėą‚Ėą‚Ėą‚Ėą‚Ėą‚Ėą‚Ėí‚Ėí ‚Ėą‚Ėą‚Ėí‚Ėí ‚Ėą‚Ėą‚Ėą‚Ėą‚Ėą‚Ėí‚Ėí               
     ‚Ėą‚Ėą‚Ėą‚Ėą  ‚Ėą‚Ėą‚Ėą‚Ėą‚Ėą‚Ėą‚Ėą‚Ėą‚Ėą‚Ėą‚Ėą‚Ėą‚Ėą‚Ėí  ‚Ėą‚Ėą‚Ėą‚Ėą‚Ėą‚Ėą‚Ėą‚Ėą‚Ėą‚Ėą‚Ėą‚Ėą‚Ėą‚Ėą‚Ėą‚Ėą‚Ėą‚Ėą‚Ėą‚Ėą‚Ėą‚Ėí‚Ėą‚Ėą‚Ėą‚Ėą‚Ėą‚Ėą‚Ėí‚Ėí ‚Ėą‚Ėą‚Ėí‚Ėí  ‚Ėą‚Ėą‚Ėą‚Ėí‚Ėí‚Ėí               
    ‚Ėą‚Ėą‚Ėą‚Ėą    ‚Ėą‚Ėą‚Ėą‚Ėą‚Ėą‚Ėą‚Ėą‚Ėą‚Ėą‚Ėą‚Ėą‚Ėą‚Ėí  ‚Ėą‚Ėą‚Ėą‚Ėí‚Ėí‚Ėí‚Ėí‚Ėí‚Ėí‚Ėí‚Ėí‚Ėí‚Ėí‚Ėą‚Ėą‚Ėą‚Ėą‚Ėą‚Ėą‚Ėą‚Ėą‚Ėí‚Ėą‚Ėą‚Ėą‚Ėą‚Ėą‚Ėą‚Ėí‚Ėí ‚Ėą‚Ėą‚Ėí‚Ėí    ‚Ėí‚Ėí‚Ėí                
     ‚Ėą‚Ėą‚Ėą     ‚Ėą‚Ėą‚Ėą‚Ėą‚Ėą‚Ėą‚Ėą‚Ėą‚Ėą‚Ėą‚Ėą‚Ėí  ‚Ėą‚Ėą‚Ėą‚Ėí        ‚Ėą‚Ėą‚Ėą‚Ėą‚Ėą‚Ėą‚Ėą‚Ėą‚Ėą‚Ėí‚Ėą‚Ėą‚Ėą‚Ėą‚Ėą‚Ėą‚Ėí‚Ėí ‚Ėą‚Ėą‚Ėí‚Ėí                       
      ‚Ėą‚Ėą‚Ėą     ‚Ėą‚Ėą‚Ėą‚Ėą‚Ėą‚Ėą‚Ėą‚Ėą‚Ėą‚Ėą‚Ėí  ‚Ėą‚Ėą‚Ėą‚Ėí      ‚Ėą‚Ėą‚Ėą‚Ėą‚Ėą‚Ėą‚Ėą‚Ėą‚Ėą‚Ėą‚Ėą‚Ėí‚Ėą‚Ėą‚Ėą‚Ėą‚Ėą‚Ėą‚Ėí‚Ėí ‚Ėą‚Ėą‚Ėí‚Ėí          ‚ĖĄ‚ĖĄ           
       ‚Ėą‚Ėą‚Ėą     ‚Ėą‚Ėą‚Ėą‚Ėą‚Ėą‚Ėą‚Ėą‚Ėą‚Ėą‚Ėí  ‚Ėą‚Ėą‚Ėą‚Ėí     ‚Ėą‚Ėą‚Ėą‚Ėą‚Ėą‚Ėą‚Ėą‚Ėą‚Ėą‚Ėą‚Ėą‚Ėą‚Ėí‚Ėą‚Ėą‚Ėą‚Ėą‚Ėą‚Ėą‚Ėí‚Ėí ‚Ėą‚Ėą‚Ėí‚Ėí        ‚Ėą‚Ėą‚ĖÄ‚ĖĎ‚Ėą‚Ėą‚ĖĄ        
         ‚ĖÄ      ‚Ėą‚Ėą‚Ėą‚Ėą‚Ėą‚Ėą‚Ėą‚Ėą‚Ėí  ‚Ėą‚Ėą‚Ėą‚Ėí    ‚Ėą‚Ėą‚Ėą‚Ėą‚Ėą‚Ėą‚Ėą‚Ėą‚Ėą‚Ėą‚Ėą‚Ėą‚Ėą‚Ėí‚Ėą‚Ėą‚Ėą‚Ėą‚Ėą‚Ėą‚Ėí‚Ėí ‚Ėą‚Ėą‚Ėí‚Ėí         ‚Ė†‚ĖĄ‚Ėą‚ĖÄ‚ĖÄ‚Ėą‚ĖĎ       
   ‚ĖĄ‚ĖĄ    ‚ĖÄ      ‚Ėą‚Ėą‚Ėą‚Ėą‚Ėą‚Ėą‚Ėą‚Ėą‚Ėí  ‚Ėą‚Ėą‚Ėą‚Ėí   ‚Ėą‚Ėą‚Ėą‚Ėą‚Ėí‚Ėí‚Ėą‚Ėą‚Ėą‚Ėą‚Ėą‚Ėą‚Ėą‚Ėą‚Ėí‚Ėą‚Ėą‚Ėą‚Ėą‚Ėą‚Ėą‚Ėí‚Ėí ‚Ėą‚Ėą‚Ėí‚Ėí         ‚ĖÄ‚ĖÄ‚ĖÄ‚Ėą ‚Ėą‚Ėą       
 ‚Ėą‚Ėą‚ĖÄ‚ĖĎ‚Ėą‚Ėą‚ĖĄ        ‚Ėą‚Ėą‚Ėą‚Ėą‚Ėą‚Ėą‚Ėą‚Ėą‚Ėí  ‚Ėą‚Ėą‚Ėą‚Ėí   ‚Ėą‚Ėą‚Ėą‚Ėí  ‚Ėą‚Ėą‚Ėą‚Ėą‚Ėą‚Ėą‚Ėą‚Ėą‚Ėí‚Ėą‚Ėą‚Ėą‚Ėą‚Ėą‚Ėą‚Ėí‚Ėí ‚Ėą‚Ėą‚Ėí‚Ėí Homies  ‚ĖÄ‚ĖÄ‚ĖĄ‚ĖĄ‚ĖĄ‚ĖĎ‚ĖÄ‚ĖĄ       
  ‚Ė†‚ĖĄ  ‚ĖÄ‚Ėą‚ĖĎ  ‚ĖĄ‚ĖĎ   ‚Ėą‚Ėą‚Ėą‚Ėą‚Ėą‚Ėą‚Ėą‚Ėą‚Ėí  ‚Ėą‚Ėą‚Ėą‚Ėí   ‚Ėą‚Ėą‚Ėą‚Ėí  ‚Ėą‚Ėą‚Ėą‚Ėą‚Ėą‚Ėą‚Ėą‚Ėą‚Ėí‚Ėą‚Ėą‚Ėą‚Ėą‚Ėą‚Ėą‚Ėí‚Ėí ‚Ėą‚Ėą‚Ėí‚Ėí   ‚ĖĎ‚ĖĄ  ‚ĖĄ‚ĖĄ‚Ėą‚Ėą‚Ėď‚ĖÄ‚Ėí‚ĖÄ        
  ‚ĖÄ‚ĖÄ‚ĖÄ‚Ėą ‚Ėą‚Ėą‚ĖÄ  ‚ĖÄ‚ĖĎ  ‚Ėą‚Ėą‚Ėą‚Ėą‚Ėą‚Ėą‚Ėą‚Ėą‚Ėí  ‚Ėą‚Ėą‚Ėą‚Ėí    ‚Ėą‚Ėą‚Ėą‚Ėí ‚Ėą‚Ėą‚Ėą‚Ėą‚Ėą‚Ėą‚Ėą‚Ėą‚Ėí‚Ėą‚Ėą‚Ėą‚Ėą‚Ėą‚Ėą‚Ėí‚Ėí ‚Ėą‚Ėą‚Ėí‚Ėí  ‚ĖĎ‚ĖÄ  ‚ĖÄ‚ĖĎ‚Ėą‚ĖÄ‚Ėą‚ĖĄ‚ĖĄ‚Ė†‚ĖĄ        
 ‚ĖÄ‚ĖÄ‚ĖĄ‚ĖĄ‚ĖĄ‚Ėď‚ĖÄ‚ĖĄ‚ĖÄ‚Ėą‚ĖĎ‚Ėą‚Ėď‚ĖÄ‚ĖÄ‚Ėą‚Ėą‚Ėą‚Ėą‚Ėą‚Ėą‚Ėą‚Ėą‚Ėí‚ĖÄ‚ĖÄ‚Ėą‚Ėą‚Ėą‚Ėí‚ĖÄ‚ĖÄ‚ĖÄ‚ĖÄ‚ĖÄ‚Ėą‚Ėą‚Ėą‚Ėí‚Ėą‚Ėą‚Ėą‚Ėą‚Ėą‚Ėą‚Ėą‚Ėą‚Ėí‚Ėą‚Ėą‚Ėą‚Ėą‚Ėą‚Ėą‚Ėí‚Ėí‚ĖÄ‚Ėą‚Ėą‚Ėí‚Ėí‚ĖÄ‚ĖÄ‚ĖÄ‚Ėď‚Ėą‚ĖĎ‚Ėą‚Ėą‚Ėą‚Ėą‚Ėą‚ĖÄ‚Ėď‚ĖÄ         
 ‚ĖĄ‚Ėą‚Ėą‚ĖĎ‚ĖÄ    ‚ĖĎ‚ĖÄ‚Ėą‚Ėď  ‚Ėą‚Ėą‚Ėą‚Ėą‚Ėą‚Ėą‚Ėą‚Ėą‚Ėí  ‚Ėą‚Ėą‚Ėą‚Ėí       ‚Ėí‚Ėí‚Ėą‚Ėą‚Ėą‚Ėą‚Ėą‚Ėą‚Ėą‚Ėą‚Ėí‚Ėą‚Ėą‚Ėą‚Ėą‚Ėą‚Ėą‚Ėí‚Ėí ‚Ėą‚Ėą‚Ėí‚Ėí   ‚ĖĎ‚Ėą‚ĖÄ‚ĖĎ‚Ėď‚ĖÄ‚ĖĎ‚ĖĄ‚ĖĄ‚ĖĄ‚ĖÄ‚ĖÄ‚ĖÄ       
‚ĖĎ‚Ėą‚ĖÄ  ‚ĖĄ‚Ė†‚ĖĄ‚Ėď‚ĖÄ‚ĖĄ‚ĖÄ‚ĖÄ‚ĖÄ‚ĖÄ‚ĖÄ‚Ėą‚Ėą‚Ėą‚Ėą‚Ėą‚Ėą‚Ėą‚Ėą‚Ėí‚ĖÄ‚ĖÄ‚Ėą‚Ėą‚Ėą‚Ėí‚ĖÄ‚ĖÄ‚ĖÄ‚ĖÄ‚ĖÄ‚ĖÄ‚ĖÄ‚ĖÄ‚ĖÄ‚Ėą‚Ėą‚Ėą‚Ėą‚Ėą‚Ėą‚Ėą‚Ėą‚Ėí‚Ėą‚Ėą‚Ėą‚Ėą‚Ėą‚Ėą‚Ėí‚Ėí‚ĖÄ‚Ėą‚Ėą‚Ėí‚Ėí‚ĖÄ‚ĖÄ‚ĖÄ‚ĖÄ‚ĖÄ‚ĖÄ‚ĖĄ‚ĖÄ‚Ėď‚Ėí‚ĖÄ‚ĖÄ           
‚Ėą‚Ėą ‚Ėą‚ĖÄ    ‚ĖÄ      ‚Ėą‚Ėą‚Ėą‚Ėą‚Ėą‚Ėą‚Ėą‚Ėą‚Ėí  ‚Ėą‚Ėą‚Ėą‚Ėí         ‚Ėą‚Ėą‚Ėą‚Ėą‚Ėą‚Ėą‚Ėą‚Ėą‚Ėí‚Ėą‚Ėą‚Ėą‚Ėą‚Ėą‚Ėą‚Ėí‚Ėí ‚Ėą‚Ėą‚Ėí‚Ėí       ‚ĖÄ‚Ėí‚Ėą‚Ėą‚Ėą‚ĖĄ‚Ėí‚ĖĄ        
 ‚ĖÄ‚Ėď‚ĖĄ‚ĖĄ‚ĖĄ‚ĖÄ‚ĖÄ        ‚Ėą‚Ėą‚Ėą‚Ėą‚Ėą‚Ėą‚Ėą‚Ėą‚Ėą‚Ėą‚Ėą‚Ėą‚Ėą‚Ėą‚Ėí         ‚Ėą‚Ėą‚Ėą‚Ėą‚Ėą‚Ėą‚Ėą‚Ėą‚Ėí‚Ėą‚Ėą‚Ėą‚Ėą‚Ėą‚Ėą‚Ėí‚Ėí ‚Ėą‚Ėą‚Ėí‚Ėí         ‚ĖÄ‚Ėď‚ĖĎ‚Ėą‚Ėą‚Ėď‚ĖĎ       
 ‚ĖĎ‚Ėď‚Ėí            ‚Ėą‚Ėą‚Ėą‚Ėą‚Ėą‚Ėą‚Ėą‚Ėą‚Ėą‚Ėą‚Ėą‚Ėą‚Ėą‚Ėą‚Ėą‚Ėą      ‚Ėą‚Ėą‚Ėą‚Ėą‚Ėą‚Ėą‚Ėą‚Ėą‚Ėą‚Ėą‚Ėď‚Ėą‚Ėą‚Ėą‚Ėą‚Ėą‚Ėą‚Ėí‚Ėí ‚Ėą‚Ėą‚Ėí‚Ėí             ‚Ėí‚Ėď‚ĖĎ       
 ‚ĖĎ‚Ėą‚Ėí             ‚Ėą‚Ėą‚Ėą‚Ėą‚Ėą‚Ėą‚Ėą‚Ėą‚Ėą‚Ėą‚Ėą‚Ėą‚Ėą‚Ėą‚Ėą‚Ėą   ‚Ėą‚Ėą‚Ėą‚Ėą‚Ėą‚Ėą‚Ėą‚Ėą‚Ėí‚Ėí‚Ėí‚Ėą‚Ėą‚Ėą‚Ėą‚Ėą‚Ėą‚Ėą‚Ėą‚Ėí‚Ėí ‚Ėą‚Ėą‚Ėí‚Ėí             ‚Ėí‚Ėą‚ĖĎ       
 ‚ĖĎ‚Ėą‚Ėí              ‚Ėą‚Ėą‚Ėą‚Ėą‚Ėą‚Ėą‚Ėą‚Ėą‚Ėą‚Ėą‚Ėą‚Ėą‚Ėą‚Ėą‚Ėą‚Ėą‚Ėą‚Ėą‚Ėą‚Ėą‚Ėą‚Ėą‚Ėą‚Ėí‚Ėí‚Ėí‚Ėí  ‚Ėą‚Ėą‚Ėą‚Ėą‚Ėą‚Ėą‚Ėą‚Ėą‚Ėí‚Ėí ‚Ėą‚Ėą‚Ėí‚Ėí             ‚Ėí‚Ėą‚ĖĎ       
 ‚ĖĎ‚Ėą‚Ėí               ‚Ėí‚Ėą‚Ėą‚Ėą‚Ėą‚Ėą‚Ėą‚Ėą‚Ėą‚Ėą‚Ėą‚Ėą‚Ėą‚Ėą‚Ėą‚Ėą‚Ėą‚Ėą‚Ėą‚Ėí‚Ėí‚Ėí‚Ėí     ‚Ėą‚Ėą‚Ėą‚Ėą‚Ėą‚Ėą‚Ėą‚Ėą‚Ėí‚Ėí ‚Ėą‚Ėą‚Ėí‚Ėí             ‚Ėí‚Ėą‚ĖĎ       
 ‚ĖĎ‚Ėą‚Ėí                 ‚Ėí‚Ėí‚Ėą‚Ėą‚Ėą‚Ėą‚Ėą‚Ėą‚Ėą‚Ėą‚Ėą‚Ėą‚Ėą‚Ėą‚Ėą‚Ėí‚Ėí‚Ėí        ‚Ėą‚Ėą‚Ėą‚Ėą‚Ėą‚Ėą‚Ėą‚Ėą‚Ėí‚Ėí ‚Ėą‚Ėą‚Ėí‚Ėí             ‚Ėí‚Ėą‚ĖĎ       
 ‚ĖĎ‚Ėą‚Ėí                    ‚Ėí‚Ėą‚Ėą‚Ėą‚Ėą‚Ėą‚Ėą‚Ėą‚Ėą‚Ėą‚Ėą‚Ėí‚Ėí          ‚Ėą‚Ėą‚Ėą‚Ėą‚Ėą‚Ėą‚Ėą‚Ėą‚Ėí‚Ėí ‚Ėą‚Ėą‚Ėí‚Ėí             ‚Ėí‚Ėą‚ĖĎ       
 ‚ĖĎ‚Ėą‚Ėí                      ‚Ėí‚Ėą‚Ėą‚Ėą‚Ėą‚Ėą‚Ėą‚Ėí‚Ėí‚Ėí           ‚Ėą‚Ėą‚Ėą‚Ėą‚Ėą‚Ėą‚Ėą‚Ėą‚Ėí‚Ėí ‚Ėą‚Ėą‚Ėí‚Ėí             ‚Ėí‚Ėą‚ĖĎ       
 ‚ĖĎ‚Ėą‚Ėí                        ‚Ėą‚Ėą‚Ėą‚Ėí‚Ėí‚Ėí             ‚Ėą‚Ėą‚Ėą‚Ėą‚Ėą‚Ėą‚Ėą‚Ėą‚Ėí‚Ėí ‚Ėą‚Ėą‚Ėí‚Ėí             ‚Ėí‚Ėą‚ĖĎ       
 ‚ĖĎ‚Ėą‚Ėí                         ‚Ėí‚Ėí‚Ėí               ‚Ėą‚Ėą‚Ėą‚Ėą‚Ėą‚Ėą‚Ėą‚Ėą‚Ėí‚Ėí ‚Ėą‚Ėą‚Ėí‚Ėí             ‚Ėí‚Ėą‚ĖĎ       
 ‚ĖĎ‚Ėą‚Ėí                                           ‚Ėą‚Ėą‚Ėą‚Ėą‚Ėą‚Ėą‚Ėą‚Ėą‚Ėí‚Ėí ‚Ėą‚Ėą‚Ėí‚Ėí             ‚Ėí‚Ėą‚ĖĎ       
 ‚ĖĎ‚Ėą‚Ėí                                           ‚Ėą‚Ėą‚Ėą‚Ėą‚Ėą‚Ėą‚Ėą‚Ėí‚Ėí‚Ėí ‚Ėą‚Ėą‚Ėí‚Ėí             ‚Ėí‚Ėą‚ĖĎ       
 ‚ĖĎ‚Ėą‚Ėí                                           ‚Ėą‚Ėą‚Ėą‚Ėą‚Ėą‚Ėą‚Ėí‚Ėí‚Ėí  ‚Ėą‚Ėą‚Ėí‚Ėí             ‚Ėí‚Ėą‚ĖĎ       
 ‚ĖĎ‚Ėą‚Ėí                                           ‚Ėą‚Ėą‚Ėą‚Ėą‚Ėą‚Ėí‚Ėí‚Ėí   ‚Ėą‚Ėą‚Ėí‚Ėí             ‚Ėí‚Ėą‚ĖĎ       
 ‚ĖĎ‚Ėą‚Ėí                ¬∑¬∑¬∑present's¬∑¬∑¬∑           ‚Ėą‚Ėą‚Ėą‚Ėą‚Ėí‚Ėí‚Ėí‚Ėí    ‚Ėą‚Ėą‚Ėí‚Ėí             ‚Ėí‚Ėą‚ĖĎ  ‚Ėą    
 ‚ĖĎ‚Ėą‚Ėí                                        ‚Ėą‚Ėą‚Ėą‚Ėą‚Ėą‚Ėí‚Ėí‚Ėí‚Ėí‚Ėą‚Ėą‚Ėą‚Ėą‚Ėą‚Ėą‚Ėą‚Ėą‚Ėą‚Ėą‚Ėą‚Ėą‚Ėą‚Ėą        ‚Ėí‚Ėą‚ĖĎ ‚Ėą‚Ėą ‚Ėí  
 ‚ĖĎ‚Ėą‚Ėí                                       ‚Ėą‚Ėą‚Ėą‚Ėą‚Ėą‚Ėí‚Ėą‚Ėą‚Ėą‚Ėą‚Ėą‚Ėą‚Ėą‚Ėą‚Ėą‚Ėą‚Ėą‚Ėą‚Ėą‚Ėą‚Ėą‚Ėą‚Ėą‚Ėą‚Ėą‚Ėą‚Ėą‚ĖĄ‚ĖĄ‚ĖĄ‚ĖĄ‚ĖĄ‚ĖĄ‚ĖĄ‚ĖĄ‚Ėą‚Ėą‚Ėą‚Ėí‚Ėí  
 ‚ĖĎ‚Ėą‚Ėí                                      ‚Ėą‚Ėą‚Ėą‚Ėą‚Ėą‚Ėą‚Ėą‚Ėą‚Ėą‚Ėą‚Ėą‚Ėą‚Ėą‚Ėą‚Ėą‚Ėą‚Ėą‚Ėą‚Ėą‚Ėą‚Ėą‚Ėą‚Ėą‚Ėą‚Ėą‚Ėą‚Ėą‚Ėą‚Ėą‚Ėą‚Ėą‚Ėą‚Ėą‚Ėą‚Ėą‚Ėą‚Ėą‚Ėą‚Ėí‚Ėí‚Ėí  
 ‚ĖĎ‚Ėą‚Ėí                                        ‚Ėí‚Ėí‚Ėí‚Ėí‚Ėí‚Ėą‚Ėą‚Ėą‚Ėą‚Ėą‚Ėą‚Ėą‚Ėą‚Ėą‚Ėą‚Ėą‚Ėą‚Ėą‚Ėą‚Ėą‚Ėą‚Ėą‚Ėą‚Ėą‚Ėą‚Ėą‚Ėą‚Ėą‚Ėą‚Ėą‚Ėą‚Ėą‚Ėą‚Ėą‚Ėą‚Ėą‚Ėą‚Ėí‚Ėí‚Ėí   
 ‚ĖĎ‚Ėą‚Ėí                                          ‚Ėí‚Ėí‚Ėí‚Ėí‚Ėí‚Ėí‚Ėí‚Ėí‚Ėí‚Ėí‚Ėí‚Ėí‚Ėí‚Ėí‚Ėí‚Ėí‚Ėí‚ĖÄ‚Ėą‚Ėą‚Ėą‚Ėą‚Ėą‚Ėą‚Ėą‚Ėą‚Ėą‚Ėą‚Ėą‚Ėą‚Ėą‚Ėą‚Ėą‚Ėí‚Ėí‚Ėí    
 ‚ĖĎ‚Ėą‚Ėí     The Quiet Family                                       ‚Ėí‚Ėą‚Ėą‚Ėą‚Ėą‚Ėą‚Ėą‚Ėą‚Ėą‚Ėą‚Ėą‚Ėą‚Ėą‚Ėí‚Ėí‚Ėí     
 ‚ĖĎ‚Ėą‚Ėí                                                              ‚Ėí‚Ėą‚Ėą‚Ėą‚Ėą‚Ėą‚Ėą‚Ėą‚Ėą‚Ėą‚Ėí‚Ėí‚Ėí      
 ‚ĖĎ‚Ėą‚Ėí                                                                ‚Ėí‚Ėą‚Ėą‚Ėą‚Ėą‚Ėą‚Ėą‚Ėí‚Ėí‚Ėí       
 ‚Ėď‚Ėą‚Ėą‚Ėą‚Ėď‚Ėď     ReleAsE DatE ....... 24.03.2006                            ‚Ėí‚Ėą‚Ėą‚Ėą‚Ėą‚Ėí‚Ėí‚Ėí        
  ‚ĖÄ‚Ėí‚ĖÄ‚Ėą‚Ėą     CiNeMa DatE ........ STV                                  ‚ĖĄ‚Ėí‚Ėą‚Ėą‚Ėí‚Ėí‚Ėí‚ĖÄ        
     ‚ĖĄ‚Ėą‚Ėą    DVD DatE ........... 23.03.2006                              ‚ĖÄ‚Ėí‚Ėí‚Ėí‚Ėí‚Ėí          
   ‚ĖĄ‚Ėí‚Ėą‚Ėą‚ĖÄ                                                               ‚ĖÄ‚Ėí‚Ėí‚Ėí‚ĖĄ         
  ‚ĖÄ‚Ėí‚ĖÄ‚Ėą‚Ėą‚ĖĎ‚Ėí‚ĖĄ  RuNTiMe............. 98 Min.                              ‚ĖĄ‚Ėí‚Ėí‚Ėą‚Ėą‚ĖÄ‚Ėí‚ĖÄ  
     ‚ĖĄ‚Ėą‚Ėą‚Ėí‚ĖÄ  GeNrE............... Komoedie/Drama                         ‚ĖÄ‚ĖĎ‚Ėą‚Ėą‚ĖĄ     
 ‚ĖĄ‚Ėď‚Ėď‚Ėą‚Ėą‚Ėą‚ĖÄ                                                               ‚ĖÄ‚Ėą‚Ėą‚Ėą‚Ėď‚Ėď‚ĖĄ 
 ‚Ėď‚ĖÄ‚ĖÄ‚Ėď‚ĖĎ‚Ėą‚ĖĄ‚ĖÄ‚ĖÄ‚ĖÄ‚ĖĄ                ‚ĖĄ                   ‚ĖĄ                  ‚ĖĄ‚ĖÄ‚ĖÄ‚ĖÄ‚ĖĄ‚Ėą‚Ėď‚ĖĎ‚ĖÄ‚ĖÄ‚Ėď 
 ‚ĖÄ‚Ėď‚ĖĎ‚Ėą‚Ėą‚ĖÄ‚Ėí‚Ėď‚ĖÄ‚ĖĄ ‚ĖÄ‚ĖĄ‚ĖĄ          ‚ĖĄ‚ĖĄ‚ĖÄ‚ĖÄ‚ĖÄ‚ĖĄ‚ĖĄ             ‚ĖĄ‚ĖĄ‚ĖÄ‚ĖÄ‚ĖÄ‚ĖĄ‚ĖĄ            ‚ĖĄ‚ĖĄ‚ĖÄ  ‚ĖÄ‚ĖĎ‚Ėí‚ĖÄ‚Ėą‚Ėą‚Ėď‚ĖĎ‚ĖÄ 
     ‚ĖÄ‚Ėą‚Ėą‚Ėí‚ĖĄ     ‚ĖÄ‚ĖÄ‚ĖÄ‚ĖĄ‚ĖĄ‚ĖĄ‚ĖĄ‚ĖÄ‚ĖÄ‚ĖÄ       ‚ĖÄ‚ĖÄ‚ĖÄ‚ĖĄ‚ĖĄ‚ĖĄ‚ĖĄ‚ĖĄ‚ĖĄ‚ĖĄ‚ĖÄ‚ĖÄ‚ĖÄ       ‚ĖÄ‚ĖÄ‚ĖÄ‚ĖĄ‚ĖĄ‚ĖĄ‚ĖĄ‚ĖĄ‚ĖĄ‚ĖÄ‚ĖÄ‚ĖÄ     ‚ĖĄ‚Ėą‚Ėą‚Ėą‚ĖÄ     
  ‚ĖĄ‚Ėí‚ĖĄ‚Ėą‚Ėą‚Ėí‚Ėí‚ĖÄ     ‚ĖÄ‚ĖÄ‚ĖÄ‚ĖĄ‚ĖĄ‚ĖĄ‚ĖĄ‚ĖÄ‚ĖÄ‚ĖÄ Rls     ‚ĖÄ‚ĖÄ‚ĖÄ‚ĖĄ‚ĖĄ‚ĖĄ‚ĖĄ‚ĖĄ‚ĖĄ‚ĖĄ‚ĖÄ‚ĖÄ‚ĖÄ inFO ‚ĖÄ‚ĖÄ‚ĖÄ‚ĖĄ‚ĖĄ‚ĖĄ‚ĖĄ‚ĖĄ‚ĖĄ‚ĖÄ‚ĖÄ‚ĖÄ     ‚ĖÄ‚Ėí‚Ėą‚Ėą‚Ėą‚ĖĄ‚Ėí‚ĖĄ  
 ‚ĖĎ‚Ėď‚Ėą‚Ėą‚Ėď‚ĖĎ‚ĖÄ    ‚ĖÄ‚ĖĄ‚ĖĄ          ‚ĖĄ‚ĖĄ‚ĖÄ‚ĖÄ‚ĖÄ‚ĖĄ‚ĖĄ             ‚ĖĄ‚ĖĄ‚ĖÄ‚ĖÄ‚ĖÄ‚ĖĄ‚ĖĄ            ‚ĖĄ‚ĖĄ‚ĖÄ    ‚ĖÄ‚Ėď‚ĖĎ‚Ėą‚Ėą‚Ėď‚ĖĎ 
 ‚ĖĎ‚Ėď‚Ėí‚Ėď‚ĖÄ ‚ĖĄ‚ĖÄ‚ĖÄ‚ĖÄ‚ĖĄ                ‚ĖĄ                   ‚ĖĄ                  ‚ĖĄ‚ĖÄ‚ĖÄ‚ĖÄ‚ĖĄ ‚ĖÄ‚Ėď‚Ėí‚Ėď‚ĖĎ 
 ‚ĖĎ‚Ėď‚Ėí‚Ėď‚ĖĄ                                                                   ‚ĖĄ‚Ėď‚Ėí‚Ėď‚ĖĎ 
 ‚ĖĎ‚Ėď‚Ėą‚Ėą‚Ėď‚Ėď‚ĖĄ     ViDeO............ 4 Pass CCE                                  ‚Ėď‚Ėą‚ĖĎ
 ‚ĖĎ‚Ėą‚Ėí         AuDiO............ 192 kbs                                     ‚Ėď‚Ėą‚ĖĎ
 ‚ĖĎ‚Ėą‚Ėí         SourCe........... RETAIL DVD                                  ‚Ėď‚Ėą‚ĖĎ     
 ‚ĖĎ‚Ėą‚Ėí         FormaT........... SVCD                                        ‚Ėď‚Ėą‚ĖĎ 
 ‚ĖĎ‚Ėą‚Ėí                                                                       ‚Ėď‚Ėą‚ĖĎ    
 ‚ĖĎ‚Ėą‚Ėí         iMDB-Link....... http://www.imdb.com/title/tt0188503/         ‚Ėď‚Ėą‚ĖĎ
 ‚ĖĎ‚Ėą‚Ėí         iMDB-Rating..... 7.2/10 (328 votes)                           ‚Ėď‚Ėą‚ĖĎ 
 ‚ĖĎ‚Ėą‚Ėí                                                                       ‚Ėď‚Ėą‚ĖĎ
 ‚ĖĎ‚Ėą‚Ėí                                                                       ‚Ėď‚Ėą‚ĖĎ
 ‚ĖĎ‚Ėą‚Ėí                                                                       ‚Ėď‚Ėą‚ĖĎ                                                                      
 ‚Ėď‚Ėď‚Ėą‚Ėą‚Ėą‚ĖÄ                                                               ‚ĖÄ‚Ėą‚Ėą‚Ėą‚Ėď‚Ėď‚ĖĄ 
 ‚Ėď‚ĖÄ‚ĖÄ‚Ėď‚ĖĎ‚Ėą‚ĖĄ‚ĖÄ‚ĖÄ‚ĖÄ‚ĖĄ                ‚ĖĄ                   ‚ĖĄ                  ‚ĖĄ‚ĖÄ‚ĖÄ‚ĖÄ‚ĖĄ‚Ėą‚Ėď‚ĖĎ‚ĖÄ‚ĖÄ‚Ėď 
 ‚ĖÄ‚Ėď‚ĖĎ‚Ėą‚Ėą‚ĖÄ‚Ėí‚Ėď‚ĖÄ‚ĖĄ ‚ĖÄ‚ĖĄ‚ĖĄ          ‚ĖĄ‚ĖĄ‚ĖÄ‚ĖÄ‚ĖÄ‚ĖĄ‚ĖĄ             ‚ĖĄ‚ĖĄ‚ĖÄ‚ĖÄ‚ĖÄ‚ĖĄ‚ĖĄ            ‚ĖĄ‚ĖĄ‚ĖÄ  ‚ĖÄ‚ĖĎ‚Ėí‚ĖÄ‚Ėą‚Ėą‚Ėď‚ĖĎ‚ĖÄ 
     ‚ĖÄ‚Ėą‚Ėą‚Ėí‚ĖĄ     ‚ĖÄ‚ĖÄ‚ĖÄ‚ĖĄ‚ĖĄ‚ĖĄ‚ĖĄ‚ĖÄ‚ĖÄ‚ĖÄ       ‚ĖÄ‚ĖÄ‚ĖÄ‚ĖĄ‚ĖĄ‚ĖĄ‚ĖĄ‚ĖĄ‚ĖĄ‚ĖĄ‚ĖÄ‚ĖÄ‚ĖÄ       ‚ĖÄ‚ĖÄ‚ĖÄ‚ĖĄ‚ĖĄ‚ĖĄ‚ĖĄ‚ĖĄ‚ĖĄ‚ĖÄ‚ĖÄ‚ĖÄ     ‚ĖĄ‚Ėą‚Ėą‚Ėą‚ĖÄ     
  ‚ĖĄ‚Ėí‚ĖĄ‚Ėą‚Ėą‚Ėí‚Ėí‚ĖÄ     ‚ĖÄ‚ĖÄ‚ĖÄ‚ĖĄ‚ĖĄ‚ĖĄ‚ĖĄ‚ĖÄ‚ĖÄ‚ĖÄ  PLOT  ‚ĖÄ‚ĖÄ‚ĖÄ‚ĖĄ‚ĖĄ‚ĖĄ‚ĖĄ‚ĖĄ‚ĖĄ‚ĖĄ‚ĖÄ‚ĖÄ‚ĖÄ       ‚ĖÄ‚ĖÄ‚ĖÄ‚ĖĄ‚ĖĄ‚ĖĄ‚ĖĄ‚ĖĄ‚ĖĄ‚ĖÄ‚ĖÄ‚ĖÄ     ‚ĖÄ‚Ėí‚Ėą‚Ėą‚Ėą‚ĖĄ‚Ėí‚ĖĄ  
 ‚ĖĎ‚Ėď‚Ėą‚Ėą‚Ėď‚ĖĎ‚ĖÄ    ‚ĖÄ‚ĖĄ‚ĖĄ          ‚ĖĄ‚ĖĄ‚ĖÄ‚ĖÄ‚ĖÄ‚ĖĄ‚ĖĄ             ‚ĖĄ‚ĖĄ‚ĖÄ‚ĖÄ‚ĖÄ‚ĖĄ‚ĖĄ            ‚ĖĄ‚ĖĄ‚ĖÄ    ‚ĖÄ‚Ėď‚ĖĎ‚Ėą‚Ėą‚Ėď‚ĖĎ 
 ‚ĖĎ‚Ėď‚Ėí‚Ėď‚ĖÄ ‚ĖĄ‚ĖÄ‚ĖÄ‚ĖÄ‚ĖĄ                ‚ĖĄ                   ‚ĖĄ                  ‚ĖĄ‚ĖÄ‚ĖÄ‚ĖÄ‚ĖĄ ‚ĖÄ‚Ėď‚Ėí‚Ėď‚ĖĎ 
 ‚ĖĎ‚Ėą‚Ėí                                                                       ‚Ėď‚Ėą‚ĖĎ     
 ‚ĖĎ‚Ėą‚Ėí                                                                       ‚Ėď‚Ėą‚ĖĎ
 ‚ĖĎ‚Ėą‚Ėí         Wochenlang wartet die sechsk√∑pfige Familie Tang               ‚Ėď‚Ėą‚ĖĎ                                                                                
 ‚ĖĎ‚Ėą‚Ėí         vergebens auf den ersten Gast f‚ĀŅr ihre Herberge am            ‚Ėď‚Ėą‚ĖĎ                                                                                
 ‚ĖĎ‚Ėą‚Ėí         beliebten Wanderpfad. Um so gr√∑‚ĖÄer das Entsetzen, als         ‚Ėď‚Ėą‚ĖĎ                                                                                
 ‚ĖĎ‚Ėą‚Ėí         schlie‚ĖÄlich der erste zahlende Gast gleich in der             ‚Ėď‚Ėą‚ĖĎ                                                                                
 ‚ĖĎ‚Ėą‚Ėí         ersten Nacht auf bizarre Weise per Suizid                     ‚Ėď‚Ėą‚ĖĎ                                                                                
 ‚ĖĎ‚Ėą‚Ėí         verscheidet. Um ‚ĒÄrger mit den Beh√∑rden und ‚ĀŅble               ‚Ėď‚Ėą‚ĖĎ                                                                                
 ‚ĖĎ‚Ėą‚Ėí         Nachrede zu vermeiden, beschlie‚ĖÄen die ő£lteren Kangs,         ‚Ėď‚Ėą‚ĖĎ                                                                                
 ‚ĖĎ‚Ėą‚Ėí         die Leiche zu verscharren und den Kindern nichts              ‚Ėď‚Ėą‚ĖĎ                                                                                
 ‚ĖĎ‚Ėą‚Ėí         davon zu erző£hlen. Einige prompt daraus resultierende         ‚Ėď‚Ėą‚ĖĎ                                                                                
 ‚ĖĎ‚Ėą‚Ėí         Morde spő£ter lő£‚ĖÄt sich nicht mehr viel vertuschen.            ‚Ėď‚Ėą‚ĖĎ                                                                                
 ‚ĖĎ‚Ėą‚Ėí                                                                       ‚Ėď‚Ėą‚ĖĎ   
 ‚ĖĎ‚Ėą‚Ėí                                                                       ‚Ėď‚Ėą‚ĖĎ     
 ‚ĖĎ‚Ėą‚Ėí                                                                       ‚Ėď‚Ėą‚ĖĎ     
 ‚ĖĎ‚Ėą‚Ėí                                                                       ‚Ėď‚Ėą‚ĖĎ     
 ‚ĖĎ‚Ėą‚Ėí                                                                       ‚Ėď‚Ėą‚ĖĎ     
 ‚ĖĎ‚Ėą‚Ėí                                                                       ‚Ėď‚Ėą‚ĖĎ     
 ‚ĖĎ‚Ėą‚Ėí                                                                       ‚Ėď‚Ėą‚ĖĎ     
 ‚ĖĎ‚Ėą‚Ėí                                                                       ‚Ėď‚Ėą‚ĖĎ     
 ‚ĖĎ‚Ėą‚Ėí                                                                       ‚Ėď‚Ėą‚ĖĎ              
 ‚ĖĎ‚Ėą‚Ėí                                                                       ‚Ėď‚Ėą‚ĖĎ       
 ‚ĖĎ‚Ėą‚Ėí                                                                       ‚Ėď‚Ėą‚ĖĎ         
 ‚ĖĎ‚Ėą‚Ėí                                                                       ‚Ėď‚Ėą‚Ėí     
 ‚Ėď‚Ėď‚Ėą‚Ėą‚Ėď‚Ėď‚ĖĄ                                                               ‚ĖĄ‚Ėď‚Ėď‚Ėą‚Ėą‚Ėď‚Ėď     
  ‚ĖÄ‚Ėí‚ĖÄ‚Ėą‚Ėą‚Ėí‚Ėí‚ĖĄ                    Greetz to all Vatos                   ‚ĖĄ‚ĖĎ‚ĖĎ‚Ėą‚Ėą‚ĖÄ‚Ėí‚ĖÄ      
     ‚ĖĄ‚Ėą‚Ėą‚Ėí‚ĖÄ                                                           ‚ĖÄ‚Ėí‚Ėą‚Ėą‚ĖĄ         
  ‚ĖÄ‚Ėí‚ĖÄ‚Ėą‚Ėą‚ĖĎ‚Ėí‚ĖĄ‚ĖÄ‚ĖĄ                ‚ĖĄ                   ‚ĖĄ                  ‚ĖĄ‚ĖÄ‚ĖĄ‚Ėí‚Ėí‚Ėą‚Ėą‚ĖÄ‚Ėí‚ĖÄ      
     ‚ĖĄ‚Ėą‚Ėą‚Ėí‚ĖÄ  ‚ĖÄ‚ĖĄ‚ĖĄ          ‚ĖĄ‚ĖĄ‚ĖÄ‚ĖÄ‚ĖÄ‚ĖĄ‚ĖĄ             ‚ĖĄ‚ĖĄ‚ĖÄ‚ĖÄ‚ĖÄ‚ĖĄ‚ĖĄ            ‚ĖĄ‚ĖĄ‚ĖÄ  ‚ĖÄ‚Ėí‚Ėą‚Ėą‚ĖĄ        
 ‚ĖĄ‚Ėď‚ĖĎ‚Ėą‚Ėą‚Ėą‚ĖÄ   ‚ĖĄ‚Ėď‚ĖĄ‚ĖÄ‚ĖÄ‚Ėí‚ĖÄ‚ĖĄ‚ĖĄ‚ĖĄ‚ĖĄ‚ĖÄ‚ĖÄ‚ĖÄ       ‚ĖÄ‚ĖÄ‚ĖÄ‚ĖĄ‚ĖĄ‚ĖĄ‚ĖĄ‚ĖĄ‚ĖĄ‚ĖĄ‚ĖÄ‚ĖÄ‚ĖÄ       ‚ĖÄ‚ĖÄ‚ĖÄ‚ĖĄ‚ĖĄ‚ĖĄ‚ĖĄ‚ĖĄ‚ĖĄ‚ĖÄ‚Ėą‚ĖÄ‚ĖÄ‚ĖĄ‚Ėď‚ĖĄ   ‚ĖÄ‚Ėą‚Ėą‚Ėą‚ĖĎ‚Ėď‚ĖĄ    
 ‚ĖĎ‚Ėď‚Ėą‚Ėą‚Ėą‚ĖĄ  ‚ĖĄ‚ĖĎ‚Ėą‚Ėą‚ĖĄ‚Ėą‚ĖĄ‚Ėą‚ĖĄ‚ĖĄ‚ĖĄ‚ĖĄ‚ĖĄ‚ĖĄ‚ĖĄ‚ĖĄ‚ĖĄ‚ĖĄ‚ĖĄ‚ĖĄ‚ĖĄ‚ĖĄ‚ĖĄ‚ĖĄ‚ĖĄ‚ĖĄ‚ĖĄ‚ĖĄ‚ĖĄ‚ĖĄ‚ĖĄ‚ĖĄ‚ĖĄ‚ĖĄ‚ĖĄ‚ĖĄ‚ĖĄ‚ĖĄ‚ĖĄ‚ĖĄ‚ĖĄ‚ĖĄ‚ĖĄ‚ĖĄ‚ĖĄ‚ĖĄ‚ĖĄ‚ĖĄ‚ĖĄ‚ĖĄ‚ĖĄ‚ĖĄ‚ĖĄ‚Ėą‚ĖĄ‚Ėą‚ĖĄ‚Ėą‚Ėą‚Ėď‚ĖĄ  ‚ĖĄ‚Ėą‚Ėą‚Ėą‚Ėď‚ĖĎ    
   ‚ĖÄ‚Ėí‚ĖÄ‚Ėą‚Ėą‚Ėí‚Ėí‚ĖĄ  ‚Ėď‚ĖÄ‚ĖĄ‚Ėą‚Ėą‚ĖÄ‚ĖÄ‚Ėą‚Ėą‚Ėą‚Ėď‚Ėí‚Ėí‚Ėą‚ĖĄ‚ĖÄ‚ĖĎ‚ĖĎ‚ĖĎ‚ĖĎ‚ĖĎ‚ĖĎ‚ĖĎ‚ĖĎ‚ĖĎ‚ĖĎ‚ĖĎ‚ĖĎ‚ĖĎ‚ĖĎ‚ĖĎ‚ĖĎ‚ĖĎ‚ĖĎ‚ĖĎ‚ĖĎ‚ĖÄ‚ĖĄ‚Ėą‚Ėď‚Ėí‚Ėí‚Ėď‚Ėą‚Ėą‚Ėą‚ĖÄ‚ĖÄ‚Ėą‚Ėą‚ĖĄ‚ĖÄ‚Ėď  ‚ĖĄ‚Ėí‚ĖĎ‚Ėą‚Ėą‚ĖÄ‚Ėí‚ĖÄ      
      ‚ĖĄ‚Ėą‚Ėą‚Ėí‚ĖÄ  ‚Ėď‚ĖÄ‚ĖÄ‚ĖÄ‚ĖÄ‚Ėą‚Ėą‚ĖÄ‚ĖÄ‚ĖĄ‚ĖĄ‚ĖĄ‚ĖĄ‚ĖĄ‚ĖĄ‚ĖĄ‚Ėą‚ĖĄ‚Ėą‚ĖĄ‚Ėą‚ĖĄ‚Ėą‚ĖĄ‚Ėą‚ĖĄ‚Ėą‚ĖĄ‚Ėą‚ĖĄ‚Ėą‚ĖĄ‚Ėą‚ĖĄ‚Ėą‚ĖĄ‚Ėą‚ĖĄ‚ĖĄ‚ĖĄ‚ĖĄ‚ĖĄ‚ĖĄ‚ĖĄ‚ĖÄ‚ĖÄ‚Ėą‚Ėą‚ĖÄ‚ĖÄ‚ĖÄ‚ĖÄ‚Ėď  ‚ĖÄ‚Ėí‚Ėą‚Ėą‚ĖĄ         
  ‚ĖĄ‚Ėď‚ĖĎ‚Ėą‚Ėą‚Ėą‚ĖÄ ‚ĖĎ ‚ĖĄ‚Ė†‚ĖÄ ‚ĖÄ‚ĖĄ‚ĖÄ‚Ė†‚ĖÄ NfO:               ‚ĖĄ‚Ėą‚Ėą   [S^X] 2006  ‚ĖÄ‚Ė†‚ĖÄ‚ĖĄ‚ĖÄ ‚ĖÄ‚Ė†‚ĖĄ ‚ĖĎ ‚ĖÄ‚Ėą‚Ėą‚Ėą‚Ėď‚Ėď‚ĖĄ    
  ‚Ėď‚ĖĎ‚Ėą‚Ėą‚Ėą‚ĖĄ  ‚ĖĄ‚Ėď‚Ėą‚ĖĄ‚ĖÄ‚Ėí‚ĖÄ‚Ėą‚ĖÄ‚Ėí‚ĖÄ ‚ĖÄ‚ĖÄ‚ĖÄ‚ĖÄ‚ĖÄ‚ĖÄ‚ĖÄ‚ĖÄ‚ĖÄ‚ĖÄ‚ĖÄ‚ĖÄ‚ĖÄ‚ĖÄ‚ĖĄ‚ĖĄ‚Ėą‚Ėą‚Ėą‚ĖÄ‚ĖÄ‚óė‚ĖĄ‚ĖĄ‚ĖĄ‚ĖĄ‚ĖÄ‚ĖÄ‚ĖÄ‚ĖÄ‚ĖÄ‚ĖÄ‚ĖÄ‚ĖÄ‚ĖÄ ‚ĖÄ‚Ėí‚ĖÄ‚Ėą‚ĖÄ‚Ėí‚ĖÄ‚ĖĄ‚Ėą‚Ėď‚ĖĄ  ‚ĖĄ‚Ėą‚Ėą‚Ėą‚Ėď‚Ėď     
   ‚ĖÄ‚ĖÄ‚Ėď‚Ėď‚Ėą‚Ėą‚Ėą‚Ėď‚Ėą‚ĖÄ‚ĖÄ‚Ėí‚ĖÄ‚ĖÄ‚ĖÄ‚ĖĄ‚ĖĄ‚ĖĄ‚ĖĄ‚ĖÄ‚ĖÄ‚ĖÄ‚Ėď ‚Ė¨‚ĖĄ‚ĖĄ‚ĖĄ‚ĖĄ‚ĖĄ   ‚ĖÄ‚Ėą‚Ėą‚Ėą‚Ėą‚Ėą‚ĖÄ‚ĖÄ‚ĖÄ ‚ĖÄ‚Ėą    ‚ĖÄ‚ĖÄ‚ĖÄ‚ĖĄ‚ĖĄ‚ĖĄ‚ĖĄ‚ĖĄ‚ĖĄ‚ĖÄ‚ĖÄ‚ĖÄ‚Ėí‚ĖÄ‚ĖÄ‚Ėą‚Ėď‚Ėą‚Ėą‚Ėą‚Ėď‚Ėď‚ĖÄ‚ĖÄ      
    ‚ĖÄ‚Ėď‚Ėď‚Ėą‚Ėą‚Ėą‚Ėď‚Ėą‚ĖÄ‚ĖĄ‚ĖĄ‚ĖÄ‚Ėą‚Ėą‚Ėą‚Ėď‚Ėď‚ĖĄ  ‚Ėď‚ĖĄ‚ĖĄ‚ĖÄ‚ĖÄ‚ĖÄ‚ĖÄ‚ĖÄ‚ĖÄ‚Ėą‚ĖĄ ‚Ėą‚Ėą‚Ėą‚Ėą‚ĖÄ      ‚ĖÄ‚Ėą‚ĖÄ‚ĖĄ‚ĖĄ     ‚ĖĄ‚Ėď‚Ėď‚Ėą‚Ėą‚Ėą‚ĖÄ‚ĖĄ‚ĖĄ‚ĖÄ‚Ėą‚Ėď‚Ėą‚Ėą‚Ėą‚Ėď‚Ėď‚ĖÄ       
       ‚ĖĄ‚ĖÄ‚ĖÄ‚ĖÄ‚ĖĄ‚ĖÄ‚ĖĄ  ‚ĖĄ‚Ėą‚Ėą‚Ėą‚Ėď‚Ėď            ‚Ėą‚Ėą‚Ėą‚Ėą‚Ėą‚Ėą       ‚ĖĄ‚Ėą      ‚ĖĄ    ‚Ėą‚Ėą‚ĖĄ  ‚ĖĄ‚ĖÄ‚ĖĄ‚ĖÄ‚ĖÄ‚ĖÄ‚ĖĄ          
           ‚ĖÄ‚Ėą‚Ėď‚Ėą‚Ėą‚Ėą‚Ėď‚Ėď‚ĖÄ‚ĖÄ             ‚Ėą‚Ėą‚Ėą‚Ėą‚Ėą‚Ėą      ‚ĖĄ‚Ėą‚Ėą‚Ėí     ‚ĖÄ ‚ĖÄ‚ĖĎ ‚Ėď‚Ėď‚Ėą‚Ėą‚Ėą‚Ėď‚Ėą‚ĖÄ              
           ‚ĖÄ‚Ėą‚Ėď‚Ėą‚Ėą‚Ėą‚Ėď‚Ėď‚ĖÄ     ‚ĖĄ‚Ėą‚ĖĄ     ‚ĖĄ‚Ėą‚Ėą‚Ėí‚Ėí ‚Ėą‚Ėą‚ĖĄ‚ĖĄ‚ĖĄ‚ĖĄ‚Ėą‚Ėą‚Ėą‚Ėą‚Ėą     ‚Ėą‚Ėą‚ĖĄ‚ĖÄ ‚Ėď‚Ėď‚Ėą‚Ėą‚Ėą‚Ėď‚Ėą‚ĖÄ              
           ‚ĖÄ‚ĖĄ‚ĖÄ‚Ėď‚Ėí‚ĖÄ         ‚Ėď‚Ėą‚Ėą‚Ėą‚Ėą‚Ėą‚Ėą‚Ėą‚Ėą‚ĖÄ   ‚Ėą‚Ėą‚Ėą‚Ėą‚Ėą‚Ėą‚Ėą‚Ėą‚ĖÄ‚ĖÄ‚Ėą ‚ĖĄ‚Ėą ‚ĖĄ‚Ėą‚Ėą‚Ėą‚Ėí   ‚ĖÄ‚Ėí‚Ėď‚ĖÄ‚ĖĄ‚ĖÄ              
                           ‚Ėą‚ĖÄ‚ĖÄ‚Ėą‚Ėą‚Ėą‚Ėą‚Ėí    ‚Ėą‚Ėą‚Ėą‚Ėą‚Ėą     ‚Ėď‚ĖĄ‚Ėą‚Ėą‚Ėą‚Ėą‚Ėą‚Ėą ‚Ėą‚Ėí                      
                              ‚Ėí‚Ėą‚Ėą‚Ėą‚Ėą‚Ėą‚ĖĄ‚Ėą‚Ėą‚Ėą‚Ėą‚Ėą‚Ėą‚Ėą‚ĖĄ    ‚ĖĄ‚Ėą‚Ėą‚Ėą‚Ėą‚Ėą‚Ėą‚Ėí‚Ėą             
                               ‚Ėą‚Ėą‚Ėą‚Ėą‚Ėą‚Ėą‚Ėą‚Ėą‚Ėą‚Ėą‚Ėą‚Ėą‚Ėą‚Ėą    ‚ĖÄ‚Ėą‚Ėą‚Ėą‚Ėą‚Ėą‚Ėą‚Ėą‚Ėą   
                               ‚Ėą‚ĖÄ ‚ĖÄ‚Ėą‚Ėą‚Ėą‚Ėą‚Ėą‚Ėą‚Ėą‚Ėą‚ĖÄ     ‚ĖĄ‚óė‚óė‚óė‚ĖÄ‚Ėí‚Ėí‚Ėí‚Ėą‚Ėď  
                            ‚Ėą‚Ėą  ‚óĄ ‚Ėą‚Ėď‚ĖĄ ‚Ėą ‚ĖÄ‚Ėą‚Ėą‚Ėí ‚Čą‚ĖĄ  ‚ĖĄ  ‚ĖÄ‚ĖÄ  ‚Čą‚Ėą‚Ėą‚ĖÄ 
                            ‚Ėą‚Ėą    ‚ĖÄ ‚Ėą ‚Ėą ‚Ėļ‚Ėí   ‚Ėą‚Ėą‚Ėļ       ‚óĄ‚Ėą‚Ėą   
                             ‚Ėą‚ĖĄ              ‚Ėą‚ĖÄ              
                             ‚Ėą‚Ėą‚Ėą‚ĖĄ    ‚Ėą      ‚Ėą                
                              ‚ĖÄ‚Ėą‚Ėą‚Ėą‚Ėą  ‚Ėą‚ĖĄ ‚ĖĄ‚ĖĄ‚Ėą‚Ėą‚Ėí                
                                ‚ĖÄ‚Ėą‚Ėą‚Ėą‚Ėą‚Ėą‚Ėą‚Ėą‚Ėą‚Ėą‚Ėą‚Ėí                 
                                  ‚ĖÄ‚Ėą‚Ėą‚ĖÄ‚ĖÄ‚Ėą‚Ėą‚Ėą‚Ėí                  
                                                             
                                                             
                                                             
                                                             
                                                             
                                                             
                                                             
