 ■LiN^03           ▐▌                                ▌▐
  !GK            █▓                                ▓█
                ██▌                                ▌██
              ▀██▓                                  ▓██▀
          ▀▀████▓                                    ▓████▀▀
        ██████▓▄░                                    ░▄▓██████
      ██████▓▄                                          ▄▓██████
    ██████▓▄░                                            ░▄▓██████
  ████▄██▓░ ░ 8b    d8 88 88""Yb    db     dP""b8 888888 ░ ░▓██▄████
 ▀███▄██▓░    88b  d88 88 88__dP   dPYb   dP   `" 88__      ░▓██▄███▀
 ███ ▐█▓░     88YbdP88 88 88"Yb   dP__Yb  Yb  "88 88""       ░▓█▐ ███
▀██▌ ██▓      88 YY 88 88 88  Yb dP""""Yb  YboodP 888888 TV   ▓██ ▌██▀
███ ▐██░                                                      ░██▐ ███
███ ▐██░                                                      ░██▐ ███
███ ▐██▓░        $$$$$$$$$$$$$$$$$$$$$$$$$$$$$$$$$$$$        ░▓██▐ ███
▄██▌ ███▓░       $$$           "$$P"              $$$       ░▓███ ▌██▄
 ███▀ ████▓░     $$             `$'             ,.  $     ░▓████ ▀███
  ████▀█████▓▒░  $$                     ,mdMMb ]MMML   ░▒▓█████▀████
   █████▀████▓▒  $$                  ,dMMMMPP   `YMMb  ▒▓████▀█████
     ███████▓▒   $$                dMMMMP' _     ]MMb   ▒▓███████
       ████▓▒    $$              dMMMMMM ,MMM    ]MMb    ▒▓████
         █▓▒     $$             dMMM'MMM dMMP    dMMP     ▒▓█
                 $$         .   MMM  MMM MMM[   dMMP
                 $$         $$.   .d'MMM.YMMM.,dMMP $
                 $$         $$$$,$$$ dMMb YMMMMMM'  $
                 $$         $$$$$$$$ `YMP  `"PP'   $$
                 $$$        $$$$$$$$              $$$
                 $$$$$$$$$$$$$$$$$$$$$$$$$$$$$$$$$$$$

     ▄▄██████▄▄▄▄                                   ▄▄▄▄██████▄▄
   ▄███▓▓▒░█████████▄▄▄                        ▄▄▄█████████░▒▓▓███▄
  ▄███▒░██████████████████▄▄              ▄▄██████████████████░▒███▄
  ███▒██▀▀     ▀▀▀█████████████▄▄▄  ▄▄▄█████████████▀▀▀     ▀▀██▒███
  █████   [M.TV]     ▀▀▀██████████████████████▀▀▀              █████
  ▐█▒█▌                     ▀▀▀████████▀▀▀              [M.TV] ▐█▒█▌
   ███▌                           ▀▀                           ▐███░
    ███                                                        ███
     ██▄                                                      ▄██
      ▀█▄              M i R A G E   T V   2 0 0 4           ▄█▀
        ▀              - - - - - -   - -   - - - -           ▀


     ┌──────────────────────────────·───────·─────────────·─────┐
     │                 ..:: RELEASE iNFO ::..                   │
     └────·────·─·─                                             ·
       PROGRAM............: Modern Marvels                      │
       PROGRAM TiTTLE.....: Codes                               │
       EPiSODE iNFO.......: Episode #129                        │
       RUNNiNG TiME.......: 00:45:00                            ·
       ORiGiNAL AiR DATE..: 05.21.2001                          │
       RELASE DATE........: 11.xx.2004                          │
       GENRE..............: Documentary                         │
       SOURCE.............: DVB Satellite Feed                  ·
     ┌──·────────────────────────────────·──────────────·───────┘
     │ ViDEO..............: 09/10
     · AUDiO..............: 09/10
     │ RELASE SiZE........: 23x15
     │ FORMAT.............: MPEG4 XviD 1.0.1
     │ RiPPER.............: TEAM MiRAGE
     │ AUDiO..............: 48Hz 16BiT STEREO
     · ENCODiNG...........: MPEG1 LEVEL III
     │ BiTRATE............: 320000 bps Max 128000 bps Avg
     └────·────·────────────────·────────────────────────────·──┐
       ASPECT.............: 4:3                                 │
       ViDEO BiTRATE......: 929000                              ·
       RATE CONTROL.......: 2 PASS VBR                          │
       RESOLUTiON.........: 512x384                             ·
     · FRAME RATE.........: 29.97 FPS                           │
     │ REGiON.............: NTSC                                │
     └────────·─────·──────────────────────────────·────────────┘


      [ URL ] http://www.historychannel.com/modernmarvels [ URL ]


     ┌──────────────────────────────·───────·─────────────·─────┐
     │                  ..:: STORY INFO ::..                    │
     │                           ·───·────·─·────·──────·───────┘
     │
     │
     ·

     Ahhhhhh do I ever miss the commies!  This is all that secret
     code shit America used in WWII & The Cold War to protect us
     from Hitler and Stalin, but their hard work was in vein b/c
     we just reelected an asshole 10x as bad as both Hitler & Stalin
     combined!  Hopefully, the church-goin idiots who fucked us again
     choke on their goddamn communion wafers.  Oh, and fuck all you
     Yankee fans too!  :o)

     ·
     │
     └─────·─────·───────────··───·────────────··


     ┌─────·─────────────·───────·──────────────────────────────┐
     │                 ..:: GROUP GREETZ ::..                   │
     └───────·──────·────·─·                                    │
                                                                │
                                                                │
          RAZOR 1911  ♦  SMUT  ♦  UGN  ♦  FLT  ♦  DVNVCD        ·
                                                                │
          QLTVCD  ♦  KALiSTO  ♦  FEVER   ♦   CENTROPY  ♦        │
                                                                │
          RSiSO  ♦  TCF  ♦  MAGE  ♦  DEViANCE  ♦  TDC  ♦        │
                                                                │
          FTV  ♦  SiNiSTER  ♦  BOOZERS  ♦  RETRO  ♦  MTV        ·
                                                                │
          <R.I.P> DOD  ♦  RiSCiSO  ♦  XC  ♦  RWZ  ♦  WLW        ·
                                                                │
                       ··────────────·──────────────·─────·─────┘


     ┌──────────────────────────────·───────·─────────────·─────┐
     │                 ..:: GROUP NOTES ::..                    │
     │                           ·───·────·─·────·──────·───────┘
     │
     │
     │  MiRAGE TV HAS NOTHiNG TO DO WiTH iSO/WAREZ/XBOX/PSX/MP3
     ·  OR ANY OTHER iLLEGAL FORMAT.   WE ONLY CAPTURE TV SHOWS
     │  FOR THOSE PEOPLE  THAT CAN NOT GET THESE  SHOWS OR JUST
     │  LiKE TO COLLECT OLD TV SHOWS. IF YOU HAVE ANY QUESTiONS
     ·  OR CONCERNS, PLEASE CONTACT US ViA THE iNFO BELOW......
     ·
     │
     │
     │  WWW....: WWW.FRESHMEAT.COM
     │  FTP....: 127.0.0.1 : 21
     │  EMAiL..: MiRAGETV@LiNUXMAiL.ORG
     │
     ·
     └─────·─────·───────────··───·────────────··


         ▄▀          ▄▄▄▄▄                   ▄▄▄▄▄          ▀▄
        ▐▌        ▄████████▄               ▄████████▄         ▌
        █ ░     ▄████████████  ASCii  BY  ████████████▄     ░ █
        █▄░░   ▄████▓▓▓▓▓████  L#4UXf$3K  ████▓▓▓▓▓████▄   ░░▄█
        ▐██▓▄▄█████▀▀   ▀▓▓██ OF: DiGiTAL ██▓▓▀   ▀▀█████▄▄▓██▐
         ▀██████▀         ▓▓▓  iLLUTiONS  ▓▓▓         ▀██████▀
           ▀▀▀             ▀▓ 1978 - 2001 ▓▀             ▀▀▀
