
                                  ▄▄▄▄▄
                                ▄▀░   ▀█▄
                              ▄▒▒░       ▀▄
                     ▄▄▀▀▀▄  █▒▒▒         ▀▄▀▀▀▀▄▄▄▄
               ▄▄▄▄▀▀     ▄█▄▒▒▒░░         ▐        ▀▄▄
            ▄▬▀             █▒░░            ▌         ▀▀▀▀▀▀▀█▄
           █     ▄          ▐▒░░░  ▄▄       ▌                 ▀█
          █      █         ▄█▒░░ ▌▀  ▀▌     ▌                   █
         ▐█     ██  ▌      ▌▐███ ▀▬▄▄▀  ▄▄█▐█          ■         █
         █▒    ▐█   ▐▄     ■█▒███▄     ▄██ ▐▐          ▐         ▐
         █▒    ▐▌    ▀▄     ▐▒▌  ▀▄▐ ▄█▀ ▐ ██       ▄   ▀▄        ▌
         ▐███▒ █       ▀▄    ▒▒▬▬▬▬▀▀▬▬▬▄▀▐      ▄▬▀      ▀▄      ▌
          ▐█▒  █         ▀▄  ▐▒░░↔↔▐ ▀▀▀  █   ▄▬▀           ▀     ▀▌
           █   █   ▄██▀    ▀  ▌▒░ _█▬_▄   █ █▀ ▄▄▄▄▄▄▄▬  ▐█     ▀▄ ▀▄
          ▐█    ▐█▀           ▀▄░ ▌-─-▐ ▄█▀▀ ▀           ▌▒       ▒▄ ▀▄
          ▐▀     ▌     ▐        ▀░▀▀█▀█▬▀               ▐          ▐█▀▀▌
          ▐█▒    █     ▐▌         ▀▄▄▀                  ▐▒          ▐█ █
          ▐██    ▐▌     █          ▐                    ██          ▄█▄█
           ██  _▄▀▀▄    █▌         ▐                   ▓█▀█        ▀▄▄▀▄▀▄
           ▄██▄     ▀▬▄  █         ▐▌                ▄▀ ▐ ██░    ▄▄█▀\  ▀█▄
   ▄▀▄▄▄ ▄██████▄     ▐█ ▀██▄▄░██▀▀▒▓  ▬▄▄▄▄      ▐███▓  █  ▒▄  █ ▀▌  \    ▀▌
  █ ▄▄ ▐██████████    ███▄    ▀▀   ▐▒       ▀▀▀▀▒▓████▓▓ ▀█░ ▀█▀█  ▐▌  ▀   ▐
 █ ▐▌ █▀██████████▌  ███████▄▌   ▄▄ █▄▄▄▄▄    ▄████████▄▓  ▀█▄█░ █  █▄    ▐█
█ ▐  ▐▌ █ ▐████████▄█████████████▄▄ █   ▄▄▄▄████████████▄▓   ▐█▌▒█   ▓    ██
  ▌  ▌  ▌ ▐███████████████████████████████████████████████▄▄▄▄█▒ ▒█▌  ░▀███
▀▌        ██████████████████████████████████████████████████████▄▒██▄▄████
 ▀▀▀▄▄▄▄█████████████████████████████████████████████████████████████████
   ▄▄████████████████████████████████████████████████████████████████████▄
▄███████████████████████████████████████████████████████████████████████████▄
███████████████████████████████████████████████████████████████████████████████
████████████████████████████████████████████████████████████████████████████████
████████████████████████████████████████████████████████████████████████████████
████████████████████████████████████████████████████████████████████████████████
████████████████████████████████████████████████████████████████████████████████
████████████████████████████████████████████████████████████████████████████████
███████████████████████████████▀▀        ▀██████████████████████████████████████
███████████████████████████▀                 ▐██████████████████████████████████
█████████████████████▀▀                          ███████████████████████████████
██████████████████▀                                  ▀██████████████████████████
████████████▀▀▀                                        ▀████████████████████████
█████████▀▀                                              ╙▀▀▀███████████████████
███████▀                                                         ███████████████
██████                                                            ▀█████████████
█████                                                                ▀██████████
████                                                        █          █████████
██                ▀▄                                    █ ▓███           ███████
█                  ██▄                                ███▓██░██         █  █████
    ███          ▓▐████▄                 ███       ████████░░█        ▓███  ▀███
  ██████         ▓▓██████▄             ██████    ▓██░█████░░█        ▓▐████    █
▓▐█░░████       ▄█▌▐███████▌   ▄█████▄▐█░░████████░░░█████░█         ▐█░░███
▓▓▀█░░██▀     ▄█░██▓█████░█  ▄█░░░░░███▀█░░███░░░░░██████░░█        ▐███░██
▓▓▓▓▀█▀     ▄█░░███▓█████░█▓▄█░░███████▓▓▀█▀▓█░████████▓█░█        ▄███████
  ▓▓▓   █▀▓▓█░█████▓█████░█▐█░░████░░█ ▓▓▓▓▓▓█████████▓██░█      ▄█████▓███
   ██████ ▓▓█░█████▓█████░█▐░░█████░░█  ██████▀▓▓████▓███░█     ▐█████▓███
 ▓▐░░███▀ ▓▓█░█████▓███████████████░█ ▓▐░░████ ▓▓████▓█████    ▄█████▓▓███
 ▓▐░████  ▓▓█░█████▓█████░███████████ ▓▐░████  ▓▓███▓██████▀  ▐████  ▓███
 ▓▓█░███  ▓▐░██▓███▓████░░█████▀▓████ ▓▓█░███  ▓▓███▓███▀▓  ▄█████████░░█
 ▓▓▓█░██  ▓█░██▓████████░░█████▓▄████ ▓▓▓█░██  ▓▓███▓▀▓  ▄ ▓▀████████░░██
  ▓▓█░██ ▓▐░███▓███████████████▓▀▀▀▀   ▓▓█░██  ▓▓███   ▓██▄▓▓▓▓█████████
  ▓▓█░██▓▓█░███▌████████░██░███▄▓▓  ▄█ ▓▓█░██  ▓▓██████████▄ ▓▐█░███▓▓  ██
  ▓▓█░██▓█░████▌▓█░████░░██░██████████▌▓▓█░██  ▓▓██░████████▄▓▐█░█████████
  ▓▓█░██▐██████▌▓██░██░░░█▐░███████████▓▓█░███ ▓▓▓█░░████████▄▓█░░░████████
  ▓▓█░█████████▓▓▓█░░░░░██▐░░██████████▌▓█░███  ▓▓██░░████░░██▄▓██░░████████
  ▄█░░█████████ ▓▓▀██░░██▓▓█░░░████████▌█░░███▌ ▓▓▓██░░░░░░░░██▄▓██░░░██████
▓▐█░░████▀████▀  ▓▓▀████ ▓▓▓▀█░░░███████░░████▌  ▓▓▓███░░░░█████▄▓▀██░░░░░███
▓▓▀█░░░█▀▓▓▓▓    ▓▓▓▓▓    ▓▓▓▓▀█░░░░░████░░░█▀    ▓▓▓▓▀████▀▓▓▀██▄▓▓▀▀▀▀▀▀████
▓▓▓▓▀▀▀                     ▓▓▓▓▀████████▀▀▀        ▓▓▓▓▓   ▓▓▓▓ ▀▓▓▓▓▓▓▓▓▓▓ ▀▄▄
░█▄▄▄▄▄▄▄                     ▓▓▓▓▓▓▓▓▀██▌                     ▓       ▄▄▄▄▄▄▄█░
▒▒▒░░░░░░█▄▄▄▄▄▄▄▄▄▄▄▄▄▄▄▄▄         ▓▓▓▓▀▀           ▄▄▄▄▄▄▄▄▄▄▄▄▄▄▄▄▄█░░░░░░▒▒▒
▒▒▒▒▒▒▒░░░░░░░░░░░░░░░░░░░░█    PROUDLY PRESENTS    █░░░░░░░░░░░░░░░░░░░░▒▒▒▒▒▒▒
▒▒▒░░░░░░█▀▀▀▀▀▀▀▀▀▀▀▀▀▀▀▀▀                          ▀▀▀▀▀▀▀▀▀▀▀▀▀▀▀▀▀█░░░░░░▒▒▒
▒▒░░░░░▌                                                                ▐░░░░░▒▒
▒░░░░▌                                                                    ▐░░░░▒
░░░░▌            007.GoldenEye.1995.UE.UNCUT.DVDRip.XviD-iNCiTE            ▐░░░░
▒░░░░▌                                                                    ▐░░░░▒
▒▒░░░░░▌                                                                ▐░░░░░▒▒
▒▒▒▒▒▒░░░▌                                                            ▐░░░▒▒▒▒▒▒
▒▒▒▒▒░░▄░▀▄▬▬                                                      ▬▬▄▀░▄░░▒▒▒▒▒
▒▒▒░░▄▀ ▀▀                        RELEASE INFO                        ▀▀ ▀▄░░▒▒▒
▒▒░░▐                                                                      ▌░░▒▒
░░░░▌      SUPPLIER     : TEAM iNCiTE     RELEASE DATE : 09.04.2006        ▐░░░░
▒▒░░▐      CODEC        : XviD            DVD DATE     : 08.16.2006        ▌░░▒▒
▒▒▒░░▀▄ ▄▄▀VIDEO        : 1031            THEATER DATE : 11.17.1995  ▀▄▄ ▄▀░░▒▒▒
▒▒▒▒░░░█▀  ASPECT RATIO : 2.35:1          SIZE         : 700+699MB: 98x15MB░▒▒▒▒
▒▒▒░░▄▀    RESOLUTION   : 640x272         AUDIO        : 5ch 448kbps 48khzAC3▒▒▒
▒▒░▐▀                                     AUDIO 2      :                   ▀▌░▒▒
▒░░▌       FRAMERATE    : 25              GENRE        : Action / Adventure ▐░░▒
░░▐        RUNTIME      : 125 MiN         RATING       : 6.9/10 (29,887 votes)░░
░▐▀                   http://www.imdb.com/title/tt0113189/                   ▀▌░
░▐                                                                            ▌░
░░▌                                                                          ▐░░
▒░▀▄    ▄▬                        PLOT SUMMARY                        ▬▄    ▄▀░▒
▒▒░░▀▄▄█                                                                █▄▄▀░░▒▒
▒▒▒░░█▀                                                                  ▀█░░▒▒▒
▒░░▄▀                                                                      ▀▄░░▒
░▐▀                                                                          ▀▌░
░▐         The effortlessly suave and sophisticated Pierce Brosnan            ▌░
░▐         makes his acclaimed debut as Agent 007 in this rip-roaring         ▌░
░▐         espionage thriller featuring the most eye-popping opening          ▌░
░▐         sequence yet! When an MI6 agent (Sean Bean) turns rogue            ▌░
░▐         and plans world domination with a terrifying satellite-            ▌░
░▐         borne weapon, Bond must pursue his former ally to Cuba,            ▌░
░▐         Monte Carlo, Switzerland and even Russia, all while                ▌░
░▐         dodging a sexy, deadly femme fatale (Famke Janssen) who            ▌░
░▐         will stop at nothing to put the ôsqueezeö on the intrepid          ▌░
░▐         spy!                                                               ▌░
░▐                                                                            ▌░
░▐                                                                            ▌░
░▐                                                                            ▌░
░▐                                                                            ▌░
░▐                                                                            ▌░
░▐                                                                            ▌░
░▐                                 CAST & CREW                                ▌░
░▐                                                                            ▌░
░▐                                                                            ▌░
░▐                                                                            ▌░
░▐                                                                            ▌░
░▐                                                                            ▌░
░▐                                                                            ▌░
░▐                                                                            ▌░
░▐                                                                            ▌░
░▐                                                                            ▌░
░░▀▄▄▄▄▄▄▄▄▄▄                                                      ▄▄▄▄▄▄▄▄▄▄▀░░
▒▒▒▒▒▒▒▒▒░▄▀ ▀▬                  RIPPERS  NOTES                  ▬▀ ▀▄▒▒▒▒▒▒▒▒▒▒
▒▒▒▒▒▒░▄▬▀                                                            ▀▬▄░▒▒▒▒▒▒
▒▒▒▒░▄▀                                                                  ▀▄░▒▒▒▒
▒▒▒░▐      It's hard to think of words to describe the James Bond          ▌░▒▒▒
▒▒░░▌      Ultimate Edition DVDs. Over a year ago we proudly released      ▐░░▒▒
▒░▄▀       the entire James Bond Special Edition DVD collection, but        ▀▄░▒
░▐         these new releases are a must have. After comparing the SE         ▌░
░▌         and UE DVDs it's like the difference between night and             ▐░
▐          day. It took DTS Digital Images two and a half years using          ▌
▐          600 PowerMac G5s and 700 TBs of storage to completely               ▌
▒▒▒░▐      remaster all of the movies. The company digitally removed       ▌░▒▒▒
▒▒░░▌      37 million pieces of dirt and 74,000 hairs in addition to       ▐░░▒▒
▒░▄▀       restoring the original colors. Even the oldest Bond movies       ▀▄░▒
░▐         now look as fresh as if they had been made this year.              ▌░
░▌         Additionally, the originaly soundtracks have been                  ▐░
▐          remastered making the audio richer with more detail.                ▌
░▌                                                                            ▐░
░▀▄    ▄▬                                                              ▬▄    ▄▀░
▒░░▀▄▄█                       WHAT WE NEED FOR GROUP                     █▄▄▀░░▒
▒▒░░█▀                                                                    ▀█░░▒▒
░░▄▀                                                                        ▀▄░░
░▐          -PRE DVD SUPPLY       -100MBIT+ SITES                             ▌░
░▐          -HDTV/PDTV CAPPERS    -RIP BOXES                                  ▌░
░▐          -COMPUTER HARDWARE    -SHELLS                                     ▌░
░▐                                                                            ▌░
░▐                                                                            ▌░
░▐          IF YOU HAVE ANY OF THIS OR FEEL YOU HAVE SOMETHING ELSE           ▌░
░▐          TO OFFER YOU CAN CONTACT US HERE: INCITE@HUSHMAIL.COM             ▌░
░▐                                                                            ▌░
░░▌                                                                          ▐░░
░░░░▌                                                                      ▐░░░░
▒▒▒░░░▌                                GREETS                            ▐░░░▒▒▒
▒▒░░▄░▀▄▬▬                                                            ▬▬▄▀░▄░░▒▒
░░▄▀ ▀▀     WASTEDTIME BRUTUS CENTROPY CPH CTV DDX DONE FRIXION          ▀▀ ▀▄░░
░▐          LINE MEDUSA MOONCUBE RIDERZ STARCUBE USANIME VIDEOCD XDS XISO     ▌░
░▌                                                                            ▐░
░▐          WE SALUTE OUR FALLEN COMRADES IN                                  ▌░
░░▀▄ ▄▄▀                                                                ▀▄▄ ▄▀░░
▒░░░█▀      DOMiNiON TRiPDiVX                                             ▀█░░░▒
░░▄▀                                                                        ▀▄░░
▐▀                                                                            ▀▌
▌                         NFO CREATED BY: DigitaLSD[CPH]                       ▐

                                [unfo-maker 2.1]
