                                      ▐▓▌▄▄▄▄▄     ▄
                                      ▐▓▌██████▓▄▓▀ ▄
                                      ▐▓▌▀▀ ▀▀████▓▀
  ▄▄▄▄▄▄▄▄▄▄▄▄▄▄▄▄▄▄▄▄▄▄▄▄▄▄▄▄▄▄▄▄▄▄▄▄▄▄▄▄▄▄▄▄▄▄▄▄▄▄▄▄▄▄▄▄▄▄▄▄▄▄▄▄▄▄▄▄▄▄▄▄▄▄▄
  ▀█▓▀▀▀▀▀█▓▀▀▀▀▀▀▀█▓▀▀▀▀▀▀█▓▀▀▀▀▀▀▀▀▀▀▀▀▀▀▀▀▀▀▀▀▀█▓▀▀▀▀▀▀█▓▀▀▀▀▀▀▀█▓▀▀▀▀▀█▓▀
   █▓ ▒▒▒ █▓ ▒▒▒▒▒ █▓ ▒▒▒▒ █▓ ▒▒▒▒▒▒▒▒▒▒▒▒▒▒▒▒▒▒▒ █▓ ▒▒▒▒ █▓ ▒▒▒▒▒ █▓ ▒▒▒ █▓
   █▓ ▒▒▒ █▓ ▒▒▒▒▒ █▓ ▒▒▒▒ █▓ ▒▒▒▒ ▓ ▒▄░▄▒ ▓░ ▒▒▒ █▓ ▒▒▒▒ █▓ ▒▒▒▒▒ █▓ ▒▒▒ █▓
   █▓ ▒▒▒ █▓ ▒▒▒▒▒ █▓ ▒▒▒░ █▓ ▒▒▒▒▒ ██▓ ██▓░ ▒▒▒▒ █▓ ░▒▒▒ █▓ ▒▒▒▒▒ █▓ ▒▒▒ █▓
   █▓ ▒▒▒ █▓ ▒▒▒▒▒ █▓ ▒▒▒ █▓ ░▒▒▒▒ ███▓ ███▓░ ▒▒▒░ █▓ ▒▒▒ █▓ ▒▒▒▒▒ █▓ ▒▒▒ █▓
   █▓ ░▒▒ █▓░ ▒▒▒▒ █▓ ▒▒▒ █▓ ▒▒▒▒▒░ ▀▀▀▀▀▀▀░ ▒▒▒▒▒ █▓ ▒▒▒ █▓ ▒▒▒▒░ █▓ ▒▒░ █▓
    █▓ ▒▒░ █▓ ▒▒▒▒ █▓ ▒▒▒ █▓ ░▒▒▒▒▒ ▓▀▀▓▀▀▓░ ▒▒▒▒░ █▓ ▒▒▒ █▓ ▒▒▒▒ █▓ ░▒▒ █▓
    █▓ ▒▒▒ █▓ ▒▒▒▒ █▓ ░▒▒░ █▓ ▒▒▒▒░▐█▌▐█▌▐█▌░ ▒▒▒ █▓ ░▒▒░ █▓ ▒▒▒▒ █▓ ▒▒▒ █▓
    █▓ ▒▒▒ █▓ ▒▒▒▒░ █▓ ▒▒▒ █▓ ▒▒▒▒ ██▓▄▄▄██▓░ ▒▒▒ █▓ ▒▒▒ █▓ ░▒▒▒▒ █▓ ▒▒▒ █▓
    █▓ ░▒▒ █▓ ░▒▒▒▒ █▓ ▒▒▒ █▓ ▒▒▒▒ ▀█▓▀▄▀█▓▀░ ▒▒▒ █▓ ▒▒▒ █▓ ▒▒▒▒░ █▓ ▒▒░ █▓
     █▓ ▒▒░ █▓ ▒▒▒▒ █▓ ▒▒▒ █▓ ▒▒▒▒▒░ ▓▐█▌▓░░ ░▒▒▒ █▓ ▒▒▒ █▓ ▒▒▒▒ █▓ ░▒▒ █▓
     █▓ ░▒▒ █▓ ░▒▒▒ █▓ ░▒▒ █▓ ▒▒▒▒▒▒ █▌▓▐▓░ ░▒▒▒▒ █▓ ▒▒░ █▓ ▒▒▒░ █▓ ▒▒░ █▓
      █▓ ▒▒░ █▓ ▒▒▒░ █▓ ▒▒ █▓ ░▒▒▒▒▒ █▌▓▐▓░ ▒▒▒▒░ █▓ ▒▒ █▓ ░▒▒▒ █▓ ░▒▒ █▓
      █▓ ░▒▒ █▓ ░▒▒▒ █▓ ▒▒░ █▓ ▒▒▒▒▒ █▌▓▐▓░ ▒▒▒▒ █▓ ░▒▒ █▓ ▒▒▒░ █▓ ▒▒░ █▓
       █▓ ▒▒░ █▓ ▒▒▒ █▓ ▒▒▒ █▓ ▒▒▒▒░ █▌▓▐▓░ ░▒▒▒ █▓ ▒▒▒ █▓ ▒▒▒ █▓ ░▒▒ █▓
       █▓ ░▒▒ █▓ ░▒▒ █▓ ░▒▒ █▓ ░▒▒▒ ██▌▓▐█▓░ ▒▒░ █▓ ▒▒░ █▓ ▒▒░ █▓ ▒▒░ █▓
        █▓ ▒▒░ █▓ ▒▒░ █▓ ▒▒░ █▓ ▒▒▒ ██▌▓▐█▓░ ▒▒ █▓ ░▒▒ █▓ ░▒▒ █▓ ░▒▒ █▓
        █▓ ░▒▒ █▓ ░▒▒ █▓ ░▒▒ █▓ ░▒░ ██▌▓▐█▓░ ▒░ █▓ ▒▒░ █▓ ▒▒░ █▓ ▒▒░ █▓
         █▓ ▒▒░ █▓ ▒▒░ █▓ ▒▒░ █▓ ░ ███▌▓▐██▓░▒ █▓ ░▒░ █▓ ░▒▒ █▓ ░▒▒ █▓
         █▓ ░▒▒ █▓ ░▒▒ █▓ ░▒░  █▓▄▐███▌▓▐██▓▌▄█▓ ░▒░░ █▓ ▒▒░ █▓ ▒▒░ █▓
          █▓ ░▒░ █▓ ░▒░ █▓▄▄▄█▓▀▀ ████▌▓▐███▓ ▀▀██▄▄▄█▓ ░▒░ █▓ ░▒░ █▓
           █▓ ░▒░ █▓ ░▄▄█▓▀▀     ▄████▌▓▐███▓▄     ▀▀█▓▄▄░ █▓ ░▒▒ █▓
           ▀█▓ ░  ███▓▀▀        ▄▓ ▄ ▓ ▓ ▓▀▄ ▓▄        ▀▀███▓ ▒░ ▄▓▀
            ▀█▓ ▄█▓▀           ▄██▓▄▄▓ ▓ ▓▄▄▄█▓▄           ▀█▓▄ █▓▀
             ▀██▓▀         ▄▀██▄▀███▓▀ ▓ ▀███▓▀▄█▓▀▄         ▀███▀
              ▓▀        ▄▄ ▓ █▓▀▄▀█▓ ▓ ▓ ▓ █▓▀▄▀█▓ ▓ ▄▄        ▀▓
                     ▄ ▓▀▄▄▀▄▄▄▄▀▄▀▄█▓ ▓ █▓▄▀▄▀▄▄▄▄▀▄▄▀▓ ▄
                   ▄▓▀▄▄▀▀▄▓ ▄▄▄▀▄███▓ ▓ ███▓▄▀▄▄▄ ▓▄▀▀▄▄▀▓▄
                   ▄▄▀▄▄▀█▓▀▄▓▀▄███▓▀▄ ▓ ▄▀███▓▄▀▓▄▀█▓▀▄▄▀▄▄
                ▄▄▀▄▄▀█▓ ▄▄▓▀▄███▓▀▄█▓ ▓ █▓▄▀███▓▄▀▓▄▄ █▓▀▄▄▀▄▄
                ▄▄▀▀ ▄▄▄▀▀▄▄███▓▀▄███▓ ▓ ███▓▄▀███▓▄▄▀▀▄▄▄ ▀▀▄▄
                       ▄███▓▀▀▄▄███▓▀▄ ▓ ▄▀███▓▄▄▀▀███▓▄
  ▄▀▀▀▀█████▀████████▄  ▀▀▄▄████▓▀▄▄█▓ ▓ █▓▄▄▀████▓▄▄▀▀  ▄██████████████▀▀▀▀▄
 █▄▄▄▄▓▀    ▓▄              ▀▀▀▄▄████▓ ▓ ████▓▄▄▀▀▀                    ▀▓▄▄▄▄█
▐▓   ░▌      █▓▄▄         ▄▄██▓▄▄▄▄▀▄▄ ▓ ▄▄▀▄▄▄▄██▓▄▄     ▄▄▄▄          ▐░   ▓▌
 █▄▄▄▄▓       ▀▀██▓▄▄▀▀███████████▓▄▀▓ ▓ ▓▀▄███████████████▓▀           ▓▄▄▄▄█
 ▐▌   ▐▌      ▓▄ ▀▀███▓▄▀█▀ ▄▄▄ ▀█ ▄▀▄▄▄▀▄▀▄▀▄▄▄▀▄▄▀▄▄▄▄▄▀▄ ▄▄▄▄▄      ▐▌   ▐▌
 ▓▄▄▄▄█       ██▓    ▀██▓ ██▓▀██▓ ██▓   ██▓ ████▓▄ ██▓▀██▓ ██▓▀██▓      █▄▄▄▄▓
 ▐▌   ▐▌      ██▓     ▄█▓██▓   ██▓ ██▓ ██▓ ██▓ ▀▀ ██▓   █▓▀ █▓▄ ▀▀     ▐▌   ▐▌
 █▄▄▄▄▓       ███▓▄▄██▓▀ ██▓   ██▓ ██▓ ██▓ ██▓▀   ██▓▀▀█▓▄ ▄▄▀▀▀█▓▄     ▓▄▄▄▄█
▐▒░  ▐▌       ██▓▀█▓▄▄▄   ██▓▄██▓ ▄▀█▓▄█▓▀ ▀█▓▄██▓ ██▓▄ ▀█▓ ██▓▄██▓     ▐▌  ░▒▌
 ▀▀▀▀▀█▄      ██▓  ▀▀████▓▄▄▀▀▀▄▄▄▓▄▄▀▀▀▄▄▓▄▄▀▀▀▀▄▄▄▀▄▄▓▄▄▀▄▄▀▀▀▀▀▄    ▄█▀▀▀▀▀
   █  ▒▓▌    ▀▀▀▀▀      ▀▀▀▀▀▀▀▀▀▀▀▀▀▀▀▀▀▀▀▀▀▀▀▀▀▀▀▀▀▀▀▀▀▀▀▀▀▀▀▀▀▀▀   ▐▓▒  █
  ▀▀▀▀▀▀                                                               ▀▀▀▀▀▀

                Orphan.Black.S02E06.1080p.BluRay.x264-ROVERS

          Date......: 28.06.2014
          Video.....: X264 @ 9722Kbps
          FPS.......: 25.000
          Resolution: 1920x1080
          Size......: 3353MB (3515919581 Bytes)
          Audio.....: DTS 1509Kbps 6ch
          Language..: English
          Subtitles.: English
          Runtime...: 41mn 44s

          URL.......: http://www.tvrage.com/Orphan_Black
 
  ▄▄▄▄▄▄▄▄▄▄▄▄▄▄▄▄▄▄▄▄▄▄▄▄▄▄▄▄▄▄▄▄▄▄▄▄▄▄▄▄▄▄▄▄▄▄▄▄▄▄▄▄▄▄▄▄▄▄▄▄▄▄▄▄▄▄▄▄▄▄▄▄▄▄▄
 █▄▄▄▄▓ ▄▄▄▄▄▄▄▄▄▄▄▄▄▄▄▄▄▄▄▄▄ ▄ ▄  ▄▄ ▄▄▄▄ ▄▄▄  ▄▄ ▄▄▄▄▄▄▄▄▄▄▄▄▄▄▄▄▄▄▄▄ ▓▄▄▄▄█
▐▓▒  ▐▌                      ▐▌▀█▌▐▌ █ ▐▌ ▐▌▄▀ ▀▄▄                      ▐▌  ▒▓▌
 ▀▀▀▄▄█▄                      █  █ ▀▄▀  █  ▀▄▄ ▄▄▄▀                    ▄█▄▄▀▀▀
  ▐▌  ▒▓▌                                                             ▐▓▒  ▐▌
  ▀▀▀▀▀▀                                                               ▀▀▀▀▀▀
 
 
 
  ▄▄▄▄▄▄▄▄▄▄▄▄▄▄▄▄▄▄▄▄▄▄▄▄▄▄▄▄▄▄▄▄▄▄▄▄▄▄▄▄▄▄▄▄▄▄▄▄▄▄▄▄▄▄▄▄▄▄▄▄▄▄▄▄▄▄▄▄▄▄▄▄▄▄▄
 ▓▄▄▄▄█ ▄▄▄▄▄▄▄▄▄▄▄▄▄▄▄▄▄▄▄▄ ▄   ▄▄  ▄▄  ▄▄ ▄▄▄ ▄▄▄ ▄▄▄▄▄▄▄▄▄▄▄▄▄▄▄▄▄▄▄ █▄▄▄▄▓
▐▌  ░▒▌                     ▐▌ ▄▐▌▐▌▐▌▐▌▐▌▐▌ █  ▄▄▄▀                    ▐▒░  ▐▌
 ▀▀▀▀▀█▄                     █ ▐▌█▀▄ █▀  █▀  ▐▌▐▌  ▄                   ▄█▀▀▀▀▀
  ▐▌  ▒▓▌                     ▀▀ ▀  ▀ ▀▀  ▀▀  ▀ ▀▀▀▀                  ▐▓▒  ▐▌
  ▀▀▀▀▀▀                                                               ▀▀▀▀▀▀
 
 
 ▀█▀▀▀▀█ ▐      ▄                                               ▄    ▐ █▀▀▀▀█▀
 ▐▌   ▒▌▄▄▄▄▄  ▀▓▀                                            ▄   ▄▄▄▄▄▐▒   ▐▌
 ▓▀▀▀▀█  █░  █    ▀                                        ▄ ▀▓▀ █  ░█  █▀▀▀▀▓
 █   ░█ ▐▌▒  ▌  ▄                                            ▄   ▐▌ ▒▐▌ █░   █
  ▓▀▀▀▓ █ ▄▄▓ ░▄▄▄▄▄▄▄▄▄▄▄▄▄▄▄▄▄▄▄▄▄▄▄▄▄▄▄▄▄▄▄▄▄▄▄▄▄▄▄▄▄▄▄▄▄▄▄▄▄░ █▄▄ █ ▓▀▀▀▓
 ▐▌  ░▒▐▌▒  ▐▌▒▓▀            0ND & pH7 of SiLK 2012           ▀▓▒▐▌  ▒▐▌▒░  ▐▌
  ▀▀▀▀▀▀▐█▄▄▄█▄▄▄▄▄▄▄▄▄▄▄▄▄▄▄▄▄▄▄▄▄▄▄▄▄▄▄▄▄▄▄▄▄▄▄▄▄▄▄▄▄▄▄▄▄▄▄▄▄▄▄█▄▄▄█▌▀▀▀▀▀▀
