x.X.RIDDICK.X.x

p r e s e n t s

X-Men Origins Wolverine Uncaged Edition German Subbed Edition

Genre........: Action
Crack:.......: RELOADED
Update.......: v1.0
Sprache......: Englisch & Deutsch (Aber nur Untertitel)
Gr÷▀e........: 6070 MB
Getestet auf.: Windows 7 (SP1) / Windows 8 / Windows 8.1
Date.........: 15.10.2013

INFO:
X-Men Origins Wolverine beginnt etwa 17 Jahre vor dem ersten X-Men Kinofilm und beantwortet die offenen Fragen um den eigentlichen Mittelpunkt der X-Men Filme, Wolverine.
Startend mit der ôGeburtö Wolverines im Weapon-X-Programm (hier wurde Wolverine's Skelett mit der Adamantium-LegierungverstΣrkt) bis hin zum unvermeidlichen Showdown mit seinem Erzfeind Sabretooth am Ende des Films, finden sich im offiziellen Spiel zum Film die Schlⁿsselmomente des potentiellen Kinoblockbusters in spielbarer Form wieder.

Wolverine begibt sich auf eine actiongeladene Reise, um mehr ⁿber seine Herkunft in Erfahrung zu bringen.
Besonders hilfreich zur Seite stehen ihm hier seine SelbstheilungskrΣfte, die ihn nahezu unbesiegbar machen.
Packende Story von Marvel Autor Marc Guggenheim die den Spieler tief in Wolverines tragische Vergangenheit eintauchen lΣsst.

Facts & Features:
Blitzschnelle KΣmpfe mit ausgefallenen Kombos, rasaten Ausweichman÷vern und Berserkerpunkten fⁿr besonders spektakulΣre Moves.
Missionen an den unterschiedlichsten SchauplΣtzen aus der realen Welt, u.a. dem zweiten Weltkrieg, Vietnam und geheimen CIA-Operationen.
Episches Action-Adventure mit Beat em up Elementen und herausfordernden RΣtseln.
Wolverines unglaubliche FΣhigkeiten werden spielbar: ▄bermenschliche Kraft, Selbstheilung und unzerst÷rbaren Adamantiumkrallen wie das ebenso beschaffene Skelett.

Au▀erdem sind folgende Zusatzinhalte in dieser Edition enthalten:

- X-Men Origins Wolverine Uncaged Edition Deutsch Modifikation

X-Men Origins Wolverine Uncaged Edition ist in allen Versionen nur in englischer Sprache erhΣltlich (keinerlei deutsche Texte oder Sprache)

Diese X-Men Origins Wolverine Uncaged Edition Deutsch Modifikation verΣndert folgende Texte in Deutsch:

- MenⁿschaltflΣchen
- Missionsziele
- Alle andern Text im Spiel.

Viel Spa▀ beim Spielen.

MfG
x.X.RIDDICK.X.x

Installations Hinweise:

1) Entpacken.
2) Setup ausfⁿhren.
3) Spielen!

Grⁿsse:
Persia.King - QfG - TokZic - RAF - ZKY - HMH
