GRID AUTOSPORT (c) CODEMASTERS

RELEASE DATE .....: 24.06.2014 
PROTECTION .......: STEAM+Custom
DISC(S) ..........: #1
GAME TYPE ........: Racing

Racing alongside a teammate, you must overcome key rivals and satisfy team sponsors in ferocious races where every pass and position counts. In a huge career, specialise in your favourite racing discipline or conquer them all feel the aggression of the pack in Touring Cars, manage tyre wear and race into the night in Endurance events, race Open-Wheel cars with precision, show car control in Tuner events and react on the fly in Street races. Each unique category features series dedicated to different classes, including Touring Cars, Hypercars, Endurance GT Cars, Prototypes, Single-Seaters, Super Modified vehicles, Drift cars and many more. Bursting with content, GRID Autosport features over 100 routes across 22 incredible locations and the world's most exciting contemporary and classic high-performance racing cars to collect, tune and upgrade. Development has been driven by Community feedback to include the return of in-car view, authentic handling and multiplayer racing powered by RaceNet to deliver new challenges every week, plus all-new Racing Clubs for online team competition. Party modes, Demolition Derby and competitive split-screen modes complement the game's extensive career mode and expansive core online game.

FEATURES

FEEDBACK DRIVEN DEVELOPMENT
CODEMASTERS HAS CONSULTED EXTENSIVELY WITH THE COMMUNITY, RACING DRIVERS AND EXPERTS FROM AUTOSPORT MAGAZINE IN DESIGNING AND PRODUCING GRID AUTOSPORT.

REALISTIC AI FOR INTENSE RACING
RACE WHEEL-TO-WHEEL AGAINST ADVANCED, REALISTIC AI WHO WILL DEFEND THEIR LINE, TAKE CHANCES OR SPIN OUT UNDER PRESSURE IN RACES WHERE EVERY PASS COUNTS AND EVERY POSITION MATTERS.

AUTHENTIC HANDLING
GRID AUTOSPORT'S NEW HANDLING MODEL RECREATES THE FEEL OF MOTORSPORT'S MOST EXCITING CARS, HITTING AN AUTHENTIC SWEET-SPOT BETWEEN ARCADE AND SIMULATION HANDLING.

RACENET CLUBS
JOIN WITH FRIENDS TO FORM A RACING CLUB, RECEIVE NEW CHALLENGES EVERY WEEK, TRACK STATS AND CREATE LIVERIES WITH CODEMASTERS' FREE ONLINE MILLION MEMBER COMMUNITY PORTAL RACENET.

Minimum:
OS: Windows Vista, Windows 7 or Windows 8
Processor: Intel Core 2 Duo @ 2.4Ghz or AMD Athlon X2 5400+
Memory: 2 GB RAM
Graphics: Intel HD3000 or AMD HD2000 Series or NVIDIA Geforce 8000 Series Series
Network: Broadband Internet connection
Hard Drive: 15 GB available space
Sound Card: Direct X compatible soundcard

Recommended:

OS: Windows Vista 64 bit, Windows 7 64 bit or Windows 8 64 bit
Processor: Intel Core i7 or AMD FX Series
Memory: 4 GB RAM
Graphics: Intel HD5200 or AMD HD7000 Series or NVIDIA GTX600 Series minimum 1GB RAM
Network: Broadband Internet connection
Hard Drive: 20 GB available space
Sound Card: Direct X compatible soundcard

Note:
The dvd containes the black edition dlcs and high resolution textures updates.


1. You must have our previous release installed.

2. Install the dlc update by using "GRID Autosport.exe".

3. Play the game.

4. Support the software developers. If you like this game, BUY IT!
