ÔĽŅ  ‚Ėź‚Ėą‚Ėą                 ‚Ėź‚Ėą‚ĖĆ   ‚Ėź‚Ėą‚ĖĆ    ‚Ėą‚Ėą‚Ėą‚Ėą‚Ėą‚Ėą‚Ėą‚Ėą‚Ėą‚Ėą          ‚Ėź‚Ėą‚ĖĆ
  ‚Ėź‚Ėą‚Ėą                 ‚Ėź‚Ėą‚ĖĆ  ‚Ėź‚Ėą‚ĖĆ   ‚ĖĄ ‚ĖÄ‚ĖÄ‚ĖÄ‚ĖÄ‚Ėą‚Ėą‚ĖÄ‚ĖÄ‚ĖÄ‚ĖÄ          ‚Ėź‚Ėą‚ĖĆ      ‚Ėí‚Ėí‚Ėí‚Ėí‚Ėí‚Ėí‚Ėí‚Ėí
  ‚Ėź‚Ėą‚Ėą                 ‚Ėź‚Ėą‚ĖĆ ‚Ėź‚Ėą‚ĖĆ   ‚Ėź‚Ėą‚ĖĆ    ‚Ėą‚Ėą              ‚Ėź‚Ėą‚ĖĆ     ‚Ėí‚Ėí‚Ėí‚Ėí‚Ėí‚Ėí‚Ėí‚Ėí‚Ėí‚Ėí
  ‚Ėź‚Ėą‚Ėą                 ‚Ėź‚Ėą‚ĖĆ‚Ėź‚Ėą‚ĖĆ     ‚ĖÄ     ‚Ėą‚Ėą              ‚Ėź‚Ėą‚ĖĆ    ‚Ėą‚Ėą‚Ėą‚Ėą‚Ėą‚Ėí‚Ėą‚Ėą‚Ėą‚Ėą‚Ėą‚Ėí‚Ėí
  ‚Ėź‚Ėą‚Ėą        ‚Ėź‚Ėą‚Ėą‚Ėą‚Ėą‚ĖĆ   ‚Ėź‚Ėą‚ĖĆ‚Ėą‚ĖĆ     ‚Ėź‚Ėą‚ĖĆ    ‚Ėą‚Ėą    ‚Ėą‚Ėą    ‚Ėą‚Ėą  ‚Ėź‚Ėą‚ĖĆ   ‚Ėą     ‚Ėą     ‚Ėą‚Ėí
  ‚Ėź‚Ėą‚Ėą       ‚Ėą‚Ėą‚ĖÄ  ‚ĖÄ‚Ėą‚ĖĆ  ‚Ėź‚Ėą‚Ėą‚ĖĆ      ‚Ėź‚Ėą‚ĖĆ    ‚Ėą‚Ėą    ‚Ėą‚Ėą    ‚Ėą‚Ėą  ‚Ėź‚Ėą‚ĖĆ   ‚Ėą           ‚Ėą‚Ėí‚Ėą
  ‚Ėź‚Ėą‚Ėą           ‚ĖĄ‚Ėą‚Ėą‚Ėą  ‚Ėź‚Ėą‚ĖĆ‚Ėą‚ĖĆ     ‚Ėź‚Ėą‚ĖĆ    ‚Ėą‚Ėą    ‚Ėą‚Ėą    ‚Ėą‚Ėą  ‚Ėź‚Ėą‚ĖĆ   ‚Ėą    ‚Ėą ‚Ėą    ‚Ėą‚Ėí‚Ėą‚Ėą
  ‚Ėź‚Ėą‚Ėą        ‚ĖĄ‚Ėą‚Ėą‚ĖÄ ‚Ėą‚Ėą  ‚Ėź‚Ėą‚ĖĆ‚Ėź‚Ėą‚ĖĆ    ‚Ėź‚Ėą‚ĖĆ    ‚Ėą‚Ėą    ‚Ėą‚Ėą    ‚Ėą‚Ėą  ‚Ėź‚Ėą‚ĖĆ   ‚Ėą    ‚Ėą ‚Ėą    ‚Ėą‚Ėí‚Ėą‚Ėą
  ‚Ėź‚Ėą‚Ėą       ‚Ėą‚Ėą    ‚Ėą‚Ėą  ‚Ėź‚Ėą‚ĖĆ ‚Ėź‚Ėą‚ĖĆ   ‚Ėź‚Ėą‚ĖĆ    ‚Ėą‚Ėą    ‚Ėą‚Ėą    ‚Ėą‚Ėą   ‚ĖĄ     ‚Ėą‚Ėą‚Ėą‚Ėą‚Ėą‚Ėí‚Ėą‚Ėą‚Ėą‚Ėą‚Ėą‚Ėą‚Ėą‚Ėą‚Ėą
  ‚Ėź‚Ėą‚Ėą‚ĖĄ‚ĖĄ‚ĖĄ‚ĖĄ‚ĖĄ  ‚Ėą‚Ėą   ‚ĖĄ‚Ėą‚Ėą  ‚Ėź‚Ėą‚ĖĆ  ‚Ėź‚Ėą‚ĖĆ  ‚Ėź‚Ėą‚ĖĆ    ‚Ėą‚Ėą    ‚Ėź‚Ėą‚ĖĆ  ‚Ėź‚Ėą‚Ėą  ‚Ėź‚Ėą‚ĖĆ    ‚Ėí‚Ėí‚Ėí‚Ėí‚Ėí‚Ėą‚Ėą‚Ėą‚Ėą‚Ėí‚Ėí‚Ėí‚Ėí‚Ėí‚Ėą‚Ėą
  ‚Ėź‚Ėą‚Ėą‚Ėą‚Ėą‚Ėą‚Ėą‚Ėą  ‚ĖÄ‚Ėą‚Ėą‚Ėą‚Ėą‚ĖÄ ‚ĖÄ‚Ėą ‚Ėź‚Ėą‚ĖĆ   ‚Ėź‚Ėą‚ĖĆ ‚Ėź‚Ėą‚ĖĆ    ‚Ėą‚Ėą     ‚Ėą‚Ėą‚Ėą‚Ėą‚Ėą‚Ėą‚ĖĆ   ‚ĖÄ    ‚Ėí‚Ėí‚Ėí‚Ėí‚Ėí‚Ėí‚Ėí‚Ėą‚Ėą‚Ėí‚Ėí‚Ėí‚Ėí‚Ėí‚Ėí‚Ėí‚Ėą
                                                            ‚Ėą‚Ėí‚Ėí‚Ėí‚Ėí‚Ėí‚Ėí‚Ėí  ‚Ėí‚Ėí‚Ėí‚Ėí‚Ėí‚Ėí‚Ėí‚Ėą
‚Ėď‚Ėí‚ĖĎ‚Ėą‚Ėź‚ĖĆ‚Ėź‚ĖĄ‚ĖÄ‚Ėď‚Ėí‚ĖĎ‚Ėą‚Ėź‚ĖĆ‚Ėź‚ĖĄ‚ĖÄ‚Ėď‚Ėí‚ĖĎ‚Ėą‚Ėź‚ĖĆ‚Ėź‚ĖĄ‚ĖÄ‚Ėď‚Ėí‚ĖĎ‚Ėą‚Ėź‚ĖĆ‚Ėź‚ĖĄ‚ĖÄ‚Ėď‚Ėí‚ĖĎ‚Ėą‚Ėź‚ĖĆ‚Ėź‚ĖĄ‚ĖÄ‚Ėď‚Ėí‚ĖĎ‚Ėą‚Ėź‚ĖĆ‚Ėź‚ĖĄ‚ĖÄ‚Ėď‚Ėí‚ĖĎ‚Ėą‚Ėź‚Ėź‚Ėą ‚Ėí‚Ėí‚Ėí‚Ėí‚Ėí    ‚Ėí‚Ėí‚Ėí‚Ėí‚Ėí ‚Ėą‚ĖĆ‚Ėď
                                                            ‚Ėą                ‚Ėą
  The Legend of Zelda: Skyward Sword -                     ‚Ėą       ‚Ėą  ‚Ėą       ‚Ėą
  Save Data Update Channel                                 ‚Ėą       ‚Ėą  ‚Ėą       ‚Ėą
                                                           ‚Ėą       ‚Ėą  ‚Ėą       ‚Ėą
  - PAL                                                    ‚Ėą                  ‚Ėą
  - Nintendo Wii (DLC/Channel)                             ‚Ėą ‚Ėą              ‚Ėą ‚Ėą
  - 13-01-2015                                              ‚Ėą     ‚Ėą    ‚Ėą     ‚Ėą
                                                            ‚Ėą      ‚Ėą‚Ėą‚Ėą‚Ėą      ‚Ėą
  - English, French, German, Italian, Spanish               ‚Ėą                ‚Ėą
                                                             ‚Ėą      ‚Ėą‚Ėą      ‚Ėą
  - lakitu-zelda-skyward-sword-save-data-update-pal           ‚Ėą‚Ėą‚Ėą‚Ėą‚Ėą‚Ėą  ‚Ėą‚Ėą‚Ėą‚Ėą‚Ėą‚Ėą
  - 2 x 5 MB

  
  The_Legend_of_Zelda_Skyward_Sword_Save_Data_Update_Channel_PAL_DLC_Wii-LaKiTu_iNT
  
  Note:
  Better late than never!
  This Channel fix the Song of the Hero Quest glitch.

‚Ėď‚Ėí‚ĖĎ‚Ėą‚Ėź‚ĖĆ‚Ėź‚ĖĄ‚ĖÄ‚Ėď‚Ėí‚ĖĎ‚Ėą‚Ėź‚ĖĆ‚Ėź‚ĖĄ‚ĖÄ‚Ėď‚Ėí‚ĖĎ‚Ėą‚Ėź‚ĖĆ‚Ėź‚ĖĄ‚ĖÄ‚Ėď‚Ėí‚ĖĎ‚Ėą‚Ėź‚ĖĆ‚Ėź‚ĖĄ‚ĖÄ‚Ėď‚Ėí‚ĖĎ‚Ėą‚Ėź‚ĖĆ‚Ėź‚ĖĄ‚ĖÄ‚Ėď‚Ėí‚ĖĎ‚Ėą‚Ėź‚ĖĆ‚Ėź‚ĖĄ‚ĖÄ‚Ėď‚Ėí‚ĖĎ‚Ėą‚Ėź‚ĖĆ‚Ėź‚ĖĄ‚ĖÄ‚Ėď‚Ėí‚ĖĎ‚Ėą‚Ėź‚ĖĆ‚Ėź‚ĖĄ‚ĖÄ‚Ėď‚Ėí‚ĖĎ‚Ėą‚Ėź‚ĖĆ‚Ėź‚Ėď
