        
        
                  Poh.And.Co.S01E05.DVDRip.x264-CBFD 
        
        
                              ...seriously Can't Be Fucking Discs(Dicks) mate... 
        
                  Genre .............: Lifestyle / Cooking 
                  Duration ..........: 23mn 54s 
                  Size ..............: 259 MiB 
        
                  Quality ...........: x264 PAL 25.000 FPS / 1370 Kbps 
                  Source ............: DVD RETAiL 
                  Settings ..........: --preset slower --crf 19 
                  Resolution ........: 720x404 
                  Audio .............: AAC 2.0 
                  Bitrate ...........: 48.0 KHz / 146 Kbps 
        
                  iNFO: www.imdb.com/title/tt4361158/ 
        
                  Proof On Ep 1. 

                  Making and sharing delicious meals is about to become even more 
                  important in Poh's fascinating world of business pursuits, 
                  artistic dreams and fun adventures with family and friends. 
                  That's because her passion for food is so natural and boundless 
                  that of course it's going to come into play when she decides to 
                  get more order and balance in her life.
        
                  Episode 5: Love... And Pizza!        

                  Poh and Jono start building a wood-fired pizza oven to enhance 
                  their outdoor entertaining area, so of course Poh enlists Andre's 
                  help to find a good tutor in the art of pizza dough. Both end up 
                  getting a lesson from Mauro Gulli, an immigrant from Calabria who 
                  does Andre's commercial baking and used to be a pizzaiolo in Italy. 
                  It's a lot of fun. Later, Poh and Jono, and Rhino and Tim, escape 
                  the chaos at home with a picnic at the gorgeous beach at Port 
                  Willunga, south of Adelaide. 
        
                  -- 
                  BOiNG BOiNG
