ÔĽŅ



                                       ‚ĖĄ‚ĖĄ‚Ėą‚Ėą‚ĖĄ‚ĖĄ‚ĖĄ
       ‚ĖĄ‚ĖĄ‚ĖĄ‚ĖĄ                      ‚ĖĄ‚ĖĄ‚ĖĄ‚Ėą‚Ėą‚Ėą‚ĖÄ‚ĖÄ‚Ėą‚Ėą‚ĖÄ‚ĖĄ‚ĖĄ‚ĖĄ‚ĖĄ‚ĖĄ‚ĖĄ‚ĖĄ‚ĖĄ‚ĖĄ           ‚ĖĄ‚ĖĄ‚ĖĄ‚ĖĄ
      ‚ĖÄ‚Ėą‚Ėą‚Ėą‚Ėą‚Ėą‚Ėą‚Ėą‚ĖĄ           ‚ĖĄ‚ĖĄ‚ĖĄ‚ĖĄ‚Ėą‚Ėą‚Ėą‚ĖÄ‚ĖÄ‚Ėą‚Ėą‚Ėď   ‚Ėą‚Ėą‚Ėď ‚Ėą‚Ėą‚ĖĄ  ‚ĖÄ‚Ėą‚Ėą‚Ėď ‚ĖĄ‚ĖĄ‚ĖĄ     ‚ĖÄ‚Ėą‚Ėą‚Ėą‚Ėą‚Ėą‚Ėą‚Ėą‚ĖĄ
        ‚Ėą‚Ėą‚ĖĄ ‚ĖÄ‚ĖÄ‚Ėą‚Ėą‚Ėą‚ĖĄ   ‚ĖĄ‚ĖĄ‚ĖĄ‚ĖĄ‚ĖĄ‚ĖĄ  ‚Ėą‚Ėą‚Ėď   ‚Ėą‚Ėą‚Ėď   ‚Ėą‚Ėą‚Ėď ‚Ėą‚Ėą‚Ėď   ‚Ėą‚Ėą‚Ėď ‚Ėą‚Ėą‚Ėą‚Ėą‚Ėą‚ĖĄ‚ĖĄ   ‚Ėą‚Ėą‚ĖĄ ‚ĖÄ‚ĖÄ‚Ėą‚Ėą‚Ėą‚ĖĄ
        ‚Ėą‚Ėą‚Ėď    ‚Ėą‚Ėą‚Ėď ‚ĖĄ‚Ėą‚Ėą‚Ėą‚Ėą‚Ėą‚Ėą‚Ėą‚Ėď ‚Ėą‚Ėą‚Ėď   ‚Ėą‚Ėą‚Ėď   ‚Ėą‚Ėą‚Ėď ‚Ėą‚Ėą‚Ėď   ‚Ėą‚Ėą‚Ėď ‚Ėą‚Ėą‚Ėď  ‚ĖÄ‚Ėą‚Ėą‚ĖĄ ‚Ėą‚Ėą‚Ėď    ‚Ėą‚Ėą‚Ėď
        ‚Ėą‚Ėą‚Ėď ‚ĖÄ‚ĖĄ ‚Ėą‚Ėą‚Ėď ‚Ėą‚Ėą‚Ėď   ‚Ėą‚Ėą‚Ėď ‚Ėą‚Ėą‚Ėď   ‚Ėą‚Ėą‚Ėď   ‚Ėą‚Ėą‚Ėď ‚Ėą‚Ėą‚Ėď   ‚Ėą‚Ėą‚Ėď ‚Ėą‚Ėą‚Ėď   ‚Ėą‚Ėą‚Ėď ‚Ėą‚Ėą‚Ėď    ‚Ėą‚Ėą‚Ėď
        ‚Ėą‚Ėą‚Ėď  ‚Ėź‚ĖĆ‚Ėą‚Ėą‚Ėď ‚Ėą‚Ėą‚Ėď   ‚Ėź‚Ėą‚Ėď ‚Ėą‚Ėą‚Ėď   ‚Ėą‚Ėą‚Ėď   ‚Ėą‚Ėą‚Ėď ‚Ėą‚Ėą‚Ėď   ‚Ėą‚Ėą‚Ėď ‚Ėą‚Ėą‚Ėď   ‚Ėą‚Ėą‚Ėď ‚Ėą‚Ėą‚Ėď    ‚Ėą‚Ėą‚Ėď
        ‚Ėą‚Ėą‚Ėď ‚ĖĄ‚ĖÄ ‚Ėą‚Ėą‚Ėď ‚Ėą‚Ėą‚Ėď   ‚Ėą‚Ėą‚ĖÄ ‚Ėą‚Ėą‚Ėď   ‚Ėą‚Ėą‚Ėď   ‚Ėą‚Ėą‚Ėď ‚Ėą‚Ėą‚Ėď   ‚Ėą‚Ėą‚Ėď ‚Ėą‚Ėą‚Ėď   ‚Ėą‚Ėą‚Ėď ‚Ėą‚Ėą‚Ėď    ‚Ėą‚Ėą‚Ėď
        ‚Ėą‚Ėą‚ĖĄ‚ĖÄ   ‚Ėą‚Ėą‚Ėď ‚Ėą‚Ėą‚ĖÄ‚ĖĄ‚ĖĄ‚ĖÄ‚ĖÄ   ‚Ėą‚Ėą‚Ėď   ‚Ėą‚Ėą‚Ėď   ‚Ėą‚Ėą‚Ėď ‚Ėą‚Ėą‚ĖĄ‚ĖÄ‚Ėą‚Ėą‚Ėą‚Ėą‚Ėď ‚Ėą‚Ėą‚Ėď   ‚Ėą‚Ėą‚Ėď ‚Ėą‚Ėą‚Ėď    ‚Ėą‚Ėą‚Ėď
       ‚ĖĄ‚ĖÄ‚Ėą‚Ėď    ‚Ėą‚Ėą‚Ėď ‚Ėą‚Ėą‚Ėď       ‚Ėą‚Ėą‚Ėď   ‚Ėą‚Ėą‚Ėď   ‚Ėą‚Ėą‚Ėď ‚Ėą‚Ėą‚Ėď   ‚Ėą‚Ėą‚Ėď ‚Ėą‚Ėą‚Ėď   ‚Ėą‚Ėą‚Ėď ‚Ėą‚Ėą‚Ėď    ‚Ėą‚Ėą‚Ėď
     ‚ĖĄ‚ĖÄ ‚Ėą‚Ėą‚Ėď    ‚Ėą‚Ėą‚Ėď ‚Ėą‚Ėą‚Ėď   ‚Ėą‚ĖĄ  ‚Ėą‚Ėą‚Ėď   ‚Ėą‚Ėą‚Ėď   ‚Ėą‚Ėą‚Ėď ‚Ėą‚Ėą‚Ėď   ‚Ėą‚Ėą‚Ėď ‚Ėą‚Ėą‚Ėď   ‚Ėą‚Ėą‚Ėď ‚Ėą‚Ėą‚Ėď    ‚Ėą‚Ėą‚Ėď
    ‚Ėź‚ĖĆ  ‚Ėą‚Ėą‚Ėď    ‚Ėą‚Ėą‚Ėď ‚Ėą‚Ėą‚Ėď   ‚Ėą‚Ėą‚Ėď ‚Ėą‚Ėą‚Ėď   ‚Ėą‚Ėą‚Ėď   ‚Ėą‚Ėą‚Ėď ‚Ėą‚Ėą‚Ėď   ‚Ėą‚Ėą‚Ėď ‚Ėą‚Ėą‚Ėď   ‚Ėą‚Ėą‚Ėď ‚Ėą‚Ėą‚Ėď    ‚Ėą‚Ėą‚Ėď
     ‚Ėą‚ĖĄ ‚Ėą‚Ėą‚Ėď    ‚Ėą‚Ėą‚Ėď ‚Ėą‚Ėą‚Ėď   ‚Ėą‚Ėą‚Ėď ‚Ėą‚Ėą‚Ėď   ‚Ėą‚Ėą‚Ėď   ‚Ėą‚Ėą‚Ėď ‚Ėą‚Ėą‚Ėď   ‚Ėą‚Ėą‚Ėď ‚Ėą‚Ėą‚Ėď   ‚Ėą‚Ėą‚Ėď ‚Ėą‚Ėą‚Ėď    ‚Ėą‚Ėą‚Ėď
  ‚ĖĄ   ‚ĖÄ‚Ėą‚Ėą‚Ėą‚ĖÄ ‚ĖĄ‚ĖĄ‚Ėą‚Ėą‚ĖÄ  ‚Ėą‚Ėą‚Ėď  ‚ĖĄ‚Ėą‚Ėą‚Ėď ‚Ėą‚Ėą‚Ėď   ‚Ėą‚Ėą‚Ėď   ‚Ėą‚Ėą‚Ėď ‚Ėą‚Ėą‚Ėď   ‚Ėą‚Ėą‚Ėď ‚Ėą‚Ėą‚Ėď   ‚Ėą‚Ėą‚Ėď ‚Ėą‚Ėą‚ĖÄ ‚ĖĄ‚ĖĄ‚Ėą‚Ėą‚ĖÄ   ‚ĖĄ
 ‚Ėź‚ĖĆ     ‚ĖÄ‚Ėą‚Ėą‚Ėą‚Ėą‚Ėą‚ĖÄ     ‚ĖÄ‚Ėą‚Ėą‚Ėą‚Ėą‚Ėą‚ĖÄ  ‚ĖÄ‚Ėą‚Ėď   ‚Ėą‚Ėą‚Ėď‚ĖĄ  ‚Ėą‚ĖÄ  ‚Ėą‚Ėą‚Ėď   ‚Ėą‚ĖÄ  ‚Ėą‚Ėą‚ĖÄ   ‚Ėą‚ĖÄ  ‚ĖÄ‚Ėą‚Ėą‚Ėą‚Ėą‚Ėą‚ĖÄ     ‚Ėź‚ĖĆ
  ‚Ėą‚ĖĄ                                ‚Ėą‚ĖÄ        ‚ĖÄ‚Ėď‚ĖÄ                            ‚Ėą
 ‚Ėą‚Ėą‚Ėą‚Ėą‚ĖĄ‚ĖĄ‚ĖĄ‚ĖĄ‚ĖĄ‚ĖĄ‚ĖĄ‚ĖĄ‚ĖĄ‚ĖĄ‚ĖĄ‚ĖĄ‚ĖĄ‚ĖĄ‚ĖÄ‚ĖĄ‚ĖĄ‚ĖĄ‚ĖĄ‚ĖĄ‚ĖĄ‚ĖĄ‚ĖĄ‚ĖĄ‚ĖĄ‚ĖĄ‚ĖĄ‚ĖĄ‚ĖĄ‚ĖĄ‚ĖĄ‚ĖĄ‚ĖĄ‚ĖĄ‚ĖĄ‚ĖĄ‚ĖĄ‚ĖĄ‚ĖĄ‚ĖĄ‚ĖĄ‚ĖĄ‚ĖĄ‚ĖĄ‚ĖĄ‚ĖĄ‚ĖĄ‚ĖĄ‚ĖĄ‚ĖĄ‚ĖĄ‚ĖĄ‚ĖĄ‚ĖĄ‚ĖĄ‚ĖĄ‚ĖÄ‚ĖĄ‚ĖĄ‚ĖĄ‚ĖĄ‚ĖĄ‚ĖĄ‚ĖĄ‚ĖĄ‚ĖĄ‚ĖĄ‚ĖĄ‚ĖĄ‚ĖĄ‚Ėą‚Ėą‚Ėą‚Ėą
 ‚Ėą‚Ėą‚Ėą‚Ėď‚ĖÄ‚ĖÄ‚ĖÄ‚ĖÄ‚ĖĄ‚Ėą‚ĖÄ‚ĖÄ‚ĖÄ‚ĖĄ‚Ėą‚ĖÄ‚ĖÄ‚ĖÄ‚ĖÄ‚ĖÄ‚Ėą‚ĖÄ‚ĖÄ‚ĖÄ‚ĖÄ‚ĖÄ‚ĖÄ‚ĖÄ‚ĖÄ‚ĖÄ‚ĖÄ‚ĖÄ‚ĖÄ‚ĖÄ‚ĖÄ‚ĖÄ‚ĖÄ‚ĖÄ‚ĖÄ‚ĖÄ‚ĖÄ‚ĖÄ‚ĖÄ‚ĖÄ‚ĖÄ‚ĖÄ‚ĖÄ‚ĖÄ‚ĖÄ‚ĖÄ‚ĖÄ‚ĖÄ‚ĖÄ‚ĖÄ‚ĖÄ‚ĖÄ‚ĖÄ‚ĖÄ‚Ėą‚ĖÄ‚ĖÄ‚ĖÄ‚ĖÄ‚Ėą‚ĖĄ‚ĖÄ‚ĖÄ‚ĖÄ‚Ėą‚ĖĄ‚ĖÄ‚ĖÄ‚ĖÄ‚ĖÄ‚Ėď‚Ėą‚Ėą‚Ėą
 ‚Ėą‚Ėą‚Ėą‚Ėď ‚Ėď‚ĖĄ ‚Ėź‚ĖĆ   ‚Ėą        ‚ĖĄ ‚Ėą‚ĖÄ‚Ėą ‚Ėą‚ĖÄ‚Ėą ‚Ėą‚ĖÄ‚Ėą ‚Ėą‚ĖĄ‚ĖĄ ‚Ėą‚ĖÄ‚Ėą ‚Ėą‚ĖÄ‚ĖĄ ‚ĖÄ‚Ėą‚ĖÄ ‚Ėą‚ĖĄ‚ĖĄ ‚ĖĄ       ‚Ėą   ‚Ėź‚ĖĆ ‚ĖĄ‚Ėď ‚Ėď‚Ėą‚Ėą‚Ėą
 ‚Ėą‚Ėą‚Ėą‚Ėď ‚ĖÄ ‚ĖĄ‚ĖÄ‚ĖÄ‚ĖÄ‚ĖÄ‚ĖÄ         ‚ĖĄ ‚Ėď‚ĖÄ  ‚Ėď‚ĖÄ‚ĖĄ ‚Ėď‚ĖĄ‚ĖĄ ‚ĖĄ‚ĖĄ‚Ėď ‚Ėď‚ĖĄ‚ĖĄ ‚Ėď ‚Ėď  ‚Ėď  ‚ĖĄ‚ĖĄ‚Ėď ‚ĖĄ        ‚ĖÄ‚ĖÄ‚ĖÄ‚ĖÄ‚ĖÄ‚ĖĄ ‚ĖÄ ‚Ėď‚Ėą‚Ėą‚Ėą
 ‚Ėą‚Ėą‚Ėą‚Ėď‚ĖĄ‚ĖĄ‚ĖÄ                                                                ‚ĖÄ‚ĖĄ‚ĖĄ‚Ėď‚Ėą‚Ėą‚Ėą
 ‚Ėą‚Ėą‚Ėą‚Ėą‚ĖÄ                                                                    ‚ĖÄ‚Ėą‚Ėą‚Ėą‚Ėą
  ‚Ėą‚Ėą‚ĖÄ                                                                      ‚ĖÄ‚Ėą‚Ėą
           Modern.Family.S05E16.DVDRip.x264-DEMAND

        Release.Date: 05.09.2014
        Source......: Retail DVD
        Size........: 167MB (175√ü213√ü199 Bytes)
        Video.....  : X264 @ CRF 19
        Frame.Rate..: 23.976
        Resolution..: 716x406
        Audio.......: AAC LC 2ch 48.0 KHz
        Language....: English
        Length......: 21mn 41s
        Subtitles...: English, Spanish, French, Portuguese, Chinese

        TVRage: http://www.tvrage.com/Modern_Family

 ‚ĖĄ‚Ėą‚Ėą‚ĖÄ ‚ĖÄ                        ‚Ėą‚ĖÄ‚ĖĄ ‚ĖĄ‚ĖÄ‚Ėą ‚ĖÄ‚Ėą‚ĖÄ ‚Ėą‚ĖÄ‚Ėą ‚Ėą‚ĖĄ‚ĖĄ                       ‚ĖÄ ‚ĖÄ‚Ėą‚Ėą‚ĖĄ
 ‚Ėą‚Ėą‚Ėď ‚ĖĄ‚Ėď‚ĖĄ ‚ĖÄ                     ‚Ėď ‚Ėď ‚Ėď‚ĖĄ‚ĖÄ  ‚Ėď  ‚Ėď‚ĖĄ‚ĖĄ ‚ĖĄ‚ĖĄ‚Ėď                    ‚ĖÄ ‚ĖĄ‚Ėď‚ĖĄ ‚Ėď‚Ėą‚Ėą
 ‚Ėą‚Ėą‚Ėď  ‚ĖÄ  ‚Ėď‚ĖĄ‚ĖĄ‚ĖĄ‚ĖĄ‚ĖĄ‚ĖĄ‚ĖĄ‚ĖĄ‚ĖĄ‚ĖĄ‚ĖĄ‚ĖĄ‚ĖĄ‚ĖĄ‚ĖĄ‚ĖĄ‚ĖĄ‚ĖĄ‚ĖĄ‚ĖĄ‚ĖĄ‚ĖĄ‚ĖĄ‚ĖĄ‚ĖĄ‚ĖĄ‚ĖĄ‚ĖĄ‚ĖĄ‚ĖĄ‚ĖĄ‚ĖĄ‚ĖĄ‚ĖĄ‚ĖĄ‚ĖĄ‚ĖĄ‚ĖĄ‚ĖĄ‚ĖĄ‚ĖĄ‚ĖĄ‚ĖĄ‚ĖĄ‚ĖĄ‚ĖĄ‚ĖĄ‚ĖĄ‚ĖĄ‚ĖĄ‚ĖĄ‚ĖĄ‚ĖĄ‚ĖĄ‚ĖĄ‚ĖĄ‚ĖĄ‚ĖĄ‚ĖĄ‚ĖĄ‚Ėď  ‚ĖÄ  ‚Ėď‚Ėą‚Ėą
  ‚ĖÄ‚Ėą‚ĖÄ‚ĖÄ‚ĖÄ‚ĖÄ‚ĖÄ‚Ėą‚ĖÄ                                                          ‚ĖÄ‚Ėą‚ĖÄ‚ĖÄ‚ĖÄ‚ĖÄ‚ĖÄ‚Ėą‚ĖÄ
           ‚ĖÄ                                                        ‚ĖÄ





 ‚ĖĄ‚Ėą‚Ėą‚ĖĄ‚ĖĄ‚ĖĄ‚Ėą‚Ėą‚ĖÄ ‚ĖĄ ‚ĖĄ‚ĖĄ‚ĖĄ‚ĖĄ‚ĖĄ‚ĖĄ‚ĖĄ‚ĖĄ‚ĖĄ‚ĖĄ‚ĖĄ‚ĖĄ‚ĖĄ‚ĖĄ‚ĖĄ‚ĖĄ‚ĖĄ‚ĖĄ‚ĖĄ‚ĖĄ‚ĖĄ‚ĖĄ‚ĖĄ‚ĖĄ‚ĖĄ‚ĖĄ‚ĖĄ‚ĖĄ‚ĖĄ‚ĖĄ‚ĖĄ‚ĖĄ‚ĖĄ‚ĖĄ‚ĖĄ‚ĖĄ‚ĖĄ‚ĖĄ‚ĖĄ‚ĖĄ‚ĖĄ‚ĖĄ‚ĖĄ‚ĖĄ‚ĖĄ‚ĖĄ‚ĖĄ‚ĖĄ‚ĖĄ‚ĖĄ‚ĖĄ‚ĖĄ‚ĖĄ‚ĖĄ ‚ĖĄ ‚ĖÄ‚Ėą‚Ėą‚ĖĄ‚ĖĄ‚ĖĄ‚Ėą‚Ėą‚ĖĄ
 ‚Ėą‚Ėą‚Ėď ‚Ėą‚ĖÄ   ‚ĖĄ                ‚ĖĄ‚ĖĄ‚ĖĄ  ‚ĖĄ‚ĖĄ ‚ĖĄ‚ĖĄ  ‚ĖĄ‚ĖĄ‚ĖĄ ‚ĖĄ‚ĖĄ  ‚ĖĄ‚ĖĄ‚ĖĄ ‚ĖĄ‚ĖĄ‚ĖĄ               ‚ĖĄ   ‚ĖÄ‚Ėą ‚Ėď‚Ėą‚Ėą
 ‚Ėą‚Ėą‚Ėď ‚Ėą   ‚ĖÄ‚Ėď‚ĖÄ               ‚Ėď   ‚Ėď ‚Ėď ‚Ėď ‚Ėď  ‚Ėď  ‚Ėď‚ĖĄ‚Ėď ‚Ėď    ‚Ėď               ‚ĖÄ‚Ėď‚ĖÄ   ‚Ėą ‚Ėď‚Ėą‚Ėą
 ‚ĖÄ‚Ėą‚Ėą‚ĖĄ‚Ėą‚ĖĄ ‚ĖĄ                  ‚ĖÄ‚ĖÄ‚ĖÄ ‚ĖÄ‚ĖÄ  ‚ĖÄ ‚ĖÄ  ‚ĖÄ  ‚ĖÄ ‚ĖÄ ‚ĖÄ‚ĖÄ‚ĖÄ  ‚ĖÄ                  ‚ĖĄ ‚ĖĄ‚Ėą‚ĖĄ‚Ėą‚Ėą‚ĖÄ



   ‚ĖĎ                                                                        ‚ĖĎ
   ‚Ėí                                                                        ‚Ėí
  ‚Ėą‚Ėą‚ĖĄ                                                                      ‚ĖĄ‚Ėą‚Ėą
 ‚Ėď‚Ėą‚Ėą‚Ėą‚ĖĄ                                                                    ‚ĖĄ‚Ėą‚Ėą‚Ėą‚Ėď
 ‚Ėď‚Ėą‚Ėą‚Ėď‚ĖÄ‚ĖÄ‚ĖĄ                                                                ‚ĖĄ‚ĖÄ‚ĖÄ‚Ėď‚Ėą‚Ėą‚Ėď
 ‚Ėą‚Ėą‚Ėą‚Ėď ‚ĖĄ ‚ĖÄ‚ĖĄ‚ĖĄ‚ĖĄ‚ĖĄ‚ĖĄ  ‚ĖĄ    ‚ĖĄ‚ĖÄ         ‚ĖĄ    ‚ĖĄ ‚ĖĄ    ‚ĖĄ  ‚ĖĄ         ‚ĖÄ‚ĖĄ    ‚ĖĄ  ‚ĖĄ‚ĖĄ‚ĖĄ‚ĖĄ‚ĖĄ‚ĖÄ ‚ĖĄ ‚Ėď‚Ėą‚Ėą‚Ėą
 ‚Ėą‚Ėą‚Ėą‚Ėď ‚Ėď‚ĖÄ ‚Ėź‚ĖĆ ‚ĖĄ ‚Ėą    ‚ĖÄ‚Ėź‚ĖĆ        ‚ĖÄ ‚ĖÄ‚ĖÄ‚ĖÄ‚Ėą ‚ĖĄ ‚Ėą  ‚ĖĄ ‚Ėą‚ĖĄ‚ĖĄ‚ĖÄ ‚ĖÄ        ‚Ėź‚ĖĆ‚ĖÄ    ‚Ėą ‚ĖĄ ‚Ėź‚ĖĆ ‚ĖÄ‚Ėď ‚Ėď‚Ėą‚Ėą‚Ėą
 ‚Ėą‚Ėą‚Ėą‚Ėď‚ĖĄ‚ĖĄ‚ĖĄ‚ĖĄ‚ĖÄ‚Ėą‚ĖĄ‚ĖĄ‚ĖĄ‚ĖÄ‚Ėą‚ĖĄ‚ĖĄ‚ĖĄ‚Ėą ‚ĖÄ‚ĖĄ       ‚ĖÄ ‚Ėď‚ĖĄ‚ĖĄ‚ĖÄ ‚Ėď ‚Ėď‚ĖĄ‚ĖĄ‚Ėď ‚Ėď  ‚Ėď ‚ĖÄ       ‚ĖĄ‚ĖÄ ‚Ėą‚ĖĄ‚ĖĄ‚ĖĄ‚Ėą‚ĖÄ‚ĖĄ‚ĖĄ‚ĖĄ‚Ėą‚ĖÄ‚ĖĄ‚ĖĄ‚ĖĄ‚ĖĄ‚Ėď‚Ėą‚Ėą‚Ėą
  ‚ĖÄ‚Ėą‚Ėď‚ĖÄ‚ĖÄ‚ĖÄ‚ĖÄ‚ĖÄ‚ĖÄ‚ĖÄ‚ĖÄ‚ĖÄ‚ĖÄ‚ĖÄ‚ĖÄ‚ĖÄ‚Ėą‚Ėą‚Ėą‚Ėą‚ĖĄ‚Ėą‚Ėą‚Ėą‚ĖĄ‚ĖĄ‚ĖĄ‚ĖĄ‚ĖĄ                  ‚ĖĄ‚ĖĄ‚ĖĄ‚ĖĄ‚ĖĄ‚Ėą‚Ėą‚Ėą‚ĖĄ‚Ėą‚Ėą‚Ėą‚Ėą‚ĖÄ‚ĖÄ‚ĖÄ‚ĖÄ‚ĖÄ‚ĖÄ‚ĖÄ‚ĖÄ‚ĖÄ‚ĖÄ‚ĖÄ‚ĖÄ‚ĖÄ‚Ėď‚Ėą‚ĖÄ
                        ‚ĖÄ  ‚ĖÄ‚ĖÄ‚ĖÄ‚Ėą‚Ėą‚Ėą‚Ėą‚ĖĄ pH7  ph0 ‚ĖĄ‚Ėą‚Ėą‚Ėą‚Ėą‚ĖÄ‚ĖÄ‚ĖÄ  ‚ĖÄ
                            ‚ĖÄ‚ĖĄ‚ĖĄ  ‚Ėą‚Ėą‚Ėí  SiLK  ‚Ėí‚Ėą‚Ėą  ‚ĖĄ‚ĖĄ‚ĖÄ
                               ‚Ėď‚ĖĄ ‚Ėą‚Ėď 20  12 ‚Ėď‚Ėą ‚ĖĄ‚Ėď
                               ‚ĖĎ  ‚ĖÄ‚Ėą‚Ėą‚ĖĄ‚ĖĄ  ‚ĖĄ‚ĖĄ‚Ėą‚Ėą‚ĖÄ  ‚ĖĎ
                                    ‚ĖÄ‚ĖÄ‚Ėą‚Ėą‚Ėą‚Ėą‚ĖÄ‚ĖÄ
