Gregs.Tagebuch.2.German 2011.AC3D.MD.HDRip.Xvid-DuL

In Gregs Tagebuch 2: Gibt's Probleme? stⁿrzt sich der zehnjΣhrige Greg (Zachary Gordon) in sein zweites Abenteuer. Ein neues Schuljahr beginnt und Greg ist ausnahmsweise froh, dass die Sommerferien endlich zu Ende sind. In den Ferien ist ihm etwas ôultraö peinliches passiert; niemand darf es erfahren! Jedoch hat Gregs gro▀er und hinterlistiger Bruder Rodrick (Devon Bostick) sein geheimes Tagebuch gefunden. Nun droht das wohlbehⁿtete Geheimnis ans Licht zu kommenà

http://www.moviepilot.de/movies/gregs-tagebuch-2-gibts-probleme

http://www.imdb.de/title/tt1650043/

Audio : Gregs.Tagebuch.2.DVDRip.MD.German.XViD-CIS, THX

Video : BluRay Cocain, THX

Allgemein 

VollstΣndiger Name : Gregs.Tagebuch.2.German 2011.AC3D.MD.HDRip.Xvid-DuL\gregstagebuch.ac3.xvid-DuL.avi 

Format : AVI 
Format/Info : Audio Video Interleave 
Format-Profil : OpenDML 
Dateigr÷▀e : 1,30 GiB 
Dauer : 59min 
Gesamte Bitrate : 3 102 Kbps 
Filmname : gregstagebuch.ac3.xvid-DuL 
Kodierendes Programm : Lavf53.2.0 

Video 
ID : 0 
Format : MPEG-4 Visual 
Format-Profil : Simple@L3 
Format-Einstellungen fⁿr BVOP : Nein 
Format-Einstellungen fⁿr Qpel : Nein 
Format-Einstellungen fⁿr GMC : Keine warppoints 
Format-Einstellungen fⁿr Matrix : Default (H.263) 
Codec-ID : XVID 
Codec-ID/Hinweis : XviD 
Dauer : 59min 
Bitrate : 2 001 Kbps 
Breite : 720 Pixel 
H÷he : 400 Pixel 
BildseitenverhΣltnis : 2,35:1 
Bildwiederholungsrate : 23,976 FPS 
ColorSpace : YUV 
ChromaSubsampling : 4:2:0 
BitDepth/String : 8 bits 
Scantyp : progressiv 
Bits/(Pixel*Frame) : 0.290 
Stream-Gr÷▀e : 858 MiB (65%) 
verwendete Encoder-Bibliothek : XviD 64 

Audio 
ID : 1 
Format : AC-3 
Format/Info : Audio Coding 3 
Format_Settings_ModeExtension : CM (complete main) 
Codec-ID : 2000 
Dauer : 59min 
Bitraten-Modus : konstant 
Bitrate : 384 Kbps 
KanΣle : 2 KanΣle 
Kanal-Positionen : Front: L R 
Samplingrate : 48,0 KHz 
BitDepth/String : 16 bits 
Stream-Gr÷▀e : 165 MiB (12%) 
Ausrichtung : Ausgerichtet an Interleaves 
Interleave, Dauer : 32 ms (0,77 Video-Frame)
