Release......: Young.At.heart.I.Feel.Good.2010.DVD9.PAL.MDVDR

Artist.......: Young@Heart
Title........: I Feel Good
Label........: Walker George Films
Language.....: English
Subtitles....: FR
Genre........: Rock
Year.........: 2010
Source.......: PAL DVD9
Aspect ratio.: 16/9
Region.......: All
Size.........: 65*100
 
Video........: untouched
Audio........: DD 2.0, DD 5.1
Menu.........: untouched

Removed......: -
Content......:

Get ready to rock out with the most entertaining "golden oldies" you will ever meet,
a fun-loving senior citizen's choir called Young@Heart. To prepare for a show in 
their hometown that is only weeks away, the lovable seniors must learn a slate of new 
songs, ranging from James Brown to Coldplay. The chorus' tireless musical director 
leads the group through a series of hilariously chaotic rehearsals, proving that hard 
rock can be hard work ù especially when you're hard of hearing! Climaxing in a 
triumphant performance that will leave you cheering, their inspiring story celebrates 
the unbreakable bonds of friendship and the life-affirming power of music! 

URL..........: http://www.amazon.fr/i-FEEL-GOOD-Joe-Beno%C3%AEt/dp/B002VTOAR2

Notes........:
