           .......                                           .......
           :   ..'                     _                     `..   :
  (__      :                      _   / \   _                      :      __)
   (_)...  :...             _ _____) /\_/\ (_____ _             ...:  ...(_)
  ......'  :: '             \ \__(  _\ \ /_  )__/ /             ` ::  `......
  `........|`.....................__\ \// /__.....................'|........'
       - -\_)-------------------. (__\ / /__) .-------------------(_/- -
           :                                         _             :
           :                                        / \            :
     ____  :         ____   _/__     _             /  /   ____     :  _   _
   _/    \_:___/_  _/    \_ /   \_  / \_    ____/_ \_// _/    \_ __:_/ \_/ \_
  /  _    /   /   /  _    //  ___/_/   /___/   /   __' /  _    //   /   /   /
 /   /___/   //  /   /___/_\__    /   /   /   //  /  \/ __/___//   /   /   /_
/   __/ /   /___/   __/  /   /   /  __   /   /___/   /  \_    /  __   /   __/__
   /.- /   /   /   /    /   /   /   /   /   /   /   /\   /   /   /   /   /    /
__//   \_____  \____   /\_____  \__/   /\____   \__// \____  \__/   /\____   //
--'     ---:\__//-/   // ----\__///   // ----\__//-'   ---\__//-\__// --/   //
           : --'  \__//       --' \__//       --'          --'   --:    \__//
           :       --'             --'                             :     --'
           '                                                       `
                 Fooling.Around.3.XXX.DVDRip.XviD-FLESHLiGHT
           ...                                                   ...
        .....'                                                   `.....
        `..                                                         ..'
           :     ...                _  _  _                ...     :
          _:     `...       ........_)/ \(_........       ...'     :_
       - -\_)-------'       `....     \_/     ....'       `-------(_/- -
   __.     `....................'             `....................'     .__
  (_____                                                               _____)
    (_  )                                                             (  _)
 ......(........................'             `........................)......
 `.... `--\_)-------------------.             .-------------------(_/--' ....'
   ..'     |                `---'             `---'                |     `..
           : Title ............: Fooling Around 3                  :
           : Company...........: Intense Industries                :
           : Genre ............: All Sex                           :
           : Reldate ..........: 12/21/2008                        :
           : Storedate ........: 12/18/2008                        :
           : DVD Runtime ......: 119 min                           :
           : Language .........: English                           :
           : Video Codec ......: DVDD                              :
           : Video Bitrate ....: 1468 kb/s                         :
           : Resolution .......: 672x368                           :
           : Audio Bitrate ....: 157 kb/s                          :
           : Amount of files ..: CD1: 50x15Mb CD2:50x15Mb          :
           `                                                       '
             http://www.hit-movies.com/AdultDVD/799889D3_Fooling_Around_3_dvd.htm
       ____._                                                     _.____
       `.__:_____                                             _____:__.'
           :.....).( SUMMARY )...............................(.....:
           :                                                       :
           :                                                       :
           :   Fooling Around 3 Description: "Cock-craving         :
           :   cuties cumming û squirts û cum guzzling cunts       :
           :   chomping dicks û sperm baths for face fucked        :
           :   sluts û pussies pleasured by pulsating pricks û     :
           :   mouths full of cock û cunts full of cock û asses    :
           :   full of cock and they're just ôFooling Aroundö."    :
           :                                                       :
           :                                                       :
           :   Actors: Maria Bellucci, Adrianna, Eve Sanders,      :
           :           Kathy Anderson,  Kia Winston, Ana Lya.      :
           :                                                       :
           :                                                       :
       ___ :                                                       : ___
       `.__:_____                                             _____:__.'
           :.....).( iNFORMATiON )...........................(.....:
           :                                                       :
           :  We are looking for exclusive affiliations in the     :
           :  following locations: dk/fi (300mbit+)          :
           :                                                       :
           :                        _  _  _                        :
          _:                ........_)/ \(_........                :_
       - -\_)-------.       `....     \_/     ....'       .-------(_/- -
           `........|...........'             `...........|........'
              .-----'            `2o!CRo|2oo7'            `-----.
              `--.                                           .--'
                 '                                           `


                                [unfo-maker 1.8]
