   ░▓██████████████████████████████████████████████████████████████████████▓    
 ░██████████████░██████████████████████▒▒██████████████████████░██████████████  
▓█████████████░    ▓████████████████▓░    ░█████████████████▒    ▒█████████████░
████████████▒         ░▒▓██████▓▒░            ░▒▓██████▓▒          ▓████████████
██████████▓                                                          ███████████
█████████                                                             ░█████████
███████▒                                                                ▒███████
█████▓                                                                    ▓█████
████                                                                        ████
██                                                                           ░██
█                                                                              █
██                                                                           ░██
███                                                                          ███
████      █████████████████        █████████     ██████████████████████     ████
████░     ██░░░░░░░░░░░░░░░█     ██▓▓▓▓▓▓▓▓▓██   █▒▒▒▒▒▒▒▒▒▒▒▒▒▒▒▒▒▒▒▒█    ▒████
█████     ██░░░░░██████░░░░░█  ██▓▓▓▓▓▓▓▓▓▓▓▓▓██ █▒▒▒▒▒▒▒▒▒▒▒▒▒▒▒▒▒▒▒▒█    █████
█████     ██░░░░░█     █░░░░░███▓▓▓▓▓▓███▓▓▓▓▓▓▓███▒▒▒▒▒▒█████████▒▒▒▒█    █████
█████░      █░░░░█     █░░░░░██▓▓▓▓▓▓█   █▓▓▓▓▓▓█  █▒▒▒▒▒█       ██████   ▒█████
█████░      █░░░░█     █░░░░░██▓▓▓▓▓█     █▓▓▓▓▓█  █▒▒▒▒▒█                ▒█████
█████░      █░░░░██████░░░░░█ █▓▓▓▓▓█     █▓▓▓▓▓█  █▒▒▒▒▒▒██████████      ▒█████
█████       █░░░░░░░░░░░░░██  █▓▓▓▓▓█     █▓▓▓▓▓█  █▒▒▒▒▒▒▒▒▒▒▒▒▒▒▒█      ░█████
█████       █░░░░█████████    █▓▓▓▓▓█     █▓▓▓▓▓█  █▒▒▒▒▒▒▒▒▒▒▒▒▒▒▒█       █████
████▒       █░░░░█            █▓▓▓▓▓█     █▓▓▓▓▓█  █▒▒▒▒▒▒██████████       ▓████
████        █░░░░█            █▓▓▓▓▓█     █▓▓▓▓▓█  █▒▒▒▒▒█                  ████
███         █░░░░█            █▓▓▓▓▓▓█   █▓▓▓▓▓▓█  █▒▒▒▒▒█       ██████     ░███
██▒       ██░░░░░░██          █▓▓▓▓▓▓▓███▓▓▓▓▓▓▓███▒▒▒▒▒▒████████▒▒▒▒▒█      ▓██
██        █░░░░░░░░█           ██▓▓▓▓▓▓▓▓▓▓▓▓▓██ █▒▒▒▒▒▒▒▒▒▒▒▒▒▒▒▒▒▒▒▒█       ██
█░        █░░░░░░░░█             ██▓▓▓▓▓▓▓▓▓██   █▒▒▒▒▒▒▒▒▒▒▒▒▒▒▒▒▒▒▒▒█       ▒█
█         ██████████               █████████     ██████████████████████        █
█                                                                              █
█                                                                              █
█                                                                              █
█                            Power of Entertainment                           ░█
█▓                                                                            ██
██                                                                            ██
███                                                                          ███
████                                                                        ████
█████                                                                      █████
██████░                                                                  ▒██████
████████                                                                ████████
██████████░                                                          ░██████████
█████████████░                                                    ▒█████████████
█████████████████▓▒░░░                                     ░░▒▓█████████████████
████████████████████████████████▓             ░▓████████████████████████████████
████████████████████████████████████       ░████████████████████████████████████
▒█████████████████████████████████████░  ░█████████████████████████████████████░
  ▓██████████████████████████████████████████████████████████████████████████▓  

     ██████████████████████████████████████████████████████████████████████
    ████████████████████████████████████████████████████████████████████████
   ███                 ██                            ██                   ███
  ███                   ██      ▒▒▒      ▒▒         ██                     ███ 
 ███                     ██      ▒  ▒▒   ▒  ▒▒▒    ██                       ███
███                       ██     ▒  ▒ ▒ ▒▒▒ ▒ ▒   ██                         ███
██                         ██    ▒  ▒ ▒  ▒  ▒▒▒  ██                           ██
██                          ██  ▒▒▒     ▒▒      ██                            ██
██                           ██                ██                             ██
██                            ██████████████████                              ██
██                                                                            ██
██                                                                            ██
██                     Titel ............: The Prince - Only God Forgives     ██
██                     Release Date .....: 07/11/2014                         ██
██                     Store Date .......: 10/11/2014                         ██
██                     Genre ............: Action/Thriller                    ██
██                     FSK ..............: Ab 16                              ██
██                                                                            ██
██                     Source ...........: Bluray                             ██
██                     Video Codec ......: XviD                               ██
██                     Video Bitrate ....: 1900 kbps                          ██
██                     FPS ..............: 23.976                             ██
██                     Resolution .......: 720x304                            ██
██                     Audio Codec ......: AC3 5.1                            ██
██                     Audio Bitrate ....: 448 kbps                           ██
██                     Language .........: German                             ██
██                                                                            ██
██                     Runtime ..........: 01:30:14                           ██
██                     File Size ........: 1,48 GB                            ██
██                                                                            ██
██                     Subtitles ........: Yes - German Forced                ██
██                     Sample ...........: Yes                                ██
██                                                                            ██
██                     www.imdb.com/title/tt1085492/                          ██
██                                                                            ██
██                                                                            ██
██ ▓▓▓▓▓▓▓▓▓▓▓▓▓▓▓▓▓▓▓▓▓▓▓▓▓▓▓▓▓▓▓▓▓▓▓▓▓▓▓▓▓▓▓▓▓▓▓▓▓▓▓▓▓▓▓▓▓▓▓▓▓▓▓▓▓▓▓▓▓▓▓▓▓▓ ██
██▓▓ ██████████████████████████████████████████████████████████████████████ ▓▓██
█▓▓ ████████████████████████████████████████████████████████████████████████ ▓▓█
▓▓ ██                  ██                             ██                   ██ ▓▓
▓ ██                    ██      ▒▒   ▒       ▒       ██                     ██ ▓
 ██                      ██     ▒ ▒  ▒  ▒▒▒ ▒▒▒     ██                       ██ 
██                        ██    ▒▒   ▒  ▒ ▒  ▒     ██                         ██
██                         ██   ▒    ▒▒ ▒▒▒  ▒▒   ██                          ██
██                          ██  ▒                ██                           ██
██                           ██                 ██                            ██
██                            ███████████████████                             ██
██                                                                            ██
██                                                                            ██
██                                                                            ██
██           Einst wirkte Tankwart Paul fuer die Unterwelt unter dem          ██
██           Pseudonym "The Prince" und jagte unter anderem die Fam-          ██
██            ilie von Gangsterboss Omar in die Luft. Heute tut ihm           ██
██             so etwas redlich leid, und er will es gut machen in            ██
██                       dem er Teenagertochter Beth ein                      ██
██                           gestrenger Daddy ist ...                         ██
██                                                                            ██
██                                                                            ██
██                                                                            ██
██ ▓▓▓▓▓▓▓▓▓▓▓▓▓▓▓▓▓▓▓▓▓▓▓▓▓▓▓▓▓▓▓▓▓▓▓▓▓▓▓▓▓▓▓▓▓▓▓▓▓▓▓▓▓▓▓▓▓▓▓▓▓▓▓▓▓▓▓▓▓▓▓▓▓▓ ██
██▓▓ ██████████████████████████████████████████████████████████████████████ ▓▓██
█▓▓ ████████████████████████████████████████████████████████████████████████ ▓▓█
▓▓ ██               ██                                   ██                ██ ▓▓
▓ ██                 ██      ▒▒              ▒          ██                  ██ ▓
 ██                   ██    ▒   ▒▒▒ ▒▒▒ ▒▒▒ ▒▒▒ ▒▒     ██                    ██ 
██                     ██   ▒ ▒ ▒   ▒▒  ▒▒   ▒   ▒    ██                      ██
██                      ██  ▒ ▒ ▒   ▒▒▒ ▒▒▒  ▒▒  ▒▒  ██                       ██
██                       ██  ▒▒                     ██                        ██
██                        ██                       ██                         ██
██                         ██████████████████████████                         ██
██                                                                            ██
██                                                                            ██
██                               FLYING OUT TO                                ██
██                                                                            ██
██                     AJA, Dante, Dombay, Moep, Matarius,                    ██
██              Legion, Chefflo, MTX, 7Up, DiSTORTED and Flowzn               ██
██                                                                            ██
██                                                                            ██
██ ▓▓▓▓▓▓▓▓▓▓▓▓▓▓▓▓▓▓▓▓▓▓▓▓▓▓▓▓▓▓▓▓▓▓▓▓▓▓▓▓▓▓▓▓▓▓▓▓▓▓▓▓▓▓▓▓▓▓▓▓▓▓▓▓▓▓▓▓▓▓▓▓▓▓ ██
██▓▓                                                                        ▓▓██
█▓▓                                                                          ▓▓█
▓▓                                                                            ▓▓
