                                ΓûäΓûêΓûä
                                ΓûÇΓûôΓûÇ
                                ΓûÉΓûî
                                Γûô
                               ΓûÉΓûî
                               Γûô
                              ΓûÉΓûî
     ΓûäΓûêΓûä                      Γûô
     ΓûÇΓûôΓûÇΓûôΓûä                   ΓûÉΓûî
         ΓûÇΓûôΓûä                 Γûô
           ΓûÇΓûôΓûä              ΓûÉΓûî
             ΓûÇΓûôΓûä            Γûô
               ΓûÇΓûôΓûä         ΓûÉΓûî
                 ΓûÇΓûôΓûä       Γûô
                   ΓûÇΓûôΓûäΓûäΓûäΓûäΓûôΓûêΓûî             ΓûäΓûäΓûäΓûêΓûêΓûêΓûôΓûä
                     ΓûÇΓûôΓûêΓûêΓûêΓûêΓûêΓûêΓûô  ΓûäΓûäΓûäΓûäΓûôΓûêΓûêΓûêΓûêΓûêΓûêΓûêΓûêΓûêΓûêΓûêΓûêΓûô
                   ΓûäΓûäΓûôΓûêΓûêΓûêΓûêΓûêΓûêΓûêΓûêΓûêΓûêΓûêΓûêΓûêΓûÇΓûÇΓûÇΓûêΓûêΓûêΓûêΓûêΓûÇΓûäΓûäΓûÇΓûêΓûêΓûê
             ΓûäΓûäΓûäΓûôΓûêΓûêΓûêΓûôΓûêΓûÇΓûÇΓûÇΓûÇΓûÇΓûäΓûäΓûäΓûäΓûäΓûäΓûäΓûäΓûäΓû'  ΓûêΓûêΓûêΓûæΓûêΓûÇΓûêΓûê ΓûÇΓûÇ
      ΓûäΓûäΓûäΓûôΓûêΓûêΓûêΓûôΓûêΓûÇΓûÇΓûÇΓûäΓûäΓûäΓûäΓûêΓûÇΓûÇΓûÇΓûÇΓûÇ        ΓûÇΓûô ΓûÇΓûÇΓûÇΓûêΓûêΓûêΓûäΓûêΓûæΓûêΓûê
     ΓûôΓûêΓûêΓûêΓûÇΓûÇΓûÇΓûäΓûäΓûäΓûêΓûÇΓûÇΓûÇ                  Γû'Γûæ ΓûêΓûêΓûäΓûæΓûÇΓûÇΓûôΓûäΓûêΓûê
     ΓûêΓûê   ΓûäΓûêΓûôΓûÇ                        Γûô ΓûÉΓûêΓûêΓûêΓûêΓûêΓûêΓûêΓûêΓûêΓûî
     ΓûêΓûê ΓûÉΓûôΓûÇ                           Γûê ΓûÉΓûêΓûêΓûêΓûÇΓûÇΓûêΓûÇΓûêΓûêΓûô
     ΓûÉΓûê ΓûÉΓûô                            ΓûÉ  ΓûêΓûêΓûÇΓûæΓûêΓûêΓûæΓûôΓûÇΓûÇ
     ΓûÉΓûêΓûîΓûÉΓûî                            ΓûÉΓûî ΓûÇΓûÇΓûôΓûêΓûÇΓûäΓûêΓûîΓûÉΓûô      ΓûäΓûäΓûô
     ΓûÉΓûêΓûîΓûÉΓûî                             Γûî ΓûÉΓûêΓûäΓûæΓûêΓûêΓûêΓûôΓûêΓûêΓûî    ΓûÉΓûôΓûêΓûêΓûêΓûä
      ΓûêΓûôΓûÉΓûî                             Γûô  ΓûêΓûêΓûêΓûäΓûäΓûäΓûêΓûêΓûêΓûî   ΓûÉΓûôΓûêΓû'ΓûÇΓûÇΓûêΓûêΓûä
      ΓûêΓûê Γûê                             ΓûÉΓûî ΓûêΓûêΓûêΓûêΓûêΓûêΓûêΓûêΓûêΓûô   ΓûêΓûêΓûêΓûêΓûô  ΓûÇΓûêΓûêΓûä
      ΓûêΓûêΓûîΓûê                              Γûî ΓûêΓûêΓûêΓûêΓûêΓûêΓûêΓûêΓûêΓûê    ΓûÇΓûêΓûêΓûêΓûêΓûôΓûäΓûäΓûôΓûêΓûêΓûäΓûä
      ΓûÉΓûêΓûîΓûÉΓûî                             Γûê ΓûÉΓûêΓûêΓûêΓûêΓûêΓûêΓûêΓûêΓûêΓûî     ΓûÇΓûêΓûêΓûêΓûêΓûêΓûêΓûêΓûêΓûêΓûêΓûêΓûäΓû'Γûä
      ΓûÉΓûêΓûôΓûÉΓûî                             Γû' ΓûÉΓûêΓûêΓûêΓûêΓûêΓûêΓûêΓûêΓûêΓûî       ΓûÇΓûôΓûêΓûêΓûêΓûêΓûêΓûêΓûêΓûêΓûêΓûôΓûê
      ΓûÉΓûêΓûô Γûê                             ΓûôΓûî ΓûêΓûêΓûêΓûêΓûêΓûêΓûêΓûêΓûêΓûô        ΓûÉΓûîΓûÇΓûêΓûêΓûêΓûêΓûêΓûêΓûêΓûêΓûêΓûêΓû'
       ΓûêΓû' Γûê                            ΓûÉΓûôΓûî ΓûôΓûêΓûêΓûêΓûêΓûêΓûêΓûêΓûêΓûê        ΓûôΓûî Γûê    ΓûÇΓûÇΓûêΓûêΓûî
       ΓûêΓûêΓûîΓûÉΓûî                         ΓûäΓûêΓûôΓûÇ  ΓûôΓûêΓûêΓûêΓûêΓûêΓûêΓûêΓûêΓûêΓûî        ΓûôΓûäΓûêΓûÇΓûÇΓûÇΓûôΓûä  ΓûÇΓûêΓûê
       ΓûêΓûêΓûô Γûî                   ΓûäΓûäΓûäΓûôΓûêΓûÇΓûÇΓûÇ  ΓûäΓûôΓûêΓûêΓûêΓûêΓûêΓûêΓûêΓûêΓûêΓûêΓûî           ΓûêΓûÇΓûÇΓûÇΓûÇ    ΓûôΓûî
       ΓûôΓûêΓûê ΓûÇΓûä          ΓûäΓûäΓûäΓûäΓûôΓûÇΓûÇΓûÇΓûÇΓûäΓûäΓûäΓûäΓûäΓûäΓûêΓûêΓûêΓûêΓûêΓûêΓûêΓûêΓûêΓûêΓûêΓûêΓûêΓûêΓûô           ΓûÉΓûô ΓûäΓûä▬     Γûî
       ΓûôΓûêΓûêΓûô ΓûÇΓûôΓûä Γûä  ΓûÇ ΓûÇΓûÇΓûÇΓûäΓûäΓûäΓûäΓûêΓûêΓûêΓûêΓûêΓûêΓûêΓûêΓûêΓûêΓûêΓûêΓûêΓûêΓûêΓûêΓûêΓûêΓûêΓûêΓûêΓûêΓûôΓûÇ            Γûê          ΓûÉ
       ΓûôΓûôΓûêΓûêΓûô ΓûäΓûäΓûäΓûäΓûäΓûäΓûêΓûêΓûêΓûêΓûêΓûêΓûêΓûêΓûêΓûêΓûêΓûêΓûêΓûêΓûêΓûêΓûêΓûêΓûêΓûêΓûêΓûêΓûêΓûêΓûêΓûêΓûêΓûÇΓûÇΓûÇΓûÇΓûÇ            ΓûêΓûî ΓûäΓûÇΓûÇΓûô     ΓûÉ
       Γû'ΓûôΓûêΓûêΓûôΓûêΓûêΓûôΓûêΓûôΓûêΓûêΓûêΓûêΓûêΓûêΓûêΓûêΓûêΓûêΓûêΓûêΓûêΓûêΓûôΓûêΓûêΓûêΓûêΓûêΓûÇΓûêΓûÇΓûÇ                      ΓûêΓûôΓûäΓûäΓûä        Γûô
       Γû'Γû'ΓûôΓûÇΓûÉΓûôΓûêΓûêΓûêΓûêΓûêΓûêΓûêΓûêΓûôΓûêΓûêΓûêΓûÇΓûÇΓûÇΓûÇΓûÇΓûÇΓûÇ   ΓûÉΓûî ΓûêΓûôΓûä                       ΓûÇΓûêΓûêΓûêΓûêΓûô      ΓûÉΓûô
       ΓûæΓû'Γûæ ΓûÉΓûêΓûêΓûêΓûêΓûÇΓûÇΓûÇΓûÇΓûÇ`ΓûÉΓûî           Γûê  ΓûÉΓûêΓûêΓûêΓûô                       ΓûÇΓûÇΓûêΓûêΓû'      Γûô
        Γûæ          ΓûäΓûäΓûêΓûôΓûî          ΓûÉΓûô  ΓûÉΓûêΓûêΓûêΓûêΓûêΓûêΓûôΓûä                      ΓûÇΓûêΓûôΓûä    Γû'
        Γûæ      ΓûôΓûäΓûêΓûêΓûêΓûêΓûêΓûîΓûê         ΓûôΓûÇ   ΓûÉΓûêΓûêΓûêΓûêΓûêΓûêΓûêΓûêΓûêΓûôΓûêΓûêΓûôΓûôΓûôΓû'ΓûêΓûôΓûôΓûä          ΓûôΓûêΓûêΓûÇΓûêΓûä  ΓûÉΓûô
        Γûæ   ΓûäΓûäΓûêΓû'ΓûêΓûêΓûêΓûêΓûêΓûêΓûîΓûÇΓûô             ΓûôΓûêΓûêΓûêΓûêΓûêΓûêΓûêΓûêΓûêΓûêΓûêΓûêΓûêΓûêΓûêΓûêΓûêΓûêΓûêΓûô          ΓûêΓûêΓûê  ΓûÇΓûô  Γûê
        ΓûäΓûôΓûêΓûêΓûôΓûêΓûêΓûêΓûêΓûêΓûêΓûêΓûêΓûêΓûîΓûäΓûäΓûä      ΓûêΓûä    ΓûôΓûêΓûêΓûêΓûêΓûêΓûêΓûêΓûêΓûêΓûêΓûêΓûêΓûêΓûêΓûêΓûêΓûêΓûôΓûôΓûêΓûî        ΓûÉΓûôΓûêΓûêΓûî     ΓûêΓûê
      ΓûäΓûôΓûôΓûôΓûêΓûêΓû'ΓûêΓûêΓûêΓûêΓûêΓûêΓûêΓûêΓûêΓûêΓûêΓûêΓûêΓûêΓûêΓûä ΓûäΓûôΓûêΓûêΓûê   ΓûêΓûêΓûêΓûêΓûêΓûêΓûêΓûêΓûêΓûêΓûêΓûêΓûêΓûêΓûêΓûêΓûêΓûêΓûêΓûôΓûôΓûê       ΓûôΓûêΓûêΓûêΓûêΓûêΓûä    ΓûêΓûêΓûî
     ΓûÉΓûôΓûôΓû'ΓûêΓûêΓûêΓûêΓûêΓûêΓûêΓûêΓûêΓûêΓûêΓûêΓûêΓûêΓûêΓûêΓûêΓûêΓûîΓûÇΓûôΓûÇΓûÇΓûêΓûêΓûêΓûî ΓûôΓûêΓûêΓûêΓûêΓûêΓûêΓûêΓûêΓûêΓûêΓûêΓûêΓûêΓûêΓûêΓûêΓûêΓûêΓûêΓûêΓûôΓûôΓûê     ΓûôΓûêΓûêΓûêΓûêΓûêΓûêΓûêΓûêΓûä ΓûôΓûêΓûêΓûî
     ΓûôΓûôΓû'ΓûæΓûêΓûêΓûêΓûêΓûêΓûêΓûêΓûêΓûêΓûêΓûêΓûêΓûêΓûêΓûêΓûêΓûêΓûê  Γû'ΓûäΓûêΓûêΓûêΓûô  ΓûêΓûêΓûêΓûêΓûêΓûêΓûêΓûêΓûêΓûêΓûêΓûêΓûêΓûêΓûêΓûêΓûêΓûêΓûêΓûêΓûêΓû'ΓûôΓûêΓûî   ΓûÉΓûôΓûôΓûêΓûêΓûêΓûêΓûêΓûêΓûêΓûêΓûêΓûêΓûêΓûêΓûî
    ΓûÉΓûôΓûôΓûæΓûêΓûêΓûêΓûêΓûêΓûêΓûêΓûêΓûêΓûêΓûêΓûêΓûêΓûôΓûÇΓûô ΓûÉΓûêΓûêΓûêΓûêΓûêΓûêΓûê   ΓûôΓûêΓûêΓûêΓûêΓûêΓûêΓûêΓûêΓûêΓûêΓûêΓûêΓûêΓûêΓûêΓûêΓûêΓûêΓûêΓûêΓûêΓû'ΓûôΓûêΓûôΓûî  ΓûêΓûôΓûêΓûêΓûêΓûêΓûêΓûêΓûêΓûêΓûêΓûêΓûêΓûêΓûê
    ΓûêΓûôΓû'ΓûêΓûêΓûêΓûêΓûêΓûêΓûêΓûêΓûêΓûêΓûêΓûêΓûêΓûê    ΓûêΓûêΓûêΓûêΓûêΓûêΓûô   ΓûÉΓûêΓûêΓûêΓûêΓûêΓûêΓûêΓûêΓûêΓûêΓûêΓûêΓûêΓûêΓûêΓûêΓûêΓûêΓûêΓûêΓûêΓûêΓûêΓû'ΓûêΓûêΓûôΓûôΓûêΓûôΓû'ΓûêΓûêΓûêΓûêΓûêΓûêΓûêΓûêΓûêΓûêΓûêΓûêΓûî
    ΓûôΓûôΓûêΓûêΓûêΓûêΓûêΓûêΓûêΓûêΓûêΓûêΓûêΓûêΓûêΓûêΓûê    ΓûÇΓûôΓûêΓûêΓûêΓûêΓû'    ΓûôΓûêΓûêΓûêΓûêΓûêΓûêΓûêΓûêΓûêΓûêΓûêΓûêΓûêΓûêΓûêΓûêΓûêΓûêΓûêΓûêΓûêΓûêΓû'ΓûêΓûêΓû'ΓûôΓûôΓûôΓû'ΓûêΓûêΓûêΓûêΓûêΓûêΓûêΓûêΓûêΓûêΓûêΓûî
    ΓûôΓû'ΓûêΓûêΓûêΓûêΓûêΓûêΓûêΓûêΓûêΓûêΓûêΓûêΓûêΓûêΓûî     Γû'ΓûêΓûêΓûêΓûî     ΓûôΓûêΓûêΓûêΓûêΓûêΓûêΓûêΓûêΓûêΓûêΓûêΓûêΓûêΓûêΓûêΓûêΓûêΓûêΓûêΓûêΓûêΓûêΓûæΓûêΓûêΓûêΓûôΓûôΓûôΓûêΓûêΓûêΓûêΓûêΓûêΓûêΓûêΓûêΓûêΓûêΓûê
    ΓûôΓû'ΓûêΓûêΓûêΓûêΓûêΓûêΓûêΓûêΓûæΓûêΓûêΓûêΓûêΓûêΓûî    ΓûäΓûôΓûêΓûêΓûêΓû'     Γû'ΓûêΓûêΓûêΓûêΓûêΓûêΓûêΓûêΓûêΓûêΓûêΓûêΓûêΓûêΓûêΓûêΓûêΓûêΓûêΓûêΓûêΓûêΓûêΓûêΓûêΓûêΓû'ΓûôΓû'ΓûêΓûêΓûêΓûêΓûêΓûêΓûêΓûêΓûêΓûêΓûêΓûî
    ΓûôΓûæΓûêΓûêΓûêΓûêΓûêΓûêΓûêΓûêΓûêΓûêΓûêΓûêΓûêΓûêΓûî   ΓûôΓûêΓûêΓûêΓûêΓûêΓûêΓûä    Γû'ΓûêΓûêΓûêΓûêΓûêΓûêΓûêΓûæΓûêΓûêΓûêΓûêΓûêΓûêΓûêΓûêΓûêΓûêΓûêΓûêΓûêΓûêΓûæΓûêΓûêΓûêΓûêΓûôΓûêΓûêΓûêΓûêΓûêΓûêΓûêΓûêΓûêΓûêΓûêΓûê
    Γû'ΓûêΓûêΓûêΓûêΓûêΓûêΓûêΓûêΓûêΓûæΓûêΓûêΓûêΓûáΓûêΓûô   ΓûôΓûêΓûêΓûêΓûêΓûôΓû'Γûô    ΓûêΓûêΓûêΓûêΓûêΓûêΓûêΓûêΓûêΓûêΓûêΓûêΓûêΓûêΓûêΓûêΓûêΓûêΓûêΓûêΓûêΓûêΓûêΓûêΓûêΓûêΓûêΓûêΓû'ΓûêΓûêΓûêΓûêΓûêΓûêΓûêΓûêΓûêΓûêΓûê
    Γû'ΓûêΓûêΓûêΓûêΓûêΓûêΓûêΓûêΓûêΓû'ΓûêΓûêΓûêΓûäΓûêΓûô   Γû'ΓûêΓûêΓûêΓûêΓû'ΓûêΓûêΓûä   ΓûêΓûêΓûêΓûêΓûêΓûêΓûêΓûêΓûæΓûêΓûêΓûêΓûêΓûêΓûêΓûêΓûêΓûêΓûêΓûêΓûêΓûêΓûêΓûêΓûêΓûêΓûêΓûêΓûæΓûêΓûêΓûêΓûêΓûêΓûêΓûêΓûêΓûêΓûêΓûî
   ΓûÉΓûæΓûêΓûêΓûêΓûêΓûêΓûêΓûêΓûêΓûäΓûôΓûäΓûêΓûÇΓûôΓûÇΓû'   ΓûæΓûêΓûêΓûêΓûêΓûæΓûêΓûæΓûô  ΓûÉΓûêΓûêΓûêΓûêΓûêΓûêΓûêΓûêΓû'ΓûêΓûêΓûêΓûêΓûêΓûêΓûêΓûêΓûêΓûêΓûêΓûêΓûêΓûêΓûêΓûêΓûêΓûêΓûêΓûêΓûêΓûêΓûêΓûêΓûêΓûêΓûêΓûæΓûêΓûô
   ΓûÉΓûêΓûêΓûêΓûêΓûêΓûêΓûêΓûêΓûêΓûêΓûÇΓûêΓûêΓûêΓûêΓûêΓû'   ΓûÉΓûêΓûêΓûêΓûêΓûæΓûêΓûêΓûô  ΓûÉΓûêΓûêΓûêΓûêΓûêΓûêΓûêΓûäΓûôΓûäΓûêΓûêΓûêΓûêΓûêΓûêΓûêΓûêΓûêΓûêΓûêΓûêΓûêΓûêΓûêΓûêΓûêΓûêΓûêΓûêΓûêΓûêΓûêΓûêΓûêΓûêΓûêΓû'Γû'
   ΓûÉΓûêΓûêΓûêΓûêΓûêΓûêΓûêΓûêΓûêΓûæΓû'ΓûêΓûêΓûêΓûæΓûêΓûêΓûæ  ΓûÉΓûêΓûæΓûêΓûêΓûæΓûêΓûæΓûê  ΓûÉΓûêΓûêΓûêΓûêΓûêΓûêΓûêΓûêΓûÇΓûêΓûêΓûêΓûêΓûêΓûæΓûæΓûêΓûêΓûêΓûêΓûêΓûêΓûêΓûêΓûÇΓûäΓûÇΓûêΓûêΓûêΓûêΓûêΓûêΓûæΓû'ΓûêΓûæΓû'Γûæ
   ΓûÉΓûêΓûêΓûêΓûêΓûêΓûêΓûêΓûæΓûæΓûæΓûôΓûæΓûêΓûæΓû'ΓûæΓûîΓû'  ΓûÉΓûæΓûæΓûêΓûêΓûæΓûêΓûæΓûê  ΓûæΓûêΓûêΓûêΓûêΓûêΓûæΓûêΓûêΓûêΓûêΓûêΓûêΓûêΓûêΓûêΓûæΓûêΓûæΓûêΓûêΓûêΓûêΓûêΓûêΓûêΓûäΓûêΓûêΓûêΓûêΓûêΓûæΓûæΓûæΓûôΓûæΓû'ΓûæΓû'Γûæ
    ΓûêΓûêΓûêΓûêΓûæΓûêΓûæΓû'Γû'ΓûæΓûêΓû'ΓûêΓû'ΓûôΓû'ΓûæΓûôΓûæ ΓûÉΓû'Γû'ΓûæΓûêΓûæΓûêΓû'ΓûæΓûîΓûæΓû'ΓûêΓûêΓûæΓûêΓûêΓû'ΓûêΓûæΓûêΓûêΓûêΓûêΓûêΓûêΓûæΓû'ΓûêΓû'ΓûôΓûêΓûæΓûêΓûêΓûêΓûêΓûêΓûêΓûêΓûæΓûêΓûæΓû'Γû'ΓûæΓûêΓû'Γû'Γû'ΓûôΓû'
    ΓûêΓûêΓûæΓûæΓû'Γû'Γû'ΓûôΓûôΓû'ΓûêΓûôΓûæΓûôΓûêΓûôΓû'ΓûêΓû' ΓûæΓûôΓûôΓû'ΓûêΓû'ΓûæΓûôΓû'ΓûîΓû'ΓûôΓûæΓûêΓû'ΓûæΓûêΓûôΓûêΓû'ΓûêΓûæΓûæΓûæΓûêΓûêΓûæΓûôΓûêΓûôΓûæΓûêΓû'ΓûæΓûæΓûêΓûæΓûêΓûæΓûæΓû'ΓûêΓû'ΓûôΓûôΓû'ΓûêΓûôΓûæΓûôΓûêΓûô
    ΓûêΓûêΓû'Γû'ΓûôΓûæΓûôΓûôΓûêΓûôΓûêΓûêΓû'ΓûêΓûêΓûêΓûôΓûêΓûô Γû'ΓûêΓûêΓû'ΓûæΓû'Γû'ΓûêΓûôΓûæΓûôΓûôΓû'ΓûæΓûôΓû'ΓûêΓûêΓûæΓûôΓûæΓû'Γû'Γû'ΓûêΓûæΓû'ΓûôΓûæΓûêΓû'ΓûÉΓûôΓû'Γû'ΓûæΓû'ΓûæΓ
