##################################################################################################################################################################################################

                                                  Mike.Tyson.Undisputed.Truth.2013.720p.HDTV.DD5.1.x264-EbP

##################################################################################################################################################################################################
Mike Tyson: Undisputed Truth (2013) 







Geregisseerd door Spike Lee
Met Mike Tyson 
   




Bokslegende Mike Tyson, drievoudig wereldkampioen vertelt hij zijn persoonlijke verhaal in een show onder regie van niemand minder dan Spike Lee. 'The Undisputed Truth' geeft een unieke inkijk 
in het leven van ΘΘn van de meest legendarische boksers aller tijden. Humorvol, emotioneel en confronterend. In de spoken-word voorstelling æThe Undisputed Truth', die ondersteund wordt met 
bijzondere videobeelden, doet Mike Tyson voor eens en voor altijd zijn eigen verhaal uit de doeken. Niet alleen de gekende hoogtepunten, maar ook zijn afkomst, zijn drama's en zijn persoonlijk 
leven komen aan de orde. Het publiek krijgt antwoorden hoe hij de top bereikte, om er vervolgens ook weer keihard af te donderen. Spike Lee tekende voor de regie van deze show van Iron Mike. 

--------------------------------------------------------------------------------------------------------------------------------------------------------------------------------------------
Mike Tyson and legendary filmmaker Spike Lee bring Tyson's hit one-man stage show to TV in HBO Films MIKE TYSON: UNDISPUTED TRUTH. Raw, honest, powerful and full of humor, the film features 
ôIron Mikeö recounting his life's highs and lows in his signature candid style. Over the course of 90 riveting minutes, Tyson opens up about his troubled Brooklyn youth, landmark boxing career, 
key influences in his life, personal and professional controversies, time in prison, loss of family members and, most recently, his rehabilitation and redemption, forged by sobriety and a renewed 
commitment to family life. Filmed over the course of two performances in July 2013, MIKE TYSON: UNDISPUTED TRUTH paints a vivid portrait of a lawless street kid's rise to the pinnacle of sports 
supremacy û heavyweight champion of the world û only to see his dominance, reputation and marketability evaporate. In the show, Tyson unveils never-before-told stories, peeling back the layers 
of tragedy and public turmoil amidst his triumphs. That Mike Tyson has not only survived but actually re-invented himself as a family man, TV personality, soon-to-be published author and in-demand 
actor, is a reflection of his evolving maturity, and his appreciation of the second chances he's received. Earlier this year, Tyson wrapped a ten-week U.S. tour of ôMike Tyson: Undisputed Truth,ö 
which ran on Broadway the previous summer, both directed by Lee. He will perform the show overseas this winter and spring. Originally, The show, written by Kiki Tyson, was a popular and critical 
smash. Reviewing the production, the LA Times called Tyson ôa riveting stage presence with compelling stories to tellö and New York's Daily News described his show as ôentertainingö and 
ôfascinating,ö adding that he ôis gifted with iron-clad charisma.ö

Cast: Mike Tyson
Credits: A Spike Lee Joint; executive produced by Spike Lee, Mike Tyson, Kiki Tyson, Jon Kilik and James Nederlander; directed by Spike Lee; written by Kiki Tyson.
--------------------------------------------------------------------------------------------------------------------------------------------------------------------------------------------
##################################################################################################################################################################################################






Genre: Biografie, Documentaire, Show
Video Codec: x264
Beeld: 1280x714 (1.79:1) 16:9 720p KLEUR
Video Bitrate: 5000 Kbps 
Framesnelheid: 23,976 Fps
Geluid: Dolby Digital 5.1 
Audio Grootte/Snelheid: 48 KHz/16 bit
Audio Bitrate: 384 Kbps 
Taal: Engels
Ondertiteling: Engels (instelbaar en extern srt-bestand)
Speelduur: Ca. 86 minuten
Hoofdstukken Indeling: Nee
Grootte: 3,23 Gb (MKV)
Source: "Mike.Tyson.Undisputed.Truth.2013.720p.HDTV.DD5.1.x264-EbP"



http://i.imgur.com/B6yahpw.png
http://i.imgur.com/hvOCp7H.png
http://i.imgur.com/Rcav5V3.png
http://i.imgur.com/qwNtwX9.png
http://i.imgur.com/dFVPuWL.png
http://i.imgur.com/xjEcFSu.png



>>>>ENGLISH SPOKEN LANGUAGE WITH ENGLISH (Embedded & External Srt-File) SUBS<<<<
##################################################################################################################################################################################################
MoBee1  #8>)
