████████████████████████████████████████████████████████████████████████████████████████████████████
████████████████████████████████████████████████████████████████████████████████████████████████████
████████████████████████████████████████████████████████████████████████████████████████████████████
███████████████████████████████████████████████▀▒◘██████████████████████████████████████████████████
██████████████████████████████████████▀▀██████'∙█████████▀▀▒████████████████████████████████████████
█████████████████████████████████████ç     '~ ▄████▀▀██▀ ≥^≈§███████████████████████████████████████
██████████████████████████████████████ ─                  "☺ƒ░██████████████████████████████████████
██████████████████████████████████████░                     ▒▓██████████████████████████████████████
█████████████████████████████████████▓&                 ,▄▄▄████████████████████████████████████████
███████████████████████████████████►█████████▄▄    _ ▄██████████████████████████████████████████████
███████████████████████████████████¿▓████████████▌ █████████████████████████████████████████████████
███████████████████████████████████ç ▀███▌▐█▀·█▀█  ▐███░▀▀▒███▀◘████████████████████████████████████
████████████████████████████████████¿  ▐██▄▄▄▄      █Γ ▒█▓███⌐ ▒████████████████████████████████████
██████████████████████████████████▒██   └¶█▀▀º      ▒  ▀▀▀█^`  █████████████████████████████████████
███████████████████████████████████▄█▒,    ∙╘       å         ██████████████████████████████████████
██████████████████████████████████████▒▒   «        : ₧      ▒██████████████████████████████████████
██████████████████████████████████████▒T▒~     é     ♥█▌    ï\▓█████████████████████████████████████
██████████████████████████████████████É       █▌      ▐█ç  ─ ▒██████████████████████████████████████
███████████████████████████████████████{     →~     ▄▄▒▀▀⌐  ░╣██████████████████████████████████████
████████████████████████▀▀▀▀▀▀▀▒▀███████         ▒▄██░██Ö⌐▒ »███▀▀▀▀▀▀"^▒^░ ░ ,~▄▄▄·████████████████
██████████████▌▒▄▄▄¼αÑ♥∞∞▒♥ª"▀█♠ █████ ▀ç         ▐███████▓▒▒███▌ ▐▄♥∙   &      ▒╙å·████████████████
██████████████ ▒█≤           ░à▒ ███▀   █_  ▄▄▒__▄_ _▄▄█████▐███0⌐ ¶'  ▄░Σ  ╕:▄▄_ ≥≥≥"~▀▀▀██████████
█████████▀  ░█ ▒█Σ  ⌐   ⌐     ^└ ██è    √K⌐▐█▀ ▀▀▀▀▀▀▀████████  ¬▌ ╞&  █▒► ∙√å^ ░°☼pg▒     █████████
████████Ñ⌐ ▄▒█⌐^█E⌐  ▒█⌐                ░█▒▐█╓░░▄▄▄▄▄█████¶█▌─  ▐▌ «▒▒ █▒► ┌╣░p  ░    ▓▓█  █████████
████████~▌ ▓██⌐▐▒▌▒∙~▒█     █æ-            ▓██▀▀██▀▀▀▀▀▀~ ██▌   ╫▌ ░░ ▒█Ω ░► ~█√▓♦ⁿ░∟  ~^  █████████
█████▌ █Ç░ ▒▒█▌▐██►^√▒█    ▒█    '→.       ▒▒É           ████ ← ▒█ ▓▄⌐▐█┘  ▒ ▐►√░1      ~─    `▀████
██████ ▐█ƒ ▐██▌¬█▀  ░▐▌ - ▄█▌          ⌐   ∙¶▄         ▄█████▌  ▐█ █▌ m█⌐ ∙  ├  ░            ▒♥▐████
█████▀  █▌  ██▌ █▌╘ _█▌  ▐██\▒▒          ▐▒  Ω▒▒██████████████  ▐█ ╣ñ █▌     Γ ╞%    √²«    ░░ ▐████
███▀è   ██{ ██▌ ▒f ▄██▌τ ██▌╒█▌        , ▒å ░░╚▀██████████████▌ ∙█ ▒▒▒█▒    ╗  ░░   ▒▒█₧⌐   √∞ █████
███¬▐  √☺█' ▐█▌ ¼Ö████▌ ▐███0▒·√∞a    ♂ î▒ ┌₧ ░  ▒▒████████████  █Γ░▒██ ▄▄ç ▌ ;☺  ì ⌠█▓►   ╗▒⌐▐█████
███▌÷█░░E▐▌  ██ ¶¼█▀██▒ ██░▌░ƒ █▄▄    └ _▌▐█₧-─   ░░  █████████▌ █▌·₧▐██░√'▒▌▐▒─         ┐ ▐☺ ██████
████Ç▐▌ ▒░█, ▐█ ▒-  ██ ▐█▌♥▄≥ █▒▒█     ¡å ██Ω ─      ▒█▀▀~~▒████ █▌  ▐███▄▓█▄▒░ ▄▄ç▄╕      ♦┘ ██████
█████ç▒▒·╛█▌ ▐█    ██▌ ▐█  ï  ╝☻█Γ    ╒₧⌐▐██▌       ⌠▀     ▒████►▐▌ ░█████▒▒██▓████▒▒▒     ∙ ▐██████
██████ ░ ≥▐█_▐█⌐┌q▒██▌ █▌ :           ▒▒ ███▌               ████▌▐▌ ╦█▌√███▒ ▐█▒▀██▓▒█q╗░ ~▒ ███████
███████═  └█▒▒█⌐░▐███►─▀             √▐`▐███▌             ░ ██²▐██▌ ██≤░▒████ ▒█▄√` ░▒███▄'⌐▐███████
████████   ▒█░█▌▐▒▌██   ·░ _ ~±      ▓▌ ██▀╝₧             ░ ¼ä  ███░█▌ ⌠&█████ç▀██√ ░▄₧◘██▒ ▐███████
█████████   █⌐█Å¿░:█Γ '·╛░¼Φ▀▀◄░gÇ▒«î/ ██♦  ∙î               ▒  ▐█▌ █  ♥██▒████╓██▄⌐▐█▌Σÿ▓₧ ████████
█████████▌  ▐██▌ ►       ▒▒▄█████████/▐█▒·  ∙└             ░▐▒   ▀▀ '  ▒██ ▒██▒████▄▄███▓█▌▐████████
██████████▄ ▐▌░  ⌐ ∟ ░▄████████░████░ ▒█▒        ░     ░  ♥«█         ╒▓██r╨▐███é ████████ █████████
███████████░ ^  ▄█▒▓███████▀▒~  ▒██▌¬ ██å    ▒  ░\₧     ·r █▌   ┌      ▀█▌ä  ▐██▌  ▒██▒██▌▐█████████
██████████^   ┐░████▀█▀▀▀▀▀~▀ì▀██▀▀░  █Z░    ▐▌ ▒▒░ ─  ∙d·██▒   ▒ç  ⌐▄₧▒╫╦█T  ███Ç ▐██▓██₧██████████
████████▀ _▄▄▒▒▄◘▀ ─ ►      ╦▒▄█████  å▒      ▓  √» ─  /·▐██▒    ████████▄█▄_ ²████▒██ç&~▐██████████
███████▌  ▀▀`▐█▒█ ░▄█▒█████████████▌ ┘ ▌      r▒▄,  ╥æ∙▄#₧▐█▒  [  █████☺▒█▀▀██▒████████☺²███████████
███████⌐     ▐███▐█████████████▀▀██ √▐██,     █┘████▀██▒ á███  ░∙ ▒█████▓Γ≥ ♦"█████████▄░▐██████████
███████     ¬▓█▀╥█████▌▄▄▄███▓&▒███∞Ω████     █Çh█░▒~█  ↔√██♦  ∙▒▒██████     ▐██████████████████████
███████ «▒████████▀▀▀░~▒▒►·░· ┌░▓█▓░▒▄████    █▒╓█▄▓▒▒╗▒░4██   ▐█████Å██▄▄  ▄███████████████████████
███████▒██▒▀▀▀^       _▒░▄████████████████▌   ██♥▒█Σ▐▒gñΓ≥█Γ  _██████▓▒▒████████▄███████████████████
███████▒▒           ▄▄█████████████████████▌  ▐█₧▒█░█∞▀  √█   █████████m░î██████████████████████████
███████▌    ─∙░░▄▄███████████▀▀█☻█▄▄████████ç ▒█Ç░▓▐▌    ▐█  ▐███████████▒▓▒████████████████████████
███████▌─▒ ░m█████████▀█████▒▒▄██████████████ç▐█████►   á██·▄████████▒████▓T░███████████████████████
████████░√████▓▀^`     ▒╠█████████████████████▒██▒▒▒¿  ▒██▌███████████M▓████████████████████████████
████████▒▒████ç-    ░▒▄████████▌ ▐█████████████▒██&▒▒,▄████████████████M▒███████████████████████████
███████████████▒░░▒░████████▄_  ▄███████████████████████████████████████████████████████████████████
█████████████████▒§█████████████████████████████████████████████████████████████████████████████████
████████████████████████████████████████████████████████████████████████████████████████████████████
████████████████████████████████████████████████████████████████████████████████████████████████████
██████████████▀██▀ ██▀    █⌐   ▀████▄  ███████⌐ ▄██▄  ███'   ████▄  `███ ██▀ ████▄  ████████████████
██████████████⌐██⌐ ▐█    ▐█▌    ██ ▐█▌ █Γ▐█▌ █ ▐` ▐█ç ▐█▌    ▐█▌ ██  ▐█▌·▐█  ▐█▌ ██ ████████████████
██████████████Γ██  █Γ    ▐█▌    ██  █▌ █ ▐█▌ █ Γ  ▐█▌ ▐█▌    ▐█▌ ▐█ç  █▌ ▐█  ▐█▌ ▐█∟████████████████
██████████████Γ▐█ ▐▌     ███    ██ ·█▌ ▌ ▐█▌ ▐    ▐█▌ ▐█▌    ▐█▌ ▐█▌  ██ █▌  ▐█▌ ▐█▌████████████████
██████████████Γ██_█Γ     ███    ██ ▐█▌   ▐█▌      ▐█  ▐█▌    ▐█▌ ▐█▌  ██ █▌  ▐█▌ ▐█▌████████████████
██████████████Γ▐███     ▐█▐█∟   ██▄█▀    ▐█▌    ,▄█~  ▐█▌    ▐█▌ ▐█▌  ▐█▌█Γ  ▐█▌ ▐█▌████████████████
██████████████Γ▐███▌    ▐▌▐█▌   ██▀██    ▐█▌     "█▄  ▐█▌    ▐█▌ ▐█▌  ▐███   ▐█▌ ▐█▌████████████████
██████████████Γ█████    ▐▌ █▌   ██ ▐█▌   ▐█▌      ▐█▌ ▐█▌    ▐█▌ ▐█▌   ███   ▐█▌ ▐█▌████████████████
██████████████Γ▐█Γ▐█⌐   ██▄██   ██ ▐█▌   ▐█▌      ▐█▌ ▐█▌  ■ ▐█▌ ▐█▌   ██▌   ▐█▌ ▐█▌████████████████
██████████████Γ▐█⌐ █▌   █Γ`▐█   ██ ▐█▌   ▐█▌   ▌  ▐█▌ ▐█▌ ▐█ ▐█▌ ▐█Γ   ▐█▌   ▐█▌ ▐█Γ████████████████
██████████████Γ██  ▐█  ▐█  ▐█▌  ██ ▐█▌   ▐█▌   █  ▐█Γ ▐█▌ ▐█ ▐█▌ ██    ▐█▌   ▐█▌ ██ ████████████████
██████████████▄██▄_██▄ ██_ ▐██ ▄██▄ ██ç  ███    ███▀  ██████·████▀     ▐█∟ · ████▀  ████████████████
████████████████████████████████████████████████████████████████████████████████████████████████████

PROUDLY PRESENTS..

TiTLE.........: Restrepo 
RUNTiME.......: 94 min
FORMAT........: ISO
RAR COUNT.....: 94x50MB 
SOURCE........: R1 DVD9 NTSC
GENRE.........: Documentary | War 
RELEASE DATE..: 
iMDB RATiNG...: 8.1/10 551 votes
WEB...........: http://www.imdb.com/title/tt1559549/

ASPECTS:

[X] NTSC [ ] PAL        [ ] DVD5 [X] DVD9
[X] Widescreen          [ ] Anamorphic
[ ] Letterbox           [ ] Fullscreen 1.33:1

AUDiO:

[X] English             [ ] DTS 5.1
[ ] Spanish             [ ] PCM Stereo
[ ] French              [ ] Dolby Digital 2.0 Stereo
[ ] Director Commentary [X] Dolby Digital 5.1
                        
ViDEO:                  MENU:            DVD-EXTRAS:

[ ] Untouched           [ ] Untouched    [ ] Untouched
[ ] Re-Encoded          [X] Reauthored   [ ] Re-Encoded
[ ] CCE Passes                           [ ] CCE Passes
[ ] Partial Stripped                     [X] Partial Stripped

SUBTiTLES:

[X] English      [ ] Spanish      [ ] French
[ ] Portuguese   [ ] N/A   


RiPPER NOTES:
enjoy  :) 


KART3L is currently looking for
Legit 100mb+ sites for affil
Look for us :)



                    RESPECT THE GAME!!!!
