                  √  ▒█§▒w\▒▒▐▒τ ·     ·  · ·       · ∙·                        
                  Γ ▐██▒▐▒░▓▌█▒f    ·                  ∙                        
                 ≥·▒███Ö█▒▐█▓██►·       ·              ·∟                       
                ░  ████▐█▒▒▒███      ·    ·      ·      ↑                       
                ' ▒▒██å▐▐♥████▒                         ·                       
 ·             ▐ »▒███▒░▒√█▌█░▌          ·        ·      ≤                      
               J·▐███░Ω▓▌░█░██⌐     ·          · ·     · ]                      
               ▌░██▒██▒█å▐█▒██      ·      ·     ·                              
               ·♠█████▒▒▒█▒▐█▌       ·           ·       ·                      
               ·▒█████▐▒▒█▒▒█Ç     ·                ·   ·                       
               ·▒████░▓▒►████▌                     ·                            
              · ▐███▒╠█▒▓▒███░      ·                     ⌐                     
                ▒███▒▒▒▓√░▌█▒░ ·   ·          · · ····   ▐⌐                     
               ·⌐████Ç█▒░╠▌██W  ·           ··· ·        ▐∟                     
               ∞═███▒Ñ▒Ç∞╣▌█▒▒▌                          ·                      
                ·████▒░░ä╫████▌      ·                  '╗⌐¢                    
                 ▐█████▌▒▒█████            ·  ·          █▌√ç·                  
              ▐▌ ▒█████▓ƒ██████▌       ·                ██░▐╫                   
              ▐█  ·√▒███♥██████Γ            · _,~·     ▐▒Γ ▓∙                   
              ▐█ç  ∙████Σ█████▒   ▐·        ▄█¥░_▄⌐    ▐▌  ¡⌡                   
               ▐▌· ▄◘████r████1   |      ▄████♥▀ÑΓ     ▐▌ p                     
                █ç ▐█▀▀███████m     · ▄▄█☻██▀ ·°      ▐█_♥ ¡                    
                ▐█ ·█▄ ·▐██▀▀██▄ ·╘∟▼█▀       '       ·▄▀ ∙                     
                 █▌▐███▓█♥█'▒█▓█▌·    ,·        ·     ♀  /                      
                  █▐████████▀▀▐█▌     ^▀♥        ·      ⌐                       
                   ç▀█████▌  ·██▌   ·    ·         · ■►                         
                   `  █████  ┌██▌    ·   ·                                      
                      ▐████▒▄███▌    ·     ·  ·    ·█                           
                    ± ▐█████████▌    ·  ·          ╒█                           
                       █████████▌      ··          '▌ ·                         
                    ·· ▐████████▌         · ·    ·░ ▌·  ·                       
                    ·┌  ██▓██████▄               #  '     ─                     
                    /  ,▐████████▒       ·      1  ·        ░                   
                  ╒▀  ¬▒,▐████████▄▬·─         ƒ   ▐▌·      ·^┐                 
                 ┌' ·░▓█◘▄▀███████            ┌ ·  ▐▒^   ·     ⁿ                
                ┌·,▄▒█◘████████████w1      ·_▒·    ▐██▌▒⌐ ▐_    ▀6              
               p  ▒█▓█████◘████████        ▄▒  ·  ·▐████▄æ/█▌     ╕      ·· ∟   
 ···      -   ╒? ▒▒▒██████▌███████▓       ██      ·▐██████▒█₧▄     è   /  _     
 ·▄▒███∞░L░╕ æ· ƒ▓▒███████████████▒  ·  ▄█å    ·  · ██████████▌ ·  ¬ _ ◄████·   
 ▄███████ò▀ ,· ▒███████████▐███████· _▄███·         ███████████,    · ☻▒████▌   
▄█████▓ƒ^ ╒♫  ♠█♥██████████▐██████████▀▀█▌  · j·  · ▐██████████▌   ·  ·██████   
███████·╣██^┘√█████████████▐█████████▀ ·█▌  ·▐▌      ¶██▒███████     , ▐▒▀██▌   
██████\███▌«ƒ╬▒█████████▀ ♂▐████████≥  ▐█    █·        ▀██▒█████⌐  ··▐ç █ç▐█Γ   
█████▒▒███░╣█▒█████████~ '█████████▌   ▐►   ▒█          ▐█₧▒▓███▌  ▐▌ └ ▐█☺█    
▐██████████▒▒▒████████▒│▄██████████▌   ƒ    █▌          ▐▓░██████   █  └ █ñ⌐    
▀^·°█████▓██████████████████████████        █          ▀ ▐█████░█  ·▐▒· ├▐▌    α
·  ▄█████████████████å██████████████⌐     ·▐█t     _∟"    ▒██▒█▒█▌ · ▒► ▐▒Γ ╒▒▐P
▄▒█████████████████████▒████████████▌       █░   w~     _▬φ██████▌   ¶ï░▐█▄▄██▌ 
██████◘████████▒▒█████▒▒████████████ⁿ · __▄▄██φ▀  ·   •"`┌√▒█████▌  ·▐███████▒▀▀
███▌d███████████&█▒▒█▓▓▒▓█▒████████Γ  ▄████▀^      ⌐ _▬∙▲▀ æ██████  ··▐██████▓, 
▀~d W████████████▓█▒▒╫▓███████▒▓▀██&▬g▀▀~             ·` ⌐~≥▐█████ç ·  ████████☻
τ▒▒█████████████◘▀█▓████▒█▒██▓▒ ∙ -┐·◄  _▄♦             ,·═· ▐████▌  °▄ ▀▀▀▀▀▀  
██████████████████▄████████▒`  └ √ █⌐_♥▀~             /·   ·  █████▌  ╘Å░▄▄▄♥← ▬
██████████████████████████P    ·:│ ▌▐▌█            ⌐          ∙█████▄   ╜~ ▄▄ç` 



                                                                           
     88888888ba,     ,ad8888ba,   88        88 88        88 88888888ba,    
     88      `"8b   d8"'    `"8b  88        88 88        88 88      `"8b   
     88        `8b d8'        `8b 88        88 88        88 88        `8b  
     88         88 88          88 88        88 88aaaaaaaa88 88         88  
     88         88 88          88 88        88 88""""""""88 88         88  
     88         8P Y8,        ,8P 88        88 88        88 88         8P  
     88      .a8P   Y8a.    .a8P  Y8a.    .a8P 88        88 88      .a8P   
     88888888Y"'     `"Y8888Y"'    `"Y8888Y"'  88        88 88888888Y"'    

     Alexander.Revisited.The.Final.Cut.2004.COMPLETE.UHD.BLURAY-DOUHD
                                                         
                                                         
       RELEASE DATE.....: 06.2025                        
                 
                 
       ViDEO............: UNTOUCHED                 
       AUDiO............: English                    
                                                                   
                           
                                                                     
                                 
                                                                                             
       SUBS.............: English   
                          
                          

                                                         
       URL: https://www.imdb.com/title/tt0346491/
