


                                               ∙

                                              ▄▀▄
                                               ▓
                                               ░










                ░






                   ░

                    ■

                                ░
                         ░
                          ■    ■
                            ▓

                          ░    ▀
                         ■       ░
                       ▓

                    ▀
                  ░                  ░
                 ▀             ░░░
           ▀ ▄▄▄    ▄▄▄  ▄▄▄   ▒▒▒  ▄▄▄▄▄▄▄    ▄▄▄▄▄▄▄   ██▄▄▄▄▄▄▄▄
             ▄███   ███  ███   ▒▒▒  ███  ▀▓▓   ███  ▀▓▓   ███   ███
              ███   ███  ███   ▓▓▓  ███   ███  ███   ███  ███   ███
           ▀  ███   ███  ███   ▓▓▓  ███   ███  ███   ███  ███   ███
              ███   ███  ███   ███  ███   ███  ███   ███  ███   ███
         ▀    ███   ███  ███   ███  ███   ███  ▓██        ███   ███
              ███   ███  ███▌  ███  ███   ███  ███    ▄▄▀ ███ ▄▀▀
        ▄     ███   ███  ████  ███  ███   ███  ███▄ ▀███  ███▐▌
       ▀░▀   ▀███▀  ███▀ ███ ▀▄███ ▀███▀  █▓▓ ▄███   ███ ▀███ ▀▄▄
              ███   ███  ███  ▐███  ███   █ ▀▀ ███        ███   ███
         █    ███   ███  ███   ███  ███   ██▓  ███        ███   ███
              ███   ███  ███   ███  ▀▀█▄  ███  ▀▀█▄  ███  ███   ███
           ▀  ▐██   ██▌  ███   ███  ▄▄  ▀▄███  ▄▄  ▀▄███  ███   ███
             ▀ ▀█▄ ▄██▄▄ ███   ███ ▐▌ ▀  ▐██  ▐▌ ▀  ▐██   ███   ███
            ▄   ▄ ██▀   ▀███   ▀▄█  ▀█▄▄▄█▀▄▄▄▄██▄▄▄▀█▄▄▄▄███▄  ███
     ▄  ▄▄█▀      ▐█     ███ ▄ ███   ███  ███  ▀▓▓   ███   ███  ▄█▀▀▀█▄
      ▀▀███         ▀   ▐████  ███   ███  ███   ███  ███   ███ ▐▌ ▄  ▐██
        ███         ▀▄▄▀▀███▌  ███   ███  ███   ███  ███   ███  ▀▀  ▄▀███
        ███        ███▌  ███   ███   ███  ███   ███  ███   ███  ▄▄█▀  ███
        ███    ▄   ███  ▄███   ███ ▄▀▀  ▀ ███        ███ ▄▀▀  ▀ ███   ███
        ███▄▄▀▀        ▄▄███   ███▐▌      ███    ▄▄▀ ███▐▌      ███
     ▀▄▄███    ▄▄▀ ▄██▀  ███▄  ███ ▀▄▄  ▄ ███▄ ▀███  ███ ▀▄▄  ▄ ███
        ███  ▀███  ███   ███   ███   █▀▀ ▄███   ███  ███   ███  ███    ▄▄▀
        ███   ███  ███   ███   ▀██   █▓▀▀ ███        ███   ███  ███▄ ▀███
        ███   ███  ███   ███   ███   █▓▓  ███   ███  ███   ███ ▄▀▀    ███
        ███   ███  ███   ███   ███▄  ███  ▀▀█▄  ███  ▓▓▓   ███        ███
        ███   ███  ███   ███   ███ ▀ ███  ▄▄  ▀▄███  ▓▓▓   ███        ███
        ███  ▄█▀▀  ███  ▄██▀   ███   ███ ▐▌ ▀  ▐██   ▒▒▒        ███   ███
        ███▄▀  ▄▄  ███▀▀    ▄▄░ ▀▀▀▀ ███▄ ▀█▄▄▄█▀    ▒▒▒        ███  ▄█▀▀
         ██▌  ▀ ▐▌    ░  ▀▀          ███  ▀          ░░░        ███▄▀  ▄▄
          ▀█▄▄▄█▀    ▀▓▀             ▀▀█▄  ░░░                   ██▌  ▀ ▐▌
                  ░▄               ▓▓▄▄  ▀▄▓▓▓                    ▀█▄▄▄█▀
                                  ▒▒█▌ ▀  ▐██
                ░▀                ▒▒ ▀█▄▄▄█▀
                                                RELEASE.DATE: 07.01.2026
        Tili-tili-bom              ▄▄           BD.DATE.....: 15.01.2026
        Zakroy glaza skoreye       ▒▒           CiNE.DATE...: 00.00.0000
        Kto-to khodit za oknom
        I stuchitsya v dveri         ░░         SOURCE......: BD
                             ▀ ▄       ░░
                                    ■     ▄     RUNTiME.: 1H 12MiN 18SEC
                                           ░    GENRE...: HORROR
                                          ▀



                Play.Dead.2025.GERMAN.1080P.BLURAY.H264-UNDERTAKERS


         A woman wakes up injured in a basement surrounded by corpses. To surviv
e, she
         pretends to be dead while a grotesque ritual unfolds in the house above
.

         4.7/10 from 98 users
         https://www.imdb.com/title/tt34793095/


         AUDiO.......: GERMAN      [DTS-HD MA // 5.1 // 1.649 kbps]
		               ENGLISH     [DTS-HD MA // 5.1 // 1.755 kbps]

         ViDEO.......: UNTOUCHED   [24FPS // H264 // 20.000 kbps]

         SUBS........: GERMAN

         NOTES.......: Leider war es ueber den Zeitraum von knapp zwei
                       Jahren nicht moeglich ein neues, auf die deutsche
                       Retail-Szene, abgestimmtes Regelwerk zu etablieren.

                       Es blockierten leider immer und immer wieder die
                       gleichen Personen dieses Vorhaben.

                       Daher haben wir uns nun entschlossen, das
                       Regelwerk der internationalen Szene anzuwenden.
                       Dazu ein paar Worte:

                       1: Durch Punkt 18.5.7, sowie dessen Unterpunkt
                       18.5.7.1 ist es moeglich auch nicht-englischsprachige
                       Releases unter diesem Regelwerk zu Veroeffentlichen.

                       2: Das Regelwerk "High Definition x264 and Ultra
                       High Definition x265 Standards" behandelt leider
                       nicht den .DL. Tag, daher wird dieser in Zukunft bei
                       unseren Releasen entfallen. Das heisst aber nicht,
                       dass wir auf den O-Ton (falls vorhanden) verzichten
                       werden. Dieser wird, wie immer, von uns beigefuegt.
                       Dies ist auch in Teilen mit dem Englischsprachigen
                       Regelwerk vereinbar unter Punkt 8.7.

                       3: Wir wollen der deutschen Szene dadurch qualitativ
                       bessere Veroeffentlichungen bieten, als es zu diesem
                       Zeitpunkt durch das 2011er Regelwerk der Fall ist
                       Wer unsere Veroeffentlichungen Propern will,
                       sollte zweimal nachdenken. Zum einen halten wir uns
                       weiterhin an ein offizielles Regelwerk, welches
                       deutsche Veroeffentlichungen zulaesst, des weiteren
                       waeren Proper aufgrund des 2011er Regelwerks
                       technisch Minderwertig (wobei das einige ja nicht stoert)
.

                       Dies soll auch ein Aufruf an all die Gruppen sein, die
                       gerne nach besseren Standards encodieren wollen, als
                       es momentan der Stand ist.


                                                           ▄

                                                         ▀
               ▄ ▄▄▄▄▄                                                  ▄▄▄▄▄ ▄
        ▄  ▀▀        ▀▀▀▄▄                              ▐▌          ▄▄▀▀▀
   ▀                      ▀█▄                            ░       ▄█▀
                           ▐▓                             ▀     ▓▓        ▄
                            ░░                              ▄   ▓▓     ░░
                           ░░                                 ░  ▓▓  ░░
                          ░░    ▄▄▀▄▓▀▄▀▄ ▄                    ▄  ▒▒░░
                        ░░  ▄ █▀▄▀█▀▄▀▄▀▄▀▄ █▄                 ░▓  ░░
                      ░░  ▄▀▄▀▄▀▄▀▀█▄▀▄▀▄▀▄▀▄▀██▄               ▓   ▀
                    ░░   ▓ ▀ ▀▄  ▀   ▀▄▀ ▀▄█▄▀█▄█▀█▄           ▄     ■
                  ■     ▀▄░░ █▄████▄▄▄▄▄    ▀▀▄▀█ ▀█▄▄                ▒▒
               ░░      ░░▄▓▓████▓▓███████▓▓▄▄▀ ▀██ ▄▀▄▀    ▄
             ░░       ▄▓▓█████▒▒▀██████▀ ▀█████  █▄▄▀▄▀▄▀              ░░
            ░░       ▄█▄▀▀▀ ▀▀ ▄█▄ ▀▀▀░░      ▀█▄ █ ▀█▀▄▀▄
            ░░      ▄▀▀      ░▒▓█▓▓░░           █  █▄█▀█▀██▄           ∙
                          ■   ▀  ▀▀█▌  ■        ▄  █ █▀█▄▀██▄         ■
              ░░   ▄       ▄░░    ░░█▄         ▄██ █▄ ███▄███        ■  ░░
               ░░  ▀█▄▀▄▄▄▓▓▌      ▓▓▀█▄▄▄▀  ▄▓▓▄▄  ▀▄ ██ ████     ░░
                    ▓▓▀▀ ░██        ▓▄█▀▀ ░░    ▀▀█   ▀▀██ ████    ▀     ░░
                   ░░     ▓█▄       ░▀▄           ▓▓     █▄█████ ░░       ░░
                         ▐█▀▓ █▄▄▄▄█▓▄█▄         ▄▄░░     █▄████▒▒
                ░░      ▐█▀█▀▓▀█▄██▓ ▓██▀▄▄▀   ▀▀  ▀      ▄█▄██▓▓▄         ░░
               ▒▒▀ ░░   ▄▄ ▄ ░  ▓  ▄ ▓▀▓▌  ▄█         ▄▄▄█████▓▓██▄        ░░
              ▓▓▄▓▓    █ █ ▓    ░ ▄▀  ▄ █    ▀       █▀▀████ ▓▓█████      ░░
             ▄██▀        ▀        ▀▀ █ ▄            ▀█ ███▓▓▌▐███████
             ▓▓▀                   ▀   ▀         █▄      ▒▒▓▓ ████▀███  ░░    ░
            ░░▀  ▄▄    ▌▀                         █    ░░ ░░  ▐████▀███▒▒
             ▄▄█▀▀  ▐▌ █ ▄                        ▀█ ░░ ▄▀    ▓▓███▄██▓▓     ░░
   ▀ ▄   ▄▄▀▀     █  █ ▀█ ▄                        ░░▄▒▒   ▄▄▓▓█████ ▓▓██▄  ░░
       ▀▀█▄       ▄█ █▀ ██▄                      ░░▀ ░░  ▄█▓▓████████ ▓████▒▒
         ▄ ▀▀▄▄   ▀█  █▄ █▌▐                    ░░  ░░   ▀▓▓█████████▄▀███▓▓▄
        █▀        █▀█ █  ██ █                   ░░   ░░   ▄▀▀█████████ ██▓▓██▄
       █          █▄█ ▀█▄ ███▌ ▄                 ░░    ░░  ▀▄    ▀▀▀██▌▐██████▓
      █  █        █▀██ █▄ ▀███ █▌■                 ░░        █    █    ▐▓▓█████
     ▐▌ █▀       ██ ██▄ █▀ ███▄▐█ ▄           ░░      ░░   ░░ █   ▀▄   █▓▓█████
       █▀        ██ ███ ▀█▀ ███ ██ ▄    ▄▄ ▄▓▓          ░░              ▓▓█████
     ▄▀▄▀       ▄██ ████ █ ▀ █████▀     █                                ▓▓████
    ▀▀ █       ▄ ██ ████▄ █▀▄ ███▌ ▀    █                 ░░             █▓▓███
      █▀       ▄ ██ ██████ ▓██ ██ ▀    ░░  Tili-tili-bom             ▀    ▀▓▓██
     ▄█        ▄ ██  █████▄ ▀▄  ▄▀   ░░ ▄  Krichit nochnaya ptitsa   █      ▒▒▀
    ▄█          ▄ ▀  █████ ▄▀ ▄■  ▀▄░░     On uzhe probralsya v dom  █       ░░
   ▄█             ▄  ▀███▀▀▄▀▄▄ ▄▓▓ ▄  ▀   K tem, komu ne spitsya    █
   ▀ ▄          ▄   ▄  ▀▀■■ ▄▄ ▄▓▓█▄ ▄  █            ▄               █      ░░
    █▀▄         ▀    ▄▀ ▀▄ ▄▄ ▄█████ ▄  █           ▀▄▀              █▄▄▄█▄
  ▄█▀ █▄      ▄  ▄▄▄ ■▀▄▐▌▐▌▄ ▓▓████▀  ▄▓▄▄        ▀   ▄         ░░░▒▒▓▓██▓▓▄██
 ▄█    ▀ ■   ▄ ▄▀ █ ▀▄■ █ ▐▌ ▄███▀▀▄▄████████▄▄       ▀▓▀  ▄  ░░  █  ▄▀██▀█████
            █▌ █ ▄   █  █ █  ▀▀▀ ▄██████▓████████▀▄▀▀▄    ▀▄░░ ▀▄▐▓▓  ▄▀▄██████
    ▀█▄    ██▌  █▄▄▄▀▄▀ █ █   ▄████████████████████▄▀▄▀ ▄▀▄░░▄▀▄ ▀ ░░ ▄▀▄▀█████
  ██▄▄▀▀▄▄███ ▄  ▄▀▄█▄  █▌ ▀ ██▓████████████████▄▀▀███▄▄ ▀ ▄░░ ▀▀   ▄  ▀▄█▀████
  ▀▀▀▄▄███████▌ ▀▄▀██ ▀ ▓▌  ▐▓▓████████████████▓▓▌ ▐████▄▄    ■      ▄ ▀ ▄▀▀▀▄▄
 ▄▄███████████    ▄█▀  ▐▓█  ▓▓██████████▀███████▀▄▄▓▓██████▄   ▒▒  ▀█▄▄▄
 █████████████    ██   ▐▌█  ▓▓████████▀████████▄█████████████▄▄   ▄  ▀████▄
 █████████▓▀██▄  ▄█▀   ▐▌ █ ▐▓███████ ██▓██▀ ███████████████████▄▄  ▀█▄██████▄
 ████▓▓████░ ▀█▄ ██    ▐▌ █  ▓▓█████ ▐██▓▀ ▄███▀ █████▀█▀███████████▄▄ ▀███▀ ▀
 █████▒▒███▌    ▄█▀    █  ▀█  ▓▓███▌ ███░  █▀   █████ ▐█▄██████████████▄
  ▀██▌ ░░███▄   ▀▀     █   █▄  ▓▓▀█  ▀█▌  ▀   ▄████▀  ██████████████████▌
    █     ███▄         █    █     █     ▄    ▄▄▀▀▀  ▄ ▐█▀█████████████ ▀█
           ▀▀██ ▀▄     ▐▌   ▀█          ░ ▄ ▀       ▄ ▀ ██████████▀▄██▄▀
               ▀ ▀▄ ▄  ▐▌    █  ▄  ▀   ▄    ▄ ▄ ▀▄▀▄  █  ▀▄▄▀████▌ █▀▀▄
                   ▀ ■ ▐▌     █         ░     ▄▀▄ ▀▄▀▄ ▄▀▄▀▄▄▀███ ▀ ▄▀
                        █    ▄ ▓        ▒ ▄    ▄ ▀▄ ▀ ▄ ▀ ▄▀ ▄ █▌ ▀
                        ▐▌      ░  ▄   ▄▀ ▄ ▀▄   ▄  ▄ ▀ ▄  ▄   ▄▀ ▄ ▀▄      ▄
                     ▀ ▀ ▓   ▀ ▀▄▀▄ ▀▄▀▄ ▀▄▀ ▄▀▄▀ ▄▀▄▀ ▀▄▀▄ ▀▄▀▄ ▀█▀ ▄▀▄▀ ▄▀▄▀
                          ▄    ■ ▀▄▀▄ ▀▄▀▄ ▄▀▄▀ ▄▀▄▀ ▄▀▄ ▀▄▀▄ ▀▄▀▄ ▄▀▄▀ ▄▀▄▀
                            ▄   ▄▀   ▀▄ ░   ▀  ▀   ▀▄ ▀ ▄▀   ▀  ▀   ▀  ▀   ▀▄
         ▄▄▄▄▄▄▄▄▄▄▄▄▄▄▄▄▄▄▄▄▄▄▄▄▄▄▄▄▄▄█▓▀ ▀▄▀▄ ▀▄▀▄  █  ▄▀▄▀ ▄▀▄▀ ▀▄▀▄ ▀▄▀▄
         █                              █▄▄▄ ▀▄▀▄ ▀▄▀▄ ▄▀▄▀ ▄▀▄▀ ▄▀▄ ▀▄▀▄ ▀▄▀▄
         █                              █ ▀ ▄▀   ▀  ▀   ▀▄▄▀▄ ▄▀▄ ▀ ▄▀   ▀  ▀
         █   Tili-tili-bom              █▀   ▀     ▀▄▄▄▀▀     ▄▄▄▀▀  ▄
         █   Vse skroyet noch' nemaya   █▀     ▀ ▄█▀ ▀▄    ▄▀▀   ▀▀▄▄    ▀
         █   Za toboy kradetsya on      ▄▀ ▄  ▄  ▀▌       ▄           ▄
         █   I vot-vot poymayet         ▄ ▀▄▀▄ ▀░░ ░       ■            ░
         █                              ░▀▄ ▀▄▀▄ ░░ ▓
             On idet                    ▓▀ ▄▀     ░░ █
             On uzhe                    ▓█  ▄▀▄▀    ░░
             Blizko                     ▄ ▄▀▄▀ ▄      ▀░
                                      ▄█ ▀ ▀  ▀     ░▄  ░░
                                        ░▀                 ■
                                                ░▀           ░░
                                        ▀   ▄░   ∙             ░░
                                                    ■           ░░
                                       ░▀              ■        ░░

                                                        ▄     ░░
                                   ░░   ∙                    ░░
                                                       ■
                                    ▀▀              ▄▄   ░░
                                       ▄▄       ▄▄
                                              ▀▀     ░░
                                        ∙
                                                 ▓▓
                                        ▀
                                       ▀ ▀    ░░
                                       ▄▀▄  ░░
                                        ▀  ░░
                                        █  ░░

                                             ░░
