ÔĽŅ
‚ĖĎ                                        ‚ĖĎ ‚ĖĎ‚Ėí‚ĖĎ     ‚ĖĎ
                 ‚Ė† ‚ĖĄ‚Ėď‚Ėď‚ĖĄ                              ‚ĖÄ ‚ĖĎ‚Ėí‚ĖĎ       ‚Ė†

    ‚Ė†     ‚ĖĎ final   ‚ĖÄ‚ĖÄ   ‚ĖĄ‚ĖĄ‚Ėą‚Ėą‚Ėą‚Ėą‚ĖĄ                ‚ĖĄ‚Ėą‚Ėą‚Ėą‚Ėą‚ĖĄ‚ĖĄ ‚ĖÄ‚Ėí‚ĖĎ  ‚ĖĎ

      ‚ĖĎ‚Ėí‚ĖĄ‚ĖĄ‚Ėí‚ĖĄ‚Ėí‚Ėí‚ĖĎ‚ĖĎ‚Ėí       ‚Ėą‚Ėą‚ĖÄ     ‚Ėą‚ĖĄ            ‚ĖĄ‚Ėą     ‚ĖÄ‚Ėą‚Ėą ‚Ėą‚Ėí‚ĖĎ‚Ėď‚Ėď‚Ėí‚ĖĄ‚Ėí‚Ėď‚ĖĄ‚Ėď‚ĖĄ ‚ĖĄ   ‚Ė†

   ‚ĖĎ‚Ėí‚ĖÄ‚ĖÄ‚ĖÄ ‚ĖĄ‚ĖĄ‚ĖĄ‚ĖĄ‚ĖĄ‚ĖĄ‚ĖĄ‚ĖĄ ‚ĖÄ‚ĖÄ ‚ĖĄ ‚ĖĄ‚Ėą  ‚ĖĄ  ‚Ė†  ‚Ėą            ‚Ėą ‚ĖĄ‚Ėď‚ĖĄ ‚ĖĄ  ‚Ėą‚ĖĄ ‚Ėą‚ĖÄ‚ĖÄ‚ĖÄ ‚ĖĄ‚ĖĄ‚ĖĄ‚ĖĄ‚ĖĄ‚ĖĄ‚ĖĄ‚ĖĄ

 ‚ĖĄ‚Ėí‚ĖÄ ‚ĖĄ‚Ėą‚Ėą‚Ėą‚Ėą‚ĖÄ‚ĖÄ‚ĖÄ‚ĖÄ‚ĖÄ‚Ėą‚Ėą‚Ėą‚Ėą‚Ėą‚ĖĄ  ‚Ėą‚Ėą   ‚ĖĄ    ‚Ėą            ‚Ėą  ‚ĖÄ ‚ĖĄ   ‚Ėą‚Ėą  ‚ĖĄ‚Ėą‚Ėą‚Ėą‚Ėą‚ĖÄ‚ĖÄ‚ĖÄ‚Ėą‚ĖÄ‚ĖÄ‚Ėą‚Ėą‚Ėą‚Ėą‚ĖĄ‚ĖĎ

‚Ė† ‚ĖĄ‚Ėą‚Ėą‚Ėą‚ĖÄ  ‚Ēā     ‚Ėą‚Ēā  ‚ĖÄ‚Ėą‚Ėą‚ĖĄ ‚Ėą‚Ėą   ‚ĖÄ‚Ėą‚Ėą‚ĖÄ              ‚ĖÄ‚Ėą‚Ėą‚ĖÄ   ‚Ėą‚Ėą ‚ĖĄ‚Ėą‚Ėą‚ĖÄ  ‚Ēā   ‚Ėą  ‚Ēā‚Ėą ‚ĖÄ‚Ėą‚Ėą‚Ėą‚ĖĄ

‚ĖĎ‚ĖĄ‚Ėą‚ĖÄ ‚Ēā   ‚Ė†     ‚Ėí      ‚ĖÄ‚Ėą‚Ėą‚Ėą‚Ėą‚Ė†                        ‚Ė†‚Ėą‚Ėą‚Ėą‚Ėą‚ĖÄ     ‚Ė†   ‚Ėą   ‚Ėí    ‚ĖÄ‚Ėą‚ĖĄ

‚ĖĄ‚Ėą               ‚ĖĄ‚Ėą‚Ėą‚Ėą‚ĖÄ‚ĖÄ‚ĖÄ‚ĖÄ‚ĖÄ‚Ėą‚Ėą‚Ėą    V A R S i T Y     ‚Ėą‚Ėą‚Ėą‚Ėą‚ĖÄ‚ĖÄ‚ĖÄ‚ĖÄ‚Ėą‚Ėą‚Ėą‚ĖĄ   ‚ĖĄ‚Ėď‚ĖĄ  ‚Ė†      ‚Ėą‚ĖĄ

‚Ėą     ‚ĖĄ‚Ėą‚Ėą‚Ėą‚ĖĄ   ‚ĖĄ‚Ėą‚Ėą‚ĖÄ‚ĖÄ   ‚ĖĄ‚Ėí‚Ėí‚ĖĄ  ‚Ėą‚Ėą‚Ėą                  ‚Ėą‚Ėą‚Ėą ‚Ēā‚Ėą      ‚ĖÄ‚ĖÄ‚Ėą‚Ėą‚ĖĄ ‚ĖÄ ‚ĖĄ‚Ėą‚Ėą‚Ėą‚ĖĄ     ‚Ėą

‚ĖÄ‚Ėą   ‚ĖÄ    ‚Ėą   ‚Ėą‚Ėą     ‚Ė†‚ĖĎ ‚ĖĎ‚ĖĎ‚Ėą‚ĖĄ  ‚Ėą‚Ėą   FACE  THE    ‚Ėą‚Ėą ‚ĖĄ‚Ėí ‚Ėą         ‚Ėą‚Ėą   ‚Ėą    ‚ĖÄ   ‚Ėą‚ĖÄ

 ‚ĖÄ‚Ėą‚Ėą‚ĖĄ    ‚Ėą‚ĖÄ  ‚Ėą‚Ėą   ‚ĖĄ‚Ėą‚Ėą‚ĖĄ    ‚ĖĎ‚Ėą‚ĖĄ  ‚Ėą‚Ėą              ‚Ėą‚Ėą ‚ĖĄ‚Ėą‚ĖĎ ‚Ėí   ‚ĖĄ‚Ėą‚Ėą‚ĖĄ   ‚Ėą‚Ėą  ‚ĖÄ‚Ėą    ‚ĖĄ‚Ėą‚Ėą‚ĖÄ

 ‚ĖĄ  ‚ĖÄ‚Ėą‚Ėą‚Ėą‚ĖÄ   ‚Ėą‚Ėą   ‚ĖĄ‚ĖÄ  ‚ĖÄ‚Ėą    ‚ĖĎ‚Ėą‚ĖĄ  ‚Ėą‚Ėą  REALiTY   ‚Ėą‚Ėą ‚ĖĄ‚Ėą‚ĖĎ  ‚ĖĎ  ‚Ėą‚ĖÄ  ‚ĖÄ‚ĖĄ   ‚Ėą‚Ėą   ‚ĖÄ‚Ėą‚Ėą‚Ėą‚ĖÄ  ‚ĖĄ

  ‚ĖĄ        ‚Ėą‚Ėą‚Ėą‚Ėą‚Ėą ‚Ė†    ‚Ėą  ‚Ė†  ‚ĖĎ‚ĖĎ‚Ėą  ‚Ėą‚Ėą        ‚Ė† ‚Ėą‚Ėą ‚Ėí‚Ėą‚ĖĎ   ‚Ė†  ‚Ėą    ‚Ė† ‚Ėą‚Ėą‚Ėą‚Ėą‚Ėą        ‚ĖĄ

   ‚ĖÄ‚Ėą‚ĖĄ‚ĖĄ‚ĖĄ‚ĖĄ‚ĖĄ‚Ėą‚Ėą   ‚Ėą‚Ėą‚ĖĄ‚ĖĄ‚ĖĄ‚ĖĄ‚Ėą‚ĖÄ       ‚ĖĎ‚Ė†  ‚ĖÄ‚Ėą‚ĖĄ      ‚ĖĄ‚Ėą‚ĖÄ‚ĖĎ‚Ė†‚ĖĄ‚ĖĎ‚ĖĎ      ‚ĖÄ‚Ėą‚ĖĄ‚ĖĄ‚ĖĄ‚ĖĄ‚Ėą‚Ėą   ‚Ėą‚Ėą‚ĖĄ‚ĖĄ‚ĖĄ‚ĖĄ‚ĖĄ‚Ėą‚ĖÄ

     ‚ĖÄ‚Ėą‚ĖÄ‚ĖÄ‚ĖÄ   ‚Ėí   ‚ĖÄ‚ĖÄ‚ĖÄ‚ĖÄ   ‚ĖĎ‚ĖĄ‚ĖĎ‚ĖÄ‚ĖĎ‚ĖĄ‚ĖĎ‚ĖĎ‚ĖĎ   ‚ĖÄ‚Ėí    ‚ĖÄ‚ĖÄ ‚ĖĎ‚ĖĎ  ‚ĖÄ‚Ėí‚ĖĎ    ‚Ė†  ‚ĖÄ‚ĖÄ‚ĖÄ‚ĖÄ       ‚ĖÄ‚ĖÄ‚ĖÄ‚ĖÄ‚ĖÄ

 ‚Ė† ‚ĖĎ  ‚Ėą    ‚ĖĎ‚Ėí‚ĖĎ   ‚ĖÄ‚ĖÄ‚ĖÄ‚ĖÄ‚ĖÄ‚Ėí ‚Ė† ‚ĖĄ‚ĖĄ‚ĖĄ ‚ĖÄ‚ĖĎ‚Ėí‚ĖĎ ‚Ėí‚ĖÄ ‚ĖÄ ‚ĖÄ‚ĖĎ‚ĖĎ    ‚Ėą‚Ėą ‚Ėą‚Ėí‚ĖĎ‚ĖĎ          ‚Ėą‚ĖÄ‚ĖÄ‚ĖÄ‚ĖÄ ‚Ėą‚ĖÄ‚ĖÄ‚ĖÄ‚ĖÄ‚ĖÄ

          ‚Ėí‚Ėą‚ĖÄ ‚ĖĄ   ‚Ėą‚Ėą‚Ėą ‚ĖĎ  ‚Ėą‚Ėą‚Ėą‚Ėą‚Ėą ‚ĖÄ‚ĖÄ‚Ėí‚ĖÄ‚ĖÄ ‚ĖĄ‚Ėą‚Ėą‚ĖĄ ‚ĖÄ‚Ėą‚ĖĎ ‚Ėą‚Ėą‚Ėą  ‚ĖÄ‚ĖÄ‚Ė†‚Ėí  ‚ĖÄ‚ĖÄ‚ĖÄ‚ĖÄ‚Ėą ‚Ėą‚ĖÄ ‚Ėą‚Ėą ‚Ėą‚ĖÄ ‚Ėą‚Ėą

  ‚ĖĎ  ‚Ėą‚Ėą   ‚Ėą‚ĖÄ ‚Ėą‚Ėą‚Ėą ‚Ėą‚Ėą‚Ėą‚Ėą   ‚Ėą‚Ėą‚Ėą‚Ėą‚Ėą‚Ėą‚Ėą‚Ėą ‚ĖÄ ‚Ėą‚Ėą‚Ėą‚Ėą‚Ėą‚Ėą‚Ėą ‚ĖÄ‚Ėą ‚Ėą‚Ėą‚Ėą ‚Ėą‚Ėą‚Ėą‚Ėą ‚ĖĎ‚Ėą‚Ėą‚Ėą‚Ėą ‚ĖÄ‚ĖÄ‚ĖÄ ‚Ėą‚Ėą‚Ėą ‚Ėą ‚Ėą‚Ėą‚Ėą ‚ĖĎ ‚Ė†

 ‚ĖĎ  ‚Ėą‚Ėą‚Ėą‚ĖĎ ‚ĖĎ‚ĖÄ ‚Ėą‚Ėą‚Ėą‚Ėą ‚Ėą‚Ėą‚Ėą‚Ėą‚Ėą ‚Ėą‚Ėą‚Ėą   ‚Ėą‚Ėą‚Ėą‚Ėą ‚Ėą‚Ėą‚Ėą ‚Ėą‚Ėą‚Ėą‚Ėą‚Ėą ‚Ėí     ‚Ėą‚Ėą‚Ėą‚Ėą‚Ėą‚Ėą‚Ėą‚Ėą‚Ėą‚Ėą‚Ėą‚Ėą‚Ėą‚Ėą ‚Ėą‚Ėą‚Ėą ‚ĖÄ ‚Ėą‚Ėą‚Ėą

 ‚ĖĎ‚ĖĎ ‚Ėą‚Ėą‚Ėą‚Ėą   ‚Ėą‚Ėą‚Ėą‚Ėą ‚ĖĄ‚Ėą‚Ėą‚Ėą‚Ėą‚Ėą ‚Ėą‚Ėą‚Ėą‚Ėą   ‚Ėą‚Ėą‚Ėą ‚Ėą‚Ėą‚Ėą  ‚ĖÄ‚Ėą‚Ėą‚ĖÄ ‚ĖĎ ‚Ėą‚Ėą‚Ėą     ‚Ėą‚Ėą‚Ėą‚Ėą‚Ėą‚Ėą     ‚Ėą‚Ėą‚Ėą  ‚Ėą‚Ėą‚Ėą‚Ėą ‚ĖĎ

 ‚ĖĎ‚Ėí‚ĖĄ ‚Ėą‚Ėą‚Ėą‚Ėą  ‚Ėą‚Ėą‚Ėą ‚ĖĄ‚Ėą‚Ėą ‚Ėą‚Ėą‚Ėą ‚Ėą‚Ėą‚Ėą‚Ėą‚Ėą‚Ėą‚Ėą‚Ėą‚ĖÄ  ‚Ėą‚Ėą‚Ėą‚Ėą‚ĖĄ      ‚Ėą‚Ėą‚Ėą‚Ėą ‚ĖĎ  ‚ĖĄ ‚Ėą‚Ėą‚Ėą‚Ėą  ‚Ė†‚ĖĎ  ‚Ėą‚Ėą‚Ėą  ‚Ėą‚Ėą‚Ėą‚Ėą ‚Ėą‚ĖĎ

  ‚Ėí‚Ėą ‚Ėą‚Ėą‚Ėą‚Ėą ‚Ėą‚Ėą‚Ėą ‚ĖĄ‚Ėą‚Ėą‚Ėą  ‚Ėą‚Ėą ‚Ėą‚Ėą‚ĖÄ‚Ėď‚ĖÄ‚Ėą‚Ėą‚ĖĄ‚ĖĄ ‚Ė† ‚Ėą‚Ėą‚Ėą‚Ėą‚Ėą‚Ėą‚ĖĄ   ‚Ėą‚Ėą‚Ėą‚Ėą ‚Ėí  ‚ĖĎ ‚Ėą‚Ėą‚Ėą‚Ėą   ‚Ėí‚Ėí ‚Ėą‚Ėą‚Ėą  ‚Ėą‚Ėą‚Ėą ‚ĖĄ‚Ėą‚ĖĎ

  ‚ĖĎ‚Ėą ‚Ėą‚Ėą‚Ėą‚Ėą ‚Ėą‚Ėą‚Ėą ‚Ėą‚Ėą‚Ėą    ‚Ėą‚Ėą ‚Ėą‚Ėą‚ĖĄ‚Ėą‚Ėą‚Ėą‚Ėą‚Ėą‚Ėą‚ĖĄ   ‚ĖÄ‚Ėą‚Ėą‚Ėą‚Ėą‚Ėą‚Ėą  ‚Ėą‚Ėą‚Ėą ‚Ėą‚ĖĎ ‚ĖĎ ‚Ėą‚Ėą‚Ėą‚Ėą‚Ėą  ‚Ėí‚Ėą ‚Ėą‚Ėą‚Ėą ‚Ėą‚Ėą‚Ėą‚Ėą ‚Ėą‚Ėí‚ĖĎ

   ‚Ėą‚ĖĄ ‚Ėą‚Ėą‚Ėą‚Ėą‚Ėą‚Ėą‚ĖÄ ‚Ėą‚Ėą‚Ėą‚Ėą‚Ėą‚Ėą‚Ėą‚Ėą‚Ėą‚Ėą ‚Ėą‚Ėą‚Ėą  ‚ĖÄ‚Ėą‚Ėą‚Ėą‚Ėą     ‚ĖĄ‚Ėą‚Ėą‚Ėą‚Ėą ‚Ėą‚Ėą‚Ėą ‚ĖÄ‚Ėą ‚Ėí‚ĖĄ ‚Ėą‚Ėą‚Ėą‚Ėą‚Ėą  ‚Ėą‚ĖĄ ‚Ėą‚Ėą‚Ėą‚ĖÄ‚Ėď‚ĖÄ‚Ėą ‚Ėí‚ĖĎ

   ‚Ėí‚Ėą ‚Ėą‚Ėą‚Ėą‚Ėą‚Ėą ‚ĖĄ‚Ėą‚Ėą‚Ėą ‚ĖĎ‚Ė†‚ĖĄ ‚Ėą‚Ėą‚Ėą ‚Ėą‚Ėą‚Ėą‚Ėą   ‚ĖÄ‚ĖÄ ‚ĖĄ‚Ėą‚Ėą‚Ėą‚Ėą‚Ėą‚Ėą‚Ėą‚Ėą  ‚Ėą‚Ėą‚Ėą‚Ėą ‚Ėą  ‚Ėą ‚Ėą‚Ėą‚Ėą‚Ėą‚ĖÄ  ‚ĖĎ‚Ėą ‚ĖÄ‚Ėą‚Ėą‚Ėą‚ĖĄ‚Ėą‚Ėą ‚ĖĎ

    ‚ĖÄ‚ĖĄ  ‚Ėą‚Ėą  ‚ĖÄ‚ĖÄ‚ĖÄ ‚Ė† ‚ĖĎ‚Ėą‚ĖĄ ‚Ėą‚Ėą ‚ĖÄ‚Ėą‚Ėą‚Ėą‚Ėą‚ĖĄ  ‚ĖĄ‚Ėą‚Ėą‚Ėą‚Ėą‚ĖÄ‚ĖÄ‚Ėą‚Ēā‚Ė†    ‚Ėą‚Ėą ‚ĖĄ‚Ėą  ‚Ėą‚ĖĄ ‚Ėą‚Ėą‚ĖÄ ‚Ėą‚ĖĄ‚ĖĄ ‚ĖĎ  ‚ĖÄ‚Ėą‚Ėą‚Ėą‚Ėą  ‚ĖĎ
      ‚ĖÄ‚Ė†‚ĖĎ‚Ė† ‚ĖĄ‚Ėď‚ĖĄ ‚Ė†   ‚ĖĎ‚Ėí‚ĖĄ    ‚ĖÄ‚Ėą‚Ėą‚Ėą‚ĖÄ ‚ĖĄ‚ĖÄ‚ĖĎ    ‚Ė†‚Ėą  ‚Ė†     ‚ĖĄ‚Ėą‚ĖĎ  ‚ĖĎ‚Ėą   ‚ĖĄ‚Ėą‚Ėą‚Ėą‚Ėą‚Ėą‚Ėą‚Ėą‚ĖĄ ‚Ėą‚Ėą‚Ėą‚Ėą ‚ĖĎ
     ‚Ėą ‚ĖĄ‚ĖĄ‚ĖĄ‚ĖĄ ‚ĖÄ        ‚ĖĎ‚Ėí‚Ė†‚ĖĎ ‚Ė†    ‚ĖĄ‚ĖĎ       ‚Ėí   ‚Ė†‚ĖĄ‚ĖĎ‚ĖĄ‚ĖĎ‚ĖÄ     ‚ĖĎ‚ĖÄ‚ĖĄ      ‚ĖÄ‚Ėą‚Ėą‚Ėą‚Ėą‚Ėą‚Ėą‚Ėą‚Ėą ‚ĖĎ‚ĖĎ
     ‚Ėą ‚Ėą‚Ėą‚Ėą‚Ėą                   ‚ĖĎ         ‚ĖĎ                 ‚ĖĎ‚ĖÄ ‚Ė†‚ĖĎ   ‚Ėą‚Ēā ‚ĖÄ‚Ėą‚Ėą ‚ĖĄ‚Ėą‚ĖĎ
     ‚Ėą ‚Ėą‚Ėą‚Ėą‚Ėą                                                       ‚Ėą‚Ēā    ‚ĖĄ‚Ėą‚Ėí
     ‚Ėą ‚Ėą‚Ėą‚Ėą‚Ėą               Grosse Erwartungen (1998)              ‚Ėí  ‚ĖĎ‚Ė†‚ĖĎ
     ‚ĖÄ ‚Ėą‚Ėą‚Ėą‚Ėą                                                          ‚ĖĄ‚ĖĄ‚ĖĄ‚Ėą
  ‚ĖĎ‚Ėí‚Ėď‚Ėą‚Ėą‚Ėą‚Ėą‚Ėą‚Ėą‚Ėą‚Ėą‚Ėą‚Ėą‚Ėą‚Ėą‚Ėą‚Ėą‚Ėą‚Ėą‚Ėą‚Ėą‚Ėą‚Ėą‚Ėą‚Ėą‚Ėą‚Ėą‚Ėą‚Ėą‚Ėą‚Ėą‚Ėą‚Ėą‚Ėą‚Ėą‚Ėą‚Ėą‚Ėą‚Ėą‚Ėą‚Ėą‚Ėą‚Ėą‚Ėą‚Ėą‚Ėą‚Ėą‚Ėą‚Ėą‚Ėą‚Ėą‚Ėą‚Ėą‚Ėą‚Ėą‚Ėą‚Ėą‚Ėą‚Ėą‚Ėą‚Ėą‚Ėą‚Ėą‚Ėą‚Ėą‚Ėą‚Ėą‚Ėą‚Ėą‚Ėą‚Ėą‚Ėą‚Ėą‚Ėą‚Ėď‚Ėí‚ĖĎ
     ‚ĖĄ ‚ĖÄ‚ĖÄ‚ĖÄ‚ĖÄ                                                          ‚ĖÄ‚ĖÄ‚ĖÄ‚ĖÄ ‚ĖĄ
 ‚ĖÄ ‚ĖÄ‚ĖÄ‚Ėą‚ĖÄ‚ĖÄ‚ĖÄ‚ĖÄ‚ĖÄ‚ĖÄ‚ĖÄ ‚ĖÄ                                                  ‚ĖÄ ‚ĖÄ‚ĖÄ‚ĖÄ‚ĖÄ‚ĖÄ‚ĖÄ‚ĖÄ‚Ėą‚ĖÄ‚ĖÄ ‚ĖÄ
     ‚Ėą ‚Ėą‚Ėą‚Ėą‚Ėą                                                          ‚Ėą‚Ėą‚Ėą‚Ėą ‚Ėą
     ‚Ėą ‚Ėą‚Ėą‚Ėą‚Ėą  RELEASE-DATE.: 19-07-2006      STORE-DATE.: 21-02-2002  ‚Ėą‚Ėą‚Ėą‚Ėą ‚ĖÄ

     ‚Ėą ‚Ėą‚Ėą‚Ėą‚Ėą  CINE-DATE....: 05-03-1998      SOURCE.....: DVD9        ‚Ėą‚Ėą‚Ėą‚Ėą ‚Ėą

     ‚Ėą ‚Ėą‚Ėą‚Ėą‚Ėď  FiLES........: 95 x 50 MB      iMDB.......: 6.3 / 10    ‚Ėď‚Ėą‚Ėą‚Ėą ‚Ėą


     ‚Ėą ‚Ėą‚Ėą‚Ėą‚Ėą                                                          ‚Ėą‚Ėą‚Ėą‚Ėą ‚Ėą

     ‚Ėą ‚Ėą‚Ėą‚Ėą‚Ėą        http://german.imdb.com/title/tt0119223/           ‚Ėą‚Ėą‚Ėą‚Ėą ‚Ėą

     ‚ĖĄ ‚Ėą‚Ėą‚Ėą‚Ėą ‚ĖĄ                                                      ‚Ėą ‚Ėą‚Ėą‚Ėą‚Ėą ‚ĖĄ

 ‚ĖĄ‚ĖĄ‚ĖĄ ‚ĖĄ ‚Ėą‚Ėą‚Ėą‚Ėą‚ĖĄ‚Ėą‚ĖĄ‚ĖĄ‚ĖĄ ‚ĖĄ                                            ‚ĖĄ ‚ĖĄ‚ĖĄ‚ĖĄ‚Ėą‚ĖĄ‚Ėą‚Ėą‚Ėą‚Ėą ‚ĖĄ ‚ĖĄ‚ĖĄ‚ĖĄ

     ‚ĖĄ ‚Ėą‚Ėą‚Ėą‚Ėą ‚Ėą                                                      ‚Ėą ‚Ėą‚Ėą‚Ėą‚Ėą ‚ĖĄ

       ‚Ėą‚Ėą‚Ėą‚Ėą‚Ėą‚Ėą‚Ėą‚Ėą‚Ėą‚Ėą‚Ėą‚Ėą‚Ėą‚Ėą‚Ėą‚Ėą‚Ėą‚Ėď‚Ėď ‚Ėď‚ĖĎ ‚ĖĎ  RELEASE iNFO  ‚ĖĎ ‚ĖĎ‚Ėď ‚Ėď‚Ėď‚Ėą‚Ėą‚Ėą‚Ėą‚Ėą‚Ėą‚Ėą‚Ėą‚Ėą‚Ėą‚Ėą‚Ėą‚Ėą‚Ėą‚Ėą‚Ėą‚Ėą‚Ėą‚Ėą

     ‚Ė† ‚Ėą‚Ėą‚Ėą‚Ėą ‚Ėą                                                      ‚Ėą ‚Ėą‚Ėą‚Ėą‚Ėą ‚Ė†

       ‚Ėą‚Ėą‚Ėą‚Ėą ‚Ėą  ENCODER............ CCE 2.67 .............ENCODER   ‚Ėą ‚Ėą‚Ėą‚Ėą‚Ėą

     ‚Ė† ‚Ėą‚Ėą‚Ėą‚Ėą ‚Ėą  SUBTiTLES GERMAN.......[X].......GERMAN SUBTiTLES   ‚Ėą ‚Ėą‚Ėą‚Ėą‚Ėą ‚Ė†

     . ‚Ėą‚Ėą‚Ėą‚Ėą ‚Ėą            ENGLiSH......[X]......ENGLiSH             ‚Ėą ‚Ėą‚Ėą‚Ėą‚Ėą .

     . ‚Ėą‚Ėą‚Ėą‚Ėą              FRENCH.......[X].......FRENCH               ‚Ėą‚Ėą‚Ėą‚Ėą .

       ‚Ėą‚Ėą‚Ėą‚Ėą              OTHER........[X]........OTHER               ‚Ėą‚Ėą‚Ėą‚Ėą

     ¬∑ ‚Ėą‚Ėą‚Ėą‚Ėą    EXTRAS ALL.............[X].............ALL EXTRAS     ‚Ėą‚Ėą‚Ėą‚Ėą ¬∑

       ‚Ėą‚Ėą‚Ėą‚Ėą           STRiPPED........[ ]........STRiPPED            ‚Ėą‚Ėą‚Ėą‚Ėą

     ¬∑ ‚Ėą‚Ėą‚Ėą‚Ėą           FULLY STRiPPED..[ ]..FULLY STRiPPED            ‚Ėą‚Ėą‚Ėą‚Ėą ¬∑

       ‚Ėą‚Ėą‚Ėą‚Ėą    ViDEO UNTOUCHED........[ ]........UNTOUCHED ViDEO     ‚Ėą‚Ėą‚Ėą‚Ėą

       ‚Ėą‚Ėą‚Ėą‚Ėą REENCODED.4981kbs.(5PASS).[X].(5PASS).4981kbs.REENCODED  ‚Ėą‚Ėą‚Ėą‚Ėą

       ‚Ėą‚Ėą‚Ėą‚Ėą    ASPECT RATiO 4:3.......[ ].......4:3 ASPECT RATiO     ‚Ėą‚Ėą‚Ėą‚Ėą

       ‚Ėą‚Ėą‚Ėą‚Ėą         16:9.ANAMORPH.....[X].....ANAMORPH.16:9          ‚Ėą‚Ėą‚Ėą‚Ėą

       ‚Ėą‚Ėą‚Ėą‚Ėą              1:1.78.......[ ].......1:1.78               ‚Ėą‚Ėą‚Ėą‚Ėą

       ‚Ėą‚Ėą‚Ėą‚Ėą    AUDiO GERMAN 2.1.......[X].......2.1 GERMAN AUDiO     ‚Ėą‚Ėą‚Ėą‚Ėą

       ‚Ėą‚Ėą‚Ėą‚Ėą          GERMAN 5.1.......[ ].......5.1 GERMAN           ‚Ėą‚Ėą‚Ėą‚Ėą

       ‚Ėą‚Ėą‚Ėą‚Ėą         ENGLiSH 2.1.......[ ].......2.1 ENGLiSH          ‚Ėą‚Ėą‚Ėą‚Ėą

     ‚Ėą ‚Ėą‚Ėą‚Ėą‚Ėą         ENGLiSH 5.1.......[X].......5.1 ENGLiSH          ‚Ėą‚Ėą‚Ėą‚Ėą ‚Ėą

     ‚Ėą ‚Ėą‚Ėą‚Ėą‚Ėą          FRENCH 2.1.......[ ].......2.1 FRENCH           ‚Ėą‚Ėą‚Ėą‚Ėą ‚Ėą

     ‚Ėą ‚Ėą‚Ėą‚Ėą‚Ėą          FRENCH 5.1.......[ ].......5.1 FRENCH           ‚Ėą‚Ėą‚Ėą‚Ėą ‚Ėą

     ‚Ėą ‚Ėą‚Ėą‚Ėą‚Ėą ‚ĖĄ         OTHER 2.1.......[ ].......2.1 OTHER          ‚Ėą ‚Ėą‚Ėą‚Ėą‚Ėą ‚Ėą

 ‚ĖĄ‚ĖĄ‚ĖĄ ‚ĖĄ ‚Ėą‚Ėą‚Ėą‚Ėą‚ĖĄ‚Ėą‚ĖĄ‚ĖĄ‚ĖĄ ‚ĖĄ    OTHER 5.1.......[ ].......5.1 OTHER     ‚ĖĄ ‚ĖĄ‚ĖĄ‚ĖĄ‚Ėą‚ĖĄ‚Ėą‚Ėą‚Ėą‚Ėą ‚ĖĄ ‚ĖĄ‚ĖĄ‚ĖĄ

     ‚ĖĄ ‚Ėą‚Ėą‚Ėą‚Ėą ‚Ėą                                                      ‚Ėą ‚Ėą‚Ėą‚Ėą‚Ėą ‚ĖĄ
       ‚Ėą‚Ėą‚Ėą‚Ėą‚Ėą‚Ėą‚Ėą‚Ėą‚Ėą‚Ėą‚Ėą‚Ėą‚Ėą‚Ėą‚Ėą‚Ėą‚Ėą‚Ėď‚Ėď ‚Ėď‚ĖĎ ‚ĖĎ   MOVIE PLOT   ‚ĖĎ ‚ĖĎ‚Ėď ‚Ėď‚Ėď‚Ėą‚Ėą‚Ėą‚Ėą‚Ėą‚Ėą‚Ėą‚Ėą‚Ėą‚Ėą‚Ėą‚Ėą‚Ėą‚Ėą‚Ėą‚Ėą‚Ėą‚Ėą‚Ėą

     ‚Ė† ‚Ėą‚Ėą‚Ėą‚Ėą ‚Ėą                                                      ‚Ėą ‚Ėą‚Ėą‚Ėą‚Ėą ‚Ė†

       ‚Ėą‚Ėą‚Ėą‚Ėą ‚Ėą  CAST  : Robert De Niro, Gwyneth Paltrow, Nell       ‚Ėą ‚Ėą‚Ėą‚Ėą‚Ėą

     ‚Ė† ‚Ėą‚Ėą‚Ėą‚Ėą ‚Ėą          Campell, Chris Cooper, Josh Mostel.         ‚Ėą ‚Ėą‚Ėą‚Ėą‚Ėą ‚Ė†

     . ‚Ėą‚Ėą‚Ėą‚Ėą ‚Ėą  REGIE : Alfonso Cuaron                              ‚Ėą ‚Ėą‚Ėą‚Ėą‚Ėą .
     . ‚Ėą‚Ėą‚Ėą‚Ėą ‚Ėą                                                      ‚Ėą ‚Ėą‚Ėą‚Ėą‚Ėą .

     . ‚Ėą‚Ėą‚Ėą‚Ėą    Finnegan Bell wő£chst unter der Obhut seines Onkels    ‚Ėą‚Ėą‚Ėą‚Ėą
       ‚Ėą‚Ėą‚Ėą‚Ėą    Joe in einem Fischerdorf in Florida auf. Seine freie  ‚Ėą‚Ėą‚Ėą‚Ėą
       ‚Ėą‚Ėą‚Ėą‚Ėą    Zeit vertreibt er sich mit Besuchen bei der schwer-   ‚Ėą‚Ėą‚Ėą‚Ėą
       ‚Ėą‚Ėą‚Ėą‚Ėą    reichen Miss Dinsmoor, die mit ihrer Nichte Estella   ‚Ėą‚Ėą‚Ėą‚Ėą
       ‚Ėą‚Ėą‚Ėą‚Ėą    in einer pomp√∑sen Villa lebt. Jahre spő£ter, Finn hat  ‚Ėą‚Ėą‚Ėą‚Ėą
       ‚Ėą‚Ėą‚Ėą‚Ėą    sich lő£ngst Hals ‚ĀŅber Kopf in das Mő£dchen aus gutem   ‚Ėą‚Ėą‚Ėą‚Ėą
       ‚Ėą‚Ėą‚Ėą‚Ėą    Hause verliebt, verschwindet Estella aus seinem       ‚Ėą‚Ėą‚Ėą‚Ėą
       ‚Ėą‚Ėą‚Ėą‚Ėą    Leben. Als Finn, der inzwischen zum angesehenen       ‚Ėą‚Ėą‚Ėą‚Ėą
       ‚Ėą‚Ėą‚Ėą‚Ėą    K‚ĀŅnstler avanciert ist, in New York eine Ausstellung  ‚Ėą‚Ėą‚Ėą‚Ėą
       ‚Ėą‚Ėą‚Ėą‚Ėą    vorbereitet, kommt es zur erneuten, diesmal           ‚Ėą‚Ėą‚Ėą‚Ėą
       ‚Ėą‚Ėą‚Ėą‚Ėą    schicksalhaften Begegnung mit seiner einstigen        ‚Ėą‚Ėą‚Ėą‚Ėą
       ‚Ėą‚Ėą‚Ėą‚Ėą    Jugendliebe.                                          ‚Ėą‚Ėą‚Ėą‚Ėą
       ‚Ėą‚Ėą‚Ėą‚Ėą                                                          ‚Ėą‚Ėą‚Ėą‚Ėą
       ‚Ėą‚Ėą‚Ėą‚Ėą                                                          ‚Ėą‚Ėą‚Ėą‚Ėą
     ‚Ėą ‚Ėą‚Ėą‚Ėą‚Ėą    NOTES: NOTHiNG                                        ‚Ėą‚Ėą‚Ėą‚Ėą ‚Ėą

     ‚Ėą ‚Ėą‚Ėą‚Ėą‚Ėą                                                          ‚Ėą‚Ėą‚Ėą‚Ėą ‚Ėą

     ‚Ėą ‚Ėą‚Ėą‚Ėą‚Ėą                                                          ‚Ėą‚Ėą‚Ėą‚Ėą ‚Ėą

     ‚Ėą ‚Ėą‚Ėą‚Ėą‚Ėą ‚ĖĄ                                                      ‚Ėą ‚Ėą‚Ėą‚Ėą‚Ėą ‚Ėą

 ‚ĖĄ‚ĖĄ‚ĖĄ ‚ĖĄ ‚ĖĄ‚ĖĄ‚ĖĄ‚ĖĄ‚ĖĄ‚Ėą‚ĖĄ‚ĖĄ‚ĖĄ ‚ĖĄ                                            ‚ĖĄ ‚ĖĄ‚ĖĄ‚ĖĄ‚Ėą‚ĖĄ‚ĖĄ‚ĖĄ‚ĖĄ‚ĖĄ ‚ĖĄ ‚ĖĄ‚ĖĄ‚ĖĄ

     ‚ĖĄ ‚ĖĄ‚ĖĄ‚ĖĄ‚ĖĄ ‚Ėą                                                      ‚Ėą ‚ĖĄ‚ĖĄ‚ĖĄ‚ĖĄ ‚ĖĄ

       ‚Ėą‚Ėą‚Ėą‚Ėą‚Ėą‚Ėą‚Ėą‚Ėą‚Ėą‚Ėą‚Ėą‚Ėą‚Ėą‚Ėą‚Ėą‚Ėą‚Ėą‚Ėď‚Ėď ‚Ėď‚ĖĎ ‚ĖĎ GROUP & GREETS ‚ĖĎ ‚ĖĎ‚Ėď ‚Ėď‚Ėď‚Ėą‚Ėą‚Ėą‚Ėą‚Ėą‚Ėą‚Ėą‚Ėą‚Ėą‚Ėą‚Ėą‚Ėą‚Ėą‚Ėą‚Ėą‚Ėą‚Ėą‚Ėą‚Ėą

     ‚Ė† ‚Ėą‚Ėą‚Ėą‚Ėą ‚Ėą                                                      ‚Ėą ‚Ėą‚Ėą‚Ėą‚Ėą ‚Ė†

       ‚Ėą‚Ėą‚Ėą‚Ėą ‚Ėą  WANTED: DVD Retail Supplier - Talentierte Capper    ‚Ėą ‚Ėą‚Ėą‚Ėą‚Ėą

     ‚Ė† ‚Ėą‚Ėą‚Ėą‚Ėą ‚Ėą          Affil 100mbit+ (no DE & AT )                ‚Ėą ‚Ėą‚Ėą‚Ėą‚Ėą ‚Ė†

     . ‚Ėą‚Ėą‚Ėą‚Ėą ‚Ėą                                                      ‚Ėą ‚Ėą‚Ėą‚Ėą‚Ėą .

     . ‚Ėą‚Ėą‚Ėą‚Ėą                                                          ‚Ėą‚Ėą‚Ėą‚Ėą .

       ‚Ėą‚Ėą‚Ėą‚Ėą                                                          ‚Ėą‚Ėą‚Ėą‚Ėą

     ‚Ėą ‚Ėą‚Ėą‚Ėą‚Ėą                                                          ‚Ėą‚Ėą‚Ėą‚Ėą ‚Ėą

     ‚Ėą ‚Ėą‚Ėą‚Ėą‚Ėą ‚ĖĄ                                                      ‚Ėą ‚Ėą‚Ėą‚Ėą‚Ėą ‚Ėą

 ‚ĖĄ‚ĖĄ‚ĖĄ ‚ĖĄ ‚ĖĄ‚ĖĄ‚ĖĄ‚ĖĄ‚ĖĄ‚Ėą‚ĖĄ‚ĖĄ‚ĖĄ ‚ĖĄ                                            ‚ĖĄ ‚ĖĄ‚ĖĄ‚ĖĄ‚Ėą‚ĖĄ‚ĖĄ‚ĖĄ‚ĖĄ‚ĖĄ ‚ĖĄ ‚ĖĄ‚ĖĄ‚ĖĄ

     ‚ĖĄ ‚ĖĄ‚ĖĄ‚ĖĄ‚ĖĄ ‚Ėą                                                      ‚Ėą ‚ĖĄ‚ĖĄ‚ĖĄ‚ĖĄ ‚ĖĄ

       ‚Ėą‚Ėą‚Ėą‚Ėą ‚Ėą  GREETS TO: final * GEORGE BUSH * MAO TSETUNG *      ‚Ėą ‚Ėą‚Ėą‚Ėą‚Ėą

     ‚Ė† ‚Ėą‚Ėą‚Ėą‚Ėą ‚Ėą                                                      ‚Ėą ‚Ėą‚Ėą‚Ėą‚Ėą ‚Ė†

       ‚Ėď‚Ėą‚Ėą‚Ėą ‚Ėą             XXXX * XXX * XXXXXX * XXXX               ‚Ėą ‚Ėą‚Ėą‚Ėą‚Ėď

     ‚Ė† ‚Ėď‚Ėď‚Ėď‚Ėď ‚Ėď                                                      ‚Ėď ‚Ėď‚Ėď‚Ėď‚Ėď ‚Ė†

     . ‚Ėď‚Ėí‚Ėď‚Ėí‚Ėą‚Ėí‚Ėą‚Ėą‚Ėą‚Ėą‚Ėď‚Ėď‚Ėí‚ĖĎ‚ĖĎ ‚ĖĎ final.ascii.art  14-JAN-2006 ‚ĖĎ ‚ĖĎ‚ĖĎ‚Ėí‚Ėď‚Ėď‚Ėą‚Ėą‚Ėą‚Ėą‚Ėą‚Ėą‚Ėí‚Ėą‚Ėí‚Ėď‚Ėí‚Ėď .

     . ‚Ėí‚Ėí‚Ėí‚Ėí ‚ĖĎ                                                      ‚ĖĎ ‚Ėí‚Ėí‚Ėí‚Ėí .

       ‚ĖĎ‚ĖĎ‚ĖĎ‚ĖĎ                                                          ‚ĖĎ‚ĖĎ‚ĖĎ‚ĖĎ

     ¬∑     ‚ĖĄ‚Ėď‚ĖĄ                                                    ‚ĖĄ‚Ėď‚ĖĄ     ¬∑

       ‚ĖĎ‚ĖĎ‚ĖĎ‚ĖĎ ‚ĖÄ                                                      ‚ĖÄ ‚ĖĎ‚ĖĎ‚ĖĎ‚ĖĎ
