                                                                                
                             ░      ░      ░      ░                             
                         ▓▓▓░ ░▓▓▓▓░ ░▓▓▓▓░ ░▓▓▓▓░ ░▓▓▓                         
                         ▌███░██████░██████░██████░███▐                         
                         ▌█▓▓▓▓█▓█▓█████████▀  ▀██████▐                         
                         ▌█▓▓██▓█▓█▓████████    ▐█████▐                         
                         ▌█▓█▓▓█████████████▌    █████▐                         
                         ▌██▓████▓██████▀████   ▄▐████▐                         
                         ▌███▓█▓███████  ▐██▀  ▀  ████▐                         
                         ▌████████████▌   █▌      ████▐                         
                         ▌█▓██████████ ▐  ▐▒▄   ▌ ████▐                         
                     !h8 ▌███████▀▀▀ ▌ ▓▌  ▀   ▐█ ▐███▐                         
 ▄▄▄▄▄▄▄▄▄▄▄▄▄▄▄▄▄▄▄▄▄▄▄▄▌▌ ▀▓     ▄▀  ▌▐     ▐▌▐▌ ███▐▄▄▄▄▄▄▄▄▄▄▄▄▄▄▄▄▄▄▄▄▄▄▄▄ 
▐▓▓▓▓▓▓▓▓▓▓▓▓▓▓▓▓▓▓▓▓▓▓▓▓▌█▄▄ ▄███▀  █▐▄▄▌   ▄█▀ █░▀▀█▐▓▓▓▓▓▓▓▓▓▓▓▓▓▓▓▓▓▓▓▓▓▓▓▓▌
▐▒▓▒▒▓▒▒▒▒▒▒▓▒▒▒▒▒▒▒▒▒▒▒▒▌████████████████▄▄██████████▐▒▒▒▒▒▒▓▒▒▓▒▒▒▒▒▒▒▒▓▒▒▒▒▓▌
▐░▒░░░░▒░░░░░░░░░▒░░▒░░░░▌███ ██████ ██████ ██████ ███▐░░░▒░░░░░░░░░░▒░░░░░▒░░▒▌
▐░░░░░░░░░░░░░░░░░░░░░░░░▓▓▓ ░ ▓▓▓▓ ░ ▓▓▓▓ ░ ▓▓▓▓ ░ ▓▓▓░░░░░░░░░░░░░░░░░░░░░░░░▌
▐░░░░░░░░░░░░░░░░░░░░░░░░░░░░ ░░░░░░ ░░░░░░ ░░░░░░ ░░░░░░░░░░░░░░░░░░░░░░░░░░░░▌
▐▄▄▄▄▄▄▄▄▄▄▄▄▄▄▄▄▄▄▄▄▄▄▄▄▄▄▄▄▄▄▄▄▄▄▄▄▄▄▄▄▄▄▄▄▄▄▄▄▄▄▄▄▄▄▄▄▄▄▄▄▄▄▄▄▄▄▄▄▄▄▄▄▄▄▄▄▄▄▌
▐▓▓▓▓▓▓▓▓▓▓▓▓▓▓▓▓▓▓▓▓▓▓▓▓▓▓▓▓▓▓████████████████████████████▒▒▒▒▓█▒▒▒▒▓█▒▒▓█▓▓▓▓▌
▐▓▒▒▒▒▒▓▒▒▒▒▓▓▒▒▒▓▒▒▒▒▒▒▓▒▓▒▒▒▓▓▀▀▀▀▀▀▀▀▀▀▀▀▀▀▀▀▀▀▀▀▀▀▀▀▀▀▓▓▒▒▒░▓▒▒▒▒░▓▒▒▒█░░▒▓▌
▐░▒░░▒░░▒░▒░░░▒░░░░░▒░░▒▒░░░░▒░▒░▒░░░░░░░░░░░░░░░░░░░░░░▒░▒▓▒▒▒░▓▒▒▒▒░▓▒▒▒█░▒░▒▌
▐░░▒░░░░░░░░░░░░░░░░░░░░░░░▒░░░▒███████████████████████████▓▒▒▒░▓▓▒▒▒░▓▒▒▒█░░▒░▌
▐▒░░░░░░░░░░░░░░░░░░░░░░░░░░░▒░▐███████████████████████████▓▓▒▒▒░▓▒▒▒░▓▓▒▒█░░░░▌
▐░░░░░░░░░░░░░░░░░░░░░░░░░░░░░░▐████████████████████████████▓▒▒▒░▓▒▒▒░░▓▒▒█░▒░▒▌
▐░░░▓▀                    ▓░░░▒▐████████████████████████████▓▒▒░░▓▒▒▒▒░▓▒▒█░░░░▌
▐▒░░▌ ▓██▄ ▓██▄ ▓██▄ ▓██▄ ▐░░░░▐████████████████████████████▓▒▒▒░▓▒▒▒▒░▓▒▒█░░░░▌
▐░░░ ▐█  █▐█  █▐█  █▐█  █  ░░░░▐██████████▀░░   ▀███████████▓▒▒▒░▓▒▒▒▒░▓▒▒█░░░░▌
▐░░░ ▐▓▀▀▀▐█▀▀▀▐█▀▀▀▐▓▀▀▀  ░░░░▐█████████░░░░░ ░░ ██████████▓▒▒▒░▓▒▒▒▒░▓▒▒█░░░░▌
▐░░░  ▓    ▓▄▄▌ ▓▄▄▌ ▓     ░░░░▐████████▌░░░░░░░░░ ████████▓▓▒▒▒░▓▒▒▒▒░▓▒▒█░░░░▌
▐░░░  ▀     ▀▀   ▀▀  ▀     ░░░░▐████████░░░▓░░░▒▒░░▐███████▓▒▒▒▒░▓▒▒▒░░▓▒▒█░░░░▌
▐░░░   ███▄▐▌▐█ ██▄▐▌▄ ▓   ░░░░▐████████░░▓░░░░░░▒░ ███████▓▒▒▒░▓▓▒▒▒░▓▓▒▒█░░░░▌
▐░░░  ▐█  ▀▐▌ █▐▓ █▓▌█▌█   ░░░░▐█████████░░█░░░░▒░░▐███████▓▒▒▒░▓▒▒▒▒░▓▒▒▒█░░░░▌
▐░░░   ▀▀█▄▐▓▄▓▐▌ ▐▌█▌██   ░░░░▐██████████░▒▒░░░░░░░▐██████▓▒▒▒░▓▒▒▒▒░▓▒▒▒█░░░░▌
▐░░░   █▄▐█▐▌ █ █▄▓▌█ ▐▌ ░ ░░░░▐██████████░░░░░░░░░▌ ▒▒▀██▓▓▒▒▒░▓▒▒▒▒░▓▒▒▒█░░░░▌
▐░░░    ▀▀  ▀ ▀  ▀▀ ▀   ░ ▐░░░░▐██████████░▄░░▄░░░█▒▒▒▒▒▒█▓▒▒▒▒░▓▒▒▒▒░▓▒▒▒█░░░░▌
▐░░░▓▄                   ▄▓░░░░▐█████████████▄▀░░▄▓▒▒▒▒▒▒▒▓▒▒▒░▓▓▒▒▒░░▓▒▒▒█░░░░▌
▐░░░░░░░░░░░░░░░░░░░░░░░░░░░░░░▐███████████████▄▒▓▓▒▒▒▒▒▒▒▓▒▒▒░▓▒▒▒▒▒░▓▒▒▒█░░░░▌
▐░░░░░░░░░░░░░░░░░░░░░░░░░░░░░░▐████████████████▒▓▒▓▒▒▒▒▒▒▓▒▒░░▓▒▒▒▒░▓▓▒▒▒█░░░░▌
▐░░░░░░░░░░░░░░░░░░░░░░░░░░░░░░▐██▌░███████████▌▒▓▓▓▓▒▒▒▒▒▓▒▒▒░▓▒▒▒▒░▓▒▒▒▒█░░░░▌
▐░░░░░░░░░░░░░░░░░░░░░░░░░░░░░░▐█ ▄▌███████████▌▒▓▓▓▒▓▒░░░▓▒▒▒░▓▒▒▒▒░▓▒▒▒▒█░░░░▌
▐░░░   ░   ░░░░░░▒▒▒▒▒▒▒▒▒▒▒▒░░▐███████████████▒▒▓▓▓▓▒▌░░░▓▒▒▒░▓▒▒▒▒░▓▒▒▒▒█░░░░▌
▐░░ ▄█▄ █▀▀ ░ ▄ ░▓▓▓▓▓▓▓▓▓▓▓▓░░▐███████████████▒▒▓▓▓▓▓▓░░░▓▒▒▒░▓▒▒▒▒░▓▒▒▒▒█░░░░▌
▐░░ █ █▌▀█▄ ▄▀█▀ ▓█▐█▓▀▀▀▀▀▀▓░░▐▀░██ ███████████░░▓▓▓▒▀░░░▓▒▒▒░▓▒▒▒▒░▓▒▒▒▒█░░░░▌
▐░░ ▄█▀ ▄ █▌▀▄█▄ ▓█▐█▓██████▓░░▐▄████▄██████████░░▓▓▀░░░░░▓▒▒▒░▓▒▒▒▒░▓▒▒▒▒█░░░░▌
▐░░ █▄▄ ▀█▀ ░ ▀ ░▓▓▓▓▓▓▓▓▓▓▓▓░░▐██████▀▒▒███████░░▓░░░░░░▄▓▒▒▒░▓▓▒▒▒░▓▒▒▒▒█░░░░▌
▐░░░   ░░  ░░░░░░▒▒▒▒▒▒▒▒▒▒▒▒░░▐██████▒▒▒░██████▄▀░░░░░▄▓▓▓▒▒▒▒░▓▒▒▒░▓▒▒▒▒█░░░░▌
▐░░░░░░░░░░░░░░░░░░░░░░░░░░░░░░▐███████▓░░░████▀░░░░░▄▓▓▓▓▓▓▒▒▒░▓▒▒▒░▓▓▒▒▒█░░░░▌
▐░░░░░░░░░░░░░░░░░░░░░░░░░░░░░░▐█████████▄▀░░░░░░░░▄█▓▓▓▓▓▓▓▒▒▒░▓▒▒▒▒░▓▒▒▒█░░░░▌
▐░░░░░░░░░░░░░░░░░░░░░░░░░░░░░░▐████████▄░░░░░░░▄▀█▒▒▒▓▓▓▓▓▓▒▒▒░▓▒▒▒▒░▓▒▒▒█░░░░▌
▐░░░░░░░░░░░░░░░░░░░░░░░░░░░░░░▐████████ ░░░▒▀███▀░░░░▒▒▓▓▓▒▒▒▒░▓▒▒▒▒░▓▒▒▒█░░░░▌
▐░░░░░░░░░░░░░░░░░░░░░░░░░░░░░░▐█████████▄▄█░░░▄ ░░░░░░░░▒▓▒▒▒▒░▓▒▒▒▒░▓▒▒▒█░░░░▌
▐░░░░░░░░░░░░░░░░░░░░░░░░░░░░░░▐████████▀░░▄█▄▀░░░░░░░░░░▐▓▒▒▒░░▓▒▒▒▒░▓▒▒▒█░░░░▌
▐░░░░░░░░░░░░░░░░░░░░░░░░░░░░░░▐███▀▀░░▄▄▀▀░░░░░░░░░░░░░░▐▓▒▒▒▒░▓▒▒▒▒░▓▒▒▒█░░░░▌
▐░░░░░░░░░░░░░░░░░░░░░░░░░░░░░░▐██▌▄▄▀▀░░░░░░░░░░░░░░░░░░█▓▒▒▒▒░▓▒▒▒▒░▓▒▒▒█░░░░▌
▐░░░░░░░░░░░░░░░░░░░░░░░░░░░░░░▐███░░░░░░░░░░░░░░░░░░░░▄██▓▒▒▒▒░▓▒▒▒▒░▓▓▒▒█░░░░▌
▐░░░░░░░░░░░░░░░░░░░░░░░░░░░░░░▐██░░░░░░░░░░░░░▄▄▄▄█▄▄█▓▓▒▓▒▒▒▒░▓▒▒▒▒▒░▓▒▒█░░░░▌
▐░░░░░░░░░░░░░░░░░░░░░░░░░░░░░░▐██▌░░░░░░░▄▄█████▓▒▒▒▒▒▒▒▒▓▒▒▒▒░▓▒▒▒▒▒░▓▒▒█░░░░▌
▐░░░░░░░░░░░░░░░░░░░░░░░░░░░░░░▐███░░░░░░███████▒▒▒▒▒▒▒▒▒▒▓▒▒▒▒░▓▒▒▒▒░░▓▒▒█░░░░▌
▐░░░░░░░░░░░░░░░░░░░░░░░░░░░░░░▐████░░░░░░██████▓▒▒▓█▌ ░██▓▒▒▒▒░▓▒▒▒▒▒░▓▒▒█░░░░▌
▐░░░░░░░░░░░░░░░░░░░░░░░░░░░░░░▐█████░░░░░████████████ ░██▓▒▒▒▒░▓▒▒▒▒▒░▓▒▒█░░░░▌
▐░░░░░░░░░░░░░░░░░░░░░░░░░░░░░░▐█████▓▓▓▓▓▓▓██████████  ▐█▓▓▒▒▒░▓▓▒▒▒▒░▓▒▒█░░░░▌
▐▒░░░░░░░░░░░░░░██████░░░░░░░░▒▐███▓▓▓░▓▓░░▓▓█████████▌ ▐██▓▒▒▒░░▓▒▒▒░▓▓▒▒█░░░░▌
▐░░░░░░░░░░░░░░░█▓▓▓▓█░░░░░░░░░▐██▓▓░░▓▓▒▒▓▒▒▓████████▌ ▐██▓▒▒▒▒░▓▒▒▒░▓▒▒▒█░░░░▌
▐░░░░░░░░░░░░░░░█▒▒▒▒█░░░░░░░░░▐███▓▒▓▒▒▒▒▒▓▒▓█████████ ░██▓▒▒▒▒░▓▒▒▒░▓▒▒▒█▒░░░▌
▐▒░░░░░░░░░░░░░░█▒▀▀▒█░░░░░░░░▒▐███▓▓▓▒▒▒▒▒▓▒▒▓████████ ░██▓▒▒▒▒░▓▒▒▒░▓▒▒▒█░░░░▌
▐░░▒░░░░░░░░░░░░█▄▄▄▄█░░░░░▒░░░▐████▒▓▓▒▒▒▒▒▓▓▓▓███████  ▐█▓▒▒▒▒░▓▒▒▒░▓▒▒▒█░▒░▒▌
▐░░░░░░░░░░░░░░░██████░░░░░░░░▒▐████▓▓▒▒▒▒▒▓▒▓▒▓███████▌ ▐█▓▒▒▒▒░▓▒▒▒░▓▒▒▒█░░░░▌
▐▓▒░░░▒░░░░▒░░▒░░░░░▒░░░░░░░▒░▓▐████▒▒▓▒▒▒▒▒▒▒▓▒███████▌ ░▓▓▒▒▒░▓▓▒▒▒░▓▒▒▒█░░▒░▌
▐▓▒▒░▒░░▒░░░░▒░░▒░░░░░░▒░░░▒░▒▓▐████▒▒▒▒▒▒▒▒▒▒▒▒▓███████ ░▓▒▒▒▒░▓▒▒▒▒░▓▓▒▒█▒░░▒▌
▐▓██████████▒▒▒▓▒▒▒▒▒▒▒▓▒▒▒▒▒▒▓▐█████▒██████████████████  ▓▒▒▒▒░▓▒▒▒▒▒░▓▒▒█▒▒▒▒▌
▐█▀ ▄▄▄▄▄▄ ██▓▓▓▓▓▓▓▓▓▓▓▓▓▓▓▓▓▓▐██████▀ ▄▄▄▄▄▄ ▀ ▄▄▄ ██▓▒▒▓▒▒▒░░▓▒▒▒▒▒░▓▒▒█▓▒▒▓▌
▐█ ▓██████▌▀██████████████████████████ ▓██████▌ ████ █▓▓▓▒▓▒▒▒▒░▓▓▒▒▒▒░▓▒▒█▓▓▓▓▌
 █ ████▀███  ▄▄▄▄▄▄ ▀ ▄▄▄▄▄▄ ▀ ▄▄▄▄▄▄ ▌███▌ ███ ████ ██████████████████████████▌
 █ ████ ███ ▓██████▌ ▓██████▌ ▓██████▌ ███▌ ███ ████▄▄▄ ▀ ▄▄▄▄▄▄ ▀ ▄▄▄ ██▀ ▄▄ ▐▌
 █ ████ ███ ████ ███ ████ ███ ████ ███ ▐███▄▄▄  ███████▌ ▓██████▌ ▓███ ▀▀ ▓██▌▐▌
 █ ████ ███ ████ ███ ████ ███ ████ ███  ▀█████▌ ████ ███ ████ ███ ████ ▓█ ███▌▐▌
 █ █▐██████ █▐██▄███ █▐██▄███ █▐██▄███ ▄▄▄ ▀███ █▐██ ███ █▐██ ███ █▐██ ██ ███▌▐▌
 █ █▀████▓▀ █▀████▓▀ █▀████▓▀ █▀████▓▀ █▀█▓ ███ █▀██ ███ █▀██ ███ █▀██ ██ ███▌▐▌
 █ █░██ ▄▄▄▌█░██     █░██     █░██     █░██ ███ █░██ ███ █░██▄███ █░██▌██▌███▌▐▌
 █ █▒▒█ ███▌█▒▒█████ █▒▒█████ █▒▒█ ███ █▒▒█████ █▒▒█ ███ █▒▒█████ █▒▒████████▌▐▌
 █ ▐▓▓█ ███▌▐▓▓▓▓▓▓█ ▐▓▓▓▓▓▓█ ▐▓▓█ █▓█▌▐▓▓▓▓▓▓▌ ▐▓▓█ ▐▓█ ▐▓▓▓▓▓▓█ ▐▓▓▓▓▓▓▓▓▓█ ▐▌
 ▐█ ▀▀▀ ████ ▀▀▀▀▀▀▀▐ ▀▀▀▀▀▀▀▐ ▀▀▀ █▒▐█ ▀▀▀▀▀▀ ▄ ▀▀▀▐ ▀▀▐ ▀▀▀▀▀▀ ▄ ▀▀▀▀▀▀▀▀▀ ▄█▌
  ▓████████▓███████████████████████▓░ ▓██████████████████████████▓███████████▓▀ 
     ▀▀██▀       ▄▄▄                                        ▄▄▄       ▀██▀▀     
 ▌ ▄▀█▄▄ █▄   ▄███▀▀▀▀▄                                 ▄ ▀▀▀▀███▄   ▄█ ▄▄█▀▄ ▌ 
 ▓▄  ███████ ██▀                                                ▀██ ███████  ▄▓ 
▐▓▓▌ ▐██▀ ▀███▀                                                  ▀███▀ ▀██▌ ▐▓▓▌
▐▀▓▓ ▐█▌ ▄ ▐██▌                                                  ▐██▌ ▄ ▐█▌ ▓▓▀▌
   ▓▌ █ ▄ ▀██▀                                                    ▀██▀ ▄ █ ▐▓   
   ▐▓ ▐ ▐█         ────────< Ebony.Nurses.8-PEEPSHOW ←────────        █▌ ▌ ▓▌   
    ▌  ▌▐█                                                            █▌▐  ▐    
   ▐  ▀ ██                                                            ██ ▀▄ ▌   
      ▄███                released·<  October 28, 2004                ███▄      
     █████                street···<  October 19, 2004                █████     
     █████                                                            █████     
     █████                company··<  Heatwave                        █████     
     █████                genre····<  Black                           █████     
  ▌  ▄ ███                                                            ███ ▄  ▐  
 ▐█  ▐▄ ▀▀                source···<  DVD                             ▀▀ ▄▌  █▌ 
 ▐ ▀  ▀▓▓▓▓▓▄             format···<  NTSC MPEG VCD                ▄▓▓▓▓▓▀  ▀ ▌ 
  █▄    ▓▓▀ ▀▌                                                    ▐▀ ▀▓▓    ▄█  
  ▐██▀ ▓▓▌                CD1······<  37 X 15MB                       ▐▓▓ ▀██▌  
   █  ▓▓▓   ▄▓▓▀▀▄        CD2······<  37 X 15MB               ▄▀▀▓▓▄   ▓▓▓  █   
   ▐ ▓▓ ▓▓ ▄▓▀                                                    ▀▓▄ ▓▓▀▓▓ ▐   
  ▐  ▓   ▓▓▓   ▄▄▄                                            ▄▄▄   ▓▓▓   ▓▀ ▌  
  ▐█▄  █▄ ▀ ▄███▀▀▀▀▄                                      ▄▀▀▀▀███▄ ▀ ▄█  ▄█▌  
   ███████ ██▀                                                    ▀██ ███████   
   ▐██▀ ▀███▀           ───────< RELEASE NOTES ←────────           ▀███▀ ▀██▌   
   ▐█▌ ▐ ▐██▌                                                      ▐██▌ ▌ ▐█▌   
    █ █▄▀██▀                                                        ▀██▀▄█ █    
    ▌▐███▄  http://jadedvideo.com/search_result.asp?PRODUCT_ID=205055 ▄███▌▌    
     ▐████                                                            ████▌     
      ▒▓██                                                            ██▓▒      
      ░▒▓█             Plot:  Hot black nurses are here to            █▓▒░      
       ░▒▓                make your blood pressure rise.              ▓▒░       
        ░▒                                                            ▒░        
         ░                                                            ░         
                                                                                
               Starring: L.T., Lady Luck, Frankie LaRue, Aurora,                                                                        
            Brown Sugar, Devlin Weed, Dwayne Cummings, Jesse Outlaw                            
                                                  
  ▌  ▄                                                                    ▄  ▐  
 ▐█  ▐▄                                                                  ▄▌  █▌ 
 ▐ ▀  ▀▓▓▓▓▓▄   CD2 REPACK is being released because I uploaded    ▄▓▓▓▓▓▀  ▀ ▌ 
  █▄    ▓▓▀ ▀▌    the CD2 from a different releae. Sorry, no      ▐▀ ▀▓▓    ▄█  
  ▐██▀ ▓▓▌          lame excuses. Just a careless mistake.            ▐▓▓ ▀██▌  
   █  ▓▓▓   ▄▓▓▀▀▄  Sorry to all the PEEPERS out that that    ▄▀▀▓▓▄   ▓▓▓  █   
   ▐ ▓▓ ▓▓ ▄▓▀                   got nuxored =(                   ▀▓▄ ▓▓ ▓▓ ▐   
  ▐  ▓   ▓▓▓   ▄▄▄                                            ▄▄▄   ▓▓▓   ▓  ▌  
  ▐█▄  █▄ ▀ ▄███▀▀▀▀▄                                      ▄▀▀▀▀███▄ ▀ ▄█  ▄█▌  
   ███████ ██▀                                                    ▀██ ███████   
   ▐██▀ ▀███▀              ─────< GROUP NEWS ←───────              ▀███▀ ▀██▌   
   ▐█▌ ▐ ▐██▌                                                      ▐██▌ ▌ ▐█▌   
    █   ▀██▀                                                        ▀██▀   █    
    ▌                                                                      ▐    
                       WELCOME TO THE SHOW, THE PEEPSHOW.                       
                                                                                
                                                                                
           PEEPSHOW is here to bring you some spankable porn. Thanks            
           go out to the huge amount of PEEPERS out there that have             
           supported us in so many different ways. Please continue              
           enjoying our releases as we are here to stay. So all you             
           PEEPERS out there grab yourselves, your significant others,          
           some toys, and some lubricant; sit back and ENJOY THE SHOW.          
                                                                                
           We do this for our friends, for fun, and for some good porn.         
     ░                                                                    ░     
     ▒░      (We are currently looking for EU ONLY 100mbit+ Affils)      ░▒     
    ▐▓▒░                                                                ░▒▓▌    
    ▐█▓▒░                                                              ░▒▓█▌    
    ▐██▓▒                       EMAIL CONTACT                          ▒▓██▌    
    ▐████                                                              ████▌    
   ▐▐███▀                     peepshow@hush.com                        ▀███▌▌   
   █ █▀▄██▄                                                          ▄██▄▀█ █   
  ▐█▌ ▐ ▐██▌                                                        ▐██▌ ▌ ▐█▌  
  ▐██▄ ▄███▄                                                        ▄███▄ ▄██▌  
  ███████ ██▄                                                      ▄██ ███████  
 ▐█▀  █▀ ▄ ▀███▄▄▄▄▀                                        ▀▄▄▄▄███▀ ▄ ▀█  ▀█▌ 
 ▐ ▄▓   ▓▓▓   ▀▀▀            ─────<  GREETS  ←─────            ▀▀▀   ▓▓▓   ▓▄ ▌ 
  ▌ ▓▓▄▓▓ ▀▓▄                                                      ▄▓▀ ▓▓▄▓▓ ▐  
  █  ▓▓▓   ▀▓▓▀▀▄                                              ▄▀▀▓▓▀   ▓▓▓  █  
 ▐██▄ ▓▓▌                                                              ▐▓▓ ▄██▌ 
 █▀    ▓▓▄ ▄▌               ─ Centropy - FLUFFERS -                ▐▄ ▄▓▓    ▀█ 
▐ ▄  ▄▓▓▓▓▓▀                                                        ▀▓▓▓▓▓▄  ▄ ▌
▐█  ▐▀ ▄▄                - PROTOCOL - FLAiR ─ BRUTUS -                 ▄▄ ▀▌  █▌
 ▌  ▀ ███                                                              ███ ▀  ▐ 
    █████             - SWE6RUS - Pr0nStarS - HELLBOUND -              █████    
    █████                                                              █████    
    █████              - REDLiGHT - CuNT ─ WastedTime -                █████    
    █████                                                              █████    
    █████                   - SUT - TDA - IGUANA -                     █████    
    █▀███                                                              ███▀█    
  ▐ ▀▄███                                                              ███▄▀ ▌  
   ▌  ▌▐█          ─ And to every one else that contributes -          █▌▐  ▐   
  ▐▓ ▌ ▐█                                                              █▌ ▌ ▓▌  
  ▓▌ █ ▀ ▄██▄                                                      ▄██▄ ▀ █ ▐▓  
▄▓▓ ▐█▌ ▀ ▐██▌                                                    ▐██▌ ▀ ▐█▌ ▓▓▄
▓▓▌ ▐██▄ ▄███▄               ─ ESTABLISHED  2004 ─                ▄███▄ ▄██▌ ▐▓▓
▓▀  ███████ ██▄                                                  ▄██ ███████  ▀▓
▌ ▀▄█▀▀ █▀ ▄ ▀███▄▄▄▄ ▀                                  ▀ ▄▄▄▄███▀ ▄ ▀█ ▀▀█▄▀ ▌
    ▄▄█▄▄▄███▄  ▀▀▀                                          ▀▀▀ ▄▄▄██▄▄▄█▄▄    
    ████████████████▄ ▄█▓▄      h8`!HiGHONASCii      ▄▓█▄ ▄█████████████████    
    █████▀▀▀▀▀     ▀▀█▀  ▄▌· the revolution is now ·▐▄  ▀█▀▀      ▀▀▀▀▀█████    
    ██▀                                                                  ▀██    
    █                                                                      █    
    ▌                                                                      ▐
