████████████████████████████████████████████████████████████████████████████████████████████████████
████████████████████████████████████████████████████████████████████████████████████████████████████
████████████████████████████████████████████████████████████████████████████████████████████████████
███████████████████████████████████████████████▀▒◘██████████████████████████████████████████████████
██████████████████████████████████████▀▀██████'∙█████████▀▀▒████████████████████████████████████████
█████████████████████████████████████ç     '~ ▄████▀▀██▀ ≥^≈███████████████████████████████████████
██████████████████████████████████████ ─                  "ƒ░██████████████████████████████████████
██████████████████████████████████████░                     ▒▓██████████████████████████████████████
█████████████████████████████████████▓&                 ,▄▄▄████████████████████████████████████████
███████████████████████████████████►█████████▄▄    _ ▄██████████████████████████████████████████████
███████████████████████████████████¿▓████████████▌ █████████████████████████████████████████████████
███████████████████████████████████ç ▀███▌▐█▀·█▀█  ▐███░▀▀▒███▀◘████████████████████████████████████
████████████████████████████████████¿  ▐██▄▄▄▄      █Γ ▒█▓███⌐ ▒████████████████████████████████████
██████████████████████████████████▒██   └¶█▀▀º      ▒  ▀▀▀█^`  █████████████████████████████████████
███████████████████████████████████▄█▒,    ∙╘       å         ██████████████████████████████████████
██████████████████████████████████████▒▒   «        : ₧      ▒██████████████████████████████████████
██████████████████████████████████████▒T▒~     é     █▌    ï\▓█████████████████████████████████████
██████████████████████████████████████É       █▌      ▐█ç  ─ ▒██████████████████████████████████████
███████████████████████████████████████{     →~     ▄▄▒▀▀⌐  ░╣██████████████████████████████████████
████████████████████████▀▀▀▀▀▀▀▒▀███████         ▒▄██░██Ö⌐▒ »███▀▀▀▀▀▀"^▒^░ ░ ,~▄▄▄·████████████████
██████████████▌▒▄▄▄¼αÑ∞∞▒ª"▀█♠ █████ ▀ç         ▐███████▓▒▒███▌ ▐▄∙   &      ▒╙å·████████████████
██████████████ ▒█≤           ░à▒ ███▀   █_  ▄▄▒__▄_ _▄▄█████▐███0⌐ ¶'  ▄░Σ  ╕:▄▄_ ≥≥≥"~▀▀▀██████████
█████████▀  ░█ ▒█Σ  ⌐   ⌐     ^└ ██è    √K⌐▐█▀ ▀▀▀▀▀▀▀████████  ¬▌ ╞&  █▒► ∙√å^ ░°☼pg▒     █████████
████████Ñ⌐ ▄▒█⌐^█E⌐  ▒█⌐                ░█▒▐█╓░░▄▄▄▄▄█████¶█▌─  ▐▌ «▒▒ █▒► ┌╣░p  ░    ▓▓█  █████████
████████~▌ ▓██⌐▐▒▌▒∙~▒█     █æ-            ▓██▀▀██▀▀▀▀▀▀~ ██▌   ╫▌ ░░ ▒█Ω ░► ~█√▓ⁿ░∟  ~^  █████████
█████▌ █Ç░ ▒▒█▌▐██►^√▒█    ▒█    '→.       ▒▒É           ████ ← ▒█ ▓▄⌐▐█┘  ▒ ▐►√░1      ~─    `▀████
██████ ▐█ƒ ▐██▌¬█▀  ░▐▌ - ▄█▌          ⌐   ∙¶▄         ▄█████▌  ▐█ █▌ m█⌐ ∙  ├  ░            ▒▐████
█████▀  █▌  ██▌ █▌╘ _█▌  ▐██\▒▒          ▐▒  Ω▒▒██████████████  ▐█ ╣ñ █▌     Γ ╞%    √²«    ░░ ▐████
███▀è   ██{ ██▌ ▒f ▄██▌τ ██▌╒█▌        , ▒å ░░╚▀██████████████▌ ∙█ ▒▒▒█▒    ╗  ░░   ▒▒█₧⌐   √∞ █████
███¬▐  √█' ▐█▌ ¼Ö████▌ ▐███0▒·√∞a    ♂ î▒ ┌₧ ░  ▒▒████████████  █Γ░▒██ ▄▄ç ▌ ;  ì ⌠█▓►   ╗▒⌐▐█████
███▌÷█░░E▐▌  ██ ¶¼█▀██▒ ██░▌░ƒ █▄▄    └ _▌▐█₧-─   ░░  █████████▌ █▌·₧▐██░√'▒▌▐▒─         ┐ ▐ ██████
████Ç▐▌ ▒░█, ▐█ ▒-  ██ ▐█▌▄≥ █▒▒█     ¡å ██Ω ─      ▒█▀▀~~▒████ █▌  ▐███▄▓█▄▒░ ▄▄ç▄╕      ┘ ██████
█████ç▒▒·╛█▌ ▐█    ██▌ ▐█  ï  ╝█Γ    ╒₧⌐▐██▌       ⌠▀     ▒████►▐▌ ░█████▒▒██▓████▒▒▒     ∙ ▐██████
██████ ░ ≥▐█_▐█⌐┌q▒██▌ █▌ :           ▒▒ ███▌               ████▌▐▌ ╦█▌√███▒ ▐█▒▀██▓▒█q╗░ ~▒ ███████
███████═  └█▒▒█⌐░▐███►─▀             √▐`▐███▌             ░ ██²▐██▌ ██≤░▒████ ▒█▄√` ░▒███▄'⌐▐███████
████████   ▒█░█▌▐▒▌██   ·░ _ ~±      ▓▌ ██▀╝₧             ░ ¼ä  ███░█▌ ⌠&█████ç▀██√ ░▄₧◘██▒ ▐███████
█████████   █⌐█Å¿░:█Γ '·╛░¼Φ▀▀◄░gÇ▒«î/ ██  ∙î               ▒  ▐█▌ █  ██▒████╓██▄⌐▐█▌Σÿ▓₧ ████████
█████████▌  ▐██▌ ►       ▒▒▄█████████/▐█▒·  ∙└             ░▐▒   ▀▀ '  ▒██ ▒██▒████▄▄███▓█▌▐████████
██████████▄ ▐▌░  ⌐ ∟ ░▄████████░████░ ▒█▒        ░     ░  «█         ╒▓██r╨▐███é ████████ █████████
███████████░ ^  ▄█▒▓███████▀▒~  ▒██▌¬ ██å    ▒  ░\₧     ·r █▌   ┌      ▀█▌ä  ▐██▌  ▒██▒██▌▐█████████
██████████^   ┐░████▀█▀▀▀▀▀~▀ì▀██▀▀░  █Z░    ▐▌ ▒▒░ ─  ∙d·██▒   ▒ç  ⌐▄₧▒╫╦█T  ███Ç ▐██▓██₧██████████
████████▀ _▄▄▒▒▄◘▀ ─ ►      ╦▒▄█████  å▒      ▓  √» ─  /·▐██▒    ████████▄█▄_ ²████▒██ç&~▐██████████
███████▌  ▀▀`▐█▒█ ░▄█▒█████████████▌ ┘ ▌      r▒▄,  ╥æ∙▄#₧▐█▒  [  █████▒█▀▀██▒████████²███████████
███████⌐     ▐███▐█████████████▀▀██ √▐██,     █┘████▀██▒ á███  ░∙ ▒█████▓Γ≥ "█████████▄░▐██████████
███████     ¬▓█▀╥█████▌▄▄▄███▓&▒███∞Ω████     █Çh█░▒~█  ↔√██  ∙▒▒██████     ▐██████████████████████
███████ «▒████████▀▀▀░~▒▒►·░· ┌░▓█▓░▒▄████    █▒╓█▄▓▒▒╗▒░4██   ▐█████Å██▄▄  ▄███████████████████████
███████▒██▒▀▀▀^       _▒░▄████████████████▌   ██▒█Σ▐▒gñΓ≥█Γ  _██████▓▒▒████████▄███████████████████
███████▒▒           ▄▄█████████████████████▌  ▐█₧▒█░█∞▀  √█   █████████m░î██████████████████████████
███████▌    ─∙░░▄▄███████████▀▀██▄▄████████ç ▒█Ç░▓▐▌    ▐█  ▐███████████▒▓▒████████████████████████
███████▌─▒ ░m█████████▀█████▒▒▄██████████████ç▐█████►   á██·▄████████▒████▓T░███████████████████████
████████░√████▓▀^`     ▒╠█████████████████████▒██▒▒▒¿  ▒██▌███████████M▓████████████████████████████
████████▒▒████ç-    ░▒▄████████▌ ▐█████████████▒██&▒▒,▄████████████████M▒███████████████████████████
███████████████▒░░▒░████████▄_  ▄███████████████████████████████████████████████████████████████████
█████████████████▒█████████████████████████████████████████████████████████████████████████████████
████████████████████████████████████████████████████████████████████████████████████████████████████
████████████████████████████████████████████████████████████████████████████████████████████████████
██████████████▀██▀ ██▀    █⌐   ▀████▄  ███████⌐ ▄██▄  ███'   ████▄  `███ ██▀ ████▄  ████████████████
██████████████⌐██⌐ ▐█    ▐█▌    ██ ▐█▌ █Γ▐█▌ █ ▐` ▐█ç ▐█▌    ▐█▌ ██  ▐█▌·▐█  ▐█▌ ██ ████████████████
██████████████Γ██  █Γ    ▐█▌    ██  █▌ █ ▐█▌ █ Γ  ▐█▌ ▐█▌    ▐█▌ ▐█ç  █▌ ▐█  ▐█▌ ▐█∟████████████████
██████████████Γ▐█ ▐▌     ███    ██ ·█▌ ▌ ▐█▌ ▐    ▐█▌ ▐█▌    ▐█▌ ▐█▌  ██ █▌  ▐█▌ ▐█▌████████████████
██████████████Γ██_█Γ     ███    ██ ▐█▌   ▐█▌      ▐█  ▐█▌    ▐█▌ ▐█▌  ██ █▌  ▐█▌ ▐█▌████████████████
██████████████Γ▐███     ▐█▐█∟   ██▄█▀    ▐█▌    ,▄█~  ▐█▌    ▐█▌ ▐█▌  ▐█▌█Γ  ▐█▌ ▐█▌████████████████
██████████████Γ▐███▌    ▐▌▐█▌   ██▀██    ▐█▌     "█▄  ▐█▌    ▐█▌ ▐█▌  ▐███   ▐█▌ ▐█▌████████████████
██████████████Γ█████    ▐▌ █▌   ██ ▐█▌   ▐█▌      ▐█▌ ▐█▌    ▐█▌ ▐█▌   ███   ▐█▌ ▐█▌████████████████
██████████████Γ▐█Γ▐█⌐   ██▄██   ██ ▐█▌   ▐█▌      ▐█▌ ▐█▌  ■ ▐█▌ ▐█▌   ██▌   ▐█▌ ▐█▌████████████████
██████████████Γ▐█⌐ █▌   █Γ`▐█   ██ ▐█▌   ▐█▌   ▌  ▐█▌ ▐█▌ ▐█ ▐█▌ ▐█Γ   ▐█▌   ▐█▌ ▐█Γ████████████████
██████████████Γ██  ▐█  ▐█  ▐█▌  ██ ▐█▌   ▐█▌   █  ▐█Γ ▐█▌ ▐█ ▐█▌ ██    ▐█▌   ▐█▌ ██ ████████████████
██████████████▄██▄_██▄ ██_ ▐██ ▄██▄ ██ç  ███    ███▀  ██████·████▀     ▐█∟ · ████▀  ████████████████
████████████████████████████████████████████████████████████████████████████████████████████████████

PROUDLY PRESENTS..

TiTLE.........: Strawberry.Shortcake.Berryfest.Princess.Movie 
RUNTiME.......: 65 min
FORMAT........: ISO
RAR COUNT.....: 82x50MB 
SOURCE........: R1 DVD5 NTSC
GENRE.........: Animation 
RELEASE DATE..: 
iMDB RATiNG...: N/A
WEB...........: http://www.amazon.com/gp/product/B0031Y8018/ref=s9_simh_gw_p74_i1?pf_rd_m=ATVPDKIKX0DER&pf_rd_s=center-2&pf_rd_r=04MWNYD8NQC6EG4JNGT7&pf_rd_t=101&pf_rd_p=470938631&pf_rd_i=507846

ASPECTS:

[X] NTSC [ ] PAL        [X] DVD5 [ ] DVD9
[X] Widescreen          [ ] Anamorphic
[ ] Letterbox           [ ] Fullscreen 1.33:1

AUDiO:

[X] English             [ ] DTS 5.1
[ ] Spanish             [ ] PCM Stereo
[ ] French              [X] Dolby Digital 2.0 Stereo
[ ] Directory Commentary[ ] Dolby Digital 5.1
                        
ViDEO:                  MENU:            DVD-EXTRAS:

[X] Untouched           [X] Untouched    [X] Untouched
[ ] Re-Encoded          [ ] Reauthored   [ ] Re-Encoded
[ ] CCE Passes                           [ ] CCE Passes
[ ] Partial Stripped                     [ ] Stripped

SUBTiTLES:

[X] English      [X] Spanish      [ ] French
[ ] Other        [ ] N/A   


RiPPER NOTES:
enjoy  :) 


KART3L is currently looking for
Legit 100mb+ sites for affil
Look for us :)



                    RESPECT THE GAME!!!!
