


                                               ∙

                                              ▄▀▄
                                               ▓
                                               ░










                ░






                   ░

                    ■

                                ░
                         ░
                          ■    ■
                            ▓

                          ░    ▀
                         ■       ░
                       ▓

                    ▀
                  ░                  ░
                 ▀             ░░░
           ▀ ▄▄▄    ▄▄▄  ▄▄▄   ▒▒▒  ▄▄▄▄▄▄▄    ▄▄▄▄▄▄▄   ██▄▄▄▄▄▄▄▄
             ▄███   ███  ███   ▒▒▒  ███  ▀▓▓   ███  ▀▓▓   ███   ███
              ███   ███  ███   ▓▓▓  ███   ███  ███   ███  ███   ███
           ▀  ███   ███  ███   ▓▓▓  ███   ███  ███   ███  ███   ███
              ███   ███  ███   ███  ███   ███  ███   ███  ███   ███
         ▀    ███   ███  ███   ███  ███   ███  ▓██        ███   ███
              ███   ███  ███▌  ███  ███   ███  ███    ▄▄▀ ███ ▄▀▀
        ▄     ███   ███  ████  ███  ███   ███  ███▄ ▀███  ███▐▌
       ▀░▀   ▀███▀  ███▀ ███ ▀▄███ ▀███▀  █▓▓ ▄███   ███ ▀███ ▀▄▄
              ███   ███  ███  ▐███  ███   █ ▀▀ ███        ███   ███
         █    ███   ███  ███   ███  ███   ██▓  ███        ███   ███
              ███   ███  ███   ███  ▀▀█▄  ███  ▀▀█▄  ███  ███   ███
           ▀  ▐██   ██▌  ███   ███  ▄▄  ▀▄███  ▄▄  ▀▄███  ███   ███
             ▀ ▀█▄ ▄██▄▄ ███   ███ ▐▌ ▀  ▐██  ▐▌ ▀  ▐██   ███   ███
            ▄   ▄ ██▀   ▀███   ▀▄█  ▀█▄▄▄█▀▄▄▄▄██▄▄▄▀█▄▄▄▄███▄  ███
     ▄  ▄▄█▀      ▐█     ███ ▄ ███   ███  ███  ▀▓▓   ███   ███  ▄█▀▀▀█▄
      ▀▀███         ▀   ▐████  ███   ███  ███   ███  ███   ███ ▐▌ ▄  ▐██
        ███         ▀▄▄▀▀███▌  ███   ███  ███   ███  ███   ███  ▀▀  ▄▀███
        ███        ███▌  ███   ███   ███  ███   ███  ███   ███  ▄▄█▀  ███
        ███    ▄   ███  ▄███   ███ ▄▀▀  ▀ ███        ███ ▄▀▀  ▀ ███   ███
        ███▄▄▀▀        ▄▄███   ███▐▌      ███    ▄▄▀ ███▐▌      ███
     ▀▄▄███    ▄▄▀ ▄██▀  ███▄  ███ ▀▄▄  ▄ ███▄ ▀███  ███ ▀▄▄  ▄ ███
        ███  ▀███  ███   ███   ███   █▀▀ ▄███   ███  ███   ███  ███    ▄▄▀
        ███   ███  ███   ███   ▀██   █▓▀▀ ███        ███   ███  ███▄ ▀███
        ███   ███  ███   ███   ███   █▓▓  ███   ███  ███   ███ ▄▀▀    ███
        ███   ███  ███   ███   ███▄  ███  ▀▀█▄  ███  ▓▓▓   ███        ███
        ███   ███  ███   ███   ███ ▀ ███  ▄▄  ▀▄███  ▓▓▓   ███        ███
        ███  ▄█▀▀  ███  ▄██▀   ███   ███ ▐▌ ▀  ▐██   ▒▒▒        ███   ███
        ███▄▀  ▄▄  ███▀▀    ▄▄░ ▀▀▀▀ ███▄ ▀█▄▄▄█▀    ▒▒▒        ███  ▄█▀▀
         ██▌  ▀ ▐▌    ░  ▀▀          ███  ▀          ░░░        ███▄▀  ▄▄
          ▀█▄▄▄█▀    ▀▓▀             ▀▀█▄  ░░░                   ██▌  ▀ ▐▌
                  ░▄               ▓▓▄▄  ▀▄▓▓▓                    ▀█▄▄▄█▀
                                  ▒▒█▌ ▀  ▐██
                ░▀                ▒▒ ▀█▄▄▄█▀
                                                RELEASE.DATE: 29.07.2024
        Tili-tili-bom              ▄▄           BD.DATE.....: 18.07.2024
        Zakroy glaza skoreye       ▒▒           CiNE.DATE...: 19.10.2000
        Kto-to khodit za oknom
        I stuchitsya v dveri         ░░         SOURCE......: BD
                             ▀ ▄       ░░
                                    ■     ▄     RUNTiME.: 1H 29MiN 44SEC
                                           ░    GENRE...: DRAMA
                                          ▀




         Oi.Warning.1999.1080P.BLURAY.H264-UNDERTAKERS


         The film (the third of the Reding brothers) is
         about a German teenager following his identity
         crisis. The boy, transformed by the usual
         down-trodden socio-economic conditions of contemporary
         Europe, becomes a skin head, following the first one's
         lead. On the other side he befriends with a leftist
         (a punk) who is gay. This causes more and more
         conflicts which eventually leads to an atrocious end
         for the punk. The film offers scenes of homophobic
         violence by skinheads, and the whole relationship
         between the skinhead and gay movements (in Germany
         gay skinheads represent a substantial subculture).

         6.1/10 from 798 users
         https://www.imdb.com/title/tt0183076/


         AUDiO.......: GERMAN      [DTS-HD MA // 5.1 // 2.076 kbps]
                       GERMAN      [DTS-HD MA // 2.0 // 1.673 kbps]

         ViDEO.......: UNTOUCHED   [23.976FPS // AVC // 36.158 kbps]

         SUBS........: GERMAN, ENGLiSH

         NOTES.......: No news from hell.

                                                           ▄

                                                         ▀
               ▄ ▄▄▄▄▄                                                  ▄▄▄▄▄ ▄
        ▄  ▀▀        ▀▀▀▄▄                              ▐▌          ▄▄▀▀▀
   ▀                      ▀█▄                            ░       ▄█▀
                           ▐▓                             ▀     ▓▓        ▄
                            ░░                              ▄   ▓▓     ░░
                           ░░                                 ░  ▓▓  ░░
                          ░░    ▄▄▀▄▓▀▄▀▄ ▄                    ▄  ▒▒░░
                        ░░  ▄ █▀▄▀█▀▄▀▄▀▄▀▄ █▄                 ░▓  ░░
                      ░░  ▄▀▄▀▄▀▄▀▀█▄▀▄▀▄▀▄▀▄▀██▄               ▓   ▀
                    ░░   ▓ ▀ ▀▄  ▀   ▀▄▀ ▀▄█▄▀█▄█▀█▄           ▄     ■
                  ■     ▀▄░░ █▄████▄▄▄▄▄    ▀▀▄▀█ ▀█▄▄                ▒▒
               ░░      ░░▄▓▓████▓▓███████▓▓▄▄▀ ▀██ ▄▀▄▀    ▄
             ░░       ▄▓▓█████▒▒▀██████▀ ▀█████  █▄▄▀▄▀▄▀              ░░
            ░░       ▄█▄▀▀▀ ▀▀ ▄█▄ ▀▀▀░░      ▀█▄ █ ▀█▀▄▀▄
            ░░      ▄▀▀      ░▒▓█▓▓░░           █  █▄█▀█▀██▄           ∙
                          ■   ▀  ▀▀█▌  ■        ▄  █ █▀█▄▀██▄         ■
              ░░   ▄       ▄░░    ░░█▄         ▄██ █▄ ███▄███        ■  ░░
               ░░  ▀█▄▀▄▄▄▓▓▌      ▓▓▀█▄▄▄▀  ▄▓▓▄▄  ▀▄ ██ ████     ░░
                    ▓▓▀▀ ░██        ▓▄█▀▀ ░░    ▀▀█   ▀▀██ ████    ▀     ░░
                   ░░     ▓█▄       ░▀▄           ▓▓     █▄█████ ░░       ░░
                         ▐█▀▓ █▄▄▄▄█▓▄█▄         ▄▄░░     █▄████▒▒
                ░░      ▐█▀█▀▓▀█▄██▓ ▓██▀▄▄▀   ▀▀  ▀      ▄█▄██▓▓▄         ░░
               ▒▒▀ ░░   ▄▄ ▄ ░  ▓  ▄ ▓▀▓▌  ▄█         ▄▄▄█████▓▓██▄        ░░
              ▓▓▄▓▓    █ █ ▓    ░ ▄▀  ▄ █    ▀       █▀▀████ ▓▓█████      ░░
             ▄██▀        ▀        ▀▀ █ ▄            ▀█ ███▓▓▌▐███████
             ▓▓▀                   ▀   ▀         █▄      ▒▒▓▓ ████▀███  ░░    ░
            ░░▀  ▄▄    ▌▀                         █    ░░ ░░  ▐████▀███▒▒
             ▄▄█▀▀  ▐▌ █ ▄                        ▀█ ░░ ▄▀    ▓▓███▄██▓▓     ░░
   ▀ ▄   ▄▄▀▀     █  █ ▀█ ▄                        ░░▄▒▒   ▄▄▓▓█████ ▓▓██▄  ░░
       ▀▀█▄       ▄█ █▀ ██▄                      ░░▀ ░░  ▄█▓▓████████ ▓████▒▒
         ▄ ▀▀▄▄   ▀█  █▄ █▌▐                    ░░  ░░   ▀▓▓█████████▄▀███▓▓▄
        █▀        █▀█ █  ██ █                   ░░   ░░   ▄▀▀█████████ ██▓▓██▄
       █          █▄█ ▀█▄ ███▌ ▄                 ░░    ░░  ▀▄    ▀▀▀██▌▐██████▓
      █  █        █▀██ █▄ ▀███ █▌■                 ░░        █    █    ▐▓▓█████
     ▐▌ █▀       ██ ██▄ █▀ ███▄▐█ ▄           ░░      ░░   ░░ █   ▀▄   █▓▓█████
       █▀        ██ ███ ▀█▀ ███ ██ ▄    ▄▄ ▄▓▓          ░░              ▓▓█████
     ▄▀▄▀       ▄██ ████ █ ▀ █████▀     █                                ▓▓████
    ▀▀ █       ▄ ██ ████▄ █▀▄ ███▌ ▀    █                 ░░             █▓▓███
      █▀       ▄ ██ ██████ ▓██ ██ ▀    ░░  Tili-tili-bom             ▀    ▀▓▓██
     ▄█        ▄ ██  █████▄ ▀▄  ▄▀   ░░ ▄  Krichit nochnaya ptitsa   █      ▒▒▀
    ▄█          ▄ ▀  █████ ▄▀ ▄■  ▀▄░░     On uzhe probralsya v dom  █       ░░
   ▄█             ▄  ▀███▀▀▄▀▄▄ ▄▓▓ ▄  ▀   K tem, komu ne spitsya    █
   ▀ ▄          ▄   ▄  ▀▀■■ ▄▄ ▄▓▓█▄ ▄  █            ▄               █      ░░
    █▀▄         ▀    ▄▀ ▀▄ ▄▄ ▄█████ ▄  █           ▀▄▀              █▄▄▄█▄
  ▄█▀ █▄      ▄  ▄▄▄ ■▀▄▐▌▐▌▄ ▓▓████▀  ▄▓▄▄        ▀   ▄         ░░░▒▒▓▓██▓▓▄██
 ▄█    ▀ ■   ▄ ▄▀ █ ▀▄■ █ ▐▌ ▄███▀▀▄▄████████▄▄       ▀▓▀  ▄  ░░  █  ▄▀██▀█████
            █▌ █ ▄   █  █ █  ▀▀▀ ▄██████▓████████▀▄▀▀▄    ▀▄░░ ▀▄▐▓▓  ▄▀▄██████
    ▀█▄    ██▌  █▄▄▄▀▄▀ █ █   ▄████████████████████▄▀▄▀ ▄▀▄░░▄▀▄ ▀ ░░ ▄▀▄▀█████
  ██▄▄▀▀▄▄███ ▄  ▄▀▄█▄  █▌ ▀ ██▓████████████████▄▀▀███▄▄ ▀ ▄░░ ▀▀   ▄  ▀▄█▀████
  ▀▀▀▄▄███████▌ ▀▄▀██ ▀ ▓▌  ▐▓▓████████████████▓▓▌ ▐████▄▄    ■      ▄ ▀ ▄▀▀▀▄▄
 ▄▄███████████    ▄█▀  ▐▓█  ▓▓██████████▀███████▀▄▄▓▓██████▄   ▒▒  ▀█▄▄▄
 █████████████    ██   ▐▌█  ▓▓████████▀████████▄█████████████▄▄   ▄  ▀████▄
 █████████▓▀██▄  ▄█▀   ▐▌ █ ▐▓███████ ██▓██▀ ███████████████████▄▄  ▀█▄██████▄
 ████▓▓████░ ▀█▄ ██    ▐▌ █  ▓▓█████ ▐██▓▀ ▄███▀ █████▀█▀███████████▄▄ ▀███▀ ▀
 █████▒▒███▌    ▄█▀    █  ▀█  ▓▓███▌ ███░  █▀   █████ ▐█▄██████████████▄
  ▀██▌ ░░███▄   ▀▀     █   █▄  ▓▓▀█  ▀█▌  ▀   ▄████▀  ██████████████████▌
    █     ███▄         █    █     █     ▄    ▄▄▀▀▀  ▄ ▐█▀█████████████ ▀█
           ▀▀██ ▀▄     ▐▌   ▀█          ░ ▄ ▀       ▄ ▀ ██████████▀▄██▄▀
               ▀ ▀▄ ▄  ▐▌    █  ▄  ▀   ▄    ▄ ▄ ▀▄▀▄  █  ▀▄▄▀████▌ █▀▀▄
                   ▀ ■ ▐▌     █         ░     ▄▀▄ ▀▄▀▄ ▄▀▄▀▄▄▀███ ▀ ▄▀
                        █    ▄ ▓        ▒ ▄    ▄ ▀▄ ▀ ▄ ▀ ▄▀ ▄ █▌ ▀
                        ▐▌      ░  ▄   ▄▀ ▄ ▀▄   ▄  ▄ ▀ ▄  ▄   ▄▀ ▄ ▀▄      ▄
                     ▀ ▀ ▓   ▀ ▀▄▀▄ ▀▄▀▄ ▀▄▀ ▄▀▄▀ ▄▀▄▀ ▀▄▀▄ ▀▄▀▄ ▀█▀ ▄▀▄▀ ▄▀▄▀
                          ▄    ■ ▀▄▀▄ ▀▄▀▄ ▄▀▄▀ ▄▀▄▀ ▄▀▄ ▀▄▀▄ ▀▄▀▄ ▄▀▄▀ ▄▀▄▀
                            ▄   ▄▀   ▀▄ ░   ▀  ▀   ▀▄ ▀ ▄▀   ▀  ▀   ▀  ▀   ▀▄
         ▄▄▄▄▄▄▄▄▄▄▄▄▄▄▄▄▄▄▄▄▄▄▄▄▄▄▄▄▄▄█▓▀ ▀▄▀▄ ▀▄▀▄  █  ▄▀▄▀ ▄▀▄▀ ▀▄▀▄ ▀▄▀▄
         █                              █▄▄▄ ▀▄▀▄ ▀▄▀▄ ▄▀▄▀ ▄▀▄▀ ▄▀▄ ▀▄▀▄ ▀▄▀▄
         █                              █ ▀ ▄▀   ▀  ▀   ▀▄▄▀▄ ▄▀▄ ▀ ▄▀   ▀  ▀
         █   Tili-tili-bom              █▀   ▀     ▀▄▄▄▀▀     ▄▄▄▀▀  ▄
         █   Vse skroyet noch' nemaya   █▀     ▀ ▄█▀ ▀▄    ▄▀▀   ▀▀▄▄    ▀
         █   Za toboy kradetsya on      ▄▀ ▄  ▄  ▀▌       ▄           ▄
         █   I vot-vot poymayet         ▄ ▀▄▀▄ ▀░░ ░       ■            ░
         █                              ░▀▄ ▀▄▀▄ ░░ ▓
             On idet                    ▓▀ ▄▀     ░░ █
             On uzhe                    ▓█  ▄▀▄▀    ░░
             Blizko                     ▄ ▄▀▄▀ ▄      ▀░
                                      ▄█ ▀ ▀  ▀     ░▄  ░░
                                        ░▀                 ■
                                                ░▀           ░░
                                        ▀   ▄░   ∙             ░░
                                                    ■           ░░
                                       ░▀              ■        ░░

                                                        ▄     ░░
                                   ░░   ∙                    ░░
                                                       ■
                                    ▀▀              ▄▄   ░░
                                       ▄▄       ▄▄
                                              ▀▀     ░░
                                        ∙
                                                 ▓▓
                                        ▀
                                       ▀ ▀    ░░
                                       ▄▀▄  ░░
                                        ▀  ░░
                                        █  ░░

                                             ░░
