п»ҝ                  вҲҡ  в–’в–ҲВ§в–’w\в–’в–’в–җв–’П„ В·     В·  В· В·       В· вҲҷВ·                        
                  О“ в–җв–Ҳв–Ҳв–’в–җв–’в–‘в–“в–Ңв–Ҳв–’f    В·                  вҲҷ                        
                 вүҘВ·в–’в–Ҳв–Ҳв–ҲГ–в–Ҳв–’в–җв–Ҳв–“в–Ҳв–Ҳв–әВ·       В·              В·вҲҹ                       
                в–‘  в–Ҳв–Ҳв–Ҳв–Ҳв–җв–Ҳв–’в–’в–’в–Ҳв–Ҳв–Ҳ      В·    В·      В·      вҶ‘                       
                ' в–’в–’в–Ҳв–ҲГҘв–җв–җвҷҘв–Ҳв–Ҳв–Ҳв–Ҳв–’                         В·                       
 В·             в–җ В»в–’в–Ҳв–Ҳв–Ҳв–’в–‘в–’вҲҡв–Ҳв–Ңв–Ҳв–‘в–Ң          В·        В·      вүӨ                      
               JВ·в–җв–Ҳв–Ҳв–Ҳв–‘О©в–“в–Ңв–‘в–Ҳв–‘в–Ҳв–ҲвҢҗ     В·          В· В·     В· ]                      
               в–Ңв–‘в–Ҳв–Ҳв–’в–Ҳв–Ҳв–’в–ҲГҘв–җв–Ҳв–’в–Ҳв–Ҳ      В·      В·     В·                              
               В·вҷ в–Ҳв–Ҳв–Ҳв–Ҳв–Ҳв–’в–’в–’в–Ҳв–’в–җв–Ҳв–Ң       В·           В·       В·                      
               В·в–’в–Ҳв–Ҳв–Ҳв–Ҳв–Ҳв–җв–’в–’в–Ҳв–’в–’в–ҲГҮ     В·                В·   В·                       
               В·в–’в–Ҳв–Ҳв–Ҳв–Ҳв–‘в–“в–’в–әв–Ҳв–Ҳв–Ҳв–Ҳв–Ң                     В·                            
              В· в–җв–Ҳв–Ҳв–Ҳв–’в• в–Ҳв–’в–“в–’в–Ҳв–Ҳв–Ҳв–‘      В·                     вҢҗ                     
                в–’в–Ҳв–Ҳв–Ҳв–’в–’в–’в–“вҲҡв–‘в–Ңв–Ҳв–’в–‘ В·   В·          В· В· В·В·В·В·   в–җвҢҗ                     
               В·вҢҗв–Ҳв–Ҳв–Ҳв–ҲГҮв–Ҳв–’в–‘в• в–Ңв–Ҳв–ҲW  В·           В·В·В· В·        в–җвҲҹ                     
               вҲһв•җв–Ҳв–Ҳв–Ҳв–’Г‘в–’ГҮвҲһв•Јв–Ңв–Ҳв–’в–’в–Ң                          В·                      
                В·в–Ҳв–Ҳв–Ҳв–Ҳв–’в–‘в–‘ГӨв•«в–Ҳв–Ҳв–Ҳв–Ҳв–Ң      В·                  'в•—вҢҗВў                    
                 в–җв–Ҳв–Ҳв–Ҳв–Ҳв–Ҳв–Ңв–’в–’в–Ҳв–Ҳв–Ҳв–Ҳв–Ҳ            В·  В·          в–Ҳв–ҢвҲҡГ§В·                  
              в–җв–Ң в–’в–Ҳв–Ҳв–Ҳв–Ҳв–Ҳв–“Ж’в–Ҳв–Ҳв–Ҳв–Ҳв–Ҳв–Ҳв–Ң       В·                в–Ҳв–Ҳв–‘в–җв•«                   
              в–җв–Ҳ  В·вҲҡв–’в–Ҳв–Ҳв–ҲвҷҘв–Ҳв–Ҳв–Ҳв–Ҳв–Ҳв–ҲО“            В· _,~В·     в–җв–’О“ в–“вҲҷ                   
              в–җв–ҲГ§  вҲҷв–Ҳв–Ҳв–Ҳв–ҲОЈв–Ҳв–Ҳв–Ҳв–Ҳв–Ҳв–’   в–җВ·        в–„в–ҲВҘв–‘_в–„вҢҗ    в–җв–Ң  ВЎвҢЎ                   
               в–җв–ҢВ· в–„в—ҳв–Ҳв–Ҳв–Ҳв–Ҳrв–Ҳв–Ҳв–Ҳв–Ҳ1   |      в–„в–Ҳв–Ҳв–Ҳв–ҲвҷҘв–ҖГ‘О“     в–җв–Ң p                     
                в–ҲГ§ в–җв–Ҳв–Җв–Җв–Ҳв–Ҳв–Ҳв–Ҳв–Ҳв–Ҳв–Ҳm     В· в–„в–„в–Ҳвҳ»в–Ҳв–Ҳв–Җ В·В°      в–җв–Ҳ_вҷҘ ВЎ                    
                в–җв–Ҳ В·в–Ҳв–„ В·в–җв–Ҳв–Ҳв–Җв–Җв–Ҳв–Ҳв–„ В·в•ҳвҲҹв–јв–Ҳв–Җ       '       В·в–„в–Җ вҲҷ                     
                 в–Ҳв–Ңв–җв–Ҳв–Ҳв–Ҳв–“в–ҲвҷҘв–Ҳ'в–’в–Ҳв–“в–Ҳв–ҢВ·    ,В·        В·     вҷҖ  /                      
                  в–Ҳв–җв–Ҳв–Ҳв–Ҳв–Ҳв–Ҳв–Ҳв–Ҳв–Ҳв–Җв–Җв–җв–Ҳв–Ң     ^в–ҖвҷҘ        В·      вҢҗ                       
                   Г§в–Җв–Ҳв–Ҳв–Ҳв–Ҳв–Ҳв–Ң  В·в–Ҳв–Ҳв–Ң   В·    В·         В· в– в–ә                         
                   `  в–Ҳв–Ҳв–Ҳв–Ҳв–Ҳ  в”Ңв–Ҳв–Ҳв–Ң    В·   В·                                      
                      в–җв–Ҳв–Ҳв–Ҳв–Ҳв–’в–„в–Ҳв–Ҳв–Ҳв–Ң    В·     В·  В·    В·в–Ҳ                           
                    Вұ в–җв–Ҳв–Ҳв–Ҳв–Ҳв–Ҳв–Ҳв–Ҳв–Ҳв–Ҳв–Ң    В·  В·          в•’в–Ҳ                           
                       в–Ҳв–Ҳв–Ҳв–Ҳв–Ҳв–Ҳв–Ҳв–Ҳв–Ҳв–Ң      В·В·          'в–Ң В·                         
                    В·В· в–җв–Ҳв–Ҳв–Ҳв–Ҳв–Ҳв–Ҳв–Ҳв–Ҳв–Ң         В· В·    В·в–‘ в–ҢВ·  В·                       
                    В·в”Ң  в–Ҳв–Ҳв–“в–Ҳв–Ҳв–Ҳв–Ҳв–Ҳв–Ҳв–„               #  '     в”Җ                     
                    /  ,в–җв–Ҳв–Ҳв–Ҳв–Ҳв–Ҳв–Ҳв–Ҳв–Ҳв–’       В·      1  В·        в–‘                   
                  в•’в–Җ  В¬в–’,в–җв–Ҳв–Ҳв–Ҳв–Ҳв–Ҳв–Ҳв–Ҳв–Ҳв–„в–¬В·в”Җ         Ж’   в–җв–ҢВ·      В·^в”җ                 
                 в”Ң' В·в–‘в–“в–Ҳв—ҳв–„в–Җв–Ҳв–Ҳв–Ҳв–Ҳв–Ҳв–Ҳв–Ҳ            в”Ң В·  в–җв–’^   В·     вҒҝ                
                в”ҢВ·,в–„в–’в–Ҳв—ҳв–Ҳв–Ҳв–Ҳв–Ҳв–Ҳв–Ҳв–Ҳв–Ҳв–Ҳв–Ҳв–Ҳв–Ҳw1      В·_в–’В·    в–җв–Ҳв–Ҳв–Ңв–’вҢҗ в–җ_    в–Җ6              
               p  в–’в–Ҳв–“в–Ҳв–Ҳв–Ҳв–Ҳв–Ҳв—ҳв–Ҳв–Ҳв–Ҳв–Ҳв–Ҳв–Ҳв–Ҳв–Ҳ        в–„в–’  В·  В·в–җв–Ҳв–Ҳв–Ҳв–Ҳв–„ГҰ/в–Ҳв–Ң     в••      В·В· вҲҹ   
 В·В·В·      -   в•’? в–’в–’в–’в–Ҳв–Ҳв–Ҳв–Ҳв–Ҳв–Ҳв–Ңв–Ҳв–Ҳв–Ҳв–Ҳв–Ҳв–Ҳв–Ҳв–“       в–Ҳв–Ҳ      В·в–җв–Ҳв–Ҳв–Ҳв–Ҳв–Ҳв–Ҳв–’в–ҲвӮ§в–„     ГЁ   /  _     
 В·в–„в–’в–Ҳв–Ҳв–ҲвҲһв–‘Lв–‘в•• ГҰВ· Ж’в–“в–’в–Ҳв–Ҳв–Ҳв–Ҳв–Ҳв–Ҳв–Ҳв–Ҳв–Ҳв–Ҳв–Ҳв–Ҳв–Ҳв–Ҳв–Ҳв–’  В·  в–„в–ҲГҘ    В·  В· в–Ҳв–Ҳв–Ҳв–Ҳв–Ҳв–Ҳв–Ҳв–Ҳв–Ҳв–Ҳв–Ң В·  В¬ _ в—„в–Ҳв–Ҳв–Ҳв–ҲВ·   
 в–„в–Ҳв–Ҳв–Ҳв–Ҳв–Ҳв–Ҳв–ҲГІв–Җ ,В· в–’в–Ҳв–Ҳв–Ҳв–Ҳв–Ҳв–Ҳв–Ҳв–Ҳв–Ҳв–Ҳв–Ҳв–җв–Ҳв–Ҳв–Ҳв–Ҳв–Ҳв–Ҳв–ҲВ· _в–„в–Ҳв–Ҳв–ҲВ·         в–Ҳв–Ҳв–Ҳв–Ҳв–Ҳв–Ҳв–Ҳв–Ҳв–Ҳв–Ҳв–Ҳ,    В· вҳ»в–’в–Ҳв–Ҳв–Ҳв–Ҳв–Ң   
в–„в–Ҳв–Ҳв–Ҳв–Ҳв–Ҳв–“Ж’^ в•’вҷ«  вҷ в–ҲвҷҘв–Ҳв–Ҳв–Ҳв–Ҳв–Ҳв–Ҳв–Ҳв–Ҳв–Ҳв–Ҳв–җв–Ҳв–Ҳв–Ҳв–Ҳв–Ҳв–Ҳв–Ҳв–Ҳв–Ҳв–Ҳв–Җв–Җв–Ҳв–Ң  В· jВ·  В· в–җв–Ҳв–Ҳв–Ҳв–Ҳв–Ҳв–Ҳв–Ҳв–Ҳв–Ҳв–Ҳв–Ң   В·  В·в–Ҳв–Ҳв–Ҳв–Ҳв–Ҳв–Ҳ   
в–Ҳв–Ҳв–Ҳв–Ҳв–Ҳв–Ҳв–ҲВ·в•Јв–Ҳв–Ҳ^в”ҳвҲҡв–Ҳв–Ҳв–Ҳв–Ҳв–Ҳв–Ҳв–Ҳв–Ҳв–Ҳв–Ҳв–Ҳв–Ҳв–Ҳв–җв–Ҳв–Ҳв–Ҳв–Ҳв–Ҳв–Ҳв–Ҳв–Ҳв–Ҳв–Җ В·в–Ҳв–Ң  В·в–җв–Ң      В¶в–Ҳв–Ҳв–’в–Ҳв–Ҳв–Ҳв–Ҳв–Ҳв–Ҳв–Ҳ     , в–җв–’в–Җв–Ҳв–Ҳв–Ң   
в–Ҳв–Ҳв–Ҳв–Ҳв–Ҳв–Ҳ\в–Ҳв–Ҳв–Ҳв–ҢВ«Ж’в•¬в–’в–Ҳв–Ҳв–Ҳв–Ҳв–Ҳв–Ҳв–Ҳв–Ҳв–Ҳв–Җ вҷӮв–җв–Ҳв–Ҳв–Ҳв–Ҳв–Ҳв–Ҳв–Ҳв–ҲвүҘ  в–җв–Ҳ    в–ҲВ·        в–Җв–Ҳв–Ҳв–’в–Ҳв–Ҳв–Ҳв–Ҳв–ҲвҢҗ  В·В·в–җГ§ в–ҲГ§в–җв–ҲО“   
в–Ҳв–Ҳв–Ҳв–Ҳв–Ҳв–’в–’в–Ҳв–Ҳв–Ҳв–‘в•Јв–Ҳв–’в–Ҳв–Ҳв–Ҳв–Ҳв–Ҳв–Ҳв–Ҳв–Ҳв–Ҳ~ 'в–Ҳв–Ҳв–Ҳв–Ҳв–Ҳв–Ҳв–Ҳв–Ҳв–Ҳв–Ң   в–җв–ә   в–’в–Ҳ          в–җв–ҲвӮ§в–’в–“в–Ҳв–Ҳв–Ҳв–Ң  в–җв–Ң в”” в–җв–Ҳвҳәв–Ҳ    
в–җв–Ҳв–Ҳв–Ҳв–Ҳв–Ҳв–Ҳв–Ҳв–Ҳв–Ҳв–Ҳв–’в–’в–’в–Ҳв–Ҳв–Ҳв–Ҳв–Ҳв–Ҳв–Ҳв–Ҳв–’в”Ӯв–„в–Ҳв–Ҳв–Ҳв–Ҳв–Ҳв–Ҳв–Ҳв–Ҳв–Ҳв–Ҳв–Ң   Ж’    в–Ҳв–Ң          в–җв–“в–‘в–Ҳв–Ҳв–Ҳв–Ҳв–Ҳв–Ҳ   в–Ҳ  в”” в–ҲГұвҢҗ    
в–Җ^В·В°в–Ҳв–Ҳв–Ҳв–Ҳв–Ҳв–“в–Ҳв–Ҳв–Ҳв–Ҳв–Ҳв–Ҳв–Ҳв–Ҳв–Ҳв–Ҳв–Ҳв–Ҳв–Ҳв–Ҳв–Ҳв–Ҳв–Ҳв–Ҳв–Ҳв–Ҳв–Ҳв–Ҳв–Ҳв–Ҳв–Ҳв–Ҳ        в–Ҳ          в–Җ в–җв–Ҳв–Ҳв–Ҳв–Ҳв–Ҳв–‘в–Ҳ  В·в–җв–’В· в”ңв–җв–Ң    Оұ
В·  в–„в–Ҳв–Ҳв–Ҳв–Ҳв–Ҳв–Ҳв–Ҳв–Ҳв–Ҳв–Ҳв–Ҳв–Ҳв–Ҳв–Ҳв–Ҳв–Ҳв–ҲГҘв–Ҳв–Ҳв–Ҳв–Ҳв–Ҳв–Ҳв–Ҳв–Ҳв–Ҳв–Ҳв–Ҳв–Ҳв–Ҳв–ҲвҢҗ     В·в–җв–Ҳt     _вҲҹ"    в–’в–Ҳв–Ҳв–’в–Ҳв–’в–Ҳв–Ң В· в–’в–ә в–җв–’О“ в•’в–’в–җP
в–„в–’в–Ҳв–Ҳв–Ҳв–Ҳв–Ҳв–Ҳв–Ҳв–Ҳв–Ҳв–Ҳв–Ҳв–Ҳв–Ҳв–Ҳв–Ҳв–Ҳв–Ҳв–Ҳв–Ҳв–Ҳв–Ҳв–’в–Ҳв–Ҳв–Ҳв–Ҳв–Ҳв–Ҳв–Ҳв–Ҳв–Ҳв–Ҳв–Ҳв–Ҳв–Ң       в–Ҳв–‘   w~     _в–¬ПҶв–Ҳв–Ҳв–Ҳв–Ҳв–Ҳв–Ҳв–Ң   В¶ГҜв–‘в–җв–Ҳв–„в–„в–Ҳв–Ҳв–Ң 
в–Ҳв–Ҳв–Ҳв–Ҳв–Ҳв–Ҳв—ҳв–Ҳв–Ҳв–Ҳв–Ҳв–Ҳв–Ҳв–Ҳв–Ҳв–’в–’в–Ҳв–Ҳв–Ҳв–Ҳв–Ҳв–’в–’в–Ҳв–Ҳв–Ҳв–Ҳв–Ҳв–Ҳв–Ҳв–Ҳв–Ҳв–Ҳв–Ҳв–ҲвҒҝ В· __в–„в–„в–Ҳв–ҲПҶв–Җ  В·   вҖў"`в”ҢвҲҡв–’в–Ҳв–Ҳв–Ҳв–Ҳв–Ҳв–Ң  В·в–җв–Ҳв–Ҳв–Ҳв–Ҳв–Ҳв–Ҳв–Ҳв–’в–Җв–Җ
в–Ҳв–Ҳв–Ҳв–Ңdв–Ҳв–Ҳв–Ҳв–Ҳв–Ҳв–Ҳв–Ҳв–Ҳв–Ҳв–Ҳв–Ҳ&в–Ҳв–’в–’в–Ҳв–“в–“в–’в–“в–Ҳв–’в–Ҳв–Ҳв–Ҳв–Ҳв–Ҳв–Ҳв–Ҳв–ҲО“  в–„в–Ҳв–Ҳв–Ҳв–Ҳв–Җ^      вҢҗ _в–¬вҲҷв–Ів–Җ ГҰв–Ҳв–Ҳв–Ҳв–Ҳв–Ҳв–Ҳ  В·В·в–җв–Ҳв–Ҳв–Ҳв–Ҳв–Ҳв–Ҳв–“, 
в–Җ~d Wв–Ҳв–Ҳв–Ҳв–Ҳв–Ҳв–Ҳв–Ҳв–Ҳв–Ҳв–Ҳв–Ҳв–Ҳв–“в–Ҳв–’в–’в•«в–“в–Ҳв–Ҳв–Ҳв–Ҳв–Ҳв–Ҳв–Ҳв–’в–“в–Җв–Ҳв–Ҳ&в–¬gв–Җв–Җ~             В·` вҢҗ~вүҘв–җв–Ҳв–Ҳв–Ҳв–Ҳв–ҲГ§ В·  в–Ҳв–Ҳв–Ҳв–Ҳв–Ҳв–Ҳв–Ҳв–Ҳвҳ»
П„в–’в–’в–Ҳв–Ҳв–Ҳв–Ҳв–Ҳв–Ҳв–Ҳв–Ҳв–Ҳв–Ҳв–Ҳв–Ҳв–Ҳв—ҳв–Җв–Ҳв–“в–Ҳв–Ҳв–Ҳв–Ҳв–’в–Ҳв–’в–Ҳв–Ҳв–“в–’ вҲҷ -в”җВ·в—„  _в–„вҷҰ             ,В·в•җВ· в–җв–Ҳв–Ҳв–Ҳв–Ҳв–Ң  В°в–„ в–Җв–Җв–Җв–Җв–Җв–Җ  
в–Ҳв–Ҳв–Ҳв–Ҳв–Ҳв–Ҳв–Ҳв–Ҳв–Ҳв–Ҳв–Ҳв–Ҳв–Ҳв–Ҳв–Ҳв–Ҳв–Ҳв–Ҳв–„в–Ҳв–Ҳв–Ҳв–Ҳв–Ҳв–Ҳв–Ҳв–Ҳв–’`  в”” вҲҡ в–ҲвҢҗ_вҷҘв–Җ~             /В·   В·  в–Ҳв–Ҳв–Ҳв–Ҳв–Ҳв–Ң  в•ҳГ…в–‘в–„в–„в–„вҷҘвҶҗ в–¬
в–Ҳв–Ҳв–Ҳв–Ҳв–Ҳв–Ҳв–Ҳв–Ҳв–Ҳв–Ҳв–Ҳв–Ҳв–Ҳв–Ҳв–Ҳв–Ҳв–Ҳв–Ҳв–Ҳв–Ҳв–Ҳв–Ҳв–Ҳв–Ҳв–Ҳв–ҲP    В·:в”Ӯ в–Ңв–җв–Ңв–Ҳ            вҢҗ          вҲҷв–Ҳв–Ҳв–Ҳв–Ҳв–Ҳв–„   в•ң~ в–„в–„Г§` 



                                                                           
     88888888ba,     ,ad8888ba,   88        88 88        88 88888888ba,    
     88      `"8b   d8"'    `"8b  88        88 88        88 88      `"8b   
     88        `8b d8'        `8b 88        88 88        88 88        `8b  
     88         88 88          88 88        88 88aaaaaaaa88 88         88  
     88         88 88          88 88        88 88""""""""88 88         88  
     88         8P Y8,        ,8P 88        88 88        88 88         8P  
     88      .a8P   Y8a.    .a8P  Y8a.    .a8P 88        88 88      .a8P   
     88888888Y"'     `"Y8888Y"'    `"Y8888Y"'  88        88 88888888Y"'    

      The.Woman.King.2022.COMPLETE.UHD.BLURAY-DOUHD          
                                                         
                                                         
       RELEASE DATE.....: 12-2022                        
       REGiON...........: A-B-C                          
       SiZE.............: 80x1000 MB                     
       ViDEO............: HEVC@71.48MB/s                 
       AUDiO............: Dolby TrueHD/Atmos Audio English     7.1+11
                          Dolby Digital Audio      English     5.1                                                          
                          DTS-HD Master Audio      Portuguese  5.1 
                          DTS-HD Master Audio      Spanish     5.1  
                          Dolby Digital Audio      English     2.0                                                                      
       SUBS.............: English,Portuguese,Spanish              
                                                         
       URL: https://www.imdb.com/title/tt8093700/
