 ■      
•
                                 ≥•α•∟•∟• 
                             2•£♦ • ▓•¢♦█♠
•
                            ¢•▓♦¢♦▄♠ ¢♦█♠█♠▄♠ 
                             █•█♠█♠▓♦ █♠█♠▄•∟• 
                         2•£♦ ¢•█♠█♠¥♦¢•█♠█♠≥♠ì♦
                        █♠█♠≥♠ ←•█♠▼•α•▓•█♠█♠≥♠ì♦
                     2• ≥•ƒ♦▀•  █♠█♠█♠á♦▓•█♠█♠≥♠ì♦
                      α•  ∟•¢♦▄♠ •▀•▀•≥♠ ƒ♦▀•█•2•M•
                     ←•▄♠ ▓♦█♠█♠▓♦ █♠∟•   ←•█♠█♠█♠ 
                     ▓♦α♠2•█♠█♠≥♠¥♦▓•█♠█♠  ∟• █•█♠M•
                      █• █•▀•█♠█♠▓♦ ¢♦█♠α♠¢♦█♠ • █• 
                        α•▓♦ ¢•█♠ƒ♦ █♠█♠▌♠¢•█♠α♠▄♠ α•       ∟•∟•
•
             ∟•▓♦▄♠ •   ▓•¢♦∟•α♠ 2•^•▄•█♠^•█♠≥♠ █♠▄♠     ←•█♠█♠^•ì♦
            ▓•▓♦▓♦█♠▄♠  █♠█♠ ▓♦`•▓♦á♦▓♦α• •█♠≥♠2♦¢♦α♠   █♠█♠█♠α♠¥♦ 
             á♦▓♦▓♦█♠▌♠¢•█♠█♠∟• ▀•▀• ¥♦2•á♦█♠▓♦2♦£♦α• ♦¢•█♠█♠α♠▀♠ 
             ¥•▓•█♠█♠α•¢•█♠█♠█♠█♠█♠∟•  █•¥♦α•∟• █♠≥♠ `♦ █•█♠█♠▓♦
•
             ▌♠¢•█♠▌♠   █♠█♠█♠█♠≥♠█♠█♠▄♠ •  █•¥♦ƒ•∟• ¥♦  α•█•█♠▓♦ì♦
           ←•▄♠█♠█♠█♠   ¢•α•▀•≥•¢♦█♠≥♠█♠█♠▄♠ •α•▄•▓♦^•α♠←• █♠█♠▓♦¥♦ 
          2♦█♠█♠█♠≥♠¥♦ ←•  0♦ ♦ •▀•▓♦█♠≥♠█•█♠█♠ • α•←•█♠█♠█♠█♠≥♠▓♦ì♦
          ¢•█♠█♠█♠▀♠∟•█♠▓♦ r♦á♦▀•    ≥•£♦ ←•█♠≥♠ ▓♦█♠█♠█♠█♠█♠≥♠▓♦ì♦
           █•█♠█♠█♠█♠█♠¢♦▄♠ █•α•£♦▼• ▄♠ █♠█♠█♠¥♦▓•¢♦█♠█♠█♠█♠≥♠▓♦á♦
•
             █•█♠█♠█♠█♠█♠≥♠£♦▼•■•∟•←•▀♠ ¢•█♠≥♠á♦▓♦█♠█♠█♠█•█♠▓♦ƒ♦ 2•█♠∟• 
               █•█♠█•█♠█♠¢♦█♠█♠▄♠∟•∟• ∟•▼•█♠▓♦^•¢♦█♠█♠█♠▄♠▼•▀• ▓♦▀♠ █•█♠
•
                ¢• •←•█♠█♠█♠█♠█♠█♠█♠█♠←•█♠≥♠▓♦ ▀•←•█♠▀•▀•█•ƒ♦ ▓♦█♠▄♠█♠█♠▒♦
♦
           ∟•█♠α♠█•█♠█♠█♠█♠█♠█♠▀•←•█♠█♠█♠≥♠ƒ♦←•▓♦▀♠ 2•▓♦▄♠ •≥•á♦█♠█♠█♠█♠≥♠ 
        2•ƒ♦  █•▄♠ █•█♠█♠▀♠α• ←•█♠█♠█♠█♠▓♦▄•█♠▀•  •▓♦▀♠  █•▄♠ ▓♦█♠█♠█♠█♠▌♠ 
       ▓♦▀♠▄♠←•█♠█♠∟• ▀•▀•α• •▀•█♠█♠█♠≥♠α•▀• ∟•¢♦^•█♠\•▓♦ •█♠ •¢♦█♠▄♠▀•▓♦ 
      ¢•▄♠ ←•█♠█♠█♠█♠█♠▓♦á♦≥•█♠`• •▀•α•∟•█♠█♠≥♠¢♦^•█♠^•≥♠¥♦¢•α♠█•α• █• •═•
       █•█♠█♠▀♠█•█♠█♠█♠█♠▓♦r•█♠α♠≥♠█♠█♠█♠█♠    ¢♦α♠█•▄♠ ≥♠á♦█♠`♦█•∟•ƒ♦ 
         ▀•▄•←•█♠█♠█♠▀♠▀• ∟•█♠█♠^•¢♦█♠█♠█♠α♠   ¢♦█♠∟•∟•←•≥♠ █♠ì♦
           1♦¢♦█♠▀• ∟•←•≥♠▀•α•█♠α♠   ←•█♠█♠    ▓♦ƒ♦▀•▀•▀•▀• █♠á♦ α• 
•
            ▼♦α•∟•█♠▀♠α•   •   ▀•α• ▓•█♠≥•á♦   α•∟•¢♦▀•▀•▓♦←•█♠ ▓♦▼•ƒ♦ 
            ∟• █♠▀♠∟• •←• •█♠▄♠ • •  █• •2•    ←•▀♠ ∟• ■•  █•█♠ ≥♠¥♦  ■• 
        2•▼•▌♠¢•▌♠¢•≥♠á♦α• ¢•█♠^•█♠∟•   ▀•α•  ¢•▌♠¢•≥♠á♦ •  ¢•▌♠¢•═•
         α•∟• •≥•▄♠ ▀• >• ←•█♠α♠ƒ♦  █•▄♠∟•∟•∟• █♠▄♠▀•α•█•α•←•▀♠═•
       ατ█•█♠α• ▀•¢♦∟•∟•▓♦█•█♠ £♦  ←•█♠▀♠▀•    ▀•█♠▄♠ •  ═•
                            █♠á♦ƒ♦█♠▓♦£♦ 2•£♦ α•    ▀•█•≥♠∟•
•
                            █♠á♦^•█♠≥♠▓♦`•▀•              ▀•▀♠▄♠ 
                   ←•▀♠     █♠`•α•█•▓♦ƒ♦  p r e s e n t s   ¥•¢•M•
                  ¢•▌♠     ¢•α♠ ∟•                         ←•▀♠═•
                  ¢•▌♠     █♠α•≥•ƒ♦ ▀•▀•▀•▀•▀•▀•▀•≥•¢♦∟•∟• α•∟•█♠ì♦
             ▀• ↔• █♠▄♠  ←•▀♠                          ▀•±•£♦∟• ▀• 
             ←•█♠á♦ ≥•▓♦▀♠α•                                ≥•█♠▄♠ 
             •█•▌♠                                           ¢•▀♠ 
•
           ≥•£♦ ▀•           The Butterfly Effect 2 (2006)    ▀• 2•ƒ♦ 
        ∟•▄♠ α•                                                  α•←•▄♠ 
       █♠≥♠                                                        █♠▓♦ 
      ¢•█♠á♦          Rls Date  : 27.11.2013                       █♠▓♦M•
      ▼• █♠á♦         Cinema    : -                                █♠á♦▄• 
        █♠á♦          STV Date  : 07.12.2012                       █♠ì♦
        █♠á♦          Dateien   : 38 * 500 MB                      █♠ì♦
        █♠á♦          Video     : 1920x1080 Progressiv (Untouched) █♠ì♦
        █♠á♦          Audio     : DE-DOLBY DIGITAL 5.1             █♠ì♦
        █♠á♦                      EN-DTS HD Master Audio 5.1       █♠ì♦
        █♠á♦                      PRT-Dolby Digital 2.0  Stereo    █♠ì♦
        █♠á♦          Source    : BD25                             █♠ì♦
        █♠á♦          Resolution: 1,78:1 (1080p)                   █♠ì♦
        █♠á♦          Subtitles : Deutsch/Englisch/Daenisch/Fin.   █♠ì♦
                █♠á♦                      Norwegisch/Portugiesisch/Schwed- █♠ì♦
                █♠á♦                      isch/Spanisch                    █♠ì♦
        █♠á♦          Genre     : Horror                           █♠ì♦
        █♠á♦          Length    : 92:23 min                        █♠ì♦
        █♠á♦          Ripper    : Team GVD                         █♠ì♦
     τ █♠á♦ •        Extras    : Audiokommentare John R. Leonetti █♠á♦ >• 
     ▓•←•≥♠▓♦α•                   und Michael Stirling/Kino-Trailer█•█♠≥♠2•M•
 █♠ƒ♦▀•▀•▀•▀•█•▄♠∟•               Am Set v. Butterfly Eff.2 ∟•2•ƒ♦▀•▀•▀•▀•█•≥♠ 
 █♠á♦▓♦α•α•   • ▀•▀•▓♦▄♠∟•∟• •                    ∟•∟•∟•▓♦▀♠▀•α•  •  α•█•α♠█♠ì♦
 █♠á♦α•     ≥•α•            ▀•▀•▀•▀•▀•▀•▀•▀•▀•▀•▀•α•            ≥•α•     α•█♠ì♦
 █♠á♦α•                                                                  α•█♠ì♦
 █♠á♦    Links:   imdb: http://www.imdb.com/title/tt0457297/               █♠ì♦
 █♠á♦             ofdb: http://www.ofdb.de/film/103509,Butterfly-Effect-2  █♠ì♦
 █♠á♦                                                                      █♠ì♦
 █♠á♦    Ratings: imdb: 4.4/10 (23,248 Votes)                              █♠ì♦
 █♠á♦ •           ofdb: 4.74   (0382   Votes)                             •█♠ì♦
 ≥♠á♦≥• •                                                              2•α•█♠ì♦
  ▀•≥•∟• ■• Plot:                                                   ατ∟•¢♦▀• 
       ≥•▄♠                                                         ←•█♠═•
       ¢•█♠  http://www.ofdb.de/film/103509,Butterfly-Effect-2      █♠¥♦ 
        ≥♠á♦                                                        █♠ì♦
        ▓♦á♦                                                        █♠ì♦
       ▓•r♦                                                         █♠ì♦
       ▒♦r♦                     Enjoy...                            █♠á♦
•
      α•q♦`♦                                                        █♠▓♦ 
        0♦`♦                                                        █♠¥♦ 
         0♦                                                         █♠ì♦
           ♦                                                        █♠ì♦
             The.2012.German.COMPLETE.BLURAY.Releasing.Standards.   █♠ì♦
           ♦                 v2.0-RULESET                           █♠ì♦
  •       ¥♦                                                        █♠ì♦
  █• ▀•∟•█♠▄♠ α•     ♦                                              █♠ì♦
   █•  •  •▀•  •   2•                                               █♠ì♦
   ←• ▓♦▄♠ ▀•▄♠ •▀•█•▄♠   We prefer the dark .. enjoy the silence ! █♠á♦▼• 
≥•¢♦`•¢♦█♠█♠∟• ▀•▓♦∟• • α•                                  ∟•∟•∟•∟•█♠▓♦M•
  █• ▓•▀♠α•  ▀•▄• •▀•▓♦▄♠ •                             ∟•▀♠▀•    ▀•≥•▓♦£♦ 
   `•ƒ• ▼•α♠▄• • ¢•▄♠ •█•≥♠ ♦0♦q♦▓♦█♠█♠█♠█♠█♠█♠█♠█♠█♠▓♦ƒ♦    German     ≥•£♦ 
      ↔•á♦▓♦^•▓♦ ¢♦█♠▓♦▀•                             ¥•  Video Dudes    ▓•¥♦ 
  ↔•  ▀•▓♦2• α•←•█♠▀•                                  ▄•               2•ƒ♦ 
▀•α♠▓•£♦∟•∟•2•ƒ♦α•                                              ←• •∟•ƒ♦▀• 
    ▓•█♠█♠▀♠α•                                                   ═•
 ←•r•¢♦▀• 
    ═•
