░░░░░░░░░_▄▄▄▄▄▄▄▄▄▄████████▄▄▄▄▄▄▄▄▄▄████▄▄_░░░░░░█████████████████████████▄▄_
░░▄█████████████████████████████████████████████████▌██████████████▀▀▀▀
░████████████████▒████████▒███████████████████████▀☻ ██████████ ▓█▒
▐███████████▀▀▀▀▀▀██████████████████████████████▌▀    ████████  ▓█▒
▐█████████▀        ▀█████████ ▀██▀▀▐████████████░ ▓░   ██████   ██▒
░███▒████     ▄▄▄▄▄██████████      █████████████░ ▓█░  █████▌   ██▒
▐██████▌     ▄███████████████      ▀████████████░ ▓█▒  █████   ▓██
▐██████     ███████▒███████▀_▄   ▄▄▄████████████░ ██   █████▌  ▓██
▐█████▌    ▐██████████████████  ▐███████████████▀ ██    ████▌  ▓██ ▒▒▒▒
▐█████     ███████████████████ █████████████████ ▓██    ███▌   ▓██▒█████▒
░█████    ▐███████████████████▄████████████████▀ ▓██    ██     ▓████████
░█████    ▐█▒██████████████▒█████████▓███████▀▀  ▓██░  ██    ▓▓█████▒
░█████     ████████████████████████████████▀▀ ▓▓██████▒    ▓▓███████
░█████▌     █████████████████████████████▀▀ ▓██████████   ▓████░███▒
░▐█████▄      ▀██████████████▀██████▀██▀▀ ▓██████████░  ▓████░  ███▒
░▐███▒███          ▄█████▒███  ▀▀   █████▓██████████░ ▓████░    ███
░██████████▄  ▄▄▄▄███████████      ▐███▓▓▓██████████▒▓███░░     ██▒
░██████████████████████████▀       ████▓████████████████░      ▓███
░█████████████████████████▄▄▄       ▐███▓██████████████░      ▓████
░████████████▒████████████████▌  ███▄██▌██████▓ ██████░       ▓███▒
░██████████████▀███████████████ █████████ ▓█▓  ▓█████░       ▓█████▒▐
▐█████████▌███  ███████████████▐█████████▌    ▓██████       ▓███▒█████▐
▐█████████▌ ▀    ██████████████████████████▌ ▓███████       ▓██▒▓███████▐
▐██████████       ▄████████████████████████▀ ▓███████      ▓██▒ ▓ ███████▐
▒███▒██████▌    ▐██████████████████████████ ▓████████     ▓███▒ ▓█████████▐
▒██████████     ▐█████████████████████████▀ ▓████████     ███▒  ▓██▒░█████▐
▐██████▒██ ▄███  █████████████████████████ ▓▓███████▒    ▓███   ▓██▒▌░█████▐
████████████████▄▐████▒██████████████████▀ ▓▓███████▒   ▓███▒   ▓██▒ ▌██████▐
█████████████████▐███████████████████████  █████▒███▒  ▓███▒    ▓██▒  ▌██████▐ 
█████████████████▐███████████████████████ ▓███▒▒▓███▒  ████     ▓██▒   ▌██████ 
▐████████████████▐██████████████████████▌ ▓████ ▓███▒ ▓███▒     ▓██▒    ▌█████▐
 ████████████████▐███████████████████████ ████▒ ▓███▒           ▓██▒     │▌░██▐
 ▐███████████████▐██████████████████████▄ ▓█▒▒  ▓███▒  ███      ▒██▒     ││  ░░
  ███████████▐███▐██▌█████ ████        ██       ▓███  ████      ▒██▒     ││  │ 
  ▐█████████▌████▐███▐███████   Silent ███████▌ ▓██▒  █   █     ▓██      ││  ║ 
   █████████▌████▐███▐██████  Sile     ███████▌ ▓█▒▒ ██  █     ▓██▒      ││  │ 
   ▐███▀█████▐██▌▐▐█▌▐████▀  nt S  ███████████▄ ▓▓▒░ ██       ▓██▒       ││  ║ 
    ████◘▀███ç██▓▐▓█ ████◘█ ilent  █████████████    ▄▌       ▓▓▓ ▒      ▐││▌ │ 
    ▐████▄▄◘▀▀⌂`  'æ▀▀◘▄▄██  Silen  ███████████████████████████
     ████████☼φ    ∞♥███████  t Sil    ██████        ██████████               ░
     ▀█████▀◘▲'     •◘▀██████  ent Sil ████   Sleepi █████████████████████████▓
      ████▌▄▌▄      ▄▐█▐██████    ent  ███  ng S     ████████████████████████▀▐
       █████Γ█▌    _█⌐███████████ Sile  █  leep  ███████████████████████████ ▒░
        ████ ██▄▄_▄██Γ███████████  nt S █ ing S  ████████             █████   ░
         ███▌████████▐████████████ ilen █  leepi  ██████ Forest Fores ████
          ███◘██████▌█████  ██████ t Si ██  ng Sl    ██  t Forest F  ████     ┌
           ███████████████    ███  lent ███  eeping  ██ orest Fo   █████      │
            ██████████████ Si     lent  ████    Slee ██ rest     ██████    ┌──│
             █████████████  Silent Si  ████████ Ping  █ Fore  ████████    ┌┘ ┌┘
              █████████████    lent   █████████  Slee █ st F ████████     ▌  ▌ 
                ██████████████      ████████████ ping █ ores      ██    ▐▓▌ ▐▓▌
                  ██████████████████████  ██████ Slee █ t Forest▀ █▌    ███ ███
                    ████████████████████    ███  ping █ Forest F ██    █ │██ │█
        ¡             ██████████████████ Sl     eepi  █ ores    ▄█▌   █ /│█ /│ 
        ▐_          _   ████████████████  ng Sleepi  ██ t Fo █████▌  █\/ █\/ │\
        ▐█         █▀     ███████████████    ng S   ███ rest █████▌  █/│ █/│ │ 
         █▌       █▌        ████████████████      █████ Fore █████▌  █  /█  /│\
         ▐█      ██·           ████████████████████████ st F █████▌  █\/ █\/ ││
   ╕     ▐█▌    ▐█▌              ██████████████████████ ores █████▌  █/│ █/│ │ 
   ▐▌     ██    █▌·                 ███████████████████ t F▀ █████▌  ██\/██\/│\
    █▌    ██⌐  ▐█                      ████████████████   ▄████████   █/ │█/ │ 
    ▐█    ██▌  █▌                          ████████████████████████▌  ██ │██ │ 
     █▌   ▐██  █                              ██████████████████████▌  █/│\█/│\
∙▄   ▐█   ▐██ ▐▌                                    ██████████████████  █│█ █│█
 ^▄  ·█▌  ▐██ ▐Γ                                             ▀▀▀▀██████▄  █  █ 
  ▐█  █▌  ▐██     ·                                                   ██▄_
   ▒█ ▐▌  ▐██   ▄█·
    █▌ ▌  ▐██  ╒█Γ                       ▐▄        ▄▄█████▀▀▀▀███▄
    └█_   ▐██  ██                          ▀▀▄▄▄████▀▀         ████ ▄▄██▄
     ██   ▐█▌ ▐█'  ╓                                            ██████ ▀██
  *  ▐█   ▐█  ██ _█▌                                            █████ ▄ █▀
     ·█▌  ▐▌  █▌ ██      Silent & Sleeping Forest Presents       ████  ▀
      █▌  █   █ ▐█~                                             █████
      █▌  ▌   ' ▐Γ                                               █████
      ▐▌    ▄ · ·              ▄▄▄▄▄▄▄▄▄▄                  ▄▄▄▄██████
      ▐·▄███████▄▄▄▄   ▄▄▄▄█████▀▀▀▀▀▀▀▀█████▄▄▄▄   ▄▄▄▄████████▀▀▀
     ▄███▀▀▀  ▀▀▀▀███████▀▀▀                ▀▀▀███████▀▀▀▀  ▀▀▀
    ▄███
    ███
   ████
   ████             Lights.In.The.Dusk.2006.DVDRip.XviD-SSF
   ████
    ████▄▄
     ▀▀▀████▄
          ▀███             Supplier : SSF TEAM
           ████              Ripper : SSF TEAM
        ▄▄  ████              Genre : Drama 
       █▀ ▀ ████               iMDB : http://www.imdb.com/title/tt0458242/
      ██ ▀▄████         iMDB Rating : 7.2/10 (339 votes) 
      ▀██▄ ▀█▀         DVD Rel Date : 10/25/2006
       ▀███            Release Date : 11/21/2006
        ▀███           Theater Date : 02/03/2006                 
         ████                Source : DVD                    
 ▄▄████▄████           Aspect Ratio : 1.85 : 1             
███▀▀▀███▀▀            Video Format : XviD
███▄▄              Video Resolution : 640 X 336  (25 fps)
 ▀▀████               Video Bitrate : 2 Pass @ 1164 kb/s AVG   
    ████              Audio Bitrate : MP3 VBR @ 128 kb/s AVG                         
   ▄███▀                    Runtime : 75 min      
 ▄████▀                        Size : 15MB X 49                 
▄████                      Language : Finnish / Russian                          
████                         Subbed : English / Chinese / Danish / Finnish / Swedish           
████                                                         
██           
████▄▄
 ▀▀██████▄▄▄▄▄▄▄                  ▄▄▄▄▄▄▄▄▄▄                  ▄▄▄▄
           ▀▀▀█████▄▄▄▄   ▄▄▄▄█████▀▀▀▀▀▀▀▀█████▄▄▄▄   ▄▄▄▄████████
                 ▀▀▀▀███████▀▀▀                ▀▀▀███████▀▀▀▀  ▀▀▀███▄
                                                                   ███▄
                            . ..Plot Smmary.. .                     ███ ▄▄██▄
                                                                     ██████ ▀██
                                                                      ████ ▄ █▀
In Helsinki, a lonely night watchman is caught up in a series of       ██▌  ▀
                                                                       ██▌
misadventures with a femme fatale and a crooked businessman.           ▄███
                                                                       ▄███▀▀ 
                                                                      ███
                                                                     ▐███
                                                                    ▐███▄▄
                                                                   ▀▀███▄
                                                                ▄▄▄▄█████▀
                                                               █████
            ▄                  ▄▄▄▄▄▄▄▄▄▄▄▄▄▄               ▄▄▄▄██████
        ▄███████▄▄▄▄   ▄▄▄▄█████▀▀▀▀▀▀▀▀▀▀▀███▄▄▄▄   ▄▄▄▄████████▀▀▀
     ▄███▀▀   ▀▀▀▀███████▀▀▀                 ▀▀▀███████▀▀▀▀  ▀▀▀
    ▄███                . ..Castoverview.. .
    ███                   
   ███                Director :
 ████▀                          Aki Kaurismaki   
█████             Credited cast:                           
▀████                          Janne Hyytiainen ....  Koistinen 
  ▀▀█████▄▄▄                   Maria Heiskanen ....  Aila 
       ▀██████                 Maria J?rvenhelmi ....  Mirja                         
          ████▌                Ilkka Koivula ....  Lindstr?m 
       ▄▄  ▐███                                                  ▄▄██▀
      █▀ ▀ ████                                                  ▄████
     ██ ▀▄████                                                 ████
     ▀██▄ ▀█▀                                                  ████
      ▀███                                                   ████▀
       ▀███                                                 ▄▄███▀
      ▄█████            ▄▄▄▄▄▄▄██████████▄▄▄▄▄▄▄           ▄▄▄█████▀▀
    ▄████████▄▄▄▄  ▄▄██████▀▀▀▀▀▀      ▀▀▀▀▀▀██████▄▄    ████▀▀▀▀
  ▄███▀▀▀  ▀▀▀▀██████▀▀▀                        ▀▀▀███ ████
 ▄███            ▀▀                                ███████
 ███                     .:: GROUP ::.              ▀█████
████                                                 ███▀             ╒
████          We are currently looking for          ███       ·       ⌡
████                                                 ▀██               ▌
 ████▄▄       -100 Mbit+  KR/EU/US  Sites Affil        ▀██        ← 1  ▐       -
  ▀▀▀████▄                                              ▀▀▄▄     ▐ß   §     ,·
       ▀███   -Pre DVD and GOOD Classics Suppliers               ▐█   ▌    /
        ████                                                     ■▒  ▐▌   J
     ▄▄  ████ -Experienced DIVX Rippers                          ▌ ▌ ▐   J
    █▀ ▀ ████                                                   ▐Γ ╞ ▐  ▐
   ██ ▀▄████               CONTACT: ssf@hushmail.com            ▐  ▐ ' ▐▌  ·
   ▀██▄ ▀█▀                                                     █  ▐▌▌ #
    ▀███                                                        █  ▐█▌▐  !
    ▄██▀                                                        ▌  ▐█▌█ ƒ
  ▄███▀                                                         ▌  ▐██▌▐·
▄████▀                                                          █  ▐██ f
████                                                            █  ▐█▌▐
███                                                             █· ▐█▌▓
███                                                             ▐▌ ██▌╡
██                                                               ^·██·'
███▄▄                                                             ████
▀▀██████▄▄▄                                                    ▄▄████
     ▀▀▀▀████▄▄▄▄▄           ▄▄▄▄▄███████▄▄▄▄▄▄▄           ▄▄██████▀▀
              ▀▀████    ▄▄██████▀▀▀▀   ▀▀▀▀▀▀██████▄▄    ████▀▀▀
                  ████ ███▀▀▀                  ▀ ▀███ ████
                    ███ ███                       ███ ███
              ██▄   ████ ███                     ███ ████   ▄███▄
                 ▀ ████  ██▀                     ▀██  ████ ▀   ▀██
               ▀▄▄███▀  ██▀                       ▀██  ▀███▄▄▀  ███
                 ▀▀  ▄▄▀▀                           ▀▀▄▄  ▀▀   ███
                                                              ████
                                                          ▀▄▄███▀
                                                            ▀▀
                                                                  ASCii+h2
