ÔĽŅ
         ‚ĖĄ‚ĖĄ‚ĖÄ                              ‚ĖÄ‚ĖĄ‚ĖĄ                              
        ‚Ėź‚Ėą‚ĖĆ                                ‚Ėź‚Ėą‚ĖĆ                ‚ĖĄ‚ĖĄ‚ĖÄ          
         ‚ĖÄ‚Ėą‚ĖĄ                              ‚ĖĄ‚Ėą‚ĖÄ                ‚Ėź‚Ėą‚ĖĆ           
           ‚ĖÄ‚Ėą‚ĖĄ‚ĖĄ‚ĖĄ   ‚Ėą‚ĖĄ    ‚ĖĄ‚ĖĄ‚ĖĄ‚ĖĄ    ‚Ėą‚ĖĄ     ‚ĖĄ‚Ėą‚ĖÄ   ‚ĖĄ‚ĖĄ‚Ė†      ‚ĖĄ‚ĖĄ‚ĖĄ‚ĖĄ   ‚ĖÄ‚Ėą‚ĖĄ‚ĖĄ‚ĖĄ‚ĖĄ‚ĖĄ      
          ‚ĖĄ‚Ėą‚ĖÄ  ‚ĖÄ‚Ėą‚ĖĄ ‚Ėą‚Ėą  ‚ĖĄ‚Ėą‚ĖÄ  ‚ĖÄ‚Ėą‚ĖĄ  ‚Ėą‚Ėą‚Ėą‚ĖĄ   ‚Ėą‚Ėą   ‚Ėź‚Ėą‚ĖĆ     ‚ĖĄ‚Ėą‚ĖÄ  ‚ĖÄ‚Ėą‚ĖĄ  ‚ĖĄ‚ĖĄ  ‚ĖÄ‚ĖÄ‚Ėą‚ĖĄ    
         ‚Ėą‚Ėą‚Ėą     ‚ĖÄ ‚Ėą‚Ėą ‚Ėą‚Ėą‚Ėą    ‚Ėą‚Ėą‚ĖĄ ‚Ėą‚Ėą‚Ėą‚ĖÄ‚Ėą‚ĖĄ ‚Ėą‚Ėą‚ĖĄ‚ĖĄ‚ĖĄ‚ĖĄ‚Ėą‚Ėą‚ĖĄ   ‚Ėą‚Ėą‚Ėą     ‚ĖÄ‚ĖÄ‚Ėą‚Ėą‚Ėą     ‚Ėą‚Ėą   
         ‚Ėą‚ĖĎ‚Ėą       ‚Ėą‚Ėą ‚Ėą‚ĖĎ‚Ėą    ‚Ėą‚Ėď‚Ėą ‚Ėą‚ĖĎ‚Ėą  ‚ĖÄ‚Ėą‚Ėą‚Ėą ‚Ėą‚Ėď‚Ėą  ‚ĖÄ‚Ėą‚ĖĄ ‚Ėą‚ĖĎ‚Ėą       ‚Ėą‚ĖĎ‚Ėą     ‚Ėą‚Ėą   
         ‚Ėą‚Ėí‚Ėą       ‚Ėą‚Ėą ‚Ėą‚Ėí‚Ėą    ‚Ėą‚Ėí‚Ėą ‚Ėą‚Ėí‚Ėą    ‚Ėą‚Ėą ‚Ėą‚Ėí‚Ėą   ‚Ėą‚Ėď ‚Ėą‚Ėí‚Ėą       ‚Ėą‚Ėí‚Ėą     ‚Ėą‚Ėą   
         ‚Ėą‚Ėď‚Ėą       ‚Ėą‚Ėą ‚Ėą‚Ėď‚Ėą    ‚Ėą‚ĖĎ‚Ėą ‚Ėą‚Ėď‚Ėą    ‚Ėą‚Ėą ‚Ėą‚ĖĎ‚Ėą‚ĖÄ‚ĖÄ‚ĖÄ‚ĖÄ‚ĖÄ‚ĖÄ‚Ėą‚Ėď‚Ėą       ‚Ėą‚Ėď‚Ėą     ‚Ėą‚Ėą   
       ‚ĖĄ‚Ėą‚ĖÄ‚Ėą‚Ėą     ‚ĖĄ‚ĖĄ‚Ėą‚Ėą‚ĖĄ‚Ėą‚Ėą‚Ėą    ‚Ėą‚Ėą‚Ėą‚ĖĄ‚Ėą‚Ėą‚Ėą    ‚Ėą‚Ėą ‚Ėą‚Ėą‚Ėą      ‚Ėą‚Ėą‚Ėą     ‚ĖĄ ‚Ėą‚Ėą‚Ėą     ‚Ėą‚Ėą   
      ‚Ėź‚Ėą‚ĖĆ ‚ĖÄ‚Ėą‚ĖĄ  ‚ĖĄ‚Ėą‚ĖÄ ‚Ėą‚Ėą‚ĖĄ ‚ĖÄ‚Ėą‚ĖĄ  ‚ĖĄ‚Ėą‚ĖÄ  ‚Ėą‚Ėą‚Ėą    ‚Ėą‚ĖÄ  ‚ĖÄ‚Ėą‚ĖĄ      ‚ĖÄ‚Ėą‚ĖĄ  ‚ĖĄ‚Ėą‚ĖÄ ‚Ėą‚Ėą‚Ėą     ‚Ėą‚Ėą   
       ‚ĖÄ‚Ėą‚ĖĄ  ‚ĖÄ‚ĖÄ‚ĖÄ‚ĖÄ     ‚ĖÄ‚Ėą‚ĖĄ ‚ĖÄ‚ĖÄ‚ĖÄ‚ĖÄ    ‚Ėą‚ĖÄ           ‚ĖÄ‚Ėą‚ĖĄ      ‚ĖÄ‚ĖÄ‚ĖÄ‚ĖÄ     ‚ĖÄ‚ĖÄ‚ĖÄ‚ĖÄ‚ĖÄ ‚Ėą‚Ėą   
        ‚Ėź‚Ėą            ‚Ėź‚Ėą‚ĖĆ                      ‚Ėź‚Ėą‚ĖĆ                   ‚Ėź‚Ėą‚ĖĆ   
       ‚Ė†‚ĖÄ  ‚ĖĄ‚ĖĄ‚ĖĄ‚ĖĄ‚ĖĄ‚ĖĄ‚ĖĄ‚ĖĄ  ‚Ė†‚ĖÄ‚ĖÄ  ‚ĖĄ‚ĖĄ‚ĖĄ‚ĖĄ‚ĖĄ‚ĖĄ‚ĖĄ‚ĖĄ‚ĖĄ‚ĖĄ‚ĖĄ‚ĖĄ‚ĖĄ‚ĖĄ‚ĖĄ‚ĖĄ‚ĖĄ‚ĖĄ  ‚Ė†‚ĖÄ‚ĖÄ  ‚ĖĄ‚ĖĄ‚ĖĄ‚ĖĄ‚ĖĄ‚ĖĄ‚ĖĄ‚ĖĄ‚ĖĄ‚ĖĄ‚ĖĄ‚ĖĄ‚ĖĄ‚ĖĄ‚ĖĄ  ‚Ė†‚ĖÄ‚ĖÄ    
                                                                           
                                             ¬∑ Enter the Clone g0ds' world..

  ‚ĖÄ ‚ĖÄ‚Ėą‚ĖÄ‚ĖÄ‚ĖÄ‚ĖÄ‚ĖÄ‚ĖÄ‚ĖÄ‚ĖÄ‚ĖÄ‚ĖÄ‚ĖÄ‚ĖÄ‚ĖÄ‚ĖÄ‚ĖÄ‚ĖÄ‚ĖÄ‚ĖÄ‚ĖÄ‚ĖÄ‚ĖÄ‚ĖÄ‚ĖÄ‚ĖÄ‚ĖÄ‚ĖÄ‚ĖÄ‚ĖÄ‚ĖÄ‚ĖÄ‚ĖÄ‚ĖÄ‚ĖÄ‚ĖÄ‚ĖÄ‚ĖÄ‚ĖÄ‚ĖÄ‚ĖÄ‚ĖÄ‚ĖÄ‚ĖÄ‚ĖÄ‚ĖÄ‚ĖÄ‚ĖÄ‚ĖÄ‚ĖÄ‚ĖÄ‚ĖÄ‚ĖÄ‚ĖÄ‚ĖÄ‚ĖÄ‚ĖÄ‚ĖÄ‚ĖÄ‚ĖÄ‚ĖÄ‚ĖÄ‚ĖÄ‚ĖÄ‚ĖÄ‚ĖÄ‚ĖÄ‚ĖÄ‚ĖÄ‚ĖÄ‚Ėď‚ĖÄ‚ĖÄ‚ĖÄ
     ‚Ėą                            Release Info:                           ‚Ėą
  ‚ĖĄ‚ĖĄ‚ĖĄ‚Ėą‚ĖĄ‚ĖĄ‚ĖĄ‚ĖĄ ‚ĖĄ‚Ėď‚ĖĄ ‚ĖĄ‚ĖĄ‚ĖĄ‚ĖĄ‚ĖĄ‚ĖĄ‚ĖĄ‚ĖĄ‚ĖĄ‚ĖĄ‚ĖĄ‚ĖĄ‚ĖĄ‚ĖĄ‚ĖĄ‚ĖĄ‚ĖĄ‚ĖĄ‚ĖĄ‚ĖĄ‚ĖĄ‚ĖĄ‚ĖĄ‚ĖĄ‚ĖĄ‚ĖĄ‚ĖĄ‚ĖĄ‚ĖĄ‚ĖĄ‚ĖĄ‚ĖĄ‚ĖĄ‚ĖĄ‚ĖĄ‚ĖĄ‚ĖĄ‚ĖĄ‚ĖĄ‚ĖĄ‚ĖĄ‚ĖĄ‚ĖĄ‚ĖĄ‚ĖĄ‚ĖĄ‚ĖĄ‚ĖĄ‚ĖĄ‚ĖĄ‚ĖĄ‚ĖĄ‚ĖĄ‚ĖĄ‚ĖĄ‚ĖĄ‚ĖĄ‚ĖĄ‚ĖĄ‚Ėą‚ĖĄ ‚ĖĄ
     ‚Ėą      ‚ĖÄ
     ‚Ėą
     ‚Ėą  GAME NAME:  Tony Hawk's Underground 2
     ‚Ėą  
     ‚Ėą  COMPANY:  Activision
     ‚Ėą  
     ‚Ėą  RELEASE DATE:  October 2004
     ‚Ėą
     ‚Ėą  PROTECTION:  SafeDisc
     ‚Ėą
     ‚Ėď  CD COUNT:  3 CD(S)
     ‚Ėď
     ‚Ėą  IMAGE TYPE:  CD1 (.MDS) | CD2/CD3 (.CUE)
     ‚Ėą
     ‚Ėą  SUPPLIER:  Team CloneCD
     ‚Ėí                                                                    ‚Ėď
     ‚Ėď                                                                    ‚Ėď
  ‚ĖÄ‚ĖÄ‚ĖÄ‚ĖÄ‚ĖÄ‚ĖÄ‚ĖÄ‚ĖÄ‚ĖÄ‚ĖÄ‚ĖÄ‚ĖÄ‚ĖÄ‚ĖÄ‚ĖÄ  ‚ĖÄ‚ĖÄ‚ĖÄ‚ĖÄ‚ĖÄ‚ĖÄ‚ĖÄ‚ĖÄ   ‚ĖÄ                                        ‚ĖÄ‚ĖÄ‚ĖÄ‚Ėą‚ĖÄ‚ĖÄ‚ĖÄ
     ‚Ėď                                Notes:                              ‚Ėą


     ‚Ėą  You paid your dues in THUG. Now prove yourself in THUG 2. You've 
     ‚Ėą  been chosen by Tony Hawk to take on Bam Margera as your teams go
     ‚Ėą  on a World Destruction Tour. It's time to go globetrotting on an 
     ‚Ėą  insane road trip. THUG 2 grinds in with a hilarious story mode, 
     ‚Ėą  an unprecedented level of customization, and more moves than the
     ‚Ėą  Skate Gods could dream of. Grab your board, an arsenal of 
     ‚Ėą  spray-paint... jump into the tour van and wreak havoc across the
     ‚Ėą  globe.
     ‚Ėą  
     ‚ĖĎ                                                                    ‚Ėď
     ‚Ėď                                                                    ‚Ėď
 ‚ĖÄ  ‚ĖÄ‚ĖÄ‚ĖÄ‚ĖÄ‚ĖÄ‚ĖÄ‚ĖÄ‚ĖÄ‚ĖÄ‚ĖÄ‚ĖÄ‚ĖÄ‚ĖÄ  ‚ĖÄ‚ĖÄ‚ĖÄ‚ĖÄ‚ĖÄ‚ĖÄ‚ĖÄ‚ĖÄ   ‚ĖÄ                                        ‚ĖÄ‚ĖÄ‚ĖÄ‚Ėą‚ĖÄ‚ĖÄ‚ĖÄ
     ‚Ėď                            Game Features:                          ‚Ėą


     ‚Ėą  ‚Ėļ World Destruction Tour: Hawk recruits YOU onto his team for a 
     ‚Ėą    no rules, no limits world tour versus Bam Margera. You invade 
     ‚Ėą    international cities and wreak havoc, proving yourself to the
     ‚Ėą    pros as you live the ultimate skateboard adventure. 
     ‚Ėą
     ‚Ėą  ‚Ėļ All New Team Play: Team Hawk versus Team Bam. Play as yourself
     ‚Ėą     or switch to play one of your teammates or a special guest 
     ‚Ėą    skater - over 20 unique characters. 
     ‚Ėą
     ‚Ėą  ‚Ėļ Unparalleled Customization: Create your own logo for use in 
     ‚Ėą    graffiti tags, skate stickers with the all new 
     ‚Ėą    'Create-A-Graphic' feature. Familiar Hawk customization 
     ‚Ėą    continues with 'Create-A-Goal,' 'Create-A-Park' and the 
     ‚Ėą    revolutionary 'Face In The Game' feature. More Player Control 
     ‚Ėą    Than Ever Before: Tear it up with sticker slaps, projectiles,
     ‚Ėą    crazy vehicles, hilarious tantrums, and slow-motion Focus
     ‚Ėą    Control. 
     ‚Ėą
     ‚Ėą  ‚Ėļ 2 Games In 1: Team up and wreak havoc in Story Mode or switch
     ‚Ėą    and play 15 levels in Classic Mode. Complete your all-time 
     ‚Ėą    favorite goals like S-K-A-T-E, Secret Tape, and High Score 
     ‚Ėą    against a 2-minute timer.
     ‚ĖĎ
     ‚Ėď
   ‚ĖÄ‚ĖÄ‚ĖÄ‚ĖÄ‚ĖÄ‚ĖÄ‚ĖÄ‚ĖÄ‚ĖÄ‚ĖÄ‚ĖÄ‚ĖÄ‚ĖÄ‚ĖÄ  ‚ĖÄ‚ĖÄ‚ĖÄ‚ĖÄ‚ĖÄ‚ĖÄ‚ĖÄ‚ĖÄ   ‚ĖÄ                                           ‚ĖÄ
     ‚Ėď                         Install Instructions:                      ‚Ėą
  ‚ĖĄ ‚ĖĄ‚Ėď‚ĖĄ‚ĖĄ‚ĖĄ‚ĖĄ‚ĖĄ‚ĖĄ‚ĖĄ‚ĖĄ‚ĖĄ‚ĖĄ‚ĖĄ‚ĖĄ‚ĖĄ‚ĖĄ‚ĖĄ‚ĖĄ‚ĖĄ‚ĖĄ‚ĖĄ‚ĖĄ‚ĖĄ‚ĖĄ‚ĖĄ‚ĖĄ‚ĖĄ‚ĖĄ‚ĖĄ‚ĖĄ‚ĖĄ‚ĖĄ‚ĖĄ‚ĖĄ‚ĖĄ‚ĖĄ‚ĖĄ‚ĖĄ‚ĖĄ‚ĖĄ‚ĖĄ‚ĖĄ‚ĖĄ‚ĖĄ‚ĖĄ‚ĖĄ‚ĖĄ‚ĖĄ‚ĖĄ‚ĖĄ‚ĖĄ‚ĖĄ‚ĖĄ‚ĖĄ‚ĖĄ‚ĖĄ‚ĖĄ‚ĖĄ‚ĖĄ‚ĖĄ‚ĖĄ‚ĖĄ‚ĖĄ‚ĖĄ‚ĖĄ‚ĖĄ‚ĖĄ‚ĖĄ‚ĖĄ‚ĖĄ‚Ėď ‚ĖĄ‚ĖĄ
     ‚Ėď
     ‚Ėď 
     ‚ĖĎ 
     ‚Ėą  ‚Üí1‚Üź Unpack it.
     ‚Ėą 
     ‚Ėą  ‚Üí2‚Üź Burn CD1 with Alcohol 120% v1.9.2.1705, profile: SafeDisc 2/3,
     ‚Ėą      speed: 4x 
     ‚Ėą 
     ‚Ėą  ‚Üí3‚Üź Burn CD2 and CD3 with your favorite burning software.
     ‚Ėą   
     ‚Ėą  ‚Üí4‚Üź Install the game with serial: 
     ‚Ėą
     ‚Ėą  ‚Üí5‚Üź Play and Enjoy!
     ‚Ėą
     ‚Ėą
  ‚ĖÄ‚ĖÄ‚ĖÄ‚Ėą‚ĖÄ‚ĖÄ‚ĖÄ‚ĖÄ‚ĖÄ‚ĖÄ‚ĖÄ‚ĖÄ‚ĖÄ‚ĖÄ‚ĖÄ‚ĖÄ‚ĖÄ‚ĖÄ‚ĖÄ‚ĖÄ‚ĖÄ‚ĖÄ‚ĖÄ‚ĖÄ‚ĖÄ‚ĖÄ‚ĖÄ‚ĖÄ‚ĖÄ‚ĖÄ‚ĖÄ‚ĖÄ‚ĖÄ‚ĖÄ‚ĖÄ‚ĖÄ‚ĖÄ‚ĖÄ‚ĖÄ‚ĖÄ‚ĖÄ‚ĖÄ‚ĖÄ‚ĖÄ‚ĖÄ‚ĖÄ‚ĖÄ‚ĖÄ‚ĖÄ‚ĖÄ‚ĖÄ‚ĖÄ‚ĖÄ‚ĖÄ‚ĖÄ‚ĖÄ‚ĖÄ‚ĖÄ‚ĖÄ‚ĖÄ‚ĖÄ‚ĖÄ‚ĖÄ‚ĖÄ‚ĖÄ‚ĖÄ‚ĖÄ‚ĖÄ‚ĖÄ‚ĖÄ‚ĖÄ‚ĖÄ‚Ėą‚ĖÄ‚ĖÄ‚ĖÄ
       contact: team-ccd@hush.com                   nfo updated: 23.06.04
