
          ░                                                 ▄▄▄▄▄
  ░                                                     █████▒▓█████▄▄▄
 ░  ░   ░                                            ████▒▒▒▒▒▒▒▒▒▒▓█████
                                                  ████▒▒▒███▓▒▒▒▒▒▒▒█▒▓▓██
░            ░                                  ██░▒▒▒██▓▒▒▒▒▒▒▒▒▒▒▒█▒▒▓▓██
   ████  ░ ░                                 ████░▒█▒▒█▒▒▒▒▒▒▒▒▒▒▒██▒▒▒▒▓██
  ██░▒█   ░                               ████░░███▓▒██▓▒▒▒▒▒▒▒▒▒▓▒▒▒▒▒▓██
   █▒░█░ ░  ░ ░                     ▄▄▄████▓░░░░░░░▒▒▒▒▒█████▒▒▒▒▒▒▒▒████░
   ██░██        ░             ▄▄▄▄████▀▀░░░░░░░▓██████████▓▒▒▒▒▒▒▒▒███░█▒
░   █▓▒█                     ███▀▀░░░░░░░░▄▄▄████▀▄██▓▒▒▒▒▒▒▒▒▒▒▒▒▒█░░░█
    ██▒██                    ▀███▄▄░░░▓█████▀▀▀  ▄█▓▒▒▒▒▒▒▒▒▒▒▒▒▒▒▒██░██
    ░█▓▒█                      ▀▀██████▀▀▀      ███████████████▓▒▒██░░█
     ██▒█▓                                  ▄▄███▓▓▓▓▓▓▓▓▓▓▓▓███▓▒█████
     ░█▒██                                ▄██▓▓▓▓▓▓████████▓▓▓▓██▓▓▓▓██
      ██▒█▒                              ██▓▓▓█████▀▀▀    ███▓▓▓██▓▓▓▓█
      ▒█▒██                             ██▓▓██▀▀     ▄▄▌▐▄  ▀▀██▒▓██▓▓█░
       █▓▒█▒                            █▓▓██    ▄▄██▀   ▀█▄   ██▒▓██▓█▓
       ██▒██                            ████ ▄▄██▒  ▀█   ▄▄██▄▄ ▀█▒▒▓███
        █▓▒█░                             ▀▀██   ▄   █   █   ▀██  ██▒▒▓██
        ██▒██                               ▄█ ▀█▓█ ██  █▀▄▓█ █    ███▒▓███
         █▓▓█                               █▄      █   █ ▀▀▀ █   █▀ ████▓███
         ██▒██                             ██▀█▄██▀██▄  █     █  █▀     ░█▒▓██
         ░█▒██                             █   █     ▀ ░██   █▀ █▀    ▓███████
          ██▒████▄                         █  ██   ░▒▒   ██▄█▀ ██   ░ ██████▒
       ▄▄▄██▓█ ▐▀█▄                        █▄██  ▒▒▒     ░█    █░  ░▒ ▓█▓
    ████▀█▌  █ █ ▀██                     ▄██░▓██▄   ▄▄████▄▄ ▄█▀  ▒▓░ █ ██▓
   ██     █▄█▀ ▀█▄▄▀██▄                ▄▄█▀    ▀████▀▀▀  ▀▀███   ░▓▒  █   ██▒
   ▀██▄▄███▀████      ▀█              ██▀        ▄▄▄        ░██  ▓▒░ ▓█     ███
     ██▀▀    █▓███▄   ▄█             ▄█░       ██▀▀▀██▄      ░██ ▒░ ░█    █████
     █▄▄▄▄▄▄██▓▓█▓█  ▐█             ██▀     ▒██▀  ▄▄ ▀███     ▓█ ░ ░█▓   ██▓▓█▓
     ░█▀▀   █ ▀██▓█   █▄           ██░    ▄███  ██▓██  ░██    ░█  ░██   ██░▓█▒░
     ██▄▄▄▄▄██▄█▀██    ██           █▄  ▄██▀     ███    ░██    █▄░▓█   ██░▒██░▒
 ▄▄██▀▀▀    ▀▀▀█ █    ▄█             █▄██▓               ░██   ▓███    █░▒██▒▒▒
██▀▀   ▄▄▄▄    ▀▀▀   ██▀            ▓███░                 ░██   ▓█  █ ██░▓█▒▒▒▒
█▄  ▄██▀▀▀▀████▄▄▄    ████       ▄▄██▓▒█▓                  ░██▄███░██ █░░█▒▒▒▒░
 ▀▀▀▀           ▀▀█    ░▓██     ███▓█▒▒▓█░                  ░███▓██████░▒▒▒▒▒░▓
                  ██    █▓███  ██▓▒▒█▒▒▒██░                  ░███▓██▒██░▒▒▒▒░▓█
                   █    █▒█▓█▒ █▒▒▒██▒▒▒▓██                   ██▓▒▓█░██▒▒▒▒▓██▓
                   █░   █▒█▓▓███▒▒███▒▒▒▒█░                  ░██▓░░▒░░██▒▒▓████
                  ██▓   █▓██▓█▓█▒▒▓█▒▒▒▒██                   ▒██▒▒▒▒▒░░▒▓█▓███
                  ███░  ██▓█▓█▒█▒▒▒██▒▒▒█░                  ░██▓░▒▒▒▒▓▓█▓▓███
                  █▓██   █▓█▓█▓█▒▒▒█▓▒▒██                   ███▒▒▒▒░▓▓▓▓███░
                  █▒▓█░  █▓▓▓█▓█▓▒▒█▒▒▒█░                  ░██▒░▒▒▓█▓▓▓███
                  █▒▓██  █▓▓▓██▓█▒▒█▒▒███   ▓             ░██▓░▒▓▓▓██▓██
                 ██▒███ ▓█▓▓▓▓█▓▓▒▒██▒█▓█▓░██            ░███▒░▓▓▓▓████
                 █▓▒█▓█ ██▓▒▓▓█▓▓▒▒▒▒▒█▒███▓█           ▓███▒▒▓▓▓▓████
                 █▒▒█▓███▓▒▒▓▓█▓█▒▒▒▒▒█▒▓█▓░█░         ████▒░▒▒▓▓▓███▒
                 █▒▒█▓███▒▒▓▓██▓█▒▒▒▒▒█░▒█▒░███    ███░███▒▒▒▒▒▓▓▓███
                 █▒▒██▓██▒▒▓██▒▒▒▒▒█▒▒█░░█▒▒▒███ ░███████▒▒▒▒▒▒▒▓▓▓██
                 █▒▒██▓█▓▒▒▓█▓▓▒▒███▒▒█ ░█▒▒▒▒▓█████▓████▓▒▒▒▒▒▒▒▓▓███
                 █▒▒█▓██▒▒▓▓██▓▓███▓▒▒█ ░█▒▒▒▒▒▓███▓▒▒▓█▓▒▒▒▒▒▒▒▒▒▓▓██░
                 █▒▒█▓█▓▒▓▓██▓█████████  █▒▒▒▒▒▒▒██▓▒▒▒▓▒▒▒▒▒▒▒▒▒▒▒▓▓██
                 █▓▒▓▓█▒▒▓██▓██▓▒  ░▒██  █▒▒▒▒▒▒▒▒▓▒▒▒▒▒▒▒▒▒▒▒▒▒▒▒▒▒▓▓██
                 ██▒▓██▒▒▓█▓██       ██ ▓█▒▒▒▒▒▒▒▒▒▒▒▒▒▒▒▒▒▒▒▒▒▒▒▒▒▒▒▓▓██
                 ██▒▒█▓▒▓█▓▓█        ██ ██▒▒▒▒▒▒▒▒▒▒▒▒▒▒▒▒▒▒▒▒▒▒▒▒▒▒▒▒▓▓█
                  █▒▒█▒▒▓█▓█▀        █▓ █▓▒▒▒▒▒▒▒▒▒▒▒▒▒▒▒▒▒▒▒▒▒▒▒▒▒▒▒▓▓▓█
                  █▓▒▒▒▓████        ██ ▒██▒▒▒▒▒▒▒▒▒▒▒▒▒▒▒▒▒▒▒▒▒▒▒▒▓██████
                  ██▒▒▓▓█           █░  ▓██▒▒▒▒▒▒▒▒▒▒▒▒▒▒▒▒▒▓▓███████▒░ █
                   █▓▒▓██           ██   ▓████████▓▒▒▓█████████▓░     ███
                   █████            ████████ ▄▄  ███████▓▒       ▒██████
                                    █     ▌ ██▒█ ▐        ░▒████████▓▓██
                                    ▒████▄█▄ ▀▀ ▓████████████▓▒▒▒▒▒▒▒▓▓██
                                      ███▒▓██████▓▒▒▒▒▒▒▒▒▒▒▒▒▒▒▒▒▒▒▒▒▓▓██
                                      █▓ ░▒█▒█  ██▒▒▒▒▒▒▒▒▒▒▒▒▒▒▒▒▒▒▒▒▒▓██
                                      █░ ▓█▓▒█▓ ██▒▒▒▒▒▒▒▒▒▒▒▒▒▒▒▒▒▒▒▒▒▓██
                                      █  █▓▒▒██  █▒▒▒▒▒▒▒▒▒▒▒▒▒▒▒▒▒▒▒▒▒▓██
                                      █ ░█▒▒▓██  █▓▒▒▒▒▒▒▒▒▒▒▒▒▒▒▒▒▒▒▒▓██  ▄▄▄
                                     ██ ▓█▒▓█▒█  ██▒▒▒▒▒▒▒▒▒▒▒▒▒▒▒▒▒▒▓▓█ ▄▄█ █
                                     █  ██▒█▒██  █▓▒▒▒▒▒▒▒▒▒▒▒▒▒▒▒▒▒▒▓ ▄▄█   █
                                    ██ ░█▒▒█▒█  ░█▒▒▒▒▒▒▒▒▒▒▒▒▒▒▒▒▒▒▒▓ █   ░ █
                        ▄▄▄     ▄▄▄ █▓ ▓█▒▒███  ██▒▒▒▒▒▒▒▒▒▒▒▒▒▒▒▒▒▒▓▓ ▀█    █
      ▄▄▄▄▄     ▄▄▄▄▄▄█▀▀ █   █▀▀ █ █  ██▒▒▒█  █▀  ▄▄▄▄   ▄▄▄▄▄▄▄▄▄   ▄▄██ ░ █
 ▄█▀▀▀▀░░ █▄▄▄▄ █    ██▄▄▄█▄  █▄▄▄█ █  █▒▒▒█▀   ▄█▀▀  ▀▀█▄█   ▀   █▄█▀▀      █
 █   ░░  █▌   █▄█   ███   █████   █▄█▀▀▀▀▀▀▀▀▀▀██     ░░ ███   ▄ ░ █    █▌   █
 ▀▀█▄  ▄██   ███▌   ███ ░ ██▓██ ░ ██    ▄▄▄▄ ░░▐█▄   █ ░░ ██   █   █   ██▌   █
  ██   █▓█   █▓█▌   ███ ░ █████ ░ ██▄▄█████▀░░ ▐██████  ░ ██   ████▌   ██▌   █
  █   ████   ███▌   ███   █████   ███████▀    ▄███▀  ▀    ██   █▓██▌   ██▌   █
  █   ████   ███▌   ███   ██▓██   █████▀    ▄████   ▄▄    ██   █▓▓█▌   ██▌ ░ █
  █   █▓█▌  ▐█▓█   ▐█▓█ ░ ██▓██ ░ ███▀    ▄██████ ░ ██    ██   ██▓██   ██▌ ░░▐▌
  █ ░ ▀██▌  ▐██▀   ▐███   ██▓██   ██▌ ░░ █▀▀▀  ▀█ ░░▀█    █▌    ████    ▀ ░░  █
  █▄ ░             ██ █▄  █████▄  ███           ██ ░░    ▄█  ▄▄  █ ▀█▄      ▄█▀
   ▀█▄▄▄▄▄███▄▄▄▄█▀▀   ▀▀▀▀    ▀▀▀▀▀▀▀▀▀▀▀▀▀▀▀▀▀▀▀█▄▄▄▄▄█▀▀▀▀▀▀▀▀▀:(I)▀▀▀▀▀▀▀
▄▄▄▄▄▄▄▄▄▄▄▄▄▄▄▄▄▄▄▄▄▄▄▄▄▄▄▄▄▄▄▄▄▄▄▄▄▄▄▄▄▄▄▄▄▄▄▄▄▄▄▄▄▄▄▄▄▄▄▄▄▄▄▄▄▄▄▄▄▄▄▄▄▄▄▄▄▄▄
█ Presents:  Don_King_Boxing_USA_Wii-WiiZARD                                  █
█                                                                             █
█ Link    :  http://www.tothegame.com/game.asp?id=7485                        ▀
█                                                                             █
█▄▄▄▄▄▄▄                                                                      ▄
       █ █▀▀▀▀▀▀▀▀▀▀▀▀▀▀▀▀█
       ▄ █░   ░▒▒▒▒▒▓░   ░█
         █▒░      ░▒▓   ░▒█
       ░ █▓▒░          ░▒▓█
       ░ ██████████████████
       ░   █            ██  Game......: Don King Boxing
       ░░░ █ █████▓▒░░  █   Origin....: USA
           █ ██████▓▒░░ █   Languages.: ENG
          ░█ ███████▓▒░ █   Platform..: Wii
          ░█ ████████▓▒ █   Files.....: 95 X 50MB
          ▒█ █████████▓ █   Released. : 01/04-09
         ░▓█ ██████████ █   Gametype..: Sport
        ░▒██▄ ▀▀█████▀ ▄██░ Publisher.: 2K Sports
       ░▒▓█ ▀▀█▄▄▄▄▄▄█▀▀ ██
       ▒▓██               ██ ▀▀█▄▄▄▄▄▄▄▄▄▄▄▄▄▄▄▄▄▄▄▄▄▄▄▄▄▄▄▄▄▄▄▄▄▄▄▄▄ ▄▄▄▄ ▄▄ ▄
     ░███   ▒█▓▒░          ███  ░░▒▒▓
    ▒██   ░██▓░             ░██   ░░▒▓
   ███   ▒█▓░                 ███  ░░▒▓
  ██    ▓█▓░                    ██  ░░▒▓
 ██    ▓█░                       ██  ░▒▓
██░   ▓▒░      ░                  █  ░░▒
█▓░   ███████ ░▒▓▓      ██████    █▓  ░░
█▒      ███▓ ░▒▓▒        ▓███     ██   ░
█▒   ▓▓  ███▓ ░▒░ ▐     ▓███      ██
██  ▓▓▒░  ███▓ ░ ▐█▌   ▓███      ░██
▓█   ▓▓▓░  ███▓  ▐█▌  ▓███       ▓██
 ██   ▓▓▓░   ███ ███ ███        ▒██▓
  ██   ▓▓▓▒   ████ ████         ██▓
   ██   ▓▓▓▓░                 ░██▓ ░
    ██▓   ▓▓▓▓░              ░██▓
     ███    ▓▓▓▓▓           ███▓
      ███                  ███▓░
        █████████████████████▓
