                                                ≈                               
                                            ≈▄▄██♥▄≈≈≈                          
                                           ▄████████████ç                       
                                         ▄███████████████≈                      
                                      ▄▄██████████████████                      
                               ≈≈▬▄♥██████████████████████à                     
                        ▄▄▄▄▄██████████████████████████████≈                    
                      ▄█████████████████████████████████████≈                   
                     ████████████████████████████████████████                   
                    █████████████████████████████████████████à                  
                   ▄██████████████████████████████████████████►                 
                  ▄████████████████████████████████████████████≈                
                  █████████████████████████████████████████████■                
                 ███████████████████████████████████████████████≈               
                ▄████████████████████████████████████████████████               
                █████████████████████████████████████████████████►              
               ███████████████████████████████████████████████████              
              ┌███████████████████████████████████████████████████≥             
            ▄♣█████████████████████████████████████████████████████             
          ▄████████████████████████████████████████████████████████Ä            
         ▄██████████████████████████████████████████████████████████            
        ƒ████████████████▀▀▀▀▀≤░░─░╝∩√░░░╨▒█████████████████████████▐           
        ██████████▒▒⌐╕√ⁿ·≡·∙∩∩≡ ·≥ ∩∩∙ ···≡▒▒▒▒▒█████████████████████ç          
        ▀██████▒▒░∩∩ ∙∙─∙ ∙·∩·ε╪·  ··  ·· ≥  ¬░☺ƒ████████▀▀███████████≈         
          █████╕░∩    ε· ε    · ε─∙─≈▄•↔☻▒▄≈··· ∙∩ ▀█████▄≈·██████████⌐≈        
          ⌠██░▒▒    ∙·∙· ε─ ∙·ε  ─ ▄◄ε·· ≈██ô· ·→╔→─·██▀███Ç∩███████████ç       
           ε▀►░▒∙  ··   ·∙   ·  ∙·▄╛     ₧█▒≈∙∩∩░εε⌐≈∩█É·██Å░∟▀██████████ç      
             ∩ç∩▒≡  ▒▄▄▄≈≥·  «·∙·▄█  ·  ▒▒█à  ì♦██▄≈┘░█▒◄▀┘ε⌐  └██████████      
              └≈∙∩æ▒ε ·∩▀▀▄▄≈·▄▄██Å· ·═♦▄▀▀ε∙░ ε░▀█▼∩·█▒≈≈╧∩    └█████████      
            ≈₧∟▄≈·ε█¢≈≈▄▬▬█☻▀▀▀▀▀██▄▄▄☼▓∩─∙   ∙···↨û ▒  ε        └███████╛      
            ▒▬▄≈▒ç∩▒█▀▀∩ ── ·· ≡ ∩─∩░█å░─··»  ε·ε·█─·└            ∩██████╘      
            ┐▀██▒█▬▒ε≈ε≈╔►¬∙· ·  ⌐╕███τ∩ · ·  ≈∩─♫è∙╓              ◄█████       
             ªƒÄ██←▄▄■∩ê▒♥█▄» ≈ ·²▄█Ñεε∙    ·∙░▄▀∩▒┘               ├████╫       
               ∩▀╕ⁿ£▓∩  ∩∙ε▒█▒▄░▄██╚∙∙· ·  ·≡»▒░≈┘                 █████►       
                 ü▌∙Ñ▄≈≡ε ·▬←▒ÅÑ▓ⁿ∙ · ··  ▄•╥ετ┘                  ◄█████        
                 ♠☺⌐√≈╥ε▀⌐æ▄▀∩ε  · · ·  ≈æ╩▄ç                     ◄█████        
                  ⌠▄╗▄█▄≈┌▒─▀♥▄▄▄≈  ─ε▄♠╛▄████▄                   ◄█████►       
                    ε▀▀▀☻▄≡░··∩εε▀▼■°▀░▄███████▒▄≈                ├█████►       
           ┌εετ≈         ∩◄▄─∩ε─  ∙ ≈▄██▒█Ñ▓╚Φñ♥♥▒ⁿ→≈             ██████ ▄███▓▄≈
           √  ¬┤            ▀▀♦♦▄▄▄██▀▒░▀▒äº▒▒←░∙ ·  ←≈           ⌠████████▒▒███
           ∙ ≡←│               é∩ε√∩ ─εε∩∩─ε∩░░   ≡ ∙ ≈≈           █████████████
          ┌ ≡∙▒ε               Ä· ∙·∙∩╧ε∩≡░ ▒∩ ∙  · ·∙░↨           ∩⌠██████████╛
     ▬•▄▬≈╓ ·ε▐              ≈≈█▄┐∩ ß▒≈≥··»εεε≈≈ε   ▄▄ÿ█              ▀▀▀▀▀▀▀▀∩ 
    │≈▄√ ▀╘ ·█ù─╧≈       ▄Ñ♥░⌠████▀▒▒╞▲εº─ε·  ██⌐· ∩▀à╕█        ≈▬≈             
    └██· █ε ≈█ε· ┴≈     ƒε ▄▄▄▄▬▀▀███═∩Ñ▄≈≈ ≈███≈ç∙ ≡═▲Ü       ┌  └└≈           
      ¿··'··É£ε·░▒▐ ┘ε┤▄≤▄███████▄ç▀▀█▒▒▒▒╫░█████└çε·∩♂╓       ╓  ∙┌┘╒          
      ► ∩░─∙▀ ∙ ε±±└ ≈↨∙ε▀█▓ε≥ε▒████▄▄▀▀▀☻▒███▀Ñ░¡â∩┴░»╒       ├   ··           
      └░▄ε·░≈ε  ░∩─∟ε▀  ≈≈╒·≈▄╕ ∙░╤█████▄▄≈╨▒▒▄██  █∩· ▒≈   █▄▄▓                
         ▼▬▄░çε≈▬≈Ä░╕↔██▄◘◘½∙∩▀▓≈ ∩∩└░▓██████████►◄►·ε∙└↨▄▄▄██▀▀▄≈              
            ε▀▀☻☺▲▄⌐♥█◘◘▀█í▐ç╦ε∩º≈ ε ∙∙∩░☺▒╕⌐██▓███ε· ≥███████▄███              
       ≈▄▄▄▄▄≈    ∩▀⌠████ç└╕↑╟≈ ≈╪ ∙    ·∩░█▀█♥▄╣██∩ ·▓█▀████████◘              
      ▄████████▄     ∩▀███≈ε ½→∟•·  ·    ░É─≈─▒▒▒██≡ └█╒▄██▒¬██████≈            
     ◄ █████████▄       ╓≈≤ ∙ ◄░≈    ·   ƒ∩·ε∙░Éî⌐█≥─█▄█████♥▀██████            
       ██████████▄      ███▒▄▄▄███┌∙ ·· ⌂·≡ ·▒▒ê≈½█  ███████· ≡▀████à           
     ██████████████▄ ≈╧◄▀◘◘◘█████████████▒≈≡ ∙╕▒██▒· █████▒█▄»─ ▀████           
   ┌████████ ███████████████████████▀██████↨░╘╧░███εεε≡∩▀███╥· ∙▄████           
  ┌█████████ ██████████◘███████████████████████████≈ · ·░█▀∙·  ▄████↨           
  ██████████████████◘▄█▀████████████  ██████████████∙ ··⌐⌐· ≈░▒████»►           
 ▄███████████████████████████████████████████████████╧ εε·≥₧ƒ█████░♂            
 █████████████████████████████████████████████████████▄≈░▒▒▒████▀▄┘             
 █████████████████████████████████████████████████  █████████▀◘▄▀ε              
▀▀▀█████████████████████████████████████████████████████████████████████        
       iND-iND-iND-iND-iND-iND-2006-iND-iND-iND-iND-iND-iND




***The.Hills.Have.Eyes.UNRATED.German.AC3.DUBBED.DL.NTSC.DVDR-iND***





SoURCE________ : R1 NTSC D9 (THX MPTDVD)

LaNGUAGE______ : English 5.1 / Deutsch 2.0   je 448 kbps   48khz

SuBTITLES_____ : English/Spanish/French

ExTRAS________ : NoNE Links disabled for 2nd audio

ViDEO_________ : 16:9    5 PaSS CCE 

CoDEC_________ : Mpeg-2 




KiNO_DaTE_____ : 22.03.06

DvD_DaTE______ : no Date given

ReLEASE_DaTE__ : 11.06.06




GeNRE_________ : Horror / Thriller

RuNTiME_______ : 108 minutes




imDB LiNK_____ : http://www.imdb.com/title/tt0454841/

imDB RaTiNG___ : 6.4/10







MoViE:


Die stinknormale Vorstadt-Mittelstaendler-Familie 
Carter durchquert mit ihrem Wohnmobil die Vereinigten 
Staaten. Ausgerechnet in einer weithin mit Warnschildern 
ausgewiesenen, gottverlassenen Wuestengegend, in der die 
Regierung vor noch nicht allzu langer Zeit vielleicht 
Atomwaffen testete, bleibt der Karren liegen. Die nichts 
Boeses ahnenden Carters sehen sich ploetzlich den Attacken 
eines aggressiven Kannibalen-Clans ausgesetzt.
                                               ≈  ◄¬  ♂■ ┌ª≈ ┌≈                 
                                        ≈  ┌■≈ ▀► ε·┴ƒ∙·¼╥·└▄∙┤ ╧ç              
                                        ◘¢ £·≤ƒ∙·▀· εε  ∩ ··ε ├∩·┤≈▄            
                                        ╫ ▀─· ╕ ··  ·ε ·    ·· ··♠ε◄            
                                        │∙·· ε      ··   ∙ · ∙∙ε ε │            
                                        │ ∙··∙εε∙·≡· · ··· ≡ ·≥≡·∩·┤            
                                        │    ·∙ ∙·· · · ∙ ∙··· ∙∙··£            
                                        ├ ∙· ·ε∙ ··· ·∙ ε··  ∩·    ╘            
                                        ├ ε· · ∩    ·∙  · ∙ ·∙ · ∙ ►            
                                        │  · ∙  ·  ·   · ·∙· ·∙·· ─             
                                        │   ·ε≡··· ··─· ·  ∙··· ∙∙╣             
                                        ├∙∙  ·∙· ε· ≡ε∙· · ∩ · ··∙◄             
                                        ♦ε  ∩   ··· ∙∩ ≈  ─·─  ·  ◄             
                                       ╜ ▬╧∟∟▬≈···┌►▀εεε▀∟≈·· ─∙· ◄             
                                      ◄•ε     ε◄≈♥∙       ▀¿·  ε─∙◄             
                                      É         ╛           Ç··  ·◄             
                                     ï          ∙           └≡∙ ─ ◄             
                                     £         ◄              ∙ ··◄             
                                     ▐         ◄            ┌ε  ··╣             
                                     └ ≈     ≈▬▬▲  ██       é≡∙∙∙ ▄≈            
                                      ⌠██ ≈═ε ·∩∩■ ∩ε     ≈┘ ·· ·▼ε≈└≈          
                                       ε▄▄╥∙ ∙ · ·ⁿ╧≈≈≈≈▄•ε∙∩∩·  ε╛↨ ╓          
  1. Have Fun with this nice Release.   ï∙■≈  ε · ∙ ∙εεε  · ·    ·∙└▄ε          
                                         û∙∩▀▀▀╒   · ∙ε  · ∙ ε ∙▀•▄♦ε           
                                        ◄··∩   · · ≡─ ≡ ···  ≈▄▬▄≈∩à            
                                        ├ε  ·ε · ∙·· ·∙ ·▄•°▀ε≈▄██ ·►           
                                        └▄≈≈ε  ··  ▄▄▬↔▀ε ≈≈▄████ε≡ÿ∙           
                                          ▀▀▀▀▀▀▀▀▀▄≈▬╧▄▄██████▀ε ≈√            
                                                    ∙¡▒█████▀▀ε · ♫             
  2. Nukers FuCK U even if u are right.            ¬▀ε█▀▀▀ε  ·· ∩ε▄►            
                                                   └╗≈   ∙·  ··∙ ▄██►           
                                                     └≈∩∙─ ≡  ≈▄█████▄▄≈        
                                                      ██■♥▄▄♥████████████▄      
                                                     █████████████████████┐     
                                               ╧¬≈   ██████████████████████≈    
  3. !!!!KeeP ThE ScEAN ClEAN!!!!             └≈··½  ████████████████▀▀▀███╓    
                                          ◄▼↔▄■▀φ  √├███╥∩▀████████ ·∙∩εε·██    
                                          ▄ÿ▀∙  ∩ε·▄█████▄↨  ∙╥ ▀█╥∙∙ · ·∙██    
                                           ¼▄▄╒· ▄█████████▀▀≈∙ì █∙ε∙∙   ∙│     
                                             ∩▄≈██████████►∙·╒ ╒·∩ ε∙··   ►     
                                               ████████▀▀ε ·  ··  ∙   ··∙▄█     
                                              ████████▀≈≈≈≈ ·  · ≡··∙  ∩▄███    
                                             ██████████████▄▄█▄▄≈≈≈≈▄▄▄█████    
                                            ████████████████████████████████    
                                            █████████████████████████████████   
                                            █████████████████████████████████   
                                             ████████████████████████████████
