ÔĽŅ


                                               ‚ąô

                                              ‚ĖĄ‚ĖÄ‚ĖĄ
                                               ‚Ėď
                                               ‚ĖĎ










                ‚ĖĎ






                   ‚ĖĎ

                    ‚Ė†

                                ‚ĖĎ
                         ‚ĖĎ
                          ‚Ė†    ‚Ė†
                            ‚Ėď

                          ‚ĖĎ    ‚ĖÄ
                         ‚Ė†       ‚ĖĎ
                       ‚Ėď

                    ‚ĖÄ
                  ‚ĖĎ                  ‚ĖĎ
                 ‚ĖÄ             ‚ĖĎ‚ĖĎ‚ĖĎ
           ‚ĖÄ ‚ĖĄ‚ĖĄ‚ĖĄ    ‚ĖĄ‚ĖĄ‚ĖĄ  ‚ĖĄ‚ĖĄ‚ĖĄ   ‚Ėí‚Ėí‚Ėí  ‚ĖĄ‚ĖĄ‚ĖĄ‚ĖĄ‚ĖĄ‚ĖĄ‚ĖĄ    ‚ĖĄ‚ĖĄ‚ĖĄ‚ĖĄ‚ĖĄ‚ĖĄ‚ĖĄ   ‚Ėą‚Ėą‚ĖĄ‚ĖĄ‚ĖĄ‚ĖĄ‚ĖĄ‚ĖĄ‚ĖĄ‚ĖĄ
             ‚ĖĄ‚Ėą‚Ėą‚Ėą   ‚Ėą‚Ėą‚Ėą  ‚Ėą‚Ėą‚Ėą   ‚Ėí‚Ėí‚Ėí  ‚Ėą‚Ėą‚Ėą  ‚ĖÄ‚Ėď‚Ėď   ‚Ėą‚Ėą‚Ėą  ‚ĖÄ‚Ėď‚Ėď   ‚Ėą‚Ėą‚Ėą   ‚Ėą‚Ėą‚Ėą
              ‚Ėą‚Ėą‚Ėą   ‚Ėą‚Ėą‚Ėą  ‚Ėą‚Ėą‚Ėą   ‚Ėď‚Ėď‚Ėď  ‚Ėą‚Ėą‚Ėą   ‚Ėą‚Ėą‚Ėą  ‚Ėą‚Ėą‚Ėą   ‚Ėą‚Ėą‚Ėą  ‚Ėą‚Ėą‚Ėą   ‚Ėą‚Ėą‚Ėą
           ‚ĖÄ  ‚Ėą‚Ėą‚Ėą   ‚Ėą‚Ėą‚Ėą  ‚Ėą‚Ėą‚Ėą   ‚Ėď‚Ėď‚Ėď  ‚Ėą‚Ėą‚Ėą   ‚Ėą‚Ėą‚Ėą  ‚Ėą‚Ėą‚Ėą   ‚Ėą‚Ėą‚Ėą  ‚Ėą‚Ėą‚Ėą   ‚Ėą‚Ėą‚Ėą
              ‚Ėą‚Ėą‚Ėą   ‚Ėą‚Ėą‚Ėą  ‚Ėą‚Ėą‚Ėą   ‚Ėą‚Ėą‚Ėą  ‚Ėą‚Ėą‚Ėą   ‚Ėą‚Ėą‚Ėą  ‚Ėą‚Ėą‚Ėą   ‚Ėą‚Ėą‚Ėą  ‚Ėą‚Ėą‚Ėą   ‚Ėą‚Ėą‚Ėą
         ‚ĖÄ    ‚Ėą‚Ėą‚Ėą   ‚Ėą‚Ėą‚Ėą  ‚Ėą‚Ėą‚Ėą   ‚Ėą‚Ėą‚Ėą  ‚Ėą‚Ėą‚Ėą   ‚Ėą‚Ėą‚Ėą  ‚Ėď‚Ėą‚Ėą        ‚Ėą‚Ėą‚Ėą   ‚Ėą‚Ėą‚Ėą
              ‚Ėą‚Ėą‚Ėą   ‚Ėą‚Ėą‚Ėą  ‚Ėą‚Ėą‚Ėą‚ĖĆ  ‚Ėą‚Ėą‚Ėą  ‚Ėą‚Ėą‚Ėą   ‚Ėą‚Ėą‚Ėą  ‚Ėą‚Ėą‚Ėą    ‚ĖĄ‚ĖĄ‚ĖÄ ‚Ėą‚Ėą‚Ėą ‚ĖĄ‚ĖÄ‚ĖÄ
        ‚ĖĄ     ‚Ėą‚Ėą‚Ėą   ‚Ėą‚Ėą‚Ėą  ‚Ėą‚Ėą‚Ėą‚Ėą  ‚Ėą‚Ėą‚Ėą  ‚Ėą‚Ėą‚Ėą   ‚Ėą‚Ėą‚Ėą  ‚Ėą‚Ėą‚Ėą‚ĖĄ ‚ĖÄ‚Ėą‚Ėą‚Ėą  ‚Ėą‚Ėą‚Ėą‚Ėź‚ĖĆ
       ‚ĖÄ‚ĖĎ‚ĖÄ   ‚ĖÄ‚Ėą‚Ėą‚Ėą‚ĖÄ  ‚Ėą‚Ėą‚Ėą‚ĖÄ ‚Ėą‚Ėą‚Ėą ‚ĖÄ‚ĖĄ‚Ėą‚Ėą‚Ėą ‚ĖÄ‚Ėą‚Ėą‚Ėą‚ĖÄ  ‚Ėą‚Ėď‚Ėď ‚ĖĄ‚Ėą‚Ėą‚Ėą   ‚Ėą‚Ėą‚Ėą ‚ĖÄ‚Ėą‚Ėą‚Ėą ‚ĖÄ‚ĖĄ‚ĖĄ
              ‚Ėą‚Ėą‚Ėą   ‚Ėą‚Ėą‚Ėą  ‚Ėą‚Ėą‚Ėą  ‚Ėź‚Ėą‚Ėą‚Ėą  ‚Ėą‚Ėą‚Ėą   ‚Ėą ‚ĖÄ‚ĖÄ ‚Ėą‚Ėą‚Ėą        ‚Ėą‚Ėą‚Ėą   ‚Ėą‚Ėą‚Ėą
         ‚Ėą    ‚Ėą‚Ėą‚Ėą   ‚Ėą‚Ėą‚Ėą  ‚Ėą‚Ėą‚Ėą   ‚Ėą‚Ėą‚Ėą  ‚Ėą‚Ėą‚Ėą   ‚Ėą‚Ėą‚Ėď  ‚Ėą‚Ėą‚Ėą        ‚Ėą‚Ėą‚Ėą   ‚Ėą‚Ėą‚Ėą
              ‚Ėą‚Ėą‚Ėą   ‚Ėą‚Ėą‚Ėą  ‚Ėą‚Ėą‚Ėą   ‚Ėą‚Ėą‚Ėą  ‚ĖÄ‚ĖÄ‚Ėą‚ĖĄ  ‚Ėą‚Ėą‚Ėą  ‚ĖÄ‚ĖÄ‚Ėą‚ĖĄ  ‚Ėą‚Ėą‚Ėą  ‚Ėą‚Ėą‚Ėą   ‚Ėą‚Ėą‚Ėą
           ‚ĖÄ  ‚Ėź‚Ėą‚Ėą   ‚Ėą‚Ėą‚ĖĆ  ‚Ėą‚Ėą‚Ėą   ‚Ėą‚Ėą‚Ėą  ‚ĖĄ‚ĖĄ  ‚ĖÄ‚ĖĄ‚Ėą‚Ėą‚Ėą  ‚ĖĄ‚ĖĄ  ‚ĖÄ‚ĖĄ‚Ėą‚Ėą‚Ėą  ‚Ėą‚Ėą‚Ėą   ‚Ėą‚Ėą‚Ėą
             ‚ĖÄ ‚ĖÄ‚Ėą‚ĖĄ ‚ĖĄ‚Ėą‚Ėą‚ĖĄ‚ĖĄ ‚Ėą‚Ėą‚Ėą   ‚Ėą‚Ėą‚Ėą ‚Ėź‚ĖĆ ‚ĖÄ  ‚Ėź‚Ėą‚Ėą  ‚Ėź‚ĖĆ ‚ĖÄ  ‚Ėź‚Ėą‚Ėą   ‚Ėą‚Ėą‚Ėą   ‚Ėą‚Ėą‚Ėą
            ‚ĖĄ   ‚ĖĄ ‚Ėą‚Ėą‚ĖÄ   ‚ĖÄ‚Ėą‚Ėą‚Ėą   ‚ĖÄ‚ĖĄ‚Ėą  ‚ĖÄ‚Ėą‚ĖĄ‚ĖĄ‚ĖĄ‚Ėą‚ĖÄ‚ĖĄ‚ĖĄ‚ĖĄ‚ĖĄ‚Ėą‚Ėą‚ĖĄ‚ĖĄ‚ĖĄ‚ĖÄ‚Ėą‚ĖĄ‚ĖĄ‚ĖĄ‚ĖĄ‚Ėą‚Ėą‚Ėą‚ĖĄ  ‚Ėą‚Ėą‚Ėą
     ‚ĖĄ  ‚ĖĄ‚ĖĄ‚Ėą‚ĖÄ      ‚Ėź‚Ėą     ‚Ėą‚Ėą‚Ėą ‚ĖĄ ‚Ėą‚Ėą‚Ėą   ‚Ėą‚Ėą‚Ėą  ‚Ėą‚Ėą‚Ėą  ‚ĖÄ‚Ėď‚Ėď   ‚Ėą‚Ėą‚Ėą   ‚Ėą‚Ėą‚Ėą  ‚ĖĄ‚Ėą‚ĖÄ‚ĖÄ‚ĖÄ‚Ėą‚ĖĄ
      ‚ĖÄ‚ĖÄ‚Ėą‚Ėą‚Ėą         ‚ĖÄ   ‚Ėź‚Ėą‚Ėą‚Ėą‚Ėą  ‚Ėą‚Ėą‚Ėą   ‚Ėą‚Ėą‚Ėą  ‚Ėą‚Ėą‚Ėą   ‚Ėą‚Ėą‚Ėą  ‚Ėą‚Ėą‚Ėą   ‚Ėą‚Ėą‚Ėą ‚Ėź‚ĖĆ ‚ĖĄ  ‚Ėź‚Ėą‚Ėą
        ‚Ėą‚Ėą‚Ėą         ‚ĖÄ‚ĖĄ‚ĖĄ‚ĖÄ‚ĖÄ‚Ėą‚Ėą‚Ėą‚ĖĆ  ‚Ėą‚Ėą‚Ėą   ‚Ėą‚Ėą‚Ėą  ‚Ėą‚Ėą‚Ėą   ‚Ėą‚Ėą‚Ėą  ‚Ėą‚Ėą‚Ėą   ‚Ėą‚Ėą‚Ėą  ‚ĖÄ‚ĖÄ  ‚ĖĄ‚ĖÄ‚Ėą‚Ėą‚Ėą
        ‚Ėą‚Ėą‚Ėą        ‚Ėą‚Ėą‚Ėą‚ĖĆ  ‚Ėą‚Ėą‚Ėą   ‚Ėą‚Ėą‚Ėą   ‚Ėą‚Ėą‚Ėą  ‚Ėą‚Ėą‚Ėą   ‚Ėą‚Ėą‚Ėą  ‚Ėą‚Ėą‚Ėą   ‚Ėą‚Ėą‚Ėą  ‚ĖĄ‚ĖĄ‚Ėą‚ĖÄ  ‚Ėą‚Ėą‚Ėą
        ‚Ėą‚Ėą‚Ėą    ‚ĖĄ   ‚Ėą‚Ėą‚Ėą  ‚ĖĄ‚Ėą‚Ėą‚Ėą   ‚Ėą‚Ėą‚Ėą ‚ĖĄ‚ĖÄ‚ĖÄ  ‚ĖÄ ‚Ėą‚Ėą‚Ėą        ‚Ėą‚Ėą‚Ėą ‚ĖĄ‚ĖÄ‚ĖÄ  ‚ĖÄ ‚Ėą‚Ėą‚Ėą   ‚Ėą‚Ėą‚Ėą
        ‚Ėą‚Ėą‚Ėą‚ĖĄ‚ĖĄ‚ĖÄ‚ĖÄ        ‚ĖĄ‚ĖĄ‚Ėą‚Ėą‚Ėą   ‚Ėą‚Ėą‚Ėą‚Ėź‚ĖĆ      ‚Ėą‚Ėą‚Ėą    ‚ĖĄ‚ĖĄ‚ĖÄ ‚Ėą‚Ėą‚Ėą‚Ėź‚ĖĆ      ‚Ėą‚Ėą‚Ėą
     ‚ĖÄ‚ĖĄ‚ĖĄ‚Ėą‚Ėą‚Ėą    ‚ĖĄ‚ĖĄ‚ĖÄ ‚ĖĄ‚Ėą‚Ėą‚ĖÄ  ‚Ėą‚Ėą‚Ėą‚ĖĄ  ‚Ėą‚Ėą‚Ėą ‚ĖÄ‚ĖĄ‚ĖĄ  ‚ĖĄ ‚Ėą‚Ėą‚Ėą‚ĖĄ ‚ĖÄ‚Ėą‚Ėą‚Ėą  ‚Ėą‚Ėą‚Ėą ‚ĖÄ‚ĖĄ‚ĖĄ  ‚ĖĄ ‚Ėą‚Ėą‚Ėą
        ‚Ėą‚Ėą‚Ėą  ‚ĖÄ‚Ėą‚Ėą‚Ėą  ‚Ėą‚Ėą‚Ėą   ‚Ėą‚Ėą‚Ėą   ‚Ėą‚Ėą‚Ėą   ‚Ėą‚ĖÄ‚ĖÄ ‚ĖĄ‚Ėą‚Ėą‚Ėą   ‚Ėą‚Ėą‚Ėą  ‚Ėą‚Ėą‚Ėą   ‚Ėą‚Ėą‚Ėą  ‚Ėą‚Ėą‚Ėą    ‚ĖĄ‚ĖĄ‚ĖÄ
        ‚Ėą‚Ėą‚Ėą   ‚Ėą‚Ėą‚Ėą  ‚Ėą‚Ėą‚Ėą   ‚Ėą‚Ėą‚Ėą   ‚ĖÄ‚Ėą‚Ėą   ‚Ėą‚Ėď‚ĖÄ‚ĖÄ ‚Ėą‚Ėą‚Ėą        ‚Ėą‚Ėą‚Ėą   ‚Ėą‚Ėą‚Ėą  ‚Ėą‚Ėą‚Ėą‚ĖĄ ‚ĖÄ‚Ėą‚Ėą‚Ėą
        ‚Ėą‚Ėą‚Ėą   ‚Ėą‚Ėą‚Ėą  ‚Ėą‚Ėą‚Ėą   ‚Ėą‚Ėą‚Ėą   ‚Ėą‚Ėą‚Ėą   ‚Ėą‚Ėď‚Ėď  ‚Ėą‚Ėą‚Ėą   ‚Ėą‚Ėą‚Ėą  ‚Ėą‚Ėą‚Ėą   ‚Ėą‚Ėą‚Ėą ‚ĖĄ‚ĖÄ‚ĖÄ    ‚Ėą‚Ėą‚Ėą
        ‚Ėą‚Ėą‚Ėą   ‚Ėą‚Ėą‚Ėą  ‚Ėą‚Ėą‚Ėą   ‚Ėą‚Ėą‚Ėą   ‚Ėą‚Ėą‚Ėą‚ĖĄ  ‚Ėą‚Ėą‚Ėą  ‚ĖÄ‚ĖÄ‚Ėą‚ĖĄ  ‚Ėą‚Ėą‚Ėą  ‚Ėď‚Ėď‚Ėď   ‚Ėą‚Ėą‚Ėą        ‚Ėą‚Ėą‚Ėą
        ‚Ėą‚Ėą‚Ėą   ‚Ėą‚Ėą‚Ėą  ‚Ėą‚Ėą‚Ėą   ‚Ėą‚Ėą‚Ėą   ‚Ėą‚Ėą‚Ėą ‚ĖÄ ‚Ėą‚Ėą‚Ėą  ‚ĖĄ‚ĖĄ  ‚ĖÄ‚ĖĄ‚Ėą‚Ėą‚Ėą  ‚Ėď‚Ėď‚Ėď   ‚Ėą‚Ėą‚Ėą        ‚Ėą‚Ėą‚Ėą
        ‚Ėą‚Ėą‚Ėą  ‚ĖĄ‚Ėą‚ĖÄ‚ĖÄ  ‚Ėą‚Ėą‚Ėą  ‚ĖĄ‚Ėą‚Ėą‚ĖÄ   ‚Ėą‚Ėą‚Ėą   ‚Ėą‚Ėą‚Ėą ‚Ėź‚ĖĆ ‚ĖÄ  ‚Ėź‚Ėą‚Ėą   ‚Ėí‚Ėí‚Ėí        ‚Ėą‚Ėą‚Ėą   ‚Ėą‚Ėą‚Ėą
        ‚Ėą‚Ėą‚Ėą‚ĖĄ‚ĖÄ  ‚ĖĄ‚ĖĄ  ‚Ėą‚Ėą‚Ėą‚ĖÄ‚ĖÄ    ‚ĖĄ‚ĖĄ‚ĖĎ ‚ĖÄ‚ĖÄ‚ĖÄ‚ĖÄ ‚Ėą‚Ėą‚Ėą‚ĖĄ ‚ĖÄ‚Ėą‚ĖĄ‚ĖĄ‚ĖĄ‚Ėą‚ĖÄ    ‚Ėí‚Ėí‚Ėí        ‚Ėą‚Ėą‚Ėą  ‚ĖĄ‚Ėą‚ĖÄ‚ĖÄ
         ‚Ėą‚Ėą‚ĖĆ  ‚ĖÄ ‚Ėź‚ĖĆ    ‚ĖĎ  ‚ĖÄ‚ĖÄ          ‚Ėą‚Ėą‚Ėą  ‚ĖÄ          ‚ĖĎ‚ĖĎ‚ĖĎ        ‚Ėą‚Ėą‚Ėą‚ĖĄ‚ĖÄ  ‚ĖĄ‚ĖĄ
          ‚ĖÄ‚Ėą‚ĖĄ‚ĖĄ‚ĖĄ‚Ėą‚ĖÄ    ‚ĖÄ‚Ėď‚ĖÄ             ‚ĖÄ‚ĖÄ‚Ėą‚ĖĄ  ‚ĖĎ‚ĖĎ‚ĖĎ                   ‚Ėą‚Ėą‚ĖĆ  ‚ĖÄ ‚Ėź‚ĖĆ
                  ‚ĖĎ‚ĖĄ               ‚Ėď‚Ėď‚ĖĄ‚ĖĄ  ‚ĖÄ‚ĖĄ‚Ėď‚Ėď‚Ėď                    ‚ĖÄ‚Ėą‚ĖĄ‚ĖĄ‚ĖĄ‚Ėą‚ĖÄ
                                  ‚Ėí‚Ėí‚Ėą‚ĖĆ ‚ĖÄ  ‚Ėź‚Ėą‚Ėą
                ‚ĖĎ‚ĖÄ                ‚Ėí‚Ėí ‚ĖÄ‚Ėą‚ĖĄ‚ĖĄ‚ĖĄ‚Ėą‚ĖÄ
                                                RELEASE.DATE: 12.10.2022
        Tili-tili-bom              ‚ĖĄ‚ĖĄ           BD.DATE.....: 27.09.2022
        Zakroy glaza skoreye       ‚Ėí‚Ėí           CiNE.DATE...: 17.10.1997
        Kto-to khodit za oknom
        I stuchitsya v dveri         ‚ĖĎ‚ĖĎ         SUBS....: GERMAN, ENGLiSH
                             ‚ĖÄ ‚ĖĄ       ‚ĖĎ‚ĖĎ       SOURCE..: BD
                                    ‚Ė†     ‚ĖĄ     REGiON..: B // REGiONFREE
                                           ‚ĖĎ
                                          ‚ĖÄ     RUNTiME..: 1H 40MiN 52SEC
                                                GENRE....: HORROR, MYSTERY



  Ich.Weiss.Was.Du.Letzten.Sommer.Getan.Hast.1997.GERMAN.DL.2160P.UHD.BLURAY.HEV
C-UNDERTAKERS


         Four young friends bound by a tragic accident are
         reunited when they find themselves being stalked
         by a hook-wielding maniac in their small seaside town.

         5.8/10 from 146.626 users
         https://www.imdb.com/title/tt0119345/



         AUDiO.......: GERMAN   [DTS-HD MA // 5.1 // 2.209 kbps]
                       ENGLiSH  [True HD // 7.1 // 5.312 kbps]

         ViDEO.......: UNTOUCHED [23.976FPS // HEVC // 74.100 kbps]
                                                           ‚ĖĄ

                                                         ‚ĖÄ
               ‚ĖĄ ‚ĖĄ‚ĖĄ‚ĖĄ‚ĖĄ‚ĖĄ                                                  ‚ĖĄ‚ĖĄ‚ĖĄ‚ĖĄ‚ĖĄ ‚ĖĄ
        ‚ĖĄ  ‚ĖÄ‚ĖÄ        ‚ĖÄ‚ĖÄ‚ĖÄ‚ĖĄ‚ĖĄ                              ‚Ėź‚ĖĆ          ‚ĖĄ‚ĖĄ‚ĖÄ‚ĖÄ‚ĖÄ
   ‚ĖÄ                      ‚ĖÄ‚Ėą‚ĖĄ                            ‚ĖĎ       ‚ĖĄ‚Ėą‚ĖÄ
                           ‚Ėź‚Ėď                             ‚ĖÄ     ‚Ėď‚Ėď        ‚ĖĄ
                            ‚ĖĎ‚ĖĎ                              ‚ĖĄ   ‚Ėď‚Ėď     ‚ĖĎ‚ĖĎ
                           ‚ĖĎ‚ĖĎ                                 ‚ĖĎ  ‚Ėď‚Ėď  ‚ĖĎ‚ĖĎ
                          ‚ĖĎ‚ĖĎ    ‚ĖĄ‚ĖĄ‚ĖÄ‚ĖĄ‚Ėď‚ĖÄ‚ĖĄ‚ĖÄ‚ĖĄ ‚ĖĄ                    ‚ĖĄ  ‚Ėí‚Ėí‚ĖĎ‚ĖĎ
                        ‚ĖĎ‚ĖĎ  ‚ĖĄ ‚Ėą‚ĖÄ‚ĖĄ‚ĖÄ‚Ėą‚ĖÄ‚ĖĄ‚ĖÄ‚ĖĄ‚ĖÄ‚ĖĄ‚ĖÄ‚ĖĄ ‚Ėą‚ĖĄ                 ‚ĖĎ‚Ėď  ‚ĖĎ‚ĖĎ
                      ‚ĖĎ‚ĖĎ  ‚ĖĄ‚ĖÄ‚ĖĄ‚ĖÄ‚ĖĄ‚ĖÄ‚ĖĄ‚ĖÄ‚ĖÄ‚Ėą‚ĖĄ‚ĖÄ‚ĖĄ‚ĖÄ‚ĖĄ‚ĖÄ‚ĖĄ‚ĖÄ‚ĖĄ‚ĖÄ‚Ėą‚Ėą‚ĖĄ               ‚Ėď   ‚ĖÄ
                    ‚ĖĎ‚ĖĎ   ‚Ėď ‚ĖÄ ‚ĖÄ‚ĖĄ  ‚ĖÄ   ‚ĖÄ‚ĖĄ‚ĖÄ ‚ĖÄ‚ĖĄ‚Ėą‚ĖĄ‚ĖÄ‚Ėą‚ĖĄ‚Ėą‚ĖÄ‚Ėą‚ĖĄ           ‚ĖĄ     ‚Ė†
                  ‚Ė†     ‚ĖÄ‚ĖĄ‚ĖĎ‚ĖĎ ‚Ėą‚ĖĄ‚Ėą‚Ėą‚Ėą‚Ėą‚ĖĄ‚ĖĄ‚ĖĄ‚ĖĄ‚ĖĄ    ‚ĖÄ‚ĖÄ‚ĖĄ‚ĖÄ‚Ėą ‚ĖÄ‚Ėą‚ĖĄ‚ĖĄ                ‚Ėí‚Ėí
               ‚ĖĎ‚ĖĎ      ‚ĖĎ‚ĖĎ‚ĖĄ‚Ėď‚Ėď‚Ėą‚Ėą‚Ėą‚Ėą‚Ėď‚Ėď‚Ėą‚Ėą‚Ėą‚Ėą‚Ėą‚Ėą‚Ėą‚Ėď‚Ėď‚ĖĄ‚ĖĄ‚ĖÄ ‚ĖÄ‚Ėą‚Ėą ‚ĖĄ‚ĖÄ‚ĖĄ‚ĖÄ    ‚ĖĄ
             ‚ĖĎ‚ĖĎ       ‚ĖĄ‚Ėď‚Ėď‚Ėą‚Ėą‚Ėą‚Ėą‚Ėą‚Ėí‚Ėí‚ĖÄ‚Ėą‚Ėą‚Ėą‚Ėą‚Ėą‚Ėą‚ĖÄ ‚ĖÄ‚Ėą‚Ėą‚Ėą‚Ėą‚Ėą  ‚Ėą‚ĖĄ‚ĖĄ‚ĖÄ‚ĖĄ‚ĖÄ‚ĖĄ‚ĖÄ              ‚ĖĎ‚ĖĎ
            ‚ĖĎ‚ĖĎ       ‚ĖĄ‚Ėą‚ĖĄ‚ĖÄ‚ĖÄ‚ĖÄ ‚ĖÄ‚ĖÄ ‚ĖĄ‚Ėą‚ĖĄ ‚ĖÄ‚ĖÄ‚ĖÄ‚ĖĎ‚ĖĎ      ‚ĖÄ‚Ėą‚ĖĄ ‚Ėą ‚ĖÄ‚Ėą‚ĖÄ‚ĖĄ‚ĖÄ‚ĖĄ
            ‚ĖĎ‚ĖĎ      ‚ĖĄ‚ĖÄ‚ĖÄ      ‚ĖĎ‚Ėí‚Ėď‚Ėą‚Ėď‚Ėď‚ĖĎ‚ĖĎ           ‚Ėą  ‚Ėą‚ĖĄ‚Ėą‚ĖÄ‚Ėą‚ĖÄ‚Ėą‚Ėą‚ĖĄ           ‚ąô
                          ‚Ė†   ‚ĖÄ  ‚ĖÄ‚ĖÄ‚Ėą‚ĖĆ  ‚Ė†        ‚ĖĄ  ‚Ėą ‚Ėą‚ĖÄ‚Ėą‚ĖĄ‚ĖÄ‚Ėą‚Ėą‚ĖĄ         ‚Ė†
              ‚ĖĎ‚ĖĎ   ‚ĖĄ       ‚ĖĄ‚ĖĎ‚ĖĎ    ‚ĖĎ‚ĖĎ‚Ėą‚ĖĄ         ‚ĖĄ‚Ėą‚Ėą ‚Ėą‚ĖĄ ‚Ėą‚Ėą‚Ėą‚ĖĄ‚Ėą‚Ėą‚Ėą        ‚Ė†  ‚ĖĎ‚ĖĎ
               ‚ĖĎ‚ĖĎ  ‚ĖÄ‚Ėą‚ĖĄ‚ĖÄ‚ĖĄ‚ĖĄ‚ĖĄ‚Ėď‚Ėď‚ĖĆ      ‚Ėď‚Ėď‚ĖÄ‚Ėą‚ĖĄ‚ĖĄ‚ĖĄ‚ĖÄ  ‚ĖĄ‚Ėď‚Ėď‚ĖĄ‚ĖĄ  ‚ĖÄ‚ĖĄ ‚Ėą‚Ėą ‚Ėą‚Ėą‚Ėą‚Ėą     ‚ĖĎ‚ĖĎ
                    ‚Ėď‚Ėď‚ĖÄ‚ĖÄ ‚ĖĎ‚Ėą‚Ėą        ‚Ėď‚ĖĄ‚Ėą‚ĖÄ‚ĖÄ ‚ĖĎ‚ĖĎ    ‚ĖÄ‚ĖÄ‚Ėą   ‚ĖÄ‚ĖÄ‚Ėą‚Ėą ‚Ėą‚Ėą‚Ėą‚Ėą    ‚ĖÄ     ‚ĖĎ‚ĖĎ
                   ‚ĖĎ‚ĖĎ     ‚Ėď‚Ėą‚ĖĄ       ‚ĖĎ‚ĖÄ‚ĖĄ           ‚Ėď‚Ėď     ‚Ėą‚ĖĄ‚Ėą‚Ėą‚Ėą‚Ėą‚Ėą ‚ĖĎ‚ĖĎ       ‚ĖĎ‚ĖĎ
                         ‚Ėź‚Ėą‚ĖÄ‚Ėď ‚Ėą‚ĖĄ‚ĖĄ‚ĖĄ‚ĖĄ‚Ėą‚Ėď‚ĖĄ‚Ėą‚ĖĄ         ‚ĖĄ‚ĖĄ‚ĖĎ‚ĖĎ     ‚Ėą‚ĖĄ‚Ėą‚Ėą‚Ėą‚Ėą‚Ėí‚Ėí
                ‚ĖĎ‚ĖĎ      ‚Ėź‚Ėą‚ĖÄ‚Ėą‚ĖÄ‚Ėď‚ĖÄ‚Ėą‚ĖĄ‚Ėą‚Ėą‚Ėď ‚Ėď‚Ėą‚Ėą‚ĖÄ‚ĖĄ‚ĖĄ‚ĖÄ   ‚ĖÄ‚ĖÄ  ‚ĖÄ      ‚ĖĄ‚Ėą‚ĖĄ‚Ėą‚Ėą‚Ėď‚Ėď‚ĖĄ         ‚ĖĎ‚ĖĎ
               ‚Ėí‚Ėí‚ĖÄ ‚ĖĎ‚ĖĎ   ‚ĖĄ‚ĖĄ ‚ĖĄ ‚ĖĎ  ‚Ėď  ‚ĖĄ ‚Ėď‚ĖÄ‚Ėď‚ĖĆ  ‚ĖĄ‚Ėą         ‚ĖĄ‚ĖĄ‚ĖĄ‚Ėą‚Ėą‚Ėą‚Ėą‚Ėą‚Ėď‚Ėď‚Ėą‚Ėą‚ĖĄ        ‚ĖĎ‚ĖĎ
              ‚Ėď‚Ėď‚ĖĄ‚Ėď‚Ėď    ‚Ėą ‚Ėą ‚Ėď    ‚ĖĎ ‚ĖĄ‚ĖÄ  ‚ĖĄ ‚Ėą    ‚ĖÄ       ‚Ėą‚ĖÄ‚ĖÄ‚Ėą‚Ėą‚Ėą‚Ėą ‚Ėď‚Ėď‚Ėą‚Ėą‚Ėą‚Ėą‚Ėą      ‚ĖĎ‚ĖĎ
             ‚ĖĄ‚Ėą‚Ėą‚ĖÄ        ‚ĖÄ        ‚ĖÄ‚ĖÄ ‚Ėą ‚ĖĄ            ‚ĖÄ‚Ėą ‚Ėą‚Ėą‚Ėą‚Ėď‚Ėď‚ĖĆ‚Ėź‚Ėą‚Ėą‚Ėą‚Ėą‚Ėą‚Ėą‚Ėą
             ‚Ėď‚Ėď‚ĖÄ                   ‚ĖÄ   ‚ĖÄ         ‚Ėą‚ĖĄ      ‚Ėí‚Ėí‚Ėď‚Ėď ‚Ėą‚Ėą‚Ėą‚Ėą‚ĖÄ‚Ėą‚Ėą‚Ėą  ‚ĖĎ‚ĖĎ    ‚ĖĎ
            ‚ĖĎ‚ĖĎ‚ĖÄ  ‚ĖĄ‚ĖĄ    ‚ĖĆ‚ĖÄ                         ‚Ėą    ‚ĖĎ‚ĖĎ ‚ĖĎ‚ĖĎ  ‚Ėź‚Ėą‚Ėą‚Ėą‚Ėą‚ĖÄ‚Ėą‚Ėą‚Ėą‚Ėí‚Ėí
             ‚ĖĄ‚ĖĄ‚Ėą‚ĖÄ‚ĖÄ  ‚Ėź‚ĖĆ ‚Ėą ‚ĖĄ                        ‚ĖÄ‚Ėą ‚ĖĎ‚ĖĎ ‚ĖĄ‚ĖÄ    ‚Ėď‚Ėď‚Ėą‚Ėą‚Ėą‚ĖĄ‚Ėą‚Ėą‚Ėď‚Ėď     ‚ĖĎ‚ĖĎ
   ‚ĖÄ ‚ĖĄ   ‚ĖĄ‚ĖĄ‚ĖÄ‚ĖÄ     ‚Ėą  ‚Ėą ‚ĖÄ‚Ėą ‚ĖĄ                        ‚ĖĎ‚ĖĎ‚ĖĄ‚Ėí‚Ėí   ‚ĖĄ‚ĖĄ‚Ėď‚Ėď‚Ėą‚Ėą‚Ėą‚Ėą‚Ėą ‚Ėď‚Ėď‚Ėą‚Ėą‚ĖĄ  ‚ĖĎ‚ĖĎ
       ‚ĖÄ‚ĖÄ‚Ėą‚ĖĄ       ‚ĖĄ‚Ėą ‚Ėą‚ĖÄ ‚Ėą‚Ėą‚ĖĄ                      ‚ĖĎ‚ĖĎ‚ĖÄ ‚ĖĎ‚ĖĎ  ‚ĖĄ‚Ėą‚Ėď‚Ėď‚Ėą‚Ėą‚Ėą‚Ėą‚Ėą‚Ėą‚Ėą‚Ėą ‚Ėď‚Ėą‚Ėą‚Ėą‚Ėą‚Ėí‚Ėí
         ‚ĖĄ ‚ĖÄ‚ĖÄ‚ĖĄ‚ĖĄ   ‚ĖÄ‚Ėą  ‚Ėą‚ĖĄ ‚Ėą‚ĖĆ‚Ėź                    ‚ĖĎ‚ĖĎ  ‚ĖĎ‚ĖĎ   ‚ĖÄ‚Ėď‚Ėď‚Ėą‚Ėą‚Ėą‚Ėą‚Ėą‚Ėą‚Ėą‚Ėą‚Ėą‚ĖĄ‚ĖÄ‚Ėą‚Ėą‚Ėą‚Ėď‚Ėď‚ĖĄ
        ‚Ėą‚ĖÄ        ‚Ėą‚ĖÄ‚Ėą ‚Ėą  ‚Ėą‚Ėą ‚Ėą                   ‚ĖĎ‚ĖĎ   ‚ĖĎ‚ĖĎ   ‚ĖĄ‚ĖÄ‚ĖÄ‚Ėą‚Ėą‚Ėą‚Ėą‚Ėą‚Ėą‚Ėą‚Ėą‚Ėą ‚Ėą‚Ėą‚Ėď‚Ėď‚Ėą‚Ėą‚ĖĄ
       ‚Ėą          ‚Ėą‚ĖĄ‚Ėą ‚ĖÄ‚Ėą‚ĖĄ ‚Ėą‚Ėą‚Ėą‚ĖĆ ‚ĖĄ                 ‚ĖĎ‚ĖĎ    ‚ĖĎ‚ĖĎ  ‚ĖÄ‚ĖĄ    ‚ĖÄ‚ĖÄ‚ĖÄ‚Ėą‚Ėą‚ĖĆ‚Ėź‚Ėą‚Ėą‚Ėą‚Ėą‚Ėą‚Ėą‚Ėď
      ‚Ėą  ‚Ėą        ‚Ėą‚ĖÄ‚Ėą‚Ėą ‚Ėą‚ĖĄ ‚ĖÄ‚Ėą‚Ėą‚Ėą ‚Ėą‚ĖĆ‚Ė†                 ‚ĖĎ‚ĖĎ        ‚Ėą    ‚Ėą    ‚Ėź‚Ėď‚Ėď‚Ėą‚Ėą‚Ėą‚Ėą‚Ėą
     ‚Ėź‚ĖĆ ‚Ėą‚ĖÄ       ‚Ėą‚Ėą ‚Ėą‚Ėą‚ĖĄ ‚Ėą‚ĖÄ ‚Ėą‚Ėą‚Ėą‚ĖĄ‚Ėź‚Ėą ‚ĖĄ           ‚ĖĎ‚ĖĎ      ‚ĖĎ‚ĖĎ   ‚ĖĎ‚ĖĎ ‚Ėą   ‚ĖÄ‚ĖĄ   ‚Ėą‚Ėď‚Ėď‚Ėą‚Ėą‚Ėą‚Ėą‚Ėą
       ‚Ėą‚ĖÄ        ‚Ėą‚Ėą ‚Ėą‚Ėą‚Ėą ‚ĖÄ‚Ėą‚ĖÄ ‚Ėą‚Ėą‚Ėą ‚Ėą‚Ėą ‚ĖĄ    ‚ĖĄ‚ĖĄ ‚ĖĄ‚Ėď‚Ėď          ‚ĖĎ‚ĖĎ              ‚Ėď‚Ėď‚Ėą‚Ėą‚Ėą‚Ėą‚Ėą
     ‚ĖĄ‚ĖÄ‚ĖĄ‚ĖÄ       ‚ĖĄ‚Ėą‚Ėą ‚Ėą‚Ėą‚Ėą‚Ėą ‚Ėą ‚ĖÄ ‚Ėą‚Ėą‚Ėą‚Ėą‚Ėą‚ĖÄ     ‚Ėą                                ‚Ėď‚Ėď‚Ėą‚Ėą‚Ėą‚Ėą
    ‚ĖÄ‚ĖÄ ‚Ėą       ‚ĖĄ ‚Ėą‚Ėą ‚Ėą‚Ėą‚Ėą‚Ėą‚ĖĄ ‚Ėą‚ĖÄ‚ĖĄ ‚Ėą‚Ėą‚Ėą‚ĖĆ ‚ĖÄ    ‚Ėą                 ‚ĖĎ‚ĖĎ             ‚Ėą‚Ėď‚Ėď‚Ėą‚Ėą‚Ėą
      ‚Ėą‚ĖÄ       ‚ĖĄ ‚Ėą‚Ėą ‚Ėą‚Ėą‚Ėą‚Ėą‚Ėą‚Ėą ‚Ėď‚Ėą‚Ėą ‚Ėą‚Ėą ‚ĖÄ    ‚ĖĎ‚ĖĎ  Tili-tili-bom             ‚ĖÄ    ‚ĖÄ‚Ėď‚Ėď‚Ėą‚Ėą
     ‚ĖĄ‚Ėą        ‚ĖĄ ‚Ėą‚Ėą  ‚Ėą‚Ėą‚Ėą‚Ėą‚Ėą‚ĖĄ ‚ĖÄ‚ĖĄ  ‚ĖĄ‚ĖÄ   ‚ĖĎ‚ĖĎ ‚ĖĄ  Krichit nochnaya ptitsa   ‚Ėą      ‚Ėí‚Ėí‚ĖÄ
    ‚ĖĄ‚Ėą          ‚ĖĄ ‚ĖÄ  ‚Ėą‚Ėą‚Ėą‚Ėą‚Ėą ‚ĖĄ‚ĖÄ ‚ĖĄ‚Ė†  ‚ĖÄ‚ĖĄ‚ĖĎ‚ĖĎ     On uzhe probralsya v dom  ‚Ėą       ‚ĖĎ‚ĖĎ
   ‚ĖĄ‚Ėą             ‚ĖĄ  ‚ĖÄ‚Ėą‚Ėą‚Ėą‚ĖÄ‚ĖÄ‚ĖĄ‚ĖÄ‚ĖĄ‚ĖĄ ‚ĖĄ‚Ėď‚Ėď ‚ĖĄ  ‚ĖÄ   K tem, komu ne spitsya    ‚Ėą
   ‚ĖÄ ‚ĖĄ          ‚ĖĄ   ‚ĖĄ  ‚ĖÄ‚ĖÄ‚Ė†‚Ė† ‚ĖĄ‚ĖĄ ‚ĖĄ‚Ėď‚Ėď‚Ėą‚ĖĄ ‚ĖĄ  ‚Ėą            ‚ĖĄ               ‚Ėą      ‚ĖĎ‚ĖĎ
    ‚Ėą‚ĖÄ‚ĖĄ         ‚ĖÄ    ‚ĖĄ‚ĖÄ ‚ĖÄ‚ĖĄ ‚ĖĄ‚ĖĄ ‚ĖĄ‚Ėą‚Ėą‚Ėą‚Ėą‚Ėą ‚ĖĄ  ‚Ėą           ‚ĖÄ‚ĖĄ‚ĖÄ              ‚Ėą‚ĖĄ‚ĖĄ‚ĖĄ‚Ėą‚ĖĄ
  ‚ĖĄ‚Ėą‚ĖÄ ‚Ėą‚ĖĄ      ‚ĖĄ  ‚ĖĄ‚ĖĄ‚ĖĄ ‚Ė†‚ĖÄ‚ĖĄ‚Ėź‚ĖĆ‚Ėź‚ĖĆ‚ĖĄ ‚Ėď‚Ėď‚Ėą‚Ėą‚Ėą‚Ėą‚ĖÄ  ‚ĖĄ‚Ėď‚ĖĄ‚ĖĄ        ‚ĖÄ   ‚ĖĄ         ‚ĖĎ‚ĖĎ‚ĖĎ‚Ėí‚Ėí‚Ėď‚Ėď‚Ėą‚Ėą‚Ėď‚Ėď‚ĖĄ‚Ėą‚Ėą
 ‚ĖĄ‚Ėą    ‚ĖÄ ‚Ė†   ‚ĖĄ ‚ĖĄ‚ĖÄ ‚Ėą ‚ĖÄ‚ĖĄ‚Ė† ‚Ėą ‚Ėź‚ĖĆ ‚ĖĄ‚Ėą‚Ėą‚Ėą‚ĖÄ‚ĖÄ‚ĖĄ‚ĖĄ‚Ėą‚Ėą‚Ėą‚Ėą‚Ėą‚Ėą‚Ėą‚Ėą‚ĖĄ‚ĖĄ       ‚ĖÄ‚Ėď‚ĖÄ  ‚ĖĄ  ‚ĖĎ‚ĖĎ  ‚Ėą  ‚ĖĄ‚ĖÄ‚Ėą‚Ėą‚ĖÄ‚Ėą‚Ėą‚Ėą‚Ėą‚Ėą
            ‚Ėą‚ĖĆ ‚Ėą ‚ĖĄ   ‚Ėą  ‚Ėą ‚Ėą  ‚ĖÄ‚ĖÄ‚ĖÄ ‚ĖĄ‚Ėą‚Ėą‚Ėą‚Ėą‚Ėą‚Ėą‚Ėď‚Ėą‚Ėą‚Ėą‚Ėą‚Ėą‚Ėą‚Ėą‚Ėą‚ĖÄ‚ĖĄ‚ĖÄ‚ĖÄ‚ĖĄ    ‚ĖÄ‚ĖĄ‚ĖĎ‚ĖĎ ‚ĖÄ‚ĖĄ‚Ėź‚Ėď‚Ėď  ‚ĖĄ‚ĖÄ‚ĖĄ‚Ėą‚Ėą‚Ėą‚Ėą‚Ėą‚Ėą
    ‚ĖÄ‚Ėą‚ĖĄ    ‚Ėą‚Ėą‚ĖĆ  ‚Ėą‚ĖĄ‚ĖĄ‚ĖĄ‚ĖÄ‚ĖĄ‚ĖÄ ‚Ėą ‚Ėą   ‚ĖĄ‚Ėą‚Ėą‚Ėą‚Ėą‚Ėą‚Ėą‚Ėą‚Ėą‚Ėą‚Ėą‚Ėą‚Ėą‚Ėą‚Ėą‚Ėą‚Ėą‚Ėą‚Ėą‚Ėą‚Ėą‚ĖĄ‚ĖÄ‚ĖĄ‚ĖÄ ‚ĖĄ‚ĖÄ‚ĖĄ‚ĖĎ‚ĖĎ‚ĖĄ‚ĖÄ‚ĖĄ ‚ĖÄ ‚ĖĎ‚ĖĎ ‚ĖĄ‚ĖÄ‚ĖĄ‚ĖÄ‚Ėą‚Ėą‚Ėą‚Ėą‚Ėą
  ‚Ėą‚Ėą‚ĖĄ‚ĖĄ‚ĖÄ‚ĖÄ‚ĖĄ‚ĖĄ‚Ėą‚Ėą‚Ėą ‚ĖĄ  ‚ĖĄ‚ĖÄ‚ĖĄ‚Ėą‚ĖĄ  ‚Ėą‚ĖĆ ‚ĖÄ ‚Ėą‚Ėą‚Ėď‚Ėą‚Ėą‚Ėą‚Ėą‚Ėą‚Ėą‚Ėą‚Ėą‚Ėą‚Ėą‚Ėą‚Ėą‚Ėą‚Ėą‚Ėą‚Ėą‚ĖĄ‚ĖÄ‚ĖÄ‚Ėą‚Ėą‚Ėą‚ĖĄ‚ĖĄ ‚ĖÄ ‚ĖĄ‚ĖĎ‚ĖĎ ‚ĖÄ‚ĖÄ   ‚ĖĄ  ‚ĖÄ‚ĖĄ‚Ėą‚ĖÄ‚Ėą‚Ėą‚Ėą‚Ėą
  ‚ĖÄ‚ĖÄ‚ĖÄ‚ĖĄ‚ĖĄ‚Ėą‚Ėą‚Ėą‚Ėą‚Ėą‚Ėą‚Ėą‚ĖĆ ‚ĖÄ‚ĖĄ‚ĖÄ‚Ėą‚Ėą ‚ĖÄ ‚Ėď‚ĖĆ  ‚Ėź‚Ėď‚Ėď‚Ėą‚Ėą‚Ėą‚Ėą‚Ėą‚Ėą‚Ėą‚Ėą‚Ėą‚Ėą‚Ėą‚Ėą‚Ėą‚Ėą‚Ėą‚Ėą‚Ėď‚Ėď‚ĖĆ ‚Ėź‚Ėą‚Ėą‚Ėą‚Ėą‚ĖĄ‚ĖĄ    ‚Ė†      ‚ĖĄ ‚ĖÄ ‚ĖĄ‚ĖÄ‚ĖÄ‚ĖÄ‚ĖĄ‚ĖĄ
 ‚ĖĄ‚ĖĄ‚Ėą‚Ėą‚Ėą‚Ėą‚Ėą‚Ėą‚Ėą‚Ėą‚Ėą‚Ėą‚Ėą    ‚ĖĄ‚Ėą‚ĖÄ  ‚Ėź‚Ėď‚Ėą  ‚Ėď‚Ėď‚Ėą‚Ėą‚Ėą‚Ėą‚Ėą‚Ėą‚Ėą‚Ėą‚Ėą‚Ėą‚ĖÄ‚Ėą‚Ėą‚Ėą‚Ėą‚Ėą‚Ėą‚Ėą‚ĖÄ‚ĖĄ‚ĖĄ‚Ėď‚Ėď‚Ėą‚Ėą‚Ėą‚Ėą‚Ėą‚Ėą‚ĖĄ   ‚Ėí‚Ėí  ‚ĖÄ‚Ėą‚ĖĄ‚ĖĄ‚ĖĄ
 ‚Ėą‚Ėą‚Ėą‚Ėą‚Ėą‚Ėą‚Ėą‚Ėą‚Ėą‚Ėą‚Ėą‚Ėą‚Ėą    ‚Ėą‚Ėą   ‚Ėź‚ĖĆ‚Ėą  ‚Ėď‚Ėď‚Ėą‚Ėą‚Ėą‚Ėą‚Ėą‚Ėą‚Ėą‚Ėą‚ĖÄ‚Ėą‚Ėą‚Ėą‚Ėą‚Ėą‚Ėą‚Ėą‚Ėą‚ĖĄ‚Ėą‚Ėą‚Ėą‚Ėą‚Ėą‚Ėą‚Ėą‚Ėą‚Ėą‚Ėą‚Ėą‚Ėą‚Ėą‚ĖĄ‚ĖĄ   ‚ĖĄ  ‚ĖÄ‚Ėą‚Ėą‚Ėą‚Ėą‚ĖĄ
 ‚Ėą‚Ėą‚Ėą‚Ėą‚Ėą‚Ėą‚Ėą‚Ėą‚Ėą‚Ėď‚ĖÄ‚Ėą‚Ėą‚ĖĄ  ‚ĖĄ‚Ėą‚ĖÄ   ‚Ėź‚ĖĆ ‚Ėą ‚Ėź‚Ėď‚Ėą‚Ėą‚Ėą‚Ėą‚Ėą‚Ėą‚Ėą ‚Ėą‚Ėą‚Ėď‚Ėą‚Ėą‚ĖÄ ‚Ėą‚Ėą‚Ėą‚Ėą‚Ėą‚Ėą‚Ėą‚Ėą‚Ėą‚Ėą‚Ėą‚Ėą‚Ėą‚Ėą‚Ėą‚Ėą‚Ėą‚Ėą‚Ėą‚ĖĄ‚ĖĄ  ‚ĖÄ‚Ėą‚ĖĄ‚Ėą‚Ėą‚Ėą‚Ėą‚Ėą‚Ėą‚ĖĄ
 ‚Ėą‚Ėą‚Ėą‚Ėą‚Ėď‚Ėď‚Ėą‚Ėą‚Ėą‚Ėą‚ĖĎ ‚ĖÄ‚Ėą‚ĖĄ ‚Ėą‚Ėą    ‚Ėź‚ĖĆ ‚Ėą  ‚Ėď‚Ėď‚Ėą‚Ėą‚Ėą‚Ėą‚Ėą ‚Ėź‚Ėą‚Ėą‚Ėď‚ĖÄ ‚ĖĄ‚Ėą‚Ėą‚Ėą‚ĖÄ ‚Ėą‚Ėą‚Ėą‚Ėą‚Ėą‚ĖÄ‚Ėą‚ĖÄ‚Ėą‚Ėą‚Ėą‚Ėą‚Ėą‚Ėą‚Ėą‚Ėą‚Ėą‚Ėą‚Ėą‚ĖĄ‚ĖĄ ‚ĖÄ‚Ėą‚Ėą‚Ėą‚ĖÄ ‚ĖÄ
 ‚Ėą‚Ėą‚Ėą‚Ėą‚Ėą‚Ėí‚Ėí‚Ėą‚Ėą‚Ėą‚ĖĆ    ‚ĖĄ‚Ėą‚ĖÄ    ‚Ėą  ‚ĖÄ‚Ėą  ‚Ėď‚Ėď‚Ėą‚Ėą‚Ėą‚ĖĆ ‚Ėą‚Ėą‚Ėą‚ĖĎ  ‚Ėą‚ĖÄ   ‚Ėą‚Ėą‚Ėą‚Ėą‚Ėą ‚Ėź‚Ėą‚ĖĄ‚Ėą‚Ėą‚Ėą‚Ėą‚Ėą‚Ėą‚Ėą‚Ėą‚Ėą‚Ėą‚Ėą‚Ėą‚Ėą‚Ėą‚ĖĄ
  ‚ĖÄ‚Ėą‚Ėą‚ĖĆ ‚ĖĎ‚ĖĎ‚Ėą‚Ėą‚Ėą‚ĖĄ   ‚ĖÄ‚ĖÄ     ‚Ėą   ‚Ėą‚ĖĄ  ‚Ėď‚Ėď‚ĖÄ‚Ėą  ‚ĖÄ‚Ėą‚ĖĆ  ‚ĖÄ   ‚ĖĄ‚Ėą‚Ėą‚Ėą‚Ėą‚ĖÄ  ‚Ėą‚Ėą‚Ėą‚Ėą‚Ėą‚Ėą‚Ėą‚Ėą‚Ėą‚Ėą‚Ėą‚Ėą‚Ėą‚Ėą‚Ėą‚Ėą‚Ėą‚Ėą‚ĖĆ
    ‚Ėą     ‚Ėą‚Ėą‚Ėą‚ĖĄ         ‚Ėą    ‚Ėą     ‚Ėą     ‚ĖĄ    ‚ĖĄ‚ĖĄ‚ĖÄ‚ĖÄ‚ĖÄ  ‚ĖĄ ‚Ėź‚Ėą‚ĖÄ‚Ėą‚Ėą‚Ėą‚Ėą‚Ėą‚Ėą‚Ėą‚Ėą‚Ėą‚Ėą‚Ėą‚Ėą‚Ėą ‚ĖÄ‚Ėą
           ‚ĖÄ‚ĖÄ‚Ėą‚Ėą ‚ĖÄ‚ĖĄ     ‚Ėź‚ĖĆ   ‚ĖÄ‚Ėą          ‚ĖĎ ‚ĖĄ ‚ĖÄ       ‚ĖĄ ‚ĖÄ ‚Ėą‚Ėą‚Ėą‚Ėą‚Ėą‚Ėą‚Ėą‚Ėą‚Ėą‚Ėą‚ĖÄ‚ĖĄ‚Ėą‚Ėą‚ĖĄ‚ĖÄ
               ‚ĖÄ ‚ĖÄ‚ĖĄ ‚ĖĄ  ‚Ėź‚ĖĆ    ‚Ėą  ‚ĖĄ  ‚ĖÄ   ‚ĖĄ    ‚ĖĄ ‚ĖĄ ‚ĖÄ‚ĖĄ‚ĖÄ‚ĖĄ  ‚Ėą  ‚ĖÄ‚ĖĄ‚ĖĄ‚ĖÄ‚Ėą‚Ėą‚Ėą‚Ėą‚ĖĆ ‚Ėą‚ĖÄ‚ĖÄ‚ĖĄ
                   ‚ĖÄ ‚Ė† ‚Ėź‚ĖĆ     ‚Ėą         ‚ĖĎ     ‚ĖĄ‚ĖÄ‚ĖĄ ‚ĖÄ‚ĖĄ‚ĖÄ‚ĖĄ ‚ĖĄ‚ĖÄ‚ĖĄ‚ĖÄ‚ĖĄ‚ĖĄ‚ĖÄ‚Ėą‚Ėą‚Ėą ‚ĖÄ ‚ĖĄ‚ĖÄ
                        ‚Ėą    ‚ĖĄ ‚Ėď        ‚Ėí ‚ĖĄ    ‚ĖĄ ‚ĖÄ‚ĖĄ ‚ĖÄ ‚ĖĄ ‚ĖÄ ‚ĖĄ‚ĖÄ ‚ĖĄ ‚Ėą‚ĖĆ ‚ĖÄ
                        ‚Ėź‚ĖĆ      ‚ĖĎ  ‚ĖĄ   ‚ĖĄ‚ĖÄ ‚ĖĄ ‚ĖÄ‚ĖĄ   ‚ĖĄ  ‚ĖĄ ‚ĖÄ ‚ĖĄ  ‚ĖĄ   ‚ĖĄ‚ĖÄ ‚ĖĄ ‚ĖÄ‚ĖĄ      ‚ĖĄ
                     ‚ĖÄ ‚ĖÄ ‚Ėď   ‚ĖÄ ‚ĖÄ‚ĖĄ‚ĖÄ‚ĖĄ ‚ĖÄ‚ĖĄ‚ĖÄ‚ĖĄ ‚ĖÄ‚ĖĄ‚ĖÄ ‚ĖĄ‚ĖÄ‚ĖĄ‚ĖÄ ‚ĖĄ‚ĖÄ‚ĖĄ‚ĖÄ ‚ĖÄ‚ĖĄ‚ĖÄ‚ĖĄ ‚ĖÄ‚ĖĄ‚ĖÄ‚ĖĄ ‚ĖÄ‚Ėą‚ĖÄ ‚ĖĄ‚ĖÄ‚ĖĄ‚ĖÄ ‚ĖĄ‚ĖÄ‚ĖĄ‚ĖÄ
                          ‚ĖĄ    ‚Ė† ‚ĖÄ‚ĖĄ‚ĖÄ‚ĖĄ ‚ĖÄ‚ĖĄ‚ĖÄ‚ĖĄ ‚ĖĄ‚ĖÄ‚ĖĄ‚ĖÄ ‚ĖĄ‚ĖÄ‚ĖĄ‚ĖÄ ‚ĖĄ‚ĖÄ‚ĖĄ ‚ĖÄ‚ĖĄ‚ĖÄ‚ĖĄ ‚ĖÄ‚ĖĄ‚ĖÄ‚ĖĄ ‚ĖĄ‚ĖÄ‚ĖĄ‚ĖÄ ‚ĖĄ‚ĖÄ‚ĖĄ‚ĖÄ
                            ‚ĖĄ   ‚ĖĄ‚ĖÄ   ‚ĖÄ‚ĖĄ ‚ĖĎ   ‚ĖÄ  ‚ĖÄ   ‚ĖÄ‚ĖĄ ‚ĖÄ ‚ĖĄ‚ĖÄ   ‚ĖÄ  ‚ĖÄ   ‚ĖÄ  ‚ĖÄ   ‚ĖÄ‚ĖĄ
         ‚ĖĄ‚ĖĄ‚ĖĄ‚ĖĄ‚ĖĄ‚ĖĄ‚ĖĄ‚ĖĄ‚ĖĄ‚ĖĄ‚ĖĄ‚ĖĄ‚ĖĄ‚ĖĄ‚ĖĄ‚ĖĄ‚ĖĄ‚ĖĄ‚ĖĄ‚ĖĄ‚ĖĄ‚ĖĄ‚ĖĄ‚ĖĄ‚ĖĄ‚ĖĄ‚ĖĄ‚ĖĄ‚ĖĄ‚ĖĄ‚Ėą‚Ėď‚ĖÄ ‚ĖÄ‚ĖĄ‚ĖÄ‚ĖĄ ‚ĖÄ‚ĖĄ‚ĖÄ‚ĖĄ  ‚Ėą  ‚ĖĄ‚ĖÄ‚ĖĄ‚ĖÄ ‚ĖĄ‚ĖÄ‚ĖĄ‚ĖÄ ‚ĖÄ‚ĖĄ‚ĖÄ‚ĖĄ ‚ĖÄ‚ĖĄ‚ĖÄ‚ĖĄ
         ‚Ėą                              ‚Ėą‚ĖĄ‚ĖĄ‚ĖĄ ‚ĖÄ‚ĖĄ‚ĖÄ‚ĖĄ ‚ĖÄ‚ĖĄ‚ĖÄ‚ĖĄ ‚ĖĄ‚ĖÄ‚ĖĄ‚ĖÄ ‚ĖĄ‚ĖÄ‚ĖĄ‚ĖÄ ‚ĖĄ‚ĖÄ‚ĖĄ ‚ĖÄ‚ĖĄ‚ĖÄ‚ĖĄ ‚ĖÄ‚ĖĄ‚ĖÄ‚ĖĄ
         ‚Ėą                              ‚Ėą ‚ĖÄ ‚ĖĄ‚ĖÄ   ‚ĖÄ  ‚ĖÄ   ‚ĖÄ‚ĖĄ‚ĖĄ‚ĖÄ‚ĖĄ ‚ĖĄ‚ĖÄ‚ĖĄ ‚ĖÄ ‚ĖĄ‚ĖÄ   ‚ĖÄ  ‚ĖÄ
         ‚Ėą   Tili-tili-bom              ‚Ėą‚ĖÄ   ‚ĖÄ     ‚ĖÄ‚ĖĄ‚ĖĄ‚ĖĄ‚ĖÄ‚ĖÄ     ‚ĖĄ‚ĖĄ‚ĖĄ‚ĖÄ‚ĖÄ  ‚ĖĄ
         ‚Ėą   Vse skroyet noch' nemaya   ‚Ėą‚ĖÄ     ‚ĖÄ ‚ĖĄ‚Ėą‚ĖÄ ‚ĖÄ‚ĖĄ    ‚ĖĄ‚ĖÄ‚ĖÄ   ‚ĖÄ‚ĖÄ‚ĖĄ‚ĖĄ    ‚ĖÄ
         ‚Ėą   Za toboy kradetsya on      ‚ĖĄ‚ĖÄ ‚ĖĄ  ‚ĖĄ  ‚ĖÄ‚ĖĆ       ‚ĖĄ           ‚ĖĄ
         ‚Ėą   I vot-vot poymayet         ‚ĖĄ ‚ĖÄ‚ĖĄ‚ĖÄ‚ĖĄ ‚ĖÄ‚ĖĎ‚ĖĎ ‚ĖĎ       ‚Ė†            ‚ĖĎ
         ‚Ėą                              ‚ĖĎ‚ĖÄ‚ĖĄ ‚ĖÄ‚ĖĄ‚ĖÄ‚ĖĄ ‚ĖĎ‚ĖĎ ‚Ėď
             On idet                    ‚Ėď‚ĖÄ ‚ĖĄ‚ĖÄ     ‚ĖĎ‚ĖĎ ‚Ėą
             On uzhe                    ‚Ėď‚Ėą  ‚ĖĄ‚ĖÄ‚ĖĄ‚ĖÄ    ‚ĖĎ‚ĖĎ
             Blizko                     ‚ĖĄ ‚ĖĄ‚ĖÄ‚ĖĄ‚ĖÄ ‚ĖĄ      ‚ĖÄ‚ĖĎ
                                      ‚ĖĄ‚Ėą ‚ĖÄ ‚ĖÄ  ‚ĖÄ     ‚ĖĎ‚ĖĄ  ‚ĖĎ‚ĖĎ
                                        ‚ĖĎ‚ĖÄ                 ‚Ė†
                                                ‚ĖĎ‚ĖÄ           ‚ĖĎ‚ĖĎ
                                        ‚ĖÄ   ‚ĖĄ‚ĖĎ   ‚ąô             ‚ĖĎ‚ĖĎ
                                                    ‚Ė†           ‚ĖĎ‚ĖĎ
                                       ‚ĖĎ‚ĖÄ              ‚Ė†        ‚ĖĎ‚ĖĎ

                                                        ‚ĖĄ     ‚ĖĎ‚ĖĎ
                                   ‚ĖĎ‚ĖĎ   ‚ąô                    ‚ĖĎ‚ĖĎ
                                                       ‚Ė†
                                    ‚ĖÄ‚ĖÄ              ‚ĖĄ‚ĖĄ   ‚ĖĎ‚ĖĎ
                                       ‚ĖĄ‚ĖĄ       ‚ĖĄ‚ĖĄ
                                              ‚ĖÄ‚ĖÄ     ‚ĖĎ‚ĖĎ
                                        ‚ąô
                                                 ‚Ėď‚Ėď
                                        ‚ĖÄ
                                       ‚ĖÄ ‚ĖÄ    ‚ĖĎ‚ĖĎ
                                       ‚ĖĄ‚ĖÄ‚ĖĄ  ‚ĖĎ‚ĖĎ
                                        ‚ĖÄ  ‚ĖĎ‚ĖĎ
                                        ‚Ėą  ‚ĖĎ‚ĖĎ

                                             ‚ĖĎ‚ĖĎ

                                        ‚ĖÄ
