


                                               ∙

                                              ▄▀▄
                                               ▓
                                               ░










                ░






                   ░

                    ■

                                ░
                         ░
                          ■    ■
                            ▓

                          ░    ▀
                         ■       ░
                       ▓

                    ▀
                  ░                  ░
                 ▀             ░░░
           ▀ ▄▄▄    ▄▄▄  ▄▄▄   ▒▒▒  ▄▄▄▄▄▄▄    ▄▄▄▄▄▄▄   ██▄▄▄▄▄▄▄▄
             ▄███   ███  ███   ▒▒▒  ███  ▀▓▓   ███  ▀▓▓   ███   ███
              ███   ███  ███   ▓▓▓  ███   ███  ███   ███  ███   ███
           ▀  ███   ███  ███   ▓▓▓  ███   ███  ███   ███  ███   ███
              ███   ███  ███   ███  ███   ███  ███   ███  ███   ███
         ▀    ███   ███  ███   ███  ███   ███  ▓██        ███   ███
              ███   ███  ███▌  ███  ███   ███  ███    ▄▄▀ ███ ▄▀▀
        ▄     ███   ███  ████  ███  ███   ███  ███▄ ▀███  ███▐▌
       ▀░▀   ▀███▀  ███▀ ███ ▀▄███ ▀███▀  █▓▓ ▄███   ███ ▀███ ▀▄▄
              ███   ███  ███  ▐███  ███   █ ▀▀ ███        ███   ███
         █    ███   ███  ███   ███  ███   ██▓  ███        ███   ███
              ███   ███  ███   ███  ▀▀█▄  ███  ▀▀█▄  ███  ███   ███
           ▀  ▐██   ██▌  ███   ███  ▄▄  ▀▄███  ▄▄  ▀▄███  ███   ███
             ▀ ▀█▄ ▄██▄▄ ███   ███ ▐▌ ▀  ▐██  ▐▌ ▀  ▐██   ███   ███
            ▄   ▄ ██▀   ▀███   ▀▄█  ▀█▄▄▄█▀▄▄▄▄██▄▄▄▀█▄▄▄▄███▄  ███
     ▄  ▄▄█▀      ▐█     ███ ▄ ███   ███  ███  ▀▓▓   ███   ███  ▄█▀▀▀█▄
      ▀▀███         ▀   ▐████  ███   ███  ███   ███  ███   ███ ▐▌ ▄  ▐██
        ███         ▀▄▄▀▀███▌  ███   ███  ███   ███  ███   ███  ▀▀  ▄▀███
        ███        ███▌  ███   ███   ███  ███   ███  ███   ███  ▄▄█▀  ███
        ███    ▄   ███  ▄███   ███ ▄▀▀  ▀ ███        ███ ▄▀▀  ▀ ███   ███
        ███▄▄▀▀        ▄▄███   ███▐▌      ███    ▄▄▀ ███▐▌      ███
     ▀▄▄███    ▄▄▀ ▄██▀  ███▄  ███ ▀▄▄  ▄ ███▄ ▀███  ███ ▀▄▄  ▄ ███
        ███  ▀███  ███   ███   ███   █▀▀ ▄███   ███  ███   ███  ███    ▄▄▀
        ███   ███  ███   ███   ▀██   █▓▀▀ ███        ███   ███  ███▄ ▀███
        ███   ███  ███   ███   ███   █▓▓  ███   ███  ███   ███ ▄▀▀    ███
        ███   ███  ███   ███   ███▄  ███  ▀▀█▄  ███  ▓▓▓   ███        ███
        ███   ███  ███   ███   ███ ▀ ███  ▄▄  ▀▄███  ▓▓▓   ███        ███
        ███  ▄█▀▀  ███  ▄██▀   ███   ███ ▐▌ ▀  ▐██   ▒▒▒        ███   ███
        ███▄▀  ▄▄  ███▀▀    ▄▄░ ▀▀▀▀ ███▄ ▀█▄▄▄█▀    ▒▒▒        ███  ▄█▀▀
         ██▌  ▀ ▐▌    ░  ▀▀          ███  ▀          ░░░        ███▄▀  ▄▄
          ▀█▄▄▄█▀    ▀▓▀             ▀▀█▄  ░░░                   ██▌  ▀ ▐▌
                  ░▄               ▓▓▄▄  ▀▄▓▓▓                    ▀█▄▄▄█▀
                                  ▒▒█▌ ▀  ▐██
                ░▀                ▒▒ ▀█▄▄▄█▀
                                                RELEASE.DATE: 26.11.2025
        Tili-tili-bom              ▄▄           BD.DATE.....: 07.11.2025
        Zakroy glaza skoreye       ▒▒           CiNE.DATE...: 00.00.0000
        Kto-to khodit za oknom
        I stuchitsya v dveri         ░░         SOURCE......: BD
                             ▀ ▄       ░░
                                    ■     ▄     RUNTiME.: 1H 24MiN 17SEC
                                           ░    GENRE...: BODY, HORROR, HORROR
                                          ▀



           Wrong.Turn.2003.REMASTERED.GERMAN.1080P.BLURAY.H264-UNDERTAKERS


         Chris and a group of five friends are left stranded deep in the middle
of
		 the woods after their cars collide. As they venture deeper into the woods,
         they face an uncertain and bloodcurdling fate.		

         6.1/10 from 280 users
         https://www.imdb.com/title/tt35875787


         AUDiO.......: GERMAN      [DTS-HD MA // 5.1 // 2.197 kbps]
                       ENGLISH     [DTS-HD MA // 5.1 // 2.163 kbps]
					   ENGLISH     [DTS-HD MA Commentary // 2.0 // 880 kbps]

         ViDEO.......: UNTOUCHED   [24FPS // AVC // 31.925 kbps]

         SUBS........: GERMAN

         NOTES.......: Leider war es ueber den Zeitraum von knapp zwei
                       Jahren nicht moeglich ein neues, auf die deutsche
                       Retail-Szene, abgestimmtes Regelwerk zu etablieren.

                       Es blockierten leider immer und immer wieder die
                       gleichen Personen dieses Vorhaben.

                       Daher haben wir uns nun entschlossen, das
                       Regelwerk der internationalen Szene anzuwenden.
                       Dazu ein paar Worte:

                       1: Durch Punkt 18.5.7, sowie dessen Unterpunkt
                       18.5.7.1 ist es moeglich auch nicht-englischsprachige
                       Releases unter diesem Regelwerk zu Veroeffentlichen.

                       2: Das Regelwerk "High Definition x264 and Ultra
                       High Definition x265 Standards" behandelt leider
                       nicht den .DL. Tag, daher wird dieser in Zukunft bei
                       unseren Releasen entfallen. Das heisst aber nicht,
                       dass wir auf den O-Ton (falls vorhanden) verzichten
                       werden. Dieser wird, wie immer, von uns beigefuegt.
                       Dies ist auch in Teilen mit dem Englischsprachigen
                       Regelwerk vereinbar unter Punkt 8.7.

                       3: Wir wollen der deutschen Szene dadurch qualitativ
                       bessere Veroeffentlichungen bieten, als es zu diesem
                       Zeitpunkt durch das 2011er Regelwerk der Fall ist
                       Wer unsere Veroeffentlichungen Propern will,
                       sollte zweimal nachdenken. Zum einen halten wir uns
                       weiterhin an ein offizielles Regelwerk, welches
                       deutsche Veroeffentlichungen zulaesst, des weiteren
                       waeren Proper aufgrund des 2011er Regelwerks
                       technisch Minderwertig (wobei das einige ja nicht stoert)
.

                       Dies soll auch ein Aufruf an all die Gruppen sein, die
                       gerne nach besseren Standards encodieren wollen, als
                       es momentan der Stand ist.


                                                           ▄

                                                         ▀
               ▄ ▄▄▄▄▄                                                  ▄▄▄▄▄ ▄
        ▄  ▀▀        ▀▀▀▄▄                              ▐▌          ▄▄▀▀▀
   ▀                      ▀█▄                            ░       ▄█▀
                           ▐▓                             ▀     ▓▓        ▄
                            ░░                              ▄   ▓▓     ░░
                           ░░                                 ░  ▓▓  ░░
                          ░░    ▄▄▀▄▓▀▄▀▄ ▄                    ▄  ▒▒░░
                        ░░  ▄ █▀▄▀█▀▄▀▄▀▄▀▄ █▄                 ░▓  ░░
                      ░░  ▄▀▄▀▄▀▄▀▀█▄▀▄▀▄▀▄▀▄▀██▄               ▓   ▀
                    ░░   ▓ ▀ ▀▄  ▀   ▀▄▀ ▀▄█▄▀█▄█▀█▄           ▄     ■
                  ■     ▀▄░░ █▄████▄▄▄▄▄    ▀▀▄▀█ ▀█▄▄                ▒▒
               ░░      ░░▄▓▓████▓▓███████▓▓▄▄▀ ▀██ ▄▀▄▀    ▄
             ░░       ▄▓▓█████▒▒▀██████▀ ▀█████  █▄▄▀▄▀▄▀              ░░
            ░░       ▄█▄▀▀▀ ▀▀ ▄█▄ ▀▀▀░░      ▀█▄ █ ▀█▀▄▀▄
            ░░      ▄▀▀      ░▒▓█▓▓░░           █  █▄█▀█▀██▄           ∙
                          ■   ▀  ▀▀█▌  ■        ▄  █ █▀█▄▀██▄         ■
              ░░   ▄       ▄░░    ░░█▄         ▄██ █▄ ███▄███        ■  ░░
               ░░  ▀█▄▀▄▄▄▓▓▌      ▓▓▀█▄▄▄▀  ▄▓▓▄▄  ▀▄ ██ ████     ░░
                    ▓▓▀▀ ░██        ▓▄█▀▀ ░░    ▀▀█   ▀▀██ ████    ▀     ░░
                   ░░     ▓█▄       ░▀▄           ▓▓     █▄█████ ░░       ░░
                         ▐█▀▓ █▄▄▄▄█▓▄█▄         ▄▄░░     █▄████▒▒
                ░░      ▐█▀█▀▓▀█▄██▓ ▓██▀▄▄▀   ▀▀  ▀      ▄█▄██▓▓▄         ░░
               ▒▒▀ ░░   ▄▄ ▄ ░  ▓  ▄ ▓▀▓▌  ▄█         ▄▄▄█████▓▓██▄        ░░
              ▓▓▄▓▓    █ █ ▓    ░ ▄▀  ▄ █    ▀       █▀▀████ ▓▓█████      ░░
             ▄██▀        ▀        ▀▀ █ ▄            ▀█ ███▓▓▌▐███████
             ▓▓▀                   ▀   ▀         █▄      ▒▒▓▓ ████▀███  ░░    ░
            ░░▀  ▄▄    ▌▀                         █    ░░ ░░  ▐████▀███▒▒
             ▄▄█▀▀  ▐▌ █ ▄                        ▀█ ░░ ▄▀    ▓▓███▄██▓▓     ░░
   ▀ ▄   ▄▄▀▀     █  █ ▀█ ▄                        ░░▄▒▒   ▄▄▓▓█████ ▓▓██▄  ░░
       ▀▀█▄       ▄█ █▀ ██▄                      ░░▀ ░░  ▄█▓▓████████ ▓████▒▒
         ▄ ▀▀▄▄   ▀█  █▄ █▌▐                    ░░  ░░   ▀▓▓█████████▄▀███▓▓▄
        █▀        █▀█ █  ██ █                   ░░   ░░   ▄▀▀█████████ ██▓▓██▄
       █          █▄█ ▀█▄ ███▌ ▄                 ░░    ░░  ▀▄    ▀▀▀██▌▐██████▓
      █  █        █▀██ █▄ ▀███ █▌■                 ░░        █    █    ▐▓▓█████
     ▐▌ █▀       ██ ██▄ █▀ ███▄▐█ ▄           ░░      ░░   ░░ █   ▀▄   █▓▓█████
       █▀        ██ ███ ▀█▀ ███ ██ ▄    ▄▄ ▄▓▓          ░░              ▓▓█████
     ▄▀▄▀       ▄██ ████ █ ▀ █████▀     █                                ▓▓████
    ▀▀ █       ▄ ██ ████▄ █▀▄ ███▌ ▀    █                 ░░             █▓▓███
      █▀       ▄ ██ ██████ ▓██ ██ ▀    ░░  Tili-tili-bom             ▀    ▀▓▓██
     ▄█        ▄ ██  █████▄ ▀▄  ▄▀   ░░ ▄  Krichit nochnaya ptitsa   █      ▒▒▀
    ▄█          ▄ ▀  █████ ▄▀ ▄■  ▀▄░░     On uzhe probralsya v dom  █       ░░
   ▄█             ▄  ▀███▀▀▄▀▄▄ ▄▓▓ ▄  ▀   K tem, komu ne spitsya    █
   ▀ ▄          ▄   ▄  ▀▀■■ ▄▄ ▄▓▓█▄ ▄  █            ▄               █      ░░
    █▀▄         ▀    ▄▀ ▀▄ ▄▄ ▄█████ ▄  █           ▀▄▀              █▄▄▄█▄
  ▄█▀ █▄      ▄  ▄▄▄ ■▀▄▐▌▐▌▄ ▓▓████▀  ▄▓▄▄        ▀   ▄         ░░░▒▒▓▓██▓▓▄██
 ▄█    ▀ ■   ▄ ▄▀ █ ▀▄■ █ ▐▌ ▄███▀▀▄▄████████▄▄       ▀▓▀  ▄  ░░  █  ▄▀██▀█████
            █▌ █ ▄   █  █ █  ▀▀▀ ▄██████▓████████▀▄▀▀▄    ▀▄░░ ▀▄▐▓▓  ▄▀▄██████
    ▀█▄    ██▌  █▄▄▄▀▄▀ █ █   ▄████████████████████▄▀▄▀ ▄▀▄░░▄▀▄ ▀ ░░ ▄▀▄▀█████
  ██▄▄▀▀▄▄███ ▄  ▄▀▄█▄  █▌ ▀ ██▓████████████████▄▀▀███▄▄ ▀ ▄░░ ▀▀   ▄  ▀▄█▀████
  ▀▀▀▄▄███████▌ ▀▄▀██ ▀ ▓▌  ▐▓▓████████████████▓▓▌ ▐████▄▄    ■      ▄ ▀ ▄▀▀▀▄▄
 ▄▄███████████    ▄█▀  ▐▓█  ▓▓██████████▀███████▀▄▄▓▓██████▄   ▒▒  ▀█▄▄▄
 █████████████    ██   ▐▌█  ▓▓████████▀████████▄█████████████▄▄   ▄  ▀████▄
 █████████▓▀██▄  ▄█▀   ▐▌ █ ▐▓███████ ██▓██▀ ███████████████████▄▄  ▀█▄██████▄
 ████▓▓████░ ▀█▄ ██    ▐▌ █  ▓▓█████ ▐██▓▀ ▄███▀ █████▀█▀███████████▄▄ ▀███▀ ▀
 █████▒▒███▌    ▄█▀    █  ▀█  ▓▓███▌ ███░  █▀   █████ ▐█▄██████████████▄
  ▀██▌ ░░███▄   ▀▀     █   █▄  ▓▓▀█  ▀█▌  ▀   ▄████▀  ██████████████████▌
    █     ███▄         █    █     █     ▄    ▄▄▀▀▀  ▄ ▐█▀█████████████ ▀█
           ▀▀██ ▀▄     ▐▌   ▀█          ░ ▄ ▀       ▄ ▀ ██████████▀▄██▄▀
               ▀ ▀▄ ▄  ▐▌    █  ▄  ▀   ▄    ▄ ▄ ▀▄▀▄  █  ▀▄▄▀████▌ █▀▀▄
                   ▀ ■ ▐▌     █         ░     ▄▀▄ ▀▄▀▄ ▄▀▄▀▄▄▀███ ▀ ▄▀
                        █    ▄ ▓        ▒ ▄    ▄ ▀▄ ▀ ▄ ▀ ▄▀ ▄ █▌ ▀
                        ▐▌      ░  ▄   ▄▀ ▄ ▀▄   ▄  ▄ ▀ ▄  ▄   ▄▀ ▄ ▀▄      ▄
                     ▀ ▀ ▓   ▀ ▀▄▀▄ ▀▄▀▄ ▀▄▀ ▄▀▄▀ ▄▀▄▀ ▀▄▀▄ ▀▄▀▄ ▀█▀ ▄▀▄▀ ▄▀▄▀
                          ▄    ■ ▀▄▀▄ ▀▄▀▄ ▄▀▄▀ ▄▀▄▀ ▄▀▄ ▀▄▀▄ ▀▄▀▄ ▄▀▄▀ ▄▀▄▀
                            ▄   ▄▀   ▀▄ ░   ▀  ▀   ▀▄ ▀ ▄▀   ▀  ▀   ▀  ▀   ▀▄
         ▄▄▄▄▄▄▄▄▄▄▄▄▄▄▄▄▄▄▄▄▄▄▄▄▄▄▄▄▄▄█▓▀ ▀▄▀▄ ▀▄▀▄  █  ▄▀▄▀ ▄▀▄▀ ▀▄▀▄ ▀▄▀▄
         █                              █▄▄▄ ▀▄▀▄ ▀▄▀▄ ▄▀▄▀ ▄▀▄▀ ▄▀▄ ▀▄▀▄ ▀▄▀▄
         █                              █ ▀ ▄▀   ▀  ▀   ▀▄▄▀▄ ▄▀▄ ▀ ▄▀   ▀  ▀
         █   Tili-tili-bom              █▀   ▀     ▀▄▄▄▀▀     ▄▄▄▀▀  ▄
         █   Vse skroyet noch' nemaya   █▀     ▀ ▄█▀ ▀▄    ▄▀▀   ▀▀▄▄    ▀
         █   Za toboy kradetsya on      ▄▀ ▄  ▄  ▀▌       ▄           ▄
         █   I vot-vot poymayet         ▄ ▀▄▀▄ ▀░░ ░       ■            ░
         █                              ░▀▄ ▀▄▀▄ ░░ ▓
             On idet                    ▓▀ ▄▀     ░░ █
             On uzhe                    ▓█  ▄▀▄▀    ░░
             Blizko                     ▄ ▄▀▄▀ ▄      ▀░
                                      ▄█ ▀ ▀  ▀     ░▄  ░░
                                        ░▀                 ■
                                                ░▀           ░░
                                        ▀   ▄░   ∙             ░░
                                                    ■           ░░
                                       ░▀              ■        ░░

                                                        ▄     ░░
                                   ░░   ∙                    ░░
                                                       ■
                                    ▀▀              ▄▄   ░░
                                       ▄▄       ▄▄
                                              ▀▀     ░░
                                        ∙
                                                 ▓▓
                                        ▀
                                       ▀ ▀    ░░
                                       ▄▀▄  ░░
                                        ▀  ░░
                                        █  ░░

                                             ░░
