

          ░                                       ░ ░▒░     ░
                 ■ ▄▓▓▄                             ▀ ░▒░       ■
    ■     ░ final   ▀▀   ▄▄████▄               ▄████▄▄ ▀▒░  ░
      ░▒▄▄▒▄▒▒░░▒       ██▀     █▄           ▄█     ▀██ █▒░▓▓▒▄▒▓▄▓▄ ▄   ■
   ░▒▀▀▀ ▄▄▄▄▄▄▄▄ ▀▀ ▄ ▄█  ▄  ■  █           █ ▄▓▄ ▄  █▄ █▀▀▀ ▄▄▄▄▄▄▄▄
 ▄▒▀ ▄████▀▀▀▀▀█████▄  ██   ▄    █           █  ▀ ▄   ██  ▄████▀▀▀█▀▀████▄░
■ ▄███▀  │     █│  ▀██▄ ██   ▀██▀             ▀██▀   ██ ▄██▀  │   █  │█ ▀███▄
░▄█▀ │   ■     ▒      ▀████■                       ■████▀     ■   █   ▒    ▀█▄
▄█               ▄███▀▀▀▀▀███    V A R S i T Y    ████▀▀▀▀███▄   ▄▓▄  ■      █▄
█     ▄███▄   ▄██▀▀   ▄▒▒▄  ███                 ███ │█      ▀▀██▄ ▀ ▄███▄     █
▀█   ▀    █   ██     ■░ ░░█▄  ██   FACE  THE   ██ ▄▒ █         ██   █    ▀   █▀
 ▀██▄    █▀  ██   ▄██▄    ░█▄  ██             ██ ▄█░ ▒   ▄██▄   ██  ▀█    ▄██▀
 ▄  ▀███▀   ██   ▄▀  ▀█    ░█▄  ██  REALiTY  ██ ▄█░  ░  █▀  ▀▄   ██   ▀███▀  ▄
  ▄        █████ ■    █  ■  ░░█  ██       ■ ██ ▒█░   ■  █    ■ █████        ▄
   ▀█▄▄▄▄▄██   ██▄▄▄▄█▀       ░■  ▀█▄     ▄█▀░■▄░░      ▀█▄▄▄▄██   ██▄▄▄▄▄█▀
     ▀█▀▀▀   ▒   ▀▀▀▀   ░▄░▀░▄░░░   ▀▒   ▀▀ ░░  ▀▒░    ■  ▀▀▀▀       ▀▀▀▀▀
 ■ ░  █    ░▒░   ▀▀▀▀▀▒ ■ ▄▄▄ ▀░▒░ ▒▀ ▀ ▀░░    ██ █▒░░          █▀▀▀▀ █▀▀▀▀▀
          ▒█▀ ▄   ███ ░  █████ ▀▀▒▀▀ ▄██▄ ▀█░ ███  ▀▀■▒  ▀▀▀▀█ █▀ ██ █▀ ██
  ░  ██   █▀ ███ ████   ████████ ▀ ███████ ▀█ ███ ████ ░████ ▀▀▀ ███ █ ███ ░ ■
 ░  ███░ ░▀ ████ █████ ███   ████ ███ █████ ▒     ██████████████ ███ ▀ ███
 ░░ ████   ████ ▄█████ ████   ███ ███  ▀██▀ ░ ███     ██████     ███  ████ ░
 ░▒▄ ████  ███ ▄██ ███ ████████▀  ████▄      ████ ░  ▄ ████  ■░  ███  ████ █░
  ▒█ ████ ███ ▄███  ██ ██▀▓▀██▄▄ ■ ██████▄   ████ ▒  ░ ████   ▒▒ ███  ███ ▄█░
  ░█ ████ ███ ███    ██ ██▄██████▄   ▀██████  ███ █░ ░ █████  ▒█ ███ ████ █▒░
   █▄ ██████▀ ██████████ ███  ▀████     ▄████ ███ ▀█ ▒▄ █████  █▄ ███▀▓▀█ ▒░
   ▒█ █████ ▄███ ░■▄ ███ ████   ▀▀ ▄████████  ████ █  █ ████▀  ░█ ▀███▄██ ░
    ▀▄  ██  ▀▀▀ ■ ░█▄ ██ ▀████▄  ▄████▀▀█│■    ██ ▄█  █▄ ██▀ █▄▄ ░  ▀████  ░
      ▀■░■ ▄▓▄ ■   ░▒▄    ▀███▀ ▄▀░    ■█  ■     ▄█░  ░█   ▄███████▄ ████ ░
     █ ▄▄▄▄ ▀        ░▒■░ ■    ▄░       ▒   ■▄░▄░▀     ░▀▄      ▀████████ ░░
     █ ████                   ░         ░                 ░▀ ■░   █│ ▀██ ▄█░
     █ ████                                                       █│    ▄█▒
     █ ████                     GZSZ - Folge 3530                ▒  ░■░
     ▀ ████                                                          ▄▄▄█
  ░▒▓███████████████████████████████████████████████████████████████████████▓▒░
     ▄ ▀▀▀▀                                                          ▀▀▀▀ ▄
 ▀ ▀▀█▀▀▀▀▀▀▀ ▀                                                  ▀ ▀▀▀▀▀▀▀█▀▀ ▀
     █ ████                                                          ████ █
     █ ████  RELEASE-DATE.: 28-07-2006      STORE-DATE.: XX-XX-XXXX  ████ ▀

     █ ████  CINE-DATE....: TV              SOURCE.....: DVB         ████ █

     █ ████  FILES........: 17 x 15 MB      DURATION...: 25 mins     ████ █

     █ ████                                 IMDB.......: X.X / 10    ████ █
     █ ████  FORMAT.......: XVID (2Pass)    RESOLUTION.: 512 X 384   ████ █
     █ ████  BITRATE.VIDEO: 1500kbs         AUDIO.MP3..: 128kbs      ████ █
     █ ████                                                          ████ █
     █ ████           http://german.imdb.com/title/tt0103434/        ████ █
     ▄ ████ ▄                                                      █ ████ ▄

 ▄▄▄ ▄ ▄▄▄▄▄█▄▄▄ ▄                                            ▄ ▄▄▄█▄▄▄▄▄ ▄ ▄▄▄

     ▄ ▄▄▄▄ █                                                      █ ▄▄▄▄ ▄

       █████████████████▓▓ ▓░ ░   MOVIE PLOT   ░ ░▓ ▓▓███████████████████

     ■ ████ █                                                      █ ████ ■

       ████ █  CAST  : Frank-Thomas Mende, Felix von Jascheroff,   █ ████

     ■ ████ █          Klaus-Dieter Klebsch, Robert Lyons, Daniel  █ ████ ■

     . ████ █          Fehlow.                                     █ ████ .
     . ████ █                                                      █ ████ .

     . ████    Im Mittelpunkt von "GZSZ" steht eine Gruppe meist     ████ .
       ████    junger Leute aus Berlin. Verbunden durch              ████
       ████    Freundschaft, Liebe oder verwandtschaftliche          ████
       ████    Beziehungen erleben sie die unterschiedlichsten       ████
       ████    Ereignisse und SchicksalsschlΣge. Im Laufe der        ████
       ████    Jahre hat sich die Gruppe der Hauptdarsteller sehr    ████
       ████    verΣndert. Einige kamen dazu, andere verschwanden     ████
       ████    aus der Serie, nur wenige Charaktere sind seit der    ████
       ████    ersten Folge dabei. Zentrale Orte der Handlung sind   ████
       ████    Kneipen und Restaurants, aber auch verschiedene LΣden ████
       ████    oder Unternehmen bzw. die Wohnungen der wichtigsten   ████
       ████    Charaktere.                                           ████
       ████                                                          ████
     █ ████    NOTES: NOTHiNG                                        ████ █

     █ ████                                                          ████ █

     █ ████                                                          ████ █

     █ ████ ▄                                                      █ ████ █

 ▄▄▄ ▄ ▄▄▄▄▄█▄▄▄ ▄                                            ▄ ▄▄▄█▄▄▄▄▄ ▄ ▄▄▄

     ▄ ▄▄▄▄ █                                                      █ ▄▄▄▄ ▄

       █████████████████▓▓ ▓░ ░ GROUP & GREETS ░ ░▓ ▓▓███████████████████

     ■ ████ █                                                      █ ████ ■

       ████ █  WANTED: DVD Retail Supplier - Talentierte Capper    █ ████

     ■ ████ █          Affil 100mbit+ (no DE & AT )                █ ████ ■

     . ████ █                                                      █ ████ .

     . ████                                                          ████ .

       ████                                                          ████

     █ ████                                                          ████ █

     █ ████ ▄                                                      █ ████ █

 ▄▄▄ ▄ ▄▄▄▄▄█▄▄▄ ▄                                            ▄ ▄▄▄█▄▄▄▄▄ ▄ ▄▄▄

     ▄ ▄▄▄▄ █                                                      █ ▄▄▄▄ ▄

       ████ █  GREETS TO: final * GEORGE BUSH * MAO TSETUNG *      █ ████

     ■ ████ █                                                      █ ████ ■

       ▓███ █             XXXX * XXX * XXXXXX * XXXX               █ ███▓

     ■ ▓▓▓▓ ▓                                                      ▓ ▓▓▓▓ ■

     . ▓▒▓▒█▒████▓▓▒░░ ░ final.ascii.art  14-JAN-2006 ░ ░░▒▓▓██████▒█▒▓▒▓ .

     . ▒▒▒▒ ░                                                      ░ ▒▒▒▒ .

       ░░░░                                                          ░░░░

     ·     ▄▓▄                                                    ▄▓▄     ·

       ░░░░ ▀                                                      ▀ ░░░░
