
      ███████████    █████████████   ███████████
      ███     ████  ░░    ███     ░░ ██    ░░ ██   (D)oku (T)eam (G)ermany
      ███ ░░░░ ███ ░░░░░░ ███  ░░░░░ ██ ░░░ ░
      ███  ░░  ███   ░░   ███   ░░░  ██  ░░ ████
      ███    ░████   ░ ░  ███  ░░░░░ ██  ░ ░  ██      presents ...
      ███████████    ░░░░ ███  ░░ ░  ███████████

      ▀▀▀▀▀▀▀▀▀▀▀▀▀▀▀▀▀▀▀▀▀▀▀▀▀▀▀▀▀▀▀▀▀▀▀▀▀▀▀▀▀▀▀▀▀▀▀▀▀▀▀▀▀▀▀▀▀▀▀▀▀▀▀▀▀▀▀▀
      Sharkwater.Wenn.Haie.Sterben.GERMAN.DOKU.DL.1080p.BluRay.x264-DTG

      TiTLE.................:  Sharkwater - Wenn Haie sterben
      RELEASE DATE..........:  25.01.2013

      SOURCE................:  BluRay
      ViDEO.................:  .mkv / x264 7000kbps
      RESOLUTiON............:  1920 x 1080
      AUDiO 1 (DE)..........:  AC3 STEREO 320kbps
      AUDiO 2 (EN)..........:  AC3 STEREO 320kbps
      SUBTiTLE 1 (DE).......:  included / UTF-8

      FiLESiZE..............:  4500 MB
      RUNTiME...............:  01:25:35

      ▀▀▀▀▀▀▀▀▀▀▀▀▀▀▀▀▀▀▀▀▀▀▀▀▀▀▀▀▀▀▀▀▀▀▀▀▀▀▀▀▀▀▀▀▀▀▀▀▀▀▀▀▀▀▀▀▀▀▀▀▀▀▀▀▀▀▀▀
         :..   Greets fly out to all DOKU fans all over the world   ..:

               ░░░░░▒▒▒▓▓▓▓▓▓▓▓▓▓▓▓▓▓▓▓▓▓▓▓▓▓▓▓▓▓▓▓▓▓▓▓▓▓▒▒▒░░░░░
                    ░░░░░▒▒▒▓▓▓▓▓▓▓▓▓▓▓▓▓▓▓▓▓▓▓▓▓▓▓▓▒▒▒░░░░░
                             ░░░░▒▒▒▓▓▓▓▓▓▓▓▒▒▒░░░░
