ÔĽŅ‚Ėą‚Ėą‚Ėą‚Ėą‚Ėą‚Ėą‚Ėą‚Ėą‚Ėą‚Ėą‚Ėą‚Ėą‚Ėą‚Ėą‚Ėą‚Ėą‚Ėą‚Ėą‚Ėą‚Ėą‚Ėą‚Ėą‚Ėą‚Ėą‚Ėą‚Ėą‚Ėą‚Ėą‚Ėą‚Ėą‚Ėą‚Ėą‚Ėą‚Ėą‚ĖÄ‚ĖĎ  ‚ĖĄ‚ĖĄ‚Ėą‚Ėą‚Ėą‚Ėą‚Ėą‚Ėą‚Ėą‚Ėą‚Ėą‚Ėą‚Ėą‚Ėą‚Ėą‚Ėą‚Ėą‚Ėą‚Ėą‚Ėą‚Ėą‚Ėą‚Ėą‚Ėą‚Ėą‚Ėą‚Ėą‚Ėą‚Ėą‚Ėą‚Ėą‚Ėą‚Ėą‚Ėą‚Ėą‚Ėą‚Ėą‚Ėą‚Ėą‚Ėą‚Ėą
‚Ėą‚Ėą‚Ėą‚Ėą‚Ėą‚Ėą‚Ėą‚Ėą‚Ėą‚Ėą‚Ėą‚Ėą‚Ėą‚Ėą‚Ėą‚Ėą‚Ėą‚Ėą‚Ėą‚Ėą‚Ėą‚Ėą‚Ėą‚Ėą‚Ėą‚Ėą‚Ėą‚Ėą‚Ėą‚Ėą‚ĖÄ‚ĖÄ‚ĖÄ‚Ėí   ‚Ėź‚Ėą‚Ėą‚Ėą‚Ėą‚Ėą‚Ėą‚Ėą‚Ėą‚Ėą‚Ėą‚Ėą‚Ėą‚Ėą‚Ėą‚Ėą‚Ėą‚Ėą‚Ėą‚Ėą‚Ėą‚Ėď‚ĖÄ‚ĖÄ‚ĖÄ‚Ėą‚Ėą‚Ėą‚Ėą‚Ėą‚Ėą‚Ėą‚Ėą‚Ėą‚Ėą‚Ėą‚Ėą‚Ėą‚Ėą‚Ėą‚Ėą‚Ėą
‚Ėą‚Ėą‚Ėą‚Ėą‚Ėą‚Ėą‚Ėą‚Ėą‚Ėą‚Ėą‚Ėą‚Ėą‚Ėą‚Ėą‚Ėą‚Ėą‚Ėą‚Ėą‚Ėą‚Ėą‚Ėą‚Ėą‚Ėą‚Ėą‚Ėą‚Ėą‚Ėą‚ĖÄ‚ĖÄ  ‚ĖĄ‚ĖĄ‚Ėą‚ĖĆ   ‚ĖÄ ‚Ėź‚Ėą‚Ėą‚Ėą‚Ėą‚Ėą‚Ėą‚Ėą‚Ėą‚Ėą‚Ėą‚Ėą‚Ėą‚ĖÄ‚ĖÄ‚ĖĎ ‚ĖĄ‚ĖĄ‚Ėą‚Ėą‚Ėą‚Ėą‚Ėą‚Ėą‚Ėą‚Ėą‚Ėą‚Ėą‚Ėą‚Ėą‚Ėą‚Ėą‚Ėą‚Ėą‚Ėą‚Ėą‚Ėą‚Ėą
‚Ėą‚Ėą‚Ėą‚Ėą‚Ėą‚Ėą‚Ėą‚Ėą‚Ėą‚Ėą‚Ėą‚Ėą‚Ėą‚Ėą‚Ėą‚Ėą‚Ėą‚Ėą‚Ėą‚Ėą‚Ėą‚Ėą‚Ėą‚ĖÄ‚ĖÄ‚ĖÄ‚ĖÄ   ‚Ėź‚Ėą‚Ėą‚Ėą‚Ėą‚ĖĎ   ‚ĖĄ‚Ėą‚Ėą‚Ėą‚Ėą‚Ėą‚Ėą‚Ėą‚Ėą‚Ėą‚Ėď‚ĖÄ   ‚ĖĎ‚ĖĎ‚Ėď‚Ėą‚Ėą‚Ėą‚Ėą‚Ėą‚Ėą‚Ėą‚Ėą‚Ėą‚Ėą‚Ėą‚Ėą‚Ėą‚Ėą‚Ėą‚Ėą‚Ėą‚Ėą‚Ėą‚Ėą‚Ėą‚Ėą
‚Ėą‚Ėą‚Ėą‚Ėą‚Ėą‚Ėą‚Ėą‚Ėą‚Ėą‚Ėą‚Ėą‚Ėą‚Ėą‚Ėą‚Ėą‚Ėą‚Ėą‚Ėą‚Ėą‚Ėą‚Ėą‚Ėą‚Ėą‚Ėą   ‚Ėď   ‚ĖÄ  ‚Ėď‚Ėą   ‚Ėą‚Ėą‚Ėą‚Ėą‚Ėą‚Ėą‚Ėą‚Ėą‚Ėą‚ĖÄ    ‚Ėź ‚Ėą‚Ėą‚Ėą‚Ėą‚Ėą‚Ėą‚Ėą‚Ėą‚Ėą‚Ėą‚Ėą‚Ėą‚Ėą‚Ėą‚Ėą‚Ėą‚Ėą‚Ėą‚Ėą‚Ėą‚Ėą‚Ėą‚Ėą‚Ėą
‚Ėą‚Ėą‚Ėą‚Ėą‚Ėą‚Ėą‚Ėą‚Ėą‚Ėą‚Ėą‚Ėą‚Ėą‚Ėą‚Ėą‚Ėą‚Ėą‚Ėą‚Ėą‚Ėą   ‚Ėź‚Ėą‚ĖĆ  ‚Ėź‚ĖĆ   ‚ĖĄ‚Ėą‚Ėą‚Ėą‚Ėď  ‚Ėź‚Ėą‚Ėą‚Ėą‚Ėą‚Ėą‚Ėą‚Ėą‚ĖĆ     ‚Ėź ‚Ėą‚Ėą‚Ėą‚Ėą‚Ėą‚Ėą‚Ėą‚Ėą‚Ėą‚Ėą‚Ėą‚Ėą‚Ėą‚Ėą‚Ėą‚Ėą‚Ėą‚Ėą‚Ėą‚Ėą‚Ėą‚Ėą‚Ėą‚Ėą
‚Ėą‚Ėą‚Ėą‚Ėą‚Ėą‚Ėą‚Ėą‚Ėą‚Ėą‚Ėą‚Ėą‚Ėą‚Ėą‚ĖÄ    ‚ĖĎ‚Ėí   ‚Ėą‚Ėą   ‚Ėď‚ĖĆ  ‚Ėź‚Ėą‚Ėą‚Ėą‚Ėą‚Ėą‚Ėą‚Ėą‚Ėą‚Ėą‚Ėą‚Ėą‚Ėď‚Ėď‚Ėą‚Ėą‚ĖĄ     ‚ĖĎ‚ĖĎ‚ĖÄ‚Ėą‚Ėą‚Ėą‚Ėą‚Ėą‚Ėą‚Ėą‚Ėą‚Ėą‚Ėą‚Ėą‚Ėą‚Ėą‚Ėą‚Ėą‚Ėą‚Ėą‚Ėą‚Ėą‚Ėą‚Ėą‚Ėą
‚Ėą‚Ėą‚Ėą‚Ėą‚Ėą‚Ėą‚Ėą‚Ėą‚Ėą‚Ėą‚Ėą‚Ėď   ‚ĖĄ‚Ėą   ‚ĖĆ  ‚Ėź‚Ėą‚ĖĆ  ‚Ėź‚Ėą‚ĖĄ ‚ĖĄ‚Ėą‚Ėą‚Ėď‚ĖÄ‚ĖÄ‚Ėą‚Ėą‚Ėą‚Ėą‚Ėą‚Ėą‚Ėą‚ĖĄ‚ĖÄ‚Ėą‚Ėą‚ĖĄ‚ĖĄ‚ĖĎ      ‚ĖÄ‚ĖÄ‚ĖÄ‚Ėą‚Ėą‚Ėą‚Ėą‚Ėą‚Ėą‚Ėą‚Ėą‚Ėą‚Ėą‚Ėą‚Ėą‚Ėą‚Ėą‚Ėą‚Ėą‚Ėą‚Ėą
‚Ėą‚Ėą‚Ėą‚Ėą‚Ėą‚Ėą‚Ėą‚Ėą‚Ėą‚Ėą‚Ėą‚ĖĆ   ‚Ėą‚ĖÄ  ‚Ėź‚Ėą‚ĖĄ  ‚ĖÄ‚ĖĆ  ‚Ėź‚Ėą‚Ėą‚Ėą‚Ėą‚ĖÄ   ‚ĖĄ‚Ėą‚Ėą‚Ėą‚Ėą‚Ėą‚Ėą‚Ėą‚Ėą‚Ėą‚Ėą‚Ėď‚ĖĄ‚ĖĄ‚ĖĄ‚ĖĄ‚ĖĄ‚ĖĄ‚ĖĄ‚ĖĎ     ‚ĖÄ‚ĖÄ‚Ėą‚Ėą‚Ėą‚Ėą‚Ėą‚Ėą‚Ėą‚Ėą‚Ėą‚Ėą‚Ėą‚Ėą‚Ėą‚Ėą‚Ėą
‚Ėą‚Ėą‚Ėą‚Ėą‚Ėą‚Ėą‚Ėą‚Ėą‚Ėą‚Ėą‚Ėą‚Ėą‚ĖĆ     ‚ĖĄ‚Ėą‚Ėą‚Ėą‚ĖĄ‚ĖĄ‚ĖĄ‚ĖĄ‚ĖĄ‚Ėą‚Ėą‚ĖÄ‚ĖÄ‚ĖÄ‚ĖĎ  ‚Ėź‚Ėą‚Ėą‚Ėą‚Ėą‚Ėą‚Ėą‚Ėą‚Ėą‚Ėą‚Ėą‚Ėą‚Ėą‚Ėą‚Ėą‚ĖĆ‚Ėą‚Ėą‚Ėą‚Ėą‚ĖÄ‚Ėą‚Ėą‚Ėď‚ĖĄ‚Ėí     ‚ĖÄ‚ĖÄ‚ĖÄ‚Ėą‚Ėą‚Ėą‚Ėą‚Ėą‚Ėą‚Ėą‚Ėą‚Ėą‚Ėą
‚Ėą‚Ėą‚Ėą‚Ėą‚Ėą‚Ėą‚Ėą‚Ėą‚Ėą‚Ėą‚Ėą‚Ėą‚Ėą‚ĖĆ  ‚Ėź‚Ėą‚Ėą‚Ėą‚Ėą‚Ėą‚Ėą‚Ėą‚Ėą‚Ėą‚ĖÄ   ‚ĖĄ‚ĖĄ‚ĖĆ   ‚ĖÄ‚ĖĎ‚ĖĎ‚Ėą‚Ėą‚Ėą‚Ėą‚Ėą‚Ėą‚Ėą‚Ėą‚Ėą‚Ėą‚Ėą‚Ėą‚Ėą‚Ėą‚Ėą‚Ėą‚ĖĆ‚ĖĎ‚ĖÄ‚Ėą‚Ėą‚Ėą‚Ėą‚ĖĄ     ‚ĖĎ  ‚ĖÄ‚Ėą‚Ėą‚Ėą‚Ėą‚Ėą‚Ėą‚Ėą
‚Ėą‚Ėą‚Ėą‚Ėą‚Ėą‚Ėą‚Ėą‚Ėą‚Ėą‚Ėą‚Ėą‚Ėą‚Ėą‚Ėą‚ĖĆ  ‚Ėą‚Ėą‚Ėą‚Ėą‚Ėą‚ĖÄ‚ĖÄ‚ĖÄ‚ĖĆ   ‚Ėą‚Ėą‚Ėą‚Ėą‚ĖĆ   ‚ĖĄ‚Ėď‚Ėą‚Ėą‚Ėą‚Ėą‚Ėą‚Ėą‚Ėą‚Ėą‚Ėą‚Ėą‚Ėą‚Ėą‚Ėą‚Ėą‚Ėą‚Ėą‚ĖĆ‚Ėź ‚ĖÄ‚Ėą‚Ėą‚Ėą‚Ėą‚Ėď      ‚Ėí ‚ĖÄ‚Ėą‚Ėą‚Ėą‚Ėą‚Ėą‚Ėą
‚Ėą‚Ėą‚Ėą‚Ėą‚Ėą‚Ėą‚Ėą‚Ėą‚Ėą‚Ėą‚Ėą‚Ėą‚Ėą‚Ėą‚Ėą‚ĖĄ‚ĖĄ‚Ėą‚Ėą‚Ėą‚Ėą‚Ėą   ‚Ėź   ‚ĖÄ‚ĖĎ ‚Ėź‚Ėą‚ĖĎ  ‚Ėď‚Ėą‚Ėą‚Ėą‚Ėą‚Ėą‚Ėą‚Ėą‚Ėą‚Ėą‚Ėą‚Ėą‚Ėą‚Ėą‚Ėą‚Ėą‚Ėą‚ĖÄ ‚ĖĆ   ‚ĖÄ‚Ėą‚Ėą‚Ėą‚Ėą‚ĖĆ     ‚Ėą ‚Ėź‚Ėą‚Ėą‚Ėą‚Ėą‚Ėą
‚Ėą‚Ėą‚Ėą‚Ėą‚Ėą‚Ėą‚Ėą‚Ėą‚Ėą‚Ėą‚Ėą‚Ėą‚Ėą‚Ėą‚Ėą‚Ėą‚Ėą‚ĖĆ  ‚Ėź‚Ėą‚ĖĆ   ‚Ėď   ‚ĖĄ‚ĖĄ‚Ėą‚Ėą‚Ėą  ‚Ėź‚Ėą‚Ėą‚Ėą‚Ėą‚Ėź‚Ėą‚Ėą‚Ėą‚Ėą‚Ėą‚Ėą‚Ėą‚Ėą‚ĖÄ‚ĖÄ ‚ĖĄ‚ĖÄ   ‚ĖĎ ‚Ėą‚Ėą‚Ėą‚Ėą‚ĖĆ‚ĖĎ   ‚ĖĎ‚Ėď ‚Ėź‚Ėą‚Ėą‚Ėą‚Ėą‚Ėą
‚Ėą‚Ėą‚Ėą‚Ėą‚Ėą‚Ėą‚Ėą‚Ėą‚Ėą‚Ėą‚Ėą‚Ėą‚ĖÄ   ‚ĖÄ‚ĖÄ‚ĖĎ  ‚Ėą‚Ėą‚ĖĆ  ‚Ėź‚ĖĆ  ‚Ėź‚Ėą‚Ėą‚Ėą‚Ėą‚Ėą‚Ėą‚Ėą‚Ėą‚Ėą‚Ėą‚ĖÄ ‚Ėď‚Ėą‚Ėą‚Ėą‚Ėą‚Ėą‚ĖÄ ‚ĖĎ‚ĖĄ‚ĖÄ      ‚ĖĄ‚Ėą‚Ėą‚ĖÄ‚ĖĎ    ‚ĖĄ‚ĖÄ  ‚Ėź‚Ėą‚Ėą‚Ėą‚Ėą‚Ėą
‚Ėą‚Ėą‚Ėą‚Ėą‚Ėą‚Ėą‚Ėą‚Ėą‚Ėą‚Ėą‚ĖÄ  ‚ĖĄ‚ĖĄ‚ĖĆ  ‚Ėź  ‚Ėź‚Ėą‚Ėą  ‚ĖĎ‚Ėą‚ĖĆ  ‚Ėą‚Ėą‚Ėą‚Ėą‚Ėą‚Ėą‚Ėą‚Ėą‚Ėą‚Ėą  ‚ĖĆ‚ĖÄ‚ĖÄ‚ĖÄ‚ĖÄ‚ĖĎ‚ĖĄ‚ĖĄ‚ĖÄ      ‚ĖĎ‚ĖÄ‚ĖÄ     ‚ĖĎ‚ĖĎ‚ĖÄ   ‚ĖĄ‚Ėą‚Ėą‚Ėą‚Ėą‚Ėą‚Ėą
‚Ėą‚Ėą‚Ėą‚Ėą‚Ėą‚Ėą‚Ėą‚Ėą‚Ėą‚ĖĆ   ‚Ėď‚Ėą‚ĖĆ ‚ĖĎ‚Ėą‚ĖĄ  ‚ĖÄ‚Ėą  ‚Ėź‚Ėą‚Ėą‚Ėą‚Ėą‚Ėą‚Ėą‚Ėą‚Ėą‚Ėą‚Ėą‚Ėą‚Ėą‚ĖÄ  ‚ĖĄ‚ĖĆ  ‚ĖĎ‚ĖÄ‚ĖÄ‚ĖÄ                   ‚ĖĎ‚ĖĄ‚Ėą‚Ėą‚Ėą‚Ėą‚Ėą‚Ėą‚Ėą‚Ėą
‚Ėą‚Ėą‚Ėą‚Ėą‚Ėą‚Ėą‚Ėą‚Ėą‚Ėą‚Ėą‚ĖĆ     ‚ĖĄ‚Ėą‚Ėą‚Ėą‚ĖĄ‚ĖĄ  ‚ĖĄ‚ĖĄ‚Ėą‚Ėą‚Ėą‚Ėą‚Ėą‚Ėą‚Ėą‚Ėą‚Ėą‚Ėą‚ĖÄ‚ĖÄ  ‚ĖĄ‚ĖÄ‚ĖÄ         ‚ĖĎ       ‚ĖĎ‚ĖĎ‚ĖĎ‚ĖĄ‚ĖĄ‚ĖĄ‚ĖĄ‚ĖĄ‚Ėď‚Ėą‚Ėą‚Ėą‚Ėą‚Ėą‚Ėą‚Ėą‚Ėą‚Ėą‚Ėą
‚Ėą‚Ėą‚Ėą‚Ėą‚Ėą‚Ėą‚Ėą‚Ėą‚Ėą‚Ėą‚Ėą‚ĖĆ   ‚ĖĄ‚Ėą‚Ėą‚Ėą‚Ėą‚Ėą‚Ėą‚Ėą‚Ėą‚Ėą‚Ėą‚Ėą‚Ėą‚ĖÄ‚ĖÄ‚ĖÄ‚ĖÄ‚ĖÄ‚ĖÄ‚Ėí‚ĖĎ‚ĖÄ‚Ėí‚ĖĎ‚ĖĎ‚ĖĄ‚ĖĄ        ‚ĖĎ    ‚ĖĄ‚ĖĄ‚Ėď‚Ėą‚Ėą‚Ėą‚Ėą‚Ėą‚Ėą‚Ėą‚Ėą‚Ėą‚Ėą‚Ėą‚Ėą‚Ėą‚Ėą‚Ėą‚Ėą‚Ėą‚Ėą‚Ėą‚Ėą‚Ėą
‚Ėą‚Ėą‚Ėą‚Ėą‚Ėą‚Ėą‚Ėą‚Ėą‚Ėą‚Ėą‚Ėą‚Ėą‚ĖĆ  ‚Ėą‚Ėą‚Ėą‚Ėą‚Ėą‚Ėą‚Ėą‚Ėą‚Ėą‚Ėą‚ĖÄ    ‚Ėź‚ĖĄ‚Ėí‚ĖÄ‚ĖĎ   ‚ĖĎ   ‚ĖÄ‚Ėí‚ĖĎ‚ĖĎ   ‚ĖĎ   ‚ĖĄ‚Ėą‚Ėą‚Ėď‚ĖÄ‚ĖÄ‚ĖÄ‚Ėą‚Ėą‚Ėą‚Ėą‚Ėą‚Ėą‚Ėą‚Ėą‚Ėą‚Ėą‚Ėą‚Ėą‚Ėą‚Ėą‚Ėą‚Ėą‚Ėą‚Ėą‚Ėą
‚Ėą‚Ėą‚Ėą‚Ėą‚Ėą‚Ėą‚Ėą‚Ėą‚Ėą‚Ėą‚Ėą‚Ėą‚Ėą‚ĖĄ‚ĖĄ‚Ėď‚Ėą‚Ėą‚Ėą‚Ėą‚Ėą‚Ėą‚Ėą‚Ėą‚ĖĎ  ‚ĖĎ  ‚Ėď‚Ėí‚ĖĄ‚ĖĄ‚ĖĄ ‚Ėí‚ĖĄ‚ĖĄ‚Ėď‚ĖĄ‚ĖĄ‚ĖĄ‚ĖĄ‚Ėí‚ĖĄ‚ĖĎ      ‚ĖÄ   ‚ĖĄ‚ĖĄ‚Ėą‚Ėą‚Ėą‚Ėą‚Ėą‚Ėą‚Ėą‚Ėą‚Ėą‚Ėą‚Ėą‚Ėą‚Ėą‚Ėą‚Ėą‚Ėą‚Ėą‚Ėą‚Ėą‚Ėą
‚Ėą‚Ėą‚Ėą‚Ėą‚Ėą‚Ėą‚Ėą‚ĖÄ‚Ėą‚Ėą‚Ėą‚Ėą‚Ėą‚Ėą‚Ėą‚Ėą‚Ėą‚Ėą‚Ėą‚Ėą‚Ėą‚Ėą‚Ėą‚ĖĎ  ‚ĖĄ   ‚Ėź‚Ėą‚Ėą‚Ėą‚ĖÄ‚Ėď‚ĖĄ‚Ėď‚ĖÄ‚ĖÄ‚ĖÄ‚ĖĎ ‚ĖÄ‚Ėą‚Ėą‚ĖĆ           ‚ĖĄ‚ĖĄ‚Ėą‚Ėą‚Ėą‚Ėą‚Ėą‚Ėą‚Ėą‚Ėą‚Ėą‚Ėą‚Ėą‚Ėą‚Ėą‚Ėą‚Ėą‚Ėą‚Ėą‚Ėą‚Ėą
‚Ėą‚Ėą‚Ėą‚Ėą‚Ėą‚ĖÄ‚ĖĄ‚Ėą‚Ėą‚Ėą‚Ėą‚Ėą‚Ėą‚Ėą‚Ėą‚Ėą‚Ėą‚Ėą‚Ėą‚Ėą‚Ėą‚Ėą‚Ėď   ‚Ėź‚ĖĆ    ‚Ėź‚Ėí          ‚Ėź‚ĖÄ‚ĖĆ       ‚ĖĎ   ‚Ėą‚Ėą‚Ėą‚Ėą‚Ėą‚Ėą‚Ėą‚Ėą‚Ėą‚Ėą‚Ėą‚Ėą‚Ėą‚Ėą‚Ėą‚Ėą‚Ėą‚Ėą‚Ėą‚Ėą‚Ėą
‚Ėą‚Ėą‚Ėą‚Ėą‚ĖĆ ‚Ėď‚Ėą‚Ėą‚Ėą‚Ėą‚Ėą‚Ėą‚Ėą‚Ėą‚Ėą‚Ėą‚Ėą‚Ėą‚Ėą‚Ėą‚Ėą‚ĖĆ    ‚ĖĎ    ‚Ėź‚ĖĄ‚ĖĄ     ‚ĖĄ‚ĖĄ‚Ėą‚ĖĄ ‚Ėź‚ĖĆ         ‚ĖĎ ‚ĖÄ‚Ėą‚Ėą‚Ėą‚Ėą‚Ėą‚Ėą‚ĖÄ‚Ėą‚Ėą‚Ėą‚Ėą‚Ėą‚Ėą‚Ėą‚Ėą‚Ėą‚Ėą‚Ėą‚Ėą‚Ėą
‚Ėą‚Ėą‚Ėą‚Ėą‚Ėą‚ĖĄ‚ĖĄ‚ĖĄ‚ĖĄ‚ĖĄ‚ĖÄ‚ĖÄ‚Ėą‚Ėą‚Ėą‚Ėą‚Ėą‚Ėą‚Ėą‚Ėą‚Ėą‚Ėą‚Ėď    ‚ĖĎ   ‚ĖĎ‚Ėą‚Ėą‚ĖĎ‚Ėď‚Ėą‚Ėą‚Ėą‚Ėą‚Ėď‚ĖÄ‚Ėą‚Ėą‚Ėą‚ĖĄ‚ĖĆ‚ĖÄ‚ĖĄ     ‚ĖĆ   ‚ĖĎ  ‚ĖÄ‚ĖÄ   ‚Ėď‚Ėą‚Ėą‚Ėą‚Ėą‚Ėą‚Ėą‚Ėą‚Ėą‚Ėą‚Ėą‚Ėą‚Ėą
‚Ėą‚Ėą‚Ėą‚Ėď‚ĖÄ‚ĖÄ‚ĖÄ‚Ėą‚Ėą‚Ėą‚ĖĆ ‚Ėź‚Ėą‚Ėą‚Ėą‚Ėą‚Ėą‚Ėą‚Ėą‚Ėą‚Ėą‚Ėď  ‚ĖÄ     ‚Ėź‚Ėą‚Ėď‚Ėą‚Ėą‚Ėą‚ĖĆ ‚ĖÄ‚Ėą‚Ėą‚Ėą‚Ėą ‚Ėź‚ĖĄ‚ĖĎ‚ĖĆ     ‚ĖÄ‚ĖĄ‚ĖĄ            ‚ĖÄ‚ĖÄ‚Ėą‚Ėą‚Ėą‚Ėą‚Ėą‚Ėą‚Ėą‚Ėą
‚Ėą‚Ėď  ‚ĖĄ‚Ėą‚Ėą‚Ėą‚Ėą‚ĖÄ‚ĖĄ‚Ėď‚Ėą‚Ėą‚Ėą‚Ėą‚ĖÄ‚ĖÄ‚Ėą‚Ėą‚Ėą‚ĖÄ  ‚ĖĎ       ‚Ėź‚ĖĆ‚ĖÄ‚ĖÄ‚Ėí‚ĖĄ‚ĖĄ‚Ėí ‚ĖĎ‚ĖĎ‚ĖĄ‚Ėď‚Ėź‚ĖÄ‚ĖÄ                        ‚ĖÄ‚Ėą‚Ėą‚Ėą‚Ėą‚Ėą‚Ėą
‚Ėą‚ĖĆ ‚Ėź‚Ėą‚Ėą‚ĖÄ‚ĖĄ‚ĖĄ‚Ėą‚Ėą‚Ėą‚Ėą‚ĖÄ‚ĖÄ‚ĖĎ       ‚ĖĎ         ‚Ėą‚ĖĎ        ‚ĖÄ ‚Ėź‚ĖĆ                  ‚ĖĎ      ‚ĖĎ ‚Ėą‚Ėą‚Ėą‚Ėą‚Ėą
‚Ėą‚Ėą‚Ėą ‚ĖĄ‚ĖĄ‚Ėą‚Ėą‚Ėą‚Ėą‚Ėą‚Ėą‚ĖĆ       ‚ĖĎ‚ĖĎ     ‚ĖĎ     ‚ĖĆ‚ĖĎ ‚ĖĎ‚ĖĄ‚ĖĄ‚Ėí‚ĖÄ    ‚Ėď‚Ėź   ‚ĖĄ‚ĖĎ‚ĖĄ‚ĖĄ   ‚ĖĄ        ‚ĖĎ   ‚Ėí  ‚ĖĎ‚ĖĎ‚Ėą‚Ėą‚Ėą‚Ėą
‚Ėą‚Ėą‚ĖĆ‚Ėź‚Ėą‚Ėą‚Ėą‚Ėą‚Ėą‚Ėą‚ĖÄ‚ĖĎ      ‚ĖĎ       ‚ĖĄ‚ĖĎ     ‚Ėź‚ĖĆ        ‚ĖĄ‚Ėď‚ĖĆ ‚ĖÄ‚ĖĄ‚Ėď‚ĖĆ‚ĖĄ‚ĖĄ‚ĖĄ‚ĖÄ‚ĖÄ‚ĖĄ‚ĖĄ‚Ėď‚ĖĄ‚ĖĄ‚ĖĄ‚ĖĎ       ‚ĖÄ  ‚Ėź ‚Ėą‚Ėď‚Ėą‚Ėą
‚Ėą‚Ėą‚Ėą ‚Ėą‚Ėą‚Ėą‚Ėą‚Ėą                       ‚ĖĄ‚Ėź‚Ėą‚ĖĄ‚ĖĄ‚ĖĎ  ‚ĖĄ‚ĖĄ‚Ėď‚Ėą‚ĖĆ‚ĖĄ‚Ėź‚Ėą‚Ėą‚ĖĆ‚ĖĄ‚ĖÄ‚ĖĄ‚ĖÄ‚ĖĄ‚ĖÄ‚ĖĎ‚ĖĄ‚ĖĄ‚ĖĄ‚Ėą‚Ėą‚Ėą‚ĖĄ         ‚ĖĆ‚Ėź‚Ėą‚Ėą‚Ėą‚Ėą
‚Ėą‚Ėą‚Ėď‚ĖĄ‚Ėď‚Ėą‚Ėą‚Ėą‚ĖĎ‚ĖĎ‚ĖĎ ‚ĖĄ‚ĖĄ  ‚ĖĄ           ‚ĖĄ‚ĖĄ‚ĖĄ‚ĖĆ‚ĖĄ‚Ėą‚Ėą‚Ėą‚Ėą‚ĖĆ‚ĖÄ‚Ėą‚Ėą‚Ėą‚Ėą‚Ėą‚Ėą‚ĖĆ‚Ėą‚Ėą‚ĖÄ ‚ĖĄ‚ĖÄ‚ĖĄ‚ĖÄ‚ĖĄ‚ĖÄ‚ĖÄ‚ĖÄ‚ĖÄ‚ĖÄ‚ĖÄ‚ĖÄ‚ĖÄ‚Ėą‚ĖĆ      ‚ĖĎ‚ĖĎ   ‚Ėą‚Ėą‚Ėą
‚Ėą‚ĖĆ‚Ėí‚ĖĎ‚ĖÄ   ‚ĖÄ‚ĖÄ‚ĖÄ‚ĖÄ‚ĖĆ ‚ĖÄ‚Ėí ‚ĖĆ        ‚ĖĄ‚ĖĆ‚ĖÄ‚ĖĄ‚ĖÄ‚Ėź‚Ėą‚Ėą‚Ėą‚ĖÄ‚Ėą‚ĖĎ‚ĖĆ ‚ĖÄ‚Ėą‚Ėą‚Ėď‚Ėź‚Ėą‚Ėą‚ĖÄ‚ĖĄ‚ĖÄ‚Ėí‚ĖĄ‚Ėí‚ĖÄ          ‚Ėí‚Ėí‚ĖĄ         ‚ĖĎ‚Ėą‚Ėą
‚Ėą‚Ėą‚Ėą‚Ėą‚ĖĄ‚ĖĄ‚ĖĄ‚ĖĄ‚ĖĄ‚ĖĆ‚ĖĄ‚ĖĄ‚Ėą  ‚Ėą ‚ĖÄ‚ĖĄ‚ĖĆ     ‚ĖĄ‚ĖÄ‚ĖÄ‚Ėą‚ĖĄ‚Ėí ‚Ėź‚Ėą‚Ėď‚Ėď‚ĖÄ‚Ėí‚Ėą ‚ĖÄ‚Ėď‚Ėď‚ĖÄ‚ĖÄ‚ĖÄ‚ĖĆ ‚ĖĄ‚ĖĄ‚Ėą‚Ėą‚ĖĆ          ‚Ėź‚Ėą‚Ėą‚Ėź‚ĖĆ        ‚ĖĎ‚Ėą‚Ėą
‚Ėą‚Ėą‚Ėą‚Ėą‚ĖÄ   ‚Ėď  ‚ĖÄ‚ĖÄ‚ĖÄ‚Ėí‚Ėď‚ĖĆ ‚Ėź‚ĖĆ   ‚ĖĄ‚ĖÄ   ‚Ėą‚ĖÄ‚ĖĄ‚ĖĄ‚ĖĆ‚ĖĆ  ‚ĖÄ‚Ėą‚ĖÄ‚ĖĆ‚ĖÄ    ‚Ėź‚ĖÄ‚ĖÄ‚ĖÄ‚ĖĎ‚ĖĄ‚ĖÄ‚ĖÄ‚ĖĄ‚ĖĄ         ‚Ėą‚Ėą‚Ėą‚Ėź‚ĖĎ    ‚ĖĎ  ‚Ėď‚Ėą‚Ėą
‚Ėą‚Ėą‚Ėą‚ĖĆ ‚ĖĄ ‚Ėź‚ĖĄ  ‚ĖÄ‚ĖÄ‚ĖÄ‚ĖĆ‚Ėź‚ĖĆ  ‚ĖĆ  ‚ĖĄ   ‚ĖĄ‚Ėą‚Ėí‚ĖÄ      ‚Ėď‚ĖÄ ‚Ėź            ‚ĖĎ‚ĖĎ‚ĖÄ‚Ėą‚Ėą‚Ėď‚Ėď‚Ėą‚Ėą‚Ėą‚Ėą‚ĖĄ‚Ėź‚Ėą‚ĖĆ‚Ėź‚ĖÄ‚ĖĄ    ‚ĖĄ‚Ėą‚Ėą‚Ėą‚Ėą
‚Ėą‚Ėą‚Ėą  ‚ĖĆ  ‚ĖĆ ‚ĖĎ‚ĖÄ‚ĖÄ‚ĖÄ‚ĖĄ‚ĖĆ   ‚ĖĆ ‚ĖĎ‚ĖĆ‚ĖĄ‚ĖĄ‚Ėą‚ĖÄ‚ĖĎ‚ĖĎ      ‚Ėź‚ĖÄ  ‚Ėź        ‚ĖĄ     ‚Ėą‚ĖĄ‚Ėď‚Ėą‚Ėą‚Ėą‚Ėą‚Ėą‚Ėą‚Ėą‚Ėą‚Ėą    ‚ĖÄ‚ĖĄ‚Ėą‚Ėą‚Ėą‚Ėą‚Ėą‚Ėą‚Ėą
‚Ėą‚Ėą‚Ėą  ‚ĖĎ  ‚ĖÄ‚ĖĄ ‚ĖĄ‚ĖĄ‚ĖĄ‚Ėď‚ĖĆ ‚ĖĎ‚ĖÄ   ‚ĖĆ‚Ėź‚Ėą‚Ėą‚ĖĆ ‚Ėź‚ĖÄ‚ĖĄ   ‚Ėź‚ĖĆ   ‚Ėź     ‚ĖĄ‚ĖÄ‚Ėź‚ĖĆ   ‚ĖĄ‚Ėą‚Ėą‚Ėą‚Ėą‚ĖĆ   ‚ĖÄ‚ĖÄ‚ĖÄ‚Ėď‚Ėą‚ĖĄ‚ĖĄ   ‚ĖĎ‚Ėď‚Ėą‚Ėą‚Ėą‚Ėą‚Ėą‚Ėą
‚Ėą‚Ėą‚Ėą‚Ėą‚ĖĄ    ‚Ėź‚ĖĎ ‚Ėź‚ĖÄ‚ĖĆ ‚Ėź‚Ėď    ‚Ėą‚Ėí‚ĖÄ‚Ėź‚ĖĆ ‚Ėź ‚ĖÄ‚ĖĄ  ‚Ėź    ‚Ėź   ‚ĖĎ‚ĖÄ  ‚ĖĆ  ‚ĖĄ‚Ėą‚Ėą‚Ėą‚Ėą‚Ėą‚Ėą‚Ėą        ‚ĖÄ‚Ėą‚Ėą‚ĖĄ ‚ĖÄ‚ĖĄ‚ĖÄ‚Ėą‚Ėą‚Ėą‚Ėą‚Ėą
‚Ėą‚Ėą‚Ėą‚Ėą‚Ėą‚Ėą    ‚Ėź‚ĖĄ‚ĖĄ   ‚ĖĎ‚Ėą  ‚ĖĄ‚ĖÄ   ‚Ėź‚Ėą‚ĖĄ‚Ėź   ‚Ėď‚ĖĄ‚Ėď    ‚Ėď‚ĖĄ‚ĖĄ‚ĖĄ‚ĖÄ  ‚Ėď‚Ėą‚Ėą‚Ėą‚Ėą‚Ėą‚Ėą‚Ėą‚Ėą‚Ėą‚Ėą‚Ėą‚ĖĄ         ‚Ėź‚Ėą‚ĖĆ ‚Ėź‚ĖĆ‚ĖÄ‚Ėą‚Ėą‚Ėą‚Ėą
‚Ėą‚Ėą‚Ėą‚Ėą‚Ėą‚ĖÄ    ‚Ėź‚Ėą‚Ėď‚ĖĄ‚ĖĄ‚Ėí‚ĖĄ‚ĖÄ‚ĖĄ‚Ėź‚ĖÄ    ‚Ėź‚Ėą‚Ėą‚Ėą‚ĖĆ   ‚Ėą‚Ėą    ‚Ėą‚Ėą‚ĖÄ   ‚Ėź‚Ėą‚Ėą‚Ėą‚Ėą‚Ėą‚ĖÄ‚ĖÄ‚ĖĄ‚Ėą‚Ėą‚Ėą‚Ėą‚Ėą‚Ėą‚ĖĄ‚ĖĄ‚ĖĄ‚ĖĄ‚ĖĄ‚ĖĎ‚ĖĎ‚ĖĄ‚Ėą‚Ėą‚ĖĎ  ‚ĖÄ‚ĖĄ‚ĖĄ‚ĖÄ‚Ėą‚Ėą
‚Ėą‚Ėą‚Ėą‚ĖÄ       ‚Ėź‚Ėą‚Ėą‚Ėą‚Ėą‚Ėą‚ĖĄ‚ĖĎ‚ĖÄ     ‚Ėą‚Ėą‚Ėą‚ĖÄ‚ĖÄ‚ĖĄ   ‚Ėą    ‚Ėą‚ĖÄ   ‚Ėď‚ĖÄ‚ĖÄ   ‚ĖĄ‚ĖĄ‚ĖÄ‚ĖĄ‚Ėą‚Ėą‚Ėą‚Ėą‚Ėą‚Ėą‚Ėą‚Ėź‚Ėą‚Ėą‚Ėą‚Ėą‚Ėą‚Ėą‚Ėą‚ĖÄ‚ĖĎ‚ĖĄ   ‚Ėą‚ĖĆ‚ĖÄ‚Ėą
‚Ėą‚Ėą‚ĖÄ  ‚ĖĎ      ‚Ėą‚Ėí‚Ėą‚Ėą‚Ėą‚Ėą‚Ėą‚ĖĄ‚ĖÄ‚ĖĄ‚ĖĄ‚ĖĄ‚Ėą‚Ėą‚Ėą‚Ėą‚ĖĆ ‚ĖÄ‚ĖĆ  ‚Ėź‚ĖĆ  ‚Ėź‚ĖĆ  ‚ĖĄ‚Ėą‚Ėą‚ĖĄ‚ĖÄ‚ĖÄ‚Ėą‚ĖÄ‚ĖĎ‚ĖĄ‚Ėą‚Ėą‚Ėą‚Ėą‚Ėą‚Ėą‚Ėą‚ĖÄ‚ĖĄ‚Ėą‚Ėą‚Ėą‚Ėą‚Ėą‚Ėą‚ĖÄ     ‚ĖĄ‚ĖĄ‚Ėą‚Ėą‚Ėą‚ĖĎ
‚Ėą‚ĖĆ   ‚ĖĆ      ‚ĖĆ‚ĖĎ‚Ėź‚Ėą‚Ėą‚Ėą‚Ėą‚Ėą‚Ėą‚ĖĄ‚ĖÄ‚Ėą‚Ėą‚Ėą‚Ėą‚Ėą‚Ėą‚ĖĄ‚ĖĄ‚ĖÄ‚ĖĄ  ‚Ėź  ‚Ėď  ‚ĖĄ‚ĖÄ‚ĖÄ  ‚ĖĄ‚ĖÄ‚ĖĄ‚ĖÄ‚ĖÄ‚Ėď‚Ėą‚Ėą‚Ėą‚Ėą‚Ėą‚Ėą‚ĖÄ‚ĖĄ‚Ėą‚Ėą‚Ėą‚Ėą‚Ėą‚Ėą‚ĖÄ   ‚ĖĄ‚Ėą‚Ėą‚Ėą‚Ėą‚Ėą‚Ėą‚Ėí‚Ėą
‚Ėą    ‚ĖĆ      ‚Ėź ‚ĖĎ‚Ėď‚Ėą‚Ėą‚Ėą‚Ėą‚Ėą‚Ėą‚Ėď‚ĖĆ‚Ėą‚Ėą‚Ėą‚Ėą‚Ėą‚ĖĆ‚ĖĄ‚Ėí‚ĖÄ‚ĖÄ‚ĖĄ ‚ĖĆ‚Ėź‚ĖĎ‚ĖĄ‚ĖÄ ‚ĖĎ‚ĖĄ‚ĖĄ‚Ėą  ‚ĖĄ‚ĖĄ‚Ėą‚Ėą‚Ėą‚Ėą‚Ėą‚Ėą‚ĖÄ‚ĖĄ‚Ėą‚Ėą‚Ėą‚Ėą‚Ėą‚Ėą‚Ėą‚ĖĆ  ‚ĖĄ‚Ėą‚ĖÄ‚ĖÄ‚ĖĄ‚Ėą‚Ėą‚ĖÄ‚ĖĄ‚Ėą‚Ėą
‚Ėą ‚ĖĎ         ‚Ėź‚ĖĆ ‚ĖĎ‚Ėą‚Ėą‚Ėą‚Ėą‚ĖÄ‚Ėď‚Ėą‚Ėą‚Ėź‚Ėą‚Ėą‚Ėą‚Ėą‚Ėď‚Ėź‚Ėą‚Ėą‚ĖĄ‚ĖĄ‚ĖÄ‚Ėď‚Ėď‚ĖÄ‚ĖÄ‚ĖÄ‚ĖÄ‚ĖÄ‚ĖÄ‚Ėą‚Ėą‚Ėą‚Ėą‚Ėą‚Ėą‚Ėą‚Ėą‚Ėą‚Ėą‚ĖÄ‚ĖĄ‚Ėą‚Ėą‚Ėą‚Ėą‚Ėą‚Ėą‚Ėą‚Ėą‚ĖĆ‚ĖĎ‚ĖĄ‚ĖÄ‚ĖÄ‚ĖĎ‚ĖĄ‚Ėą‚Ėą‚Ėą‚ĖÄ‚ĖĄ‚ĖÄ‚Ėą‚Ėą
‚Ėą‚ĖĆ ‚ĖÄ‚ĖĄ        ‚Ėď‚ĖĄ‚Ėź‚ĖĄ‚Ėą‚Ėď‚Ėą‚Ėą‚Ėą‚Ėą‚Ėą‚Ėź‚Ėą‚Ėą‚Ėą‚Ėą‚Ėą‚Ėą‚Ėą‚Ėą‚ĖĄ‚ĖĄ‚ĖĎ‚ĖĄ‚Ėą‚ĖĄ‚Ėí‚ĖÄ‚Ėą‚Ėą‚Ėą‚Ėą‚Ėą‚Ėą‚ĖÄ‚ĖÄ‚ĖĄ‚Ėą‚Ėą‚Ėą‚ĖĆ‚Ėď‚Ėą‚Ėą‚Ėą‚Ėą‚Ėą‚Ėą‚Ėą‚Ėą‚Ėą ‚ĖĄ‚Ėą‚ĖĄ‚ĖĄ‚Ėą‚Ėą‚Ėą‚ĖÄ ‚ĖĄ‚Ėą‚ĖĎ‚Ėź‚Ėą
‚Ėą‚Ėą‚Ėď‚ĖĄ ‚ĖÄ‚ĖĎ‚ĖĄ      ‚ĖÄ‚Ėí‚Ėí‚Ėď‚Ėą‚Ėą‚Ėą‚Ėą‚Ėą‚Ėą‚Ėą‚Ėą‚Ėą‚Ėą‚Ėą‚Ėą‚Ėą‚ĖĎ‚ĖÄ‚Ėą‚Ėí‚ĖÄ‚Ėź‚Ėą ‚ĖĎ‚ĖÄ‚ĖÄ‚ĖÄ‚ĖÄ‚ĖÄ‚Ėí  ‚ĖĄ‚Ėą‚Ėą‚Ėą‚ĖÄ‚ĖĄ‚Ėą‚Ėą‚Ėą‚Ėą‚Ėą‚Ėď‚Ėą‚Ėą‚Ėą ‚Ėď‚Ėą‚Ėą‚Ėą‚Ėą‚Ėą‚Ėą‚ĖĆ‚ĖĄ‚Ėď‚Ėą‚Ėą‚Ėą ‚Ėź
‚Ėą‚Ėą‚Ėą‚Ėą‚Ėą‚Ėď‚ĖĄ‚ĖĄ‚ĖĄ‚ĖĄ‚ĖĎ‚ĖĎ‚ĖĎ‚ĖĎ  ‚ĖĎ‚ĖÄ‚ĖĄ‚ĖÄ‚Ėą‚Ėą‚Ėą‚ĖÄ‚Ėź‚Ėą‚Ėą‚Ėą‚Ėą‚Ėą‚ĖĆ‚ĖĄ‚Ėź‚ĖĄ  ‚Ėź‚Ėą   ‚ĖĄ‚ĖĄ‚Ėą‚ĖÄ‚ĖĎ ‚ĖĄ‚Ėą‚Ėą‚Ėą‚Ėą‚Ėí‚Ėą‚Ėą‚Ėą‚Ėą‚Ėą‚Ėą‚Ėí‚Ėą‚Ėą ‚Ėą‚Ėą‚Ėą‚Ėą‚Ėą‚Ėą‚Ėą‚ĖÄ‚ĖĄ‚Ėą‚ĖÄ‚Ėą‚Ėą‚Ėą‚ĖĆ
‚Ėą‚Ėą‚Ėą‚Ėą‚Ėą‚Ėą‚Ėą‚Ėą‚Ėą‚Ėą‚Ėą‚Ėď‚ĖÄ‚ĖÄ     ‚ĖÄ‚ĖÄ‚ĖÄ‚ĖĎ ‚ĖĆ‚Ėą‚Ėą‚Ėą‚Ėą‚Ėą‚ĖĆ‚Ėą ‚ĖÄ  ‚Ėź‚ĖĆ  ‚ĖĎ‚ĖĄ‚Ėą‚Ėą‚ĖÄ‚Ėď‚ĖĄ‚Ėí ‚ĖĎ‚ĖÄ‚ĖÄ‚ĖÄ‚Ėą‚Ėą‚Ėą‚Ėą‚Ėą‚Ėą‚Ėď‚Ėď‚ĖĄ‚Ėą‚Ėą‚Ėą‚Ėą‚Ėą‚Ėą‚ĖÄ‚ĖĄ‚Ėą‚Ėą‚Ėą‚ĖĆ‚Ėą‚Ėą‚Ėą‚Ėą‚ĖĆ
‚Ėą‚Ėą‚Ėą‚Ėą‚Ėą‚Ėą‚Ėą‚Ėą‚Ėą‚ĖÄ             ‚Ėź‚Ėź‚Ėą‚Ėą‚ĖĆ‚Ėą‚Ėą‚Ėď‚Ėą‚Ėą‚Ėą‚ĖĄ‚ĖĎ‚Ėą‚ĖĄ‚ĖĄ‚Ėą‚Ėą‚Ėą‚ĖÄ‚ĖĄ‚ĖĄ‚Ėą‚Ėď‚ĖÄ‚ĖÄ‚Ėí‚ĖĄ    ‚ĖÄ‚ĖÄ‚Ėą‚Ėď‚ĖÄ‚Ėą‚Ėą‚Ėą‚Ėą‚Ėą‚Ėď‚Ėď ‚Ėą‚Ėą‚Ėą‚Ėą‚Ėą‚ĖĆ‚Ėź‚Ėą‚Ėą‚Ėą‚Ėą
‚Ėą‚Ėą‚Ėą‚Ėą‚Ėą‚Ėą‚Ėą‚ĖÄ ‚ĖĄ‚ĖÄ            ‚Ėź‚Ėź‚Ėą‚Ėą‚Ėź‚Ėą‚ĖĆ ‚ĖÄ‚ĖĆ‚ĖÄ‚Ėí‚ĖĄ‚ĖĄ‚ĖĄ‚ĖĄ‚ĖĄ‚ĖĄ‚Ėź ‚Ėź   ‚ĖĄ‚ĖĎ‚ĖÄ ‚ĖĄ      ‚ĖÄ‚Ėą‚Ėď‚ĖÄ‚Ėą‚Ėą‚Ėą‚Ėą‚Ėą‚Ėą‚Ėą‚Ėą‚Ėą‚Ėą‚Ėą‚ĖĆ ‚Ėą‚Ėą‚Ėą‚Ėą
‚Ėą‚Ėą‚Ėą‚Ėą‚Ėą‚Ėą‚ĖĆ ‚Ėí         ‚ĖĄ    ‚ĖĆ‚Ėą‚Ėą‚ĖĆ‚Ėź‚Ėą‚ĖĆ  ‚ĖĆ ‚Ėź‚Ėą‚Ėą‚Ėą‚Ėą‚Ėą‚Ėą‚Ėź ‚Ėź  ‚ĖĆ ‚ĖĄ‚ĖĄ‚ĖÄ ‚ĖĄ       ‚ĖÄ‚Ėą‚Ėą‚Ėą‚Ėą‚Ėą‚Ėą‚Ėą‚Ėą‚Ėą‚Ėą‚Ėą‚Ėą‚Ėą ‚Ėź‚Ėą‚Ėą‚Ėą
‚Ėą‚Ėą‚Ėą‚Ėą‚Ėą‚Ėą           ‚ĖĎ    ‚Ėź‚ĖĎ‚Ėą‚Ėą ‚Ėą‚Ėą‚ĖĆ‚ĖĎ‚ĖĄ‚ĖĄ‚ĖĄ‚ĖÄ‚ĖÄ‚ĖÄ‚ĖÄ‚ĖÄ‚ĖÄ‚ĖÄ‚Ėź‚ĖĄ‚Ėď‚Ėą‚Ėą‚Ėą‚Ėď ‚ĖĄ‚ĖĄ‚ĖÄ‚ĖĎ ‚ĖĄ      ‚Ėź‚Ėą‚Ėą‚Ėą‚Ėą‚Ėą‚Ėą‚Ėą‚Ėą‚Ėą‚ĖĆ‚Ėą‚Ėą  ‚Ėą‚Ėą‚Ėą
‚Ėą‚Ėą‚Ėą‚Ėą‚Ėą‚Ėą‚ĖĎ               ‚Ėď‚Ėź‚Ėą‚ĖĆ‚Ėź‚Ėą‚Ėą    ‚ĖÄ‚ĖÄ‚ĖÄ‚ĖÄ‚ĖÄ‚ĖÄ‚ĖÄ‚ĖÄ‚ĖÄ‚Ėď‚Ėď‚ĖĄ‚ĖÄ‚ĖÄ‚Ėď‚Ėď‚Ėą ‚ĖĄ‚ĖĄ‚Ėą‚Ėą‚Ėą‚ĖĄ‚ĖĄ‚ĖĄ‚ĖĄ‚Ėą‚Ėą‚Ėą‚Ėą‚Ėą‚Ėą‚Ėą‚Ėą‚Ėą‚Ėą‚Ėą‚Ėą‚Ėź‚Ėą  ‚ĖĎ‚Ėą‚Ėą
‚Ėą‚Ėą‚Ėą‚Ėą‚Ėą‚Ėą‚ĖĆ              ‚Ėź‚ĖĆ‚Ėź‚Ėą‚ĖĆ‚Ėź‚Ėą‚Ėď  ‚ĖÄ‚Ėď‚Ėą‚ĖĆ      ‚ĖĄ‚ĖÄ‚ĖĄ‚ĖĄ‚ĖÄ‚Ėí‚ĖĄ‚Ėą‚Ėą‚Ėą‚Ėą‚Ėą‚Ėą‚ĖÄ‚Ėą‚Ėą‚Ėą‚Ėą‚Ėą‚Ėą‚Ėą‚Ėą‚Ėą‚Ėą‚Ėą‚Ėą‚Ėą‚Ėą‚Ėą‚Ėą‚Ėą‚ĖĆ‚Ėą‚ĖĆ   ‚ĖÄ
‚Ėą‚Ėą‚Ėą‚Ėą‚Ėą‚Ėą‚Ėą‚ĖĄ‚ĖĎ            ‚Ėź ‚Ėź‚Ėą ‚Ėą‚Ėą  ‚ĖÄ‚ĖÄ‚ĖĄ‚ĖĄ      ‚Ėź‚Ėą‚ĖÄ‚ĖÄ‚ĖĄ‚Ėą‚Ėą‚Ėď‚ĖÄ‚Ėď‚Ėą‚Ėą‚Ėą‚Ėą‚Ėą ‚Ėą‚Ėą‚Ėą‚Ėą‚Ėą‚Ėą‚Ėą‚Ėą‚Ėď‚Ėą‚Ėą‚Ėą‚Ėą‚Ėą‚Ėą‚Ėą‚Ėą‚Ėź‚ĖĆ
‚Ėą‚Ėą‚Ėą‚Ėą‚Ėą‚Ėą‚Ėą‚Ėą‚Ėą‚ĖĄ‚ĖĄ‚ĖĎ         ‚ĖĆ ‚Ėą‚ĖĆ‚Ėź‚Ėą‚ĖÄ  ‚ĖÄ‚ĖĄ‚ĖĄ‚ĖÄ‚ĖĆ        ‚ĖÄ‚ĖÄ‚ĖĄ‚Ėí‚ĖÄ‚ĖĎ  ‚ĖÄ‚ĖÄ‚Ėą‚Ėą‚Ėą‚ĖĎ‚Ėą‚Ėą‚Ėą‚Ėą‚Ėą‚Ėą‚Ėą‚Ėď‚Ėź‚Ėą‚Ėą‚Ėą‚Ėą‚Ėą‚Ėą‚Ėą‚Ėą‚ĖĆ
‚Ėą‚Ėą‚Ėą‚Ėą‚Ėą‚Ėą‚Ėą‚Ėą‚Ėą‚Ėą‚Ėą‚Ėą‚Ėą‚Ėą‚ĖÄ     ‚Ėź  ‚Ėą ‚Ėź‚ĖĎ    ‚ĖĄ‚Ėď‚Ėą‚ĖĄ      ‚ĖĄ‚ĖĄ‚ĖÄ‚ĖÄ‚ĖĄ‚ĖĄ      ‚ĖĎ‚Ėą‚Ėą‚Ėą‚Ėź‚Ėą‚Ėą‚Ėą‚Ėą‚Ėą‚Ėą‚Ėą‚Ėź‚Ėą‚Ėą‚Ėą‚Ėą‚Ėą‚Ėą‚Ėą‚Ėą‚ĖĆ
‚Ėą‚Ėą‚Ėą‚Ėą‚Ėą‚Ėą‚Ėą‚Ėą‚Ėą‚Ėą‚ĖÄ‚ĖÄ‚ĖÄ       ‚ĖĆ  ‚ĖĆ‚Ėď      ‚ĖĄ‚Ėď‚ĖÄ‚Ėą‚Ėą‚Ėą‚Ėą‚Ėą‚Ėą‚Ėą‚Ėą‚Ėą‚Ėą‚Ėď‚ĖÄ‚ĖÄ       ‚Ėź‚Ėą‚Ėą‚ĖĆ‚Ėą‚Ėą‚Ėą‚Ėą‚Ėą‚Ėą‚Ėą‚ĖĎ‚Ėą‚Ėą‚Ėą‚Ėą‚Ėą‚Ėą‚Ėą‚Ėą‚Ėą
‚Ėą‚Ėą‚Ėą‚Ėą‚Ėą‚Ėą‚Ėą‚Ėď  ‚ĖĄ        ‚Ėź  ‚Ėź‚ĖÄ      ‚Ėź‚Ėď‚Ėą‚Ėą‚Ėą‚Ėą‚Ėą‚Ėą‚Ėą‚Ėą‚Ėą‚Ėą‚ĖÄ‚ĖÄ‚ĖÄ‚Ėď‚Ėą‚Ėą       ‚Ėď‚Ėą‚Ėą‚ĖĎ‚Ėą‚Ėą‚Ėą‚Ėą‚Ėą‚Ėą‚ĖĆ‚Ėí‚Ėą‚Ėą‚Ėą‚Ėą‚Ėą‚Ėą‚Ėą‚Ėą
‚Ėą‚Ėą‚Ėą‚Ėą‚Ėą‚Ėą‚Ėą  ‚Ėź         ‚ĖĆ ‚ĖĄ‚ĖÄ      ‚ĖĄ‚Ėą‚Ėą‚Ėą‚ĖÄ‚Ėą‚Ėą‚Ėą‚Ėą‚Ėą‚Ėą‚Ėą‚Ėą‚ĖĆ   ‚ĖĎ‚Ėą‚ĖĆ      ‚ĖĎ‚Ėą‚Ėą‚ĖĆ‚Ėź‚Ėą‚Ėą‚Ėą‚Ėą‚Ėą‚ĖĆ‚Ėź‚Ėą‚Ėą‚Ėą‚Ėą‚Ėą‚Ėą‚Ėą‚Ėą
‚Ėą‚Ėą‚Ėą‚Ėí‚Ėą‚Ėą‚Ėą‚ĖĆ ‚Ėź        ‚Ėź‚ĖĎ‚ĖĄ‚ĖÄ      ‚Ėď‚Ėď‚ĖÄ ‚ĖĄ‚Ėą‚Ėą‚Ėą‚Ėą‚Ėą‚ĖĎ‚Ėą‚Ėą‚Ėą‚Ėą     ‚ĖÄ       ‚Ėź‚Ėą‚Ėą‚Ėź‚Ėą‚Ėą‚Ėą‚Ėą‚Ėą‚Ėą ‚Ėą‚Ėą‚Ėą‚Ėą‚Ėą‚Ėą‚Ėą‚Ėą‚ĖĆ
‚Ėą‚Ėą‚Ėą‚Ėź‚Ėą‚Ėą‚Ėą‚Ėą‚ĖĄ ‚Ėí       ‚ĖĆ‚Ėź‚ĖÄ      ‚ĖÄ   ‚ĖĄ‚Ėą‚Ėą‚Ėą‚Ėą‚Ėą‚ĖĎ‚Ėź‚Ėą‚Ėą‚Ėą‚Ėą‚ĖĆ            ‚Ėź‚Ėą‚Ėą‚ĖĆ‚Ėď‚Ėą‚Ėą‚Ėą‚Ėą‚Ėą‚ĖĆ‚Ėź‚Ėą‚Ėą‚Ėą‚Ėą‚Ėą‚Ėą‚Ėą‚ĖĆ
‚Ėą‚Ėą‚Ėą‚Ėą‚Ėą‚ĖÄ‚ĖÄ‚ĖĎ‚ĖĄ‚ĖĄ‚ĖĎ‚Ėí     ‚Ėź‚Ėź‚ĖĆ          ‚Ėď‚Ėą‚Ėą‚Ėą‚Ėą‚Ėą‚ĖĆ‚Ėź‚Ėą‚Ėą‚Ėą‚Ėą‚Ėą‚Ėą‚ĖĆ            ‚Ėą‚Ėą‚ĖĆ‚Ėź‚Ėą‚Ėą‚Ėą‚Ėą‚Ėą‚Ėą ‚Ėą‚Ėą‚Ėą‚Ėą‚Ėą‚Ėą‚Ėą‚ĖĆ
‚Ėą‚Ėą‚ĖÄ‚ĖÄ‚ĖĄ‚ĖĎ‚ĖÄ         ‚Ėź‚Ėí‚Ėď         ‚ĖĎ‚Ėą‚Ėą‚Ėą‚Ėą‚Ėą‚Ėą‚ĖĆ ‚Ėą ‚Ėą‚Ėą‚Ėą‚Ėą‚Ėą‚Ėą            ‚Ėź‚Ėą‚Ėą‚Ėź‚Ėą‚Ėą‚Ėą‚Ėą‚Ėą‚Ėą‚ĖĆ‚Ėź‚Ėą‚Ėą‚Ėą‚Ėą‚Ėą‚Ėą‚ĖĆ
‚Ėď  ‚Ėí          ‚ĖĄ‚ĖĄ‚ĖÄ‚Ėą‚ĖĎ        ‚ĖĎ‚Ėą‚Ėą‚Ėą‚Ėą‚Ėą‚Ėą‚ĖÄ ‚Ėą‚Ėď‚ĖĎ‚Ėą‚Ėą‚Ėą‚Ėą‚Ėą‚Ėą‚Ėď       ‚ĖĄ   ‚Ėź‚Ėą‚Ėą‚Ėź‚Ėą‚Ėą‚Ėą‚Ėą‚Ėą‚Ėą‚ĖĆ ‚Ėą‚Ėą‚Ėą‚Ėą‚Ėą‚Ėą‚ĖĆ
           ‚ĖĄ‚ĖĎ‚ĖÄ‚ĖĎ ‚Ėą‚Ėď   ‚ĖĆ     ‚Ėą‚Ėą‚Ėą‚Ėą‚Ėą‚Ėą‚ĖÄ‚ĖĄ‚Ėą‚Ėą‚ĖĆ‚Ėź‚Ėą‚Ėą‚Ėą‚Ėą‚Ėą‚Ėą‚Ėą‚ĖĆ      ‚Ėź‚ĖĄ  ‚Ėź‚Ėą‚Ėą‚Ėź‚Ėą‚Ėą‚Ėą‚Ėą‚Ėą‚Ėą‚Ėą‚ĖĎ‚Ėź‚Ėą‚Ėą‚Ėą‚Ėą‚Ėą‚ĖĆ
               ‚Ėą‚Ėą‚ĖĆ  ‚Ėą‚ĖĎ    ‚Ėź‚Ėą‚Ėą‚Ėą‚Ėą‚Ėą‚ĖÄ‚ĖĄ‚Ėą‚Ėą‚Ėą‚ĖĆ‚Ėź‚Ėą‚Ėą‚Ėą‚Ėą‚Ėą‚Ėą‚Ėą‚Ėą‚ĖĆ     ‚Ėź‚Ėą‚ĖĄ ‚Ėź‚Ėą‚Ėą‚Ėź‚Ėą‚Ėą‚Ėą‚Ėą‚Ėą‚Ėą‚Ėą‚ĖĆ ‚Ėą‚Ėą‚Ėą‚Ėą‚Ėą‚Ėď
              ‚Ėą‚Ėą‚Ėą  ‚Ėą‚ĖĆ    ‚Ėź‚Ėą‚Ėą‚Ėą‚Ėą‚ĖÄ‚ĖĄ‚ĖÄ‚Ėź‚Ėą‚Ėą‚Ėą‚ĖĎ‚Ėą‚Ėą‚Ėą‚Ėą‚Ėą‚Ėą‚Ėą‚Ėą‚Ėą‚Ėą‚ĖĆ‚ĖĎ   ‚ĖĎ‚Ėą‚Ėą‚ĖĄ‚Ėď‚Ėą‚Ėą‚ĖĎ‚Ėą‚Ėą‚Ėą‚Ėą‚Ėą‚Ėą‚Ėą‚Ėą‚ĖĎ‚Ėź‚Ėą‚Ėą‚Ėą‚Ėą‚Ėą
             ‚Ėą‚Ėą‚Ėą‚Ėą ‚Ėą‚ĖÄ    ‚ĖĄ‚Ėą‚Ėą‚Ėą‚Ėą‚ĖÄ‚ĖĄ‚ĖÄ ‚Ėź‚Ėą‚Ėą‚Ėą‚ĖĎ‚Ėą‚Ėą‚Ėą‚Ėą‚Ėą‚Ėą‚Ėź‚Ėą‚Ėą‚Ėą‚Ėą‚ĖĆ‚Ėź‚ĖĄ‚ĖĄ‚Ėď‚Ėą‚Ėą‚Ėď‚Ėą‚Ėą‚Ėą‚ĖĆ‚Ėą‚Ėą‚Ėą‚Ėą‚Ėą‚Ėą‚Ėą‚Ėą‚ĖĆ ‚Ėź‚Ėą‚Ėą‚Ėą‚Ėą
‚ĖĄ           ‚Ėď‚Ėą‚Ėą‚Ėď‚ĖĆ‚Ėź‚ĖĎ    ‚ĖĄ‚Ėą‚Ėą‚Ėą‚ĖÄ‚ĖĄ‚ĖÄ   ‚Ėź‚Ėą‚Ėą‚Ėą‚Ėź‚Ėą‚Ėą‚Ėą‚Ėą‚Ėą‚Ėą‚Ėź‚Ėą‚Ėą‚Ėą‚Ėą‚Ėą‚ĖĄ‚ĖÄ‚Ėą‚Ėą‚Ėą‚Ėą ‚ĖÄ‚Ėą‚Ėą‚ĖĆ‚Ėď‚Ėą‚Ėą‚Ėą‚Ėą‚Ėą‚Ėą‚Ėą‚Ėą‚ĖĎ ‚Ėą‚Ėą‚Ėą‚Ėą
‚ĖÄ‚ĖĄ         ‚Ėź‚Ėą‚Ėą‚Ėí‚ĖÄ   ‚Ėď‚ĖĄ‚ĖĄ‚Ėą‚Ėą‚Ėą‚Ėą‚ĖÄ‚ĖĄ‚ĖÄ     ‚Ėą‚Ėą‚Ėą‚Ėź‚Ėą‚Ėą‚Ėą‚Ėą‚Ėą‚Ėą ‚Ėą‚Ėą‚Ėą‚Ėą‚Ėą‚Ėą‚Ėď‚ĖÄ‚Ėą‚Ėą‚ĖĆ  ‚ĖĎ‚ĖÄ‚Ėą‚Ėź‚Ėą‚Ėą‚Ėą‚Ėą‚Ėą‚Ėą‚Ėą‚Ėą‚ĖĆ ‚Ėź‚Ėą‚Ėą‚Ėą
‚Ėą‚Ėą‚Ėą       ‚Ėź‚Ėą‚Ėą‚ĖĆ‚ĖĆ    ‚Ėď‚Ėą‚Ėą‚Ėą‚Ėą‚Ėą‚ĖÄ‚ĖĄ‚ĖÄ      ‚Ėą‚Ėą‚Ėą‚Ėź‚Ėą‚Ėą‚Ėą‚Ėą‚Ėą‚Ėą ‚Ėź‚Ėą‚Ėą‚Ėą‚Ėą‚Ėą‚Ėą‚Ėą‚Ėą‚Ėą     ‚Ėź‚ĖĄ‚ĖÄ‚Ėą‚Ėą‚Ėą‚Ėą‚Ėą‚Ėą‚Ėą‚Ėą‚ĖĆ ‚Ėą‚Ėą‚Ėą
‚Ėą‚ĖÄ        ‚Ėą‚Ėą‚Ėą‚Ėź‚ĖĆ    ‚ĖĄ‚Ėą‚Ėą‚Ėą‚ĖÄ‚Ėí‚ĖĄ‚ĖÄ       ‚Ėď‚Ėą‚Ėą‚Ėź‚Ėą‚Ėą‚Ėą‚Ėą‚Ėą‚Ėą  ‚Ėą‚Ėą‚Ėą‚Ėą‚Ėą‚Ėą‚Ėą‚Ėą‚ĖĆ‚ĖĄ    ‚Ėź‚Ėą‚ĖĄ‚ĖÄ‚Ėą‚Ėą‚Ėą‚Ėą‚Ėą‚Ėą‚Ėą‚Ėą ‚Ėź‚Ėą‚Ėą
‚Ėą         ‚Ėą‚Ėą‚Ėą‚ĖĎ‚Ėą‚ĖĆ  ‚Ėą‚Ėą‚Ėą‚Ėą‚Ėą‚Ėą‚ĖÄ‚Ėą‚ĖĆ       ‚Ėź‚Ėą‚Ėą‚Ėź‚Ėą‚Ėą‚Ėą‚Ėą‚Ėą‚Ėą  ‚Ėź‚Ėą‚Ėą‚Ėą‚Ėą‚Ėą‚Ėą‚Ėą‚Ėą‚Ėď‚Ėď‚ĖĄ  ‚ĖĎ‚Ėą‚Ėą‚ĖĄ‚ĖÄ‚Ėą‚Ėą‚Ėą‚Ėą‚Ėą‚Ėą‚Ėą‚ĖĆ ‚Ėź‚Ėą‚ĖĎ
‚ĖĆ         ‚Ėą‚Ėą‚Ėą‚ĖĆ‚Ėź‚Ėą‚ĖĄ ‚Ėí‚ĖÄ‚Ėą‚Ėą‚Ėą‚Ėą‚Ėą‚Ėą‚ĖÄ‚ĖĄ      ‚ĖĎ‚Ėą‚Ėą‚Ėź‚Ėą‚Ėą‚Ėą‚Ėą‚Ėą‚Ėą‚ĖĆ  ‚Ėą‚Ėą‚Ėą‚Ėą‚Ėą‚Ėą‚Ėą‚Ėą‚Ėą‚Ėą‚ĖÄ‚Ėą‚Ėí‚Ėą‚Ėą‚ĖĆ‚Ėź‚Ėą‚ĖĎ‚ĖÄ‚Ėą‚Ėą‚Ėą‚Ėą‚Ėą‚Ėą  ‚Ėą‚ĖĆ
‚ĖĆ    ‚ĖÄ     ‚ĖÄ‚Ėą‚Ėą‚ĖĄ‚Ėź‚Ėą‚Ėą‚Ėą‚ĖĆ‚Ėź‚Ėą‚Ėą‚Ėą‚Ėą‚Ėą‚ĖĆ‚ĖÄ‚ĖĄ      ‚Ėą‚Ėą‚Ėź‚Ėą‚Ėą‚Ėą‚Ėą‚Ėą‚Ėą‚Ėą‚ĖĄ‚ĖĄ‚ĖÄ‚ĖÄ‚ĖÄ‚ĖÄ‚ĖÄ‚Ėą‚Ėą‚Ėą‚Ėą‚Ėą‚ĖĆ‚Ėź‚ĖĆ‚ĖÄ‚Ėą‚ĖĆ‚Ėą‚Ėą‚Ėą ‚ĖÄ‚Ėą‚Ėą‚Ėą‚Ėą‚Ėą‚ĖĆ ‚Ėź‚ĖĆ
‚Ėą           ‚ĖĎ‚ĖÄ‚Ėą‚Ėą‚Ėď‚Ėą‚Ėą‚Ėą‚ĖĄ‚Ėą‚Ėą‚Ėą‚Ėą‚Ėą‚Ėą‚ĖĆ‚ĖÄ‚ĖĆ     ‚Ėź‚Ėą‚Ėź‚Ėą‚Ėą‚Ėą‚Ėą‚Ėą‚ĖÄ‚ĖÄ       ‚ĖÄ‚Ėą‚Ėą‚Ėą‚Ėą‚ĖĆ ‚Ėą‚ĖĄ‚ĖĎ‚Ėź‚Ėą‚Ėą‚Ėą‚Ėą ‚ĖÄ‚Ėą‚Ėą‚Ėą‚Ėą‚Ėą‚Ėą‚Ėď‚ĖĆ
‚Ėą‚Ėď             ‚Ėź‚Ėą‚Ėź‚Ėą‚Ėą‚Ėą‚Ėą‚Ėą‚Ėą‚Ėą‚Ėą‚Ėą‚Ėą‚ĖĆ‚Ėź‚ĖĆ     ‚Ėą‚Ėí‚Ėą‚Ėą‚Ėą‚ĖÄ       ‚ĖĎ   ‚Ėź‚Ėą‚Ėą‚Ėą‚ĖĆ‚ĖĎ‚Ėź‚Ėą‚ĖĆ‚Ėź‚Ėą‚Ėą‚Ėą‚ĖÄ‚ĖĄ‚ĖĄ‚Ėź‚Ėą‚Ėą‚Ėą‚Ėą‚Ėą‚Ėą‚ĖĆ
‚Ėą‚Ėą‚Ėą‚ĖĄ‚ĖĄ   ‚ĖĎ‚ĖĎ      ‚Ėź‚ĖĆ‚Ėď‚Ėą‚Ėą‚Ėą‚Ėą‚Ėą‚Ėą‚Ėą‚Ėą‚Ėą‚Ėą ‚Ėď     ‚Ėź‚ĖĆ‚Ėą‚ĖÄ          ‚ĖĎ  ‚Ėź‚Ėą‚Ėą‚Ėą‚ĖĆ‚Ėź‚Ėą‚Ėď‚ĖÄ‚ĖĄ‚ĖÄ‚ĖĄ‚ĖĄ‚Ėą‚Ėą‚Ėą‚ĖĆ‚Ėą‚Ėą‚Ėą‚Ėą‚Ėą‚Ėą‚ĖĆ
‚Ėą‚Ėą‚Ėą‚Ėą‚Ėą‚Ėą‚Ėą‚Ėď‚ĖĄ‚ĖĄ       ‚ĖĆ‚Ėź‚Ėą‚Ėą‚Ėą‚Ėą‚Ėą‚Ėą‚Ėą‚Ėą‚Ėą‚Ėą‚ĖĎ‚ĖĆ      ‚Ėą‚ĖĆ              ‚Ėź‚Ėą‚Ėą‚Ėą‚ĖĆ‚Ėź‚Ėą‚Ėą‚Ėą‚ĖĆ‚Ėź‚Ėą‚Ėą‚Ėą‚Ėą‚Ėą‚Ėą‚Ėź‚Ėą‚Ėą‚Ėą‚Ėą‚Ėą‚ĖĆ
‚Ėą‚Ėą‚Ėą‚Ėą‚Ėą‚Ėą‚Ėą‚Ėą‚Ėą‚Ėą       ‚Ėź‚ĖĆ‚Ėź‚Ėą‚Ėą‚Ėą‚Ėą‚Ėą‚Ėą‚Ėą‚Ėą‚Ėą‚Ėź       ‚Ėź‚ĖĆ              ‚Ėź‚Ėą‚Ėą‚Ėą‚Ėą‚Ėí‚Ėą‚Ėą‚Ėą‚Ėą ‚Ėą‚Ėą‚Ėą‚Ėą‚Ėą‚Ėą‚Ėź‚Ėą‚Ėą‚Ėą‚Ėą‚Ėą‚ĖĆ ‚ĖĄ
‚Ėą‚Ėą‚Ėą‚Ėą‚Ėą‚Ėą‚Ėą‚Ėą‚Ėą‚Ėą‚ĖĄ ‚ĖÄ‚ĖĄ‚ĖĄ‚ĖĄ‚ĖĄ‚ĖĄ‚Ėą‚ĖĆ‚Ėą‚Ėą‚Ėą‚Ėą‚Ėą‚Ėą‚Ėą‚Ėą‚ĖĆ‚Ėą‚Ėą‚ĖĄ      ‚Ėď     ‚ĖĄ       ‚ĖĄ‚Ėą‚Ėą‚Ėą‚Ėą‚Ėą‚Ėą‚Ėź‚Ėą‚Ėą‚Ėą‚ĖĆ‚Ėź‚Ėą‚Ėą‚Ėą‚Ėą‚Ėą‚Ėź‚Ėą‚Ėą‚Ėą‚Ėą‚Ėą‚ĖĆ‚ĖĄ‚Ėą
‚Ėą‚Ėą‚Ėą‚Ėą‚Ėą‚Ėą‚Ėą‚Ėą‚Ėą‚Ėą‚Ėą‚Ėď‚ĖĄ‚ĖĎ‚ĖÄ‚ĖÄ‚ĖÄ‚ĖĄ‚Ėď‚Ėą‚Ėź‚Ėą‚Ėą‚Ėą‚Ėą‚Ėą‚Ėą‚Ėą‚ĖĆ‚Ėą‚Ėą‚Ėą‚Ėą‚Ėď‚ĖĄ   ‚Ėź‚ĖĆ    ‚Ėź‚Ėą‚Ėą‚Ėą‚ĖĄ‚Ėď‚Ėą‚Ėą‚Ėą‚Ėą‚Ėą‚Ėą‚Ėą‚Ėą‚Ėą‚Ėą ‚Ėą‚Ėą‚Ėą‚Ėź‚Ėą‚Ėą‚Ėą‚Ėą‚Ėą‚Ėź‚Ėą‚Ėą‚Ėą‚Ėą‚Ėą‚Ėą‚Ėą‚Ėą
‚Ėą‚Ėą‚Ėą‚Ėą‚Ėą‚Ėą‚Ėą‚Ėą‚Ėą‚Ėą‚Ėą‚Ėą‚Ėą‚Ėą‚Ėą‚Ėą‚Ėą‚Ėą‚Ėą‚Ėą‚ĖĆ‚Ėź‚Ėą‚Ėą‚Ėą‚Ėą‚Ėą‚Ėą‚ĖĆ‚Ėą‚Ėą‚Ėą‚Ėą‚Ėą‚Ėą‚ĖĄ   ‚Ėď     ‚Ėą‚Ėą‚Ėą‚Ėą‚Ėą‚Ėą‚Ėą‚Ėą‚Ėą‚Ėą‚Ėą‚Ėą‚Ėą‚Ėą‚Ėą‚Ėą ‚Ėą‚Ėą‚ĖĎ‚Ėą‚Ėą‚Ėą‚Ėą‚ĖĆ‚Ėď‚Ėą‚Ėą‚Ėą‚Ėą‚Ėą‚Ėą‚Ėą‚Ėą
‚Ėą‚Ėą‚Ėą‚Ėą‚Ėą‚Ėą‚Ėą‚Ėą‚Ėą‚Ėą‚Ėą‚Ėą‚Ėą‚Ėą‚Ėą‚Ėą‚Ėą‚Ėą‚Ėą‚Ėą‚Ėą‚ĖĆ‚Ėą‚Ėą‚Ėą‚Ėą‚Ėą‚Ėą‚Ėą‚Ėź‚Ėą‚Ėą‚Ėą‚Ėą‚Ėą‚Ėą‚Ėą‚ĖĄ ‚Ėź‚ĖĎ   ‚ĖĄ‚Ėą‚Ėą‚Ėą‚Ėą‚Ėą‚Ėą‚Ėą‚Ėą‚Ėą‚Ėą‚Ėą‚Ėą‚Ėą‚Ėą‚Ėą‚Ėą‚Ėą‚ĖĆ‚Ėą‚ĖĆ‚Ėą‚Ėą‚Ėą‚Ėą‚ĖĆ‚Ėą‚Ėą‚Ėą‚Ėą‚Ėą‚Ėą‚Ėą‚Ėą‚Ėą
‚Ėą‚Ėą‚Ėą‚Ėą‚Ėą‚Ėą‚Ėą‚Ėą‚Ėą‚Ėą‚Ėą‚Ėą‚Ėą‚Ėą‚Ėą‚Ėą‚Ėą‚Ėą‚Ėą‚Ėą‚Ėą‚Ėą‚Ėź‚Ėą‚Ėą‚Ėą‚Ėą‚Ėą‚Ėą‚Ėź‚Ėą‚Ėą‚Ėą‚Ėą‚Ėą‚Ėą‚Ėą‚Ėą‚Ėą‚ĖĎ‚ĖĆ ‚ĖĄ‚Ėď‚Ėą‚Ėą‚Ėą‚Ėą‚Ėą‚Ėą‚Ėą‚Ėą‚Ėą‚Ėą‚Ėą‚Ėą‚Ėą‚Ėą‚Ėą‚Ėą‚Ėą‚Ėą‚Ėą‚Ėź‚ĖĆ‚Ėď‚Ėą‚Ėą‚Ėą‚ĖĆ‚Ėą‚Ėą‚Ėą‚Ėą‚Ėą‚Ėą‚Ėą‚Ėą‚Ėą
‚Ėą‚Ėą‚Ėą‚Ėą‚Ėą‚Ėą‚Ėą‚Ėą‚Ėą‚Ėą‚Ėą‚Ėą‚Ėą‚Ėą‚Ėą‚Ėą‚Ėą‚Ėą‚Ėą‚Ėą‚Ėą‚Ėą‚Ėď‚Ėď‚Ėą‚Ėą‚Ėą‚Ėą‚Ėą‚ĖĆ‚Ėą‚Ėą‚Ėą‚Ėą‚Ėą‚Ėą‚Ėą‚Ėą‚Ėą‚Ėą‚Ėą‚Ėą‚Ėą‚Ėą‚Ėą‚Ėą‚Ėą‚Ėą‚Ėą‚Ėą‚Ėą‚Ėą‚Ėą‚Ėą‚Ėą‚Ėą‚Ėą‚Ėą‚Ėą‚Ėą‚Ėą‚Ėą‚Ėą‚ĖĆ‚Ėą‚Ėź‚Ėą‚Ėą‚Ėą‚Ėí‚Ėą‚Ėą‚Ėą‚Ėą‚Ėą‚Ėą‚Ėą‚Ėą‚Ėą
‚Ėą‚Ėą‚Ėą‚Ėą‚Ėą‚Ėą‚Ėą‚Ėą‚Ėą‚Ėą‚Ėą‚Ėą‚Ėą‚Ėą‚Ėą‚Ėą‚Ėą‚Ėą‚Ėą‚Ėą‚Ėą‚Ėą‚Ėą‚ĖĆ‚Ėą‚Ėą‚Ėą‚Ėą‚Ėą‚Ėą‚Ėź‚Ėą‚Ėą‚Ėą‚Ėą‚Ėą‚Ėą‚Ėą‚Ėą‚Ėą‚Ėą‚Ėą‚Ėą‚Ėą‚Ėą‚Ėą‚Ėą‚Ėą‚Ėą‚Ėą‚Ėą‚Ėą‚Ėą‚Ėą‚Ėą‚Ėą‚Ėą‚Ėą‚Ėą‚Ėą‚Ėą‚Ėą‚Ėą‚ĖĆ‚Ėď‚Ėą‚Ėą‚Ėą‚Ėą‚Ėź‚Ėą‚Ėą‚Ėą‚Ėą‚Ėą‚Ėą‚Ėą‚Ėą‚Ėą
‚Ėą‚Ėą‚Ėą‚Ėą‚Ėą‚Ėą‚Ėą‚Ėą‚Ėą‚Ėą‚Ėą‚Ėď‚ĖÄ‚ĖÄ‚ĖÄ‚ĖÄ‚ĖÄ‚ĖÄ‚ĖÄ‚ĖÄ‚ĖÄ‚ĖÄ‚ĖÄ‚Ėą‚Ėą‚Ėą‚Ėą‚Ėą‚Ėą‚Ėą‚ĖĆ‚Ėź‚ĖĆ       ‚ĖĎ‚ĖÄ‚ĖÄ‚ĖÄ‚ĖÄ‚ĖÄ‚ĖÄ‚ĖÄ‚ĖÄ‚ĖÄ‚ĖÄ‚ĖÄ‚Ėď‚Ėą‚Ėą‚Ėą‚Ėą‚Ėą‚Ėą‚Ėą‚Ėą‚Ėą‚Ėą‚Ėą‚Ėď‚Ėą‚Ėą‚Ėą‚Ėą‚Ėź‚Ėą‚Ėą‚Ėą‚Ėą‚Ėą‚Ėą‚Ėą‚Ėą‚Ėą
‚ĖÄ‚ĖÄ‚ĖÄ‚ĖÄ‚ĖÄ                  ‚Ėź‚Ėą‚Ėď‚Ėď‚Ėď‚Ėą‚ĖÄ‚ĖÄ‚Ėą‚Ėą                             ‚Ėź‚Ėą‚Ėď‚Ėď‚Ėą‚Ėą‚Ėą‚Ėź ‚ĖÄ‚ĖÄ‚ĖÄ‚ĖÄ‚ĖÄ‚Ėą‚Ėą‚Ėą
                       ‚Ėď‚Ėą‚Ėą‚Ėą‚Ėď‚Ėą‚Ėą‚Ėą‚Ėą‚ĖĆ‚ĖĆ                            ‚Ėź‚ĖĆ‚Ėą‚Ėą‚Ėą‚Ėą‚Ėą‚Ėą‚Ėą‚Ėď‚Ėą‚Ėą‚Ėą‚Ėą‚Ėą‚Ėą‚Ėą
                     ‚ĖĄ‚Ėď‚Ėď‚Ėď‚Ėď‚Ėą‚Ėą‚Ėą‚Ėą‚Ėą‚Ėď‚Ėą‚Ėź‚ĖĆ                ‚ĖĄ‚ĖĄ‚ĖĄ‚ĖĄ‚ĖĄ‚Ėď‚Ėą‚Ėą‚Ėą‚Ėą‚Ėą‚Ėą‚Ėą‚ĖÄ‚Ėą‚Ėą‚Ėą‚Ėą‚Ėą‚Ėą‚Ėą‚Ėą‚Ėą‚Ėą‚Ėą‚Ėą‚Ėą‚Ėą
                   ‚ĖĄ‚Ėď‚Ėď‚Ėď‚Ėď‚Ėď‚Ėą‚Ėą‚Ėą‚Ėą‚Ėą‚Ėą‚Ėď‚Ėą‚ĖÄ‚Ėď        ‚ĖĄ‚ĖĄ‚ĖĄ‚ĖĄ‚ĖĄ‚ĖĄ‚Ėą‚Ėą‚Ėą‚Ėą‚Ėą‚Ėą‚Ėą‚Ėą‚Ėą‚Ėą‚Ėą‚Ėą‚Ėą‚Ėą‚ĖĆ‚ĖĎ‚Ėď‚Ėą‚Ėď‚Ėą‚Ėź‚Ėą‚Ėą‚Ėą‚Ėą‚Ėą‚Ėą‚Ėą‚Ėą‚Ėą
               ‚ĖĄ‚ĖĄ‚ĖĄ‚Ėą‚Ėą‚Ėą‚Ėą‚Ėą‚Ėą‚Ėą‚Ėą‚Ėą‚Ėą‚Ėą‚Ėą‚ĖÄ‚ĖÄ  ‚Ėź‚ĖĄ‚ĖĄ‚Ėď‚Ėą‚Ėą‚Ėą‚Ėą‚Ėą‚Ėą‚Ėą‚Ėą‚Ėą‚Ėą‚Ėą‚Ėą‚ĖÄ‚ĖÄ‚Ėą‚Ėą‚Ėą‚ĖÄ‚ĖÄ‚ĖĄ‚ĖĄ‚ĖĄ‚ĖÄ‚Ėą‚Ėą‚ĖĎ‚Ėď‚Ėď‚Ėď‚Ėď‚Ėą‚Ėź‚Ėź‚Ėą‚Ėą‚Ėą‚Ėą‚Ėą‚Ėą‚Ėą‚Ėą
            ‚ĖĄ‚ĖÄ‚ĖÄ‚ĖÄ‚ĖÄ‚ĖÄ‚ĖÄ‚ĖÄ‚ĖÄ‚Ėą‚Ėą‚Ėą‚Ėą‚Ėą‚Ėď‚ĖĄ‚Ėą‚Ėą‚ĖĄ‚ĖĄ‚Ėď‚Ėą‚Ėą‚Ėą‚Ėą‚Ėą‚Ėą‚Ėą‚Ėď‚ĖÄ‚ĖÄ‚ĖÄ‚ĖÄ‚ĖÄ‚ĖĄ‚ĖĄ‚ĖÄ‚ĖÄ‚Ėź‚Ėą‚ĖĄ‚ĖĎ‚ĖĄ‚Ėą‚Ėą‚Ėą‚Ėą‚ĖÄ‚ĖĎ‚Ėď‚Ėą‚Ėí‚Ėď‚Ėą‚Ėą‚Ėď‚Ėą‚ĖĆ‚ĖĆ‚Ėą‚Ėą‚Ėą‚Ėą‚Ėą‚Ėą‚Ėą‚Ėą
            ‚Ėą‚ĖĄ‚ĖĄ‚ĖĄ‚ĖĄ‚ĖĄ‚Ėď‚Ėą‚ĖÄ‚ĖÄ‚ĖÄ‚Ėą‚Ėď‚Ėď‚ĖÄ‚ĖÄ‚ĖÄ‚ĖÄ‚ĖÄ‚ĖÄ‚ĖÄ‚ĖĎ   ‚ĖĎ‚ĖĄ‚ĖĄ‚Ėď‚Ėą‚Ėą‚Ėą‚Ėą‚ĖĎ‚Ėą‚Ėą‚Ėą ‚Ėź‚Ėą‚Ėą‚ĖĆ‚Ėą‚Ėą‚Ėą‚ĖĎ   ‚Ėą‚ĖÄ‚Ėą‚Ėą‚Ėą‚Ėą‚Ėą‚Ėą‚ĖÄ‚Ėą‚Ėą‚Ėą‚Ėą‚Ėą‚Ėą‚Ėą‚Ėą‚Ėď
                     ‚ĖĄ‚ĖĄ‚ĖĄ   ‚ĖĄ‚Ėą‚Ėą‚Ėą‚Ėą‚ĖĄ    ‚ĖÄ‚Ėď‚Ėď‚Ėą‚Ėą‚Ėą   ‚Ėą‚Ėą‚Ėď ‚Ėą‚Ėą‚Ėą‚Ėź‚Ėą‚Ėą‚Ėą‚Ėą‚Ėą‚ĖĆ‚Ėź‚ĖĆ  ‚ĖÄ‚Ėą‚ĖÄ‚ĖÄ  ‚Ėź‚Ėą‚Ėą‚Ėą‚Ėą‚Ėą‚ĖÄ
             ‚ĖĄ‚ĖĄ‚ĖĄ‚ĖĄ  ‚ĖĄ‚Ėą‚Ėą‚Ėą‚Ėą‚Ėą‚ĖĄ‚Ėą‚Ėą‚Ėą‚ĖÄ‚Ėą‚Ėą‚Ėď      ‚Ėź‚Ėą‚Ėą‚ĖĆ  ‚Ėź‚Ėą‚Ėą‚Ėą‚Ėą‚Ėą‚Ėą‚Ėď‚Ėź‚Ėą‚Ėą‚ĖÄ‚Ėí‚ĖĄ ‚Ėź‚Ėď‚ĖĄ     ‚ĖĄ‚Ėą‚Ėą‚Ėą‚Ėą‚Ėď‚ĖÄ
    ‚ĖĄ‚ĖĄ‚ĖĄ‚Ėą‚Ėď‚ĖĄ  ‚Ėą‚Ėą‚Ėą‚Ėą‚Ėą ‚Ėź‚Ėą‚Ėą‚ĖĆ‚Ėź‚Ėą‚Ėą‚Ėą‚Ėą‚Ėą‚Ėď‚ĖĎ‚ĖÄ‚Ėą‚ĖĆ      ‚Ėź‚Ėą‚Ėą‚ĖĆ  ‚Ėź‚Ėą‚Ėą‚ĖÄ‚Ėź‚Ėą‚Ėą‚ĖĆ‚Ėź‚Ėą‚Ėą‚Ėą‚Ėą‚Ėą‚ĖĆ ‚Ėď‚ĖÄ‚Ėą‚ĖĄ‚Ėď‚Ėą‚Ėą‚Ėą‚Ėą‚Ėą‚ĖĄ‚ĖĄ‚ĖĄ‚ĖĄ‚ĖĄ
   ‚Ėą‚Ėą‚Ėą‚ĖÄ‚ĖÄ‚Ėą‚Ėą‚ĖĆ‚Ėź‚Ėą‚Ėą‚Ėź‚Ėą‚Ėą‚ĖĆ‚Ėź‚Ėą‚Ėą‚Ėď‚ĖĄ‚ĖÄ‚ĖÄ ‚ĖÄ‚Ėą‚Ėą‚Ėą‚Ėď‚ĖĄ       ‚Ėź‚Ėą‚Ėą‚ĖĆ  ‚Ėź‚Ėą‚Ėą ‚ĖĎ‚Ėą‚Ėą‚ĖĆ ‚ĖÄ‚ĖÄ‚ĖÄ‚ĖĎ ‚ĖĄ  ‚ĖÄ‚Ėí‚ĖĄ‚ĖĄ‚ĖĄ‚ĖĄ‚Ėď‚Ėą‚Ėą‚Ėď‚ĖÄ‚ĖÄ‚Ėď‚Ėą‚ĖĄ
  ‚Ėź‚Ėą‚Ėą‚Ėď‚ĖĄ‚Ėą‚Ėą‚Ėą‚Ėź‚Ėą‚Ėą‚ĖĆ‚ĖĄ‚Ėą‚Ėą‚ĖĆ ‚ĖÄ‚ĖÄ‚Ėą‚Ėą‚Ėą‚Ėď‚ĖĄ‚ĖĄ‚ĖĄ‚ĖĄ‚Ėď‚Ėą‚Ėą‚ĖĆ      ‚Ėź‚Ėą‚Ėą    ‚ĖĄ‚ĖĄ‚ĖĄ‚ĖĎ   ‚ĖĎ‚ĖĄ‚ĖĄ‚ĖĄ‚Ėď‚Ėą‚Ėą‚ĖĄ‚Ėď‚Ėą‚Ėą‚Ėď‚ĖÄ‚ĖÄ‚ĖÄ‚ĖĎ   ‚ĖĎ‚Ėí‚Ėą‚Ėą‚Ėą‚Ėď
  ‚Ėź‚Ėą‚Ėą‚Ėą‚Ėą‚Ėď‚ĖÄ ‚Ėą‚Ėą‚Ėą‚Ėą‚Ėą‚Ėą‚Ėą‚Ėą‚Ėą‚Ėą‚Ėą‚ĖĄ‚Ėą‚Ėą‚Ėą‚ĖÄ‚ĖÄ‚Ėą‚Ėą‚Ėą‚Ėď‚ĖÄ     ‚ĖĎ‚ĖĄ‚ĖĄ ‚ĖĄ‚ĖĄ‚ĖĄ‚Ėą‚Ėď‚Ėď‚Ėą‚Ėą‚Ėą‚ĖĄ  ‚Ėą‚Ėą‚ĖÄ‚ĖĄ‚ĖĄ‚ĖÄ‚ĖÄ‚ĖÄ‚ĖÄ        ‚ĖĎ‚ĖĎ‚ĖĎ‚Ėź‚Ėą‚Ėą‚Ėą‚Ėą‚Ėź
  ‚Ėź‚Ėą‚Ėą‚ĖÄ   ‚Ėź‚Ėą‚Ėą‚ĖÄ  ‚Ėź‚Ėą‚Ėą ‚ĖÄ‚ĖÄ‚ĖÄ‚ĖÄ‚ĖÄ   ‚ĖĄ‚ĖĄ‚ĖĄ‚ĖĄ  ‚ĖĄ‚ĖĄ‚Ėą‚Ėď‚ĖÄ‚ĖÄ‚Ėą‚ĖĆ‚Ėą‚Ėą   ‚Ėź‚Ėą ‚Ėą‚Ėą‚Ėą‚ĖĄ‚Ėą‚ĖĆ‚ĖĎ          ‚ĖĎ‚ĖĄ‚ĖĄ‚ĖĄ‚Ėď‚Ėą‚Ėą‚Ėą‚Ėą‚Ėą‚Ėą‚ĖĆ‚Ėí
  ‚Ėź‚Ėą‚Ėą    ‚ĖĎ‚ĖÄ‚ĖÄ ‚ĖĄ‚ĖĄ‚ĖĄ‚ĖĄ‚Ėď‚Ėą‚Ėď‚ĖĄ‚ĖĄ‚ĖĄ ‚ĖĄ‚Ėą‚ĖÄ‚ĖÄ‚ĖÄ‚Ėź‚Ėą‚ĖĄ ‚Ėą‚ĖĆ   ‚Ėź‚Ėą‚Ėą‚Ėą‚ĖĆ   ‚Ėź‚ĖĆ  ‚Ėą‚Ėą‚Ėą‚Ėą‚ĖĆ     ‚ĖĄ‚ĖĄ   ‚Ėź‚Ėą‚Ėą‚Ėą‚Ėą‚Ėą‚Ėą‚Ėą‚ĖÄ‚ĖÄ‚ĖÄ‚Ėí‚Ėí‚ĖĎ
       ‚ĖĄ‚ĖĄ‚ĖĄ‚ĖĄ‚Ėą‚Ėą‚ĖÄ‚ĖÄ‚ĖÄ‚ĖÄ‚ĖÄ‚ĖĎ‚ĖÄ‚ĖÄ‚ĖÄ‚Ėą‚Ėą‚Ėą‚ĖĆ   ‚Ėź‚Ėą‚Ėą‚Ėą‚Ėą‚ĖĆ  ‚ĖĎ‚Ėą‚Ėą‚Ėą‚Ėą‚ĖĆ  ‚ĖĎ‚Ėą‚ĖĆ   ‚Ėą‚Ėą‚Ėą‚ĖĎ‚ĖĄ‚ĖĄ‚Ėď‚Ėą‚Ėą‚Ėą‚ĖĆ  ‚ĖĎ‚Ėź‚Ėą‚Ėą‚Ėą‚ĖÄ‚ĖĄ‚ĖĄ‚Ėí‚ĖÄ‚ĖÄ‚ĖĎ
 ‚ĖĄ‚ĖĄ‚ĖĄ‚Ėď‚Ėą‚Ėď‚ĖÄ‚ĖÄ‚ĖÄ‚ĖĎ           ‚Ėź‚Ėą‚Ėą‚ĖĆ   ‚Ėą‚Ėą‚Ėą‚Ėą‚Ėą‚ĖĎ  ‚ĖĎ‚Ėą‚Ėą‚Ėą‚Ėą   ‚ĖĎ‚Ėą     ‚Ėą‚Ėą  ‚ĖĎ‚Ėí‚Ėą‚Ėą‚Ėą‚ĖĆ  ‚ĖĎ‚Ėď‚Ėą‚Ėą‚Ėą‚Ėź‚ĖÄ‚ĖĎ
‚Ėą‚Ėą‚ĖĆ‚ĖÄ           ‚ĖĎ‚ĖĄ‚ĖĄ    ‚ĖĎ‚Ėą‚Ėą   ‚ĖĎ‚Ėą‚Ėą‚Ėą‚Ėą‚Ėą   ‚Ėź‚Ėą‚Ėą‚Ėą‚Ėą  ‚ĖĎ‚Ėź‚Ėą      ‚ĖÄ  ‚ĖĎ‚Ėź‚Ėą‚Ėą‚Ėą‚ĖĎ ‚ĖĎ‚ĖĎ‚Ėą‚Ėą‚Ėą‚ĖĆ‚ĖĎ   ‚ĖĄ‚ĖĄ
 ‚ĖÄ‚Ėą‚ĖĄ      ‚ĖĄ‚ĖĄ‚ĖĄ‚Ėą‚Ėą‚Ėą‚Ėą‚Ėą‚ĖĆ  ‚ĖĎ‚ĖĎ‚Ėą‚Ėą   ‚Ėź‚Ėą‚Ėą‚Ėą‚Ėą‚ĖĆ  ‚ĖĎ‚Ėź‚Ėą‚Ėą‚Ėą‚ĖĆ  ‚ĖĎ‚Ėź‚ĖĆ ‚ĖĎ‚Ėí     ‚ĖĎ‚ĖĎ‚Ėź‚Ėą‚Ėą‚Ėą ‚ĖĎ‚ĖĎ‚ĖĎ‚Ėą‚Ėą‚Ėą‚Ėď‚ĖĄ‚Ėą‚Ėą‚Ėą‚ĖÄ‚Ėą‚ĖĆ
   ‚ĖÄ‚Ėą‚ĖĄ‚ĖĄ‚Ėą‚Ėą‚ĖÄ‚ĖÄ ‚ĖĎ‚Ėď‚Ėą‚Ėą‚ĖÄ‚ĖÄ ‚ĖĎ‚ĖĎ‚ĖĎ‚ĖĄ‚Ėą‚ĖĆ  ‚ĖĎ‚Ėź‚Ėą‚Ėą‚Ėą‚Ėą‚ĖĆ  ‚ĖĎ‚Ėď‚Ėą‚Ėą‚Ėą‚ĖĆ ‚ĖĎ‚ĖĎ‚Ėź‚ĖĆ ‚ĖĎ‚Ėź‚Ėą   ‚ĖĎ‚ĖĎ‚ĖĎ‚Ėź‚Ėą‚Ėą‚Ėą ‚ĖĎ‚ĖĎ‚Ėź‚Ėą‚Ėą‚Ėą‚ĖÄ‚ĖÄ‚ĖĎ  ‚ĖĎ‚Ėą‚Ėą‚ĖĄ
    ‚ĖĎ‚ĖÄ‚Ėą‚Ėą‚Ėą    ‚ĖÄ‚ĖÄ     ‚ĖĎ‚ĖÄ‚Ėą‚Ėą‚ĖĆ  ‚ĖĎ‚Ėď‚Ėą‚Ėą‚Ėą‚Ėą   ‚ĖĎ‚Ėą‚Ėą‚Ėą‚Ėą  ‚ĖĎ‚ĖĎ‚Ėą‚ĖĆ‚ĖĎ‚ĖĎ‚Ėď‚Ėą‚Ėą ‚ĖĎ‚ĖĎ‚ĖĎ‚ĖĎ‚Ėą‚Ėą‚Ėą‚ĖĆ ‚ĖĎ‚ĖĎ‚Ėź‚Ėą‚Ėą‚Ėą‚ĖĎ    ‚Ėź‚Ėą‚Ėą‚Ėą‚ĖĆ
       ‚Ėą‚ĖĆ             ‚ĖĎ‚Ėą‚Ėą‚ĖĎ ‚ĖĎ‚Ėą‚Ėą‚Ėą‚Ėą‚Ėą‚ĖĄ‚ĖĄ  ‚ĖÄ‚ĖÄ‚ĖÄ  ‚ĖĎ‚ĖĎ‚Ėź‚Ėą‚ĖĎ‚ĖĎ‚ĖĎ‚Ėą‚Ėą‚Ėą‚Ėą‚ĖĎ‚ĖĎ‚ĖĎ‚ĖĎ‚Ėą‚Ėą‚Ėą‚ĖĄ‚Ėď‚Ėď‚ĖÄ‚ĖÄ‚Ėź‚Ėą‚Ėą     ‚Ėą‚Ėą‚Ėą‚Ėą‚ĖĎ‚ĖĆ
      ‚Ėź‚Ėą‚ĖĆ   ‚ĖĎ‚ĖĄ‚ĖĄ‚ĖĄ‚Ėď‚ĖĄ‚ĖĎ   ‚ĖĎ‚Ėź‚Ėą‚ĖĆ‚ĖĎ‚ĖĎ‚ĖÄ‚ĖÄ‚ĖÄ‚ĖÄ ‚Ėź‚Ėą‚ĖĎ‚ĖĎ   ‚ĖĎ‚ĖĎ‚ĖĎ‚ĖĄ‚Ėą‚Ėď‚ĖĎ‚ĖĎ‚ĖĎ‚Ėą‚Ėą‚Ėą‚Ėą‚Ėą‚ĖĄ‚Ėď‚Ėą‚Ėą‚Ėą‚Ėą‚Ėą    ‚Ėź‚Ėą‚ĖĆ    ‚Ėź‚Ėą‚Ėą‚Ėą‚ĖĆ‚Ėź‚Ėď
      ‚Ėź‚Ėą‚ĖĎ ‚ĖĎ‚ĖĎ‚Ėź‚Ėą‚Ėą‚Ėą‚Ėą‚Ėą‚ĖĆ  ‚ĖĎ‚ĖĎ‚Ėź‚Ėą‚ĖĆ      ‚ĖĎ‚ĖĎ‚ĖÄ‚Ėą‚ĖĄ‚Ėí‚ĖĎ‚ĖĄ‚ĖĄ‚ĖĄ‚Ėď‚Ėą‚Ėą‚ĖĆ‚ĖĄ‚ĖĄ‚Ėą‚ĖÄ‚ĖÄ  ‚Ėą‚Ėą‚Ėą‚Ėą‚Ėą‚ĖÄ‚Ėą‚ĖĆ    ‚Ėą‚Ėą‚ĖĆ   ‚ĖĎ‚Ėď‚Ėą‚Ėą‚Ėą‚ĖĆ‚Ėď‚Ėí
      ‚Ėď‚Ėą ‚ĖĎ‚ĖĎ‚ĖĎ‚Ėą‚Ėą‚Ėą‚Ėą‚ĖÄ‚ĖÄ  ‚ĖĎ‚ĖĎ‚ĖĎ‚Ėą‚Ėą‚ĖĎ  ‚ĖĎ‚ĖĎ‚ĖĎ‚ĖĄ‚ĖĄ‚ĖĄ‚ĖĄ‚Ėą‚Ėą‚Ėď‚ĖÄ‚ĖÄ‚ĖÄ  ‚Ėź‚Ėą‚Ėą‚Ėą‚Ėą‚Ėą‚ĖĎ    ‚Ėą‚Ėą‚Ėą ‚Ėź‚Ėą‚ĖĆ   ‚Ėź‚Ėą‚Ėą    ‚Ėí‚Ėą‚Ėą‚Ėą‚Ėą‚Ėź‚ĖĆ‚ĖĎ
      ‚Ėą‚Ėď‚ĖĎ‚ĖĄ‚ĖĄ‚ĖĄ‚Ėď‚ĖÄ‚ĖÄ   ‚ĖĎ‚ĖĎ‚ĖĎ‚ĖĄ‚Ėą‚Ėą‚ĖĆ‚ĖĄ‚ĖĄ‚ĖĄ‚ĖÄ‚ĖÄ‚ĖÄ‚Ėą‚Ėą‚Ėą‚Ėą‚Ėą‚ĖĆ       ‚Ėą‚Ėą‚Ėą‚Ėą‚Ėą      ‚Ėą‚Ėą‚Ėą‚Ėź‚Ėą‚ĖĆ  ‚ĖĎ‚Ėź‚Ėą‚Ėą   ‚ĖĎ‚Ėź‚Ėą‚Ėą‚Ėą‚ĖĆ‚Ėź‚ĖĆ‚ĖĎ
   ‚ĖĄ‚ĖĄ‚Ėď‚Ėą‚Ėď‚ĖÄ‚ĖÄ     ‚ĖĎ‚ĖĎ‚ĖĎ‚ĖĎ‚ĖĄ‚ĖĄ‚ĖÄ‚ĖĄ‚Ėą‚ĖÄ‚ĖÄ   ‚ĖĎ‚Ėź‚Ėą‚Ėą‚Ėą‚Ėą‚Ėď        ‚Ėď‚Ėą‚Ėą‚Ėą‚Ėą       ‚Ėą‚Ėą‚Ėą‚Ėą   ‚ĖĎ‚Ėď‚Ėą‚ĖĆ  ‚ĖĎ‚ĖĎ‚Ėď‚Ėą‚Ėą‚Ėą‚ĖĎ‚Ėď‚Ėí
‚Ėź‚Ėą‚Ėą‚ĖÄ‚ĖÄ‚ĖĎ    ‚ĖĎ‚ĖĎ‚ĖĎ‚ĖĎ‚ĖĎ‚ĖĎ‚ĖĄ‚ĖĄ‚Ėą‚Ėď‚ĖĄ‚Ėą‚Ėą‚ĖÄ     ‚ĖĎ‚Ėď‚Ėą‚Ėą‚Ėą‚Ėą    ‚ĖĄ    ‚Ėź‚Ėą‚Ėą‚Ėą‚ĖĆ        ‚Ėą‚Ėą‚Ėď  ‚ĖĎ‚ĖĎ‚Ėą‚Ėą‚ĖĆ ‚ĖĎ‚ĖĎ‚ĖĎ‚Ėą‚Ėą‚Ėą‚Ėą‚Ėź‚Ėí‚ĖĎ
‚ĖÄ‚Ėą‚ĖĆ   ‚ĖĎ‚ĖĎ‚ĖĎ‚ĖĎ‚ĖĄ‚ĖĄ‚ĖĄ‚Ėą‚Ėą‚Ėą‚Ėą‚Ėą‚Ėą‚ĖÄ‚Ėą‚Ėą‚ĖĎ       ‚Ėą‚Ėą‚Ėą‚Ėą    ‚Ėź‚Ėą‚ĖĆ    ‚Ėą‚Ėą‚Ėą‚ĖĆ  ‚ĖĎ‚Ėí    ‚ĖĎ‚Ėą‚ĖĆ ‚ĖĎ‚ĖĎ‚Ėź‚Ėą‚Ėą ‚ĖĎ‚ĖĎ‚ĖĎ‚Ėź‚Ėą‚Ėą‚Ėą‚ĖĆ‚Ėď‚Ėí
 ‚Ėź‚Ėą‚ĖĎ‚ĖĎ‚ĖĄ‚ĖĄ‚ĖĄ‚Ėą‚Ėą‚Ėď‚ĖÄ‚ĖÄ   ‚ĖÄ‚Ėą‚Ėą‚Ėą‚ĖÄ    ‚ĖĎ   ‚Ėź‚Ėą‚Ėą‚Ėą‚ĖĆ   ‚Ėí‚Ėą‚Ėą‚Ėď  ‚ĖĎ‚ĖĄ‚Ėď‚Ėą‚Ėą‚ĖĆ  ‚ĖĎ‚Ėź‚Ėą    ‚ĖĎ‚ĖĆ ‚ĖĎ‚ĖĎ‚Ėź‚Ėą‚Ėą‚ĖĄ‚ĖĄ‚ĖĄ‚Ėď‚Ėą‚Ėą‚Ėą‚Ėą‚Ėź‚ĖĆ‚ĖĎ
 ‚Ėď‚Ėą‚Ėą‚Ėą‚Ėą‚Ėą‚Ėą‚Ėą‚Ėď        ‚Ėą‚ĖÄ    ‚ĖĄ‚ĖĆ   ‚Ėź‚Ėą‚Ėą‚ĖĆ   ‚ĖĎ‚Ėď‚Ėą‚Ėą‚ĖÄ‚ĖÄ‚ĖÄ‚ĖÄ   ‚Ėź  ‚ĖĎ‚ĖĎ‚Ėź‚Ėą‚Ėą     ‚ĖĎ‚ĖĎ‚ĖĎ‚Ėź‚Ėą‚Ėą‚ĖÄ‚ĖÄ‚ĖÄ‚Ėą‚Ėą‚Ėą‚Ėą‚ĖĆ‚Ėź‚ĖĎ
    ‚ĖÄ‚ĖÄ‚ĖÄ‚Ėź‚Ėą‚ĖĆ   ‚Ėź‚ĖĄ     ‚ĖĎ‚ĖĎ‚ĖĎ‚Ėą‚Ėą   ‚ĖĎ‚Ėď‚Ėą‚ĖĆ  ‚ĖĎ‚ĖÄ‚ĖÄ        ‚ĖĎ‚Ėź‚Ėą  ‚ĖĎ‚ĖĎ‚Ėď‚Ėą‚Ėą‚Ėą   ‚ĖĎ‚ĖĎ‚ĖĎ‚ĖĎ‚Ėą‚ĖÄ   ‚ĖĎ‚ĖĎ‚Ėą‚Ėą‚ĖĄ ‚ĖĎ
       ‚Ėź‚Ėą‚ĖĎ  ‚ĖĎ‚Ėą‚Ėą‚ĖĄ   ‚ĖĎ‚ĖĎ‚ĖĄ‚Ėą‚Ėą‚Ėą  ‚ĖĎ‚ĖĎ‚Ėą‚ĖĆ          ‚ĖĎ  ‚ĖĎ‚ĖĎ‚Ėź‚Ėď ‚ĖĎ‚ĖĎ‚ĖĎ‚Ėą‚Ėą‚Ėą‚Ėą‚Ėą  ‚ĖĎ‚ĖĎ‚ĖĎ‚Ėź‚Ėą  ‚ĖĎ‚ĖĎ‚ĖĎ‚Ėí‚Ėď‚Ėą‚Ėą‚Ėą‚ĖĄ
       ‚Ėą‚Ėą  ‚ĖĎ‚ĖĎ‚Ėą‚Ėą‚Ėą‚ĖĄ‚ĖĎ‚ĖĎ‚ĖĎ‚ĖĄ‚Ėą‚Ėą‚Ėą‚ĖĆ ‚ĖĎ‚ĖĎ‚ĖĎ‚Ėą    ‚ĖĎ‚ĖĄ‚ĖĄ‚ĖĄ‚Ėď‚Ėą‚Ėą‚Ėą‚ĖĆ ‚ĖĎ‚ĖĎ‚ĖĎ‚ĖĆ ‚ĖĎ‚ĖĎ‚ĖĎ‚Ėą‚Ėą‚Ėą‚ĖĆ‚Ėą‚Ėą‚ĖĄ‚ĖĎ‚ĖĎ‚ĖĎ‚Ėź‚Ėą‚Ėą‚ĖĄ‚ĖĄ‚ĖĄ‚Ėď‚ĖÄ‚ĖĄ‚Ėą‚Ėą‚Ėą‚Ėź‚ĖĆ‚ĖĎ
       ‚Ėą‚ĖĆ  ‚ĖĎ‚Ėź‚Ėą‚Ėą‚Ėą‚Ėą‚Ėą‚ĖĄ‚Ėď‚Ėď‚Ėą‚Ėą‚Ėą‚ĖĆ ‚ĖĎ‚ĖĎ‚Ėź  ‚ĖĎ‚Ėí‚Ėź‚Ėą‚Ėą‚Ėą‚Ėą‚Ėą‚Ėą‚Ėď‚Ėą‚ĖĆ ‚ĖĎ‚ĖĎ‚Ėź‚ĖĆ‚ĖĎ‚ĖĎ‚ĖĎ‚Ėź‚Ėą‚Ėą‚Ėą‚ĖĆ‚ĖĎ‚ĖÄ‚Ėą‚ĖĄ‚ĖĄ‚Ėą‚Ėą‚Ėą‚Ėą‚Ėą‚Ėą‚Ėą‚Ėą‚Ėą‚Ėą‚Ėą‚ĖÄ‚ĖĄ‚Ėď‚Ėí‚ĖĎ
      ‚Ėź‚Ėą‚ĖĆ ‚ĖĎ‚ĖĎ‚Ėź‚Ėą‚Ėą‚Ėą‚Ėí‚Ėď‚Ėą‚Ėą‚Ėą‚Ėą‚Ėą‚Ėą ‚ĖĎ‚ĖĎ‚ĖĎ‚ĖĎ ‚ĖĎ‚ĖĎ‚Ėí‚Ėą‚Ėą‚Ėą‚Ėą‚Ėí‚ĖĄ‚Ėí‚ĖĎ‚Ėź‚Ėą‚ĖĎ‚ĖĎ‚ĖĎ‚Ėź‚ĖĆ‚ĖĄ‚ĖĄ‚ĖĄ‚Ėą‚Ėą‚Ėą‚Ėą‚Ėź‚ĖĆ ‚ĖÄ‚ĖÄ‚ĖÄ‚Ėą‚Ėą‚Ėą‚Ėą‚Ėď‚Ėź‚Ėí‚ĖÄ‚ĖÄ‚Ėí‚Ėí‚ĖÄ‚ĖÄ‚ĖĎ‚ĖĎ
      ‚Ėź‚Ėą‚ĖĎ‚ĖĎ‚ĖĎ‚ĖĎ‚Ėą‚Ėą‚Ėą‚Ėą‚Ėź‚Ėď‚ĖĎ ‚ĖÄ‚ĖĎ‚Ėą‚Ėą ‚ĖĎ‚ĖĄ‚ĖĆ‚ĖĎ‚ĖĎ‚ĖĎ‚ĖĎ‚Ėą‚Ėą‚Ėą‚Ėą ‚Ėą‚Ėí‚ĖĎ ‚Ėź‚Ėą‚Ėą‚Ėą‚Ėą‚Ėą‚Ėą‚Ėą‚Ėą‚Ėą‚Ėą‚Ėą‚Ėą‚Ėą‚Ėź‚Ėí   ‚Ėź‚Ėą‚ĖĎ‚ĖĎ‚ĖÄ‚ĖÄ‚ĖĎ‚ĖĎ
      ‚Ėą‚Ėą ‚ĖĎ‚ĖĎ‚ĖĎ‚Ėą‚Ėą‚Ėą‚ĖĆ‚Ėź‚ĖĆ‚ĖĎ   ‚Ėą‚ĖĆ‚ĖĎ‚ĖĄ‚ĖĄ‚ĖĄ‚Ėď‚Ėą‚Ėą‚Ėą‚Ėą‚Ėą‚Ėą‚ĖĆ‚Ėď‚Ėí‚ĖĎ   ‚ĖÄ‚ĖÄ‚ĖÄ‚ĖÄ‚ĖÄ‚ĖÄ‚ĖÄ‚ĖĎ‚Ėą‚ĖÄ‚ĖÄ‚ĖÄ‚Ėí‚ĖĎ‚ĖĎ
      ‚Ėą‚ĖĆ ‚ĖĎ‚ĖĎ‚Ėź‚Ėą‚Ėą‚Ėą‚ĖĆ‚ĖĆ‚ĖĎ   ‚ĖĎ‚Ėą‚Ėą‚Ėą‚Ėą‚Ėą‚Ėą‚Ėą‚Ėą‚Ėą‚Ėď‚ĖÄ‚ĖÄ‚ĖĄ‚Ėí‚ĖĎ‚ĖĎ
     ‚ĖĎ‚Ėą‚Ėą‚Ėą‚Ėą‚Ėą‚Ėą‚Ėą‚Ėą‚Ėą‚Ėź‚Ėí‚ĖĎ         ‚ĖÄ‚ĖÄ‚ĖĎ‚ĖĎ‚Ėí‚ĖÄ‚ĖÄ‚ĖĎ‚ĖĎ
        ‚ĖĎ‚Ėą‚Ėą‚Ėą‚Ėą‚Ėą‚ĖĆ‚Ėź‚ĖĎ‚ĖĎ               ‚ĖĄ
              ‚ĖĎ                  ‚Ėď‚Ėí      ‚Ėź‚ĖĆ    ‚ĖĄ‚ĖĆ
                           ‚Ėź‚ĖĄ    ‚Ėą‚Ėą‚Ėą‚ĖĄ‚ĖĄ‚ĖĄ‚ĖĆ‚ĖĄ ‚Ėź ‚ĖĆ ‚Ėź‚Ėą‚ĖĆ
                     ‚ĖĄ‚ĖĄ     ‚Ėą‚Ėą‚ĖĄ‚ĖĄ‚Ėą‚Ėą‚Ėą‚Ėą‚Ėą‚Ėą‚Ėą‚Ėą‚Ėą‚Ėą‚Ėą‚Ėą‚Ėą‚ĖĄ‚Ėą‚Ėą‚ĖĆ ‚ĖĆ ‚ĖĄ‚ĖÄ
                      ‚Ėí‚Ėą‚ĖĄ‚ĖĄ‚ĖĄ‚Ėą‚Ėą‚Ėą‚Ėą‚Ėą‚Ėą‚Ėą‚Ėą‚Ėą‚Ėą‚Ėą‚Ėą‚Ėą‚Ėą‚Ėą‚Ėą‚Ėą‚Ėą‚Ėą‚Ėą‚Ėą‚Ėą‚Ėą‚Ėą‚Ėą‚Ėą
                    ‚ĖĄ ‚Ėź‚Ėą‚Ėą‚Ėą‚Ėą‚Ėą‚Ėą‚Ėą‚Ėą‚Ėą‚Ėą‚Ėą‚Ėą‚Ėą‚Ėą‚Ėą‚Ėą‚Ėą‚Ėą‚Ėą‚Ėą‚Ėą‚Ėą‚Ėą‚Ėą‚Ėą‚Ėą‚Ėą‚Ėą‚Ėą‚Ėą‚Ėą‚ĖĄ‚Ėź‚ĖÄ
            ‚ĖĄ‚ĖÄ‚ĖÄ‚ĖÄ‚ĖÄ‚ĖÄ‚Ėí‚ĖĄ‚ĖÄ‚ĖÄ‚ĖÄ‚ĖÄ‚ĖÄ‚ĖÄ‚Ėą‚ĖĆ‚ĖÄ‚ĖÄ‚ĖÄ‚ĖÄ‚ĖÄ‚Ėą‚Ėą‚ĖÄ‚ĖÄ‚ĖÄ‚ĖÄ‚ĖÄ‚Ėą‚ĖÄ‚ĖÄ‚ĖÄ‚ĖÄ‚ĖÄ‚ĖÄ‚ĖĆ‚ĖÄ‚ĖÄ‚Ėą‚Ėą‚ĖÄ‚ĖÄ‚ĖĆ‚ĖÄ‚ĖÄ‚ĖÄ‚ĖÄ‚ĖÄ‚Ėź‚Ėí‚ĖÄ‚ĖÄ‚ĖÄ‚ĖÄ‚ĖĄ
            ‚Ėí  ‚ĖĄ‚Ėí  ‚Ėź‚ĖĎ ‚Ėź‚ĖĄ  ‚Ėź‚ĖĆ  ‚ĖĄ‚ĖĄ‚ĖĄ‚Ėą   ‚ĖĄ‚ĖĄ‚Ėź‚Ėą  ‚ĖĎ‚ĖĄ‚ĖĄ‚Ėą‚ĖĆ  ‚ĖÄ‚ĖĆ  ‚ĖĄ‚ĖĄ  ‚ĖĄ‚ĖĄ‚ĖĄ  ‚ĖĄ‚ĖĄ‚ĖĄ‚ĖÄ
       ‚ĖĄ‚ĖĄ   ‚Ėź  ‚ĖÄ‚ĖÄ  ‚Ėź‚ĖĆ ‚ĖĎ‚ĖÄ  ‚ĖĄ‚ĖĆ    ‚Ėź‚Ėą‚ĖĄ   ‚ĖÄ‚ĖÄ‚Ėą     ‚Ėą‚ĖĆ      ‚Ėą‚Ėą  ‚Ėź‚Ėą‚ĖĆ  ‚ĖÄ‚Ėí‚ĖĆ         ‚ĖĄ  ‚ĖĄ
 ‚ĖÄ‚Ėą‚Ėą‚ĖĄ‚ĖĄ‚ĖÄ‚ĖÄ‚Ėą‚Ėą‚Ėą‚ĖÄ‚ĖĎ‚ĖĆ  ‚ĖĄ‚ĖĄ‚ĖÄ‚Ėí‚ĖĆ    ‚ĖÄ‚Ėą‚Ėď  ‚Ėź‚ĖĄ‚Ėď‚Ėą‚Ėą‚ĖÄ‚Ėď‚ĖĄ  ‚Ėą   ‚ĖĄ‚ĖĄ‚Ėď‚ĖĆ ‚Ėź‚ĖĆ  ‚Ėź‚Ėą‚Ėí  ‚Ėď‚Ėą‚Ėď‚Ėď‚ĖĄ  ‚ĖĎ‚ĖĄ ‚Ėą‚Ėą‚Ėą‚ĖÄ‚ĖÄ‚Ėą‚Ėą‚Ėą‚Ėą‚Ėą‚ĖĄ
 ‚ĖĎ‚Ėą          ‚ĖĆ  ‚ĖĆ   ‚ĖĆ  ‚ĖĆ‚ĖĄ ‚ĖĎ‚Ėą     ‚Ėź‚ĖĆ    ‚ĖĄ‚Ėą      ‚ĖĆ ‚Ėź‚Ėą‚ĖĆ ‚Ėź‚Ėą‚ĖĆ  ‚Ėą‚Ėď  ‚ĖĎ  ‚ĖĄ‚ĖÄ         ‚ĖÄ‚Ėą‚Ėą
 ‚Ėą‚Ėź          ‚ĖÄ‚Ėí‚ĖÄ‚ĖÄ ‚ĖĄ‚ĖĄ‚Ėą‚Ėą‚Ėą‚Ėą‚Ėą‚Ėą‚Ėą‚Ėą‚Ėą‚Ėą‚Ėą‚Ėą‚Ėą‚Ėą‚Ėą‚Ėą‚Ėď‚Ėď‚Ėą‚Ėą‚Ėą‚Ėą‚Ėą‚Ėą‚Ėą‚Ėą‚Ėą‚Ėą‚Ėą‚Ėą‚Ėą‚Ėą‚Ėą‚Ėą‚Ėą‚Ėą‚Ėą‚Ėą‚Ėą‚Ėą‚ĖĆ‚ĖĄ‚ĖĄ‚ĖĄ‚ĖÄ‚ĖÄ           ‚Ėą‚ĖĎ
 ‚Ėą‚Ėź‚ĖĆ               ‚ĖĎ‚Ėí‚Ėą‚Ėą‚Ėą‚Ėą‚Ėą‚Ėą‚Ėą‚Ėą‚Ėą‚Ėą‚Ėą‚Ėą‚Ėą‚Ėą‚Ėą‚Ėą‚Ėą‚Ėą‚Ėą‚Ėą‚Ėą‚Ėą‚Ėą‚Ėą‚Ėą‚Ėą‚Ėą‚Ėą‚Ėą‚Ėą‚Ėą‚Ėą‚Ėą‚Ėą‚Ėą‚Ėą‚Ėą‚Ėą‚Ėź                 ‚ĖĆ‚Ėą
 ‚Ėą‚Ėą‚ĖĆ               ‚ĖĄ‚ĖÄ‚Ėą‚Ėą‚Ėą‚Ėą‚Ėą‚Ėą‚Ėą‚Ėą‚Ėą‚Ėą‚Ėą‚Ėą‚Ėą‚Ėą‚Ėą‚Ėą‚Ėą‚Ėą‚Ėą‚Ėą‚Ėą‚Ėą‚Ėą‚Ėą‚Ėą‚Ėą‚Ėą‚Ėą‚Ėą‚Ėą‚Ėą‚Ėą‚Ėą‚Ėą‚ĖÄ‚ĖÄ‚ĖÄ‚ĖÄ‚ĖÄ‚ĖÄ                ‚ĖĆ‚Ėą
 ‚Ėą‚Ėą‚ĖĆ                  ‚Ėź‚Ėď‚Ėą‚Ėą‚Ėą‚Ėą‚Ėą‚Ėą‚Ėą‚Ėą‚Ėą‚Ėą‚Ėą‚Ėą‚Ėą‚Ėą‚Ėą‚Ėą‚Ėą‚Ėą‚Ėą‚Ėą‚Ėą‚Ėą‚Ėą‚Ėą‚Ėą‚Ėą‚Ėą‚Ėą‚Ėą‚Ėí‚ĖĆ                     ‚Ėź‚ĖĆ‚Ėą
 ‚Ėź‚Ėą                  ‚ĖĄ‚ĖÄ‚ĖÄ‚ĖÄ‚Ėí‚Ėą‚Ėą‚Ėą‚Ėą‚Ėą‚Ėą‚Ėą‚Ėą‚Ėą‚Ėą‚Ėą‚Ėą‚Ėą‚Ėą‚Ėą‚Ėą‚Ėą‚Ėą‚Ėą‚Ėą‚Ėą‚Ėą‚Ėí‚ĖÄ‚ĖÄ‚ĖĆ‚ĖÄ‚ĖÄ‚ĖÄ‚ĖĄ                    ‚ĖĆ‚Ėą‚ĖĆ
 ‚Ėź‚Ėą                       ‚ĖĄ‚Ėą‚ĖÄ  ‚Ėź‚Ėą‚Ėą‚Ėí‚Ėą‚Ėą‚Ėą‚Ėą‚Ėą‚ĖÄ‚Ėą‚Ėď‚Ėą‚Ėą‚Ėą‚Ėą‚Ėą‚ĖĆ        ‚ĖÄ                  ‚ĖĆ‚Ėą
 ‚Ėď‚Ėą                      ‚Ėź‚ĖÄ    ‚ĖĎ‚Ėą‚Ėą‚ĖÄ‚ĖĎ ‚ĖĆ‚Ėź‚Ėą‚ĖĆ ‚Ėź  ‚ĖÄ‚Ėą‚Ėą‚ĖĆ                           ‚ĖĆ‚Ėą
 ‚ĖÄ‚Ėą                            ‚Ėź‚Ėą‚ĖÄ     ‚Ėą       ‚ĖÄ‚ĖĆ                            ‚Ėą
 ‚ĖĆ‚Ėą                            ‚Ėź       ‚ĖÄ                                    ‚Ėź‚Ėą‚ĖĎ
 ‚ĖĆ‚Ėą                                                                         ‚Ėź‚Ėą‚Ėą
 ‚ĖĆ‚ĖĆ                                                                         ‚Ėź‚Ėą‚Ėą
 ‚Ėź‚Ėą                                                                         ‚Ėź‚ĖĆ‚Ėą
 ‚Ėź‚Ėď    Title.........: Vertraue keinem Fremden                              ‚Ėź‚ĖĆ
 ‚Ėą‚ĖĆ    Release Date..: 06/2025                                              ‚Ėź‚ĖĆ
 ‚Ėą‚Ėź    Retail Date...: 26.04.2024                                           ‚Ėź‚Ėí
 ‚Ėą‚Ėź    Cine Date.....: 27.01.1961                                            ‚Ėź‚Ėą
 ‚Ėą‚Ėź    Year..........: 1960                                                 ‚ĖĄ‚Ėą‚Ėą
 ‚Ėź‚Ėą    Runtime.......: 81:03 Min.                                           ‚Ėź‚Ėą‚Ėą
 ‚Ėź‚Ėą    Size..........: 7.45 GiB                                             ‚Ėź‚ĖĆ‚Ėą
 ‚Ėź‚Ėą‚ĖĆ   IMDB..........: https://www.imdb.com/de/title/tt0054116               ‚Ėą‚Ėą
  ‚Ėą‚ĖĆ                                                                         ‚Ėą‚ĖĆ
  ‚Ėą‚ĖĆ   Genre.........: Horror                                                ‚Ėź‚Ėą
  ‚Ėą‚ĖĆ   Language......: German, English                                       ‚Ėą‚Ėą
 ‚ĖĆ‚Ėą‚ĖĆ                                                                        ‚ĖĆ‚Ėą
 ‚Ėź‚Ėą    Video.........: 1920x1080p                                            ‚Ėą
 ‚Ėź‚Ėą    Codec.........: x264 CRF20                                            ‚Ėą
 ‚Ėź‚Ėą    Bitrate.......: 10.1 Mb/s                                            ‚Ėź‚Ėą‚Ėď
 ‚Ėą‚Ėą    Source........: BD50                                                 ‚Ėź‚Ėą‚Ėź
 ‚Ėą‚Ėą‚ĖĆ   Format........: MKV                                                  ‚Ėź‚Ėą‚Ėź
 ‚Ėí‚Ėą                                                                         ‚Ėź‚Ėą‚Ėź
 ‚Ėź‚Ėą‚ĖĆ   Audio.........: German  DTS 2.0 Stereo @ 1 509 kb/s                  ‚Ėź‚Ėą‚ĖĆ
 ‚Ėź‚Ėą‚ĖĆ                   English DTS 2.0 Stereo @ 1 509 kb/s                  ‚Ėź‚Ėą‚ĖĆ
 ‚Ėź‚Ėą‚ĖĆ                                                                        ‚Ėź‚Ėą‚ĖĆ
 ‚Ėą‚Ėź‚ĖĆ                                                                        ‚Ėź‚Ėą‚ĖĆ
 ‚Ėą‚Ėź                                                                         ‚Ėź‚Ėą‚Ėź
 ‚Ėą‚Ėź                                                                          ‚Ėą‚Ėź
 ‚Ėą‚ĖĆ    Subtitles.....: German                                                ‚Ėą‚ĖĆ
 ‚Ėą‚Ėď‚ĖĄ‚ĖĄ‚ĖĄ                   ‚ĖĄ‚ĖĄ‚ĖĄ‚ĖĄ‚ĖĄ‚ĖĄ             ‚ĖĄ          ‚ĖÄ‚ĖĄ‚ĖĄ‚ĖĄ‚ĖĄ‚ĖĄ‚ĖĄ‚ĖĄ‚ĖĄ             ‚Ėą‚Ėą
 ‚ĖÄ‚Ėą‚Ėą‚Ėą‚Ėą‚Ėą‚Ėą‚Ėą‚Ėą‚Ėą‚Ėą‚Ėą‚Ėą‚Ėą‚Ėą‚ĖÄ‚ĖÄ‚ĖÄ‚ĖÄ‚Ėą‚Ėą‚Ėą‚Ėą‚Ėą‚Ėą‚Ėą‚Ėą‚Ėí‚ĖÄ‚ĖÄ‚ĖÄ‚ĖÄ‚ĖÄ‚ĖÄ‚ĖÄ‚Ėą‚Ėą‚Ėą‚Ėą‚Ėą‚Ėą‚Ėą‚Ėą‚Ėą‚Ėą‚Ėą‚Ėą‚Ėą‚Ėą‚ĖÄ‚ĖÄ‚Ėą‚ĖÄ‚ĖÄ‚ĖÄ‚ĖÄ‚Ėą‚Ėą‚Ėą‚Ėą‚Ėą‚Ėą‚Ėą‚Ėą‚Ėď‚Ėď‚ĖĄ‚ĖĄ‚ĖĄ‚ĖĄ‚Ėą‚Ėą‚Ėą‚Ėą‚Ėą‚Ėą‚Ėą‚ĖĄ
   ‚ĖÄ‚ĖĄ‚Ėí‚ĖĎ‚ĖÄ         ‚Ėí  ‚Ėą‚ĖĆ‚Ėí        ‚Ėź ‚ĖĆ         ‚Ėź‚Ėź‚Ėź‚ĖĎ      ‚Ėź‚ĖĆ‚Ėź  ‚Ėí     ‚ĖĎ‚ĖÄ‚Ėí ‚ĖĄ‚Ėď‚ĖĄ‚ĖÄ ‚ĖĄ‚ĖÄ
‚ĖĄ   ‚ĖÄ‚Ėď‚ĖÄ‚ĖĄ‚ĖÄ‚ĖĄ        ‚ĖĎ  ‚Ėą‚ĖĆ‚Ėí       ‚ĖĎ‚ĖĆ‚ĖĎ          ‚ĖĆ‚Ėź       ‚ĖĆ‚Ėź‚ĖĆ ‚ĖĎ     ‚ĖĎ‚ĖÄ‚Ėí ‚ĖĄ‚Ėď‚ĖÄ  ‚Ėí
‚ĖÄ‚Ėą‚ĖĄ   ‚ĖÄ‚ĖĄ‚Ėí‚ĖĎ‚Ėí           ‚Ėď‚ĖĆ        ‚Ėí           ‚ĖĆ‚ĖĆ      ‚Ėź‚ĖĎ‚ĖĆ       ‚ĖĄ‚ĖÄ‚ĖÄ ‚ĖĄ‚Ėď‚ĖÄ ‚ĖĄ‚ĖÄ      ‚ĖĄ
‚ĖĄ ‚ĖÄ‚Ėď‚ĖĄ   ‚ĖÄ‚Ėí‚ĖĄ‚ĖÄ‚ĖĄ         ‚ĖĎ‚Ėď‚ĖĆ       ‚Ėź          ‚ĖĎ‚ĖĎ‚ĖĎ     ‚ĖĎ‚ĖĆ‚Ėí       ‚ĖĄ‚Ėí‚ĖÄ ‚ĖĄ‚ĖĆ  ‚ĖĎ      ‚ĖĄ‚Ėď‚Ėí
‚ĖÄ‚ĖÄ‚ĖĄ‚ĖĎ‚ĖÄ‚ĖĄ    ‚ĖÄ‚ĖĄ‚ĖĎ‚ĖĄ         ‚ĖĎ‚Ėí‚ĖĆ                  ‚Ėź      ‚ĖĎ‚Ėź‚ĖĄ‚ĖĄ     ‚ĖĄ‚Ėí‚ĖÄ ‚Ėź‚ĖÄ  ‚ĖÄ     ‚ĖĄ‚Ėď‚ĖÄ‚ĖĄ‚ĖÄ
  ‚ĖÄ‚Ėď‚ĖĄ ‚ĖÄ‚ĖĄ   ‚ĖĎ‚ĖÄ‚ĖĄ‚ĖÄ         ‚ĖĎ‚ĖĎ            ‚ĖĎ‚ĖĄ‚ĖĄ‚ĖĎ‚ĖĎ       ‚ĖĎ‚ĖĎ ‚ĖÄ‚ĖÄ‚ĖĄ‚ĖĄ‚ĖĄ ‚ĖĎ‚Ėí‚ĖÄ‚ĖĎ‚Ėí‚ĖĎ ‚ĖĎ      ‚ĖĄ‚ĖÄ‚Ėď‚ĖÄ‚ĖĄ‚Ėď
    ‚ĖĎ‚ĖÄ  ‚ĖÄ    ‚ĖÄ‚ĖĄ‚ĖÄ‚ĖĄ        ‚ĖĄ‚ĖĄ‚Ėí‚Ėí‚ĖĄ‚ĖĄ‚ĖĄ‚Ėď‚ĖÄ‚ĖÄ‚ĖÄ‚ĖÄ‚ĖÄ‚ĖÄ‚ĖÄ‚ĖÄ‚ĖÄ‚ĖÄ‚ĖÄ‚ĖÄ‚ĖÄ‚ĖÄ‚ĖĄ‚ĖĄ‚ĖĄ‚ĖĄ‚ĖĎ    ‚ĖÄ‚ĖĎ ‚ĖĄ‚ĖÄ‚ĖĎ         ‚ĖĄ‚ĖÄ‚ĖĄ‚ĖÄ‚ĖĄ‚Ėď‚ĖÄ
‚ĖÄ‚ĖĄ     ‚ĖĎ       ‚ĖÄ‚Ėí‚ĖĎ     ‚ĖĎ‚ĖĄ‚ĖĄ‚ĖÄ‚ĖÄ‚ĖÄ‚ĖÄ‚ĖĄ‚ĖĄ‚ĖĄ‚ĖĄ‚ĖĎ              ‚ĖĎ‚ĖÄ‚ĖÄ‚Ėď‚ĖĄ‚ĖĄ   ‚ĖĄ ‚ĖĄ‚ĖĄ‚ĖĄ‚ĖĄ     ‚ĖĎ‚Ėď‚ĖĄ‚ĖÄ‚ĖĄ‚Ėď
‚ĖÄ‚ĖĄ‚ĖÄ ‚ĖĄ      ‚ĖÄ‚ĖÄ‚ĖĄ‚ĖĄ     ‚ĖĄ‚ĖĄ‚Ėď‚ĖÄ‚ĖÄ  ‚ĖĎ‚ĖÄ‚ĖÄ   ‚Ėź‚ĖĄ‚ĖĄ‚ĖĄ              ‚ĖĄ‚ĖĄ‚ĖĄ‚ĖĄ‚ĖĄ‚Ėą‚Ėą‚Ėą‚Ėą‚Ėą‚Ėą‚Ėą‚Ėď‚ĖĆ   ‚ĖĄ‚Ėď‚ĖÄ‚Ėí‚ĖÄ‚ĖÄ
‚ĖÄ‚Ėď‚ĖĄ‚Ėź‚ĖĆ‚ĖÄ‚ĖĄ         ‚ĖĄ‚Ėí‚ĖĄ‚Ėď‚ĖÄ‚ĖĎ   ‚ĖĎ‚ĖĄ      ‚Ėź‚Ėď‚Ėą‚Ėď     ‚ĖĄ‚ĖĄ‚ĖĎ ‚ĖĄ‚ĖĄ‚Ėą‚Ėą‚Ėą‚Ėą‚Ėą‚Ėą‚Ėą‚Ėą‚ĖÄ‚ĖÄ‚ĖÄ‚ĖÄ       ‚Ėź‚ĖÄ‚ĖÄ‚ĖĄ‚ĖÄ
   ‚ĖÄ‚Ėą‚ĖĄ‚ĖĄ‚ĖÄ‚ĖĄ      ‚ĖĄ‚Ėí‚Ėą‚ĖÄ ‚ĖĄ‚ĖĄ‚Ėď‚Ėą‚Ėą‚Ėą‚Ėą‚Ėą‚Ėą‚ĖĄ   ‚Ėą‚Ėą‚Ėą‚ĖĆ    ‚Ėí‚ĖĄ‚ĖĄ‚ĖĄ  ‚ĖÄ‚ĖÄ‚ĖÄ‚ĖÄ‚ĖÄ‚Ėą‚Ėą‚Ėą‚Ėą  ‚Ėź‚Ėą  ‚ĖĎ   ‚ĖĄ‚ĖÄ‚ĖĎ
      ‚ĖÄ‚ĖÄ‚ĖĄ‚ĖĎ‚ĖĎ   ‚ĖÄ‚ĖĄ‚Ėą‚Ėí‚ĖĄ‚Ėą‚Ėą‚Ėą‚Ėą‚Ėď‚ĖÄ‚ĖĎ ‚ĖĎ‚Ėą‚Ėą‚ĖĆ ‚Ėź‚Ėą‚Ėą‚Ėą   ‚ĖĄ‚Ėź‚Ėą‚Ėą‚Ėą‚ĖÄ‚Ėą‚ĖĄ    ‚Ėź‚Ėą‚Ėą‚Ėą‚ĖĆ   ‚Ėď‚ĖĆ ‚Ėď ‚ĖĎ‚ĖÄ            ‚ĖĄ
‚Ėí‚ĖĄ       ‚ĖĎ    ‚Ėź‚Ėą‚ĖĎ‚ĖÄ‚Ėź‚ĖÄ‚ĖÄ‚Ėą‚Ėą‚Ėď   ‚Ėź‚Ėą‚Ėą‚Ėď ‚Ėą‚Ėą‚Ėą‚ĖĆ  ‚Ėź‚Ėď‚Ėą‚Ėą‚Ėą  ‚Ėą‚Ėą‚ĖĆ   ‚Ėź‚Ėą‚Ėą‚Ėą    ‚Ėź‚Ėą ‚Ėź             ‚ĖĎ‚Ėí‚ĖÄ
‚Ėí‚ĖÄ‚Ėí ‚ĖÄ‚ĖĄ        ‚Ėď‚ĖĆ     ‚Ėą‚Ėą‚Ėą  ‚ĖĄ‚Ėą‚Ėą‚Ėą‚ĖĆ ‚Ėą‚Ėą‚Ėą‚ĖĎ  ‚Ėď‚Ėą‚Ėą‚Ėą  ‚ĖĎ‚Ėą‚Ėą‚Ėą   ‚Ėą‚Ėą‚Ėą‚ĖĆ ‚ĖĎ‚ĖÄ ‚Ėź‚Ėą ‚Ėź            ‚Ėí‚ĖĄ‚ĖÄ‚ĖĎ
‚ĖÄ‚Ėí‚Ėí‚ĖÄ‚ĖĄ‚ĖĎ‚ĖĎ‚ĖĎ      ‚Ėą‚ĖĆ     ‚Ėą‚Ėą‚Ėą‚ĖĄ‚Ėą‚Ėą‚Ėą‚Ėď‚ĖĆ ‚Ėź‚Ėą‚Ėą‚ĖĆ   ‚Ėď‚Ėą‚Ėą‚ĖĆ  ‚Ėź‚Ėą‚Ėą‚Ėą  ‚Ėź‚Ėą‚Ėą‚Ėą   ‚ĖĆ ‚Ėą‚ĖĆ ‚Ėď         ‚ĖĎ‚ĖĎ‚Ėď
     ‚ĖĎ‚ĖĎ      ‚ĖĆ‚Ėď‚ĖĆ‚Ėź‚ĖĎ   ‚Ėď‚Ėą‚Ėą‚Ėą‚ĖÄ‚Ėď‚ĖÄ‚ĖÄ  ‚Ėź‚Ėą‚Ėą‚ĖĆ   ‚Ėź‚Ėą‚Ėą‚ĖĆ ‚ĖĄ‚Ėą‚Ėą‚ĖĆ‚ĖĆ  ‚Ėą‚Ėą‚Ėą‚ĖĆ ‚ĖĎ‚ĖÄ ‚Ėą‚Ėď ‚Ėź‚ĖĆ
             ‚Ėí‚Ėź‚Ėą‚ĖĎ‚ĖĆ‚ĖÄ  ‚Ėź‚Ėą‚Ėą‚ĖĆ‚ĖÄ     ‚Ėą‚Ėą‚Ėą  ‚ĖĄ‚ĖĄ ‚Ėą‚Ėą‚Ėď‚ĖĄ‚Ėą‚Ėą‚Ėą‚ĖÄ  ‚Ėź‚Ėą‚Ėą‚Ėą   ‚ĖĄ‚Ėą‚ĖÄ ‚Ėź‚ĖÄ‚ĖĎ
               ‚ĖÄ‚Ėą‚ĖĄ   ‚Ėź‚Ėą‚Ėą‚ĖĆ      ‚Ėą‚Ėą‚Ėą‚Ėą‚Ėą‚Ėą‚Ėą‚ĖĄ ‚ĖÄ‚ĖÄ‚Ėď‚ĖÄ‚ĖÄ‚ĖÄ   ‚Ėź‚Ėą‚Ėą‚ĖĆ ‚ĖĎ‚ĖĄ‚Ėą‚ĖÄ  ‚ĖÄ                ‚ĖĄ‚ĖĄ
                ‚ĖÄ‚Ėą‚ĖĄ   ‚Ėź‚Ėą‚Ėą    ‚ĖĄ‚Ėą‚Ėą‚Ėą‚Ėą‚Ėď‚ĖÄ‚ĖÄ‚ĖÄ           ‚ĖÄ‚ĖÄ‚ĖÄ‚ĖĄ‚ĖĄ‚Ėą‚ĖÄ                 ‚ĖĎ‚ĖÄ‚ĖÄ‚Ėí‚ĖĄ‚ĖĎ
                ‚ĖÄ‚ĖĄ‚ĖÄ‚Ėą‚ĖĄ‚ĖĎ ‚ĖÄ‚ĖÄ    ‚ĖÄ‚ĖÄ‚ĖÄ‚Ėí                ‚ĖĄ‚ĖĄ‚Ėą‚ĖÄ  ‚ĖĄ‚Ėí              ‚ĖÄ‚ĖĎ‚ĖĎ‚Ėď‚ĖĎ‚ĖĎ‚Ėí‚Ėí
‚Ėí‚Ėí‚Ėí‚Ėą‚ĖĄ‚ĖĎ            ‚ĖÄ‚ĖĄ‚Ėí‚ĖÄ‚Ėď‚ĖĄ‚ĖĄ‚ĖĎ                  ‚ĖĄ‚ĖĄ‚ĖĄ‚Ėą‚ĖÄ‚ĖÄ‚Ėď ‚ĖĄ‚ĖĄ‚ĖÄ                    ‚ĖÄ‚ĖÄ‚ĖÄ‚ĖÄ
      ‚ĖÄ             ‚ĖÄ‚ĖÄ‚ĖĄ‚ĖĄ‚ĖÄ‚ĖÄ‚ĖÄ‚ĖÄ‚ĖĄ‚ĖĄ‚ĖĄ‚ĖĄ     ‚ĖĄ‚ĖĄ‚ĖĄ‚ĖĄ‚Ėď‚Ėď‚ĖÄ‚ĖÄ‚ĖÄ‚ĖÄ  ‚ĖĎ‚ĖÄ‚ĖÄ
                              ‚Ėą‚ĖÄ‚ĖĄ  ‚ĖĄ‚Ėą
‚ĖĎ‚ĖĎ‚ĖÄ‚ĖÄ                        ‚ĖĎ‚Ėą‚ĖÄ‚ĖĎ‚ĖĄ‚ĖĄ‚Ėď‚ĖÄ                                     ‚ĖĄ‚ĖĄ‚ĖÄ‚ĖÄ‚ĖÄ‚ĖĎ
                           ‚ĖĎ‚Ėą‚ĖÄ‚ĖĄ‚Ėď‚ĖÄ                                        ‚ĖĎ ‚ĖĎ‚ĖĎ‚ĖÄ‚ĖÄ
                           ‚Ėą‚Ėą‚ĖÄ‚ĖÄ
                          ‚ĖÄ‚ĖÄ
‚ĖÄ‚ĖÄ‚ĖÄ‚Ėí‚ĖĎ                                                                     ‚ĖĄ‚ĖĆ‚ĖĎ‚Ėí‚Ėí
          Peter Carter st√∂√üt auf offiziellen Widerstand, als er
          feststellt, dass seine neunj√§hrige Tochter Opfer des
          p√§dophilen Patriarchen der m√§chtigsten Familie der Stadt
          geworden ist.
     ‚Ėí‚ĖĄ‚ĖĄ
‚ĖÄ‚Ėí‚Ėí‚ĖĎ‚Ėď                                                                     ‚ĖĎ ‚ĖĄ‚ĖĄ‚ĖĎ
                                                                            ‚ĖÄ‚ĖÄ

      ‚ĖĄ‚ĖĎ
 ‚ĖĄ‚ĖĄ‚Ėí‚ĖÄ‚ĖÄ‚ĖĄ‚ĖĎ‚ĖÄ                                                              ‚ĖĎ‚ĖĎ‚ĖĎ‚Ėí‚ĖĄ‚ĖĎ‚ĖĄ‚ĖĄ
‚ĖÄ‚ĖĄ‚ĖĄ‚ĖĎ‚ĖÄ                                                                 ‚ĖĎ‚ĖÄ‚ĖĎ‚ĖĄ‚Ėą‚ĖÄ‚ĖÄ‚ĖÄ
‚ĖÄ                                                                          ‚Ėď‚ĖÄ‚ĖÄ‚ĖĎ

      ‚ĖĎ‚ĖĎ                                                                ‚ĖĎ‚ĖĎ‚ĖĄ
‚Ėí‚ĖĄ‚Ėí‚ĖÄ‚ĖĎ                                                                     ‚ĖÄ‚Ėą‚Ėí‚Ėí‚ĖĄ
‚Ėí‚ĖĎ‚ĖÄ                                                                 ‚ĖĎ‚ĖĎ       ‚ĖĎ‚ĖÄ
        ‚ĖĎ‚ĖĄ‚ĖĎ                                                          ‚ĖĎ‚ĖÄ‚ĖĎ‚ĖĄ‚ĖĄ
      ‚ĖĄ‚Ėď‚ĖÄ                                                              ‚ĖÄ‚ĖĄ‚Ėí‚Ėź‚Ėď‚ĖĄ‚ĖĄ
 ‚ĖĎ‚ĖĄ‚Ėď‚Ėď‚ĖÄ ‚ĖĄ‚ĖĎ                                                                ‚ĖĎ‚ĖÄ ‚ĖÄ‚ĖÄ‚Ėď
‚ĖÄ‚Ėď‚Ėí‚ĖÄ‚ĖĄ‚ĖĄ‚Ėď                                                               ‚ĖĎ     ‚ĖÄ‚Ėí‚ĖĄ
‚ĖÄ‚ĖĎ‚ĖĄ‚ĖÄ‚ĖÄ             ‚ĖĎ                                                    ‚ĖĎ‚ĖĎ‚ĖĄ
‚ĖĄ‚ĖÄ     ‚ĖĎ‚ĖĎ       ‚ĖĎ‚ĖĎ‚ĖĎ                                           ‚ĖĎ          ‚ĖĎ‚ĖÄ‚ĖĄ
    ‚ĖĄ‚ĖĎ‚Ėź       ‚ĖĄ‚ĖÄ‚ĖĄ‚ĖĎ                   ‚ĖĎ‚ĖĄ‚ĖĄ‚ĖĄ‚Ėď‚Ėą‚Ėą‚Ėą‚Ėď‚ĖĄ‚ĖĄ‚ĖĄ      ‚Ėí‚ĖĄ      ‚ĖÄ‚ĖĄ         ‚ĖÄ‚Ėí‚ĖÄ‚ĖĄ‚ĖĄ
  ‚ĖĄ‚ĖÄ‚ĖĎ       ‚ĖĄ‚Ėí‚ĖĎ‚Ėí                  ‚ĖĎ‚ĖĄ‚Ėą‚Ėą‚Ėą‚Ėą‚Ėď‚ĖÄ‚ĖÄ‚ĖÄ‚ĖÄ‚ĖÄ‚Ėď‚Ėą‚Ėą‚Ėą‚Ėą‚ĖĄ    ‚Ėí‚Ėí       ‚ĖĎ‚ĖĄ         ‚ĖÄ‚ĖĄ‚ĖÄ
‚Ėí‚ĖÄ‚ĖĎ‚ĖĎ      ‚ĖĄ‚ĖĆ‚ĖÄ‚ĖĄ‚ĖÄ                 ‚ĖĎ‚ĖĄ‚Ėą‚Ėą‚Ėď‚ĖÄ ‚ĖĄ‚ĖĄ‚ĖĄ      ‚ĖĎ‚ĖÄ‚Ėą‚Ėą‚Ėą‚ĖĄ   ‚Ėí‚ĖÄ       ‚ĖÄ‚Ėí‚ĖĄ  ‚ĖĎ‚ĖĎ   ‚ĖÄ‚ĖĄ‚ĖÄ
‚ĖĄ‚ĖÄ      ‚ĖĄ‚Ėą‚ĖÄ‚ĖĄ‚ĖÄ       ‚ĖĎ‚ĖĄ‚Ėď‚Ėą‚Ėą‚Ėą‚Ėą‚Ėą‚Ėą‚ĖĄ‚ĖĄ‚ĖĄ‚Ėą‚Ėą‚Ėą‚ĖÄ ‚ĖĄ‚ĖĄ‚ĖÄ‚ĖÄ          ‚ĖÄ‚Ėą‚Ėą‚ĖĄ  ‚ĖĎ‚Ėí‚ĖÄ‚ĖĄ‚ĖĄ‚ĖĄ   ‚ĖĄ‚ĖĄ‚ĖÄ‚ĖĄ‚ĖĎ  ‚ĖĎ‚ĖĎ   ‚ĖÄ
       ‚ĖĄ‚Ėą‚ĖÄ‚ĖĄ‚ĖÄ       ‚ĖĄ‚Ėą‚Ėą‚Ėą‚ĖÄ‚ĖÄ‚ĖÄ‚ĖÄ‚ĖÄ‚ĖÄ‚Ėą‚Ėą‚Ėą‚Ėą‚Ėą ‚Ėź‚Ėą‚ĖÄ              ‚ĖÄ‚Ėą‚Ėą‚ĖĆ  ‚Ėź‚Ėą‚Ėď‚ĖÄ‚ĖÄ‚ĖĎ ‚ĖĎ‚ĖÄ‚ĖĎ‚ĖĄ‚ĖĎ‚ĖÄ‚ĖĄ  ‚ĖĎ‚Ėí
     ‚ĖĄ‚Ėą‚ĖÄ‚ĖĄ‚ĖÄ        ‚Ėą‚Ėą‚Ėą‚ĖÄ‚ĖĄ‚Ėď‚Ėą‚ĖÄ    ‚ĖÄ‚Ėą‚Ėą‚ĖĆ ‚ĖÄ‚ĖÄ                ‚Ėź‚Ėą‚Ėą‚ĖĄ‚ĖĄ‚ĖĄ‚ĖĄ‚ĖĄ‚ĖĄ‚ĖĄ ‚ĖĎ‚ĖĄ  ‚ĖÄ‚Ėď‚ĖĄ‚ĖÄ‚Ėď‚ĖĄ  ‚ĖÄ‚ĖĄ
   ‚ĖĎ‚Ėą‚ĖÄ‚ĖĎ‚ĖĄ‚ĖÄ    ‚ĖĎ‚ĖĄ‚ĖĄ‚ĖĎ‚Ėź‚Ėą‚Ėą ‚Ėź‚Ėą‚ĖÄ      ‚ĖĄ‚ĖĄ‚Ėą‚ĖĄ‚ĖĄ‚ĖĄ                 ‚Ėź‚Ėą‚Ėą‚Ėą‚Ėą‚Ėą‚Ėą‚Ėą‚Ėą‚Ėą‚Ėą‚Ėď‚ĖĄ‚Ėí   ‚Ėź‚ĖĆ‚ĖĄ‚ĖÄ‚Ėą‚ĖĄ  ‚ĖÄ
  ‚ĖĄ‚Ėą‚ĖÄ‚ĖĄ‚ĖÄ  ‚ĖĄ‚ĖĄ‚Ėą‚Ėą‚Ėą‚Ėą‚Ėą‚Ėą‚Ėą‚Ėą‚ĖĆ ‚ĖÄ        ‚Ėí‚ĖÄ‚ĖÄ‚ĖÄ‚ĖÄ‚ĖĎ‚ĖÄ    ‚ĖĄ  ‚ĖĎ‚ĖĄ‚ĖĄ    ‚ĖĄ‚ĖĄ ‚Ėą‚ĖÄ‚ĖÄ‚ĖĎ   ‚ĖĎ‚ĖÄ‚Ėď‚Ėą‚Ėą‚Ėą‚ĖĎ‚ĖĄ ‚ĖĄ‚ĖĄ‚ĖĄ‚ĖĄ‚ĖÄ‚Ėą‚ĖĄ
‚ĖĄ‚Ėą‚ĖÄ ‚ĖĎ  ‚ĖĄ‚Ėą‚Ėą‚Ėą‚ĖÄ‚ĖÄ‚ĖÄ‚ĖÄ‚ĖÄ‚ĖÄ‚ĖÄ‚Ėď‚Ėą‚Ėď   ‚ĖĄ‚ĖĄ ‚ĖĄ‚Ėď‚ĖĆ ‚ĖĄ‚Ėď‚Ėą‚Ėą‚ĖĄ‚ĖĄ‚Ėď‚Ėą‚Ėą‚Ėą‚Ėą‚Ėą‚Ėą‚Ėą‚Ėą‚Ėą ‚ĖĄ‚Ėą‚Ėą‚Ėą‚Ėą‚Ėí          ‚ĖÄ‚Ėą‚Ėą‚Ėą‚ĖĆ‚Ėź‚Ėą‚ĖÄ‚ĖÄ‚Ėí‚ĖĄ ‚Ėď‚Ėí
‚Ėď‚Ėí‚ĖĄ‚ĖÄ ‚ĖĄ‚Ėą‚Ėą‚Ėą‚ĖÄ ‚ĖĄ‚Ėą‚ĖĆ      ‚ĖÄ  ‚Ėď‚Ėą‚Ėą ‚Ėą‚Ėą‚ĖĎ‚ĖĄ‚Ėą‚Ėą‚ĖÄ‚Ėą‚Ėą‚ĖÄ‚ĖÄ‚Ėą‚Ėą ‚Ėź‚Ėą‚ĖĆ   ‚Ėą‚Ėą‚ĖÄ‚ĖÄ               ‚Ėą‚Ėą‚Ėď ‚ĖĎ‚Ėą‚Ėą‚Ėď‚ĖÄ   ‚Ėą
‚ĖĄ‚ĖÄ  ‚ĖĎ‚Ėą‚Ėą‚Ėď ‚ĖĄ‚Ėą‚ĖÄ           ‚Ėą‚Ėą‚Ėą‚ĖĎ‚Ėą‚Ėď‚Ėź‚Ėą‚ĖĆ  ‚Ėą‚Ėą ‚Ėź‚Ėą‚ĖĆ ‚Ėź‚Ėą‚Ėą‚Ėą‚ĖÄ‚ĖĎ‚Ėą‚Ėą‚Ėą‚Ėą‚Ėą‚ĖĆ             ‚Ėź‚Ėą‚Ėą
    ‚Ėź‚Ėą‚Ėą ‚Ėź‚Ėą‚ĖĆ           ‚Ėź‚Ėą‚Ėą‚Ėą‚Ėą‚Ėą‚ĖĆ‚Ėą‚Ėą  ‚Ėź‚Ėą‚ĖĆ ‚Ėą‚Ėą  ‚Ėą‚Ėą      ‚ĖĄ‚Ėą‚Ėą‚ĖĎ           ‚Ėź‚ĖĆ‚Ėď‚Ėą‚Ėą
    ‚Ėď‚Ėą‚Ėą ‚ĖĎ‚ĖÄ            ‚Ėź‚Ėą‚ĖĆ‚Ėą‚Ėą‚Ėą‚ĖĎ‚Ėą‚Ėą ‚ĖĄ‚Ėą‚ĖÄ  ‚Ėą‚Ėą ‚ĖĎ‚Ėą‚Ėą‚Ėą‚Ėą‚Ėď‚ĖĄ‚Ėą‚Ėą‚Ėą‚ĖÄ            ‚ĖĄ‚Ėą‚Ėź‚Ėą‚Ėą‚ĖĆ
    ‚Ėź‚Ėą‚Ėą‚ĖĆ              ‚Ėź‚Ėą ‚Ėź‚Ėą‚Ėą ‚ĖÄ‚Ėą‚Ėą‚ĖÄ   ‚Ėź‚Ėď‚ĖĆ ‚Ėź‚ĖÄ‚ĖÄ‚ĖÄ  ‚ĖÄ‚ĖÄ‚ĖÄ ‚ĖĄ          ‚ĖĄ‚Ėą‚ĖÄ‚ĖĄ‚Ėą‚Ėą‚ĖÄ
     ‚Ėą‚Ėą‚Ėą‚ĖĄ             ‚ĖÄ‚ĖÄ                        ‚Ėź‚Ėą‚Ėą‚ĖĄ‚ĖĎ      ‚ĖĄ‚ĖÄ‚ĖÄ‚ĖĄ‚Ėą‚Ėą‚Ėą‚ĖÄ
      ‚ĖÄ‚Ėą‚Ėą‚Ėď‚ĖĄ       ‚ĖĄ             ‚Ėą‚ĖĄ           ‚ĖĎ‚ĖĄ‚Ėą‚Ėą‚Ėą‚Ėď‚Ėą‚Ėą‚Ėą‚Ėď‚ĖĄ‚ĖĄ‚ĖĄ‚ĖĄ‚ĖĄ‚Ėą‚Ėą‚Ėą‚Ėď‚ĖÄ
       ‚ĖÄ‚ĖÄ‚Ėą‚Ėą‚Ėą‚Ėą‚ĖĄ‚ĖĄ‚Ėď‚Ėą‚Ėą‚Ėą         ‚ĖĄ‚Ėą ‚Ėą‚Ėą‚Ėą‚Ėą‚ĖĄ‚ĖĄ‚ĖĄ‚ĖĎ‚ĖĎ‚ĖĄ‚ĖĄ‚ĖĄ‚ĖĄ‚Ėą‚Ėą‚Ėą‚Ėą‚ĖÄ‚ĖĎ  ‚ĖÄ‚ĖÄ‚ĖÄ‚Ėď‚Ėą‚Ėą‚Ėď‚ĖÄ‚ĖÄ‚ĖÄ
           ‚ĖÄ‚ĖÄ‚ĖÄ‚ĖÄ‚ĖÄ‚ĖĎ‚Ėą‚Ėą‚Ėą‚ĖĄ      ‚ĖĄ‚ĖÄ‚ĖĄ‚Ėą‚Ėą‚ĖĎ‚ĖÄ‚ĖÄ‚Ėą‚Ėą‚Ėą‚Ėą‚Ėą‚Ėą‚Ėą‚Ėą‚Ėą‚ĖÄ‚ĖÄ
                 ‚ĖÄ‚Ėą‚Ėą‚Ėą‚Ėą‚ĖĄ‚ĖĄ‚ĖĄ‚ĖĄ‚ĖĄ‚ĖĄ‚Ėą‚Ėą‚Ėą
                    ‚ĖÄ‚ĖÄ‚Ėą‚Ėą‚Ėą‚Ėą‚Ėą‚Ėą‚ĖÄ‚ĖÄ                    ‚ĖĄ‚Ėą‚Ėą‚Ėą‚Ėą‚Ėí
                                                 ‚Ėą‚Ėą‚ĖÄ‚ĖÄ ‚ĖĎ‚Ėą‚Ėą‚ĖĆ
                                                ‚Ėą‚Ėą‚Ėą    ‚Ėź‚Ėą‚Ėą
                                                 ‚Ėą‚Ėą‚Ėą ‚ĖĎ‚ĖĎ‚Ėą‚Ėą
                                                  ‚ĖĎ‚Ėą‚Ėą‚Ėą‚Ėą‚ĖÄ      ‚ĖĄ‚Ėą‚Ėď‚ĖĄ
                                                             ‚Ėą‚Ėą ‚ĖĎ‚Ėą‚Ėą      ‚ĖĄ‚ĖĄ
                                                              ‚ĖÄ‚Ėą‚Ėą‚ĖĆ      ‚Ėą ‚ĖĎ‚Ėď
                                                                         ‚ĖÄ‚ĖÄ
          Remastered version with German BRD synchronization.

          NFO mistakenly lists "DTS-HD Master Audio 2.0" but the file
          actually contains only the DTS core

‚ĖĄ‚ĖĄ‚ĖĎ                                                                         ‚ĖĎ‚ĖĄ‚ĖĄ
‚ĖÄ‚ĖÄ‚ĖÄ‚ĖÄ‚ĖÄ‚Ėď‚ĖĄ‚ĖĄ    ‚ĖĄ‚ĖĄ‚ĖĄ‚ĖĄ‚ĖĄ‚ĖĄ‚ĖĄ‚ĖĎ                                 ‚ĖĄ‚ĖĄ‚ĖĄ‚ĖĄ‚ĖĄ‚ĖĄ‚ĖĄ‚ĖĄ‚ĖĎ         ‚ĖĄ‚ĖĄ‚Ėď‚Ėą‚Ėą‚Ėą‚Ėą‚Ėď
‚Ėď‚Ėď‚ĖĄ‚ĖĄ‚ĖĄ‚ĖĄ‚ĖĄ‚ĖÄ‚ĖÄ‚Ėď‚Ėą‚ĖÄ‚ĖÄ‚ĖĎ‚ĖĎ‚ĖĎ‚ĖĎ‚ĖĎ‚ĖÄ‚ĖÄ‚ĖÄ‚ĖĄ‚ĖĄ      ‚ĖĄ‚ĖĄ         ‚ĖĄ‚ĖĄ        ‚ĖĄ‚Ėď‚Ėą‚ĖÄ‚ĖÄ‚ĖÄ‚ĖÄ‚ĖÄ‚ĖÄ‚ĖÄ‚ĖÄ‚Ėą‚Ėą‚ĖĄ‚ĖĄ    ‚ĖĄ‚Ėą‚Ėą‚Ėď‚ĖÄ‚Ėí‚ĖĄ‚ĖĄ‚ĖĎ‚ĖÄ
‚ĖÄ‚Ėí‚Ėí‚ĖÄ‚ĖÄ‚ĖÄ‚Ėą‚Ėą‚ĖĄ‚ĖĄ‚ĖĎ‚ĖĄ‚Ėď‚Ėą‚Ėą‚Ėą‚Ėą‚Ėą‚Ėą‚ĖĄ‚ĖĎ ‚ĖÄ‚ĖĄ‚ĖĄ‚ĖĄ‚ĖĄ‚ĖĎ ‚ĖÄ‚ĖÄ         ‚Ėą‚Ėą‚ĖĆ ‚ĖĄ‚ĖĄ‚ĖĎ  ‚Ėą‚Ėą‚ĖÄ‚ĖĄ‚Ėí‚ĖÄ‚ĖÄ‚ĖĎ ‚ĖĎ‚ĖÄ‚ĖÄ‚Ėí‚Ėí‚Ėď‚Ėą‚ĖĄ  ‚Ėą‚Ėą‚ĖÄ‚ĖĎ‚ĖĄ‚ĖÄ‚ĖÄ
‚ĖĎ  ‚ĖÄ‚ĖÄ‚ĖÄ‚ĖĄ‚ĖĎ‚ĖÄ‚Ėą‚Ėą‚Ėą‚ĖÄ‚ĖĎ‚ĖĄ‚ĖĄ‚ĖĄ‚ĖĄ‚ĖÄ‚ĖÄ‚Ėą‚ĖĄ‚ĖĄ‚ĖĄ‚ĖĄ‚ĖĄ‚ĖĎ‚ĖÄ‚ĖĆ  ‚ĖĄ‚ĖĄ‚ĖĄ‚Ėą‚Ėą‚Ėď‚ĖĄ‚ĖĄ‚ĖĄ‚ĖĎ‚ĖĎ  ‚ĖÄ‚ĖÄ‚ĖĎ ‚Ėą‚Ėą‚ĖĄ‚ĖÄ          ‚ĖÄ‚ĖĄ‚Ėź‚Ėą ‚Ėą‚Ėą‚ĖĆ‚ĖĎ‚Ėď
       ‚ĖĎ‚Ėí‚ĖĎ‚ĖÄ‚Ėą‚ĖĄ      ‚ĖÄ‚ĖĎ‚Ėą‚Ėą‚ĖÄ‚ĖÄ‚ĖÄ‚Ėą‚ĖĄ‚ĖĄ‚Ėą‚Ėą‚ĖÄ‚ĖÄ‚ĖÄ‚ĖĄ‚ĖĄ‚ĖĄ‚ĖÄ‚ĖÄ‚ĖÄ‚Ėą‚ĖĄ  ‚ĖĄ‚ĖĄ‚ĖĄ‚Ėą‚Ėą‚Ėď‚ĖĆ            ‚ĖĄ‚Ėą‚ĖĆ‚Ėź‚Ėą‚ĖĆ ‚Ėą
         ‚Ėź ‚Ėź‚Ėą‚ĖĆ      ‚Ėź‚Ėź‚Ėą‚ĖĆ  ‚ĖĎ‚Ėą‚Ėą‚ĖÄ‚ĖĄ‚ĖĄ‚ĖÄ‚ĖÄ‚ĖĎ  ‚ĖÄ‚ĖÄ‚ĖÄ‚ĖĎ‚ĖĎ‚ĖĄ‚Ėą‚Ėą‚ĖÄ‚ĖÄ‚ĖÄ‚ĖÄ‚ĖÄ‚ĖÄ‚ĖĄ        ‚ĖĄ‚Ėď‚ĖÄ‚ĖÄ‚ĖÄ‚ĖÄ‚Ėą‚Ėą‚ĖĆ ‚Ėą
          ‚ĖĆ ‚Ėą‚Ėą‚ĖĄ‚ĖĄ‚Ėą‚Ėą‚Ėą‚Ėą‚ĖĄ‚ĖĄ‚Ėą‚ĖĆ   ‚Ėź‚Ėą‚Ėą‚ĖÄ         ‚Ėź‚Ėą‚Ėą‚ĖÄ               ‚ĖÄ‚ĖÄ     ‚Ėź‚Ėą‚ĖĆ ‚Ėą‚ĖĆ
          ‚Ėą‚ĖĄ‚Ėą‚Ėą‚ĖÄ‚ĖÄ    ‚ĖÄ‚ĖÄ‚Ėą‚Ėą‚ĖĄ   ‚ĖÄ‚Ėí‚ĖĄ         ‚Ėą‚Ėą‚ĖĎ                     ‚ĖĎ‚ĖĎ‚Ėź‚Ėą‚Ėą‚ĖĆ‚Ėź‚Ėą‚ĖĄ‚ĖĄ‚ĖĄ‚ĖĄ‚ĖĄ ‚Ėź
       ‚ĖĄ‚ĖÄ‚ĖÄ‚Ėą‚Ėą‚ĖÄ          ‚ĖÄ‚Ėą‚Ėď‚ĖĄ‚Ėą‚Ėą‚ĖÄ‚Ėď‚Ėą‚Ėą‚ĖĄ‚ĖĄ     ‚Ėą‚Ėą‚ĖĎ‚ĖĆ       ‚ĖĄ           ‚ĖĎ‚ĖĎ‚ĖĎ ‚Ėź‚Ėą‚Ėą‚Ėą‚Ėą‚ĖÄ‚ĖÄ‚ĖÄ‚ĖÄ‚Ėď‚Ėą‚Ėą
         ‚Ėź‚Ėď            ‚ĖĎ‚Ėź‚Ėą‚Ėą‚ĖĎ    ‚ĖÄ‚Ėď‚Ėą‚ĖĆ    ‚Ėź‚Ėą‚ĖĆ‚Ėí‚ĖĄ     ‚ĖĄ‚ĖĆ         ‚ĖĎ‚ĖĎ‚ĖĎ‚ĖĎ‚ĖĄ‚Ėą‚Ėą‚ĖÄ‚ĖÄ
    ‚ĖĎ‚ĖĄ‚ĖĄ‚ĖĄ‚ĖĄ‚Ėą‚ĖĆ             ‚Ėą‚Ėą‚ĖĎ      ‚ĖĎ‚Ėą‚Ėą ‚ĖĄ‚ĖĄ‚ĖĄ‚ĖĄ‚ĖÄ‚Ėą‚Ėą‚ĖĄ‚Ėí‚Ėí‚Ėí‚Ėí‚Ėí‚Ėą‚ĖĆ‚ĖĎ       ‚ĖĎ‚ĖĎ‚ĖĎ‚ĖĄ‚Ėą‚Ėą‚ĖÄ‚ĖĎ
 ‚ĖĄ‚ĖĄ‚Ėą‚Ėď‚ĖÄ‚ĖÄ‚ĖÄ‚ĖÄ‚ĖÄ‚Ėą‚Ėą‚Ėď‚ĖĄ         ‚Ėź‚Ėź‚Ėą‚ĖĆ     ‚ĖĎ‚Ėź‚Ėą‚Ėď ‚Ėą‚Ėą‚Ėą‚Ėą‚ĖĄ‚ĖĄ‚ĖÄ‚Ėď‚Ėą‚Ėą‚Ėą‚Ėą‚Ėą‚Ėą‚Ėą‚Ėí‚Ėí‚ĖĄ    ‚ĖĎ‚ĖĎ‚ĖĎ ‚Ėą‚Ėą‚ĖĆ‚ĖĎ
‚Ėą‚Ėą‚ĖÄ        ‚ĖÄ‚Ėí‚Ėą‚Ėą‚ĖĄ      ‚ĖĄ‚ĖÄ‚Ėź‚Ėą‚Ėą‚Ėą‚ĖĄ‚ĖĄ‚ĖĄ‚ĖĄ‚ĖĄ‚Ėą‚Ėď ‚ĖĄ‚Ėą‚Ėą‚Ėą‚Ėą‚Ėą‚Ėą‚Ėą‚ĖĄ‚ĖĄ‚ĖĄ‚ĖĄ‚ĖÄ‚Ėą‚Ėą‚ĖĄ‚ĖÄ‚ĖĄ‚Ėí‚Ėí‚Ėí‚Ėí‚Ėí‚Ėí‚Ėí‚ĖĎ‚Ėź‚Ėą‚ĖĆ‚ĖĎ
‚ĖÄ            ‚Ėí‚Ėź‚Ėą‚ĖĄ‚ĖĄ‚ĖĄ‚ĖĄ‚Ėí‚ĖÄ‚ĖĄ‚Ėą‚Ėą‚ĖÄ‚ĖĄ‚ĖÄ‚ĖÄ‚ĖÄ‚ĖÄ‚ĖÄ‚ĖÄ‚ĖĎ‚ĖĄ‚Ėą‚Ėą‚Ėą‚Ėą‚Ėą‚Ėą‚Ėą‚Ėą‚Ėą‚Ėą‚Ėą‚ĖÄ‚Ėź‚ĖĄ‚ĖĎ‚ĖÄ‚Ėą‚Ėą‚ĖĄ‚Ėí‚ĖÄ‚Ėí‚Ėí‚Ėí‚Ėí‚Ėí ‚Ėą‚Ėą‚ĖĆ‚Ėź
              ‚ĖĆ‚Ėą‚Ėą‚ĖĄ‚ĖĄ‚ĖĄ‚Ėď‚Ėą‚Ėą‚ĖÄ‚Ėí‚Ėď‚Ėą‚Ėą‚Ėą‚Ėď‚ĖĄ‚Ėą‚Ėą‚Ėą‚Ėą‚ĖÄ‚Ėą‚Ėą‚Ėą‚Ėą‚Ėą‚Ėą‚Ėą‚ĖÄ‚ĖÄ‚ĖĄ‚Ėą‚Ėď‚ĖÄ‚ĖĆ‚ĖĄ‚ĖĎ‚ĖÄ‚ĖÄ‚Ėą‚Ėą‚Ėą‚Ėą‚Ėą‚Ėą‚Ėą ‚Ėą‚Ėą‚ĖĆ‚Ėí‚ĖĎ
              ‚ĖĆ‚Ėź‚Ėą‚ĖÄ‚ĖÄ‚ĖÄ‚ĖÄ‚ĖĄ‚ĖĄ‚Ėą‚Ėą‚Ėą‚Ėą‚Ėą‚Ėą‚Ėą‚Ėą‚Ėą‚ĖÄ‚Ėź‚Ėą‚Ėą‚ĖĄ‚ĖĄ‚ĖĄ‚ĖĄ‚ĖĄ‚ĖĄ‚ĖĄ‚ĖĄ‚ĖÄ‚ĖÄ‚ĖĄ‚ĖĄ‚ĖÄ       ‚ĖĎ‚ĖÄ‚ĖĎ‚ĖĎ‚ĖĄ ‚Ėź‚Ėą‚ĖĆ‚Ėí‚Ėí‚ĖĎ
‚ĖĄ            ‚Ėź‚ĖĎ‚Ėą‚Ėą ‚Ėą‚Ėą‚Ėą‚Ėą‚Ėą‚Ėą‚Ėą‚Ėą‚ĖÄ‚Ėą‚Ėą‚ĖÄ‚ĖÄ‚ĖĄ‚Ėą‚Ėą‚ĖÄ ‚ĖÄ‚ĖÄ‚ĖÄ‚Ėď‚Ėí‚ĖĄ‚ĖĄ‚Ėí‚ĖÄ‚ĖÄ            ‚ĖÄ ‚Ėź‚Ėď ‚Ėą‚Ėą‚ĖĄ‚Ėí‚Ėí‚Ėí‚ĖĎ‚ĖĎ       ‚ĖĎ
‚Ėď‚Ėą‚ĖĄ‚ĖĎ       ‚ĖĄ‚Ėď‚Ėí‚Ėą‚Ėą‚ĖĆ‚Ėź‚Ėą‚Ėą‚Ėą‚Ėą‚Ėą‚Ėą‚Ėą‚Ėą‚ĖÄ‚Ėą‚Ėą‚Ėď‚ĖÄ‚ĖÄ                             ‚Ėź‚ĖĆ‚ĖĎ‚Ėą‚Ėą‚ĖĄ‚Ėí‚Ėí‚Ėí‚Ėí‚Ėí‚Ėí‚Ėí‚Ėí‚Ėí‚Ėí‚Ėí‚Ėí
 ‚Ėą‚Ėą‚ĖĆ‚ĖĎ‚Ėí‚Ėí‚ĖĄ‚Ėí‚ĖÄ‚ĖÄ‚Ėí‚ĖĄ‚Ėą‚Ėą‚ĖĎ‚ĖĄ‚Ėą‚Ėą‚Ėą‚Ėą‚Ėą‚Ėą‚Ėą‚Ėą‚ĖÄ‚ĖĄ‚Ėą‚ĖĆ                                 ‚ĖÄ‚ĖĄ‚ĖĎ‚ĖÄ‚Ėą‚Ėą‚ĖĄ‚Ėí‚ĖÄ‚Ėí‚Ėí‚Ėí‚Ėí‚Ėí‚Ėí‚Ėí‚Ėí
‚ĖĆ‚Ėź‚Ėą‚Ėą‚Ėą‚Ėą‚ĖĄ‚ĖĄ‚ĖĄ‚Ėą‚Ėą‚Ėą‚ĖÄ‚ĖÄ‚ĖĄ‚Ėą‚Ėą‚Ėą‚Ėą‚Ėą‚Ėą‚Ėą‚Ėą‚ĖÄ‚ĖĄ‚ĖĄ‚Ėą‚ĖÄ                                   ‚ĖÄ‚Ėď‚ĖĄ‚ĖĎ‚ĖÄ‚Ėą‚Ėą‚Ėą‚ĖĄ‚ĖĄ‚ĖĄ‚Ėí‚Ėí‚Ėí‚ĖĄ‚ĖĄ
‚ĖĄ‚Ėź‚Ėą‚ĖĆ‚ĖĄ‚ĖĄ‚Ėí‚ĖÄ‚ĖÄ‚Ėí‚ĖĄ‚ĖĄ‚Ėď‚Ėą‚ĖĄ‚Ėí‚ĖÄ‚ĖÄ‚ĖÄ‚ĖÄ‚Ėí‚ĖĄ‚ĖĄ‚ĖÄ‚Ėą‚ĖÄ‚ĖĎ                                      ‚ĖÄ‚ĖÄ‚ĖĄ‚ĖĄ‚ĖĎ‚ĖÄ‚ĖÄ‚Ėď‚Ėą‚Ėą‚Ėą‚Ėą‚Ėą‚Ėď
‚ĖÄ‚Ėď‚Ėą‚ĖĄ‚Ėí‚ĖÄ‚Ėą‚Ėą‚Ėą‚Ėą‚Ėą‚Ėą‚ĖÄ‚Ėą‚Ėą‚Ėą‚ĖÄ‚ĖÄ‚ĖÄ‚ĖÄ‚Ėď‚ĖĄ‚ĖĄ‚ĖÄ                                            ‚ĖÄ‚ĖÄ‚ĖÄ‚ĖĄ‚ĖĄ‚ĖĄ‚ĖĄ‚ĖĄ‚ĖĄ‚ĖĄ‚ĖĄ
  ‚ĖÄ‚ĖÄ‚Ėą‚ĖĄ‚Ėź‚Ėą‚Ėą‚Ėą‚ĖÄ‚ĖĄ‚Ėą‚ĖÄ ‚ĖĎ‚ĖÄ‚ĖÄ‚ĖÄ‚ĖÄ‚ĖÄ                      ‚ĖĎ‚ĖĄ‚ĖĄ‚Ėí‚ĖĄ‚ĖĄ          ‚ĖĄ‚Ėą‚ĖÄ          ‚Ėź‚Ėą ‚Ėź‚Ėą‚Ėą‚Ėą
   ‚ĖĎ‚Ėź‚Ėą‚ĖĆ‚ĖÄ‚ĖĄ‚ĖĄ‚Ėą‚Ėą‚ĖÄ    ‚ĖÄ‚ĖĄ ‚ĖĄ         ‚ĖĄ‚ĖĄ‚ĖĄ‚ĖĄ‚ĖĄ‚ĖĄ    ‚ĖĄ‚ĖĄ‚ĖÄ‚ĖÄ‚ĖÄ   ‚ĖÄ‚ĖĄ       ‚ĖĄ‚Ėď‚ĖÄ    ‚ĖĄ       ‚Ėą‚ĖĆ ‚Ėą‚Ėą‚Ėą‚Ėą
   ‚ĖĎ‚Ėí‚Ėą‚ĖĆ‚Ėź‚Ėą‚ĖĆ  ‚ĖĄ‚Ėą‚Ėą‚ĖĄ   ‚ĖÄ‚ĖĄ‚ĖÄ‚Ėą      ‚ĖĄ‚ĖÄ‚ĖĎ‚ĖĎ   ‚ĖÄ‚ĖÄ‚ĖÄ‚ĖÄ    ‚ĖĄ‚ĖĄ‚ĖĄ‚ĖĄ‚ĖĄ‚ĖĄ‚ĖĎ‚Ėź‚ĖĄ‚ĖĄ‚ĖĄ‚ĖĄ‚Ėď‚ĖÄ   ‚Ėź‚Ėą‚ĖĆ        ‚Ėą‚ĖĆ ‚Ėą‚Ėą‚Ėą‚Ėą
   ‚Ėź‚Ėź‚Ėą‚ĖĆ‚Ėź‚Ėą‚ĖĆ  ‚Ėą‚Ėą‚Ėą‚Ėą       ‚ĖĄ‚ĖĄ‚Ėí‚Ėí‚Ėí‚ĖĄ‚ĖĆ      ‚ĖĄ‚ĖĄ‚ĖĄ‚ĖĄ‚ĖĄ‚ĖĄ ‚Ėź‚Ėą‚Ėą‚Ėď‚ĖÄ‚Ėą‚Ėą‚Ėą‚ĖĆ  ‚ĖÄ‚ĖÄ‚ĖĄ               ‚Ėź‚Ėą ‚Ėź‚Ėą‚Ėą‚Ėď
  ‚ĖĄ‚ĖĆ‚Ėą‚Ėą‚ĖĎ‚Ėą‚Ėą‚Ėą  ‚ĖĄ        ‚Ėź‚ĖÄ‚ĖĎ    ‚ĖĄ‚ĖĄ‚ĖĄ‚ĖĄ‚ĖĄ ‚Ėź‚Ėą‚Ėą‚Ėď‚ĖÄ‚Ėď‚Ėą‚Ėą‚ĖĆ‚Ėź‚Ėą‚Ėą‚ĖĆ ‚ĖĎ‚Ėą‚Ėą‚Ėí   ‚Ėí‚Ėą                ‚Ėą‚ĖĄ ‚ĖÄ‚Ėą‚Ėą
‚ĖĄ‚ĖÄ‚ĖĄ‚Ėą‚Ėą‚ĖÄ‚Ėź‚Ėą‚ĖĆ‚Ėą ‚ĖÄ‚ĖÄ ‚ĖĄ‚ĖĄ‚ĖĄ    ‚Ėź‚Ėí‚ĖĆ  ‚Ėí‚Ėą‚Ėą‚Ėą‚Ėď‚Ėą‚ĖÄ ‚Ėź‚Ėą‚Ėą‚ĖĆ ‚ĖĄ‚Ėą‚Ėą‚Ėí ‚Ėą‚Ėą‚ĖĆ‚Ėą‚Ėą‚Ėą‚ĖÄ   ‚Ėí‚ĖĄ‚Ėą                 ‚ĖÄ‚Ėą‚Ėą‚ĖĄ‚ĖÄ
‚ĖĄ‚Ėą‚Ėą‚ĖÄ‚ĖĄ‚Ėď‚Ėą‚Ėď‚Ėź‚Ėą   ‚ĖĆ‚Ėí‚Ėí‚Ėď‚ĖĆ‚ĖĄ  ‚Ėź‚ĖĆ‚ĖĆ ‚Ėą‚Ėą‚Ėą   ‚ĖĄ‚ĖĄ‚ĖĄ ‚Ėą‚Ėą‚Ėą‚Ėą‚Ėą‚Ėą‚ĖĆ  ‚Ėď‚Ėą‚Ėą‚ĖÄ      ‚Ėź‚Ėą‚ĖĆ    ‚ĖĄ‚ĖĄ‚ĖĎ‚ĖĎ            ‚ĖÄ‚ĖÄ
‚ĖÄ‚ĖÄ‚ĖĄ‚ĖĄ‚Ėď‚Ėď‚Ėą‚ĖĄ‚Ėą‚ĖĎ   ‚ĖĆ ‚Ėí‚ĖĄ‚ĖĄ   ‚Ėí‚Ėą‚ĖĆ‚ĖĎ‚Ėą‚Ėą‚ĖĆ ‚Ėź‚Ėą‚Ėą‚Ėą‚Ėą‚ĖĎ‚Ėź‚Ėą‚Ėą‚ĖĎ‚ĖÄ‚Ėą‚Ėą‚ĖĄ ‚Ėź‚Ėď‚ĖÄ       ‚ĖÄ‚ĖÄ‚ĖĄ‚ĖĄ‚Ėď‚ĖÄ‚ĖÄ    ‚Ėą‚Ėď
   ‚Ėź‚Ėą‚ĖĆ‚ĖÄ‚Ėą‚ĖĆ     ‚ĖÄ‚ĖÄ   ‚ĖĄ‚ĖÄ‚ĖÄ   ‚Ėą‚Ėą‚Ėą‚ĖĄ‚ĖĄ‚ĖĄ‚ĖĄ‚Ėą‚Ėą‚ĖĆ‚Ėź‚ĖÄ‚Ėą  ‚ĖĎ‚ĖÄ‚ĖÄ ‚ĖĄ  ‚ĖĄ‚ĖĄ‚Ėą‚Ėą‚Ėą‚ĖĄ    ‚ĖÄ‚Ėď‚ĖĎ
   ‚Ėź‚Ėą‚ĖĆ ‚Ėą‚Ėď         ‚Ėź‚ĖĆ      ‚ĖÄ‚Ėą‚Ėą‚Ėą‚Ėą‚Ėą‚ĖÄ‚ĖÄ     ‚ĖĄ‚ĖĄ‚Ėď‚Ėą‚Ėą‚Ėą ‚ĖĄ‚Ėą‚ĖÄ‚ĖÄ‚ĖÄ‚ĖÄ‚Ėą‚Ėą   ‚ĖĎ‚Ėź‚ĖĆ
‚ĖĄ‚ĖĄ‚ĖĄ‚Ėą‚Ėą‚ĖĎ ‚Ėą‚ĖĆ         ‚Ėź‚Ėď‚ĖĎ          ‚ĖĄ‚ĖĄ‚ĖĄ  ‚Ėď‚Ėą‚ĖĆ‚Ėź‚Ėą‚Ėą ‚ĖĄ‚ĖĄ‚ĖĎ‚Ėą‚Ėą   ‚Ėź‚Ėą‚Ėą  ‚ĖĄ‚ĖĄ‚Ėą‚ĖĆ
‚Ėď‚ĖÄ‚ĖÄ‚ĖÄ‚ĖĄ ‚Ėź‚Ėą          ‚Ėí‚Ėą‚Ėą‚Ėą‚Ėą‚ĖĆ    ‚ĖĄ‚Ėą‚ĖĆ‚Ėź‚Ėą‚Ėą‚Ėą‚ĖĎ‚Ėź‚Ėą‚ĖĆ‚Ėź‚Ėą‚Ėą‚Ėą‚Ėď‚ĖÄ ‚ĖÄ‚Ėą‚Ėą‚ĖĄ‚Ėą‚Ėą‚Ėą‚ĖÄ‚ĖĄ‚ĖĄ‚Ėą‚Ėą‚ĖÄ
‚ĖĄ‚ĖĆ‚Ėź‚Ėą ‚ĖĄ‚Ėą‚ĖÄ           ‚Ėí‚ĖÄ‚Ėď‚Ėą‚ĖĆ    ‚Ėą‚Ėą‚ĖĆ‚Ėź‚Ėą‚Ėą‚Ėą‚Ėą‚Ėą‚Ėą‚Ėď ‚Ėą‚Ėą     ‚ĖĎ‚ĖÄ‚ĖÄ‚ĖÄ‚ĖÄ  ‚Ėź‚Ėą‚ĖÄ   ‚ĖĄ‚ĖĄ‚ĖĄ
‚ĖÄ‚ĖĄ‚Ėą‚Ėď‚Ėď‚ĖÄ               ‚Ėí‚ĖÄ‚Ėą‚Ėą‚Ėď‚ĖĄ‚ĖĄ‚Ėź‚Ėą‚Ėď ‚Ėą‚Ėą ‚ĖÄ‚Ėą‚Ėą‚Ėą ‚ĖÄ‚ĖÄ‚ĖĎ         ‚ĖĎ‚Ėí‚Ėź‚Ėď  ‚ĖĎ‚ĖÄ‚ĖĎ‚Ėí‚Ėď‚ĖĆ
‚Ėą‚Ėď‚ĖÄ‚ĖĎ               ‚ĖĄ‚ĖĄ‚ĖÄ‚ĖÄ‚ĖÄ‚Ėď‚Ėą‚Ėą‚ĖĆ‚Ėź‚Ėą‚Ėď ‚ĖÄ‚ĖÄ‚ĖĎ  ‚ĖÄ‚ĖÄ     ‚ĖÄ‚ĖÄ‚ĖÄ‚ĖĄ‚ĖĄ‚ĖĄ‚ĖĄ‚Ėí‚Ėí‚ĖĄ‚Ėą‚Ėí  ‚Ėź‚ĖĄ ‚Ėí‚Ėą‚ĖĎ
‚ĖÄ                        ‚Ėď‚Ėą‚ĖĆ ‚ĖÄ   ‚ĖĄ‚ĖĄ‚ĖĄ‚ĖĄ‚Ėď‚Ėą‚ĖĆ   ‚Ėź‚Ėą‚Ėą‚Ėą‚ĖĄ‚ĖĄ‚ĖĄ‚ĖĄ‚Ėą‚Ėą‚Ėą‚Ėí‚ĖĎ    ‚ĖÄ‚ĖÄ
                        ‚Ėí‚ĖÄ‚ĖÄ‚Ėď ‚ĖĎ‚Ėí‚Ėď‚ĖĄ‚Ėą‚Ėą‚Ėą‚Ėą‚Ėą‚Ėą‚ĖĆ  ‚Ėź‚Ėą‚Ėď‚ĖÄ‚Ėď‚Ėď‚ĖÄ‚ĖÄ‚ĖÄ‚ĖÄ‚ĖÄ‚ĖÄ‚ĖĎ
                     ‚ĖĎ‚ĖĄ‚Ėí‚ĖÄ   ‚Ėą‚Ėą‚Ėą‚Ėą‚ĖÄ     ‚Ėź‚ĖĆ  ‚Ėą‚ĖÄ   ‚ĖÄ‚ĖĄ     ‚Ėź‚ĖĄ
                             ‚ĖÄ        ‚ĖĎ‚Ėą ‚Ėď‚ĖĆ     ‚ĖÄ‚ĖĄ     ‚ĖÄ
                                       ‚Ėź‚ĖĄ‚ĖĆ       ‚Ėź‚ĖĆ‚Ėź
                                       ‚Ėź‚Ėą
                                                                           ‚ĖĄ‚Ėą‚Ėą‚Ėď
                                                                        ‚ĖĄ‚Ėą‚Ėą‚ĖÄ‚ĖÄ‚Ėď
                                                                       ‚ĖĄ‚Ėą‚ĖÄ‚ĖĎ
                                                                      ‚Ėź‚Ėą‚Ėą
                                                                      ‚Ėź‚Ėą‚ĖĆ‚ĖĎ    ‚ĖĄ
                                                                       ‚Ėď‚Ėą‚ĖĄ‚Ėí‚ĖĄ‚ĖĄ‚Ėď‚Ėą
                  looking for a nice affil site and if you have         ‚ĖÄ‚Ėą‚Ėą‚Ėď‚Ėą‚Ėą‚ĖĆ
                  some unreleased BD/DVD/WEB/USB flying around            ‚ĖÄ‚ĖÄ‚Ėą‚Ėą‚ĖĆ
‚ĖĄ‚ĖĄ‚ĖĄ‚ĖĎ                 hit us up at passthebluntman@proton.me          ‚Ėź‚Ėą‚Ėď‚Ėí   ‚Ėź‚Ėą‚ĖĆ
‚ĖĄ‚ĖĄ‚ĖĎ‚ĖÄ‚ĖÄ‚Ėą‚ĖĄ‚ĖĎ                                                              ‚ĖÄ‚ĖÄ ‚ĖĄ‚ĖĄ‚Ėą‚Ėą‚Ėí‚ĖĄ
‚ĖÄ‚ĖÄ‚Ėą‚Ėą‚ĖĄ ‚ĖĎ‚ĖÄ‚Ėď‚ĖĎ                                                             ‚ĖĄ‚Ėą‚Ėą‚ĖÄ‚ĖÄ  ‚ĖĄ
‚ĖĄ‚ĖĄ ‚ĖÄ‚Ėą‚Ėą‚ĖĄ ‚ĖÄ‚Ėą‚ĖĄ                                                        ‚ĖĄ ‚ĖĄ‚Ėą‚Ėą‚ĖÄ  ‚ĖĎ‚ĖÄ
 ‚ĖÄ‚Ėď‚ĖĄ ‚ĖÄ‚Ėą‚ĖĄ  ‚Ėą‚ĖĆ                                                     ‚ĖĄ‚Ėď ‚ĖĄ‚Ėą‚Ėą
   ‚ĖÄ‚ĖĆ ‚Ėź‚Ėą‚ĖĆ  ‚Ėą‚ĖĎ                                                    ‚Ėą ‚Ėź‚Ėą‚Ėą
    ‚Ėą‚ĖĆ ‚Ėą‚Ėą  ‚Ėź‚ĖĆ                                                   ‚Ėź‚ĖĆ‚ĖĎ‚Ėą‚Ėą
    ‚Ėź‚ĖĆ ‚Ėą‚Ėą  ‚Ėź‚ĖĆ                                               ‚ĖĄ‚ĖĄ‚ĖĄ‚ĖĄ‚Ėą‚ĖĆ‚Ėź‚Ėą‚Ėą
    ‚Ėą  ‚Ėą‚Ėą  ‚Ėą‚ĖĆ                                           ‚ĖĄ‚ĖĄ‚ĖÄ‚ĖÄ‚ĖÄ‚ĖÄ‚ĖĎ‚ĖĎ‚ĖÄ‚ĖĆ‚Ėź‚Ėą‚Ėą
   ‚Ėď‚ĖĆ ‚Ėď‚Ėą‚ĖĆ ‚ĖĄ‚Ėą‚ĖÄ‚ĖÄ‚ĖÄ‚ĖÄ‚ĖÄ‚ĖĄ‚ĖĄ‚ĖĄ                                  ‚ĖĄ‚Ėą‚ĖÄ  ‚ĖĄ‚Ėď‚Ėą‚Ėą‚Ėą‚Ėą‚Ėą‚Ėą‚Ėą‚Ėą‚ĖĆ
‚ĖĄ‚ĖĄ‚Ėą‚ĖĆ‚ĖĄ‚Ėą‚Ėą‚ĖÄ‚Ėą‚Ėą‚ĖĄ‚ĖĎ‚ĖĄ‚ĖĄ‚ĖĄ‚ĖĄ‚ĖĄ‚ĖĄ‚ĖĎ‚ĖÄ‚Ėď‚ĖĄ                               ‚Ėď‚ĖÄ  ‚Ėď‚Ėą‚ĖÄ‚ĖÄ‚ĖĎ‚ĖĎ   ‚ĖĎ‚Ėź‚Ėą‚Ėą
‚ĖÄ‚ĖÄ‚ĖÄ‚ĖÄ‚ĖÄ‚ĖÄ‚ĖÄ  ‚Ėź‚Ėą‚Ėą‚Ėą‚ĖÄ‚ĖÄ‚ĖÄ‚ĖÄ‚ĖÄ‚Ėą‚Ėď ‚ĖÄ‚ĖĄ                          ‚ĖĄ‚ĖĄ‚ĖĄ‚ĖĄ‚Ėí ‚ĖĄ‚Ėą‚Ėą‚ĖÄ‚ĖĄ‚ĖĎ       ‚ĖÄ‚Ėą‚Ėą‚ĖĄ‚ĖĄ‚Ėí‚ĖĎ‚ĖĎ
‚ĖĄ‚Ėą‚Ėą‚Ėą‚Ėą‚Ėą‚Ėą‚Ėą‚ĖĄ‚ĖĄ‚ĖÄ‚ĖÄ      ‚ĖĄ‚Ėą‚Ėą‚ĖĄ‚Ėí                      ‚ĖĄ‚ĖĄ‚Ėą‚Ėą‚Ėą‚Ėď‚Ėď‚Ėď‚Ėą‚Ėą‚Ėą‚Ėą‚ĖĆ‚ĖÄ ‚ĖĎ‚ĖĄ‚ĖĄ‚ĖĄ‚ĖĄ‚ĖĄ‚ĖĄ‚ĖĄ‚Ėą‚Ėď‚ĖÄ
‚ĖÄ‚ĖĎ     ‚ĖĎ‚ĖÄ‚Ėą‚Ėą‚ĖĄ‚ĖĎ  ‚ĖĄ‚Ėą‚Ėą‚ĖÄ‚ĖÄ‚ĖÄ‚ĖÄ‚Ėď‚Ėą‚Ėą‚ĖĄ       ‚ĖĄ‚ĖĄ‚ĖĄ‚ĖĄ‚ĖĄ‚ĖĄ‚ĖĄ‚ĖĄ  ‚ĖĄ‚Ėą‚Ėą‚ĖÄ‚ĖÄ       ‚ĖÄ‚Ėą‚Ėą‚Ėą‚Ėą‚Ėą‚ĖÄ‚ĖÄ‚ĖÄ‚ĖÄ‚ĖÄ‚ĖÄ‚ĖÄ‚Ėą‚Ėą‚ĖĄ‚ĖĄ
          ‚ĖÄ‚Ėą‚Ėą‚ĖĄ‚Ėą‚ĖÄ        ‚ĖÄ‚Ėď‚Ėą‚ĖĄ  ‚ĖĄ‚Ėą‚ĖÄ‚ĖÄ‚ĖÄ‚Ėí‚Ėí‚Ėí‚ĖÄ‚ĖÄ‚ĖÄ ‚Ėą‚Ėą‚ĖÄ‚ĖĎ        ‚ĖĄ‚Ėą‚Ėą‚ĖÄ‚ĖÄ           ‚ĖÄ‚Ėď‚Ėą‚ĖĄ
            ‚Ėą‚Ėą‚ĖĆ           ‚ĖÄ‚Ėą‚ĖĆ‚ĖÄ‚ĖÄ‚ĖĄ‚ĖĄ‚Ėą‚Ėą‚Ėą‚Ėą‚Ėą‚Ėą‚Ėą ‚Ėą‚Ėą‚ĖĆ‚Ėź       ‚ĖĄ‚Ėą‚Ėą‚ĖÄ                 ‚ĖÄ‚Ėą‚ĖĄ
            ‚Ėź‚Ėą‚Ėď            ‚Ėą‚Ėą ‚Ėź‚Ėą‚Ėą‚Ėą‚Ėą‚Ėą‚Ėą‚Ėą‚Ėą‚ĖĆ‚ĖĎ‚Ėą‚Ėą‚ĖĎ‚ĖĆ      ‚Ėź‚Ėą‚Ėą‚ĖĎ                   ‚ĖÄ‚Ėą‚ĖĄ
            ‚Ėź‚Ėą‚Ėą            ‚Ėź‚Ėą‚ĖĆ‚Ėź‚Ėą‚Ėą‚Ėą‚Ėą‚ĖÄ‚ĖÄ‚ĖĄ‚ĖĄ‚ĖĄ‚Ėź‚Ėą‚Ėą‚ĖĎ‚Ėí      ‚Ėą‚Ėą‚ĖĎ                     ‚Ėź‚Ėą‚ĖĆ
           ‚ĖĎ‚Ėź‚Ėą‚Ėą‚ĖĎ          ‚ĖĎ‚Ėą‚Ėą ‚Ėą‚Ėą‚ĖÄ‚ĖĎ‚ĖĄ‚Ėą‚Ėą‚ĖÄ‚ĖÄ‚ĖÄ‚ĖĎ‚Ėą‚Ėą‚ĖĆ‚Ėí‚Ėí‚ĖĄ   ‚Ėź‚Ėą‚ĖĆ‚ĖĎ                     ‚Ėź‚Ėą‚Ėą
         ‚ĖĄ‚ĖÄ‚ĖĄ‚Ėą‚Ėą‚ĖĆ‚Ėí‚ĖĎ‚ĖĎ     ‚ĖĎ‚ĖĎ‚Ėí‚ĖĄ‚Ėą‚ĖĆ‚Ėź‚Ėą‚ĖÄ‚ĖĄ‚Ėą‚Ėą‚ĖÄ     ‚ĖĎ‚Ėą‚Ėą‚ĖĄ‚Ėí‚Ėí‚Ėí‚ĖĄ‚ĖĎ‚Ėď‚Ėą‚ĖĆ‚Ėí‚ĖĆ                    ‚Ėí‚Ėź‚Ėą
‚ĖÄ‚ĖÄ‚ĖĄ‚ĖĄ‚ĖĄ‚ĖĄ‚ĖĄ‚ĖÄ‚ĖÄ‚ĖĄ‚Ėą‚Ėą‚ĖÄ‚ĖÄ‚Ėą‚Ėď‚ĖĄ‚ĖĎ‚ĖĎ‚ĖĎ‚ĖĎ‚ĖĎ‚ĖĎ‚Ėí‚ĖĄ‚Ėą‚Ėą‚ĖÄ‚ĖĄ‚Ėą‚ĖĆ‚Ėź‚Ėą‚ĖÄ‚ĖĎ        ‚ĖÄ‚Ėą‚Ėą‚ĖĄ‚ĖÄ‚Ėí‚Ėí‚Ėą‚Ėą‚ĖĆ‚ĖĆ‚Ėí‚ĖĎ                  ‚Ėź‚Ėí‚Ėą‚Ėą
‚Ėą‚Ėą‚ĖĄ‚ĖĄ‚ĖĄ‚ĖĄ‚ĖĄ‚Ėą‚Ėą‚Ėď‚ĖÄ‚ĖĄ‚ĖĄ‚ĖĄ‚ĖĎ‚ĖÄ‚Ėď‚Ėą‚Ėą‚Ėą‚Ėą‚Ėą‚Ėą‚Ėą‚ĖÄ‚ĖÄ ‚Ėą‚Ėą‚Ėą ‚Ėą‚Ėą‚ĖĎ          ‚ĖÄ‚ĖÄ‚Ėą‚Ėą‚Ėą‚Ėď‚Ėą‚Ėą‚Ėą‚Ėź‚ĖĄ‚Ėí‚ĖĄ                ‚Ėí‚Ėď‚ĖĄ‚Ėą‚Ėą‚ĖĄ
‚Ėą‚Ėą‚ĖÄ‚ĖÄ‚ĖÄ‚ĖÄ‚ĖÄ‚Ėí‚ĖĄ‚ĖĄ‚Ėą‚Ėą‚Ėą‚Ėą‚Ėą‚Ėą‚ĖĄ‚ĖĄ‚Ėź‚ĖĄ‚ĖĄ‚ĖĄ‚ĖĄ‚ĖĄ‚Ėą‚Ėą‚ĖĆ‚Ėź‚Ėą‚Ėą ‚Ėą‚Ėą‚Ėí‚ĖĎ            ‚Ėí‚ĖÄ‚ĖÄ‚ĖÄ‚ĖÄ‚Ėą‚Ėď‚ĖÄ‚ĖĄ‚Ėí‚Ėí‚ĖĎ‚ĖĄ         ‚ĖĎ‚ĖĄ‚Ėí‚Ėí‚Ėí‚Ėď‚Ėą‚Ėą‚Ėą‚Ėď
‚Ėą‚Ėą‚Ėą‚Ėą‚Ėą‚Ėą‚Ėą‚Ėą‚Ėą‚Ėą‚Ėą‚Ėą‚Ėą‚Ėą‚Ėą‚Ėą‚Ėą‚ĖĆ‚Ėź‚Ėą‚ĖĆ   ‚Ėź‚Ėą‚Ėą ‚Ėą‚Ėą ‚Ėą‚Ėą‚Ėí‚Ėí‚ĖĎ          ‚Ėí‚Ėí‚Ėą‚Ėą‚Ėí ‚ĖÄ‚Ėą‚Ėą‚ĖĄ‚ĖÄ‚ĖĄ‚ĖĄ‚Ėí‚Ėí‚Ėí‚Ėí‚Ėí‚Ėí‚Ėí‚Ėí‚Ėí‚Ėí‚Ėí‚Ėď‚ĖĄ‚Ėď‚ĖÄ‚Ėą‚Ėą‚Ėą‚ĖĄ‚Ėď
‚Ėą‚Ėą‚Ėą‚Ėą‚Ėą‚Ėą‚Ėą‚Ėą‚Ėą‚Ėą‚Ėą‚Ėą‚Ėą‚Ėą‚Ėą‚Ėą‚Ėą‚Ėď ‚Ėď‚Ėą‚ĖĄ‚ĖĄ‚ĖĄ‚Ėą‚Ėą‚ĖÄ‚Ėź‚Ėą‚Ėą‚ĖĆ‚Ėź‚Ėą‚Ėą‚Ėí‚Ėí‚Ėí‚ĖĎ‚ĖĎ  ‚ĖĎ‚ĖĎ‚ĖĄ‚Ėí‚Ėí‚Ėí‚Ėď‚Ėą‚ĖĆ‚Ėź‚Ėą‚ĖĄ‚ĖÄ‚Ėď‚Ėą‚Ėą‚ĖĄ‚Ėí‚ĖÄ‚ĖÄ‚ĖĄ‚ĖĄ‚ĖĄ‚ĖĄ‚ĖĄ‚ĖĄ‚ĖĄ‚Ėď‚ĖÄ‚ĖÄ‚ĖĄ‚Ėď‚Ėą‚Ėą‚ĖÄ‚ĖÄ‚ĖÄ‚Ėą
‚ĖÄ‚Ėą‚Ėą‚Ėą‚Ėą‚Ėą‚Ėą‚Ėą‚Ėą‚Ėą‚Ėą‚Ėą‚Ėą‚Ėą‚ĖÄ‚Ėą‚Ėą‚Ėą‚Ėą‚ĖĄ‚ĖĎ‚ĖÄ‚ĖÄ‚ĖÄ‚ĖÄ‚ĖĄ‚Ėď‚Ėą‚Ėą‚Ėą‚Ėą‚ĖĄ‚ĖĎ‚ĖÄ‚Ėą‚ĖĄ‚ĖĄ‚ĖĎ‚Ėí‚Ėí‚Ėí‚Ėí‚Ėí‚Ėí‚Ėí‚ĖĄ‚Ėą‚Ėą‚ĖÄ‚ĖĄ‚Ėą‚Ėą‚Ėą‚Ėą‚ĖĄ‚ĖĎ‚ĖÄ‚Ėą‚Ėą‚Ėą‚Ėď‚ĖĄ‚ĖĄ‚ĖĄ‚ĖĄ‚ĖĄ‚ĖĄ‚ĖĄ‚ĖĄ‚Ėą‚Ėą‚Ėą‚ĖÄ‚ĖÄ‚ĖĄ‚Ėą‚Ėą‚ĖĄ‚ĖĄ
‚Ėď‚ĖĄ‚Ėí‚ĖÄ‚ĖÄ‚Ėď‚Ėą‚Ėą‚Ėą‚ĖÄ‚ĖÄ‚ĖÄ‚Ėí‚ĖĄ‚Ėą‚Ėą‚Ėą‚Ėą‚Ėą‚Ėą‚Ėą‚Ėą‚Ėą‚Ėą‚Ėą‚Ėą‚Ėą‚Ėą‚Ėą‚Ėą‚Ėą‚Ėą‚Ėą‚ĖĄ‚ĖĎ‚ĖÄ‚Ėą‚Ėą‚Ėą‚Ėď‚ĖĄ‚Ėď‚Ėą‚Ėą‚Ėą‚ĖÄ‚ĖÄ‚ĖĄ‚Ėď‚Ėą‚Ėą‚Ėą‚Ėą‚Ėą‚Ėą‚Ėą‚Ėď‚ĖĄ‚ĖĄ‚ĖÄ‚ĖÄ‚ĖÄ‚ĖÄ‚Ėą‚Ėą‚Ėą‚Ėď‚ĖÄ‚ĖÄ‚ĖÄ‚ĖĎ‚ĖĄ‚ĖĄ‚Ėź‚Ėą‚Ėą‚Ėą‚Ėą‚Ėą
‚ĖĄ‚ĖÄ‚ĖÄ‚ĖÄ‚ĖÄ‚ĖĄ‚ĖĄ‚ĖĄ‚ĖĄ‚Ėď‚ĖÄ‚ĖÄ ‚Ėą‚Ėą‚Ėą‚Ėą‚Ėą‚Ėą‚Ėą‚Ėą‚Ėą‚Ėą‚Ėą‚Ėą‚Ėą‚Ėą‚Ėą‚Ėą‚Ėą‚Ėą‚Ėą‚Ėą‚Ėą‚Ėą‚ĖĎ‚Ėą‚Ėą‚ĖÄ‚ĖÄ‚ĖÄ‚Ėą‚Ėą‚ĖĆ‚ĖĄ‚Ėď‚Ėą‚Ėą‚Ėą‚Ėą‚Ėą‚Ėą‚Ėą‚Ėą‚Ėą‚Ėą‚Ėą‚Ėą‚Ėą‚ĖÄ‚Ėą‚Ėď         ‚ĖÄ‚Ėą‚ĖĄ‚Ėí‚ĖÄ‚ĖÄ‚Ėą‚Ėą
‚ĖĄ‚ĖÄ‚ĖÄ           ‚ĖÄ‚Ėą‚Ėą‚Ėą‚Ėą‚Ėą‚Ėą‚Ėą‚Ėą‚Ėą‚Ėą‚Ėą‚Ėą‚Ėą‚Ėą‚Ėą‚Ėą‚Ėą‚Ėą‚ĖÄ‚ĖĎ‚ĖĄ‚ĖÄ‚Ėą‚Ėą‚ĖĄ‚Ėď‚Ėą‚Ėą‚Ėź‚Ėą‚ĖĄ‚ĖÄ‚ĖÄ‚Ėą‚Ėą‚Ėą‚Ėą‚Ėą‚Ėą‚Ėą‚ĖÄ‚ĖÄ‚Ėí‚ĖĄ‚Ėą‚Ėď   ‚ĖĄ‚Ėą‚Ėą‚Ėą‚Ėą‚ĖĄ   ‚ĖÄ‚Ėď‚Ėą‚Ėď‚ĖĄ‚ĖĄ
‚ĖĆ               ‚ĖÄ‚ĖÄ‚Ėď‚Ėď‚Ėą‚Ėą‚Ėą‚Ėą‚Ėą‚Ėą‚Ėą‚Ėą‚Ėą‚Ėą‚Ėď‚ĖÄ‚ĖĄ‚ĖĄ‚Ėą‚ĖÄ  ‚ĖÄ‚ĖÄ‚ĖÄ‚ĖĎ‚ĖĄ‚ĖÄ‚Ėą‚ĖĄ‚ĖÄ‚ĖÄ‚ĖĄ‚ĖĄ‚ĖĄ‚ĖĄ‚ĖĄ‚ĖĄ‚ĖĄ‚Ėď‚Ėď‚ĖÄ‚ĖĄ‚ĖÄ   ‚Ėź‚Ėą‚ĖĆ  ‚Ėź‚Ėą‚ĖĆ  ‚ĖĄ‚ĖĄ  ‚ĖĎ‚ĖĎ
‚ĖĆ         ‚ĖĄ         ‚ĖÄ‚ĖÄ‚ĖÄ‚ĖÄ‚ĖÄ‚ĖÄ‚ĖÄ‚ĖÄ‚ĖĎ‚ĖĄ‚ĖĄ‚Ėą‚Ėą‚ĖÄ           ‚ĖĎ‚ĖÄ‚Ėď‚ĖĄ‚ĖĄ‚ĖĄ‚ĖĄ‚ĖĄ‚ĖĄ‚ĖĄ‚ĖĄ‚ĖÄ‚ĖÄ     ‚Ėź‚Ėą‚Ėą‚ĖĄ‚ĖĄ‚Ėí‚Ėą‚ĖĆ  ‚ĖĎ‚ĖÄ
‚Ėą        ‚ĖÄ‚ĖĄ‚ĖÄ           ‚Ėď ‚Ėď‚Ėą‚Ėą‚Ėď‚ĖÄ‚ĖÄ                                 ‚ĖĎ‚ĖÄ‚Ėď‚Ėď‚ĖÄ‚ĖÄ
‚Ėź‚Ėą                     ‚Ėą ‚Ėź‚Ėą‚ĖĆ                  ‚ĖĄ‚ĖĄ‚ĖĄ   ‚ĖĎ‚ĖĄ‚ĖĄ‚ĖĄ
‚ĖĄ‚ĖÄ‚Ėą         ‚ĖĄ‚Ėą‚Ėą‚Ėą‚Ėą‚Ėą‚ĖĄ   ‚Ėą ‚ĖĄ‚Ėą‚Ėą          ‚ĖĄ‚ĖĄ‚ĖĄ‚ĖĄ‚ĖĄ  ‚Ėź‚Ėą‚ĖÄ‚ĖÄ‚Ėą‚ĖĆ ‚ĖĄ‚Ėą‚ĖÄ‚ĖÄ‚Ėą‚ĖĆ ‚ĖÄ‚ĖÄ‚Ėą‚Ėą‚ĖÄ‚Ėď‚ĖĆ   ‚ĖĄ
‚Ėą‚ĖĄ ‚ĖÄ‚ĖĄ     ‚Ėą‚Ėą‚ĖÄ     ‚ĖÄ‚Ėą‚ĖĄ‚ĖÄ‚ĖĎ‚ĖĄ‚Ėą‚Ėą    ‚ĖĄ‚ĖĄ‚ĖĄ‚ĖĄ  ‚Ėź‚Ėą‚ĖÄ ‚Ėą‚Ėą  ‚Ėź‚Ėą‚ĖĄ‚ĖĄ   ‚Ėą‚Ėą‚ĖĄ‚ĖĄ    ‚Ėď‚Ėą‚ĖĆ    ‚Ėą‚Ėą‚ĖÄ‚Ėą‚Ėą
‚Ėą‚Ėą‚Ėą‚ĖĄ ‚ĖÄ‚ĖÄ‚ĖĄ‚ĖĄ‚Ėą‚Ėď         ‚Ėí‚Ėą ‚Ėą‚Ėď    ‚Ėź‚Ėą‚ĖÄ‚ĖÄ‚ĖÄ  ‚Ėą‚Ėą‚ĖĄ‚Ėą‚Ėą‚Ėí ‚ĖĄ‚Ėą‚ĖÄ‚ĖÄ‚ĖÄ ‚Ėź‚Ėą‚ĖÄ‚ĖÄ‚ĖÄ‚ĖÄ ‚ĖĄ‚ĖĄ‚Ėź‚Ėą‚ĖĆ     ‚Ėą‚Ėą‚ĖĎ ‚ĖÄ    ‚ĖĄ‚Ėą‚ĖĆ
‚Ėą‚Ėą‚Ėą‚Ėą‚Ėą‚Ėą‚ĖĄ‚ĖĄ ‚Ėą‚Ėď  ‚ĖĄ   ‚ĖĄ‚Ėď ‚Ėą‚Ėą‚ĖĆ‚Ėź‚Ėą‚ĖĆ   ‚Ėą‚Ėą  ‚Ėź‚Ėď ‚Ėą‚Ėą‚ĖĎ ‚Ėą‚Ėą ‚Ėą‚Ėą   ‚ĖĄ‚Ėą‚Ėą‚ĖĄ  ‚ĖĄ‚ĖĄ‚Ėď‚Ėą‚Ėą‚ĖĆ  ‚Ėź‚Ėą   ‚Ėą‚Ėą     ‚Ėď‚Ėą‚ĖÄ
‚Ėą‚Ėą‚Ėą‚Ėą‚Ėą‚Ėą‚Ėą‚Ėą‚ĖĄ‚ĖÄ‚Ėą‚Ėą‚ĖĄ ‚ĖÄ‚ĖÄ‚ĖÄ ‚ĖĄ‚Ėą‚Ėą‚ĖÄ ‚Ėą‚ĖÄ    ‚Ėď‚Ėą  ‚Ėź‚Ėą‚ĖĎ‚Ėą‚ĖĆ  ‚Ėď‚Ėą‚Ėď‚Ėď‚ĖÄ‚ĖÄ‚ĖÄ‚ĖÄ‚ĖÄ ‚ĖÄ‚ĖÄ‚ĖÄ‚ĖÄ‚ĖÄ ‚Ėź‚ĖÄ‚ĖÄ   ‚Ėź‚Ėą‚ĖĄ‚ĖĄ‚ĖĄ‚Ėą‚Ėą   ‚ĖĄ‚Ėą‚ĖÄ
‚Ėą‚Ėą‚Ėą‚Ėą‚Ėą‚Ėą‚Ėą‚Ėą‚Ėą‚Ėď ‚Ėą‚Ėą‚Ėą‚Ėą‚Ėą‚Ėą‚Ėą‚Ėą‚ĖÄ ‚ĖĄ‚Ėą‚Ėą‚Ėí    ‚Ėź‚Ėą‚ĖĄ‚ĖĄ‚Ėą‚Ėą‚Ėď‚Ėą‚ĖĆ                          ‚ĖÄ‚ĖÄ‚ĖÄ‚ĖÄ  ‚ĖĄ ‚ĖÄ
‚Ėą‚Ėą‚Ėą‚Ėą‚Ėą‚Ėą‚Ėą‚ĖÄ ‚ĖĄ‚Ėą‚Ėí‚ĖÄ  ‚ĖÄ‚ĖÄ‚Ėą‚ĖĄ ‚Ėí‚Ėí‚ĖÄ‚ĖÄ‚Ėą‚Ėą‚ĖĄ   ‚ĖÄ‚ĖÄ‚Ėą‚Ėą‚Ėą‚ĖÄ                                  ‚ĖÄ
‚ĖĄ ‚Ėí‚ĖÄ‚ĖÄ ‚ĖĄ‚ĖĄ‚Ėą‚ĖÄ       ‚Ėí‚Ėą‚Ėą ‚Ėą‚Ėą‚ĖĄ‚Ėď‚ĖÄ‚Ėą‚Ėą  ‚Ėź‚Ėą‚ĖÄ‚Ėď‚Ėą
‚ĖÄ‚Ėą‚Ėą‚Ėą‚Ėą‚Ėą‚Ėź‚Ėą‚ĖĆ         ‚Ėź‚Ėą ‚Ėź‚Ėą‚Ėą‚Ėą‚ĖĄ ‚Ėą‚ĖĆ  ‚ĖÄ‚Ėď‚ĖÄ‚ĖÄ
       ‚Ėą‚Ėą ‚ĖĄ    ‚ĖĄ‚Ėą ‚Ėą‚Ėą ‚Ėź‚Ėą‚Ėą‚Ėą‚Ėą‚ĖĆ‚Ėź‚Ėą
       ‚ĖÄ‚Ėą‚Ėą‚ĖĄ‚ĖĎ‚ĖÄ‚ĖÄ‚ĖÄ‚ĖÄ‚ĖĄ‚Ėą‚ĖÄ ‚ĖĎ‚ĖĄ‚Ėą‚Ėą‚Ėą‚Ėą‚ĖĆ‚Ėą
         ‚ĖÄ‚Ėą‚Ėą‚Ėą‚Ėą‚Ėą‚Ėą‚ĖÄ‚ĖĄ‚Ėď‚Ėą‚Ėą‚Ėą‚Ėą‚Ėą‚ĖÄ‚ĖĄ‚Ėí    Everyone we know and who knows us......
     ‚Ėí‚ĖÄ‚ĖĄ  ‚ĖĄ‚ĖĄ‚ĖÄ‚ĖÄ‚ĖÄ‚ĖĄ‚ĖĄ ‚ĖÄ‚Ėď‚Ėą‚Ėą‚ĖÄ‚ĖĎ‚ĖĎ
      ‚ĖÄ  ‚ĖĄ‚ĖÄ     ‚ĖÄ‚ĖĄ
         ‚Ėą    ‚ĖĎ‚Ėí‚Ėí‚Ėą    ‚ĖĎ
          ‚Ėą‚ĖĄ‚ĖĎ‚ĖĎ‚Ėí‚ĖĄ‚Ėą‚Ėą‚Ėą‚ĖĄ ‚ĖÄ‚ĖĄ‚ĖÄ   ...and the dude who made this awesome nfo
            ‚ĖÄ‚ĖÄ‚Ėą‚Ėą‚Ėą‚Ėą‚Ėą‚ĖĎ‚Ėą
          ‚ĖĄ   ‚ĖÄ‚ĖĄ‚Ėď‚Ėą‚Ėą‚Ėą‚ĖÄ ‚ĖĆ
         ‚ĖÄ‚ĖĆ‚ĖÄ   ‚ĖÄ‚ĖĄ‚ĖĄ‚Ėď‚Ėď‚ĖĄ‚Ėą‚ĖÄ
    ‚ĖĄ‚ĖÄ‚ĖÄ  ‚ĖĄ‚ĖĄ‚Ėď‚ĖĄ‚ĖĄ‚ĖĄ‚Ėą‚Ėą‚Ėą‚Ėą‚Ėą‚Ėą‚ĖÄ
   ‚ĖÄ‚ĖĄ‚ĖĄ‚Ėą‚Ėą‚Ėą‚Ėą‚Ėą‚ĖĄ‚ĖĎ‚Ėą‚Ėą‚ĖĎ‚ĖÄ‚ĖÄ‚ĖÄ
   ‚Ėď‚Ėą‚Ėą‚Ėą‚Ėą‚ĖÄ        ‚ĖĄ
   ‚ĖÄ‚Ėí‚Ėí‚Ėą‚Ėą‚Ėą‚Ėí‚ĖĄ     ‚ĖÄ‚Ėí‚ĖÄ
      ‚ĖÄ‚ĖÄ‚ĖÄ‚Ėą‚Ėą‚Ėą‚Ėą‚ĖĄ                                          ‚ĖĄ‚ĖĄ‚ĖĄ‚ĖĄ‚ĖÄ‚ĖÄ‚ĖÄ‚ĖÄ‚ĖÄ‚ĖĎ‚ĖÄ‚ĖÄ‚Ėí‚Ėą‚Ėď
           ‚Ėí‚Ėą‚Ėą‚ĖĆ                                ‚ĖĄ‚ĖĄ‚ĖĄ‚ĖĄ‚ĖĄ‚ĖÄ‚ĖÄ‚ĖÄ‚ĖÄ‚ĖĄ   ‚Ėź   ‚ĖĎ ‚ĖÄ‚ĖĄ‚Ėź‚ĖĆ‚Ėď‚Ėź
      ‚ĖĄ‚ĖĎ‚ĖĄ  ‚ĖÄ‚Ėí‚Ėą‚Ėź‚ĖÄ                        ‚ĖĄ‚ĖĄ‚ĖĄ‚ĖÄ‚ĖÄ‚ĖÄ‚ĖÄ  ‚ĖĎ‚ĖĄ    ‚ĖĎ‚Ėź    ‚ĖĆ ‚ĖĄ‚ĖĄ‚ĖĄ‚ĖĄ‚Ėď‚Ėą‚Ėą‚Ėą‚Ėą‚ĖÄ
       ‚ĖÄ    ‚Ėď‚Ėď‚ĖĆ ‚ĖĄ‚ĖÄ‚ĖĄ‚ĖĄ‚ĖĄ           ‚ĖĄ‚ĖĄ‚ĖÄ‚ĖÄ‚ĖÄ‚ĖÄ‚ĖÄ‚ĖÄ‚ĖĄ   ‚ĖĄ           ‚ĖĄ‚ĖĄ‚ĖĄ‚ĖĄ‚ĖÄ‚Ėź‚Ėď‚Ėą‚Ėą‚Ėď‚Ėą‚Ėą‚Ėą‚ĖÄ‚ĖÄ
             ‚Ėą‚ĖĎ  ‚Ėí‚ĖÄ‚Ėď‚ĖĄ‚Ėď‚Ėą‚ĖÄ‚ĖĄ ‚ĖĄ‚ĖĄ‚ĖÄ‚ĖÄ‚ĖÄ‚ĖÄ‚ĖĎ ‚ĖĎ‚ĖÄ‚ĖĄ    ‚Ėą   ‚Ėź‚ĖÄ    ‚Ėź‚ĖĄ‚ĖĄ‚ĖĄ‚ĖÄ‚ĖÄ‚Ėď‚Ėą‚Ėą‚Ėą‚Ėą‚Ėą‚Ėą‚ĖÄ‚ĖÄ‚ĖÄ  .nfo
              ‚ĖÄ‚Ėí‚ĖĎ‚ĖĎ‚ĖÄ‚Ėą‚ĖÄ‚Ėí‚Ėź‚ĖĄ‚ĖĄ‚Ėď ‚Ėí    ‚ĖÄ‚ĖĄ   ‚ĖĆ    ‚ĖĆ‚ĖĄ‚ĖĄ‚ĖĄ‚ĖĄ‚ĖĄ‚Ėď‚Ėď‚Ėď‚Ėď‚Ėą‚ĖĄ‚ĖĄ‚Ėą‚Ėą‚Ėą‚Ėą‚Ėą‚ĖÄ‚ĖÄ        ao
                 ‚ĖĄ‚ĖĄ‚ĖĄ‚Ėí‚ĖĄ‚ĖĆ‚ĖĎ‚ĖĎ‚Ėí‚ĖĎ ‚Ėí    ‚Ėą  ‚ĖĄ‚ĖĄ‚ĖĄ‚ĖĄ‚ĖĄ‚Ėź‚Ėą‚Ėď‚Ėą‚Ėą‚Ėą‚Ėą‚Ėą‚Ėą‚Ėą‚Ėą‚ĖĎ‚ĖĎ‚ĖÄ‚ĖÄ‚Ėď‚Ėď‚ĖĄ‚ĖĄ‚ĖĄ‚ĖĄ       2025
         ‚ĖĄ‚ĖĄ‚ĖĄ‚ĖĄ‚Ėď‚Ėď‚ĖÄ‚ĖÄ‚ĖÄ‚ĖÄ ‚Ėď‚ĖĄ‚Ėź‚Ėí‚ĖÄ‚ĖĎ‚Ėí ‚ĖĄ‚ĖĄ‚ĖĄ‚ĖĄ‚ĖĄ‚ĖĄ‚ĖĄ‚Ėď‚Ėď‚Ėą‚Ėą‚Ėą‚Ėą‚Ėą‚Ėą‚Ėą‚Ėą‚Ėą‚ĖÄ‚ĖĎ‚ĖĄ‚ĖĄ ‚ĖĎ‚Ėą‚Ėą‚Ėą‚Ėą‚ĖĄ‚ĖĄ‚ĖĄ‚Ėí‚ĖĄ‚ĖÄ‚ĖÄ‚Ėď‚ĖĄ‚ĖĄ
      ‚ĖĄ‚Ėí‚ĖÄ‚ĖÄ‚Ėí‚Ėď‚ĖĄ‚Ėď‚ĖĄ‚ĖĄ‚Ėď‚Ėď‚Ėď‚ĖĆ‚ĖĆ‚Ėí‚Ėí‚ĖÄ  ‚Ėí‚ĖĄ‚Ėą‚Ėą‚Ėď‚Ėą‚Ėą‚Ėą‚Ėą‚ĖÄ‚ĖÄ‚ĖÄ‚ĖĎ‚ĖĎ‚ĖÄ‚ĖÄ ‚ĖĄ‚ĖĎ ‚ĖĄ‚ĖĎ‚ĖÄ‚Ėź‚Ėą‚Ėą‚ĖĄ ‚ĖĄ‚Ėí‚ĖÄ‚ĖÄ‚ĖÄ‚Ėď‚Ėą‚Ėą‚Ėď‚Ėď‚ĖĄ‚Ėď‚Ėą‚ĖÄ‚Ėď‚ĖĄ
       ‚ĖÄ‚ĖÄ‚ĖĄ‚ĖĄ‚ĖĄ‚ĖĄ‚ĖĄ‚ĖĄ‚ĖĄ‚ĖĄ‚ĖĎ‚ĖĄ‚ĖĄ‚Ėź‚Ėí‚Ėí‚ĖĄ‚ĖĄ‚ĖÄ‚ĖÄ‚ĖÄ‚ĖĎ‚ĖÄ‚ĖĎ‚ĖĄ‚ĖĄ‚ĖĄ‚ĖĄ‚ĖĄ‚Ėą‚Ėź‚Ėď‚Ėď‚ĖĆ ‚Ėď‚Ėą‚ĖĆ ‚ĖÄ‚Ėď‚Ėď‚ĖĆ‚ĖĄ‚ĖÄ‚Ėą‚Ėą‚ĖĄ‚ĖÄ‚Ėą‚ĖÄ‚ĖÄ‚Ėď‚ĖĄ‚ĖĄ‚ĖĄ‚ĖĄ‚ĖĄ‚ĖĄ‚ĖĄ‚Ėď‚ĖÄ‚ĖÄ‚ĖÄ‚ĖÄ
           ‚ĖĄ‚Ėą‚Ėď‚ĖÄ‚ĖĄ‚ĖĄ‚Ėą‚ĖÄ‚ĖÄ  ‚ĖĄ‚ĖĄ‚ĖĄ‚Ėď‚Ėą‚Ėď‚Ėď‚ĖÄ‚ĖÄ‚Ėď‚ĖĄ‚ĖĄ‚ĖĄ‚ĖĄ‚ĖĆ‚Ėź‚Ėą‚Ėď‚ĖĆ‚Ėź‚Ėď‚Ėą‚ĖÄ‚Ėź‚ĖÄ‚ĖĄ‚ĖÄ‚ĖÄ‚Ėą‚Ėą‚ĖĄ‚ĖÄ‚Ėą‚Ėą‚ĖĎ‚Ėą
        ‚ĖĄ‚Ėą‚ĖÄ‚ĖÄ‚ĖĄ‚ĖĄ‚Ėą‚Ėą‚Ėą‚Ėą‚Ėą‚Ėď‚ĖÄ‚ĖÄ‚ĖÄ‚ĖÄ‚ĖÄ‚Ėí‚ĖĄ‚ĖĄ‚ĖĄ‚Ėą‚ĖÄ‚ĖÄ‚ĖÄ   ‚Ėź‚ĖĎ‚ĖÄ‚Ėą‚ĖĆ‚Ėź‚Ėą‚ĖÄ‚ĖĄ‚ĖÄ  ‚ĖÄ‚ĖÄ‚ĖĄ‚ĖĄ‚ĖÄ‚ĖÄ‚ĖÄ‚Ėď‚ĖĆ‚Ėź
     ‚Ėď‚ĖÄ‚ĖÄ‚ĖĎ‚Ėí‚Ėí‚ĖÄ‚ĖÄ‚ĖĄ‚ĖĄ‚ĖĄ‚ĖĄ‚ĖĄ‚ĖĄ‚Ėď‚Ėď‚ĖÄ‚ĖÄ‚ĖÄ‚ĖÄ‚ĖÄ           ‚Ėź‚ĖĆ‚Ėź‚ĖĆ‚Ėď‚ĖÄ‚Ėź        ‚ĖÄ‚ĖÄ‚Ėď‚ĖĄ‚ĖĄ‚ĖĎ‚ĖÄ‚Ėą
     ‚ĖÄ‚ĖÄ‚ĖÄ‚ĖÄ‚ĖÄ‚ĖÄ‚ĖÄ‚ĖÄ                         ‚Ėź‚ĖĆ‚Ėď‚ĖĆ‚Ėď‚ĖĆ             ‚ĖÄ‚ĖÄ
                                       ‚ĖĆ‚ĖĎ‚Ėź‚ĖĆ
                                       ‚ĖÄ‚ĖĄ‚ĖÄ
