████████████████████████████████████████████████████████████████████████████████████████████████████
████████████████████████████████████████████████████████████████████████████████████████████████████
████████████████████████████████████████████████████████████████████████████████████████████████████
████████████████████████████████████████████████████████████████████████████████████████████████████
████████████████████████████████████████████████████████████████████████████████████████████████████
████████████████████████████████████████████████████████████████████████████████████████████████████
████████████████████████████████████████████████████████████████████████████████████████████████████
████████████████████████████████████████████████████████████████████████████████████████████████████
████████████████████████████████████████████████████████████████████████████████████████████████████
████████████████████████████████████████████████████████████████████████████████████████████████████
████████████████████████████████████████████████████████████████████████████████████████████████████
████████████████████████████████████████████████████████████████████████████████████████████████████
███████████████████████████████████████████████▀▒◘██████████████████████████████████████████████████
██████████████████████████████████████▀▀██████'∙█████████▀▀▒████████████████████████████████████████
█████████████████████████████████████ç·   ·'~ ▄████▀▀██▀·≥^≈§███████████████████████████████████████
██████████████████████████████████████ ─·               ··"☺ƒ░██████████████████████████████████████
██████████████████████████████████████░                  ·  ▒▓██████████████████████████████████████
█████████████████████████████████████▓&         ·       ,▄▄▄████████████████████████████████████████
███████████████████████████████████►█████████▄▄ ·· _ ▄██████████████████████████████████████████████
███████████████████████████████████¿▓████████████▌ █████████████████████████████████████████████████
███████████████████████████████████ç·▀███▌▐█▀·█▀█  ▐███░▀▀▒███▀◘████████████████████████████████████
████████████████████████████████████¿ ·▐██▄▄▄▄      █Γ·▒█▓███⌐ ▒████████████████████████████████████
██████████████████████████████████▒██·  └¶█▀▀º  ·  ·▒  ▀▀▀█^`· █████████████████████████████████████
███████████████████████████████████▄█▒,    ∙╘       å ·     · ██████████████████████████████████████
██████████████████████████████████████▒▒·· «·  ··   :·₧    ··▒██████████████████████████████████████
██████████████████████████████████████▒T▒~     é    ·♥█▌   ·ï\▓█████████████████████████████████████
██████████████████████████████████████É···    █▌    · ▐█ç  ─·▒██████████████████████████████████████
███████████████████████████████████████{     →~     ▄▄▒▀▀⌐  ░╣██████████████████████████████████████
████████████████████████▀▀▀▀▀▀▀▒▀███████·   ·    ▒▄██░██Ö⌐▒ »███▀▀▀▀▀▀"^▒^░ ░·,~▄▄▄·████████████████
██████████████▌▒▄▄▄¼αÑ♥∞∞▒♥ª"▀█♠·█████·▀ç· ·      ▐███████▓▒▒███▌·▐▄♥∙···&  ··  ▒╙å·████████████████
██████████████·▒█≤      ·    ░à▒·███▀·  █_··▄▄▒__▄_ _▄▄█████▐███0⌐ ¶'  ▄░Σ  ╕:▄▄_·≥≥≥"~▀▀▀██████████
█████████▀··░█ ▒█Σ ·⌐   ⌐·· · ^└·██è    √K⌐▐█▀ ▀▀▀▀▀▀▀████████ ·¬▌ ╞&··█▒►·∙√å^ ░°☼pg▒··  ·█████████
████████Ñ⌐ ▄▒█⌐^█E⌐· ▒█⌐ · · ·· ·      ·░█▒▐█╓░░▄▄▄▄▄█████¶█▌─  ▐▌ «▒▒ █▒► ┌╣░p  ░····▓▓█· █████████
████████~▌ ▓██⌐▐▒▌▒∙~▒█ ·· ·█æ-·   ··  ·   ▓██▀▀██▀▀▀▀▀▀~·██▌   ╫▌ ░░ ▒█Ω·░►·~█√▓♦ⁿ░∟··~^  █████████
█████▌ █Ç░ ▒▒█▌▐██►^√▒█ ·  ▒█    '→. ··  · ▒▒É          ·████·← ▒█ ▓▄⌐▐█┘  ▒·▐►√░1      ~─·   `▀████
██████·▐█ƒ ▐██▌¬█▀··░▐▌ -·▄█▌      ·   ⌐ · ∙¶▄  ·· ·  ·▄█████▌· ▐█ █▌·m█⌐ ∙  ├  ░·· · ·      ▒♥▐████
█████▀  █▌· ██▌·█▌╘·_█▌· ▐██\▒▒· ·       ▐▒  Ω▒▒██████████████· ▐█ ╣ñ █▌·  · Γ·╞%· · √²«    ░░ ▐████
███▀è···██{·██▌ ▒f·▄██▌τ ██▌╒█▌·· ··   , ▒å ░░╚▀██████████████▌·∙█ ▒▒▒█▒  ··╗  ░░·  ▒▒█₧⌐   √∞ █████
███¬▐ ·√☺█' ▐█▌·¼Ö████▌·▐███0▒·√∞a·  ·♂ î▒ ┌₧·░· ▒▒████████████· █Γ░▒██ ▄▄ç ▌ ;☺· ì ⌠█▓►   ╗▒⌐▐█████
███▌÷█░░E▐▌  ██ ¶¼█▀██▒·██░▌░ƒ █▄▄   ·└ _▌▐█₧-─···░░· █████████▌ █▌·₧▐██░√'▒▌▐▒─ ·  ·   ·┐ ▐☺·██████
████Ç▐▌·▒░█,·▐█ ▒-· ██·▐█▌♥▄≥·█▒▒█  ·  ¡å ██Ω·─· · ··▒█▀▀~~▒████ █▌ ·▐███▄▓█▄▒░ ▄▄ç▄╕ ·    ♦┘ ██████
█████ç▒▒·╛█▌ ▐█   ·██▌ ▐█  ï  ╝☻█Γ ·  ╒₧⌐▐██▌·      ⌠▀·  · ▒████►▐▌ ░█████▒▒██▓████▒▒▒ ·· ·∙ ▐██████
██████·░ ≥▐█_▐█⌐┌q▒██▌·█▌·:·         ·▒▒ ███▌    ·  ·   · · ████▌▐▌ ╦█▌√███▒ ▐█▒▀██▓▒█q╗░ ~▒ ███████
███████═  └█▒▒█⌐░▐███►─▀      · · ·  √▐`▐███▌·  ·· ·   ·  ░·██²▐██▌·██≤░▒████ ▒█▄√` ░▒███▄'⌐▐███████
████████  ·▒█░█▌▐▒▌██·  ·░ _ ~±·   · ▓▌ ██▀╝₧   ·         ░ ¼ä ·███░█▌ ⌠&█████ç▀██√·░▄₧◘██▒ ▐███████
█████████·  █⌐█Å¿░:█Γ·'·╛░¼Φ▀▀◄░gÇ▒«î/ ██♦  ∙î · ··  ·  ··   ▒ ·▐█▌·█  ♥██▒████╓██▄⌐▐█▌Σÿ▓₧·████████
█████████▌· ▐██▌ ►··    ·▒▒▄█████████/▐█▒·  ∙└·    ·· · ·· ░▐▒   ▀▀·'  ▒██ ▒██▒████▄▄███▓█▌▐████████
██████████▄·▐▌░··⌐ ∟·░▄████████░████░ ▒█▒    ··· ░··· ·░  ♥«█·  ·    ·╒▓██r╨▐███é·████████ █████████
███████████░ ^  ▄█▒▓███████▀▒~  ▒██▌¬ ██å    ▒  ░\₧ ··· ·r █▌·  ┌   ·  ▀█▌ä  ▐██▌ ·▒██▒██▌▐█████████
██████████^·  ┐░████▀█▀▀▀▀▀~▀ì▀██▀▀░ ·█Z░    ▐▌·▒▒░ ─· ∙d·██▒·  ▒ç· ⌐▄₧▒╫╦█T· ███Ç·▐██▓██₧██████████
████████▀·_▄▄▒▒▄◘▀·─ ►     ·╦▒▄█████ ·å▒ ·    ▓··√» ─··/·▐██▒· ··████████▄█▄_ ²████▒██ç&~▐██████████
███████▌ ·▀▀`▐█▒█·░▄█▒█████████████▌ ┘ ▌   · ·r▒▄,· ╥æ∙▄#₧▐█▒  [ ·█████☺▒█▀▀██▒████████☺²███████████
███████⌐  · ·▐███▐█████████████▀▀██ √▐██,    ·█┘████▀██▒·á███  ░∙ ▒█████▓Γ≥·♦"█████████▄░▐██████████
███████     ¬▓█▀╥█████▌▄▄▄███▓&▒███∞Ω████·    █Çh█░▒~█··↔√██♦  ∙▒▒██████  ·∙ ▐██████████████████████
███████ «▒████████▀▀▀░~▒▒►·░· ┌░▓█▓░▒▄████    █▒╓█▄▓▒▒╗▒░4██   ▐█████Å██▄▄  ▄███████████████████████
███████▒██▒▀▀▀^· ·    _▒░▄████████████████▌   ██♥▒█Σ▐▒gñΓ≥█Γ  _██████▓▒▒████████▄███████████████████
███████▒▒      ···· ▄▄█████████████████████▌··▐█₧▒█░█∞▀  √█   █████████m░î██████████████████████████
███████▌·   ─∙░░▄▄███████████▀▀█☻█▄▄████████ç ▒█Ç░▓▐▌· ··▐█  ▐███████████▒▓▒████████████████████████
███████▌─▒·░m█████████▀█████▒▒▄██████████████ç▐█████►· ·á██·▄████████▒████▓T░███████████████████████
████████░√████▓▀^`·  ··▒╠█████████████████████▒██▒▒▒¿ ·▒██▌███████████M▓████████████████████████████
████████▒▒████ç-·  ·░▒▄████████▌ ▐█████████████▒██&▒▒,▄████████████████M▒███████████████████████████
███████████████▒░░▒░████████▄_  ▄███████████████████████████████████████████████████████████████████
█████████████████▒§█████████████████████████████████████████████████████████████████████████████████
████████████████████████████████████████████████████████████████████████████████████████████████████
████████████████☻███████████████████████████████████████████████████████████████████████████████████
██████████████▀██▀ ██▀    █⌐   ▀████▄  ███████⌐ ▄██▄  ███'   ████▄  `███ ██▀ ████▄  ████████████████
██████████████⌐██⌐ ▐█    ▐█▌    ██ ▐█▌ █Γ▐█▌ █ ▐` ▐█ç ▐█▌    ▐█▌ ██  ▐█▌·▐█  ▐█▌ ██ ████████████████
██████████████Γ██  █Γ    ▐█▌    ██  █▌ █ ▐█▌ █ Γ  ▐█▌ ▐█▌    ▐█▌ ▐█ç  █▌ ▐█  ▐█▌ ▐█∟████████████████
██████████████Γ▐█ ▐▌     ███    ██ ·█▌ ▌ ▐█▌ ▐    ▐█▌ ▐█▌    ▐█▌ ▐█▌  ██ █▌  ▐█▌ ▐█▌████████████████
██████████████Γ██_█Γ     ███    ██ ▐█▌   ▐█▌      ▐█  ▐█▌    ▐█▌ ▐█▌  ██ █▌  ▐█▌ ▐█▌████████████████
██████████████Γ▐███     ▐█▐█∟   ██▄█▀    ▐█▌    ,▄█~  ▐█▌    ▐█▌ ▐█▌  ▐█▌█Γ  ▐█▌ ▐█▌████████████████
██████████████Γ▐███▌    ▐▌▐█▌   ██▀██    ▐█▌     "█▄  ▐█▌    ▐█▌ ▐█▌  ▐███   ▐█▌ ▐█▌████████████████
██████████████Γ█████    ▐▌ █▌   ██ ▐█▌   ▐█▌      ▐█▌ ▐█▌    ▐█▌ ▐█▌   ███   ▐█▌ ▐█▌████████████████
██████████████Γ▐█Γ▐█⌐   ██▄██   ██ ▐█▌   ▐█▌      ▐█▌ ▐█▌  ■ ▐█▌ ▐█▌   ██▌   ▐█▌ ▐█▌████████████████
██████████████Γ▐█⌐ █▌   █Γ`▐█   ██ ▐█▌   ▐█▌   ▌  ▐█▌ ▐█▌ ▐█ ▐█▌ ▐█Γ   ▐█▌   ▐█▌ ▐█Γ████████████████
██████████████Γ██  ▐█  ▐█  ▐█▌  ██ ▐█▌   ▐█▌   █  ▐█Γ ▐█▌ ▐█ ▐█▌ ██    ▐█▌   ▐█▌ ██ ████████████████
██████████████▄██▄_██▄ ██_ ▐██ ▄██▄ ██ç  ███    ███▀  ██████·████▀     ▐█∟ · ████▀  ████████████████
████████████████████████████████████████████████████████████████████████████████████████████████████

PROUDLY PRESENTS..

TiTLE.........: Nobel Son
RUNTiME.......: 110 min
FORMAT........: ISO
RAR COUNT.....: 94x50MB 
SOURCE........: NTSC
GENRE.........: Comedy | Crime | Drama | Thriller
RELEASE DATE..: N/A
iMDB RATiNG...: 7.8/10   629 votes
WEB...........: http://www.imdb.com/title/tt0483756/

ASPECTS:

[X] NTSC [ ] PAL        [ ] DVD5 [X] DVD9
[X] Widescreen          [ ] Anamorphic
[ ] Letterbox           [ ] Fullscreen 1.33:1

AUDiO:

[X] English             [ ] DTS 5.1
[ ] Spanish             [ ] PCM Stereo
[ ] French              [ ] Dolby Digital 2.0 Stereo
[ ] Directory Commentary[X] Dolby Digital 5.1
                        
ViDEO:                  MENU:            DVD-EXTRAS:

[ ] Untouched           [ ] Untouched    [ ] Untouched
[X] Re-Encoded          [X] Reauthored   [ ] Re-Encoded
[X] CCE 6 Passes avg. 5,025kbs           [ ] CCE Passes
[ ] Partial Stripped                     [X] Stripped

SUBTiTLES:

[X] English      [X] Spanish      [ ] French
[ ] Other        [ ] N/A   


RiPPER NOTES:
P.S. Only ARiGOLD HAS THE RIGHT TO USE OUR SOURCE NO ONE ELSE!!!
:) enjoy!
