; This Release Passed AFF
; 
lost.115.hdtv-lol.r00 447e8250
lost.115.hdtv-lol.r01 79bbda5d
lost.115.hdtv-lol.r02 c4e17b57
lost.115.hdtv-lol.r03 436fa1fd
lost.115.hdtv-lol.r04 458add94
lost.115.hdtv-lol.r05 90679ac6
lost.115.hdtv-lol.r06 6f0f53d0
lost.115.hdtv-lol.r07 153c6dd0
lost.115.hdtv-lol.r08 ee81e857
lost.115.hdtv-lol.r09 0cc7bda2
lost.115.hdtv-lol.r10 2d57b860
lost.115.hdtv-lol.r11 7c3ceb13
lost.115.hdtv-lol.r12 17a90137
lost.115.hdtv-lol.r13 a65b154a
lost.115.hdtv-lol.r14 c0d79ae6
lost.115.hdtv-lol.r15 1340fd22
lost.115.hdtv-lol.r16 b13478f4
lost.115.hdtv-lol.r17 7a1beeba
lost.115.hdtv-lol.r18 c0db5259
lost.115.hdtv-lol.r19 61b76ad1
lost.115.hdtv-lol.r20 64cf0e6e
lost.115.hdtv-lol.r21 fd3a07f3
lost.115.hdtv-lol.r22 f761e59e
lost.115.hdtv-lol.r23 fc72f76b
lost.115.hdtv-lol.rar a3c790e3
;Q2-1c4ac8999451a1a
;Q2-gsCHJCwPxQE=
;Q2-////gA==
▓███ ░░░░░░░░ █▓▓███  █▓▓███ ░░░░░|█▓█████
       ▀████████████████  █▓████ ░░░░░░░░ █▓████  █▓████      ▄██████|
          ▀█████████████  █▓███  ░░░░░░░░  █████  ▀████████████████▀
                          ██▀                ▀██
                          ▀                    ▀
           ───────· D I G I T A L  M I S C O N D U C T ·───────

                          ·· proudly presents ··

        ▄■▀▀▀▀▀▀▀▀▀▀▀▀▀▀▀▀▀▀▀▀▀▀▀▀▀▀▀▀▀▀▀▀▀▀▀▀▀▀▀▀▀▀▀▀▀▀▀▀▀▀▀▀▀▀▀▀■▄
     ▄▓▀                Swimming Pool (2003) *REPACK*               ▀█▄
   ▄█▓█▄▄▄▄▄▄▄▄▄▄▄▄▄▄▄▄▄▄▄▄▄▄▄▄▄▄▄▄▄▄▄▄▄▄▄▄▄▄▄▄▄▄▄▄▄▄▄▄▄▄▄▄▄▄▄▄▄▄▄▄▄███▓▄
  ▄█▓▀                                                                ▀█▓▄
 ▄█▓▓▀                                                                 █▓▓▄
▀██▓▄  Released ......... 27/11/03        Video Format ......... XVID  ▄█▓▓▀
 ██▓▓  Store Date US .....13/01/04        Video Bitrate ......... 804  ██▓▓
 ██▓▓  Genre ............... DRAMA        Video Resolution .. 576x304  ██▓▓
 ██▓▓  Runtime .......... 108 MINS        Subtitles ...............NO  ██▓▓
 ██▓▓  Frame Rate ......... 25 FPS        Ripper ........... TEAM DMT  ██▓▓
 ██▓▓  Aspect ............. 1.85:1        Supplier ......... TEAM DMT  ██▓▓
 ██▓▓  Audio Format ...... VBR MP3        IMDB Vote 7.0/10 1862 votes  ██▓▓
 ██▓▓  Audio Bitrate ..... 128 AVG        Archives .......... 50x15MB  ██▓▓
 ██▓▓                                                                  ██▓▓
▄██▓▓                                                                  ██▓▓▄
|██▓▓                                                                ▀███▀░
  ████▀▀▀▀▀▀▀▀▀▀▀▀▀▀▀▀▀▀▀▀▀▀▀▀▀▀▀▀▀▀▀▀▀▀▀▀▀▀▀▀▀▀▀▀▀▀▀▀▀▀▀▀▀▀▀▀▀▀▀ ▀████░▄▄
 ▄██                        ─────· PLOT ·─────                         ▄█░░
 ██▓▓▄▄▄▄▄▄▄▄▄▄▄▄▄▄▄▄▄▄▄▄▄▄▄▄▄▄▄▄▄▄▄▄▄▄▄▄▄▄▄▄▄▄▄▄▄▄▄▄▄▄▄▄▄▄▄▄▄▄▄▄▄▄▄▄▄▄██▓▓
▄██▓▄                                                                  ▄█▓▓▄
 ██▓▓                                                                  ██▓▓|
 ██▓▓       A British mystery author (Rampling) visits her publisher's ██▓▓
 ██▓▓       (Dance) home in the South of France, where her interaction ██▓▓
 ██▓▓       with his unusual daughter (Sagnier) sets off some touchy   ██▓▓
 ██▓▓       dynamics.                                                  ██▓▓
 ██▓▓                                                                  ██▓▓
 ██▓▓               http://uk.imdb.com/Title?0324133                   ██▓▓
 ██▓▓                                                                  ██▓▓
 ██▓▓                                                                 ███▓
 |████▀▀▀▀▀▀▀▀▀▀▀▀▀▀▀▀▀▀▀▀▀▀▀▀▀▀▀▀▀▀▀▀▀▀▀▀▀▀▀▀▀▀▀▀▀▀▀▀▀▀▀▀▀▀▀▀▀▀▀ ▀████░▄▄
  ▄██                     ─────· REPACK NOTE ·─────                    ▄█░░
 ██▓▓▄▄▄▄▄▄▄▄▄▄▄▄▄▄▄▄▄▄▄▄▄▄▄▄▄▄▄▄▄▄▄▄▄▄▄▄▄▄▄▄▄▄▄▄▄▄▄▄▄▄▄▄▄▄▄▄▄▄▄▄▄▄▄▄▄▄██▓▓
▄██▓▄                                                                  ▄█▓▓▄
 ██▓▓                                                                  ██▓▓|
 ██▓▓      End of the movie was a bit pixelated, here is our repack    ██▓▓
 ██▓▓                                                                 ███▓
 |████▀▀▀▀▀▀▀▀▀▀▀▀▀▀▀▀▀▀▀▀▀▀▀▀▀▀▀▀▀▀▀▀▀▀▀▀▀▀▀▀▀▀▀▀▀▀▀▀▀▀▀▀▀▀▀▀▀▀▀ ▀████░▄▄
 ▄██   522
b-oc12a.r01 d332746a
b-oc12a.r02 86086e4f
b-oc12a.r03 7266d43d
b-oc12a.r04 5d9c0b08
b-oc12a.r05 debd792c
b-oc12a.r06 1b5044ca
b-oc12a.r07 8a3e222b
b-oc12a.r08 97f02694
b-oc12a.r09 fa8cb4dd
b-oc12a.r10 5cadd57e
b-oc12a.r11 adef7c0f
b-oc12a.r12 a47d10b7
b-oc12a.r13 0e45b91f
b-oc12a.r14 59e71ae4
b-oc12a.r15 30f9e7c0
b-oc12a.r16 128c555f
b-oc12a.r17 09513821
b-oc12a.r18 0d7d7cb7
b-oc12a.r19 31e4444a
b-oc12a.r20 dec90621
b-oc12a.r21 3cdc0f65
b-oc12a.r22 f1669da0
b-oc12a.r23 5cae0670
b-oc12a.r24 897ccca1
b-oc12a.r25 003b9918
b-oc12a.r26 47cd12fd
b-oc12a.r27 65abd9e8
b-oc12a.r28 febe01ca
b-oc12a.r29 7366edd0
b-oc12a.r30 55d3bb39
b-oc12a.r31 3fe247e8
b-oc12a.r32 824205e3
b-oc12a.r33 18355c6a
b-oc12a.r34 471c4158
b-oc12a.r35 e75ede90
b-oc12a.r36 6138ccc9
b-oc12a.r37 15f3840f
b-oc12a.r38 5a4cfa5d
b-oc12a.r39 a0aca000
b-oc12a.r40 9b0eff66
b-oc12a.r41 63a3fb0c
b-oc12a.r42 c0ae347c
b-oc12a.r43 e1156c80
b-oc12a.r44 9865dc03
b-oc12a.r45 9b23ae87
b-oc12a.r46 dd60510c
b-oc12a.r47 9522ebee
b-oc12a.r48 2fe46278
b-oc12a.rar 36c13e35
%♦?±Qr»ü╥ ü•↨M▄X↑α°ö←╡◄∩¬|ºαd←§ôç±²╒+τ◘├ß§R┴:╢2╙☺♂└|↓û╠G▼;æ≡FπG÷ì=∟&¶¶╧H╣╫çÇ'▐æ▒Ü2╙☺         |DDⁿk Ω├╔}j╓Θ}}}|hW┬>&B±◄τW╫╫╟•Ä╦♣²╩╠xá╓¬┬∩╦=Σfç♠∙╦ó☺√n√≥▓dpz╪|ααⁿ9}·½p╚└ ■⌐◄Θ╤üτ♦G£N8?§C'╞G£◄╔F•╜}}|D⌂Rì‼º        
Θ┬Cá9:uc'÷Å^ù╫δδδδδδΓC▄&/8qk__↑▼┴ó···«2▼8xD}:╛╛½½ΓC√↨AMëÅiq£╪╛►»»ëÅ∞♥!ùR◄
ÅCëa∙▒00╘Hxs┬701wbÇ☺ ·öD/y↓ü☻√H█Iê←n^½{
="êKë!m♠ ½∙u¡¼h⌠û ╘iX╫ª╨╣├!B(v"ï.r▬╔,╢◄∞çM█²s#û¿s▐♫NÅ«╜.Z╟◘╣¬²`•♠☺♦╜
ÿ╕ ═f'¶%m♦ó>[S§╝gcHπ┤h⌡∞P•π▀≥weê╪CÜc╒ìB½⌡*╕ÄÄδ3u\╟n⌡u‼oU♀ô╓è♀ƒµ'╓ó┐▓ƒ⌡ƒ²♦╫▌•xwN♀S#Y≡kNÿ►┤↑└ßxûl<CD#±╨≡z╔∟╙L▬┌├█ò§§╗Θ{╢;ïgòí!Éⁿ)≤¬]⌡3«6¬gj╗Ω┼╪ëH◘«─:░æMò█9ìZ▌┘]k½ëúh╩G§Iü║k₧/÷°♫bπ↔Θ└↔á┬|║+'▓¶*≈‼π
ö2•┬█¶╤═üWi<S;≡-▲╗y{╤Ü±▌╧▄#=^Γ5O«w╪¡D÷f1EÄ+↓6ä║'²[ⁿÑ■5÷σí┐d6▀A ╨Å"╡ö:↔#←Ö└τ░'☻╜♦X☻┴µ
 •`≡|╚LLXàεBì01wbα☺ ·ñDΦ 
Ç☻╨S█╔"+╬\╩╦-1☻è♂!OcF¶wü}&kΦ≤▬Pò◄╧╩Gó♫LΓ▌╪ó£░ÉcI8}♦ö╔Wc∟Θⁿ«█│\_¡₧Åk
UQ→─≥╖J4Y√{s⌐P&ç↑σ▬2D╪╦Xè∟A╓(╨¬Ü♦5P☻ÉR>&♥☻±p%àqë╩▒♀NEà╕ö·►²zasó¬kåTµ♫∩¬i(!ÖEï╛┬²CuúiΦ?v│╞╫╨→NVKàY¬ΦpN≈^î9æ║9↓æⁿ# ¥■┤±£ò¶▐,■l♥á@☺E=╘ÿ▓≡"%╢)7,û▌╣╓+⌂S☼│▲←┐▀D╙Mâ╗É"╒K╜DZ█Ωn█1èäAÖ‼T°╥óσj│╤√┌╖≥■╡¶Φ╘╜╔╡§L÷╥⌐1y▬v/å↕ùÿ╗v@É☺()TàæFh
♥Äa╗t½⌠5╞Vd9■WF=⌐à\∩╕♥φ┤qQ¼£┐£KFr╒Ω"£╩≤ï♫Ñ8╨w;╢îrñè│É~ƒC⌂G÷╨=╔Φ∩"ΣQvg·◘₧Γ├ê☻eGδIî↑◘•P,╢íMε<‼é╡ä(Σx7%↕L≤¶┼∟░3ö≡L û_▓▌0£ó!7ε₧·K♀z₧└NíΓy/óù▄ⁿ↔εfs┐≤ei@rδ/àhg£>9⌂♣╚I²q╢äæ↑Θv-Γ$T♥S&┼00dc╡$☺╢W'╛♠FV↔X▼ⁿè7=╞25╘/áÑâ≡RéÉn‼#╒≡↔Fä`SΘ╝K°A▼½l⌂²ì]Q╘τ¡ù⌡⌂╥┌R~¶Ö╓óUVU▓∟╙!É¶╥59²ëΣ╔$'▄╛Ñ╫╛úº∩s↓ⁿ♣[Üa"d∙¡Θ?♠t└(NC⌡
I&I╧Eú╣Z¥▌hë╔ è∞QìOε$∟↑╧O⌂∞X=·1o♦f╣↕▒£├£│Q4ÿ?>◘$l╛φ≈«☺ò_╠σⁿ♀█☻▄+☺└g╩c▼ⁿ[g↑Xöπ=\î☻∟π2╞a'F─úw▒╒Ü↑8G█╢╤▌╚╨∩ï≤→P√eV«☼■♀#ⁿ|ú⌠E·á0─┌aëP☻═L↔╨-Θσ¿ó▼♣<┌Yw╟┼┼±UV;¬Ñ.█╗#‼∙Z◄        ♦ê>U2╧YîyZæì▐α0↕√‼sG▀D╒%£lFg♦A♀↑eç╙$─═af╓äùj▲ìê1↑
,K⌂x¥ä♠S╟k╓ñA
Å╒*εφ┌╥`('8╡╝┼⌠ña▄Oé        )Φ7üR↕à⌐╗è↓╥⌐+11(▬☻ùz♠)k▄20⌠°§[É        ÖBò¥$pÅè'τòX#U*ÿ╩╚╓╖1G:┌└─ksë└┬T╦?W►Ñd∙±ƒ└Σ≈zñ♀Ä╤╝=éΣ)û>xì♠MÄtú♂M»W≡b╛b≡à'qÖÅh÷♫·V@╟♦2►M§9=æ@▌πæze╢û25)├♠m├♠ⁿ8↑î▌(H        A±'W8σ╞↔∞∟nδ$☻%i⌡ºÿì
'‼§'(<xÄ╚'uΩQ₧ε
