ªªªªªªªªªªªªªªªªªªªªªªªªªªªªªªªªªªªªªªªªªªªªªªªªªªªªªªªªªªªªªªªªªªªªªªªªªªªªªªªªªªªªªªªªªªªªªªªªªªªª
ªªªªªªªªªªªªªªªªªªªªªªªªªªªªªªªªªªªªªªªªªªªªªªªªªªªªªªªªªªªªªªªªªªªªªªªªªªªªªªªªªªªªªªªªªªªªªªªªªªªª
ªªªªªªªªªªªªªªªªªªªªªªªªªªªªªªªªªªªªªªªªªªªªªªªªªªªªªªªªªªªªªªªªªªªªªªªªªªªªªªªªªªªªªªªªªªªªªªªªªªªª
ªªªªªªªªªªªªªªªªªªªªªªªªªªªªªªªªªªªªªªªªªªªªªªªªªªªªªªªªªªªªªªªªªªªªªªªªªªªªªªªªªªªªªªªªªªªªªªªªªªªª
ªªªªªªªªªªªªªªªªªªªªªªªªªªªªªªªªªªªªªªªªªªªªªªªªªªªªªªªªªªªªªªªªªªªªªªªªªªªªªªªªªªªªªªªªªªªªªªªªªªªª
ªªªªªªªªªªªªªªªªªªªªªªªªªªªªªªªªªªªªªªªªªªªªªªªªªªªªªªªªªªªªªªªªªªªªªªªªªªªªªªªªªªªªªªªªªªªªªªªªªªªª
ªªªªªªªªªªªªªªªªªªªªªªªªªªªªªªªªªªªªªªªªªªªªªªªªªªªªªªªªªªªªªªªªªªªªªªªªªªªªªªªªªªªªªªªªªªªªªªªªªªªª
ªªªªªªªªªªªªªªªªªªªªªªªªªªªªªªªªªªªªªªªªªªªªªªªªªªªªªªªªªªªªªªªªªªªªªªªªªªªªªªªªªªªªªªªªªªªªªªªªªªªª
ªªªªªªªªªªªªªªªªªªªªªªªªªªªªªªªªªªªªªªªªªªªªªªªªªªªªªªªªªªªªªªªªªªªªªªªªªªªªªªªªªªªªªªªªªªªªªªªªªªªª
ªªªªªªªªªªªªªªªªªªªªªªªªªªªªªªªªªªªªªªªªªªªªªªªªªªªªªªªªªªªªªªªªªªªªªªªªªªªªªªªªªªªªªªªªªªªªªªªªªªªª
ªªªªªªªªªªªªªªªªªªªªªªªªªªªªªªªªªªªªªªªªªªªªªªªªªªªªªªªªªªªªªªªªªªªªªªªªªªªªªªªªªªªªªªªªªªªªªªªªªªªª
ªªªªªªªªªªªªªªªªªªªªªªªªªªªªªªªªªªªªªªªªªªªªªªªªªªªªªªªªªªªªªªªªªªªªªªªªªªªªªªªªªªªªªªªªªªªªªªªªªªªª
ªªªªªªªªªªªªªªªªªªªªªªªªªªªªªªªªªªªªªªªªªªªªªªª»ª◘ªªªªªªªªªªªªªªªªªªªªªªªªªªªªªªªªªªªªªªªªªªªªªªªªªª
ªªªªªªªªªªªªªªªªªªªªªªªªªªªªªªªªªªªªªª»»ªªªªªª'╖ªªªªªªªªª»»ªªªªªªªªªªªªªªªªªªªªªªªªªªªªªªªªªªªªªªªªª
ªªªªªªªªªªªªªªªªªªªªªªªªªªªªªªªªªªªªªτ╖ááá╖'~á_ªªªª»»ªª»╖=^ÿºªªªªªªªªªªªªªªªªªªªªªªªªªªªªªªªªªªªªªªª
ªªªªªªªªªªªªªªªªªªªªªªªªªªªªªªªªªªªªªªá-╖ááááááááááááááá╖╖"☺âªªªªªªªªªªªªªªªªªªªªªªªªªªªªªªªªªªªªªªª
ªªªªªªªªªªªªªªªªªªªªªªªªªªªªªªªªªªªªªªªáááááááááááááááááá╖ááªªªªªªªªªªªªªªªªªªªªªªªªªªªªªªªªªªªªªªªª
ªªªªªªªªªªªªªªªªªªªªªªªªªªªªªªªªªªªªªª&ááááááááá╖ááááááá,___ªªªªªªªªªªªªªªªªªªªªªªªªªªªªªªªªªªªªªªªª
ªªªªªªªªªªªªªªªªªªªªªªªªªªªªªªªªªªª►ªªªªªªªªª__á╖╖á_á_ªªªªªªªªªªªªªªªªªªªªªªªªªªªªªªªªªªªªªªªªªªªªªª
ªªªªªªªªªªªªªªªªªªªªªªªªªªªªªªªªªªª┐ªªªªªªªªªªªªªªáªªªªªªªªªªªªªªªªªªªªªªªªªªªªªªªªªªªªªªªªªªªªªªªªª
ªªªªªªªªªªªªªªªªªªªªªªªªªªªªªªªªªªªτ╖»ªªªªªª»╖ª»ªááªªªªª»»ªªªª»◘ªªªªªªªªªªªªªªªªªªªªªªªªªªªªªªªªªªªª
ªªªªªªªªªªªªªªªªªªªªªªªªªªªªªªªªªªªª┐á╖ªªª____ááááááªG╖ªªªªªª¼áªªªªªªªªªªªªªªªªªªªªªªªªªªªªªªªªªªªªª
ªªªªªªªªªªªªªªªªªªªªªªªªªªªªªªªªªªªªª╖áá+╢ª»»║áá╖áá╖ªáá»»»ª^`╖áªªªªªªªªªªªªªªªªªªªªªªªªªªªªªªªªªªªªª
ªªªªªªªªªªªªªªªªªªªªªªªªªªªªªªªªªªª_ªª,áááá╖+áááááááσá╖ááááá╖áªªªªªªªªªªªªªªªªªªªªªªªªªªªªªªªªªªªªªª
ªªªªªªªªªªªªªªªªªªªªªªªªªªªªªªªªªªªªªªªª╖╖á½╖áá╖╖ááá:╖Páááá╖╖ªªªªªªªªªªªªªªªªªªªªªªªªªªªªªªªªªªªªªªª
ªªªªªªªªªªªªªªªªªªªªªªªªªªªªªªªªªªªªªªªTª~áááááΘáááá╖♥ªªááá╖∩\ªªªªªªªªªªªªªªªªªªªªªªªªªªªªªªªªªªªªªª
ªªªªªªªªªªªªªªªªªªªªªªªªªªªªªªªªªªªªªª╔╖╖╖ááááªªáááá╖áªªτáá-╖ªªªªªªªªªªªªªªªªªªªªªªªªªªªªªªªªªªªªªªª
ªªªªªªªªªªªªªªªªªªªªªªªªªªªªªªªªªªªªªªª{ááááá→~ááááá__ª»»¼ááªªªªªªªªªªªªªªªªªªªªªªªªªªªªªªªªªªªªªªªª
ªªªªªªªªªªªªªªªªªªªªªªªª»»»»»»»ª»ªªªªªªª╖ááá╖ááááª_ªªªªª╓¼ªá╗ªªª»»»»»»"^ª^ªáª╖,~___╖ªªªªªªªªªªªªªªªª
ªªªªªªªªªªªªªªªª___╝a╤♥88ª♥¬"»ª♠╖ªªªªª╖»τ╖á╖ááááááªªªªªªªªªªªªªªª╖ª_♥╖╖╖╖&áá╖╖ááª+σ╖ªªªªªªªªªªªªªªªª
ªªªªªªªªªªªªªª╖ªª=áááááá╖ááááªαª╖ªªª»╖ááª_╖╖__ª____á___ªªªªªªªªª0¼á╢╞áá_ªSáá+:___╖==="~»»»ªªªªªªªªªª
ªªªªªªªªª»╖╖ªªáªªSá╖¼ááá¼╖╖á╖á^+╖ªªΦáááávK¼ªª»á»»»»»»»ªªªªªªªªá╖¼ªáª&╖╖ªª►╖╖vσ^áª░ñpgª╖╖áá╖ªªªªªªªªª
ªªªªªªªª╤¼á_ªª¼^ªE¼╖áªª¼á╖á╖á╖╖á╖áááááá╖ªªªªª+ªª_____ªªªªª╢ªª-ááªªá½ªªáªª►á+ªªpááª╖╖╖╖ªªª╖áªªªªªªªªª
ªªªªªªªª~ªáªªª¼ªªªª╖~ªªá╖╖á╖ªµ-╖ááá╖╖áá╖áááªªª»»ªª»»»»»»~╖ªªªááá+ªáªªáªªO╖ª►╖~ªvª♦nª∟╖╖~^ááªªªªªªªªª
ªªªªªªáª╟ªáªªªªªªª►^vªªá╖ááªªáááá'→.á╖╖áá╖áªª╔áááááááááá╖ªªªª╖←áªªáª_¼ªª+ááª╖ª►vª1áááááá~-╖ááá`»ªªªª
ªªªªªª╖ªªâáªªªª¼ª»╖╖ªªªá-╖_ªªáááááá╖ááá¼á╖á╖╢_áá╖╖á╖áá╖_ªªªªªª╖áªªáªª╖mª¼á╖áá+ááª╖╖á╖á╖ááááááª♥ªªªªª
ªªªªª»ááªª╖áªªª╖ªª+╖_ªª╖áªªª\ªª╖á╖áááááááªªááOªªªªªªªªªªªªªªªª╖áªªáª±áªª╖áá╖áG╖ª%╖á╖áv▓½ááááªªáªªªªª
ªªª»Φ╖╖╖ªª{╖ªªªáªf╖_ªªªtáªªª+ªª╖╖á╖╖ááá,áªσáªª+»ªªªªªªªªªªªªªªª╖╖ªáªªªªªáá╖╖+ááªª╖ááªªªP¼áááv8áªªªªª
ªªª¼ªá╖v☺ª╞áªªª╖╝╓ªªªªª╖ªªªª0ª╖v8a╖áá╖♂áεªá+P╖ª╖áªªªªªªªªªªªªªª╖áªGªªªªá__τáªá;☺╖á∞á(ªª►ááá+ª¼ªªªªªª
ªªªª≈ªªªEªªááªªá╢╝ª»ªªª╖ªªªªªâáª__ááá╖+á_ªªªP--╖╖╖ªª╖áªªªªªªªªªªáªª╖Pªªªªv╞ªªªª-á╖áá╖ááá╖+áª☺╖ªªªªªª
ªªªª╟ªª╖ªªª,╖ªªáª-╖áªª╖ªªª♥_=╖ªªªªáá╖ááíσáªªO╖-╖á╖á╖╖ªª»»~~ªªªªªáªªá╖ªªªª_ªª_ªªá__τ_+á╖áááá♦+áªªªªªª
ªªªªªτªª╖+ªªáªªááá╖ªªªáªªáá∩áá+☻ªGá╖áá+P¼ªªªª╖áááááá(»╖áá╖áªªªªª►ªªáªªªªªªªªªªªªªªªªªªá╖╖á╖╖áªªªªªªª
ªªªªªª╖ªá=ªª_ªª¼+qªªªª╖ªª╖:╖ááááááááá╖ªªáªªªªáááá╖áá╖ááá╖á╖áªªªªªªªá-ªªvªªªªáªªª»ªªªªªq+ªá~ªáªªªªªªª
ªªªªªªª-áá+ªªªª¼ªªªªª►-»áááááá╖á╖á╖áávª`ªªªªª╖áá╖╖á╖ááá╖ááª╖ªª▓ªªªª╖ªª=ªªªªªªáªª_v`áªªªªª_╞¼ªªªªªªªª
ªªªªªªªªáá╖ªªªªªªªªªª╖áá╖ªá_á~▒╖ááá╖áªªáªª»+Pááá╖áááááááááªá╝Σá╖ªªªªªªá(&ªªªªªτ»ªªv╖ª_P◘ªªªáªªªªªªªª
ªªªªªªªªª╖ááª¼ª┼┐ª:ªG╖'╖+ª╝F»»◄ªg╟ª½ε/áªª♦áá╖εá╖á╖╖áá╖áá╖╖áááªá╖ªªª╖ªáá♥ªªªªªªª+ªª_¼ªªªS ªP╖ªªªªªªªª
ªªªªªªªªªª╖áªªªªá►╖╖áááá╖ªª_ªªªªªªªªª/ªªª╖áá╖+╖áááá╖╖á╖á╖╖áªªªááá»»╖╞ááªªªáªªªªªªªª__ªªªªªªªªªªªªªªª
ªªªªªªªªªª_╖ªªª╖╖¼á∟╖ª_ªªªªªªªªªªªªªªáªªªáááá╖╖╖áª╖╖╖á╖ªáá♥½ª╖áá╖áááá╖+ªªªr-ªªªªΘ╖ªªªªªªªªáªªªªªªªªª
ªªªªªªªªªªªªá^áá_ªªªªªªªªªª»ª~ááªªªª¼áªªσááááªááª\Pá╖╖╖á╖ráªª╖áá+ááá╖áá»ªªΣááªªªªá╖ªªªªªªªªªªªªªªªªª
ªªªªªªªªªª^╖áá+ªªªªª»ª»»»»»~»∞»ªª»»ªá╖ªZªááááªª╖ªªªá-╖á╖d╖ªªª╖ááªτ╖á¼_Pª+-ªT╖áªªª╟╖ªªªªªªPªªªªªªªªªª
ªªªªªªªª»╖___ªª_◘»╖-á►ááááá╖-ª_ªªªªªá╖σªá╖ááááª╖╖v╗á-╖╖/╖ªªªª╖á╖╖ªªªªªªªª_ª__á▓ªªªªªªªτ&~ªªªªªªªªªªª
ªªªªªªªªá╖»»`ªªªª╖ª_ªªªªªªªªªªªªªªªªá+áªááá╖á╖rª_,╖á-µ╖_#Pªªªáá[á╖ªªªªª☺ªª»»ªªªªªªªªªªª☺▓ªªªªªªªªªªª
ªªªªªªª¼áá╖á╖ªªªªªªªªªªªªªªªªªª»»ªªávªªª,áááá╖ª+ªªªª»ªªª╖ßªªªááª╖áªªªªªªªG=╖♦"ªªªªªªªªª_ªªªªªªªªªªªª
ªªªªªªªááááá¼ªª»-ªªªªªª___ªªªª&ªªªª8Oªªªª╖ááááª╟hªªª~ª╖╖↔vªª♦áá╖ªªªªªªªªáá╖╖áªªªªªªªªªªªªªªªªªªªªªªª
ªªªªªªªá½ªªªªªªªªª»»»ª~ªª►╖ª╖á+ªªªªªª_ªªªªááááªª+ª_ªªª+ªª4ªªáááªªªªªª┼ªª__áá_ªªªªªªªªªªªªªªªªªªªªªªª
ªªªªªªªªªªª»»»^╖á╖áááá_ªª_ªªªªªªªªªªªªªªªªªáááªª♥ªªSªªg±G=ªGáá_ªªªªªªªªªªªªªªªªª_ªªªªªªªªªªªªªªªªªªª
ªªªªªªªªªáááááá╖╖╖╖á__ªªªªªªªªªªªªªªªªªªªªªª╖╖ªªPªªªª8»áávªáááªªªªªªªªªmªεªªªªªªªªªªªªªªªªªªªªªªªªªª
ªªªªªªªª╖ááá-╖ªª__ªªªªªªªªªªª»»ª☻ª__ªªªªªªªªτáªª╟ªªªª╖á╖╖ªªááªªªªªªªªªªªªªªªªªªªªªªªªªªªªªªªªªªªªªªª
ªªªªªªªª-ª╖ªmªªªªªªªªª»ªªªªªªª_ªªªªªªªªªªªªªªτªªªªªª►╖á╖ßªª╖_ªªªªªªªªªªªªªªTªªªªªªªªªªªªªªªªªªªªªªªª
ªªªªªªªªªvªªªªª»^`╖áá╖╖ªªªªªªªªªªªªªªªªªªªªªªªªªªªªª┐á╖ªªªªªªªªªªªªªªªMªªªªªªªªªªªªªªªªªªªªªªªªªªªªª
ªªªªªªªªªªªªªªτ-╖áá╖ªª_ªªªªªªªªªáªªªªªªªªªªªªªªªªª&ªª,_ªªªªªªªªªªªªªªªªMªªªªªªªªªªªªªªªªªªªªªªªªªªªª
ªªªªªªªªªªªªªªªªªªªªªªªªªªªª__áá_ªªªªªªªªªªªªªªªªªªªªªªªªªªªªªªªªªªªªªªªªªªªªªªªªªªªªªªªªªªªªªªªªªªª
ªªªªªªªªªªªªªªªªªªºªªªªªªªªªªªªªªªªªªªªªªªªªªªªªªªªªªªªªªªªªªªªªªªªªªªªªªªªªªªªªªªªªªªªªªªªªªªªªªªªª
ªªªªªªªªªªªªªªªªªªªªªªªªªªªªªªªªªªªªªªªªªªªªªªªªªªªªªªªªªªªªªªªªªªªªªªªªªªªªªªªªªªªªªªªªªªªªªªªªªªªª
ªªªªªªªªªªªªªªªª☻ªªªªªªªªªªªªªªªªªªªªªªªªªªªªªªªªªªªªªªªªªªªªªªªªªªªªªªªªªªªªªªªªªªªªªªªªªªªªªªªªªªª
ªªªªªªªªªªªªªª»ªª»áªª»ááááª¼ááá»ªªªª_ááªªªªªªª¼á_ªª_ááªªª'áááªªªª_áá`ªªªáªª»áªªªª_ááªªªªªªªªªªªªªªªª
ªªªªªªªªªªªªªª¼ªª¼áªªááááªªªááááªªáªªªáªGªªªáªáª`áªªτáªªªááááªªªáªªááªªª╖ªªááªªªáªªáªªªªªªªªªªªªªªªª
ªªªªªªªªªªªªªªGªªááªGááááªªªááááªªááªªáªáªªªáªáGááªªªáªªªááááªªªáªªτááªªáªªááªªªáªª∟ªªªªªªªªªªªªªªªª
ªªªªªªªªªªªªªªGªªáªªáááááªªªááááªªá╖ªªáªáªªªáªááááªªªáªªªááááªªªáªªªááªªáªªááªªªáªªªªªªªªªªªªªªªªªªª
ªªªªªªªªªªªªªªGªª_ªGáááááªªªááááªªáªªªáááªªªááááááªªááªªªááááªªªáªªªááªªáªªááªªªáªªªªªªªªªªªªªªªªªªª
ªªªªªªªªªªªªªªGªªªªáááááªªªª∟áááªª_ª»ááááªªªáááá,_ª~ááªªªááááªªªáªªªááªªªªGááªªªáªªªªªªªªªªªªªªªªªªª
ªªªªªªªªªªªªªªGªªªªªááááªªªªªáááªª»ªªááááªªªááááá"ª_ááªªªááááªªªáªªªááªªªªáááªªªáªªªªªªªªªªªªªªªªªªª
ªªªªªªªªªªªªªªGªªªªªááááªªáªªáááªªáªªªáááªªªááááááªªªáªªªááááªªªáªªªáááªªªáááªªªáªªªªªªªªªªªªªªªªªªª
ªªªªªªªªªªªªªªGªªGªª¼áááªª_ªªáááªªáªªªáááªªªááááááªªªáªªªááªáªªªáªªªáááªªªáááªªªáªªªªªªªªªªªªªªªªªªª
ªªªªªªªªªªªªªªGªª¼áªªáááªG`ªªáááªªáªªªáááªªªáááªááªªªáªªªáªªáªªªáªªGáááªªªáááªªªáªªGªªªªªªªªªªªªªªªª
ªªªªªªªªªªªªªªGªªááªªááªªááªªªááªªáªªªáááªªªáááªááªªGáªªªáªªáªªªáªªááááªªªáááªªªáªªáªªªªªªªªªªªªªªªª
ªªªªªªªªªªªªªª_ªª__ªª_áªª_áªªªá_ªª_áªªτááªªªááááªªª»ááªªªªªª╖ªªªª»áááááªª∟á╖áªªªª»ááªªªªªªªªªªªªªªªª
ªªªªªªªªªªªªªªªªªªªªªªªªªªªªªªªªªªªªªªªªªªªªªªªªªªªªªªªªªªªªªªªªªªªªªªªªªªªªªªªªªªªªªªªªªªªªªªªªªªªª

PROUDLY PRESENTS..

TiTLE.........: Solo
RUNTiME.......: 98 min
RAR COUNT.....: 50x15MB 
SOURCE........: NTSC
VIDEO BITRATE.: 855 KBPS
AUDIO BITRATE.: 128 KBPS
FRAME RATE....: 23.976 FPS
GENRE.........: Crime | Drama
RELEASE DATE..: April 14, 2009
iMDB RATiNG...: 4.7/10   176 votes
WEB...........: http://www.imdb.com/title/tt0477472/


RiPPER NOTES:
Think you can make the cut at KART3L? 

KART3L is currently looking for
Legit 100mb+ sites for affil
Look for us :)



                    RESPECT THE GAME!!!!
