██████████████████████████████████▀░  ▄▄███████████████████████████████████████
██████████████████████████████▀▀▀▒   ▐████████████████████▓▀▀▀█████████████████
███████████████████████████▀▀  ▄▄█▌   ▀ ▐████████████▀▀░ ▄▄████████████████████
███████████████████████▀▀▀▀   ▐████░   ▄█████████▓▀   ░░▓██████████████████████
████████████████████████   ▓   ▀  ▓█   █████████▀    ▐ ████████████████████████
███████████████████   ▐█▌  ▐▌   ▄███▓  ▐███████▌     ▐ ████████████████████████
█████████████▀    ░▒   ██   ▓▌  ▐███████████▓▓██▄     ░░▀██████████████████████
███████████▓   ▄█   ▌  ▐█▌  ▐█▄ ▄██▓▀▀███████▄▀██▄▄░      ▀▀▀██████████████████
███████████▌   █▀  ▐█▄  ▀▌  ▐████▀   ▄██████████▓▄▄▄▄▄▄▄░     ▀▀███████████████
████████████▌     ▄███▄▄▄▄▄██▀▀▀░  ▐██████████████▌████▀██▓▄▒     ▀▀▀██████████
█████████████▌  ▐█████████▀   ▄▄▌   ▀░░████████████████▌░▀████▄     ░  ▀███████
██████████████▌  █████▀▀▀▌   ████▌   ▄▓████████████████▌▐ ▀████▓      ▒ ▀██████
███████████████▄▄█████   ▐   ▀░ ▐█░  ▓████████████████▀ ▌   ▀████▌     █ ▐█████
█████████████████▌  ▐█▌   ▓   ▄▄███  ▐████▐████████▀▀ ▄▀   ░ ████▌░   ░▓ ▐█████
████████████▀   ▀▀░  ██▌  ▐▌  ▐██████████▀ ▓█████▀ ░▄▀      ▄██▀░    ▄▀  ▐█████
██████████▀  ▄▄▌  ▐  ▐██  ░█▌  ██████████  ▌▀▀▀▀░▄▄▀      ░▀▀     ░░▀   ▄██████
█████████▌   ▓█▌ ░█▄  ▀█  ▐████████████▀  ▄▌  ░▀▀▀                   ░▄████████
██████████▌     ▄███▄▄  ▄▄██████████▀▀  ▄▀▀         ░       ░░░▄▄▄▄▄▓██████████
███████████▌   ▄████████████▀▀▀▀▀▀▒░▀▒░░▄▄        ░    ▄▄▓█████████████████████
████████████▌  ██████████▀    ▐▄▒▀░   ░   ▀▒░░   ░   ▄██▓▀▀▀███████████████████
█████████████▄▄▓████████░  ░  ▓▒▄▄▄ ▒▄▄▓▄▄▄▄▒▄░      ▀   ▄▄████████████████████
███████▀███████████████░  ▄   ▐███▀▓▄▓▀▀▀░ ▀██▌           ▄▄███████████████████
█████▀▄███████████████▓   ▐▌    ▐▒          ▐▀▌       ░   █████████████████████
████▌ ▓███████████████▌    ░    ▐▄▄     ▄▄█▄ ▐▌         ░ ▀██████▀█████████████
█████▄▄▄▄▄▀▀██████████▓    ░   ░██░▓████▓▀███▄▌▀▄     ▌   ░  ▀▀   ▓████████████
███▓▀▀▀███▌ ▐█████████▓  ▀     ▐█▓███▌ ▀████ ▐▄░▌     ▀▄▄            ▀▀████████
█▓  ▄████▀▄▓████▀▀███▀  ░       ▐▌▀▀▒▄▄▒ ░░▄▓▐▀▀                        ▀██████
█▌ ▐██▀▄▄████▀▀░       ░         █░        ▀ ▐▌                  ░      ░ █████
███ ▄▄██████▌       ░░     ░     ▌░ ░▄▄▒▀    ▓▐   ▄░▄▄   ▄        ░   ▒  ░░████
██▌▐██████▀░      ░       ▄░     ▐▌        ▄▓▌ ▀▄▓▌▄▄▄▀▀▄▄▓▄▄▄░       ▀  ▐ █▓██
███ █████                       ▄▐█▄▄░  ▄▄▓█▌▄▐██▌▄▀▄▀▄▀░▄▄▄███▄         ▌▐████
██▓▄▓███░░░ ▄▄  ▄           ▄▄▄▌▄████▌▀██████▌██▀ ▄▀▄▀▄▀▀▀▀▀▀▀▀█▌      ░░   ███
█▌▒░▀   ▀▀▀▀▌ ▀▒ ▌        ▄▌▀▄▀▐███▀█░▌ ▀██▓▐██▀▄▀▒▄▒▀          ▒▒▄         ░██
████▄▄▄▄▄▌▄▄█  █ ▀▄▌     ▄▀▀█▄▒ ▐█▓▓▀▒█ ▀▓▓▀▀▀▌ ▄▄██▌          ▐██▐▌        ░██
████▀   ▓  ▀▀▀▒▓▌ ▐▌   ▄▀   █▀▄▄▌▌  ▀█▀▌▀    ▐▀▀▀░▄▀▀▄▄         ███▐░    ░  ▓██
███▌ ▄ ▐▄  ▀▀▀▌▐▌  ▌  ▄   ▄█▒▀      ▓▀ ▐            ░░▀██▓▓████▄▐█▌▐▀▄    ▄████
███  ▌  ▌ ░▀▀▀▄▌   ▌ ░▌▄▄█▀░░      ▐▀  ▐        ▄     █▄▓█████████    ▀▄███████
███  ░  ▀▄ ▄▄▄▓▌ ░▀   ▌▐██▌ ▐▀▄   ▐▌   ▐     ▄▀▐▌   ▄████▌   ▀▀▀▓█▄▄   ░▓██████
████▄    ▐░ ▐▀▌ ▐▓    █▒▀▐▌ ▐ ▀▄  ▐    ▐   ░▀  ▌  ▄███████        ▀██▄ ▀▄▀█████
██████    ▐▄▄   ░█  ▄▀   ▐█▄▐   ▓▄▓    ▓▄▄▄▀  ▓███████████▄         ▐█▌ ▐▌▀████
█████▀    ▐█▓▄▄▒▄▀▄▐▀    ▐███▌   ██    ██▀   ▐█████▀▀▄██████▄▄▄▄▄░░▄██░  ▀▄▄▀██
███▀       ▐█████▄░▀     ███▀▀▄   █    █▀   ▓▀▀   ▄▄▀▄███████▐███████▀░▄   █▌▀█
██▀  ░      █▒█████▄▀▄▄▄████▌ ▀▌  ▐▌  ▐▌  ▄██▄▀▀█▀░▄███████▀▄██████▀     ▄▄███░
█▌   ▌      ▌░▐██████▄▀██████▄▄▀▄  ▐  ▓  ▄▀▀  ▄▀▄▀▀▓██████▀▄██████▀   ▄██████▒█
█    ▌      ▐ ░▓██████▓▌█████▌▄▒▀▀▄ ▌▐░▄▀ ░▄▄█  ▄▄██████▀▄███████▌  ▄█▀▀▄██▀▄██
█ ░         ▐▌ ░████▀▓██▐████▓▐██▄▄▀▓▓▀▀▀▀▀▀██████████▀▄████████▌░▄▀▀░▄███▀▄▀██
█▌ ▀▄        ▓▄▐▄█▓█████▐████████▄▄░▄█▄▒▀██████▀▀▄███▌▓█████████ ▄█▄▄███▀ ▄█░▐█
██▓▄ ▀░▄      ▀▒▒▓█████████████░▀█▒▀▐█ ░▀▀▀▀▀▒  ▄███▀▄█████▓███ ▓██████▌▄▓███ ▐
█████▓▄▄▄▄░░░░  ░▀▄▀███▀▐█████▌▄▐▄  ▐█   ▄▄█▀░ ▄████▒██████▒██ ███████▀▄█▀███▌
███████████▓▀▀     ▀▀▀░ ▌█████▌█ ▀  ▐▌  ░▄██▀▓▄▒ ░▀▀▀██████▓▓▄██████▀▄███▌████▌
█████████▀             ▐▐██▌██▓███▄░█▄▄███▀▄▄█▓▀▀▒▄    ▀▀█▓▀█████▓▓ █████▌▐████
███████▀ ▄▀            ▐▐██▐█▌ ▀▌▀▒▄▄▄▄▄▄▐ ▐   ▄░▀ ▄      ▀█▓▀███████████▌ ████
██████▌ ▒         ▄    ▌██▌▐█▌  ▌ ▐██████▐ ▐  ▌ ▄▄▀ ▄       ▀█████████████ ▐███
██████           ░    ▐░██ ██▌░▄▄▄▀▀▀▀▀▀▀▐▄▓███▓ ▄▄▀░ ▄      ▐█████████▌██  ███
██████░               ▓▐█▌▐██    ▀▀▀▀▀▀▀▀▀▓▓▄▀▀▓▓█ ▄▄███▄▄▄▄████████████▐█  ░██
██████▌              ▐▌▐█▌▐█▓  ▀▓█▌      ▄▀▄▄▀▒▄██████▀█████████████████▌█▌   ▀
███████▄░            ▐ ▐█ ██  ▀▀▄▄      ▐█▀▀▄██▓▀▓█████ ████████▓████████▐▌
█████████▄▄░         ▌ █▌▐█▀  ▀▄▄▀▌        ▀▀▄▒▀░  ▀▀███░███████▓▐████████▌
██████████████▀     ▐  █ ▐░    ▄▓█▄      ▄▄▀▀▄▄      ░███▐███████▐████████▌
██████████▀▀▀       ▌  ▌▓      ▄▓▀██████████▓▀▀       ▐██▌███████░█████████
███████▓  ▄        ▐  ▐▀      ▐▓██████████▀▀▀▓██       ▓██░██████▌▒████████
███████  ▐         ▌ ▄▀      ▄███▀████████▌   ░█▌      ░██▌▐█████▌▐████████
███▒███▌ ▐        ▐░▄▀      ▓▓▀ ▄█████░████     ▀       ▐██▐██████ ████████▌
███▐████▄ ▒       ▌▐▀      ▀   ▄█████░▐████▌            ▐██▌▓█████▌▐███████▌
█████▀▀░▄▄░▒     ▐▐▌          ▓█████▌▐██████▌            ██▌▐██████ ███████▌
██▀▀▄░▀         ▐▒▓         ░██████▌ █ ██████            ▐██▐██████▌▐██████▌
▓  ▒          ▄▄▀█░        ░██████▀ █▓░██████▓       ▄   ▐██▐██████▌ ██████▌
           ▄░▀░ █▓   ▌     ██████▀▄██▌▐███████▌      ▐▄  ▐██▐███████░▐█████▌
               ██▌  █░    ▐█████▀▄███▌▐████████▌     ▐█▄ ▐██▐███████▌ █████▓
              ███  █▌    ▐████▀▄▀▐███░██████████▌░   ░██▄▓██░████████░▐█████
             ████ █▀    ▄████▀▄▀ ▐███░██████▐████▌▐▄▄▓██▓███▌████████▌ ▐████
▄           ▓██▓▌▐░    ▄███▀▄▀   ▐███▐██████▐█████▄▀████ ▀██▌▓████████░ ████
▀▄         ▐██▒▀   ▓▄▄████▀▄▀     ███▐██████ ██████▓▀██▌  ░▀█▐████████▌ ▐███
███       ▐██▌▌    ▓█████▀▄▀      ███▐██████ ▐█████████     ▐▄▀████████▌ ███
█▀        ███▐▌    ▄███▀▒▄▀       ▓██▐██████  ████████▌▄    ▐█▄▀████████ ▐██
█         ███░█▌  ██████▀█▌       ▐██▐██████  ▐████████▓▓▄  ░██▄▀███████▌ ▐█░
▌         ███▌▐█▄ ▒▀██████▀▄      ░██▐██████▌  ██████████▀█▒██▌▐█░▀██████  █▌
▌    ▀     ▀██▄▐███▌▐█████▌▀▄      ██▐███████▄▄▀▀▀▀▀█████▌▐▌▀█▌███ ▀█████▌ ▐▌
█           ░▀██▓███▄██████▌▀▌     ▐█▐█████▀▀       ▀████▌ █▄░▐████ ▀██████▓▌
█▓             ▐█▐██████████▌▐▌     █▒███▀       ░   ▐███▌░▐█▌▐███▀▄▄▐██████▌
███▄▄   ░░      ▐▌▓██████████ ▓     ▐▌█▀          ░  ▐███▌▐█▓▀▄▀▄▄███▌██████▌
███████▓▄▄       ▌▐██████████░▌      █▌              ▐███▌▐███▌▐██████▐█████▌
██████████       ▐▌▐█████████▐       ▐▌              ▐████▒████ ██████▐█████▌ ▄
██████████▄ ▀▄▄▄▄▄█▌████████▌██▄      ▓     ▄       ▄██████▐███▌▐█████▐█████▌▄█
███████████▓▄░▀▀▀▄▓█▐███████▌████▓▄   ▐▌    ▐███▄▓██████████ ███▐█████▐████████
████████████████████▌▐██████▌██████▄   ▓     ████████████████ ██░████▌▓████████
█████████████████████▌███████▐███████▄ ▐░   ▄█████████████████▌█▌████▌█████████
██████████████████████▐██████▐█████████░▌ ▄▓███████████████████▐▌▓███▌█████████
██████████████████████▓▓█████▌█████████████████████████████████▌█▐███▒█████████
███████████████████████▌██████▐████████████████████████████████▌▓████▐█████████
███████████▓▀▀▀▀▀▀▀▀▀▀▀███████▌▐▌       ░▀▀▀▀▀▀▀▀▀▀▀▓███████████▓████▐█████████
▀▀▀▀▀                  ▐█▓▓▓█▀▀██                             ▐█▓▓███▐ ▀▀▀▀▀███
                       ▓███▓████▌▌                            ▐▌███████▓███████
                     ▄▓▓▓▓█████▓█▐▌                ▄▄▄▄▄▓███████▀██████████████
                   ▄▓▓▓▓▓██████▓█▀▓        ▄▄▄▄▄▄██████████████▌░▓█▓█▐█████████
               ▄▄▄████████████▀▀  ▐▄▄▓████████████▀▀███▀▀▄▄▄▀██░▓▓▓▓█▐▐████████
            ▄▀▀▀▀▀▀▀▀█████▓▄██▄▄▓███████▓▀▀▀▀▀▄▄▀▀▐█▄░▄████▀░▓█▒▓██▓█▌▌████████
            █▄▄▄▄▄▓█▀▀▀█▓▓▀▀▀▀▀▀▀░   ░▄▄▓████░███ ▐██▌███░   █▀██████▀████████▓
                     ▄▄▄   ▄████▄    ▀▓▓███   ██▓ ███▐█████▌▐▌  ▀█▀▀  ▐█████▀
             ▄▄▄▄  ▄█████▄███▀██▓      ▐██▌  ▐██████▓▐██▀▒▄ ▐▓▄     ▄████▓▀
    ▄▄▄█▓▄  █████ ▐██▌▐█████▓░▀█▌      ▐██▌  ▐██▀▐██▌▐█████▌ ▓▀█▄▓█████▄▄▄▄▄
   ███▀▀██▌▐██▐██▌▐██▓▄▀▀ ▀███▓▄       ▐██▌  ▐██ ░██▌ ▀▀▀░ ▄  ▀▒▄▄▄▄▓██▓▀▀▓█▄
  ▐██▓▄███▐██▌▄██▌ ▀▀███▓▄▄▄▄▓██▌      ▐██    ▄▄▄░   ░▄▄▄▓██▄▓██▓▀▀▀░   ░▒███▓
  ▐████▓▀ ███████████▄███▀▀███▓▀     ░▄▄ ▄▄▄█▓▓███▄  ██▀▄▄▀▀▀▀        ░░░▐████▐
  ▐██▀   ▐██▀  ▐██ ▀▀▀▀▀   ▄▄▄▄  ▄▄█▓▀▀█▌██   ▐█ ███▄█▌░          ░▄▄▄▓██████▌▒
  ▐██    ░▀▀ ▄▄▄▄▓█▓▄▄▄ ▄█▀▀▀▐█▄ █▌   ▐███▌   ▐▌  ████▌     ▄▄   ▐███████▀▀▀▒▒░
       ▄▄▄▄██▀▀▀▀▀░▀▀▀███▌   ▐████▌  ░████▌  ░█▌   ███░▄▄▓███▌  ░▐███▀▄▄▒▀▀░
 ▄▄▄▓█▓▀▀▀░           ▐██▌   █████░  ░████   ░█     ██  ░▒███▌  ░▓███▐▀░
██▌▀           ░▄▄    ░██   ░█████   ▐████  ░▐█      ▀  ░▐███░ ░░███▌░   ▄▄
 ▀█▄      ▄▄▄█████▌  ░░██   ▐████▌  ░▐███▌  ░▐▌ ░▒     ░░▐███ ░░░███▓▄███▀█▌
   ▀█▄▄██▀▀ ░▓██▀▀ ░░░▄█▌  ░▐████▌  ░▓███▌ ░░▐▌ ░▐█   ░░░▐███ ░░▐███▀▀░  ░██▄
    ░▀███    ▀▀     ░▀██▌  ░▓████   ░████  ░░█▌░░▓██ ░░░░███▌ ░░▐███░    ▐███▌
       █▌             ░██░ ░█████▄▄  ▀▀▀  ░░▐█░░░████░░░░███▄▓▓▀▀▐██     ████░▌
      ▐█▌   ░▄▄▄▓▄░   ░▐█▌░░▀▀▀▀ ▐█░░   ░░░▄█▓░░░█████▄▓█████    ▐█▌    ▐███▌▐▓
      ▐█░ ░░▐█████▌  ░░▐█▌      ░░▀█▄▒░▄▄▄▓██▌▄▄█▀▀  █████▀█▌    ██▌   ░▓███▌▓▒
      ▓█ ░░░████▀▀  ░░░██░  ░░░▄▄▄▄██▓▀▀▀  ▐█████░    ███ ▐█▌   ▐██    ▒████▐▌░
      █▓░▄▄▄▓▀▀   ░░░▄██▌▄▄▄▀▀▀█████▌       █████      ███▐█▌  ░▐██   ░▐███▌▐▌░
   ▄▄▓█▓▀▀     ░░░░▄▄▀▄█▀▀   ░▐████▓        ▓████       ████   ░▓█▌  ░░▓███░▓▒
▐██▀▀░    ░░░░░░▄▄█▓▄██▀     ░▓████    ▄    ▐███▌        ██▓  ░░██▌ ░░░████▐▒░
▀█▌   ░░░░▄▄▄██████▀██░       ████    ▐█▌    ███▌  ░▒    ░█▌ ░░▐██ ░░░▐███▌▓▒
 ▐█░░▄▄▄██▓▀▀   ▀███▀    ░   ▐███▌   ▒██▓  ░▄▓██▌  ░▐█    ░▌ ░░▐██▄▄▄▓████▐▌░
 ▓███████▓        █▀    ▄▌   ▐██▌   ░▓██▀▀▀▀   ▐  ░░▐██     ░░░▐██▀▀▀████▌▐░
    ▀▀▀▐█▌   ▐▄     ░░░██   ░▓█▌  ░▀▀        ░▐█  ░░▓███   ░░░░█▀   ░░██▄ ░
       ▐█░  ░██▄   ░░▄███  ░░█▌          ░  ░░▐▓ ░░░█████  ░░░▐█  ░░░▒▓███▄
       ██  ░░███▄░░░▄███▌ ░░░█    ░▄▄▄▓███▌ ░░░▌ ░░░███▌██▄░░░▐██▄▄▄▓▀▄███▐▌░
       █▌  ░▐█████▄▓▓███▌ ░░▐  ░▒▐██████▓█▌ ░░▐▌░░░▐███▌░▀█▄▄███████████▀▄▓▒░
      ▐█▌ ░░▐███▒▓██████ ░░░░ ░░▒████▒▄▒░▐█░░░▐▌▄▄▄████▐▌ ▀▀▀████▓▐▒▀▀▒▒▀▀░░
      ▐█░░░░████▐▓░ ▀░██ ░▄▌░░░░████ █▒░ ▐█████████████▐▒   ▐█░░▀▀░░
      ██ ░░░███▌▐▌░   █▌░▄▄▄▓██████▌▓▒░   ▀▀▀▀▀▀▀░█▀▀▀▒░░
      █▌ ░░▐███▌▌░   ░█████████▓▀▀▄▒░░
     ░█████████▐▒░         ▀▀░░▒▀▀░░
        ░█████▌▐░░               ▄
              ░                  ▓▒      ▐▌    ▄▌
                           ▐▄    ███▄▄▄▌▄ ▐ ▌ ▐█▌
                     ▄▄     ██▄▄█████████████▄██▌ ▌ ▄▀
                      ▒█▄▄▄██████████████████████████
                    ▄ ▐███████████████████████████████▄▐▀
            ▄▀▀▀▀▀▒▄▀▀▀▀▀▀█▌▀▀▀▀▀██▀▀▀▀▀█▀▀▀▀▀▀▌▀▀██▀▀▌▀▀▀▀▀▐▒▀▀▀▀▄
            ▒  ▄▒  ▐░ ▐▄  ▐▌  ▄▄▄█   ▄▄▐█  ░▄▄█▌  ▀▌  ▄▄  ▄▄▄  ▄▄▄▀
       ▄▄   ▐  ▀▀  ▐▌ ░▀  ▄▌    ▐█▄   ▀▀█     █▌      ██  ▐█▌  ▀▒▌         ▄  ▄
 ▀██▄▄▀▀███▀░▌  ▄▄▀▒▌    ▀█▓  ▐▄▓██▀▓▄  █   ▄▄▓▌ ▐▌  ▐█▒  ▓█▓▓▄  ░▄ ███▀▀█████▄
 ░█          ▌  ▌   ▌  ▌▄ ░█     ▐▌    ▄█      ▌ ▐█▌ ▐█▌  █▓  ░  ▄▀         ▀██
 █▐          ▀▒▀▀ ▄▄████████████████▓▓██████████████████████▌▄▄▄▀▀           █░
 █▐▌               ░▒██████████████████████████████████████▐                 ▌█
 ██▌               ▄▀██████████████████████████████████▀▀▀▀▀▀                ▌█
 ██▌                  ▐▓█████████████████████████████▒▌                     ▐▌█
 ▐█                  ▄▀▀▀▒██████████████████████▒▀▀▌▀▀▀▄                    ▌█▌
 ▐█                       ▄█▀  ▐██▒█████▀█▓█████▌        ▀                  ▌█
 ▓█                      ▐▀    ░██▀░ ▌▐█▌ ▐  ▀██▌                           ▌█
 ▀█                            ▐█▀     █       ▀▌                            █
 ▌█                            ▐       ▀                                    ▐█░
 ▌█                                                                         ▐██
 ▌▌                                                                         ▐██
 ▐█                                                                         ▐▌█
 ▐▓    Title.........: Und wieder ist Freitag der 13.                       ▐▌
 █▌    Release Date..: 07/2025                                              ▐▌
 █▐    Retail Date...: 27.02.2025                                           ▐▒
 █▐    Cine Date.....: 13.05.1983                                            ▐█
 █▐    Year..........: 1982                                                 ▄██
 ▐█    Runtime.......: 95 Min                                               ▐██
 ▐█    Size..........: 1.13 GiB                                             ▐▌█
 ▐█▌   IMDB..........: https://www.imdb.com/de/title/tt0083972               ██
  █▌                                                                         █▌
  █▌   Genre.........: Horror, Thriller                                      ▐█
  █▌   Language......: German, English                                       ██
 ▌█▌                                                                        ▌█
 ▐█    Video.........: 720x312p (Half-SBS) @ 23.976 FPS                      █
 ▐█    Codec.........: x264 CRF19                                            █
 ▐█    Bitrate.......: 927 kb/s                                             ▐█▓
 ██    Source........: BD50                                                 ▐█▐
 ██▌   Format........: MKV                                                  ▐█▐
 ▒█                                                                         ▐█▐
 ▐█▌   Audio.........: German AC-3 5.1 @ 384 kb/s                           ▐█▌
 ▐█▌                   English AC-3 5.1 @ 384 kb/s                          ▐█▌
 █▐▌                                                                        ▐█▌
 █▐                                                                         ▐█▐
 █▐                                                                          █▐
 █▌    Subtitles.....: German, German SDH, English, English SDH              █▌
 █▓▄▄▄                   ▄▄▄▄▄▄             ▄          ▀▄▄▄▄▄▄▄▄             ██
 ▀██████████████▀▀▀▀████████▒▀▀▀▀▀▀▀██████████████▀▀█▀▀▀▀████████▓▓▄▄▄▄███████▄
   ▀▄▒░▀         ▒  █▌▒        ▐ ▌         ▐▐▐░      ▐▌▐  ▒     ░▀▒ ▄▓▄▀ ▄▀
▄   ▀▓▀▄▀▄        ░  █▌▒       ░▌░          ▌▐       ▌▐▌ ░     ░▀▒ ▄▓▀  ▒
▀█▄   ▀▄▒░▒           ▓▌        ▒           ▌▌      ▐░▌       ▄▀▀ ▄▓▀ ▄▀      ▄
▄ ▀▓▄   ▀▒▄▀▄         ░▓▌       ▐          ░░░     ░▌▒       ▄▒▀ ▄▌  ░      ▄▓▒
▀▀▄░▀▄    ▀▄░▄         ░▒▌                  ▐      ░▐▄▄     ▄▒▀ ▐▀  ▀     ▄▓▀▄▀
  ▀▓▄ ▀▄   ░▀▄▀         ░░            ░▄▄░░       ░░ ▀▀▄▄▄ ░▒▀░▒░ ░      ▄▀▓▀▄▓
    ░▀  ▀    ▀▄▀▄        ▄▄▒▒▄▄▄▓▀▀▀▀▀▀▀▀▀▀▀▀▀▀▄▄▄▄░    ▀░ ▄▀░         ▄▀▄▀▄▓▀
▀▄     ░       ▀▒░     ░▄▄▀▀▀▀▄▄▄▄░              ░▀▀▓▄▄   ▄ ▄▄▄▄     ░▓▄▀▄▓
▀▄▀ ▄      ▀▀▄▄     ▄▄▓▀▀  ░▀▀   ▐▄▄▄              ▄▄▄▄▄███████▓▌   ▄▓▀▒▀▀
▀▓▄▐▌▀▄         ▄▒▄▓▀░   ░▄      ▐▓█▓     ▄▄░ ▄▄████████▀▀▀▀       ▐▀▀▄▀
   ▀█▄▄▀▄      ▄▒█▀ ▄▄▓██████▄   ███▌    ▒▄▄▄  ▀▀▀▀▀████  ▐█  ░   ▄▀░
      ▀▀▄░░   ▀▄█▒▄████▓▀░ ░██▌ ▐███   ▄▐███▀█▄    ▐███▌   ▓▌ ▓ ░▀            ▄
▒▄       ░    ▐█░▀▐▀▀██▓   ▐██▓ ███▌  ▐▓███  ██▌   ▐███    ▐█ ▐             ░▒▀
▒▀▒ ▀▄        ▓▌     ███  ▄███▌ ███░  ▓███  ░███   ███▌ ░▀ ▐█ ▐            ▒▄▀░
▀▒▒▀▄░░░      █▌     ███▄███▓▌ ▐██▌   ▓██▌  ▐███  ▐███   ▌ █▌ ▓         ░░▓
     ░░      ▌▓▌▐░   ▓███▀▓▀▀  ▐██▌   ▐██▌ ▄██▌▌  ███▌ ░▀ █▓ ▐▌
             ▒▐█░▌▀  ▐██▌▀     ███  ▄▄ ██▓▄███▀  ▐███   ▄█▀ ▐▀░
               ▀█▄   ▐██▌      ███████▄ ▀▀▓▀▀▀   ▐██▌ ░▄█▀  ▀                ▄▄
                ▀█▄   ▐██    ▄████▓▀▀▀           ▀▀▀▄▄█▀                 ░▀▀▒▄░
                ▀▄▀█▄░ ▀▀    ▀▀▀▒                ▄▄█▀  ▄▒              ▀░░▓░░▒▒
▒▒▒█▄░            ▀▄▒▀▓▄▄░                  ▄▄▄█▀▀▓ ▄▄▀                    ▀▀▀▀
      ▀             ▀▀▄▄▀▀▀▀▄▄▄▄     ▄▄▄▄▓▓▀▀▀▀  ░▀▀
                              █▀▄  ▄█
░░▀▀                        ░█▀░▄▄▓▀                                     ▄▄▀▀▀░
                           ░█▀▄▓▀                                        ░ ░░▀▀
                           ██▀▀
                          ▀▀
▀▀▀▒░                                                                     ▄▌░▒▒

                                                                         ░■■▀▀▀
░▀▀▀ ▀
            Jason Voorhees stalks a group of friends who have just
     ▒▄▄    arrived to spend the weekend at a cabin near Crystal Lake.
▀▒▒░▓                                                                     ░ ▄▄░
                                                                            ▀▀

      ▄░
 ▄▄▒▀▀▄░▀                                                              ░░░▒▄░▄▄
▀▄▄░▀                                                                 ░▀░▄█▀▀▀
▀                                                                          ▓▀▀░

      ░░                                                                ░░▄
▒▄▒▀░                                                                     ▀█▒▒▄
▒░▀                                                                 ░░       ░▀
        ░▄░                                                          ░▀░▄▄
      ▄▓▀                                                              ▀▄▒▐▓▄▄
 ░▄▓▓▀ ▄░                                                                ░▀ ▀▀▓
▀▓▒▀▄▄▓                                                               ░     ▀▒▄
▀░▄▀▀             ░                                                    ░░▄
▄▀     ░░       ░░░                                           ░          ░▀▄
    ▄░▐       ▄▀▄░                   ░▄▄▄▓███▓▄▄▄      ▒▄      ▀▄         ▀▒▀▄▄
  ▄▀░       ▄▒░▒                  ░▄████▓▀▀▀▀▀▓████▄    ▒▒       ░▄         ▀▄▀
▒▀░░      ▄▌▀▄▀                 ░▄██▓▀ ▄▄▄      ░▀███▄   ▒▀       ▀▒▄  ░░   ▀▄▀
▄▀      ▄█▀▄▀       ░▄▓██████▄▄▄███▀ ▄▄▀▀          ▀██▄  ░▒▀▄▄▄   ▄▄▀▄░  ░░   ▀
       ▄█▀▄▀       ▄███▀▀▀▀▀▀█████ ▐█▀              ▀██▌  ▐█▓▀▀░ ░▀░▄░▀▄  ░▒
     ▄█▀▄▀        ███▀▄▓█▀    ▀██▌ ▀▀                ▐██▄▄▄▄▄▄▄ ░▄  ▀▓▄▀▓▄  ▀▄
   ░█▀░▄▀    ░▄▄░▐██ ▐█▀      ▄▄█▄▄▄                 ▐██████████▓▄▒   ▐▌▄▀█▄  ▀
  ▄█▀▄▀  ▄▄████████▌ ▀        ▒▀▀▀▀░▀    ▄  ░▄▄    ▄▄ █▀▀░   ░▀▓███░▄ ▄▄▄▄▀█▄
▄█▀ ░  ▄███▀▀▀▀▀▀▀▓█▓   ▄▄ ▄▓▌ ▄▓██▄▄▓█████████ ▄████▒          ▀███▌▐█▀▀▒▄ ▓▒
▓▒▄▀ ▄███▀ ▄█▌      ▀  ▓██ ██░▄██▀██▀▀██ ▐█▌   ██▀▀               ██▓ ░██▓▀   █
▄▀  ░██▓ ▄█▀           ███░█▓▐█▌  ██ ▐█▌ ▐███▀░█████▌             ▐██
    ▐██ ▐█▌           ▐█████▌██  ▐█▌ ██  ██      ▄██░           ▐▌▓██
    ▓██ ░▀            ▐█▌███░██ ▄█▀  ██ ░████▓▄███▀            ▄█▐██▌
    ▐██▌              ▐█ ▐██ ▀██▀   ▐▓▌ ▐▀▀▀  ▀▀▀ ▄          ▄█▀▄██▀
     ███▄             ▀▀                        ▐██▄░      ▄▀▀▄███▀
      ▀██▓▄       ▄             █▄           ░▄███▓███▓▄▄▄▄▄███▓▀
       ▀▀████▄▄▓███         ▄█ ████▄▄▄░░▄▄▄▄████▀░  ▀▀▀▓██▓▀▀▀
           ▀▀▀▀▀░███▄      ▄▀▄██░▀▀█████████▀▀
                 ▀████▄▄▄▄▄▄███
                    ▀▀██████▀▀                    ▄████▒
                                                 ██▀▀ ░██▌
                                                ███    ▐██
                                                 ███ ░░██
                                                  ░████▀      ▄█▓▄
                                                             ██ ░██      ▄▄
                                                              ▀██▌      █ ░▓
                                                                         ▀▀
         Forced subs are muxed as UTF-8 .srt (2D) for rule compliance
         3D VobSubs (incl. -forced) are included in /Subs with 3D
         depth reserved.


▄▄░                                                                         ░▄▄
▀▀▀▀▀▓▄▄    ▄▄▄▄▄▄▄░                                 ▄▄▄▄▄▄▄▄░         ▄▄▓████▓
▓▓▄▄▄▄▄▀▀▓█▀▀░░░░░▀▀▀▄▄      ▄▄         ▄▄        ▄▓█▀▀▀▀▀▀▀▀██▄▄    ▄██▓▀▒▄▄░▀
▀▒▒▀▀▀██▄▄░▄▓██████▄░ ▀▄▄▄▄░ ▀▀         ██▌ ▄▄░  ██▀▄▒▀▀░ ░▀▀▒▒▓█▄  ██▀░▄▀▀
░  ▀▀▀▄░▀███▀░▄▄▄▄▀▀█▄▄▄▄▄░▀▌  ▄▄▄██▓▄▄▄░░  ▀▀░ ██▄▀          ▀▄▐█ ██▌░▓
       ░▒░▀█▄      ▀░██▀▀▀█▄▄██▀▀▀▄▄▄▀▀▀█▄  ▄▄▄██▓▌            ▄█▌▐█▌ █
         ▐ ▐█▌      ▐▐█▌  ░██▀▄▄▀▀░  ▀▀▀░░▄██▀▀▀▀▀▀▄        ▄▓▀▀▀▀██▌ █
          ▌ ██▄▄████▄▄█▌   ▐██▀         ▐██▀               ▀▀     ▐█▌ █▌
          █▄██▀▀    ▀▀██▄   ▀▒▄         ██░                     ░░▐██▌▐█▄▄▄▄▄ ▐
       ▄▀▀██▀          ▀█▓▄██▀▓██▄▄     ██░▌       ▄           ░░░ ▐████▀▀▀▀▓██
         ▐▓            ░▐██░    ▀▓█▌    ▐█▌▒▄     ▄▌         ░░░░▄██▀▀
    ░▄▄▄▄█▌             ██░      ░██ ▄▄▄▄▀██▄▒▒▒▒▒█▌░       ░░░▄██▀░
 ▄▄█▓▀▀▀▀▀██▓▄         ▐▐█▌     ░▐█▓ ████▄▄▀▓███████▒▒▄    ░░░ ██▌░
██▀        ▀▒██▄      ▄▀▐███▄▄▄▄▄█▓ ▄███████▄▄▄▄▀██▄▀▄▒▒▒▒▒▒▒░▐█▌░
▀            ▒▐█▄▄▄▄▒▀▄██▀▄▀▀▀▀▀▀░▄███████████▀▐▄░▀██▄▒▀▒▒▒▒▒ ██▌▐
              ▌██▄▄▄▓██▀▒▓███▓▄████▀███████▀▀▄█▓▀▌▄░▀▀███████ ██▌▒░
              ▌▐█▀▀▀▀▄▄█████████▀▐██▄▄▄▄▄▄▄▄▀▀▄▄▀       ░▀░░▄ ▐█▌▒▒░
▄            ▐░██ ████████▀██▀▀▄██▀ ▀▀▀▓▒▄▄▒▀▀            ▀ ▐▓ ██▄▒▒▒░░       ░
▓█▄░       ▄▓▒██▌▐████████▀██▓▀▀                             ▐▌░██▄▒▒▒▒▒▒▒▒▒▒▒▒
 ██▌░▒▒▄▒▀▀▒▄██░▄████████▀▄█▌                                 ▀▄░▀██▄▒▀▒▒▒▒▒▒▒▒
▌▐████▄▄▄███▀▀▄████████▀▄▄█▀                                   ▀▓▄░▀███▄▄▄▒▒▒▄▄
▄▐█▌▄▄▒▀▀▒▄▄▓█▄▒▀▀▀▀▒▄▄▀█▀░                                      ▀▀▄▄░▀▀▓█████▓
▀▓█▄▒▀██████▀███▀▀▀▀▓▄▄▀                                            ▀▀▀▄▄▄▄▄▄▄▄
  ▀▀█▄▐███▀▄█▀ ░▀▀▀▀▀                      ░▄▄▒▄▄          ▄█▀          ▐█ ▐███
   ░▐█▌▀▄▄██▀    ▀▄ ▄         ▄▄▄▄▄▄    ▄▄▀▀▀   ▀▄       ▄▓▀    ▄       █▌ ████
   ░▒█▌▐█▌  ▄██▄   ▀▄▀█      ▄▀░░   ▀▀▀▀    ▄▄▄▄▄▄░▐▄▄▄▄▓▀   ▐█▌        █▌ ████
   ▐▐█▌▐█▌  ████       ▄▄▒▒▒▄▌      ▄▄▄▄▄▄ ▐██▓▀███▌  ▀▀▄               ▐█ ▐██▓
  ▄▌██░███  ▄        ▐▀░    ▄▄▄▄▄ ▐██▓▀▓██▌▐██▌ ░██▒   ▒█                █▄ ▀██
▄▀▄██▀▐█▌█ ▀▀ ▄▄▄    ▐▒▌  ▒███▓█▀ ▐██▌ ▄██▒ ██▌███▀   ▒▄█                 ▀██▄▀
▄██▀▄▓█▓▐█   ▌▒▒▓▌▄  ▐▌▌ ███   ▄▄▄ ██████▌  ▓██▀      ▐█▌    ▄▄░░            ▀▀
▀▀▄▄▓▓█▄█░   ▌ ▒▄▄   ▒█▌░██▌ ▐████░▐██░▀██▄ ▐▓▀       ▀▀▄▄▓▀▀    █▓
   ▐█▌▀█▌     ▀▀   ▄▀▀   ███▄▄▄▄██▌▐▀█  ░▀▀ ▄  ▄▄███▄    ▀▓░
   ▐█▌ █▓         ▐▌      ▀█████▀▀     ▄▄▓███ ▄█▀▀▀▀██   ░▐▌
▄▄▄██░ █▌         ▐▓░          ▄▄▄  ▓█▌▐██ ▄▄░██   ▐██  ▄▄█▌
▓▀▀▀▄ ▐█          ▒████▌    ▄█▌▐███░▐█▌▐███▓▀ ▀██▄███▀▄▄██▀
▄▌▐█ ▄█▀           ▒▀▓█▌    ██▌▐██████▓ ██     ░▀▀▀▀  ▐█▀   ▄▄▄
▀▄█▓▓▀               ▒▀██▓▄▄▐█▓ ██ ▀███ ▀▀░         ░▒▐▓  ░▀░▒▓▌
█▓▀░               ▄▄▀▀▀▓██▌▐█▓ ▀▀░  ▀▀     ▀▀▀▄▄▄▄▒▒▄█▒  ▐▄ ▒█░
▀                        ▓█▌ ▀   ▄▄▄▄▓█▌   ▐███▄▄▄▄███▒░    ▀▀
                        ▒▀▀▓ ░▒▓▄██████▌  ▐█▓▀▓▓▀▀▀▀▀▀░
                     ░▄▒▀   ████▀     ▐▌  █▀   ▀▄     ▐▄
                             ▀        ░█ ▓▌     ▀▄     ▀
                                       ▐▄▌       ▐▌▐
                                       ▐█
                                                                           ▄██▓
                                                                        ▄██▀▀▓
                                                                       ▄█▀░
                                                                      ▐██
                                                                      ▐█▌░    ▄
                                                                       ▓█▄▒▄▄▓█
                  looking for a nice affil site and if you have         ▀██▓██▌
                  some unreleased BD/DVD/WEB/USB flying around            ▀▀██▌
▄▄▄░                 hit us up at passthebluntman@proton.me          ▐█▓▒   ▐█▌
▄▄░▀▀█▄░                                                              ▀▀ ▄▄██▒▄
▀▀██▄ ░▀▓░                                                             ▄██▀▀  ▄
▄▄ ▀██▄ ▀█▄                                                        ▄ ▄██▀  ░▀
 ▀▓▄ ▀█▄  █▌                                                     ▄▓ ▄██
   ▀▌ ▐█▌  █░                                                    █ ▐██
    █▌ ██  ▐▌                                                   ▐▌░██
    ▐▌ ██  ▐▌                                               ▄▄▄▄█▌▐██
    █  ██  █▌                                           ▄▄▀▀▀▀░░▀▌▐██
   ▓▌ ▓█▌ ▄█▀▀▀▀▀▄▄▄                                  ▄█▀  ▄▓████████▌
▄▄█▌▄██▀██▄░▄▄▄▄▄▄░▀▓▄                               ▓▀  ▓█▀▀░░   ░▐██
▀▀▀▀▀▀▀  ▐███▀▀▀▀▀█▓ ▀▄                          ▄▄▄▄▒ ▄██▀▄░       ▀██▄▄▒░░
▄███████▄▄▀▀      ▄██▄▒                      ▄▄███▓▓▓████▌▀ ░▄▄▄▄▄▄▄█▓▀
▀░     ░▀██▄░  ▄██▀▀▀▀▓██▄       ▄▄▄▄▄▄▄▄  ▄██▀▀       ▀█████▀▀▀▀▀▀▀██▄▄
          ▀██▄█▀        ▀▓█▄  ▄█▀▀▀▒▒▒▀▀▀ ██▀░        ▄██▀▀           ▀▓█▄
            ██▌           ▀█▌▀▀▄▄███████ ██▌▐       ▄██▀                 ▀█▄
            ▐█▓            ██ ▐████████▌░██░▌      ▐██░                   ▀█▄
            ▐██            ▐█▌▐████▀▀▄▄▄▐██░▒      ██░                     ▐█▌
           ░▐██░          ░██ ██▀░▄██▀▀▀░██▌▒▒▄   ▐█▌░                     ▐██
         ▄▀▄██▌▒░░     ░░▒▄█▌▐█▀▄██▀     ░██▄▒▒▒▄░▓█▌▒▌                    ▒▐█
▀▀▄▄▄▄▄▀▀▄██▀▀█▓▄░░░░░░▒▄██▀▄█▌▐█▀░        ▀██▄▀▒▒██▌▌▒░                  ▐▒██
██▄▄▄▄▄██▓▀▄▄▄░▀▓███████▀▀ ███ ██░          ▀▀███▓███▐▄▒▄                ▒▓▄██▄
██▀▀▀▀▀▒▄▄██████▄▄▐▄▄▄▄▄██▌▐██ ██▒░            ▒▀▀▀▀█▓▀▄▒▒░▄         ░▄▒▒▒▓███▓
█████████████████▌▐█▌   ▐██ ██ ██▒▒░          ▒▒██▒ ▀██▄▀▄▄▒▒▒▒▒▒▒▒▒▒▒▓▄▓▀███▄▓
█████████████████▓ ▓█▄▄▄██▀▐██▌▐██▒▒▒░░  ░░▄▒▒▒▓█▌▐█▄▀▓██▄▒▀▀▄▄▄▄▄▄▄▓▀▀▄▓██▀▀▀█
▀█████████████▀████▄░▀▀▀▀▄▓████▄░▀█▄▄░▒▒▒▒▒▒▒▄██▀▄████▄░▀███▓▄▄▄▄▄▄▄▄███▀▀▄██▄▄
▓▄▒▀▀▓███▀▀▀▒▄███████████████████▄░▀███▓▄▓███▀▀▄▓███████▓▄▄▀▀▀▀███▓▀▀▀░▄▄▐█████
▄▀▀▀▀▄▄▄▄▓▀▀ ██████████████████████░██▀▀▀██▌▄▓█████████████▀█▓         ▀█▄▒▀▀██
▄▀▀           ▀██████████████████▀░▄▀██▄▓██▐█▄▀▀███████▀▀▒▄█▓   ▄████▄   ▀▓█▓▄▄
▌               ▀▀▓▓██████████▓▀▄▄█▀  ▀▀▀░▄▀█▄▀▀▄▄▄▄▄▄▄▓▓▀▄▀   ▐█▌  ▐█▌  ▄▄  ░░
▌         ▄         ▀▀▀▀▀▀▀▀░▄▄██▀           ░▀▓▄▄▄▄▄▄▄▄▀▀     ▐██▄▄▒█▌  ░▀
█        ▀▄▀           ▓ ▓██▓▀▀                                 ░▀▓▓▀▀
▐█                     █ ▐█▌                  ▄▄▄   ░▄▄▄
▄▀█         ▄█████▄   █ ▄██          ▄▄▄▄▄  ▐█▀▀█▌ ▄█▀▀█▌ ▀▀██▀▓▌   ▄
█▄ ▀▄     ██▀     ▀█▄▀░▄██    ▄▄▄▄  ▐█▀ ██  ▐█▄▄   ██▄▄    ▓█▌    ██▀██
███▄ ▀▀▄▄█▓         ▒█ █▓    ▐█▀▀▀  ██▄██▒ ▄█▀▀▀ ▐█▀▀▀▀ ▄▄▐█▌     ██░ ▀    ▄█▌
██████▄▄ █▓  ▄   ▄▓ ██▌▐█▌   ██  ▐▓ ██░ ██ ██   ▄██▄  ▄▄▓██▌  ▐█   ██     ▓█▀
████████▄▀██▄ ▀▀▀ ▄██▀ █▀    ▓█  ▐█░█▌  ▓█▓▓▀▀▀▀▀ ▀▀▀▀▀ ▐▀▀   ▐█▄▄▄██   ▄█▀
█████████▓ ████████▀ ▄██▒    ▐█▄▄██▓█▌                          ▀▀▀▀  ▄ ▀
███████▀ ▄█▒▀  ▀▀█▄ ▒▒▀▀██▄   ▀▀███▀                                  ▀
▄ ▒▀▀ ▄▄█▀       ▒██ ██▄▓▀██  ▐█▀▓█
▀█████▐█▌         ▐█ ▐███▄ █▌  ▀▓▀▀
       ██ ▄    ▄█ ██ ▐████▌▐█
       ▀██▄░▀▀▀▀▄█▀ ░▄████▌█
         ▀██████▀▄▓█████▀▄▒    Everyone we know and who knows us......
     ▒▀▄  ▄▄▀▀▀▄▄ ▀▓██▀░░
      ▀  ▄▀     ▀▄
         █    ░▒▒█    ░
          █▄░░▒▄███▄ ▀▄▀   ...and the dude who made this awesome nfo
            ▀▀█████░█
          ▄   ▀▄▓███▀ ▌
         ▀▌▀   ▀▄▄▓▓▄█▀
    ▄▀▀  ▄▄▓▄▄▄██████▀
   ▀▄▄█████▄░██░▀▀▀
   ▓████▀        ▄
   ▀▒▒███▒▄     ▀▒▀
      ▀▀▀████▄                                          ▄▄▄▄▀▀▀▀▀░▀▀▒█▓
           ▒██▌                                ▄▄▄▄▄▀▀▀▀▄   ▐   ░ ▀▄▐▌▓▐
      ▄░▄  ▀▒█▐▀                        ▄▄▄▀▀▀▀  ░▄    ░▐    ▌ ▄▄▄▄▓████▀
       ▀    ▓▓▌ ▄▀▄▄▄           ▄▄▀▀▀▀▀▀▄   ▄           ▄▄▄▄▀▐▓██▓███▀▀
             █░  ▒▀▓▄▓█▀▄ ▄▄▀▀▀▀░ ░▀▄    █   ▐▀    ▐▄▄▄▀▀▓██████▀▀▀  .nfo
              ▀▒░░▀█▀▒▐▄▄▓ ▒    ▀▄   ▌    ▌▄▄▄▄▄▓▓▓▓█▄▄█████▀▀        ao
                 ▄▄▄▒▄▌░░▒░ ▒    █  ▄▄▄▄▄▐█▓████████░░▀▀▓▓▄▄▄▄       2025
         ▄▄▄▄▓▓▀▀▀▀ ▓▄▐▒▀░▒ ▄▄▄▄▄▄▄▓▓█████████▀░▄▄ ░████▄▄▄▒▄▀▀▓▄▄
      ▄▒▀▀▒▓▄▓▄▄▓▓▓▌▌▒▒▀  ▒▄██▓████▀▀▀░░▀▀ ▄░ ▄░▀▐██▄ ▄▒▀▀▀▓██▓▓▄▓█▀▓▄
       ▀▀▄▄▄▄▄▄▄▄░▄▄▐▒▒▄▄▀▀▀░▀░▄▄▄▄▄█▐▓▓▌ ▓█▌ ▀▓▓▌▄▀██▄▀█▀▀▓▄▄▄▄▄▄▄▓▀▀▀▀
           ▄█▓▀▄▄█▀▀  ▄▄▄▓█▓▓▀▀▓▄▄▄▄▌▐█▓▌▐▓█▀▐▀▄▀▀██▄▀██░█
        ▄█▀▀▄▄█████▓▀▀▀▀▀▒▄▄▄█▀▀▀   ▐░▀█▌▐█▀▄▀  ▀▀▄▄▀▀▀▓▌▐
     ▓▀▀░▒▒▀▀▄▄▄▄▄▄▓▓▀▀▀▀▀           ▐▌▐▌▓▀▐        ▀▀▓▄▄░▀█
     ▀▀▀▀▀▀▀▀                         ▐▌▓▌▓▌             ▀▀
                                       ▌░▐▌
                                       ▀▄▀
