                                       ▀
                                       ▓
                             ▀    ▄   ▐▓▌   ▄    ▀
                             █      ▀▄▓▓█▄▀      █
                        ▄   ▐█▌      ▐█▓█▌ ▄    ▐▓▌   ▄
                          ▀▄▓▓█▄▀▓  ▄▓▀ ▀█▄▌  ▀▄█▓▓▄▀
                  ▀        ▐▓██▌ ░   ▒     ▌   ▐██▓▌    █   ▀
                  █       ▄▓▀ ▀█▄    ░     ▓  ▄█▀ ▀█▄   ▐   █
             ▄   ▐█▌   ▄ ▀▓    ▓ ▄▄▄▄▄▄  ▄▄▄▄▄      ▓▀ ▄▐  ▐▓▌   ▄
               ▀▄▓▓█▄▀    ▄▄██████▀▀▀████▀▀▀████▄▄  ░   ▐▀▄█▓▓▄▀
                ▐▓██▌   ▄████▀▀▄▄████▄██▄███▄▄█▀▀█▓▓▄   ▐ ▐██▓▌
               ▄▓▀ ▀█▄ ▓███▀▄███▀▀▀███▀█▀█▀▀▀████▄▄▀██  ▐▄█▀ ▀█▄
                ▒     ▓▓██ ██▀▀ ▄██▄▄ ▄ ▄ ▄▄▄  ▀▀███▄█▌ ▐     ▓
                ░    ▐▓██▌▐█ ▄██████▄██▌▐█▄███▓▄  ▀██▄█ ▓     ░
                     ▓█████ ██▀▀█████████████████▄ ▐███▌░
                ░    ▓██ █▌▐████▄▄▄▀▀███████▀▀▄▄▄▓ ▓▓ ██      ░
                     ▓ █▌▐▌ ██▄ ▀▀▀██▄▄▀ ▀▄▄██▀▀▀ ▐█▌▐█▌
                     ▐▌▐▌▐▌▄ ██▄ ▀   ▀▀█▄█▀▀  ▀  ▐▓▓ ██
                  ■▄  ▀█▌▐▌▐▌ █████▄▄███▓███▄▄█▀▄██▀██▌
                    ▄▄  ▀ ▀▐█  ▀█████▀▀▄ ▄▀▀██▌▐█▀▄▐██
                   ▀▓█▀ ▄▄▄ ▀█ ▄ ▀▀███▄   ▄█▓▀▀ ▄▀ █▀▄▓▄
                      ▄▀▓▓▓▀  ▄  ▀▄  ▀▀███▀▀   ▄  ▀ ▄ ▀
                  ■▀ ▀█▀   █▓▓██▄ ▄▀██▄▄▄▓▓█▀ ▀ ▄█▓▓█ ▀
                   ▄█▄ ▄█ ███ ████▄ ▄▀████▄ ▄▄████ ███ █▄
                    ▀ ▐▓█▌▐██▌▐██████████████████▌▐██▌▐██▌  ▄  ▄▓█▄
                      ▓▓▓█ ▐▀█ ▀▀█▀▀█████████▀▀█▀ ▓▀▀ ████ ▀▓▀  ▀▀
                     ▐▓█▀ ▄▄█▄█████▓▄ ▀███▀ ▄█████▓▓▓▄ ▀██▌ ▄██▄ ▄█▄
                     █▓ ▄▀██████████▓▓ ▐█▌ ███████▓██▄▀▄ ██ ▐▓██▌ ▀
                    ▐█ █▀███████████▓██ █ ███████████▓▌▐█ █▌ ▓▓▀ ▀
                    █▌▐▌▐██████████████▌ ▐█████▀▀▀▓███▀█▓▌▐█  ▄▓▓▄
                   ▐██ █▀██▀▄▓██████▀▄▀▄▓▄ ▓▓▀▄██▓▄▀█████ ██▌  ▀▀
                   ▓██▄ ▀███▄███████▌▐▌ ▀ ▄█▌▐███▓▓▌▐█▀▄▄ ▐██
       ▄▄▄  ▄   ▄  ▐███▀  ▀▀▀▀█▓▓▀▀▀▄▀     ▄▄ ▀▓█▓▀ ▄ ██▓▓ ▄▄
    ▄▓▓▓█▓██▄  ▀▓▀  ▀▓▓ ████▀ ▀ ▄▄█▀ ▄ ▄▓█▄ █▀ ▄▓███▄▄ ▀▀▄▄ ▄▄▄▄▓███▓▄
   ▓▓▓▓██████▀    ▐█▌   █▀▄▄█▀ ▐▓█▌ ▓▓▄▄ ▀  ▓ ███████▓▓ ██▓▓▀▀▀▀██▓▓▓▀
   ▀▓▓█▓██▀ ▄▄█         ▌▐▓█▌   ▀▓▓▄ ▀▀ ▄█▓▄  ▀▓▓█████▀  ▀▀     ▐██▓▌
      ▀▀▓  ▓▓██   ▐█▌   ▓▄▀▓▓▄▄▄▄  ▀▀█▄▄▄ ▀     ▀▀▓ ▄▄█▓▓       ▀▀▀▀▀
  ▄▓▓▄  ░ █████   ███   ▓▓█▄▄ ▀▀▀▀██▄▄▄▄█▀██▄▄    ░ █▀ ▀█▄▄██▄
   ▀▀     █████  █████  ▓███▓ ▄▓ ▄     ▀▀▀▓▓▄▀██▄   ██▄██▀▀▓▓▀
   ▀ ▄▓▓▄ █████▄██▀ ▀██▄█████ ▄▄▄██▄▄      ▄▀▓█▀█▓  █████       ▄▄▄▄▄ ▄█▀  ▀
 ▀ ▄▓▄▀▄▄ ██▓███▀ ▄▓▄ ██▀ ▀██  ██▓██ ▄     ▐▌▐▄▓▄██ ██▓██       ▐█▓█▌ ▄▄ ▄▓▄ ▀
 ▄▄ ▀ █▓▓ ▓▓███▌   ▀   ██▄██▓  ▓▓███ ▓▄▄▄  ▀▄███▓▓█ ▓▓████▄▄▄▄▄▄███▓▓▄ ██ ▀ ▄▄
▀█▓▀ ▓▓▓▓ ▓▓▓█▓  ▀     ▐███▓▓  ▓▓▓██ ▓ ▄▄▄▓▓▓▀▀▄██▌ ▓▓▓█▓▀▀▀▀▀▀▀▓█▓▓▓▀ █▓▓ ▀▓█▀
     ▀▓▓▓▄▄▄▄▄▄▄███▄   ▀▀▀▀▀▀  ▀▀▀▀▀ ▀ ▀▀▀▀▀▀▀▀▀▀▀  ▀▀▀▀▀  ▄███▄▄▄▄▄▄▄▓▓▓▀
  ▄▓▓▓█▓▓▓████▀▀▓██▀  .o W i X X X  D i R  E i N E N ! o.  ▀██▓▀▀████▓▓▓█▓▓▓▄
  ▀▓▓█▀ ▄▀▀▀  ▄                                                 ▄  ▀▀▀▄ ▀█▓▓▀
       ▀▓▀                                                           ▀▓▀
                   Die.Pussyparty.German.2008.XXX.DVDRip.XviD-WDE ▄
          ▀▓▓▓▀ ▄■                                           ■▄ ▀▓▓▓▀
         ▄                                                           ▄
       ■     http://www.sexvideoall.com/directe/View.asp?ID=DVD49479   ■

                 RELEASE.DATE .................... 2008-07-15
                 RETAIL.DATE ..................... 2008-07-07
                 SOURCE .......................... DVD!
              ░░ FORMAT/ARCHiVES ................. XviD/2x80min
              ▒▒ RUNTiME ......................... 120min
              ▓▓ ViDEO.BiTRATE ................... 1607 kb/s
                 AUDiO.BiTRATE ................... 128 kb/
              ▀▀ RESOLUTION ...................... 576x432 [4:3]      ▄▄
              ██ LANGUAGE ........................ GERMAN            ▀▓█▀▄
     ▀ ▄▓▄ ▄▄ ██ COMPANY ......................... CxS           ▄███▄▀█▀
     ▄▄ ▀ █▓▓ ██                                                  ▀▀█▓▓▀
    ▀█▓▀ ▓▓▓▓ ██████▓▒░ ░   .oO STORY & CASTiNG Oo.   ░ ░▒▓████████ ▓
         ▀▓▓▓▄▄▄▄▄▄▄                                             ██ ░
      ▄▓▓▓█▓▓▓████▀▀                                             ██
      ▀▓▓█▀ ▄▀▀▀  ▄                                              ▄▄
           ▀▓▀                                                   ▓▓
                                                                 ▒▒
                                                                 ░░

                  Lesbenacion der besonderen art
	



            ▄■ ▄▄▄                                               ░░
              ▐▓▓█▌                                              ▒▒
        ■▀▄██▓▄ ▀ ▄                                              ▓▓
         ▐██▓▀▀  ▀▀▀                                             ██ ▒
          ▀▓▓ ███████▓▒░ ░   .oO WDE . Infos Oo.   ░ ░▒▓███▀▀▀▀▀▀▀▀ ▓
              ██                                             ▀ ▀▀▀▀▀█▀ ▀
              ██ We looking for :                                   ▄
              ▄▄
              ██ - 10 Mbit+ Dumps / Shells for exclusive use
              ▓▓ - Talented Rippers with Adult-Movie Supply
              ▒▒
              ░░
                                                                 ░░
                                                                 ▒▒
                 Greetings fly to :                              ▓▓
                                                                 ██
              ░░     HLSXXX . PRONADDiCTS . kRc . SaB . PPX      ██
              ▒▒ OGM . CockLovers . HS-ART . ABEX . HHE . TFCiSO ██
              ▓▓    CUMSTAiNS x CDC x LiNE x SWE6RUS x AODiSO    ██ ▄▄ ▄▓▄ ▀
            ▀ ██                                                 ██ ▓▓█ ▀ ▄▄
            █ ▀▀▀▀▀▀▀█████▓▒░   WiCHS DiR EiN' 2008!   ░▒▓█████████ ▓▓▓▓ ▀▓█▀
         ▀ ▀█▀▀▀▀▀ ▀   ▄                                     ▄▄▄▄▄▄▄▓▓▓▀
            ▓.art.;.23.█                                     ▀▀████▓▓▓█▓▓▓▄
            ░       ▄▄▄▓▄ ▄                                   ▄  ▀▀▀▄ ▀█▓▓▀
                       ▀                                           ▀▓▀
