
                                           .
 _______    _______                        .     .
 |      \  /      |\                     . :     .
 |       \/       |_.___ ______ ___________|     | __________
 |                | ·   |     |/         ·/|     |/         /
 |     _    _     | .   |     |      |___/ |     .     .___/
 |     |\  /|     | .   |     |          .\|    /|     |  .
 |     | \/ |     | .   |     |______    . .   . |     |_/___.
 |     | |\/|     | :         |     /    . |   . |           |     ╓
 |_____| |  |_____|___________;____      : |   . |___        |  ╥╥╖╟-─╖
 \     \ |  \     \ .         /   /\_______;   : .  /\_______|  ║║║║ ╓╜
  \_____\|   \_____\_________/___/ /     ./|    /__/ /       /  ╜╨╙╙┘╙─ :.
                                 \/______/ |     | \/_______/ - ------- ---
                                         . |     |              ·······  ·
                     ╖        ___________:__     |
         ╥╖╥┐╓╖╓─╓╖╥╖╟-╓─    /|          ·  |    |______    _______ ________
         ║║║ ║╜╙╖║╜║║║ ╙╖   | .___       ___|    .      \  /      |/        \
      .: ╟╜╙ ╙-└╜╙-╙╙╙┘└╜   | /  /|     |. ·/   /|       \/       |     _    \
     --- ╜ -------------- - |/__. |     |._/   . |               /|     /    /
      ·    ·······o·······      | |     |. |   . |     _    _   . |       __/_.
                  ╖╥╖           | |     |: |   . |     |\  /|   . |           |
                  ║║║           | |     |: |   . |     | \/ |   : |___        |
               .: ╙╙╙  .:.      | |_____|: |   . |_____|\/| |_____|  /\_______|
              --- --- -----     | /     /: |   : .     /  | /    ./_/ /       /
               ·  ···   ·       |/_____/ : |   ./_____/   |/_____/  \/_______/
           _________                     : |     |
          /         \_________  ________ : |     | ________
         /____      /.        \/|       \: |     |/        \    ┌╖╓╖┌╖╓╓
         \   /     . /   _    ..|        \ |     .     _    \   ╓╜║║╓╜╙╢
          \_/     /|.    |    :||     _   \|    /|     /    /   ╙-╙╜╙- ╨ :.
           /     / |     |    .||     |\   `   . |       __/_.- -------- ---
          /     /_.|          .||     | \      . |           |  ········  ·
         /         \___________;|     |  \     : |___        |
        /__________/\         / |__ _ |   \______|  /\_______|
        \          \ \_______/| /     :\  /     ./_/ /       /
         \__________\/        |/_ ___/. \/______/  \/_______/
                              . :  ·  .
                                .
  ______________________________._____________________________________________
  ----------------------------------------------------------------------------


             Was.ist.schon.normal.2024.German.MD.1080p.WEB.H264-MTZ

              __
  __________ / /\ ____________________________________________________________
  --------- /_/ /\ -----------------------------------------------------------
           / /\  /\
          /_/ /\  /
   .:    _\_\   \/  ·:.
    .·  /_/  \/ /    ---
       / /\ ' \/ __   ·       Original Title......: Was ist schon normal?
      /_/ /\ \/ / /\         German Title.........: Un p'tit truc en plus
     _\ \  /\/ /_/  \       Year...................................: 2024
    /_/\_\  / / /\ \ \     Genre.................................: Comedy
   / /\ \/\/ /_/ /\  /    Runtime............................: 99 Minuten
  /_/ /\  / _\_\  /\/    Releasedate.........................: 06.09.2024
 / /\  /\/ /_/  \ \     Cinedate (DE)........................: 05.09.2024
/_/  )__/ /_/\ \ \/    Video Source.......................: WEB (HW THX!)
\ \ '__/  \_\/\ \/    Video Bitrate..........................: 8656 kbits
 \ \ \     \ \ \/    Resolution................................: 1920x800
  \_\/      \_\/    Audio 1.........: Germam Mic AC3 2.0 192 kbits (OWN!)
        .:         Audio 2............................................: /
         .·       Subs...............................................: No
                 Format.............................................: MKV
                Size............................................: 6.26 GB


             IMDB................: https://www.imdb.com/title/tt30795948/
            IMDB Rating..........................................: 7.2/10



              __
  __________ / /\ ____________________________________________________________
  --------- /_/ /\ -----------------------------------------------------------
           / /\  /\
          /_/ /\  /
   .:    _\_\   \/   ·:.
    .·  /_/  \/ / __
       / /\ ' \/ / /\
      /_/ /\ \/ /_/ /\
     _\ \  /\/ / /\   \
    /_/\_\  / /_/ /\/ /
   / /\ \/\/ / /\  /\/
  /_/ /\  / / / /\  /
 / /\  /\/ /_/  \_\/
/_/  )__/ / /\/\ \
\ \ '__/ /_/  \_\/
 \ \ \  _\_\ \ \
  \_\/ /_/  \  /
       \ \ \ \/
        \ \ \/
         \_\/
    ·:.
     ---
      ·


  ____________________________________________________________________________
  ----------------------------------------------------------------------------
    ____ ______  _____╓_o╓╓_____╓_o_____^___o_________________  ______ ____
       \\__-___\<-- ╓─╟-╖║║ ┌╖╓┐╟-╖╖╓╓╖>O<╓-╖╥╖╓┐╓╖ ┌╖╓╖╖╓╓ -->/___-__//
          \\\__`\_  ╙╖║ ║║║ ╓╢║ ║ ║║║║╜\x/╙╖║║║║ ║╜ ╓╜║║║╙╢  _/'__///
               >MTZ └╜╙┘╙╜╜ ╙╜╙-╙┘╙╙╜╙- : └╜╙╙╙╙-╙- ╙-╙╜╨ ╨ MTZ<
                    --------------------.------------------
