                                              ▒▒▒                                        
                                            ▒▓██▓▒                                       
                                          ░▒▓████▓▒░                                     
                                          ▒▓██████▓▒                                     
                                          ░▓██████▓▒                                     
                                          ░▒▓████▓▒░                                     
                                            ░▒▓█▓░                                       
                                             ░▓█▓                                
            ▒▒▒▒▒▒▒                         ░▓██▓▒                            ▒▒▒▒▒▒▒  
          ░▓██████▓░                        ░████▒                          ░▒███████▒  
          ▒████████▒                        ▒████▓░                         ▒▓███████▒  
          ▒████████▒                       ░▓████▓░                         ▒▓███████▒  
          ░▒▓▓███▓▒░                       ▒██████▒                          ▒▓████▒▒░  
           ░▒▒▒█▒                         ░▓██████▓░                          ░█▒░░      
             ░▒██▒░      ▒▒▒▒▒▒▒░         ▒▓██████▓▒░        ░▒▒▒▒▒▒         ▒██░        
              ░▓██▒     ░▒▓█████▒░        ▓████████▓░       ░▒▓█████▒░      ░██░         
               ▒▓██▒░   ░▓▓█████▒░       ░▓█████████▒░      ░▓▓█████▓░    ░▒██▓          
                ░▓██▓░   ▒▒█████░        ▒██████████▓▒       ░▓████▓▒░   ░▓███▒          
                 ▒▓██▓░   ░░▒▓██░       ░▓███████████▓       ░▓██▓▒░    ░▓███▓░          
                 ░▓███▒      ▒▓█▒░      ▒▓███████████▓░     ░▒▓█▓▓░    ░▓████▒           
                  ▒████▒░    ▒▓█▓▓▒░   ░▓████████████▓▒   ░░▓▓██▓▒░  ░▒▓████▓░           
                  ░▓████▓░   ▒▓████▓░  ░██████████████▓   ▒█████▓▒  ░▒██████▒            
                   ▒█████▓▒  ▒▓█████▓▒░▒██████████████▓░░▒██████▓▒ ░▒▓█████▓░            
                   ░▒██████▓▒▓▓███████▓████████████████▓▓███████▓▒▒▓██████▓░             
                    ░█████████████████████████████████████████████████████▒              
                    ░▓███████████████████████████████████████████████████▓░              
                     ▒███████████████████████████████████████████████████▒               
                     ░██████████████████████████████████████████████████▓░               
                     ░▓█████████████████████████████████████████████████▒                
                      ▒█████████████████████████████████████████████████░                
                      ░███████████████████████████████████████████████▓▒░                
                      ░▓██████████████████████████████████████████████▓░                 
                       ▒██████████████████████████████████████████████▓                  
                       ░██████████████████████████████████████████████▒                  
                       ░▓████████████████████████████████████████████▓░                  
                        ▓████████████████████████████████████████████▓░                 

    ──────────────────────────────────────────────────────────────────────────────────────
                                                                                          
                    ████▀████ ████▀████  ████ █████████ ████▀████ ████▀████
                    █████████ ████▄████  ▄▄▄▄ ████ ████ ████      ████▄    
                    ████      ████ ▀████ ████ ████ ████ ████ ▄▄▄▄ ████ ▄▄▄▄
                    ████      ████  ████ ████ ████ ████ ████▄████ ████▄████
                                                                                          
    ──────────────────────────────────────────────────────────────────────────────────────
                                                                                          
                                    PROUDLY PRESENTS                                      
                                                                                          
                    NHL.2013.12.22.Wild.vs.Rangers.720p.HDTV.x264-PRiNCE
                                                                                          
    ──────────────────────────────────────────────────────────────────────────────────────
                                                                                          
                       Title..............:  NHL 2013 12 22 Wild Vs Rangers  
                       Genre..............:  Sports 
                                                                                          
                       Release Date.......:  2013-12-23 
                       Air Date...........:  2013-12-22 
                       Channel............:  Viasat Hockey HD
                       Link...............:  http://www.nhl.com 
                                                                                          
                       Source.............:  DVB 
                       Video Format.......:  x264                                         
                       Video Resolution...:  1280x720 
                       Video Bit Rate.....:  2 936 Kbps 
                       Video Frame Rate...:  25 fps 
                       Audio Format.......:  AC3 5.1 
                       Audio Bit Rate.....:  384 Kbps 
                       Audio Sample Rate..:  48.0 KHz 
                       Settings...........:  --crf 22 --preset slow 
                       Size...............:  2437MB 
                       Packs..............:  52*50MB 
                       Duration...........:  01:40:34 
                                                                                          
                                                                                          
                       Plot...............:  
                                              New York
                                             Rangers-Minnesota Wild. NHL. Frσn Madison
                                             Square Garden.
                                             
                                                                                          
                                                                                          
                       Notes..............:  Merry Christmas //
                                             PRiNCE!
                                                                                          
                       Contact............:  kung@hush.ai                                 
                                                                                          
    ──────────────────────────────────────────────────────────────────────────────────────
