  ████████████████████████████████████████████████████████████████████████████████████████████████████
  ████████████████████████████████████████████████████████████████████████████████████████████████████
  ████████████████████████████████████████████████████████████████████████████████████████████████████
  ███████████████████████████████████████████████▀▒◘██████████████████████████████████████████████████
  ██████████████████████████████████████▀▀██████'∙█████████▀▀▒████████████████████████████████████████
  █████████████████████████████████████ç     '~ ▄████▀▀██▀ ≥^≈§███████████████████████████████████████
  ██████████████████████████████████████ ─                  "☺ƒ░██████████████████████████████████████
  ██████████████████████████████████████░                     ▒▓██████████████████████████████████████
  █████████████████████████████████████▓&                 ,▄▄▄████████████████████████████████████████
  ███████████████████████████████████►█████████▄▄    _ ▄██████████████████████████████████████████████
  ███████████████████████████████████¿▓████████████▌ █████████████████████████████████████████████████
  ███████████████████████████████████ç ▀███▌▐█▀·█▀█  ▐███░▀▀▒███▀◘████████████████████████████████████
  ████████████████████████████████████¿  ▐██▄▄▄▄      █Γ ▒█▓███⌐ ▒████████████████████████████████████
  ██████████████████████████████████▒██   └¶█▀▀º      ▒  ▀▀▀█^`  █████████████████████████████████████
  ███████████████████████████████████▄█▒,    ∙╘       å         ██████████████████████████████████████
  ██████████████████████████████████████▒▒   «        : ₧      ▒██████████████████████████████████████
  ██████████████████████████████████████▒T▒~     é     ♥█▌    ï\▓█████████████████████████████████████
  ██████████████████████████████████████?       █▌      ▐█ç  ─ ▒██████████████████████████████████████
  ███████████████████████████████████████{     →~     ▄▄▒▀▀⌐  ░╣██████████████████████████████████████
  ████████████████████████▀▀▀▀▀▀▀▒▀███████         ▒▄██░██Ö⌐▒ »███▀▀▀▀▀▀"^▒^░ ░ ,~▄▄▄·████████████████
  ██████████████▌▒▄▄▄¼αÑ♥∞∞▒♥ª"▀█♠ █████ ▀ç         ▐███████▓▒▒███▌ ▐▄♥∙   &      ▒╙å·████████████████
  ██████████████ ▒█≤           ░à▒ ███▀   █_  ▄▄▒__▄_ _▄▄█████▐███0⌐ ¶'  ▄░Σ  ╕:▄▄_ ≥≥≥"~▀▀▀██████████
  █████████▀  ░█ ▒█Σ  ⌐   ⌐     ^└ ██è    √K⌐▐█▀ ▀▀▀▀▀▀▀████████  ¬▌ ╞&  █▒► ∙√å^ ░°☼pg▒     █████████
  ████████Ñ⌐ ▄▒█⌐^█E⌐  ▒█⌐                ░█▒▐█╓░░▄▄▄▄▄█████¶█▌─  ▐▌ «▒▒ █▒► ┌╣░p  ░    ▓▓█  █████████
  ████████~▌ ▓██⌐▐▒▌▒∙~▒█     █æ-            ▓██▀▀██▀▀▀▀▀▀~ ██▌   ╫▌ ░░ ▒█Ω ░► ~█√▓♦ⁿ░∟  ~^  █████████
  █████▌ █Ç░ ▒▒█▌▐██►^√▒█    ▒█    '→.       ▒▒?           ████ ← ▒█ ▓▄⌐▐█┘  ▒ ▐►√░1      ~─    `▀████
  ██████ ▐█ƒ ▐██▌¬█▀  ░▐▌ - ▄█▌          ⌐   ∙¶▄         ▄█████▌  ▐█ █▌ m█⌐ ∙  ├  ░            ▒♥▐████
  █████▀  █▌  ██▌ █▌╘ _█▌  ▐██\▒▒          ▐▒  Ω▒▒██████████████  ▐█ ╣ñ █▌     Γ ╞%    √²«    ░░ ▐████
  ███▀è   ██{ ██▌ ▒f ▄██▌τ ██▌╒█▌        , ▒å ░░╚▀██████████████▌ ∙█ ▒▒▒█▒    ╗  ░░   ▒▒█₧⌐   √∞ █████
  ███¬▐  √☺█' ▐█▌ ¼Ö████▌ ▐███0▒·√∞a   
   î▒ ┌₧ ░  ▒▒████████████  █Γ░▒██ ▄▄ç ▌ ;☺  ? ⌠█▓►   ╗▒⌐▐█████
  ███▌÷█░░E▐▌  ██ ¶¼█▀██▒ ██░▌░ƒ █▄▄    └ _▌▐█₧-─   ░░  █████████▌ █▌·₧▐██░√'▒▌▐▒─         ┐ ▐☺ ██████
  ████Ç▐▌ ▒░█, ▐█ ▒-  ██ ▐█▌♥▄≥ █▒▒█     ¡å ██Ω ─      ▒█▀▀~~▒████ █▌  ▐███▄▓█▄▒░ ▄▄ç▄╕      ♦┘ ██████
  █████ç▒▒·╛█▌ ▐█    ██▌ ▐█  ï  ╝☻█Γ    ╒₧⌐▐██▌       ⌠▀     ▒████►▐▌ ░█████▒▒██▓████▒▒▒     ∙ ▐██████
  ██████ ░ ≥▐█_▐█⌐┌q▒██▌ █▌ :           ▒▒ ███▌               ████▌▐▌ ╦█▌√███▒ ▐█▒▀██▓▒█q╗░ ~▒ ███████
  ███████═  └█▒▒█⌐░▐███►─▀             √▐`▐███▌             ░ ██²▐██▌ ██≤░▒████ ▒█▄√` ░▒███▄'⌐▐███████
  ████████   ▒█░█▌▐▒▌██   ·░ _ ~±      ▓▌ ██▀╝₧             ░ ¼ä  ███░█▌ ⌠&█████ç▀██√ ░▄₧◘██▒ ▐███████
  █████████   █⌐█?¿░:█Γ '·╛░¼Φ▀▀◄░gÇ▒«î/ ██♦  ∙î               ▒  ▐█▌ █  ♥██▒████╓██▄⌐▐█▌Σÿ▓₧ ████████
  █████████▌  ▐██▌ ►       ▒▒▄█████████/▐█▒·  ∙└             ░▐▒   ▀▀ '  ▒██ ▒██▒████▄▄███▓█▌▐████████
  ██████████▄ ▐▌░  ⌐ ∟ ░▄████████░████░ ▒█▒        ░     ░  ♥«█         ╒▓██r╨▐███é ████████ █████████
  ███████████░ ^  ▄█▒▓███████▀▒~  ▒██▌¬ ██å    ▒  ░\₧     ·r █▌   ┌      ▀█▌ä  ▐██▌  ▒██▒██▌▐█████████
  ██████████^   ┐░████▀█▀▀▀▀▀~▀?▀██▀▀░  █Z░    ▐▌ ▒▒░ ─  ∙d·██▒   ▒ç  ⌐▄₧▒╫╦█T  ███Ç ▐██▓██₧██████████
  ████████▀ _▄▄▒▒▄◘▀ ─ ►      ╦▒▄█████  å▒      ▓  √» ─  /·▐██▒    ████████▄█▄_ ²████▒██ç&~▐██████████
  ███████▌  ▀▀`▐█▒█ ░▄█▒█████████████▌ ┘ ▌      r▒▄,  ╥æ∙▄#₧▐█▒  [  █████☺▒█▀▀██▒████████☺²███████████
  ███████⌐     ▐███▐█████████████▀▀██ √▐██,     █┘████▀██▒ á███  ░∙ ▒█████▓Γ≥ ♦"█████████▄░▐██████████
  ███████     ¬▓█▀╥█████▌▄▄▄███▓&▒███∞Ω████     █Çh█░▒~█  ↔√██♦  ∙▒▒██████     ▐██████████████████████
  ███████ «▒████████▀▀▀░~▒▒►·░· ┌░▓█▓░▒▄████    █▒╓█▄▓▒▒╗▒░4██   ▐█████?██▄▄  ▄███████████████████████
  ███████▒██▒▀▀▀^       _▒░▄████████████████▌   ██♥▒█Σ▐▒gñΓ≥█Γ  _██████▓▒▒████████▄███████████████████
  ███████▒▒           ▄▄█████████████████████▌  ▐█₧▒█░█∞▀  √█   █████████m░î██████████████████████████
  ███████▌    ─∙░░▄▄███████████▀▀█☻█▄▄████████ç ▒█Ç░▓▐▌    ▐█  ▐███████████▒▓▒████████████████████████
  ███████▌─▒ ░m█████████▀█████▒▒▄██████████████ç▐█████►   á██·▄████████▒████▓T░███████████████████████
  ████████░√████▓▀^`     ▒╠█████████████████████▒██▒▒▒¿  ▒██▌███████████M▓████████████████████████████
  ████████▒▒████ç-    ░▒▄████████▌ ▐█████████████▒██&▒▒,▄████████████████M▒███████████████████████████
  ███████████████▒░░▒░████████▄_  ▄███████████████████████████████████████████████████████████████████
  █████████████████▒§█████████████████████████████████████████████████████████████████████████████████
  ████████████████████████████████████████████████████████████████████████████████████████████████████
  ████████████████████████████████████████████████████████████████████████████████████████████████████
  ██████████████▀██▀ ██▀    █⌐   ▀████▄  ███████⌐ ▄██▄  ███'   ████▄  `███ ██▀ ████▄  ████████████████
  ██████████████⌐██⌐ ▐█    ▐█▌    ██ ▐█▌ █Γ▐█▌ █ ▐` ▐█ç ▐█▌    ▐█▌ ██  ▐█▌·▐█  ▐█▌ ██ ████████████████
  ██████████████Γ██  █Γ    ▐█▌    ██  █▌ █ ▐█▌ █ Γ  ▐█▌ ▐█▌    ▐█▌ ▐█ç  █▌ ▐█  ▐█▌ ▐█∟████████████████
  ██████████████Γ▐█ ▐▌     ███    ██ ·█▌ ▌ ▐█▌ ▐    ▐█▌ ▐█▌    ▐█▌ ▐█▌  ██ █▌  ▐█▌ ▐█▌████████████████
  ██████████████Γ██_█Γ     ███    ██ ▐█▌   ▐█▌      ▐█  ▐█▌    ▐█▌ ▐█▌  ██ █▌  ▐█▌ ▐█▌████████████████
  ██████████████Γ▐███     ▐█▐█∟   ██▄█▀    ▐█▌    ,▄█~  ▐█▌    ▐█▌ ▐█▌  ▐█▌█Γ  ▐█▌ ▐█▌████████████████
  ██████████████Γ▐███▌    ▐▌▐█▌   ██▀██    ▐█▌     "█▄  ▐█▌    ▐█▌ ▐█▌  ▐███   ▐█▌ ▐█▌████████████████
  ██████████████Γ█████    ▐▌ █▌   ██ ▐█▌   ▐█▌      ▐█▌ ▐█▌    ▐█▌ ▐█▌   ███   ▐█▌ ▐█▌████████████████
  ██████████████Γ▐█Γ▐█⌐   ██▄██   ██ ▐█▌   ▐█▌      ▐█▌ ▐█▌  ■ ▐█▌ ▐█▌   ██▌   ▐█▌ ▐█▌████████████████
  ██████████████Γ▐█⌐ █▌   █Γ`▐█   ██ ▐█▌   ▐█▌   ▌  ▐█▌ ▐█▌ ▐█ ▐█▌ ▐█Γ   ▐█▌   ▐█▌ ▐█Γ████████████████
  ██████████████Γ██  ▐█  ▐█  ▐█▌  ██ ▐█▌   ▐█▌   █  ▐█Γ ▐█▌ ▐█ ▐█▌ ██    ▐█▌   ▐█▌ ██ ████████████████
  ██████████████▄██▄_██▄ ██_ ▐██ ▄██▄ ██ç  ███    ███▀  ██████·████▀     ▐█∟ · ████▀  ████████████████
  ████████████████████████████████████████████████████████████████████████████████████████████████████

  PROUDLY PRESENTS..

  TiTLE.........: Inkheart
  RUNTiME.......: 106 min
  FORMAT........: ISO
  RAR COUNT.....: 88x50MB
  SOURCE........: NTSC
  GENRE.........: Adventure | Family | Fantasy
  RELEASE DATE..:
  iMDB RATiNG...: 6.2/10   7,075 votes
  WEB...........: http://www.imdb.com/title/tt0494238/

  ASPECTS:

  [X] NTSC [ ] PAL        [ ] DVD5 [X] DVD10
  [X] Widescreen          [ ] Anamorphic
  [ ] Letterbox           [ ] Fullscreen 1.33:1

  AUDiO:

  [X] English             [ ] DTS 5.1
  [ ] Spanish             [ ] PCM Stereo
  [ ] French              [ ] Dolby Digital 2.0 Stereo
  [ ] Directory Commentary[X] Dolby Digital 5.1

  ViDEO:                  MENU:            DVD-EXTRAS:

  [X] Untouched           [X] Untouched    [X] Untouched
  [ ] Re-Encoded          [ ] Reauthored   [ ] Re-Encoded
  [ ] CCE Passes                           [ ] CCE Passes
  [ ] Partial Stripped                     [ ] Stripped

  SUBTiTLES:

  [X] English      [X] Spanish      [ ] French
  [ ] Other        [ ] N/A


  RiPPER NOTES:
  DVD is double sided DVD10 ripped WS side
  enjoy :)


  KART3L is currently looking for
  Legit 100mb+ sites for affil
  Look for us :)



                      RESPECT THE GAME!!!!
