
                                                                                
                                                                                
          ...                                                 NMMMMMMZ..        
      . 8MMMN:                     . . . ..  .              DMMMMMMMMMM~        
   .IMMMMMMMMO~                  ~ZMMMMMMMMMMM~.           MMMMMN: ..MMM        
    MMM .  ..MMZ          ,IMMMMMMMMMD~I8DMMMMMMMM8..      MMM       :MM.       
    MMM       MM=      .MMMMMMN                ..?MMM     .MM.      .MMM ..     
    $MM.       MM+.     MMMM                      .MM     .MD.      :MMMMMM.. . 
     MM:       ~MMZ~    M~ .                       MM     MO?.     . ..  OMMMM  
     MM=       MMMMMMM. M                          MM:. MMMM.            ~.ZMM. 
   +MM.        . MMMMNMMM.                         :MMMMNM .    .~~~~~:.~~~.MMM.
.8MMM.~        :~ ...,NMM      Z8, .II    +:.       MMMD     .~:.  .~~~~~..MMMI 
 MM ~~~.    ,.MM.~~~~. .MN   OMMMMMMMM    MMMMMMM.  MM .  :~,.$MMMM$. . :+MMMM. 
.MMM ~~~~~~~,.MMMMD~.:~~.M  .MMMMMMMMM  .MMMMMMMM  INM..~  8MMMMMMMMMMMMMMMM..  
  MMM :. .  MMMM:MMMMMM. M8. +MMMMMMMM=.$MMMMMMMM  OMO .OMMMM  .. ....:ZMMM..   
 ..8MMMMMMMMMM .  . +MMMM=M.  MMMMMMMMM. MMMMMMMM OMM MMMM$                     
    .+MMMMN?~        ...8MM+  +MMMMMMMMO  MMMMMMO,MMMMMMI                       
                         .M+.  MMMMMMMM.  MMMMMN. MMMM.                         
                           MM. MMMMMMMM   MMMMMM+ MM                            
                            MN  MNDDNM. . MMDDDM,.MMO                           
                            ~M,~   .. .MMM.   .:~MMMMD.                         
                           . M8 ~     MMMM.    ~ MM  MMMN.    .. .              
                         . .NMMI:   . ND~ .     OO,,.   MM~   ,MMMMM.           
                          MMM :M.  .   . .    .MMM,.,    MMMMMM8  .MM           
             .MMMD7DZ. .$MMO  .+MZ7,: MM.,,$MM:.$$MZD .   .,        MM+.        
             MMMMM$MMM$$Z  ....DMMM DM.:MMMM MMMM.,8MMM           ..~MM,        
            DM?..      .  .,~,MMM   ..  ....  . ..   :MM          :~.MM=        
            MM.~.        .~~ MMN.MMMM$=.MMMMM$M$MM..  DMN~    ...,.  MM.        
           8MM.~~~~:.    ., MM, NM$ .,MMM  +M= ?MM.. ..MM.:. . ?MMMMMM8.        
           MMM:.~~~~,~.  .MMM   =MMMI~~~::~~~: MM.   ..MM.~~~~ NMMMM.. .        
           .MMMMM,ZM.~     MM.  .IMMMMMO.  ,MMMMM.   ..MM:~~~~~.MM.             
             . NMMMM ~,   :=MM..    ZMMMMMMMMMM      ..MM7  :..MMM.             
                . MM.~:~~~~ MM .       MMMMN.        ..MMMMM7MMMM               
                  MM.,:~~..OMM.                          .OMMMM,                
                  OMMMD. MMMM.                                                  
                     :MMMMM. 


                    Transformers.Revenge.Of.The.Fallen.USA-WII-ProCiSiON


           ╔═─════════════════─═╝              ╚═─═════════════════─═╗
          ╚╬╝  Publisher/Developer : Activison                     ╚╬╝  
          ╚╬╝  Pre Date            : 23rd Jun 2009                 ╚╬╝
          ╔╝╦  Category            : Action                        ╔╝╦
          ╨ ╨  Info                : ## rars / xxx-tra.r*          ╨ ╨
          ╚╬╝  Region              : NTSC                          ╚╬╝
           ╚═─══════════════─══─══════════════════─══─═══════════════╝


           ╔═─════════════════─═╝              ╚═─═════════════════─═╗
          ╔╝╦ Become the ultimate Autobot or Decepticon in         ╔╝╦
          ╚╬╝ TRANSFORMERS: REVENGE OF THE FALLEN, the official    ╔╝╦
          ╚╬╝ game of one of 2009's biggest blockbuster films.     ╔╝╦
          ╚╬╝ Unleash your power to determine the fate of Earth as ╔╝╦
          ╚╬╝ the ultimate war rages across the globe. Every       ╔╝╦
          ╔╝╦ second counts as you experience TRANSFORMERS like    ╔╝╦
          ╔╝╦ never before!                                        ╔╝╦
           ╚═─══════════════─══─══════════════════─══─═══════════════╝
                                                   


                               We ROCK your boat!
