ÔĽŅ                                                                             
                                                                  ‚Ėą          
                                    ‚Ėą‚Ėą                            ‚Ėą‚Ėą‚Ėą        
       ‚Ėą‚Ėą‚Ėą‚Ėą‚Ėą‚Ėą‚Ėą‚Ėą‚Ėą  ‚Ėą‚Ėą‚Ėą‚Ėą‚Ėą‚Ėą‚Ėą‚Ėą  ‚Ėą‚Ėą    ‚Ėą‚Ėą‚Ėą‚Ėą ‚Ėą‚Ėą‚Ėą‚Ėą‚Ėą‚Ėą‚Ėą‚Ėą‚Ėą   ‚Ėą‚Ėą‚Ėą‚Ėą‚Ėą‚Ėą‚Ėą‚Ėą‚Ėą ‚Ėą‚Ėą‚Ėą‚Ėą ‚Ėą‚ĖĎ‚Ėą‚Ėą           
      ‚Ėą‚Ėą‚Ėą‚Ėą  ‚Ėą‚Ėą‚ĖĎ‚Ėą ‚Ėą‚Ėą‚Ėą‚Ėą  ‚Ėą‚Ėą‚Ėą‚Ėą ‚Ėą‚Ėą‚Ėą‚Ėą  ‚Ėą‚Ėą‚ĖĎ‚Ėą ‚Ėą‚ĖĎ‚Ėą‚Ėą  ‚Ėą‚Ėą‚Ėą‚Ėą ‚Ėą‚Ėą‚Ėą‚Ėą  ‚Ėą‚Ėą‚ĖĎ‚Ėą ‚Ėą‚ĖĎ‚ĖĎ‚Ėą ‚Ėą‚ĖĎ‚Ėą‚Ėą           
      ‚Ėą‚ĖĎ‚Ėą‚Ėą  ‚Ėą‚Ėą‚Ėą‚Ėą ‚Ėą‚ĖĎ‚Ėą‚Ėą  ‚Ėą‚Ėą‚ĖĎ‚Ėą ‚Ėą‚ĖĎ‚Ėą‚Ėą  ‚Ėą‚Ėą‚ĖĎ‚Ėą ‚Ėą‚ĖĎ‚Ėą‚Ėą  ‚Ėą‚Ėą‚ĖĎ‚Ėą ‚Ėą‚ĖĎ‚Ėą‚Ėą  ‚Ėą‚Ėą‚Ėą‚Ėą ‚Ėą‚Ėą‚Ėą‚Ėą ‚Ėą‚ĖĎ‚Ėą‚Ėą           
      ‚Ėą‚ĖĎ‚Ėą‚Ėą  ‚Ėą‚Ėą   ‚Ėą‚ĖĎ‚Ėą‚Ėą  ‚Ėą‚Ėą‚ĖĎ‚Ėą ‚Ėą‚ĖĎ‚Ėą‚Ėą  ‚Ėą‚Ėą‚ĖĎ‚Ėą ‚Ėą‚ĖĎ‚Ėą‚Ėą  ‚Ėą‚Ėą‚ĖĎ‚Ėą ‚Ėą‚ĖĎ‚Ėą‚Ėą  ‚Ėą‚Ėą        ‚Ėą‚ĖĎ‚Ėą‚Ėą           
      ‚Ėą‚ĖĎ‚Ėą‚Ėą       ‚Ėą‚ĖĎ‚Ėą‚Ėą  ‚Ėą‚Ėą‚ĖĎ‚Ėą ‚Ėą‚ĖĎ‚Ėą‚Ėą  ‚Ėą‚Ėą‚ĖĎ‚Ėą ‚Ėą‚ĖĎ‚Ėą‚Ėą  ‚Ėą‚Ėą‚ĖĎ‚Ėą ‚Ėą‚ĖĎ‚Ėą‚Ėą       ‚Ėą‚Ėą‚Ėą‚Ėą ‚Ėą‚ĖĎ‚Ėą‚Ėą                                                                                         
      ‚Ėą‚ĖĎ‚Ėą‚Ėą  ‚Ėą‚Ėą   ‚Ėą‚ĖĎ‚Ėą‚Ėą  ‚Ėą‚Ėą‚ĖĎ‚Ėą ‚Ėą‚ĖĎ‚Ėą‚Ėą  ‚Ėą‚Ėą‚ĖĎ‚Ėą ‚Ėą‚ĖĎ‚Ėą‚Ėą  ‚Ėą‚Ėą‚ĖĎ‚Ėą ‚Ėą‚ĖĎ‚Ėą‚Ėą  ‚Ėą‚Ėą   ‚Ėą‚ĖĎ‚Ėą‚Ėą ‚Ėą‚ĖĎ‚Ėą‚Ėą  ‚Ėą‚Ėą                                                                                     
      ‚Ėą‚ĖĎ‚Ėą‚Ėą  ‚Ėą‚Ėą‚Ėą‚Ėą ‚Ėą‚ĖĎ‚Ėą‚Ėą  ‚Ėą‚Ėą‚ĖĎ‚Ėą ‚Ėą‚ĖĎ‚Ėą‚Ėą  ‚Ėą‚Ėą‚ĖĎ‚Ėą ‚Ėą‚ĖĎ‚Ėą‚Ėą  ‚Ėą‚Ėą‚ĖĎ‚Ėą ‚Ėą‚ĖĎ‚Ėą‚Ėą  ‚Ėą‚Ėą‚Ėą‚Ėą ‚Ėą‚ĖĎ‚Ėą‚Ėą ‚Ėą‚ĖĎ‚Ėą‚Ėą  ‚Ėą‚Ėą‚Ėą                                                                                    
      ‚Ėą‚ĖĎ‚Ėą‚Ėą  ‚Ėą‚Ėą‚ĖĎ‚Ėą ‚Ėą‚ĖĎ‚Ėą‚Ėą  ‚Ėą‚Ėą‚ĖĎ‚Ėą ‚Ėą‚ĖĎ‚Ėą‚Ėą  ‚Ėą‚Ėą‚ĖĎ‚Ėą ‚Ėą‚ĖĎ‚Ėą‚Ėą  ‚Ėą‚Ėą‚ĖĎ‚Ėą ‚Ėą‚ĖĎ‚Ėą‚Ėą  ‚Ėą‚Ėą‚ĖĎ‚Ėą ‚Ėą‚ĖĎ‚Ėą‚Ėą ‚Ėą‚ĖĎ‚Ėą‚Ėą  ‚Ėą‚ĖĎ‚Ėą                                                                         
      ‚Ėą‚ĖĎ‚Ėą‚Ėą  ‚Ėą‚Ėą‚ĖĎ‚Ėą ‚Ėą‚ĖĎ‚Ėą‚Ėą  ‚Ėą‚Ėą‚ĖĎ‚Ėą ‚Ėą‚ĖĎ‚Ėą‚Ėą  ‚Ėą‚Ėą‚ĖĎ‚Ėą ‚Ėą‚ĖĎ‚Ėą‚Ėą  ‚Ėą‚Ėą‚ĖĎ‚Ėą ‚Ėą‚ĖĎ‚Ėą‚Ėą  ‚Ėą‚Ėą‚ĖĎ‚Ėą ‚Ėą‚ĖĎ‚Ėą‚Ėą ‚Ėą‚ĖĎ‚Ėą‚Ėą  ‚Ėą‚ĖĎ‚Ėą                                                                         
      ‚Ėą‚ĖĎ‚Ėą‚Ėą  ‚Ėą‚Ėą‚ĖĎ‚Ėą ‚Ėą‚ĖĎ‚Ėą‚Ėą  ‚Ėą‚Ėą‚ĖĎ‚Ėą ‚Ėą‚ĖĎ‚Ėą‚Ėą  ‚Ėą‚Ėą‚ĖĎ‚Ėą ‚Ėą‚ĖĎ‚Ėą‚Ėą  ‚Ėą‚Ėą‚ĖĎ‚Ėą ‚Ėą‚ĖĎ‚Ėą‚Ėą  ‚Ėą‚Ėą‚ĖĎ‚Ėą ‚Ėą‚ĖĎ‚Ėą‚Ėą ‚Ėą‚ĖĎ‚Ėą‚Ėą  ‚Ėą‚ĖĎ‚Ėą                                                                         
      ‚Ėą‚Ėą‚Ėą‚Ėą  ‚Ėą‚Ėą‚ĖĎ‚Ėą ‚Ėą‚Ėą‚Ėą‚Ėą  ‚Ėą‚Ėą‚Ėą‚Ėą ‚Ėą‚Ėą‚Ėą‚Ėą  ‚Ėą‚Ėą‚Ėą‚Ėą ‚Ėą‚Ėą‚Ėą‚Ėą  ‚Ėą‚Ėą‚ĖĎ‚Ėą ‚Ėą‚Ėą‚Ėą‚Ėą  ‚Ėą‚Ėą‚ĖĎ‚Ėą ‚Ėą‚Ėą‚Ėą‚Ėą ‚Ėą‚Ėą‚Ėą‚Ėą  ‚Ėą‚ĖĎ‚Ėą                                                                         
       ‚Ėą‚Ėą‚Ėą‚Ėą‚Ėą‚Ėą‚Ėą‚Ėą‚Ėą  ‚Ėą‚Ėą‚Ėą‚Ėą‚Ėą‚Ėą‚Ėą‚Ėą ‚Ėą ‚Ėą‚Ėą‚Ėą‚Ėą‚Ėą‚Ėą‚Ėą‚Ėą  ‚Ėą‚Ėą ‚Ėą‚Ėą ‚Ėą‚Ėą‚ĖĎ‚Ėą  ‚Ėą‚Ėą‚Ėą‚Ėą‚Ėą‚Ėą‚Ėą‚Ėą‚Ėą ‚Ėą ‚Ėą‚Ėą  ‚Ėą‚Ėą‚Ėą‚Ėą‚Ėą‚Ėą‚Ėą‚Ėą                                                                         
     ‚Ėą‚Ėą‚Ėą‚Ėą‚Ėą‚Ėą‚Ėą‚Ėą‚Ėą‚Ėą‚Ėą‚Ėą‚Ėą‚Ėą‚Ėą‚Ėą‚Ėą‚Ėą‚Ėą‚Ėą‚Ėą‚Ėą‚Ėą‚Ėą‚Ėą‚Ėą‚Ėą‚Ėą‚Ėą‚Ėą‚Ėą‚Ėą‚Ėą‚Ėą‚Ėą‚Ėą‚Ėą‚Ėą‚Ėą ‚Ėą‚Ėą‚ĖĎ‚Ėą ‚Ėą‚Ėą‚Ėą‚Ėą‚Ėą‚Ėą‚Ėą‚Ėą‚Ėą‚Ėą‚Ėą‚Ėą‚Ėą‚Ėą‚Ėą‚Ėą‚Ėą‚Ėą‚Ėą‚Ėą‚Ėą‚Ėą‚Ėą‚Ėą                                                                          
     ‚Ėą‚Ėą‚Ėą‚Ėą‚Ėą‚Ėą‚Ėą‚Ėą‚Ėą‚Ėą‚Ėą‚Ėą‚Ėą‚Ėą‚Ėą‚Ėą‚Ėą‚Ėą‚Ėą‚Ėą‚Ėą‚Ėą‚Ėą‚Ėą‚Ėą‚Ėą‚Ėą‚Ėą‚Ėą‚Ėą‚Ėą‚Ėą‚Ėą‚Ėą‚Ėą‚Ėą‚Ėą‚Ėą‚Ėą ‚Ėą‚Ėą‚ĖĎ‚Ėą ‚Ėą‚Ėą‚Ėą‚Ėą‚Ėą‚Ėą‚Ėą‚Ėą‚Ėą‚Ėą‚Ėą‚Ėą‚Ėą‚Ėą‚Ėą‚Ėą‚Ėą‚Ėą‚Ėą‚Ėą‚Ėą‚Ėą‚Ėą                                                                                         
                                              ‚Ėą‚Ėą‚Ėą                                                                                                
                                                ‚Ėą                                                                                                
     ‚ĖÄ‚ĖÄ‚ĖÄ‚ĖÄ‚ĖÄ‚ĖÄ‚ĖÄ‚ĖÄ‚ĖÄ‚ĖÄ‚ĖÄ‚ĖÄ‚ĖÄ‚ĖÄ‚ĖÄ‚ĖÄ‚ĖÄ‚ĖÄ‚ĖÄ‚ĖÄ‚ĖÄ‚ĖÄ‚ĖÄ‚ĖÄ‚ĖÄ‚ĖÄ‚ĖÄ‚ĖÄ‚ĖÄ‚ĖÄ‚ĖÄ‚ĖÄ‚ĖÄ‚ĖÄ‚ĖÄ‚ĖÄ‚ĖÄ‚ĖÄ‚ĖÄ‚ĖÄ‚ĖÄ‚ĖÄ‚ĖÄ‚ĖÄ‚ĖÄ‚ĖÄ‚ĖÄ‚ĖÄ‚ĖÄ‚ĖÄ‚ĖÄ‚ĖÄ‚ĖÄ‚ĖÄ‚ĖÄ‚ĖÄ‚ĖÄ‚ĖÄ‚ĖÄ‚ĖÄ‚ĖÄ‚ĖÄ‚ĖÄ‚ĖÄ‚ĖÄ‚ĖÄ‚ĖÄ‚ĖÄ‚ĖÄ‚ĖÄ                                                                      
                                _  _ _  _ _  _ _|_ _                                                                                             
                               |_)| (/__\(/_| | | _\                                                                                                              
                               |                                                
                                                                               
                                                                               
             The.New.Paul.Ogrady.Show.S07E17.WS.PDTV.XviD-COUNCiL
              
                                        
      

       <<<Date Of Show>>>  17-03-2009
      
     
      
       <<<Date Released>>> 18-03-2009
      
      
      
       <<<Video Sizing>>>  640x352
      
      
      
       <<<Audio>>>         VBR 128
      
      
      
       <<<Codec Used>>>    XVID
      
      
      
       <<<FPS>>>           25
      
      
      
       <<<Source>>>        PDTV
      
      
      
       <<<Type Of Show>>>  <> Documentary <> Reality <> Scripted <*>Talk Show
      
     
      
       <<<Show Notes>>> 
       -------------------------------------------------------------------
                                   
       Paul Ogrady Show

       -------------------------------------------------------------------
                                                                         
     
      
       <<<Notes>>> 
     
                                                        




                                                                          
                                                                          
         _V_              _V_               _V_                  oOOo.    
       .=|_|===========v==|_|============v==|_|===========.    (OOOOOO),  
      /                |                 |                 \ ,(OOOOOOOOO) 
     /_________________|_________________|__________________(OOOOOOOOOOOO)
     |=|_|_|_|  =|_|_|=|X|)^^^(|X|=|/ \|=||_|_|_|=| ||_|_|=|`(OOOOOOOOOOO 
     |=|_|_|_|== |_|_|=|X|\___/|X|=||_||=||_____|=|_||_|_|=|___(OOOOOOOO) 
     |=_________= ,-. =|""""""""""="""""=|=_________== == =|_______\//`'  
     |=|__|__|_| //O\\=|X|"""""|X|=//"\\=|=|_|_|_|_| ‚ēĒ---‚ēó=|.=====.||     
     |=|__|__|_|=|| ||=|X|_____|X|=|| ||=|=|_______|=‚ēĎ|"|‚ēĎ=||=====|||                     
     |___________||_||_|=_________=||_||_|__________=‚ēĎ   ‚ēĎ=||==‚ēź==||\---  
      A123                                                                    
                                                                                                                                                                                                                                                                                                   
