ÔĽŅ
                   2007-------------------------------------2009        
                                        ‚ĖĄ‚ĖĄ‚ĖĄ‚ĖĄ      ‚ĖĄ‚ĖĄ‚ĖĄ‚ĖĎ                  
                                       ‚Ėą‚Ėą‚Ėą‚Ėą‚Ėą‚Ėą    ‚Ėą‚Ėą‚Ėą‚Ėą‚Ėą‚ĖĆ                 
                                       ‚Ėą‚Ėą  ‚Ėą‚Ėą   ‚Ėź‚Ėą‚Ėą ‚Ėź‚Ėą‚Ėą                 
                                 ‚ĖĄ‚ĖĄ‚ĖĎ   ‚Ėź‚Ėą‚Ėą‚Ėą‚Ėą‚ĖĆ    ‚Ėą‚Ėą‚Ėą‚Ėą‚Ėą‚ĖĆ  ‚ĖĄ‚ĖĄ‚ĖĄ‚ĖĄ           
                                ‚Ėą‚Ėą‚ĖÄ‚Ėą‚Ėą‚ĖĎ  ‚Ėź‚Ėą‚Ėą‚Ėą‚ĖĆ    ‚Ėź‚Ėą‚Ėą‚Ėą‚ĖĎ  ‚Ėź‚Ėą‚Ėą‚ĖÄ‚Ėą‚ĖĆ          
                                ‚Ėą‚Ėą‚ĖĄ‚Ėą‚Ėą‚ĖĆ  ‚Ėź‚Ėą‚Ėą‚Ėą‚Ėą   ‚Ėź‚Ėą‚Ėą‚Ėą‚Ėą   ‚Ėź‚Ėą‚ĖĄ‚ĖĄ‚Ėą‚Ėą          
                                 ‚Ėą‚Ėą‚Ėą‚Ėą‚ĖĆ  ‚Ėź‚Ėą‚ĖĆ‚Ėź‚Ėą‚Ėą  ‚Ėą‚Ėą‚ĖĆ‚Ėź‚Ėą‚ĖĆ  ‚Ėą‚Ėą‚Ėą‚Ėą‚Ėą‚ĖĎ          
                                  ‚Ėź‚Ėą‚Ėą‚Ėą‚ĖĄ‚ĖĎ‚Ėą‚Ėą‚ĖĎ ‚Ėą‚Ėą‚ĖĄ‚Ėą‚Ėą‚Ėą ‚Ėź‚Ėą‚Ėą‚ĖĄ‚Ėą‚Ėą‚Ėą‚Ėą‚ĖĎ            
                                   ‚Ėą‚Ėą‚Ėą‚Ėą‚Ėą‚Ėą‚Ėą   ‚Ėą‚Ėą‚Ėą‚Ėą   ‚Ėą‚Ėą‚Ėą‚Ėą‚Ėą‚Ėą‚Ėą             
                                   ‚Ėź‚Ėą‚Ėą ‚Ėą‚Ėą‚ĖĆ   ‚ĖĎ‚Ėą‚Ėą‚ĖĎ   ‚Ėą‚Ėą‚ĖĎ ‚Ėą‚Ėą‚ĖĎ             
                                    ‚Ėą‚Ėą‚ĖĆ ‚ĖĎ‚ĖĎ    ‚ĖÄ‚ĖĎ    ‚Ėź‚ĖÄ ‚Ėź‚Ėą‚Ėą              
                                    ‚Ėź‚Ėą‚Ėą                ‚Ėą‚Ėą‚ĖĆ              
                             ‚ĖÄ ‚ĖÄ‚Ėą‚ĖĄ   ‚Ėą‚Ėą‚ĖĆ              ‚Ėź‚Ėą‚Ėą               
                                ‚Ėą‚Ėą‚ĖĆ  ‚Ėź‚Ėą‚Ėą             ‚ĖĄ‚Ėą‚Ėą‚ĖĆ        ‚ĖĄ‚Ėą     
          ‚ĖĄ‚ĖĄ‚ĖĄ‚ĖĄ     ‚ĖĄ‚ĖĄ‚ĖĄ‚ĖĄ  ‚ĖĎ‚ĖĄ‚ĖĄ    ‚Ėą‚Ėą‚ĖĆ  ‚ĖĄ‚Ėą‚Ėą‚Ėą ‚ĖĄ‚ĖĄ‚ĖĄ‚ĖĄ     ‚ĖĎ‚ĖĄ‚Ėą‚Ėą‚ĖÄ  ‚Ėą‚ĖĄ    ‚Ėź‚Ėą‚Ėą‚ĖĎ    
          ‚Ėź‚Ėą‚Ėą‚ĖĆ ‚ĖĄ‚Ėą  ‚ĖĎ‚Ėą‚Ėą‚ĖĆ ‚Ėą‚Ėą‚ĖĆ‚Ėź‚Ėą‚ĖĎ  ‚Ėą‚Ėą‚ĖĆ ‚Ėą‚Ėą‚ĖĆ ‚Ėź‚Ėą‚Ėą ‚Ėź‚Ėą‚Ėą   ‚Ėą‚Ėą‚ĖĆ‚Ėź‚Ėą‚ĖĎ  ‚Ėą‚Ėą‚ĖĆ‚ĖÄ‚ĖÄ‚Ėą‚Ėą‚Ėą‚Ėą‚Ėą‚Ėą‚ĖĄ  
          ‚Ėź‚Ėą‚Ėą‚ĖĆ ‚ĖĎ‚Ėą   ‚Ėą‚Ėą‚ĖĆ ‚Ėą‚Ėą‚ĖĆ‚Ėź‚Ėą‚Ėą  ‚Ėą‚Ėą‚ĖĆ ‚Ėą‚Ėą‚ĖĆ ‚Ėź‚Ėą‚Ėą  ‚Ėą‚Ėą‚ĖĆ  ‚Ėą‚Ėą‚ĖĆ‚Ėź‚Ėą‚Ėą  ‚Ėą‚Ėą‚Ėą‚Ėą‚ĖĆ‚ĖĎ‚Ėą‚Ėą‚Ėą     
          ‚Ėź‚Ėą‚Ėą‚ĖĆ ‚Ėą‚Ėą‚ĖĆ  ‚Ėą‚Ėą‚ĖĆ  ‚ĖÄ ‚Ėź‚Ėą‚Ėą  ‚Ėą‚Ėą‚ĖĆ ‚Ėą‚Ėą‚ĖĆ ‚Ėź‚Ėą‚Ėą ‚Ėź‚Ėą‚Ėą‚ĖĆ   ‚ĖÄ ‚Ėź‚Ėą‚Ėą  ‚Ėą‚Ėą‚Ėą   ‚Ėą‚Ėą‚Ėą     
          ‚Ėź‚Ėą‚Ėą‚ĖĆ ‚Ėą‚Ėą‚ĖĆ  ‚Ėą‚Ėą‚ĖĆ ‚ĖĄ‚Ėą‚ĖÄ‚Ėą‚Ėą‚Ėą  ‚Ėą‚Ėą‚ĖĆ ‚Ėą‚Ėą‚ĖĆ ‚Ėź‚Ėą‚Ėą ‚Ėź‚Ėą‚Ėą‚ĖĆ  ‚ĖĄ‚Ėą‚ĖÄ‚Ėą‚Ėą‚Ėą  ‚Ėą‚Ėą‚ĖĆ   ‚Ėą‚Ėą‚Ėą     
          ‚Ėź‚Ėą‚Ėą‚ĖĆ ‚Ėą‚Ėą‚ĖĆ  ‚Ėą‚Ėą‚ĖĆ‚Ėź‚Ėą‚Ėą ‚Ėź‚Ėą‚Ėą  ‚Ėą‚Ėą‚ĖĆ ‚Ėą‚Ėą‚ĖĆ ‚Ėź‚Ėą‚Ėą ‚Ėź‚Ėą‚Ėą‚ĖĆ ‚Ėź‚Ėą‚Ėą ‚Ėź‚Ėą‚Ėą  ‚Ėą‚Ėą‚ĖĆ   ‚Ėą‚Ėą‚Ėą     
          ‚Ėź‚Ėą‚Ėą‚ĖĆ ‚Ėą‚Ėą‚ĖĆ  ‚Ėą‚Ėą‚ĖĆ‚Ėź‚Ėą‚Ėą ‚Ėź‚Ėą‚Ėą  ‚Ėą‚Ėą‚ĖĆ ‚Ėą‚Ėą‚ĖĆ ‚Ėź‚Ėą‚Ėą ‚Ėź‚Ėą‚Ėą‚ĖĆ ‚Ėź‚Ėą‚Ėą ‚Ėź‚Ėą‚Ėą  ‚Ėą‚Ėą‚ĖĆ   ‚Ėą‚Ėą‚Ėą     
          ‚Ėź‚Ėą‚Ėą‚ĖĆ ‚Ėą‚Ėą‚ĖĆ  ‚ĖĎ‚Ėą‚ĖĆ‚Ėź‚Ėą‚Ėą‚ĖĎ‚Ėą‚Ėą‚Ėą  ‚Ėą‚Ėą‚ĖĆ ‚Ėą‚Ėą‚ĖĆ ‚Ėź‚Ėą‚Ėą ‚Ėź‚Ėą‚Ėą‚ĖĆ ‚Ėź‚Ėą‚Ėą‚ĖĎ‚Ėą‚Ėą‚Ėą  ‚Ėą‚Ėą‚ĖĆ   ‚Ėą‚Ėą‚Ėą     
           ‚ĖÄ‚Ėą‚Ėą‚Ėą‚Ėą‚Ėą‚Ėą‚Ėą‚Ėą‚Ėą‚ĖÄ ‚Ėź‚Ėą‚Ėą‚ĖÄ‚ĖÄ‚Ėą‚Ėą‚ĖĎ ‚Ėą‚Ėą‚ĖĆ ‚Ėą‚Ėą‚ĖĆ ‚Ėź‚Ėą‚Ėą ‚Ėź‚Ėą‚Ėą‚ĖĆ ‚Ėź‚Ėą‚Ėą‚ĖÄ‚ĖÄ‚Ėą‚Ėą‚ĖĎ ‚Ėą‚Ėą‚ĖĆ   ‚Ėą‚Ėą‚ĖĎ     
             ‚ĖÄ‚ĖÄ   ‚ĖÄ‚ĖÄ         ‚ĖÄ‚ĖÄ ‚Ėą‚ĖÄ ‚ĖÄ‚ĖÄ‚ĖÄ‚ĖÄ ‚Ėź‚Ėą‚Ėą ‚ĖÄ‚ĖÄ‚ĖÄ‚ĖÄ       ‚ĖÄ‚ĖÄ ‚ĖÄ‚ĖÄ‚ĖÄ   ‚Ėą‚Ėą‚Ėą     
                                        ‚Ėź‚Ėą‚Ėą                     ‚Ėą‚Ėą‚ĖĆ     
                                         ‚Ėą‚Ėą ‚ĖĄ‚ĖĄ               ‚ĖĄ‚ĖĄ‚ĖĎ‚Ėą‚Ėą      
                                         ‚Ėź‚Ėą‚ĖĆ‚Ėą‚Ėą‚Ėą   ‚ĖĄ‚ĖĄ‚ĖĄ‚ĖĄ‚ĖĄ‚ĖĄ‚ĖĄ‚ĖĄ  ‚Ėą‚Ėą‚Ėą‚ĖĆ‚Ėą‚ĖĆ      
                                           ‚ĖÄ‚ĖÄ‚ĖÄ               ‚ĖÄ‚ĖÄ‚ĖÄ        
                                                                        

                                [Name]:                Chelsea.Lately.2009.07.12.WS.DSR.XviD-WaLMaRT
                                [Date]:                2009-07-13
                                [Ripper]:        WaLMaRT
                                [IMDB]:                
                                [URL]:                

                                [Size]:                174Mb
                                [RARs]:                13 x 15MB

                                        [Encode Info]                        
                                 chelsea.lately.2009.07.12.ws.dsr.xvid-walmart.avi, 
                                 Video:                 XviD at 955Kbps
                                 Audio:                 mp3 134Kbps Stereo 48KHz  
                                 Resolution:         624x352
                                 Framerate:         29.96fps
                                 Run Time:         00:22:08

              SHOUTOUTS: Etach | GTLViDZ | DoNE | FUA | 420RiPZ |
      And To All Our Affils and Fans - Thank You For All Your Continued support
     And a HUGE HUGE FUCK YOU to p2p and the haters who wanna start shit we wont
     Let YOU bring us down u will only make us work harder at becomming even better
     Sit back and enjoy... We will
