 ######################################################################################################
###                                                                                                  ###
##                                                                      +I        =+=                 ##
#               =?$7?=                    ~            NOZ7?+===     ZDO8D      I8Z$ZDD8~              #
#         7D8D8OZ$$$ZZDND~          =$ND88OOONNZ       O8Z$$$$OO    87Z$D$     =DZZ$Z$ZZ8DZ            #
#       88$Z$$ZZZZZZ$Z$78        +OD8Z$ZZZZ$$Z7ZO~     ?DZZ$ZZD$ 7D8Z$ZZN?      DZZ$$ZOO$$OD+          #
#     ODZZZO$OZZZZZZZ$ONZ       N8Z$ZZZZZ$ZZZZZZON=     DO$ZZZ8O787ZZZ$$N=      +DZ$Z$$$Z$$$DO         #
#    N$$ZZZZ$ZZZZ$$ZO$N$      7D$$$ZZZ$$ZZZZ$ZZZZO8     ZOZZZZ8N87$ZZZZ$N~        ?$Z8ND$ZO$$ZD        #
#  ~D$OZ$ZZZZZ$$$$$$I8I     +DOZZZZZ$O$Z$ZOO$ZZZZZDZ    $D$ZZ$ZZZZ$7Z8D8O               DDZZZZ$?       #
# ~NOZ$OZZZZ$ODOZ7Z8ND      NZ$ZOZ$ZO7DNOIZNZZ$ZZ$8O    ID$ZZZZZ$$ON+         7ZZZZ7I~   78$ZO$8=      #
# DZZZO$ZZZ$NZ             7$7ZZZZZ$ZN+    ZDZ$ZZ$OD    7DZZZZ$$OO?        DDOZZZ$ZZZZOODZNZZZ$8Z      #
# 8$ZZ$OZ$Z8I             ZNZZZZZZ$DD?     ON$Z$Z$ON    O8ZZZZZZ8       ~OD77$Z$$ZZZZOZ$$OZOZZZO8      #
# O$Z$ZZZZZD             ~NOZ$ZZZZO7       ZDZZZ$$ZD    NO$ZZZ$8Z       DOZ$OZZZZ$ZZ$ZZZZZ$ZOZZZNI     #
# Z$ZZZZZZ$D             O8$ZZZZ$ZD        D8ZZZZZO8    DZ$ZZZ$D7      IZ$$Z$Z$$Z88NND8O$$ZOZZZ$OD     #
# O$ZZZZ$Z$Z$            NO$ZZZZ$88       D8$ZZZ$ZDI   ?DZ$ZZ$ZN=     =DZZZZZ$D7=        =$N$$ZO$O     #
# 8$$ZZZ$ZZZ8N+          DO$ZZZZ$8D      $OIOZZZ$ON    ?D$$ZZ$ZN=     ?8$ZZ$ZZI           ~8$ZZZ$Z?    #
# 8O$$ZZZZOO$$ZDO$=~     $N7O$ZZO$OZ?+Z8DO$ZZZZZZD7    8O$ZZZZ$N+     $8Z$Z$ZZ7           ZNOZZZZ$O    #
# =NOZ$ZZZZZZZ$$$Z88NNO$I~N8$$Z$ZZ$$OO$$$$ZZZO$$8Z     DZZZZZZZDI     ?N$O$O$Z8+        7DO$$OZZ$ZD?   #
#   $8ZZZ$ZZZZZ$$ZZ$$ZZZZ88DZ$$ZZZZZ$$OZZZZZ$7$O$     ~OZZZZZZZ8Z      N$$ZZZ$O8OZ?++IZDO$Z$$ZZZZZDZ   #
#    ?DNZZ$$ZZ$ZZZZZZZ$ZZ8+ NZZ7ZZZZZZZZZ$ZZ$ZDO      I$ZZZ$$Z$8D       DZ$$ZZZ$Z7ZZZ$$ZZZZZZZZZZ$8O   #
#      ~ONDZ$ZZZOZZO7O$O8   ?ODOZ$$ZZZZZZ$$ZZZ=       8$$$ZZ$$$ON       ?8DZ$Z$ZOZZZZ$$Z77O8Z$ZZZ$ON=  #
#          =Z8D8OOZ$Z7NZ       ?NDOZOOO88OMO+        78O8DDDDOIZZ         ~8ODOZZ$Z$7$ZODO7ZZ$Z$$ZOD$  #
#                ~IZZ8+            ~~~~              $+~                      ?Z8ZOOZ$?~   INDNDOZ$$N+ #
##                                                                                              ?$O   ##
###                                                                                                  ###
  ################################  C o R a   P R E S E N T E S  #####################################
###                                                                                                  ###
#                     Kill.Katie.Malone.2010.STV.READNFO.MULTi.NTSC.DVDR-CoRa                          #
###                                                                                                  ###
 ######################################################################################################
###                                                                                                  ###
#                                                                                                      #
#     SouRce.....: NTSC [X]      R1 [X]      DVD5 [ ]      FS [ ]                                      #
#                  PAL  [ ]      R2 [ ]      DVD9 [X]      WS [X]                                      #
#                                                                                                      #
#     Size Source: 4.50Go (4,833,603,584 bytes)                                                        #
#                                                                                                      #
#     MENU.......: Untouched  [ ]      Reauthored [X]                                                  #
#                                                                                                      #
#     ViDEO......: Untouched  [X]      CCE        [ ] 9-PASS - N/A Kbs                                 #
#                                                                                                      #
#     AUDiO......: English    [X]      Dolby Digital          [ ]      5.1 [X]                         #
#                  French     [X]      Dolby Digital Surround [X]      2.0 [X]                         #
#                  Spanish    [ ]      Audio Forced           [ ]                                      #
#                  Portugues  [ ]      Audio Dubbed           [ ]                                      #
#                  Thai       [ ]      Eng Audio Descriptive  [ ]                                      #
#                  Quebecois  [ ]                                                                      #
#                  Truefrench [ ]                                                                      #
#                                                                                                      #
#     SOUS-TiTRE.: English    [X]      MULTiSUBS               [ ]                                     #
#                  French     [X]      Sub Forced              [ ]                                     #
#                  Spanish    [ ]      No Sub                  [ ]                                     #
#                  Portuguese [ ]      SDH                     [ ]                                     #
#                  chinese    [ ]      Deaf & hard of hearing  [ ]                                     #
#                  Thai       [ ]                                                                      #
#                                                                                                      #
#     EXTRA_BONUS: Aucun                                                                               #
#                                                                                                      #
#     SUPPRiMER..: Warning                                                                             #
#                  Bande-annonce                                                                       #
#                  VTS TiTLE & PGC                                                                     #
#                                                                                                      #
#     DATE PRE...: 22/03/2012 (22.Mars.2012)                                                           #
#     FiCHiER....: 91 x 50Mo (4.20Go - .iSO)                                                           #
#     Runtime....: 01:31:32 (92 mins)                                                                  #
#                                                                                                      #
#     Lien URL...: http://www.imdb.com/title/tt1523485/                                                #
#                  http://www.clubvideoflash.com/_page/prod/2012/le-regard-de-la-peur-fr.php           #
###                                                                                                  ###
  ####################################################### NOTE DU GROUPE #############################
###                                                                                                  ###
#               En suppriment les bande-annonce, le DVD est malhereusement Undersized :D               #
###                                                                                                  ###
  ############################################################ iNFO ##################################
###                                                                                                  ###
#                       Date de sortie.....: 4 octobre 2011                                            #
#                       Date de sortie DVD.: 20 Mars 2012                                              #
#                       Genre..............: Horror | Thriller                                         #
#                       Ratings............: 4.3/10 from 387 users                                     #
#                                                                                                      #
#                       RΘalisΘ par Carlos Ramos Jr.                                                   #
#                       Avec Masiela Lusha, Stephen Colletti, Jonathan McDaniel                        #
###                                                                                                  ###
  ########################################################## Synopsis ################################
###                                                                                                  ###
#    Les Θtudiants et amis Ginger Matheson, Jim Duncan et Kyle 'Dixie' Canning amassent leur argent    #
#    afin d'acheter un fant⌠me en ligne. Alors que tous croient α une blague, l'ouverture de la boεte  #
#    ancienne libΦre l'esprit assoiffΘ de vengeance d'une servante prisonniΦre depuis des gΘnΘrations. #
###                                                                                                  ###
  ####################################################### CONTACTER & AFFiLS #########################
###                                                                                                  ###
#                            Recherche Site To AFFiLS .ca .us .nl .eu                                  #
#                                                                                                      #
#                                CONTACTER NOUS ViA iRC OU EMAiL                                       #
#                                      cora@mac.hush.com                                               #
###                                                                                                  ###
 ######################################################################################################
