                 ;               a   +           :
             - --W--        +                - --L-- -
                 !               :    +          :
                 .     +         !        +      '
                           +     |  +                  +
                 +              _|_           +
           +                  ,  | `.
     .           + - -- --- --+-<#>-+- ---  --  -    +        . 
                        +     `._|_,'                         :
     :       +      a            |            R    +      - --T-- -
 - --M-- -                .      |      .    -+-              ;
     :             +             !   +        .               ,
     .       +            :      :      :              +
                                 .                +    
         .       2006     | +           |     2018       .
+-----------------------------------------------------------------------------+
ª ªª»»»»»»»ª ª»»»»»ª ªªª ª»»»»»ªªª»»»»»ª»»»»»»ª ªªª ª»»»»»»»»ªªª»»»»»»»»»»»ªª ª
ª ªª ªªªªª ª ª ªªª ª ªªª ª ªªª ªªª ªªª » ªªªª ª ªªª ª ªªªªªª_ »ª ªªªªªªªªª ªª ª
ª ªª___ ªª ª_ª ªªª ª »»» ª ªªª ªªª ªªªª ªªªªª ª »»» ª ªªª »»ªª_     ªªª ___ªª ª
+--+ ªª ªª  »  ªªª »»»»»»» ªªª ªªª ªªªªªªªªªª »»»»»»» ªª    ªªª ªªª ªªª ªª +--ª
ª  ª ªª ªª  ª  ªªª ªªªªªªª ªªª ªªª ªª ªªª ªªª ªªªªªªª ªª   _ªª» ªªª ªªª ªª ª  ª
ª  ª ªª ªª  ª  ªªª »    ªª ªªª ªªª ªª  ª  ªªª »    ªª ªª ªªªª   ªªª ªªª ªª ª  ª
ª  ª ªª ªª ªªª ªªª ªªªª ªª ªªª ªªª ªª  ª  ªªª ªªªª ªª ªª   »ªª_ ªªª ªªª ªª ª  ª
ª  ª ªª ªªªª ªªªªª ª    ªª ªªª     ªª     ªªª ª    ªª ªª ª_  ªª ªªª ªªª ªª ª  ª
ª  ª ªª ªªª _ ªªª  ªªªªªªª ªªªªªªª ªª _ª_ ªªª ªªªªªªª ªª ªªª ªª ªªª ªªª ªª ª  ª
ª  ª ªª_____ª_________________________ªªª________________ªªª____ªªª_____ªª ª  ª
ª  +-----------------------------------------------------------------------+  ª
ª  THE STARS OF CORPORATE GREED, PRESENT:                                     ª
+-----------------------------------------------------------------------------ª
++ THE DEAD CHiCKEN REPORT                                                   +ª
ª+---------------------------------------------------------------------------+ª

  ::          Name........:   The 101st Proposal E04             ::
  ::          Release Date:   2018.11.14                         ::
  ::          Genre.......:   Anime                              ::
  ::          Runtime.....:   46mn 28s                           ::
  ::          RARs........:   37x20 mb                           ::
  ::          Language....:   Japanese                           ::
  ::                                                             ::
  ::          Video.......:   x264                               ::
  ::          Resolution..:   848x480                            ::
  ::          FPS.........:   29.970fps                          ::
  ::          Source a/r..:   16:9                               ::
  ::                                                             ::
  ::          Audio.......:   AAC                                ::
  ::          Subtitles...:   eng fre ger ita por spa 
  ::          Source......:   web
  -----------------------------------------------------------------
+-----------------------------------------------------------------------------ª
++ SYNOPSiS                                                                  +ª
ª+---------------------------------------------------------------------------+ª
Kaoru and Chie's father calls from Hamamatsu to tell them he's coming to Tokyo. 
Why is he coming to visit? Had he arranged a marriage for Kaoru? Is he going to 
try and convince Kaoru to come back to Hamamatsu? Kaoru braces herself. Tatsuro 
visits Kaoru's apartment to bring her keys she had dropped; Chie is there. Chie 
asks him to watch the apartment while she quickly goes shopping for dinner ingredients. 
The doorbell rings in her absence, Tatsuro answers the door to see a fifty-something 
man standing there. Tatsuro tries to rudely shoo him away, thinking him to be a solicitor. 
Little does he know that the man is Kaoru's father ..

    :.                   HOPE YOU GUYS ENJOY ^^                    .:

                  |                                         |       
      )|(         |.===.          _/7           )))         |.===.    
     (o o)        {}o o{}        (o o)         (o o)        {}o o{}   
 ooO--(_)--Ooo-ooO--(_)--Ooo-ooO--(_)--Ooo-ooO--(_)--Ooo-ooO--(_)--Ooo
+-----------------------------------------------------------------------------ª
++ GRP NOTES                                                                 +ª
ª+---------------------------------------------------------------------------+ª
ª  Respect to:                                                                ª
ª  VOMiT - DOCUMENT - BRD - FiCO - RAiN - C4TV - TALiON - PFa - SADPANDA -    ª
ª  intothevoid - 0MNiDVD -  GHOULS - CADAVER - TwistedDesire                  ª
ª                                                                             ª
ª  Thanks to:                                                                 ª
ª  All our friends and sites who support us. You know who you are.            ª
ª                                                                             ª
ª  Seeking:                                                                   ª
ª  - A fuse/MTV capper for MViD.                                              ª
ª  - A cracker/supplier for 0DAY.                                             ª
ª  - A 1gbit site for TV and TV-X264.                                         ª
ª  - 100mbit+ sites for DVDR, TV-DVDR, MP3, MViD, XXX and XXX-DVDR.           ª
ª                                                                             ª
ª  Contact:                                                                   ª
ª  Grapevine.                                                                 ª
ª+---------------------------------------------------------------------------+ª
++                                                       WaLMaRT 2006 - 2018 +ª
+-----------------------------------------------------------------------------+
