....... . ............................................. ............. .......... ............. .....
................................................................  .. .  ............................
..................................................................:?= ........... ........... ......
........................................................ .......?:,,:?Z,. ....... ..................
............... .... ..........................................77O$:~:+Z. ..........................
.. .,M=,...., .................... .:M . ... .................Z+ZI=?887$~...........................
...,MMMZ ...MZ.  ..................,MMM? ...M=  ..............+?~IOO:ZZD~...  ...  ... .............
.....MMM=..M, ...... ................MMM...M  ...............ZII8=O$IIIN  ..........................
......MNM M....  .:M. MMM,.,MM+. .....MMM,M................. +II=~IZOO78...... ......... ...........
.......MMM.... . 7MMD88MMMM8MMMM.    .,MMM, .          .   ...$$ZOOZZ7ZO......  .   .     .   ..... 
.......ZMMM.. ....MM...7MM ..MMM.. . ..MMMM..  .    . ........ZO8888Z8$..:,~ .. .... ..... . .... . 
......NM,MMM ..  .MM...7MM . MMM     .MO7MMM....       .   ...$ODDDDZD?~+?+++,. .    ... . .  ..  . 
...  MD..?MMM   ..MM.. 7MM...MMM.....M:..MMMO......... .. ....OONMMMD7+?$7??++   . . ... . . ...  ..
....MN ...MMMN ...MM,..$MM   MMM . .M$.. .MMM7 .   .. ........D8DMO?====+?????=. ... ..... . .... . 
..ZMM. ....NMMM MMMMM7MMMMM7 NMMM.MMD .....MMMM..  . ........:DO8O+=~~~~=?I?II?.. ..................
................   .........  .        .        .      .  ...,NZ7+=~~~~=?O$III?=.  . ............ . 
..............     .. . .  ... . .            ..   ..........:7+?++===+?II8I????...... .............
 .NAME: Top Hits USA Video VH 74 January 2009             .  O$ZI?IONO8DDZI$I???? ..................
..AUDIO: LPCM 2.0          ...............................  $8DIDZ?~:,,:~+7D7IIII...................
 .VIDEO: 4:3 NTSC UNTOUCHED ...............................OON8ZI$?+=O?=+I$7Z7III~  ................
 .SIZE:. 80 x 50    ......................................8ZDZ8877Z$$ZOOO88$8Z777I..................
..NOTES: enjoy                                         ...DNZZODDOD888888DON8O$77I..................
 .     ..                                              ...:8$ONNNNNNDDDMND$$ZDZII7:.................
 .      .     . ... .......................................8ZDDNDDNMMMNND$$Z787+?7?.................
..TRACK LIST: . .          .................. ............ .Z8DNN8DMMMNND8O$ZD+?7I7.................
                                       ......................8DMMMMNNNM8OOO8NI?$$Z+ ................
1. I STAY IN LOVE - MARIAH CAREY       ......................=MNNDNNNNNN88D88I7$ZZ..................
2. ADDICTION - RYAN LESLIE             .......................DONNNNNNMNMD8D777ZO.. ................
3. TROUBLEMAKER - WEEZER               ........................DNMMMMMMNMNDD77$OI................ ..
4. BUST YOUR WINDOWS - JAZMINE SULLIVAN                          MMMMMNDN$N$7$OO ...................
5. 18 DAYS - SAVING ABEL                                         NMNMMMMNMNI7ZOZ....................
6. SUCH A TIME - FLYNN ADAM            ........................ONNMNNNMNMM$77O8D:...................
7. LOVE LOCKDOWN - KANYE WEST          .......................$NMNMMMMNNMMI7ZO88O ..................
8. I HATE THIS PART - PUSSYCAT DOLLS   ......................$D8NNMMNMMNN?IIODD8Z ..................
9. GOT MONEY - LIL WAYNE feat T-Pain   .....................+DNMNMNNMMMN8$7$DDDOZ:  ................
10. SEVENTEEN FOREVER - METRO STATION  .....................OD8Z8NNNNNNNI77ZNDDO8$..................
11. REHAB - RIHANNA feat Justin        ....................788MMMMMNNNM8$$$$DDZ77Z. ................
Timberlake                             ................... $8I$ZDMMNMMN$$$Z$O$II$Z..................
12. SWING - SAVAGE feat Soulja Boy     ...................~Z$Z8Z8NMDNN78ZZ787??7Z$. ................
Tell'Em                                ...................I8D7$O778MMND77Z=D$?7ZZ,..................
13. HEELS OVER HEAD - BOYS LIKE GIRLS  ...................78O$I7$ZO8MM88?N?=O7ZO$...................
14. MY LIFE - GAME feat Lil Wayne      ..................:$8DZONMMZ$8MZNZ=7?7OZZD ..................
15. NO MOLESTAR - MARCO ANTONIO SOLIS  ..................?ODDZ8OZ8DMMZZ7I+O7Z8ZZ=...................
16. TURNIN ME ON - KERI HILSON feat Lil..................$ONN8DNNNNMM$?7+I$ZOOZN....................
Wayne                                  ..................$DNDDDNNMNMM?++I7ZOOZMZ ...................
17. I DON'T CARE - FALL OUT BOY        ..................Z8NNDNNNNNM7??I$ZOOZ8N.....................
18. ONE WORLD - CHEETAH GIRLS          .................$ODMNN8NDN8OIII7ZOOOOMD. ...... ........ ...
19. SHE GOT HER OWN - NE-YO feat Jamie ................ O8NNNONNDND7II7$OOOZMM?. ...................
Foxx and Fabolous                      .................Z8NMNNDDNDN77$ZOOOZMMN.........  . ... . ...
20. COMATOSE - SKILLET                 ................~ZDMNMMDNNM87$ZOOOZMMM8. ....................
21. IF I WERE A BOY - BEYONCE          ................Z8NMNNNDMNN$$ZO88OMMMN~ .....................
22. WHAT IT TAKES - ADAM GREGORY       ................ZDNMNNDDMMN$ZO88ONMMMD................... ...
23. MY HALLELUJAH SONG - JULIANNE HOUGH...............,Z8MNNNMNNDNOO88ODMMMN$ ......................
24. BOB THAT HEAD - RASCAL FLATTS      ...............?ODNMMNMNDMD88888MMMDM. ......................
25. NO AIR - RISSI PALMER              ...............$DDNNMDMNMN8O8OOMMMDOD........................
26. DON'T - BILLY CURRINGTON           ...............ZDNNNN8NMNN8OOZMMMMDN~........................
                                       ..............,OONNNNNNMNN8OOOMMMN88 ........................
                                       ..............78DMNNNNNMMNOOONMMMD8N.. ......................
                                       ..............ZONMNMMNNNMD8O8MMMNO8?.........................
                                       ..............ZONNNNMMNNMDOOOMMMDDD..........................
                                       .............:O8NNNNNNNNNDOO8MMNDNN..........................
                                       .............78NMNNMNMNNN8OOOMNDDNO .........................
                                       .............OONDNMNNNMNN8O88MND8N?..........................
                                       ............:8DNMNMMNNNNN8888MNDD8~..... ....................
                                       ............ZONNNNNNNNNMD8888MDDND,..........................
                                       ...........,ONNNNNNNNNMND888DMDDND...........................
                                       ...........ODNNNMMNNNNMND88DMMD8ON. .........................
                                       ..........,ONNMNNMNNNNNN888DMNDDDD.... ..................  ..
                                       ..........ONNNNNNMNNNNND88DMMND8DN...........................
                                       .........78DMMNNNNNNNMND88DMMNDDNM,... ............ ....  ...
                                       ........:8NNNNNNMNNNNNDDDDMMMNDDNM~ .........................
                                         ... . 8NNMNNNNNNNNNNDDDMMMMNDDDM=..........................
                                       .......$DNNMNNNNNNNNNNDDDMMMMNDDDMI..........................
                                       ......78DNNNNMNNNNNNNDDDMMMMMMDDNN$..........................
                                       .....78DDNNNNNNNNNNNNDDNMMMNNMDDMNO . ..  ..  .. ..  .. . . .
                                        ...I8DNNNNNNMNNNMNMNDDMMMMDNMDDMND...... ............. .....
                                       ...I8DNNNNNNMNNNNNNNNDNMMND8NMDNMND..........................
                                       ..Z8DNNNNDNNDNNNNNNNDDNMMDNDNNDNMND..........................
....  ..................................ZDDNMNNNNNDNDNNDNNMDDNMMD8DMDDDMN8,.........................
....   .   . ..........................ONDNNNNNNNNNNNNNNNNNNNMMM8D8MDDDNND= .. ...... . ... .. . . .
 ... . . ... ................. .......8DDNNNMNNNNNNNNNNNNNDDDOMMND8NDDNNNDZ .... ...................
.... .................... ...........DDNNNNNNNNNNNNNNNNNNNDD8.8DN8D8DDNNNDN. .......................
...................................,8DNNNNNNNNNNNNNNNNMMNNDD. MNNDOO8NMNNDN.........................
...................................NDDNNNNNNMNMMNMMMMMNMMNNM...ZNN88OD........  ... ................
................................. 8NNNZ8NNMNMMMMMMMNMMNNMD$MI+~,.ZD887..~===~~~. ...................
.................................=DDNNNMN8OOOZOO8DDDNNNMN8I8IIII?+~+N:..=??+++=.....................
.............,.......  ... .:?$O8O8DDDDNDNNNNDOOD8D8O888MNNNDDDNNNDN8$+,....=?I++++=:,..  .....,,,,,
.........,......,,?ZOZ$7$$$$$$ODDDDNDNNNND78DN88DDNNNNNDNDND8DNDDDDDD88888+~,........,,,,,,:,,,,,...
......,...,=+???I$$7$ZO88888OOOO8ZIIII7II??IIII7II7I7I7$$7$O8DD8OZZ$$77II??I....................... 
...:?77II???????7ZOOZOOOOO?. ......???IIIII77777777777777IIIII8Z$$7$7I??++=+........................
7IIIIIIIIIIIIIII$O888O.............,=++++??????????II????++???Z777II7II===,. ............... .......
IIIII7IIIIII$77777,.................,~~====================+7I??????+=~~~,........  ................
III??I??I????7$.,..... ......   .......,,,,,,,,,,,,,,,,,::::::,,..,..,.,...   .  .     ...  ..  .   
+++I7777$$?++ ,=,:~~::~=:.......... ................... .. .... .. ..  ..... . .. . .... .. ..   . .
?+++++++===.........................................................................................
======~~~,................. .. .... ... .... .......... ......... ... .......... ......... ... .....
