                                                                                
 _______ ___ __ _                                                     pk/iMP    
 \  _____________________________________________________.    ._____________    
  \ \    .     /   _/   \          /        \______    /  \/\/  \          /    
   \ \__ :  __/__  \   __\___  ___/__    ____\__  / __/__      __\___  \__/  /  
   _\  /____\   /______\   /____\   /_______\  /____\   /______\    \   \   /   
   \  /_____________________                           _ __ _____________\ _\   
    \________________      /                                                    
                    /     /                                                     
                   /     /     P R O U D L Y    P R E S E N T S . . .           
                  /     /                                                       
           |\____/     /____________________ ______ _____ ____ ___ __  _        
           |  __      _____________________//_____//____//___//__//_/ // /      
           |  \/     /                                                          
           |        /     GAME ........ Keep Talking and Nobody Explodes v1.8.3 
           |       /      DEVELOPER ... Steel Crate Games                       
           |       \      DATE ........ 10/03/2019                              
           |        \     DISKS ....... 18x10.00MB                              
           |_________\    PROTECTION .. Custom                                  
                          RiPPED ...... Nothing                                 
                          GENRE ....... GAME                                    
                          PLATFORM .... Linux                                   
                          LANGUAGE .... English                                 
       ____________________________________ ______ _____ ____ ___ __  _         
       \  ________________________________//_____//____//___//__//_/ // /       
        \ \                                                                     
         \ \/\                                                                  
          \   \          _______ _________ _________ ______                     
          /____\        _\_____/  __     (_   _____(   .  (_                    
                       /_______\__/________\    _|__________\                   
                                           /____\                               
                                                                                
        Find yourself trapped alone in a room with a ticking time bomb. Your    
        friends have the manual to defuse it, but they can't see the bomb, so   
        you're going to have to talk it out - fast!                             
                                                                                
        In Keep Talking and Nobody Explodes, one player is trapped in a room    
        with a ticking time bomb they must defuse. The other players are the    
        ôExpertsö who must give the instructions to defuse the bomb by          
        deciphering the information found in the Bomb Defusal Manual. But       
        there's a catch: the Experts can't see the bomb, so everyone will       
        need to talk it out û fast!                                             
                                                                                
        Rounds are fast-paced, tense, occasionally silly, and almost always     
        loud. Everybody has a role to play whether they are defusing the bomb   
        or deciphering information from the manual.                             
                                                                                
        Puzzle solving and communication skills - and maybe a few friendships   
        - will be put to the test as players race to defuse bombs while         
        communicating quickly, clearly, and effectively.                        
                                                                                
                                                                                
        URL: https://keeptalkinggame.com                                        
                                                                                
                                                                                
        If you like the game, support the developers and buy it!                
                                                                                
      ____________________________________ ______ _____ ____ ___ __  _          
      \  ________________________________//_____//____//___//__//_/ // /        
       \ \                                                                      
        \ \/\                                                                   
         \   \     ___________ _________________________________________        
         /____\    \   _     (_    .    (___     ___/    .___(___   ---/_       
                   /___/_______\ _________\________\__________/__'_______\      
                                                                                
                                                                                
        1.> Unpack                                                              
        2.> Enjoy!                                                              
                                                                                
        NOTE: Manual included, check ./Manual/                                  
                                                                                
                                                                                
                          Greetings to our Friends in:                          
                                                                                
               VACE + CRD + RAZOR1911 + STATICPSX + MYTHPC + DeBT               
                                                                                
   ________ ________ ________ ________ ________ ________ ________     ______    
  _\   .  (____  | (_____  _/____    (_______ (____\ / (____   _(____ \    /    
  \    :      /  |     /  /     /    /   /  /     /        /\__     /  \   \    
  /__________/________/________/________/________/________/________/    \/\ \   
               _  __ ___ ____ _____ ______ ________________________________\ \  
             \ \\ \_\\__\\___\\____\\_____\\__________________________________\ 
                                                                                
                                                aSCii bY pOOK fROM iMPURE
