                 ;               a   +           :
             - --W--        +                - --L-- -
                 !               :    +          :
                 .     +         !        +      '
                           +     |  +                  +
                 +              _|_           +
           +                  ,  | `.
     .           + - -- --- --+-<#>-+- ---  --  -    +        . 
                        +     `._|_,'                         :
     :       +      a            |            R    +      - --T-- -
 - --M-- -                .      |      .    -+-              ;
     :             +             !   +        .               ,
     .       +            :      :      :              +
                                 .                +    
         .       2006     | +           |     2018       .
+-----------------------------------------------------------------------------+
ª ªª»»»»»»»ª ª»»»»»ª ªªª ª»»»»»ªªª»»»»»ª»»»»»»ª ªªª ª»»»»»»»»ªªª»»»»»»»»»»»ªª ª
ª ªª ªªªªª ª ª ªªª ª ªªª ª ªªª ªªª ªªª » ªªªª ª ªªª ª ªªªªªª_ »ª ªªªªªªªªª ªª ª
ª ªª___ ªª ª_ª ªªª ª »»» ª ªªª ªªª ªªªª ªªªªª ª »»» ª ªªª »»ªª_     ªªª ___ªª ª
+--+ ªª ªª  »  ªªª »»»»»»» ªªª ªªª ªªªªªªªªªª »»»»»»» ªª    ªªª ªªª ªªª ªª +--ª
ª  ª ªª ªª  ª  ªªª ªªªªªªª ªªª ªªª ªª ªªª ªªª ªªªªªªª ªª   _ªª» ªªª ªªª ªª ª  ª
ª  ª ªª ªª  ª  ªªª »    ªª ªªª ªªª ªª  ª  ªªª »    ªª ªª ªªªª   ªªª ªªª ªª ª  ª
ª  ª ªª ªª ªªª ªªª ªªªª ªª ªªª ªªª ªª  ª  ªªª ªªªª ªª ªª   »ªª_ ªªª ªªª ªª ª  ª
ª  ª ªª ªªªª ªªªªª ª    ªª ªªª     ªª     ªªª ª    ªª ªª ª_  ªª ªªª ªªª ªª ª  ª
ª  ª ªª ªªª _ ªªª  ªªªªªªª ªªªªªªª ªª _ª_ ªªª ªªªªªªª ªª ªªª ªª ªªª ªªª ªª ª  ª
ª  ª ªª_____ª_________________________ªªª________________ªªª____ªªª_____ªª ª  ª
ª  +-----------------------------------------------------------------------+  ª
ª  THE STARS OF CORPORATE GREED, PRESENT:                                     ª
+-----------------------------------------------------------------------------ª
++ THE DEAD CHiCKEN REPORT                                                   +ª
ª+---------------------------------------------------------------------------+ª

  ::          Name........:   Isekai Quartet E02                 ::
  ::          Release Date:   2019.06.24                         ::
  ::          Genre.......:   Anime                              ::
  ::          Runtime.....:   11mn 55s                           ::
  ::          RARs........:   6x50mb                             ::
  ::          Language....:   Japanese                           ::
  ::                                                             ::
  ::          Video.......:   x264                               ::
  ::          Resolution..:   1920x1080                          ::
  ::          FPS.........:   23.976fps                          ::
  ::          Source a/r..:   16:9                               ::
  ::                                                             ::
  ::          Audio.......:   AAC                                ::
  ::          Subtitles...:    Eng +/more then likely others 
  ::          Source......:   web
  -----------------------------------------------------------------
+-----------------------------------------------------------------------------ª
++ SYNOPSiS                                                                  +ª
ª+---------------------------------------------------------------------------+ª
ôTension! Introductionsö
Now that everybody's settled in, it's time for the first day of school, which 
means everybody has to introduce ...

    :.                   HOPE YOU GUYS ENJOY ^^                    .:

                  |                                         |       
      )|(         |.===.          _/7           )))         |.===.    
     (o o)        {}o o{}        (o o)         (o o)        {}o o{}   
 ooO--(_)--Ooo-ooO--(_)--Ooo-ooO--(_)--Ooo-ooO--(_)--Ooo-ooO--(_)--Ooo
+-----------------------------------------------------------------------------ª
++ GRP NOTES                                                                 +ª
ª+---------------------------------------------------------------------------+ª                 ª
ª                                                                             ª
ª  Thanks to:                                                                 ª
ª  All our friends and sites who support us. You know who you are.            ª
ª                                                                             ª
ª  Seeking:                                                                   ª
ª  - A Programmer/coder is is need right now                                  ª
ª                                                                             ª
ª  Contact:                                                                   ª
ª  Grapevine.                                                                 ª
ª+---------------------------------------------------------------------------+ª
++                                                       WaLMaRT 2006 - 2018 +ª
+-----------------------------------------------------------------------------+
