 .,,,.. .....                      .::,,... . ..,:.            
 .,,,..  ....                       .,:,... . ..,,,            
 .,,,.. . ..                         ,:,,... . ..,,            
 ,,,.... ...                         .,:,..... ..,,            
 ,,,...  ..                           .,,,....  ..,            
 ,,,.... ..     .,;;,.                 .:,..... ..,            
 .,,.... ..   .,===+;,  .,,.            ,,..........           
 .,..... ..  .:iIIi+=;::+ii=,.          ,,..........           
 ...........,;=iY▌YIIIY▌▌▌Yti=.         .,.... .....           
 .... . ...:=ttiitYXXXXXXXVYt+:         .,..... ....           
 .... .. .,iYI+=iIYVXYIittYVVt:         .:.... .....           
 ...  .  ..tY+=IVYVXVt+;;;=+tY+.        .:,.. .  ...           
 ... .   ..=i+IYYXXXY+;;::::;+I=        .:,... . ...           
 .,.. .  ..:+IIIVXXVi=;:,:::::+t,       .:,.. ......           
 .... .  ..:IItYYXXt+;::,,,,,;t;;,      .:,...   ...           
 .,.. .  ..,tIYtIXVi;:,,,,,,,===i+;.    .;,..  .  ..           
 ....  .  ..=YiiVVt=::,,,,,.,:;+tII,  . .;,.. .  ...           
 .,...   ...:i=IVYi;::,:;;:,.,:tI+i. .  .;,.. .  . .           
 .... . . ..,=iIVI=;::+i+=:..,:tI+;:,. ..;:.... . ..           
 .....   . ..=▌YVi=;:i=,:::,,,,:::;::,...;:,. .   ..           
  ... . . ...=VVY+=:=;.:;i+:,,,,,,,:,:,..;:,... .. ..          
  .... .  ...:XVI=;;i.:=ttii,,,,,.,,,,,,,;:,...   ..           
  ..... .. ..,YXt=;;=:iYVt==,,,,,,,::,,,,=;,... . ..           
  .... . .  ..tRt=;;:+IVIi;,,,,,==,,::,,,=;,..  .  .           
  .... . .  ..+Xi=;::;;=::,,,,,,:,,;+=,,:+;,... . ...          
  .,..    . ..;Xt;;;:,,,,.,,,,,,,,;=++=,,i;,.. . . .           
  .... .    . ,VI=;;:,,,,,...,,,,,==,+i:,t=,... .  ..          
  .... . ..  ..IYi=;::,,,,.......:=,=i=:,i+,.. .  . .          
  ....   .  ...iXI+;::,,,,,......;i=+==,.+i:... . ..           
  .... .   .  .+XYi=;;::,,,,.....==;;;,,.;i:,... . ..          
   ....  .   ..;VYt+;:::,,,,.......,,....;i;,.. .. ..          
   ... .   .  .,iii+=;:::,,..............=i;,..  . .           
   ... .     ...=i===;:::,,.............;i+;:....  ..          
   ....  .  . ..=i=;;;;:,,,............+It+;,... . ..          
  .,.. .   .  ..;ti;,;;:,,,......,.,.,=Yti=;,.. .. ..          
  .,.. . .   ...:i;,,;+=;,,,,,.,,,,,,iIVt+;:,.. .. ..          
  .,,..  .   ...,+=::=;=;:,,,,,,,,,,:IIYi=::,. .. ...          
  .:,.. .  .   ..iXVIi;:;;::,,:,,,,,,iIY+;,:,.. .....          
  .::... .  .....;XRVt+;,::::::,,,,,,=Yt+;:,,,.......          
  .::....     ...,iXXXt;,,,,,,,,,,,,,;Yt=::,,,.......          
   :;...  . . ...,;VRBV=:,,,,,,,,,,,,,Yt=;,,,,.......          
   :;... . . ....,,iRBRt;,,,,,,,,,,,,,tt=;:,.,,......          
   ,=,... .  .....,:YBRVi;,,,,,,,..,,,it=;:,,,,......          
   ,;,.... . .. ..,,;RBXY+:,,,,,....,.=I+;;:,..,,....          
   .=:.... .  .. .,,,iBXYi=:,,,,......:Ii=;:,........          
   ,+;..... .. .....,,IXYt+;:,.,,.....,It+;,,....,...          
   .+=.......  . .,...:YIti=;:..,,....,tt+;:,........          
   .++,..... . ....,...;tii+;:,.,,.....=i+=:,,......           
   .;i,... .. .........,;++==;,,.,,....;i+=:,,.......          
    ,i:..... .. .......,,;==;;:,.,,,..,:++=;,,......           
   ..i=....  .  ........,:;;;;;:,,,:,.,,=+=;:,,......          
   ..=i,.. .. . .........,:;;;;;:,,,,,,,;=;;:,,......          
   . ;t;... .. .... ......,::;;;::,,,,,,:;;::,,,.....          
   ..;ti....  .   ........,,,::;;::,,,:,,::::,,,.....          
   . ;iY;... .   . ........,,,::::::,,::,,,,:,,,.....          
   . =iVt. . . .   .........,,,,:,,,,,,,,,,,,,,,,....          
   ..=iY▌;.. . .  ...... .....,,,,,,,,,,,,,,,,,,,.....         
    .=tYYi...  .    ... ......,,,,,,,,,,,,,,,,,,,,....         
    ,=tIIY:..   . .. . .  ......,,,,,,,,,,,,,,,,,,....         
    ,=iIIV=... .    . . .  .....,,,,,,,,,,,,,,,,,,.....        
   .,;iYIXt...  .  . . ... ......,,,,,,,,,,,,,,,,,,....        
    .;+YIVY,...  .  . . . . ......,,,,,,,,,,,,,,,.......       
    .:iYIVV:..  .  . . ..... ......,,,,,,.,,,,,,.,......       
    .,iIYYX=.. . . . .  ...........,.,,.,...............       
     .+IYYRi,..    . . ..............,.,,....,..,........      
     .+IYYRt,... . . . ...................,...,...........     
     .+tYYXY:... .  ... .................,.................    
      =tYYVX;.. .  . . ..............,.,...,...............    
      ;tYYVRi,.. .. ...................,..,.,................  
      :tY▌YXY,... .. .........,,........,,.,..............,..  
      :iIYYXV;..... ........,,,,..........,.,..................
      ,iIIYVX+,.... ........,,..............,,.................
      .=tYIYXI,............,,........,,.......,................
      .=tIIYVV=.... ......,,.........,,,,................... ..
       :iYtYYVY,................  ..,,:::,.....,............. .
       ,+YIIYYVi.... .......... .  .,,:;;:.. ..,............  .
        ;tYIY▌YV,............      ...,;;,,. .......... .   .  
        ,tY▌▌▌YR+.... ......        ...,,,.. .......... . .   .
        .iY▌YItRI,......... .        ........  .......  .      
        .iYYVItXV,........ .           .... .  ....... . .     
        .iIIVIiXX;.... ....  .          ..    . ......      .  
        ,=iIVYiXX;.........                .......,...       . 
        ,;=IVV+VX+........ .                 . ..,,.....    .  
        ,:;tVViYR+.........                  ....,,...        .
        ,:.tYVIYRi.......,..           .   ... ..,,...  .    . 
        .:.+IVYYXt..........         :===;:;;==:===;==;;=::;:=:
        .: =IVYYXI,.........         ::,:::;::==+==;::::;,:::;,
        .,.;IXVYVY,.......,..           . ..,;:+=::,,:,       .
         :.;IVVVY▌;........,,..         ,,:;++=====;;;:........
         ,:;tXVVY▌=..........,. .      .;;++;::,,,;;,.,,.:.....
         .;:tY▌YIYt..........,,,... . ...=+:.:;=;==;+i++=+=:,,.
          ,,tIIYIII,....... ...,,,......=i:,;+=::=:,;;:;=;:,,,,
           ,IitItIt:..... .. . ..,,,,:,,+i=++,..........,,,,,,.
           :I+iItii:....... .    ..,,,,,,::,  ...... ....,,..  
          .++;iI+i+;......... .      ...    ..............,.   
................................................................................... 
        
     ;tt,     .t;      .. ,;.   ,;itjjjt;   ,.           ii      :.;i          
   .fLLLL;    fLLt     j; ,L:,;ttfLji;;tLf ;L,      .t  jLLj     j; f;   :tjj  
  :LLt:;LL,  ,LLLLt   :L; .;.   ;f,:   .Lf:Lt       jL.;LLLLj   .L; iL, ,LLfiL 
 .LL;.. iLf  jLt:fLi  jL,.fj    .iLf :ifi tL,      .LL jLj:fLj  tL, ,LLfLj.    
 jLLft;: fL: LL. .fLjjLL tL,    .LL, .    ;Lf:    .fL; LL:  fLftLL  ,LLLLt     
;L,      :L; Lj   .LLLL; fL:    iLL.       fLLftjfLL;  Lf   .fLLL;  iLL ;Lt.   
i:        t; L;    :jf,  iLf:   ;LL;        ifLLLfi.   Lt    .jf;  ;LL;   ,;:  
           L  L            LL    LLLL          L        L           LL         

                        THATS IT JOTO NOTHING HERE

   ▄▄úóóóóóóóóóóóóóóóóóóóóóóóóóóóóóóóóóóóóóóóóóóóóóóóóóóóóóóóóóóóóóóóóóóóú▄▄
                                Natural (2011)
   ▄▄úóóóóóóóóóóóóóóóóóóóóóóóóóóóóóóóóóóóóóóóóóóóóóóóóóóóóóóóóóóóóóóóóóóóú▄▄
                              General Information
   ▄▄úóóóóóóóóóóóóóóóóóóóóóóóóóóóóóóóóóóóóóóóóóóóóóóóóóóóóóóóóóóóóóóóóóóóú▄▄

Source.............:R1 DVD9
Output.............:.img
Release Date.......:2011-08-14        
DVD Date...........:2011-08-04
Genre..............:XXX
RAR Files..........:95x50 
RaPEd BY...........:ThE PoRn BrOs
IMDB...............:http://www.cduniverse.com/productinfo.asp?pid=8563081
User Rating........:u decide
Runtime............:156 min

   ▄▄úóóóóóóóóóóóóóóóóóóóóóóóóóóóóóóóóóóóóóóóóóóóóóóóóóóóóóóóóóóóóóóóóóóóú▄▄
                               Video Information
   ▄▄úóóóóóóóóóóóóóóóóóóóóóóóóóóóóóóóóóóóóóóóóóóóóóóóóóóóóóóóóóóóóóóóóóóóú▄▄

CCE 9 pass @ 3570.  Removed all extras to keep bitrate as high as possible.
Enjoy another fine release from your friends at ANiPUNK :)

   ▄▄úóóóóóóóóóóóóóóóóóóóóóóóóóóóóóóóóóóóóóóóóóóóóóóóóóóóóóóóóóóóóóóóóóóóú▄▄

        ASPECT & STANDARD         AUDIO                                    
                                                                      
        [ ] Fullscreen (4:3)      [X] English    [ ] DTS  6.1               
        [X] Widescreen (16:9)     [ ] Dutch      [ ] DS   5.1               
        [ ] Letterbox             [ ] French     [X] DS   2.0                
                                  [ ] Spanish    [ ] LPCM 2.0  
        [ ] PAL   [X] NTSC        [ ] Japanese   [ ] DC   2.0            
                                                        
   ▄▄úóóóóóóóóóóóóóóóóóóóóóóóóóóóóóóóóóóóóóóóóóóóóóóóóóóóóóóóóóóóóóóóóóóóú▄▄

        VIDEO                  MENU                  DVD-EXTRAS    
                                                                   
        [ ] Untouched          [X] Untouched         [ ] Untouched 
        [X] Re-Encoded         [ ] Stripped          [X] Stripped   
        [9] Passes             [ ] Partial Stripped  [ ] Partial Stripped 
                               [ ] Re-Encoded        [ ] Re-Encoded       
                               [ ] Passes            [ ] Passes           
                               [ ] None On Source    [ ] None On Source   
   ▄▄úóóóóóóóóóóóóóóóóóóóóóóóóóóóóóóóóóóóóóóóóóóóóóóóóóóóóóóóóóóóóóóóóóóóú▄▄
        SUBTITLES                                                        
                                                                        
        [ ] English       [ ] Swedish      [ ] Spanish       [ ] Dutch     
        [ ] Danish        [ ] German       [ ] Polish        [ ] Korean   
        [ ] Arabic        [ ] Bulgarian    [ ] Chinese       [ ] Thai     
        [ ] Japanese      [ ] Hungarian    [ ] Croatic       [ ] Romanian  
        [ ] Slovenian     [ ] Turkish      [ ] Icelandic     [ ] Finnish    
        [ ] Norwegian     [ ] French       [ ] Hebrew        [ ] Portugese  


½╓--------------------------------------------------------------------------╓½
                                  THATS IT JOTO
½╓--------------------------------------------------------------------------╓½

                     We are currently looking for : nothing
                                
                       Anything usefull??  find us :)

                           Contact: anipunk@hush.ai
