                           << DIMENSION PRESENTS >>
             .____                                   _          _\_______  _
  _______   _|_   \  ______.________ \______ _______//___  _______\     \> >>
 _(     \  (___)   \/     |    ___ /__\    _\|      /(___)_(     |_\    _\
|        \ __|__    \     |      //|   \   \ |   __/_.____|      |  \   \
|_        \|   |/        _|     /__|_ _ \   \| _       / || _    | _ \   \
 |   _     \/  //     /  |  ___/    /  \     \//____  // |/ \    |  \     \_
\|   |\    //  /  \  /   |  /_    //    \    /   /_/  /  /  |\   |   \     \\
_\   !/    /  /    \/    |       /.     \\__/        /  /.       /    \      \
|_\_______/|_/_.    \____!______/________\_/        /____|______/     \\______\
   \        /________\         /_>        \__________|         /_______\zNr/dS!
===============================================================================

             The.Vampire.Diaries.S08E07.1080p.HDTV.X264-DIMENSION
____ _                                                                   _ ____
\  ///___________________________________________________________________\\\  /
|\//_______________________________________________________________________\\/|
|                                                                             |
|  "The Next Time I Hurt Somebody, It Could Be You"                           |
|                                                                             |
|  Faced with the fallout from his interaction with Cade, Stefan is           |
|  determined to have one thing go right û Christmas Eve with Caroline.       |
|  However, when Damon and Sybil crash their Christmas Eve dinner, which had  |
|  been joined by Alaric, Matt and Peter, things quickly take a dark and      |
|  twisted turn. Meanwhile, in a series of flashbacks to Stefan's past,       |
|  Cade's attempt to entice him with his mysterious agenda leaves Stefan      |
|  faced with an unimaginable decision.                                       |
|                                                                             |
|                                                                             |
|  17/Slower Evolve... or die. Enjoy ;)                                       |
|                                                                             |
|     .                                                                      .|
`----\|/--------------------------------------------------------------------/-'
 - --=*=-- -                        .    .                     ___________\/___
     /|\                           _|\/\/|_                /\  |.-----------. |
____/\|/\_______________________/\/=|____|=\/\_______/\___/__\_||           |=|
___/  X  \______/\_________/\_____           _______/__\_/_____||           | |
__//\/|\/\\____/__\__/\___/__\___( DIMENSION )___/\/____/______|`-----------'_|
_//___|___\\ ______\/__\_/____\  _______________/____________ _`--------------'
                               \/             \/
