                 ;               a   +           :
             - --W--        +                - --L-- -
                 !               :    +          :
                 .     +         !        +      '
                           +     |  +                  +
                 +              _|_           +
           +                  ,  | `.
     .           + - -- --- --+-<#>-+- ---  --  -    +        . 
                        +     `._|_,'                         :
     :       +      a            |            R    +      - --T-- -
 - --M-- -                .      |      .    -+-              ;
     :             +             !   +        .               ,
     .       +            :      :      :              +
                                 .                +    
         .       2006     | +           |     2018       .
+-----------------------------------------------------------------------------+
ª ªª»»»»»»»ª ª»»»»»ª ªªª ª»»»»»ªªª»»»»»ª»»»»»»ª ªªª ª»»»»»»»»ªªª»»»»»»»»»»»ªª ª
ª ªª ªªªªª ª ª ªªª ª ªªª ª ªªª ªªª ªªª » ªªªª ª ªªª ª ªªªªªª_ »ª ªªªªªªªªª ªª ª
ª ªª___ ªª ª_ª ªªª ª »»» ª ªªª ªªª ªªªª ªªªªª ª »»» ª ªªª »»ªª_     ªªª ___ªª ª
+--+ ªª ªª  »  ªªª »»»»»»» ªªª ªªª ªªªªªªªªªª »»»»»»» ªª    ªªª ªªª ªªª ªª +--ª
ª  ª ªª ªª  ª  ªªª ªªªªªªª ªªª ªªª ªª ªªª ªªª ªªªªªªª ªª   _ªª» ªªª ªªª ªª ª  ª
ª  ª ªª ªª  ª  ªªª »    ªª ªªª ªªª ªª  ª  ªªª »    ªª ªª ªªªª   ªªª ªªª ªª ª  ª
ª  ª ªª ªª ªªª ªªª ªªªª ªª ªªª ªªª ªª  ª  ªªª ªªªª ªª ªª   »ªª_ ªªª ªªª ªª ª  ª
ª  ª ªª ªªªª ªªªªª ª    ªª ªªª     ªª     ªªª ª    ªª ªª ª_  ªª ªªª ªªª ªª ª  ª
ª  ª ªª ªªª _ ªªª  ªªªªªªª ªªªªªªª ªª _ª_ ªªª ªªªªªªª ªª ªªª ªª ªªª ªªª ªª ª  ª
ª  ª ªª_____ª_________________________ªªª________________ªªª____ªªª_____ªª ª  ª
ª  +-----------------------------------------------------------------------+  ª
ª  THE STARS OF CORPORATE GREED, PRESENT:                                     ª
+-----------------------------------------------------------------------------ª
++ THE DEAD CHiCKEN REPORT                                                   +ª
ª+---------------------------------------------------------------------------+ª

  ::          Name........:   Switch Girl S02E07                 ::
  ::          Release Date:   2018.11.17                         ::
  ::          Genre.......:   Comedy                             ::
  ::          Runtime.....:   28mn 1s                            ::
  ::          RARs........:   34x50mb                            ::
  ::          Language....:   Japanese                           ::
  ::                                                             ::
  ::          Video.......:   x264                               ::
  ::          Resolution..:   1920x1080                          ::
  ::          FPS.........:   29.970fps                          ::
  ::          Source a/r..:   16:9                               ::
  ::                                                             ::
  ::          Audio.......:   AAC                                ::
  ::          Subtitles...:   eng ger fre por spa  
  ::          Source......:   web
  -----------------------------------------------------------------
+-----------------------------------------------------------------------------ª
++ SYNOPSiS                                                                  +ª
ª+---------------------------------------------------------------------------+ª
Her meeting with the hot boy beautician Kurosawa starts to ruin Nika's romantic 
hot springs vacation with Arata. Kurosawa tells her he loves her, and she doesn't 
know what to do.

    :.                   HOPE YOU GUYS ENJOY ^^                    .:

                  |                                         |       
      )|(         |.===.          _/7           )))         |.===.    
     (o o)        {}o o{}        (o o)         (o o)        {}o o{}   
 ooO--(_)--Ooo-ooO--(_)--Ooo-ooO--(_)--Ooo-ooO--(_)--Ooo-ooO--(_)--Ooo
+-----------------------------------------------------------------------------ª
++ GRP NOTES                                                                 +ª
ª+---------------------------------------------------------------------------+ª
ª  Respect to:                                                                ª
ª  VOMiT - DOCUMENT - BRD - FiCO - RAiN - C4TV - TALiON - PFa - SADPANDA -    ª
ª  intothevoid - 0MNiDVD -  GHOULS - CADAVER - TwistedDesire                  ª
ª                                                                             ª
ª  Thanks to:                                                                 ª
ª  All our friends and sites who support us. You know who you are.            ª
ª                                                                             ª
ª  Seeking:                                                                   ª
ª  - A fuse/MTV capper for MViD.                                              ª
ª  - A cracker/supplier for 0DAY.                                             ª
ª  - A 1gbit site for TV and TV-X264.                                         ª
ª  - 100mbit+ sites for DVDR, TV-DVDR, MP3, MViD, XXX and XXX-DVDR.           ª
ª                                                                             ª
ª  Contact:                                                                   ª
ª  Grapevine.                                                                 ª
ª+---------------------------------------------------------------------------+ª
++                                                       WaLMaRT 2006 - 2018 +ª
+-----------------------------------------------------------------------------+
