๏ปฟ .,,,.. .....                      .::,,... . ..,:.            
 .,,,..  ....                       .,:,... . ..,,,            
 .,,,.. . ..                         ,:,,... . ..,,            
 ,,,.... ...                         .,:,..... ..,,            
 ,,,...  ..                           .,,,....  ..,            
 ,,,.... ..     .,;;,.                 .:,..... ..,            
 .,,.... ..   .,===+;,  .,,.            ,,..........           
 .,..... ..  .:iIIi+=;::+ii=,.          ,,..........           
 ...........,;=iYโYIIIYโโโYti=.         .,.... .....           
 .... . ...:=ttiitYXXXXXXXVYt+:         .,..... ....           
 .... .. .,iYI+=iIYVXYIittYVVt:         .:.... .....           
 ...  .  ..tY+=IVYVXVt+;;;=+tY+.        .:,.. .  ...           
 ... .   ..=i+IYYXXXY+;;::::;+I=        .:,... . ...           
 .,.. .  ..:+IIIVXXVi=;:,:::::+t,       .:,.. ......           
 .... .  ..:IItYYXXt+;::,,,,,;t;;,      .:,...   ...           
 .,.. .  ..,tIYtIXVi;:,,,,,,,===i+;.    .;,..  .  ..           
 ....  .  ..=YiiVVt=::,,,,,.,:;+tII,  . .;,.. .  ...           
 .,...   ...:i=IVYi;::,:;;:,.,:tI+i. .  .;,.. .  . .           
 .... . . ..,=iIVI=;::+i+=:..,:tI+;:,. ..;:.... . ..           
 .....   . ..=โYVi=;:i=,:::,,,,:::;::,...;:,. .   ..           
  ... . . ...=VVY+=:=;.:;i+:,,,,,,,:,:,..;:,... .. ..          
  .... .  ...:XVI=;;i.:=ttii,,,,,.,,,,,,,;:,...   ..           
  ..... .. ..,YXt=;;=:iYVt==,,,,,,,::,,,,=;,... . ..           
  .... . .  ..tRt=;;:+IVIi;,,,,,==,,::,,,=;,..  .  .           
  .... . .  ..+Xi=;::;;=::,,,,,,:,,;+=,,:+;,... . ...          
  .,..    . ..;Xt;;;:,,,,.,,,,,,,,;=++=,,i;,.. . . .           
  .... .    . ,VI=;;:,,,,,...,,,,,==,+i:,t=,... .  ..          
  .... . ..  ..IYi=;::,,,,.......:=,=i=:,i+,.. .  . .          
  ....   .  ...iXI+;::,,,,,......;i=+==,.+i:... . ..           
  .... .   .  .+XYi=;;::,,,,.....==;;;,,.;i:,... . ..          
   ....  .   ..;VYt+;:::,,,,.......,,....;i;,.. .. ..          
   ... .   .  .,iii+=;:::,,..............=i;,..  . .           
   ... .     ...=i===;:::,,.............;i+;:....  ..          
   ....  .  . ..=i=;;;;:,,,............+It+;,... . ..          
  .,.. .   .  ..;ti;,;;:,,,......,.,.,=Yti=;,.. .. ..          
  .,.. . .   ...:i;,,;+=;,,,,,.,,,,,,iIVt+;:,.. .. ..          
  .,,..  .   ...,+=::=;=;:,,,,,,,,,,:IIYi=::,. .. ...          
  .:,.. .  .   ..iXVIi;:;;::,,:,,,,,,iIY+;,:,.. .....          
  .::... .  .....;XRVt+;,::::::,,,,,,=Yt+;:,,,.......          
  .::....     ...,iXXXt;,,,,,,,,,,,,,;Yt=::,,,.......          
   :;...  . . ...,;VRBV=:,,,,,,,,,,,,,Yt=;,,,,.......          
   :;... . . ....,,iRBRt;,,,,,,,,,,,,,tt=;:,.,,......          
   ,=,... .  .....,:YBRVi;,,,,,,,..,,,it=;:,,,,......          
   ,;,.... . .. ..,,;RBXY+:,,,,,....,.=I+;;:,..,,....          
   .=:.... .  .. .,,,iBXYi=:,,,,......:Ii=;:,........          
   ,+;..... .. .....,,IXYt+;:,.,,.....,It+;,,....,...          
   .+=.......  . .,...:YIti=;:..,,....,tt+;:,........          
   .++,..... . ....,...;tii+;:,.,,.....=i+=:,,......           
   .;i,... .. .........,;++==;,,.,,....;i+=:,,.......          
    ,i:..... .. .......,,;==;;:,.,,,..,:++=;,,......           
   ..i=....  .  ........,:;;;;;:,,,:,.,,=+=;:,,......          
   ..=i,.. .. . .........,:;;;;;:,,,,,,,;=;;:,,......          
   . ;t;... .. .... ......,::;;;::,,,,,,:;;::,,,.....          
   ..;ti....  .   ........,,,::;;::,,,:,,::::,,,.....          
   . ;iY;... .   . ........,,,::::::,,::,,,,:,,,.....          
   . =iVt. . . .   .........,,,,:,,,,,,,,,,,,,,,,....          
   ..=iYโ;.. . .  ...... .....,,,,,,,,,,,,,,,,,,,.....         
    .=tYYi...  .    ... ......,,,,,,,,,,,,,,,,,,,,....         
    ,=tIIY:..   . .. . .  ......,,,,,,,,,,,,,,,,,,....         
    ,=iIIV=... .    . . .  .....,,,,,,,,,,,,,,,,,,.....        
   .,;iYIXt...  .  . . ... ......,,,,,,,,,,,,,,,,,,....        
    .;+YIVY,...  .  . . . . ......,,,,,,,,,,,,,,,.......       
    .:iYIVV:..  .  . . ..... ......,,,,,,.,,,,,,.,......       
    .,iIYYX=.. . . . .  ...........,.,,.,...............       
     .+IYYRi,..    . . ..............,.,,....,..,........      
     .+IYYRt,... . . . ...................,...,...........     
     .+tYYXY:... .  ... .................,.................    
      =tYYVX;.. .  . . ..............,.,...,...............    
      ;tYYVRi,.. .. ...................,..,.,................  
      :tYโYXY,... .. .........,,........,,.,..............,..  
      :iIYYXV;..... ........,,,,..........,.,..................
      ,iIIYVX+,.... ........,,..............,,.................
      .=tYIYXI,............,,........,,.......,................
      .=tIIYVV=.... ......,,.........,,,,................... ..
       :iYtYYVY,................  ..,,:::,.....,............. .
       ,+YIIYYVi.... .......... .  .,,:;;:.. ..,............  .
        ;tYIYโYV,............      ...,;;,,. .......... .   .  
        ,tYโโโYR+.... ......        ...,,,.. .......... . .   .
        .iYโYItRI,......... .        ........  .......  .      
        .iYYVItXV,........ .           .... .  ....... . .     
        .iIIVIiXX;.... ....  .          ..    . ......      .  
        ,=iIVYiXX;.........                .......,...       . 
        ,;=IVV+VX+........ .                 . ..,,.....    .  
        ,:;tVViYR+.........                  ....,,...        .
        ,:.tYVIYRi.......,..           .   ... ..,,...  .    . 
        .:.+IVYYXt..........         :===;:;;==:===;==;;=::;:=:
        .: =IVYYXI,.........         ::,:::;::==+==;::::;,:::;,
        .,.;IXVYVY,.......,..           . ..,;:+=::,,:,       .
         :.;IVVVYโ;........,,..         ,,:;++=====;;;:........
         ,:;tXVVYโ=..........,. .      .;;++;::,,,;;,.,,.:.....
         .;:tYโYIYt..........,,,... . ...=+:.:;=;==;+i++=+=:,,.
          ,,tIIYIII,....... ...,,,......=i:,;+=::=:,;;:;=;:,,,,
           ,IitItIt:..... .. . ..,,,,:,,+i=++,..........,,,,,,.
           :I+iItii:....... .    ..,,,,,,::,  ...... ....,,..  
          .++;iI+i+;......... .      ...    ..............,.   
................................................................................... 
        
     ;tt,     .t;      .. ,;.   ,;itjjjt;   ,.           ii      :.;i          
   .fLLLL;    fLLt     j; ,L:,;ttfLji;;tLf ;L,      .t  jLLj     j; f;   :tjj  
  :LLt:;LL,  ,LLLLt   :L; .;.   ;f,:   .Lf:Lt       jL.;LLLLj   .L; iL, ,LLfiL 
 .LL;.. iLf  jLt:fLi  jL,.fj    .iLf :ifi tL,      .LL jLj:fLj  tL, ,LLfLj.    
 jLLft;: fL: LL. .fLjjLL tL,    .LL, .    ;Lf:    .fL; LL:  fLftLL  ,LLLLt     
;L,      :L; Lj   .LLLL; fL:    iLL.       fLLftjfLL;  Lf   .fLLL;  iLL ;Lt.   
i:        t; L;    :jf,  iLf:   ;LL;        ifLLLfi.   Lt    .jf;  ;LL;   ,;:  
           L  L            LL    LLLL          L        L           LL         

                        THATS IT JOTO NOTHING HERE

   โโรบรณรณรณรณรณรณรณรณรณรณรณรณรณรณรณรณรณรณรณรณรณรณรณรณรณรณรณรณรณรณรณรณรณรณรณรณรณรณรณรณรณรณรณรณรณรณรณรณรณรณรณรณรณรณรณรณรณรณรณรณรณรณรณรณรณรณรณรบโโ
                      Teen Faces Covered In Cum 2 (2011)
   โโรบรณรณรณรณรณรณรณรณรณรณรณรณรณรณรณรณรณรณรณรณรณรณรณรณรณรณรณรณรณรณรณรณรณรณรณรณรณรณรณรณรณรณรณรณรณรณรณรณรณรณรณรณรณรณรณรณรณรณรณรณรณรณรณรณรณรณรณรบโโ
                              General Information
   โโรบรณรณรณรณรณรณรณรณรณรณรณรณรณรณรณรณรณรณรณรณรณรณรณรณรณรณรณรณรณรณรณรณรณรณรณรณรณรณรณรณรณรณรณรณรณรณรณรณรณรณรณรณรณรณรณรณรณรณรณรณรณรณรณรณรณรณรณรบโโ

Source.............:R1 DVD5
Output.............:.img
Release Date.......:2011-05-27        
DVD Date...........:2011-04-07
Genre..............:XXX
RAR Files..........:79x50 
RaPEd BY...........:ThE PoRn BrOs
IMDB...............:http://www.adultdvdempire.com/1571841/teen-faces-covered-in-cum-2-porn-movies.html
User Rating........:u decide
Runtime............:103 min

   โโรบรณรณรณรณรณรณรณรณรณรณรณรณรณรณรณรณรณรณรณรณรณรณรณรณรณรณรณรณรณรณรณรณรณรณรณรณรณรณรณรณรณรณรณรณรณรณรณรณรณรณรณรณรณรณรณรณรณรณรณรณรณรณรณรณรณรณรณรบโโ
                               Video Information
   โโรบรณรณรณรณรณรณรณรณรณรณรณรณรณรณรณรณรณรณรณรณรณรณรณรณรณรณรณรณรณรณรณรณรณรณรณรณรณรณรณรณรณรณรณรณรณรณรณรณรณรณรณรณรณรณรณรณรณรณรณรณรณรณรณรณรณรณรณรบโโ

Untouched.  Enjoy another fine release from your friends at ANiPUNK :)

   โโรบรณรณรณรณรณรณรณรณรณรณรณรณรณรณรณรณรณรณรณรณรณรณรณรณรณรณรณรณรณรณรณรณรณรณรณรณรณรณรณรณรณรณรณรณรณรณรณรณรณรณรณรณรณรณรณรณรณรณรณรณรณรณรณรณรณรณรณรบโโ

        ASPECT & STANDARD         AUDIO                                    
                                                                      
        [X] Fullscreen (4:3)      [X] English    [ ] DTS  6.1               
        [ ] Widescreen (16:9)     [ ] Dutch      [ ] DS   5.1               
        [ ] Anamorphic            [ ] French     [X] DS   2.0                
                                  [ ] Spanish    [ ] LPCM 2.0  
        [ ] PAL   [X] NTSC        [ ] Japanese   [ ] DC   2.0            
                                                        
   โโรบรณรณรณรณรณรณรณรณรณรณรณรณรณรณรณรณรณรณรณรณรณรณรณรณรณรณรณรณรณรณรณรณรณรณรณรณรณรณรณรณรณรณรณรณรณรณรณรณรณรณรณรณรณรณรณรณรณรณรณรณรณรณรณรณรณรณรณรบโโ

        VIDEO                  MENU                  DVD-EXTRAS    
                                                                   
        [X] Untouched          [X] Untouched         [X] Untouched 
        [ ] Re-Encoded         [ ] Stripped          [ ] Stripped   
        [ ] Passes             [ ] Partial Stripped  [ ] Partial Stripped 
                               [ ] Re-Encoded        [ ] Re-Encoded       
                               [ ] Passes            [ ] Passes           
                               [ ] None On Source    [ ] None On Source   
   โโรบรณรณรณรณรณรณรณรณรณรณรณรณรณรณรณรณรณรณรณรณรณรณรณรณรณรณรณรณรณรณรณรณรณรณรณรณรณรณรณรณรณรณรณรณรณรณรณรณรณรณรณรณรณรณรณรณรณรณรณรณรณรณรณรณรณรณรณรบโโ
        SUBTITLES                                                        
                                                                        
        [ ] English       [ ] Swedish      [ ] Spanish       [ ] Dutch     
        [ ] Danish        [ ] German       [ ] Polish        [ ] Korean   
        [ ] Arabic        [ ] Bulgarian    [ ] Chinese       [ ] Thai     
        [ ] Japanese      [ ] Hungarian    [ ] Croatic       [ ] Romanian  
        [ ] Slovenian     [ ] Turkish      [ ] Icelandic     [ ] Finnish    
        [ ] Norwegian     [ ] French       [ ] Hebrew        [ ] Portugese  


ยฝโ--------------------------------------------------------------------------โยฝ
                                  THATS IT JOTO
ยฝโ--------------------------------------------------------------------------โยฝ

                     We are currently looking for : nothing
                                
                       Anything usefull??  find us :)

                           Contact: none
