ï»¿  __ _  _    L         E         G         A         C         Y      _  _ __
_/                                                                           \_
|     ___                    ___.                     ___.                    |
| _._/  /_____. __.      _._/  _|/_____.   ._____  ._/  _|/____.   ._______._ |
|  |  _//     |/  |/______|    \_      |__\|_    \_|    \      |__\|_      |  |
|  |_ \       |   _/      |     /      |    /      |           |    /      |  |
|   /__\______|   \       |____________|   _       |___________|   /      _|  |
+-------diP-/______\_______/--------/______\________/-sAC---/____    _____\---+
| :: |                                                           \___\   . .: |
| :: |_                                                                 _| :: |
| :: |// /       Konami Classics Series: Arcade Hits (c) Konami      \ \\| :: |
| :: |                                                                   | :: |
| :: +--- -  -   -                                           -   -  - ---+ :: |
| :: |                                                                   | :: |
| :: |  Country ......: USA                   Language ..: English       | :: |
| :: |  Release Date .: 03.04.2007            Storedate .: xx.03.2007    | :: |
| :: |  System .......: NDS                   Filename ..: lgc-kcsa.zip  | :: |
| :: |  Size .........: 128 MBit              Supplier...: Old Reliable  | :: |
| :: |                                                                   | :: |
+----+----+---------------------------------------------------------+----+----+
     | :: |                                                         | :: |
     | :: |                   [+]  GAME INFO  [+]                   | :: |
     | :: |                                                         | :: |
Ă¡Ă¡Ă¡Ă¡Ă¡| :: | Put the top arcade hits of the 1980's in your pocket    | :: |
Ă¡Ă¡Ă¡Ă¡Ă¡| :: | with this compilation of fifteen timeless classics in   | :: |
Ă¡Ă¡Ă¡Ă¡Ă¡| :: | one game cartridge. Enjoy milestone titles such as      | :: |
Ă¡Ă¡Ă¡Ă¡Ă¡| :: | Contra, Gradius, Time Pilot and Track & Field with      | :: |
Ă¡Ă¡Ă¡Ă¡Ă¡| :: | wireless multiplayer support and several different      | :: |
Ă¡Ă¡Ă¡Ă¡Ă¡| :: | screen configurations that let you customize your play  | :: |
Ă¡Ă¡Ă¡Ă¡Ă¡| :: | experience. Relive your arcade memories with a full     | :: |
Ă¡Ă¡Ă¡Ă¡Ă¡| :: | collection on in-game music and even send demo versions | :: |
Ă¡Ă¡Ă¡Ă¡Ă¡| :: | of each game to your friends to share in the fun.       | :: |
     | :: |                                                         | :: |
     | :: |                 [+]  RELEASE NOTES  [+]                 | :: |
     | :: |                                                         | :: |
Ă¡Ă¡Ă¡Ă¡Ă¡| :: |                We love to entertain you.                | :: |
Ă¡Ă¡Ă¡Ă¡Ă¡| :: |                                                         | :: |
     | :: |                   [+]  CONTACT  [+]                     | :: |
     | :: |                                                         | :: |
     | :: |  Call one of our boards and leave a message to a member | :: |
     | :: |                                                         | :: |
     | :: |            G* ......... [WHQ]  +82-PRI-VATE             | :: |
     | :: |            S* ......... [MHQ] +1-NOT-TEL-LING           | :: |
     | :: |                                                         | :: |
     | :: |  You cannot contact us via EMail/WWW/IRC, so don't even | :: |
     | :: |  bother! If anyone claims to be in LGC, you can be sure | :: |
     | :: |  that he is just another lying bastard!                 | :: |
     | :: |                                                         | :: |
+----+----+---------------------------------------------------------+----+----+
| :: |                                                                   | :: |
| :: | Greetings to: ARC, ASG, ATX, CF, CPL, CRE, EDG, EUR, MNC, NFL, OS | :: |
| :: |               PDX, PR, QSR, QTX, V, XPA                           | :: |
| :: |                                                                   | :: |
| :: |    WE DONT NEED ANY CODERS, SUPPLIERS, SITES - ASK SOMEONE ELSE   | :: |
| :: |  _ _                                                         _ _  | :: |
+----+-///_)--[ LGC 2007 - PUTTING THE 'O' BACK INTO OLDSCHOOL! ]--(_\\\-+----+
