       ______
      |  ____|_ _____ ____ ___ __ _
      |  \_____\\____\\___\\__\\_\\\         l i g h t f O r c E
      |      |   .____.    ._____._________.    .____._________.
      |      |  _|    |   _|    _|    .____|----|   _|    .    |
      |      |  \_    |   \_    \_    |   \_    |   \_    |    |
      |______|   |.   |    |.    |.   |    |.   |    |:   |    |
       ______    ||   |____||    ||   |    ||   .    |____|    |
      |      |   ||   |   .||    ||   |    ||   |   .|    |   .|
      |      |   |    |   :|    .|    |   .|    |   :|    |   :|
      |______|   |    |   :|    :|    |   :|    |   :|    |   :|
       ______    |    |   .|    :|    |   :|    |   .|    |   .|
      |      |   |    |   :|    .|    |   .|    |   :|    |   :|
      |______|   |    |  .:|    :|    |   :|    |  .:|    |  .:|
       ______    |steeL____|   .:|____|  .:|    |____|    |____|   ______
      |______|             `-----'    `----`----'                 |______|
       ______     -=[ f A s t E r   t h A n   l i g h t ]=-        ______
      |.     :_________._________._________._________._________.  |      |
      || 1  _|     ____|    .   _|    .   _|    .   _|   ______|  |______|
      || 9  \_   _____\_    |   \_    |   \_    |   \_ _______\_   ______
      |  8 .||.   |    |.   |    |.   |    |.   |    |.        |  |      |
      |  7.:|||   |    ||   |    ||   .   -<|   |----||        |  |______|
      |______||   |    ||   |   .||   |    ||   |   .||       .|   ______
       ______|    |    |    |   :|    |   .|    |   :|        :|  |      |
      |.     |    |    |    |   :|    |   :|    |   :|        :|  |      |
      ||  2  |    |    |    |   .|    |   :|    |   .|        .|  |______|
      ||  o .|    |    |    |   :|    |   .|    |   :|        :|   ______
      |:  2 :|    |    |    |  .:|    |   :|    |  .:|       .:|  |      |
      |   o.:|____|    |_________|____|  .:|_________|_________|  |      |
      |______|                        `----'                      |      |
                                             _ __ ___ ____ _____ _|____  |
       p r O U d l y   p r E s E n t s      ///_//__//___//____//_____/  |
                                                                  |______|
                                                                   ______
          > >> >>>    Indiecalypse(c) JanduSoft S.L.   <<< << <   |      |
                                                                  |______|
       ______                                                      ______
      |______|      r E l E A s E   i n f O r m A t i O n         |______|
       ______ 
      |      |      Console System..: Nintendo Switch
      |      |      Game Type.......: Adventure, Action, Fighting,
      |      |                        First-Person Shooter
      |      |      Region..........: America, Europe
      |      |      Release Date....: 2020-05-31
      |      |      Street Date.....: 2020-05-29
      |      |      Backup Format...: NSP
      |      |      Size/Format.....: 1430 MB
      |      |      Orginal.........: eShop
      |      |      Tested with.....: SX OS 2.9.5
      |      |      Title ID........: 010002A00CD68000 [v0]    
      |      |      Languages.......: German, English, Spanish,
      |      |                                                                                                French, Dutch, Portuguese,
      |      |                                                                                                Russian
      |      |                                                                        
      |  ____|_ _____ ____ ___ __ _                                ______
      |  \_____\\____\\___\\__\\_\\\      g A m E   i n f O s     |______|
      |______|                                                     ______
                                                                  |______|
                                                                   ______
                                                                                                                                                                                                                                                      |      |
                         Three stories, three outcasts, three nerdsà and a single                |      |
                         destiny: to make the best video game ever.                                                                        |      |
                                                                                                                                                                                                                                                                        |      |
       Indiecalypse depicts the crude reality of indie game                                |      |
       developers and their struggles to get themselves together        |      |
       when it comes to releasing a video game.                                                                                |      |
                                                                                                                                                                                                                                                                        |      |
       Three misfits team up to design and produce their own                        |      |
       indie game, finding themselves in a path of chaos,                                        |      |
       self-destruction and resentment. But there's also space                |      |
       for crude humor, pop culture references, gratuitous and                |      |
       non-gratuitous violence... and fear. Fear of the dozens                |      |
       of lawsuits for copyright infringement,obscenity and                                |      |
       profanity we'll have to face if the game is finally                                |      |
       published.                                                                                                                                                                                                        |      |
                                                                                                                                                                                                                                                                        |      |
       Not everything is what it seems in Indiecalypse, and we                |      |
       know for sure that no one will be left indifferent after                |      |
       playing it.                                                                                                                                                                                                |      |
                                                                                                                                                                                                                                                                        |      |
       Features:                                                                                                                                                                                                        |      |
                                                                                                                                                                                                                                                                        |      |
       The definitive Indie Developer Experience                                                                        |      |
                                                                                                                                                                                                                                                                        |      |
       More than 20 mini-games, most of them inspired by                                        |      |
       well-know indie games                                                                                                                                                        |      |
                                                                                                                                                                                                                                                                        |      |
       Different playable characters: Jack, Ethan & Violet                                |      |
                                                                                                                                                                                                                                                                        |      |        
       Dark Humor                                                                                                                                                                                                        |      |
                                                                                                                                                                                                                                                                        |      |
                                             _ __ ___ ____ _____ _|____  |
                                            ///_//__//___//____//_____/  |
                                                                  |______|
       ______                                                      ______
      |______|                 g r E E t i n g s                  |______|
       ______ 
      |     s|   Eurasia - Paradox - Venom - Abstrakt - Squire 
      |     t|  Hellfire - TRSi - Pussycat - Contrast - Kalisto 
      |     e|     Legacy - Complex - Fairlight - Oldskool 
      |     e|   BigBlueBox  - Duplex - HR - Wiierd - Incident
      |     l|
      |      |       - F A S T E R - T H A N - L i G H T - 
      |     2|              - S i N C E - 1 9 8 7 -
      |     o|
      |     2|                            Indiecalypse_NSW-LiGHTFORCE
      |     o|
      |      |
      |      |
      |      |
      |      |
      :      |
      .      :
             :
             .
