                ..                .x+=:.                                      
   oec :  x .d88"                z`    ^%    .uef^"                           
  @88888   5888R                    .   <k :d88E                     .u    .  
  8"*88%   '888R         u        .@8Ned8" `888E            .u     .d88B :@8c 
  8b.       888R      us888u.   .@^%8888"   888E .z8k    ud8888.  ="8888f8888r
 u888888>   888R   .@88 "8888" x88:  `)8b.  888E~?888L :888'8888.   4888>'88" 
  8888R     888R   9888  9888  8888N=*8888  888E  888E d888 '88%"   4888> '   
  8888P     888R   9888  9888   %8"    R88  888E  888E 8888.+"      4888>     
  *888>     888R   9888  9888    @8Wou 9%   888E  888E 8888L       .d888L .+  
  4888     .888B . 9888  9888  .888888P`    888E  888E '8888c. .+  ^"8888*"   
  '888     ^*888%  "888*""888" `   ^"F     m888N= 888>  "88888%       "Y"     
   88R       "%     ^Y"   ^Y'               `Y"   888     "YP'                
   88>                                           J88"                         
   48       presents...                          @%                           
   '8                                          :"                             
*******************************************************************************
          Tom Clancy's Splinter Cell Blacklist Digital Deluxe Edition
*******************************************************************************
-------------------------------------------------------------------------------
                          ..::General Information::..
-------------------------------------------------------------------------------
===============================================================================
|| Size         : 2xDVD9 / 1xDVD5      || Genre        : Action / RPG        ||
|| Type         : ISO                  || Language     : Multi14             ||
|| Release Date : 2013/08/21           || Version      : Update 1.01         ||
|| Platform     : XP / Vista / 7 / 8   || Protection   : Uplay               ||
|| Tested       : Windows 8 Pro x64    || Crack        : RLD                 ||
===============================================================================
-------------------------------------------------------------------------------
                             ..::Release Notes::..
-------------------------------------------------------------------------------
The United States has a military presence in two-thirds of countries around the
world, and some of them have had enough. A group of terrorists calling 
themselves The Engineers initiate a terror ultimatum called the Blacklist - a 
deadly countdown of escalating attacks on U.S. interests.

>>Operate without Restrictions<<
Sam is back in his tactical suit and goggles, and he's more lethal and agile 
than ever. Granted the freedom to do whatever it takes to stop the Blacklist, 
Sam flies from exotic locales to U.S. cities as he races against the clock to 
find out who's behind this devastating threat. 

>>Own Your Play Style<<
Splinter Cell Blacklist builds on the stealth roots of the franchise, while 
exploring new directions to embrace the realms of action and adventure. Players
can define their personal play styles and be rewarded for those choices. 
Ghost players want to remain undetected. 
Assault players rely on instincts and frontal blow to deal with a situation. 
Panther players look for lethality in the most efficient and silent way.

>>Tools of the Trade<<
Take down The Engineers by using new gadgets such as the upgraded Snake Cam 
and Micro-trirotor Drone. Splinter Cell Blacklist is also bringing back 
fan-favorites like the Sticky Shocker and the brutal, curved Karambit knife. 
Fans of stealth will be happy to make the most of Sam's sneaking abilities to 
abduct and carry enemies, while Killing In Motion allows the player to strike 
with surgical precision by marking and executing multiple enemies in one fluid 
motion. 

>>Build a New Echelon<<
Sam is building a whole new Echelon unit; his team, his way. Anna "Grim" 
Grimsdottir is his technical operations manager, CIA operative Isaac Briggs 
brings additional firepower, and resident hacker Charlie Cole rounds out the 
crew. 4th Echelon is a fully mobile ops unit with unlimited resources and 
cutting-edge technology aboard the re-purposed stealth airliner, the Paladin. 

>>Enjoy a Fully Integrated Experience<<
Sam and his team are aware of terrorist attacks in real time thanks to the 
Strategic Mission Interface (SMI). The SMI allows 4th Echelon to receive data 
about mission objectives while on the move. With the SMI, players can take 
advantage of the universal game economy system that allows players to fully 
customize and upgrade Sam, his suit, goggles, weapons, the Paladin and much 
more. 

>>Spies vs. Mercs Returns<<
Spies vs. Mercs is back with an new take on asymmetrical gameplay. Players will
be able to face off in teams of 4 all the while creating their very own Spy or 
Merc according to their playstyles via thorough customization elements. 
The original Classic Spies vs. Mercs experience also makes its long awaited 
comeback for the fans. 

>>COOP<<
With the SMI, the lines are blurred between the single campaign and COOP as the
narrative is deepened with Sam and Briggs. Earn in-game currency and unlock 
additional weapons or gadgets via specialized missions assigned by Grim, 
Briggs, Charlie and Kobin.

 - Digital Deluxe Edition Features:
    - Single-player and multiplayer co-op missions: Dead Coast and 
          Billionaire's Yacht. 
    - Bonus suits, weapons, and gear:
        - Five powerful weapons for any play style: VSS Sniper Rifle, 
          M1014 Shotgun, 416 Assault Rifle, F40 Pistol, and Tactical Crossbow 
          with Sleeping Gas Bolts. 
        - Five enhanced combat suits: Elite Digital Ghillie Suit, Spy Suit, and
          Mercenary Suit for Spies vs. Mercs; Upper Echelon Suit and 4E Eclipse
          Ops Suit for the single-player storyline. 
        - Five armor accessories: Gold Sonar Goggles, Amber Sonar Goggles, 
          Ghost Boots, Armored Boots, and Tactical Gloves.
-------------------------------------------------------------------------------
                             ..::Install Notes::..
-------------------------------------------------------------------------------
 1. Unrar
 2. Burn or mount image(s)
 3. Install
 4. Play!
-------------------------------------------------------------------------------
f l a s h e r (2013) - Support the Developer! If you like it, BUY IT!
-------------------------------------------------------------------------------
