                              _ ___ _ ___ __ _
                              \\\  " "   "   /
                               . `__ ___ _  /  .
                   _ _  .:.  .::: \/   / ' / .:::.  .:.  _ _
                   \     '    `:' /__.'   /   `:'    '     /
              .-.   X    .          \    /   _       .    X   .-.
            _ `.__.' \   .       .   \  /   \/       .   / `.__.' _
            \         \._:       -   \\/       '     :_./         /
      .--.   X         \::       ||  _\              ::/         X   .--.
    _ `.___.' \         `: .     ||        i       . :'         / `.___.' _
    \          `.        ! .     |________.' '     . !        .'          /
     `           `-..__    :     `____ ______i__   :    __..-'           '
       `  .  _ __________. |     |   _\\__   |     | .__________ _  .  '
                         | |_ _ _|__|_   _|__|_ _ _| |
        `               _________|__|_    |__|_________               '
    .     `.__. . - ' "  . .     |  |        |     . .  " ` - . .__.'     .
    .       \ .'         | |     |  |        |     | |         `. /       .
_   | .      Y     _  __.' | ... |  |        | ... | `.__  _     Y      . |   _
\   | ix.    !      ||     | ... |  :        | ... |     ||      !    .xi |   /
 `._:___ _ _ _ ____.'|     | ::: |  .        | ::: |     |`.____ _ _ _ ___:_.'
    | .     \\\\_____|     | iii |           | iii |     |_____////     . |
    |        .   ____' _ _ | lll |  `        | lll | _ _ `____            |
    |        :__ \   ||/   | XXX |  S!       | XXX |   \||   / __:        |
    |      _ |  ` \  |     | XXX |  .        | XXX |     |  / '  | _      |
 _  |     | \|    |\_|     | XXX |  :        | XXX |     |_/|    |/ |     |  _
 \  `    :|  \    |  |\    | XXX |  |_       | XXX |    /|  |    /  |:    '  /
  .  `.__||___\   |   "    | '"  |           |  "` |    "   |   /___||__.'  .
  |\         |  __|  i.__ .|--''""""'-. .-`""""``--|. __.i  |__  |         /|
  | `.______.|i!  :  |'"   |           Y           |   "`|  :  !i|.______.' |
. |    ----    .     |     |  ___._    !    _.___  |     |     .    ----    | .
__`     ""     i.    |  .-''"".--| `       ' |--.""``-.  |    .i     ""     '__
____     `   . | `-..| '       ""|           |""       ` |..-' | .   '     ____
_____         \|    ":          `|           |'          :"    |/         _____
-----          \                 |           |                 /          -----
-----    `.____|\    `  .  _ __. |.          | .__ _  .  '    /|____.'    -----
__.'           |              _| |::.._______| |  _________    |           `.__
____________ __|______ _______  _________________|_       /____|_______  ______
        _____\____    \_      |/     _______      /      /     |__     |/
 __     \    ` __/   __/      /      /     /     /      /      _/     _/     __
  \      `.___ \      \_    _/    __/     ______/|     /_      |.______      /
   `.__________/       /___________________________________________________.'
  .           /________________________________________________|__ _        .
  :           _|___    _ ____  _  ____________ _  _____ _   ___|_           :
  |     .    ___,         |__||_||      "``::||_||__|         .___    .     |
  |     .    ---              --.|          `|.--              ---    .     |
  |   .iii.  `==    __         _||           ||_         __    =='  .iii.   |
  |.-''"""``-. | .'" |         --|           |--         | "`. | .-''"""``-.|
  !           `|/    |          `|  _        |'          |    \|'           !
   _           !     |           |  \        |:          |     !           _
  |/                  "-.._______|   `-..____||______..-"                  \|
  '       .-'""`-.   :.._________ _  \-..____ ______    .i   .-'""`-.       `
 /      .         `. |           | \  \      | _____..-' | .'         .      \
'"" ` .             \|           |  \  \     ||_         |/             . ' ""`
  |                  `-..________|   \  \    |________..-'                  l
  |                  :-..________.    \  \   .________..-:                  |
  :             ` .  |           |     \  \  |           |  . '             :
  .   .             "!           |      \  \ |           !"             .   .
      :  .                       |   .___\  \|                       .  :
  .      :`:..                   : .         :                   ..:':      .
         : :: ::..               ` `--       '               ..:: :: :
          .:: ::: ::..             " ----  "             ..:: ::: ::.
          : ` ::: ::::::..           |___|           ..:::::: ::: ' :
          :  :`:: ::::::::::..         -         ..:::::::::: ::':  :
             :  ` ::::::::::::::..           ..:::::::::::::: '  :
             :   :      .        _  :.   .:  _        .      :   :
                 :      :         | `::.::' |         :      :
                 `      :         |   `:'   |         :      '
                        :         | :.   .: |         :
                        `         | `::.::' |         '
                            .     |   `:'   |     .
                                  |         |
  .                               | :.   .: |                               .
                                 `i `::.::' i'
  `                               :   `:'   :                               '
   `._                            '         `                            _.'
    . -- -                        '         `                        - -- .
 .                                . :.   .: .                                .
                                    `::.::'
'                                     `:'                                     `
.                                '           `                                .
_               `                      '                      '               _
\                              .       p       .                              /
 `.             '                                             '             .'
   ` .          .           '          r          `           .          . '
          .     -      .                               .      -     .
                ""                     e                     ""

:    i___ _                            s              i                       :
`.   .--------.  .----. .----. .----.     -    . .--- | |   .                .'
   ` `--------'  | ---' |   -' `----'  e  `----' `----' `-- `---|   -----  '
     !'" "       |                                              |
     .                                 n

                                       t
           ...:::::::::::..                      ...:::::::::::::....
       ..::::::::::::::::::::..        s      .::::::::::::::::::::::::.
     .::::'''           ""```:::.            :::::'''                 ``:    ..
    ::''                       `::     :    :::'                         : .:::
   :                              :   ...  ::'                            ::'"
  :                                : :''':::                              .
  .                                 :     '

             Artist...: B÷hse Onkelz
             Title....: B÷hse Fⁿr┤s Leben

             Release..: Jul-04-2016

             Genre....: Rock
             Label....: tonpool medien gmbh

             Source...: Blu-Ray
             Size.....: 2.76 GB
             Playtime.: 181 min

  `          Video....: 720x404 // 16:9 // 25FPS
             Bitrate..: 1801

   `         Audio....: AC3 5.1 @ 384kbps

             Extras...: -

             Ripped...: - 
                        
     .
       .                              .--- .
        `-..__________                .----.
               -''""                  |    !
            .'                        |----.                     `.
           .:                         .----.                      :.          .
           ::                         |    |            .         ::          .
           :|                         |    !             `        |:         .:
           :|                         |    .              . `   _ |:      _.:'
       i . ||                         |.__.|\                     || . i
       | x ||                         !    | \            '       || x |
       | x |`.__.                     .    |  `._       .'    .__.'| x |
_ _____|___|_   |                    /|    |     ""'''""      |   _|___|_____ _
       |   |    |                   / `._ .'                  |    |   |
           |    `.___.   _.  i.___.'                     .___.'    |
          _|_________|_                                 _|_________|_
           :         |            _.     /               |         :
   .       .         |             |___.'_               |         .       .
 x x x x x x x x x x |     t r a c |      \ l i s t .    | x x x x x x x x x x
       `   .   `     |             '       \_            |     '   .   '
          _:_________|_                                 _|_________:_
           |                                                       |
           |                                                       |
_ _____|___|_                                                     _|___|_____ _
       |   |                                                       |   |
       | . |                                                       | . |
       | : |                                                       | : |
       | l |                                                       | l |
       | X |                                                       | X |
       | X | 01.    Matapalo - Parte Uno                  01:55    | X |
       | X | 02.    Viva Los Tioz                         05:18    | X |
       | X | 03.    Finde Die Wahrheit                    04:15    | X |
       | X | 04.    Narben                                04:16    | X |
       | X | 05.    Buch Der Erinnerung                   05:35    | X |
       | X | 06.    Danket Dem Herrn                      05:27    | X |
       | X | 07.    Ich Mache Was Ich Will                05:27    | X |
       | X | 08.    Terpentin                             05:09    | X |
       | X | 09.    Ein Langer Weg                        04:31    | X |
       | X | 10.    Ueberstimuliert                       04:20    | X |
       | X | 11.    Gehasst, Verdammt, Verg÷ttert         03:30    | X |
       | X | 12.    Wenn Wir Einmal Engel Sind            05:28    | X |
       | X | 13.    Sch÷ne Neue Welt                      05:45    | X |
       | X | 14.    Das Ist Mein Leben                    04:29    | X |
       | X | 15.    Wer Nichts Wagt Kann Nichts Verlieren 04:00    | X |
       | X | 16.    Wir Bleiben                           05:19    | X |
       | X | 17.    Deutschland Im Herbst                 05:41    | X |
       | X | 18.    1000 Fragen                           06:58    | X |
       | X | 19.    Regen                                 09:29    | X |
       | X | 20.    So Sind Wir                           05:00    | X |
       | X | 21.    Kirche                                05:47    | X |
       | X | 22.    Nekrophil                             06:32    | X |
       | X | 23.    Zu Nah An Der Wahrheit                06:36    | X |
       | X | 24.    Onkelz 2000                           04:26    | X |
       | X | 25.    Der Platz Neben Mir                   11:05    | X |
       | X | 26.    Stunde Des Siegers                    05:21    | X |
       | X | 27.    Bomberpilot                           04:10    | X |
       | X | 28.    Nichts Ist Fⁿr Die Ewigkeit           06:45    | X |
       | X | 29.    Wir Ham┤ Noch Lange Nicht Genug       04:03    | X |
       | X | 30.    Heilige Lieder                        04:39    | X |
       | X | 31.    Auf Gute Freunde                      05:47    | X |
       | X | 32.    Mexico                                05:32    | X |
       | X | 33.    Erinnerungen                          08:32    | X |
       | X |                                                       | X |
       | X |                                             181:07 min| X |
       | X |                                                       | X |
       | X |                                                       | X |
       | X |                                                       | X |
       | X |                                                       | X |
       | X |                                                       | X |
       | X |                                                       | X |
       | X |                                                       | X |
       | X |                                                       | X |
       ! x |                                                       | x !
   .     - :                                                       : -     .
   ::      .                                                       .      ::
`::::  .                                                               .  ::::'
       ::                                                             ::
    `::::  .                                                       .  ::::'
           ::                                                     ::
        `::::           .  r e l e a s e . n o t e s  .           ::::'


        `:Nach zwei blitzschnell ausverkauften Comeback-Shows und dem:'
        `:Zelebrieren der eigenen Reunion war es im letzten Jahr Zeit:'
        `:fⁿr eine Fortsetzung. Aber nicht zweimal Hockenheimring,   :'
        `:gleich viermal Hockenheimring! äB÷hse fⁿr's Lebenô war das :'
        `:Motto. Pathetisch, auf dicke Eier und ganz onkelzmΣssig wenig
        `:um Bescheidenheit bemⁿht. Doch fⁿr die Fans bedeutet äB÷hse:'
        `:fⁿr's Lebenô tatsΣchlich mehr. Denn es geht nicht nur um   :'
        `:eine Band und ihre Fans û äB÷hse fⁿr's Lebenô ist Ausdruck :'
        `:und Kern eines ganzen Lebens- gefⁿhls. Mit Ausrufezeichen. :'
        `:                                                           :'
        `:Und die Shows selbst? Der Glanz und die teilweise          :'
        `:operettenhafte Inszenierung des Comebacks ein Jahr zuvor   :'
        `:wichen nun dem dreckigen Schatz des eigenen Backkatalogs,  :'
        `:mit all seinen Hits und Gassenhauern, die man beim letzten :'
        `:Mal noch draussen gelassen hatte. Jeder der 400.000 Fans, die
        `:an diesen beiden Wochenenden im Juni am Hockenheimring dabei'
        `:waren, wird sich wahrscheinlich bis ans Ende aller Tage an :'
        `:das Intro und den Opener erinnern. An äViva los Tiozô, an  :'
        `:die Bengalos bei äStunde des Siegersô, an den vielen Pogo  :'
        `:und an den krassen Fan-Chor, der teilweise lauter war als  :'
        `:die PA der Band. An all die Hits und natⁿrlich an äWir     :'
        `:bleibenô - den ersten neuen Song der Onkelz seit 2004.     :'
        `:                                                           :'
        `:In der äB÷hse fⁿr's Lebenô-Dokumentation werden alle       :'
        `:Facetten dieses Spektakels beleuchtet. Ein Blick ⁿber die  :'
        `:Schulter der Onkelz und hinter den Vorhang der gr÷ssten Bⁿhne
        `:der Welt. Band, Crew und Fans, alle kommen zu Wort - im    :'
        `:Zusammenschnitt mit Live-Eindrⁿcken aus den Shows. Rund 100:'
        `:Minuten dauert der Einblick ins Auge des Orkans, der       :'
        `:Hockenheim zerlegt hat. Und natⁿrlich gibt es das komplette:'
        `:Konzert vom ersten Samstag. Die Euphorie der Band, ihre    :'
        `:Spiellaune und ihre Motivation, den Fans ein unvergessliches'
        `:audiovisuelles Erlebnis der Extraklasse zu schenken, wurde :'
        `:fⁿr die Nachwelt in bester Bild- und TonqualitΣt           :'
        `:festgehalten. Ueber mehr als drei Stunden hat an jedem der :'
        `:vier Konzerttage ein einzigartiger Austausch von Energie und'
        `:Geist stattgefunden. Wer es nicht gesehen hat, wird es nicht'
        `:glauben. Hier ist der Beweis, die ultimative Ansage:       :'
        `:äB÷hse fⁿr's Lebenô!                                       :'


                  .         .........                       .
                  .           ...................           .
                  :             .....::::::::::'            :
                  |              `````:::::::'              |
               :  |                `:::::::'                |  :
               |  |                  `..:'                  |  |
              _|__|                    `                    |__|_
  __ _________.'  |                                         |  `._________ __
             _ _____________      _ _______________     S!  |     .
         ______    _____   /  __    __    _____   /__   __ ____   i  .
       _/  ___/   | ___/  /__|  |__|  |  | ___/  /  /__|  |__  \__|  i__
      |________.  |__________________.|  |______/_______  ___\_____  __/
               |__|                   |_____ _         |__| .     |__|
  __ _________    .   c r u e l t y                         .    _________ __
              `.  |    _ ___ ____ ____                      |  .'
              "|""|   | |   | ___| ___|                     |""|"
               |  |     `   |         |                     |  |
               :  |         ` ._______|                     |  :
                  |             -------                     |
                  :              """"""                     :
                  '              '''''                      `
                  `              ---                        `
                    `         _ ""
                       `   -
