Gates of Hell (1989) Shamrock Media

RLS-Titel: Gates.of.Hell.1989.Shamrock.Media.DVD5.DL.UC.UT-K4miK4z3
Originaltitel: Le Porte dell'Inferno
Alternativtitel: Hell's Gate
Erscheinungsjahr: 1989/Italien
Regie: Umberto Lenzi
Genre: Horror
Label: Shamrock Media
EAN/UPC: 4872363159116
Source: PAL DVD5 [Untouched]
Format: .iSO
Laufzeit: 89:26 Min. [88:31 Min. o. A.]
Sprache/n: Deutsch & Italienisch [Dolby Digital 2.0 Mono]
Untertitel: -
Packsystem: WinRAR5 [10x .RAR Files +5% Wiederherstellungs-Files]
WinRAR-Info: Neuste WinRAR5xx nutzen, ältere können RAR5 Archive nicht öffnen!!!
Dateigröße: 4.24 GB [gepackt]
Covers: Sind dabei !!!

Extras

• Trailershow/Wendecover

Beschreibung

Sie rechnen mit dem Schlimmsten ! Gerade ist aus unerklärlichen Gründen die Kamera-Verbindung 
zu Maurizio, einem abenteuersüchtigen Höhlenforscher, zusammengebrochen. Das Rettungsteam macht 
sich einsatzfertig, um ihn aus den geheimnisumwitterten ehemaligen "Kloster-Katakomben" zu retten. 
Doch noch ehe sie die erste Spur von Maurizio finden, machen sie eine schreckliche Entdeckung: 
Ein jahrhundertealter Fluch liegt über diesen Höhlen und Maurizio hat die Ruhe der Toten gestört.
Der "Fluch des Todes" erwacht, unerbittlich und grausam...
