                                    .. ..... 
   .::::::::::..                    '' ::  ::                  ..::::::::::. 
  ::::::::::::::::..                :: ::'''               ..:::::::::::::::: 
 :::::::::::::::::::::..             _____             ..::::::::::::::::::::: 
 ::::''''''''''''::::::::.         7/    /__         .::::::::````````````:::: 
 :'                  ``::::        /    // /_       ::::''                  `: 
 :                       ``:      /        '       :''                       : 
      .-``""""``--..        `.__.'            .__.'        ..--''""""''-. 
 ________ __ _      ``..          __       __          ..''      _ __ ________ 
 `._     `  `           ``--..____||       ||____..--''           '  '     _.' 
    _______________________________|       |_______________________________ 
   |                                                                       | 
   |  ...........................  i       i  ...........................  | 
   |  ii  i.iiiiiiiiiiiiiiiii||ii  |       |  ii  i.iiiiiiiiiiiiiiiii||ii  | 
   `. """""""""""""""""""""""""""  |       |  """"""""""""""""""""""""""" .' 
     _ _ _  _   .----------..-----.Si.__   |.-----..----------.   _  _ _ _ 
   ||//        /        `i |       !'      |       | i'        \        \\|| 
   |'     __  /          ` |               |       | '          \  __     `| 
   | ____|  |/            _|`------i._____.|------'|_            \|  |____ | 
   |  _                            |       |                            _  | 
   | |/                   _ __     |       |     __ _                   \| | 
   | '                       |     |       |     |                       ` | 
   |            . __.i______.'     A       A     `.______i.__ .            | 
   | ._________________________..-' `--'--' `-.._________________________. | 
   `._____________________________________________________________________.' 
   .                                                                       . 
   |.______________________________         ______________________________.| 
   |  ___ __ _ __                  |   .   | .....                      .. | 
   | |  //_// '  '                 |   .   | :::'            ____        ` | 
   | |_/                           |   :   | :'            .------.        | 
   |               _               |   l   |             .'        `.      | 
   |    _         /(________  _..._|   |   |    ____    /            .     _ 
   |   //        /         / '   _ `   |   | .''    `. /                  // 
   |_  "        /        _/     //     |   |'         Y      _       '    " 
___________    /  ____________________ _ _________________  /(_________________ 
\          |  /   \                   '(/                /.'                  / 
 \__       | /     \___________        '       _________/          __________/ 
   |       |/         /     ____              |                    _\         _ 
   | S!    '         '     '   /              `        _          '           / 
   `._______________               _. i.              // .__________________.' 
   ._         _   `-.._______________.' `----------------'  _____ _   _   __ 
   |         //             ...... _   .   .-. .-. .----.  '     !|  //    | 
   | .       "               `:::: |   |   | | `-' `.__. `.       |  "   . | 
   | _                         `:: |   |   | | !-          `-..__.'      _ | 
   | __                          ` |   |   | | .                        __ | 
   | ` __                          |   |   | |                        __ ' | 
   |  /\_\  ____                   |   !   | :                 ____  /_/\  | 
   |  \/  `/\   \                  `._____.' .                /   /\'  \/  | 
   |    . /  \___\                 .   _   .                 /___/  \ .    | 
   |      \  /    `                |   Y   | `              '    \  /      | 
   |       \/     .              . |   .   |                .     \/       | 
   |              _              . |       |                _              | 
   |             __              : |       |                __             | 
   |           __ '              | |       |                ` __           | 
   |    ____  /_/\               | |       |___. '           /\_\  ____    | 
   |   /   /\'  \/               | |  ____________           \/  `/\   \   | 
  _|__/___/  \ .           _     | |.'           /             . /  \___\__|_
   ! '    \  /            |(    .' '.-''"""''77 /                \  /    ` ! 
   .       \/      _      | `--'   /         /.'           _      \/       . 
    .      .        i     |       /         //            i        .      . 
     `----'|        '     |    _ / `._____.' . _          `        |`----' 
           `.___ . ' i.__.'    //     ---.    \\        .i ` . ___.' 
              .____. `.______.//         ii    \\.______.' .____. 
  .                `.________.'      ` --'      `.________.'                 . 
                          .          -'""`-          . 

  '      .. ...  ...  ..    `   v    a    c    e   '     .. ...   ..  ..     `
  .     .-' :  : :  : ..:                               .-' :  : .-' .-'     .
  _     `-- `--' `--' --'         .          .          `-- `--' `-- `--     _
  \                              /`._      _.'\                              /
   `.._____________________ .-. /    "''''"    \ .-. _____________________..' 
    __                     \| |/   .- ""`-.     \| |/                    __ 
 .'"       .------------------'  .'        `     `-------------------.     "`. 
i         .                                 '                         .       i
|      |              Blasphemous Wounds Of Eventide v4.0.67            |     |
|      |                    *Inc DLC* *MULTI10* *RIP*                   |     |
|      |                    (c) Team17 Digital LTD.                     |     |
|      |                         _              _                       |     |
|      `.________________________)      _.' .-'''-.____________________.'     |
|                                  `-..___.-'       "`----- -                 |
| i     _  _                                                                  |
| !.__.'/ //                                                                  |
`.____ / _____________________________________ ._____________________________.'
 .___ /_______________________________________||_________________ __ _  _
 | __.                                                                 /   7
 | -      Supplied by.: VACE              # of Disks.: 39 * 9.54MB    /   /  .
 | "      Released....: 07/03/2022        Protection.: Money         /   /   7
 `.________________________________________________________________.' _.' _.' .

 .----------------------------- r e l e a s e info --------------------------+
 |                                                                           '
 | STORY
 | A foul curse has fallen upon the land of Cvstodia and all its inhabitants
 | it is simply known as The Miracle.
 |
 | Play as The Penitent One - a sole survivor of the massacre of the æSilent
 | Sorrow'. Trapped  in  an endless cycle of death and rebirth, it's down to
 | you  to  free  the  world from this terrible fate and reach the origin of
 | your anguish.
 |
 | Explore this nightmarish world of twisted religion  and discover its many
 | secrets hidden deep inside. Use devastating combos and brutal  executions
 | to  smite  the hordes of grotesque monsters and titanic bosses, all ready
 | to  rip  you  limb  from  limb. Locate and equip relics, rosary beads and
 | prayers  that  call on the powers of the heavens to aid you in your quest
 | to break your eternal damnation.
 |
 | THE GAME
 | Explore a Non-Linear World: Overcome fearsome enemies and deadly traps as
 | you  venture  through  a  variety of different landscapes, and search for
 | redemption in the dark gothic world of Cvstodia.
 |
 | Brutal Combat: Release  the  power  of Mea Culpa, a sword born from guilt
 | itself, to  slaughter  your  foes. Acquire  devastating  new  combos  and
 | special moves as you purge all in your path.
 |
 | Executions: Unleash your wrath and relish in the  gory  dismemberment  of
 | your adversaries - all  in  beautifully rendered, pixel-perfect execution
 | animations.
 |
 | Customise Your Build: Discover  and  equip  Relics, Rosary Beads, Prayers
 | and Sword Hearts to give you the new abilities and stat  boosts you  need
 | to survive. Experiment with different combinations to suit your playstyle
 |
 | Intense Boss Battles: Hordes of gigantic, twisted creatures stand between
 | you and your goal. Learn how they move, survive their devastating attacks
 | and emerge victorious.
 |
 | Unlock the Mysteries of Cvstodia: The world is full of  tormented  souls.
 | Some offer you aid, some  may  ask  for  something in return. Uncover the
 | stories and fates of  these  tortured  characters  to  gain rewards and a
 | deeper understanding of the dark world you inhabit.
 |
 |
 | This release includes : Blasphemous û æAlloy of Sin' Character Skin.
 |
 `._______....::::::::::.___________________________________________________.'
  ..--''""      .       :
.'   .----------`-------'------ r e l e a s e notes -------------------------.
i   i                                                                        '
|   |  1# Unzip, Unrar manually.                                             '
|   |  2# Run v-setup.bat (wait until end and say's Job's Done!)             '
|   |     then after thats done go and play!                                 '
|   |  3# Have phun!                                                         '
|   |
|   |  Ripped: Nothing!
|   |
|   |  MULTI10: English, German, French, Italian, Spanish, Portuguese (Brazil)
|   |           Russian, Japanese, Corean and Chinese (Simplified).
|   |
|   |
|   |  REMEMBER :                                                            .
|   |  If you like this game, buy it. Developers deserve your support!!      :
|   |                                                                        :
|   |________________________________________________________________________|
| i._               ___     ___     ___     ___           ___
| !' .-----------..:   :: .:   :: ::   :: ::   :: .:    .:   :..-------------.
|   i             ::   :: ::   :: ::   :: ::   :: ::... `:.___'              |
|   |  :::::::::  ::   :: :: --:. ::   :: ::   :: ::    _   `::  ::::::::::  :
|   |              `-  :: ::    : ::  -'  ::  -'  ::   :::   ::              '
|   |  Cheers to:     -'   `    `  `-      `-      `-   "   -'               '
|   |
|   |  BACKLASH - CRUDE - DiViNE - FAS - FAiRLiGHT - OUTLAWS - PWZ - RiTUEL
|   |   RAiN - COGENT - RELOADED - ViTALiTY - HI2U - JAGUAR - TNT - WaLMaRT
|   |                 HOODLUM - ABSTRAKT - ANTiDOTE - TE
|   |
|   |  And to all of our friends from over the years, we salute you! - VACE
|   |               Special thanks to our friend CoolPHat
|   |
|   |         We are currently looking for crackers and suppliers
|   |                       Contact : vacecrew@protonmail.com
|   `.__________________________________________________________________ _
`._____________________________________________________________________    ` .
          .'                 `                            _            "`.   `
         .                     '               .   '          '  .       ` 
                               .            .                      ` . _.' 
         `     . - ''' '                  .      ..:::::::...                 : 
           .                  '          .      :::::::::::::::.. .        ..:: 
                            .'           .      .        .      ...    ... 
             `             ..------.._   `._     :  '   : ..   :   '  : ..: 
`--.'         .          .'           `. .--.     :    :    :  `._    `._ 
 .                      .               Y 
.                                       '      .     -   .     `::::::::::::::: 
              '         `                  '               `     `::::::::::::i 
`            '           `._           '        .......      `     `:::::::::ii 
 `.  _  .  '                 '  -   '   i     :::::::::::.     .      ``:::iii' 
                                        `     `ii::::::::: 
:.                                ..     \     `iiii:::::'        . 
..                            ..::::.     `.      ```""      '      . 
''    _                     .i:::::::.       `  .  _    .  '           -  ..  ' 
:: S! / SAC                ii::::::::: 
.. .....  .. .....         ii:::::::::                                       .: 
'' ::  :: '' ::  ::         ``:::::'' 
:: ::'''  :: ::'''                                                           :: 
.. .....  .. .....  .. .....  .. ..... 
'' ::  :: '' ::  :: '' ::  :: '' ::  ::                                      :: 
:: ::'''  :: ::'''  :: ::'''  :: ::''' 
                    .. .....  .. .....  .. .....  .. .....                   :: 
   d  o  n  t       '' ::  :: '' ::  :: '' ::  :: '' ::  :: 
    ___   _        _:: ::'''  :: ::'''  :: ::'''  :: ::'''   i t  .  o  u  t  ! 
   |   `. . |   | | ___.                .. .....  .. .....  .. .....  .. ..... 
   |____| | |__.' |___    u  p          '' ::  :: '' ::  :: '' ::  :: '' ::  :: 
       _|                               :: ::'''  :: ::'''  :: ::'''  :: ::''' 
           b  a  b  y  ,                    _               .. .....  .. ..... 
                                           _\  t  i  c  k   '' ::  :: '' ::  :: 
                                                            :: ::'''  :: ::''' 

                                 THE KINGS OF VACE
