 ######################################################################################################
###                                                                                                  ###
##                                                                      +I        =+=                 ##
#               =?$7?=                    ~            NOZ7?+===     ZDO8D      I8Z$ZDD8~              #
#         7D8D8OZ$$$ZZDND~          =$ND88OOONNZ       O8Z$$$$OO    87Z$D$     =DZZ$Z$ZZ8DZ            #
#       88$Z$$ZZZZZZ$Z$78        +OD8Z$ZZZZ$$Z7ZO~     ?DZZ$ZZD$ 7D8Z$ZZN?      DZZ$$ZOO$$OD+          #
#     ODZZZO$OZZZZZZZ$ONZ       N8Z$ZZZZZ$ZZZZZZON=     DO$ZZZ8O787ZZZ$$N=      +DZ$Z$$$Z$$$DO         #
#    N$$ZZZZ$ZZZZ$$ZO$N$      7D$$$ZZZ$$ZZZZ$ZZZZO8     ZOZZZZ8N87$ZZZZ$N~        ?$Z8ND$ZO$$ZD        #
#  ~D$OZ$ZZZZZ$$$$$$I8I     +DOZZZZZ$O$Z$ZOO$ZZZZZDZ    $D$ZZ$ZZZZ$7Z8D8O               DDZZZZ$?       #
# ~NOZ$OZZZZ$ODOZ7Z8ND      NZ$ZOZ$ZO7DNOIZNZZ$ZZ$8O    ID$ZZZZZ$$ON+         7ZZZZ7I~   78$ZO$8=      #
# DZZZO$ZZZ$NZ             7$7ZZZZZ$ZN+    ZDZ$ZZ$OD    7DZZZZ$$OO?        DDOZZZ$ZZZZOODZNZZZ$8Z      #
# 8$ZZ$OZ$Z8I             ZNZZZZZZ$DD?     ON$Z$Z$ON    O8ZZZZZZ8       ~OD77$Z$$ZZZZOZ$$OZOZZZO8      #
# O$Z$ZZZZZD             ~NOZ$ZZZZO7       ZDZZZ$$ZD    NO$ZZZ$8Z       DOZ$OZZZZ$ZZ$ZZZZZ$ZOZZZNI     #
# Z$ZZZZZZ$D             O8$ZZZZ$ZD        D8ZZZZZO8    DZ$ZZZ$D7      IZ$$Z$Z$$Z88NND8O$$ZOZZZ$OD     #
# O$ZZZZ$Z$Z$            NO$ZZZZ$88       D8$ZZZ$ZDI   ?DZ$ZZ$ZN=     =DZZZZZ$D7=        =$N$$ZO$O     #
# 8$$ZZZ$ZZZ8N+          DO$ZZZZ$8D      $OIOZZZ$ON    ?D$$ZZ$ZN=     ?8$ZZ$ZZI           ~8$ZZZ$Z?    #
# 8O$$ZZZZOO$$ZDO$=~     $N7O$ZZO$OZ?+Z8DO$ZZZZZZD7    8O$ZZZZ$N+     $8Z$Z$ZZ7           ZNOZZZZ$O    #
# =NOZ$ZZZZZZZ$$$Z88NNO$I~N8$$Z$ZZ$$OO$$$$ZZZO$$8Z     DZZZZZZZDI     ?N$O$O$Z8+        7DO$$OZZ$ZD?   #
#   $8ZZZ$ZZZZZ$$ZZ$$ZZZZ88DZ$$ZZZZZ$$OZZZZZ$7$O$     ~OZZZZZZZ8Z      N$$ZZZ$O8OZ?++IZDO$Z$$ZZZZZDZ   #
#    ?DNZZ$$ZZ$ZZZZZZZ$ZZ8+ NZZ7ZZZZZZZZZ$ZZ$ZDO      I$ZZZ$$Z$8D       DZ$$ZZZ$Z7ZZZ$$ZZZZZZZZZZ$8O   #
#      ~ONDZ$ZZZOZZO7O$O8   ?ODOZ$$ZZZZZZ$$ZZZ=       8$$$ZZ$$$ON       ?8DZ$Z$ZOZZZZ$$Z77O8Z$ZZZ$ON=  #
#          =Z8D8OOZ$Z7NZ       ?NDOZOOO88OMO+        78O8DDDDOIZZ         ~8ODOZZ$Z$7$ZODO7ZZ$Z$$ZOD$  #
#                ~IZZ8+            ~~~~              $+~                      ?Z8ZOOZ$?~   INDNDOZ$$N+ #
##                                                                                              ?$O   ##
###                                                                                                  ###
  ################################  C o R a   P R E S E N T E S  #####################################
###                                                                                                  ###
#                            Killing.Bono.2011.MULTi.NTSC.DVDR-CoRa                                    #
#                                                                                                      #
#     DATE PRE: 04/02/2012 (04.Fev.2012)                                                               #
#                                                                                                      #
#     DuRee...: 01:53:53 (** mins)                                                                     #
#     FiCHiER.: 94 x 50Mo (4.35Go - .iSO)                                                              #
#     Lien URL: http://www.imdb.com/title/tt1535101/                                                   #
#               http://www.allocine.fr/film/fichefilm_gen_cfilm=177164.html                            #
#                                                                                                      #
#     SouRce.....: R1 NTSC WS DVD9 - 7.70Go (8,278,667,264 bytes)                                      #
#     MENU.......: Reauthored                                                                          #
#     ViDEO......: CCE 9-PASS - 4 292Kbs                                                               #
#                                                                                                      #
#     AUDiO......: Eng 5.1 - FR 5.1                                                                    #
#                  Quebecois [ ] - Truefrench [ ] - Audio Eng Forced [ ] - Dubbed [ ]                  #
#                                                                                                      #
#     SOUS-TiTRE.: Fr                                                                                  #
#                  Sub Forced [ ] - MULTiSUBS [ ]                                                      #
#                                                                                                      #
#     EXTRA_BONUS: Supprimer                                                                           #
#                                                                                                      #
#     SUPPRiMER..: Warning                                                                             #
#                  Annonce(Preview)                                                                    #
#                  Special Features                                                                    #
#                  VTS TiTLE & PGC                                                                     #
###                                                                                                  ###
  ####################################################### NOTE DU GROUPE #############################
###                                                                                                  ###
#                                                                                                      #
###                                                                                                  ###
  ############################################################ iNFO ##################################
###                                                                                                  ###
#              Date de sortie: 3 ao√t 2011                                                             #
#              RΘalisΘ par Nick Hamm                                                                   #
#              Avec Ben Barnes, Robert Sheehan, Pete Postlethwaite                                     #
#              Genre : ComΘdie                                                                         #
#              NationalitΘ: Britannique                                                                #
#                                                                                                      #
#    Synopsis: Dublin, 1976.                                                                           #
#              Neil McCormick n'en doute pas: une vie de rock star l'attend.Avec son frΦre Ivan, ils   #
#              vont crΘer Shook Up, le plus grand groupe de rock du monde! Au mΩme moment, Paul, leur  #
#              camarade de classe, crΘe son propre groupe, U2, et se fait appeler Bono.Mais Neil est   #
#              persuadΘ que Paul n'a pas l'Θtoffe d'une star et que dans son ascension vers la gloire, #
#              Shook Up laissera U2 loin derriΦre luià                                                 #
###                                                                                                  ###
  ####################################################### CONTACTER & AFFiLS #########################
###                                                                                                  ###
#                             Recherche Site To AFFiLS .ca .us .nl .eu                                 #
#                                                                                                      #
#                                 CONTACTER NOUS ViA iRC OU EMAiL                                      #
#                                         cora@mac.hush.com                                            #
###                                                                                                  ###
 ######################################################################################################
