ÔĽŅ                                                                               
      ‚ĖĄ‚ĖĄ   ‚ĖĄ                                                    ‚ĖĄ   ‚ĖĄ‚ĖĄ         
     ‚ĖĎ‚Ėź‚Ėą‚ĖÄ‚Ėą‚Ėą‚ĖÄ                                                    ‚ĖÄ‚Ėą‚Ėą‚ĖÄ‚Ėą‚ĖĆ‚ĖĎ        
      ‚Ėí‚Ėą‚Ėą‚ĖÄ                                                        ‚ĖÄ‚Ėą‚Ėą‚Ėí         
      ‚ĖĎ‚Ėź‚Ėą‚ĖĆ                                                        ‚Ėź‚Ėą‚ĖĆ‚ĖĎ         
      ‚ĖĎ‚Ėí‚Ėą‚Ėą‚ĖĄ‚ĖĄ                                                    ‚ĖĄ‚ĖĄ‚Ėą‚Ėą‚Ėí‚ĖĎ         
     ‚ĖĎ‚Ėí‚Ėď‚Ėą‚Ėą‚ĖÄ‚Ėą‚ĖĆ                                                  ‚Ėź‚Ėą‚ĖÄ‚Ėą‚Ėą‚Ėď‚Ėí‚ĖĎ        
     ‚ĖĎ‚Ėí‚Ėď‚Ėź‚Ėą‚ĖĆ‚Ėź‚Ėď                                                  ‚Ėď‚ĖĆ‚Ėź‚Ėą‚ĖĆ‚Ėď‚Ėí‚ĖĎ        
      ‚ĖĎ‚Ėí‚Ėď‚Ėą‚Ėą ‚Ėą‚ĖĆ                                                ‚Ėź‚Ėą ‚Ėą‚Ėą‚Ėď‚Ėí‚ĖĎ         
      ‚ĖĎ‚Ėí‚Ėď‚Ėź‚Ėą‚Ėą‚Ėź‚Ėą  "I BOMBED THE WORLD TRADE CENTER?? WTF!!?!?"  ‚Ėą‚ĖĆ‚Ėą‚Ėą‚ĖĆ‚Ėď‚Ėí‚ĖĎ         
       ‚ĖĎ‚Ėí‚Ėď‚Ėą‚Ėą‚Ėą‚Ėą‚ĖĆ                                              ‚Ėź‚Ėą‚Ėą‚Ėą‚Ėą‚Ėď‚Ėí‚ĖĎ          
       ‚ĖĎ‚Ėí‚Ėď‚Ėź‚Ėą‚Ėą‚Ėą‚Ėą                ‚ĖĄ‚ĖĄ‚Ėą‚Ėą‚Ėą‚Ėą‚Ėą‚Ėą‚Ėą‚Ėą‚Ėą‚Ėą‚Ėą‚Ėą‚Ėą‚ĖĄ‚ĖĄ             ‚Ėą‚Ėą‚Ėą‚Ėą‚ĖĆ‚Ėď‚Ėí‚ĖĎ          
        ‚ĖĎ‚Ėí‚Ėď‚Ėą‚Ėą‚Ėą‚Ėą‚ĖĆ             ‚ĖĄ‚Ėą‚Ėą‚Ėą‚Ėď‚ĖÄ‚Ėą‚ĖĄ‚ĖĎ‚Ėď‚Ėď‚Ėď‚Ėď‚ĖÄ‚ĖÄ‚Ėą‚Ėą‚Ėą‚Ėą‚Ėą           ‚Ėź‚Ėą‚Ėą‚Ėą‚Ėą‚Ėď‚Ėí‚ĖĎ           
        ‚ĖĎ‚Ėí‚Ėď‚Ėź‚Ėą‚Ėą‚Ėą‚Ėą            ‚Ėą‚Ėą‚ĖĄ‚Ėí‚ĖĎ‚ĖĎ‚ĖĎ ‚ĖÄ‚ĖÄ ‚ĖÄ‚ĖĎ‚ĖĎ ‚ĖÄ‚Ėí‚Ėí‚Ėí‚ĖÄ‚Ėą‚Ėą          ‚Ėą‚Ėą‚Ėą‚Ėą‚ĖĆ‚Ėď‚Ėí‚ĖĎ           
         ‚ĖĎ‚Ėí‚Ėď‚Ėą‚Ėą‚Ėą‚Ėą‚Ėą‚ĖĄ         ‚Ėą‚Ėą‚Ėí‚Ėí‚ĖĎ‚ĖĎ‚ĖĎ‚Ėď‚Ėď‚Ėď‚Ėď‚Ėí‚Ėí‚ĖĎ‚ĖĎ‚ĖĎ‚ĖĄ‚ĖĄ‚ĖĄ‚ĖĄ‚ĖĄ‚ĖĄ‚Ėą‚ĖĆ       ‚ĖĄ‚Ėą‚Ėą‚Ėą‚Ėą‚Ėą‚Ėď‚Ėí‚ĖĎ            
         ‚ĖĎ‚Ėí‚Ėď‚Ėź‚Ėą‚Ėą‚Ėą‚Ėą‚Ėą‚Ėą       ‚ĖĄ‚Ėą‚Ėí‚Ėí‚ĖĄ ‚ĖĄ  ‚Ėď‚Ėď‚Ėí‚Ėí‚ĖĎ‚ĖĄ‚ĖÄ‚ĖÄ‚Ėí‚ĖĎ‚ĖĎ‚ĖĎ‚ĖĎ‚ĖÄ‚Ėą‚Ėą‚ĖĄ     ‚Ėą‚Ėą‚Ėą‚Ėą‚Ėą‚Ėą‚ĖĆ‚Ėď‚Ėí‚ĖĎ            
          ‚ĖĎ‚Ėí‚Ėď‚Ėą‚Ėą‚Ėą‚Ėą‚Ėí‚Ėź‚ĖĆ ‚ĖĄ    ‚Ėą‚Ėą‚ĖĄ‚ĖÄ‚ĖĎ‚ĖĎ‚ĖĎ ‚ĖĎ ‚Ėď ‚ĖĎ  ‚Ėí‚Ėí  ‚ĖĎ‚ĖĎ‚Ėď‚ĖĎ‚Ėď‚Ėź‚Ėą‚ĖĆ ‚ĖĄ ‚Ėź‚ĖĆ‚Ėí‚Ėą‚Ėą‚Ėą‚Ėą‚Ėď‚Ėí‚ĖĎ             
          ‚ĖĎ‚Ėí‚Ėď‚Ėź‚Ėą‚Ėą‚Ėą‚Ėą‚Ėą‚Ėą‚ĖÄ    ‚Ėź‚Ėą‚Ėą‚ĖĆ‚ĖĄ‚ĖĎ‚Ėď‚Ėí‚ĖĄ‚ĖĄ‚Ėą‚Ėą‚Ėą‚Ėą‚Ėą‚Ėą‚Ėą‚Ėą‚Ėą‚Ėą‚ĖĄ‚ĖĄ‚Ėď‚Ėď‚Ėď‚Ėí‚Ėą‚ĖĆ  ‚ĖÄ‚Ėą‚Ėą‚Ėą‚Ėą‚Ėą‚Ėą‚ĖĆ‚Ėď‚Ėí‚ĖĎ             
           ‚ĖĎ‚Ėí‚Ėď‚Ėą‚Ėą‚Ėą‚Ėą‚Ėą‚ĖĆ     ‚Ėź‚Ėą‚Ėą‚Ėď‚Ėď‚ĖÄ‚Ėą‚Ėą‚Ėą‚Ėą‚ĖÄ‚ĖÄ‚Ėď     ‚ĖĎ ‚ĖĎ‚ĖÄ‚Ėą‚Ėď‚Ėí‚Ėí‚Ėą‚ĖĆ   ‚Ėź‚Ėą‚Ėą‚Ėą‚Ėą‚Ėą‚Ėď‚Ėí‚ĖĎ‚ĖĎ‚ĖĎ‚ĖĎ ‚ĖĎ         
           ‚ĖĎ‚Ėí‚Ėď‚Ėź‚Ėą‚Ėą‚Ėą‚Ėą‚Ėą      ‚Ėą‚Ėą‚Ėď‚ĖĄ‚Ėą‚Ėą‚Ėą‚ĖÄ‚Ėď‚ĖĎ  ‚ĖĄ       ‚ĖĎ‚Ėź‚ĖĆ‚Ėí‚Ėź‚Ėą    ‚Ėą‚Ėą‚Ėą‚Ėą‚Ėą‚ĖĆ‚Ėď‚Ėí‚ĖĎ              
       ‚ĖĎ ‚ĖĎ‚ĖĎ‚ĖĎ‚ĖĎ‚Ėí‚Ėď‚Ėą‚Ėą‚Ėą‚Ėą‚Ėą‚ĖĆ      ‚Ėą‚Ėą‚Ėą‚Ėą‚Ėą‚ĖĆ‚Ėď‚ĖĄ     ‚ĖÄ‚ĖÄ‚ĖÄ‚ĖÄ ‚ĖĄ ‚ĖĎ‚Ėą‚Ėą‚Ėą‚ĖĆ   ‚Ėź‚Ėą‚Ėą‚Ėą‚Ėą‚Ėą‚Ėď‚Ėí‚ĖĎ               
    ‚ĖĎ‚Ėą‚ĖĄ     ‚ĖĎ‚Ėí‚Ėď‚Ėź‚Ėą‚Ėą‚Ėą‚Ėą‚Ėą      ‚Ėź‚Ėą‚Ėą‚Ėą‚Ėą‚Ėď‚ĖĎ ‚ĖÄ‚Ėą‚Ėą‚Ėą‚Ėą‚ĖÄ ‚Ėą‚Ėą‚Ėą‚ĖĆ  ‚Ėą‚Ėą‚ĖÄ    ‚Ėą‚Ėą‚Ėą‚Ėą‚Ėą‚ĖĆ‚Ėď‚Ėí‚ĖĎ     ‚ĖĄ‚Ėą‚ĖĎ       
  ‚ĖĎ‚Ėí‚Ėź‚Ėď‚Ėą‚Ėą‚Ėą‚ĖĄ‚ĖĄ‚ĖĄ ‚ĖĎ‚Ėí‚Ėď‚Ėą‚Ėą‚Ėą‚Ėą‚Ėą‚ĖĆ      ‚Ėą‚ĖĆ‚Ėą‚Ėą‚ĖĎ  ‚ĖÄ ‚Ėą‚ĖÄ‚Ėą‚Ėď‚Ėź‚Ėą‚ĖÄ‚Ėą‚ĖĎ  ‚Ėź‚Ėą    ‚Ėź‚Ėą‚Ėą‚Ėą‚Ėą‚Ėą‚Ėď‚Ėí‚ĖĎ ‚ĖĄ‚ĖĄ‚ĖĄ‚Ėą‚Ėą‚Ėą‚Ėď‚ĖĆ‚Ėí‚ĖĎ     
 ‚ĖĎ‚Ėí‚Ėď‚Ėą‚Ėď‚Ėą‚Ėą‚Ėą‚Ėą‚Ėą‚Ėą‚Ėą‚Ėą‚Ėą‚ĖĄ‚Ėą‚Ėą‚Ėą‚Ėą‚Ėą‚Ėą     ‚Ėź‚Ėą ‚Ėď‚Ėą‚ĖĆ     ‚ĖÄ‚ĖÄ‚ĖĎ ‚ĖÄ‚ĖÄ‚ĖĎ   ‚Ėź‚ĖĆ    ‚Ėą‚Ėą‚Ėą‚Ėą‚Ėą‚Ėą‚ĖĄ‚Ėą‚Ėą‚Ėą‚Ėą‚Ėą‚Ėą‚Ėą‚Ėą‚Ėą‚Ėď‚Ėą‚Ėď‚Ėí‚ĖĎ    
 ‚ĖĎ‚Ėí‚Ėď‚ĖÄ‚Ėą‚Ėď‚Ėď‚Ėą‚Ėą‚Ėą‚Ėą‚Ėą‚Ėą‚Ėą‚Ėą‚Ėą‚Ėą‚Ėą‚Ėą‚Ėą‚Ėą‚ĖĆ‚ĖĄ    ‚Ėą‚Ėą‚ĖĄ‚Ėą‚Ėď‚ĖĎ       ‚ĖÄ‚ĖĄ    ‚ĖĎ‚Ėą   ‚ĖĄ‚Ėź‚Ėą‚Ėą‚Ėą‚Ėą‚Ėą‚Ėą‚Ėą‚Ėą‚Ėą‚Ėą‚Ėą‚Ėą‚Ėą‚Ėą‚Ėď‚Ėď‚Ėą‚ĖÄ‚Ėď‚Ėí‚ĖĎ    
   ‚ĖĎ‚Ėí‚Ėď‚ĖÄ‚ĖÄ‚Ėą‚Ėą‚Ėą‚Ėą‚Ėą‚Ėą‚Ėą‚Ėą‚Ėą‚Ėą‚Ėą‚Ėą‚Ėą‚Ėą‚Ėą     ‚Ėą‚Ėą‚Ėą‚Ėą‚Ėą‚Ėď‚ĖĎ    ‚ĖĄ‚ĖĎ‚Ėď‚Ėź‚ĖĆ   ‚Ėź‚Ėą    ‚Ėą‚Ėą‚Ėą‚Ėą‚Ėą‚Ėą‚Ėą‚Ėą‚Ėą‚Ėą‚Ėą‚Ėą‚Ėą‚Ėą‚Ėą‚ĖÄ‚ĖÄ‚Ėď‚Ėí‚ĖĎ      
     ‚ĖĎ‚ĖĎ‚ĖĎ‚ĖĎ‚Ėí‚Ėď‚ĖÄ‚ĖÄ‚ĖÄ‚Ėą‚ĖÄ‚Ėď‚Ėą‚Ėą‚Ėą‚Ėą‚Ėą‚Ėą‚ĖĆ    ‚Ėź‚Ėą‚Ėą‚Ėą‚Ėą‚ĖĆ‚ĖĎ     ‚ĖÄ‚ĖÄ‚ĖÄ   ‚ĖĎ‚Ėą‚ĖĆ   ‚Ėź‚Ėą‚Ėą‚Ėą‚Ėą‚Ėą‚Ėą‚Ėď‚ĖÄ‚Ėą‚ĖÄ‚ĖÄ‚ĖÄ              
          ‚ĖĎ‚ĖĎ‚ĖĎ‚ĖĎ‚Ėí‚ĖĄ‚Ėą‚Ėą‚Ėą‚Ėą‚Ėą‚Ėą‚ĖÄ‚Ėą‚ĖĄ   ‚Ėź‚Ėą‚Ėą‚Ėą‚Ėą‚Ėą‚Ėď‚ĖĆ‚ĖĄ‚Ėą‚Ėą‚Ėą‚Ėą‚Ėą‚Ėą‚Ėą‚ĖĄ‚ĖĆ‚Ėą‚Ėą   ‚ĖĄ‚Ėą‚ĖÄ‚Ėą‚Ėą‚Ėą‚Ėą‚Ėą‚Ėą‚ĖĄ‚Ėí                 
            ‚ĖĎ‚Ėí‚Ėď‚Ėź‚ĖĆ‚ĖĄ‚Ėą‚Ėą‚Ėą‚Ėą‚Ėą‚Ėą‚ĖĆ   ‚Ėź‚Ėą‚Ėą‚Ėą‚Ėą‚Ėą‚Ėą‚Ėź‚Ėą‚Ėą‚ĖÄ‚ĖÄ‚ĖÄ‚ĖÄ‚ĖÄ‚Ėą‚Ėą‚Ėą‚Ėą‚ĖĆ   ‚Ėź‚Ėą‚Ėą‚Ėą‚Ėą‚Ėą‚Ėą‚ĖĄ‚Ėź‚ĖĆ‚Ėď‚Ėí‚ĖĎ               
             ‚ĖĎ‚Ėí‚Ėď‚ĖÄ‚ĖĄ‚Ėą‚Ėą‚Ėą‚Ėą‚Ėą‚ĖĄ‚Ėą    ‚Ėą‚Ėą‚Ėą‚Ėą‚Ėą‚Ėą‚Ėą‚Ėą‚ĖĄ‚Ėď‚Ėą‚Ėą‚Ėą‚Ėą‚Ėą‚Ėą‚Ėą‚Ėą    ‚Ėą‚ĖĄ‚Ėą‚Ėą‚Ėą‚Ėą‚Ėą‚ĖĄ‚ĖÄ‚Ėď‚Ėí‚ĖĎ                
              ‚ĖĎ‚Ėí‚Ėď‚Ėď‚Ėź‚Ėą‚Ėą‚Ėą‚Ėą‚Ėď‚Ėź‚ĖĆ ‚ĖĄ‚Ėą‚Ėą‚Ėą‚Ėą‚Ėą‚Ėą‚Ėą‚Ėą‚Ėą‚Ėą‚Ėą‚Ėą‚Ėą‚Ėą‚Ėą‚Ėą‚Ėą‚Ėą‚Ėą‚ĖĄ  ‚Ėź‚ĖĆ‚Ėď‚Ėą‚Ėą‚Ėą‚Ėą‚ĖĆ‚Ėď‚Ėď‚Ėí‚ĖĎ                 
               ‚ĖĎ‚Ėí‚Ėď‚Ėą‚Ėą‚Ėą‚Ėą‚Ėą‚Ėą‚Ėą‚ĖĆ‚Ėą‚ĖÄ‚Ėď‚Ėź‚Ėą‚Ėą‚Ėą‚Ėą‚Ėą‚Ėą‚Ėą‚Ėą‚Ėą‚Ėą‚Ėą‚Ėą‚Ėą‚Ėą‚Ėą‚Ėą‚ĖĆ‚ĖÄ‚Ėą‚ĖĄ‚ĖÄ‚Ėą‚Ėą‚Ėą‚Ėą‚Ėą‚Ėą‚Ėą‚Ėď‚Ėí‚ĖĎ   ASCii          
              ‚ĖĎ‚Ėí‚Ėď‚Ėą‚Ėą‚Ėą‚Ėą‚Ėą‚Ėą‚Ėą‚ĖĆ‚Ėą‚ĖĆ‚Ėď‚Ėď‚ĖĎ‚Ėą‚Ėą‚Ėą‚Ėą‚Ėą‚Ėą‚Ėą‚Ėą‚Ėą‚Ėą‚Ėą‚Ėą‚Ėą‚Ėą‚Ėą‚Ėą ‚Ėď‚Ėď‚ĖÄ‚Ėą‚Ėź‚Ėą‚Ėą‚Ėą‚Ėą‚Ėą‚Ėą‚Ėą‚Ėď‚Ėí‚ĖĎ     pikaZZo!HS  
             ‚ĖĎ‚Ėí‚Ėď‚Ėą‚Ėą‚Ėą‚Ėą‚ĖÄ‚Ėą‚Ėą‚ĖĆ‚Ėą‚ĖĆ‚Ėď‚Ėď‚ĖĎ‚ĖĎ‚Ėą‚Ėą‚Ėą‚Ėą‚Ėą‚Ėą‚Ėą‚Ėą‚Ėą‚Ėą‚Ėą‚Ėą‚Ėą‚Ėą‚Ėą‚ĖĆ‚Ėí‚Ėí‚Ėď‚Ėď‚Ėź‚Ėą‚Ėź‚Ėą‚Ėą‚ĖÄ‚Ėą‚Ėą‚Ėą‚Ėą‚Ėď‚Ėí‚ĖĎ                
         ‚ĖĎ ‚ĖĎ‚ĖĎ‚Ėí‚Ėď‚Ėą‚Ėą‚Ėą‚Ėą ‚ĖĎ‚Ėą‚Ėą‚Ėź‚Ėą‚Ėí‚Ėí‚Ėí‚Ėí‚ĖĎ‚ĖĆ‚Ėą‚Ėą‚Ėą‚Ėą‚Ėą‚Ėą‚Ėą‚Ėą‚Ėą‚Ėą‚Ėą‚Ėą‚Ėą‚Ėą‚ĖĆ‚Ėí   ‚ĖĎ‚Ėą‚ĖĆ‚Ėą‚Ėą‚ĖĎ ‚Ėą‚Ėą‚Ėą‚Ėą‚Ėď‚Ėí‚ĖĎ               
            ‚ĖĎ‚Ėí‚Ėď‚ĖÄ‚Ėą‚ĖÄ ‚ĖĎ‚Ėí‚Ėą‚ĖĆ‚Ėą‚ĖĆ ‚Ėď‚Ėď‚Ėí‚Ėí ‚Ėą‚Ėą‚Ėą‚Ėą‚Ėą‚Ėą‚Ėą‚Ėą‚Ėą‚Ėą‚Ėą‚Ėą‚Ėą‚Ėą‚ĖĆ ‚ĖĎ‚ĖĎ‚ĖĎ‚ĖĎ‚Ėź‚Ėą‚Ėź‚Ėą‚Ėí‚ĖĎ ‚ĖÄ‚Ėą‚ĖÄ‚Ėď‚Ėí‚ĖĎ‚ĖĎ‚ĖĎ ‚ĖĎ           
                  ‚ĖĎ‚Ėí‚Ėď‚Ėą‚Ėź‚Ėą‚Ėď‚Ėď‚Ėď‚Ėď‚Ėď ‚ĖĆ‚ĖĆ‚Ėą‚Ėą‚Ėą‚Ėą‚Ėą‚Ėą‚Ėą‚Ėą‚Ėą‚Ėą‚Ėą‚Ėą‚Ėą ‚Ėź ‚ĖĎ‚Ėď‚Ėď‚Ėď‚Ėą‚ĖĆ‚Ėą‚Ėď‚Ėí‚ĖĎ                     
                  ‚ĖĎ‚Ėí‚Ėď‚Ėą‚Ėź‚Ėą‚ĖĎ‚ĖĎ‚ĖĎ‚Ėď‚ĖĎ‚Ėź‚ĖĆ‚Ėď‚Ėź‚Ėą‚Ėą‚Ėą‚Ėą‚Ėą‚Ėą‚Ėą‚Ėą‚Ėą‚Ėą‚Ėą‚ĖĆ‚Ėí‚Ėź‚ĖĆ‚Ėí‚Ėď‚Ėď‚Ėď‚Ėź‚Ėą‚Ėź‚Ėď‚Ėí‚ĖĎ                     
                 ‚ĖĎ‚Ėí‚Ėď‚Ėź‚ĖĆ‚Ėą‚ĖĆ‚ĖĎ‚ĖĎ‚Ėí‚ĖĎ‚ĖĎ‚Ėź‚ĖÄ‚Ėď‚Ėď‚Ėź‚Ėą‚Ėą‚Ėą‚Ėą‚Ėą‚Ėą‚Ėą‚Ėą‚Ėą‚ĖÄ‚ĖĆ‚Ėí‚ĖÄ‚ĖĆ‚Ėí‚Ėí‚Ėď ‚Ėí‚Ėą‚ĖĆ‚ĖĆ‚Ėď‚Ėí‚ĖĎ                    
                  ‚ĖĎ‚Ėí‚Ėď‚ĖĆ‚Ėą‚ĖĆ‚ĖĎ‚Ėí‚Ėí‚ĖĎ ‚Ėą‚ĖĎ ‚Ėď‚Ėź‚Ėď‚ĖÄ‚Ėą‚Ėą‚Ėą‚Ėą‚ĖÄ ‚ĖĆ‚ĖĎ‚Ėď‚Ėď‚Ėí‚Ėą‚Ėď  ‚Ėí‚Ėí‚Ėą‚ĖĆ‚ĖĆ‚Ėď‚Ėí‚ĖĎ                    
  TERRORISM       ‚ĖĎ‚Ėí‚Ėď‚Ėź‚Ėą ‚Ėí‚Ėí‚Ėí‚Ėí‚Ėí‚Ėą‚ĖĎ‚ĖĎ ‚Ėď‚Ėí‚Ėí‚Ėí‚Ėź‚ĖÄ   ‚ĖĎ‚ĖĎ‚ĖĎ‚Ėď‚Ėď‚Ėą‚Ėď‚Ėď‚ĖĎ‚Ėí‚Ėí‚Ėź‚Ėą‚Ėď‚Ėí‚ĖĎ                     
         CENTER    ‚ĖĎ‚Ėí‚Ėď‚Ėą  ‚Ėď‚Ėď‚Ėí‚Ėí‚Ėą‚ĖĎ‚ĖĎ  ‚ĖĄ‚ĖĄ‚ĖĄ‚ĖĄ‚ĖĄ‚ĖĄ‚ĖĄ‚ĖĄ‚ĖĄ‚ĖĄ‚ĖĄ ‚Ėď‚ĖÄ ‚Ėď‚ĖĎ‚ĖĎ‚Ėí‚Ėź‚Ėą‚Ėď‚Ėí‚ĖĎ                     
                   ‚ĖĎ‚Ėí‚Ėď‚Ėą‚ĖĆ‚Ėď‚Ėď‚Ėď‚ĖĎ‚ĖĄ‚ĖĄ‚Ėą‚Ėą‚Ėą‚Ėą‚Ėą‚ĖÄ‚ĖÄ‚ĖÄ‚ĖÄ‚ĖÄ‚ĖÄ‚ĖÄ‚ĖÄ‚Ėą‚Ėą‚Ėą‚Ėą‚Ėą‚Ėą‚ĖĄ‚ĖĄ‚ĖĎ‚ĖĎ‚Ėą‚ĖĆ‚Ėď‚Ėí‚ĖĎ                     
           ‚ĖÄ‚ĖĄ      ‚ĖĎ‚Ėí‚Ėď‚ĖÄ‚ĖÄ‚ĖĄ‚ĖĄ‚Ėą‚Ėą‚Ėą‚ĖÄ‚ĖÄ          ‚ĖĎ ‚ĖĎ‚ĖÄ‚Ėą‚Ėą‚Ėą‚Ėą‚Ėą‚Ėą‚Ėą‚Ėą‚ĖĄ‚ĖĄ‚Ėď‚Ėí‚ĖĎ‚ĖĎ                    
             ‚ĖÄ‚ĖĄ  ‚ĖĎ‚Ėí‚Ėď‚ĖĄ‚ĖĄ‚Ėą‚Ėą‚Ėą‚Ėą‚Ėą‚ĖĆ‚ĖĎ         ‚Ėą‚ĖĄ  ‚ĖĄ‚ĖĄ  ‚ĖĎ‚Ėď‚ĖÄ‚Ėą‚Ėą‚Ėą‚Ėą‚Ėą‚Ėą‚Ėą‚Ėą‚ĖĄ‚Ėď‚Ėí‚ĖĎ‚ĖĎ                 
               ‚ĖÄ‚ĖĄ‚Ėď‚ĖĄ‚Ėą‚Ėą‚Ėą‚Ėą‚Ėą‚Ėą‚Ėą‚Ėą‚Ėď‚ĖĎ        ‚ĖÄ‚ĖĎ ‚Ėź‚Ėą‚Ėą‚Ėą‚ĖĆ  ‚ĖĎ‚Ėď‚Ėą‚Ėą‚Ėą‚Ėą‚Ėą‚Ėą‚Ėą‚Ėą‚Ėą‚Ėą‚Ėą‚ĖĄ‚Ėď‚Ėí‚ĖĎ               
             ‚ĖĎ‚Ėí‚Ėď‚ĖĄ‚ĖÄ‚ĖĄ‚ĖÄ‚ĖĄ‚ĖÄ‚Ėą‚Ėą‚Ėą‚Ėą‚Ėď‚ĖĄ            ‚Ėź‚Ėą‚Ėą‚Ėą‚Ėď  ‚Ėď‚Ėź‚Ėą‚Ėą‚Ėą‚Ėą‚Ėą‚Ėą‚Ėą‚Ėą‚Ėą‚Ėą‚Ėą‚Ėą‚Ėą‚ĖĄ‚Ėď‚Ėí‚ĖĎ             
           ‚ĖĎ‚Ėí‚Ėď‚ĖĄ‚Ėą‚Ėą‚ĖÄ‚ĖĄ‚Ėą‚Ėą‚Ėź‚Ėą‚Ėą‚Ėą‚ĖĎ‚ĖĄ              ‚ĖÄ‚Ėą‚ĖĆ‚ĖĎ‚ĖÄ ‚ĖĄ‚Ėą‚Ėą‚Ėą‚Ėą‚Ėą‚Ėą‚Ėą‚Ėą‚Ėą‚Ėą‚Ėą‚Ėą‚Ėą‚Ėą‚Ėą‚Ėą‚ĖĄ‚Ėď‚Ėí‚ĖĎ           
         ‚ĖĎ‚Ėí‚Ėď‚ĖĄ‚Ėą‚Ėą‚Ėą‚Ėą‚Ėą‚ĖĄ‚ĖĄ‚ĖĄ‚Ėą‚Ėą‚Ėą‚ĖÄ‚ĖÄ              ‚ĖĄ ‚ĖĎ‚ĖÄ  ‚Ėą‚Ėą‚Ėą‚Ėą‚Ėą‚Ėą‚Ėą‚Ėą‚Ėą‚Ėą‚Ėą‚Ėą‚Ėą‚Ėą‚Ėą‚Ėą‚Ėą‚Ėą‚Ėą‚Ėą‚ĖĄ‚Ėď‚Ėí‚ĖĎ         
        ‚ĖĎ‚Ėí‚Ėď‚Ėą‚Ėą‚Ėą‚Ėą‚Ėą‚Ėą‚Ėą‚Ėą‚Ėą‚Ėą‚Ėą‚ĖÄ‚Ėď‚ĖĎ                ‚Ėą‚Ėą‚ĖĄ‚ĖĄ‚Ėą‚Ėą‚Ėą‚Ėą‚Ėą‚Ėą‚Ėą‚Ėą‚Ėą‚Ėą‚Ėą‚Ėą‚Ėą‚Ėą‚Ėą‚Ėą‚Ėą‚Ėą‚Ėą‚Ėą‚Ėą‚Ėą‚Ėą‚Ėď‚Ėí‚ĖĎ        
       ‚ĖĎ‚Ėí‚Ėď‚Ėą‚Ėą‚Ėą‚Ėą‚Ėą‚Ėą‚Ėą‚Ėą‚Ėą‚Ėą‚Ėą‚ĖĆ‚ĖĄ‚Ėą‚ĖĄ‚Ėď              ‚Ėď‚Ėź‚Ėą‚Ėą‚Ėą‚Ėą‚Ėą‚Ėą‚Ėą‚Ėą‚Ėą‚Ėą‚Ėą‚ĖÄ‚Ėą‚Ėą‚Ėą‚Ėą‚Ėą‚Ėą‚Ėą‚Ėą‚Ėą‚Ėą‚Ėą‚Ėą‚Ėą‚Ėą‚Ėą‚Ėď‚Ėí‚ĖĎ       
      ‚ĖĎ‚Ėí‚Ėď‚Ėą‚Ėą‚Ėą‚Ėą‚Ėą‚Ėą‚Ėą‚Ėą‚Ėą‚Ėą‚Ėą‚ĖÄ ‚Ėď‚ĖÄ‚ĖÄ‚ĖÄ            ‚Ėď‚ĖĄ‚ĖĄ‚Ėą‚Ėą‚Ėą‚Ėą‚Ėą‚Ėą‚Ėď‚Ėź‚Ėą‚Ėą‚Ėą‚ĖĆ ‚Ėď‚ĖĎ‚Ėą‚Ėą‚Ėą‚Ėą‚Ėą‚Ėą‚Ėą‚Ėą‚Ėą‚Ėą‚Ėą‚Ėą‚Ėą‚Ėą‚Ėď‚Ėí‚ĖĎ      
     ‚ĖĎ‚Ėí‚Ėď‚Ėą‚ĖĆ‚Ėď‚ĖĎ ‚ĖĎ‚Ėď‚Ėą‚Ėą‚Ėą‚Ėą‚Ėď‚ĖĎ                 ‚Ėź‚Ėą‚Ėą‚Ėą‚Ėą‚Ėą‚Ėď‚ĖÄ  ‚ĖĄ‚ĖÄ‚Ėą‚Ėą‚Ėď   ‚Ėź‚Ėą‚Ėą‚Ėą‚Ėą‚Ėą‚Ėą‚Ėą‚Ėą‚ĖÄ‚ĖÄ‚ĖÄ‚Ėą‚Ėą‚Ėą‚Ėď‚Ėí‚ĖĎ     
    ‚ĖĎ‚Ėí‚Ėď‚Ėą‚ĖĆ‚Ėď‚ĖĎ   ‚ĖĎ‚Ėď‚ĖÄ‚Ėą‚ĖĆ‚Ėď                  ‚Ėź‚Ėą‚Ėą‚Ėą‚Ėą‚Ėą‚ĖĆ    ‚ĖĎ‚Ėź‚Ėą‚ĖĆ‚ĖĎ‚ĖÄ ‚Ėď‚Ėą‚Ėą‚Ėą‚Ėą‚Ėą‚Ėą‚Ėą‚ĖĆ‚Ėď‚ĖĎ  ‚ĖÄ‚Ėź‚Ėą‚Ėď‚Ėí‚ĖĎ    
   ‚ĖĎ‚Ėí‚Ėď‚Ėą‚ĖĆ‚ĖĎ        ‚ĖĎ‚ĖÄ                    ‚ĖÄ‚Ėą‚Ėą‚Ėą‚ĖÄ‚ĖĎ   ‚Ėď ‚Ėď‚Ėą‚Ėą‚ĖĄ   ‚ĖĎ‚ĖÄ‚Ėą‚Ėą‚Ėą‚Ėą‚Ėą‚ĖĆ‚ĖĄ‚ĖÄ  ‚ĖĎ‚Ėď‚Ėź‚Ėą‚Ėď‚Ėí‚ĖĎ   
  ‚ĖĎ‚Ėí‚Ėď‚Ėą‚Ėą‚Ėą‚ĖĄ‚Ėď‚ĖĄ                             ‚Ėď‚ĖÄ‚ĖĎ‚ĖĄ‚ĖĄ  ‚ĖÄ‚Ėą ‚ĖÄ‚ĖÄ‚Ėą‚ĖÄ      ‚Ėď‚ĖÄ‚ĖÄ‚ĖÄ ‚Ėź‚Ėí    ‚Ėí‚Ėź‚Ėą‚Ėď‚Ėí‚ĖĎ  
 ‚ĖĎ‚Ėí‚Ėď‚Ėą‚Ėą‚Ėą‚Ėą‚Ėą‚Ėą‚ĖĆ                            ‚ĖĄ‚Ėą‚Ėą‚Ėą‚Ėą‚Ėą‚Ėą‚Ėą‚ĖĄ‚ĖĄ‚Ėď‚ĖĎ   ‚ĖĄ‚ĖÄ     ‚ĖĎ         ‚ĖĎ‚Ėď‚Ėź‚Ėą‚Ėď‚Ėí‚ĖĎ 
‚ĖĎ‚Ėí‚Ėď‚Ėź‚Ėą‚ĖÄ‚Ėą‚Ėą‚Ėą‚Ėď                          ‚ĖĎ‚Ėď‚Ėą‚Ėą‚Ėą‚Ėą‚Ėą‚Ėą‚Ėą‚Ėą‚Ėą‚Ėą‚Ėą‚Ėą‚Ėą‚Ėą‚Ėą‚ĖĄ‚Ėď                 ‚ĖĎ‚Ėď‚Ėą‚ĖĆ‚Ėď‚Ėí‚ĖĎ
‚ĖĎ‚Ėí‚Ėď‚Ėą‚ĖĆ ‚Ėď‚ĖÄ‚ĖÄ‚ĖĄ                       ‚ĖĄ  ‚Ėą‚Ėą‚Ėą‚Ėą‚Ėą‚Ėą‚Ėą‚Ėą‚Ėą‚Ėą‚Ėą‚Ėą‚Ėą‚Ėą‚Ėą‚Ėą‚Ėą‚Ėą‚Ėą‚ĖĎ‚ĖĄ‚ĖĄ            ‚ĖĄ  ‚Ėď‚Ėź‚Ėą‚Ėď‚Ėí‚ĖĎ
‚ĖĎ‚Ėí‚Ėź‚Ėą ‚ĖĄ                           ‚ĖÄ ‚Ėą‚Ėą‚Ėą‚Ėą‚Ėą‚Ėą‚Ėą‚Ėą‚Ėą‚Ėą‚Ėą‚Ėą‚Ėą‚Ėą‚Ėą‚Ėą‚Ėą‚Ėą‚Ėą‚Ėą‚Ėą‚Ėą‚Ėą‚Ėą‚ĖĄ‚ĖĎ        ‚ĖÄ‚Ėą‚Ėď  ‚Ėď‚Ėą‚ĖĆ‚Ėí‚ĖĎ
‚ĖĎ ‚Ėą‚Ėą‚ĖĄ‚ĖĄ‚Ėď‚ĖĄ‚ĖĄ‚ĖĄ‚ĖĎ                       ‚Ėź‚Ėą‚Ėą‚Ėą‚Ėą‚Ėą‚Ėą‚Ėą‚Ėą‚Ėą‚Ėą‚Ėą‚Ėą‚Ėą‚Ėą‚Ėą‚Ėą‚Ėą‚Ėą‚Ėą‚Ėą‚Ėą‚Ėą‚Ėą‚Ėą‚Ėą‚Ėą‚ĖĄ         ‚ĖÄ ‚ĖĄ‚ĖĎ‚Ėź‚Ėą‚Ėí‚ĖĎ
‚ĖĎ‚Ėź‚Ėą‚Ėą‚Ėą‚Ėą‚Ėą‚Ėą‚Ėą‚Ėą‚Ėą‚Ėą‚Ėą‚ĖĄ‚ĖĄ                  ‚ĖĎ‚Ėď‚Ėą‚Ėą‚Ėą‚Ėą‚Ėą‚Ėą‚Ėą‚Ėą‚Ėą‚Ėą‚Ėą‚Ėą‚Ėą‚Ėą‚Ėą‚Ėą‚Ėą‚Ėą‚Ėą‚Ėą‚Ėą‚Ėą‚Ėą‚Ėą‚Ėą‚Ėą‚Ėą‚ĖĆ     ‚ĖĄ‚ĖĄ‚ĖĄ‚ĖĄ‚ĖĄ  ‚Ėą‚Ėą‚ĖĆ‚ĖĎ
‚ĖĎ‚Ėą‚Ėą‚Ėą‚Ėą‚Ėą‚Ėą‚Ėą‚Ėą‚Ėą‚Ėą‚Ėą‚Ėą‚Ėą‚Ėą‚Ėą‚ĖĎ‚Ėď    ‚ĖĄ‚ĖĄ‚Ėď        ‚ĖĄ‚Ėď‚Ėą‚Ėą‚Ėą‚Ėą‚Ėą‚Ėą‚Ėą‚Ėą‚Ėą‚Ėą‚Ėą‚Ėą‚Ėą‚ĖÄ‚ĖĄ‚ĖĄ‚ĖĄ‚ĖĄ‚ĖĄ‚ĖĄ‚ĖĄ‚ĖĄ‚ĖĄ‚ĖĄ‚ĖĄ‚ĖĄ‚ĖĄ‚ĖĄ‚ĖĄ  ‚ĖĄ‚Ėą‚Ėą‚Ėą‚Ėą‚ĖÄ  ‚Ėď‚Ėą‚Ėą‚Ėą‚ĖĎ
‚ĖĎ‚Ėą‚Ėą‚Ėą‚Ėą‚Ėą‚Ėą‚Ėą‚Ėą‚Ėą‚Ėą‚Ėą‚Ėą‚Ėą‚Ėą‚Ėą‚Ėą‚Ėą‚ĖĎ  ‚Ėą‚Ėą‚ĖĆ‚ĖĄ        ‚ĖĎ‚Ėą‚Ėą‚Ėą‚Ėą‚Ėą‚Ėą‚Ėą‚Ėą‚Ėą‚Ėą‚Ėą‚Ėą‚ĖÄ‚ĖĄ‚Ėą‚Ėą‚Ėą‚Ėą‚Ėą‚Ėą‚Ėą‚Ėą‚Ėď‚Ėą‚Ėď‚Ėą‚Ėą‚Ėą‚ĖÄ   ‚Ėą‚Ėą‚Ėď‚Ėą‚ĖĎ‚ĖĎ ‚ĖĄ‚Ėą‚Ėą‚Ėą‚Ėą‚ĖĎ
‚Ėź‚Ėą‚Ėą‚Ėą‚Ėą‚Ėą‚Ėą‚ĖÄ‚ĖĄ‚ĖĄ‚ĖĄ‚ĖĄ‚ĖÄ‚Ėą‚Ėą‚Ėą‚ĖÄ‚ĖĄ‚ĖĄ‚ĖĄ‚ĖĄ ‚ĖÄ    ‚ĖĄ‚ĖĄ‚ĖĄ‚ĖĄ   ‚Ėą‚Ėą‚ĖÄ‚ĖĄ‚ĖĄ‚ĖĄ‚ĖĄ‚ĖÄ‚Ėą‚Ėą‚Ėą‚Ėą‚ĖÄ‚ĖĄ‚ĖĄ‚ĖĄ‚ĖĄ  ‚ĖÄ‚Ėą‚Ėď‚Ėą‚Ėą‚ĖÄ‚ĖÄ  ‚ĖĄ   ‚Ėą‚Ėď‚Ėą‚Ėą‚ĖĎ ‚Ėź‚Ėą‚Ėą‚Ėą‚Ėą‚Ėą‚ĖĆ
‚Ėź‚Ėą‚Ėą‚Ėą‚Ėą‚ĖĆ‚ĖĄ‚Ėą‚Ėď‚Ėą‚Ėą‚ĖÄ‚Ėą‚ĖĄ ‚ĖĄ‚Ėą‚Ėď‚Ėą‚Ėą‚ĖÄ‚Ėą‚ĖĄ  ‚ĖĄ‚Ėą‚Ėď‚Ėą‚Ėą‚ĖÄ‚ĖÄ‚ĖĄ  ‚ĖĄ‚Ėą‚Ėď‚Ėą‚Ėą‚ĖÄ‚ĖÄ‚ĖĄ‚ĖÄ‚ĖÄ‚ĖĄ‚Ėą‚Ėď‚Ėą‚Ėą‚ĖÄ‚ĖÄ‚ĖĄ ‚Ėą‚Ėď‚Ėą‚Ėą‚ĖĎ‚ĖĄ‚ĖĄ‚Ėą‚Ėą‚ĖĎ‚ĖĎ ‚Ėą‚Ėď‚Ėą‚Ėą‚ĖĎ ‚Ėą‚Ėą‚Ėą‚Ėą‚Ėą‚Ėą‚Ėą
‚Ėą‚Ėą‚Ėą‚Ėą‚Ėą‚ĖĆ‚Ėą‚Ėď‚Ėą‚Ėą‚ĖĎ‚ĖĎ ‚Ėą‚ĖĆ‚Ėą‚Ėď‚Ėą‚Ėą‚ĖĎ‚ĖĎ ‚Ėą‚ĖĆ ‚Ėą‚Ėď‚Ėą‚Ėą‚ĖĎ‚ĖĎ    ‚Ėą‚Ėď‚Ėą‚Ėą‚ĖĎ‚ĖĎ    ‚Ėą‚Ėď‚Ėą‚Ėą‚ĖĎ‚ĖĎ   ‚Ėą‚Ėď‚Ėą‚Ėą‚ĖĎ‚Ėą‚Ėď‚Ėą‚Ėą‚ĖĎ  ‚Ėą‚Ėď‚Ėą‚Ėą‚ĖĎ‚Ėź‚Ėą‚Ėą‚Ėą‚Ėą‚Ėą‚Ėą‚Ėą
‚Ėą‚Ėą‚Ėą‚Ėą‚Ėą‚ĖĆ‚Ėą‚Ėď‚Ėą‚Ėą‚ĖĎ ‚ĖĄ‚Ėą‚ĖĆ‚Ėą‚Ėď‚Ėą‚Ėą‚ĖĎ ‚ĖĄ‚Ėą‚ĖĆ ‚Ėą‚Ėď‚Ėą‚Ėą‚ĖĎ     ‚ĖÄ‚Ėą‚Ėą‚Ėą‚ĖĄ‚ĖĄ    ‚ĖÄ‚Ėą‚Ėą‚Ėą‚ĖĄ‚ĖĄ   ‚Ėą‚Ėď‚Ėą‚Ėą‚ĖĎ‚Ėą‚Ėď‚Ėą‚Ėą‚ĖĎ  ‚Ėą‚Ėď‚Ėą‚Ėą‚ĖĎ‚Ėź‚Ėą‚Ėą‚Ėą‚Ėą‚Ėą‚Ėą‚Ėą
‚Ėą‚Ėą‚Ėą‚Ėą‚Ėą‚ĖĆ‚Ėą‚Ėď‚Ėą‚Ėą‚Ėą‚Ėą‚Ėą‚ĖÄ ‚Ėą‚Ėď‚Ėą‚Ėą‚Ėą‚Ėą‚Ėą‚ĖÄ  ‚Ėą‚Ėď‚Ėą‚Ėą‚Ėą‚ĖÄ   ‚ĖĄ‚ĖĄ‚ĖĄ‚ĖĄ‚ĖÄ‚ĖÄ‚ĖÄ‚Ėą‚Ėą ‚ĖĄ‚ĖĄ‚ĖĄ‚ĖĄ‚ĖÄ‚ĖÄ‚ĖÄ‚Ėą‚Ėą ‚Ėą‚Ėď‚Ėą‚Ėą‚ĖĎ‚Ėą‚Ėď‚Ėą‚Ėą‚ĖĎ  ‚Ėą‚Ėď‚Ėą‚Ėą ‚Ėź‚Ėą‚Ėą‚Ėą‚Ėą‚Ėą‚Ėą‚Ėą
‚Ėą‚Ėą‚Ėą‚Ėą‚Ėą‚ĖĆ‚Ėą‚Ėď‚Ėą‚Ėą‚ĖÄ    ‚Ėą‚Ėď‚Ėą‚Ėą‚Ėą‚Ėą‚ĖĄ   ‚Ėą‚Ėď‚Ėą‚Ėą‚ĖĎ ‚ĖĄ‚Ėą  ‚Ėą‚Ėď‚Ėą‚Ėą‚ĖĎ ‚Ėź‚Ėą‚ĖĆ ‚Ėą‚Ėď‚Ėą‚Ėą‚ĖĎ ‚Ėź‚Ėą‚ĖĆ‚Ėą‚Ėď‚Ėą‚Ėą‚ĖĎ‚Ėź‚Ėą‚Ėą‚Ėą‚ĖĎ  ‚Ėą‚Ėď‚Ėą‚ĖĆ ‚Ėą‚Ėą‚Ėą‚Ėą‚Ėą‚Ėą‚Ėą‚Ėą
‚Ėą‚Ėą‚Ėą‚Ėą‚ĖÄ‚ĖĄ‚Ėą‚Ėą‚Ėą‚ĖÄ‚ĖĄ   ‚ĖĄ‚Ėą‚Ėą‚Ėą‚ĖÄ ‚ĖÄ‚Ėą‚Ėą‚ĖĄ ‚Ėą‚Ėą‚Ėą‚Ėą‚Ėą‚Ėą‚Ėą‚Ėą‚ĖĆ ‚Ėą‚Ėą‚Ėą‚Ėą‚Ėą‚Ėą‚Ėą‚ĖÄ  ‚Ėą‚Ėą‚Ėą‚Ėą‚Ėą‚Ėą‚Ėą‚ĖÄ ‚Ėą‚Ėď‚Ėą‚Ėą‚ĖĎ ‚Ėą‚Ėą‚Ėą‚ĖĄ ‚ĖĄ‚Ėą‚Ėą‚Ėą‚ĖĎ ‚Ėą‚Ėą‚Ėą‚Ėą‚Ėą‚Ėą‚Ėą‚Ėą
‚Ėą‚Ėą‚Ėą‚Ėą‚Ėą‚ĖĄ‚ĖĄ‚ĖĄ‚ĖĄ‚Ėą‚Ėą                                since `07‚ĖĄ‚ĖĄ‚Ėą‚Ėą‚Ėą‚ĖÄ   ‚ĖÄ‚Ėą‚Ėą‚Ėą‚Ėą‚Ėą‚ĖÄ ‚Ėą‚Ėą‚Ėą‚Ėą‚Ėą‚Ėą‚Ėą‚Ėą‚Ėą‚Ėą
‚Ėź‚Ėą‚Ėą‚Ėą‚Ėą‚Ėą‚Ėą‚Ėą‚Ėą‚Ėą‚Ėą                                                         ‚Ėą‚Ėą‚Ėą‚Ėą‚Ėą‚Ėą‚Ėą‚Ėą‚Ėą‚Ėą‚ĖĆ
‚Ėź‚Ėą‚Ėą‚Ėą‚Ėą‚Ėą‚Ėą‚Ėą‚Ėą‚Ėą‚ĖĄ‚ĖÄ‚ĖĎ‚ĖĄ                                                   ‚ĖĄ‚ĖĎ‚ĖÄ‚ĖĄ‚Ėą‚Ėą‚Ėą‚Ėą‚Ėą‚Ėą‚Ėą‚Ėą‚Ėą‚ĖĆ
‚ĖĎ‚Ėą‚Ėą‚Ėą‚Ėą‚Ėą‚Ėą‚Ėą‚Ėą‚Ėą‚Ėą‚Ėď‚Ėí‚ĖĎ‚Ėą‚ĖĆ                                               ‚Ėź‚Ėą‚ĖĎ‚Ėí‚Ėď‚Ėą‚Ėą‚Ėą‚Ėą‚Ėą‚Ėą‚Ėą‚Ėą‚Ėą‚Ėą‚ĖĎ
‚ĖĎ‚Ėą‚Ėą‚Ėą‚Ėą‚Ėą‚Ėą‚Ėą‚Ėą‚ĖÄ‚ĖÄ‚ĖĄ‚ĖĄ‚Ėą‚ĖÄ‚Ėď     Der Kreuzzug gegen die Kinderlaehmung     ‚Ėď‚ĖÄ‚Ėą‚ĖĄ‚ĖĄ‚ĖÄ‚ĖÄ‚Ėą‚Ėą‚Ėą‚Ėą‚Ėą‚Ėą‚Ėą‚Ėą‚ĖĎ
‚ĖĎ‚Ėź‚Ėą‚Ėą‚Ėą‚Ėą‚ĖÄ‚ĖĄ‚ĖĄ‚Ėą‚Ėą‚ĖÄ‚ĖÄ‚ĖĎ‚Ėď‚Ėí                                               ‚Ėí‚Ėď‚Ėď‚ĖÄ‚ĖÄ‚Ėą‚Ėą‚ĖĄ‚ĖĄ‚ĖÄ‚Ėą‚Ėą‚Ėą‚Ėą‚ĖĆ‚ĖĎ
‚ĖĎ ‚Ėą‚Ėą‚ĖÄ‚ĖĄ‚Ėą‚Ėą‚ĖÄ     ‚Ėí‚ĖĎ                                               ‚ĖĎ‚Ėí‚Ėí‚Ėď‚Ėď‚Ėí‚Ėí‚ĖÄ‚Ėą‚Ėą‚ĖĄ‚ĖÄ‚Ėą‚Ėą‚Ėí‚ĖĎ
‚ĖĎ‚Ėí‚Ėź‚Ėą‚Ėą‚Ėą‚Ėą‚ĖĆ iNFO ‚ĖĎ                                                 ‚ĖĎ‚ĖĎ‚Ėí‚Ėí‚ĖĎ‚ĖĎ‚ĖĎ‚Ėź‚Ėą‚Ėą‚Ėą‚Ėą‚ĖĆ‚Ėí‚ĖĎ
‚ĖĎ‚Ėí‚Ėď‚Ėą‚Ėą‚Ėą‚Ėą‚Ėą‚ĖĄ                                                         ‚ĖĎ‚ĖĎ  ‚ĖĄ‚Ėą‚Ėą‚Ėą‚Ėą‚Ėą‚Ėď‚Ėí‚ĖĎ
‚ĖĎ‚Ėí‚Ėď‚Ėź‚Ėą‚ĖÄ‚Ėą‚Ėą‚Ėą‚Ėą‚Ėą‚ĖĄ      Release Date ......: 13.09.2009                  ‚ĖĄ‚Ėą‚Ėą‚Ėą‚Ėą‚Ėą‚ĖÄ‚Ėą‚ĖĆ‚Ėď‚Ėí‚ĖĎ
 ‚ĖĎ‚Ėí‚Ėď‚Ėą‚Ėą‚ĖĄ‚ĖĄ‚ĖÄ‚ĖÄ‚Ėď‚Ėą‚Ėą‚ĖĄ    Air Date ..........: September.2009            ‚ĖĄ‚Ėą‚Ėą‚Ėď‚ĖÄ‚ĖÄ‚ĖĄ‚ĖĄ‚Ėą‚Ėą‚Ėď‚Ėí‚ĖĎ 
  ‚ĖĎ‚Ėí‚Ėď‚Ėą‚Ėą‚Ėą‚Ėą‚Ėą‚ĖĄ ‚ĖÄ‚Ėą‚ĖĆ                                                 ‚Ėź‚Ėą‚ĖÄ ‚ĖĄ‚Ėą‚Ėą‚Ėą‚Ėą‚Ėą‚Ėď‚Ėí‚ĖĎ  
   ‚ĖĎ‚Ėí‚Ėď‚Ėą‚Ėą‚Ėą‚Ėą‚Ėą ‚ĖĄ‚ĖÄ‚Ėď   Runtime ...........: 51min                    ‚Ėď‚ĖÄ‚ĖĄ ‚Ėą‚Ėą‚Ėą‚Ėą‚Ėą‚Ėď‚Ėí‚ĖĎ   
    ‚ĖĎ‚Ėí‚Ėď‚Ėą‚Ėą‚Ėą‚Ėą‚ĖÄ‚Ėď‚Ėď‚Ėí   Language ..........: German                   ‚Ėí‚Ėď‚Ėď‚ĖÄ‚Ėą‚Ėą‚Ėą‚Ėą‚Ėď‚Ėí‚ĖĎ    
     ‚ĖĎ‚Ėí‚Ėą‚Ėą‚ĖĄ‚Ėą‚Ėď‚Ėí‚Ėí‚ĖĎ                                                 ‚ĖĎ‚Ėí‚Ėí‚Ėď‚Ėą‚ĖĄ‚Ėą‚Ėą‚Ėí‚ĖĎ     
      ‚ĖĎ‚Ėą‚Ėą‚Ėą‚Ėą‚Ėí‚ĖĎ‚ĖĎ    Video .............: AVI 2Pass XviD            ‚ĖĎ‚ĖĎ‚Ėí‚Ėą‚Ėą‚Ėą‚Ėą‚ĖĎ      
       ‚Ėą‚Ėą‚Ėą‚Ėą‚ĖĎ      Resolution ........: 640*352 (16:9)              ‚ĖĎ‚Ėą‚Ėą‚Ėą‚Ėą       
       ‚Ėą‚Ėą‚Ėą‚Ėą       Audio .............: 128 kb/s vbr mp3             ‚Ėą‚Ėą‚Ėą‚Ėą       
       ‚Ėą‚Ėą‚Ėą‚Ėą       Subtitles .........: -                            ‚Ėą‚Ėą‚Ėą‚Ėą       
       ‚Ėą‚Ėą‚Ėą‚Ėą       Source.............: dTV                          ‚Ėą‚Ėą‚Ėą‚Ėą       
       ‚Ėą‚Ėą‚Ėą‚Ėą       File Size .........: 525mb                        ‚Ėą‚Ėą‚Ėą‚Ėą       
       ‚Ėą‚Ėą‚Ėą‚Ėą                                                         ‚Ėą‚Ėą‚Ėą‚Ėą       
       ‚Ėą‚Ėą‚Ėą‚Ėą                http://tinyurl.com/nuf478                ‚Ėą‚Ėą‚Ėą‚Ėą
       ‚Ėą‚Ėą‚Ėą‚Ėą                                                         ‚Ėą‚Ėą‚Ėą‚Ėą
       ‚Ėą‚Ėą‚Ėą‚ĖĄ‚ĖÄ‚ĖĎ‚ĖĄ                                                   ‚ĖĄ‚ĖĎ‚ĖÄ‚ĖĄ‚Ėą‚Ėą‚Ėą       
       ‚Ėą‚Ėą‚Ėą‚Ėą‚Ėď‚Ėí‚ĖĎ‚Ėą‚ĖĆ                                               ‚Ėź‚Ėą‚ĖĎ‚Ėí‚Ėď‚Ėą‚Ėą‚Ėą‚Ėą       
       ‚Ėą‚Ėą‚ĖÄ‚ĖÄ‚ĖĄ‚ĖĄ‚Ėą‚ĖÄ‚Ėď                                               ‚Ėď‚ĖÄ‚Ėą‚ĖĄ‚ĖĄ‚ĖÄ‚ĖÄ‚Ėą‚Ėą       
       ‚ĖĄ‚ĖĄ‚Ėą‚Ėą‚ĖÄ‚ĖÄ‚Ėď‚Ėď‚Ėí                                               ‚Ėí‚Ėď‚ĖĎ‚ĖÄ‚ĖÄ‚Ėą‚Ėą‚ĖĄ‚ĖĄ       
     ‚ĖĄ‚Ėą‚Ėą‚ĖÄ‚Ėí‚Ėí‚Ėď‚Ėď‚Ėí‚Ėí‚ĖĎ                                               ‚ĖĎ‚Ėí     ‚ĖÄ‚Ėą‚Ėą‚ĖĄ     
    ‚Ėą‚Ėą‚Ėą‚ĖĆ‚ĖĎ‚ĖĎ‚ĖĎ‚Ėí‚Ėí‚ĖĎ‚ĖĎ                                                 ‚ĖĎ PLOT ‚Ėź‚Ėą‚Ėą‚Ėą    
    ‚Ėą‚Ėą‚Ėą‚Ėą‚ĖĄ  ‚ĖĎ‚ĖĎ                                                         ‚ĖĄ‚Ėą‚Ėą‚Ėą‚Ėą    
    ‚Ėď‚ĖÄ‚Ėą‚Ėą‚Ėą‚Ėą‚Ėą‚ĖĄ                                                        ‚ĖĄ‚Ėą‚Ėą‚Ėą‚Ėą‚Ėą‚ĖÄ‚Ėď   
    ‚Ėí‚Ėď‚Ėď‚ĖĄ‚ĖÄ‚ĖÄ‚Ėď‚Ėą‚Ėą‚ĖĄ                                                   ‚ĖĄ‚Ėą‚Ėą‚Ėď‚ĖÄ‚ĖÄ‚ĖĄ‚Ėď‚Ėď‚Ėí    
    ‚ĖĎ‚Ėí‚Ėí‚Ėą‚Ėą‚Ėą‚ĖĄ ‚ĖÄ‚Ėą‚ĖĆ                                                 ‚Ėź‚Ėą‚ĖÄ ‚ĖĄ‚Ėą‚Ėą‚Ėą‚Ėí‚Ėí     
     ‚ĖĎ‚ĖĎ‚Ėą‚Ėą‚Ėą‚Ėą ‚ĖĄ‚ĖÄ‚Ėď                                                 ‚Ėď‚ĖÄ‚ĖĄ ‚Ėą‚Ėą‚Ėą‚Ėą‚ĖĎ‚ĖĎ     
       ‚Ėą‚Ėą‚Ėą‚Ėą‚ĖÄ‚Ėď‚Ėď‚Ėí                                                 ‚Ėí‚Ėď‚Ėď‚ĖÄ‚Ėą‚Ėą‚Ėą‚Ėą       
       ‚Ėą‚Ėą‚ĖĄ‚Ėą‚Ėď‚Ėí‚Ėí‚ĖĎ                                                 ‚ĖĎ‚Ėí‚Ėí‚Ėď‚Ėą‚ĖĄ‚Ėą‚Ėą       
       ‚Ėą‚Ėą‚Ėą‚Ėą‚Ėí‚ĖĎ‚ĖĎ                                                   ‚ĖĎ‚ĖĎ‚Ėí‚Ėą‚Ėą‚Ėą‚Ėą       
       ‚Ėą‚Ėą‚Ėą‚Ėą‚ĖĎ                                                       ‚ĖĎ‚Ėą‚Ėą‚Ėą‚Ėą       
       ‚Ėą‚Ėą‚Ėą‚Ėą       Die Poliomyelitis,  kurz Polio,  infizierte       ‚Ėą‚Ėą‚Ėą‚Ėą       
       ‚Ėą‚Ėą‚Ėą‚Ėą       im  20.  Jahrhundert   Hunderttausende  von       ‚Ėą‚Ėą‚Ėą‚Ėą       
       ‚Ėą‚Ėą‚Ėą‚Ėą       Kindern  und   brachte  ihnen   lebenslange       ‚Ėą‚Ėą‚Ėą‚Ėą       
       ‚Ėą‚Ėą‚Ėą‚Ėą       Laehmungen und teilweise auch  den Tod ein.       ‚Ėą‚Ėą‚Ėą‚Ėą       
       ‚Ėą‚Ėą‚Ėą‚Ėą       Erst in  den 50iger  Jahren  gelang es  dem       ‚Ėą‚Ėą‚Ėą‚Ėą       
       ‚Ėą‚Ėą‚Ėą‚Ėą       Virologen Jonas Salk den Virus zu isolieren       ‚Ėą‚Ėą‚Ėą‚Ėą       
       ‚Ėą‚Ėą‚Ėą‚Ėą       und eine  Impfung  zu  entwickeln.  Am  26.       ‚Ėą‚Ėą‚Ėą‚Ėą       
       ‚Ėą‚Ėą‚Ėą‚Ėą       April 1954 begann die  Massenimpfung fuer 2       ‚Ėą‚Ėą‚Ėą‚Ėą       
       ‚Ėą‚Ėą‚Ėą‚Ėą       Millionen Kinder in den  USA. Wir verfolgen       ‚Ėą‚Ėą‚Ėą‚Ėą       
       ‚Ėą‚Ėą‚Ėą‚Ėą       diesen jahrzehntelangen Kreuzzug  gegen die       ‚Ėą‚Ėą‚Ėą‚Ėą       
       ‚Ėą‚Ėą‚Ėą‚Ėą       Krankheit,        angetrieben         durch       ‚Ėą‚Ėą‚Ėą‚Ėą       
       ‚Ėą‚Ėą‚Ėą‚Ėą       ausserordentliche  Persoenlichkeiten,   die       ‚Ėą‚Ėą‚Ėą‚Ėą       
       ‚Ėą‚Ėą‚Ėą‚Ėą       sich  in   den   Dienst  der   Gemeinschaft       ‚Ėą‚Ėą‚Ėą‚Ėą       
       ‚Ėą‚Ėą‚Ėą‚Ėą       stellten.                                         ‚Ėą‚Ėą‚Ėą‚Ėą       
       ‚Ėą‚Ėą‚Ėą‚Ėą                                                         ‚Ėą‚Ėą‚Ėą‚Ėą       
       ‚Ėą‚Ėą‚Ėą‚Ėą                                                         ‚Ėą‚Ėą‚Ėą‚Ėą       
       ‚Ėą‚Ėą‚Ėą‚Ėą                                                         ‚Ėą‚Ėą‚Ėą‚Ėą       
       ‚Ėą‚Ėą‚Ėą‚ĖĄ‚ĖÄ‚ĖĎ‚ĖĄ                                                   ‚ĖĄ‚ĖĎ‚ĖÄ‚ĖĄ‚Ėą‚Ėą‚Ėą       
       ‚Ėą‚Ėą‚Ėą‚Ėą‚Ėď‚Ėí‚ĖĎ‚Ėą‚ĖĆ                                               ‚Ėź‚Ėą‚ĖĎ‚Ėí‚Ėď‚Ėą‚Ėą‚Ėą‚Ėą       
       ‚Ėą‚Ėą‚ĖÄ‚ĖÄ‚ĖĄ‚ĖĄ‚Ėą‚ĖÄ‚Ėď                                               ‚Ėď‚ĖÄ‚Ėą‚ĖĄ‚ĖĄ‚ĖÄ‚ĖÄ‚Ėą‚Ėą       
       ‚ĖĄ‚ĖĄ‚Ėą‚Ėą‚ĖÄ‚ĖÄ‚ĖĎ‚ĖĎ‚Ėí                                               ‚Ėí‚Ėď‚Ėď‚ĖÄ‚ĖÄ‚Ėą‚Ėą‚ĖĄ‚ĖĄ       
     ‚ĖĄ‚Ėą‚Ėą‚ĖÄ      ‚ĖĎ                                               ‚ĖĎ‚Ėí‚Ėí‚Ėď‚Ėď‚Ėí‚Ėí‚ĖÄ‚Ėą‚Ėą‚ĖĄ     
    ‚Ėą‚Ėą‚Ėą‚ĖĆ NOTES                                                  ‚ĖĎ‚ĖĎ‚Ėí‚Ėí‚ĖĎ‚ĖĎ‚ĖĎ‚Ėź‚Ėą‚Ėą‚Ėą    
    ‚Ėą‚Ėą‚Ėą‚Ėą‚ĖĄ                                                         ‚ĖĎ‚ĖĎ  ‚ĖĄ‚Ėą‚Ėą‚Ėą‚Ėą    
    ‚Ėď‚ĖÄ‚Ėą‚Ėą‚Ėą‚Ėą‚Ėą‚ĖĄ                                                       ‚ĖĄ‚Ėą‚Ėą‚Ėą‚Ėą‚Ėą‚ĖÄ‚Ėď    
    ‚Ėí‚Ėď‚Ėď‚ĖĄ‚ĖÄ‚ĖÄ‚Ėď‚Ėą‚Ėą‚ĖĄ                                                   ‚ĖĄ‚Ėą‚Ėą‚Ėď‚ĖÄ‚ĖÄ‚ĖĄ‚Ėď‚Ėď‚Ėí    
    ‚ĖĎ‚Ėí‚Ėí‚Ėą‚Ėą‚Ėą‚ĖĄ ‚ĖÄ‚Ėą‚ĖĆ                                                 ‚Ėź‚Ėą‚ĖÄ ‚ĖĄ‚Ėą‚Ėą‚Ėą‚Ėí‚Ėí‚ĖĎ    
     ‚ĖĎ‚ĖĎ‚Ėą‚Ėą‚Ėą‚Ėą ‚ĖĄ‚ĖÄ‚Ėď                                                 ‚Ėď‚ĖÄ‚ĖĄ ‚Ėą‚Ėą‚Ėą‚Ėą‚ĖĎ‚ĖĎ     
       ‚Ėą‚Ėą‚Ėą‚Ėą‚ĖÄ‚Ėď‚Ėď‚Ėí                                                 ‚Ėí‚Ėď‚Ėď‚ĖÄ‚Ėą‚Ėą‚Ėą‚Ėą       
       ‚Ėą‚Ėą‚ĖĄ‚Ėą‚Ėď‚Ėí‚Ėí‚ĖĎ   We are searching for:                         ‚ĖĎ‚Ėí‚Ėí‚Ėď‚Ėą‚ĖĄ‚Ėą‚Ėą       
       ‚Ėą‚Ėą‚Ėą‚Ėą‚Ėí‚ĖĎ‚ĖĎ          - nothing yet!                           ‚ĖĎ‚ĖĎ‚Ėí‚Ėą‚Ėą‚Ėą‚Ėą       
       ‚Ėą‚Ėą‚Ėą‚Ėą‚ĖĎ            -                                          ‚ĖĎ‚Ėą‚Ėą‚Ėą‚Ėą       
       ‚Ėą‚Ėą‚Ėą‚Ėą             -                                           ‚Ėą‚Ėą‚Ėą‚Ėą       
       ‚Ėą‚Ėą‚Ėą‚ĖĄ‚ĖÄ‚ĖĎ‚ĖĄ                                                   ‚ĖĄ‚ĖĎ‚ĖÄ‚ĖĄ‚Ėą‚Ėą‚Ėą       
       ‚Ėą‚Ėą‚Ėą‚Ėą‚Ėď‚Ėí‚ĖĎ‚Ėą‚ĖĆ                                               ‚Ėź‚Ėą‚ĖĎ‚Ėí‚Ėď‚Ėą‚Ėą‚Ėą‚Ėą       
       ‚Ėą‚Ėą‚ĖÄ‚ĖÄ‚ĖĄ‚ĖĄ‚Ėą‚ĖÄ‚Ėď  GREETS fly out to our friends!               ‚Ėď‚ĖÄ‚Ėą‚ĖĄ‚ĖĄ‚ĖÄ‚ĖÄ‚Ėą‚Ėą       
       ‚ĖĄ‚ĖĄ‚Ėą‚Ėą‚ĖÄ‚ĖÄ‚Ėď‚Ėď‚Ėí                                               ‚Ėí‚Ėď‚Ėď‚ĖÄ‚ĖÄ‚Ėą‚Ėą‚ĖĄ‚ĖĄ       
     ‚ĖĄ‚Ėą‚Ėą‚ĖÄ‚Ėí‚Ėí‚Ėď‚Ėď‚Ėí‚Ėí‚ĖĎ                                                ‚ĖĎ‚Ėí‚Ėí‚Ėď‚Ėď‚Ėí‚Ėí‚ĖÄ‚Ėą‚Ėą‚ĖĄ     
    ‚Ėą‚Ėą‚Ėą‚ĖĆ‚ĖĎ‚ĖĎ‚ĖĎ‚Ėí‚Ėí‚ĖĎ‚ĖĎ                                                 ‚ĖĎ‚ĖĎ‚Ėí‚Ėí‚ĖĎ‚ĖĎ‚ĖĎ‚Ėź‚Ėą‚Ėą‚Ėą    
    ‚Ėą‚Ėą‚Ėą‚Ėą‚ĖĄ  ‚ĖĎ‚ĖĎ                                                     ‚ĖĎ‚ĖĎ  ‚ĖĄ‚Ėą‚Ėą‚Ėą‚Ėą    
    ‚Ėď‚ĖÄ‚Ėą‚Ėą‚Ėą‚Ėą‚ĖĄ‚ĖĄ                                                       ‚ĖĄ‚ĖĄ‚Ėą‚Ėą‚Ėą‚Ėą‚ĖÄ‚Ėď    
    ‚Ėí‚Ėď‚Ėď‚Ėď‚ĖÄ‚ĖÄ‚Ėą‚Ėą‚Ėą‚Ėą‚ĖĄ‚ĖĄ                       ‚ĖÄ                       ‚ĖĄ‚ĖĄ‚Ėą‚Ėą‚Ėą‚Ėą‚ĖÄ‚ĖÄ‚Ėď‚Ėď‚Ėď‚Ėí    
    ‚ĖĎ‚Ėí‚Ėí‚Ėí‚Ėď‚Ėď‚Ėď‚Ėď‚Ėď‚ĖÄ‚ĖÄ‚Ėą‚Ėą‚Ėą‚ĖĄ‚ĖĄ                    ‚Ėą‚ĖĄ                 ‚ĖĄ‚ĖĄ‚Ėą‚Ėą‚Ėą‚ĖÄ‚ĖÄ‚Ėď‚Ėď‚Ėď‚Ėď‚Ėď‚Ėí‚Ėí‚Ėí‚ĖĎ    
     ‚ĖĎ‚ĖĎ‚ĖĎ‚Ėí‚Ėí‚Ėí‚Ėí‚Ėí‚Ėď‚Ėď‚Ėď‚Ėď‚ĖÄ‚ĖÄ‚Ėą‚Ėą‚ĖĄ                   ‚ĖÄ‚Ėą‚ĖĄ             ‚ĖĄ‚Ėą‚Ėą‚ĖÄ‚ĖÄ‚Ėď‚Ėď‚Ėď‚Ėď‚Ėí‚Ėí‚Ėí‚Ėí‚Ėí‚ĖĎ‚ĖĎ‚ĖĎ     
        ‚ĖĎ‚ĖĎ‚ĖĎ‚ĖĎ‚ĖĎ‚Ėí‚Ėí‚Ėí‚Ėí‚Ėď‚Ėí‚ĖĎ‚ĖÄ‚Ėą‚ĖĆ   ASCii DONE BY ‚Ėź‚ĖĆ‚ĖĎ‚Ėą‚Ėą           ‚Ėź‚Ėą‚ĖÄ‚ĖĎ‚Ėí‚Ėď‚Ėí‚Ėí‚Ėí‚Ėí‚ĖĎ‚ĖĎ‚ĖĎ‚ĖĎ‚ĖĎ        
        ‚ĖĎ    ‚ĖĎ‚ĖĎ‚ĖĎ‚ĖĎ‚Ėí‚ĖĎ ‚ĖĄ‚ĖÄ‚Ėď                 ‚Ėź‚Ėą‚ĖĄ‚Ėą‚ĖÄ           ‚Ėď‚ĖÄ‚ĖĄ ‚ĖĎ‚Ėí‚ĖĎ‚ĖĎ‚ĖĎ‚ĖĎ             
        ‚ĖĎ        ‚ĖĎ ‚ĖÄ‚Ėď‚Ėď‚Ėí              ‚ĖĄ ‚ĖĄ‚Ėź‚Ėą‚ĖÄ ikaZZo      ‚Ėí‚Ėď‚Ėď‚ĖÄ ‚ĖĎ   ‚ĖĎ 2007        
        ‚ĖĎ     HS   ‚Ėď‚Ėí‚Ėí‚ĖĎ                 ‚ĖÄ‚Ėą HiGH SOCiETY ‚ĖĎ‚Ėí‚Ėí‚Ėď     ‚ĖĎ             
                   ‚Ėí‚ĖĎ‚ĖĎ                                   ‚ĖĎ‚ĖĎ‚Ėí     ‚ĖĎ             
        ‚ĖĎ          ‚ĖĎ       created with nfogen v1.0        ‚ĖĎ                   
                                                                 ‚ĖĎ
