ÔĽŅ                                       ‚ĖĎ                                        
                               ‚ĖĎ‚ĖĎ‚Ėď        ‚ĖĎ          ‚ĖĎ                          
                     ‚ĖĎ          ‚ĖĎ‚ĖĎ‚Ėď      ‚ĖĎ‚ĖĎ         ‚ĖĎ‚ĖĎ‚Ėď                         
                                  ‚Ėď‚Ėą‚Ėą    ‚ĖĎ‚Ėď        ‚ĖĎ‚ĖĎ‚Ėą‚Ėą                         
                                   ‚Ėď‚Ėą‚Ėą   ‚ĖĎ‚Ėď  ‚ĖĎ     ‚ĖĎ‚Ėą‚Ėą   ‚ĖĎ                      
                     ‚ĖĎ      ‚Ėą‚Ėď     ‚Ėď‚Ėď‚Ėą   ‚Ėď‚Ėď‚Ėą      ‚ĖĎ‚ĖĎ‚Ėą                           
                     ‚ĖĎ‚ĖĎ    ‚ĖĎ  ‚Ėď    ‚Ėď‚Ėą‚Ėą   ‚Ėď‚Ėď‚Ėą      ‚ĖĎ‚Ėď‚Ėą                           
                     ‚Ėą‚ĖĎ‚Ėď‚Ėď   ‚Ėą‚Ėď    ‚Ėď‚Ėď‚Ėą‚Ėą  ‚ĖĎ ‚Ėď‚Ėą‚Ėą     ‚ĖĎ‚Ėď‚Ėą    ‚ĖĎ                      
                      ‚Ėą‚Ėą‚Ėď‚Ėď        ‚Ėď‚Ėą‚Ėą‚Ėą     ‚Ėď‚Ėą‚Ėą    ‚ĖĎ‚Ėď‚Ėą‚Ėą   ‚Ėď                      
                        ‚Ėą‚Ėą        ‚Ėą‚Ėą‚Ėą   ‚Ėą ‚ĖĎ  ‚Ėą‚Ėą    ‚Ėď‚Ėď‚Ėą‚Ėą ‚Ėď‚Ėą       ‚ĖĎ              
        ‚Ėď     ‚ĖĎ‚ĖĎ‚ĖĎ‚Ėą‚Ėą     ‚Ėď‚Ėą‚Ėą     ‚Ėď      ‚Ėą‚Ėď‚Ėą    ‚Ėą‚Ėą    ‚Ėď‚Ėď  ‚Ėď‚Ėą                      
             ‚ĖĎ‚ĖĎ   ‚Ėą‚Ėą‚Ėď   ‚Ėď‚Ėď‚Ėą    ‚Ėď‚Ėą       ‚Ėď      ‚Ėą‚Ėą‚Ėą‚Ėą    ‚ĖĎ‚Ėą‚Ėą                      
         ‚ĖĎ  ‚ĖĎ  ‚Ėď‚Ėď  ‚Ėą‚Ėą   ‚ĖĎ‚Ėď‚Ėą   ‚Ėď‚Ėď‚Ėą   ‚ĖĎ‚ĖĎ           ‚Ėď‚Ėą‚Ėą‚Ėą ‚Ėď‚ĖĎ‚Ėą         ‚Ėď             
         ‚ĖĎ  ‚ĖĎ  ‚Ėď    ‚Ėą   ‚ĖĎ‚Ėď‚Ėą   ‚Ėď‚Ėą‚Ėą  ‚ĖĎ‚Ėď‚Ėď             ‚Ėď‚Ėą‚Ėą ‚ĖĎ‚Ėą‚Ėą‚Ėą       ‚Ėď    ‚Ėď        
        ‚ĖĎ‚ĖĎ  ‚Ėą      ‚Ėą‚Ėą   ‚Ėď‚ĖĎ‚Ėą  ‚ĖĎ‚Ėą‚Ėą  ‚ĖĎ‚Ėď     ‚ĖĎ‚ĖĎ‚Ėď‚Ėą‚Ėą      ‚Ėď‚Ėą ‚ĖĎ‚Ėď‚Ėą‚Ėą‚Ėą     ‚Ėď‚Ėą             
        ‚ĖĎ‚Ėď   ‚Ėą‚Ėą   ‚Ėą‚Ėą    ‚Ėď‚ĖĎ‚Ėą ‚ĖĎ‚ĖĎ‚Ėą   ‚ĖĎ     ‚ĖĎ    ‚Ėą‚Ėą‚Ėď    ‚Ėď‚Ėą‚Ėą‚ĖĎ‚ĖĎ‚Ėą‚Ėą‚Ėą    ‚ĖĎ‚Ėď‚Ėą      ‚Ėď      
        ‚Ėď‚Ėą    ‚Ėą‚Ėą‚Ėą‚Ėą‚Ėą     ‚Ėď‚Ėą‚Ėą ‚ĖĎ‚Ėď‚Ėą  ‚ĖĎ‚Ėą    ‚ĖĎ  ‚Ėď‚Ėď  ‚Ėą‚Ėą    ‚ĖĎ‚Ėą‚Ėą‚Ėď‚ĖĎ‚ĖĎ‚Ėą‚Ėą‚Ėą   ‚ĖĎ‚Ėď‚Ėą  ‚Ėą‚Ėą  ‚Ėď      
        ‚Ėď‚Ėą             ‚Ėď‚Ėď‚Ėą‚Ėą ‚ĖĎ‚Ėą‚Ėą‚Ėą ‚ĖĎ‚Ėą‚Ėą   ‚ĖĎ ‚Ėď‚Ėď    ‚Ėą    ‚ĖĎ‚Ėď‚Ėą   ‚Ėď‚Ėą‚Ėą‚Ėą  ‚ĖĎ‚Ėď‚Ėą  ‚Ėą‚Ėą ‚Ėą‚Ėď      
        ‚ĖĎ‚Ėď‚Ėą‚Ėą          ‚Ėď‚Ėą‚Ėď‚Ėą‚Ėą  ‚ĖĎ‚Ėą‚Ėą ‚ĖĎ‚Ėą‚Ėą   ‚Ėą      ‚Ėą‚Ėą    ‚ĖĎ‚Ėď‚Ėą    ‚Ėď‚Ėą‚Ėą‚Ėą ‚ĖĎ‚Ėď‚Ėą  ‚Ėą ‚Ėą‚Ėď       
        ‚ĖĎ‚ĖĎ‚Ėď‚Ėą‚Ėď        ‚Ėď‚Ėą‚Ėą‚Ėď‚Ėą‚Ėą  ‚ĖĎ‚Ėą‚Ėą‚Ėą‚ĖĎ‚Ėą‚Ėą‚Ėą‚Ėą  ‚Ėą‚Ėą  ‚Ėą‚Ėą‚Ėą    ‚ĖĎ‚ĖĎ‚Ėą‚Ėą     ‚Ėď‚Ėą‚Ėą‚Ėą ‚Ėď‚Ėą‚Ėą‚Ėą‚Ėą ‚Ėą‚Ėď       
       ‚ĖĎ‚Ėą‚Ėą‚Ėď‚Ėą‚Ėą      ‚ĖĎ‚ĖĎ‚Ėą‚Ėą ‚Ėď‚Ėą‚Ėą   ‚Ėą‚Ėą‚Ėą‚Ėď‚ĖĎ‚Ėą‚Ėą‚Ėą   ‚Ėą‚Ėą‚Ėą‚Ėą      ‚ĖĎ‚Ėą‚Ėą‚Ėą  ‚Ėą   ‚Ėď‚Ėą‚Ėą ‚Ėď‚Ėď‚Ėą‚Ėą‚Ėą ‚Ėą‚Ėą‚Ėď      
       ‚ĖĎ‚Ėą‚Ėą‚ĖĎ‚Ėď‚Ėą‚Ėą    ‚ĖĎ‚Ėą‚Ėą‚Ėą  ‚Ėď‚Ėą‚Ėą‚Ėą    ‚Ėą‚Ėą‚Ėď‚ĖĎ‚Ėą‚Ėą            ‚ĖĎ‚Ėą‚Ėą‚Ėą  ‚Ėą‚Ėď‚Ėą   ‚Ėą‚Ėą  ‚Ėď‚Ėą‚Ėą‚Ėą  ‚Ėą‚Ėď      
      ‚ĖĎ‚Ėď‚Ėą  ‚ĖĎ‚ĖĎ‚Ėą‚Ėą   ‚ĖĎ‚Ėą‚Ėą    ‚Ėď‚Ėą‚Ėą‚Ėą     ‚Ėą‚Ėď‚Ėą‚Ėą    ‚Ėď‚Ėď‚Ėď    ‚Ėď‚Ėą‚Ėą‚Ėą    ‚Ėď    ‚Ėą‚Ėą   ‚Ėď‚Ėą‚Ėą  ‚Ėď‚Ėą      
     ‚ĖĎ‚ĖĎ‚Ėą‚Ėą   ‚ĖĎ‚Ėą‚Ėą   ‚Ėą‚Ėą      ‚Ėď‚Ėą‚Ėą     ‚Ėą‚Ėą‚Ėą‚Ėą‚Ėą    ‚Ėď‚Ėď‚Ėď‚Ėď‚Ėď‚Ėď‚Ėą‚Ėą‚Ėą          ‚ĖĎ‚Ėą    ‚Ėą‚Ėą‚Ėą ‚Ėď‚Ėą‚Ėą     
    ‚ĖĎ‚Ėď‚Ėą‚Ėą    ‚Ėą‚Ėą‚Ėą   ‚Ėą‚Ėą   ‚ĖĎ‚Ėą   ‚Ėą‚Ėą‚Ėď‚Ėď‚Ėď‚Ėď‚Ėą‚Ėą‚Ėď‚Ėď‚Ėą         ‚Ėą            ‚Ėď‚Ėą‚Ėą     ‚Ėą‚Ėą ‚Ėď‚Ėą‚Ėą‚ĖĎ    
   ‚ĖĎ‚Ėď‚Ėą‚Ėą‚Ėą    ‚Ėą‚Ėą‚Ėą  ‚Ėď‚Ėą‚Ėą  ‚Ėą  ‚Ėą           ‚Ėď‚Ėą       ‚Ėď‚Ėą‚Ėą          ‚ĖĎ‚Ėą‚Ėą‚Ėą     ‚ĖĎ‚ĖĎ‚Ėą  ‚Ėą‚Ėą‚ĖĎ    
   ‚ĖĎ‚Ėą‚Ėą‚Ėą    ‚Ėą‚Ėą‚Ėą‚Ėą   ‚ĖĎ‚Ėą‚Ėą  ‚Ėą‚Ėą     ‚ĖĎ‚Ėď‚Ėď    ‚ĖĎ‚Ėą    ‚ĖĎ‚ĖĎ‚ĖĎ‚Ėď‚Ėą‚Ėą‚ĖĎ‚ĖĎ      ‚ĖĎ‚ĖĎ‚ĖĎ‚Ėą‚Ėą     ‚ĖĎ‚ĖĎ‚Ėď‚Ėą‚Ėą ‚Ėď‚Ėą‚Ėą‚ĖĎ‚Ėą  
   ‚ĖĎ‚Ėą‚Ėą‚Ėą    ‚Ėą‚Ėď‚Ėą    ‚ĖĎ‚Ėą‚Ėą‚Ėą      ‚ĖĎ‚ĖĎ‚ĖĎ‚Ėą          ‚Ėď‚ĖĎ‚Ėą‚Ėą‚Ėą‚Ėą‚Ėą‚Ėą‚Ėą‚ĖĎ‚ĖĎ‚ĖĎ  ‚ĖĎ‚ĖĎ‚Ėą‚Ėą‚Ėą     ‚ĖĎ‚ĖĎ‚Ėď‚Ėď‚Ėą‚Ėą  ‚Ėď‚Ėą‚Ėą‚Ėą‚Ėą 
   ‚ĖĎ‚Ėą‚Ėą‚Ėą‚Ėą ‚ĖĎ‚ĖĎ‚Ėą‚Ėą‚Ėą     ‚ĖĎ‚ĖĎ‚Ėą‚Ėą   ‚ĖĎ‚ĖĎ‚Ėď‚Ėą       ‚Ėą   ‚Ėď‚Ėą‚Ėą‚Ėą‚Ėą‚Ėą  ‚Ėą‚Ėą‚Ėą‚Ėą‚Ėď‚Ėď‚ĖĎ‚ĖĎ‚Ėď‚Ėą‚Ėą     ‚ĖĎ‚ĖĎ‚Ėď‚Ėą‚Ėą‚Ėą    ‚Ėď‚Ėą‚Ėą‚Ėą 
    ‚ĖĎ‚Ėą‚Ėą‚Ėą‚Ėą ‚ĖĎ‚Ėą‚Ėą       ‚ĖĎ‚Ėď‚Ėď  ‚Ėď‚Ėď‚Ėą        ‚Ėď‚Ėą‚Ėď  ‚Ėď‚Ėą‚Ėą‚Ėą         ‚Ėą‚Ėď‚Ėď‚Ėą      ‚Ėď‚Ėď‚Ėą‚Ėą‚Ėą        ‚Ėď‚Ėą 
                                                               ‚Ėď                
 ‚Ėą‚Ėą   ‚Ėą‚Ėą ‚Ėď‚Ėą‚Ėą ‚ĖĎ‚Ėą‚Ėą‚Ėą‚Ėą‚Ėą‚Ėą  ‚ĖĎ‚ĖĎ‚Ėą‚Ėą‚Ėą‚Ėą‚Ėą‚Ėą   ‚ĖĎ‚Ėą‚Ėą‚Ėą‚Ėą‚Ėą‚Ėą‚Ėą   ‚ĖĎ‚Ėą‚Ėą‚Ėą‚Ėą‚Ėą‚Ėą  ‚ĖĎ‚Ėą‚Ėą‚Ėą‚Ėą‚Ėą‚Ėą‚Ėą    ‚Ėą‚Ėą     ‚ĖĎ‚Ėą‚Ėą‚Ėą‚Ėą‚Ėą‚Ėą 
 ‚Ėą‚Ėą  ‚ĖĎ‚Ėą‚Ėą   ‚ĖĎ‚Ėą‚Ėą‚Ėą‚Ėą‚Ėą‚Ėą‚Ėą‚Ėą‚Ėą ‚ĖĎ‚Ėą‚Ėą‚Ėą‚Ėą‚Ėą‚Ėą‚Ėą  ‚ĖĎ‚Ėą‚Ėą‚Ėą‚Ėą‚Ėą‚Ėą‚Ėą‚Ėą‚Ėą ‚ĖĎ‚Ėą‚Ėą‚Ėą‚Ėą‚Ėą‚Ėą‚Ėą  ‚Ėą‚Ėą‚Ėą‚Ėą‚Ėą‚Ėą‚Ėą‚Ėď  ‚ĖĎ‚Ėą‚Ėą‚Ėą    ‚ĖĎ‚Ėą‚Ėą‚Ėą‚Ėą‚Ėą‚Ėą‚Ėą‚Ėą
 ‚Ėą‚Ėą  ‚Ėą‚Ėą  ‚Ėą‚Ėą‚Ėď‚Ėą‚Ėą‚Ėą   ‚Ėą‚Ėą‚Ėą ‚Ėą‚Ėą‚Ėą‚Ėą     ‚ĖĎ‚Ėą‚Ėą‚Ėą‚Ėą    ‚Ėą‚Ėą‚Ėą‚Ėą‚Ėą‚Ėą‚Ėą  ‚Ėď‚Ėą  ‚Ėą‚Ėą‚Ėą‚Ėą      ‚Ėą‚Ėą‚Ėą‚Ėą    ‚Ėą‚Ėą‚Ėą    ‚Ėą‚Ėą
 ‚Ėą‚Ėą ‚ĖĎ‚Ėą   ‚Ėą ‚Ėď‚Ėą‚Ėą     ‚Ėą‚Ėą ‚Ėą‚Ėą       ‚Ėą‚Ėą‚Ėą       ‚Ėą‚Ėą‚Ėą‚Ėą         ‚ĖĎ‚Ėą‚Ėą     ‚ĖĎ‚Ėą‚Ėą ‚Ėą    ‚Ėą‚Ėą     ‚Ėą‚Ėą
 ‚Ėą‚Ėą ‚Ėą‚Ėą  ‚Ėą‚Ėą ‚Ėą‚Ėą      ‚Ėą‚Ėą ‚Ėą‚Ėą‚Ėą‚Ėą‚Ėą‚Ėą‚Ėą‚Ėą‚Ėą‚Ėą‚Ėą‚Ėą       ‚Ėą‚Ėą‚Ėď‚Ėą‚Ėą‚Ėą‚Ėą‚Ėą‚Ėą‚Ėą   ‚ĖĎ‚Ėą‚Ėą    ‚ĖĎ‚Ėą‚Ėą‚Ėą ‚Ėą‚Ėą   ‚Ėą‚Ėą    ‚Ėď‚Ėą‚Ėą
 ‚Ėą‚Ėą ‚Ėą‚Ėą  ‚Ėą‚Ėą ‚Ėą‚Ėą     ‚Ėď‚Ėą‚Ėą ‚Ėą‚Ėą‚Ėą‚Ėą‚Ėą    ‚Ėą‚Ėą        ‚Ėą‚Ėą‚Ėď‚Ėą‚Ėą‚Ėą‚Ėą‚Ėą‚Ėą‚Ėą‚Ėą  ‚Ėą‚Ėą     ‚Ėą‚Ėą‚Ėą  ‚Ėď‚Ėą   ‚Ėą‚Ėą   ‚Ėą‚Ėą‚Ėą 
 ‚Ėą‚Ėą‚Ėď‚Ėą   ‚Ėą  ‚Ėą‚Ėą    ‚Ėď‚Ėą‚Ėą  ‚Ėą        ‚Ėą‚Ėą       ‚Ėď‚Ėą       ‚Ėą‚Ėą   ‚Ėą‚Ėą    ‚ĖĎ‚Ėą‚Ėą   ‚Ėď‚Ėą   ‚Ėą‚Ėą‚Ėą‚Ėą‚Ėą‚Ėą   
 ‚Ėą‚Ėą‚Ėą‚Ėą   ‚Ėą  ‚Ėą‚Ėą   ‚Ėď‚Ėą‚Ėą   ‚Ėą        ‚Ėą‚Ėą      ‚Ėď‚Ėą‚Ėą‚Ėą      ‚Ėą‚Ėą   ‚Ėą‚Ėą   ‚ĖĎ‚Ėą‚Ėą‚Ėą ‚Ėď‚Ėď‚Ėď‚Ėą   ‚Ėą‚Ėą‚Ėą‚Ėą     
 ‚Ėą‚Ėą‚Ėą   ‚Ėď‚Ėą  ‚Ėą‚Ėą‚Ėą‚Ėą‚Ėą‚Ėą‚Ėą   ‚Ėą‚Ėą   ‚Ėď‚Ėą‚Ėą  ‚Ėą‚Ėą‚Ėą    ‚Ėď‚Ėą‚Ėą‚Ėą‚Ėą    ‚Ėď‚Ėą‚Ėą    ‚Ėą‚Ėą   ‚Ėą‚Ėą‚Ėą‚Ėą‚Ėą‚Ėą‚Ėą‚Ėą‚Ėą   ‚Ėą‚Ėą‚Ėď‚Ėą     
 ‚Ėą‚Ėą    ‚Ėą‚Ėą  ‚Ėą‚Ėą‚Ėą‚Ėą‚Ėą     ‚Ėą‚Ėą‚Ėą‚Ėą‚Ėą‚Ėą‚Ėą    ‚Ėą‚Ėą‚Ėą‚Ėą‚Ėą‚Ėą‚Ėą‚Ėą  ‚Ėą‚Ėď‚Ėą‚Ėą‚Ėą‚Ėą      ‚Ėą‚Ėą   ‚Ėą‚Ėą‚Ėą‚Ėą‚Ėą   ‚Ėą‚Ėą  ‚Ėą‚Ėą‚Ėď‚Ėą‚Ėą‚Ėą‚Ėą‚Ėď 
     ‚ĖĎ           ‚ĖĎ   ‚Ėą‚Ėą‚Ėą‚Ėą‚Ėą       ‚Ėą‚Ėą‚Ėą‚Ėą‚Ėą    ‚Ėą‚Ėą‚Ėą‚Ėą        ‚Ėą‚Ėą   ‚Ėą‚Ėą           ‚Ėą‚Ėď      
    ‚ĖĎ‚ĖĎ‚ĖĎ          ‚ĖĎ‚ĖĎ‚ĖĎ        ‚Ėą‚Ėą‚Ėą‚Ėą               ‚Ėď‚Ėď‚Ėď‚ĖĎ‚ĖĎ‚ĖĎ                         ‚Ėď‚Ėą
   ‚ĖĎ‚Ėď‚Ėď‚Ėď‚Ėď‚Ėą‚Ėą‚Ėą‚Ėą‚Ėą‚Ėą‚Ėą  ‚Ėď‚Ėď‚Ėď‚Ėď‚Ėď   ‚Ėď    ‚Ėď‚Ėą‚Ėą‚Ėą‚ĖĎ‚ĖĎ‚ĖĎ‚ĖĎ‚ĖĎ‚ĖĎ‚ĖĎ‚ĖĎ‚ĖĎ‚Ėą‚Ėą‚Ėą‚Ėą‚Ėą‚Ėą      ‚Ėą‚Ėą‚Ėą‚Ėą‚Ėą‚Ėą‚Ėą‚Ėą‚Ėą‚Ėą‚Ėą‚Ėą‚Ėď‚Ėď‚ĖĎ‚ĖĎ ‚ĖĎ    ‚Ėď‚Ėą‚Ėą
  ‚ĖĎ‚Ėď‚Ėď‚Ėą‚Ėą‚Ėą           ‚Ėą‚Ėą‚Ėą‚Ėą ‚Ėą‚Ėď‚Ėą     ‚Ėď‚Ėą‚Ėą‚Ėą‚Ėą‚Ėą‚Ėą‚Ėą‚Ėą‚Ėą‚Ėą‚Ėą‚Ėą   ‚Ėď ‚Ėí‚Ėí‚ĖĎ‚ĖĎ‚Ėď‚Ėď‚Ėď‚Ėď‚Ėď‚Ėď    ‚Ėď          ‚ĖĎ‚Ėď‚Ėą‚Ėą 
  ‚Ėď‚Ėą‚Ėą                    ‚Ėą                    ‚Ė† ‚ĖĎ‚Ėď‚Ėď‚Ėí‚Ėí‚Ėí‚Ėí‚Ėď‚Ėď‚Ėď‚Ėď‚Ėď‚Ėą‚Ėą   ‚Ė†‚Ėď‚Ėą‚Ėą   ‚ĖĎ‚ĖĎ‚Ėď‚Ėą‚Ėą‚Ėą  
  ‚Ėą  ‚ĖĄ‚Ėą‚Ėą‚Ėą‚Ėą‚Ėą‚Ėą‚Ėą‚Ėą‚Ėą‚Ėą‚Ėą‚Ėą‚Ėą‚Ėą‚Ėą‚Ėą‚Ėą‚Ėą‚Ėą‚Ėą‚Ėą‚Ėą‚Ėą‚Ėą‚Ėą‚Ėą‚Ėą‚Ėą‚Ėą‚Ėą‚Ėą‚Ėą‚Ėą‚Ėą‚Ėą‚Ėą‚Ėą ‚Ėą‚Ėą    ‚ĖĎ‚Ėď‚Ėí‚Ėí‚Ėí‚Ėą‚Ėą‚Ėą‚Ėą‚Ėą‚Ėď       ‚Ėď‚Ėą‚Ėą    ‚Ėď‚Ėą‚Ėą  
  ‚Ėą ‚Ė†‚Ė†‚ĖĎ   ‚Ė†     ‚Ėí‚Ėí‚Ėí‚Ėí‚Ėí‚Ėí‚Ėí‚Ėí‚Ėí‚Ėí‚Ėí‚Ėí‚Ėí‚Ėí     ‚Ė†‚ĖĎ   ‚Ė†    ‚Ėą‚Ėą‚Ėą ‚Ė† ‚Ėď‚Ėą‚Ėą‚Ėą‚Ėą      ‚Ėą‚Ėą‚Ėą‚Ėą‚Ėą‚ĖĎ ‚Ė†‚Ėď‚Ėą‚Ėą   ‚Ėď‚Ėą‚Ėą 
  ‚Ėą ‚Ėą‚ĖĎ ‚Ėď‚Ėą  ‚Ėą    ‚Ėą‚Ėą‚Ėą‚Ėą‚Ėą‚Ėą‚Ėą‚Ėą‚Ėą‚Ėą‚Ėą‚Ėą‚Ėą‚Ėą    ‚Ėą‚ĖĎ ‚Ėď‚Ėą  ‚Ėą     ‚Ėą‚Ėą‚Ėą        ‚Ėď‚Ėď‚Ėą‚Ėą‚Ėą‚Ėí‚Ėí‚Ėí‚Ėí‚Ėą‚ĖĎ‚ĖĎ  ‚Ėď‚Ėą‚Ėą  ‚Ėď‚Ėď‚Ėą
  ‚Ėď ‚Ėą  ‚Ėą‚Ėą ‚Ėď‚Ėą     ‚Ėď‚Ėą‚ĖĎ‚ĖĎ‚ĖĎ‚Ėą‚Ėą‚Ėą‚Ėą‚Ėą‚Ėą‚Ėď     ‚Ėą  ‚Ėą‚Ėą ‚Ėď‚Ėą       ‚Ėą‚Ėą  ‚Ė†   ‚Ėď    ‚Ėí‚Ėí‚Ėď‚Ėí‚Ėí‚Ėí‚Ėą‚Ėą‚ĖĎ‚ĖĎ ‚Ė†‚Ėď‚Ėą   ‚Ėď
    ‚Ėą‚Ė†  ‚Ėď‚Ėď‚Ė†       ‚Ėď‚Ėď‚Ėď‚Ėď‚Ėą‚Ėą‚Ėď‚Ėď‚Ėď‚Ėď       ‚Ė†  ‚Ėď‚Ėď‚Ė†          ‚Ėą‚Ėą    ‚ĖĎ‚Ėď‚Ėď  ‚Ėď‚Ėď‚Ėď‚Ėď‚Ėď‚Ėď‚Ėí‚Ėí‚Ėą‚Ėą‚ĖĎ  ‚Ėď‚Ėą   
  ‚Ėď ‚Ėą ‚ĖÄ‚ĖÄ‚ĖÄ‚ĖÄ           ‚Ėą‚Ėą‚Ėą‚Ėď           ‚ĖÄ‚ĖÄ‚ĖÄ‚ĖÄ            ‚Ėą‚Ėą‚Ėą ‚Ė†  ‚ĖĎ‚Ėď   ‚Ėď‚Ėď‚Ėď‚Ėď‚Ėď‚Ėí‚Ėí‚Ėą‚Ėą‚ĖĎ ‚Ė†‚Ėď‚Ėą  
    ‚Ėą   ‚ĖĎ‚Ėą‚Ėą‚Ėą‚Ėď      ‚ĖĎ‚ĖĎ‚Ėą‚Ėą‚Ėą‚Ėď‚Ėď‚Ėď      ‚Ėď‚Ėą‚Ėą‚Ėą‚ĖĎ                ‚Ėą‚Ėą‚Ėą   ‚ĖĎ‚Ėď‚Ėď ‚Ėď‚Ėď‚Ėą‚Ėą‚Ėą‚Ėą‚Ėą‚Ėą‚ĖĎ    ‚Ėď‚Ėą 
    ‚Ėą      ‚Ėď‚Ėą‚Ėą‚Ėą‚Ėą‚Ėą‚Ėą‚Ėą‚ĖĎ‚Ėą‚Ėą‚Ėą‚Ėą‚Ėą‚Ėą‚Ėą‚Ėą‚Ėą‚Ėą‚Ėą‚Ėą‚Ėą‚Ėą‚Ėď             ‚Ėď‚ĖĎ‚ĖĎ     ‚Ėą‚Ėą ‚Ė†  ‚ĖĎ‚Ėď‚Ėą‚Ėą‚Ėą          ‚Ė†‚Ėď‚Ėą
    ‚Ėą      ‚Ėď‚Ėď‚Ėą‚Ėą‚Ėą‚Ėą‚Ėą‚Ėą‚Ėą‚Ėą‚Ėą‚Ėą‚Ėą‚Ėą‚Ėą‚Ėą‚Ėą‚Ėą‚Ėą‚Ėą‚Ėą‚Ėą‚Ėď‚Ėď    ‚Ėą‚Ėą    ‚Ėď‚ĖĎ‚ĖĎ         ‚Ėą‚Ėą               ‚Ėą‚Ėą‚Ėą‚Ėą‚Ėą‚Ėą
  ‚ĖĎ ‚Ėą      ‚Ėą‚Ėą‚Ėą‚Ėą‚Ėą‚ĖĎ‚ĖĎ‚ĖĎ‚Ėą‚Ėą‚Ėą‚Ėą‚Ėą‚Ėą‚Ėą‚ĖĎ‚ĖĎ‚ĖĎ‚Ėą‚Ėą‚Ėą‚Ėą‚Ėą‚Ėą‚Ėą ‚Ėą‚Ėą‚Ėą‚ĖĎ ‚Ėď‚ĖĎ‚ĖĎ             ‚Ėą‚Ėą ‚Ė†     ‚Ėą‚Ėą‚Ėą‚Ėą‚Ėą‚Ėą‚Ėą‚Ėą‚Ėď    
    ‚Ėą     ‚Ėą‚Ėą‚Ėą‚Ėą‚Ėą‚ĖĎ‚Ėą‚Ėą‚Ėą‚Ėą‚Ėą‚Ėą‚Ėą‚Ėą‚Ėą‚Ėą‚Ėą‚Ėą‚Ėą‚ĖĎ‚Ėą‚Ėą‚Ėą‚Ėą‚Ėą‚Ėą‚Ėą‚Ėą‚Ėą‚Ėď‚ĖĎ                  ‚Ėą‚Ėą  ‚Ėą‚Ėą‚Ėą‚Ėą‚Ėď            
    ‚Ėą    ‚Ėą‚Ėą‚Ėą‚Ėą‚Ėą‚Ėą‚Ėą‚ĖĎ VideoStar ‚ĖĎ‚Ėą‚Ėą‚Ėą‚Ėą‚Ėą‚Ėą‚Ėą‚Ėą‚Ėą‚Ėą‚Ėď‚ĖĎ ‚Ėď‚Ėď‚Ėď‚ĖĎ‚Ėď‚Ėď‚ĖĎ‚ĖĎ‚ĖĎ‚Ėď‚Ėď‚ĖĎ‚ĖĎ     ‚Ėą‚Ėą‚Ėą‚Ėą                
    ‚Ėą    ‚Ėą‚Ėą‚Ėą‚Ėą‚Ėą‚Ėą‚Ėą‚Ėą‚Ėą‚Ėą‚Ėą‚Ėą‚Ėą‚Ėą‚Ėą‚Ėą‚Ėą‚Ėą‚Ėą‚Ėą‚Ėą‚Ėą‚Ėą‚Ėą‚Ėą‚Ėą‚Ėą‚Ėď‚Ėą‚Ėą‚Ėď‚ĖĎ                                       
    ‚Ėą    ‚Ėą‚Ėą‚Ėą‚Ėą‚Ėď‚Ėď‚Ėą‚Ėą‚ĖĎ‚Ėď‚Ėí‚Ėí‚Ėď‚Ėď‚Ėď‚Ėď‚Ėí‚Ėí‚Ėď‚Ėą‚Ėą‚ĖĎ‚Ėď‚Ėď‚Ėą‚Ėą‚Ėą ‚Ėą‚Ėą‚Ėą‚ĖĎ ‚Ėď‚ĖĎ‚ĖĎ  
    ‚Ėą      ‚Ėą‚Ėą‚Ėą‚Ėą‚Ėą‚Ėą‚Ėą‚Ėą‚Ėą‚Ėą‚Ėą‚Ėą‚Ėą‚Ėą‚Ėą‚Ėą‚Ėą‚Ėą‚Ėą‚Ėą‚Ėą‚Ėą‚Ėą‚Ėą    ‚Ėą‚Ėą    ‚Ėď‚ĖĎ‚ĖĎ
    ‚Ėą        ‚Ėą‚Ėą‚Ėą‚Ėą‚Ėą‚Ėą‚Ėą‚Ėą‚Ėą‚Ėą‚Ėą‚Ėą‚Ėą‚Ėą‚Ėą‚Ėą‚Ėą‚Ėą‚Ėą‚Ėą               ‚Ėď‚ĖĎ‚ĖĎ
    ‚Ėą
    ‚Ėą
    ‚Ėą
    ‚Ėą
    ‚Ėą             Kill the Messenger (2014)
    ‚Ėą
    ‚Ėą
    ‚Ėą
    ‚Ėą             RELEASEDATE ..... : 23.02.2020
    ‚Ėą             CiNE DATE ....... : 2014
    ‚Ėą             GENRE ........... : Biography, Crime, Drama
    ‚Ėą             RUNTiME ......... : 111 Min.
    ‚Ėą             FSK ............. : 12
    ‚Ėą             ViDEO SOURCE .... : Blu-Ray Disc
    ‚Ėą             RESOLUTiON ...... : 1920 x 800
    ‚Ėą             ViDEO ........... : x264 @ 8720 kbps (crf20)
    ‚Ėą             AUDiO ........... : German  DTS @  755 kbps
    ‚Ėą             AUDiO ........... : English DTS @ 1510 kbps
    ‚Ėą             SUBS ............ : German | English
    ‚Ėą             FORCED SUBS ..... : Yes
    ‚Ėą
    ‚Ėą ‚ĖĄ‚ĖĄ‚ĖĄ‚ĖĄ
    ‚Ėą‚Ė†‚ĖĎ   ‚Ė†       iMDB ............ : https://www.imdb.com/title/tt1216491/
    ‚Ėą‚ĖĎ ‚Ėď‚Ėą  ‚Ėą      iMDB-RATiNG ..... : 6,9/10 (42.626 votes)
    ‚Ėą  ‚Ėą‚Ėą ‚Ėď‚Ėą                                                          
    ‚Ė†‚Ė†  ‚Ėď‚Ėď‚Ė†                                                           
     ‚ĖÄ‚Ėą‚Ėą‚Ėą‚Ėą‚Ėą‚Ėą‚Ėą‚Ėą‚Ėą‚Ėą‚Ėą‚Ėą‚Ėą‚Ėą‚Ėą‚Ėą‚Ėą‚Ėą‚Ėą‚Ėą‚Ėą‚Ėą‚Ėą‚Ėą‚Ėą‚Ėą‚Ėą‚Ėą‚Ėą‚Ėą‚Ėą‚Ėą‚Ėą‚Ėą‚Ėą‚Ėą‚Ėą‚Ėą‚Ėą‚Ėą‚Ėą‚Ėą‚Ėą‚Ėą‚Ėą‚Ėą‚Ėą‚Ėą‚Ėą‚Ėą‚Ėą‚Ėą‚Ėą‚Ėą‚Ėą‚Ėą‚Ėą‚Ėą‚Ėą‚Ėą‚ĖĄ
                                                             ‚Ė†‚ĖĎ   ‚Ė†‚Ė†
                                                            ‚Ėą‚ĖĎ ‚Ėď‚Ėą  ‚Ėą
                                                            ‚Ėą  ‚Ėą‚Ėą ‚Ėď‚Ėą
                                                             ‚Ė†  ‚Ėď‚Ėď‚Ė†‚Ė†
     ‚ĖĄ‚Ėą‚Ėą‚Ėą‚Ėą‚Ėą‚Ėą‚Ėą‚Ėą‚Ėą‚Ėą‚Ėą‚Ėą‚Ėą‚Ėą‚Ėą‚Ėą‚Ėą‚Ėą‚Ėą‚Ėą‚Ėą‚Ėą‚Ėą‚Ėą‚Ėą‚Ėą‚Ėą‚Ėą‚Ėą‚Ėą‚Ėą‚Ėą‚Ėą‚Ėą‚Ėą‚Ėą‚Ėą‚Ėą‚Ėą‚Ėą‚Ėą‚Ėą‚Ėą‚Ėą‚Ėą‚Ėą‚Ėą‚Ėą‚Ėą‚Ėą‚Ėą‚Ėą‚Ėą‚Ėą‚Ėą‚Ėą‚Ėą‚Ėą‚Ėą‚Ėą‚ĖÄ
    ‚Ė†‚Ė†‚ĖĎ   ‚Ė†
    ‚Ėą‚ĖĎ ‚Ėď‚Ėą  ‚Ėą
    ‚Ėą  ‚Ėą‚Ėą ‚Ėď‚Ėą
    ‚Ėą‚Ė†  ‚Ėď‚Ėď‚Ė†
    ‚Ėą ‚ĖÄ‚ĖÄ‚ĖÄ‚ĖÄ
    ‚Ėą
    ‚Ėą             N O T E S
    ‚Ėą             
    ‚Ėą             
    ‚Ėą
    ‚Ėą     
    ‚Ėą
    ‚Ėą ‚ĖĄ‚ĖĄ‚ĖĄ‚ĖĄ
    ‚Ėą‚Ė†‚ĖĎ   ‚Ė†
    ‚Ėą‚ĖĎ ‚Ėď‚Ėą  ‚Ėą
    ‚Ėą  ‚Ėą‚Ėą ‚Ėď‚Ėą
    ‚Ė†‚Ė†  ‚Ėď‚Ėď‚Ė†
     ‚ĖÄ‚Ėą‚Ėą‚Ėą‚Ėą‚Ėą‚Ėą‚Ėą‚Ėą‚Ėą‚Ėą‚Ėą‚Ėą‚Ėą‚Ėą‚Ėą‚Ėą‚Ėą‚Ėą‚Ėą‚Ėą‚Ėą‚Ėą‚Ėą‚Ėą‚Ėą‚Ėą‚Ėą‚Ėą‚Ėą‚Ėą‚Ėą‚Ėą‚Ėą‚Ėą‚Ėą‚Ėą‚Ėą‚Ėą‚Ėą‚Ėą‚Ėą‚Ėą‚Ėą‚Ėą‚Ėą‚Ėą‚Ėą‚Ėą‚Ėą‚Ėą‚Ėą‚Ėą‚Ėą‚Ėą‚Ėą‚Ėą‚Ėą‚Ėą‚Ėą‚Ėą‚ĖĄ
                                                             ‚Ė†‚ĖĎ   ‚Ė†‚Ė†
                                                            ‚Ėą‚ĖĎ ‚Ėď‚Ėą  ‚Ėą
                                                            ‚Ėą  ‚Ėą‚Ėą ‚Ėď‚Ėą
                                                             ‚Ė†  ‚Ėď‚Ėď‚Ė†‚Ė†
     ‚ĖĄ‚Ėą‚Ėą‚Ėą‚Ėą‚Ėą‚Ėą‚Ėą‚Ėą‚Ėą‚Ėą‚Ėą‚Ėą‚Ėą‚Ėą‚Ėą‚Ėą‚Ėą‚Ėą‚Ėą‚Ėą‚Ėą‚Ėą‚Ėą‚Ėą‚Ėą‚Ėą‚Ėą‚Ėą‚Ėą‚Ėą‚Ėą‚Ėą‚Ėą‚Ėą‚Ėą‚Ėą‚Ėą‚Ėą‚Ėą‚Ėą‚Ėą‚Ėą‚Ėą‚Ėą‚Ėą‚Ėą‚Ėą‚Ėą‚Ėą‚Ėą‚Ėą‚Ėą‚Ėą‚Ėą‚Ėą‚Ėą‚Ėą‚Ėą‚Ėą‚Ėą‚ĖÄ 
    ‚Ė†‚Ė†‚ĖĎ   ‚Ė†                                                         
    ‚Ėą‚ĖĎ ‚Ėď‚Ėą  ‚Ėą                                                        
    ‚Ėą  ‚Ėą‚Ėą ‚Ėď‚Ėą                                                        
    ‚Ėą‚Ė†  ‚Ėď‚Ėď‚Ė†                                                         
    ‚Ėą ‚ĖÄ‚ĖÄ‚ĖÄ‚ĖÄ  
    ‚Ėą             G R E E T S
    ‚Ėą
    ‚Ėą
    ‚Ėą
    ‚Ėą‚ĖĎ     
    ‚Ėą‚Ėą
    ‚Ėą‚Ėą
    ‚Ėď‚Ėą
    ‚ĖĎ‚Ėą‚Ėą                                    ‚Ėą‚Ėą‚Ėą‚Ėą‚Ėą‚Ėą‚Ėą‚Ėą‚Ėą‚Ėą‚Ėą‚Ėą‚Ėą‚Ėą‚Ėą‚Ėą‚Ėą‚Ėą‚Ėą
    ‚ĖĎ‚Ėą‚ĖĎ‚Ėą                               ‚Ėą‚Ėą‚Ėą‚Ėą‚Ėď‚Ėď‚ĖĎ‚ĖĎ‚ĖĎ‚ĖĎ‚ĖĎ‚ĖĎ‚ĖĎ‚ĖĎ‚ĖĎ‚ĖĎ‚ĖĎ‚ĖĎ‚ĖĎ‚ĖĎ‚ĖĎ‚ĖĎ‚ĖĎ‚Ėą‚Ėą                
     ‚Ėą‚Ėď‚Ėą‚Ėą‚Ėą                            ‚Ėą‚Ėď‚ĖĎ‚ĖĎ‚ĖĎ‚ĖĎ    ‚Ėą‚Ėą‚Ėą‚Ėą‚Ėą‚Ėą‚Ėą‚Ėą‚Ėą‚Ėą‚Ėą‚Ėą‚Ėą  ‚Ė†‚Ėą               
      ‚Ėą‚Ėď‚ĖĎ‚ĖĎ‚Ėą‚Ėą                       ‚Ėą‚Ėą‚Ėą‚Ėą‚Ėą‚Ėą ‚Ė†    ‚Ėą‚Ėď‚Ėď‚ĖĎ‚ĖĎ‚ĖĎ‚ĖĎ‚ĖĎ‚ĖĎ‚ĖĎ‚ĖĎ‚ĖĎ‚ĖĎ‚Ėą‚Ėą‚Ėą  ‚Ėą‚Ėą             
       ‚Ėą‚Ėą‚Ėď‚Ėď‚Ėą‚Ėą‚Ėą                    ‚Ėą‚ĖĎ‚ĖĎ‚ĖĎ‚ĖĎ‚ĖĎ‚ĖĎ‚Ėą‚Ėą    ‚Ėą‚Ėą‚Ėď‚Ėď‚ĖĎ‚ĖĎ‚ĖĎ‚ĖĎ‚ĖĎ‚ĖĎ‚ĖĎ‚ĖĎ‚ĖĎ‚ĖĎ‚ĖĎ‚Ėą‚Ėą ‚Ė†‚Ėą‚Ėą            
        ‚Ėą‚Ėą‚Ėą‚Ėď‚Ėď‚Ėď‚Ėą‚Ėą‚Ėą                ‚Ėą‚ĖĎ‚ĖĎ‚ĖĎ‚ĖĎ‚ĖĎ‚ĖĎ‚ĖĎ‚Ėď‚Ėď‚Ėą ‚Ė†   ‚Ėą‚Ėď‚Ėď‚ĖĎ‚Ėď‚Ėď‚Ėď‚Ėď‚Ėď‚ĖĎ‚ĖĎ‚ĖĎ‚ĖĎ‚ĖĎ‚Ėą‚Ėą   ‚Ėą           
           ‚Ėą‚Ėą‚Ėą‚Ėď‚ĖĎ‚ĖĎ‚Ėą‚Ėą‚Ėą            ‚Ėą‚ĖĎ‚ĖĎ‚ĖĎ‚ĖĎ‚ĖĎ‚ĖĎ‚ĖĎ‚Ėď   ‚Ėą     ‚Ėą‚Ėď‚Ėď‚Ėď‚Ėď‚Ėď‚Ėď‚Ėď‚Ėď‚ĖĎ‚Ėí‚Ėí‚Ėí‚Ėí‚Ėą‚Ėą  ‚Ėą           
             ‚Ėą‚Ėą‚Ėą‚Ėď‚ĖĎ‚ĖĎ‚ĖĎ‚Ėą‚Ėą‚Ėą‚Ėą‚Ėą‚Ėą     ‚Ėą‚ĖĎ‚ĖĎ‚ĖĎ‚ĖĎ‚ĖĎ‚ĖĎ‚Ėď‚Ėď     ‚Ėą     ‚Ėą‚Ėď‚Ėď‚Ėď‚Ėď‚Ėď‚Ėď‚Ėď‚ĖĎ‚Ėí‚Ėí‚Ėí‚Ėí‚Ėí‚Ėí‚Ėą  ‚Ė†‚Ėą         
                ‚Ėą‚Ėą‚Ėą‚ĖĎ‚ĖĎ‚Ėď‚ĖĎ‚ĖĎ‚Ėď‚Ėď‚Ėą‚Ėą‚ĖĎ‚ĖĄ‚Ėą‚ĖĎ‚ĖĎ‚ĖĎ‚ĖĎ‚ĖĎ‚Ėď‚Ėď‚Ėď      ‚Ėą ‚Ė†   ‚Ėą‚Ėą‚Ėď‚Ėď‚Ėď‚Ėď‚Ėď‚Ėď‚ĖĎ‚ĖĎ‚Ėí‚Ėí‚Ėí‚Ėí‚Ėí‚Ėí‚Ėą   ‚Ėą        
                   ‚Ėą‚Ėą‚Ėą‚Ėą‚ĖĎ‚Ėď‚Ėď‚Ėď‚ĖĎ‚Ėą‚Ėą‚ĖĎ‚Ėď‚Ėď‚Ėď‚Ėď‚Ėď‚Ėď        ‚Ėą‚Ėą     ‚Ėą‚Ėą‚Ėď‚ĖĎ‚ĖĎ‚ĖĎ‚ĖĎ‚ĖĎ‚Ėą‚Ėą‚Ėą‚Ėą‚Ėą‚Ėą‚Ėą‚Ėą‚Ėą   ‚Ėą       
                       ‚Ėą‚Ėą‚Ėą‚Ėą‚Ėą‚Ėą‚Ėď‚Ėď‚Ėď              ‚Ėą‚Ėą     ‚Ėą‚Ėď‚Ėď‚Ėď‚Ėą‚Ėą‚Ėą‚Ėą           ‚Ė†‚Ėą      
                                               ‚Ėą ‚Ė†   ‚Ėą‚Ėą‚Ėą‚Ėą‚Ėą               ‚Ėď‚Ėď     
                                               ‚Ėą‚Ėą              ‚Ėą‚Ėą‚Ėą‚Ėą‚Ėą‚Ėą‚Ėą    ‚Ėď‚ĖĎ    
                                                ‚Ėą‚Ėą        ‚Ėą‚Ėą‚Ėą‚Ėą‚Ėą‚Ėą‚Ėď‚Ėď‚Ėď‚Ėď‚ĖĎ‚Ėą‚Ėą   ‚Ė†‚Ėď    
                                                 ‚Ėą      ‚Ėą‚Ėą‚Ėď‚Ėď‚Ėď‚Ėď‚Ėď‚Ėď‚Ėď‚ĖĎ‚ĖĎ‚ĖĎ‚ĖĎ‚ĖĎ‚Ėą     ‚Ėď   
                                                 ‚Ėą ‚Ė†    ‚Ėą‚Ėď‚Ėď‚ĖĎ‚ĖĎ‚ĖĎ‚ĖĎ‚ĖĎ‚ĖĎ‚ĖĎ‚ĖĎ‚ĖĎ‚ĖĎ‚ĖĎ‚Ėí‚Ėą‚Ėą   ‚Ėď‚ĖĎ  
                                                  ‚Ėą      ‚Ėą‚Ėď‚Ėď‚ĖĎ‚Ėď‚ĖĎ‚Ėí‚Ėí‚Ėí‚ĖĎ‚ĖĎ‚ĖĎ‚ĖĎ‚Ėí‚Ėí‚Ėď    ‚ĖĎ  
                                                  ‚Ėą      ‚Ėą‚Ėď‚Ėď‚ĖĎ‚ĖĎ‚ĖĎ‚ĖĎ‚Ėí‚Ėí‚Ėí‚ĖĎ‚ĖĎ‚ĖĎ‚Ėí‚Ėí‚Ėď‚ĖĎ   ‚Ė†‚ĖĎ 
                                                  ‚Ėą‚Ėą      ‚Ėą‚Ėď‚ĖĎ‚Ėď‚ĖĎ‚ĖĎ‚ĖĎ‚Ėí‚Ėí‚Ėí‚ĖĎ‚Ėí‚Ėí‚Ėí‚Ėď‚Ėď     ‚ĖĎ
                                                   ‚Ėą      ‚Ėą‚Ėď‚Ėď‚ĖĎ‚ĖĎ‚ĖĎ‚ĖĎ‚Ėí‚Ėí‚Ėí‚Ėí‚Ėí‚Ėí‚Ėí‚Ėď‚Ėď      
                                                   ‚Ėą ‚Ė†     ‚Ėą‚ĖĎ‚ĖĎ‚ĖĎ‚ĖĎ‚Ėí‚ĖísDG‚Ėí‚Ėď‚Ėď‚Ėď‚ĖĎ      
                                                   ‚Ėą‚Ėą       ‚Ėą‚ĖĎ‚ĖĎ‚Ėí‚Ėí‚Ėí‚Ėą‚Ėď‚Ėď‚Ėď‚Ėď‚ĖĎ‚ĖĎ‚ĖĎ      
                                                    ‚Ėď       ‚Ėą‚Ėą‚Ėą‚Ėą‚Ėą‚ĖĎ‚Ėď‚ĖĎ‚ĖĎ‚ĖĎ‚ĖĎ         
                                                    ‚Ėď‚Ėď                          
                                                     ‚Ėď ‚Ė†                        
                                                      ‚ĖĎ
