                                                                                
  -     R  e  q  u  e  s  t  e  d     S  e  r  i  e  s     G  r  o  u  p     -  
                                                                                
                                                   █                            
                                                   ░█                           
                                                    █▒░                         
                                                    ▒██                         
                               █                    ░██░                        
                                █                    ░██                        
                                ░█                    ███                       
                                 ██                  ░███                       
                                  ██ ░                 ███                      
                                  ░██                  ████                     
          ░                        ██                 ░▒████                    
         ░░                        ███                 ░████░                   
     ▓░░░    ░░░                    ██ ░                █████                   
 ░░▓▓███░    ▓█▓░                   ▓██                 ▓█████                  
 ░███████░  ▓███▓                   ░██░                ░█████                  
 ░░░░░███░▓█████▓░                   ███                 ██████                 
      ▀██████████▓░                   ███                ▓█████░                
      ▓█████ ▓████▓                   ███             ░  ░██████░               
      ▓███▓█  ▓███▓                   ███░    ░       ▓   ███████               
     █▓███░█  ░▓█▓░                   ░███     █      █   ████████              
    ▓ ▓███░█  ▓█░░                     ███░    █      █   ░███████              
  ▓▓▓▓▓███ █ ▓█▓                       ████    █░    ░█░   █▒▒▒▒██░             
 ▓▓███████ █▓███░                      ████    ██    ██    ██▒▒▒▒██             
    ░█████ ██████░                     ████░  ░██   ░██░   ██▒▒████░            
     ░████░█ ▓▓███                     ░███░ ░███   ░██    ▓██▒█▒▒██            
     ░████░█  ░███░                    ░██░░ ░███   ███    ▒████████░           
      ████░█   ▓██░                   ░░  ░░█████░░░███    ░███▒█████           
     ░▓███░█   ░███                   ░██████░ ░░ ░████     ███░░▓███░          
    ░▓██████    ███░           ░    ░░███░░░██████████░     ███  ░████          
   ░█████████▓█ ▓███░           █    ■█░██████████████      ██▓   ▓███          
  ▓███████████░ ░████░         ██   ▒░█▓███■▒████████       ███    ████         
 ▓▓▓░▄▀ ░░▓██░   ▓██░░        ████░ ░░░░███▒░██ ░░░░    ▓   ███░ ░ ████░        
   █▀      ░▓░   ░▓░░        ░██████████░░█████ █████░░░    █████  ▀███░        
                             ██▒░░███████░░ ░██░██░░░███▓   █████  ░████        
                             ███▒▓████████ ████████████     █████   ████░       
                            ░█████████████░░█████▀░░███     █████   █████       
            ░               ███████▀░ ░░░██ █████▄░░  ░     █████   █████░      
           ░░               ██████░ ░██████▓█▓░░████▓█▀▓    █████   ░████░      
       ░▓█░                 █████  ░██████░░ ░█▓ ██▓░     ░░█████   ░█████      
      ░▓█████░▓▓▓           ████░ ░██ ░  ░   ███░░▓█       ▓█████    █████░░    
      ▓██████████           ███░   ░         ░███░ ░       █████░    █████░     
     ░██   ▀██▀             ▓██               ███▄         █████░    █████▓     
     ██░     ▓              ░██              ░████        ░█████   ░ ░████▓     
     ██░    ▓█               ██             ░█████░       ██████ ░    ░████     
    ████▓▓░█████░░           ██           ▄▓██████▄       ██████ ▄█     ███░    
   █▀█████████████░░         ░█      ░ ▄████████░░▓      ▓█████░ █▓░    ████    
  ▓█ ▓▓█████▓▓▓▓████          █     ░███████████  ▓      ██████ ░███░   ▓███    
  ██▓▓  ▓  █   ░░░██░         █   ░█████████████        ██████░ ▓███    ▓███░   
  ▀█████▓▓██████░ ░██            ░█████████▓▓██▓ ░     ░██████░░████▓   ░██▓░   
   ██████████████░ ██           ▄███████▓░░ ███  ░     ██████░ ██████   ▓███▓   
     █████████████░██          ░█████░░ ░ ░░███ ▄▓░   ▄█████░ ░██░ ░▓   ████▓   
    ░░░░▓▓     ▓██░██         ░▓███░░  █   ███░ ██░  ▄█████░ ░███   ▓  ░█████   
   ░█████▓░░  ░██ ░█░         ░███░  ░██  ░▓█░░▄█████████▓░  ████░  ░  █████▓░  
  ▓█████████ ░██  ██░         ▓█▓░░ █▓▓▀ ░▓█░ ░█████████░░░░█████░    ░██████   
 ░██▓  ▀███████░ ██░          ▓█▓░░▓███░ ▓▓░ ░█████████▀ ░░███████     ██████░  
 ░█▀     █████▓███░           ▓▓░ ▄▓░ ▓░░░  ░██████████  ░████████░    ▓█████░  
 ░█▄   ▄▀▀░░████░░          ░ ▓█  ██░░     ▓██████████  ░█████▓████    ░█████▓  
 ░░███▓     ░░░░░             ██  █░ ▓ ░  ███████████░  ████▓░ ░██▓░    █████▓  
  ░░░░░                     ░ ▓█ ░█░░▓▄  ▓▓█▓█░░█████  ▓█████▄  ░███    ██████  
                            ▓ ░▓░░██░▓▓  ██▓█░  ░▀███  ███████░  ███░   ██████  
                          ░ ▓  ▓░ ███▓░ ▓████     ██░  ████████░ ░██▒   ██████  
              ░            ▄█░░▓  ████  ████▓░░   ▓█░  ███░████▓  ██▓   ██████  
             ░░            ▓▓▓  ░░  ░   ██████    ░█░  ███░░████   ██   ██████  
          ▓▓█              ▓██          █████  ░   ▓░  ░█▓  ░███░  ██  ░██████  
         ▓████▓▓           ████  ░▓██   █████  █   ░▓░      ░████  ▀█  ░██████  
       ▓██████████        ░████████▀    ████░ ░█    ░       ░ ███░ ░█  ▒██████░ 
      ▓███▒██████          ███████░░░░  ████░ ▄█              ███░  █  ▓██████  
      ███▒  ▓▓▓▓▓         ░██████░░▓█▓░░░███  ▀██░             ██▄  █░ ░░░████  
     ▓███                  ███▓░░ █▓░    ██▓░ ░███             ▓██  █     ░███░ 
    ▓██▓█                  ███░  ██▀░    ▓█▀ ▓ ████           ░░██  ▓      ███░ 
   ▓██░██   ▄▄▄▄░░         ███ ░███    ░ ░█▄ █ ░████░           ▓█  ▒      ███░ 
   ██▓░██  ▓██████░        ███████▓░ ░░█ ░█▓░▓█░░████▓          ░█░ ▒      ███░ 
  ▓██▓░██  ████████░       ███████░░█ ░█░ ▀█ ▓█▓░ █████░ ░       █░ ░      ███░ 
  ▓██ ░██▓   ░  ████       ▀██████░ █░░██  █ ░███  ▓████░        █▓ ░░     ███  
 ▓███ ░██▓  ░▓   ███        ████▓█ ░█░░██░ ▀ ░████ ░░████▓ ░     ▓█        ▒██  
 ▓███▒░██  ░▓▓   ▓██        ████░░░██▓ ███ ░░ ████▓  ░████▓░     ░█       ▓███  
 ▓███▒▒██  ░▓░   ▓██        ▀██▓░░ ███ ████░░ ▓████░  ░▒████ ░   ░█       ████  
  ▓██████ ▒██▓▓████░        ░███   ███ ░████░  ░████  ░▓████░     █      █████░ 
   ████ █ ▓▓░  ▒▓██░         ███   ███░ ░▀███░   ███░   █████░    █   ░ ░█████  
   ████▓█░▓▓  ▒███░           ██░ ░▓▓██   ▀███░  ░███   ░▒████    ▓   ░░█▒███▓  
    █████▓▓▓▒▒███░            ▓██ ░░███   ░████   ███  ░ ▓████░   ░   ░███▒██░  
     ▒█████████░░              ██▄  ████░  ░███░  ███░  ░░█████       ███████   
       ░██░░░░░                ░██░ ▀███▄  ░███▄  ███▄    ▓████░      ███████   
                                ▀██░░████▄  ███▓  ████    ░█████     ░██████▓   
                                ░███░░█████████░ ░████     ▓████░    ░██████░   
                                ░▓███▓▓████████  ▄████    ░░████▓    ███████    
                                  ▓███████████░  ████▓      █████    ██████░    
                                  ░░█████████▓  ▄████░      █████    ██████     
         is                         ░████████░  █████       ▓████░  ░█████▓     
                                     ░███████░ ▓█████       ░████░  ░█████░     
        quite                         ▀█▓███▓ ░█████░        ████▓  ▓████░      
                                      ░▓░▓██▀ ██████░        █████  ████▓░      
        proud                         ░   ██▓░█████░         █████  ████        
                                          ▓██▓█████░         █████  ███▀        
         to                               ▓░████▓█░           ████  ███░        
                              ░           ░██████░            ░███  ███         
       present                            ██████               ███  ██▓░        
                               ░         ▒████▓░               ▀█▓  ██░         
         You                   ░        ▓███▒█                  █▓  ▓▓          
                               ▀▓      ▓███▒█                   ▓░  ▓▓          
          :                     ░▄    ░█████                    ▓░  ▓▓          
                                ░▒▓ ▓█▓█▒██▀                    ▓   █▓          
                                 ░▓▓▒▓███▓░                     ▓   ▓░          
                                 ██▒▓▓▓█░                       ▓   ▓░          
                                  ▀░▓█▀                         ░   ▓░          
    Desperate Housewives (2009)                                     ░           
    S06E10 - Der grosse Krach                                       ░░          
                                                                    ▓░          
    Cinema Date ..... : N/A                                          ░          
    Store Date DE ... : 14.10.2010                                  █▄    █     
    Release Date .... : 03.10.2010                                 ████  ██     
    Production Year . : 2009                                       ██ █▄ ██     
    Runtime ......... : 45 min                                     ██ ▀█ ██     
    Genre ........... : Comedy | Drama                             ██  ████     
    Video-Source .... : PAL-DVD                                    ██   ██▀     
    Format .......... : XviD                                        ▀    █ F O  
    Aspect Ratio .....: 640 x 352                                   ▓           
    Video Bitrate ... : 1025 kbps                                   ▓▓          
    Audio Bitrate ... : MP3 @ 142kbps DE VBR                        █▓          
    Subs ............ : DE EN FR TR PT ARABiC                        ▓          
    Size ............ : 19 x 20mb                                    ▓          
    Imdb ............ : http://www.imdb.com/title/tt0410975/         ▒          
    Rating .......... : 8.0/10 (23,678 votes)                       ▓▒          
                                                                    ▓█          
                                                                    ▓█          
                                                                    ▒▓          
                                                                    ▒  ▄        
                                                                    ░ ████▄     
                                                                      ██  ██    
                                                                      ██  ██    
                                                                      ██   █    
    http://www.serienjunkies.de/Desperate-Housewives/season6.html     ██  ▄█    
                                                                      ██▄██▀    
                                                                      ███       
                                                                      ██        
                                                                      █▀ L O T  
                                                                    ░           
                                                                    ░▓          
                                                                    ▓▓          
                                                                    ▓           
                                                                    ▓█          
                                                                    ▒▓          
                                                                    ▒▓          
                                                                    ▒           
    searching : nothing                                           █▄    █       
                                                                 ████  ██       
                                                                 ██ █▄ ██       
                                                                 ██ ▀█ ██       
                                                                 ██  ████       
                                                                 ██   ██▀       
                                                                  ▀    █ O T E  
                                                                    ░           
                                      ▒▒                            ▓▒          
               ▓▓▓▓░                 ▒██▒▒        ▓▓▓▓▓             ░▒          
              █████▓░     ▓▓▓▓▓▓▓   ▒████▒     ▓▓███████▓           ░           
            ▓███▓███░    ▓▓█████▒▒ ▒██ ▒█▒    ▓██████████▓          ▀           
            ██▓ ▓███░   ▓███▒ ▒██▒ ██  ██   ▓▓███      ███▓                     
           ▓█▓  ████░  ▓███▒   ▒████▒███   ▓███    ▓▓▓▓▓███▒                    
          ░██ ░████░  ▓███    █████████  ▓▓███   ▓█████▓███▒                    
          ░█▓ ░░██░  ▓███   ░██░█ █     ▓███    ▓█████▓▓███▒                    
          ░█▓  ░░░  ▓███▒   ██░██ █ ▓▓▓████     ▓██▓▓  ▓███▒                    
          ░██░     ▓███     ████  ███████       ▓███▓▓█████▒                    
           ███░░░░▓███▒      ██    ████         ▓▓████████▓                     
           ░█████████▒                           ▓███████▓                      
            ░██████▒▒    ascii by Wolfenstein     ▓█████░                       
             ░▒▒▒▒                                 ░░░░░                        
                                                                               
