ÔĽŅ                                                                                
  -     R  e  q  u  e  s  t  e  d     S  e  r  i  e  s     G  r  o  u  p     -  
                                                                                
                                                   ‚Ėą                            
                                                   ‚ĖĎ‚Ėą                           
                                                    ‚Ėą‚Ėí‚ĖĎ                         
                                                    ‚Ėí‚Ėą‚Ėą                         
                               ‚Ėą                    ‚ĖĎ‚Ėą‚Ėą‚ĖĎ                        
                                ‚Ėą                    ‚ĖĎ‚Ėą‚Ėą                        
                                ‚ĖĎ‚Ėą                    ‚Ėą‚Ėą‚Ėą                       
                                 ‚Ėą‚Ėą                  ‚ĖĎ‚Ėą‚Ėą‚Ėą                       
                                  ‚Ėą‚Ėą ‚ĖĎ                 ‚Ėą‚Ėą‚Ėą                      
                                  ‚ĖĎ‚Ėą‚Ėą                  ‚Ėą‚Ėą‚Ėą‚Ėą                     
          ‚ĖĎ                        ‚Ėą‚Ėą                 ‚ĖĎ‚Ėí‚Ėą‚Ėą‚Ėą‚Ėą                    
         ‚ĖĎ‚ĖĎ                        ‚Ėą‚Ėą‚Ėą                 ‚ĖĎ‚Ėą‚Ėą‚Ėą‚Ėą‚ĖĎ                   
     ‚Ėď‚ĖĎ‚ĖĎ‚ĖĎ    ‚ĖĎ‚ĖĎ‚ĖĎ                    ‚Ėą‚Ėą ‚ĖĎ                ‚Ėą‚Ėą‚Ėą‚Ėą‚Ėą                   
 ‚ĖĎ‚ĖĎ‚Ėď‚Ėď‚Ėą‚Ėą‚Ėą‚ĖĎ    ‚Ėď‚Ėą‚Ėď‚ĖĎ                   ‚Ėď‚Ėą‚Ėą                 ‚Ėď‚Ėą‚Ėą‚Ėą‚Ėą‚Ėą                  
 ‚ĖĎ‚Ėą‚Ėą‚Ėą‚Ėą‚Ėą‚Ėą‚Ėą‚ĖĎ  ‚Ėď‚Ėą‚Ėą‚Ėą‚Ėď                   ‚ĖĎ‚Ėą‚Ėą‚ĖĎ                ‚ĖĎ‚Ėą‚Ėą‚Ėą‚Ėą‚Ėą                  
 ‚ĖĎ‚ĖĎ‚ĖĎ‚ĖĎ‚ĖĎ‚Ėą‚Ėą‚Ėą‚ĖĎ‚Ėď‚Ėą‚Ėą‚Ėą‚Ėą‚Ėą‚Ėď‚ĖĎ                   ‚Ėą‚Ėą‚Ėą                 ‚Ėą‚Ėą‚Ėą‚Ėą‚Ėą‚Ėą                 
      ‚ĖÄ‚Ėą‚Ėą‚Ėą‚Ėą‚Ėą‚Ėą‚Ėą‚Ėą‚Ėą‚Ėą‚Ėď‚ĖĎ                   ‚Ėą‚Ėą‚Ėą                ‚Ėď‚Ėą‚Ėą‚Ėą‚Ėą‚Ėą‚ĖĎ                
      ‚Ėď‚Ėą‚Ėą‚Ėą‚Ėą‚Ėą ‚Ėď‚Ėą‚Ėą‚Ėą‚Ėą‚Ėď                   ‚Ėą‚Ėą‚Ėą             ‚ĖĎ  ‚ĖĎ‚Ėą‚Ėą‚Ėą‚Ėą‚Ėą‚Ėą‚ĖĎ               
      ‚Ėď‚Ėą‚Ėą‚Ėą‚Ėď‚Ėą  ‚Ėď‚Ėą‚Ėą‚Ėą‚Ėď                   ‚Ėą‚Ėą‚Ėą‚ĖĎ    ‚ĖĎ       ‚Ėď   ‚Ėą‚Ėą‚Ėą‚Ėą‚Ėą‚Ėą‚Ėą               
     ‚Ėą‚Ėď‚Ėą‚Ėą‚Ėą‚ĖĎ‚Ėą  ‚ĖĎ‚Ėď‚Ėą‚Ėď‚ĖĎ                   ‚ĖĎ‚Ėą‚Ėą‚Ėą     ‚Ėą      ‚Ėą   ‚Ėą‚Ėą‚Ėą‚Ėą‚Ėą‚Ėą‚Ėą‚Ėą              
    ‚Ėď ‚Ėď‚Ėą‚Ėą‚Ėą‚ĖĎ‚Ėą  ‚Ėď‚Ėą‚ĖĎ‚ĖĎ                     ‚Ėą‚Ėą‚Ėą‚ĖĎ    ‚Ėą      ‚Ėą   ‚ĖĎ‚Ėą‚Ėą‚Ėą‚Ėą‚Ėą‚Ėą‚Ėą              
  ‚Ėď‚Ėď‚Ėď‚Ėď‚Ėď‚Ėą‚Ėą‚Ėą ‚Ėą ‚Ėď‚Ėą‚Ėď                       ‚Ėą‚Ėą‚Ėą‚Ėą    ‚Ėą‚ĖĎ    ‚ĖĎ‚Ėą‚ĖĎ   ‚Ėą‚Ėí‚Ėí‚Ėí‚Ėí‚Ėą‚Ėą‚ĖĎ             
 ‚Ėď‚Ėď‚Ėą‚Ėą‚Ėą‚Ėą‚Ėą‚Ėą‚Ėą ‚Ėą‚Ėď‚Ėą‚Ėą‚Ėą‚ĖĎ                      ‚Ėą‚Ėą‚Ėą‚Ėą    ‚Ėą‚Ėą    ‚Ėą‚Ėą    ‚Ėą‚Ėą‚Ėí‚Ėí‚Ėí‚Ėí‚Ėą‚Ėą             
    ‚ĖĎ‚Ėą‚Ėą‚Ėą‚Ėą‚Ėą ‚Ėą‚Ėą‚Ėą‚Ėą‚Ėą‚Ėą‚ĖĎ                     ‚Ėą‚Ėą‚Ėą‚Ėą‚ĖĎ  ‚ĖĎ‚Ėą‚Ėą   ‚ĖĎ‚Ėą‚Ėą‚ĖĎ   ‚Ėą‚Ėą‚Ėí‚Ėí‚Ėą‚Ėą‚Ėą‚Ėą‚ĖĎ            
     ‚ĖĎ‚Ėą‚Ėą‚Ėą‚Ėą‚ĖĎ‚Ėą ‚Ėď‚Ėď‚Ėą‚Ėą‚Ėą                     ‚ĖĎ‚Ėą‚Ėą‚Ėą‚ĖĎ ‚ĖĎ‚Ėą‚Ėą‚Ėą   ‚ĖĎ‚Ėą‚Ėą    ‚Ėď‚Ėą‚Ėą‚Ėí‚Ėą‚Ėí‚Ėí‚Ėą‚Ėą            
     ‚ĖĎ‚Ėą‚Ėą‚Ėą‚Ėą‚ĖĎ‚Ėą  ‚ĖĎ‚Ėą‚Ėą‚Ėą‚ĖĎ                    ‚ĖĎ‚Ėą‚Ėą‚ĖĎ‚ĖĎ ‚ĖĎ‚Ėą‚Ėą‚Ėą   ‚Ėą‚Ėą‚Ėą    ‚Ėí‚Ėą‚Ėą‚Ėą‚Ėą‚Ėą‚Ėą‚Ėą‚Ėą‚ĖĎ           
      ‚Ėą‚Ėą‚Ėą‚Ėą‚ĖĎ‚Ėą   ‚Ėď‚Ėą‚Ėą‚ĖĎ                   ‚ĖĎ‚ĖĎ  ‚ĖĎ‚ĖĎ‚Ėą‚Ėą‚Ėą‚Ėą‚Ėą‚ĖĎ‚ĖĎ‚ĖĎ‚Ėą‚Ėą‚Ėą    ‚ĖĎ‚Ėą‚Ėą‚Ėą‚Ėí‚Ėą‚Ėą‚Ėą‚Ėą‚Ėą           
     ‚ĖĎ‚Ėď‚Ėą‚Ėą‚Ėą‚ĖĎ‚Ėą   ‚ĖĎ‚Ėą‚Ėą‚Ėą                   ‚ĖĎ‚Ėą‚Ėą‚Ėą‚Ėą‚Ėą‚Ėą‚ĖĎ ‚ĖĎ‚ĖĎ ‚ĖĎ‚Ėą‚Ėą‚Ėą‚Ėą     ‚Ėą‚Ėą‚Ėą‚ĖĎ‚ĖĎ‚Ėď‚Ėą‚Ėą‚Ėą‚ĖĎ          
    ‚ĖĎ‚Ėď‚Ėą‚Ėą‚Ėą‚Ėą‚Ėą‚Ėą    ‚Ėą‚Ėą‚Ėą‚ĖĎ           ‚ĖĎ    ‚ĖĎ‚ĖĎ‚Ėą‚Ėą‚Ėą‚ĖĎ‚ĖĎ‚ĖĎ‚Ėą‚Ėą‚Ėą‚Ėą‚Ėą‚Ėą‚Ėą‚Ėą‚Ėą‚Ėą‚ĖĎ     ‚Ėą‚Ėą‚Ėą  ‚ĖĎ‚Ėą‚Ėą‚Ėą‚Ėą          
   ‚ĖĎ‚Ėą‚Ėą‚Ėą‚Ėą‚Ėą‚Ėą‚Ėą‚Ėą‚Ėą‚Ėď‚Ėą ‚Ėď‚Ėą‚Ėą‚Ėą‚ĖĎ           ‚Ėą    ‚Ė†‚Ėą‚ĖĎ‚Ėą‚Ėą‚Ėą‚Ėą‚Ėą‚Ėą‚Ėą‚Ėą‚Ėą‚Ėą‚Ėą‚Ėą‚Ėą‚Ėą      ‚Ėą‚Ėą‚Ėď   ‚Ėď‚Ėą‚Ėą‚Ėą          
  ‚Ėď‚Ėą‚Ėą‚Ėą‚Ėą‚Ėą‚Ėą‚Ėą‚Ėą‚Ėą‚Ėą‚Ėą‚ĖĎ ‚ĖĎ‚Ėą‚Ėą‚Ėą‚Ėą‚ĖĎ         ‚Ėą‚Ėą   ‚Ėí‚ĖĎ‚Ėą‚Ėď‚Ėą‚Ėą‚Ėą‚Ė†‚Ėí‚Ėą‚Ėą‚Ėą‚Ėą‚Ėą‚Ėą‚Ėą‚Ėą       ‚Ėą‚Ėą‚Ėą    ‚Ėą‚Ėą‚Ėą‚Ėą         
 ‚Ėď‚Ėď‚Ėď‚ĖĎ‚ĖĄ‚ĖÄ ‚ĖĎ‚ĖĎ‚Ėď‚Ėą‚Ėą‚ĖĎ   ‚Ėď‚Ėą‚Ėą‚ĖĎ‚ĖĎ        ‚Ėą‚Ėą‚Ėą‚Ėą‚ĖĎ ‚ĖĎ‚ĖĎ‚ĖĎ‚ĖĎ‚Ėą‚Ėą‚Ėą‚Ėí‚ĖĎ‚Ėą‚Ėą ‚ĖĎ‚ĖĎ‚ĖĎ‚ĖĎ    ‚Ėď   ‚Ėą‚Ėą‚Ėą‚ĖĎ ‚ĖĎ ‚Ėą‚Ėą‚Ėą‚Ėą‚ĖĎ        
   ‚Ėą‚ĖÄ      ‚ĖĎ‚Ėď‚ĖĎ   ‚ĖĎ‚Ėď‚ĖĎ‚ĖĎ        ‚ĖĎ‚Ėą‚Ėą‚Ėą‚Ėą‚Ėą‚Ėą‚Ėą‚Ėą‚Ėą‚Ėą‚ĖĎ‚ĖĎ‚Ėą‚Ėą‚Ėą‚Ėą‚Ėą ‚Ėą‚Ėą‚Ėą‚Ėą‚Ėą‚ĖĎ‚ĖĎ‚ĖĎ    ‚Ėą‚Ėą‚Ėą‚Ėą‚Ėą  ‚ĖÄ‚Ėą‚Ėą‚Ėą‚ĖĎ        
                             ‚Ėą‚Ėą‚Ėí‚ĖĎ‚ĖĎ‚Ėą‚Ėą‚Ėą‚Ėą‚Ėą‚Ėą‚Ėą‚ĖĎ‚ĖĎ ‚ĖĎ‚Ėą‚Ėą‚ĖĎ‚Ėą‚Ėą‚ĖĎ‚ĖĎ‚ĖĎ‚Ėą‚Ėą‚Ėą‚Ėď   ‚Ėą‚Ėą‚Ėą‚Ėą‚Ėą  ‚ĖĎ‚Ėą‚Ėą‚Ėą‚Ėą        
                             ‚Ėą‚Ėą‚Ėą‚Ėí‚Ėď‚Ėą‚Ėą‚Ėą‚Ėą‚Ėą‚Ėą‚Ėą‚Ėą ‚Ėą‚Ėą‚Ėą‚Ėą‚Ėą‚Ėą‚Ėą‚Ėą‚Ėą‚Ėą‚Ėą‚Ėą     ‚Ėą‚Ėą‚Ėą‚Ėą‚Ėą   ‚Ėą‚Ėą‚Ėą‚Ėą‚ĖĎ       
                            ‚ĖĎ‚Ėą‚Ėą‚Ėą‚Ėą‚Ėą‚Ėą‚Ėą‚Ėą‚Ėą‚Ėą‚Ėą‚Ėą‚Ėą‚ĖĎ‚ĖĎ‚Ėą‚Ėą‚Ėą‚Ėą‚Ėą‚ĖÄ‚ĖĎ‚ĖĎ‚Ėą‚Ėą‚Ėą     ‚Ėą‚Ėą‚Ėą‚Ėą‚Ėą   ‚Ėą‚Ėą‚Ėą‚Ėą‚Ėą       
            ‚ĖĎ               ‚Ėą‚Ėą‚Ėą‚Ėą‚Ėą‚Ėą‚Ėą‚ĖÄ‚ĖĎ ‚ĖĎ‚ĖĎ‚ĖĎ‚Ėą‚Ėą ‚Ėą‚Ėą‚Ėą‚Ėą‚Ėą‚ĖĄ‚ĖĎ‚ĖĎ  ‚ĖĎ     ‚Ėą‚Ėą‚Ėą‚Ėą‚Ėą   ‚Ėą‚Ėą‚Ėą‚Ėą‚Ėą‚ĖĎ      
           ‚ĖĎ‚ĖĎ               ‚Ėą‚Ėą‚Ėą‚Ėą‚Ėą‚Ėą‚ĖĎ ‚ĖĎ‚Ėą‚Ėą‚Ėą‚Ėą‚Ėą‚Ėą‚Ėď‚Ėą‚Ėď‚ĖĎ‚ĖĎ‚Ėą‚Ėą‚Ėą‚Ėą‚Ėď‚Ėą‚ĖÄ‚Ėď    ‚Ėą‚Ėą‚Ėą‚Ėą‚Ėą   ‚ĖĎ‚Ėą‚Ėą‚Ėą‚Ėą‚ĖĎ      
       ‚ĖĎ‚Ėď‚Ėą‚ĖĎ                 ‚Ėą‚Ėą‚Ėą‚Ėą‚Ėą  ‚ĖĎ‚Ėą‚Ėą‚Ėą‚Ėą‚Ėą‚Ėą‚ĖĎ‚ĖĎ ‚ĖĎ‚Ėą‚Ėď ‚Ėą‚Ėą‚Ėď‚ĖĎ     ‚ĖĎ‚ĖĎ‚Ėą‚Ėą‚Ėą‚Ėą‚Ėą   ‚ĖĎ‚Ėą‚Ėą‚Ėą‚Ėą‚Ėą      
      ‚ĖĎ‚Ėď‚Ėą‚Ėą‚Ėą‚Ėą‚Ėą‚ĖĎ‚Ėď‚Ėď‚Ėď           ‚Ėą‚Ėą‚Ėą‚Ėą‚ĖĎ ‚ĖĎ‚Ėą‚Ėą ‚ĖĎ  ‚ĖĎ   ‚Ėą‚Ėą‚Ėą‚ĖĎ‚ĖĎ‚Ėď‚Ėą       ‚Ėď‚Ėą‚Ėą‚Ėą‚Ėą‚Ėą    ‚Ėą‚Ėą‚Ėą‚Ėą‚Ėą‚ĖĎ‚ĖĎ    
      ‚Ėď‚Ėą‚Ėą‚Ėą‚Ėą‚Ėą‚Ėą‚Ėą‚Ėą‚Ėą‚Ėą           ‚Ėą‚Ėą‚Ėą‚ĖĎ   ‚ĖĎ         ‚ĖĎ‚Ėą‚Ėą‚Ėą‚ĖĎ ‚ĖĎ       ‚Ėą‚Ėą‚Ėą‚Ėą‚Ėą‚ĖĎ    ‚Ėą‚Ėą‚Ėą‚Ėą‚Ėą‚ĖĎ     
     ‚ĖĎ‚Ėą‚Ėą   ‚ĖÄ‚Ėą‚Ėą‚ĖÄ             ‚Ėď‚Ėą‚Ėą               ‚Ėą‚Ėą‚Ėą‚ĖĄ         ‚Ėą‚Ėą‚Ėą‚Ėą‚Ėą‚ĖĎ    ‚Ėą‚Ėą‚Ėą‚Ėą‚Ėą‚Ėď     
     ‚Ėą‚Ėą‚ĖĎ     ‚Ėď              ‚ĖĎ‚Ėą‚Ėą              ‚ĖĎ‚Ėą‚Ėą‚Ėą‚Ėą        ‚ĖĎ‚Ėą‚Ėą‚Ėą‚Ėą‚Ėą   ‚ĖĎ ‚ĖĎ‚Ėą‚Ėą‚Ėą‚Ėą‚Ėď     
     ‚Ėą‚Ėą‚ĖĎ    ‚Ėď‚Ėą               ‚Ėą‚Ėą             ‚ĖĎ‚Ėą‚Ėą‚Ėą‚Ėą‚Ėą‚ĖĎ       ‚Ėą‚Ėą‚Ėą‚Ėą‚Ėą‚Ėą ‚ĖĎ    ‚ĖĎ‚Ėą‚Ėą‚Ėą‚Ėą     
    ‚Ėą‚Ėą‚Ėą‚Ėą‚Ėď‚Ėď‚ĖĎ‚Ėą‚Ėą‚Ėą‚Ėą‚Ėą‚ĖĎ‚ĖĎ           ‚Ėą‚Ėą           ‚ĖĄ‚Ėď‚Ėą‚Ėą‚Ėą‚Ėą‚Ėą‚Ėą‚ĖĄ       ‚Ėą‚Ėą‚Ėą‚Ėą‚Ėą‚Ėą ‚ĖĄ‚Ėą     ‚Ėą‚Ėą‚Ėą‚ĖĎ    
   ‚Ėą‚ĖÄ‚Ėą‚Ėą‚Ėą‚Ėą‚Ėą‚Ėą‚Ėą‚Ėą‚Ėą‚Ėą‚Ėą‚Ėą‚Ėą‚ĖĎ‚ĖĎ         ‚ĖĎ‚Ėą      ‚ĖĎ ‚ĖĄ‚Ėą‚Ėą‚Ėą‚Ėą‚Ėą‚Ėą‚Ėą‚Ėą‚ĖĎ‚ĖĎ‚Ėď      ‚Ėď‚Ėą‚Ėą‚Ėą‚Ėą‚Ėą‚ĖĎ ‚Ėą‚Ėď‚ĖĎ    ‚Ėą‚Ėą‚Ėą‚Ėą    
  ‚Ėď‚Ėą ‚Ėď‚Ėď‚Ėą‚Ėą‚Ėą‚Ėą‚Ėą‚Ėď‚Ėď‚Ėď‚Ėď‚Ėą‚Ėą‚Ėą‚Ėą          ‚Ėą     ‚ĖĎ‚Ėą‚Ėą‚Ėą‚Ėą‚Ėą‚Ėą‚Ėą‚Ėą‚Ėą‚Ėą‚Ėą  ‚Ėď      ‚Ėą‚Ėą‚Ėą‚Ėą‚Ėą‚Ėą ‚ĖĎ‚Ėą‚Ėą‚Ėą‚ĖĎ   ‚Ėď‚Ėą‚Ėą‚Ėą    
  ‚Ėą‚Ėą‚Ėď‚Ėď  ‚Ėď  ‚Ėą   ‚ĖĎ‚ĖĎ‚ĖĎ‚Ėą‚Ėą‚ĖĎ         ‚Ėą   ‚ĖĎ‚Ėą‚Ėą‚Ėą‚Ėą‚Ėą‚Ėą‚Ėą‚Ėą‚Ėą‚Ėą‚Ėą‚Ėą‚Ėą        ‚Ėą‚Ėą‚Ėą‚Ėą‚Ėą‚Ėą‚ĖĎ ‚Ėď‚Ėą‚Ėą‚Ėą    ‚Ėď‚Ėą‚Ėą‚Ėą‚ĖĎ   
  ‚ĖÄ‚Ėą‚Ėą‚Ėą‚Ėą‚Ėą‚Ėď‚Ėď‚Ėą‚Ėą‚Ėą‚Ėą‚Ėą‚Ėą‚ĖĎ ‚ĖĎ‚Ėą‚Ėą            ‚ĖĎ‚Ėą‚Ėą‚Ėą‚Ėą‚Ėą‚Ėą‚Ėą‚Ėą‚Ėą‚Ėď‚Ėď‚Ėą‚Ėą‚Ėď ‚ĖĎ     ‚ĖĎ‚Ėą‚Ėą‚Ėą‚Ėą‚Ėą‚Ėą‚ĖĎ‚ĖĎ‚Ėą‚Ėą‚Ėą‚Ėą‚Ėď   ‚ĖĎ‚Ėą‚Ėą‚Ėď‚ĖĎ   
   ‚Ėą‚Ėą‚Ėą‚Ėą‚Ėą‚Ėą‚Ėą‚Ėą‚Ėą‚Ėą‚Ėą‚Ėą‚Ėą‚Ėą‚ĖĎ ‚Ėą‚Ėą           ‚ĖĄ‚Ėą‚Ėą‚Ėą‚Ėą‚Ėą‚Ėą‚Ėą‚Ėď‚ĖĎ‚ĖĎ ‚Ėą‚Ėą‚Ėą  ‚ĖĎ     ‚Ėą‚Ėą‚Ėą‚Ėą‚Ėą‚Ėą‚ĖĎ ‚Ėą‚Ėą‚Ėą‚Ėą‚Ėą‚Ėą   ‚Ėď‚Ėą‚Ėą‚Ėą‚Ėď   
     ‚Ėą‚Ėą‚Ėą‚Ėą‚Ėą‚Ėą‚Ėą‚Ėą‚Ėą‚Ėą‚Ėą‚Ėą‚Ėą‚ĖĎ‚Ėą‚Ėą          ‚ĖĎ‚Ėą‚Ėą‚Ėą‚Ėą‚Ėą‚ĖĎ‚ĖĎ ‚ĖĎ ‚ĖĎ‚ĖĎ‚Ėą‚Ėą‚Ėą ‚ĖĄ‚Ėď‚ĖĎ   ‚ĖĄ‚Ėą‚Ėą‚Ėą‚Ėą‚Ėą‚ĖĎ ‚ĖĎ‚Ėą‚Ėą‚ĖĎ ‚ĖĎ‚Ėď   ‚Ėą‚Ėą‚Ėą‚Ėą‚Ėď   
    ‚ĖĎ‚ĖĎ‚ĖĎ‚ĖĎ‚Ėď‚Ėď     ‚Ėď‚Ėą‚Ėą‚ĖĎ‚Ėą‚Ėą         ‚ĖĎ‚Ėď‚Ėą‚Ėą‚Ėą‚ĖĎ‚ĖĎ  ‚Ėą   ‚Ėą‚Ėą‚Ėą‚ĖĎ ‚Ėą‚Ėą‚ĖĎ  ‚ĖĄ‚Ėą‚Ėą‚Ėą‚Ėą‚Ėą‚ĖĎ ‚ĖĎ‚Ėą‚Ėą‚Ėą   ‚Ėď  ‚ĖĎ‚Ėą‚Ėą‚Ėą‚Ėą‚Ėą   
   ‚ĖĎ‚Ėą‚Ėą‚Ėą‚Ėą‚Ėą‚Ėď‚ĖĎ‚ĖĎ  ‚ĖĎ‚Ėą‚Ėą ‚ĖĎ‚Ėą‚ĖĎ         ‚ĖĎ‚Ėą‚Ėą‚Ėą‚ĖĎ  ‚ĖĎ‚Ėą‚Ėą  ‚ĖĎ‚Ėď‚Ėą‚ĖĎ‚ĖĎ‚ĖĄ‚Ėą‚Ėą‚Ėą‚Ėą‚Ėą‚Ėą‚Ėą‚Ėą‚Ėą‚Ėď‚ĖĎ  ‚Ėą‚Ėą‚Ėą‚Ėą‚ĖĎ  ‚ĖĎ  ‚Ėą‚Ėą‚Ėą‚Ėą‚Ėą‚Ėď‚ĖĎ  
  ‚Ėď‚Ėą‚Ėą‚Ėą‚Ėą‚Ėą‚Ėą‚Ėą‚Ėą‚Ėą ‚ĖĎ‚Ėą‚Ėą  ‚Ėą‚Ėą‚ĖĎ         ‚Ėď‚Ėą‚Ėď‚ĖĎ‚ĖĎ ‚Ėą‚Ėď‚Ėď‚ĖÄ ‚ĖĎ‚Ėď‚Ėą‚ĖĎ ‚ĖĎ‚Ėą‚Ėą‚Ėą‚Ėą‚Ėą‚Ėą‚Ėą‚Ėą‚Ėą‚ĖĎ‚ĖĎ‚ĖĎ‚ĖĎ‚Ėą‚Ėą‚Ėą‚Ėą‚Ėą‚ĖĎ    ‚ĖĎ‚Ėą‚Ėą‚Ėą‚Ėą‚Ėą‚Ėą   
 ‚ĖĎ‚Ėą‚Ėą‚Ėď  ‚ĖÄ‚Ėą‚Ėą‚Ėą‚Ėą‚Ėą‚Ėą‚Ėą‚ĖĎ ‚Ėą‚Ėą‚ĖĎ          ‚Ėď‚Ėą‚Ėď‚ĖĎ‚ĖĎ‚Ėď‚Ėą‚Ėą‚Ėą‚ĖĎ ‚Ėď‚Ėď‚ĖĎ ‚ĖĎ‚Ėą‚Ėą‚Ėą‚Ėą‚Ėą‚Ėą‚Ėą‚Ėą‚Ėą‚ĖÄ ‚ĖĎ‚ĖĎ‚Ėą‚Ėą‚Ėą‚Ėą‚Ėą‚Ėą‚Ėą     ‚Ėą‚Ėą‚Ėą‚Ėą‚Ėą‚Ėą‚ĖĎ  
 ‚ĖĎ‚Ėą‚ĖÄ     ‚Ėą‚Ėą‚Ėą‚Ėą‚Ėą‚Ėď‚Ėą‚Ėą‚Ėą‚ĖĎ           ‚Ėď‚Ėď‚ĖĎ ‚ĖĄ‚Ėď‚ĖĎ ‚Ėď‚ĖĎ‚ĖĎ‚ĖĎ  ‚ĖĎ‚Ėą‚Ėą‚Ėą‚Ėą‚Ėą‚Ėą‚Ėą‚Ėą‚Ėą‚Ėą  ‚ĖĎ‚Ėą‚Ėą‚Ėą‚Ėą‚Ėą‚Ėą‚Ėą‚Ėą‚ĖĎ    ‚Ėď‚Ėą‚Ėą‚Ėą‚Ėą‚Ėą‚ĖĎ  
 ‚ĖĎ‚Ėą‚ĖĄ   ‚ĖĄ‚ĖÄ‚ĖÄ‚ĖĎ‚ĖĎ‚Ėą‚Ėą‚Ėą‚Ėą‚ĖĎ‚ĖĎ          ‚ĖĎ ‚Ėď‚Ėą  ‚Ėą‚Ėą‚ĖĎ‚ĖĎ     ‚Ėď‚Ėą‚Ėą‚Ėą‚Ėą‚Ėą‚Ėą‚Ėą‚Ėą‚Ėą‚Ėą  ‚ĖĎ‚Ėą‚Ėą‚Ėą‚Ėą‚Ėą‚Ėď‚Ėą‚Ėą‚Ėą‚Ėą    ‚ĖĎ‚Ėą‚Ėą‚Ėą‚Ėą‚Ėą‚Ėď  
 ‚ĖĎ‚ĖĎ‚Ėą‚Ėą‚Ėą‚Ėď     ‚ĖĎ‚ĖĎ‚ĖĎ‚ĖĎ‚ĖĎ             ‚Ėą‚Ėą  ‚Ėą‚ĖĎ ‚Ėď ‚ĖĎ  ‚Ėą‚Ėą‚Ėą‚Ėą‚Ėą‚Ėą‚Ėą‚Ėą‚Ėą‚Ėą‚Ėą‚ĖĎ  ‚Ėą‚Ėą‚Ėą‚Ėą‚Ėď‚ĖĎ ‚ĖĎ‚Ėą‚Ėą‚Ėď‚ĖĎ    ‚Ėą‚Ėą‚Ėą‚Ėą‚Ėą‚Ėď  
  ‚ĖĎ‚ĖĎ‚ĖĎ‚ĖĎ‚ĖĎ                     ‚ĖĎ ‚Ėď‚Ėą ‚ĖĎ‚Ėą‚ĖĎ‚ĖĎ‚Ėď‚ĖĄ  ‚Ėď‚Ėď‚Ėą‚Ėď‚Ėą‚ĖĎ‚ĖĎ‚Ėą‚Ėą‚Ėą‚Ėą‚Ėą  ‚Ėď‚Ėą‚Ėą‚Ėą‚Ėą‚Ėą‚ĖĄ  ‚ĖĎ‚Ėą‚Ėą‚Ėą    ‚Ėą‚Ėą‚Ėą‚Ėą‚Ėą‚Ėą  
                            ‚Ėď ‚ĖĎ‚Ėď‚ĖĎ‚ĖĎ‚Ėą‚Ėą‚ĖĎ‚Ėď‚Ėď  ‚Ėą‚Ėą‚Ėď‚Ėą‚ĖĎ  ‚ĖĎ‚ĖÄ‚Ėą‚Ėą‚Ėą  ‚Ėą‚Ėą‚Ėą‚Ėą‚Ėą‚Ėą‚Ėą‚ĖĎ  ‚Ėą‚Ėą‚Ėą‚ĖĎ   ‚Ėą‚Ėą‚Ėą‚Ėą‚Ėą‚Ėą  
                          ‚ĖĎ ‚Ėď  ‚Ėď‚ĖĎ ‚Ėą‚Ėą‚Ėą‚Ėď‚ĖĎ ‚Ėď‚Ėą‚Ėą‚Ėą‚Ėą     ‚Ėą‚Ėą‚ĖĎ  ‚Ėą‚Ėą‚Ėą‚Ėą‚Ėą‚Ėą‚Ėą‚Ėą‚ĖĎ ‚ĖĎ‚Ėą‚Ėą‚Ėí   ‚Ėą‚Ėą‚Ėą‚Ėą‚Ėą‚Ėą  
              ‚ĖĎ            ‚ĖĄ‚Ėą‚ĖĎ‚ĖĎ‚Ėď  ‚Ėą‚Ėą‚Ėą‚Ėą  ‚Ėą‚Ėą‚Ėą‚Ėą‚Ėď‚ĖĎ‚ĖĎ   ‚Ėď‚Ėą‚ĖĎ  ‚Ėą‚Ėą‚Ėą‚ĖĎ‚Ėą‚Ėą‚Ėą‚Ėą‚Ėď  ‚Ėą‚Ėą‚Ėď   ‚Ėą‚Ėą‚Ėą‚Ėą‚Ėą‚Ėą  
             ‚ĖĎ‚ĖĎ            ‚Ėď‚Ėď‚Ėď  ‚ĖĎ‚ĖĎ  ‚ĖĎ   ‚Ėą‚Ėą‚Ėą‚Ėą‚Ėą‚Ėą    ‚ĖĎ‚Ėą‚ĖĎ  ‚Ėą‚Ėą‚Ėą‚ĖĎ‚ĖĎ‚Ėą‚Ėą‚Ėą‚Ėą   ‚Ėą‚Ėą   ‚Ėą‚Ėą‚Ėą‚Ėą‚Ėą‚Ėą  
          ‚Ėď‚Ėď‚Ėą              ‚Ėď‚Ėą‚Ėą          ‚Ėą‚Ėą‚Ėą‚Ėą‚Ėą  ‚ĖĎ   ‚Ėď‚ĖĎ  ‚ĖĎ‚Ėą‚Ėď  ‚ĖĎ‚Ėą‚Ėą‚Ėą‚ĖĎ  ‚Ėą‚Ėą  ‚ĖĎ‚Ėą‚Ėą‚Ėą‚Ėą‚Ėą‚Ėą  
         ‚Ėď‚Ėą‚Ėą‚Ėą‚Ėą‚Ėď‚Ėď           ‚Ėą‚Ėą‚Ėą‚Ėą  ‚ĖĎ‚Ėď‚Ėą‚Ėą   ‚Ėą‚Ėą‚Ėą‚Ėą‚Ėą  ‚Ėą   ‚ĖĎ‚Ėď‚ĖĎ      ‚ĖĎ‚Ėą‚Ėą‚Ėą‚Ėą  ‚ĖÄ‚Ėą  ‚ĖĎ‚Ėą‚Ėą‚Ėą‚Ėą‚Ėą‚Ėą  
       ‚Ėď‚Ėą‚Ėą‚Ėą‚Ėą‚Ėą‚Ėą‚Ėą‚Ėą‚Ėą‚Ėą        ‚ĖĎ‚Ėą‚Ėą‚Ėą‚Ėą‚Ėą‚Ėą‚Ėą‚Ėą‚ĖÄ    ‚Ėą‚Ėą‚Ėą‚Ėą‚ĖĎ ‚ĖĎ‚Ėą    ‚ĖĎ       ‚ĖĎ ‚Ėą‚Ėą‚Ėą‚ĖĎ ‚ĖĎ‚Ėą  ‚Ėí‚Ėą‚Ėą‚Ėą‚Ėą‚Ėą‚Ėą‚ĖĎ 
      ‚Ėď‚Ėą‚Ėą‚Ėą‚Ėí‚Ėą‚Ėą‚Ėą‚Ėą‚Ėą‚Ėą          ‚Ėą‚Ėą‚Ėą‚Ėą‚Ėą‚Ėą‚Ėą‚ĖĎ‚ĖĎ‚ĖĎ‚ĖĎ  ‚Ėą‚Ėą‚Ėą‚Ėą‚ĖĎ ‚ĖĄ‚Ėą              ‚Ėą‚Ėą‚Ėą‚ĖĎ  ‚Ėą  ‚Ėď‚Ėą‚Ėą‚Ėą‚Ėą‚Ėą‚Ėą  
      ‚Ėą‚Ėą‚Ėą‚Ėí  ‚Ėď‚Ėď‚Ėď‚Ėď‚Ėď         ‚ĖĎ‚Ėą‚Ėą‚Ėą‚Ėą‚Ėą‚Ėą‚ĖĎ‚ĖĎ‚Ėď‚Ėą‚Ėď‚ĖĎ‚ĖĎ‚ĖĎ‚Ėą‚Ėą‚Ėą  ‚ĖÄ‚Ėą‚Ėą‚ĖĎ             ‚Ėą‚Ėą‚ĖĄ  ‚Ėą‚ĖĎ ‚ĖĎ‚ĖĎ‚ĖĎ‚Ėą‚Ėą‚Ėą‚Ėą  
     ‚Ėď‚Ėą‚Ėą‚Ėą                  ‚Ėą‚Ėą‚Ėą‚Ėď‚ĖĎ‚ĖĎ ‚Ėą‚Ėď‚ĖĎ    ‚Ėą‚Ėą‚Ėď‚ĖĎ ‚ĖĎ‚Ėą‚Ėą‚Ėą             ‚Ėď‚Ėą‚Ėą  ‚Ėą     ‚ĖĎ‚Ėą‚Ėą‚Ėą‚ĖĎ 
    ‚Ėď‚Ėą‚Ėą‚Ėď‚Ėą                  ‚Ėą‚Ėą‚Ėą‚ĖĎ  ‚Ėą‚Ėą‚ĖÄ‚ĖĎ    ‚Ėď‚Ėą‚ĖÄ ‚Ėď ‚Ėą‚Ėą‚Ėą‚Ėą           ‚ĖĎ‚ĖĎ‚Ėą‚Ėą  ‚Ėď      ‚Ėą‚Ėą‚Ėą‚ĖĎ 
   ‚Ėď‚Ėą‚Ėą‚ĖĎ‚Ėą‚Ėą   ‚ĖĄ‚ĖĄ‚ĖĄ‚ĖĄ‚ĖĎ‚ĖĎ         ‚Ėą‚Ėą‚Ėą ‚ĖĎ‚Ėą‚Ėą‚Ėą    ‚ĖĎ ‚ĖĎ‚Ėą‚ĖĄ ‚Ėą ‚ĖĎ‚Ėą‚Ėą‚Ėą‚Ėą‚ĖĎ           ‚Ėď‚Ėą  ‚Ėí      ‚Ėą‚Ėą‚Ėą‚ĖĎ 
   ‚Ėą‚Ėą‚Ėď‚ĖĎ‚Ėą‚Ėą  ‚Ėď‚Ėą‚Ėą‚Ėą‚Ėą‚Ėą‚Ėą‚ĖĎ        ‚Ėą‚Ėą‚Ėą‚Ėą‚Ėą‚Ėą‚Ėą‚Ėď‚ĖĎ ‚ĖĎ‚ĖĎ‚Ėą ‚ĖĎ‚Ėą‚Ėď‚ĖĎ‚Ėď‚Ėą‚ĖĎ‚ĖĎ‚Ėą‚Ėą‚Ėą‚Ėą‚Ėď          ‚ĖĎ‚Ėą‚ĖĎ ‚Ėí      ‚Ėą‚Ėą‚Ėą‚ĖĎ 
  ‚Ėď‚Ėą‚Ėą‚Ėď‚ĖĎ‚Ėą‚Ėą  ‚Ėą‚Ėą‚Ėą‚Ėą‚Ėą‚Ėą‚Ėą‚Ėą‚ĖĎ       ‚Ėą‚Ėą‚Ėą‚Ėą‚Ėą‚Ėą‚Ėą‚ĖĎ‚ĖĎ‚Ėą ‚ĖĎ‚Ėą‚ĖĎ ‚ĖÄ‚Ėą ‚Ėď‚Ėą‚Ėď‚ĖĎ ‚Ėą‚Ėą‚Ėą‚Ėą‚Ėą‚ĖĎ ‚ĖĎ       ‚Ėą‚ĖĎ ‚ĖĎ      ‚Ėą‚Ėą‚Ėą‚ĖĎ 
  ‚Ėď‚Ėą‚Ėą ‚ĖĎ‚Ėą‚Ėą‚Ėď   ‚ĖĎ  ‚Ėą‚Ėą‚Ėą‚Ėą       ‚ĖÄ‚Ėą‚Ėą‚Ėą‚Ėą‚Ėą‚Ėą‚ĖĎ ‚Ėą‚ĖĎ‚ĖĎ‚Ėą‚Ėą  ‚Ėą ‚ĖĎ‚Ėą‚Ėą‚Ėą  ‚Ėď‚Ėą‚Ėą‚Ėą‚Ėą‚ĖĎ        ‚Ėą‚Ėď ‚ĖĎ‚ĖĎ     ‚Ėą‚Ėą‚Ėą  
 ‚Ėď‚Ėą‚Ėą‚Ėą ‚ĖĎ‚Ėą‚Ėą‚Ėď  ‚ĖĎ‚Ėď   ‚Ėą‚Ėą‚Ėą        ‚Ėą‚Ėą‚Ėą‚Ėą‚Ėď‚Ėą ‚ĖĎ‚Ėą‚ĖĎ‚ĖĎ‚Ėą‚Ėą‚ĖĎ ‚ĖÄ ‚ĖĎ‚Ėą‚Ėą‚Ėą‚Ėą ‚ĖĎ‚ĖĎ‚Ėą‚Ėą‚Ėą‚Ėą‚Ėď ‚ĖĎ     ‚Ėď‚Ėą        ‚Ėí‚Ėą‚Ėą  
 ‚Ėď‚Ėą‚Ėą‚Ėą‚Ėí‚ĖĎ‚Ėą‚Ėą  ‚ĖĎ‚Ėď‚Ėď   ‚Ėď‚Ėą‚Ėą        ‚Ėą‚Ėą‚Ėą‚Ėą‚ĖĎ‚ĖĎ‚ĖĎ‚Ėą‚Ėą‚Ėď ‚Ėą‚Ėą‚Ėą ‚ĖĎ‚ĖĎ ‚Ėą‚Ėą‚Ėą‚Ėą‚Ėď  ‚ĖĎ‚Ėą‚Ėą‚Ėą‚Ėą‚Ėď‚ĖĎ     ‚ĖĎ‚Ėą       ‚Ėď‚Ėą‚Ėą‚Ėą  
 ‚Ėď‚Ėą‚Ėą‚Ėą‚Ėí‚Ėí‚Ėą‚Ėą  ‚ĖĎ‚Ėď‚ĖĎ   ‚Ėď‚Ėą‚Ėą        ‚ĖÄ‚Ėą‚Ėą‚Ėď‚ĖĎ‚ĖĎ ‚Ėą‚Ėą‚Ėą ‚Ėą‚Ėą‚Ėą‚Ėą‚ĖĎ‚ĖĎ ‚Ėď‚Ėą‚Ėą‚Ėą‚Ėą‚ĖĎ  ‚ĖĎ‚Ėí‚Ėą‚Ėą‚Ėą‚Ėą ‚ĖĎ   ‚ĖĎ‚Ėą       ‚Ėą‚Ėą‚Ėą‚Ėą  
  ‚Ėď‚Ėą‚Ėą‚Ėą‚Ėą‚Ėą‚Ėą ‚Ėí‚Ėą‚Ėą‚Ėď‚Ėď‚Ėą‚Ėą‚Ėą‚Ėą‚ĖĎ        ‚ĖĎ‚Ėą‚Ėą‚Ėą   ‚Ėą‚Ėą‚Ėą ‚ĖĎ‚Ėą‚Ėą‚Ėą‚Ėą‚ĖĎ  ‚ĖĎ‚Ėą‚Ėą‚Ėą‚Ėą  ‚ĖĎ‚Ėď‚Ėą‚Ėą‚Ėą‚Ėą‚ĖĎ     ‚Ėą      ‚Ėą‚Ėą‚Ėą‚Ėą‚Ėą‚ĖĎ 
   ‚Ėą‚Ėą‚Ėą‚Ėą ‚Ėą ‚Ėď‚Ėď‚ĖĎ  ‚Ėí‚Ėď‚Ėą‚Ėą‚ĖĎ         ‚Ėą‚Ėą‚Ėą   ‚Ėą‚Ėą‚Ėą‚ĖĎ ‚ĖĎ‚ĖÄ‚Ėą‚Ėą‚Ėą‚ĖĎ   ‚Ėą‚Ėą‚Ėą‚ĖĎ   ‚Ėą‚Ėą‚Ėą‚Ėą‚Ėą‚ĖĎ    ‚Ėą   ‚ĖĎ ‚ĖĎ‚Ėą‚Ėą‚Ėą‚Ėą‚Ėą  
   ‚Ėą‚Ėą‚Ėą‚Ėą‚Ėď‚Ėą‚ĖĎ‚Ėď‚Ėď  ‚Ėí‚Ėą‚Ėą‚Ėą‚ĖĎ           ‚Ėą‚Ėą‚ĖĎ ‚ĖĎ‚Ėď‚Ėď‚Ėą‚Ėą   ‚ĖÄ‚Ėą‚Ėą‚Ėą‚ĖĎ  ‚ĖĎ‚Ėą‚Ėą‚Ėą   ‚ĖĎ‚Ėí‚Ėą‚Ėą‚Ėą‚Ėą    ‚Ėď   ‚ĖĎ‚ĖĎ‚Ėą‚Ėí‚Ėą‚Ėą‚Ėą‚Ėď  
    ‚Ėą‚Ėą‚Ėą‚Ėą‚Ėą‚Ėď‚Ėď‚Ėď‚Ėí‚Ėí‚Ėą‚Ėą‚Ėą‚ĖĎ            ‚Ėď‚Ėą‚Ėą ‚ĖĎ‚ĖĎ‚Ėą‚Ėą‚Ėą   ‚ĖĎ‚Ėą‚Ėą‚Ėą‚Ėą   ‚Ėą‚Ėą‚Ėą  ‚ĖĎ ‚Ėď‚Ėą‚Ėą‚Ėą‚Ėą‚ĖĎ   ‚ĖĎ   ‚ĖĎ‚Ėą‚Ėą‚Ėą‚Ėí‚Ėą‚Ėą‚ĖĎ  
     ‚Ėí‚Ėą‚Ėą‚Ėą‚Ėą‚Ėą‚Ėą‚Ėą‚Ėą‚Ėą‚ĖĎ‚ĖĎ              ‚Ėą‚Ėą‚ĖĄ  ‚Ėą‚Ėą‚Ėą‚Ėą‚ĖĎ  ‚ĖĎ‚Ėą‚Ėą‚Ėą‚ĖĎ  ‚Ėą‚Ėą‚Ėą‚ĖĎ  ‚ĖĎ‚ĖĎ‚Ėą‚Ėą‚Ėą‚Ėą‚Ėą       ‚Ėą‚Ėą‚Ėą‚Ėą‚Ėą‚Ėą‚Ėą   
       ‚ĖĎ‚Ėą‚Ėą‚ĖĎ‚ĖĎ‚ĖĎ‚ĖĎ‚ĖĎ                ‚ĖĎ‚Ėą‚Ėą‚ĖĎ ‚ĖÄ‚Ėą‚Ėą‚Ėą‚ĖĄ  ‚ĖĎ‚Ėą‚Ėą‚Ėą‚ĖĄ  ‚Ėą‚Ėą‚Ėą‚ĖĄ    ‚Ėď‚Ėą‚Ėą‚Ėą‚Ėą‚ĖĎ      ‚Ėą‚Ėą‚Ėą‚Ėą‚Ėą‚Ėą‚Ėą   
                                ‚ĖÄ‚Ėą‚Ėą‚ĖĎ‚ĖĎ‚Ėą‚Ėą‚Ėą‚Ėą‚ĖĄ  ‚Ėą‚Ėą‚Ėą‚Ėď  ‚Ėą‚Ėą‚Ėą‚Ėą    ‚ĖĎ‚Ėą‚Ėą‚Ėą‚Ėą‚Ėą     ‚ĖĎ‚Ėą‚Ėą‚Ėą‚Ėą‚Ėą‚Ėą‚Ėď   
                                ‚ĖĎ‚Ėą‚Ėą‚Ėą‚ĖĎ‚ĖĎ‚Ėą‚Ėą‚Ėą‚Ėą‚Ėą‚Ėą‚Ėą‚Ėą‚Ėą‚ĖĎ ‚ĖĎ‚Ėą‚Ėą‚Ėą‚Ėą     ‚Ėď‚Ėą‚Ėą‚Ėą‚Ėą‚ĖĎ    ‚ĖĎ‚Ėą‚Ėą‚Ėą‚Ėą‚Ėą‚Ėą‚ĖĎ   
                                ‚ĖĎ‚Ėď‚Ėą‚Ėą‚Ėą‚Ėď‚Ėď‚Ėą‚Ėą‚Ėą‚Ėą‚Ėą‚Ėą‚Ėą‚Ėą  ‚ĖĄ‚Ėą‚Ėą‚Ėą‚Ėą    ‚ĖĎ‚ĖĎ‚Ėą‚Ėą‚Ėą‚Ėą‚Ėď    ‚Ėą‚Ėą‚Ėą‚Ėą‚Ėą‚Ėą‚Ėą    
                                  ‚Ėď‚Ėą‚Ėą‚Ėą‚Ėą‚Ėą‚Ėą‚Ėą‚Ėą‚Ėą‚Ėą‚Ėą‚ĖĎ  ‚Ėą‚Ėą‚Ėą‚Ėą‚Ėď      ‚Ėą‚Ėą‚Ėą‚Ėą‚Ėą    ‚Ėą‚Ėą‚Ėą‚Ėą‚Ėą‚Ėą‚ĖĎ    
                                  ‚ĖĎ‚ĖĎ‚Ėą‚Ėą‚Ėą‚Ėą‚Ėą‚Ėą‚Ėą‚Ėą‚Ėą‚Ėď  ‚ĖĄ‚Ėą‚Ėą‚Ėą‚Ėą‚ĖĎ      ‚Ėą‚Ėą‚Ėą‚Ėą‚Ėą    ‚Ėą‚Ėą‚Ėą‚Ėą‚Ėą‚Ėą     
         is                         ‚ĖĎ‚Ėą‚Ėą‚Ėą‚Ėą‚Ėą‚Ėą‚Ėą‚Ėą‚ĖĎ  ‚Ėą‚Ėą‚Ėą‚Ėą‚Ėą       ‚Ėď‚Ėą‚Ėą‚Ėą‚Ėą‚ĖĎ  ‚ĖĎ‚Ėą‚Ėą‚Ėą‚Ėą‚Ėą‚Ėď     
                                     ‚ĖĎ‚Ėą‚Ėą‚Ėą‚Ėą‚Ėą‚Ėą‚Ėą‚ĖĎ ‚Ėď‚Ėą‚Ėą‚Ėą‚Ėą‚Ėą       ‚ĖĎ‚Ėą‚Ėą‚Ėą‚Ėą‚ĖĎ  ‚ĖĎ‚Ėą‚Ėą‚Ėą‚Ėą‚Ėą‚ĖĎ     
        quite                         ‚ĖÄ‚Ėą‚Ėď‚Ėą‚Ėą‚Ėą‚Ėď ‚ĖĎ‚Ėą‚Ėą‚Ėą‚Ėą‚Ėą‚ĖĎ        ‚Ėą‚Ėą‚Ėą‚Ėą‚Ėď  ‚Ėď‚Ėą‚Ėą‚Ėą‚Ėą‚ĖĎ      
                                      ‚ĖĎ‚Ėď‚ĖĎ‚Ėď‚Ėą‚Ėą‚ĖÄ ‚Ėą‚Ėą‚Ėą‚Ėą‚Ėą‚Ėą‚ĖĎ        ‚Ėą‚Ėą‚Ėą‚Ėą‚Ėą  ‚Ėą‚Ėą‚Ėą‚Ėą‚Ėď‚ĖĎ      
        proud                         ‚ĖĎ   ‚Ėą‚Ėą‚Ėď‚ĖĎ‚Ėą‚Ėą‚Ėą‚Ėą‚Ėą‚ĖĎ         ‚Ėą‚Ėą‚Ėą‚Ėą‚Ėą  ‚Ėą‚Ėą‚Ėą‚Ėą        
                              ‚Ė≤           ‚Ėď‚Ėą‚Ėą‚Ėď‚Ėą‚Ėą‚Ėą‚Ėą‚Ėą‚ĖĎ         ‚Ėą‚Ėą‚Ėą‚Ėą‚Ėą  ‚Ėą‚Ėą‚Ėą‚ĖÄ        
         to                               ‚Ėď‚ĖĎ‚Ėą‚Ėą‚Ėą‚Ėą‚Ėď‚Ėą‚ĖĎ           ‚Ėą‚Ėą‚Ėą‚Ėą  ‚Ėą‚Ėą‚Ėą‚ĖĎ        
                              ‚ĖĎ           ‚ĖĎ‚Ėą‚Ėą‚Ėą‚Ėą‚Ėą‚Ėą‚ĖĎ            ‚ĖĎ‚Ėą‚Ėą‚Ėą  ‚Ėą‚Ėą‚Ėą         
       present                            ‚Ėą‚Ėą‚Ėą‚Ėą‚Ėą‚Ėą               ‚Ėą‚Ėą‚Ėą  ‚Ėą‚Ėą‚Ėď‚ĖĎ        
                               ‚ĖĎ         ‚Ėí‚Ėą‚Ėą‚Ėą‚Ėą‚Ėď‚ĖĎ               ‚ĖÄ‚Ėą‚Ėď  ‚Ėą‚Ėą‚ĖĎ         
         You                   ‚ĖĎ        ‚Ėď‚Ėą‚Ėą‚Ėą‚Ėí‚Ėą                  ‚Ėą‚Ėď  ‚Ėď‚Ėď          
                               ‚ĖÄ‚Ėď      ‚Ėď‚Ėą‚Ėą‚Ėą‚Ėí‚Ėą                   ‚Ėď‚ĖĎ  ‚Ėď‚Ėď          
          :                     ‚ĖĎ‚ĖĄ    ‚ĖĎ‚Ėą‚Ėą‚Ėą‚Ėą‚Ėą                    ‚Ėď‚ĖĎ  ‚Ėď‚Ėď          
                                ‚ĖĎ‚Ėí‚Ėď ‚Ėď‚Ėą‚Ėď‚Ėą‚Ėí‚Ėą‚Ėą‚ĖÄ                    ‚Ėď   ‚Ėą‚Ėď          
                                 ‚ĖĎ‚Ėď‚Ėď‚Ėí‚Ėď‚Ėą‚Ėą‚Ėą‚Ėď‚ĖĎ                     ‚Ėď   ‚Ėď‚ĖĎ          
                                 ‚Ėą‚Ėą‚Ėí‚Ėď‚Ėď‚Ėď‚Ėą‚ĖĎ                       ‚Ėď   ‚Ėď‚ĖĎ          
                                  ‚ĖÄ‚ĖĎ‚Ėď‚Ėą‚ĖÄ                         ‚ĖĎ   ‚Ėď‚ĖĎ          
                                                                    ‚ĖĎ           
    Capote (2005)                                                   ‚ĖĎ‚ĖĎ          
                                                                    ‚Ėď‚ĖĎ          
    Cinema Date ..... : 02.03.2006                                   ‚ĖĎ          
    Store Date DE ... : 16.04.2009                                  ‚Ėą‚ĖĄ    ‚Ėą     
    Release Date .... : 26.04.2009                                 ‚Ėą‚Ėą‚Ėą‚Ėą  ‚Ėą‚Ėą     
    Production Year . : 2005                                       ‚Ėą‚Ėą ‚Ėą‚ĖĄ ‚Ėą‚Ėą     
    Runtime ......... : 93 min                                     ‚Ėą‚Ėą ‚ĖÄ‚Ėą ‚Ėą‚Ėą     
    Genre ........... : Drama                                      ‚Ėą‚Ėą  ‚Ėą‚Ėą‚Ėą‚Ėą     
    Video-Source .... : Bluray                                     ‚Ėą‚Ėą   ‚Ėą‚Ėą‚ĖÄ     
    Format .......... : mkv x264                                    ‚ĖÄ    ‚Ėą F O  
    Video ........... : 1920 x 816 @ 10286 kbps @ crf 22            ‚Ėď           
    Audio ........... : AC3 640 kbps DE | AC3 640 kbps EN           ‚Ėď‚Ėď          
    Subs ............ : DE forced                                    ‚Ėí          
    Size ............ : 78 x 100mb                                   ‚Ėí          
    Imdb ............ : http://www.imdb.com/title/tt0379725/        ‚Ėď‚Ėí          
    Rating .......... : 7.6/10 (35,805 votes)                       ‚Ėď‚Ėą          
                                                                    ‚Ėď‚Ėą          
                                                                    ‚Ėí‚Ėď          
                                                                    ‚Ėí  ‚ĖĄ        
                                                                    ‚ĖĎ ‚Ėą‚Ėą‚Ėą‚Ėą‚ĖĄ     
    Im Jahr 1959 reist der ebenso talentierte wie extravagante        ‚Ėą‚Ėą  ‚Ėą‚Ėą    
    Reporter Truman Capote (Philip Seymour Hoffman) nach              ‚Ėą‚Ėą   ‚Ėą    
    Kansas, um f‚ĀŅr die New York Times ‚ĀŅber einen aufsehen-            ‚Ėą‚Ėą  ‚ĖĄ‚Ėą    
    erregenden Mordfall zu berichten. Dort, inmitten von              ‚Ėą‚Ėą‚ĖĄ‚Ėą‚Ėą‚ĖÄ    
    Amerikas endlosem Farmland, haben zwei Streuner soeben            ‚Ėą‚Ėą‚Ėą       
    eine komplette Familie ermordet, nachdem sie in deren Haus        ‚Ėą‚Ėą        
    erfolglos nach Beute gest√∑bert hatten. Capote knuepft             ‚Ėą‚ĖÄ L O T  
    enge Kontakte zu einem der Verhafteten und weckt das            ‚ĖĎ           
    Misstrauen von Sheriff Dewey (Chris Cooper).                    ‚ĖĎ‚Ėď          
                                                                    ‚Ėď‚Ėď          
                                                                    ‚Ėď           
                                                                    ‚Ėď‚Ėą          
                                                                    ‚Ėí‚Ėď          
                                                                    ‚Ėí‚Ėď          
                                                                    ‚Ėí           
    searching : Talented Ripper and Supplier                      ‚Ėą‚ĖĄ    ‚Ėą       
                You know how to find us or                       ‚Ėą‚Ėą‚Ėą‚Ėą  ‚Ėą‚Ėą       
                contact us under recruiting@hush.ai              ‚Ėą‚Ėą ‚Ėą‚ĖĄ ‚Ėą‚Ėą       
                                                                 ‚Ėą‚Ėą ‚ĖÄ‚Ėą ‚Ėą‚Ėą       
                                                                 ‚Ėą‚Ėą  ‚Ėą‚Ėą‚Ėą‚Ėą       
                                                                 ‚Ėą‚Ėą   ‚Ėą‚Ėą‚ĖÄ       
                                                                  ‚ĖÄ    ‚Ėą O T E  
                                                                    ‚ĖĎ           
                                      ‚Ėí‚Ėí                            ‚Ėď‚Ėí          
               ‚Ėď‚Ėď‚Ėď‚Ėď‚ĖĎ                 ‚Ėí‚Ėą‚Ėą‚Ėí‚Ėí        ‚Ėď‚Ėď‚Ėď‚Ėď‚Ėď             ‚ĖĎ‚Ėí          
              ‚Ėą‚Ėą‚Ėą‚Ėą‚Ėą‚Ėď‚ĖĎ     ‚Ėď‚Ėď‚Ėď‚Ėď‚Ėď‚Ėď‚Ėď   ‚Ėí‚Ėą‚Ėą‚Ėą‚Ėą‚Ėí     ‚Ėď‚Ėď‚Ėą‚Ėą‚Ėą‚Ėą‚Ėą‚Ėą‚Ėą‚Ėď           ‚ĖĎ           
            ‚Ėď‚Ėą‚Ėą‚Ėą‚Ėď‚Ėą‚Ėą‚Ėą‚ĖĎ    ‚Ėď‚Ėď‚Ėą‚Ėą‚Ėą‚Ėą‚Ėą‚Ėí‚Ėí ‚Ėí‚Ėą‚Ėą ‚Ėí‚Ėą‚Ėí    ‚Ėď‚Ėą‚Ėą‚Ėą‚Ėą‚Ėą‚Ėą‚Ėą‚Ėą‚Ėą‚Ėą‚Ėď          ‚ĖÄ           
            ‚Ėą‚Ėą‚Ėď ‚Ėď‚Ėą‚Ėą‚Ėą‚ĖĎ   ‚Ėď‚Ėą‚Ėą‚Ėą‚Ėí ‚Ėí‚Ėą‚Ėą‚Ėí ‚Ėą‚Ėą  ‚Ėą‚Ėą   ‚Ėď‚Ėď‚Ėą‚Ėą‚Ėą      ‚Ėą‚Ėą‚Ėą‚Ėď                     
           ‚Ėď‚Ėą‚Ėď  ‚Ėą‚Ėą‚Ėą‚Ėą‚ĖĎ  ‚Ėď‚Ėą‚Ėą‚Ėą‚Ėí   ‚Ėí‚Ėą‚Ėą‚Ėą‚Ėą‚Ėí‚Ėą‚Ėą‚Ėą   ‚Ėď‚Ėą‚Ėą‚Ėą    ‚Ėď‚Ėď‚Ėď‚Ėď‚Ėď‚Ėą‚Ėą‚Ėą‚Ėí                    
          ‚ĖĎ‚Ėą‚Ėą ‚ĖĎ‚Ėą‚Ėą‚Ėą‚Ėą‚ĖĎ  ‚Ėď‚Ėą‚Ėą‚Ėą    ‚Ėą‚Ėą‚Ėą‚Ėą‚Ėą‚Ėą‚Ėą‚Ėą‚Ėą  ‚Ėď‚Ėď‚Ėą‚Ėą‚Ėą   ‚Ėď‚Ėą‚Ėą‚Ėą‚Ėą‚Ėą‚Ėď‚Ėą‚Ėą‚Ėą‚Ėí                    
          ‚ĖĎ‚Ėą‚Ėď ‚ĖĎ‚ĖĎ‚Ėą‚Ėą‚ĖĎ  ‚Ėď‚Ėą‚Ėą‚Ėą   ‚ĖĎ‚Ėą‚Ėą‚ĖĎ‚Ėą ‚Ėą     ‚Ėď‚Ėą‚Ėą‚Ėą    ‚Ėď‚Ėą‚Ėą‚Ėą‚Ėą‚Ėą‚Ėď‚Ėď‚Ėą‚Ėą‚Ėą‚Ėí                    
          ‚ĖĎ‚Ėą‚Ėď  ‚ĖĎ‚ĖĎ‚ĖĎ  ‚Ėď‚Ėą‚Ėą‚Ėą‚Ėí   ‚Ėą‚Ėą‚ĖĎ‚Ėą‚Ėą ‚Ėą ‚Ėď‚Ėď‚Ėď‚Ėą‚Ėą‚Ėą‚Ėą     ‚Ėď‚Ėą‚Ėą‚Ėď‚Ėď  ‚Ėď‚Ėą‚Ėą‚Ėą‚Ėí                    
          ‚ĖĎ‚Ėą‚Ėą‚ĖĎ     ‚Ėď‚Ėą‚Ėą‚Ėą     ‚Ėą‚Ėą‚Ėą‚Ėą  ‚Ėą‚Ėą‚Ėą‚Ėą‚Ėą‚Ėą‚Ėą       ‚Ėď‚Ėą‚Ėą‚Ėą‚Ėď‚Ėď‚Ėą‚Ėą‚Ėą‚Ėą‚Ėą‚Ėí                    
           ‚Ėą‚Ėą‚Ėą‚ĖĎ‚ĖĎ‚ĖĎ‚ĖĎ‚Ėď‚Ėą‚Ėą‚Ėą‚Ėí      ‚Ėą‚Ėą    ‚Ėą‚Ėą‚Ėą‚Ėą         ‚Ėď‚Ėď‚Ėą‚Ėą‚Ėą‚Ėą‚Ėą‚Ėą‚Ėą‚Ėą‚Ėď                     
           ‚ĖĎ‚Ėą‚Ėą‚Ėą‚Ėą‚Ėą‚Ėą‚Ėą‚Ėą‚Ėą‚Ėí                           ‚Ėď‚Ėą‚Ėą‚Ėą‚Ėą‚Ėą‚Ėą‚Ėą‚Ėď                      
            ‚ĖĎ‚Ėą‚Ėą‚Ėą‚Ėą‚Ėą‚Ėą‚Ėí‚Ėí    ascii by Wolfenstein     ‚Ėď‚Ėą‚Ėą‚Ėą‚Ėą‚Ėą‚ĖĎ                       
             ‚ĖĎ‚Ėí‚Ėí‚Ėí‚Ėí                                 ‚ĖĎ‚ĖĎ‚ĖĎ‚ĖĎ‚ĖĎ                        
                                                                               
