ÔĽŅ                                                                 ‚Ėí‚Ėď‚Ėď‚Ėď‚ĖĎ‚ĖĎ‚Ėí‚Ėí‚ĖĎ‚ĖĎ‚Ėą    
                                                   ‚Ėí‚Ėí‚Ėí‚ĖĎ‚Ėí‚Ėí‚ĖĎ‚Ėď‚Ėď‚Ėď‚Ėď‚Ėą‚Ėą‚Ėą‚Ėí        ‚Ėď‚Ėą‚Ėď   
                                             ‚Ėí‚Ėí‚Ėí‚Ėí‚Ėí‚Ėí‚Ėí‚Ėí  ‚Ėí‚Ėą‚Ėą‚Ėą‚Ėą‚Ėą‚Ėą‚Ėą‚Ėą‚Ėí         ‚Ėą‚Ėą‚Ėą   
                              ‚Ėí‚Ėí‚Ėí‚Ėí‚Ėí‚Ėí‚Ėí‚ĖĎ‚Ėí‚Ėą‚Ėą‚Ėą‚Ėą‚Ėą‚Ėą‚Ėą         ‚Ėą‚Ėą‚Ėą‚Ėą‚Ėą‚Ėą‚Ėą‚Ėą‚Ėí         ‚Ėą‚Ėą‚Ėą‚Ėą‚Ėí  
                         ‚Ėí‚Ėí‚Ėí‚Ėď‚Ėď      ‚Ėą‚Ėą‚Ėą‚Ėą‚Ėą‚Ėą‚Ėą‚Ėą‚Ėą         ‚Ėą‚Ėą‚Ėą‚Ėą‚Ėą‚Ėą‚Ėą‚Ėą‚Ėď         ‚Ėą‚Ėą‚Ėą‚Ėą‚Ėą‚Ėď  
           ‚Ėí‚Ėí‚Ėí‚Ėí‚Ėď‚Ėí‚Ėí‚Ėí‚Ėď‚Ėą‚Ėą‚Ėą‚Ėą‚Ėą‚Ėą         ‚Ėą‚Ėą‚Ėą‚Ėą‚Ėą‚Ėą‚Ėą‚Ėą‚Ėą         ‚Ėą‚Ėą‚Ėą‚Ėą‚Ėą‚Ėą‚Ėą‚Ėą‚Ėí         ‚Ėą‚Ėą‚Ėą‚Ėą‚Ėą‚Ėą‚Ėą  
      ‚Ėí‚Ėí‚Ėď‚Ėď‚Ėí ‚Ėí‚Ėí  ‚Ėą‚Ėą‚Ėą‚Ėą‚Ėą‚Ėą‚Ėą‚Ėą‚Ėą         ‚Ėą‚Ėą‚Ėą‚Ėą‚Ėą‚Ėą‚Ėą‚Ėą‚Ėą         ‚Ėą‚Ėą‚Ėą‚Ėą‚Ėą‚Ėą‚Ėą‚Ėą‚Ėď ‚Ėí‚Ėí‚Ėď‚Ėą‚Ėą‚Ėą‚Ėą‚Ėą‚Ėą‚Ėą‚Ėď‚Ėí‚Ėí‚Ėí‚Ėí   
 ‚Ėą‚Ėą‚Ėą‚Ėą‚Ėą‚Ėí         ‚Ėą‚Ėą‚Ėą‚Ėą‚Ėą‚Ėą‚Ėą‚Ėą         ‚Ėď‚Ėą‚Ėą‚Ėą‚Ėą‚Ėą‚Ėą‚Ėą‚Ėą         ‚Ėą‚Ėą‚Ėą‚Ėą‚Ėą‚Ėą‚Ėą‚Ėą‚Ėą‚Ėď‚Ėą‚Ėą‚Ėą‚Ėą‚Ėď‚Ėí‚Ėí‚Ėí           
 ‚Ėą‚Ėą‚Ėą‚Ėą‚Ėí         ‚Ėą‚Ėą‚Ėą‚Ėą‚Ėą‚Ėą‚Ėą‚Ėą         ‚Ėí‚Ėą‚Ėą‚Ėą‚Ėą‚Ėą‚Ėą‚Ėą‚Ėą ‚Ėí‚Ėí‚Ėď‚Ėą‚Ėą‚Ėą‚Ėą‚Ėą‚Ėą‚Ėą‚Ėď‚Ėď‚Ėí‚Ėí‚Ėí                       
 ‚Ėą‚Ėą‚Ėą‚Ėď         ‚Ėą‚Ėą‚Ėą‚Ėą‚Ėą‚Ėą‚Ėą‚Ėą         ‚Ėí‚Ėą‚Ėą‚Ėą‚Ėą‚Ėą‚Ėą‚Ėą‚Ėą‚Ėą‚Ėą‚Ėą‚Ėą‚Ėą‚Ėď‚Ėí‚Ėí‚Ėí‚Ėí                              
 ‚Ėą‚Ėą‚Ėď         ‚Ėą‚Ėą‚Ėą‚Ėą‚Ėą‚Ėą‚Ėą‚Ėą‚Ėď‚Ėí‚Ėď‚Ėą‚Ėď‚Ėą‚Ėą‚Ėą‚Ėą‚Ėą‚Ėą‚Ėď‚Ėď‚Ėí‚Ėí‚Ėí                                           
 ‚Ėą‚Ėď        ‚Ėí‚Ėą‚Ėą‚Ėą‚Ėą‚Ėą‚Ėą‚Ėď‚Ėď‚Ėď‚Ėď‚Ėď‚Ėď‚Ėď‚Ėď‚Ėí‚Ėí‚Ėí                                                   
 ‚Ėą ‚Ėí‚Ėď‚Ėď‚Ėą‚Ėą‚Ėą‚Ėą‚Ėą‚Ėą‚Ėą‚Ėď‚Ėď‚Ėď‚Ėí‚Ėí           ‚ĖĎ‚Ėí‚ĖĎ‚Ėí‚ĖĎ‚Ėí‚ĖĎ‚ĖĎ‚ĖĎ          ‚Ėí‚Ėí‚Ėí‚Ėí‚Ėí‚Ėí‚Ėí‚Ėí‚Ėí‚ĖĎ          ‚Ėí‚Ėí‚Ėí‚Ėí‚Ėí‚Ėí‚Ėí‚Ėí‚Ėí   
 ‚Ėí‚Ėą‚Ėą‚Ėą‚Ėą‚Ėą‚Ėą‚Ėí         ‚Ėą‚Ėą‚Ėą‚Ėą‚Ėą‚Ėą‚Ėą‚Ėą‚Ėą‚Ėą‚Ėí         ‚Ėą‚Ėą‚Ėą‚Ėą‚Ėą‚Ėą‚Ėą‚Ėą‚Ėą‚Ėą          ‚Ėą‚Ėą‚Ėą‚Ėą‚Ėą‚Ėą‚Ėą‚Ėą‚Ėą‚Ėą         ‚Ėí‚Ėí 
 ‚Ėí‚Ėą‚Ėą‚Ėą‚Ėą‚Ėą          ‚Ėď‚Ėą‚Ėą‚Ėą‚Ėą‚Ėą‚Ėą‚Ėą‚Ėą‚Ėą          ‚Ėą‚Ėą‚Ėą‚Ėą‚Ėą‚Ėą‚Ėą‚Ėą‚Ėą‚Ėą          ‚Ėą‚Ėą‚Ėą‚Ėą‚Ėą‚Ėą‚Ėą‚Ėą‚Ėą‚Ėď         ‚Ėą‚Ėą‚Ėą 
 ‚Ėí‚Ėą‚Ėą‚Ėą‚Ėí          ‚Ėą‚Ėą‚Ėą‚Ėą‚Ėą‚Ėą‚Ėą‚Ėą‚Ėą‚Ėď          ‚Ėą‚Ėą‚Ėą‚Ėą‚Ėą‚Ėą‚Ėą‚Ėą‚Ėą‚Ėí         ‚Ėí‚Ėą‚Ėą‚Ėą‚Ėą‚Ėą‚Ėą‚Ėą‚Ėą‚Ėą‚Ėí         ‚Ėí‚Ėą‚Ėą‚Ėą 
 ‚Ėí‚Ėą‚Ėą          ‚Ėí‚Ėą‚Ėą‚Ėą‚Ėą‚Ėą‚Ėą‚Ėą‚Ėą‚Ėą          ‚Ėí‚Ėą‚Ėą‚Ėą‚Ėą‚Ėą‚Ėą‚Ėą‚Ėą‚Ėą          ‚Ėď‚Ėą‚Ėą‚Ėą‚Ėą‚Ėą‚Ėą‚Ėą‚Ėą‚Ėą          ‚Ėď‚Ėą‚Ėą‚Ėą‚Ėą 
 ‚Ėď‚Ėą          ‚Ėą‚Ėą‚Ėą‚Ėą‚Ėą‚Ėą‚Ėą‚Ėą‚Ėą‚Ėí          ‚Ėą‚Ėą‚Ėą‚Ėą‚Ėą‚Ėą‚Ėą‚Ėą‚Ėą‚Ėď          ‚Ėą‚Ėą‚Ėą‚Ėą‚Ėą‚Ėą‚Ėą‚Ėą‚Ėą‚Ėí          ‚Ėą‚Ėą‚Ėą‚Ėą‚Ėą‚Ėą 
 ‚Ėí‚Ėą‚Ėí‚Ėď‚Ėď‚Ėą‚Ėď‚Ėą‚Ėď‚Ėą‚Ėď‚Ėą‚Ėą‚Ėą‚Ėą‚Ėą‚Ėą‚Ėą‚Ėą‚Ėą‚Ėą‚Ėí‚Ėí‚Ėď‚Ėą‚Ėď‚Ėą‚Ėď‚Ėą‚Ėą‚Ėď‚Ėą‚Ėą‚Ėą‚Ėą‚Ėą‚Ėą‚Ėą‚Ėą‚Ėą‚Ėą‚Ėď‚Ėí‚Ėď‚Ėď‚Ėą‚Ėď‚Ėą‚Ėď‚Ėď‚Ėď‚Ėą‚Ėą‚Ėą‚Ėą‚Ėą‚Ėą‚Ėą‚Ėą‚Ėą‚Ėą‚Ėí‚Ėď‚Ėď‚Ėď‚Ėą‚Ėď‚Ėą‚Ėď‚Ėą‚Ėď‚Ėą‚Ėą‚Ėą‚Ėą‚Ėą‚Ėą‚Ėą 
 ‚Ėí‚Ėď  ‚Ėí ‚Ėí ‚Ėí ‚Ėí           ‚Ėí ‚Ėí ‚Ėí ‚Ėí‚Ėí‚Ėí           ‚Ėí‚Ėí‚Ėí‚Ėí‚Ėí‚Ėí‚Ėí ‚Ėí             ‚Ėí ‚Ėí ‚Ėí ‚Ėí      ‚Ėí 
 ‚Ėí‚Ėą‚Ėą‚Ėą‚Ėą‚Ėą‚Ėą‚Ėą‚Ėą‚Ėą‚Ėą‚Ėą‚Ėą‚Ėą‚Ėą‚Ėą‚Ėą‚Ėą‚Ėą‚Ėą‚Ėą‚Ėą‚Ėą‚Ėą‚Ėą‚Ėą‚Ėą‚Ėą‚Ėą‚Ėą‚Ėą‚Ėą‚Ėą‚Ėą‚Ėą‚Ėą‚Ėą‚Ėą‚Ėą‚Ėą‚Ėą‚Ėą‚Ėą‚Ėą‚Ėą‚Ėą‚Ėą‚Ėą‚Ėą‚Ėą‚Ėą‚Ėą‚Ėą‚Ėą‚Ėą‚Ėą‚Ėą‚Ėą‚Ėą‚Ėą‚Ėą‚Ėą‚Ėą‚Ėą‚Ėą‚Ėą‚Ėą‚Ėą‚Ėą‚Ėą‚Ėą‚Ėą‚Ėą‚Ėą‚Ėą‚Ėą‚Ėą‚Ėą 
 ‚Ėí‚Ėą‚Ėą‚Ėą‚Ėą‚Ėą‚Ėą‚Ėą‚Ėą‚Ėą‚Ėą‚Ėą‚Ėą‚Ėą‚Ėą‚Ėą‚Ėą‚Ėą‚Ėą‚Ėą‚Ėą‚Ėą‚Ėą‚Ėą‚Ėą‚Ėą‚Ėą‚Ėą‚Ėą‚Ėą‚Ėą‚Ėą‚Ėą‚Ėą‚Ėą‚Ėą‚Ėą‚Ėą‚Ėą‚Ėą‚Ėą‚Ėą‚Ėą‚Ėą‚Ėą‚Ėą‚Ėą‚Ėą‚Ėą‚Ėą‚Ėą‚Ėą‚Ėą‚Ėą‚Ėą‚Ėą‚Ėą‚Ėą‚Ėą‚Ėą‚Ėą‚Ėą‚Ėą‚Ėą‚Ėą‚Ėą‚Ėą‚Ėą‚Ėą‚Ėą‚Ėą‚Ėą‚Ėą‚Ėą‚Ėą‚Ėą‚Ėą‚Ėą 
 ‚Ėí‚Ėą‚Ėą‚Ėą‚Ėą‚Ėą‚Ėą‚Ėą‚Ėą‚Ėą‚Ėą‚Ėą‚Ėą‚Ėą‚Ėą‚Ėą‚Ėą‚Ėą‚Ėą‚Ėą‚Ėą‚Ėą‚Ėą‚Ėą‚Ėą‚Ėą‚Ėą‚Ėą‚Ėą‚Ėą‚Ėą‚Ėą‚Ėą‚Ėą‚Ėą‚Ėą‚Ėą‚Ėą‚Ėą‚Ėą‚Ėą‚Ėą‚Ėą‚Ėą‚Ėą‚Ėą‚Ėą‚Ėą‚Ėą‚Ėą‚Ėą‚Ėą‚Ėą‚Ėą‚Ėą‚Ėą‚Ėą‚Ėą‚Ėą‚Ėą‚Ėą‚Ėą‚Ėą‚Ėą‚Ėą‚Ėą‚Ėą‚Ėą‚Ėą‚Ėą‚Ėą‚Ėą‚Ėą‚Ėą‚Ėą‚Ėą‚Ėą‚Ėą 
 ‚Ėí‚Ėą‚Ėą‚Ėą‚Ėą‚Ėą‚Ėą‚Ėą‚Ėą‚Ėą‚Ėą‚Ėą‚Ėą‚Ėą‚Ėą‚Ėą‚Ėą‚Ėą‚Ėą‚Ėą‚Ėą‚Ėą‚Ėą‚Ėą‚Ėą‚Ėą‚Ėą‚Ėą‚Ėą‚Ėą‚Ėą‚Ėą‚Ėą‚Ėą‚Ėą‚Ėą‚Ėą‚Ėą‚Ėą‚Ėą‚Ėą‚Ėą‚Ėą‚Ėą‚Ėą‚Ėą‚Ėą‚Ėą‚Ėą‚Ėą‚Ėą‚Ėą‚Ėą‚Ėą‚Ėą‚Ėą‚Ėą‚Ėą‚Ėą‚Ėą‚Ėą‚Ėą‚Ėą‚Ėą‚Ėą‚Ėą‚Ėą‚Ėą‚Ėą‚Ėą‚Ėą‚Ėą‚Ėą‚Ėą‚Ėą‚Ėą‚Ėą‚Ėą 
 ‚Ėí‚Ėą‚Ėą‚Ėą‚Ėą‚Ėą‚Ėí‚Ėí‚Ėí‚Ėą‚Ėą‚Ėą‚Ėą‚Ėą‚Ėí‚Ėí‚Ėí‚Ėą‚Ėą‚Ėą‚Ėą‚Ėą‚Ėí‚Ėí‚Ėą‚Ėą‚Ėą‚Ėą‚Ėą‚Ėą‚Ėą‚Ėí‚Ėą‚Ėą‚Ėą‚Ėą‚Ėą‚Ėą‚Ėą‚Ėą‚Ėą‚Ėą‚Ėą‚Ėą‚Ėą‚Ėą‚Ėą‚Ėą‚Ėą‚Ėą‚Ėą‚Ėą‚Ėą‚Ėą‚Ėą‚Ėí‚Ėí‚Ėą‚Ėą‚Ėą‚Ėą‚Ėą‚Ėą‚Ėą‚Ėą‚Ėą‚Ėą‚Ėą‚Ėą‚Ėą‚Ėą‚Ėą‚Ėą‚Ėą‚Ėą‚Ėą‚Ėą‚Ėą 
 ‚Ėí‚Ėą‚Ėą‚Ėą‚Ėą‚Ėą‚Ėí‚Ėą‚Ėą‚Ėą‚Ėí‚Ėí‚Ėí‚Ėą‚Ėą‚Ėí‚Ėą‚Ėą‚Ėą‚Ėą‚Ėą‚Ėą‚Ėí‚Ėą‚Ėí‚Ėą‚Ėí‚Ėí‚Ėí‚Ėą‚Ėą‚Ėí‚Ėą‚Ėą‚Ėí‚Ėí‚Ėí‚Ėą‚Ėą‚Ėí‚Ėí‚Ėą‚Ėą‚Ėí‚Ėí‚Ėą‚Ėí‚Ėí‚Ėí‚Ėą‚Ėą‚Ėą‚Ėą‚Ėą‚Ėí‚Ėą‚Ėą‚Ėą‚Ėí‚Ėí‚Ėí‚Ėą‚Ėí‚Ėí‚Ėí‚Ėą‚Ėí‚Ėą‚Ėí‚Ėą‚Ėą‚Ėą‚Ėą‚Ėą‚Ėą‚Ėą‚Ėą‚Ėą 
 ‚Ėí‚Ėą‚Ėą‚Ėą‚Ėą‚Ėą‚Ėí‚Ėí‚Ėą‚Ėą‚Ėí‚Ėą‚Ėí‚Ėą‚Ėą‚Ėí‚Ėą‚Ėą‚Ėą‚Ėą‚Ėą‚Ėą‚Ėí‚Ėí‚Ėą‚Ėą‚Ėí‚Ėí‚Ėą‚Ėą‚Ėą‚Ėí‚Ėą‚Ėą‚Ėí‚Ėí‚Ėą‚Ėą‚Ėí‚Ėą‚Ėí‚Ėą‚Ėą‚Ėí‚Ėą‚Ėą‚Ėí‚Ėí‚Ėą‚Ėą‚Ėą‚Ėą‚Ėą‚Ėą‚Ėí‚Ėą‚Ėą‚Ėą‚Ėí‚Ėą‚Ėą‚Ėą‚Ėí‚Ėí‚Ėą‚Ėą‚Ėí‚Ėí‚Ėí‚Ėą‚Ėą‚Ėą‚Ėą‚Ėą‚Ėą‚Ėą‚Ėą‚Ėą 
 ‚Ėí‚Ėą‚Ėą‚Ėą‚Ėą‚Ėą‚Ėí‚Ėą‚Ėą‚Ėą‚Ėí‚Ėí‚Ėí‚Ėą‚Ėą‚Ėí‚Ėą‚Ėą‚Ėą‚Ėą‚Ėą‚Ėą‚Ėí‚Ėą‚Ėí‚Ėą‚Ėí‚Ėí‚Ėí‚Ėą‚Ėą‚Ėí‚Ėí‚Ėą‚Ėí‚Ėí‚Ėí‚Ėą‚Ėí‚Ėí‚Ėí‚Ėą‚Ėí‚Ėí‚Ėą‚Ėą‚Ėí‚Ėí‚Ėí‚Ėą‚Ėą‚Ėą‚Ėą‚Ėą‚Ėí‚Ėą‚Ėą‚Ėą‚Ėí‚Ėą‚Ėą‚Ėą‚Ėí‚Ėí‚Ėí‚Ėą‚Ėí‚Ėí‚Ėí‚Ėą‚Ėą‚Ėą‚Ėą‚Ėą‚Ėą‚Ėą‚Ėą‚Ėą 
 ‚Ėí‚Ėą‚Ėą‚Ėą‚Ėą‚Ėą‚Ėí‚Ėí‚Ėí‚Ėą‚Ėą‚Ėą‚Ėą‚Ėą‚Ėą‚Ėí‚Ėą‚Ėą‚Ėą‚Ėą‚Ėą‚Ėą‚Ėí‚Ėą‚Ėí‚Ėą‚Ėą‚Ėą‚Ėą‚Ėą‚Ėą‚Ėą‚Ėą‚Ėą‚Ėą‚Ėą‚Ėą‚Ėą‚Ėą‚Ėą‚Ėą‚Ėą‚Ėą‚Ėą‚Ėą‚Ėą‚Ėą‚Ėą‚Ėą‚Ėą‚Ėą‚Ėą‚Ėą‚Ėą‚Ėą‚Ėí‚Ėí‚Ėą‚Ėą‚Ėą‚Ėą‚Ėą‚Ėą‚Ėą‚Ėą‚Ėą‚Ėą‚Ėą‚Ėą‚Ėą‚Ėą‚Ėą‚Ėą‚Ėą‚Ėą‚Ėą‚Ėą‚Ėą 
 ‚Ėí‚Ėą‚Ėą‚Ėą‚Ėą‚Ėą‚Ėą‚Ėą‚Ėą‚Ėą‚Ėą‚Ėą‚Ėą‚Ėą‚Ėą‚Ėą‚Ėą‚Ėą‚Ėą‚Ėą‚Ėą‚Ėą‚Ėą‚Ėą‚Ėą‚Ėą‚Ėą‚Ėą‚Ėą‚Ėą‚Ėą‚Ėą‚Ėą‚Ėą‚Ėą‚Ėą‚Ėą‚Ėą‚Ėą‚Ėą‚Ėą‚Ėą‚Ėą‚Ėą‚Ėą‚Ėą‚Ėą‚Ėą‚Ėą‚Ėą‚Ėą‚Ėą‚Ėą‚Ėą‚Ėą‚Ėą‚Ėą‚Ėą‚Ėą‚Ėą‚Ėą‚Ėą‚Ėą‚Ėą‚Ėą‚Ėą‚Ėą‚Ėą‚Ėą‚Ėą‚Ėą‚Ėą‚Ėą‚Ėą‚Ėą‚Ėą‚Ėą‚Ėą 
 ‚Ėí‚Ėą‚Ėą‚Ėą‚Ėą‚Ėą‚Ėą‚Ėą‚Ėą‚Ėą‚Ėą‚Ėą‚Ėą‚Ėą‚Ėą‚Ėą‚Ėą‚Ėą‚Ėą‚Ėą‚Ėą‚Ėą‚Ėą‚Ėą‚Ėą‚Ėą‚Ėą‚Ėą‚Ėą‚Ėą‚Ėą‚Ėą‚Ėą‚Ėą‚Ėą‚Ėą‚Ėą‚Ėą‚Ėą‚Ėą‚Ėą‚Ėą‚Ėą‚Ėą‚Ėą‚Ėą‚Ėą‚Ėą‚Ėą‚Ėą‚Ėą‚Ėą‚Ėą‚Ėą‚Ėą‚Ėą‚Ėą‚Ėą‚Ėą‚Ėą‚Ėą‚Ėą‚Ėą‚Ėą‚Ėą‚Ėą‚Ėą‚Ėą‚Ėą‚Ėą‚Ėą‚Ėą‚Ėą‚Ėą‚Ėą‚Ėą‚Ėą‚Ėą 
 ‚Ėí‚Ėą‚Ėą‚Ėą‚Ėą‚Ėą‚Ėą‚Ėą‚Ėą‚Ėą‚Ėą‚Ėą‚Ėą‚Ėą‚Ėą‚Ėą‚Ėą‚Ėą‚Ėą‚Ėą‚Ėą‚Ėą‚Ėą‚Ėą‚Ėą‚Ėą‚Ėą‚Ėą‚Ėą‚Ėą‚Ėą‚Ėą‚Ėą‚Ėą‚Ėą‚Ėą‚Ėą‚Ėą‚Ėą‚Ėą‚Ėą‚Ėą‚Ėą‚Ėą‚Ėą‚Ėą‚Ėą‚Ėą‚Ėą‚Ėą‚Ėą‚Ėą‚Ėą‚Ėą‚Ėą‚Ėą‚Ėą‚Ėą‚Ėą‚Ėą‚Ėą‚Ėą‚Ėą‚Ėą‚Ėą‚Ėą‚Ėą‚Ėą‚Ėą‚Ėą‚Ėą‚Ėą‚Ėą‚Ėą‚Ėą‚Ėą‚Ėą‚Ėą 
 ‚Ėí‚Ėą‚Ėą‚Ėą‚Ėą‚Ėą‚Ėą‚Ėą‚Ėą‚Ėą‚Ėą‚Ėą‚Ėą‚Ėą‚Ėą‚Ėą‚Ėą‚Ėą‚Ėą‚Ėą‚Ėą‚Ėą‚Ėą‚Ėą‚Ėą‚Ėą‚Ėą‚Ėą‚Ėą‚Ėą‚Ėą‚Ėą‚Ėą‚Ėą‚Ėą‚Ėą‚Ėą‚Ėą‚Ėą‚Ėą‚Ėą‚Ėą‚Ėą‚Ėą‚Ėą‚Ėą‚Ėą‚Ėą‚Ėą‚Ėą‚Ėą‚Ėą‚Ėą‚Ėą‚Ėą‚Ėą‚Ėą‚Ėą‚Ėą‚Ėą‚Ėą‚Ėą‚Ėą‚Ėą‚Ėą‚Ėą‚Ėą‚Ėą‚Ėą‚Ėą‚Ėą‚Ėą‚Ėą‚Ėą‚Ėą‚Ėą‚Ėą‚Ėą 
 ‚Ėď‚Ėą ‚Ėď‚Ėí‚ĖĎ‚Ėí‚ĖĎ‚ĖĎ‚ĖĎ‚Ėí‚Ėí          ‚Ėď‚Ėí‚Ėí‚ĖĎ‚Ėí‚ĖĎ‚ĖĎ‚ĖĎ‚Ėí‚Ėí          ‚Ėď‚Ėí‚Ėí‚ĖĎ‚Ėí‚ĖĎ‚Ėí‚ĖĎ‚Ėí‚ĖĎ         ‚Ėď‚Ėí‚ĖĎ‚ĖĎ‚ĖĎ‚ĖĎ‚ĖĎ‚ĖĎ‚Ėí       ‚Ėą 
 ‚Ėď‚Ėą ‚Ėď‚Ėą‚Ėą‚Ėą‚Ėą‚Ėą‚Ėą‚Ėą‚Ėą‚Ėą          ‚Ėą‚Ėą‚Ėą‚Ėą‚Ėą‚Ėą‚Ėą‚Ėą‚Ėą‚Ėď          ‚Ėą‚Ėą‚Ėą‚Ėą‚Ėą‚Ėą‚Ėą‚Ėą‚Ėą‚Ėď        ‚Ėą‚Ėą‚Ėą‚Ėą‚Ėą‚Ėą‚Ėą‚Ėą‚Ėą‚Ėą‚ĖĎ     ‚Ėą 
 ‚Ėď‚Ėą   ‚Ėą‚Ėą‚Ėą‚Ėą‚Ėą‚Ėą‚Ėą‚Ėą‚Ėą‚Ėą         ‚Ėą‚Ėą‚Ėą‚Ėą‚Ėą‚Ėą‚Ėą‚Ėą‚Ėą‚Ėą‚Ėí         ‚Ėą‚Ėą‚Ėą‚Ėą‚Ėą‚Ėą‚Ėą‚Ėą‚Ėą‚Ėą        ‚Ėí‚Ėą‚Ėą‚Ėą‚Ėą‚Ėą‚Ėą‚Ėą‚Ėą‚Ėą‚Ėą    ‚Ėą 
 ‚Ėď‚Ėą    ‚Ėą‚Ėą‚Ėą‚Ėą‚Ėą‚Ėą‚Ėą‚Ėą‚Ėą‚Ėą         ‚Ėď‚Ėą‚Ėą‚Ėą‚Ėą‚Ėą‚Ėą‚Ėą‚Ėą‚Ėą‚Ėď         ‚Ėą‚Ėą‚Ėą‚Ėą‚Ėą‚Ėą‚Ėą‚Ėą‚Ėą‚Ėą‚Ėí        ‚Ėą‚Ėą‚Ėą‚Ėą‚Ėą‚Ėą‚Ėą‚Ėą‚Ėą‚Ėą   ‚Ėą 
 ‚Ėď‚Ėą     ‚Ėď‚Ėą‚Ėą‚Ėą‚Ėą‚Ėą‚Ėą‚Ėą‚Ėą‚Ėą‚Ėą         ‚Ėą‚Ėą‚Ėą‚Ėą‚Ėą‚Ėą‚Ėą‚Ėą‚Ėą‚Ėą          ‚Ėą‚Ėą‚Ėą‚Ėą‚Ėą‚Ėą‚Ėą‚Ėą‚Ėą‚Ėą        ‚Ėą‚Ėą‚Ėą‚Ėą‚Ėą‚Ėą‚Ėą‚Ėą‚Ėą‚Ėą  ‚Ėą 
 ‚Ėď‚Ėą      ‚Ėí‚Ėď‚Ėí‚Ėď‚Ėí‚Ėď‚Ėí‚Ėď‚Ėď‚Ėą‚Ėí         ‚Ėí‚Ėď‚Ėí‚Ėď‚Ėí‚Ėď‚Ėď‚Ėď‚Ėď‚Ėď         ‚Ėí‚Ėí‚Ėí‚Ėí‚Ėď‚Ėí‚Ėď‚Ėď‚Ėď‚Ėď‚Ėď        ‚Ėí‚Ėď‚Ėí‚Ėď‚Ėí‚Ėí‚Ėí‚Ėď‚Ėď‚Ėď‚Ėí‚Ėą 
 ‚Ėď‚Ėą‚Ėą‚Ėą‚Ėą‚Ėą‚Ėą‚Ėą‚Ėą‚Ėą‚Ėą‚Ėą‚Ėą‚Ėą‚Ėą‚Ėą‚Ėą‚Ėą‚Ėą‚Ėą‚Ėą‚Ėą‚Ėą‚Ėą‚Ėą‚Ėą‚Ėą‚Ėą‚Ėą‚Ėą‚Ėą‚Ėą‚Ėą‚Ėą‚Ėą‚Ėą‚Ėą‚Ėą‚Ėą‚Ėą‚Ėą‚Ėą‚Ėą‚Ėą‚Ėą‚Ėą‚Ėą‚Ėą‚Ėą‚Ėą‚Ėą‚Ėą‚Ėą‚Ėą‚Ėą‚Ėą‚Ėą‚Ėą‚Ėą‚Ėą‚Ėą‚Ėą‚Ėą‚Ėą‚Ėą‚Ėą‚Ėą‚Ėą‚Ėą‚Ėą‚Ėą‚Ėą‚Ėą‚Ėą‚Ėą‚Ėą‚Ėą‚Ėą 
 ‚Ėď‚Ėą                                                                           ‚Ėą
 ‚Ėď‚Ėą             Fast.And.Furious.5.2011.TS.MD.German.XviD-ERC                 ‚Ėą
 ‚Ėď‚Ėą                                                                           ‚Ėą
 ‚Ėď‚Ėą        ‚Ėą                 ‚Ėą                  ‚Ėą                 ‚Ėą           ‚Ėą 
 ‚Ėď‚Ėą‚Ėą‚Ėą‚Ėą‚Ėą‚Ėą‚Ėą‚Ėą‚Ėą‚Ėą‚Ėą‚Ėą‚Ėą‚Ėą‚Ėą‚Ėą‚Ėą‚Ėą‚Ėą‚Ėą‚Ėą‚Ėą‚Ėą‚Ėą‚Ėą‚Ėą‚Ėą‚Ėą‚Ėą‚Ėą‚Ėą‚Ėą‚Ėą‚Ėą‚Ėą‚Ėą‚Ėą‚Ėą‚Ėą‚Ėą‚Ėą‚Ėą‚Ėą‚Ėą‚Ėą‚Ėą‚Ėą‚Ėą‚Ėą‚Ėą‚Ėą‚Ėą‚Ėą‚Ėą‚Ėą‚Ėą‚Ėą‚Ėą‚Ėą‚Ėą‚Ėą‚Ėą‚Ėą‚Ėą‚Ėą‚Ėą‚Ėą‚Ėą‚Ėą‚Ėą‚Ėą‚Ėą‚Ėą‚Ėą‚Ėą‚Ėą‚Ėą 
   ‚Ėď‚Ėą‚Ėą‚Ėą‚Ėą‚Ėą‚Ėą‚Ėą‚Ėą‚Ėą‚Ėą‚Ėą‚Ėą‚Ėą‚Ėą‚Ėą‚Ėą‚Ėą‚Ėą‚Ėą‚Ėą‚Ėą‚Ėą‚Ėą‚Ėą‚Ėą‚Ėą‚Ėą‚Ėą‚Ėą‚Ėą‚Ėą‚Ėą‚Ėą‚Ėą‚Ėą‚Ėą‚Ėą‚Ėą‚Ėą‚Ėą‚Ėą‚Ėą‚Ėą‚Ėą‚Ėą‚Ėą‚Ėą‚Ėą‚Ėą‚Ėą‚Ėą‚Ėą‚Ėą‚Ėą‚Ėą‚Ėą‚Ėą‚Ėą‚Ėą‚Ėą‚Ėą‚Ėą‚Ėą‚Ėą‚Ėą‚Ėą‚Ėą‚Ėą‚Ėą‚Ėą‚Ėą‚Ėą‚Ėą‚Ėą‚Ėď 
              ‚ĖĎ‚Ėí‚Ėą‚Ėą‚Ėą‚Ėą‚Ėą‚Ėą‚Ėą‚Ėą‚Ėą‚Ėą‚Ėą‚Ėą‚Ėą‚Ėą‚Ėí‚Ėą‚ĖĎ              ‚ĖĎ‚Ėą‚Ėí‚Ėą‚Ėą‚Ėą‚Ėą‚Ėą‚Ėą‚Ėą‚Ėą‚Ėą‚Ėą‚Ėą‚Ėą‚Ėą‚Ėą‚Ėď‚ĖĎ              
             ‚Ėď‚Ėí‚Ėď‚Ėď           ‚Ėą‚Ėą‚Ėí‚ĖĎ                ‚ĖĎ‚Ėí‚Ėą‚Ėą           ‚Ėď‚Ėď‚Ėí‚Ėď             
            ‚Ėí‚Ėą‚Ėą‚Ėď          ‚Ėí‚Ėď‚Ėď‚Ėą‚Ėí                  ‚Ėí‚Ėą‚Ėď‚Ėď           ‚Ėď‚Ėą‚Ėą‚Ėí            
          ‚ĖĎ‚Ėą‚Ėď‚Ėą‚Ėď          ‚Ėď‚Ėą‚Ėą‚Ėí    ‚ĖĎ‚ĖĎ‚ĖĎ      ‚ĖĎ‚ĖĎ       ‚Ėí‚Ėą‚Ėą‚Ėď          ‚Ėď‚Ėą‚Ėď‚Ėą‚ĖĎ          
          ‚Ėí‚Ėą‚Ėą‚Ėď          ‚Ėď‚Ėą‚Ėď‚Ėď‚ĖĎ     ‚ĖĎ  ‚ĖĎ‚ĖĎ   ‚ĖĎ  ‚ĖĎ‚ĖĎ‚ĖĎ   ‚ĖĎ‚Ėď‚Ėď‚Ėą‚Ėď          ‚Ėď‚Ėą‚Ėą‚Ėí          
        ‚Ėí‚Ėą‚Ėą‚Ėą           ‚Ėď‚Ėą‚Ėą‚ĖĎ       ‚ĖĎ  ‚ĖĎ ‚ĖĎ ‚ĖĎ‚ĖĎ‚ĖĎ ‚ĖĎ ‚ĖĎ     ‚ĖĎ‚Ėą‚Ėą‚Ėď           ‚Ėą‚Ėą‚Ėą‚Ėí        
       ‚ĖĎ‚ĖĎ‚Ėą‚Ėą           ‚Ėą‚Ėď‚Ėí‚Ėď        ‚ĖĎ  ‚ĖĎ ‚ĖĎ  ‚ĖĎ  ‚ĖĎ‚ĖĎ‚ĖĎ      ‚Ėď‚Ėí‚Ėď‚Ėą           ‚Ėą‚Ėą‚Ėí‚ĖĎ       
      ‚Ėí‚Ėą‚Ėą‚Ėą           ‚Ėą‚Ėą‚Ėą‚Ėí        ‚ĖĎ‚ĖĎ‚ĖĎ     ‚ĖĎ‚ĖĎ            ‚Ėí‚Ėą‚Ėą‚Ėą           ‚Ėą‚Ėą‚Ėą‚Ėď      
     ‚ĖĎ‚ĖĎ‚Ėą‚Ėą           ‚Ėą‚Ėď‚Ėí‚Ėí                                ‚Ėí‚Ėí‚Ėď‚Ėą           ‚Ėą‚Ėą‚ĖĎ‚ĖĎ     
    ‚Ėí‚Ėą‚Ėą‚Ėą           ‚Ėą‚Ėą‚Ėą‚Ėí                                  ‚Ėí‚Ėą‚Ėą‚Ėą           ‚Ėą‚Ėą‚Ėą‚Ėí    
   ‚Ėí‚ĖĎ‚Ėą‚Ėą‚Ėą‚Ėą‚Ėą‚Ėą‚Ėą‚Ėą‚Ėą‚Ėą‚Ėą‚Ėą‚Ėą‚Ėą‚Ėď‚ĖĎ‚ĖĎ                                    ‚ĖĎ‚ĖĎ‚Ėď‚Ėą‚Ėą‚Ėą‚Ėą‚Ėą‚Ėą‚Ėą‚Ėą‚Ėą‚Ėą‚Ėą‚Ėą‚Ėą‚Ėą‚ĖĎ‚Ėí   
  ‚ĖĎ‚Ėą‚Ėą‚Ėą           ‚Ėą‚Ėą‚Ėą‚Ėď                                      ‚Ėď‚Ėą‚Ėą‚Ėą           ‚Ėą‚Ėą‚Ėą‚ĖĎ  
 ‚Ėí‚Ėď‚Ėí‚Ėą            ‚Ėą‚Ėď‚ĖĎ                                        ‚ĖĎ‚Ėď‚Ėą            ‚Ėą‚Ėí‚Ėí‚Ėí 
 ‚Ėď‚Ėą‚Ėą             ‚Ėď‚Ėą‚ĖĎ  Release Date .....:29/04/2011         ‚ĖĎ‚Ėą‚Ėď            ‚Ėď‚Ėą‚Ėą‚Ėď 
‚Ėď‚Ėí‚Ėą‚Ėą           ‚Ėą‚Ėą‚Ėí‚ĖĎ   Theater Date .....:28/04/2011          ‚ĖĎ‚Ėí‚Ėą‚Ėą           ‚Ėą‚Ėą‚Ėí‚Ėď
‚Ėď‚Ėą‚Ėą            ‚Ėą‚Ėď‚Ėď‚ĖĎ   Runtime ..........:01:58:46            ‚ĖĎ‚Ėď‚Ėď‚Ėą            ‚Ėą‚Ėą‚Ėď
‚Ėď‚Ėą‚Ėą           ‚Ėą‚Ėą‚Ėď‚ĖĎ    Source Video......:TS THX IMAGiNE       ‚ĖĎ‚Ėď‚Ėą‚Ėą           ‚Ėą‚Ėą‚Ėď
‚Ėí‚Ėą            ‚Ėą‚Ėď‚Ėď‚Ėí    Source Audio......:Mic W2G thx          ‚Ėí‚Ėď‚Ėď‚Ėą           ‚Ėď‚Ėą‚Ėí
‚Ėď‚Ėą            ‚Ėą‚Ėą‚Ėď‚Ėí    Video ............:1542 kb/s XviD       ‚ĖĎ‚Ėď‚Ėą‚Ėą            ‚Ėą‚Ėď
‚Ėí‚Ėą            ‚Ėą‚Ėí‚Ėí‚Ėí    Resolution .......:640x352              ‚Ėí‚Ėí‚Ėí‚Ėą            ‚Ėą‚Ėí
‚Ėą‚Ėą‚Ėą‚Ėą‚Ėą‚Ėą‚Ėą‚Ėą‚Ėą‚Ėą‚Ėą‚Ėą‚Ėą‚Ėą‚Ėą‚Ėď‚Ėą‚Ėí    Audio Codec ......:MP3 2.0              ‚Ėí‚Ėą‚Ėď‚Ėą‚Ėą‚Ėą‚Ėą‚Ėą‚Ėą‚Ėą‚Ėą‚Ėą‚Ėą‚Ėą‚Ėą‚Ėą‚Ėą‚Ėą
‚ĖĎ‚Ėď‚Ėď           ‚Ėą‚Ėą‚ĖĎ‚Ėď    Audio Bitrate ....:128 kb/s / 48000 Hz  ‚Ėď‚ĖĎ‚Ėą‚Ėą           ‚Ėď‚Ėď‚ĖĎ
‚Ėą‚Ėą‚Ėą           ‚Ėď‚Ėą‚Ėą‚Ėą‚ĖĎ   Subtitles ........:Nein                ‚ĖĎ‚Ėą‚Ėą‚Ėą‚Ėď           ‚Ėą‚Ėą‚Ėą
‚Ėí‚Ėí‚Ėą‚Ėď           ‚Ėą‚ĖĎ‚Ėí‚Ėí   File Size ........:1,390 MB            ‚Ėí‚Ėí‚ĖĎ‚Ėą           ‚Ėď‚Ėą‚Ėí‚ĖĎ
 ‚Ėą‚Ėą‚Ėą           ‚Ėď‚Ėą‚Ėą‚Ėą                                          ‚Ėą‚Ėą‚Ėą‚Ėď           ‚Ėą‚Ėą‚Ėą 
 ‚ĖĎ‚ĖĎ‚Ėą‚Ėą           ‚Ėą‚Ėí‚Ėí‚Ėď      www.imdb.com/title/tt1596343/     ‚Ėď‚Ėí‚Ėí‚Ėą           ‚Ėą‚Ėą‚ĖĎ‚ĖĎ 
  ‚Ėą‚Ėą‚Ėą‚Ėď          ‚Ėď‚Ėą‚Ėą‚Ėď‚ĖĎ                                      ‚ĖĎ‚Ėď‚Ėą‚Ėą           ‚Ėď‚Ėą‚Ėą‚Ėą  
   ‚ĖĎ‚Ėą‚Ėą           ‚Ėď‚Ėď‚Ėí‚Ėď‚ĖĎ           Votes: 7.9/10            ‚ĖĎ‚Ėď‚Ėí‚Ėď‚Ėď           ‚Ėą‚Ėą‚ĖĎ   
   ‚ĖĎ‚Ėą‚Ėď‚Ėą            ‚Ėą‚Ėą‚Ėí                                    ‚Ėí‚Ėą‚Ėą‚Ėď           ‚Ėą‚Ėď‚Ėą‚ĖĎ   
     ‚Ėí‚Ėą‚Ėą           ‚Ėą‚Ėą‚Ėď‚Ėą                                  ‚Ėą‚Ėď‚Ėą‚Ėą‚Ėď          ‚Ėą‚Ėą‚Ėí     
    ‚ĖĎ‚Ėą‚Ėí‚Ėą‚Ėą‚Ėą‚Ėą‚Ėą‚Ėą‚Ėą‚Ėą‚Ėą‚Ėą‚Ėą‚Ėą‚Ėą‚Ėą‚Ėď‚ĖĎ                                  ‚ĖĎ‚Ėí‚Ėą‚Ėą‚Ėą‚Ėą‚Ėą‚Ėą‚Ėą‚Ėą‚Ėą‚Ėą‚Ėą‚Ėą‚Ėą‚Ėą‚Ėí‚Ėą‚ĖĎ    
     ‚ĖĎ‚Ėí‚Ėą‚Ėą           ‚Ėď‚Ėď‚Ėí‚Ėď                                ‚Ėď‚Ėí‚Ėď‚Ėď           ‚Ėą‚Ėą‚Ėí‚ĖĎ     
      ‚Ėí‚Ėą‚Ėď‚Ėď           ‚Ėď‚Ėą‚Ėą‚Ėí                              ‚Ėí‚Ėą‚Ėą‚Ėď          ‚Ėí‚Ėď‚Ėď‚Ėą‚Ėí      
        ‚Ėí‚Ėą‚Ėą‚Ėď          ‚Ėď‚Ėą‚Ėď‚Ėą‚ĖĎ                          ‚ĖĎ‚Ėą‚Ėď‚Ėą‚Ėď          ‚Ėď‚Ėą‚Ėą‚Ėí        
        ‚ĖĎ‚Ėď‚Ėď‚Ėą‚Ėď          ‚Ėď‚Ėą‚Ėą‚Ėí                          ‚Ėí‚Ėą‚Ėą‚Ėď          ‚Ėď‚Ėą‚Ėď‚Ėď‚ĖĎ        
          ‚ĖĎ‚Ėą‚Ėą‚Ėď           ‚Ėą‚Ėą‚Ėą‚Ėí                      ‚Ėí‚Ėą‚Ėą‚Ėą           ‚Ėď‚Ėą‚Ėą‚ĖĎ          
           ‚Ėď‚Ėí‚Ėď‚Ėą           ‚Ėą‚Ėą‚Ėí‚ĖĎ                    ‚ĖĎ‚ĖĎ‚Ėą‚Ėą           ‚Ėą‚Ėď‚Ėí‚Ėď           
            ‚Ėí‚Ėą‚Ėą‚Ėą           ‚Ėą‚Ėą‚Ėą‚Ėď                  ‚Ėí‚Ėą‚Ėą‚Ėą           ‚Ėą‚Ėą‚Ėą‚Ėí            
             ‚Ėí‚Ėí‚Ėď‚Ėą           ‚Ėą‚Ėą‚ĖĎ‚ĖĎ                ‚ĖĎ‚ĖĎ‚Ėą‚Ėą           ‚Ėą‚Ėď‚Ėí‚Ėí             
              ‚Ėí‚Ėą‚Ėą‚Ėą           ‚Ėą‚Ėą‚Ėą‚Ėí              ‚Ėí‚Ėą‚Ėą‚Ėą           ‚Ėą‚Ėą‚Ėą‚Ėí              
               ‚ĖĎ‚ĖĎ‚Ėď‚Ėą‚Ėą‚Ėą‚Ėą‚Ėą‚Ėą‚Ėą‚Ėą‚Ėą‚Ėą‚Ėą‚Ėą‚Ėą‚Ėą‚ĖĎ‚Ėí            ‚Ėí‚ĖĎ‚Ėą‚Ėą‚Ėą‚Ėą‚Ėą‚Ėą‚Ėą‚Ėą‚Ėą‚Ėą‚Ėą‚Ėą‚Ėą‚Ėą‚Ėď‚ĖĎ‚ĖĎ               
                ‚Ėď‚Ėą‚Ėą‚Ėą           ‚Ėą‚Ėą‚Ėą‚ĖĎ          ‚ĖĎ‚Ėą‚Ėą‚Ėą           ‚Ėą‚Ėą‚Ėą‚Ėď                
                 ‚ĖĎ‚Ėď‚Ėą            ‚Ėą‚Ėí‚Ėí‚Ėí        ‚Ėí‚Ėď‚Ėí‚Ėą            ‚Ėą‚Ėď‚ĖĎ                 
                 ‚ĖĎ‚Ėą‚Ėď            ‚Ėď‚Ėą‚Ėą‚Ėď        ‚Ėď‚Ėą‚Ėą             ‚Ėď‚Ėą‚ĖĎ                 
                  ‚ĖĎ‚Ėí‚Ėą‚Ėą           ‚Ėą‚Ėą‚Ėí‚Ėď      ‚Ėď‚Ėí‚Ėą‚Ėą           ‚Ėą‚Ėą‚Ėí‚ĖĎ                  
                  ‚ĖĎ‚Ėď‚Ėď‚Ėą            ‚Ėą‚Ėą‚Ėď      ‚Ėď‚Ėą‚Ėą            ‚Ėą‚Ėď‚Ėď‚ĖĎ                  
                   ‚ĖĎ‚Ėď‚Ėą‚Ėą           ‚Ėą‚Ėą‚Ėď‚Ėí    ‚Ėí‚Ėď‚Ėą‚Ėą           ‚Ėą‚Ėą‚Ėď‚ĖĎ                   
                   ‚Ėí‚Ėď‚Ėď‚Ėą           ‚Ėď‚Ėą‚Ėí‚Ėí    ‚Ėí‚Ėí‚Ėą            ‚Ėą‚Ėď‚Ėď‚Ėí                   
                   ‚ĖĎ‚Ėď‚Ėą‚Ėą            ‚Ėą‚Ėď‚Ėď    ‚Ėď‚Ėď‚Ėą            ‚Ėą‚Ėą‚Ėď‚Ėí                   
                   ‚Ėí‚Ėí‚Ėí‚Ėą            ‚Ėą‚Ėí‚Ėí    ‚Ėí‚Ėí‚Ėą            ‚Ėą‚Ėí‚Ėí‚Ėí                   
                   ‚Ėí‚Ėą‚Ėď‚Ėą‚Ėą‚Ėą‚Ėą‚Ėą‚Ėą‚Ėą‚Ėą‚Ėą‚Ėą‚Ėą‚Ėą‚Ėą‚Ėą‚Ėą‚Ėí    ‚Ėí‚Ėą‚Ėą‚Ėą‚Ėą‚Ėą‚Ėą‚Ėą‚Ėą‚Ėą‚Ėą‚Ėą‚Ėą‚Ėą‚Ėą‚Ėą‚Ėď‚Ėą‚Ėí                   
                   ‚Ėď‚ĖĎ‚Ėą‚Ėą           ‚Ėď‚Ėď‚ĖĎ‚ĖĎ    ‚ĖĎ‚ĖĎ‚Ėď‚Ėď           ‚Ėą‚Ėą‚ĖĎ‚Ėď                   
                  ‚ĖĎ‚Ėą‚Ėą‚Ėą‚Ėď           ‚Ėą‚Ėą‚Ėą      ‚Ėą‚Ėą‚Ėą           ‚Ėď‚Ėą‚Ėą‚Ėą‚ĖĎ                  
                  ‚Ėí‚Ėí‚ĖĎ‚Ėą           ‚Ėď‚Ėą‚Ėí‚ĖĎ      ‚Ėí‚Ėí‚Ėą‚Ėď           ‚Ėą‚ĖĎ‚Ėí‚Ėí                  
                  ‚Ėą‚Ėą‚Ėą‚Ėď           ‚Ėą‚Ėą‚Ėą        ‚Ėą‚Ėą‚Ėą           ‚Ėď‚Ėą‚Ėą‚Ėą                  
                 ‚Ėď‚Ėí‚Ėí‚Ėą           ‚Ėą‚Ėą‚ĖĎ‚ĖĎ        ‚ĖĎ‚ĖĎ‚Ėą‚Ėą           ‚Ėą‚Ėí‚Ėí‚Ėď                 
                ‚ĖĎ‚Ėď‚Ėą‚Ėą           ‚Ėď‚Ėą‚Ėą‚Ėą          ‚Ėą‚Ėą‚Ėą‚Ėď          ‚Ėď‚Ėą‚Ėą‚Ėď‚ĖĎ                
               ‚ĖĎ‚Ėď‚Ėí‚Ėď‚Ėď           ‚Ėą‚Ėą‚ĖĎ            ‚ĖĎ‚Ėą‚Ėą           ‚Ėď‚Ėď‚Ėí‚Ėď‚ĖĎ               
               ‚Ėí‚Ėą‚Ėą‚Ėď           ‚Ėą‚Ėď‚Ėą‚ĖĎ            ‚ĖĎ‚Ėą‚Ėď‚Ėą            ‚Ėą‚Ėą‚Ėí               
              ‚Ėą‚Ėď‚Ėą‚Ėą‚Ėď          ‚Ėą‚Ėą‚Ėí                ‚Ėí‚Ėą‚Ėą           ‚Ėą‚Ėą‚Ėď‚Ėą              
              ‚ĖĎ‚Ėí‚Ėą‚Ėą‚Ėą‚Ėą‚Ėą‚Ėą‚Ėą‚Ėą‚Ėą‚Ėą‚Ėą‚Ėą‚Ėą‚Ėą‚Ėí‚Ėą‚ĖĎ              ‚ĖĎ‚Ėą‚Ėí‚Ėą‚Ėą‚Ėą‚Ėą‚Ėą‚Ėą‚Ėą‚Ėą‚Ėą‚Ėą‚Ėą‚Ėą‚Ėą‚Ėą‚Ėď‚ĖĎ              
             ‚Ėď‚Ėí‚Ėď‚Ėď           ‚Ėą‚Ėą‚Ėí‚ĖĎ                ‚ĖĎ‚Ėí‚Ėą‚Ėą           ‚Ėď‚Ėď‚Ėí‚Ėď             
            ‚Ėí‚Ėą‚Ėą‚Ėď          ‚Ėí‚Ėď‚Ėď‚Ėą‚Ėí                  ‚Ėí‚Ėą‚Ėď‚Ėď           ‚Ėď‚Ėą‚Ėą‚Ėí            
          ‚ĖĎ‚Ėą‚Ėď‚Ėą‚Ėď          ‚Ėď‚Ėą‚Ėą‚Ėí    ‚ĖĎ‚ĖĎ  ‚ĖĎ       ‚ĖĎ     ‚Ėí‚Ėą‚Ėą‚Ėď          ‚Ėď‚Ėą‚Ėď‚Ėą‚ĖĎ          
          ‚Ėí‚Ėą‚Ėą‚Ėď          ‚Ėď‚Ėą‚Ėď‚Ėď‚ĖĎ    ‚ĖĎ ‚ĖĎ ‚ĖĎ  ‚ĖĎ‚ĖĎ‚ĖĎ ‚ĖĎ‚ĖĎ‚ĖĎ    ‚ĖĎ‚Ėď‚Ėď‚Ėą‚Ėď          ‚Ėď‚Ėą‚Ėą‚Ėí          
        ‚Ėí‚Ėą‚Ėą‚Ėą           ‚Ėď‚Ėą‚Ėą‚ĖĎ      ‚ĖĎ‚ĖĎ  ‚ĖĎ  ‚ĖĎ ‚ĖĎ  ‚ĖĎ       ‚ĖĎ‚Ėą‚Ėą‚Ėď           ‚Ėą‚Ėą‚Ėą‚Ėí        
       ‚ĖĎ‚ĖĎ‚Ėą‚Ėą           ‚Ėą‚Ėď‚Ėí‚Ėď       ‚ĖĎ   ‚ĖĎ‚ĖĎ ‚ĖĎ‚ĖĎ‚ĖĎ  ‚ĖĎ‚ĖĎ       ‚Ėď‚Ėí‚Ėď‚Ėą           ‚Ėą‚Ėą‚Ėí‚ĖĎ       
      ‚Ėí‚Ėą‚Ėą‚Ėą           ‚Ėą‚Ėą‚Ėą‚Ėí        ‚ĖĎ                     ‚Ėí‚Ėą‚Ėą‚Ėą           ‚Ėą‚Ėą‚Ėą‚Ėď      
     ‚ĖĎ‚ĖĎ‚Ėą‚Ėą           ‚Ėą‚Ėď‚Ėí‚Ėí                                ‚Ėí‚Ėí‚Ėď‚Ėą           ‚Ėą‚Ėą‚ĖĎ‚ĖĎ     
    ‚Ėí‚Ėą‚Ėą‚Ėą           ‚Ėą‚Ėą‚Ėą‚Ėí                                  ‚Ėí‚Ėą‚Ėą‚Ėą           ‚Ėą‚Ėą‚Ėą‚Ėí    
   ‚Ėí‚ĖĎ‚Ėą‚Ėą‚Ėą‚Ėą‚Ėą‚Ėą‚Ėą‚Ėą‚Ėą‚Ėą‚Ėą‚Ėą‚Ėą‚Ėą‚Ėď‚ĖĎ‚ĖĎ    Brian O'Conner und Mia          ‚ĖĎ‚ĖĎ‚Ėď‚Ėą‚Ėą‚Ėą‚Ėą‚Ėą‚Ėą‚Ėą‚Ėą‚Ėą‚Ėą‚Ėą‚Ėą‚Ėą‚Ėą‚ĖĎ‚Ėí   
  ‚ĖĎ‚Ėą‚Ėą‚Ėą           ‚Ėą‚Ėą‚Ėą‚Ėď     Toretto haben Dom aus            ‚Ėď‚Ėą‚Ėą‚Ėą           ‚Ėą‚Ėą‚Ėą‚ĖĎ  
 ‚Ėí‚Ėď‚Ėí‚Ėą            ‚Ėą‚Ėď‚ĖĎ      Polizeigewahrsam befreit &        ‚ĖĎ‚Ėď‚Ėą            ‚Ėą‚Ėí‚Ėí‚Ėí 
 ‚Ėď‚Ėą‚Ėą             ‚Ėď‚Ėą‚ĖĎ      suchen Zuflucht in Rio de         ‚ĖĎ‚Ėą‚Ėď            ‚Ėď‚Ėą‚Ėą‚Ėď 
‚Ėď‚Ėí‚Ėą‚Ėą           ‚Ėą‚Ėą‚Ėí‚ĖĎ       Janeiro, werden aber auch          ‚ĖĎ‚Ėí‚Ėą‚Ėą           ‚Ėą‚Ėą‚Ėí‚Ėď
‚Ėď‚Ėą‚Ėą            ‚Ėą‚Ėď‚Ėď‚ĖĎ       dort nicht in Ruhe gelassen.       ‚ĖĎ‚Ėď‚Ėď‚Ėą            ‚Ėą‚Ėą‚Ėď
‚Ėď‚Ėą‚Ėą           ‚Ėą‚Ėą‚Ėď‚ĖĎ        Um ein fuer alle Mal ihre           ‚ĖĎ‚Ėď‚Ėą‚Ėą           ‚Ėą‚Ėą‚Ėď
‚Ėí‚Ėą            ‚Ėą‚Ėď‚Ėď‚Ėí        Ruhe zu haben, versammeln sie       ‚Ėí‚Ėď‚Ėď‚Ėą           ‚Ėď‚Ėą‚Ėí
‚Ėď‚Ėą            ‚Ėą‚Ėą‚Ėď‚Ėí        ein weiteres Mal ein Team von       ‚ĖĎ‚Ėď‚Ėą‚Ėą            ‚Ėą‚Ėď
‚Ėí‚Ėą            ‚Ėą‚Ėí‚Ėí‚Ėí        Topfahrern und wollen einen         ‚Ėí‚Ėí‚Ėí‚Ėą            ‚Ėą‚Ėí
‚Ėą‚Ėą‚Ėą‚Ėą‚Ėą‚Ėą‚Ėą‚Ėą‚Ėą‚Ėą‚Ėą‚Ėą‚Ėą‚Ėą‚Ėą‚Ėď‚Ėą‚Ėí        korrupten Geschaeftsmann            ‚Ėí‚Ėą‚Ėď‚Ėą‚Ėą‚Ėą‚Ėą‚Ėą‚Ėą‚Ėą‚Ėą‚Ėą‚Ėą‚Ėą‚Ėą‚Ėą‚Ėą‚Ėą
‚ĖĎ‚Ėď‚Ėď           ‚Ėą‚Ėą‚ĖĎ‚Ėď        ausschalten, der es auf sie         ‚Ėď‚ĖĎ‚Ėą‚Ėą           ‚Ėď‚Ėď‚ĖĎ
‚Ėą‚Ėą‚Ėą           ‚Ėď‚Ėą‚Ėą‚Ėą‚ĖĎ       abgesehen hat. Gefahr droht        ‚ĖĎ‚Ėą‚Ėą‚Ėą‚Ėď           ‚Ėą‚Ėą‚Ėą
‚Ėí‚Ėí‚Ėą‚Ėď           ‚Ėą‚ĖĎ‚Ėí‚Ėí       aber auch vonseiten des FBI-       ‚Ėí‚Ėí‚ĖĎ‚Ėą           ‚Ėď‚Ėą‚Ėí‚ĖĎ
 ‚Ėą‚Ėą‚Ėą           ‚Ėď‚Ėą‚Ėą‚Ėą       Agenten Luke Hobbs, der mit        ‚Ėą‚Ėą‚Ėą‚Ėď           ‚Ėą‚Ėą‚Ėą 
 ‚ĖĎ‚ĖĎ‚Ėą‚Ėą           ‚Ėą‚Ėí‚Ėí‚Ėď      seinen Maennern in Brasilien      ‚Ėď‚Ėí‚Ėí‚Ėą           ‚Ėą‚Ėą‚ĖĎ‚ĖĎ 
  ‚Ėą‚Ėą‚Ėą‚Ėď          ‚Ėď‚Ėą‚Ėą‚Ėď‚ĖĎ     auftaucht, um Brian und Dom      ‚ĖĎ‚Ėď‚Ėą‚Ėą           ‚Ėď‚Ėą‚Ėą‚Ėą  
   ‚ĖĎ‚Ėą‚Ėą           ‚Ėď‚Ėď‚Ėí‚Ėď‚ĖĎ    dingfest zu machen.             ‚ĖĎ‚Ėď‚Ėí‚Ėď‚Ėď           ‚Ėą‚Ėą‚ĖĎ   
   ‚ĖĎ‚Ėą‚Ėď‚Ėą            ‚Ėą‚Ėą‚Ėí                                    ‚Ėí‚Ėą‚Ėą‚Ėď           ‚Ėą‚Ėď‚Ėą‚ĖĎ   
     ‚Ėí‚Ėą‚Ėą           ‚Ėą‚Ėą‚Ėď‚Ėą                                  ‚Ėą‚Ėď‚Ėą‚Ėą‚Ėď          ‚Ėą‚Ėą‚Ėí     
    ‚ĖĎ‚Ėą‚Ėí‚Ėą‚Ėą‚Ėą‚Ėą‚Ėą‚Ėą‚Ėą‚Ėą‚Ėą‚Ėą‚Ėą‚Ėą‚Ėą‚Ėą‚Ėď‚ĖĎ                                  ‚ĖĎ‚Ėí‚Ėą‚Ėą‚Ėą‚Ėą‚Ėą‚Ėą‚Ėą‚Ėą‚Ėą‚Ėą‚Ėą‚Ėą‚Ėą‚Ėą‚Ėí‚Ėą‚ĖĎ    
     ‚ĖĎ‚Ėí‚Ėą‚Ėą           ‚Ėď‚Ėď‚Ėí‚Ėď                                ‚Ėď‚Ėí‚Ėď‚Ėď           ‚Ėą‚Ėą‚Ėí‚ĖĎ     
      ‚Ėí‚Ėą‚Ėď‚Ėď           ‚Ėď‚Ėą‚Ėą‚Ėí                              ‚Ėí‚Ėą‚Ėą‚Ėď          ‚Ėí‚Ėď‚Ėď‚Ėą‚Ėí      
        ‚Ėí‚Ėą‚Ėą‚Ėď          ‚Ėď‚Ėą‚Ėď‚Ėą‚ĖĎ                          ‚ĖĎ‚Ėą‚Ėď‚Ėą‚Ėď          ‚Ėď‚Ėą‚Ėą‚Ėí        
        ‚ĖĎ‚Ėď‚Ėď‚Ėą‚Ėď          ‚Ėď‚Ėą‚Ėą‚Ėí                          ‚Ėí‚Ėą‚Ėą‚Ėď          ‚Ėď‚Ėą‚Ėď‚Ėď‚ĖĎ        
          ‚ĖĎ‚Ėą‚Ėą‚Ėď           ‚Ėą‚Ėą‚Ėą‚Ėí                      ‚Ėí‚Ėą‚Ėą‚Ėą           ‚Ėď‚Ėą‚Ėą‚ĖĎ          
           ‚Ėď‚Ėí‚Ėď‚Ėą           ‚Ėą‚Ėą‚Ėí‚ĖĎ                    ‚ĖĎ‚ĖĎ‚Ėą‚Ėą           ‚Ėą‚Ėď‚Ėí‚Ėď           
            ‚Ėí‚Ėą‚Ėą‚Ėą           ‚Ėą‚Ėą‚Ėą‚Ėď                  ‚Ėí‚Ėą‚Ėą‚Ėą           ‚Ėą‚Ėą‚Ėą‚Ėí            
             ‚Ėí‚Ėí‚Ėď‚Ėą           ‚Ėą‚Ėą‚ĖĎ‚ĖĎ                ‚ĖĎ‚ĖĎ‚Ėą‚Ėą           ‚Ėą‚Ėď‚Ėí‚Ėí             
              ‚Ėí‚Ėą‚Ėą‚Ėą           ‚Ėą‚Ėą‚Ėą‚Ėí              ‚Ėí‚Ėą‚Ėą‚Ėą           ‚Ėą‚Ėą‚Ėą‚Ėí              
               ‚ĖĎ‚ĖĎ‚Ėď‚Ėą‚Ėą‚Ėą‚Ėą‚Ėą‚Ėą‚Ėą‚Ėą‚Ėą‚Ėą‚Ėą‚Ėą‚Ėą‚Ėą‚ĖĎ‚Ėí            ‚Ėí‚ĖĎ‚Ėą‚Ėą‚Ėą‚Ėą‚Ėą‚Ėą‚Ėą‚Ėą‚Ėą‚Ėą‚Ėą‚Ėą‚Ėą‚Ėą‚Ėď‚ĖĎ‚ĖĎ               
                ‚Ėď‚Ėą‚Ėą‚Ėą           ‚Ėą‚Ėą‚Ėą‚ĖĎ          ‚ĖĎ‚Ėą‚Ėą‚Ėą           ‚Ėą‚Ėą‚Ėą‚Ėď                
                 ‚ĖĎ‚Ėď‚Ėą            ‚Ėą‚Ėí‚Ėí‚Ėí        ‚Ėí‚Ėď‚Ėí‚Ėą            ‚Ėą‚Ėď‚ĖĎ                 
                 ‚ĖĎ‚Ėą‚Ėď            ‚Ėď‚Ėą‚Ėą‚Ėď        ‚Ėď‚Ėą‚Ėą             ‚Ėď‚Ėą‚ĖĎ                 
                  ‚ĖĎ‚Ėí‚Ėą‚Ėą           ‚Ėą‚Ėą‚Ėí‚Ėď      ‚Ėď‚Ėí‚Ėą‚Ėą           ‚Ėą‚Ėą‚Ėí‚ĖĎ                  
                  ‚ĖĎ‚Ėď‚Ėď‚Ėą            ‚Ėą‚Ėą‚Ėď      ‚Ėď‚Ėą‚Ėą            ‚Ėą‚Ėď‚Ėď‚ĖĎ                  
                   ‚ĖĎ‚Ėď‚Ėą‚Ėą           ‚Ėą‚Ėą‚Ėď‚Ėí    ‚Ėí‚Ėď‚Ėą‚Ėą           ‚Ėą‚Ėą‚Ėď‚ĖĎ                   
                   ‚Ėí‚Ėď‚Ėď‚Ėą           ‚Ėď‚Ėą‚Ėí‚Ėí    ‚Ėí‚Ėí‚Ėą            ‚Ėą‚Ėď‚Ėď‚Ėí                   
                   ‚ĖĎ‚Ėď‚Ėą‚Ėą            ‚Ėą‚Ėď‚Ėď    ‚Ėď‚Ėď‚Ėą            ‚Ėą‚Ėą‚Ėď‚Ėí                   
                   ‚Ėí‚Ėí‚Ėí‚Ėą            ‚Ėą‚Ėí‚Ėí    ‚Ėí‚Ėí‚Ėą            ‚Ėą‚Ėí‚Ėí‚Ėí                   
                   ‚Ėí‚Ėą‚Ėď‚Ėą‚Ėą‚Ėą‚Ėą‚Ėą‚Ėą‚Ėą‚Ėą‚Ėą‚Ėą‚Ėą‚Ėą‚Ėą‚Ėą‚Ėą‚Ėí    ‚Ėí‚Ėą‚Ėą‚Ėą‚Ėą‚Ėą‚Ėą‚Ėą‚Ėą‚Ėą‚Ėą‚Ėą‚Ėą‚Ėą‚Ėą‚Ėą‚Ėď‚Ėą‚Ėí                   
                   ‚Ėď‚ĖĎ‚Ėą‚Ėą           ‚Ėď‚Ėď‚ĖĎ‚ĖĎ    ‚ĖĎ‚ĖĎ‚Ėď‚Ėď           ‚Ėą‚Ėą‚ĖĎ‚Ėď                   
                  ‚ĖĎ‚Ėą‚Ėą‚Ėą‚Ėď           ‚Ėą‚Ėą‚Ėą      ‚Ėą‚Ėą‚Ėą           ‚Ėď‚Ėą‚Ėą‚Ėą‚ĖĎ                  
                  ‚Ėí‚Ėí‚ĖĎ‚Ėą           ‚Ėď‚Ėą‚Ėí‚ĖĎ      ‚Ėí‚Ėí‚Ėą‚Ėď           ‚Ėą‚ĖĎ‚Ėí‚Ėí                  
                  ‚Ėą‚Ėą‚Ėą‚Ėď           ‚Ėą‚Ėą‚Ėą        ‚Ėą‚Ėą‚Ėą           ‚Ėď‚Ėą‚Ėą‚Ėą                  
                 ‚Ėď‚Ėí‚Ėí‚Ėą           ‚Ėą‚Ėą‚ĖĎ‚ĖĎ        ‚ĖĎ‚ĖĎ‚Ėą‚Ėą           ‚Ėą‚Ėí‚Ėí‚Ėď                 
                ‚ĖĎ‚Ėď‚Ėą‚Ėą           ‚Ėď‚Ėą‚Ėą‚Ėą          ‚Ėą‚Ėą‚Ėą‚Ėď          ‚Ėď‚Ėą‚Ėą‚Ėď‚ĖĎ                
               ‚ĖĎ‚Ėď‚Ėí‚Ėď‚Ėď           ‚Ėą‚Ėą‚ĖĎ            ‚ĖĎ‚Ėą‚Ėą           ‚Ėď‚Ėď‚Ėí‚Ėď‚ĖĎ               
               ‚Ėí‚Ėą‚Ėą‚Ėď           ‚Ėą‚Ėď‚Ėą‚ĖĎ            ‚ĖĎ‚Ėą‚Ėď‚Ėą            ‚Ėą‚Ėą‚Ėí               
             ‚ĖĎ‚Ėí‚Ėą‚Ėą‚Ėą‚Ėą‚Ėą‚Ėą‚Ėą‚Ėą‚Ėą‚Ėą‚Ėą‚Ėą‚Ėą‚Ėą‚Ėí‚Ėą‚ĖĎ               ‚ĖĎ‚Ėą‚Ėí‚Ėą‚Ėą‚Ėą‚Ėą‚Ėą‚Ėą‚Ėą‚Ėą‚Ėą‚Ėą‚Ėą‚Ėą‚Ėą‚Ėą‚Ėď‚ĖĎ              
            ‚Ėď‚Ėí‚Ėď‚Ėď           ‚Ėą‚Ėą‚Ėí‚ĖĎ                 ‚ĖĎ‚Ėí‚Ėą‚Ėą           ‚Ėď‚Ėď‚Ėí‚Ėď             
           ‚Ėí‚Ėą‚Ėą‚Ėď          ‚Ėí‚Ėď‚Ėď‚Ėą‚Ėí                   ‚Ėí‚Ėą‚Ėď‚Ėď           ‚Ėď‚Ėą‚Ėą‚Ėí            
         ‚ĖĎ‚Ėą‚Ėď‚Ėą‚Ėď          ‚Ėď‚Ėą‚Ėą‚Ėí                       ‚Ėí‚Ėą‚Ėą‚Ėď          ‚Ėď‚Ėą‚Ėď‚Ėą‚ĖĎ          
         ‚Ėí‚Ėą‚Ėą‚Ėď          ‚Ėď‚Ėą‚Ėď‚Ėď‚ĖĎ  ‚Ėí‚Ėí‚Ėí      ‚Ėí           ‚ĖĎ‚Ėď‚Ėď‚Ėą‚Ėď          ‚Ėď‚Ėą‚Ėą‚Ėí          
       ‚Ėí‚Ėą‚Ėą‚Ėą           ‚Ėď‚Ėą‚Ėą‚ĖĎ    ‚Ėí ‚Ėí ‚Ėí‚Ėí‚Ėí ‚Ėí‚Ėí‚Ėí ‚Ėí‚Ėí‚Ėí  ‚Ėí‚Ėí    ‚ĖĎ‚Ėą‚Ėą‚Ėď           ‚Ėą‚Ėą‚Ėą‚Ėí        
      ‚ĖĎ‚ĖĎ‚Ėą‚Ėą           ‚Ėą‚Ėď‚Ėí‚Ėď     ‚Ėí ‚Ėí ‚Ėí ‚Ėí  ‚Ėí  ‚Ėí‚Ėí   ‚Ėí      ‚Ėď‚Ėí‚Ėď‚Ėą           ‚Ėą‚Ėą‚Ėí‚ĖĎ       
     ‚Ėí‚Ėą‚Ėą‚Ėą           ‚Ėą‚Ėą‚Ėą‚Ėí      ‚Ėí ‚Ėí ‚Ėí‚Ėí‚Ėí  ‚Ėí‚Ėí ‚Ėí‚Ėí‚Ėí ‚Ėí‚Ėí       ‚Ėí‚Ėą‚Ėą‚Ėą           ‚Ėą‚Ėą‚Ėą‚Ėď      
    ‚ĖĎ‚ĖĎ‚Ėą‚Ėą           ‚Ėą‚Ėď‚Ėí‚Ėí       ‚Ėí ‚Ėí                       ‚Ėí‚Ėí‚Ėď‚Ėą           ‚Ėą‚Ėą‚ĖĎ‚ĖĎ     
   ‚Ėí‚Ėą‚Ėą‚Ėą           ‚Ėą‚Ėą‚Ėą‚Ėí                                   ‚Ėí‚Ėą‚Ėą‚Ėą           ‚Ėą‚Ėą‚Ėą‚Ėí    
  ‚Ėí‚ĖĎ‚Ėą‚Ėą‚Ėą‚Ėą‚Ėą‚Ėą‚Ėą‚Ėą‚Ėą‚Ėą‚Ėą‚Ėą‚Ėą‚Ėą‚Ėď‚ĖĎ‚ĖĎ   Film ist jetzt synchron SDX hat   ‚ĖĎ‚ĖĎ‚Ėď‚Ėą‚Ėą‚Ėą‚Ėą‚Ėą‚Ėą‚Ėą‚Ėą‚Ėą‚Ėą‚Ėą‚Ėą‚Ėą‚Ėą‚ĖĎ‚Ėí   
 ‚ĖĎ‚Ėą‚Ėą‚Ėą           ‚Ėą‚Ėą‚Ėą‚Ėď     leider viele Cuts uebersehen      ‚Ėď‚Ėą‚Ėą‚Ėą           ‚Ėą‚Ėą‚Ėą‚ĖĎ  
‚Ėí‚Ėď‚Ėí‚Ėą            ‚Ėą‚Ėď‚ĖĎ    Es ist auch keine OWN Mic von SDX    ‚ĖĎ‚Ėď‚Ėą            ‚Ėą‚Ėí‚Ėí‚Ėí 
‚Ėď‚Ėą‚Ėą             ‚Ėď‚Ėą‚ĖĎ     sondern die selbe wie wir nutzen    ‚ĖĎ‚Ėą‚Ėď            ‚Ėď‚Ėą‚Ėą‚Ėď 
‚Ėí‚Ėą‚Ėą           ‚Ėą‚Ėą‚Ėí‚ĖĎ      von W2G. Special thx nochmal an      ‚ĖĎ‚Ėí‚Ėą‚Ėą           ‚Ėą‚Ėą‚Ėí‚Ėď
‚Ėą‚Ėą            ‚Ėą‚Ėď‚Ėď‚ĖĎ      euch dafuer das ihr uns die Mic      ‚ĖĎ‚Ėď‚Ėď‚Ėą            ‚Ėą‚Ėą‚Ėď
‚Ėą‚Ėą           ‚Ėą‚Ėą‚Ėď‚ĖĎ              ueberlassen habt               ‚ĖĎ‚Ėď‚Ėą‚Ėą           ‚Ėą‚Ėą‚Ėď
‚Ėą            ‚Ėą‚Ėď‚Ėď‚Ėí                                             ‚Ėí‚Ėď‚Ėď‚Ėą           ‚Ėď‚Ėą‚Ėí
‚Ėą            ‚Ėą‚Ėą‚Ėď‚Ėí                                             ‚ĖĎ‚Ėď‚Ėą‚Ėą            ‚Ėą‚Ėď
‚Ėą            ‚Ėą‚Ėí‚Ėí‚Ėí            ‚Ėí‚Ėí              ‚Ėí                ‚Ėí‚Ėí‚Ėí‚Ėą            ‚Ėą‚Ėí
‚Ėą‚Ėą‚Ėą‚Ėą‚Ėą‚Ėą‚Ėą‚Ėą‚Ėą‚Ėą‚Ėą‚Ėą‚Ėą‚Ėą‚Ėď‚Ėą‚Ėí           ‚Ėí   ‚Ėí‚Ėí‚Ėí ‚Ėí‚Ėí‚Ėí ‚Ėí‚Ėí‚Ėí ‚Ėí‚Ėí‚Ėí ‚Ėí‚Ėí            ‚Ėí‚Ėą‚Ėď‚Ėą‚Ėą‚Ėą‚Ėą‚Ėą‚Ėą‚Ėą‚Ėą‚Ėą‚Ėą‚Ėą‚Ėą‚Ėą‚Ėą‚Ėą
‚Ėď‚Ėď           ‚Ėą‚Ėą‚ĖĎ‚Ėď           ‚Ėí ‚Ėí ‚Ėí   ‚Ėí‚Ėí  ‚Ėí‚Ėí   ‚Ėí   ‚Ėí            ‚Ėď‚ĖĎ‚Ėą‚Ėą           ‚Ėď‚Ėď‚ĖĎ
‚Ėą‚Ėą           ‚Ėď‚Ėą‚Ėą‚Ėą‚ĖĎ          ‚Ėí ‚Ėí ‚Ėí   ‚Ėí‚Ėí‚Ėí ‚Ėí‚Ėí‚Ėí  ‚Ėí‚Ėí  ‚Ėí‚Ėí          ‚ĖĎ‚Ėą‚Ėą‚Ėą‚Ėď           ‚Ėą‚Ėą‚Ėą
‚Ėí‚Ėą‚Ėď           ‚Ėą‚ĖĎ‚Ėí‚Ėí           ‚Ėí‚Ėí                              ‚Ėí‚Ėí‚ĖĎ‚Ėą           ‚Ėď‚Ėą‚Ėí‚ĖĎ
‚Ėą‚Ėą‚Ėą           ‚Ėď‚Ėą‚Ėą‚Ėą                                           ‚Ėą‚Ėą‚Ėą‚Ėď           ‚Ėą‚Ėą‚Ėą 
‚ĖĎ‚ĖĎ‚Ėą‚Ėą           ‚Ėą‚Ėí‚Ėí‚Ėď                                         ‚Ėď‚Ėí‚Ėí‚Ėą           ‚Ėą‚Ėą‚ĖĎ‚ĖĎ 
 ‚Ėą‚Ėą‚Ėą‚Ėď          ‚Ėď‚Ėą‚Ėą‚Ėď‚ĖĎ                                       ‚ĖĎ‚Ėď‚Ėą‚Ėą           ‚Ėď‚Ėą‚Ėą‚Ėą  
  ‚ĖĎ‚Ėą‚Ėą           ‚Ėď‚Ėď‚Ėí‚Ėď‚ĖĎ           Everybody on EoT          ‚ĖĎ‚Ėď‚Ėí‚Ėď‚Ėď           ‚Ėą‚Ėą‚ĖĎ   
  ‚ĖĎ‚Ėą‚Ėď‚Ėą            ‚Ėą‚Ėą‚Ėí                                     ‚Ėí‚Ėą‚Ėą‚Ėď           ‚Ėą‚Ėď‚Ėą‚ĖĎ   
    ‚Ėí‚Ėą‚Ėą           ‚Ėą‚Ėą‚Ėď‚Ėą                                   ‚Ėą‚Ėď‚Ėą‚Ėą‚Ėď          ‚Ėą‚Ėą‚Ėí     
   ‚ĖĎ‚Ėą‚Ėí‚Ėą‚Ėą‚Ėą‚Ėą‚Ėą‚Ėą‚Ėą‚Ėą‚Ėą‚Ėą‚Ėą‚Ėą‚Ėą‚Ėą‚Ėď‚ĖĎ                                   ‚ĖĎ‚Ėí‚Ėą‚Ėą‚Ėą‚Ėą‚Ėą‚Ėą‚Ėą‚Ėą‚Ėą‚Ėą‚Ėą‚Ėą‚Ėą‚Ėą‚Ėí‚Ėą‚ĖĎ    
    ‚ĖĎ‚Ėí‚Ėą‚Ėą           ‚Ėď‚Ėď‚Ėí‚Ėď                                 ‚Ėď‚Ėí‚Ėď‚Ėď           ‚Ėą‚Ėą‚Ėí‚ĖĎ     
     ‚Ėí‚Ėą‚Ėď‚Ėď           ‚Ėď‚Ėą‚Ėą‚Ėí                               ‚Ėí‚Ėą‚Ėą‚Ėď          ‚Ėí‚Ėď‚Ėď‚Ėą‚Ėí      
       ‚Ėí‚Ėą‚Ėą‚Ėď          ‚Ėď‚Ėą‚Ėď‚Ėą‚ĖĎ                           ‚ĖĎ‚Ėą‚Ėď‚Ėą‚Ėď          ‚Ėď‚Ėą‚Ėą‚Ėí        
       ‚ĖĎ‚Ėď‚Ėď‚Ėą‚Ėď          ‚Ėď‚Ėą‚Ėą‚Ėí                           ‚Ėí‚Ėą‚Ėą‚Ėď          ‚Ėď‚Ėą‚Ėď‚Ėď‚ĖĎ        
         ‚ĖĎ‚Ėą‚Ėą‚Ėď           ‚Ėą‚Ėą‚Ėą‚Ėí                       ‚Ėí‚Ėą‚Ėą‚Ėą           ‚Ėď‚Ėą‚Ėą‚ĖĎ          
          ‚Ėď‚Ėí‚Ėď‚Ėą           ‚Ėą‚Ėą‚Ėí‚ĖĎ                     ‚ĖĎ‚ĖĎ‚Ėą‚Ėą           ‚Ėą‚Ėď‚Ėí‚Ėď           
           ‚Ėí‚Ėą‚Ėą‚Ėą           ‚Ėą‚Ėą‚Ėą‚Ėď                   ‚Ėí‚Ėą‚Ėą‚Ėą           ‚Ėą‚Ėą‚Ėą‚Ėí            
            ‚Ėí‚Ėí‚Ėď‚Ėą           ‚Ėą‚Ėą‚ĖĎ‚ĖĎ                 ‚ĖĎ‚ĖĎ‚Ėą‚Ėą           ‚Ėą‚Ėď‚Ėí‚Ėí             
             ‚Ėí‚Ėą‚Ėą‚Ėą           ‚Ėą‚Ėą‚Ėą‚Ėí               ‚Ėí‚Ėą‚Ėą‚Ėą           ‚Ėą‚Ėą‚Ėą‚Ėí              
              ‚ĖĎ‚ĖĎ‚Ėď‚Ėą‚Ėą‚Ėą‚Ėą‚Ėą‚Ėą‚Ėą‚Ėą‚Ėą‚Ėą‚Ėą‚Ėą‚Ėą‚Ėą‚ĖĎ‚Ėí             ‚Ėí‚ĖĎ‚Ėą‚Ėą‚Ėą‚Ėą‚Ėą‚Ėą‚Ėą‚Ėą‚Ėą‚Ėą‚Ėą‚Ėą‚Ėą‚Ėą‚Ėď‚ĖĎ‚ĖĎ               
               ‚Ėď‚Ėą‚Ėą‚Ėą           ‚Ėą‚Ėą‚Ėą‚ĖĎ           ‚ĖĎ‚Ėą‚Ėą‚Ėą           ‚Ėą‚Ėą‚Ėą‚Ėď                
                ‚ĖĎ‚Ėď‚Ėą            ‚Ėą‚Ėí‚Ėí‚Ėí         ‚Ėí‚Ėď‚Ėí‚Ėą            ‚Ėą‚Ėď‚ĖĎ                 
                ‚ĖĎ‚Ėą‚Ėď            ‚Ėď‚Ėą‚Ėą‚Ėď         ‚Ėď‚Ėą‚Ėą             ‚Ėď‚Ėą‚ĖĎ                 
                 ‚ĖĎ‚Ėí‚Ėą‚Ėą           ‚Ėą‚Ėą‚Ėí‚Ėď       ‚Ėď‚Ėí‚Ėą‚Ėą           ‚Ėą‚Ėą‚Ėí‚ĖĎ                  
                 ‚ĖĎ‚Ėď‚Ėď‚Ėą            ‚Ėą‚Ėą‚Ėď       ‚Ėď‚Ėą‚Ėą            ‚Ėą‚Ėď‚Ėď‚ĖĎ                  
                  ‚ĖĎ‚Ėď‚Ėą‚Ėą           ‚Ėą‚Ėą‚Ėď‚Ėí     ‚Ėí‚Ėď‚Ėą‚Ėą           ‚Ėą‚Ėą‚Ėď‚ĖĎ                   
                  ‚Ėí‚Ėď‚Ėď‚Ėą           ‚Ėď‚Ėą‚Ėí‚Ėí     ‚Ėí‚Ėí‚Ėą            ‚Ėą‚Ėď‚Ėď‚Ėí                   
                  ‚ĖĎ‚Ėď‚Ėą‚Ėą            ‚Ėą‚Ėď‚Ėď     ‚Ėď‚Ėď‚Ėą            ‚Ėą‚Ėą‚Ėď‚Ėí                   
                  ‚Ėí‚Ėí‚Ėí‚Ėą            ‚Ėą‚Ėí‚Ėí     ‚Ėí‚Ėí‚Ėą            ‚Ėą‚Ėí‚Ėí‚Ėí                   
                  ‚Ėí‚Ėą‚Ėď‚Ėą‚Ėą‚Ėą‚Ėą‚Ėą‚Ėą‚Ėą‚Ėą‚Ėą‚Ėą‚Ėą‚Ėą‚Ėą‚Ėą‚Ėą‚Ėí     ‚Ėí‚Ėą‚Ėą‚Ėą‚Ėą‚Ėą‚Ėą‚Ėą‚Ėą‚Ėą‚Ėą‚Ėą‚Ėą‚Ėą‚Ėą‚Ėą‚Ėď‚Ėą‚Ėí
