                                                                               
                                                                               
        ▄ ▄▄▄                                                                  
        █  ▀███▄▄▄                                                             
       ▐▌   ▐███████▄                    ▄                                     
      ▐▌     ▐█████░ ▀▀█                ▀▓▀                                    
     ▐█       ▐█████    ▀▀█▄                                                   
     █▌       ▐█████░       ██▄▄                                  ▄▓▄          
    ██        ▐██████        ██████▄▄                 ▄▄           ▀           
    ███        ██████░       ▐█████▀▀██▄▄            ▓▓▓▓                      
    ▀▀▀█▄▄     ▐██████        █████░   ▀▀██▄▄         ▀▀                       
          ▀▀█▄▄▐██████░       ▐█████       ▀███▄▄                              
              ▀▀▀██████        █████░        ███████▄                          
          ▄        ▀▀███▄▄     ▐█████        ▐█████░▀██▄                       
         ▀▓▀            ▀▀██▄▄▄ ██████░       ██████   ▀▀██▄▄                  
                            ▀▀█████████       ▐█████░       ▀███▄              
                                ▀▀██████░      ██████░        ▓█████           
    .::.  Quality  .::.      ▄      ▀▀████▄▄▄  ▐██████         ▐ ▐█▌           
                            ▀▓▀         ▀▀█████▄███████░       █ █▀            
                                            ▀▀██████████      ▐█▐▌             
                                               ▀▀████████░    ███              
       .::.    of    .::.                          ▀▀██████▄▄▐██▌              
                                   ▄▓▄                 ▀▀███████      ▄        
                                    ▀                ▄▄▄████████     ▓█▓       
                                                ▄▄▄█████████████      ▀        
          .::.   Movie   .::.              ▄▄▄██████████████████▌              
                                      ▄▄▄████████████████████████              
                                 ▄▄▄█████████████████████████████              
                             ▄▄████████████████████████▀▀▀▀██████▌             
       ▄▓▄              ▄▄▄██████████████████████████░      ███▌▐█             
        ▀           ▄▄█████████████████████████▀▀████░       ███ █▌            
               ▄▄███████████████████████████▀     ▐█▀  ▄██░  ▐██ ▐█            
          ▄▄███████████████████████████████▌  ▄▄▄░    ▐███▓░  ██▌ █▌     ▄▓▄   
      ▄▄███████████████████████████████████  ████▓░   ▐███▓░  ▐██ ▐█      ▀    
     ▐ ██████████████████████████████▀▀▀██░  █████▓░  █████▓░  ██▌ █▌          
     ▌ ██████████████████████████▀▀          ▐█████▓░ █████▓░  ▐██ ▐█▌         
     ▌  █████████████▀     ▀▀███▓             ███████▄█████▓░   ██▌ ██         
     ▐▌ ▐█████████▀          ▀██░     ▄▄▄     ██████████████▓░  ▐██ ▐█▌        
      █  ███████░    ▄▄████░░       ▄█████▓░  ▐█████████▓░██▓░   ██▌ ██        
      ▐▌ ▐█████▓   ▄████████▓░     ████████▓░  ███▓░▐███▓ ███▓░  ███ ▐█▌       
       █  █████░   ██████████▓░   ▐███▀  ▀██▓░ ▐██▓░ ▐██▓ ▐██▓░  ▐██  ██       
       ▐▌ ▐███▌   ▐███████████▓░  ▐██▓░   ▐█▓░  ███▓  ▀▀▀  ███▓░  ██▌ ▐█▌      
        █  ███▌   ████▓░  ▀████▓░ ▐██▓░   ▐██▓░ ▐██▓░      ███▓░  ███  ██      
        ▐▌ ▐██▌   ███▓░    ▐███▓░  ███▓░   ██▓░  ███▓       ▀▀   ▐███▌ ▐█▌     
         █▌ ███░  ▐██▓░     ████▓░ ▐██▓░  ▄██▓   ███▓  ███░      █████  ██▌    
         ▐█ ▐██░  ▐███▓░    ▐███▓░  ▐████████░    ▀▀  ▐████▄▄▄▄▄██████▌ ▐██    
          █▌ ███   ████▓░  ▄████▓░   ▀██████▀   ▄     █████████████████  ██▌   
          ▐█  ██░  ▐████████████▓░     ▀▀▀▀   ▐███▄▄▄██████████████████▌ ▐██   
           █▌ ▐██   ▀██████████▓░            ▄██████████████████████████  ██▌  
           ▐█  ██▌   ▐████████▓░     ██▄▄▄▄█████████████████████████████▌ ▐██  
     ▄      █▌ ▐██░   ▀███████▓░     ▐███████████████████████████████████  ██▌ 
    ▓█▓     ▐█  ████       ▀██████▓░  ███████████████████████████████▀▀▀▀ ▐███ 
     ▀      ▐█▌ █████▄▄▄▄▄   ▀▀▀▀▀▀░ ▐██████████████████████████▀▀   ▄▄▄▄▄████ 
             ██ ▐██████████░         █████████████████████▀▀▀ ▄▄▄▀▀▀▀▀██▄      
             ▐█▌ ███████████▄▄▄▄▄▄▄▄████████████████▀▀▀ ▄▄▄▀▀▀▄██      ▀█▄     
              ██ ██████████████████████████████▀▀▀ ▄▄▄▀▀  ▄▄██████       █▌    
              ██ ▐████████████████████████▀▀▀  ▄▄▀▀    ▄███████████      ▐█    
              ▐█▌ ███████████████████▀▀▀  ▄▄▄▀▀       █████████████      ▐█    
               ██ ███████████████▀▀  ▄▄▄▀▀   ███                         ██    
               ▐█ ▐█████████▀▀   ▄▄▀▀        ██▀                        ▐██    
                █▌ █████▀▀   ▄██▀                   ▓█████████████      ██▀█▄  
                ██ █▀▀   ▄▄██▄▄▄▄▄▄▄▄█████    ▄▄▄    ████████████▓     ███▌▐█  
                ▐█    ▄▀▀████████████████    ▐████░   ▓█████████▓     ▄█ █▌▐█  
         ▄▓▄     █▄▄▄█   ███████████████    ░██████▒    ░██████▀     ██▌▓█ ▐█  
          ▀         █▒   █████████████▀     █████████     ▒██▀      █▀ ██ ▐█▌  
                    █▒    ▀██████████      ▐██████████░           ▄██ ▓█  ██   
                    █▒      ███████▀      ░████████████         ▄██▀█▓█  ▄█    
                    ▐█▒      ▀███▀        ███████████▀        ▄███  ██  ▄█▀    
                     ▐█▄                  ▀██████▀▀▀        ▄██▀ █ ▓█  ▄█▀     
                      ▌▀█▄                               ▄██▀█  ▓██▀  ▄█▀      
                      ████▀█▄                       ▄▄▄██▀▀  █▓▄█▀   ▄█        
       ▄▄             █ ██  ▀██▄▄▄        ▄▄▄▄▄▄▄███▀▀ █    ▓██▀   ▄██         
      ▀██▀            █▒▐█▄   █ ▀▀█████████▀▀▀▀█▀▀     █▓ ▄█▀▀   ▄██▀    ▄     
                      ▐████▀█▓█▓      █        █      ▓██▀▀    ▄██▀     ▀▓▀    
                       ████  ▀██▄▄   ▓█▓      ▓█▓▄▄▄█▀▀▀    ▄███▀              
                        ███▄    ▀▀▀▀████▄▄▄████▀▀▀     ▄▄▄██████████▄▄▄        
                        ▐█████▄                ▄▄▄█████▀▀▀▓█▓     ▓█▓▀▀███▄    
                        ▐███ ▀███▄▄     ▄▄▄█████▀▀ ▓█▓     █       █    ▓█▓█▄  
                         █▓█▌   ▀█████████▀▀▓█▓     █      █       █     █  █▌ 
                         █ ███     ███▓█▓    █      █     ▓█▓     ▓█▓    █  ██ 
                         █ █▓██ ▄██▀   █     █     ▓█▓ ▄▄▄████████████▄ ▓█  ██ 
            ▄▄           █▓█ ▓███▓     █    ▓█▓ ▄▄█████▀▀▀▀▀        ▀▀▀███▓ ██ 
           ▓▓▓▓          ▐██  ████     █▓  ▄████▀▀                      ▀██ ██ 
            ▀▀            ██▓ █▓ ██▄▄ ▓███▀▀                             ▐████ 
                         ▄███▓█  ▓██████           P R E S E N T S       ▄████ 
                       ▄███▓▀██   █▓ ▀▀███▄▄                           ▄███▓██ 
                     ▄██▀▓█  ▐█▓  █    ▓█▀████▄▄▄                    ▄██▀▓█ █▌ 
                    ▄█▓   █  ▄██▄▓█     █   ▀▀███████▄▄▄▄     ▄▄▄▄███▀█   █▓█  
                  ▄███    █▓█▀ ▀███▓    █     ▓█▓ ▀▀▀█████████████    █  ▓██▀  
                 ▄█▀▓█   ▓██     ▀▀██▄▄▓█▓     █      ▓█▓     ▓█▓     █  ██▀   
               ▄██   █▓▄██▀          ▀▀███     █       █       █      █▄█▀     
     ▄       ▄█▀█▓   ███▀     ▄▓▄        ▀██▄▄▓█▓      █       █     ▄█▀       
    ▀▓▀     ▄█  █   ▓█▀        ▀            ▀▀███▄▄▄  ▓█▓     ▓█▓ ▄██▀    ▄▓▄  
           ▄█   █  ▄█▀                          ▀▀▀██████▄▄▄▄▄████▀▀       ▀   
          ▄█▓   █▓█▀                                   ▀▀▀▀▀▀▀▀                
         █▓█   ▓██                                  Spurlos 
        █▀ █  ▓█▀                       
       █▓  █▓▄█▀                                                               
      ▐█   ██▀        Releasedate ...: 08.04.2011                                             
      ██  ▄█          Storedate .....: 07.04.2011    
      ██ ▄█           Cinemadate ....: --.--.----
     ▐██▓█            Genre .........: Thriller             
     ▐███▌            Runtime .......: 91 min      
     ▐███             
     ▐███             Source ........: DVD9
     ▐███             Aspekt Ratio ..: 16:9
     ███▌             Resolution ....: CCE 5PASS
     ███              Framerate .....: 25 fps                                                         
     ███▌             CQ ............: ----                                                            
     ████             Format ........: DVD
     ██▓█▌            Video Bitrate .: 5.684Kbs
     ▐█ ██                                            
     ▐█ ██▌           Audio Bitrate .: German 5.1 ,France 5.1
      █▓███           Subs ..........: ----
      ███▓██                
       ██ ▓█▌         iMDB-Link .....: http://www.imdb.de/title/tt1594534/
       ▐█▓ ██         iMDB-Rating ...: 6,4/10   390 Stimmen                  
        █▌ ███                                                                 
        ▐█▓█▓██       Plot ..........: http://tinyurl.com/6awqtbg
         ███ ▓██▄                                                             
          ██  █▓██                                                                      
   ▄▓▄    ▐█▓ █  ▀█▄                             ▄▄▄██████████▄▄▄              
    ▀      ▀█▓█   ▓██                    ▄▄▄█████▀▀▀▓█▓      ▓██████▄▄         
            ▀██▓   ███▄              ▄▄███▀▀▓█▓      █        █▓  ▀▀████▄      
              ██▄  █▓ ▀█▄         ▄▄███▓     █       █        █      █▓▀██     
               ██▄▓█   ▓██▄    ▄███▀▀▓█      █      ▓█▓      ▓█      █   ██    
                ▀███    █▓██▄▄███▓    █      █▓ ▄▄▄████████████▄     █   ▓██   
                  ██▓   █  ███▀▓█     █     ▓█████▀▀▀▀       ▀▀▀███▄▄█▓   █▓█  
                   ▀██▄▓█  ██▓  █    ▓█▓▄▄███▀▀                    ▀▀▀██▄▓█ █▌
                     ▀███▓█▓█   █    ███▀▀                              ███▓██
                       ▀██▓ █   █▓▄███▄         G R O U P  i N F O        ████
        ▄▄             ▄██  █  ▓██▀ ▓███▄▄                               ▄██▀█
       ▀██▀          ▄█▀▓█  █▓▄█▀    █▓ ▀▀███▄▄▄                       ▄███ ▐█
                   ▄███  █ ▓███▄     █    ▓█▓▀████▄▄▄▄       ▄▄▄▄▄▄▄▄█████▓ ▐█
                 ▄██▀▓█  █▓██▀▀██▄   █     █     ▀█████████████████▀▀▀  ▓█  ▐█
                ██▀█  █ ▓███     ▀█▄▓█     █      █▓     ▓█▓     ▓█      █  █▌
               ██  █  █▓██▀  ▄▓▄   ▀██▓    █      █       █       █      █  █▌
              ██▓  █ ▓███     ▀      ▀██▄▄▓█▓     █       █       █▓    ▓█▓█▀ 
             ▐██   █▓██▀                ▀▀██████▄▓█▓     ▓█▓     ▓████████▀   
             ███  ▓███                       ▀▀▀▀█████████████████▀▀▀▀       
             ███▓▄██▀                                  ▀▀▀▀▀▀▀             
             ██████    RLS.NOTES ...:
             ████
             ████                   
      ▄      ████                                                         
     ▀▓▀     ██▓█▄                                                       
             ▐█ █▓█                                                       
             ▐█ █ ▓█▄  Searching ...:                       
              █▓█  █▓█                                                     
              ▀██  █ ▓█▄                  
               ▀█▓ █  ███▄        Searchin' 4 Nuthin'                                       
                ▐█▓█  █▓▀██▄                                     
                 ▀██▓ █  ▓███▄▄                                               
                  ▀██▓█   █▓ ▀▀███▄▄▄    Greetz ..: iMPERiUM - ROCKED - DECENT   
                    ███▓  █    ▓█▓▀▀████▄▄▄▄                                  
                     ▀██▄▓█     █     ▓█▓▀▀▀█████▄▄▄▄                         
                       ▀███▓    █      █      ▓█▓▀▀▀█████▄         
                         ▀██▄▄ ▓█▓     █       █     ▓█▓███                  
                           ▀▀█████▄▄  ▓█       █      █  ▀██                    
                               ▀▀███████▓     ▓█▓     █   ▓██                 
                                    ▀▀▀▀██████████▄▄▄▓█▓   █▓█        ▄▓▄        
                              ASCII by       ▀▀▀▀▀▀▀█████▄▓█ █         ▀       
                                       QcK & phunck     ▀███▓██               
                                                          ▀████               
                                                            ▀██               
                                                              ▀               
