ÔĽŅ‚Ėą‚Ėą‚Ėą‚Ėą‚Ėą‚Ėą‚Ėą‚Ėą‚Ėą‚Ėą‚Ėą‚Ėą‚Ėą‚Ėą‚Ėą‚Ėą‚Ėą‚Ėą‚Ėą‚Ėą‚Ėą‚Ėą‚Ėą‚Ėą‚Ėą‚Ėą‚Ėą‚Ėą‚Ėą‚Ėą‚Ėą‚Ėą‚Ėą‚Ėą‚Ėą‚Ėą‚Ėą‚Ėą‚ĖÄ‚ĖÄ‚ĖÄ‚ĖÄ‚ĖÄ‚ĖÄ‚ĖÄ‚ĖÄ‚ĖÄ‚ĖÄ‚ĖÄ‚ĖÄ‚ĖÄ‚Ėą‚Ėą‚Ėą‚Ėą‚Ėą‚Ėą‚Ėą‚Ėą‚Ėą‚Ėą‚Ėą‚Ėą‚Ėą‚Ėą‚Ėą‚Ėą‚Ėą‚Ėą‚Ėą‚Ėą‚Ėą‚Ėą‚Ėą‚Ėą‚Ėą‚Ėą‚Ėą‚Ėą
‚Ėą‚Ėą‚Ėą‚Ėą‚Ėą‚Ėą‚Ėą‚Ėą‚Ėą‚Ėą‚Ėą‚Ėą‚Ėą‚Ėą‚Ėą‚Ėą‚Ėą‚Ėą‚Ėą‚Ėą‚Ėą‚Ėą‚Ėą‚Ėą‚Ėą‚Ėą‚Ėą‚Ėą‚Ėą‚Ėą‚Ėą‚Ėą‚Ėą‚Ėą‚ĖÄ    ‚ĖĄ‚ĖĄ‚ĖĄ‚ĖĄ‚ĖĄ‚ĖĄ‚ĖĄ‚ĖĄ‚ĖĄ    ‚ĖÄ‚ĖÄ‚ĖÄ‚Ėą‚Ėą‚Ėą‚Ėą‚Ėą‚Ėą‚Ėą‚Ėą‚Ėą‚Ėą‚Ėą‚Ėą‚Ėą‚Ėą‚Ėą‚Ėą‚Ėą‚Ėą‚Ėą‚Ėą‚Ėą‚Ėą‚Ėą‚Ėą
‚Ėą‚Ėą‚Ėą‚Ėą‚Ėą‚Ėą‚Ėą‚Ėą‚Ėą‚Ėą‚Ėą‚Ėą‚Ėą‚Ėą‚Ėą‚Ėą‚Ėą‚Ėą‚Ėą‚Ėą‚Ėą‚Ėą‚Ėą‚Ėą‚Ėą‚Ėą‚Ėą‚Ėą‚Ėą‚Ėą‚Ėą‚ĖÄ   ‚ĖĄ‚Ėą‚ĖÄ‚ĖÄ‚ĖÄ       ‚ĖÄ‚ĖÄ‚ĖÄ‚Ėą‚ĖĄ‚ĖĄ    ‚ĖÄ‚ĖÄ‚Ėą‚Ėą‚Ėą‚Ėą‚Ėą‚Ėą‚Ėą‚Ėą‚Ėą‚Ėą‚Ėą‚Ėą‚Ėą‚Ėą‚Ėą‚Ėą‚Ėí‚Ėą‚Ėą‚Ėą
‚Ėą‚Ėą‚Ėą‚Ėą‚Ėą‚Ėą‚Ėą‚Ėą‚Ėą‚Ėą‚Ėą‚Ėą‚Ėą‚Ėą‚Ėą‚Ėą‚Ėą‚Ėą‚Ėą‚Ėą‚Ėą‚Ėą‚Ėą‚Ėą‚Ėą‚Ėą‚Ėą‚ĖÄ‚ĖÄ   ‚ĖĄ‚Ėą‚ĖÄ   ‚Ėí‚ĖĎ   ‚Ėí         ‚ĖÄ‚ĖÄ‚Ėą‚ĖĄ‚ĖĄ   ‚ĖÄ‚Ėą‚Ėą‚Ėą‚Ėą‚Ėą‚Ėą‚Ėą‚Ėą‚Ėą‚Ėą‚Ėą‚Ėą‚Ėą‚Ėą‚Ėą‚Ėą‚Ėą
‚Ėą‚Ėą‚Ėą‚Ėą‚Ėą‚Ėą‚Ėą‚Ėą‚Ėą‚Ėą‚Ėą‚Ėą‚Ėą‚Ėą‚Ėą‚Ėą‚Ėą‚Ėą‚Ėą‚Ėą‚Ėą‚Ėą‚Ėą‚Ėą‚ĖÄ   ‚ĖĄ‚Ėą‚ĖÄ‚ĖÄ        ‚ĖĎ‚Ėí               ‚ĖÄ‚ĖÄ‚Ėą‚ĖĄ  ‚ĖÄ‚ĖÄ‚Ėą‚Ėą‚Ėą‚Ėą‚Ėą‚Ėą‚Ėą‚Ėą‚Ėą‚Ėą‚Ėą‚Ėą‚Ėą‚Ėą
‚Ėą‚Ėą‚Ėą‚Ėą‚Ėą‚Ėą‚Ėą‚Ėą‚Ėą‚Ėą‚Ėą‚Ėą‚Ėą‚Ėą‚Ėą‚Ėą‚Ėą‚Ėą‚Ėą‚Ėą‚Ėą‚ĖÄ   ‚ĖĄ‚Ėą‚Ėď         ‚Ėí                  ‚ĖĎ   ‚Ėí‚ĖÄ‚Ėą‚ĖĄ  ‚ĖÄ‚Ėą‚Ėą‚Ėą‚Ėą‚Ėą‚Ėą‚Ėď‚Ėą‚Ėą‚Ėą‚Ėą‚Ėą
‚Ėą‚Ėą‚Ėą‚Ėą‚Ėą‚Ėą‚Ėą‚Ėą‚Ėą‚Ėą‚Ėą‚Ėą‚Ėą‚Ėą‚Ėą‚Ėą‚Ėą‚Ėą‚Ėą‚ĖÄ  ‚ĖĄ‚Ėą‚ĖÄ ‚ĖĎ              ‚ĖĎ      ‚ĖĎ        ‚ĖĎ‚ĖĎ    ‚ĖÄ‚Ėą   ‚ĖÄ‚Ėą‚Ėą‚Ėą‚Ėą‚Ėą‚Ėą‚Ėą‚Ėí‚Ėą‚Ėą
‚Ėą‚Ėą‚Ėą‚Ėą‚Ėą‚Ėą‚Ėą‚Ėą‚Ėą‚Ėą‚Ėą‚Ėą‚Ėą‚Ėą‚Ėą‚Ėą‚Ėą‚ĖÄ  ‚ĖĄ‚Ėď‚ĖÄ ‚ĖĎ‚ĖĎ          ‚ĖĎ                     ‚Ėí‚ĖĎ‚ĖĎ    ‚ĖÄ‚Ėą   ‚Ėą‚Ėą‚Ėą‚Ėą‚Ėą‚Ėą‚Ėą‚Ėą‚Ėą
‚Ėą‚Ėą‚Ėą‚Ėą‚Ėą‚Ėą‚Ėą‚Ėą‚Ėą‚Ėą‚Ėą‚Ėą‚Ėą‚Ėą‚Ėą‚Ėą‚ĖÄ  ‚Ėď‚ĖÄ ‚ĖĎ‚ĖĎ   ‚ĖĎ‚ĖĎ                               ‚Ėí‚ĖĎ‚ĖĎ    ‚Ėą‚ĖĄ  ‚ĖÄ‚Ėą‚Ėą‚Ėą‚Ėą‚Ėą‚Ėą‚Ėą
‚Ėą‚Ėą‚Ėą‚Ėą‚Ėą‚Ėą‚Ėą‚Ėą‚Ėą‚Ėą‚Ėą‚Ėą‚Ėą‚Ėą‚Ėą‚ĖÄ  ‚Ėą‚Ėď‚ĖĎ‚ĖĎ   ‚ĖĎ‚ĖĎ‚ĖĎ                         ‚ĖĎ        ‚Ėí‚ĖĎ     ‚Ėą  ‚ĖÄ‚Ėą‚Ėą‚Ėą‚Ėą‚Ėą‚Ėą
‚Ėą‚Ėą‚Ėą‚Ėą‚Ėą‚Ėą‚Ėą‚Ėą‚Ėą‚Ėą‚Ėą‚Ėą‚Ėą‚Ėą‚ĖÄ ‚ĖĄ‚Ėą‚ĖĎ‚ĖĎ‚ĖĎ‚ĖĎ‚ĖĎ‚ĖĎ‚ĖĎ‚ĖĎ                                      ‚Ėí    ‚Ėí‚Ėď  ‚ĖÄ‚Ėą‚Ėą‚Ėą‚Ėą‚Ėą
‚Ėą‚Ėą‚Ėą‚Ėą‚Ėą‚Ėą‚Ėą‚Ėą‚Ėą‚Ėą‚Ėą‚Ėą‚Ėą‚ĖÄ ‚Ėź‚Ėą‚ĖĎ ‚ĖĎ‚ĖĎ‚ĖĎ‚ĖĎ‚ĖĎ                                               ‚Ėą  ‚ĖÄ‚Ėą‚Ėą‚Ėą‚Ėą
‚Ėą‚Ėą‚Ėą‚Ėą‚Ėą‚Ėą‚Ėą‚Ėą‚Ėą‚Ėą‚Ėą‚Ėą‚ĖÄ ‚Ėź‚Ėď‚ĖĎ ‚ĖĎ‚ĖĎ‚ĖĎ ‚ĖĎ                                                 ‚Ėą  ‚Ėź‚Ėą‚Ėą‚Ėą
‚Ėą‚Ėą‚Ėą‚Ėą‚Ėą‚Ėą‚Ėą‚Ėą‚Ėą‚Ėą‚Ėą‚Ėą ‚Ėź‚Ėą‚ĖĎ‚ĖĎ‚ĖĎ‚ĖĎ‚ĖĎ‚ĖĎ‚ĖĎ                                                   ‚Ėą  ‚Ėą‚Ėą‚Ėą
‚Ėą‚Ėą‚Ėą‚Ėą‚Ėą‚Ėą‚Ėą‚Ėą‚Ėą‚Ėą‚Ėą  ‚Ėą‚ĖĎ‚ĖĎ ‚ĖĎ‚ĖĎ‚ĖĎ‚ĖĎ                                                 ‚ĖĎ  ‚Ėź  ‚Ėą‚Ėą‚Ėą
‚Ėą‚Ėą‚Ėą‚Ėą‚Ėą‚Ėą‚Ėą‚Ėą‚Ėą‚Ėą‚Ėą ‚Ėź‚ĖĆ‚ĖĎ‚ĖĎ‚ĖĎ‚ĖĎ‚ĖĎ‚ĖĎ‚ĖĎ‚ĖĎ                                                ‚Ėí‚ĖĎ  ‚Ėą ‚Ėź‚Ėą‚Ėą
‚Ėą‚Ėą‚Ėą‚Ėą‚Ėą‚Ėą‚Ėą‚Ėą‚Ėą‚Ėą‚Ėą ‚Ėź‚Ėí‚ĖĎ‚ĖĎ‚ĖĎ‚ĖĎ‚ĖĎ‚ĖĎ ‚ĖĎ‚ĖĎ                                                ‚ĖĎ  ‚Ėí‚ĖĆ ‚Ėą‚Ėą
‚Ėą‚Ėą‚Ėą‚Ėą‚Ėą‚Ėą‚Ėą‚Ėą‚Ėą‚Ėą‚Ėą ‚Ėź‚ĖĎ‚Ėí‚ĖĎ‚ĖĎ‚ĖĎ‚ĖĎ  ‚ĖĎ                                                    ‚Ėź‚ĖĆ ‚Ėą‚Ėą
‚Ėą‚Ėď‚Ėą‚Ėą‚Ėą‚Ėą‚Ėą‚Ėą‚Ėą‚Ėą‚Ėą ‚Ėź‚ĖĎ‚Ėí‚ĖĎ‚ĖĎ‚ĖĎ‚ĖĎ‚ĖĎ                                                   ‚ĖĎ ‚Ėí ‚Ėą ‚Ėą‚Ėą
‚Ėą‚Ėą‚Ėą‚Ėą‚Ėą‚Ėą‚Ėą‚Ėą‚Ėą‚Ėą‚Ėą ‚Ėź‚Ėď‚ĖĎ‚ĖĎ‚ĖĎ‚ĖĎ‚ĖĎ‚ĖĎ‚ĖĎ‚ĖĎ                                                 ‚ĖĎ‚ĖĎ  ‚Ėí ‚Ėź‚Ėą
‚Ėą‚Ėą‚Ėą‚Ėą‚Ėą‚Ėą‚Ėą‚Ėą‚Ėą‚Ėą‚Ėą  ‚Ėą‚ĖĎ‚ĖĎ‚Ėí‚ĖĎ‚ĖĎ‚ĖĎ‚ĖĎ                                                  ‚Ėí‚ĖĎ‚ĖĎ ‚Ėź‚ĖĆ‚Ėź‚Ėą
‚Ėą‚Ėą‚Ėą‚Ėą‚Ėí‚Ėą‚Ėą‚Ėą‚Ėą‚Ėą‚Ėą  ‚Ėą‚ĖĎ‚ĖĎ‚ĖĎ‚ĖĎ‚ĖĎ‚ĖĎ‚ĖĎ‚ĖĎ ‚Ėí         ‚ĖĄ                                     ‚ĖĎ‚ĖĎ‚ĖĎ ‚Ėź‚ĖĆ‚Ėź‚Ėą
‚Ėď‚Ėą‚Ėą‚Ėą‚Ėą‚Ėą‚Ėą‚Ėą‚Ėą‚Ėą‚Ėą  ‚Ėą‚ĖĎ‚ĖĎ‚ĖĎ‚ĖĎ‚ĖĎ‚ĖĎ‚ĖĎ‚ĖĎ‚ĖĎ    ‚Ėí   ‚ĖĄ                                        ‚ĖĎ‚ĖĎ ‚Ėź‚ĖĆ‚Ėź‚Ėą
‚Ėą‚Ėą‚Ėí‚Ėą‚Ėą‚Ėą‚ĖÄ‚ĖÄ‚ĖÄ    ‚Ėź‚ĖĎ‚ĖĎ‚ĖĎ‚ĖĎ‚ĖĎ‚ĖĎ‚ĖĎ‚ĖĎ         ‚ĖĆ               ‚ĖĄ‚ĖĄ                       ‚Ėí‚ĖĎ ‚Ėź‚ĖĆ‚Ėź‚Ėą
‚Ėí‚Ėą‚Ėą‚Ėą‚Ėí‚Ėą        ‚Ėą‚ĖĎ‚ĖĎ‚Ėď‚ĖĎ‚Ėí‚ĖĎ‚ĖĎ‚ĖĎ       ‚Ėź  ‚ĖĎ               ‚ĖÄ‚ĖÄ‚ĖĄ‚ĖĄ                 ‚ĖĎ  ‚ĖĎ ‚Ėź‚ĖĆ‚Ėź‚Ėą
‚ĖĎ‚Ėą‚Ėí‚Ėą‚ĖĎ  ‚ĖĄ‚ĖĄ‚ĖÄ‚ĖĎ‚ĖÄ‚ĖÄ‚ĖÄ‚ĖÄ‚ĖÄ‚Ėą‚Ėą‚Ėď‚Ėď‚Ėí‚ĖĎ‚ĖĎ‚ĖĎ ‚Ėď    ‚ĖĆ ‚ĖĎ‚ĖĎ‚ĖĎ                  ‚ĖÄ‚ĖÄ‚ĖĄ    ‚ĖĄ‚ĖĄ‚ĖÄ‚ĖÄ‚ĖÄ       ‚ĖĎ‚ĖĎ ‚Ėź‚ĖĆ‚Ėź‚Ėą
‚ĖĎ‚Ėą‚ĖĎ‚Ėą‚ĖĎ‚ĖĎ‚Ėź‚Ėí    ‚ĖĎ     ‚ĖÄ‚Ėą‚Ėą‚Ėí‚Ėí‚ĖĎ     ‚Ėź‚ĖĆ  ‚ĖĎ‚ĖĎ‚ĖĎ‚ĖĎ   ‚Ėď‚ĖĎ              ‚Ėą‚ĖĄ‚ĖÄ‚ĖÄ    ‚ĖĄ      ‚ĖĎ‚ĖĎ‚ĖĎ ‚Ėź‚ĖĆ‚Ėź‚Ėą
‚ĖĎ‚ĖĎ‚ĖĎ‚ĖĎ‚ĖĎ  ‚ĖĆ‚ĖĎ‚Ėí‚ĖÄ‚Ėą‚ĖĄ       ‚Ėď‚Ėą‚ĖĎ‚Ėď‚Ėí     ‚ĖÄ‚ĖĄ‚ĖĄ    ‚ĖĎ‚ĖĎ  ‚Ėď‚ĖĄ‚Ėď ‚ĖĎ               ‚ĖĄ‚ĖĄ‚ĖĄ         ‚Ėí‚ĖĎ ‚Ėą ‚Ėą
‚Ėí‚ĖĎ‚ĖĎ‚ĖĎ‚Ėí‚ĖĎ ‚Ėą ‚Ėź ‚Ėą‚Ėą‚ĖÄ        ‚Ėą‚Ėą‚Ėď‚Ėí      ‚ĖÄ‚Ėď‚ĖÄ‚Ėą  ‚ĖĎ‚ĖĎ‚ĖĎ ‚Ėď‚ĖÄ‚Ėď‚ĖĄ‚Ėď             ‚ĖÄ‚ĖÄ            ‚ĖÄ‚ĖĎ‚Ėź ‚Ėą
‚Ėí‚ĖĎ‚Ėí‚ĖĎ‚Ėí‚ĖĎ ‚Ėź‚ĖĆ‚Ėź ‚Ėą‚ĖĆ‚ĖĎ‚Ėą ‚ĖĎ      ‚Ėą‚Ėą‚Ėą‚ĖĄ        ‚Ėí‚Ėą         ‚ĖÄ‚ĖĄ ‚Ėą ‚ĖĄ                    ‚Ėď‚ĖĄ‚ĖĄ‚ĖÄ‚Ėí‚ĖĆ‚Ėź
‚Ėí‚ĖĎ‚Ėí‚ĖĎ‚Ėí  ‚Ėź‚ĖĆ ‚Ėą‚Ėď   ‚Ėą‚Ėí      ‚Ėď‚Ėą‚Ėą‚Ėą‚Ėą‚ĖÄ‚ĖĄ   ‚Ėí‚Ėą‚Ėą‚Ėą‚ĖĄ‚Ėą‚ĖÄ‚Ėí‚ĖÄ‚ĖÄ‚ĖÄ‚Ėą‚ĖĎ‚ĖĄ  ‚Ėą‚ĖĆ‚Ėą ‚ĖĎ           ‚ĖĄ‚Ėí      ‚Ėď‚Ėď‚ĖÄ‚ĖĄ‚Ėď 
‚Ėí‚Ėí‚Ėí‚Ėí‚Ėí‚ĖĎ  ‚Ėą   ‚ĖĄ‚ĖĄ  ‚ĖÄ‚Ėą‚ĖĄ  ‚ĖĎ  ‚Ėą ‚ĖÄ‚Ėą‚Ėą‚ĖĄ‚ĖÄ‚Ėą‚Ėą‚Ėí‚Ėą‚ĖÄ ‚ĖĄ‚ĖĄ‚Ėą‚Ėą‚Ėą‚Ėą‚Ėą‚ĖĄ‚ĖĄ ‚ĖÄ‚ĖĄ‚Ėą‚Ėď‚Ėą          ‚ĖĎ‚ĖĎ ‚Ėí‚ĖĄ‚ĖĄ‚ĖÄ ‚ĖĎ‚ĖĎ‚ĖĎ  ‚Ėď ‚Ėź 
‚Ėď‚Ėí‚Ėí‚Ėí‚Ėď‚Ėí‚ĖĎ ‚Ėą  ‚Ėą‚Ėą  ‚Ėí‚Ėď‚Ėď‚ĖĄ‚ĖÄ‚ĖĄ‚ĖĎ  ‚Ėź   ‚ĖÄ‚Ėą‚Ėą‚ĖĄ‚Ėą‚Ėą ‚ĖĄ‚Ėą‚Ėą‚Ėą‚Ėą‚Ėą‚Ėí‚Ėą‚ĖĄ‚Ėą‚Ėą‚ĖÄ‚ĖÄ‚ĖĄ‚Ėź‚ĖĆ‚Ėą  ‚ĖĎ    ‚ĖĎ‚ĖĎ‚ĖĎ ‚ĖĄ‚Ėą‚Ėą‚ĖÄ‚ĖĎ ‚ĖĎ  ‚ĖĎ‚ĖĎ ‚Ėí‚Ėź‚Ėą 
‚Ėď‚Ėí‚Ėď‚Ėí‚Ėí‚ĖĎ‚ĖĎ ‚Ėź‚ĖĆ ‚Ėź‚Ėď‚Ėď     ‚ĖĎ‚Ėź‚Ėí‚Ėď ‚Ėą    ‚Ėź‚ĖĎ‚ĖÄ‚Ėą  ‚Ėí‚Ėą‚Ėą‚Ėą‚Ėą‚Ėą‚Ėą‚Ėą‚Ėą‚ĖÄ   ‚ĖĄ‚Ėą‚Ėź‚Ėą‚Ėą  ‚ĖĎ‚ĖĎ‚ĖĎ‚ĖĎ ‚Ėą‚ĖĎ ‚Ėą‚Ėą‚ĖĄ‚ĖÄ‚ĖÄ‚ĖÄ‚ĖĄ‚ĖĄ‚ĖĄ ‚ĖĎ ‚ĖĄ‚Ėą  
‚Ėď‚Ėí‚Ėď‚Ėí‚Ėď‚Ėí‚ĖĎ‚ĖĎ ‚Ėź   ‚ĖÄ‚Ėď‚ĖĄ ‚Ėď ‚ĖĎ‚ĖĎ‚ĖĎ‚Ėí‚Ėď‚Ėď     ‚Ėí‚Ėď‚ĖĆ ‚Ėą‚Ėą‚Ėą‚Ėą‚ĖÄ‚ĖĄ‚Ėą‚Ėą‚ĖÄ   ‚ĖĄ‚Ėą‚Ėą‚Ėą‚ĖĆ‚Ėą‚Ėź‚Ėí‚ĖĄ‚ĖĄ‚ĖĄ‚ĖĄ‚ĖĄ  ‚Ėą‚Ėą‚ĖÄ ‚ĖĄ‚ĖĄ‚ĖĄ‚ĖĄ‚ĖĄ‚ĖĄ‚ĖÄ‚Ėą ‚ĖĄ‚Ėą  ‚ĖĄ
 ‚Ėď‚Ėď‚Ėď‚Ėď‚Ėí‚Ėí‚Ėí‚ĖĎ ‚ĖÄ‚ĖĎ‚ĖÄ‚ĖĄ‚ĖĄ‚Ėď‚ĖÄ‚ĖĄ‚ĖÄ ‚Ėď  ‚ĖĎ‚ĖĎ      ‚Ėí  ‚Ėą‚Ėą‚Ėą‚Ėą‚Ėą‚Ėą‚ĖÄ   ‚ĖĄ‚Ėą‚Ėą‚Ėą‚Ėą‚Ėą‚Ėą ‚ĖÄ‚ĖÄ‚ĖĄ‚ĖĄ‚ĖĄ‚ĖĄ ‚ĖÄ‚Ėą‚ĖÄ‚Ėď‚ĖĄ‚Ėą‚Ėą‚Ėą‚Ėą‚Ėą‚Ėą‚ĖĎ‚Ėą‚ĖĄ‚Ėą‚Ėą  ‚Ėą‚Ėą
   ‚Ėď‚Ėď‚Ėď‚Ėí‚Ėí‚ĖĎ‚ĖĎ ‚ĖÄ‚ĖĄ‚Ėí‚Ėď‚ĖÄ‚ĖĄ   ‚ĖÄ‚Ėí‚ĖĄ ‚ĖĎ      ‚Ėź ‚Ėź‚Ėą‚Ėą‚Ėą‚Ėą‚ĖÄ   ‚ĖĄ‚Ėą‚ĖÄ‚ĖĄ‚Ėą‚Ėą‚Ėą‚Ėą‚Ėą‚Ėí‚ĖĄ‚ĖÄ‚ĖÄ  ‚ĖÄ‚ĖÄ‚Ėą‚Ėď‚Ėą‚Ėą‚Ėą‚Ėą‚Ėą‚ĖÄ‚ĖĄ‚Ėą‚ĖÄ  ‚Ėą‚Ėí‚ĖĆ ‚Ėź‚Ėą‚Ėą
‚Ėą‚ĖĄ  ‚ĖĎ‚Ėď‚Ėď‚Ėí‚Ėí‚Ėí‚ĖĎ  ‚ĖÄ‚ĖĄ‚Ėí ‚ĖÄ‚ĖĄ‚Ėď           ‚Ėź‚ĖĆ ‚Ėą‚Ėą‚ĖÄ   ‚ĖĄ‚Ėą‚ĖÄ‚ĖĄ‚Ėą‚Ėą‚Ėą‚Ėą‚Ėą‚Ėą‚Ėą‚Ėą        ‚Ėą‚Ėą‚Ėą‚Ėą‚ĖÄ‚Ėą‚Ėą‚ĖÄ  ‚ĖĄ‚Ėą‚Ėą‚Ėą‚Ėą  ‚Ėą‚Ėą
‚ĖÄ‚Ėą‚Ėą  ‚Ėď‚Ėď‚Ėď‚Ėí‚Ėí‚Ėí‚ĖĎ‚ĖĎ  ‚ĖÄ‚ĖĄ  ‚ĖÄ‚ĖĄ‚ĖÄ ‚ĖÄ        ‚Ėą ‚Ėź‚ĖĎ  ‚ĖĄ‚Ėą‚Ėą‚ĖĄ‚Ėą‚Ėą‚Ėą‚Ėą‚Ėą‚Ėą‚Ėą‚Ėą‚Ėą‚ĖĆ        ‚Ėź‚ĖĎ‚Ėą‚Ėą‚Ėą‚ĖÄ  ‚ĖĄ‚Ėą‚Ėą‚Ėą‚Ėą‚Ėí‚Ėą  ‚Ėą‚Ėą
‚ĖĄ ‚ĖÄ‚Ėą   ‚Ėď‚Ėď‚Ėí‚Ėí‚Ėď‚Ėď‚ĖĎ‚ĖĎ  ‚Ėą    ‚ĖĄ‚ĖĆ    ‚Ėí    ‚Ėą ‚Ėą‚ĖĄ‚Ėą‚Ėą‚ĖĄ‚Ėą‚Ėą‚Ėą‚Ėą‚Ėą‚Ėą‚Ėą‚Ėą‚ĖĎ‚Ėą‚ĖÄ ‚ĖĎ‚Ėą‚ĖĄ     ‚Ėź‚Ėą‚Ėą‚ĖÄ  ‚ĖĄ‚Ėą‚ĖÄ‚Ėą‚Ėą‚Ėí‚Ėą‚Ėą‚ĖĆ ‚Ėź‚Ėą‚Ėą
‚ĖÄ‚ĖĄ  ‚ĖÄ‚Ėď  ‚Ėď‚Ėď‚Ėď‚Ėí‚Ėď‚Ėď  ‚Ėď‚ĖĆ‚ĖÄ‚ĖĄ‚ĖĄ‚ĖÄ‚ĖÄ‚ĖĆ‚ĖĎ   ‚Ėą‚ĖĄ    ‚Ėą‚ĖĎ‚ĖÄ‚Ėą‚Ėą‚Ėą‚Ėí‚Ėą‚Ėą‚Ėą‚Ėą‚Ėą‚Ėą‚ĖÄ‚ĖĎ‚ĖÄ‚ĖĎ‚ĖĄ‚Ėí‚Ėą‚Ėą‚Ėď    ‚Ėź‚ĖÄ  ‚ĖĄ‚Ėą‚ĖÄ‚ĖĄ‚Ėą‚Ėą‚Ėą‚Ėą‚Ėą‚ĖÄ  ‚Ėą‚ĖĎ‚Ėą
‚Ėď ‚Ėą‚ĖĄ ‚ĖÄ‚ĖĄ   ‚ĖĎ‚Ėď‚Ėí ‚Ėź‚Ėď‚Ėą     ‚Ėź‚ĖĆ‚ĖĎ    ‚Ėź‚Ėí    ‚ĖÄ‚ĖÄ‚ĖĄ‚Ėą‚ĖÄ‚Ėą‚Ėą‚Ėą‚Ėí‚Ėą‚Ėą ‚Ėí‚ĖĎ‚Ėí  ‚Ėź‚Ėą‚ĖĆ     ‚Ėź‚ĖĆ‚ĖĄ‚ĖĎ‚Ėą‚Ėą‚Ėą‚Ėą‚Ėą‚Ėą‚Ėą‚Ėą  ‚Ėź‚ĖĎ‚Ėą‚Ėą‚Ėą
‚Ėď‚Ėď ‚Ėą‚ĖĄ ‚Ėą‚Ėą‚Ėą‚ĖĄ    ‚Ėď‚Ėź‚ĖĆ   ‚ĖĎ ‚Ėź‚ĖĆ‚ĖĎ     ‚Ėź‚Ėď      ‚ĖÄ‚ĖÄ‚ĖÄ‚ĖÄ‚ĖÄ‚ĖÄ   ‚ĖĎ ‚ĖĄ‚Ėď‚ĖÄ ‚Ėą‚ĖĆ     ‚Ėź‚ĖĎ‚Ėą‚Ėą‚Ėą‚Ėą‚Ėą‚Ėí‚Ėą‚Ėą    ‚Ėą‚Ėą‚Ėą‚ĖĎ‚Ėą
‚Ėí‚Ėď‚Ėď ‚Ėą‚ĖĄ‚Ėź‚Ėą‚Ėą‚ĖĆ‚ĖÄ‚ĖĄ‚ĖĄ‚ĖĄ‚Ėą‚Ėí‚ĖĆ    ‚ĖĎ‚Ėź‚ĖĆ‚ĖĎ   ‚ĖĎ  ‚Ėą   ‚ĖĄ‚ĖÄ‚ĖĄ‚ĖÄ  ‚ĖĎ  ‚ĖĄ‚Ėí‚ĖÄ ‚Ėź‚ĖÄ   ‚Ėą     ‚ĖĎ‚Ėź‚ĖĎ‚Ėą‚ĖÄ‚ĖÄ‚ĖÄ  ‚Ėź‚ĖĆ  ‚ĖĎ‚Ėą‚Ėą‚ĖĎ‚Ėą‚ĖĎ‚ĖĎ
‚Ėí‚Ėí‚Ėď‚Ėď ‚Ėą‚Ėą‚Ėą‚Ėą‚Ėą‚Ėď‚Ėď‚Ėą‚ĖĆ‚Ėź‚ĖĆ‚Ėą‚ĖĎ  ‚ĖĎ ‚Ėź‚ĖĆ‚ĖĎ     ‚Ėź‚ĖĆ  ‚ĖĄ‚Ėí‚ĖÄ‚ĖĎ‚ĖĎ‚ĖĄ‚ĖÄ       ‚ĖĆ   ‚ĖĎ‚Ėą‚ĖĎ     ‚Ėź‚ĖĆ ‚Ėí   ‚ĖĄ‚Ėą  ‚ĖĎ‚Ėą‚Ėą‚Ėą‚ĖĎ‚Ėą‚ĖĎ‚ĖĎ
‚ĖĎ‚Ėí‚Ėí‚Ėď‚Ėď‚Ėą‚Ėą‚ĖĎ‚Ėą‚Ėí‚Ėą‚Ėď‚Ėź‚Ėí‚Ėď‚Ėą ‚Ėą ‚ĖĎ ‚ĖĎ‚Ėą‚Ėą ‚ĖĎ    ‚Ėą  ‚Ėź‚Ėí‚ĖĄ‚ĖÄ           ‚Ėą ‚ĖÄ ‚ĖÄ‚Ėď‚Ėą‚Ėí    ‚Ėą   ‚ĖĄ‚Ėą‚Ėď‚ĖÄ  ‚ĖĎ‚ĖĎ‚ĖĎ‚Ėą‚Ėą‚ĖĎ‚ĖĎ‚Ėí‚ĖĎ
‚ĖĎ‚ĖĎ‚Ėí‚Ėí‚Ėď‚Ėą‚Ėą‚ĖĆ‚Ėź‚ĖĆ‚Ėź‚Ėą‚Ėď‚Ėą ‚Ėź‚ĖĆ‚Ėź‚ĖĆ ‚ĖĎ‚ĖĎ‚ĖĎ‚Ėą‚Ėď ‚ĖĎ   ‚ĖÄ  ‚Ėź‚Ėď  ‚ĖĄ‚ĖÄ ‚ĖĎ‚ĖĎ   ‚ĖĎ  ‚Ėź‚ĖĄ‚Ėą‚Ėď‚ĖĄ ‚ĖÄ‚Ėď    ‚Ėą  ‚Ėą‚ĖÄ   ‚ĖĎ‚ĖĎ‚ĖĎ‚ĖĎ‚ĖĎ‚Ėą‚ĖĎ‚ĖĎ‚ĖĎ‚Ėí‚ĖĎ
 ‚ĖĎ‚ĖĎ‚Ėí‚Ėď‚Ėď‚Ėą‚Ėą ‚Ėą ‚Ėą‚Ėď‚Ėą ‚Ėď‚Ėą ‚Ėź‚ĖĆ ‚ĖĎ‚ĖĎ‚Ėą‚Ėą‚Ėď ‚Ėď‚ĖĎ ‚ĖÄ  ‚Ėź‚ĖĆ ‚ĖĄ‚Ėď ‚Ėą‚ĖÄ  ‚ĖĎ‚ĖĎ    ‚ĖÄ‚Ėď‚Ėď‚Ėď‚ĖĆ     ‚Ėź‚ĖĆ  ‚ĖĆ   ‚ĖĎ‚ĖĎ‚ĖĎ‚ĖĎ‚Ėí‚ĖĎ‚ĖĎ‚ĖĎ‚Ėí‚ĖĎ‚Ėí‚Ėí
  ‚ĖĎ‚ĖĎ‚Ėď‚Ėď‚Ėą‚Ėą ‚Ėą ‚ĖÄ ‚Ėď‚ĖĆ ‚Ėď‚ĖĆ ‚Ėą‚ĖĎ‚ĖĎ‚Ėí‚ĖĎ‚Ėą‚Ėą‚Ėą‚ĖĎ‚ĖĎ‚ĖĎ   ‚Ėą  ‚Ėą ‚ĖĄ‚Ėą‚Ėď‚ĖĄ‚ĖĎ‚Ėď‚ĖĄ‚ĖĄ‚ĖĄ     ‚Ėď‚Ėą‚ĖĄ   ‚ĖĄ‚Ėí‚ĖĄ ‚Ėź‚ĖĆ  ‚ĖĎ‚ĖĎ‚ĖĎ‚ĖĎ‚Ėí‚Ėí‚ĖĎ‚ĖĎ‚ĖĎ‚Ėí‚ĖĎ‚Ėí‚Ėí
   ‚ĖĎ‚Ėí‚Ėď‚Ėą‚Ėą ‚Ėą ‚Ėą ‚Ėď‚Ėą ‚Ėď‚Ėą  ‚Ėą‚ĖĎ‚ĖĎ‚Ėí‚ĖĎ‚Ėą‚Ėą‚Ėą‚Ėą‚Ėą‚ĖĆ‚ĖĎ ‚Ėą   ‚ĖĄ‚Ėą‚Ėď ‚ĖĎ‚ĖĄ‚ĖÄ  ‚Ėź‚ĖĎ‚ĖÄ‚ĖĄ    ‚ĖÄ‚ĖÄ‚ĖÄ‚ĖÄ  ‚Ėą‚ĖĄ‚ĖÄ  ‚ĖĎ‚ĖĎ‚ĖĎ‚ĖĎ‚Ėí‚Ėí‚Ėí‚Ėí‚ĖĎ‚ĖĎ‚Ėí‚Ėí‚Ėď‚Ėí
    ‚Ėí‚Ėď‚Ėą‚Ėą ‚Ėą   ‚Ėź‚Ėą  ‚ĖĄ   ‚ĖÄ‚ĖĄ‚Ėí‚Ėí‚Ėą‚Ėą‚Ėą‚Ėą‚Ėą‚Ėą‚Ėď‚ĖĎ‚ĖĎ   ‚ĖÄ‚Ėď ‚ĖĄ‚ĖÄ‚Ėą‚Ėą‚ĖĄ     ‚ĖÄ‚Ėí‚ĖĄ‚ĖĄ‚ĖĄ‚ĖÄ‚ĖĎ‚ĖĄ  ‚Ėą‚ĖĆ  ‚Ėí‚ĖĎ‚ĖĎ‚ĖĎ‚Ėí‚Ėí‚Ėí‚Ėí‚Ėí‚ĖĎ‚Ėí‚Ėí‚Ėí‚Ėď‚Ėí
    ‚ĖĎ‚Ėď‚Ėą‚ĖĆ‚Ėź‚ĖĆ ‚ĖÄ  ‚Ėí       ‚Ėą‚Ėą‚Ėí‚Ėí‚Ėą‚Ėď‚Ėą‚Ėą‚Ėą‚Ėą‚Ėą‚ĖĎ‚ĖĎ      ‚Ėą‚Ėą‚Ėą‚Ėą‚Ėą‚ĖĄ‚ĖĄ‚ĖĄ      ‚Ėí‚Ėą  ‚ĖĎ‚Ėą  ‚Ėí‚Ėí‚ĖĎ‚ĖĎ‚Ėí‚Ėí‚Ėí‚Ėí‚Ėí‚Ėí‚Ėí‚Ėí‚Ėď‚Ėí‚Ėď‚Ėď
    ‚ĖĎ‚Ėí‚Ėą‚ĖĆ‚Ėź‚ĖĆ    ‚Ėą  ‚Ėí  ‚Ėź‚Ėą ‚Ėą‚ĖÄ‚Ėą‚Ėí‚ĖĎ‚Ėď‚Ėď‚Ėą‚Ėą‚Ėą‚Ėą‚Ėí‚ĖĎ   ‚ĖÄ‚ĖĄ ‚ĖÄ‚Ėą‚Ėą‚Ėą‚Ėą‚Ėą‚Ėą‚Ėą‚Ėą‚ĖĄ‚ĖĎ‚ĖĄ‚ĖĄ‚Ėą‚ĖÄ ‚Ėí‚Ėď‚ĖĆ‚ĖĄ‚ĖĄ‚ĖĄ‚Ėí‚ĖĎ‚Ėí‚Ėí‚Ėí‚Ėí‚Ėí‚Ėí‚Ėí‚Ėí‚Ėí‚Ėď‚Ėí‚Ėď‚Ėď
     ‚ĖĎ‚Ėą‚ĖĆ‚Ėź‚ĖĆ  ‚Ėą‚ĖÄ‚Ėą‚ĖĄ ‚Ėď‚Ėí ‚Ėą ‚Ėą‚ĖÄ‚Ėą‚ĖĄ‚ĖÄ‚Ėą‚Ėą‚Ėď‚Ėí‚Ėą‚Ėą‚Ėą‚Ėą‚ĖĎ     ‚ĖÄ‚ĖĄ‚ĖĄ ‚ĖÄ‚Ėą‚Ėą‚Ėą‚Ėą‚Ėą‚Ėą‚Ėą‚Ėą‚Ėą‚ĖÄ  ‚Ėď‚Ėą    ‚ĖÄ‚ĖÄ‚ĖÄ‚Ėą‚Ėą‚Ėą‚Ėą‚Ėą‚Ėą‚Ėí‚Ėí‚Ėď‚Ėď‚Ėď‚Ėď
     ‚ĖĎ‚Ėą‚ĖĆ‚Ėź‚ĖĆ‚Ėą‚Ėď‚ĖĆ ‚Ėí‚ĖÄ‚ĖĄ‚Ėď ‚Ėź‚ĖĆ‚Ėź‚ĖĆ   ‚ĖÄ‚Ėą‚Ėą‚Ėď‚Ėą‚Ėí‚Ėą‚Ėą‚Ėą‚Ėą‚ĖĎ      ‚ĖĎ‚ĖÄ‚ĖĄ‚ĖĄ  ‚ĖÄ‚ĖÄ‚ĖÄ‚ĖĄ‚Ėą‚Ėí  ‚Ėď‚Ėą             ‚ĖÄ‚ĖÄ‚ĖÄ‚ĖÄ‚ĖÄ‚ĖÄ‚Ėď
      ‚Ėą‚ĖĆ‚Ėź‚ĖĆ‚ĖĎ‚Ėď‚ĖĆ‚Ėź‚Ėą‚ĖĄ‚Ėď‚Ėą ‚Ėą ‚Ėą      ‚ĖÄ‚ĖÄ‚Ėą‚Ėď‚ĖĎ‚Ėď‚Ėą‚Ėą‚Ėą‚Ėí     ‚ĖĄ‚ĖĄ‚ĖÄ‚ĖÄ‚ĖÄ‚ĖÄ‚ĖÄ‚ĖÄ‚ĖÄ‚ĖÄ‚Ėą‚Ėď  ‚Ėą‚ĖĆ                   ‚ĖÄ
      ‚Ėź‚ĖĆ‚Ėą‚ĖĆ‚Ėą‚Ėą ‚Ėą‚Ėą‚ĖÄ‚ĖĄ ‚Ėą‚ĖĎ‚Ėź‚ĖĆ         ‚ĖÄ‚Ėą‚Ėď‚Ėď‚Ėą‚Ėą‚Ėą‚Ėď  ‚ĖÄ‚ĖÄ           ‚Ėą‚ĖĆ ‚Ėą  ‚ĖĎ                 ‚ĖÄ
      ‚Ėą   ‚Ėą‚Ėą‚Ėź‚Ėí   ‚ĖÄ‚ĖĄ ‚Ėą            ‚ĖÄ‚Ėą‚Ėą‚Ėą‚Ėą‚Ėą‚ĖĄ                ‚Ėź‚ĖĆ               
      ‚Ėą  ‚Ėą‚Ėí‚ĖĆ‚Ėź‚ĖĆ     ‚ĖÄ‚ĖĆ              ‚ĖÄ‚ĖÄ‚ĖÄ‚ĖÄ‚Ėą‚Ėą‚Ėí       ‚ĖĎ     ‚ĖĎ‚ĖĆ    ‚Ėí ‚ĖĎ         
     ‚Ėź‚ĖĆ ‚Ėí‚Ėą‚Ėą ‚Ėą                           ‚ĖÄ‚ĖÄ‚ĖĄ‚Ėí‚ĖĄ‚ĖĄ        ‚ĖĄ‚ĖÄ ‚Ėí ‚Ėí             
     ‚Ėź‚ĖĆ ‚Ėą‚Ėą ‚Ėź‚ĖĆ                              ‚ĖÄ‚ĖÄ‚ĖÄ‚ĖÄ‚Ėą‚Ėą‚Ėí‚ĖĄ‚ĖĄ‚ĖĄ‚ĖÄ   ‚ĖĎ‚Ėí ‚ĖĎ            
     ‚Ėź‚ĖĆ ‚Ėą‚ĖĆ ‚Ėą   Another profound release                  ‚Ėď‚Ėď ‚Ėí            
     ‚Ėź‚ĖĆ‚Ėí‚ĖÄ‚ĖĄ‚ĖÄ                                           ‚Ėď‚ĖĎ‚Ėí‚Ėí               
    ‚Ėí‚Ėź‚ĖĄ‚Ėą‚ĖĎ    escaped the  evil scientists     ‚ĖĄ‚Ėď‚ĖÄ‚ĖÄ‚ĖÄ‚ĖĄ‚ĖĄ‚Ėí‚Ėí‚Ėď                 
     ‚ĖÄ‚Ėą                                      ‚ĖĄ‚Ėď‚ĖĎ‚Ėí‚ĖĄ‚ĖĄ‚ĖĄ‚ĖĎ‚ĖÄ‚Ėí‚Ėď                 
                    at  NODLABS...          ‚Ėź‚Ėą‚ĖĎ ‚Ėź‚ĖĄ ‚Ėď‚ĖÄ‚Ėď‚Ėí‚ĖÄ‚ĖĄ                
      ‚ĖÄ                                      ‚Ėą‚Ėą‚Ėí  ‚ĖÄ‚ĖĄ‚Ėď‚ĖÄ‚Ėą ‚Ėď‚ĖĄ               
                                            ‚Ėź‚ĖÄ‚ĖÄ‚Ėą‚ĖĄ‚ĖĄ  ‚ĖÄ‚ĖĄ‚Ėď‚ĖĆ  ‚ĖĆ‚ĖĎ             
                                           ‚Ėź‚ĖĆ   ‚ĖÄ‚Ėą‚Ėą‚ĖĄ     ‚Ėí‚ĖĆ              
                                          ‚Ėź‚ĖĆ       ‚ĖÄ‚ĖÄ‚Ėą‚Ėą‚ĖĄ‚Ėą‚Ėą               
 ‚Ėą‚Ėą‚Ėą‚Ėą‚Ėą‚Ėą           ‚ĖĎ                       ‚Ėą           ‚Ėą                        
 ‚Ėą‚Ėą‚Ėą‚Ėą‚Ėą‚Ėą  ‚Ėą‚Ėą‚Ėą‚Ėą‚Ėą‚Ėą     ‚ĖĎ  ‚ĖĎ               ‚ĖĄ‚ĖĄ‚Ėą          ‚Ėí‚Ėą‚ĖĆ‚ĖĎ         ‚Ėą‚Ėą‚Ėą‚Ėą‚Ėą‚Ėą‚ĖĄ‚ĖĄ‚ĖĄ‚ĖĄ‚ĖĄ‚ĖĄ‚ĖĄ 
 ‚Ėą‚Ėą‚Ėą‚Ėą‚Ėą‚Ėą‚Ėą ‚Ėą‚Ėą‚Ėą‚Ėą‚Ėą‚Ėą  ‚Ėí ‚ĖĎ  ‚ĖĎ  ‚ĖĎ      ‚ĖĄ‚ĖĄ‚ĖĄ‚Ėą‚ĖÄ‚ĖÄ‚ĖÄ‚ĖÄ‚ĖÄ‚Ėą          ‚Ėą‚ĖĆ   ‚ĖĎ ‚ĖĎ     ‚Ėą‚Ėą‚Ėą‚Ėą‚Ėą‚Ėą  ‚Ėą‚Ėą‚Ėą‚Ėą‚Ėą‚Ėą
 ‚Ėą‚Ėą‚Ėą‚Ėą‚Ėą‚Ėą‚Ėą‚Ėą‚Ėą‚Ėą‚Ėą‚Ėą‚Ėą‚Ėą  ‚ĖĎ‚ĖĎ‚Ėí‚Ėí‚ĖĎ  ‚Ėí    ‚ĖĄ‚ĖĄ‚Ėą‚ĖÄ‚ĖĎ                 ‚Ėą‚ĖĆ  ‚ĖĎ   ‚ĖĎ  ‚Ėí  ‚Ėą‚Ėą‚Ėą‚Ėą‚Ėą‚Ėą  ‚Ėą‚Ėą‚Ėą‚Ėą‚Ėą‚Ėą
 ‚Ėą‚Ėą‚Ėą‚Ėą‚Ėą‚Ėą ‚ĖÄ‚Ėą‚Ėą‚Ėą‚Ėą‚Ėą‚Ėą  ‚Ėí‚ĖĎ‚ĖĎ‚ĖĎ‚Ėí‚ĖĎ‚Ėí   ‚ĖĄ‚Ėą‚ĖÄ‚ĖĎ              ‚ĖĎ    ‚Ėą‚Ėą    ‚ĖĎ‚ĖĎ‚ĖĎ ‚ĖĎ    ‚Ėą‚Ėą‚Ėą‚Ėą‚Ėą‚Ėą  ‚Ėą‚Ėą‚Ėą‚Ėą‚Ėą‚Ėą
 ‚Ėą‚Ėą‚Ėą‚Ėą‚Ėą‚Ėą  ‚Ėą‚Ėą‚Ėą‚Ėą‚Ėą‚Ėą ‚ĖĎ‚Ėí   ‚ĖĎ‚ĖĎ  ‚ĖĄ‚Ėą‚ĖĎ‚ĖĎ               ‚ĖĎ‚Ėí   ‚ĖĄ‚Ėź‚ĖĆ ‚ĖĎ ‚ĖĎ‚Ėí‚ĖĎ‚Ėí‚ĖĎ‚ĖĎ‚ĖĎ ‚ĖĎ ‚Ėą‚Ėą‚Ėą‚Ėą‚Ėą‚Ėą  ‚Ėą‚Ėą‚Ėą‚Ėą‚Ėą‚Ėą
 ‚Ėą‚Ėą‚Ėą‚Ėą‚Ėą‚Ėą  ‚Ėą‚Ėą‚Ėą‚Ėą‚Ėą‚Ėą ‚Ėí  ‚ĖĎ ‚Ėí  ‚ĖĄ‚Ėą‚Ėí‚ĖĎ               ‚ĖĎ       ‚Ėą  ‚ĖĎ‚ĖĎ‚Ėď‚ĖĎ‚Ėí‚Ėí‚ĖĎ‚Ėí‚ĖĎ‚ĖĎ ‚Ėą‚Ėą‚Ėą‚Ėą‚Ėą‚Ėą  ‚Ėą‚Ėą‚Ėą‚Ėą‚Ėą‚Ėą
 ‚Ėą‚Ėą‚Ėą‚Ėą‚Ėą‚Ėą  ‚Ėą‚Ėą‚Ėą‚Ėą‚Ėą‚Ėą ‚ĖĎ ‚ĖĎ‚Ėď   ‚Ėź‚Ėą‚Ėí‚ĖĎ            ‚ĖĎ‚ĖĎ  ‚ĖĎ‚Ėí       ‚Ėą  ‚ĖĎ‚Ėď‚Ėí‚Ėí‚Ėí‚Ėí‚ĖĎ‚ĖĎ  ‚Ėą‚Ėą‚Ėą‚Ėą‚Ėą‚Ėą  ‚Ėą‚Ėą‚Ėą‚Ėą‚Ėą‚Ėą
 ‚Ėą‚Ėą‚Ėą‚Ėą‚Ėą‚Ėą  ‚Ėą‚Ėą‚Ėą‚Ėą‚Ėą‚Ėą   ‚Ėą‚ĖÄ  ‚Ėź‚Ėą‚Ėí‚ĖĎ  ‚ĖĎ            ‚ĖĎ‚ĖĎ‚ĖĎ‚ĖĎ‚ĖĎ       ‚Ėą ‚Ėď‚ĖĎ‚Ėď‚Ėí‚Ėď‚ĖĎ‚ĖĎ   ‚Ėą‚Ėą‚Ėą‚Ėą‚Ėą‚Ėą  ‚Ėą‚Ėą‚Ėą‚Ėą‚Ėą‚Ėą
 ‚Ėą‚Ėą‚Ėą‚Ėą‚Ėą‚Ėą  ‚Ėą‚Ėą‚Ėą‚Ėą‚Ėą‚Ėą  ‚Ėź‚Ėą  ‚Ėź‚Ėą‚Ėí‚ĖĎ    ‚ĖĎ                       ‚Ėź‚ĖĆ ‚Ėď‚ĖĎ‚Ėí‚Ėď‚ĖĎ‚Ėď   ‚Ėą‚Ėą‚Ėą‚Ėą‚Ėą‚Ėą  ‚Ėą‚Ėą‚Ėą‚Ėą‚Ėą‚Ėą
 ‚Ėą‚Ėą‚Ėą‚Ėą‚Ėą‚Ėą  ‚Ėą‚Ėą‚Ėą‚Ėą‚Ėą‚Ėą ‚Ėź‚Ėą   ‚Ėą‚Ėí‚Ėď‚Ėí  ‚ĖĎ             elle!<VNS>   ‚Ėď  ‚Ėď‚Ėí‚Ėí‚Ėí‚Ėď‚Ėí  ‚Ėą‚Ėą‚Ėą‚Ėą‚Ėą‚Ėą  ‚Ėą‚Ėą‚Ėą‚Ėą‚Ėą‚Ėą
 ‚Ėą‚Ėą‚Ėą‚Ėą‚Ėą‚Ėą  ‚Ėą‚Ėą‚Ėą‚Ėą‚Ėą‚Ėą ‚Ėď    ‚Ėí‚Ėí‚Ėí‚Ėí‚ĖĎ ‚ĖĎ‚ĖĎ                         ‚Ėź‚ĖĆ ‚Ėď‚Ėď‚Ėí‚Ėď‚Ėí   ‚Ėą‚Ėą‚Ėą‚Ėą‚Ėą‚Ėą  ‚Ėą‚Ėą‚Ėą‚Ėą‚Ėą‚Ėą
 ‚Ėą‚Ėą‚Ėą‚Ėą‚Ėą‚Ėą  ‚Ėą‚Ėą‚Ėą‚Ėą‚Ėą‚Ėą ‚ĖĎ    ‚Ėą‚Ėí‚Ėí‚Ėí‚ĖĎ‚ĖĎ‚ĖĎ‚ĖĎ‚ĖĎ                  ‚ĖĎ      ‚Ėą ‚Ėď‚Ėí‚Ėď‚Ėď‚Ėí‚Ėď  ‚Ėą‚Ėą‚Ėą‚Ėą‚Ėą‚Ėą  ‚Ėą‚Ėą‚Ėą‚Ėą‚Ėą‚Ėą
 ‚Ėą‚Ėą‚Ėą‚Ėą‚Ėą‚Ėą  ‚Ėą‚Ėą‚Ėą‚Ėą‚Ėą‚Ėą     ‚Ėź‚Ėą‚Ėď‚Ėď‚Ėí‚Ėí‚ĖĎ‚Ėí‚ĖĎ‚ĖĎ‚ĖĎ‚ĖĎ             ‚ĖĎ‚ĖĎ  ‚ĖĄ‚ĖĄ‚Ėą‚Ėą‚ĖĄ ‚Ėą  ‚Ėď‚Ėď‚Ėď‚Ėď‚Ėď  ‚Ėą‚Ėą‚Ėą‚Ėą‚Ėą‚Ėą  ‚Ėą‚Ėą‚Ėą‚Ėą‚Ėą‚Ėą
 ‚Ėą‚Ėą‚Ėą‚Ėą‚Ėą‚Ėą  ‚Ėą‚Ėą‚Ėą‚Ėą‚Ėą‚Ėą ‚ĖĎ   ‚Ėź‚Ėą‚Ėď‚Ėď‚Ėí‚Ėí‚ĖĎ‚ĖĎ‚ĖĎ‚ĖĎ‚Ėí‚ĖĎ‚ĖĎ‚ĖĎ          ‚ĖĎ‚ĖĎ ‚ĖĄ‚Ėą‚ĖÄ   ‚ĖÄ‚ĖÄ‚Ėą      ‚Ėí  ‚Ėą‚Ėą‚Ėą‚Ėą‚Ėą‚Ėą  ‚Ėą‚Ėą‚Ėą‚Ėą‚Ėą‚Ėą
 ‚Ėą‚Ėą‚Ėą‚Ėą‚Ėą‚Ėą  ‚Ėą‚Ėą‚Ėą‚Ėą‚Ėą‚Ėą ‚Ėą    ‚Ėą‚Ėď‚Ėď‚Ėí‚Ėí‚Ėí‚ĖĎ‚ĖĎ‚ĖĎ‚ĖĎ‚ĖĎ‚ĖĎ‚ĖĎ‚ĖĎ  ‚ĖĎ‚ĖĎ ‚ĖĎ‚ĖĎ ‚ĖĎ‚ĖĎ ‚Ėź‚Ėą  ‚Ėí‚Ėď  ‚Ėď‚ĖÄ  ‚ĖĄ‚ĖĄ‚ĖĄ    ‚Ėą‚Ėą‚Ėą‚Ėą‚Ėą‚Ėą  ‚Ėą‚Ėą‚Ėą‚Ėą‚Ėą‚Ėą
 ‚Ėą‚ĖĎ‚Ėą‚Ėą‚ĖĎ‚Ėą  ‚Ėą‚Ėą‚Ėą‚Ėą‚Ėą‚Ėą ‚Ėź‚ĖĎ   ‚Ėź‚Ėď‚Ėď‚Ėď‚Ėí‚Ėí‚Ėí‚ĖĎ‚ĖĎ‚ĖĎ‚ĖĎ‚ĖĎ‚ĖĎ‚ĖĎ      ‚ĖĎ‚ĖĎ‚ĖĎ  ‚Ėą‚ĖĆ ‚Ėí‚Ėď‚Ėď‚Ėď ‚Ėą‚ĖĆ‚ĖĄ‚Ėą‚ĖÄ‚ĖÄ‚ĖÄ‚Ėą‚ĖĄ  ‚Ėą‚Ėą‚Ėą‚Ėą‚Ėą‚Ėą  ‚Ėą‚Ėą‚Ėą‚Ėą‚Ėą‚Ėą
 ‚Ėą‚Ėí‚Ėí‚Ėą‚Ėí‚Ėí  ‚Ėą‚ĖĎ‚Ėą‚Ėą‚ĖĎ‚Ėą  ‚Ėą‚ĖĎ   ‚Ėą‚Ėď‚Ėď‚Ėď‚Ėí‚Ėí‚Ėí‚ĖĎ‚ĖĎ‚Ėí‚ĖĎ‚ĖĎ  ‚ĖĄ‚Ėą‚Ėą‚Ėą‚ĖĆ  ‚ĖĎ  ‚Ėď‚ĖĆ ‚Ėď‚Ėď‚Ėď‚Ėď ‚ĖĄ‚Ėą‚ĖÄ     ‚Ėź‚ĖĆ ‚Ėą‚ĖĎ‚Ėą‚Ėą‚ĖĎ‚Ėą  ‚Ėą‚Ėą‚Ėą‚Ėą‚Ėą‚Ėą
 ‚Ėď‚Ėí‚ĖĎ‚Ėď‚Ėí‚ĖĎ  ‚Ėą‚Ėí‚Ėí‚Ėą‚Ėí‚Ėí   ‚Ėą‚ĖĎ  ‚ĖÄ‚Ėą‚Ėď‚Ėď‚Ėď‚Ėí‚Ėí‚Ėí‚ĖĎ‚ĖĎ‚ĖĎ ‚ĖĄ‚Ėą‚Ėą  ‚Ėź‚Ėą     ‚Ėź‚Ėą ‚Ėď‚Ėď  ‚ĖĄ‚Ėą‚ĖÄ       ‚Ėą ‚Ėą‚Ėí‚Ėí‚Ėą‚Ėí‚Ėí  ‚Ėą‚Ėą‚Ėą‚Ėą‚Ėą‚Ėą
         ‚Ėď‚Ėí‚ĖĎ‚Ėď‚Ėí‚ĖĎ    ‚Ėą‚ĖĎ   ‚Ėą‚Ėď‚Ėď‚Ėď‚Ėí‚Ėí‚Ėí‚ĖĎ‚ĖĎ ‚Ėą‚Ėą   ‚Ėą‚Ėą‚ĖĄ‚Ėą‚Ėą‚ĖĄ‚ĖĄ‚ĖĄ‚Ėą‚ĖĄ  ‚ĖĄ‚Ėą‚Ėą‚ĖĆ        ‚Ėą ‚Ėď‚Ėí‚ĖĎ‚Ėď‚Ėí‚ĖĎ  ‚Ėą‚Ėą‚Ėą‚Ėą‚Ėą‚Ėą
 ‚ĖĄ ‚ĖĄ‚ĖĄ‚ĖĄ‚ĖĄ‚ĖĄ‚ĖĄ‚ĖĄ‚ĖĄ‚ĖĄ‚ĖĄ‚ĖĄ‚ĖĄ     ‚Ėą‚ĖĎ   ‚Ėą‚Ėď‚Ėď‚Ėď‚Ėź‚Ėą‚Ėí‚Ėí‚ĖĎ‚ĖÄ‚Ėą  ‚Ėą‚Ėą‚Ėą‚ĖÄ    ‚ĖÄ‚Ėą‚Ėą‚Ėą‚Ėą‚ĖÄ‚ĖÄ          ‚Ėą ‚ĖĄ‚ĖĄ‚ĖĄ‚ĖĄ‚ĖĄ‚ĖĄ‚ĖĄ‚ĖĄ‚Ėą‚Ėą‚Ėą‚Ėą‚Ėą 
                    ‚Ėź‚Ėą    ‚ĖÄ‚Ėą‚Ėď‚Ėď‚Ėą‚Ėą‚Ėď‚Ėď‚Ėí‚Ėź‚Ėą ‚Ėą‚ĖÄ ‚Ėí‚Ėí‚Ėí‚Ėí‚Ėď  ‚Ėą‚ĖĆ   ‚ĖĄ‚Ėą‚Ėą‚ĖĆ‚Ėď    ‚Ėź‚Ėą               
   ‚Ėą‚Ėą‚Ėą        ‚ĖĎ     ‚Ėź‚Ėą      ‚ĖÄ‚Ėą‚Ėą‚Ėą‚Ėą‚Ėď‚Ėď‚Ėď‚Ėą‚Ėą‚ĖĆ ‚Ėď‚Ėď‚Ėď‚Ėď‚Ėď  ‚ĖĄ‚ĖĎ‚Ėą  ‚Ėź‚Ėą        ‚Ėą‚ĖĆ  ‚ĖĎ        ‚Ėą‚Ėą‚Ėą 
   ‚Ėą‚ĖĎ‚Ėą  ‚Ėď ‚Ėą‚Ėą ‚Ėí‚Ėí‚ĖĆ     ‚Ėą‚ĖĆ       ‚Ėą‚ĖĆ‚Ėź‚Ėą‚ĖĄ‚ĖĄ‚Ėą‚Ėą‚ĖĄ‚ĖĄ     ‚ĖĄ‚Ėą‚ĖÄ‚Ėź‚Ėą  ‚Ėź‚Ėą       ‚Ėą‚ĖĆ  ‚Ėź‚Ėí‚Ėí ‚Ėą‚Ėą ‚Ėď  ‚Ėą‚ĖĎ‚Ėą 
   ‚Ėą‚Ėí‚Ėí    ‚Ėą‚Ėą‚Ėą‚Ėí‚Ėą‚ĖĆ     ‚Ėą‚ĖĆ       ‚Ėą‚ĖĆ ‚Ėí‚Ėď‚ĖÄ‚ĖÄ‚Ėą‚Ėą ‚ĖĎ‚ĖÄ‚ĖÄ‚ĖÄ‚ĖÄ   ‚Ėą‚Ėą   ‚Ėą‚ĖĄ    ‚ĖĄ‚Ėą‚ĖÄ   ‚Ėź‚Ėą‚Ėí‚Ėą‚Ėą‚Ėą    ‚Ėą‚Ėí‚Ėí 
    ‚Ėí‚ĖĎ  ‚Ėí  ‚Ėą‚Ėą‚Ėď‚Ėą‚ĖĆ     ‚Ėź‚ĖĆ       ‚Ėź‚ĖĆ‚ĖĄ‚Ėą‚Ėą‚Ėą ‚Ėą‚ĖĆ        ‚Ėź‚Ėą    ‚ĖĎ‚ĖÄ‚Ėą‚Ėą‚Ėą‚Ėą‚ĖÄ     ‚Ėź‚Ėą‚Ėď‚Ėą‚Ėą  ‚Ėí   ‚Ėí‚ĖĎ 
        ‚Ėí  ‚Ėź‚Ėą‚Ėą‚Ėą      ‚Ėź‚Ėď       ‚Ėą‚Ėą‚ĖÄ‚ĖÄ ‚Ėą ‚Ėź‚Ėą‚ĖĎ      ‚ĖĄ‚Ėą                  ‚Ėą‚Ėą‚Ėą‚ĖĆ  ‚Ėí      
   ‚Ėď ‚ĖĎ  ‚ĖĎ   ‚Ėą‚Ėą       ‚Ėź‚Ėą       ‚Ėź‚Ėą   ‚Ėď‚Ėą ‚ĖÄ‚Ėą‚ĖĄ‚ĖĄ‚ĖĄ ‚ĖĄ‚Ėą‚Ėą                    ‚Ėą‚Ėą   ‚ĖĎ  ‚Ėď ‚ĖĎ 
   ‚Ėą‚Ėí‚Ėí  ‚ĖĎ   ‚Ėą        ‚Ėą‚ĖĆ ‚ĖĎ ‚ĖĎ   ‚Ėź‚Ėą    ‚Ėź‚Ėą  ‚ĖÄ‚ĖÄ‚ĖÄ‚ĖÄ‚ĖÄ‚ĖÄ                      ‚Ėą   ‚ĖĎ  ‚Ėą‚Ėí‚Ėí 
   ‚Ėą‚ĖĎ‚Ėą  ‚ĖĎ   ‚ĖĄ        ‚Ėą‚ĖĆ  ‚ĖĎ‚ĖĎ   ‚Ėź‚Ėą     ‚ĖĎ‚Ėą‚Ėí                            ‚ĖĄ   ‚ĖĎ  ‚Ėą‚ĖĎ‚Ėą 
   ‚Ėą‚Ėą‚Ėą  ‚ĖĎ   ‚ĖÄ       ‚ĖĄ‚Ėą‚ĖĆ ‚ĖĎ     ‚ĖĄ‚Ėí‚ĖĎ     ‚ĖÄ‚Ėą                            ‚ĖÄ   ‚ĖĎ  ‚Ėą‚Ėą‚Ėą 
   ‚Ėą‚Ėą‚Ėą  ‚ĖĎ   ‚Ėí      ‚ĖĎ‚Ėą‚Ėą‚ĖÄ‚Ėą‚Ėď‚Ėą‚Ėą‚Ėí‚Ėą‚Ėą‚ĖÄ‚Ėď       ‚ĖÄ‚Ėą                           ‚Ėí   ‚ĖĎ  ‚Ėą‚Ėą‚Ėą
   ‚Ėą‚Ėą‚Ėą       ‚Ėď     ‚ĖÄ‚ĖÄ                    ‚ĖĄ                         ‚Ėď       ‚Ėą‚Ėą‚Ėą 
   ‚Ėą‚ĖÄ ‚ĖĄ‚Ėą‚Ėą‚Ėą‚ĖĄ                                                           ‚ĖĄ‚Ėą‚Ėą‚Ėą‚ĖĄ ‚ĖÄ‚Ėą 
    ‚ĖĄ‚Ėą‚ĖÄ  ‚ĖĎ‚Ėą‚ĖĆ                                                         ‚Ėź‚Ėą‚ĖĎ  ‚ĖÄ‚Ėą‚ĖĄ  
   ‚Ėź‚Ėą ‚ĖĄ  ‚Ėź‚Ėą ‚ĖĄ                                ‚ĖĄ                      ‚ĖĄ ‚Ėą‚ĖĆ  ‚ĖĄ ‚Ėą‚ĖĆ 
   ‚Ėą‚ĖĆ ‚Ėą‚Ėą‚ĖĄ‚Ėď  ‚ĖĎ‚ĖĄ                     ‚ĖĄ‚ĖĄ‚ĖĄ ‚Ėą   ‚ĖĄ‚ĖÄ‚ĖÄ                     ‚ĖĄ‚ĖĎ  ‚Ėď‚ĖĄ‚Ėą‚Ėą ‚Ėź‚Ėą 
  ‚Ėź‚Ėą‚Ėą‚ĖĎ‚ĖĄ‚Ėą‚ĖĎ   ‚ĖĄ‚ĖĎ                     ‚Ėą   ‚Ėą   ‚ĖÄ‚ĖÄ‚ĖĄ                     ‚ĖĎ‚ĖĄ   ‚ĖĎ‚Ėą‚ĖĄ‚ĖĎ‚Ėą‚Ėą‚ĖĆ
  ‚Ėź‚Ėą‚Ėď‚ĖĄ‚Ėą‚Ėą‚Ėą‚ĖĄ  ‚ĖÄ‚Ėą‚ĖĄ          ‚ĖĎ         ‚Ėą   ‚Ėą ‚ĖĄ ‚Ėą‚ĖĄ‚ĖÄ         ‚ĖĎ          ‚ĖĄ‚Ėą‚ĖÄ  ‚ĖĄ‚Ėą‚Ėą‚Ėą‚ĖĄ‚Ėď‚Ėą‚ĖĆ
   ‚ĖÄ‚Ėą‚Ėď‚ĖĄ‚ĖÄ‚Ėą‚Ėą‚Ėą‚ĖĄ  ‚ĖÄ‚Ėą‚ĖĄ     ‚Ėď  ‚ĖĄ    ‚ĖĄ ‚ĖĄ‚ĖĄ‚ĖĄ‚ĖĄ‚ĖĄ‚ĖĄ ‚ĖĄ‚ĖĄ‚ĖĄ‚ĖĄ ‚ĖĄ‚ĖĄ‚ĖĄ‚ĖĄ‚ĖĄ ‚ĖĄ    ‚ĖĄ  ‚Ėď     ‚ĖĄ‚Ėą‚ĖÄ  ‚ĖĄ‚Ėą‚Ėą‚Ėą‚ĖÄ‚ĖĄ‚Ėď‚Ėą‚ĖÄ 
   ‚ĖĄ ‚ĖÄ‚Ėą‚Ėą‚Ėą‚ĖĄ‚ĖÄ‚Ėą‚Ėą‚ĖĄ‚ĖĄ ‚ĖÄ‚Ėą‚ĖĄ  ‚ĖĄ‚ĖĄ‚ĖĄ‚Ėź‚Ėą      ‚Ėą‚Ėą  ‚Ėą‚Ėą ‚Ėą‚Ėą ‚ĖÄ ‚Ėą‚Ėą ‚Ėą‚Ėą      ‚Ėą‚ĖĆ‚ĖĄ‚ĖĄ‚ĖĄ  ‚ĖĄ‚Ėą‚ĖÄ ‚ĖĄ‚ĖĄ‚Ėą‚Ėą‚ĖÄ‚ĖĄ‚Ėą‚Ėą‚Ėą‚ĖÄ ‚ĖĄ 
   ‚Ėą‚Ėą‚ĖĄ  ‚Ėď‚Ėą‚Ėą‚ĖĄ‚ĖÄ‚Ėą‚Ėą‚Ėí‚ĖĄ‚ĖĄ‚Ėą‚Ėą‚Ėą‚Ėď ‚ĖÄ‚Ėď‚Ėą‚ĖĆ     ‚Ėď‚Ėą  ‚Ėď‚Ėą ‚Ėď‚Ėą‚ĖÄ  ‚Ėď‚Ėą‚ĖĄ‚Ėą‚Ėą     ‚Ėź‚Ėą‚Ėď‚ĖÄ ‚Ėď‚Ėą‚Ėą‚Ėą‚ĖĄ‚ĖĄ‚Ėí‚Ėą‚Ėą‚ĖÄ‚ĖĄ‚Ėą‚Ėą‚Ėď  ‚ĖĄ‚Ėą‚Ėą 
   ‚Ėą‚Ėą‚Ėą  ‚ĖÄ‚ĖĎ‚ĖĄ‚Ėí‚Ėą‚ĖĄ‚ĖÄ‚ĖÄ‚ĖÄ‚Ėą‚Ėą‚Ėą‚Ėď ‚Ėą‚Ėą‚Ėą‚Ėą‚Ėą‚ĖĎ    ‚ĖĎ‚ĖĎ  ‚ĖĎ‚ĖĎ ‚ĖĎ‚ĖĎ   ‚ĖĎ‚ĖĎ‚ĖĎ‚ĖĎ‚ĖĎ    ‚ĖĎ‚Ėą‚Ėą‚Ėą‚Ėą‚Ėą ‚Ėď‚Ėą‚Ėą‚Ėą‚ĖÄ‚ĖÄ‚ĖÄ‚ĖĄ‚Ėą‚Ėí‚ĖĄ‚ĖĎ‚ĖÄ  ‚Ėą‚Ėą‚Ėą 
   ‚Ėą‚Ėą‚Ėą        ‚ĖÄ‚ĖÄ‚ĖÄ‚Ėą       ‚ĖÄ‚Ėą‚ĖÄ                         ‚ĖÄ‚Ėą‚ĖÄ       ‚Ėą‚ĖÄ‚ĖÄ‚ĖÄ        ‚Ėą‚Ėą‚Ėą 
   ‚Ėą‚Ėą‚Ėą  ‚ĖĎ        ‚ĖĄ       ‚ĖÄ      ‚Ėď       ‚Ėď       ‚Ėď      ‚ĖÄ       ‚ĖĄ        ‚ĖĎ  ‚Ėą‚Ėą‚Ėą 
   ‚Ėą‚Ėą‚Ėą  ‚Ėí                ‚ĖĄ     ‚ĖÄ‚Ėą‚ĖÄ     ‚ĖÄ‚Ėą‚ĖÄ     ‚ĖÄ‚Ėą‚ĖÄ     ‚ĖĄ                ‚Ėí  ‚Ėą‚Ėą‚Ėą
   ‚Ėą‚Ėą‚Ėą  ‚Ėą               ‚ĖÄ‚Ėď‚ĖÄ                           ‚ĖÄ‚Ėď‚ĖÄ               ‚Ėą  ‚Ėą‚Ėą‚Ėą
   ‚Ėď‚Ėą‚Ėą ‚Ėź‚Ėą                ‚ĖĎ                             ‚ĖĎ                ‚Ėą‚ĖĆ ‚Ėą‚Ėą‚Ėď
       ‚Ėą‚Ėą                                                               ‚Ėą‚Ėą     
  ‚Ėź‚Ėą‚Ėą‚Ėą ‚Ėź‚Ėą                                                               ‚Ėą‚ĖĆ ‚Ėą‚Ėą‚Ėą‚ĖĆ
   ‚Ėą‚Ėą‚Ėą‚ĖĆ ‚Ėą   Ice.Road.Truckers.S05E13.DVDRip.XviD-NODLABS                ‚Ėą ‚Ėź‚Ėą‚Ėą‚Ėą                                                      
   ‚Ėź‚Ėď‚Ėą‚Ėą ‚Ėą                                                               ‚Ėą ‚Ėą‚Ėą‚Ėď‚ĖĆ
   ‚Ėź‚Ėď‚Ėí‚Ėą ‚Ėą                                                               ‚Ėą ‚Ėą‚Ėí‚Ėď‚ĖĆ
   ‚Ėź‚Ėď‚ĖĎ‚Ėą ‚Ėą   Release date ...: June 2012                                 ‚Ėą ‚Ėą‚ĖĎ‚Ėď‚ĖĆ
   ‚Ėź‚Ėď‚Ėí‚Ėą ‚Ėą   Airdate ........: History Channel, USA 2011                 ‚Ėą ‚Ėą‚Ėí‚Ėď‚ĖĆ
   ‚Ėź‚Ėď‚Ėą‚Ėą ‚Ėą   Duration .......: ~44                                       ‚Ėą ‚Ėą‚Ėą‚Ėď‚ĖĆ
  ‚Ėź‚Ėą‚Ėą‚Ėą ‚Ėź‚Ėą   Video Format ...: XviD                                      ‚Ėą‚ĖĆ ‚Ėą‚Ėą‚Ėą‚ĖĆ
  ‚Ėź‚Ėą‚Ėą‚Ėą ‚Ėź‚Ėą   Resolution .....: 624x352                                   ‚Ėą‚ĖĆ ‚Ėą‚Ėą‚Ėą‚ĖĆ
   ‚Ėź‚Ėď‚Ėą‚Ėą ‚Ėą   Frame Rate .....: 29.970fps                                 ‚Ėą ‚Ėą‚Ėą‚Ėď‚ĖĆ
   ‚Ėź‚Ėď‚Ėí‚Ėą ‚Ėą   Language .......: English                                   ‚Ėą ‚Ėą‚Ėí‚Ėď‚ĖĆ
   ‚Ėź‚Ėď‚ĖĎ‚Ėą ‚Ėą   Subs ...........: English / Spanish                         ‚Ėą ‚Ėą‚ĖĎ‚Ėď‚ĖĆ
   ‚Ėź‚Ėď‚Ėí‚Ėą ‚Ėą   Sound Format ...: MP3 ~128kbps                              ‚Ėą ‚Ėą‚Ėí‚Ėď‚ĖĆ
   ‚Ėź‚Ėď‚Ėą‚Ėą ‚Ėą   Release size ...: 550mb                                     ‚Ėą ‚Ėą‚Ėą‚Ėď‚ĖĆ
   ‚Ėą‚Ėą‚Ėą‚ĖĆ ‚Ėą   Source .........: DVD NTSC Retail                           ‚Ėą ‚Ėź‚Ėą‚Ėą‚Ėą
  ‚Ėź‚Ėą‚Ėą‚Ėą ‚Ėź‚Ėą   Genre ..........: Reality                                   ‚Ėą‚ĖĆ ‚Ėą‚Ėą‚Ėą‚ĖĆ
  ‚Ėą    ‚Ėą‚Ėą                                                               ‚Ėą‚Ėą    ‚Ėą
  ‚Ėź‚Ėą‚Ėą‚Ėą ‚Ėź‚Ėą   URL ............: http://old.tvrage.com/Ice_Road_Truckers   ‚Ėą ‚Ėź‚Ėą‚Ėą‚Ėą 
   ‚Ėą‚Ėą‚Ėą‚ĖĆ ‚Ėą                                                               ‚Ėą ‚Ėź‚Ėą‚Ėą‚Ėą 
   ‚Ėą‚Ėą‚Ėą  ‚ĖĎ                                                               ‚ĖĎ  ‚Ėą‚Ėą‚Ėą
   ‚Ėą‚ĖÄ ‚ĖĄ‚Ėą‚Ėą‚Ėą‚ĖĄ                                                           ‚ĖĄ‚Ėą‚Ėą‚Ėą‚ĖĄ ‚ĖÄ‚Ėą 
    ‚ĖĄ‚Ėą‚ĖÄ  ‚ĖĎ‚Ėą‚ĖĆ                                                         ‚Ėź‚Ėą‚ĖĎ  ‚ĖÄ‚Ėą‚ĖĄ  
   ‚Ėź‚Ėą ‚ĖĄ  ‚Ėź‚Ėą ‚ĖĄ                                                       ‚ĖĄ ‚Ėą‚ĖĆ  ‚ĖĄ ‚Ėą‚ĖĆ 
   ‚Ėą‚ĖĆ ‚Ėą‚Ėą‚ĖĄ‚Ėď  ‚ĖĎ‚ĖĄ             ‚ĖĄ‚ĖĄ‚ĖĄ ‚ĖĄ ‚ĖĄ ‚ĖĄ‚ĖĄ‚ĖĄ ‚ĖĄ‚Ėą‚ĖĄ ‚ĖĄ ‚ĖĄ ‚ĖĄ‚ĖĄ‚ĖĄ ‚ĖĄ‚ĖĄ‚ĖĄ             ‚ĖĄ‚ĖĎ  ‚Ėď‚ĖĄ‚Ėą‚Ėą ‚Ėź‚Ėą 
  ‚Ėź‚Ėą‚Ėą‚ĖĎ‚ĖĄ‚Ėą‚ĖĎ   ‚ĖĄ‚ĖĎ             ‚Ėą‚ĖĄ  ‚Ėą ‚Ėą ‚Ėą ‚Ėą  ‚Ėą  ‚Ėą‚ĖĄ‚Ėą ‚Ėą‚ĖĄ  ‚Ėą ‚Ėą             ‚ĖĎ‚ĖĄ   ‚ĖĎ‚Ėą‚ĖĄ‚ĖĎ‚Ėą‚Ėą‚ĖĆ
  ‚Ėź‚Ėą‚Ėď‚ĖĄ‚Ėą‚Ėą‚Ėą‚ĖĄ  ‚ĖÄ‚Ėą‚ĖĄ          ‚ĖĎ ‚Ėą   ‚Ėą‚ĖĄ‚Ėą ‚Ėą‚ĖÄ‚ĖĄ  ‚Ėą  ‚Ėą ‚Ėą ‚ĖÄ‚ĖĄ‚ĖĄ ‚Ėą‚ĖÄ‚ĖĄ ‚ĖĎ          ‚ĖĄ‚Ėą‚ĖÄ  ‚ĖĄ‚Ėą‚Ėą‚Ėą‚ĖĄ‚Ėď‚Ėą‚ĖĆ
   ‚ĖÄ‚Ėą‚Ėď‚ĖĄ‚ĖÄ‚Ėą‚Ėą‚Ėą‚ĖĄ  ‚ĖÄ‚Ėą‚ĖĄ     ‚Ėď  ‚ĖĄ    ‚ĖĄ ‚ĖĄ‚ĖĄ‚ĖĄ‚ĖĄ‚ĖĄ‚ĖĄ ‚ĖĄ‚ĖĄ‚ĖĄ‚ĖĄ ‚ĖĄ‚ĖĄ‚ĖĄ‚ĖĄ‚ĖĄ ‚ĖĄ    ‚ĖĄ  ‚Ėď     ‚ĖĄ‚Ėą‚ĖÄ  ‚ĖĄ‚Ėą‚Ėą‚Ėą‚ĖÄ‚ĖĄ‚Ėď‚Ėą‚ĖÄ 
   ‚ĖĄ ‚ĖÄ‚Ėą‚Ėą‚Ėą‚ĖĄ‚ĖÄ‚Ėą‚Ėą‚ĖĄ‚ĖĄ ‚ĖÄ‚Ėą‚ĖĄ  ‚ĖĄ‚ĖĄ‚ĖĄ‚Ėź‚Ėą      ‚Ėą‚Ėą  ‚Ėą‚Ėą ‚Ėą‚Ėą ‚ĖÄ ‚Ėą‚Ėą ‚Ėą‚Ėą      ‚Ėą‚ĖĆ‚ĖĄ‚ĖĄ‚ĖĄ  ‚ĖĄ‚Ėą‚ĖÄ ‚ĖĄ‚ĖĄ‚Ėą‚Ėą‚ĖÄ‚ĖĄ‚Ėą‚Ėą‚Ėą‚ĖÄ ‚ĖĄ 
   ‚Ėą‚Ėą‚ĖĄ  ‚Ėď‚Ėą‚Ėą‚ĖĄ‚ĖÄ‚Ėą‚Ėą‚Ėí‚ĖĄ‚ĖĄ‚Ėą‚Ėą‚Ėą‚Ėď ‚ĖÄ‚Ėď‚Ėą‚ĖĆ     ‚Ėď‚Ėą  ‚Ėď‚Ėą ‚Ėď‚Ėą‚ĖÄ  ‚Ėď‚Ėą‚ĖĄ‚Ėą‚Ėą     ‚Ėź‚Ėą‚Ėď‚ĖÄ ‚Ėď‚Ėą‚Ėą‚Ėą‚ĖĄ‚ĖĄ‚Ėí‚Ėą‚Ėą‚ĖÄ‚ĖĄ‚Ėą‚Ėą‚Ėď  ‚ĖĄ‚Ėą‚Ėą 
   ‚Ėą‚Ėą‚Ėą  ‚ĖÄ‚ĖĎ‚ĖĄ‚Ėí‚Ėą‚ĖĄ‚ĖÄ‚ĖÄ‚ĖÄ‚Ėą‚Ėą‚Ėą‚Ėď ‚Ėą‚Ėą‚Ėą‚Ėą‚Ėą‚ĖĎ    ‚ĖĎ‚ĖĎ  ‚ĖĎ‚ĖĎ ‚ĖĎ‚ĖĎ   ‚ĖĎ‚ĖĎ‚ĖĎ‚ĖĎ‚ĖĎ    ‚ĖĎ‚Ėą‚Ėą‚Ėą‚Ėą‚Ėą ‚Ėď‚Ėą‚Ėą‚Ėą‚ĖÄ‚ĖÄ‚ĖÄ‚ĖĄ‚Ėą‚Ėí‚ĖĄ‚ĖĎ‚ĖÄ  ‚Ėą‚Ėą‚Ėą 
   ‚Ėą‚Ėą‚Ėą        ‚ĖÄ‚ĖÄ‚ĖÄ‚Ėą       ‚ĖÄ‚Ėą‚ĖÄ                         ‚ĖÄ‚Ėą‚ĖÄ       ‚Ėą‚ĖÄ‚ĖÄ‚ĖÄ        ‚Ėą‚Ėą‚Ėą 
   ‚Ėą‚Ėą‚Ėą  ‚ĖĎ        ‚ĖĄ       ‚ĖÄ      ‚Ėď       ‚Ėď       ‚Ėď      ‚ĖÄ       ‚ĖĄ        ‚ĖĎ  ‚Ėą‚Ėą‚Ėą 
   ‚Ėď‚Ėą‚Ėą  ‚Ėą                ‚ĖĄ     ‚ĖÄ‚Ėą‚ĖÄ     ‚ĖÄ‚Ėą‚ĖÄ     ‚ĖÄ‚Ėą‚ĖÄ     ‚ĖĄ                ‚Ėą  ‚Ėą‚Ėą‚Ėď 
       ‚Ėą‚Ėą               ‚ĖÄ‚Ėď‚ĖÄ                           ‚ĖÄ‚Ėď‚ĖÄ               ‚Ėą‚Ėą     
  ‚Ėź‚Ėą‚Ėą‚Ėą ‚Ėź‚Ėą                ‚ĖĎ                             ‚ĖĎ                ‚Ėą‚ĖĆ ‚Ėą‚Ėą‚Ėą‚ĖĆ
   ‚Ėą‚Ėą‚Ėą‚ĖĆ ‚Ėą                                ‚ĖĄ                      ‚ĖĄ       ‚Ėą ‚Ėź‚Ėą‚Ėą‚Ėą 
   ‚Ėź‚Ėď‚Ėą‚Ėą ‚Ėą        ‚Ėą‚ĖĄ‚ĖĄ ‚ĖĄ ‚ĖĄ‚ĖĄ‚ĖĄ ‚ĖĄ‚ĖĄ‚ĖĄ ‚ĖĄ‚ĖĄ‚ĖĄ ‚ĖĄ‚ĖĄ‚ĖĄ ‚ĖĄ‚ĖÄ‚ĖÄ   ‚Ėą  ‚ĖĄ  ‚ĖĄ‚ĖĄ ‚ĖĄ‚Ėą‚ĖĄ ‚ĖĄ‚ĖĄ‚ĖĄ ‚ĖĄ‚ĖÄ‚ĖÄ       ‚Ėą ‚Ėą‚Ėą‚Ėď‚ĖĆ 
   ‚Ėź‚Ėď‚Ėą‚Ėą ‚Ėą        ‚Ėą ‚Ėą ‚Ėą ‚Ėą ‚Ėą ‚Ėą ‚Ėą ‚Ėą‚ĖĄ  ‚Ėą ‚Ėą ‚ĖÄ‚ĖÄ‚ĖĄ   ‚Ėą‚ĖÄ‚ĖĄ‚Ėą ‚Ėą ‚Ėą  ‚Ėą  ‚Ėą‚ĖĄ  ‚ĖÄ‚ĖÄ‚ĖĄ       ‚Ėą ‚Ėą‚Ėą‚Ėď‚ĖĆ 
   ‚Ėź‚Ėď‚ĖĎ‚Ėą ‚Ėą        ‚Ėą‚ĖÄ‚ĖĄ ‚Ėą ‚Ėą‚ĖÄ  ‚Ėą‚ĖÄ  ‚ĖÄ‚ĖĄ‚ĖĄ ‚Ėą‚ĖÄ‚ĖĄ ‚Ėą‚ĖĄ‚ĖÄ   ‚Ėą  ‚Ėą ‚ĖÄ‚ĖĄ‚ĖÄ  ‚Ėą  ‚ĖÄ‚ĖĄ‚ĖĄ ‚Ėą‚ĖĄ‚ĖÄ       ‚Ėą ‚Ėą‚ĖĎ‚Ėď‚ĖĆ 
   ‚Ėź‚Ėď‚Ėí‚Ėą ‚Ėą                                                               ‚Ėą ‚Ėą‚Ėí‚Ėď‚ĖĆ 
   ‚Ėą‚Ėą‚Ėą‚ĖĆ ‚Ėą                     ‚ĖĄ‚ĖĄ‚ĖĄ                   ‚ĖĄ                   ‚Ėą ‚Ėź‚Ėą‚Ėą‚Ėą
   ‚Ėą‚Ėą‚Ėą‚ĖĆ ‚Ėą                     ‚ĖĄ‚ĖĄ‚ĖĄ                   ‚ĖĄ                   ‚Ėą ‚Ėź‚Ėą‚Ėą‚Ėą 
  ‚Ėź‚Ėą‚Ėą‚Ėą ‚Ėź‚Ėą                    ‚Ėą  ‚ĖÄ ‚ĖĄ‚ĖĄ‚ĖĄ ‚ĖĄ‚ĖĄ‚ĖĄ ‚ĖĄ‚ĖĄ‚ĖĄ ‚ĖĄ‚Ėą‚ĖĄ ‚ĖĄ‚ĖÄ‚ĖÄ                   ‚Ėą‚ĖĆ ‚Ėą‚Ėą‚Ėą‚ĖĆ
  ‚Ėą    ‚Ėą‚Ėą                    ‚Ėą ‚ĖĄ‚ĖĄ ‚Ėą ‚Ėą ‚Ėą‚ĖĄ  ‚Ėą‚ĖĄ   ‚Ėą  ‚ĖÄ‚ĖÄ‚ĖĄ                   ‚Ėą‚Ėą    ‚Ėą
  ‚Ėź‚Ėą‚Ėą‚Ėą ‚Ėź‚Ėą                    ‚ĖÄ‚ĖĄ‚ĖĄ‚Ėď ‚Ėą‚ĖÄ‚ĖĄ ‚ĖÄ‚ĖĄ‚ĖĄ ‚ĖÄ‚ĖĄ‚ĖĄ  ‚Ėą  ‚Ėą‚ĖĄ‚ĖÄ                   ‚Ėą‚ĖĆ ‚Ėą‚Ėą‚Ėą‚ĖĆ
   ‚Ėą‚Ėą‚Ėą‚ĖĆ ‚Ėą                                      ‚ĖÄ                        ‚Ėą ‚Ėź‚Ėą‚Ėą‚Ėą 
   ‚Ėź‚Ėď‚Ėą‚Ėą ‚Ėą                                                               ‚Ėą ‚Ėą‚Ėą‚Ėď‚ĖĆ 
   ‚Ėź‚Ėď‚Ėą‚Ėą ‚Ėą      AEN AMIABLE ANGELiC FLATLiNE  FiCO FoV FUtV HAGGiS       ‚Ėą ‚Ėą‚Ėą‚Ėď‚ĖĆ 
   ‚Ėź‚Ėď‚ĖĎ‚Ėą ‚Ėą          HANGOVER  iLS  iNGOT  REWARD  SAiNTS  TVA            ‚Ėą ‚Ėą‚ĖĎ‚Ėď‚ĖĆ  
   ‚Ėź‚Ėď‚Ėí‚Ėą ‚Ėą                                                               ‚Ėą ‚Ėą‚Ėí‚Ėď‚ĖĆ 
   ‚Ėź‚Ėď‚Ėą‚Ėą ‚Ėą                                                               ‚Ėą ‚Ėą‚Ėą‚Ėď‚ĖĆ 
   ‚Ėą‚Ėą‚Ėą‚ĖĆ ‚Ėą                   ‚ĖĄ‚ĖĄ  ‚ĖĄ‚ĖĄ ‚ĖĄ  ‚ĖĄ ‚ĖĄ‚Ėą‚ĖĄ ‚ĖĄ‚ĖĄ   ‚ĖĄ‚ĖĄ ‚ĖĄ‚Ėą‚ĖĄ                 ‚Ėą ‚Ėź‚Ėą‚Ėą‚Ėą 
  ‚Ėź‚Ėą‚Ėą‚Ėą ‚Ėź‚Ėą                  ‚Ėą ‚ĖÄ ‚Ėą ‚Ėą ‚Ėą‚ĖÄ‚ĖĄ‚Ėą  ‚Ėą  ‚Ėą‚ĖĄ‚Ėą ‚Ėą ‚ĖÄ  ‚Ėą                  ‚Ėą‚ĖĆ ‚Ėą‚Ėą‚Ėą‚ĖĆ
  ‚Ėą    ‚Ėą‚Ėą                  ‚ĖÄ‚ĖĄ‚ĖÄ ‚ĖÄ‚ĖĄ‚ĖÄ ‚Ėą  ‚Ėą  ‚Ėą  ‚Ėą ‚Ėą ‚ĖÄ‚ĖĄ‚ĖÄ  ‚Ėą                  ‚Ėą‚Ėą    ‚Ėą
  ‚Ėź‚Ėą‚Ėą‚Ėą ‚Ėź‚Ėą                                                               ‚Ėą‚ĖĆ ‚Ėą‚Ėą‚Ėą‚ĖĆ
   ‚Ėą‚Ėą‚Ėą‚ĖĆ ‚Ėą                                                               ‚Ėą ‚Ėź‚Ėą‚Ėą‚Ėą 
   ‚Ėź‚Ėď‚Ėą‚Ėą ‚Ėą          You should  know  where to find us. Else use:        ‚Ėą ‚Ėą‚Ėą‚Ėď‚ĖĆ 
   ‚Ėź‚Ėď‚Ėą‚Ėą ‚Ėą                                                               ‚Ėą ‚Ėą‚Ėą‚Ėď‚ĖĆ 
   ‚Ėź‚Ėď‚ĖĎ‚Ėą ‚Ėą                       Local Tourist Info                      ‚Ėą ‚Ėą‚ĖĎ‚Ėď‚ĖĆ 
   ‚Ėź‚Ėď‚Ėí‚Ėą ‚Ėą                                                               ‚Ėą ‚Ėą‚Ėí‚Ėď‚ĖĆ 
   ‚Ėź‚Ėď‚Ėí‚Ėą ‚Ėą                                                               ‚Ėą ‚Ėą‚Ėí‚Ėď‚ĖĆ 
   ‚Ėź‚Ėď‚Ėí‚Ėą ‚Ėą                       We are looking for:                     ‚Ėą ‚Ėą‚Ėí‚Ėď‚ĖĆ 
   ‚Ėź‚Ėď‚Ėą‚Ėą ‚Ėą                                                               ‚Ėą ‚Ėą‚Ėą‚Ėď‚ĖĆ 
   ‚Ėź‚Ėď‚Ėí‚Ėą ‚Ėą           Maybe an .eu affil with a special touch             ‚Ėą ‚Ėą‚Ėí‚Ėď‚ĖĆ 
   ‚Ėź‚Ėď‚Ėą‚Ėą ‚Ėą   No more nordic, no .de/.fr/.uk, and obviously no rented(!)  ‚Ėą ‚Ėą‚Ėą‚Ėď‚ĖĆ
   ‚Ėą‚Ėą‚Ėą‚ĖĆ ‚Ėą                    USA HDTV/PDTV/DSR cappers                  ‚Ėą ‚Ėź‚Ėą‚Ėą‚Ėą 
  ‚Ėź‚Ėą‚Ėą‚Ėą ‚Ėź‚Ėą          DVD suppliers (pre retail or on retail date)         ‚Ėą‚ĖĆ ‚Ėą‚Ėą‚Ėą‚ĖĆ
  ‚Ėą    ‚Ėą‚Ėą                       Polonium 210                            ‚Ėą‚Ėą    ‚Ėą
  ‚Ėź‚Ėą‚Ėą‚Ėą ‚Ėź‚Ėą                                                               ‚Ėą‚ĖĆ ‚Ėą‚Ėą‚Ėą‚ĖĆ
   ‚Ėą‚Ėą‚Ėą‚ĖĆ ‚Ėą                                                               ‚Ėą ‚Ėź‚Ėą‚Ėą‚Ėą 
   ‚Ėź‚Ėď‚Ėą‚Ėą ‚Ėą                                            ‚ĖĄ‚ĖĄ‚ĖĄ‚ĖĄ               ‚Ėą ‚Ėą‚Ėą‚Ėď‚ĖĆ 
   ‚Ėź‚Ėď‚Ėą‚Ėą ‚Ėą             ‚ĖĄ‚Ėą‚ĖÄ‚ĖÄ‚Ėą         ‚ĖĄ‚ĖĄ‚ĖĄ‚ĖÄ‚ĖÄ‚ĖÄ‚ĖÄ‚ĖÄ‚ĖĄ‚ĖĄ      ‚Ėą‚ĖÄ  ‚ĖÄ‚Ėą       ‚ĖĄ      ‚Ėą ‚Ėą‚Ėą‚Ėď‚ĖĆ 
   ‚Ėź‚Ėď‚ĖĎ‚Ėą ‚Ėą             ‚Ėą   ‚Ėź‚ĖĆ     ‚ĖĄ‚ĖĄ‚Ėą‚Ėą         ‚ĖÄ‚ĖĄ   ‚Ėź‚ĖÄ    ‚Ėą‚ĖĄ     ‚ĖÄ‚Ėą‚ĖÄ     ‚Ėą ‚Ėą‚ĖĎ‚Ėď‚ĖĆ 
   ‚Ėź‚Ėď‚Ėí‚Ėą ‚Ėą            ‚ĖĄ‚Ėą‚ĖĄ  ‚Ėź‚ĖĆ   ‚ĖĄ‚Ėą‚ĖÄ‚ĖĎ‚Ėź‚Ėą    ‚ĖĎ      ‚ĖÄ‚ĖĄ ‚Ėź‚Ėą   ‚Ėą‚ĖÄ ‚Ėą     ‚ĖĎ      ‚Ėą ‚Ėą‚Ėí‚Ėď‚ĖĆ 
   ‚Ėź‚Ėď‚Ėí‚Ėą ‚Ėą          ‚Ėź‚Ėą‚ĖÄ     ‚ĖÄ‚ĖĄ‚ĖĄ‚Ėą‚Ėí‚ĖĎ ‚ĖĎ‚Ėź‚Ėą‚Ėą    ‚ĖĎ      ‚Ėź‚Ėą‚Ėą       ‚Ėź‚ĖĆ           ‚Ėą ‚Ėą‚Ėí‚Ėď‚ĖĆ 
   ‚Ėź‚Ėď‚Ėą‚Ėą ‚Ėą          ‚Ėą‚Ėí       ‚Ėą‚Ėą‚Ėí‚ĖĎ‚ĖĎ‚ĖĎ ‚Ėź‚ĖĆ‚Ėą‚ĖĆ‚ĖĎ          ‚Ėź‚ĖĆ ‚ĖĄ‚Ėą‚ĖĄ  ‚ĖĄ‚Ėą            ‚Ėą ‚Ėą‚Ėą‚Ėď‚ĖĆ 
   ‚Ėą‚Ėą‚Ėą‚ĖĆ ‚Ėą          ‚Ėź‚Ėą‚ĖĄ‚ĖĄ‚ĖĄ‚Ėą  ‚Ėď‚Ėą‚ĖĎ‚Ėí‚ĖĎ‚ĖĎ    ‚ĖĎ‚ĖÄ‚ĖĎ           ‚Ėą‚Ėą‚ĖÄ  ‚ĖÄ‚ĖÄ‚ĖÄ             ‚Ėą ‚Ėź‚Ėą‚Ėą‚Ėą 
   ‚Ėą‚Ėą‚Ėą ‚Ėź‚Ėą               ‚ĖÄ‚Ėą‚ĖĄ‚Ėą‚ĖĎ‚Ėí‚Ėí  ‚ĖĎ‚ĖĎ‚ĖĎ ‚ĖĎ‚ĖÄ ‚ĖĎ           ‚Ėą                   ‚Ėą‚ĖĆ ‚Ėą‚Ėą‚Ėą‚ĖĆ
       ‚Ėą‚Ėą                 ‚Ėą‚Ėď‚ĖĎ‚ĖĎ          ‚ĖĎ           ‚Ėź                   ‚Ėą‚Ėą     
   ‚Ėą‚Ėą‚Ėą  ‚Ėą                 ‚Ėą‚Ėď‚Ėí‚Ėí     ‚ĖĎ           ‚ĖĄ     ‚ĖĆ                  ‚Ėą  ‚Ėą‚Ėą‚Ėą 
   ‚Ėą‚Ėą‚Ėą  ‚ĖĎ                ‚Ėź‚Ėď‚ĖĎ‚Ėí   ‚ĖĎ  ‚ĖĎ         ‚ĖĄ‚Ėą‚Ėą‚ĖĆ    ‚Ėą                  ‚ĖĎ  ‚Ėą‚Ėą‚Ėą 
   ‚Ėą‚Ėą‚Ėą                   ‚Ėź‚Ėď‚ĖĎ    ‚ĖĎ‚ĖĎ ‚ĖĎ‚ĖĎ  ‚ĖĎ    ‚Ėą‚Ėą‚Ėą‚Ėą‚Ėą    ‚Ėą                     ‚Ėą‚Ėą‚Ėą
   ‚Ėą‚Ėą‚Ėą  ascii  scribbled ‚Ėź‚Ėą‚ĖĎ‚ĖĎ ‚ĖĎ  ‚ĖĎ‚ĖĄ‚ĖĄ‚ĖĎ  ‚ĖĎ   ‚Ėź‚ĖĆ‚Ėď‚Ėą‚Ėą‚Ėą‚ĖĆ   ‚Ėą by elle of VANDALs  ‚Ėą‚Ėą‚Ėą 
   ‚Ėą‚Ėą‚Ėą                    ‚Ėą‚ĖĎ‚Ėí ‚ĖĎ  ‚Ėą‚Ėą‚Ėą‚Ėą      ‚Ėą  ‚Ėď‚Ėą‚Ėą‚Ėą   ‚ĖĆ                     ‚Ėą‚Ėą‚Ėą 
   ‚Ėą‚Ėą‚Ėą  ‚ĖĎ [ASCII/LAYOUT]  ‚Ėź‚Ėď‚Ėí  ‚ĖĎ‚Ėź‚ĖĆ‚Ėď‚Ėą‚Ėą     ‚Ėź‚ĖĆ  ‚Ėď‚Ėą‚Ėą‚ĖĆ  ‚Ėź‚ĖĆ                  ‚ĖĎ  ‚Ėą‚Ėą‚Ėą 
   ‚Ėą‚Ėą‚Ėą  ‚ĖĎ                  ‚Ėą‚Ėď‚Ėí  ‚Ėź‚ĖĆ ‚Ėą‚Ėą‚ĖĆ ‚Ėź‚ĖĆ‚ĖĎ‚Ėź‚ĖĆ  ‚Ėź‚Ėą‚Ėą  ‚Ėź‚Ėą                   ‚ĖĎ  ‚Ėą‚Ėą‚Ėą 
   ‚Ėą‚Ėą‚Ėą  ‚ĖĎ                  ‚Ėź‚Ėą‚Ėď‚Ėí ‚ĖĎ‚Ėą‚ĖĄ‚Ėą‚ĖĎ‚ĖĎ ‚Ėą‚Ėą  ‚Ėą‚ĖĄ‚Ėą‚Ėą‚Ėą‚ĖĆ  ‚Ėą‚ĖĄ  ‚ĖĄ‚ĖĄ‚ĖĄ‚ĖĄ             ‚ĖĎ  ‚Ėą‚Ėą‚Ėą 
   ‚Ėą‚Ėą‚Ėą  ‚ĖĎ             ‚ĖĄ‚ĖĄ‚ĖĄ‚ĖĄ‚ĖĄ‚ĖÄ‚Ėą‚Ėí‚Ėď ‚ĖĎ‚ĖĎ  ‚ĖĎ‚ĖĎ‚Ėą‚ĖĆ ‚Ėą ‚ĖÄ‚ĖÄ‚Ėą‚ĖÄ‚ĖÄ  ‚Ėź‚ĖĆ ‚ĖÄ‚Ėą‚ĖÄ   ‚Ėí‚ĖĄ           ‚ĖĎ  ‚Ėą‚Ėą‚Ėą 
   ‚Ėą‚Ėą‚Ėą  ‚ĖĎ           ‚Ėź‚Ėą  ‚ĖÄ‚ĖÄ‚ĖÄ  ‚Ėą‚Ėí      ‚Ėź‚Ėą‚ĖĄ ‚Ėą   ‚ĖĎ   ‚Ėź‚Ėą         ‚Ėź‚ĖĆ          ‚ĖĎ  ‚Ėą‚Ėą‚Ėą 
   ‚Ėą‚Ėą‚Ėą  ‚ĖĎ           ‚Ėź‚ĖĆ     ‚ĖĄ‚Ėą‚Ėą‚ĖĆ‚ĖĎ     ‚ĖĎ‚ĖĎ‚ĖĎ‚ĖÄ‚ĖÄ       ‚Ėą‚ĖÄ‚Ėą‚ĖĄ       ‚Ėź‚ĖĆ          ‚ĖĎ  ‚Ėą‚Ėą‚Ėą 
   ‚Ėą‚Ėą‚Ėą  ‚ĖĎ            ‚Ėą‚ĖĄ‚ĖĄ  ‚Ėą‚Ėą ‚Ėą‚Ėď‚ĖĎ    ‚Ėí ‚ĖĎ ‚Ėí‚ĖĎ‚ĖĎ      ‚Ėź‚ĖĆ ‚Ėą   ‚Ėą‚ĖĄ ‚ĖĄ‚Ėą           ‚ĖĎ  ‚Ėą‚Ėą‚Ėą 
   ‚Ėą‚Ėą‚Ėą  ‚ĖĎ      ‚ĖĄ      ‚Ėą‚ĖĆ   ‚Ėą ‚Ėą‚Ėď‚ĖĎ          ‚ĖĎ       ‚Ėą ‚Ėą   ‚Ėź‚Ėą‚Ėą‚ĖÄ            ‚ĖĎ  ‚Ėą‚Ėą‚Ėą 
   ‚Ėą‚Ėą‚Ėą  ‚ĖĎ     ‚ĖÄ‚Ėą‚ĖÄ     ‚Ėą    ‚Ėą ‚Ėą‚Ėď‚Ėą‚ĖĆ‚ĖĎ ‚Ėí     ‚Ėí ‚Ėí‚ĖĎ ‚Ėą‚ĖĄ‚ĖĄ‚Ėą‚ĖÄ ‚Ėź‚Ėą  ‚Ėź‚ĖĆ              ‚ĖĎ  ‚Ėą‚Ėą‚Ėą 
   ‚Ėą‚Ėą‚Ėą  ‚ĖĎ      ‚ĖĎ      ‚Ėą‚ĖĄ ‚ĖĄ‚Ėą    ‚ĖÄ‚Ėą‚ĖĄ‚Ėą‚Ėą  ‚ĖĎ‚Ėą‚ĖĎ ‚ĖĄ‚Ėą‚ĖĄ‚Ėą‚ĖÄ‚ĖÄ‚ĖÄ    ‚ĖÄ‚ĖÄ‚ĖĄ‚ĖÄ               ‚ĖĎ  ‚Ėą‚Ėą‚Ėą 
   ‚Ėą‚Ėą‚Ėą  ‚ĖĎ              ‚ĖÄ‚ĖÄ‚ĖÄ         ‚ĖÄ‚ĖÄ‚ĖÄ‚ĖÄ‚ĖÄ‚ĖÄ‚ĖÄ‚ĖÄ                             ‚ĖĎ  ‚Ėą‚Ėą‚Ėą 
   ‚Ėą‚Ėą‚Ėą  ‚Ėí                                                               ‚Ėí  ‚Ėą‚Ėą‚Ėą 
   ‚Ėą‚Ėą‚Ėą  ‚Ėí                                                               ‚Ėí  ‚Ėą‚ĖĎ‚Ėą
   ‚Ėą‚Ėą‚Ėą                                                                     ‚Ėą‚Ėí‚Ėí 
   ‚Ėą‚ĖĎ‚Ėą  ‚Ėď ‚Ėą‚Ėą‚Ėą       ‚Ėą‚Ėą‚Ėą     ‚Ėą‚Ėą‚Ėą‚ĖĄ‚ĖĄ‚ĖĄ   ‚Ėą‚Ėą‚Ėą      ‚Ėą‚Ėą‚Ėą ‚Ėą‚Ėą‚Ėą      ‚Ėą‚Ėą‚Ėą‚ĖĄ‚ĖĄ‚ĖĄ   ‚Ėą‚Ėą‚Ėą ‚Ėď  ‚Ėď‚Ėí‚ĖĎ 
   ‚Ėą‚Ėí‚Ėí    ‚Ėą‚Ėą‚Ėą   ‚Ėą‚Ėą‚Ėą ‚Ėą‚Ėą‚Ėą‚ĖÄ‚Ėą‚Ėą‚Ėą ‚Ėą‚Ėą‚Ėą ‚Ėą‚Ėą‚Ėą  ‚Ėą‚Ėą‚Ėą‚ĖĄ ‚Ėą‚Ėą‚Ėą ‚Ėą‚Ėą‚Ėą ‚Ėą‚Ėą‚Ėą‚ĖĄ ‚Ėą‚Ėą‚Ėą ‚Ėą‚Ėą‚Ėą ‚Ėą‚Ėą‚Ėą  ‚Ėą‚Ėą‚Ėą   
   ‚Ėď‚Ėí‚ĖĎ    ‚Ėą‚Ėą‚Ėą   ‚Ėą‚Ėą‚Ėą ‚Ėą‚Ėą‚Ėą ‚Ėą‚Ėą‚Ėą ‚Ėą‚Ėą‚Ėą ‚Ėą‚Ėą‚Ėą  ‚Ėą‚Ėą‚Ėą‚ĖÄ‚Ėą‚Ėą‚Ėą‚Ėą ‚Ėą‚Ėą‚Ėą ‚Ėą‚Ėą‚Ėą‚ĖÄ‚Ėą‚Ėą‚Ėą‚Ėą ‚Ėą‚Ėą‚Ėą ‚Ėą‚Ėą‚Ėą  ‚Ėą‚Ėą‚Ėą    ‚Ėą‚Ėą‚ĖÄ
          ‚Ėą‚Ėą‚Ėą   ‚Ėą‚Ėą‚Ėą ‚Ėą‚Ėą‚Ėą‚ĖĄ‚Ėą‚Ėą‚Ėą ‚Ėą‚Ėą‚Ėą ‚Ėą‚Ėą‚Ėą  ‚Ėą‚Ėą‚Ėą  ‚Ėą‚Ėą‚Ėą ‚Ėą‚Ėą‚Ėą ‚Ėą‚Ėą‚Ėą  ‚Ėą‚Ėą‚Ėą ‚Ėą‚Ėą‚Ėą ‚Ėą‚Ėą‚Ėą  ‚Ėą‚Ėą‚Ėą   ‚Ėź‚Ėą‚Ėí
   ‚ĖÄ‚Ėą‚Ėą    ‚Ėą‚Ėą‚Ėą   ‚Ėą‚Ėą‚Ėą ‚Ėą‚Ėą‚Ėą ‚Ėą‚Ėą‚Ėą ‚Ėą‚Ėą‚Ėą‚Ėą‚Ėą‚Ėą‚Ėą‚ĖĆ ‚Ėą‚Ėą‚Ėą  ‚Ėą‚Ėą‚Ėą ‚Ėą‚Ėą‚Ėą ‚Ėą‚Ėą‚Ėą  ‚Ėą‚Ėą‚Ėą ‚Ėą‚Ėą‚Ėą      ‚Ėą‚Ėą‚Ėą   ‚Ėą‚Ėď  
    ‚Ėí‚Ėą‚ĖĆ   ‚Ėą‚Ėą‚Ėą   ‚Ėą‚Ėą‚Ėą ‚Ėą‚Ėą‚Ėą ‚Ėą‚Ėą‚Ėą ‚Ėą‚Ėą‚Ėą  ‚Ėą‚Ėą‚Ėą ‚Ėą‚Ėą‚Ėą  ‚Ėą‚Ėą‚Ėą ‚Ėą‚Ėą‚Ėą ‚Ėą‚Ėą‚Ėą  ‚Ėą‚Ėą‚Ėą ‚Ėą‚Ėą‚Ėą‚ĖÄ‚Ėą‚Ėą‚ĖĄ  ‚Ėą‚Ėą‚Ėą ‚ĖĄ‚ĖÄ
     ‚Ėď‚Ėą   ‚Ėą‚ĖĎ‚Ėą‚ĖĄ‚Ėą‚ĖĄ‚Ėą‚ĖĎ‚Ėą ‚Ėą‚ĖĎ‚Ėą ‚Ėą‚ĖĎ‚Ėą ‚Ėą‚ĖĎ‚Ėą  ‚Ėą‚ĖĎ‚Ėą ‚Ėą‚ĖĎ‚Ėą  ‚Ėą‚ĖĎ‚Ėą ‚Ėą‚ĖĎ‚Ėą ‚Ėą‚ĖĎ‚Ėą  ‚Ėą‚ĖĎ‚Ėą ‚Ėą‚ĖĎ‚Ėą ‚ĖÄ‚ĖĎ‚Ėą  ‚Ėą‚ĖĎ‚Ėą   
       ‚ĖÄ‚ĖĄ ‚Ėą‚Ėí‚Ėí‚ĖÄ ‚ĖÄ‚Ėą‚Ėí‚Ėí ‚Ėą‚Ėí‚Ėí ‚Ėą‚Ėí‚Ėí ‚Ėą‚Ėí‚Ėí  ‚Ėą‚Ėí‚Ėí ‚Ėą‚Ėí‚Ėí  ‚Ėą‚Ėí‚Ėí ‚Ėą‚Ėí‚Ėí ‚Ėą‚Ėí‚Ėí  ‚Ėą‚Ėí‚Ėí ‚Ėą‚Ėí‚Ėí ‚Ėą‚Ėí‚Ėí  ‚Ėą‚Ėí‚Ėí ‚ĖĎ      
          ‚Ėď‚Ėí‚ĖĎ   ‚Ėď‚Ėí‚ĖĎ ‚Ėď‚Ėí‚ĖĎ ‚Ėď‚Ėí‚ĖĎ ‚Ėď‚Ėí‚ĖĎ  ‚Ėď‚Ėí‚ĖĎ ‚Ėď‚Ėí‚ĖĎ  ‚Ėď‚Ėí‚ĖĎ ‚Ėď‚Ėí‚Ėą ‚Ėď‚Ėí‚ĖĎ  ‚Ėď‚Ėí‚ĖĎ ‚Ėď‚Ėí‚ĖĎ‚Ėą‚Ėď‚Ėí‚ĖĎ  ‚Ėď‚Ėí‚Ėą   
        ‚ĖĎ                                                           ‚ĖĄ‚ĖĄ‚ĖĄ   
                                                                    ‚ĖÄ‚Ėą‚Ėą        
          This NFO might contain traces of Methyl fluorosulfonate              
          (F-SO2-OCH3), Cyclosarin (C7H14FO2P) or the Ebola virus              
                                                                              
                      Viewers discretion is advised.                         
         If you got this release from any p2p/web/pay source, please report
                 to your local police station. Thank you.
