
                                        ■

                                        ▐▌
                                    ·   ▐▌
                                ▄▓▄     █▓     ▄▓▄
                                 █     ▓██▓   · █
               ░                 ▀    ▄███▓▓    ▀               ░
                            ·        ▄▓████▓▄
               ▒     ■   ▓▌   ■▀▓▓█████████████▓▓▓■▀  ▐▓   ■    ▒
               ▓        ▓██▄     ▀▀████████████▀▀    ▄██▓       ▓
               █     ▀███████▓▀     ▓▓███▓████    ▀▓███████▀    █
               █       ▓█████      ▄▓███▀▀▓▓██▄     █████▓      █
               ▄      ▐█▀  ▀▓▌    ▐▓██▀    ▀▓▓█▌   ▐▓▀  ▀█▌ oPi ▄
            ▄▄███▄▄▄▄▄▀▄▄▄▄▄▄▀▄▄▄▄▓█▀▄▄▄▄▄▄▄▄▀▓█▄▄▄▀▄▄▄▄▄▄▀▄▄▄▄███▄▄
  ▄▄ ▄███████▒▒█▀▄▄▄▄▄▄▄▄▄▄▄▄▄▄▄▄▓▀▄▄ ▄▄▄▄▄▄▄▄ ▀▓▄▄▄▄▄▄▄▄▄▄▄▄▄▄▀█▒▒▒▒█████▄ ▄▄
 ███ █▒▒█▀▀▀▀▀▒█ ▄▄▄▄▄▄ ████████▀████ ██▀▀██▀█ ██▀██████ ▄▄▄▄▄▄ █▒▀▀▀▀▀█▒▒█ ███
 ▓▓▓ █▒█ ▓▓▓▓ ▒█ ▀██▀▀█ ▓▓▓▓▓▓▓▓▓▓▓▓▓ ▀▀▀ ▒█  ▓▓▓▓▓▓▓▓▓▓ █▀▀██▀ ██ ▓▓▓▓ █▒█ ▓▓▓
 ▓▓▓ █▒█ ▓▓▓▓ █ ▓ ██ ▓ ▓▓▓▓▓▓▓▓▓▓▓▓▓▓▓▓▓▓ ▒█ ▓▓▓▓▓▓▓▓▓▓▓▓ ▓ █▒ ▓ █ ▓▓▓▓ █▒█ ▓▓▓
 ▒▒▒ █▒█ ▒▒▒▒▒ ▒▒ ▒█ ▒▒ ▒▒▒▒▒▒▒▒▒▒▒▒▒▒▒▒▒ ▒█ ▒▒▒▒▒▒▒▒▒▒▒ ▒▒ █▒ ▒▒  ▒▒▒▒ █▒█ ▒▒▒
 ░░░░▐█▒█▄ ░░ █▄▄▄██▄▄▄█ ░░░░░░░░░░░░░░░░ ▒█ ░░░░░░░░░░ █▄▄▄██▄▄▄█ ░░ ▄█▒█▌░░░░
      ▀████▄  █▀  ▒█  ▀█ ▄▄▄▄▄▄▄▄▄▄▄▄▄▄▄▄▄▄▄   ▄▄▄▄▄▄▄▄ █▀  ██  ▀█  ▄█▒██▀
 ░░░░░░ ▀██▒█▄▀ ░ ▒█ ░░ ▒█▀▀▀▀███▀▀█ ███▀▀▀█  ▒▒██▀▀▀▀▀▒ ░░ █▒ ░ ▀▄████▀ ░░░░░░
 ▒▒▒▒▒▒▒▒ ▀██▒█▄  ▒█ ▒ ▒██ ▒▒ ▒▒█ ▒  ██▒  ██  ▒██▀ ▒▒ █▒ ▒▒ █▒  ▄█▒██▀ ▒▒▒▒▒▒▒▒
 ▓▓▓▓▓▓▓▓▓▓ ▀█▒██ ▒█ ▓ ▒█ ▓▓▓▓ ▒█ ▓▓ ██▒  ▄▄  ▒██       ▓▓▓ █▒ ██▒█▀ ▓▓▓▓▓▓▓▓▓▓
 ▓▓ ▄ ▓▓▓▓▓▓ █▒▒█ ▒█ ▓ ▒█ ▓▓▓▓ ▒█ ▓▓ ██▒  ▒█  ▀▀█▀▀▀▀▀█ ▓▓▓ █▒ ██▒█ ▓▓▓▓▓▓ ▄ ▓▓
 ██ ██ █████ █▒▒█ ▒█ █ ███ ██ ▒██ █  ██▒  ▒█  ██ ▄ ███  ███ █▒ ██▒█ █████ ██ ██
 ██ █▒█▄▄▄▄▄▄█▒▒█ ▒█▄▄█ ▒█▄▄▄▄███▄▄█ ██▒  ▒█▄▄▄█ █▄▄▄▄▄█ ▄▄▄██ ██▒█▄▄▄▄▄▄█▒█ ██
  ▀ █▒▒▒▒▒▒▒▒▒█▀▀▀▀▀▀▀▀  ▀▀▀▀▀▀▀▀▀▀▀▀▀▀▀▀ ▀▀▀▀▀▀ ▀▀▀▀▀▀▀▀▀▀▀▀▀▀▀▀█▒▒▒▒▒▒█▒▒█ ▀
    ██                                                            ·       ██   
    █     ░░                                         ▄▓▄   ■   ▓▌   ■ ░    █   
    █    ░▒▒░                                     ■   █       ▓██▄    ▒    █
    █    ▒▓▓▒                                         ▀    ▀▓██████▓▀ ▓    █
         ▓██▓     RELEASE.DATE____2017.01.07            iNFo ▓█████ ▓▓▓
         ████     DVD.DATE________2016.12.20                ▐█▀  ▀█▌███
         ████     PROD.YEAR_______2016                      ▀      ▀▐██
         ████     SOURCE__________DVD                            ■ ████
         ████     AUDIO.BITRATE___104 kb/s AAC (LC)                ██▓█
         ████     VIDEO.BITRATE___1357 kb/s @ CRF19                ██▓█
         ████     COMPANY_________Elegant Angel                    ██▓█
         ████                                                      ██▓█
         █▓██     SiZE____________29x50MB                          ██▓█
         █▓██     RUNNING.TIME____2h11m49s                         █▓▓█
         █▓██     CODEC___________x264                             ▓▀▀▓
         █▓██     GENRE___________Gonzo, Anal, Black                ▓▌
         █▓██                                                     ▄███▄
         █▓██                                                   ▀▓██████▓▀
         █▓██                          ▐▌                     ■   ▓█████
         █▓██                      ·   ▐▌                        ▐█▀▄▄▀█▌·
         █▓██             ·    ▄▓▄     █▓     ▄▓▄                ▀ ▓██▓ ▀
         █▓██      ■   ▓▌   ■   █     ▓██▓   · █   ■   ▐▓   ■  ▄   ▒▓▓▒
         █▓██         ▓██▄      ▀    ▄███▓▓    ▀      ▄██▓    ▀▓▀  ░▒▒░
         █▓██  ·   ▀███████▓▀       ▄▓████▓▄       ▀▓███████▀  ▀    ░░
         █▓██        ▓█████  ▀▀▓▓█████████████▓▓▓▀▀  █████▓    ·
         █▓██       ▐█▀  ▀▓▌    ▀▀████████████▀▀    ▐▓▀  ▀█▌
         █▓▓█   ▄   ▀      ▀       ▓▓███▓████       ▀    · ▀
         ▓▀▀▓  ▀▓▀·    ■          ▄▓███▀▀▓▓██▄
          ▐▓    ▀                ▐▓██▀    ▀▓▓█▌
         ▄██▓▄                   ▓█▀  pLOt  ▀▓█
      ▀▓███████▀                ▓▀            ▀▓
        █████▓   ■             ▀                ▀
    ·  ▐▓▀▄▄▀█▌
       ▀ ▓▓▓▓ ▀
         ▓██▓
         ████
         ████   Up.That.Black.Ass.10.XXX.DVDRip.x264-STARLETS
         █▓██
         █▓██   http://www.cduniverse.com/productinfo.asp?pid=10596479
         █▓██
         █▓██
         █▓██   Story : Elegant Angel presents Up That Black Ass 10
         █▓██           over 2 hours of black anal action! Award
         █▓██           winning director L.T. returns to Elegant! Up
         █▓██           That Black Ass 10 is 100% anal and 100% black
         █▓██           on black. The assemblage of irresistible black
         █▓██           booty includes Adriana Maya in one of her very
         █▓██           1st anal scenes. Black ass-fucking has never
         █▓██           looked this good! These girls are absolute anal
         █▓██           sluts who love a giant prick between the
         █▓██           cheeks! Do not miss! Starring Adriana Maya,
         █▓██           Cherry Hilson, Jazzy Jamison and Kira Noir.
         █▓██           Enjoy!
         █▓██
         █▓██
         █▓██    Cast : L.T., Cherry Hilson, Kira Noir, Jazzy Jamison,
         █▓██           Adriana Maya
         █▓██
         █▓██
         █▓▓█
         ▓▀▀▓
          ▐▓
         ▄██▓
      ▀▓███████▀                       ▐▌
        █████▓                     ·   ▐▌
    ·  ▐█▀▄▄▀█▌           ·    ▄▓▄     █▓     ▄▓▄
       ▀ ▓██▓ ▀    ■   ▓▌   ■   █     ▓██▓   · █   ■   ▐▓   ■
         ▒▓▓▒ ·       ▓██▄      ▀    ▄███▓▓    ▀      ▄██▓          ░░
         ░▒▒░  ▄   ▀███████▓▀       ▄▓████▓▄       ▀▓███████▀      ░▒▒░
          ░░  ▀▓▀    ▓███▓█  ▀▀▓▓█████████████▓▓▓▀▀  █████▓    ▄   ▒▓▓▒
               ▀    ▐█▀  ▀█▌    ▀▀████████████▀▀    ▐▓▀  ▀█▌  ▀▓▀  ▓▀▀▓
                    ▀      ▀       ▓▓███▓████       ▀    · ▀   ▀    ▓▌
                  ·               ▄▓███▀▀▓▓██▄                 ·   ▓██▄
                                 ▐▓██▀    ▀▓▓█▌                 ▀███████▓▀
                                 ▓█▀  nEWs   ▓█                   ▓█████
                                ▓▀     &&     ▀▓                 ▐█▀▄▄▀█▌·
                               ▀    gREETiNGs   ▀                ▀ █▓██ ▀
                                                                   █▓██
                              WE ARE THE STARLETS.                 █▓▓█
                         HERE TO BRING YOU HIGH QUALITY            ▓▀▀▓
                            PORN FOR YOUR PLEASURE.                 ▓▌
                                                                  ▄▓██▄
                       AFFECTION BLOW CONDITION COCAIN          ▀███████▓▀
                                                                  ▓█████
                      DoggPound DPXXXHD EDGEISO SHOCKISO         ▐█▀▄▄▀█▌·
                                                             ▄   ▀ ▓██▓ ▀
                                                            ▀▓▀    ▒▓▓▒
                                                             ▀     ░▒▒░
                                                    ▐▓   ■   ·      ░░
                                     ▐▌            ▄██▓      oPi
                                    ▄▓█▄   ▄▓▄  ▀▓███████▀  20 09
                                    ▄▀▀▄  · █     █████▓
                                              ■  ▐█▀  ▀█▌
                                                 ▀    · ▀
