                          ▄▄▄    ▄▄▄▄█▄▄                                      
     ░                 ▄███▓███▄██▓▓▓▓███▄▄ ▄▄███▄             ░          ░   
                  ▄▄████▓▓▓▓▓▓███▓▓████▓█████▓▓▓██▄████▄▄           ░ ░      
          ░     ▄██▓▓█▓█████▓▓▓█▓▓███▓███▓▓█▓██▓▓██▓▓▓▓▓██▄▄                 
               ▄█▓▓▓██▓▓██████▓██▓███▓▓▓▓▓██████▓█▓▓████▓▓█████▄▄            
 ░         ▄▄████▓█████▓▓▓▓███▓███▓█████████▓██▓▓█▓██▓███▓██▓███▓█       ░  
     ░    ██▓▓██▓▓███▓██████▓███▓█████▓▓██████▓▓█████▓▓████▓▓█▓███▌▄▄        ░
         ▐█▓▓███████▓▓█▓███▓▓████████▓▓███████████▓████▓▓▓▓▓██▓▓███████▄     
 ░      ▄██▓▓▓███▓▓▓▓████▓▓▓███▓███▓▓▓███████▓█████████████████▓▓▓▓▓█▓▓██    
      ▄███████▓▓██████▓████████▓▓████████████████████████▓▓██▓████████▓▓██  ░
     ▄███▓▓▓▓█▓███▓███▓▓█████████▓██████████████████████████▓▓▓▓▓▓██▓██▓▓██▄  ░
  ░  ██▓▓▓▓████▓▓▓▓████████▓████████████████████████████████▓██████▓▓██▓██▓█▌
    ██▓▓████▓████████▓███████████████████████████████████████████████▓▓███▓▓█
░ ░ ▐█▓▓████▓▓███▓█████████████████████████████████████████████████▓███████▓▓█
  ░░ ██▓▓█▓█▓▓▓▓█▓▓████████████████████████████████████████████████████▓▓▓██▓█▌
   ░ ▐████▓██████▓▓▓█████████████████████████████████████████████████▓▓█████▓█▌
░ ░  ▄███▓▓█▓▓███████████████████████████████████████████████████████▓████▓▓██
   ▄██▓▓▓▓████▓▓█████████████████████████████████████████████████████▓██▓███▀
  ▐████████████▓██████████████████████▓▓▓▓▓█▓██████████████████████████████▀ ░░
░ ███▓▓▓▓██▓██████████████████████▓▓▒░▒░░░░░▒▓▓████████████████████▓████▓▓██▄
░ ▐█▓▓████▓▓████████████████████▓▒░ ░       ░ ░▀▓█▓███████████████████████▓▓█▄
 ░ █▓███▓▓▓███▓████████████████▓▓  ░  ░         ░▓████████████████████▓████▓██
░  █▓▓████████████████████████▓█▒░             ░  ▀▓█████████████████████▓█▓██
  ██████▓▓▓▓███████████████████▓░               ░· ▓███████████████████▓█▓██▀
 ██▓▓▓▓█████▓████████████████▓█▓ ░                ░████████████████████▓█▓▓█▌ ░
 █▓▓▓██▓▓█▓███████████████████▓░               ░ ░▒▓████████████████▓█████▓██
 ██▓███▓██▓██████████████████▓▌ ░   ░           ░ ▓████████████████████▓███▓██
  █▓█▓████▓▓██████████████████▄   ░▒  ░░  ░      ░▓█████████████████████▓▓████
░ ███▓▓████▓▓████████████████████▄  ▒▒▒░░░░░ ░  ▒░▓██████████████████▓▓██▓▓██▌
▒▄ ███▓▓▓████▓███████████████▓█████  ▓▒▒▒░     ░▓▒██████████████████▓████▓███
▒▀ ▄██████▓▓███████████████▀█▀ █████ ▓▓  ▄▄██████▓█████████████████▓▓██▓▓██▀  ░
░ ██▓▓▓█████▓▓████████████▌ ▐▌ ▀▀ ▀█▌▒ ▄██████▓████████████████████▓██████▀  ░░
▒ █▓▓▓█▓▓██████▓█████████▓ ░ ▀▀█▄▄▓▒   ▀▀▀ ██ ▀███████████████████████▓▓███▄  ░
░ ▐█▓██▓██▓▓▓█████████████▌  ░▒░▒▓    ░ ▓▄▄▄ ▄██▓▓█████████████████████▓▓▓▓█▌
░▒ ███▓█████▓▓▓███████████░   ░▒░  ▒  ▒  ▓▒▀▀▀   ▓███████████████▓██▓████▓▓▓█ ░
▒░▄ ▀███▓▓▓██████████████▓▒░  ░░  ▓░  ▒░ ▒▓▒░░  ░▓█████████████▓▓████▓▓▓██▓██
░▒▒▓ ▀█▓▓▓███▓▓▓██▓███████▓  ░   ▀     ▓ ░▒░░   ▒██████████████████▓██████▓█▌ ░
▒░▒▒▓ ▀███▀█▓▓▓█▓█████████░░              ░    ░▓▓██████████████▓███████▓▓██  ░
▓▒▒▓▒▓▄▄▄▄ ██▓▓███▓▓▓████▓▓▒    ▓▄     ▓       ▒▓████████████▓▓▓▓▓██▓█▓███▀  ░░
▒▒▓▒▒▓▒▒▓▓▄ ▀▀██▀▀▀████ ██▒▓     ▀▓▓███▀      ▒▓██████████▓██▓███▓██▓█▓▓██ ▒░░▒
▓▓▒▓▓▒▓▓▓█▓▓█▄▄▄▄█  ▀▀ ▐██▓█▓▄ ▄▄▄▄▄▄        ▓█▓███████████████▓███▓▓████ ▄▓▒░░
▒▓▓▓█▓▓█████▀▀▀▀ ▄▄████████▓████▀▀██████▄▄ ▒▓████████████▓████▓▓█▓▓███▀▀ ▄▓▒░▒▒
▓▓▓▓███▀▀ ▄▄▄██████▀█████████▀█▄▄▄   ▀▀▀█████▓███████▓▓██▓▓▓▓▓▓████▀ ▄▄▓█▒▒▓▒▒▓
█▓██▀ ▄▄████▓██▓▓▒█ ▓█████████▄  ▀▀███▀▀▀▀█▓████████████████▓▓██▀▀ ▄█▓█▓▓▒▓▒▒▓▓
██▀ ▄████▓█▓▒▒█▒░░▓  ▓█████████▄        ▄███████████████▄▄ ▀▀▀▀ ▄███▓▓▓▓▒▓▒▓▓▒▓
▀ ▄██▓█▓█▓▓▒▒░█░░░▓░  ▓███████████▄▄▄▄███████████▓██▀███████▄▄▄ ▀▀▀███▓█▓▓▓█▓▓█
 ██▓██▓▓▓▓▓▓▒▒▓▒░░▒░░  ▀▓██████████████████████▓▀   ▓▓▓█▓█████████▄▄▄ ▀▀███▓▓██
██▓█▓▓▓▓▓▒▓▒▒░▓░░ ░ ▒░   ▀▀▓▓██████████████▓▓▀▀  ░░▒▒▓▒▓▒▓▓█▓█▓████████▄▄ ▀▀███
█▀▀▀█▓▓▓▒▓▒▒░░▒   ░ ▓▒░░ ░    ▀▀▀▓▓▓▓▓▓▀▀▀▀  ░ ░░░░░░▒░▒▒▓▒▒▒▓▒ ▀▀▓████████▄ ▀█
█ █▄▄▄ ▀▀▀▒░▒░░ █▄▄  ▀▓▒░▒░░ ░░    ░ ░  ░ █▄▄   ▀▓▒░░░░▒░▒░▒░░░ █▄ ▀▀▓██▓████ ▀
█ █▒████▀ ░░░ ▒ █▒▓██▌ ▄▄▄▄▄▄ ░ ░░ ▒▒ ░░  █▒████ ▄▄▄▄▄▄░  ▄▄▄ ░ █▓██▄▄▄ ▀▀▓███
█ █░█▒▓▌▄░ ░ ░░ ▐░░█▓▌ █░█▓█▌░ ░▒▒▓▓▓▓▒ ░ ▐▒█▒▓█ █░█░█▌  █▓░▓█▌ ▐▓▓█▒▓███▄▄ ▀██
█ █░▓░▒▌▓     ░ ▐░░▓▒▌ █▒▓░▓▌  ▄ ▀▀▀▀█▓▒░░▐░░░▒█ █░▓▒█▌░▐▓▓▒▒▓█ ▐▓▒█▒░░█▒▓██ ▐█
█ █▒▓░░▌▒ ███▄▄▄▐▒░░░▌ █░▓▒▒▌░ █████▄▄▄▄ ░▐▒░░░█ █▒▓░█▌  █▓▓▓█▌ ▐▒░▓░░░░░░▒█▌ █
█ █░▒░▒▌░ █▓░▓█ ▐░░▒░▌ █░▒░░▌░▐█▓▒▒█▒█░█ ░▐░░░▒█ █░▒░█▌░  ▀▀▀█ ░▐▒░▒░█▀█░░░▓█ █
▓ █░▓░░▌ ▐█▒░█▌ ▐░▒░▒▌ █▒░░▒▌▒▐█░▒░▒░▓▒█ ▒▐▒░▒░█ █▒░▒█▌▒ ███▄▄ ▒▐░▒░▒█ ▐▒░▒▒█ █
▓ █▒░▒▒▌ █▓░▒█ ░▐▒░░░▌ █░▒░░▌▓ ▀▀▀█▓░░▓█ ░▐▓▒░▒█ █▒▒░█▌▒ █░░░█▌▓▐▒▓░▒█ ▐░▒░▓█ █
▓ █▒▓░▓▌▐█▒░█▌▐▒▐░░▒░█▄█▒▒░▒▌▒░▓▌ █▒░▒█▌ ▒▐▒░▓▒█ █▒▓▒█▌▓ █░▒░░▌█▐▓░▒▒█ ▐▒▒░▒█ ▓
▓ █▓▒░▒▌█▒░██ █▓▐▒▒░▒░▒▓▒▓▒▓▌▓▒█ ▐█░▒▓█ ░▒▐▓▒▒▓█ █▓▒▒█▌▒ █▒░▒░▌█▐▒▒▒▓█ ▐▒▓▒▒█ ▓
▓ █▒▓▒▓██▓▓█▄ ▐█▐░▒░▓▓▓▒▓▒▒▒▌▒▓▌ █▓▒▒█▌▐▒▒▐▒▓▒▒█ █▒▓▒█▌▓ █░▓▒▒▌█▐▓░▓▒█ ▐▓▒▓▒█ ▓
▒ █▓▒▒▓▌██▒▓█▄ █▐▒▓▒▒██▓▒▓▓▒▌▓█ ▐█▒░▓█ ▓▒▓▐█▓▓▒█ █▓▒▓█▌▓ █▒▒░▒▌█▐▓▒▒▓█ ▐▓▓▒▓█ ▓
▒ █▒▓▓▒▌ █▒▒▒█▄ ▐▓▒▓▒▌▀█▓▒▒▓▌▓▌ █▓▓▒█▌▐▓▓█ █▒▓▓█▄█▒▓▒█ █ █▓▒▒▓▌█▐▒▓▓▒█ ▐▒▓▓▓█ ▒
▒ █▓▓▒▓▌ █▒▓▒▓█ ▐▓▓▒▓▌ █▒▓▓▓▌█ ▐█▓▒▓█ ████ █▓▓▒▓█▓▓▓▓█ █ █▒▒▓▒▌█▐▓▓▒▓█ ▐▓▓▓▒█ ▒
░ █▓▓▓▒▌ █▓▒▓▓█▄▐▒▓▓▓▌ █▓▓▒▓▌█ █▓▒▓██▄▄▄▄▄▄▐█▓▓▓▓▓▒▓█▌▄▄▄█▓▒▓▓▌█▐▒▓▓▓█▄█▓▒▓▓█ ░
▒ █▓▒▓▓▌ █▒▓▓▒▓█▐▓▓▒▓▌ █▒▓▓▓▌█▐█▓▓▒▓▓▒▓▓▒▓▒░██▓▓▒▓▓██░▒▓▒▓▒▓▒▓▌▓▐▓▓▒▓▓▓▓▓▓▓█▌ ▒
▓ █▓▓▓█▌ █▓▓▓███▐▓▓▓█▌ █▓▓▓█▌▓▐█▒▓▓▓▓▓▓▒▓░▒░ ██▓▓▓██░▒▒░▓▓▓▓▓█▌▒▐█▓▓▓▓▓▓███▀  ▓
█ ██▀▀▀  ██▀▀▀  ▐█▀▀▀  ██▀▀▀ ▒ ███▀▀▀▀▀▀▀▀ ▀  ▀█▓█▀  ▀ ▀▀▀▀▀█▀ ░ ██▀▀▀▀▀▀  ▄█ █
█▄   ▀█▓▄ ▓      ▓           ░                 ▀█▀          ▓    ▓  ▀▓███▀▀▀ ▄█
▀█▄ ▀▄ ▀▓ ▒      ▒                                               ▒    ▓▀ ▄▀ ▄█▀
 Prime.Cuts.Presents.Well.Done.Vol.5.Mixed.By.DJ.Souljah.2009.2DiSC.NTSC.MDVDR
  ██▓ █▓                                                               ▓█ ▓██ 
▀▄ ▀█▄ ▓   RiPPER..[ Team kHzViD             RLS.DATE..[ Mar-05-2010   ▓ ▄█▀ ▄▀
 ▀█ ▀▓ █   SOURCE..[ DVD 5 NTSC              LENGHT....[ ~240 mins     █ █▀ █▀
  ▓█ ▒ █   GENRE...[ Hip Hop/R&B             RLS.SiZE..[ 186x50 MB     █ █ █▓ 
   █ ░ █               http://tinyurl.com/yayxwxh                      █ ░ █  
▄  █   █                                                               █   █  ▄
 █▄▄▄▄█▀ █▄ ┌─[AUDIO]─────────────────┬──[SUBTITLES]──────────────┐ ▄█ ▀█▄▄▄▄█
  ▓█▄ ▄▄██  │                         │                           │  ██▄▄ ▄█▓
░  ▓█ ▀██   │  [ ] English 6.1 DTS    │    [ ] English            │   ██▀ █▓  ░
▒   █▓ █▓   │  [ ] English 5.1        │    [ ] German             │   ▓█ ▓█   ▒
▓   ▓█ █▒   │  [■] English 2.0        │    [ ] French             │   ▒█ █▓   ▓
█▄   ▓ █░   │  [ ] German 6.1 DTS     │    [ ] Spanish            │   ░█ ▓   ▄█
▀█▄ ▀▄ █    │  [ ] German 5.1         │    [ ] Dutch              │    █ ▄▀ ▄█▀
 ▓██ ▀▓█    │  [ ] German 2.0         │    [ ] Italian            │    █▓▀ ██▓
  ██▓ ▓█▄   │  [ ] Other :            │    [ ] Other :            │   ▄█▓ ▓██ 
▀▄ ▀█▄ █    │                         │                           │    █ ▄█▀ ▄▀
 ▀█ ▀█ █    ├─[ASPECT RATIO]──────────┼───[VIDEO]─────────────────┤    █ █▀ █▀
  ▓█ ▓ █ ░  │                         │                           │  ░ █ ▓ █▓ 
   █ ░ █ ▒  │  [ ] 16:9               │    [■] Untouched          │  ▒ █ ░ █  
▄  █   █ ▓  │  [■] 4:3                │    [ ] Re-encoded         │  ▓ █   █  ▄
 █▄▄▄▄█▀ █▄ │  [ ] Other: X.XX:1      │         Passes..[    ]    │ ▄█ ▀█▄▄▄▄█
  ▓█▄ ▄▄██  │                         │         Bitrate.[    ]    │  ██▄▄ ▄█▓
░  ▓█ ▀██   │                         │                           │   ██▀ █▓  ░
▒   █▓ █▓ ░ ├-[MENU]──────────────────┼───[DVD EXTRAS]────────────┤ ░ ▓█ ▓█   ▒
▓   ▓█ █▒ ▒ │                         │                           │ ▒ ▒█ █▓   ▓
█▄   ▓ █░ ▓ │  [■] Untouched          │    [■] All included       │ ▓ ░█ ▓   ▄█
▀█▄ ▀▄ █  █ │  [ ] Stripped           │    [ ] Partial stripped   │ █  █ ▄▀ ▄█▀
 ▓██ ▀▓█  █ │  [ ] Re-encoded         │    [ ] All removed        │ █  █▓▀ ██▓
  ██▓ ▓█▄██ │  [ ] No Menu            │    [ ] None on Source     │ ██▄█▓ ▓██ 
▀▄ ▀█▄ ██▀  │                         │                           │  ▀██ ▄█▀ ▄▀
 ▀█ ▀█ █    └─────────────────────────┴───────────────────────────┘    █ █▀ █▀
  ▓█ ▓ █ ░  ▒     ▄▄▄   ▄▄▄  ▄    ▄  ▄▄   ▄▄▄   ▄▄▄   ▄▄▄   ▄▄▄   ▒  ░ █ ▓ █▓ 
   █ ▒ █ ▒  ▓ ░ ██▀▀█ ██▀▀▀ ██    ██▄██ ██▀▀█ ███▀█ ██▀▀█ ██▀▀█ ░ ▓  ▒ █ ▒ █  
▄  ▓   █ ▓  █ ▒ ▓█▄▄█ ▓█▄   ▓█    ▓████ ▓█  █  ▓█   ▓█▄   ▓█▄▄▄ ▒ █  ▓ █   ▓  ▄
 █▄▄▄▄█▀ █ ██ ▓ ▓█▀▀▄ ▓█▀   ▓█    ▓█ ██ ▓█  █  ▓█   ▓█▀   ▀▀▀▀█ ▓ ██ █ ▀█▄▄▄▄█
  ▓█▄ ▄▄██ ▀ ▄▄ ▓█  █ ▓████ ▓████ ▓█ ██ ▓████  ▓█   ▓████ ▓████ ▄▄ ▀ ██▄▄ ▄█▓
   ▓█ ▀█▓ ▄▀▀                                                     ▀▀▄ ▓█▀ █▓
    ██ █▒                                                             ▒█ ██
    ▓█ █░                                                             ░█ █▓
     █ █                                                               █ █
     █ █  Nearly 250 Music-Clips in the mix:                           █ █
     █ █  Nas, Plies, Ludacris, T-Pain, Method Man,                    █ █
     █ █  Redman, Slick Rick, Biz Markie, Jay-Z, Timbaland, Pitbull,   █ █
     █ █  Three 6 Mafia, LMFAO, Kid Cudi, Ne-Yo, Snoop Dogg, Rihanna,  █ █
     █ █  Kanye West, T.I., G-Unit, Byrd Gang, Juvenile, Dr. Dre,      █ █
     █ █  Yougn Jeezy, Lil Wayne, Mims, SOulja Boy, Hurricane Chris,   █ █
     █ █  A Tribe Called Quest, Ace Hood, etc..                        █ █
     █ █                                                               █ █
     █ █  DISC 1                                                       █ █
     █ █                                                               █ █
     █ █  01) Young Jeezy F. Nas - My President is Black               █ █
     █ █  02) T.I. - Whatever You Like                                 █ █
     █ █  03) Lil Wayne - A Milli                                      █ █
     █ █  04) Beyonce - Diva                                           █ █
     █ █  05) Mims - Move                                              █ █
     █ █  06) Soulja Boy - Turn My Swag On                             █ █
     █ █  07) DJ Unk - Show Out                                        █ █
     █ █  08) DJ Unk F. T-Pain - 2 Step Rmx                            █ █
     █ █  09) Hurricane Chris - A Bay Bay                              █ █
     █ █  10) Baby Bash F. T-Pain - Cyclone                            █ █
     █ █  11) Lil Wayne - Go DJ                                        █ █
     █ █  12) T.I. - Asap                                              █ █
     █ █  13) Plies F. T-Pain - Shawty                                 █ █
     █ █  14) Plies F. Ne-Yo - Bust It Baby Pt.2                       █ █
     █ █  15) Bobby Valentino - Beep                                   █ █
     █ █  16) Rich Boy F. Polow Da Don - Throw Some D's                █ █
     █ █  17) Buju Banton - DRIVE A (BLEND)                            █ █
     █ █  18) Collie Buddz - Come Around (DUB)                         █ █
     █ █  19) Mims F. Junior Reid - This is Why I'm Hot Rmx            █ █
     █ █  20) Mims - This is Why I'm Hot (DUB)                         █ █
     █ █  21) Lil Wayne F. T-Pain - Got Money                          █ █
     █ █  22) Rihanna - Umbrella CC$ Rmx                               █ █
     █ █  23) Kanye West F. T-Pain - Good Life                         █ █
     █ █  24) Cassidy F. Swizz Beatz - My Drink n' My 2 Step           █ █
     █ █  25) T.I. F. Swizz Beatz - Swing Ya Rag (LIVE)                █ █
     █ █  26) T.I. F. Jay-Z - Swagger Like Us (LIVE)                   █ █
     █ █  27) Jay-Z - Jockin Jay-Z                                     █ █
     █ █  28) Oasis - Wonder Wall                                      █ █
     █ █  29) Jamie Foxx F. T-Pain - Blame It                          █ █
     █ █  30) Byrd Gang - Byrd Gang Money                              █ █
     █ █  31) 50 Cent - I Get Money RMX                                █ █
     █ █  32) Swizz Beatz - It's Me                                    █ █
     █ █  33) Nas F. Keli Hilson - Hero                                █ █
     █ █  34) Lupe Fiasco F. Matthew Santos - Superstar                █ █
     █ █  35) G-Unit - Get Down                                        █ █
     █ █  36) G-Unit - Close To Me                                     █ █
     █ █  37) G-Unit - I Like The Way She Do It                        █ █
     █ █  38) G-Unit - Rider PT.2                                      █ █
     █ █  39) 50 Cent - Disco Inferno                                  █ █
     █ █  40) Juvenile F. Lil Wayne - Back That Azz Up                 █ █
     █ █  41) Snoop Dogg F. Pharrell - Drop It Like It's Hot           █ █
     █ █  42) Dr Dre F. Snoop Dogg - Nuthin' But A 'G' Thang           █ █
     █ █  43) Dr Dre F. Snoop Dogg - Nuthin' But A 'G' Thang Rmx       █ █
     █ █  44) Snoop Dogg - Gin & Juice                                 █ █
     █ █  45) Dr Dre F. Snoop Dogg & Nate Dogg - The Next Episode      █ █
     █ █  46) Snoop Dogg F. Xzibit & Nate Dogg - Bitch Please          █ █
     █ █  47) Ludacris F. Shawnna - Stand Up (DUB)                     █ █
     █ █  48) Jay-Z F. Pharrell - I Just Wanna Love U                  █ █
     █ █  49) Jay-Z - La-La-La                                         █ █
     █ █  50) Amerie F. Eve - 1 Thing Rmx                              █ █
     █ █  51) Panjabi Mc's F.Jay-Z - Beware Of The Boys                █ █
     █ █  52) Busta Rhymes F. Ron Browz - Arab Money                   █ █
     █ █  53) Nore F. Busta Rhymes & Ron Browz - Rotate                █ █
     █ █  54) Nore F. Pharrell - Superthug                             █ █
     █ █  55) LL Cool J F. The Dream - Baby                            █ █
     █ █  56) Maino - Hi Hater                                         █ █
     █ █  57) Jay-Z - Show Me What You Got                             █ █
     █ █  58) Jay-Z - Encore                                           █ █
     █ █  59) Dj Felli Fel F.Akon, Diddy, Ludacris, & Lil' Jon - Get   █ █
     █ █  Buck In Here                                                 █ █
     █ █  60) Eve F. Swizz Beatz - Tambourine                          █ █
     █ █  61) V.A. - Be Faithful                                       █ █
     █ █  62) Kanye West - Stronger                                    █ █
     █ █  63) Timbaland F. Keli Hilson - The Way I Are                 █ █
     █ █  64) Justin Timberlake - Sexy Back                            █ █
     █ █  65) Ying Yang Twins F. Pitbull - Shake                       █ █
     █ █  66) Pitbull F. Lil Jon - Krazy                               █ █
     █ █  67) Pitbull F. Lil Jon - The Anthem                          █ █
     █ █  68) Three 6 Mafia Feat. Project Pat, Young D & Superpower -  █ █
     █ █  Lolli Lolli 69) Common F. Pharrell - Universal Mind Control  █ █
     █ █  70) Destiny's Child - Lose My Breath                         █ █
     █ █  71) Madonna F. Timbaland - 4 Minutes                         █ █
     █ █  72) Justin Timberlake F. Clipse - Like I Love You            █ █
     █ █  73) Colby O'Donis - What U Got                               █ █
     █ █  74) Janet Jackson - Rock With U                              █ █
     █ █  75) LMFAO - I'm in Miami Bitch                               █ █
     █ █  76) Kid Cudi - Day N Nite (Dance Rmx)                        █ █
     █ █  77) Ne-Yo - Closer                                           █ █
     █ █  78) J Holiday - Bed                                          █ █
     █ █  79) Yung Berg F. Casha - The Business                        █ █
     █ █  80) Usher F. Young Jeezy - Love In The Club                  █ █
     █ █  81) Cold Play - Viva La Vida                                 █ █
     █ █  82) Swizz Beatz - That Oprah (LIVE)                          █ █
     █ █  83) Soulja Boy F. Sammie - Kiss Me Thru The Phone            █ █
     █ █  84) The Dream - Rockin That Thang                            █ █
     █ █  85) Keysha Cole - You Complete Me                            █ █
     █ █  86) Jazmine Sullivan - Lions, Tigers & Bears                 █ █
     █ █                                                               █ █
     █ █  DISC 2                                                       █ █
     █ █                                                               █ █
     █ █  01) Ludacris Interlude                                       █ █
     █ █  02) Angie Martinez Intro                                     █ █
     █ █  03) Ludacris - So Hood Rmx F. T-Pain                         █ █
     █ █  04) Ludacris - One More Drink F. T-Pain                      █ █
     █ █  05) T-Pain - Chopped N Screwed                               █ █
     █ █  06) T-Pain Interlude                                         █ █
     █ █  07) Ludacris - Pop Champagne F. Jim Jones & Juelz Santana    █ █
     █ █  08) Ludacris - Made U Look Rmx F. Jadakiss                   █ █
     █ █  09) Jadakiss Interlude                                       █ █
     █ █  10) Ludacris - I Do It For Hip Hop                           █ █
     █ █  11) Ludacris - MVP F. DJ Premier                             █ █
     █ █  12) Plies - Shawty                                           █ █
     █ █  13) Plies - Push It Baby Pt.2                                █ █
     █ █  14) Nas Interlude                                            █ █
     █ █  15) Nas - Nigger                                             █ █
     █ █  16) Nas - Hero                                               █ █
     █ █  17) Nas - Black President                                    █ █
     █ █  18) Jay-Z - Success                                          █ █
     █ █  19) Nas & Jay-Z - Black Republicans                          █ █
     █ █  20) Method Man Interlude                                     █ █
     █ █  21) Method Man - M.E.T.H.O.D M.A.N                           █ █
     █ █  22) Red Man - Tonight's The Night                            █ █
     █ █  23) Slick Rick & Biz Markie - Ladi Da Di                     █ █
     █ █  24) Biz Markie Interlude                                     █ █
     █ █  25) Snoop Dogg & DPG - Deep Cover                            █ █
     █ █  26) Snoop Dogg & DPG - Nuthing But A G Thang                 █ █
     █ █  27) Snoop Dogg & DPG - The Next Episode                      █ █
     █ █  28) Snoop Dogg & DPG - Mary Jane                             █ █
     █ █  29) Snoop Dogg Interlude                                     █ █
     █ █  30) Young Jeezy - Who Dat                                    █ █
     █ █  31) Young Jeezy - Put On                                     █ █
     █ █  32) Young Jeezy - My President is Black                      █ █
     █ █  33) Ace Hood Interlude                                       █ █
     █ █  34) Ace Hood - Cash Flow                                     █ █
     █ █  35) Styles P - Come Thru                                     █ █
     █ █  36) Camp Lo Interlude                                        █ █
     █ █  37) Camp Lo - Lumbi                                          █ █
     █ █  38) Ryan Leslie - Addiction                                  █ █
     █ █  39) Smif N Wessun Interlude                                  █ █
     █ █  40) Smif N Wessun - Buck Town                                █ █
     █ █  41) Black Moon - How Many Mc's                               █ █
     █ █  42) Buckshot Interlude                                       █ █
     █ █  43) T.I. - What U Know About                                 █ █
     █ █  44) T.I. - No Matter What                                    █ █
     █ █  45) T.I. - Bring em Out F. Swizz Beatz                       █ █
     █ █  46) T.I. - Swagger Like US F. Jay-Z                          █ █
     █ █  47) T.I. - Living Your Life                                  █ █
     █ █  48) T.I. - Whatever U Like                                   █ █
     █ █  49) T.I. Interlude                                           █ █
     █ █  50) ATCQ - Buggin Out                                        █ █
     █ █  51) ATCQ - Suck N***A                                        █ █
     █ █  52) Q-Tip - Gettin Up / Excursions                           █ █
     █ █  53) ATCQ - Jazz                                              █ █
     █ █  54) ATCQ - Bonita Applebum                                   █ █
     █ █  55) ATCQ - Electric Relaxation                               █ █
     █ █  56) ATCQ - Scenario F. Busta Rhymes                          █ █
     █ █  FREESTYLE                                                    █ █
     █ █  57) ICE-T Interlude                                          █ █
     █ █  58) Smooth Da Hustler Freestyle                              █ █
     █ █  59) Ace Hodd Freestyle                                       █ █
     █ █  UNSINGED HYPE                                                █ █
     █ █  60) Mann & Juice Crew Ffreestyle                             █ █
     █ █  BONUS                                                        █ █
     █ █  61) DJ Souljah E.P.K                                         █ █
     █ █                                                               █ █
     █ █                                                               █ █
     █ █                                                               █ █
     █ █                                                               █ █
     █ █                                                               █ █
     █ █                                                               █ █
  ░  █ █                                                               █ █  ░
  ▒  ▓ █                                                               █ ▓  ▒
  ▓  ▒ █                                                               █ ▒  ▓
  █  ░ █                                                               █ ░  █
  █▓   █                                                               █   ▓█
  ▓█▓  █▄                                                             ▄█  ▓█▓ 
▀▄ ▀█▄ █       ░     ░     ▄▄▄   ▄▄▄   ▄▄▄     ▄   ▄▄▄   ░     ░       █ ▄█▀ ▄▀
 ▀█ ▀█ █          ░      ██▀▀█ ██▀▀█ ██▀▀█ ██  █ ███▀█      ░          █ █▀ █▀
  ▓█ ▓ █ ░  ░  ▒  ▒  ▒   ▓█▄▄█ ▓█▄▄█ ▓█  █ ▓█  █  ▓█     ▒  ▒  ▒  ░  ░ █ ▓ █▓ 
   █ ▒ █ ▒  ▒  ▓ ▄▓ ▄▓   ▓█▀▀█ ▓█▀▀▄ ▓█  █ ▓█  █  ▓█     ▓▄ ▓▄ ▓  ▒  ▒ █ ▒ █  
▄  ▓   █ ▓  ▓ ▄█ █▀ █▀   ▓█  █ ▓████ ▓████ ▓████  ▓█ ▄▄▄ ▀█ ▀█ █▄ ▓  ▓ █   ▓  ▄
 █▄▄▄▄█▀ █ ██ ▀  ▄▄▄▄▄█▀                               ▀█▄▄▄▄▄  ▀ ██ █ ▀█▄▄▄▄█
  ▓█▄ ▄▄██ ▀ ▄▄▀▀                                             ▀▀▄▄ ▀ ██▄▄ ▄█▓
   ▓█ ▀█▓ ▄▀▀                                                     ▀▀▄ ▓█▀ █▓
    ██ █▓                                                             ▓█ ██
    ▓█ █▒                                                             ▒█ █▓
     █ █░                                                             ░█ █
     █ █                                                               █ █
     █ █                                                               █ █
    ▓█ █░                                                             ░█ █▓
    ██ █▒                                                             ▒█ ██
   ▓█ ▄█▓                                                             ▓█▄ █▓
  ▓█▀ ▀▀██                                                           ██▀▀ ▀█▓
 █▀▀▀▀█▄ █                                                           █ ▄█▀▀▀▀█
▀  ▓   █ ▓                                                           ▓ █   ▓  ▀
   █ ▒ █ ▒                                                           ▒ █ ▒ █  
  ▓█ ▓ █ ░                                                           ░ █ ▓ █▓ 
 ▄█ ▄█ █             "Would you PLEASE stop to bitch around?!          █ █▄ █▄
▄▀ ▄█▀ █             Its all about the music man, the music!"          █ ▀█▄ ▀▄
  ██▓ ▓█▀                                                             ▀█▓ ▓██ 
 ▓██ ▄▓█                                                               █▓▄ ██▓
▄█▀ ▄▀ █                                                               █ ▀▄ ▀█▄
█▀   ▓ █░                                                             ░█ ▓   ▀█
▓   ▓█ █▒                                                             ▒█ █▓   ▓
▒   █▓ █▓                                                             ▓█ ▓█   ▒
░  ▓█ ▄██                                                             ██▄ █▓  ░
  ▓█▀ ▀▀██                                                           ██▀▀ ▀█▓
 █▀▀▀▀█▄ █▀                                                         ▀█ ▄█▀▀▀▀█
▀  █   █ ▓                                                           ▓ █   █  ▀
   █ ░ █ ▒                                                           ▒ █ ░ █  
  ▓█ ▓ █ ░                                                           ░ █ ▓ █▓ 
 ▄█ ▄█ █                                                               █ █▄ █▄
▄▀ ▄█▀ █                                                               █ ▀█▄ ▀▄
  ██▓ ▓█▀                                                             ▀█▓ ▓██ 
 ▓██ ▄▓█                                                               █▓▄ ██▓
▄█▀ ▄▀ █                                                               █ ▀▄ ▀█▄
█▀   ▓ █░ ░                                                         ░ ░█ ▓   ▀█
▓   ▓█ █▒ ▒                                                         ▒ ▒█ █▓   ▓
▒   █▓ █▓ ▓                                                         ▓ ▓█ ▓█   ▒
░  ▓█ ▄██ ▀█                                                       █▀ ██▄ █▓  ░
  ▓█▀ ▀▀██ ▀█                                                     █▀ ██▀▀ ▀█▓
 █▀▀▀▀█▄ █▀ █     {ASCii BY AyLieN of CHEMiCAL REACTiON 2oo5]     █ ▀█ ▄█▀▀▀▀█
▀   ▀▄ █▄  ▀▀█▄▄▄▄▄▄▄▄▄▄▄▄▄▄▄▄▄▄▄▄▄▄▄▄▄▄▄▄▄▄▄▄▄▄▄▄▄▄▄▄▄▄▄▄▄▄▄▄▄▄▄█▀▀  ▄█ ▄▀   ▀
     ▓▄ ▀███▄▄▄▄▄▄▄▄▄▄▄▄▄▄▄▄▄▄▄▄▄▄▄▄▄▄▄▄▄▄▄▄▄▄▄▄▄▄▄▄▄▄▄▄▄▄▄▄▄▄▄▄▄▄▄███▀ ▄▓
     ▒▀ ▄▄ ▀▀▀▀▀▀▀▀▀▀▀▀▀▀▀▀▀▀▀▀▀▀▀▀▀▀▀▀▀▀▀▀▀▀▀▀▀▀▀▀▀▀▀▀▀▀▀▀▀▀▀▀▀▀▀▀▀ ▄▄ ▀▒
       ▓█▀▀▀ ▀▀▀  ▄▓████▀▀▀▀▀▀▀▀▀▀▀▀▀▀▀▀▀▀▀▀▀▀▀▀▀▀▀▀▀▀▀████▓▄  ▀▀▀ ▀▀▀█▓
      ▓▀         ▄██▀           ▓██▀▀▀▀▀▀▀▀▀██▓           ▀██▄         ▀▓
      █          █▓            ▓█             █▓            ▓█          █
      ▀         ▓█             ▓               ▓             █▓         ▀
                ▓              ▒               ▒              ▓               
                ▒              ░               ░              ▒               
                ░                                             ░               
                                                                              
                                                                              
                                                                              
  
  
