 ■
░░
▒▓███▓▒
     ░▓██▒                                                          ░░▒▓█▓▓▓▓▓▓
       ░▒█▓░                                                      ░▓▓▓▒░░
          ░▓█▒                                                 ░▓█▓░
            ░▓▓▒                                             ▒▓▓░
               ░▓▓░                                       ▒▓█▒
                 ▒█▒░                                   ░▓█▓░
                   ▒██▓███████▓▒░          ░▒▓▓▓▒▒▒▒▒▒▒██▒
         ░▒▒▒▒░░   ▓█▓░▒▒░   ░░▒██▓     ░▓██▓▒░░▒░░░▒██▒
         ▒▒ ░▒▒▓█▓█░             ░▓▓   ░█▓░           ░▓▒  ░░▒▓▓▓░
         ▒▓     ▒█▒               ░▓▒ ░█▓░             ░█▓▓▓▓▒▒▒▓█
          █░    ▓░                 ░█▒█▒                 ▓      ▓▓
          ▒▓   ░▒                   ▒█▒                  ░▒     █░
           ▓▓  ▒                     ░                    ▓    ▒▓
           ▒█  ▓                                          ▓░  ░█░
            ▒▓ ▓        ██         █████       ██         ▓▒ ░▓▒
           ░░█▒▓        ██         █   █       ██         ▓▒ ▓▓
          ▒██▓██        ██         █   █       ██         ▓▒░█░
        ░▓▓▓▓▒▒█        ██         █   █       ██         ▒▓▓░
   ░▓░   ▓█▒░  ▓▓       ██         █   █       ██         ██▓    ░░
    ▓▓   ░█▒    █▓      ████       █████       ████      ▒█▒    ▓▓░   ░░
    ░█░   ▒█░   ▒█▒                                      ▓▓    ░█░   ░██▓░
▓    ░█░   ▒█    ▒█              presents:             ░▓█    ░█░   ░█▓███▒▒▓
█▓    ▓█░   ▒▓    ▒▓                                  ░█▓    ░█▒   ░█▒  ░███░
░▓▓    ▓▓░   ▓▒    ▓▓         The Following          ░█▓    ░█▒    █▒    ░█░  ░
 ░█░   ░█▓   ░█▒   ░█▓            S01E04             ▓█░    ▒▓    ▒▓    ░█▒  ░█
▓▒▓█░   ░█░   ░▓░    ▓░                             ▒█░    ▓█    ▓█░   ░█▒  ░█░
░░░░▓▒   ░█░   ░█░    █░                           ▓█░    ▓█░   ▓█░   ░█▒ ░▓█░
     ▓▓   ██░   ▓█░   ░█░                         ▒█     ▒█░   ▒█░   ▒█▓██▓░
     ░██▓▓▓▒█░   ▓█    ▒▓                        ░█░    ▒█░   ▒█░   ▓█▒ ░
       ░░░  ░█▓░  █▓░   ▒▒                      ░█▒    ▓█░   ▓█▒▓░▒█▓░
              ▒█▓█▓▓█▒   ▒                      █▓   ░▓█▓  ▒▓▒  ░▒▒
              ░▒░  ▒█▒░░▓                     ▒█░  ▒█▓░▓▓▓█▒
                      ░▒▒█▒                    ░█▓▓█▓░   ░░
                         ░█▓                   ▓█░░
                          ░▓█░                ▓▓
                            ▓█░              ▓▓░
                             ▒█▒           ░▓▒
                              ░█░         ▒█▓
                               ░▓▓░     ░▓█▒
                                ░▓█░   ░▓█░
                                  ░█▒░▓▓▒
                                   ░▓█░

  ╔═══════════════════════╗
  ║  General Information  ║
 ┌╚═══════════════════════╝──────────────────────────────────────────────┐
 │                                                                       │
 │  LOL Release :   02/11/2013                                           │
 │         Link :   http://www.tvrage.com/The_Following                  │
 │                                                                       │
 └───────────────────────────────────────────────────────────────────────┘

  ╔═══════════════════════╗
  ║  Encode Information   ║
 ┌╚═══════════════════════╝──────────────────────────────────────────────┐
 │                                                                       │
 │        Video :   x264                                                 │
 │        Audio :   AAC 2ch 48khz                                        │
 │ Aspect Ratio :   16:9                                                 │
 │   Frame Rate :   23.976024 fps                                        │
 │                                                                       │
 └───────────────────────────────────────────────────────────────────────┘

  ╔═══════════════════════╗
  ║  News                 ║
 ┌╚═══════════════════════╝──────────────────────────────────────────────┐
 │                                                                       │
 │    Have anything useful (and legal) ? madcow at hushmail dot com      │
 │                                                                       │
 └───────────────────────────────────────────────────────────────────────┘
                               [unfo-maker 2.1p]
