                        ▄▄▄▄▄▄▄                                   ▄▄▄▄
            ▄▄▄█▄▄▄▄▄▄▄█▀▄▄▄▄ ▀█                               ▄█▀▀  ▀█
     ▄▄█▀▀▀▀▀         ▀▀▀▀▀███ █         ▄▄▄                ▄█▀▀   ▄▄ █
▄▄▄█▀▀     ▄▄▄██████████▄▄   ▀▀█▄       █▀ ▀▀█▄          ▄█▀▀   ▄▄███ █
█    ▄▄▄████████████████████▄▄  █▄      █ █▄▄ ▀▀█▄       █   ▄▄█████  █
█  ████████████████████████████▄ █      █ ████▄  █▄      █ ▄████████ ▄█
█ █████████████▀▀ ▄▄▄▄▄▄▄▄ ▀▀▀▀ ▄█     █▀ ██████▄ █▄     █ █████████ █
█ ████████▀▀▄▄▄█▀▀▀ █ ▀█████████▀      █ ████████▄ █     █ █████████ █
█ ██████ ▄█▀▀▀      █▄ ██████▀ █       █ █████████ █    ██ █████████ █
█ ████ ▄█▀           █ ██████ ▄█       █ █████████ ██   █ ▄█████████ █
█▄ ██ █▀             █ ██████ █        █ █████████▄ ██ ██ █████████  █
 █ █ █▀     ▄▄▄      █ ▀█████ █        █ ██████▀ ▀█▄ █ █ ▄█████████ ▄█
 █ ▄█▀    █▀▀ █      █▄ ████▀ █        █ ██████ █ ▀█ ███ ██████████ █
 █▄█  ▄▄█▀ ▄ █▀       █ ████ ▄█        █ ██████ ██ █▄ █ ▄█▀▀▀██████ █
 ██  ▄█ ▄▄██ █        █ ████ █        ▄█ ██████ █▀█ █▄ ▄█ █▀█ █████ █▄
    ▄█ ▄████ █        █ ████ █        █  ██████ █ ▀█ █▄█ █▀ █ █████▄ █
    █  █████ █▄█▄     █ ▀███ █        █ ▄██████ █  ▀█ ██ █  █ ██████ █
    █  █████▄▄▄ ▀█    █▄ ██▀ █      ▄▄█▀▀   ▀██ █   █ █ █▀  █ ██████ █
    █  ███████  █▀     █ ██ ▄█    ▄█▀  ▄▄███ ▀█ █▄  ▀█  █   █ ██████ █
    ▀█ ██████ █▀       █ ██ █    █▀ ▄████████ █▄ █   █ █▀  ▄█ ██████ █▄
     █ ██████ █        █ ██ █   █▀ ██████████ ██ █   █ █   █ ███████▄ █
     █ ▀█████ █▄       █ ██ █  █▀▄███████████ ██ █   ▀█▀   █ ████████ █
     ▀█ █████▄ █       █ ██ █ █▀▄███████▀▀▀  ▄██ █▄        █ ████████ █
      █ ██████ █       █▄ █ █▀▀▄████▀▀   ▄▄█████▄ █       ▄█ █████▀▀  █
      █  █████ █        █ ██▄▄███▀▀ ▄▄█▀▀█ ▀▀▀▀▀█ █       █ ▄██▀   ▄▄█▀
      ▀█  ████ █        █ █████▀ ▄▄█▀    ▀▀█▄▄▄  ▄█       █ █▀ ▄▄█▀▀
       ▀█ ▀▀██▄ █       █ ███▀ ▄█▀            ▀▀▀▀        █ ▄█▀▀
        ▀█▄ ▀██ █▄      █ █▀ ▄█▀                          ▀▀▀
          ▀█▄ ▀█ █      █  ▄█
            ▀▀█▄▄ █     █▄█▀    [F]or the [L]ove of [M]usic
                ▀█▀      ▀
┌──────────────────────────────────────────────────────────────────────────────┐
│                                 PRESENT YOU                                  │
│ ┌──────────────────────────────────────────────────────────────────────────┐ │
│ │                                                                          │ │
│ │                         The Rasmus - Black Roses                         │ │
│ │                                                                          │ │
│ │                                                                          │ │
│ │                     RELEASED: 09/23/2008                                 │ │
│ │                     GENRE...: Rock                                       │ │
│ │                     TRACKS..: 11                                         │ │
│ │                     SiZE....: 65,9 MB                                    │ │
│ │                     SOURCE..: CDDA                                       │ │
│ │                     ENCODER.: Lame 3.97 v2 vbr new                       │ │
│ │                                                                          │ │
│ │                                                                          │ │
│ └──────────────────────────────────────────────────────────────────────────┘ │
│                                 TRACKLiST                                    │
│ ┌──────────────────────────────────────────────────────────────────────────┐ │
│ │                                                                          │ │
│ │   NR  TiTLE                                                    TiME      │ │
│ │                                                                          │ │
│ │   01. Livin' In A World Without You                            03:50     │ │
│ │   02. Ten Black Roses                                          03:54     │ │
│ │   03. Ghost Of Love                                            03:18     │ │
│ │   04. Justify                                                  04:27     │ │
│ │   05. Your Forgiveness                                         03:56     │ │
│ │   06. Run To You                                               04:12     │ │
│ │   07. You Got It Wrong                                         03:17     │ │
│ │   08. Lost And Lonely                                          04:46     │ │
│ │   09. The Fight                                                03:46     │ │
│ │   10. Dangerous Kind                                           03:47     │ │
│ │   11. Live Forever                                             03:21     │ │
│ │                                                                          │ │
│ │                                                                          │ │
│ │                                                TOTAL TiME      42:34 MiN │ │
│ │                                                                          │ │
│ │                                                                          │ │
│ └──────────────────────────────────────────────────────────────────────────┘ │
│                                RELEASE NOTES                                 │
│ ┌──────────────────────────────────────────────────────────────────────────┐ │
│ │                                                                          │ │
│ │                                                                          │ │
│ │                                                                          │ │
│ │                                                                          │ │
│ │                                                                          │ │
│ │                                                                          │ │
│ │                                                                          │ │
│ └──────────────────────────────────────────────────────────────────────────┘ │
│                                 GROUP NOTES                                  │
│ ┌──────────────────────────────────────────────────────────────────────────┐ │
│ │                                                                          │ │
│ │   We are dedicated to the scene Only and we Only deliever you Quality    │ │
│ │  Our releases is only for Promotion, so if you like, Support the Artist  │ │
│ │  Keep the Scene Safe and do not share our releases to the World Wide Web │ │
│ │                                                                          │ │
│ │                       [F]or the [L]ove of [M]usic                        │ │
│ │                            Since July 2008                               │ │
│ │               Do not try to contact us, we dont need you!                │ │
│ │                                                                          │ │
│ └──────────────────────────────────────────────────────────────────────────┘ │
│                                                                              │
└──────────────────────────────────────────────────────────────────────────────┘
