                               ░                   ░                          ░
      ░  ▄▄▀▀▀▓▒      ░▒▓▀ ■▄▄  ░  + + ░  M  A  G  ▒  N  i ░ T  U  D  E  + +  ░
░    ░░▒▒     ▐▓      ▓▒     ░▓▀░░     ░        ▄▄▄▓▄▄▄▄ ░░                  ░░
▒ ░░░▓▒░░     ░▓▌    ▐▒░     ▒▌ ░░   ░ ▒░   ▄▓▀▀  ░▓░   ░░ ▄▄      ░        ▒░▒
▓▄   ▀█▄░░    ░░▓■■■■▓░     ░▓ ░▒░  ▒░ ▓▒▄▀  ▒     ▒   ░░▒   ▀▒░        ░ ░░▒▓▓
▀▄▓▄   ▀▓▓▄▄■  ░            ▀▀▓▒░  ░▓░ ▓▓▌   ░     ▄  ░░▓▌     ░░░ ░    ░░▒▒▓▓█
  ▀▄▓▄  ▄▓▀   ▄▒▓▓▓▓▀▀▀ ■■ ▄ ▒▒░ ▀▀▓▓▒ ▓▓▌       ▄▓   ░▒▓█      ▒░░░░░░░▒▒▒▒▒▓▌
▓▄  ▀██▓▀▒░▄█▓░▓██▓        ▄▒▓▒▄▄   ▄▓ ▓█▌▄▒▒▓▄ ▐█▌    ░▒▓█▄▄    ▀▓▒▒▒▓▓▓▓▓▓▓▀
▐▓▓▄  ▀  ░▓█▓▌ ▐███▓▓▄▄  ▄▓▓▓▀░ ▐██▄ ▀ ▓██▀▓▓▓▀ ▓█▌     ░░▒▓▀▀▓▓▄▄  ▀▀▀▀▀▀▀
▐▓███▄  ░▓███  ███▓▐██▓▀▓▓█▀ ░▒░ ▓▓██▄ ███▓▄▄███████▓▓▀  ░░▒░   ▀███▄ ▐▓▓██▓▒░░
▐██▓▀▓▓▄██▓██ ▐██▓░▐██▌▐██▌  ▓▓▒ ▓█▓ ▀▓███▒██▄░▓██▓▄█▌  ▄▄░▒▓▒   ▐▓██▌ ▀▓█▌
▐██▓  ▀▓▀ ▓▓█ ██▓▒ ▐██▓▓█▓   █▓▓ ██▓▌ ▐███░██▓ ▒████▓   ▐██░▓▓▌  ░███▓▄▄▄██▄
▐██▓      ▓▓▓▒▓▓▓▀▀▓▓█▓▓█▓   ██▓ ██▓▌  ███ ██▓ ░████▓    ▓█▌▐▓▓  ▐███▌███▀   ░
▐██▓     ▐▓▒▓▓▓▀▒ ▄▓██▓▐█▓▌  ██▓ ██▓▌  ▓██▌██▓ ░██▐▓▓▌  ▐▓▓███▌ ░▓███████    ░░
▐██▓    ▄▓▒▒▓▒▀ ░   ▀▓▓▄▀██▄▄██▓▄█▓▓▀  ▒▓██▓▓▒ ▒█▓ ▀▓▓▄▄▓▓▓▓█▓ ▄▓███▀▓███▌   ░▒
▐██▓░  ▀▀▀░▒▒         ▀▀▀  ▀▀▓▓█▌▀▀▒   ░▓▓▓▒▓░ ▓▓▀ ░  ▀▀▀▀░▒▓▄▓▓▀▀  ▀▀▓▓██  ░░▓
▐█▓▓▒░ ░░  ░   ▄▄▄█████▄▄▄▄  ▀▓█▌  ░    ░▒░ ▒░▄▀  ▄▓▄    ▄▓▓▀▀         ▀▓▓▒░░▒▓
▐▓▓▒▒▒░      ▄▓██▓▓▓▀▀▀▀▀▀▀▀▓█▄██        ░░▒▒░     ▀   ▄▀▒░      ░       ▒▒░▒▒▓
▐▓▒▒▒░  ░ ░░▒▓▓█▀              ▀▀▓▄     ░▒▒▓▓▒░░ ░   ░▓▌ ░       ▒        ░░▒▓▓
▐▒▒░         ▓▓  ++S! ++b5! ++Ix  ▄▀■▄░▒▒▓▓▓█▀      ░▒▓  ░  ░░▒░▒▓▒░▒░░░  ░▒▒▓█
▐▒░     ░░    ▀▄                  ▐▌   ▀▀▀▀▒        ░▒▒          ▒       ░▒▓▓█▌
▒░    ░▒░       ▀  ▄             ▄▀        ░         ░░  ░       ░      ▄▒▓██▀
░    ░▒▓▒░ ░           ▀  ■■  ▀                        ░             ░░▓▓▓▓▀  ▒
▒   ▀ ▀▓▌                                                 ░      ░░▒░░▒▒▒▀   ▄▓
░                              SURFCAM V2020.1                              █▓▓
░                                 (c) VERO                                  █▓▓
░                                                                        ▀   ▓▒
░    SUPPLIER...: Team MAGNITUDE 2020        DATE......: 08/03/2020          ▒░
░                                                                            ░░
▒    CRACKER....: Team MAGNITUDE 2020        SIZE......: 1 DISK              ░▒
▒                                                                             ▒
▓░   PACKAGER...: Team MAGNITUDE 2020        PROTECTION: License             ░▓
▓▒░                                                                         ▒▒▓
█▀▓▄▄        ▄▀▀▄ ▄▀▀▄ █  ▄▀▀▄ ▄▀▀▄ ▄▀▀  ▄▀▀▄     ▀ █▀▀▄ ▄▀▀  ▄▀▀▄        ▄▄▓▀█
 ▀▀▀▀▀▀▀ ▀▀▀ ▓▀▀▄ ▓▀▀▀ ▓▄ ▓▀▀▀ ▓▀▀█ ▀▀▀▓ ▓▀▀▀ ▀▀▀ ▓ ▓  █ ▓▀▀▀ ▓▄▄▀ ▀▀▀ ▀▀▀▀▀▀▀
 █▓▀▀ ▀         ▀  ▀       ▀      ▀   ▀   ▀            ▀                ▀ ▀▀▓█
 ▓   ░  ░░░░ ░░░░░░░░░░░░░░░░░░░░░░░░░░░░░░░░░░░░░░░░░░░░░░░░░░░░░ ░░░░  ░   ▓
 ▒                                                                           ▒
 ░                                                                           ░
 ░  Vero Software, the world's largest and number one CAM specialist is      ░
 ░  pleased to announce the acquisition of the SURFCAM assets from           ░
 ░  Surfware, Inc., a US based software specialist responsible for the       ░
 ░  development of SURFCAM and the award-winning TRUEMill technology.        ░
 ░                                                                           ░
 ░  Commenting on the acquisition, Richard Smith, CEO of Vero Software       ░
 ░  says, "Across the enlarged Group, the complementary products address     ░
 ░  the worldwide need for efficient and innovative CAD/CAM/CAE              ░
 ░  technology. SURFCAM is a robust, and well respected CAD/CAM system       ░
 ░  with a large number of loyal customers and knowledgeable resellers.      ░
 ░  With an emphasis on sharing already proven technologies, we will         ░
 ░  provide the development platform to reinvigorate the SURFCAM             ░
 ░  product and continue to help its customers become more efficient,        ░
 ░  profitable and successful. Following our recent European                 ░
 ░  acquisition of Sescoi (WorkNC), this US acquisition is further           ░
 ░  evidence of our growing influence on the global manufacturing            ░
 ░  market. We fully recognise the importance of product branding            ░
 ░  and it is important to emphasise that we will continue to invest         ░
 ░  in SURFCAM through our new subsidiary Surfcam Inc., and welcome          ░
 ░  the existing US and overseas Surfware partners and resellers             ░
 ░  into the Vero network."Alan Diehl and his son Larry originally           ░
 ░  founded Surfware in 1988, with Alan's other son Bryan joining            ░
 ░  the company in 1990.  Regarding the change, Alan says, ôWe have          ░
 ░  dedicated our lives to developing innovative and productive              ░
 ░  machining technology. Just as importantly, we enjoy customer and         ░
 ░  reseller relationships that are the envy of our competitors. We          ░
 ░  know we are joining a group with a similar view. We are confident        ░
 ░  that Vero's additional resources and global distribution will take       ░
 ░  SURFCAM to new levels of efficiency, and will continue to provide        ░
 ░  solutions that boost our customers' productivity, reduce costs           ░
 ░  and improve quality. "                                                   ░
 ░                                                                           ░
 ░                                                                           ░
 ░░                                                                         ░░
 ▒░                                                                         ░▒
 ▓▒░                                                                       ░▒▓
 █▓▓▒▄▄                                                                 ▄▄▒▓▓█
 ▄▄▄▄▄▄▄ ▄▄▄▄▄▄ ▀ █▀▀▄ ▄▀▀  ▓▀▀▄ ▄▀▀▄ █   ▓    ▀ █▀▀▄ ▄▀▀  ▄▀▀▄ ▄▄▄▄▄▄ ▄▄▄▄▄▄▄
█▄▓▀▀           ▓ ▓  █ ▀▀▀▓    ▓ ▓▀▀█ ▀▄▄ ▀▄▄  ▓ ▓  █ ▓▀▀▀ ▓▄▄▀           ▀▀▓▄█
▓▒░                      ▀                                                  ░▒▓
▓░   ░  ░░░░ ░░░░░░░░░░░░░░░░░░░░░░░░░░░░░░░░░░░░░░░░░░░░░░░░░░░░░ ░░░░  ░   ░▓
▒                                                                             ▒
▒  1) Unpack&Install                                                          ░
▒  2) check "readme.txt" from "\MAGNiTUDE" dir                                ░
▒  3) enjoy another fine MAGNiTUDE-release!                                   ░
▒                                                                             ░
▒                                                                             ░
▒                                                                             ░
░                                                                             ░
░                           █▀▀▄ ▄▀▀▄ ▓▀▀▄ ▄▀▀▄ ▄▀▀                           ░
░ ░  ░░░░░ ░░░░░░░░░░░░░░▒▒▒▓  █ ▓▄▄▀    ▓ ▓▀▀▀ ▀▀▀▓▒▒▒░░░░░░░░░░░░░ ░░░░░  ░ ░
░                                                                             ░
░    Magnitude, a measure of the brightness of a star - the Ancient  Greek    ░
░    astronomers divided  the stars  into six  magnitudes. First-magnitude    ░
░    stars  were  the  brightest,  and  sixth-magnitude  stars  were   the    ░
░    faintest. This system has been kept in modern times, when the new era    ░
░    of MAGNiTUDE has started.                                                ░
░                                                                             ░
░    If you  feel like  you have  the power  to face first-magnitude stars    ░
░    contact us at:                                                           ░
░    team.magnitude@gmail.com or Maybe on IRC.                                ░
░                                                                             ░
░                                                                             ░
░              ░                                                              ░
▒             ░▒▓▓█▓░░ ░                                                      ▒
░    ▄▄███    ▐▓▓██▌                                                          ░
▒   ▐█████▌    ▓████▄                                                        ░▒
▓░   ▓▓████▄   ▐▓█████▄▄                                                    ░▒▓
▓▒▒  ▓████████▄▄███▀███████▄▄▄                                            ░░▒▓▓
█▓▒░ █████ ▀▀████▓▓   ▀▀▀▓▓▓███████████▄▄▄▄▄▄▄▄▄▄▄▄▄▄▄▄▄▄▄▄▄▄▄▄▄▄▄▄▄▄▄▄▄▄▓▓▓▓▓▀
▄▄▄▄ ████▓ ▓▄▄▄ ▀▀▀ ▓▓▓▄▄▄▄ ▀▀▀▀▀▀▓▓▓▓▓▓▓▓▓▓▓▓▓▄▄▄▄▄▄▄▄▄▄▄▄▄▄▄▄▄▄▄▄▄▄▄ ▄
     ███▓▓
░ ░░ █▓▓▓▒ Ascii by the Dynamic Trio: S!, b5! and Ix - (c) SAC 2005 ░░░░░░░░░ ░
     ▓▓▒▒░
     ▒▒▒░
     ░░ ░
