


               ▄▄▄▄▄▄▄▄
            ▄████████████▄▄▄          
          ▄█▀████████████▒▓▓█▄▄  ▀▄ ▄                             
         ██ ▄██████████▒▒▒▓▓▓▓░█   ▐ ▌                  ▄▄                     
       ▄█▀▄█████████░░░▒▒▒▓▓▓▓▓░█▄  █ ▀▄              ▄█▀▀█▄▄                 
      ▐█▀███▓▒▒▀▒▒▒▒█░░▒▒▒▓▓▓▓▓▒██▄ ▐                ▄█     ▀█▄  
     ▐███▓▓▒▒▒▒▒▒▒▒▒▒▀▀▀█▒▓▒▓▓█▀▀▀█▄█               ▐▌ ▄▄▓▀█  ▀█▄▄             
    ▐██▓▒▒▒▒▒▒▓████▄▒▒▒▒▒▀▀█▒█ ░▄ █ ▀▌             █▀ ▄█   ▌▀█▄▄ ▀█▄▄          
    █▓▒▒▒▒▓████████░▄▒▒▒▒▒▒▀█   ▀ █  █▌           ▐▌ ▐█ ▐▄   ▄ ▀█   ▀█▄        
   ▐▓▓█████████▀▀▀█░██▓▒▒▒▓▒█ ░ ▓▄▌ ▄░▓▌          █ ▄█    ▀▀ ▐▀▄▐▀▄░ ▄▀█▄      
   ▐█▀ ▄▄  █▀  █████████▓▒▓▓█ ░░▐█ ▐██░▒         ▄▌▐█   ▄▌ ▀▄  ▄▀  ▀█▒▓ ▀█     
   ▐██▀▀██▄  ▄▄▄   ▀██████▓▓█ █▒▒▒▌▐██░▓▓▄      █▀ █  ▓█▀  ▄  ▄▐▌▀▄ ░█   ▐▌    
   █        █████▄▄  ███████░▌░▒▓▒░▄▀██░█░█▄   ▐▌ █▓  ▄█▀▄ ░█▓█▀█ ░ ▌▐▓ █ ▐▌   
  ▐░▄▄▄    █████████ ▐████████ ░░  ░▀█████░▒██▄█ █▓   ▒  ▀▄ ██  ▄    ▀▒ ░█ █
   ▓████▄ ▀█▓▓██████▌ █████████▒░░▄▌▐▐█████░▒████▀█ ▄  █    ▐██  ▀▐ ░ ▐▓ ░▒▐█
    ▓█████  ▓███████  ████████▓█▄░▀▐▄██████████████ ▀▀ ▐█▀░   ▀█░▓ █▒▌ █▓ ▌▒▐▌
     ▓████▌    ▀███▀ ▐██▓░███▓██████████████████████ ▒  ▀▓▐▄▐▄ ▐░  ▌░▀ █░ █▓█
      ▓███▌  ░ ▓     ███░████████████░████████████████ ▐ ▐ █▀█▌▓██░█  ██▀░▐▌
       ▓██      ▓▓  ▐████████████████░█████████████████▄█▄▀▀  ▀▀▀█▄█ ░▓▀▓  ▀
       ░█▌   ▄   ▒▓▓ ▐███████████████▒█████████████████▄          ▀ ▀▓▀     
        █   ■█▌▀  ▒▓▓█▒██████▓██████▓█████████████████████        
        ██▄▄█▀     ▒▒▓███████████████████░██████████████▒▓█             
         █▌          ▒▓████▓██████░████░█████████████████▓▓█          
        ▐▌ ▌▌   ▒     ▒▓▒████░███░███████░░███████████████░██          
        ▐▌       ░      ░▒▒░████████░▓█▓██████████████████████       
        ▐▌ ▌ ▌          ▓▒▒░▒██▓███▓██░█░░░█░██████████████████        
         █ █ █       ▄ ▓▒▒░░░░████▒█▓░░░░░░░████████████████████        
         ▐▌▐▒▐▒   ▄█▀▀▓▓░░░▒░████▒░▓░▒░░░▓░░░████████████████████    
          █▄▄▄█▓▄█▀ ▄█░▒░░░░█████▒░▒▓▓▒▒░▒░█░░████████████████████
           █▀▀▀▀▀ ▄█░░░▒░░▒██████▒░▒▓▒▓▓▒░█▌▓██████████████████████     
            ▀██████░░░░░░▓███████▒▓▓▓▓▒▓▓█▓█▓███████████▓███████████    
              ▀▓▀░░░░░░░▓████████▓▓▒▓▓▒▓▒▓▓█▌▓███████████░███████████  
                ▀▀▓▄░░█▀▀ ▓███████▀██▓▓▓▓▓▓█▌▓██████░░███▓░█████████░▌ 
                          ▓███████▌ ▐█▓▓▓▒▓█▌▒█████▓▓█████░██████████▓ 
                          ▒███████▌  ██▓▓▓░█░▒████░▓██████▓██████████▓ 
                          ░███████▌  ▐██░▓█▌░▒▓█░█▓██████▓▒█████████░▓ 
    Ape. Man. Angel.     ▐████████▌  ████░█▌░▒░█████████▓▒██████████▓▌ 
                         ▐█████▀▀▀▄████████░▒▓░██▓█████▓▒███████████░  
                         ███▀▄░███████████▌░▒▓███████▒░▒████████████▌  
                        ▐█▌░░░█▓██████████░▒▓███████▒▒█████████████░   
                       ▄██░░░░▒██████████▌░▒██████▒░░██████████████    
                    ▄▄▓██▌░░░▒▓██████████░▓██████▒░░█▒████████████     
                  ▄▒█████░░░▒▓██████████░▒██████░░██▒███████████▀  
               ▄░████████░░▒▓▓█████████░▒███████░█▒▓▓██████████▀       
            ▄░░▒█████████▐▒▓█▓███████▀░▓██████▓░██▓▓█████████▓         
          ░░▒████████████▌█▓████████▓░▒██████▓  █▓▓█▓███████▓  
        ▄░████████████▓▀  ███▓█████▌░▓██████▓   ▒█▓██████████  
       ▐░█▓░███░▀▀▀       ▐████████░▓██████▓     ▓██▓███████▓
       ▓▒▓  ░█▌           ▐▓██████▌▒███████▓     ▀███████████▓
      ▐▓░    ░▒            ███████▐████████       ▐███████████
      █▒    ▄  ▌           ▐█████▌████████░        ▐██████████▄  
     ▐░    ▓██ ▐           ▐█▓███▐█████░███         ▐██████████▌  
     █▓    █ ▐░▐           ▐████▌██░██████▓▌         ▐████▒█████
    ▐░    █   ▓▐▌          █████▌████▒████▓█          ▐███████░██  
    █░ ░ ▐▌    ▀          ▄▓████▌░█████████▓▌          ▀██████████
    ▌█▓░  █            ▄▓▀▓░██▒█▐░░█▌███▓███░▌          ▐██░█░██▒█▓▄ 
    ░█▐▓   ▀░▄     ▄▄▒▀  ░     ▓░█░█░ ▓█████░▓▌          ▒▓▓░███████▌
     ▀░██   ▄▀    █▓   ▒▒  ▒░▓   ▐▄█▄ ▐█ █▐▌▐░█         ▄██░░ █ █▒███
         ▀▀▀     █▓  ░░ ▄██▀▀▀▀▄ ███▓░▐▌▐ ▐ ▄░▐▌     ▄█▀▀███▌░▒ ▒ █░█▌
                 █▐ ▄▓░██       ▀▀██▐▓█▌▌▐▌▐█▐█▌   ▄█▀ ▄  ▀   ░▒ ████▓
                  ▀▀▀▀▀              ▓▓▌▄█▓███▀    █▄█▄█▄█▄███▓▀▀▀▀  ░
         ANGELIC          ▄▄▄▄▄    ░  ▀▒▀▀▀▀▀      ░▀▀▀▀▀▀▀▀▀▀    ░
   ▄▀▀▀▄          ░    ▄█▒     ▒█               ▄█░▀▒█▄▒▀▒▒ ░▀█▄    ▒    
 ▄█▀ ░ ▀▓▄     ▒  ▀  █▀▒        ▒█   ▒▀▀▀▀▀▀█▄▓▓     ▐█▀        ▌
  ░  ▀     ▄▀▀▀▄    █░            █▒█        ▐▓▒      ▀         ▌   EVOLUTION
  ▀      ▄█▀   ▀▓▄ ▓▌      ▄▄   ░ ██         ▐██▌              █▌ ░     ▄
    ░        ░    ▓█      █  █    █ ░   ▄▄    █▓      ▒▀█░     █      ░▀ ▀█▄
    ▀  ▄▀▀▀▄ ▀ ░ ▓█      █   ▐▌        █  ░   ▐█░     ▒ ▐▌    ▒▌   ▄▀▀▀▄▀  ▓░
    ▄▄█▀   ▀▓▄   █      ▐▌ ▄  █ ░ ░  ░ ░▄▄█   ▒█▌░   ▐▀ █  ░  █  ▄█ ▀   ▓▄ ▀▒
  ▄░ ▓▀  ░░     ▐█      █ ▀▓ ▐▌  ▄ ░▒          ░▌ ▒ ░▐ ▐▌   ▒█ ░▄▓▀ ░ ░     ▀
   ▀ ▀   ▄▄▄    ██▄▄▄▄▄█▓    █   ▄ ▒  █▀▄▄▄▄░░░▐▌ ▒░░█ █  ░ █▌      ▀ ▄▀▀▀▄
  ░    ▄▒▓  ░▄     ▒▒     ░  ▐▌ ░ ▒░▒▐█    ▀▀▀▀░▌░▒▒░█ █ ░▒ ▓▌ ░  ░ ▄█▓    ▓▄
      ▀▓░       ░░▀▀▀▀▀▄▒▄    █  █ ▒▒ ██░  ▄▓▀░█ ▒  ▒█ ▓ ▒▒ █▌ ▀ ░      ▓  ▀
    ░  ░  ░   ▒▒▀░ ▒▒▒   ▄  ▒ ▐▌░▐▌ ▒ ▀▒▀▀▀▀▀▀ ░▒  ░▀▓ ▓ ▒▒▓ █   ▀▄▀▀▀▄ ▀  ░
  ▒ ▀░  ░ ▀  █▀ ▓▓▒▒▓▒▓▒░ ░▓   ▓ ▓█░▓▓░░▒▒▒░░▓▓ ▄█░█ ▀ █ ▓▒▓▒▐▌ ▄▓  ▀  ▓▄  ▀
  ▀▓ ▀ ▄█▀█▄ ▀ ▒▓▒▓▄▄▄▄▓▓▒▓░▓▀▒░▒░▒█▄░▓▓▓▓▓▓▓░▒██░     █▌▓▓▒▓ █   ░         ░
   ▀  █▓▒▒   ▀ ▓▒▒█▀  ▀▀▄▓▒░░▒▒ ██▒▒███▄▄▄▄██▒▒█       ▓█ ▒▓▒▓▐▌  ░░  ▓▀▀▀▄ ▀
  ▓░ ▓▒░ ▀  ░▀ ▒▓▒▀█▄▄   ▄█████▄ ████▓▐██▌▓████ ▄█████▄ ▐▌ ▓▒▓▒█  ▀▀▄█  ▀  ▓▄
  ░ ▒▀ ░    ▀▐▌▓▒▓▓▓▓▀▀ ████▓████▄▀██▌████▐██▀▄████▓████ █▄▒▓▓▒▓▌▐▌   
  ▀ ▀ ▒▀   ░  ▓▄▓▓▓▓▓▓▓▐██▀   ▀████▄█▌▓██▓▐█▄████▀   ▀██▌▐█▓░▒▓▓▄▓       ░
 ░▓░░▄     ▀▄▄▄███▄▄▓▓▓███▄   ▄███████░██░███████▄  ░▄███ ▀▒▓▓▒██▄▄▄▄  ░ ▀▄
  ▀  ██▄ ▄███▓▒█░█████████████████████▄▐▌▄███████████████████████▒▓███▄▀▄██
     ██▀ ▀▀████████████████████▓ ▀▀██████████▀▀ ▓████████████████████▀▀ ▀██
     ▀      ▀█████▓▀▀  ██▓           ▀▀██▀▀           ▓██  ▀▀▓█████▀      ▀
     ░░  ▄     ▐▓▀    ▄█▌                              ▐█▄    ▀▓▌     ▄  ░░
     ▒▒        █    ▀█▓▀                                ▀▓█▀    █        ▒▒
     ▓▓  ▓   ▄▐▌                                                ▐▌▄   ▓  ▓▓
    ▓    █  █                 RELEASE  INFORMATION                 █  █    ▓
   ░  ▄▄▄                                                              ▄▄▄  ░
   ░ ███▌          L.Avventura.1960.iNTERNAL.DVDRip.XviD-AEN           ▐███ ░
   ░ ███                                                                ███ ░
   ░ ██▌                                                                ▐██ ░
   ░ ██                                                                  ██ ░
   ░ ██   AEN release ..: 01.08.2007   Source type ..: DVD R1 NTSC       ██ ░
   ░ ██   DVD date .....: 06.05.2001   Video codec ..: XviD Koepi 1.0.3  ██ ░
   ░ ██   Theatre ......: 06.29.1960   Aspect ratio .: 1.778             ██ ░
   ░ ██   Runtime ......: 2h 23m 18s   Resolution ...: 576x320           ██ ░
   ░ ██   Language .....: Italiano     Video bitrate : 1260 kbps         ██ ░
   ░ ██   Subtitles ....: English      Framerate ....: 23.976 fps        ██ ░
   ░ ██   Subtitle type.: Vobsubs      Audio codec ..: MP3 (VBR)         ██ ░
   ░ ██   RAR count ....: CD1 38x20MB  Audio format .: 1ch 91kb/s 48kHz  ██ ░
   ░ ██   --------------- CD2 38x20MB                                    ██ ░
   ░ ██                                                                  ██ ░
   ░ ██   AVI size .....: CD1 732,710,912 bytes                          ██ ░
   ░ ██   --------------- CD2 733,048,832 bytes                          ██ ░   
   ░ ██                                                                  ██ ░
   ░ ██                                                                  ██ ░
   ░ ██                                                                  ██ ░
   ░ ██▌                         ▄            ▄                         ▐██ ░
   ░ ███                        ▐▌    ▀▄▄▀    ▐▌                        ███ ░
   ░ ███▌                       █▌ ▀▄  ▐▌  ▄▀ ▐█                       ▐███ ░
    ▓ ▀▀▀                       ▐▓  ▐▌ █▓ ▐█  ▐▓                       ▀▀▀ ▓
     ▓▓  █ █             ▄█████▄ ▀███▓▐██▌█████ ▄█████▄             █ █  ▓▓
     ▒▒  ▓  ▀▐▌         ████▓████▄▀██▌████▐██▀▄████▓████         ▐▌▀  ▓  ▒▒
     ░░  ▄    ▓▄       ▐██▀   ▀████▄█▌███▓▐█▄████▀   ▀██▌       ▄▓    ▄  ░░
     ▄     ▄▄▄▄███▄▄   ███▄   ▄███████ ██ ███████▄   ▄███   ▄▄▄██▄▄▄▄     ▄
     ██▄ ▄███▓▒█░█████████████████████▄▐▌▄███████████████████████▒▓███▄ ▄██
         ▀▀████████████████████▓ ▀▀██████████▀▀ ▓████████████████████▀▀
            ▀█████▓▀▀  ██▓           ▀▀██▀▀           ▓██  ▀▀▓█████▀
               ▐▓▀    ▄█▌                              ▐█▄    ▀▓▌
               █    ▀█▓▀                                ▀▓█▀    █
              ▐▌                                                ▐▌
                                 ▄            ▄ 
                                ▐▌    ▀▄▄▀    ▐▌
                                █▌ ▀▄  ▐▌  ▄▀ ▐█
                                ▐▓  ▐▌ █▓ ▐█  ▐▓
                         ▄█████▄ ▀███▓▐██▌█████ ▄█████▄ 
             ▐▌         ████▓████▄▀██▌████▐██▀▄████▓████         ▐▌
              ▓▄       ▐██▀   ▀████▄█▌███▓▐█▄████▀   ▀██▌       ▄▓ 
           ▄▄▄▄███▄▄   ███▄   ▄███████ ██ ███████▄   ▄███   ▄▄▄██▄▄▄▄ 
         ▄███▓▒█░█████████████████████▄▐▌▄███████████████████████▒▓███▄
     ██▀ ▀▀████████████████████▓ ▀▀██████████▀▀ ▓████████████████████▀▀ ▀██
     ▀      ▀█████▓▀▀  ██▓           ▀▀██▀▀           ▓██  ▀▀▓█████▀      ▀
     ░░  ▄     ▐▓▀    ▄█▌                              ▐█▄    ▀▓▌     ▄  ░░
     ▒▒        █    ▀█▓▀                                ▀▓█▀    █        ▒▒
     ▓▓  ▓   ▄▐▌                                                ▐▌▄   ▓  ▓▓
    ▓    █  █                                                      █  █    ▓
   ░  ▄▄▄                      MOVIE  INFORMATION                      ▄▄▄  ░
   ░ ███▌                                                              ▐███ ░
   ░ ███                                                                ███ ░
   ░ ██▌                                                                ▐██ ░
   ░ ██                                                                  ██ ░
   ░ ██     Movie title ..: Avventura, L' (1960)                         ██ ░
   ░ ██     Directed by ..: Michelangelo Antonioni                       ██ ░
   ░ ██     Genre ........: Drama / Mystery                              ██ ░
   ░ ██     IMDb URL .....: http://imdb.com/title/tt0053619/             ██ ░
   ░ ██     IMDb rating ..: 7.8/10 (3,231 votes)                         ██ ░
   ░ ██                                                                  ██ ░
   ░ ██     Plot outline .:                                              ██ ░
   ░ ██                                                                  ██ ░
   ░ ██     A girl mysteriously disappears on a yachting trip. While     ██ ░
   ░ ██     her lover and her best  friend  search  for  her  across     ██ ░
   ░ ██     Italy, they begin  an  affair.  Antonioni's  penetrating     ██ ░
   ░ ██     study of the idle upper  class  offers  stinging  obser-     ██ ░
   ░ ██     vations on spiritual isolation and the many meanings  of     ██ ░
   ░ ██     love. This is truly a milestone of film grammar.             ██ ░
   ░ ██                                                                  ██ ░
   ░ ██     Cast .........:                                              ██ ░
   ░ ██                                                                  ██ ░
   ░ ██     Sandro ............................... Gabriele Ferzetti     ██ ░
   ░ ██     Claudia ................................... Monica Vitti     ██ ░
   ░ ██     Anna ....................................... Lea Massari     ██ ░
   ░ ██     Giulia .............................. Dominique Blanchar     ██ ░
   ░ ██     Anna's father .............................. Renzo Ricci     ██ ░
   ░ ██     Corrado ................................... James Addams     ██ ░
   ░ ██     Gloria Perkins ...................... Dorothy De Poliolo     ██ ░
   ░ ██                                                                  ██ ░
   ░ ██                                                                  ██ ░
   ░ ██                                                                  ██ ░
   ░ ██▌                         ▄            ▄                         ▐██ ░
   ░ ███                        ▐▌    ▀▄▄▀    ▐▌                        ███ ░
   ░ ███▌                       █▌ ▀▄  ▐▌  ▄▀ ▐█                       ▐███ ░
    ▓ ▀▀▀                       ▐▓  ▐▌ █▓ ▐█  ▐▓                       ▀▀▀ ▓
     ▓▓  █ █             ▄█████▄ ▀███▓▐██▌█████ ▄█████▄             █ █  ▓▓
     ▒▒  ▓  ▀▐▌         ████▓████▄▀██▌████▐██▀▄████▓████         ▐▌▀  ▓  ▒▒
     ░░  ▄    ▓▄       ▐██▀   ▀████▄█▌███▓▐█▄████▀   ▀██▌       ▄▓    ▄  ░░
     ▄     ▄▄▄▄███▄▄   ███▄   ▄███████ ██ ███████▄   ▄███   ▄▄▄██▄▄▄▄     ▄
     ██▄ ▄███▓▒█░█████████████████████▄▐▌▄███████████████████████▒▓███▄ ▄██
         ▀▀████████████████████▓ ▀▀██████████▀▀ ▓████████████████████▀▀
            ▀█████▓▀▀  ██▓           ▀▀██▀▀           ▓██  ▀▀▓█████▀
               ▐▓▀    ▄█▌                              ▐█▄    ▀▓▌
               █    ▀█▓▀                                ▀▓█▀    █
              ▐▌                                                ▐▌
                                 ▄            ▄ 
                                ▐▌    ▀▄▄▀    ▐▌
                                █▌ ▀▄  ▐▌  ▄▀ ▐█
                                ▐▓  ▐▌ █▓ ▐█  ▐▓
                         ▄█████▄ ▀███▓▐██▌█████ ▄█████▄ 
             ▐▌         ████▓████▄▀██▌████▐██▀▄████▓████         ▐▌
              ▓▄       ▐██▀   ▀████▄█▌███▓▐█▄████▀   ▀██▌       ▄▓ 
           ▄▄▄▄███▄▄   ███▄   ▄███████ ██ ███████▄   ▄███   ▄▄▄██▄▄▄▄ 
         ▄███▓▒█░█████████████████████▄▐▌▄███████████████████████▒▓███▄
     ██▀ ▀▀████████████████████▓ ▀▀██████████▀▀ ▓████████████████████▀▀ ▀██
     ▀      ▀█████▓▀▀  ██▓           ▀▀██▀▀           ▓██  ▀▀▓█████▀      ▀
     ░░  ▄     ▐▓▀    ▄█▌                              ▐█▄    ▀▓▌     ▄  ░░
     ▒▒        █    ▀█▓▀                                ▀▓█▀    █        ▒▒
     ▓▓  ▓   ▄▐▌                                                ▐▌▄   ▓  ▓▓
    ▓    █  █                                                      █  █    ▓
   ░  ▄▄▄                        RIPPER's NOTES                        ▄▄▄  ░
   ░ ███▌                                                              ▐███ ░
   ░ ███                                                                ███ ░
   ░ ██▌                                                                ▐██ ░
   ░ ██          http://www.criterion.com/asp/release.asp?id=98          ██ ░
   ░ ██                                                                  ██ ░
   ░ ██     What's up with this internal crap from AEN  lately,  you     ██ ░
   ░ ██     may ask? Even though it's seven weeks since our internal     ██ ░
   ░ ██     of Sansho it's still not our style, right? Don't  worry,     ██ ░
   ░ ██     we won't make a bad habit out of it. But this particular     ██ ░
   ░ ██     movie... It's something really special about it.             ██ ░
   ░ ██                                                                  ██ ░
   ░ ██     It is this movie, Michelangelo Antonioni's L' Avventura,     ██ ░
   ░ ██     that once long ago brought me in to the world  of  black     ██ ░
   ░ ██     and white cinema. So one could say the two of us  shares     ██ ░
   ░ ██     a special bound. I love this movie with all of my heart;     ██ ░
   ░ ██     I love the directing, acting, the cinematography,  yes -     ██ ░
   ░ ██     everything.                                                  ██ ░
   ░ ██                                                                  ██ ░
   ░ ██     Enjoy, friends!                                              ██ ░
   ░ ██                                                                  ██ ░
   ░ ██     Last but certainly not the least, I would like to dedic-     ██ ░
   ░ ██     ate this release to in my opinion the two  most  notable     ██ ░
   ░ ██     directors of all time. Ingmar Bergman  and  Michelangelo     ██ ░
   ░ ██     Antonioni passed away last monday. The news about Anton-     ██ ░
   ░ ██     ioni struck me right in this minute, I'm almost shocked.     ██ ░
   ░ ██     I had been preparing this rip for a long time, I did not     ██ ░
   ░ ██     reckon it would become a tribute to my favorite director     ██ ░
   ░ ██     ever. I'm sad to witness more and more  great  directors     ██ ░
   ░ ██     passing away as the audience of the 21:th century  seems     ██ ░
   ░ ██     to be more interested in the  newest  blockbusters  than     ██ ░
   ░ ██     the essential historiy of cinema.                            ██ ░
   ░ ██                                                                  ██ ░
   ░ ██                                                                  ██ ░
   ░ ██      ▄                    ▄          ▄                    ▄      ██ ░
   ░ ██     ▀█▀  REST IN  PEACE  ▀█▀        ▀█▀  REST IN  PEACE  ▀█▀     ██ ░
   ░ ██      █   INGMAR BERGMAN   █          █    MICHELANGELO    █      ██ ░
   ░ ██                                            ANTONIONI.            ██ ░
   ░ ██                                                                  ██ ░
   ░ ██      *  July   14:th,  1912          * September 29:th 1918      ██ ░
   ░ ██                                                                  ██ ░
   ░ ██      ┼  July   30:th,  2007          ┼  July   30:th,  2007      ██ ░
   ░ ██                                                                  ██ ░
   ░ ██                                                                  ██ ░
   ░ ██▌                         ▄            ▄                         ▐██ ░
   ░ ███                        ▐▌    ▀▄▄▀    ▐▌                        ███ ░
   ░ ███▌                       █▌ ▀▄  ▐▌  ▄▀ ▐█                       ▐███ ░
    ▓ ▀▀▀                       ▐▓  ▐▌ █▓ ▐█  ▐▓                       ▀▀▀ ▓ 
     ▓▓  █ █             ▄█████▄ ▀███▓▐██▌█████ ▄█████▄             █ █  ▓▓
     ▒▒  ▓  ▀▐▌         ████▓████▄▀██▌████▐██▀▄████▓████         ▐▌▀  ▓  ▒▒
     ░░  ▄    ▓▄       ▐██▀   ▀████▄█▌███▓▐█▄████▀   ▀██▌       ▄▓    ▄  ░░
     ▄     ▄▄▄▄███▄▄   ███▄   ▄███████ ██ ███████▄   ▄███   ▄▄▄██▄▄▄▄     ▄
     ██▄ ▄███▓▒█░█████████████████████▄▐▌▄███████████████████████▒▓███▄ ▄██
         ▀▀████████████████████▓ ▀▀██████████▀▀ ▓████████████████████▀▀
            ▀█████▓▀▀  ██▓           ▀▀██▀▀           ▓██  ▀▀▓█████▀
               ▐▓▀    ▄█▌                              ▐█▄    ▀▓▌
               █    ▀█▓▀                                ▀▓█▀    █
              ▐▌                                                ▐▌
                                 ▄            ▄ 
                                ▐▌    ▀▄▄▀    ▐▌
                                █▌ ▀▄  ▐▌  ▄▀ ▐█
                                ▐▓  ▐▌ █▓ ▐█  ▐▓
                         ▄█████▄ ▀███▓▐██▌█████ ▄█████▄ 
             ▐▌         ████▓████▄▀██▌████▐██▀▄████▓████         ▐▌
              ▓▄       ▐██▀   ▀████▄█▌███▓▐█▄████▀   ▀██▌       ▄▓ 
           ▄▄▄▄███▄▄   ███▄   ▄███████ ██ ███████▄   ▄███   ▄▄▄██▄▄▄▄ 
         ▄███▓▒█░█████████████████████▄▐▌▄███████████████████████▒▓███▄
     ██▀ ▀▀████████████████████▓ ▀▀██████████▀▀ ▓████████████████████▀▀ ▀██
     ▀      ▀█████▓▀▀  ██▓           ▀▀██▀▀           ▓██  ▀▀▓█████▀      ▀
     ░░  ▄     ▐▓▀    ▄█▌                              ▐█▄    ▀▓▌     ▄  ░░
     ▒▒        █    ▀█▓▀                                ▀▓█▀    █        ▒▒
     ▓▓  ▓   ▄▐▌                                                ▐▌▄   ▓  ▓▓
    ▓    █  █                                                      █  █    ▓
   ░  ▄▄▄                            WANTED                            ▄▄▄  ░
   ░ ███▌                                                              ▐███ ░
   ░ ███                                                                ███ ░
   ░ ██▌                                                                ▐██ ░
   ░ ██                                                                  ██ ░
   ░ ██         We're currently looking for dedicated rippers.           ██ ░
   ░ ██                                                                  ██ ░
   ░ ██         (.us, .de, .es, .fr, .it, .pl, .uk, .ru, ....)           ██ ░
   ░ ██                                                                  ██ ░
   ░ ██                                                                  ██ ░
   ░ ██                                                                  ██ ░
   ░ ██                                                                  ██ ░
   ░ ██                                                                  ██ ░
   ░ ██▌                         ▄            ▄                         ▐██ ░
   ░ ███                        ▐▌    ▀▄▄▀    ▐▌                        ███ ░
   ░ ███▌                       █▌ ▀▄  ▐▌  ▄▀ ▐█                       ▐███ ░
    ▓ ▀▀▀                       ▐▓  ▐▌ █▓ ▐█  ▐▓                       ▀▀▀ ▓
     ▓▓  █ █             ▄█████▄ ▀███▓▐██▌█████ ▄█████▄             █ █  ▓▓
     ▒▒  ▓  ▀▐▌         ████▓████▄▀██▌████▐██▀▄████▓████         ▐▌▀  ▓  ▒▒
     ░░  ▄    ▓▄       ▐██▀   ▀████▄█▌███▓▐█▄████▀   ▀██▌       ▄▓    ▄  ░░
     ▄     ▄▄▄▄███▄▄   ███▄   ▄███████ ██ ███████▄   ▄███   ▄▄▄██▄▄▄▄     ▄
     ██▄ ▄███▓▒█░█████████████████████▄▐▌▄███████████████████████▒▓███▄ ▄██
         ▀▀████████████████████▓ ▀▀██████████▀▀ ▓████████████████████▀▀
            ▀█████▓▀▀  ██▓           ▀▀██▀▀           ▓██  ▀▀▓█████▀
               ▐▓▀    ▄█▌                              ▐█▄    ▀▓▌
               █    ▀█▓▀                                ▀▓█▀    █
              ▐▌                                                ▐▌
                                 ▄            ▄ 
                                ▐▌    ▀▄▄▀    ▐▌
                                █▌ ▀▄  ▐▌  ▄▀ ▐█
                                ▐▓  ▐▌ █▓ ▐█  ▐▓
                         ▄█████▄ ▀███▓▐██▌█████ ▄█████▄ 
             ▐▌         ████▓████▄▀██▌████▐██▀▄████▓████         ▐▌
              ▓▄       ▐██▀   ▀████▄█▌███▓▐█▄████▀   ▀██▌       ▄▓ 
           ▄▄▄▄███▄▄   ███▄   ▄███████ ██ ███████▄   ▄███   ▄▄▄██▄▄▄▄ 
         ▄███▓▒█░█████████████████████▄▐▌▄███████████████████████▒▓███▄
     ██▀ ▀▀████████████████████▓ ▀▀██████████▀▀ ▓████████████████████▀▀ ▀██
     ▀      ▀█████▓▀▀  ██▓           ▀▀██▀▀           ▓██  ▀▀▓█████▀      ▀
     ░░  ▄     ▐▓▀    ▄█▌                              ▐█▄    ▀▓▌     ▄  ░░
     ▒▒        █    ▀█▓▀                                ▀▓█▀    █        ▒▒
     ▓▓  ▓   ▄▐▌                                                ▐▌▄   ▓  ▓▓
    ▓    █  █                                                      █  █    ▓
   ░  ▄▄▄                       GROUP  GREETINGS                       ▄▄▄  ░
   ░ ███▌                                                              ▐███ ░
   ░ ███                                                                ███ ░
   ░ ██▌                                                                ▐██ ░
   ░ ██                                                                  ██ ░
   ░ ██                                                                  ██ ░
   ░ ██                                                                  ██ ░
   ░ ██              DVD-R  MDX  iNSPiRE   SChiZO  FRAGMENT              ██ ░
   ░ ██                                                                  ██ ░
   ░ ██                                                                  ██ ░
   ░ ██                                                                  ██ ░
   ░ ██                                                                  ██ ░
   ░ ██                                                                  ██ ░
   ░ ██▌                         ▄            ▄                         ▐██ ░
   ░ ███                        ▐▌    ▀▄▄▀    ▐▌                        ███ ░
   ░ ███▌                       █▌ ▀▄  ▐▌  ▄▀ ▐█                       ▐███ ░
    ▓ ▀▀▀                       ▐▓  ▐▌ █▓ ▐█  ▐▓                       ▀▀▀ ▓
     ▓▓  █ █             ▄█████▄ ▀███▓▐██▌█████ ▄█████▄             █ █  ▓▓
     ▒▒  ▓  ▀▐▌         ████▓████▄▀██▌████▐██▀▄████▓████         ▐▌▀  ▓  ▒▒
     ░░  ▄    ▓▄       ▐██▀   ▀████▄█▌███▓▐█▄████▀   ▀██▌       ▄▓    ▄  ░░
     ▄     ▄▄▄▄███▄▄   ███▄   ▄███████ ██ ███████▄   ▄███   ▄▄▄██▄▄▄▄     ▄
     ██▄ ▄███▓▒█░█████████████████████▄▐▌▄███████████████████████▒▓███▄ ▄██
         ▀▀████████████████████▓ ▀▀██████████▀▀ ▓████████████████████▀▀
            ▀█████▓▀▀  ██▓           ▀▀██▀▀           ▓██  ▀▀▓█████▀
               ▐▓▀    ▄█▌                              ▐█▄    ▀▓▌
               █    ▀█▓▀                                ▀▓█▀    █
              ▐▌           ascii proudly done by elle           ▐▌
