ÔĽŅ                                                                               
      ‚ĖĄ‚ĖĄ   ‚ĖĄ                                                    ‚ĖĄ   ‚ĖĄ‚ĖĄ         
     ‚ĖĎ‚Ėź‚Ėą‚ĖÄ‚Ėą‚Ėą‚ĖÄ                                                    ‚ĖÄ‚Ėą‚Ėą‚ĖÄ‚Ėą‚ĖĆ‚ĖĎ        
      ‚Ėí‚Ėą‚Ėą‚ĖÄ                                                        ‚ĖÄ‚Ėą‚Ėą‚Ėí         
      ‚ĖĎ‚Ėź‚Ėą‚ĖĆ                                                        ‚Ėź‚Ėą‚ĖĆ‚ĖĎ         
      ‚ĖĎ‚Ėí‚Ėą‚Ėą‚ĖĄ‚ĖĄ                                                    ‚ĖĄ‚ĖĄ‚Ėą‚Ėą‚Ėí‚ĖĎ         
     ‚ĖĎ‚Ėí‚Ėď‚Ėą‚Ėą‚ĖÄ‚Ėą‚ĖĆ                                                  ‚Ėź‚Ėą‚ĖÄ‚Ėą‚Ėą‚Ėď‚Ėí‚ĖĎ        
     ‚ĖĎ‚Ėí‚Ėď‚Ėź‚Ėą‚ĖĆ‚Ėź‚Ėď                                                  ‚Ėď‚ĖĆ‚Ėź‚Ėą‚ĖĆ‚Ėď‚Ėí‚ĖĎ        
      ‚ĖĎ‚Ėí‚Ėď‚Ėą‚Ėą ‚Ėą‚ĖĆ                                                ‚Ėź‚Ėą ‚Ėą‚Ėą‚Ėď‚Ėí‚ĖĎ         
      ‚ĖĎ‚Ėí‚Ėď‚Ėź‚Ėą‚Ėą‚Ėź‚Ėą  "I BOMBED THE WORLD TRADE CENTER?? WTF!!?!?"  ‚Ėą‚ĖĆ‚Ėą‚Ėą‚ĖĆ‚Ėď‚Ėí‚ĖĎ         
       ‚ĖĎ‚Ėí‚Ėď‚Ėą‚Ėą‚Ėą‚Ėą‚ĖĆ                                              ‚Ėź‚Ėą‚Ėą‚Ėą‚Ėą‚Ėď‚Ėí‚ĖĎ          
       ‚ĖĎ‚Ėí‚Ėď‚Ėź‚Ėą‚Ėą‚Ėą‚Ėą                ‚ĖĄ‚ĖĄ‚Ėą‚Ėą‚Ėą‚Ėą‚Ėą‚Ėą‚Ėą‚Ėą‚Ėą‚Ėą‚Ėą‚Ėą‚Ėą‚ĖĄ‚ĖĄ             ‚Ėą‚Ėą‚Ėą‚Ėą‚ĖĆ‚Ėď‚Ėí‚ĖĎ          
        ‚ĖĎ‚Ėí‚Ėď‚Ėą‚Ėą‚Ėą‚Ėą‚ĖĆ             ‚ĖĄ‚Ėą‚Ėą‚Ėą‚Ėď‚ĖÄ‚Ėą‚ĖĄ‚ĖĎ‚Ėď‚Ėď‚Ėď‚Ėď‚ĖÄ‚ĖÄ‚Ėą‚Ėą‚Ėą‚Ėą‚Ėą           ‚Ėź‚Ėą‚Ėą‚Ėą‚Ėą‚Ėď‚Ėí‚ĖĎ           
        ‚ĖĎ‚Ėí‚Ėď‚Ėź‚Ėą‚Ėą‚Ėą‚Ėą            ‚Ėą‚Ėą‚ĖĄ‚Ėí‚ĖĎ‚ĖĎ‚ĖĎ ‚ĖÄ‚ĖÄ ‚ĖÄ‚ĖĎ‚ĖĎ ‚ĖÄ‚Ėí‚Ėí‚Ėí‚ĖÄ‚Ėą‚Ėą          ‚Ėą‚Ėą‚Ėą‚Ėą‚ĖĆ‚Ėď‚Ėí‚ĖĎ           
         ‚ĖĎ‚Ėí‚Ėď‚Ėą‚Ėą‚Ėą‚Ėą‚Ėą‚ĖĄ         ‚Ėą‚Ėą‚Ėí‚Ėí‚ĖĎ‚ĖĎ‚ĖĎ‚Ėď‚Ėď‚Ėď‚Ėď‚Ėí‚Ėí‚ĖĎ‚ĖĎ‚ĖĎ‚ĖĄ‚ĖĄ‚ĖĄ‚ĖĄ‚ĖĄ‚ĖĄ‚Ėą‚ĖĆ       ‚ĖĄ‚Ėą‚Ėą‚Ėą‚Ėą‚Ėą‚Ėď‚Ėí‚ĖĎ            
         ‚ĖĎ‚Ėí‚Ėď‚Ėź‚Ėą‚Ėą‚Ėą‚Ėą‚Ėą‚Ėą       ‚ĖĄ‚Ėą‚Ėí‚Ėí‚ĖĄ ‚ĖĄ  ‚Ėď‚Ėď‚Ėí‚Ėí‚ĖĎ‚ĖĄ‚ĖÄ‚ĖÄ‚Ėí‚ĖĎ‚ĖĎ‚ĖĎ‚ĖĎ‚ĖÄ‚Ėą‚Ėą‚ĖĄ     ‚Ėą‚Ėą‚Ėą‚Ėą‚Ėą‚Ėą‚ĖĆ‚Ėď‚Ėí‚ĖĎ            
          ‚ĖĎ‚Ėí‚Ėď‚Ėą‚Ėą‚Ėą‚Ėą‚Ėí‚Ėź‚ĖĆ ‚ĖĄ    ‚Ėą‚Ėą‚ĖĄ‚ĖÄ‚ĖĎ‚ĖĎ‚ĖĎ ‚ĖĎ ‚Ėď ‚ĖĎ  ‚Ėí‚Ėí  ‚ĖĎ‚ĖĎ‚Ėď‚ĖĎ‚Ėď‚Ėź‚Ėą‚ĖĆ ‚ĖĄ ‚Ėź‚ĖĆ‚Ėí‚Ėą‚Ėą‚Ėą‚Ėą‚Ėď‚Ėí‚ĖĎ             
          ‚ĖĎ‚Ėí‚Ėď‚Ėź‚Ėą‚Ėą‚Ėą‚Ėą‚Ėą‚Ėą‚ĖÄ    ‚Ėź‚Ėą‚Ėą‚ĖĆ‚ĖĄ‚ĖĎ‚Ėď‚Ėí‚ĖĄ‚ĖĄ‚Ėą‚Ėą‚Ėą‚Ėą‚Ėą‚Ėą‚Ėą‚Ėą‚Ėą‚Ėą‚ĖĄ‚ĖĄ‚Ėď‚Ėď‚Ėď‚Ėí‚Ėą‚ĖĆ  ‚ĖÄ‚Ėą‚Ėą‚Ėą‚Ėą‚Ėą‚Ėą‚ĖĆ‚Ėď‚Ėí‚ĖĎ             
           ‚ĖĎ‚Ėí‚Ėď‚Ėą‚Ėą‚Ėą‚Ėą‚Ėą‚ĖĆ     ‚Ėź‚Ėą‚Ėą‚Ėď‚Ėď‚ĖÄ‚Ėą‚Ėą‚Ėą‚Ėą‚ĖÄ‚ĖÄ‚Ėď     ‚ĖĎ ‚ĖĎ‚ĖÄ‚Ėą‚Ėď‚Ėí‚Ėí‚Ėą‚ĖĆ   ‚Ėź‚Ėą‚Ėą‚Ėą‚Ėą‚Ėą‚Ėď‚Ėí‚ĖĎ‚ĖĎ‚ĖĎ‚ĖĎ ‚ĖĎ         
           ‚ĖĎ‚Ėí‚Ėď‚Ėź‚Ėą‚Ėą‚Ėą‚Ėą‚Ėą      ‚Ėą‚Ėą‚Ėď‚ĖĄ‚Ėą‚Ėą‚Ėą‚ĖÄ‚Ėď‚ĖĎ  ‚ĖĄ       ‚ĖĎ‚Ėź‚ĖĆ‚Ėí‚Ėź‚Ėą    ‚Ėą‚Ėą‚Ėą‚Ėą‚Ėą‚ĖĆ‚Ėď‚Ėí‚ĖĎ              
       ‚ĖĎ ‚ĖĎ‚ĖĎ‚ĖĎ‚ĖĎ‚Ėí‚Ėď‚Ėą‚Ėą‚Ėą‚Ėą‚Ėą‚ĖĆ      ‚Ėą‚Ėą‚Ėą‚Ėą‚Ėą‚ĖĆ‚Ėď‚ĖĄ     ‚ĖÄ‚ĖÄ‚ĖÄ‚ĖÄ ‚ĖĄ ‚ĖĎ‚Ėą‚Ėą‚Ėą‚ĖĆ   ‚Ėź‚Ėą‚Ėą‚Ėą‚Ėą‚Ėą‚Ėď‚Ėí‚ĖĎ               
    ‚ĖĎ‚Ėą‚ĖĄ     ‚ĖĎ‚Ėí‚Ėď‚Ėź‚Ėą‚Ėą‚Ėą‚Ėą‚Ėą      ‚Ėź‚Ėą‚Ėą‚Ėą‚Ėą‚Ėď‚ĖĎ ‚ĖÄ‚Ėą‚Ėą‚Ėą‚Ėą‚ĖÄ ‚Ėą‚Ėą‚Ėą‚ĖĆ  ‚Ėą‚Ėą‚ĖÄ    ‚Ėą‚Ėą‚Ėą‚Ėą‚Ėą‚ĖĆ‚Ėď‚Ėí‚ĖĎ     ‚ĖĄ‚Ėą‚ĖĎ       
  ‚ĖĎ‚Ėí‚Ėź‚Ėď‚Ėą‚Ėą‚Ėą‚ĖĄ‚ĖĄ‚ĖĄ ‚ĖĎ‚Ėí‚Ėď‚Ėą‚Ėą‚Ėą‚Ėą‚Ėą‚ĖĆ      ‚Ėą‚ĖĆ‚Ėą‚Ėą‚ĖĎ  ‚ĖÄ ‚Ėą‚ĖÄ‚Ėą‚Ėď‚Ėź‚Ėą‚ĖÄ‚Ėą‚ĖĎ  ‚Ėź‚Ėą    ‚Ėź‚Ėą‚Ėą‚Ėą‚Ėą‚Ėą‚Ėď‚Ėí‚ĖĎ ‚ĖĄ‚ĖĄ‚ĖĄ‚Ėą‚Ėą‚Ėą‚Ėď‚ĖĆ‚Ėí‚ĖĎ     
 ‚ĖĎ‚Ėí‚Ėď‚Ėą‚Ėď‚Ėą‚Ėą‚Ėą‚Ėą‚Ėą‚Ėą‚Ėą‚Ėą‚Ėą‚ĖĄ‚Ėą‚Ėą‚Ėą‚Ėą‚Ėą‚Ėą     ‚Ėź‚Ėą ‚Ėď‚Ėą‚ĖĆ     ‚ĖÄ‚ĖÄ‚ĖĎ ‚ĖÄ‚ĖÄ‚ĖĎ   ‚Ėź‚ĖĆ    ‚Ėą‚Ėą‚Ėą‚Ėą‚Ėą‚Ėą‚ĖĄ‚Ėą‚Ėą‚Ėą‚Ėą‚Ėą‚Ėą‚Ėą‚Ėą‚Ėą‚Ėď‚Ėą‚Ėď‚Ėí‚ĖĎ    
 ‚ĖĎ‚Ėí‚Ėď‚ĖÄ‚Ėą‚Ėď‚Ėď‚Ėą‚Ėą‚Ėą‚Ėą‚Ėą‚Ėą‚Ėą‚Ėą‚Ėą‚Ėą‚Ėą‚Ėą‚Ėą‚Ėą‚ĖĆ‚ĖĄ    ‚Ėą‚Ėą‚ĖĄ‚Ėą‚Ėď‚ĖĎ       ‚ĖÄ‚ĖĄ    ‚ĖĎ‚Ėą   ‚ĖĄ‚Ėź‚Ėą‚Ėą‚Ėą‚Ėą‚Ėą‚Ėą‚Ėą‚Ėą‚Ėą‚Ėą‚Ėą‚Ėą‚Ėą‚Ėą‚Ėď‚Ėď‚Ėą‚ĖÄ‚Ėď‚Ėí‚ĖĎ    
   ‚ĖĎ‚Ėí‚Ėď‚ĖÄ‚ĖÄ‚Ėą‚Ėą‚Ėą‚Ėą‚Ėą‚Ėą‚Ėą‚Ėą‚Ėą‚Ėą‚Ėą‚Ėą‚Ėą‚Ėą‚Ėą     ‚Ėą‚Ėą‚Ėą‚Ėą‚Ėą‚Ėď‚ĖĎ    ‚ĖĄ‚ĖĎ‚Ėď‚Ėź‚ĖĆ   ‚Ėź‚Ėą    ‚Ėą‚Ėą‚Ėą‚Ėą‚Ėą‚Ėą‚Ėą‚Ėą‚Ėą‚Ėą‚Ėą‚Ėą‚Ėą‚Ėą‚Ėą‚ĖÄ‚ĖÄ‚Ėď‚Ėí‚ĖĎ      
     ‚ĖĎ‚ĖĎ‚ĖĎ‚ĖĎ‚Ėí‚Ėď‚ĖÄ‚ĖÄ‚ĖÄ‚Ėą‚ĖÄ‚Ėď‚Ėą‚Ėą‚Ėą‚Ėą‚Ėą‚Ėą‚ĖĆ    ‚Ėź‚Ėą‚Ėą‚Ėą‚Ėą‚ĖĆ‚ĖĎ     ‚ĖÄ‚ĖÄ‚ĖÄ   ‚ĖĎ‚Ėą‚ĖĆ   ‚Ėź‚Ėą‚Ėą‚Ėą‚Ėą‚Ėą‚Ėą‚Ėď‚ĖÄ‚Ėą‚ĖÄ‚ĖÄ‚ĖÄ              
          ‚ĖĎ‚ĖĎ‚ĖĎ‚ĖĎ‚Ėí‚ĖĄ‚Ėą‚Ėą‚Ėą‚Ėą‚Ėą‚Ėą‚ĖÄ‚Ėą‚ĖĄ   ‚Ėź‚Ėą‚Ėą‚Ėą‚Ėą‚Ėą‚Ėď‚ĖĆ‚ĖĄ‚Ėą‚Ėą‚Ėą‚Ėą‚Ėą‚Ėą‚Ėą‚ĖĄ‚ĖĆ‚Ėą‚Ėą   ‚ĖĄ‚Ėą‚ĖÄ‚Ėą‚Ėą‚Ėą‚Ėą‚Ėą‚Ėą‚ĖĄ‚Ėí                 
            ‚ĖĎ‚Ėí‚Ėď‚Ėź‚ĖĆ‚ĖĄ‚Ėą‚Ėą‚Ėą‚Ėą‚Ėą‚Ėą‚ĖĆ   ‚Ėź‚Ėą‚Ėą‚Ėą‚Ėą‚Ėą‚Ėą‚Ėź‚Ėą‚Ėą‚ĖÄ‚ĖÄ‚ĖÄ‚ĖÄ‚ĖÄ‚Ėą‚Ėą‚Ėą‚Ėą‚ĖĆ   ‚Ėź‚Ėą‚Ėą‚Ėą‚Ėą‚Ėą‚Ėą‚ĖĄ‚Ėź‚ĖĆ‚Ėď‚Ėí‚ĖĎ               
             ‚ĖĎ‚Ėí‚Ėď‚ĖÄ‚ĖĄ‚Ėą‚Ėą‚Ėą‚Ėą‚Ėą‚ĖĄ‚Ėą    ‚Ėą‚Ėą‚Ėą‚Ėą‚Ėą‚Ėą‚Ėą‚Ėą‚ĖĄ‚Ėď‚Ėą‚Ėą‚Ėą‚Ėą‚Ėą‚Ėą‚Ėą‚Ėą    ‚Ėą‚ĖĄ‚Ėą‚Ėą‚Ėą‚Ėą‚Ėą‚ĖĄ‚ĖÄ‚Ėď‚Ėí‚ĖĎ                
              ‚ĖĎ‚Ėí‚Ėď‚Ėď‚Ėź‚Ėą‚Ėą‚Ėą‚Ėą‚Ėď‚Ėź‚ĖĆ ‚ĖĄ‚Ėą‚Ėą‚Ėą‚Ėą‚Ėą‚Ėą‚Ėą‚Ėą‚Ėą‚Ėą‚Ėą‚Ėą‚Ėą‚Ėą‚Ėą‚Ėą‚Ėą‚Ėą‚Ėą‚ĖĄ  ‚Ėź‚ĖĆ‚Ėď‚Ėą‚Ėą‚Ėą‚Ėą‚ĖĆ‚Ėď‚Ėď‚Ėí‚ĖĎ                 
               ‚ĖĎ‚Ėí‚Ėď‚Ėą‚Ėą‚Ėą‚Ėą‚Ėą‚Ėą‚Ėą‚ĖĆ‚Ėą‚ĖÄ‚Ėď‚Ėź‚Ėą‚Ėą‚Ėą‚Ėą‚Ėą‚Ėą‚Ėą‚Ėą‚Ėą‚Ėą‚Ėą‚Ėą‚Ėą‚Ėą‚Ėą‚Ėą‚ĖĆ‚ĖÄ‚Ėą‚ĖĄ‚ĖÄ‚Ėą‚Ėą‚Ėą‚Ėą‚Ėą‚Ėą‚Ėą‚Ėď‚Ėí‚ĖĎ   ASCii          
              ‚ĖĎ‚Ėí‚Ėď‚Ėą‚Ėą‚Ėą‚Ėą‚Ėą‚Ėą‚Ėą‚ĖĆ‚Ėą‚ĖĆ‚Ėď‚Ėď‚ĖĎ‚Ėą‚Ėą‚Ėą‚Ėą‚Ėą‚Ėą‚Ėą‚Ėą‚Ėą‚Ėą‚Ėą‚Ėą‚Ėą‚Ėą‚Ėą‚Ėą ‚Ėď‚Ėď‚ĖÄ‚Ėą‚Ėź‚Ėą‚Ėą‚Ėą‚Ėą‚Ėą‚Ėą‚Ėą‚Ėď‚Ėí‚ĖĎ     pikaZZo!HS  
             ‚ĖĎ‚Ėí‚Ėď‚Ėą‚Ėą‚Ėą‚Ėą‚ĖÄ‚Ėą‚Ėą‚ĖĆ‚Ėą‚ĖĆ‚Ėď‚Ėď‚ĖĎ‚ĖĎ‚Ėą‚Ėą‚Ėą‚Ėą‚Ėą‚Ėą‚Ėą‚Ėą‚Ėą‚Ėą‚Ėą‚Ėą‚Ėą‚Ėą‚Ėą‚ĖĆ‚Ėí‚Ėí‚Ėď‚Ėď‚Ėź‚Ėą‚Ėź‚Ėą‚Ėą‚ĖÄ‚Ėą‚Ėą‚Ėą‚Ėą‚Ėď‚Ėí‚ĖĎ                
         ‚ĖĎ ‚ĖĎ‚ĖĎ‚Ėí‚Ėď‚Ėą‚Ėą‚Ėą‚Ėą ‚ĖĎ‚Ėą‚Ėą‚Ėź‚Ėą‚Ėí‚Ėí‚Ėí‚Ėí‚ĖĎ‚ĖĆ‚Ėą‚Ėą‚Ėą‚Ėą‚Ėą‚Ėą‚Ėą‚Ėą‚Ėą‚Ėą‚Ėą‚Ėą‚Ėą‚Ėą‚ĖĆ‚Ėí   ‚ĖĎ‚Ėą‚ĖĆ‚Ėą‚Ėą‚ĖĎ ‚Ėą‚Ėą‚Ėą‚Ėą‚Ėď‚Ėí‚ĖĎ               
            ‚ĖĎ‚Ėí‚Ėď‚ĖÄ‚Ėą‚ĖÄ ‚ĖĎ‚Ėí‚Ėą‚ĖĆ‚Ėą‚ĖĆ ‚Ėď‚Ėď‚Ėí‚Ėí ‚Ėą‚Ėą‚Ėą‚Ėą‚Ėą‚Ėą‚Ėą‚Ėą‚Ėą‚Ėą‚Ėą‚Ėą‚Ėą‚Ėą‚ĖĆ ‚ĖĎ‚ĖĎ‚ĖĎ‚ĖĎ‚Ėź‚Ėą‚Ėź‚Ėą‚Ėí‚ĖĎ ‚ĖÄ‚Ėą‚ĖÄ‚Ėď‚Ėí‚ĖĎ‚ĖĎ‚ĖĎ ‚ĖĎ           
                  ‚ĖĎ‚Ėí‚Ėď‚Ėą‚Ėź‚Ėą‚Ėď‚Ėď‚Ėď‚Ėď‚Ėď ‚ĖĆ‚ĖĆ‚Ėą‚Ėą‚Ėą‚Ėą‚Ėą‚Ėą‚Ėą‚Ėą‚Ėą‚Ėą‚Ėą‚Ėą‚Ėą ‚Ėź ‚ĖĎ‚Ėď‚Ėď‚Ėď‚Ėą‚ĖĆ‚Ėą‚Ėď‚Ėí‚ĖĎ                     
                  ‚ĖĎ‚Ėí‚Ėď‚Ėą‚Ėź‚Ėą‚ĖĎ‚ĖĎ‚ĖĎ‚Ėď‚ĖĎ‚Ėź‚ĖĆ‚Ėď‚Ėź‚Ėą‚Ėą‚Ėą‚Ėą‚Ėą‚Ėą‚Ėą‚Ėą‚Ėą‚Ėą‚Ėą‚ĖĆ‚Ėí‚Ėź‚ĖĆ‚Ėí‚Ėď‚Ėď‚Ėď‚Ėź‚Ėą‚Ėź‚Ėď‚Ėí‚ĖĎ                     
                 ‚ĖĎ‚Ėí‚Ėď‚Ėź‚ĖĆ‚Ėą‚ĖĆ‚ĖĎ‚ĖĎ‚Ėí‚ĖĎ‚ĖĎ‚Ėź‚ĖÄ‚Ėď‚Ėď‚Ėź‚Ėą‚Ėą‚Ėą‚Ėą‚Ėą‚Ėą‚Ėą‚Ėą‚Ėą‚ĖÄ‚ĖĆ‚Ėí‚ĖÄ‚ĖĆ‚Ėí‚Ėí‚Ėď ‚Ėí‚Ėą‚ĖĆ‚ĖĆ‚Ėď‚Ėí‚ĖĎ                    
                  ‚ĖĎ‚Ėí‚Ėď‚ĖĆ‚Ėą‚ĖĆ‚ĖĎ‚Ėí‚Ėí‚ĖĎ ‚Ėą‚ĖĎ ‚Ėď‚Ėź‚Ėď‚ĖÄ‚Ėą‚Ėą‚Ėą‚Ėą‚ĖÄ ‚ĖĆ‚ĖĎ‚Ėď‚Ėď‚Ėí‚Ėą‚Ėď  ‚Ėí‚Ėí‚Ėą‚ĖĆ‚ĖĆ‚Ėď‚Ėí‚ĖĎ                    
  TERRORISM       ‚ĖĎ‚Ėí‚Ėď‚Ėź‚Ėą ‚Ėí‚Ėí‚Ėí‚Ėí‚Ėí‚Ėą‚ĖĎ‚ĖĎ ‚Ėď‚Ėí‚Ėí‚Ėí‚Ėź‚ĖÄ   ‚ĖĎ‚ĖĎ‚ĖĎ‚Ėď‚Ėď‚Ėą‚Ėď‚Ėď‚ĖĎ‚Ėí‚Ėí‚Ėź‚Ėą‚Ėď‚Ėí‚ĖĎ                     
         CENTER    ‚ĖĎ‚Ėí‚Ėď‚Ėą  ‚Ėď‚Ėď‚Ėí‚Ėí‚Ėą‚ĖĎ‚ĖĎ  ‚ĖĄ‚ĖĄ‚ĖĄ‚ĖĄ‚ĖĄ‚ĖĄ‚ĖĄ‚ĖĄ‚ĖĄ‚ĖĄ‚ĖĄ ‚Ėď‚ĖÄ ‚Ėď‚ĖĎ‚ĖĎ‚Ėí‚Ėź‚Ėą‚Ėď‚Ėí‚ĖĎ                     
                   ‚ĖĎ‚Ėí‚Ėď‚Ėą‚ĖĆ‚Ėď‚Ėď‚Ėď‚ĖĎ‚ĖĄ‚ĖĄ‚Ėą‚Ėą‚Ėą‚Ėą‚Ėą‚ĖÄ‚ĖÄ‚ĖÄ‚ĖÄ‚ĖÄ‚ĖÄ‚ĖÄ‚ĖÄ‚Ėą‚Ėą‚Ėą‚Ėą‚Ėą‚Ėą‚ĖĄ‚ĖĄ‚ĖĎ‚ĖĎ‚Ėą‚ĖĆ‚Ėď‚Ėí‚ĖĎ                     
           ‚ĖÄ‚ĖĄ      ‚ĖĎ‚Ėí‚Ėď‚ĖÄ‚ĖÄ‚ĖĄ‚ĖĄ‚Ėą‚Ėą‚Ėą‚ĖÄ‚ĖÄ          ‚ĖĎ ‚ĖĎ‚ĖÄ‚Ėą‚Ėą‚Ėą‚Ėą‚Ėą‚Ėą‚Ėą‚Ėą‚ĖĄ‚ĖĄ‚Ėď‚Ėí‚ĖĎ‚ĖĎ                    
             ‚ĖÄ‚ĖĄ  ‚ĖĎ‚Ėí‚Ėď‚ĖĄ‚ĖĄ‚Ėą‚Ėą‚Ėą‚Ėą‚Ėą‚ĖĆ‚ĖĎ         ‚Ėą‚ĖĄ  ‚ĖĄ‚ĖĄ  ‚ĖĎ‚Ėď‚ĖÄ‚Ėą‚Ėą‚Ėą‚Ėą‚Ėą‚Ėą‚Ėą‚Ėą‚ĖĄ‚Ėď‚Ėí‚ĖĎ‚ĖĎ                 
               ‚ĖÄ‚ĖĄ‚Ėď‚ĖĄ‚Ėą‚Ėą‚Ėą‚Ėą‚Ėą‚Ėą‚Ėą‚Ėą‚Ėď‚ĖĎ        ‚ĖÄ‚ĖĎ ‚Ėź‚Ėą‚Ėą‚Ėą‚ĖĆ  ‚ĖĎ‚Ėď‚Ėą‚Ėą‚Ėą‚Ėą‚Ėą‚Ėą‚Ėą‚Ėą‚Ėą‚Ėą‚Ėą‚ĖĄ‚Ėď‚Ėí‚ĖĎ               
             ‚ĖĎ‚Ėí‚Ėď‚ĖĄ‚ĖÄ‚ĖĄ‚ĖÄ‚ĖĄ‚ĖÄ‚Ėą‚Ėą‚Ėą‚Ėą‚Ėď‚ĖĄ            ‚Ėź‚Ėą‚Ėą‚Ėą‚Ėď  ‚Ėď‚Ėź‚Ėą‚Ėą‚Ėą‚Ėą‚Ėą‚Ėą‚Ėą‚Ėą‚Ėą‚Ėą‚Ėą‚Ėą‚Ėą‚ĖĄ‚Ėď‚Ėí‚ĖĎ             
           ‚ĖĎ‚Ėí‚Ėď‚ĖĄ‚Ėą‚Ėą‚ĖÄ‚ĖĄ‚Ėą‚Ėą‚Ėź‚Ėą‚Ėą‚Ėą‚ĖĎ‚ĖĄ              ‚ĖÄ‚Ėą‚ĖĆ‚ĖĎ‚ĖÄ ‚ĖĄ‚Ėą‚Ėą‚Ėą‚Ėą‚Ėą‚Ėą‚Ėą‚Ėą‚Ėą‚Ėą‚Ėą‚Ėą‚Ėą‚Ėą‚Ėą‚Ėą‚ĖĄ‚Ėď‚Ėí‚ĖĎ           
         ‚ĖĎ‚Ėí‚Ėď‚ĖĄ‚Ėą‚Ėą‚Ėą‚Ėą‚Ėą‚ĖĄ‚ĖĄ‚ĖĄ‚Ėą‚Ėą‚Ėą‚ĖÄ‚ĖÄ              ‚ĖĄ ‚ĖĎ‚ĖÄ  ‚Ėą‚Ėą‚Ėą‚Ėą‚Ėą‚Ėą‚Ėą‚Ėą‚Ėą‚Ėą‚Ėą‚Ėą‚Ėą‚Ėą‚Ėą‚Ėą‚Ėą‚Ėą‚Ėą‚Ėą‚ĖĄ‚Ėď‚Ėí‚ĖĎ         
        ‚ĖĎ‚Ėí‚Ėď‚Ėą‚Ėą‚Ėą‚Ėą‚Ėą‚Ėą‚Ėą‚Ėą‚Ėą‚Ėą‚Ėą‚ĖÄ‚Ėď‚ĖĎ                ‚Ėą‚Ėą‚ĖĄ‚ĖĄ‚Ėą‚Ėą‚Ėą‚Ėą‚Ėą‚Ėą‚Ėą‚Ėą‚Ėą‚Ėą‚Ėą‚Ėą‚Ėą‚Ėą‚Ėą‚Ėą‚Ėą‚Ėą‚Ėą‚Ėą‚Ėą‚Ėą‚Ėą‚Ėď‚Ėí‚ĖĎ        
       ‚ĖĎ‚Ėí‚Ėď‚Ėą‚Ėą‚Ėą‚Ėą‚Ėą‚Ėą‚Ėą‚Ėą‚Ėą‚Ėą‚Ėą‚ĖĆ‚ĖĄ‚Ėą‚ĖĄ‚Ėď              ‚Ėď‚Ėź‚Ėą‚Ėą‚Ėą‚Ėą‚Ėą‚Ėą‚Ėą‚Ėą‚Ėą‚Ėą‚Ėą‚ĖÄ‚Ėą‚Ėą‚Ėą‚Ėą‚Ėą‚Ėą‚Ėą‚Ėą‚Ėą‚Ėą‚Ėą‚Ėą‚Ėą‚Ėą‚Ėą‚Ėď‚Ėí‚ĖĎ       
      ‚ĖĎ‚Ėí‚Ėď‚Ėą‚Ėą‚Ėą‚Ėą‚Ėą‚Ėą‚Ėą‚Ėą‚Ėą‚Ėą‚Ėą‚ĖÄ ‚Ėď‚ĖÄ‚ĖÄ‚ĖÄ            ‚Ėď‚ĖĄ‚ĖĄ‚Ėą‚Ėą‚Ėą‚Ėą‚Ėą‚Ėą‚Ėď‚Ėź‚Ėą‚Ėą‚Ėą‚ĖĆ ‚Ėď‚ĖĎ‚Ėą‚Ėą‚Ėą‚Ėą‚Ėą‚Ėą‚Ėą‚Ėą‚Ėą‚Ėą‚Ėą‚Ėą‚Ėą‚Ėą‚Ėď‚Ėí‚ĖĎ      
     ‚ĖĎ‚Ėí‚Ėď‚Ėą‚ĖĆ‚Ėď‚ĖĎ ‚ĖĎ‚Ėď‚Ėą‚Ėą‚Ėą‚Ėą‚Ėď‚ĖĎ                 ‚Ėź‚Ėą‚Ėą‚Ėą‚Ėą‚Ėą‚Ėď‚ĖÄ  ‚ĖĄ‚ĖÄ‚Ėą‚Ėą‚Ėď   ‚Ėź‚Ėą‚Ėą‚Ėą‚Ėą‚Ėą‚Ėą‚Ėą‚Ėą‚ĖÄ‚ĖÄ‚ĖÄ‚Ėą‚Ėą‚Ėą‚Ėď‚Ėí‚ĖĎ     
    ‚ĖĎ‚Ėí‚Ėď‚Ėą‚ĖĆ‚Ėď‚ĖĎ   ‚ĖĎ‚Ėď‚ĖÄ‚Ėą‚ĖĆ‚Ėď                  ‚Ėź‚Ėą‚Ėą‚Ėą‚Ėą‚Ėą‚ĖĆ    ‚ĖĎ‚Ėź‚Ėą‚ĖĆ‚ĖĎ‚ĖÄ ‚Ėď‚Ėą‚Ėą‚Ėą‚Ėą‚Ėą‚Ėą‚Ėą‚ĖĆ‚Ėď‚ĖĎ  ‚ĖÄ‚Ėź‚Ėą‚Ėď‚Ėí‚ĖĎ    
   ‚ĖĎ‚Ėí‚Ėď‚Ėą‚ĖĆ‚ĖĎ        ‚ĖĎ‚ĖÄ                    ‚ĖÄ‚Ėą‚Ėą‚Ėą‚ĖÄ‚ĖĎ   ‚Ėď ‚Ėď‚Ėą‚Ėą‚ĖĄ   ‚ĖĎ‚ĖÄ‚Ėą‚Ėą‚Ėą‚Ėą‚Ėą‚ĖĆ‚ĖĄ‚ĖÄ  ‚ĖĎ‚Ėď‚Ėź‚Ėą‚Ėď‚Ėí‚ĖĎ   
  ‚ĖĎ‚Ėí‚Ėď‚Ėą‚Ėą‚Ėą‚ĖĄ‚Ėď‚ĖĄ                             ‚Ėď‚ĖÄ‚ĖĎ‚ĖĄ‚ĖĄ  ‚ĖÄ‚Ėą ‚ĖÄ‚ĖÄ‚Ėą‚ĖÄ      ‚Ėď‚ĖÄ‚ĖÄ‚ĖÄ ‚Ėź‚Ėí    ‚Ėí‚Ėź‚Ėą‚Ėď‚Ėí‚ĖĎ  
 ‚ĖĎ‚Ėí‚Ėď‚Ėą‚Ėą‚Ėą‚Ėą‚Ėą‚Ėą‚ĖĆ                            ‚ĖĄ‚Ėą‚Ėą‚Ėą‚Ėą‚Ėą‚Ėą‚Ėą‚ĖĄ‚ĖĄ‚Ėď‚ĖĎ   ‚ĖĄ‚ĖÄ     ‚ĖĎ         ‚ĖĎ‚Ėď‚Ėź‚Ėą‚Ėď‚Ėí‚ĖĎ 
‚ĖĎ‚Ėí‚Ėď‚Ėź‚Ėą‚ĖÄ‚Ėą‚Ėą‚Ėą‚Ėď                          ‚ĖĎ‚Ėď‚Ėą‚Ėą‚Ėą‚Ėą‚Ėą‚Ėą‚Ėą‚Ėą‚Ėą‚Ėą‚Ėą‚Ėą‚Ėą‚Ėą‚Ėą‚ĖĄ‚Ėď                 ‚ĖĎ‚Ėď‚Ėą‚ĖĆ‚Ėď‚Ėí‚ĖĎ
‚ĖĎ‚Ėí‚Ėď‚Ėą‚ĖĆ ‚Ėď‚ĖÄ‚ĖÄ‚ĖĄ                       ‚ĖĄ  ‚Ėą‚Ėą‚Ėą‚Ėą‚Ėą‚Ėą‚Ėą‚Ėą‚Ėą‚Ėą‚Ėą‚Ėą‚Ėą‚Ėą‚Ėą‚Ėą‚Ėą‚Ėą‚Ėą‚ĖĎ‚ĖĄ‚ĖĄ            ‚ĖĄ  ‚Ėď‚Ėź‚Ėą‚Ėď‚Ėí‚ĖĎ
‚ĖĎ‚Ėí‚Ėź‚Ėą ‚ĖĄ                           ‚ĖÄ ‚Ėą‚Ėą‚Ėą‚Ėą‚Ėą‚Ėą‚Ėą‚Ėą‚Ėą‚Ėą‚Ėą‚Ėą‚Ėą‚Ėą‚Ėą‚Ėą‚Ėą‚Ėą‚Ėą‚Ėą‚Ėą‚Ėą‚Ėą‚Ėą‚ĖĄ‚ĖĎ        ‚ĖÄ‚Ėą‚Ėď  ‚Ėď‚Ėą‚ĖĆ‚Ėí‚ĖĎ
‚ĖĎ ‚Ėą‚Ėą‚ĖĄ‚ĖĄ‚Ėď‚ĖĄ‚ĖĄ‚ĖĄ‚ĖĎ                       ‚Ėź‚Ėą‚Ėą‚Ėą‚Ėą‚Ėą‚Ėą‚Ėą‚Ėą‚Ėą‚Ėą‚Ėą‚Ėą‚Ėą‚Ėą‚Ėą‚Ėą‚Ėą‚Ėą‚Ėą‚Ėą‚Ėą‚Ėą‚Ėą‚Ėą‚Ėą‚Ėą‚ĖĄ         ‚ĖÄ ‚ĖĄ‚ĖĎ‚Ėź‚Ėą‚Ėí‚ĖĎ
‚ĖĎ‚Ėź‚Ėą‚Ėą‚Ėą‚Ėą‚Ėą‚Ėą‚Ėą‚Ėą‚Ėą‚Ėą‚Ėą‚ĖĄ‚ĖĄ                  ‚ĖĎ‚Ėď‚Ėą‚Ėą‚Ėą‚Ėą‚Ėą‚Ėą‚Ėą‚Ėą‚Ėą‚Ėą‚Ėą‚Ėą‚Ėą‚Ėą‚Ėą‚Ėą‚Ėą‚Ėą‚Ėą‚Ėą‚Ėą‚Ėą‚Ėą‚Ėą‚Ėą‚Ėą‚Ėą‚ĖĆ     ‚ĖĄ‚ĖĄ‚ĖĄ‚ĖĄ‚ĖĄ  ‚Ėą‚Ėą‚ĖĆ‚ĖĎ
‚ĖĎ‚Ėą‚Ėą‚Ėą‚Ėą‚Ėą‚Ėą‚Ėą‚Ėą‚Ėą‚Ėą‚Ėą‚Ėą‚Ėą‚Ėą‚Ėą‚ĖĎ‚Ėď    ‚ĖĄ‚ĖĄ‚Ėď        ‚ĖĄ‚Ėď‚Ėą‚Ėą‚Ėą‚Ėą‚Ėą‚Ėą‚Ėą‚Ėą‚Ėą‚Ėą‚Ėą‚Ėą‚Ėą‚ĖÄ‚ĖĄ‚ĖĄ‚ĖĄ‚ĖĄ‚ĖĄ‚ĖĄ‚ĖĄ‚ĖĄ‚ĖĄ‚ĖĄ‚ĖĄ‚ĖĄ‚ĖĄ‚ĖĄ‚ĖĄ  ‚ĖĄ‚Ėą‚Ėą‚Ėą‚Ėą‚ĖÄ  ‚Ėď‚Ėą‚Ėą‚Ėą‚ĖĎ
‚ĖĎ‚Ėą‚Ėą‚Ėą‚Ėą‚Ėą‚Ėą‚Ėą‚Ėą‚Ėą‚Ėą‚Ėą‚Ėą‚Ėą‚Ėą‚Ėą‚Ėą‚Ėą‚ĖĎ  ‚Ėą‚Ėą‚ĖĆ‚ĖĄ        ‚ĖĎ‚Ėą‚Ėą‚Ėą‚Ėą‚Ėą‚Ėą‚Ėą‚Ėą‚Ėą‚Ėą‚Ėą‚Ėą‚ĖÄ‚ĖĄ‚Ėą‚Ėą‚Ėą‚Ėą‚Ėą‚Ėą‚Ėą‚Ėą‚Ėď‚Ėą‚Ėď‚Ėą‚Ėą‚Ėą‚ĖÄ   ‚Ėą‚Ėą‚Ėď‚Ėą‚ĖĎ‚ĖĎ ‚ĖĄ‚Ėą‚Ėą‚Ėą‚Ėą‚ĖĎ
‚Ėź‚Ėą‚Ėą‚Ėą‚Ėą‚Ėą‚Ėą‚ĖÄ‚ĖĄ‚ĖĄ‚ĖĄ‚ĖĄ‚ĖÄ‚Ėą‚Ėą‚Ėą‚ĖÄ‚ĖĄ‚ĖĄ‚ĖĄ‚ĖĄ ‚ĖÄ    ‚ĖĄ‚ĖĄ‚ĖĄ‚ĖĄ   ‚Ėą‚Ėą‚ĖÄ‚ĖĄ‚ĖĄ‚ĖĄ‚ĖĄ‚ĖÄ‚Ėą‚Ėą‚Ėą‚Ėą‚ĖÄ‚ĖĄ‚ĖĄ‚ĖĄ‚ĖĄ  ‚ĖÄ‚Ėą‚Ėď‚Ėą‚Ėą‚ĖÄ‚ĖÄ  ‚ĖĄ   ‚Ėą‚Ėď‚Ėą‚Ėą‚ĖĎ ‚Ėź‚Ėą‚Ėą‚Ėą‚Ėą‚Ėą‚ĖĆ
‚Ėź‚Ėą‚Ėą‚Ėą‚Ėą‚ĖĆ‚ĖĄ‚Ėą‚Ėď‚Ėą‚Ėą‚ĖÄ‚Ėą‚ĖĄ ‚ĖĄ‚Ėą‚Ėď‚Ėą‚Ėą‚ĖÄ‚Ėą‚ĖĄ  ‚ĖĄ‚Ėą‚Ėď‚Ėą‚Ėą‚ĖÄ‚ĖÄ‚ĖĄ  ‚ĖĄ‚Ėą‚Ėď‚Ėą‚Ėą‚ĖÄ‚ĖÄ‚ĖĄ‚ĖÄ‚ĖÄ‚ĖĄ‚Ėą‚Ėď‚Ėą‚Ėą‚ĖÄ‚ĖÄ‚ĖĄ ‚Ėą‚Ėď‚Ėą‚Ėą‚ĖĎ‚ĖĄ‚ĖĄ‚Ėą‚Ėą‚ĖĎ‚ĖĎ ‚Ėą‚Ėď‚Ėą‚Ėą‚ĖĎ ‚Ėą‚Ėą‚Ėą‚Ėą‚Ėą‚Ėą‚Ėą
‚Ėą‚Ėą‚Ėą‚Ėą‚Ėą‚ĖĆ‚Ėą‚Ėď‚Ėą‚Ėą‚ĖĎ‚ĖĎ ‚Ėą‚ĖĆ‚Ėą‚Ėď‚Ėą‚Ėą‚ĖĎ‚ĖĎ ‚Ėą‚ĖĆ ‚Ėą‚Ėď‚Ėą‚Ėą‚ĖĎ‚ĖĎ    ‚Ėą‚Ėď‚Ėą‚Ėą‚ĖĎ‚ĖĎ    ‚Ėą‚Ėď‚Ėą‚Ėą‚ĖĎ‚ĖĎ   ‚Ėą‚Ėď‚Ėą‚Ėą‚ĖĎ‚Ėą‚Ėď‚Ėą‚Ėą‚ĖĎ  ‚Ėą‚Ėď‚Ėą‚Ėą‚ĖĎ‚Ėź‚Ėą‚Ėą‚Ėą‚Ėą‚Ėą‚Ėą‚Ėą
‚Ėą‚Ėą‚Ėą‚Ėą‚Ėą‚ĖĆ‚Ėą‚Ėď‚Ėą‚Ėą‚ĖĎ ‚ĖĄ‚Ėą‚ĖĆ‚Ėą‚Ėď‚Ėą‚Ėą‚ĖĎ ‚ĖĄ‚Ėą‚ĖĆ ‚Ėą‚Ėď‚Ėą‚Ėą‚ĖĎ     ‚ĖÄ‚Ėą‚Ėą‚Ėą‚ĖĄ‚ĖĄ    ‚ĖÄ‚Ėą‚Ėą‚Ėą‚ĖĄ‚ĖĄ   ‚Ėą‚Ėď‚Ėą‚Ėą‚ĖĎ‚Ėą‚Ėď‚Ėą‚Ėą‚ĖĎ  ‚Ėą‚Ėď‚Ėą‚Ėą‚ĖĎ‚Ėź‚Ėą‚Ėą‚Ėą‚Ėą‚Ėą‚Ėą‚Ėą
‚Ėą‚Ėą‚Ėą‚Ėą‚Ėą‚ĖĆ‚Ėą‚Ėď‚Ėą‚Ėą‚Ėą‚Ėą‚Ėą‚ĖÄ ‚Ėą‚Ėď‚Ėą‚Ėą‚Ėą‚Ėą‚Ėą‚ĖÄ  ‚Ėą‚Ėď‚Ėą‚Ėą‚Ėą‚ĖÄ   ‚ĖĄ‚ĖĄ‚ĖĄ‚ĖĄ‚ĖÄ‚ĖÄ‚ĖÄ‚Ėą‚Ėą ‚ĖĄ‚ĖĄ‚ĖĄ‚ĖĄ‚ĖÄ‚ĖÄ‚ĖÄ‚Ėą‚Ėą ‚Ėą‚Ėď‚Ėą‚Ėą‚ĖĎ‚Ėą‚Ėď‚Ėą‚Ėą‚ĖĎ  ‚Ėą‚Ėď‚Ėą‚Ėą ‚Ėź‚Ėą‚Ėą‚Ėą‚Ėą‚Ėą‚Ėą‚Ėą
‚Ėą‚Ėą‚Ėą‚Ėą‚Ėą‚ĖĆ‚Ėą‚Ėď‚Ėą‚Ėą‚ĖÄ    ‚Ėą‚Ėď‚Ėą‚Ėą‚Ėą‚Ėą‚ĖĄ   ‚Ėą‚Ėď‚Ėą‚Ėą‚ĖĎ ‚ĖĄ‚Ėą  ‚Ėą‚Ėď‚Ėą‚Ėą‚ĖĎ ‚Ėź‚Ėą‚ĖĆ ‚Ėą‚Ėď‚Ėą‚Ėą‚ĖĎ ‚Ėź‚Ėą‚ĖĆ‚Ėą‚Ėď‚Ėą‚Ėą‚ĖĎ‚Ėź‚Ėą‚Ėą‚Ėą‚ĖĎ  ‚Ėą‚Ėď‚Ėą‚ĖĆ ‚Ėą‚Ėą‚Ėą‚Ėą‚Ėą‚Ėą‚Ėą‚Ėą
‚Ėą‚Ėą‚Ėą‚Ėą‚ĖÄ‚ĖĄ‚Ėą‚Ėą‚Ėą‚ĖÄ‚ĖĄ   ‚ĖĄ‚Ėą‚Ėą‚Ėą‚ĖÄ ‚ĖÄ‚Ėą‚Ėą‚ĖĄ ‚Ėą‚Ėą‚Ėą‚Ėą‚Ėą‚Ėą‚Ėą‚Ėą‚ĖĆ ‚Ėą‚Ėą‚Ėą‚Ėą‚Ėą‚Ėą‚Ėą‚ĖÄ  ‚Ėą‚Ėą‚Ėą‚Ėą‚Ėą‚Ėą‚Ėą‚ĖÄ ‚Ėą‚Ėď‚Ėą‚Ėą‚ĖĎ ‚Ėą‚Ėą‚Ėą‚ĖĄ ‚ĖĄ‚Ėą‚Ėą‚Ėą‚ĖĎ ‚Ėą‚Ėą‚Ėą‚Ėą‚Ėą‚Ėą‚Ėą‚Ėą
‚Ėą‚Ėą‚Ėą‚Ėą‚Ėą‚ĖĄ‚ĖĄ‚ĖĄ‚ĖĄ‚Ėą‚Ėą                                since `07‚ĖĄ‚ĖĄ‚Ėą‚Ėą‚Ėą‚ĖÄ   ‚ĖÄ‚Ėą‚Ėą‚Ėą‚Ėą‚Ėą‚ĖÄ ‚Ėą‚Ėą‚Ėą‚Ėą‚Ėą‚Ėą‚Ėą‚Ėą‚Ėą‚Ėą
‚Ėź‚Ėą‚Ėą‚Ėą‚Ėą‚Ėą‚Ėą‚Ėą‚Ėą‚Ėą‚Ėą                                                         ‚Ėą‚Ėą‚Ėą‚Ėą‚Ėą‚Ėą‚Ėą‚Ėą‚Ėą‚Ėą‚ĖĆ
‚Ėź‚Ėą‚Ėą‚Ėą‚Ėą‚Ėą‚Ėą‚Ėą‚Ėą‚Ėą‚ĖĄ‚ĖÄ‚ĖĎ‚ĖĄ                                                   ‚ĖĄ‚ĖĎ‚ĖÄ‚ĖĄ‚Ėą‚Ėą‚Ėą‚Ėą‚Ėą‚Ėą‚Ėą‚Ėą‚Ėą‚ĖĆ
‚ĖĎ‚Ėą‚Ėą‚Ėą‚Ėą‚Ėą‚Ėą‚Ėą‚Ėą‚Ėą‚Ėą‚Ėď‚Ėí‚ĖĎ‚Ėą‚ĖĆ                                               ‚Ėź‚Ėą‚ĖĎ‚Ėí‚Ėď‚Ėą‚Ėą‚Ėą‚Ėą‚Ėą‚Ėą‚Ėą‚Ėą‚Ėą‚Ėą‚ĖĎ
‚ĖĎ‚Ėą‚Ėą‚Ėą‚Ėą‚Ėą‚Ėą‚Ėą‚Ėą‚ĖÄ‚ĖÄ‚ĖĄ‚ĖĄ‚Ėą‚ĖÄ‚Ėď          Mit der SS Hand in Hand -            ‚Ėď‚ĖÄ‚Ėą‚ĖĄ‚ĖĄ‚ĖÄ‚ĖÄ‚Ėą‚Ėą‚Ėą‚Ėą‚Ėą‚Ėą‚Ėą‚Ėą‚ĖĎ
‚ĖĎ‚Ėź‚Ėą‚Ėą‚Ėą‚Ėą‚ĖÄ‚ĖĄ‚ĖĄ‚Ėą‚Ėą‚ĖÄ‚ĖÄ‚ĖĎ‚Ėď‚Ėí            Die franzoesische Miliz            ‚Ėí‚Ėď‚Ėď‚ĖÄ‚ĖÄ‚Ėą‚Ėą‚ĖĄ‚ĖĄ‚ĖÄ‚Ėą‚Ėą‚Ėą‚Ėą‚ĖĆ‚ĖĎ
‚ĖĎ ‚Ėą‚Ėą‚ĖÄ‚ĖĄ‚Ėą‚Ėą‚ĖÄ     ‚Ėí‚ĖĎ                                               ‚ĖĎ‚Ėí‚Ėí‚Ėď‚Ėď‚Ėí‚Ėí‚ĖÄ‚Ėą‚Ėą‚ĖĄ‚ĖÄ‚Ėą‚Ėą‚Ėí‚ĖĎ
‚ĖĎ‚Ėí‚Ėź‚Ėą‚Ėą‚Ėą‚Ėą‚ĖĆ iNFO ‚ĖĎ                                                 ‚ĖĎ‚ĖĎ‚Ėí‚Ėí‚ĖĎ‚ĖĎ‚ĖĎ‚Ėź‚Ėą‚Ėą‚Ėą‚Ėą‚ĖĆ‚Ėí‚ĖĎ
‚ĖĎ‚Ėí‚Ėď‚Ėą‚Ėą‚Ėą‚Ėą‚Ėą‚ĖĄ                                                         ‚ĖĎ‚ĖĎ  ‚ĖĄ‚Ėą‚Ėą‚Ėą‚Ėą‚Ėą‚Ėď‚Ėí‚ĖĎ
‚ĖĎ‚Ėí‚Ėď‚Ėź‚Ėą‚ĖÄ‚Ėą‚Ėą‚Ėą‚Ėą‚Ėą‚ĖĄ      Release Date ......: 12.03.2009                  ‚ĖĄ‚Ėą‚Ėą‚Ėą‚Ėą‚Ėą‚ĖÄ‚Ėą‚ĖĆ‚Ėď‚Ėí‚ĖĎ
 ‚ĖĎ‚Ėí‚Ėď‚Ėą‚Ėą‚ĖĄ‚ĖĄ‚ĖÄ‚ĖÄ‚Ėď‚Ėą‚Ėą‚ĖĄ    Air Date ..........: Maerz.2009                ‚ĖĄ‚Ėą‚Ėą‚Ėď‚ĖÄ‚ĖÄ‚ĖĄ‚ĖĄ‚Ėą‚Ėą‚Ėď‚Ėí‚ĖĎ 
  ‚ĖĎ‚Ėí‚Ėď‚Ėą‚Ėą‚Ėą‚Ėą‚Ėą‚ĖĄ ‚ĖÄ‚Ėą‚ĖĆ                                                 ‚Ėź‚Ėą‚ĖÄ ‚ĖĄ‚Ėą‚Ėą‚Ėą‚Ėą‚Ėą‚Ėď‚Ėí‚ĖĎ  
   ‚ĖĎ‚Ėí‚Ėď‚Ėą‚Ėą‚Ėą‚Ėą‚Ėą ‚ĖĄ‚ĖÄ‚Ėď   Runtime ...........: 94min                    ‚Ėď‚ĖÄ‚ĖĄ ‚Ėą‚Ėą‚Ėą‚Ėą‚Ėą‚Ėď‚Ėí‚ĖĎ   
    ‚ĖĎ‚Ėí‚Ėď‚Ėą‚Ėą‚Ėą‚Ėą‚ĖÄ‚Ėď‚Ėď‚Ėí   Language ..........: German                   ‚Ėí‚Ėď‚Ėď‚ĖÄ‚Ėą‚Ėą‚Ėą‚Ėą‚Ėď‚Ėí‚ĖĎ    
     ‚ĖĎ‚Ėí‚Ėą‚Ėą‚ĖĄ‚Ėą‚Ėď‚Ėí‚Ėí‚ĖĎ                                                 ‚ĖĎ‚Ėí‚Ėí‚Ėď‚Ėą‚ĖĄ‚Ėą‚Ėą‚Ėí‚ĖĎ     
      ‚ĖĎ‚Ėą‚Ėą‚Ėą‚Ėą‚Ėí‚ĖĎ‚ĖĎ    Video .............: AVI                       ‚ĖĎ‚ĖĎ‚Ėí‚Ėą‚Ėą‚Ėą‚Ėą‚ĖĎ      
       ‚Ėą‚Ėą‚Ėą‚Ėą‚ĖĎ      Resolution ........: 640*384                     ‚ĖĎ‚Ėą‚Ėą‚Ėą‚Ėą       
       ‚Ėą‚Ėą‚Ėą‚Ėą       Audio .............: 128 kb/s vbr mp3             ‚Ėą‚Ėą‚Ėą‚Ėą       
       ‚Ėą‚Ėą‚Ėą‚Ėą       Subtitles .........: -                            ‚Ėą‚Ėą‚Ėą‚Ėą       
       ‚Ėą‚Ėą‚Ėą‚Ėą       Source.............: dTV                          ‚Ėą‚Ėą‚Ėą‚Ėą       
       ‚Ėą‚Ėą‚Ėą‚Ėą       File Size .........: 700mb                        ‚Ėą‚Ėą‚Ėą‚Ėą       
       ‚Ėą‚Ėą‚Ėą‚Ėą                                                         ‚Ėą‚Ėą‚Ėą‚Ėą       
       ‚Ėą‚Ėą‚Ėą‚Ėą                http://tinyurl.com/bnmatj                ‚Ėą‚Ėą‚Ėą‚Ėą
       ‚Ėą‚Ėą‚Ėą‚Ėą                                                         ‚Ėą‚Ėą‚Ėą‚Ėą
       ‚Ėą‚Ėą‚Ėą‚ĖĄ‚ĖÄ‚ĖĎ‚ĖĄ                                                   ‚ĖĄ‚ĖĎ‚ĖÄ‚ĖĄ‚Ėą‚Ėą‚Ėą       
       ‚Ėą‚Ėą‚Ėą‚Ėą‚Ėď‚Ėí‚ĖĎ‚Ėą‚ĖĆ                                               ‚Ėź‚Ėą‚ĖĎ‚Ėí‚Ėď‚Ėą‚Ėą‚Ėą‚Ėą       
       ‚Ėą‚Ėą‚ĖÄ‚ĖÄ‚ĖĄ‚ĖĄ‚Ėą‚ĖÄ‚Ėď                                               ‚Ėď‚ĖÄ‚Ėą‚ĖĄ‚ĖĄ‚ĖÄ‚ĖÄ‚Ėą‚Ėą       
       ‚ĖĄ‚ĖĄ‚Ėą‚Ėą‚ĖÄ‚ĖÄ‚Ėď‚Ėď‚Ėí                                               ‚Ėí‚Ėď‚ĖĎ‚ĖÄ‚ĖÄ‚Ėą‚Ėą‚ĖĄ‚ĖĄ       
     ‚ĖĄ‚Ėą‚Ėą‚ĖÄ‚Ėí‚Ėí‚Ėď‚Ėď‚Ėí‚Ėí‚ĖĎ                                               ‚ĖĎ‚Ėí     ‚ĖÄ‚Ėą‚Ėą‚ĖĄ     
    ‚Ėą‚Ėą‚Ėą‚ĖĆ‚ĖĎ‚ĖĎ‚ĖĎ‚Ėí‚Ėí‚ĖĎ‚ĖĎ                                                 ‚ĖĎ PLOT ‚Ėź‚Ėą‚Ėą‚Ėą    
    ‚Ėą‚Ėą‚Ėą‚Ėą‚ĖĄ  ‚ĖĎ‚ĖĎ                                                         ‚ĖĄ‚Ėą‚Ėą‚Ėą‚Ėą    
    ‚Ėď‚ĖÄ‚Ėą‚Ėą‚Ėą‚Ėą‚Ėą‚ĖĄ                                                        ‚ĖĄ‚Ėą‚Ėą‚Ėą‚Ėą‚Ėą‚ĖÄ‚Ėď   
    ‚Ėí‚Ėď‚Ėď‚ĖĄ‚ĖÄ‚ĖÄ‚Ėď‚Ėą‚Ėą‚ĖĄ                                                   ‚ĖĄ‚Ėą‚Ėą‚Ėď‚ĖÄ‚ĖÄ‚ĖĄ‚Ėď‚Ėď‚Ėí    
    ‚ĖĎ‚Ėí‚Ėí‚Ėą‚Ėą‚Ėą‚ĖĄ ‚ĖÄ‚Ėą‚ĖĆ                                                 ‚Ėź‚Ėą‚ĖÄ ‚ĖĄ‚Ėą‚Ėą‚Ėą‚Ėí‚Ėí     
     ‚ĖĎ‚ĖĎ‚Ėą‚Ėą‚Ėą‚Ėą ‚ĖĄ‚ĖÄ‚Ėď                                                 ‚Ėď‚ĖÄ‚ĖĄ ‚Ėą‚Ėą‚Ėą‚Ėą‚ĖĎ‚ĖĎ     
       ‚Ėą‚Ėą‚Ėą‚Ėą‚ĖÄ‚Ėď‚Ėď‚Ėí                                                 ‚Ėí‚Ėď‚Ėď‚ĖÄ‚Ėą‚Ėą‚Ėą‚Ėą       
       ‚Ėą‚Ėą‚ĖĄ‚Ėą‚Ėď‚Ėí‚Ėí‚ĖĎ                                                 ‚ĖĎ‚Ėí‚Ėí‚Ėď‚Ėą‚ĖĄ‚Ėą‚Ėą       
       ‚Ėą‚Ėą‚Ėą‚Ėą‚Ėí‚ĖĎ‚ĖĎ                                                   ‚ĖĎ‚ĖĎ‚Ėí‚Ėą‚Ėą‚Ėą‚Ėą       
       ‚Ėą‚Ėą‚Ėą‚Ėą‚ĖĎ                                                       ‚ĖĎ‚Ėą‚Ėą‚Ėą‚Ėą       
       ‚Ėą‚Ėą‚Ėą‚Ėą        Anhand       der       Aussagen        von       ‚Ėą‚Ėą‚Ėą‚Ėą       
       ‚Ėą‚Ėą‚Ėą‚Ėą       Widerstandskaempfern  und   Kollaborateuren       ‚Ėą‚Ėą‚Ėą‚Ėą       
       ‚Ėą‚Ėą‚Ėą‚Ėą       aus der  Zeit  der  Okkupation  Frankreichs       ‚Ėą‚Ėą‚Ėą‚Ėą       
       ‚Ėą‚Ėą‚Ėą‚Ėą       zeichnet der Film  die Geschichte  der 1943       ‚Ėą‚Ėą‚Ėą‚Ėą       
       ‚Ėą‚Ėą‚Ėą‚Ėą       von  Pierre   Laval  gegruendeten   "Milice       ‚Ėą‚Ėą‚Ėą‚Ėą       
       ‚Ėą‚Ėą‚Ėą‚Ėą       franŌĄaise" nach. Umfangreiches Material aus       ‚Ėą‚Ėą‚Ėą‚Ėą       
       ‚Ėą‚Ėą‚Ėą‚Ėą       Filmarchiven   sowie   Fotos   und   Briefe       ‚Ėą‚Ėą‚Ėą‚Ėą       
       ‚Ėą‚Ėą‚Ėą‚Ėą       beleuchten die  Werdegaenge von  ehemaligen       ‚Ėą‚Ėą‚Ėą‚Ėą       
       ‚Ėą‚Ėą‚Ėą‚Ėą       Milizangehoerigen und  Widerstandskaempfern       ‚Ėą‚Ėą‚Ėą‚Ėą       
       ‚Ėą‚Ėą‚Ėą‚Ėą       und geben Einblicke  in die  Geschichte der       ‚Ėą‚Ėą‚Ėą‚Ėą       
       ‚Ėą‚Ėą‚Ėą‚Ėą       Miliz.                                            ‚Ėą‚Ėą‚Ėą‚Ėą       
       ‚Ėą‚Ėą‚Ėą‚Ėą                                                         ‚Ėą‚Ėą‚Ėą‚Ėą       
       ‚Ėą‚Ėą‚Ėą‚Ėą       Nach dem Ersten  Weltkrieg  gewann  auch im       ‚Ėą‚Ėą‚Ėą‚Ėą       
       ‚Ėą‚Ėą‚Ėą‚Ėą       ausgebluteten    Frankreich    unter    den       ‚Ėą‚Ėą‚Ėą‚Ėą       
       ‚Ėą‚Ėą‚Ėą‚Ėą       Kriegsveteranen rechtsradikales Gedankengut       ‚Ėą‚Ėą‚Ėą‚Ėą       
       ‚Ėą‚Ėą‚Ėą‚Ėą       an Einfluss.  Vom italienischen  Faschismus       ‚Ėą‚Ėą‚Ėą‚Ėą       
       ‚Ėą‚Ėą‚Ėą‚Ėą       und vom  Erfolg  der Nazis  in  Deutschland       ‚Ėą‚Ėą‚Ėą‚Ėą       
       ‚Ėą‚Ėą‚Ėą‚Ėą       faszinierte Kreise setzten  die Republik in       ‚Ėą‚Ėą‚Ėą‚Ėą       
       ‚Ėą‚Ėą‚Ėą‚Ėą       gewaltsamen  Demonstrationen  unter  Druck.       ‚Ėą‚Ėą‚Ėą‚Ėą       
       ‚Ėą‚Ėą‚Ėą‚Ėą       Bei Ausbruch des  Zweiten  Weltkrieges 1939       ‚Ėą‚Ėą‚Ėą‚Ėą       
       ‚Ėą‚Ėą‚Ėą‚Ėą       erwies   sich   die   franzoesische   Linke       ‚Ėą‚Ėą‚Ėą‚Ėą       
       ‚Ėą‚Ėą‚Ėą‚Ėą       aufgrund ihrer  pazifistischen  Ausrichtung       ‚Ėą‚Ėą‚Ėą‚Ėą       
       ‚Ėą‚Ėą‚Ėą‚Ėą       als voellig handlungsunfaehig. In der Folge       ‚Ėą‚Ėą‚Ėą‚Ėą       
       ‚Ėą‚Ėą‚Ėą‚Ėą       der    Niederlage    der     franzoesischen       ‚Ėą‚Ėą‚Ėą‚Ėą       
       ‚Ėą‚Ėą‚Ėą‚Ėą       Streitkraefte,  des  Waffenstillstands  und       ‚Ėą‚Ėą‚Ėą‚Ėą       
       ‚Ėą‚Ėą‚Ėą‚Ėą       der Installierung der Vichy-Regierung wurde       ‚Ėą‚Ėą‚Ėą‚Ėą       
       ‚Ėą‚Ėą‚Ėą‚Ėą       die        urspruenglich        apolitische       ‚Ėą‚Ėą‚Ėą‚Ėą       
       ‚Ėą‚Ėą‚Ėą‚Ėą       Kriegsveteranenvereinigung   "Lőėgion    des       ‚Ėą‚Ėą‚Ėą‚Ėą       
       ‚Ėą‚Ėą‚Ėą‚Ėą       anciens     combattants"      zu      einem       ‚Ėą‚Ėą‚Ėą‚Ėą       
       ‚Ėą‚Ėą‚Ėą‚Ėą       Propagandainstrument  des   Pőėtain-Regimes.       ‚Ėą‚Ėą‚Ėą‚Ėą       
       ‚Ėą‚Ėą‚Ėą‚Ėą       Als  Deutschland   1941   die   Sowjetunion       ‚Ėą‚Ėą‚Ėą‚Ėą       
       ‚Ėą‚Ėą‚Ėą‚Ėą       ueberfiel,    wurde     im     Zuge     der       ‚Ėą‚Ėą‚Ėą‚Ėą       
       ‚Ėą‚Ėą‚Ėą‚Ėą       Militarisierung   der   antikommunistischen       ‚Ėą‚Ėą‚Ėą‚Ėą       
       ‚Ėą‚Ėą‚Ėą‚Ėą       Bewegung und der  Kollaborationspolitik die       ‚Ėą‚Ėą‚Ėą‚Ėą       
       ‚Ėą‚Ėą‚Ėą‚Ėą       "Lőėgion  des  volontaires  franŌĄais",  eine       ‚Ėą‚Ėą‚Ėą‚Ėą       
       ‚Ėą‚Ėą‚Ėą‚Ėą       franzoesische  Freiwilligenlegion,  an  die       ‚Ėą‚Ėą‚Ėą‚Ėą       
       ‚Ėą‚Ėą‚Ėą‚Ėą       Ostfront entsandt.  Gleichzeitig  bekundete       ‚Ėą‚Ėą‚Ėą‚Ėą       
       ‚Ėą‚Ėą‚Ėą‚Ėą       die Kriegsveteranenorganisation, nicht  nur       ‚Ėą‚Ėą‚Ėą‚Ėą       
       ‚Ėą‚Ėą‚Ėą‚Ėą       eine soziale, sondern  auch eine bedeutende       ‚Ėą‚Ėą‚Ėą‚Ėą       
       ‚Ėą‚Ėą‚Ėą‚Ėą       politische  Rolle  uebernehmen  zu  wollen.       ‚Ėą‚Ėą‚Ėą‚Ėą       
       ‚Ėą‚Ėą‚Ėą‚Ėą       So wurde die  paramilitaerische Vereinigung       ‚Ėą‚Ėą‚Ėą‚Ėą       
       ‚Ėą‚Ėą‚Ėą‚Ėą       "Service d'ordre  lőėgionnaire"  gegruendet,       ‚Ėą‚Ėą‚Ėą‚Ėą       
       ‚Ėą‚Ėą‚Ėą‚Ėą       die im Januar  1943  von Ministerpraesident       ‚Ėą‚Ėą‚Ėą‚Ėą       
       ‚Ėą‚Ėą‚Ėą‚Ėą       Pierre Laval aufgeloest wurde  und sich als       ‚Ėą‚Ėą‚Ėą‚Ėą       
       ‚Ėą‚Ėą‚Ėą‚Ėą       "Milice franŌĄaise"  neu  formierte. In  der       ‚Ėą‚Ėą‚Ėą‚Ėą       
       ‚Ėą‚Ėą‚Ėą‚Ėą       Folge schlossen sich der von Joseph Darnand       ‚Ėą‚Ėą‚Ėą‚Ėą       
       ‚Ėą‚Ėą‚Ėą‚Ėą       angefuehrten  Organisation  30.000  Maenner       ‚Ėą‚Ėą‚Ėą‚Ėą       
       ‚Ėą‚Ėą‚Ėą‚Ėą       an.  Als   politisches  Instrument   Lavals       ‚Ėą‚Ėą‚Ėą‚Ėą       
       ‚Ėą‚Ėą‚Ėą‚Ėą       bekaempfte die Milice  in erster  Linie die       ‚Ėą‚Ėą‚Ėą‚Ėą       
       ‚Ėą‚Ėą‚Ėą‚Ėą       Widerstandsbewegung  und  war   auch  deren       ‚Ėą‚Ėą‚Ėą‚Ėą       
       ‚Ėą‚Ėą‚Ėą‚Ėą       Hauptzielscheibe.                                 ‚Ėą‚Ėą‚Ėą‚Ėą       
       ‚Ėą‚Ėą‚Ėą‚Ėą       Im  August  1943   stimmten  die  deutschen       ‚Ėą‚Ėą‚Ėą‚Ėą       
       ‚Ėą‚Ėą‚Ėą‚Ėą       Besatzer der Bewaffnung  der Milice  zu, im       ‚Ėą‚Ėą‚Ėą‚Ėą       
       ‚Ėą‚Ėą‚Ėą‚Ėą       Gegenzug wurde ein  Teil ihrer Angehoerigen       ‚Ėą‚Ėą‚Ėą‚Ėą       
       ‚Ėą‚Ėą‚Ėą‚Ėą       fuer   die   Waffen-SS    rekrutiert.   Als       ‚Ėą‚Ėą‚Ėą‚Ėą       
       ‚Ėą‚Ėą‚Ėą‚Ėą       Generalsekretaer der Milice leistete Joseph       ‚Ėą‚Ėą‚Ėą‚Ėą       
       ‚Ėą‚Ėą‚Ėą‚Ėą       Darnand Hitler den  Treue-Eid.  Damit wurde       ‚Ėą‚Ėą‚Ėą‚Ėą       
       ‚Ėą‚Ėą‚Ėą‚Ėą       seine  Organisation  de   facto   zu  einem       ‚Ėą‚Ėą‚Ėą‚Ėą       
       ‚Ėą‚Ėą‚Ėą‚Ėą       Werkzeug  der  Nazifizierung   Frankreichs,       ‚Ėą‚Ėą‚Ėą‚Ėą       
       ‚Ėą‚Ėą‚Ėą‚Ėą       waehrend  sie  sich  der  Bevoelkerung  als       ‚Ėą‚Ėą‚Ėą‚Ėą       
       ‚Ėą‚Ėą‚Ėą‚Ėą       Erbin der Pfadfinderbewegung darstellte. Ab       ‚Ėą‚Ėą‚Ėą‚Ėą       
       ‚Ėą‚Ėą‚Ėą‚Ėą       diesem   Zeitpunkt   erfolgte   auch   eine       ‚Ėą‚Ėą‚Ėą‚Ėą       
       ‚Ėą‚Ėą‚Ėą‚Ėą       komplette Neuorganisation in ideologischer,       ‚Ėą‚Ėą‚Ėą‚Ėą       
       ‚Ėą‚Ėą‚Ėą‚Ėą       militaerischer und  sozialer Hinsicht.  Sie       ‚Ėą‚Ėą‚Ėą‚Ėą       
       ‚Ėą‚Ėą‚Ėą‚Ėą       wurde nun  auf  dem  gesamten  Staatsgebiet       ‚Ėą‚Ėą‚Ėą‚Ėą       
       ‚Ėą‚Ėą‚Ėą‚Ėą       taetig    und    durchdrang    die    ganze       ‚Ėą‚Ėą‚Ėą‚Ėą       
       ‚Ėą‚Ėą‚Ėą‚Ėą       Gesellschaft. Sie fuehrte einen bewaffneten       ‚Ėą‚Ėą‚Ėą‚Ėą       
       ‚Ėą‚Ėą‚Ėą‚Ėą       Kampf  gegen  die  Rőėsistance  und  ergriff       ‚Ėą‚Ėą‚Ėą‚Ėą       
       ‚Ėą‚Ėą‚Ėą‚Ėą       repressive Massnahmen  gegen Politiker  und       ‚Ėą‚Ėą‚Ėą‚Ėą       
       ‚Ėą‚Ėą‚Ėą‚Ėą       die juedische Bevoelkerung.                       ‚Ėą‚Ėą‚Ėą‚Ėą       
       ‚Ėą‚Ėą‚Ėą‚Ėą                                                         ‚Ėą‚Ėą‚Ėą‚Ėą       
       ‚Ėą‚Ėą‚Ėą‚Ėą       NOTES: Wegen der Ausstrahlungsart von ARTE,       ‚Ėą‚Ėą‚Ėą‚Ėą       
       ‚Ėą‚Ėą‚Ėą‚Ėą              wurde eine Aufl√∑sung von 640*384           ‚Ėą‚Ėą‚Ėą‚Ėą       
       ‚Ėą‚Ėą‚Ėą‚ĖĄ‚ĖÄ‚ĖĎ‚ĖĄ           genommen.                               ‚ĖĄ‚ĖĎ‚ĖÄ‚ĖĄ‚Ėą‚Ėą‚Ėą       
       ‚Ėą‚Ėą‚Ėą‚Ėą‚Ėď‚Ėí‚ĖĎ‚Ėą‚ĖĆ                                               ‚Ėź‚Ėą‚ĖĎ‚Ėí‚Ėď‚Ėą‚Ėą‚Ėą‚Ėą       
       ‚Ėą‚Ėą‚ĖÄ‚ĖÄ‚ĖĄ‚ĖĄ‚Ėą‚ĖÄ‚Ėď                                               ‚Ėď‚ĖÄ‚Ėą‚ĖĄ‚ĖĄ‚ĖÄ‚ĖÄ‚Ėą‚Ėą       
       ‚ĖĄ‚ĖĄ‚Ėą‚Ėą‚ĖÄ‚ĖÄ‚ĖĎ‚ĖĎ‚Ėí                                               ‚Ėí‚Ėď‚Ėď‚ĖÄ‚ĖÄ‚Ėą‚Ėą‚ĖĄ‚ĖĄ       
     ‚ĖĄ‚Ėą‚Ėą‚ĖÄ      ‚ĖĎ                                               ‚ĖĎ‚Ėí‚Ėí‚Ėď‚Ėď‚Ėí‚Ėí‚ĖÄ‚Ėą‚Ėą‚ĖĄ     
    ‚Ėą‚Ėą‚Ėą‚ĖĆ NOTES                                                  ‚ĖĎ‚ĖĎ‚Ėí‚Ėí‚ĖĎ‚ĖĎ‚ĖĎ‚Ėź‚Ėą‚Ėą‚Ėą    
    ‚Ėą‚Ėą‚Ėą‚Ėą‚ĖĄ                                                         ‚ĖĎ‚ĖĎ  ‚ĖĄ‚Ėą‚Ėą‚Ėą‚Ėą    
    ‚Ėď‚ĖÄ‚Ėą‚Ėą‚Ėą‚Ėą‚Ėą‚ĖĄ                                                       ‚ĖĄ‚Ėą‚Ėą‚Ėą‚Ėą‚Ėą‚ĖÄ‚Ėď    
    ‚Ėí‚Ėď‚Ėď‚ĖĄ‚ĖÄ‚ĖÄ‚Ėď‚Ėą‚Ėą‚ĖĄ                                                   ‚ĖĄ‚Ėą‚Ėą‚Ėď‚ĖÄ‚ĖÄ‚ĖĄ‚Ėď‚Ėď‚Ėí    
    ‚ĖĎ‚Ėí‚Ėí‚Ėą‚Ėą‚Ėą‚ĖĄ ‚ĖÄ‚Ėą‚ĖĆ                                                 ‚Ėź‚Ėą‚ĖÄ ‚ĖĄ‚Ėą‚Ėą‚Ėą‚Ėí‚Ėí‚ĖĎ    
     ‚ĖĎ‚ĖĎ‚Ėą‚Ėą‚Ėą‚Ėą ‚ĖĄ‚ĖÄ‚Ėď                                                 ‚Ėď‚ĖÄ‚ĖĄ ‚Ėą‚Ėą‚Ėą‚Ėą‚ĖĎ‚ĖĎ     
       ‚Ėą‚Ėą‚Ėą‚Ėą‚ĖÄ‚Ėď‚Ėď‚Ėí                                                 ‚Ėí‚Ėď‚Ėď‚ĖÄ‚Ėą‚Ėą‚Ėą‚Ėą       
       ‚Ėą‚Ėą‚ĖĄ‚Ėą‚Ėď‚Ėí‚Ėí‚ĖĎ   We are searching for:                         ‚ĖĎ‚Ėí‚Ėí‚Ėď‚Ėą‚ĖĄ‚Ėą‚Ėą       
       ‚Ėą‚Ėą‚Ėą‚Ėą‚Ėí‚ĖĎ‚ĖĎ          -                                        ‚ĖĎ‚ĖĎ‚Ėí‚Ėą‚Ėą‚Ėą‚Ėą       
       ‚Ėą‚Ėą‚Ėą‚Ėą‚ĖĎ            -                                          ‚ĖĎ‚Ėą‚Ėą‚Ėą‚Ėą       
       ‚Ėą‚Ėą‚Ėą‚Ėą             -                                           ‚Ėą‚Ėą‚Ėą‚Ėą       
       ‚Ėą‚Ėą‚Ėą‚ĖĄ‚ĖÄ‚ĖĎ‚ĖĄ                                                   ‚ĖĄ‚ĖĎ‚ĖÄ‚ĖĄ‚Ėą‚Ėą‚Ėą       
       ‚Ėą‚Ėą‚Ėą‚Ėą‚Ėď‚Ėí‚ĖĎ‚Ėą‚ĖĆ                                               ‚Ėź‚Ėą‚ĖĎ‚Ėí‚Ėď‚Ėą‚Ėą‚Ėą‚Ėą       
       ‚Ėą‚Ėą‚ĖÄ‚ĖÄ‚ĖĄ‚ĖĄ‚Ėą‚ĖÄ‚Ėď  GREETS fly out to...                         ‚Ėď‚ĖÄ‚Ėą‚ĖĄ‚ĖĄ‚ĖÄ‚ĖÄ‚Ėą‚Ėą       
       ‚ĖĄ‚ĖĄ‚Ėą‚Ėą‚ĖÄ‚ĖÄ‚Ėď‚Ėď‚Ėí                                               ‚Ėí‚Ėď‚Ėď‚ĖÄ‚ĖÄ‚Ėą‚Ėą‚ĖĄ‚ĖĄ       
     ‚ĖĄ‚Ėą‚Ėą‚ĖÄ‚Ėí‚Ėí‚Ėď‚Ėď‚Ėí‚Ėí‚ĖĎ     pikaZZo - iMMORTAL-TECHNiQUE - HS         ‚ĖĎ‚Ėí‚Ėí‚Ėď‚Ėď‚Ėí‚Ėí‚ĖÄ‚Ėą‚Ėą‚ĖĄ     
    ‚Ėą‚Ėą‚Ėą‚ĖĆ‚ĖĎ‚ĖĎ‚ĖĎ‚Ėí‚Ėí‚ĖĎ‚ĖĎ   HORRAW - NVA - AUDiENCE - GEO - FiXTv - FDL   ‚ĖĎ‚ĖĎ‚Ėí‚Ėí‚ĖĎ‚ĖĎ‚ĖĎ‚Ėź‚Ėą‚Ėą‚Ėą    
    ‚Ėą‚Ėą‚Ėą‚Ėą‚ĖĄ  ‚ĖĎ‚ĖĎ                 and all our friends!                ‚ĖĎ‚ĖĎ  ‚ĖĄ‚Ėą‚Ėą‚Ėą‚Ėą    
    ‚Ėď‚ĖÄ‚Ėą‚Ėą‚Ėą‚Ėą‚ĖĄ‚ĖĄ                                                       ‚ĖĄ‚ĖĄ‚Ėą‚Ėą‚Ėą‚Ėą‚ĖÄ‚Ėď    
    ‚Ėí‚Ėď‚Ėď‚Ėď‚ĖÄ‚ĖÄ‚Ėą‚Ėą‚Ėą‚Ėą‚ĖĄ‚ĖĄ                       ‚ĖÄ                       ‚ĖĄ‚ĖĄ‚Ėą‚Ėą‚Ėą‚Ėą‚ĖÄ‚ĖÄ‚Ėď‚Ėď‚Ėď‚Ėí    
    ‚ĖĎ‚Ėí‚Ėí‚Ėí‚Ėď‚Ėď‚Ėď‚Ėď‚Ėď‚ĖÄ‚ĖÄ‚Ėą‚Ėą‚Ėą‚ĖĄ‚ĖĄ                    ‚Ėą‚ĖĄ                 ‚ĖĄ‚ĖĄ‚Ėą‚Ėą‚Ėą‚ĖÄ‚ĖÄ‚Ėď‚Ėď‚Ėď‚Ėď‚Ėď‚Ėí‚Ėí‚Ėí‚ĖĎ    
     ‚ĖĎ‚ĖĎ‚ĖĎ‚Ėí‚Ėí‚Ėí‚Ėí‚Ėí‚Ėď‚Ėď‚Ėď‚Ėď‚ĖÄ‚ĖÄ‚Ėą‚Ėą‚ĖĄ                   ‚ĖÄ‚Ėą‚ĖĄ             ‚ĖĄ‚Ėą‚Ėą‚ĖÄ‚ĖÄ‚Ėď‚Ėď‚Ėď‚Ėď‚Ėí‚Ėí‚Ėí‚Ėí‚Ėí‚ĖĎ‚ĖĎ‚ĖĎ     
        ‚ĖĎ‚ĖĎ‚ĖĎ‚ĖĎ‚ĖĎ‚Ėí‚Ėí‚Ėí‚Ėí‚Ėď‚Ėí‚ĖĎ‚ĖÄ‚Ėą‚ĖĆ   ASCii DONE BY ‚Ėź‚ĖĆ‚ĖĎ‚Ėą‚Ėą           ‚Ėź‚Ėą‚ĖÄ‚ĖĎ‚Ėí‚Ėď‚Ėí‚Ėí‚Ėí‚Ėí‚ĖĎ‚ĖĎ‚ĖĎ‚ĖĎ‚ĖĎ        
        ‚ĖĎ    ‚ĖĎ‚ĖĎ‚ĖĎ‚ĖĎ‚Ėí‚ĖĎ ‚ĖĄ‚ĖÄ‚Ėď                 ‚Ėź‚Ėą‚ĖĄ‚Ėą‚ĖÄ           ‚Ėď‚ĖÄ‚ĖĄ ‚ĖĎ‚Ėí‚ĖĎ‚ĖĎ‚ĖĎ‚ĖĎ             
        ‚ĖĎ        ‚ĖĎ ‚ĖÄ‚Ėď‚Ėď‚Ėí              ‚ĖĄ ‚ĖĄ‚Ėź‚Ėą‚ĖÄ ikaZZo      ‚Ėí‚Ėď‚Ėď‚ĖÄ ‚ĖĎ   ‚ĖĎ 2007        
        ‚ĖĎ     HS   ‚Ėď‚Ėí‚Ėí‚ĖĎ                 ‚ĖÄ‚Ėą HiGH SOCiETY ‚ĖĎ‚Ėí‚Ėí‚Ėď     ‚ĖĎ             
                   ‚Ėí‚ĖĎ‚ĖĎ                                   ‚ĖĎ‚ĖĎ‚Ėí     ‚ĖĎ             
        ‚ĖĎ          ‚ĖĎ                                       ‚ĖĎ                   
                                                                 ‚ĖĎ
