ÔĽŅ                                                                                
‚ĖĄ‚Ėą‚Ėą‚Ėą‚Ėą‚Ėą‚Ėą‚ĖĄ                                                                        
‚Ėą‚Ėą‚Ėą‚Ėą‚Ėą‚Ėą‚Ėą‚Ėą‚ĖĄ                                     ‚Ėą‚Ėą                                
  ‚ĖĄ‚ĖĄ  ‚ĖÄ‚Ėą‚Ėą                                     ‚Ėą‚Ėą                                
  ‚Ėą‚Ėą  ‚ĖĄ‚Ėą‚Ėą ‚ĖĄ‚Ėą                                  ‚Ėą‚Ėą                       ‚ĖĄ‚Ėą       
  ‚Ėą‚Ėą ‚Ėą‚Ėą‚Ėą  ‚Ėą‚Ėą‚Ėą‚Ėą‚Ėą‚Ėą    ‚ĖĄ‚Ėą‚Ėą‚Ėą‚Ėą   ‚Ėą‚Ėą  ‚Ėą‚Ėą   ‚Ėą‚Ėą  ‚ĖĄ‚Ėą   ‚Ėą‚Ėą ‚ĖĄ‚Ėą‚ĖĄ    ‚ĖĄ‚Ėą‚Ėą‚Ėą‚Ėą   ‚ĖĄ‚Ėą‚Ėą‚Ėą‚ĖĄ  ‚Ėą‚Ėą‚Ėą‚Ėą‚Ėą‚Ėą   
  ‚Ėą‚Ėą  ‚ĖÄ‚Ėą‚Ėą  ‚Ėą  ‚Ėą‚Ėą   ‚Ėą‚Ėą  ‚Ėą‚Ėą   ‚Ėą‚Ėą  ‚Ėą‚Ėą   ‚Ėą‚Ėą‚ĖĄ‚Ėą‚Ėą‚Ėą   ‚Ėą‚Ėą ‚Ėą‚Ėą‚Ėą   ‚Ėą‚Ėą  ‚Ėą‚Ėą   ‚Ėą‚Ėą ‚Ėą‚Ėą   ‚Ėą  ‚Ėą‚Ėą   
  ‚Ėą‚Ėą   ‚Ėą‚Ėą  ‚Ėą  ‚Ėą‚Ėą   ‚Ėą‚Ėą  ‚Ėą‚Ėą   ‚Ėą‚Ėą  ‚Ėą‚Ėą   ‚Ėą‚Ėą‚Ėą‚Ėą‚Ėą‚Ėą   ‚Ėą‚Ėą  ‚Ėą‚Ėą   ‚Ėą‚Ėą  ‚Ėą‚Ėą   ‚Ėą‚Ėą‚ĖĄ‚Ėą‚Ėą   ‚Ėą  ‚Ėą‚Ėą   
  ‚Ėą‚Ėą ‚ĖĄ‚Ėą‚Ėą‚Ėą  ‚Ėą  ‚Ėą‚Ėą   ‚Ėą‚Ėą‚ĖĄ ‚Ėą‚Ėą   ‚Ėą‚Ėą‚ĖĄ ‚Ėą‚Ėą   ‚Ėą‚Ėą‚ĖÄ ‚Ėą‚Ėą   ‚Ėą‚Ėą  ‚Ėą‚ĖÄ   ‚Ėą‚Ėą‚ĖĄ ‚Ėą‚Ėą   ‚Ėą‚Ėą‚ĖĄ     ‚Ėą  ‚Ėą‚Ėą   
  ‚Ėą‚Ėą‚Ėą‚Ėą‚Ėą‚ĖÄ      ‚Ėą‚Ėą‚Ėą‚Ėą‚ĖÄ‚ĖÄ‚Ėą‚Ėą‚ĖÄ‚Ėą‚Ėą‚Ėą‚Ėą‚ĖÄ‚ĖÄ‚Ėą‚Ėą‚ĖÄ‚Ėą‚Ėą‚Ėą‚Ėą‚ĖÄ‚Ėą‚ĖÄ  ‚Ėą‚Ėą‚Ėą‚Ėą‚ĖÄ‚ĖÄ‚Ėą‚Ėą‚Ėą‚Ėą‚Ėą‚Ėą‚Ėą‚ĖÄ‚Ėą‚Ėą‚Ėą‚ĖÄ‚Ėą‚Ėą‚Ėą‚Ėą‚ĖÄ‚ĖÄ‚Ėą‚Ėą‚Ėą‚Ėą‚Ėą‚Ėą‚ĖÄ   ‚Ėą‚Ėą‚Ėą‚Ėą‚ĖÄ
                                                                                
                                                                                
                                          ‚ĖĄ‚ĖĄ                                    
                                         ‚Ėą‚Ėą‚Ėą‚Ėą                                   
                                        ‚Ėą‚Ėą‚Ėą‚Ėą‚Ėą‚Ėą‚Ėą                                 
                                        ‚Ėą‚Ėą‚Ėą‚Ėą‚Ėą‚Ėą‚Ėą‚Ėą                                
                                        ‚Ėą‚Ėą‚Ėą‚Ėą‚ĖÄ ‚ĖÄ‚Ėą‚Ėą‚Ėą‚Ėą‚Ėą‚Ėą‚Ėą‚Ėą‚Ėą‚Ėą‚Ėą‚Ėą‚Ėą‚Ėą                   
                                       ‚Ėą‚Ėą‚Ėą‚Ėą‚ĖÄ   ‚Ėą‚Ėą‚Ėą‚Ėą‚Ėą‚Ėą‚Ėą‚Ėą‚Ėą‚Ėą‚Ėą‚Ėą‚Ėą‚Ėą‚Ėą‚Ėą                 
                                       ‚Ėą‚Ėą‚Ėą‚Ėą     ‚Ėą‚Ėą‚Ėą‚Ėą‚ĖÄ       ‚ĖÄ‚Ėą‚Ėą‚Ėą‚Ėą               
                                      ‚Ėą‚Ėą‚Ėą‚Ėą‚Ėą                   ‚ĖÄ‚Ėą‚Ėą‚Ėą              
                                    ‚ĖĄ‚Ėą‚Ėą‚Ėą‚Ėą‚Ėą‚ĖÄ                    ‚ĖÄ‚Ėą‚Ėą‚Ėą             
                                   ‚Ėą‚Ėą‚Ėą‚Ėą‚Ėą‚ĖÄ                        ‚Ėą‚Ėą             
                                 ‚ĖĄ‚Ėą‚Ėą‚Ėą‚Ėą‚ĖÄ                           ‚Ėą‚Ėą            
                              ‚ĖĄ‚Ėą‚Ėą‚Ėą‚Ėą‚Ėą‚ĖÄ      ‚ĖĄ‚Ėą‚Ėą               ‚ĖĄ     ‚Ėą            
                            ‚ĖĄ‚Ėą‚Ėą‚Ėą‚Ėą‚Ėą‚ĖÄ       ‚Ėą‚Ėą‚Ėą                ‚Ėą‚Ėą‚Ėą                
                          ‚ĖĄ‚Ėą‚Ėą‚Ėą‚Ėą‚Ėą‚Ėą       ‚ĖĄ‚Ėą‚Ėą        ‚ĖĄ          ‚Ėą‚Ėą‚Ėą     ‚ĖĄ‚Ėą‚Ėą‚ĖĄ      
                         ‚Ėą‚Ėą‚Ėą‚Ėą‚Ėą‚Ėą‚Ėą      ‚ĖĄ‚Ėą‚Ėą‚Ėą         ‚Ėą‚ĖĄ                 ‚Ėą‚Ėą‚Ėą‚Ėą‚Ėą‚ĖĄ    
                           ‚Ėą‚Ėą‚Ėą‚Ėą      ‚Ėą‚Ėą‚Ėą‚Ėą           ‚Ėą‚ĖĄ                ‚Ėą‚Ėą‚Ėą‚Ėą‚Ėą‚Ėą‚Ėą   
                          ‚Ėą‚Ėą‚Ėą‚Ėą      ‚Ėą‚Ėą‚Ėą‚Ėą            ‚Ėą‚Ėą‚ĖĄ                 ‚ĖÄ‚Ėą‚Ėą‚Ėą‚Ėą   
                         ‚Ėą‚Ėą‚Ėą‚Ėą‚ĖÄ     ‚Ėą‚Ėą‚Ėą‚Ėą              ‚Ėą‚Ėą‚Ėą‚ĖĄ                 ‚Ėą‚Ėą‚Ėą   
                        ‚Ėą‚Ėą‚Ėą‚Ėą      ‚Ėą‚Ėą‚Ėą‚Ėą                ‚Ėą‚Ėą‚Ėą‚Ėą                      
                       ‚ĖĄ‚Ėą‚Ėą‚Ėą‚ĖÄ     ‚Ėą‚Ėą‚Ėą‚Ėą‚Ėą                 ‚Ėą‚Ėą‚Ėą          ‚ĖĄ‚Ėą‚Ėą     ‚Ėą   
                       ‚Ėą‚Ėą‚Ėą‚Ėą     ‚Ėą‚Ėą‚Ėą‚Ėą‚Ėą                  ‚Ėą‚Ėą‚Ėą        ‚ĖĄ‚Ėą‚Ėą‚Ėą‚Ėą‚Ėą‚Ėą  ‚Ėą‚Ėą   
                      ‚Ėą‚Ėą‚Ėą‚Ėą     ‚Ėą‚Ėą‚Ėą‚Ėą‚Ėą‚Ėą                  ‚Ėą‚Ėą‚Ėą      ‚ĖĄ‚Ėą‚Ėą‚Ėą‚Ėą‚Ėą‚Ėą‚Ėą‚Ėą‚Ėą‚Ėą‚Ėą‚Ėą   
                     ‚ĖĄ‚Ėą‚Ėą‚Ėą      ‚Ėą‚Ėą‚Ėą‚Ėą‚Ėą                    ‚Ėą‚Ėą     ‚ĖĄ‚Ėą‚Ėą‚Ėą‚Ėą‚Ėą‚Ėą  ‚Ėą‚Ėą‚Ėą‚Ėą    
                     ‚Ėą‚Ėą‚Ėą‚ĖÄ        ‚Ėą‚Ėą‚Ėą                    ‚Ėą‚Ėą    ‚ĖĄ‚Ėą‚Ėą‚Ėą  ‚Ėą‚Ėą  ‚Ėą‚Ėą      
                    ‚Ėą‚Ėą‚Ėą‚Ėą         ‚Ėą‚Ėą‚Ėą                    ‚Ėą‚Ėą    ‚Ėą‚Ėą    ‚Ėą‚ĖÄ  ‚Ėą‚Ėą      
                   ‚ĖĄ‚Ėą‚Ėą‚Ėą          ‚Ėą‚Ėą‚Ėą       ‚Ėą            ‚Ėą‚Ėą    ‚Ėą     ‚ĖÄ   ‚Ėą‚ĖÄ      
                   ‚Ėą‚Ėą‚Ėą‚Ėą           ‚Ėą‚Ėą       ‚Ėą            ‚Ėą‚Ėą           ‚ĖĄ‚Ėą ‚ĖÄ       
                  ‚ĖĄ‚Ėą‚Ėą‚Ėą            ‚Ėą‚Ėą       ‚Ėą             ‚Ėą         ‚ĖĄ‚Ėą‚Ėą          
                  ‚Ėą‚Ėą‚Ėą‚ĖÄ            ‚Ėą‚Ėą       ‚Ėą‚Ėą            ‚Ėą  ‚Ėą     ‚Ėą‚Ėą‚Ėą           
                  ‚Ėą‚Ėą‚Ėą             ‚Ėą‚Ėą       ‚Ėą‚Ėą            ‚Ėą  ‚Ėą     ‚Ėą‚Ėą            
                  ‚Ėą‚Ėą              ‚Ėą‚Ėą       ‚Ėą‚Ėą‚Ėą‚ĖĄ             ‚Ėą     ‚Ėą‚Ėą            
         ‚Ėą‚Ėą       ‚Ėą‚Ėą              ‚Ėą‚Ėą       ‚ĖÄ‚Ėą‚Ėą‚Ėą‚Ėą‚ĖĄ           ‚Ėą      ‚Ėą            
       ‚Ėą‚Ėą‚Ėą        ‚Ėą                ‚Ėą        ‚ĖÄ‚Ėą‚Ėą‚Ėą‚Ėą‚Ėą‚ĖĄ         ‚Ėą      ‚Ėą            
      ‚Ėą‚Ėą‚Ėą                          ‚Ėą         ‚ĖÄ‚Ėą‚Ėą‚Ėą‚Ėą‚Ėą‚Ėą‚Ėą‚Ėą‚Ėą‚ĖĄ‚ĖĄ‚ĖĄ‚Ėą‚Ėą‚Ėą ‚ĖĄ                 
     ‚Ėą‚Ėą‚Ėą                                       ‚Ėą‚Ėą‚Ėą‚Ėą‚Ėą‚Ėą‚Ėą‚Ėą‚Ėą‚Ėą‚Ėą‚Ėą‚Ėą‚Ėą‚ĖĄ‚Ėą   ‚ĖĄ             
    ‚Ėą‚Ėą‚Ėą                                 ‚ĖĄ‚ĖĄ‚Ėą‚Ėą‚Ėą        ‚ĖÄ‚Ėą‚Ėą‚Ėą‚Ėą‚Ėą‚Ėą‚Ėą‚Ėą‚Ėą  ‚ĖĄ‚Ėą             
   ‚Ėą‚Ėą‚Ėą                                ‚ĖĄ‚Ėą‚Ėą‚Ėą‚Ėą‚Ėą‚Ėą‚Ėą         ‚Ėą‚Ėą‚ĖÄ‚ĖÄ‚ĖÄ‚Ėą‚Ėą   ‚Ėą‚Ėą             
   ‚Ėą‚Ėą‚Ėą                               ‚Ėą‚Ėą‚Ėą‚Ėą‚Ėą‚Ėą‚Ėą‚Ėą          ‚Ėą    ‚Ėą‚Ėą‚Ėą                 
   ‚Ėą‚Ėą                               ‚Ėą‚Ėą‚Ėą‚Ėą‚Ėą‚Ėą‚Ėą‚Ėą‚Ėą               ‚Ėą‚Ėą‚Ėą‚Ėą‚ĖĄ‚Ėą‚Ėą             
  ‚Ėą‚Ėą‚Ėą                              ‚Ėą‚Ėą‚Ėą‚ĖÄ  ‚ĖÄ‚Ėą‚Ėą              ‚Ėą  ‚Ėą‚Ėą‚Ėą‚Ėą‚Ėą‚ĖÄ             
  ‚Ėą‚Ėą‚Ėą             ‚Ėą‚Ėą              ‚Ėą‚Ėą‚Ėą‚Ėą     ‚Ėą             ‚Ėą‚Ėą   ‚Ėą‚Ėą‚Ėą‚Ėą              
  ‚Ėą‚Ėą‚Ėą             ‚Ėą‚Ėą‚Ėą‚Ėą           ‚ĖĄ‚Ėą‚Ėą‚Ėą                    ‚Ėą‚Ėą‚Ėą                    
  ‚Ėą‚Ėą‚Ėą             ‚Ėą‚Ėą‚Ėą‚Ėą‚Ėą          ‚Ėą‚Ėą‚Ėą                    ‚Ėą‚Ėą‚Ėą‚Ėą                    
  ‚Ėą‚Ėą‚Ėą             ‚Ėą‚Ėą‚Ėą‚Ėą‚Ėą‚Ėą         ‚ĖÄ‚Ėą                    ‚Ėą‚Ėą‚Ėą‚Ėą‚Ėą                    
  ‚Ėą‚Ėą‚Ėą                ‚Ėą‚Ėą‚Ėą‚Ėą                                ‚Ėą‚Ėą‚Ėą                    
  ‚Ėą‚Ėą‚Ėą                  ‚Ėą‚Ėą                                 ‚Ėą‚Ėą                    
  ‚Ėą‚Ėą‚Ėą            ‚Ėą‚Ėą‚Ėą‚Ėą   ‚Ėą                                 ‚Ėą‚Ėą‚Ėą                   
  ‚Ėą‚Ėą‚Ėą           ‚Ėą‚Ėą‚Ėą‚Ėą‚Ėą‚ĖĄ                                     ‚Ėą‚Ėą                   
   ‚Ėą‚Ėą‚Ėą         ‚Ėą‚Ėą‚Ėą‚Ėą‚Ėą‚Ėą‚Ėą‚Ėą‚ĖĄ                                    ‚Ėą‚Ėą                  
   ‚Ėą‚Ėą‚Ėą‚Ėą        ‚Ėą‚Ėą‚Ėą  ‚ĖÄ‚Ėą‚Ėą‚Ėą                                    ‚Ėą‚Ėą                  
   ‚Ėą‚Ėą‚Ėą‚Ėą       ‚Ėą‚Ėą‚Ėą‚Ėą‚ĖĄ                                 ‚Ėą       ‚ĖÄ‚Ėą                  
    ‚Ėą‚Ėą‚Ėą‚Ėą     ‚Ėą‚Ėą‚Ėą‚Ėą‚Ėą‚Ėą‚Ėą‚ĖĄ                              ‚Ėą‚Ėą‚Ėą       ‚Ėą                  
    ‚ĖÄ‚Ėą‚Ėą‚Ėą‚Ėą‚Ėą‚Ėą‚Ėą‚Ėą‚Ėą‚Ėą‚Ėą‚ĖÄ‚ĖÄ‚Ėą‚Ėą‚Ėą‚Ėą‚ĖĄ                            ‚Ėą ‚Ėą       ‚Ėą‚Ėą                 
     ‚Ėą‚Ėą‚Ėą‚Ėą‚Ėą‚Ėą‚Ėą‚Ėą‚Ėą‚Ėą‚Ėą‚ĖĄ                                  ‚Ėą ‚Ėą‚Ėą       ‚Ėą                 
      ‚Ėą‚Ėą‚Ėą‚Ėą‚Ėą‚Ėą‚Ėą‚Ėą‚Ėą‚Ėą‚Ėą‚Ėą‚ĖĄ                                ‚Ėą  ‚Ėą‚Ėą                        
       ‚ĖÄ‚Ėą‚Ėą‚Ėą‚Ėą‚Ėą‚Ėą‚Ėą‚Ėą‚Ėą‚Ėą‚Ėą‚Ėą‚ĖĄ                              ‚Ėą   ‚Ėą                        
         ‚ĖÄ‚ĖÄ‚Ėą‚Ėą‚Ėą‚Ėą‚Ėą‚ĖĄ                                  ‚Ėą   ‚Ėą‚Ėą                       
             ‚ĖÄ‚Ėą‚Ėą‚Ėą‚Ėą‚ĖĄ                                ‚Ėą    ‚Ėą                       
                                                   ‚Ėą    ‚Ėą‚Ėą                      
                                                   ‚Ėą     ‚Ėą‚Ėą                     
                                                   ‚Ėą      ‚Ėą‚Ėą                    
                                                   ‚Ėą       ‚Ėą‚Ėą‚Ėą                  
             ‚Ėą                     ‚Ėą               ‚Ėą         ‚Ėą‚Ėą                 
            ‚Ėą‚Ėą                    ‚Ėą‚Ėą              ‚Ėą‚Ėą          ‚Ėą                 
           ‚Ėą‚Ėą‚Ėą                    ‚Ėą‚Ėą‚Ėą             ‚Ėą           ‚Ėą                 
          ‚Ėą‚Ėą ‚Ėą                    ‚Ėą ‚Ėą             ‚Ėą           ‚Ėą                 
          ‚Ėą  ‚Ėą                    ‚Ėą ‚Ėą‚Ėą            ‚Ėą           ‚Ėą                 
        ‚Ėą‚Ėą‚Ėą  ‚Ėą                   ‚Ėą‚Ėą  ‚Ėą‚Ėą           ‚Ėą           ‚Ėą                 
       ‚Ėą‚Ėą    ‚Ėą                   ‚Ėą    ‚Ėą‚Ėą          ‚Ėą           ‚Ėą                 
     ‚Ėą‚Ėą‚Ėą     ‚Ėą‚ĖĄ                  ‚Ėą     ‚Ėą          ‚Ėą‚Ėą          ‚Ėą                 
     ‚Ėą ‚Ėą      ‚Ėą                  ‚Ėą     ‚Ėą           ‚Ėą          ‚Ėą‚ĖĄ                
     ‚Ėą ‚Ėą      ‚Ėą‚ĖĄ                ‚Ėą‚Ėą     ‚Ėą‚Ėą          ‚Ėą           ‚Ėą                
     ‚Ėą ‚Ėą       ‚Ėą               ‚Ėą‚Ėą       ‚Ėą          ‚Ėą           ‚Ėą                
   ‚Ėą‚Ėą‚Ėą ‚Ėą       ‚Ėą               ‚Ėą        ‚Ėą‚Ėą         ‚Ėą           ‚Ėą‚Ėą               
   ‚Ėą   ‚Ėą       ‚Ėą               ‚Ėą         ‚Ėą         ‚Ėą            ‚Ėą‚Ėą              
   ‚Ėą‚Ėą‚Ėą ‚Ėą       ‚Ėą       ‚Ėą       ‚Ėą         ‚Ėą‚ĖĄ        ‚Ėą‚Ėą            ‚Ėą              
     ‚Ėą ‚Ėą       ‚Ėą      ‚Ėą‚Ėą       ‚Ėą          ‚Ėą         ‚Ėą            ‚Ėą‚Ėą             
   ‚Ėą‚Ėą‚Ėą ‚Ėą       ‚Ėą      ‚Ėą‚Ėą‚Ėą      ‚Ėą‚Ėą         ‚Ėą         ‚Ėą             ‚Ėą             
   ‚Ėą   ‚Ėą       ‚Ėą      ‚Ėą ‚Ėą‚Ėą      ‚Ėą         ‚Ėą         ‚Ėą             ‚Ėą             
   ‚Ėą‚Ėą‚Ėą ‚Ėą       ‚Ėą      ‚Ėą  ‚Ėą‚Ėą     ‚Ėą‚Ėą        ‚Ėą         ‚Ėą             ‚Ėą     ‚Ėą‚Ėą      
     ‚Ėą ‚Ėą       ‚Ėą‚Ėą     ‚Ėą   ‚Ėą‚Ėą     ‚Ėą        ‚Ėą‚Ėą       ‚Ėą‚Ėą             ‚Ėą     ‚Ėą‚Ėą‚Ėą     
  ‚Ėą‚Ėą‚Ėą‚Ėą ‚Ėą        ‚Ėą     ‚Ėą    ‚Ėą     ‚Ėą         ‚Ėą       ‚Ėą              ‚Ėą    ‚Ėą‚Ėą ‚Ėą     
  ‚Ėą    ‚Ėą        ‚Ėą     ‚Ėą    ‚Ėą‚Ėą    ‚Ėą         ‚Ėą‚Ėą     ‚Ėą‚Ėą              ‚Ėą‚Ėą   ‚Ėą‚Ėą ‚Ėą     
  ‚Ėą‚Ėą‚Ėą‚Ėą ‚Ėą        ‚Ėą     ‚Ėą     ‚Ėą    ‚Ėą          ‚Ėą     ‚Ėą                ‚Ėą‚Ėą ‚Ėą‚Ėą‚Ėą ‚Ėą     
     ‚Ėą ‚Ėą        ‚Ėą‚Ėą    ‚Ėą     ‚Ėą‚Ėą   ‚Ėą          ‚Ėą    ‚Ėą‚Ėą                 ‚Ėą ‚Ėą ‚Ėą ‚Ėą     
 ‚Ėą‚Ėą‚Ėą‚Ėą‚Ėą ‚Ėą         ‚Ėą    ‚Ėą      ‚Ėą   ‚Ėą          ‚Ėą‚ĖĄ   ‚Ėą                  ‚Ėą‚Ėą‚Ėą ‚Ėą ‚Ėą‚Ėą‚Ėą   
 ‚Ėą     ‚Ėą         ‚Ėą   ‚Ėą‚Ėą      ‚Ėą‚Ėą ‚Ėą‚Ėą           ‚Ėą  ‚Ėą‚Ėą                   ‚Ėą  ‚Ėą   ‚Ėą   
‚Ėą‚Ėą‚Ėą‚Ėą‚Ėą‚Ėą ‚Ėą         ‚Ėą  ‚ĖĄ‚Ėą        ‚Ėą‚Ėą‚Ėą            ‚Ėą‚Ėą‚ĖĄ‚Ėą                    ‚Ėą  ‚Ėą ‚Ėą‚Ėą‚Ėą   
‚Ėą ‚Ėą‚Ėą‚Ėą‚Ėą ‚Ėą         ‚Ėą‚Ėą ‚Ėą          ‚Ėą              ‚Ėą‚Ėą                        ‚Ėą ‚Ėą     
‚Ėą ‚Ėą‚Ėą‚Ėą‚Ėą ‚Ėą          ‚Ėą ‚Ėą                         ‚Ėą                         ‚Ėą ‚Ėą‚Ėą‚Ėą‚Ėą‚Ėą‚Ėą
‚Ėą      ‚Ėą          ‚Ėą‚Ėą‚Ėą                                                   ‚Ėą      ‚Ėą
‚Ėą ‚Ėą‚Ėą‚Ėą‚Ėą ‚Ėą           ‚Ėą                                                    ‚Ėą ‚Ėą‚Ėą‚Ėą‚Ėą ‚Ėą
‚Ėą ‚Ėą‚Ėą‚Ėą‚Ėą ‚Ėą                                                                ‚Ėą ‚Ėą‚Ėą‚Ėą‚Ėą ‚Ėą
‚Ėą ‚Ėą‚Ėą‚Ėą‚Ėą ‚Ėą                                                  ‚Ėą             ‚Ėą ‚Ėą‚Ėą‚Ėą‚Ėą ‚Ėą
‚Ėą      ‚Ėą                                                 ‚ĖĄ‚Ėą             ‚Ėą      ‚Ėą
‚Ėą ‚Ėą‚Ėą‚Ėą‚Ėą ‚Ėą ‚Ėą‚Ėą      ‚ĖĄ‚Ėą                  ‚Ėą‚ĖĄ                  ‚Ėą‚Ėą       ‚Ėą‚ĖĄ    ‚Ėą ‚Ėą‚Ėą‚Ėą‚Ėą ‚Ėą
‚Ėą ‚Ėą‚Ėą‚Ėą‚Ėą ‚Ėą ‚Ėą‚Ėą‚Ėą‚Ėą‚Ėą‚ĖĄ  ‚Ėą‚Ėą‚Ėą‚Ėą‚Ėą‚Ėą  ‚ĖĄ‚Ėą‚Ėą‚Ėą‚ĖĄ      ‚Ėą‚Ėą‚Ėą‚ĖĄ  ‚ĖĄ‚Ėą‚Ėą‚Ėą‚ĖĄ  ‚Ėą‚Ėą  ‚ĖĄ‚Ėą ‚Ėą‚Ėą‚Ėą‚Ėą‚ĖÄ    ‚Ėą‚Ėą‚Ėą‚ĖĄ   ‚Ėą ‚Ėą‚Ėą‚Ėą‚Ėą ‚Ėą
‚Ėą ‚Ėą‚Ėą‚Ėą‚Ėą ‚Ėą ‚Ėą‚Ėą ‚ĖÄ‚Ėą‚Ėą   ‚Ėą  ‚Ėą‚Ėą  ‚Ėą‚Ėą ‚Ėą‚Ėą     ‚ĖĄ‚Ėą ‚Ėą‚Ėą  ‚Ėą‚Ėą ‚Ėą‚Ėą  ‚Ėą‚Ėą‚ĖĄ‚Ėą‚Ėą‚Ėą  ‚Ėą‚Ėą     ‚ĖĄ‚Ėą ‚Ėą‚Ėą   ‚Ėą ‚Ėą‚Ėą‚Ėą‚Ėą ‚Ėą
‚Ėą      ‚Ėą ‚Ėą‚Ėą  ‚Ėą‚Ėą   ‚Ėą  ‚Ėą‚Ėą  ‚Ėą‚Ėą‚ĖĄ‚Ėą‚Ėą     ‚Ėą ‚ĖĄ‚Ėą‚Ėą  ‚Ėą‚Ėą‚ĖĄ‚Ėą‚Ėą  ‚Ėą‚Ėą‚Ėą‚Ėą‚Ėą‚Ėą  ‚Ėą‚Ėą     ‚Ėą ‚ĖĄ‚Ėą‚Ėą   ‚Ėą      ‚Ėą
‚Ėą ‚Ėą‚Ėą‚Ėą‚Ėą ‚Ėą ‚Ėą‚Ėą ‚ĖĄ‚Ėą‚ĖÄ   ‚Ėą  ‚Ėą‚Ėą  ‚Ėą‚Ėą‚ĖĄ    ‚ĖĄ‚ĖĄ‚ĖĄ  ‚Ėą‚Ėą‚ĖÄ  ‚Ėą‚Ėą‚ĖĄ    ‚Ėą‚Ėą‚ĖÄ ‚Ėą‚Ėą  ‚Ėą‚Ėą  ‚ĖĄ‚ĖĄ‚ĖĄ  ‚Ėą‚Ėą‚ĖÄ   ‚Ėą ‚Ėą‚Ėą‚Ėą‚Ėą ‚Ėą
‚Ėą ‚Ėą‚Ėą‚Ėą‚Ėą ‚Ėą ‚Ėą‚Ėą ‚Ėą‚Ėą‚Ėą‚Ėą‚Ėą‚ĖÄ   ‚Ėą‚Ėą‚Ėą‚ĖÄ‚ĖÄ‚Ėą‚Ėą‚Ėą‚Ėą‚Ėą‚ĖÄ‚ĖÄ‚Ėą‚Ėą‚Ėą‚Ėą‚Ėą‚Ėą‚Ėą‚Ėą‚ĖÄ‚ĖÄ‚Ėą‚Ėą‚Ėą‚Ėą‚Ėą‚ĖÄ‚Ėą‚ĖÄ  ‚Ėą‚Ėą‚Ėą‚ĖÄ‚Ėą‚Ėą‚Ėą‚ĖÄ‚ĖÄ‚Ėą‚Ėą‚Ėą‚Ėą‚Ėą‚Ėą‚Ėą‚Ėą‚ĖÄ ‚Ėą ‚Ėą‚Ėą‚Ėą‚Ėą ‚Ėą
‚Ėą ‚Ėą‚Ėą‚Ėą‚Ėą ‚Ėą ‚Ėą‚Ėą                                                             ‚Ėą ‚Ėą‚Ėą‚Ėą‚Ėą ‚Ėą
‚Ėą      ‚Ėą ‚Ėą‚Ėą                                                             ‚Ėą      ‚Ėą
‚Ėą ‚Ėą‚Ėą‚Ėą‚Ėą ‚Ėą ‚Ėą‚Ėą                                                             ‚Ėą ‚Ėą‚Ėą‚Ėą‚Ėą ‚Ėą
‚Ėą ‚Ėą‚Ėą‚Ėą‚Ėą ‚Ėą                                                                ‚Ėą ‚Ėą‚Ėą‚Ėą‚Ėą ‚Ėą
‚Ėą ‚Ėą‚Ėą‚Ėą‚Ėą ‚Ėą                                                                ‚Ėą ‚Ėą‚Ėą‚Ėą‚Ėą ‚Ėą
‚Ėą      ‚Ėą                    Kill.The.Boss.EXTENDED.2011.                ‚Ėą      ‚Ėą
‚Ėą ‚Ėą‚Ėą‚Ėą‚Ėą ‚Ėą                German.DL.PAL.HD2DVD.DVDR-Braunbaer             ‚Ėą ‚Ėą‚Ėą‚Ėą‚Ėą ‚Ėą
‚Ėą ‚Ėą‚Ėą‚Ėą‚Ėą ‚Ėą                                                                ‚Ėą ‚Ėą  ‚Ėą‚Ėą‚Ėą
‚Ėą ‚Ėą‚Ėą‚Ėą‚Ėą ‚Ėą‚Ėą‚Ėď‚Ėí‚ĖĎ‚ĖĎ‚Ėí‚Ėď‚Ėą‚Ėą‚Ėď‚Ėí‚ĖĎ‚ĖĎ‚Ėí‚Ėď‚Ėą‚Ėą‚Ėď‚Ėí‚ĖĎ‚ĖĎ‚Ėí‚Ėď‚Ėą‚Ėą‚Ėď‚Ėí‚ĖĎ‚ĖĎ‚Ėí‚Ėď‚Ėą‚Ėą‚Ėď‚Ėí‚ĖĎ‚ĖĎ‚Ėí‚Ėď‚Ėą‚Ėą‚Ėď‚Ėí‚ĖĎ‚ĖĎ‚Ėí‚Ėď‚Ėą‚Ėą‚Ėď‚Ėí‚ĖĎ‚ĖĎ‚Ėí‚Ėď‚Ėą‚Ėą‚Ėď‚Ėí‚ĖĎ‚ĖĎ‚Ėí‚Ėď‚Ėą‚Ėą ‚Ėą     
‚Ėą      ‚Ėą                                                                ‚Ėą ‚Ėą     
‚Ėą ‚Ėą‚Ėą‚Ėą‚Ėą ‚Ėą        ‚ĖĄ‚Ėą‚Ėą‚Ėą‚Ėą‚Ėą‚Ėą‚ĖĄ                                                ‚Ėą‚Ėą‚Ėą     
‚Ėą ‚Ėą‚Ėą‚Ėą‚Ėą ‚Ėą        ‚Ėą‚Ėą‚Ėą‚Ėą‚Ėą‚Ėą‚Ėą‚Ėą‚ĖĄ          ‚Ėą              ‚Ėą‚Ėą                    ‚Ėą       
‚Ėą ‚Ėą‚Ėą‚Ėą‚Ėą ‚Ėą          ‚ĖĄ‚ĖĄ  ‚ĖÄ‚Ėą‚Ėą‚ĖĄ        ‚ĖĄ‚Ėą          ‚Ėą‚Ėą  ‚Ėą‚Ėą                  ‚Ėą‚Ėą‚Ėą       
‚Ėą      ‚Ėą          ‚Ėą‚Ėą   ‚ĖÄ‚Ėą‚Ėą        ‚Ėą‚Ėą              ‚Ėą‚Ėą       ‚Ėą‚ĖĄ        ‚Ėą‚Ėą         
‚Ėą ‚Ėą‚Ėą‚Ėą‚Ėą ‚Ėą          ‚Ėą‚Ėą    ‚Ėą‚Ėą ‚ĖĄ‚Ėą‚Ėą‚Ėą‚ĖĄ ‚Ėą‚Ėą‚Ėą‚Ėą‚ĖÄ ‚ĖĄ‚Ėą‚Ėą‚Ėą‚Ėą  ‚Ėą‚Ėą  ‚Ėą‚Ėą      ‚Ėą‚Ėą‚Ėą‚ĖĄ       ‚Ėą          
‚Ėą ‚Ėą‚Ėą‚Ėą‚Ėą ‚Ėą          ‚Ėą‚Ėą    ‚Ėą‚Ėą ‚Ėą‚Ėą ‚Ėą‚Ėą  ‚Ėą‚Ėą  ‚Ėą‚Ėą  ‚Ėą‚Ėą  ‚Ėą‚Ėą  ‚Ėą‚Ėą     ‚ĖĄ‚Ėą ‚Ėą‚Ėą      ‚ĖĄ‚Ėą          
‚Ėą ‚Ėą‚Ėą‚Ėą‚Ėą ‚Ėą          ‚Ėą‚Ėą   ‚Ėą‚Ėą‚Ėą ‚Ėą‚Ėą‚ĖĄ‚Ėą‚Ėą  ‚Ėą‚Ėą  ‚Ėą‚Ėą  ‚Ėą‚Ėą  ‚Ėą‚Ėą  ‚Ėą‚Ėą     ‚Ėą ‚ĖĄ‚Ėą‚Ėą    ‚ĖĄ‚Ėą‚Ėą           
‚Ėą      ‚Ėą          ‚Ėą‚Ėą ‚ĖĄ‚Ėą‚Ėą‚Ėą  ‚Ėą‚Ėą‚ĖĄ    ‚Ėą‚Ėą  ‚Ėą‚Ėą‚ĖĄ ‚Ėą‚Ėą  ‚Ėą‚Ėą  ‚Ėą‚Ėą  ‚ĖĄ‚ĖĄ‚ĖĄ  ‚Ėą‚Ėą‚ĖÄ    ‚Ėą             
‚Ėą ‚Ėą‚Ėą‚Ėą‚Ėą ‚Ėą          ‚Ėą‚Ėą‚Ėą‚Ėą‚Ėą‚ĖÄ   ‚ĖÄ‚Ėą‚Ėą‚Ėą‚Ėą‚Ėą‚ĖÄ‚Ėą‚Ėą‚Ėą‚ĖÄ‚ĖÄ‚Ėą‚Ėą‚ĖÄ‚Ėą‚Ėą‚Ėą‚ĖÄ‚ĖÄ‚Ėą‚Ėą‚ĖÄ‚ĖÄ‚Ėą‚Ėą‚ĖÄ‚ĖÄ‚Ėą‚Ėą‚Ėą‚Ėą‚Ėą‚Ėą‚Ėą‚Ėą‚ĖÄ ‚Ėą‚Ėą‚Ėą‚Ėą           
‚Ėą ‚Ėą‚Ėą‚Ėą‚Ėą ‚Ėą                                                            ‚Ėą‚Ėą‚Ėą         
‚Ėą ‚Ėą‚Ėą‚Ėą‚Ėą ‚Ėą Erscheinungsdatum: 2011                                      ‚Ėą‚Ėą‚Ėą       
‚Ėą      ‚Ėą Datei............: Vob                                         ‚Ėą‚Ėą      
‚Ėą ‚Ėą‚Ėą‚Ėą‚Ėą ‚Ėą Type(DVD5/DVD9)..: DVD5                                        ‚Ėą‚Ėą‚Ėą     
‚Ėą ‚Ėą‚Ėą‚Ėą‚Ėą ‚Ėą Genre............: Komoedie | Krimi                            ‚Ėą ‚Ėą     
‚Ėą ‚Ėą‚Ėą‚Ėą‚Ėą ‚Ėą Bitrate..........: 5133 Kbps                                   ‚Ėą ‚Ėą‚Ėą‚Ėą‚Ėą  
‚Ėą      ‚Ėą Videoaufloesung..: 720 x 576                                   ‚Ėą    ‚Ėą  
‚Ėą ‚Ėą‚Ėą‚Ėą‚Ėą ‚Ėą Audioformat......: DD  5.1 @ 448 Kbps - DE                     ‚Ėą ‚Ėą‚Ėą‚Ėą‚Ėą‚Ėą‚Ėą
‚Ėą ‚Ėą‚Ėą‚Ėą‚Ėą ‚Ėą                    DD  5.1 @ 448 Kbps - EN                     ‚Ėą ‚Ėą‚Ėą‚Ėą‚Ėą ‚Ėą
‚Ėą ‚Ėą‚Ėą‚Ėą‚Ėą ‚Ėą                                                                ‚Ėą ‚Ėą‚Ėą‚Ėą‚Ėą ‚Ėą
‚Ėą      ‚Ėą Source...........: DVDR-RWP(THX) + BD Remux                    ‚Ėą      ‚Ėą
‚Ėą ‚Ėą‚Ėą‚Ėą‚Ėą ‚Ėą AspectRatio......: 16:9                                        ‚Ėą ‚Ėą‚Ėą‚Ėą‚Ėą ‚Ėą
‚Ėą ‚Ėą‚Ėą‚Ėą‚Ėą ‚Ėą PAL od. NTSC.....: PAL                                         ‚Ėą ‚Ėą‚Ėą‚Ėą‚Ėą ‚Ėą
‚Ėą ‚Ėą‚Ėą‚Ėą‚Ėą ‚Ėą Untertitel.......: JA \ DE, EN                                 ‚Ėą ‚Ėą‚Ėą‚Ėą‚Ėą ‚Ėą
‚Ėą      ‚Ėą Erstellungstool..: CCE, PGCedit,VobBlanker etc...              ‚Ėą      ‚Ėą
‚Ėą ‚Ėą‚Ėą‚Ėą‚Ėą ‚Ėą Menues und Extras: Ja\Nein                                     ‚Ėą ‚Ėą‚Ėą‚Ėą‚Ėą ‚Ėą
‚Ėą ‚Ėą‚Ėą‚Ėą‚Ėą ‚Ėą Laufzeit.........: 101min                                      ‚Ėą ‚Ėą‚Ėą‚Ėą‚Ėą ‚Ėą
‚Ėą‚Ėą‚Ėą‚Ėą‚Ėą‚Ėą ‚Ėą Releasedatum.....: 11.01.2012                                  ‚Ėą ‚Ėą‚Ėą‚Ėą‚Ėą ‚Ėą
  ‚Ėą    ‚Ėą                                                                ‚Ėą      ‚Ėą
  ‚Ėą‚Ėą‚Ėą‚Ėą ‚Ėą Imdb Link..: http://www.imdb.com/title/tt1499658               ‚Ėą ‚Ėą‚Ėą‚Ėą‚Ėą ‚Ėą
     ‚Ėą ‚Ėą HD2DVD-Blog: http://hd2dvd-releases.blogspot.com               ‚Ėą ‚Ėą‚Ėą‚Ėą‚Ėą ‚Ėą
     ‚Ėą ‚Ėą                                                                ‚Ėą ‚Ėą‚Ėą‚Ėą‚Ėą ‚Ėą
     ‚Ėą‚Ėą‚Ėą Screens....: http://screenshotcomparison.com/comparison/101797 ‚Ėą      ‚Ėą
      ‚Ėą‚Ėą                                                                ‚Ėą ‚Ėą‚Ėą‚Ėą‚Ėą ‚Ėą
      ‚Ėą‚Ėą‚Ėą‚Ėď‚Ėí‚ĖĎ‚ĖĎ‚Ėí‚Ėď‚Ėą‚Ėą‚Ėď‚Ėí‚ĖĎ‚ĖĎ‚Ėí‚Ėď‚Ėą‚Ėą‚Ėď‚Ėí‚ĖĎ‚ĖĎ‚Ėí‚Ėď‚Ėą‚Ėą‚Ėď‚Ėí‚ĖĎ‚ĖĎ‚Ėí‚Ėď‚Ėą‚Ėą‚Ėď‚Ėí‚ĖĎ‚ĖĎ‚Ėí‚Ėď‚Ėą‚Ėą‚Ėď‚Ėí‚ĖĎ‚ĖĎ‚Ėí‚Ėď‚Ėą‚Ėą‚Ėď‚Ėí‚ĖĎ‚ĖĎ‚Ėí‚Ėď‚Ėą‚Ėą‚Ėď‚Ėí‚ĖĎ‚ĖĎ‚Ėí‚Ėď‚Ėą‚Ėą ‚Ėą‚Ėą‚Ėą‚Ėą ‚Ėą
      ‚Ėą‚Ėą                                                                ‚Ėą ‚Ėą‚Ėą‚Ėą‚Ėą ‚Ėą
       ‚Ėą                  ‚ĖĄ‚Ėą‚Ėą‚Ėą‚Ėą‚Ėą‚Ėą‚Ėą‚ĖĄ                                     ‚Ėą      ‚Ėą
       ‚Ėą‚Ėą‚Ėą‚Ėą               ‚Ėą‚Ėą‚Ėą‚Ėą‚Ėą‚Ėą‚Ėą‚Ėą‚Ėą‚ĖĄ ‚Ėą‚Ėą           ‚Ėą                     ‚Ėą ‚Ėą‚Ėą‚Ėą‚Ėą ‚Ėą
          ‚Ėą‚Ėą‚Ėą‚ĖĄ               ‚ĖĄ‚ĖĄ  ‚ĖÄ‚Ėą‚Ėą ‚Ėą‚Ėą          ‚ĖĄ‚Ėą                     ‚Ėą ‚Ėą‚Ėą‚Ėą‚Ėą ‚Ėą
             ‚Ėą‚Ėą‚Ėą             ‚Ėą‚Ėą  ‚ĖĄ‚Ėą‚Ėą ‚Ėą‚Ėą          ‚Ėą‚Ėą                     ‚Ėą ‚Ėą‚Ėą‚Ėą‚Ėą ‚Ėą
               ‚Ėą‚Ėą‚Ėą           ‚Ėą‚Ėą ‚Ėą‚Ėą‚Ėą  ‚Ėą‚Ėą  ‚ĖĄ‚Ėą‚Ėą‚Ėą‚Ėą‚Ėą‚Ėą‚Ėą‚Ėą‚Ėą‚Ėą‚ĖÄ                   ‚Ėą      ‚Ėą
                 ‚Ėą‚ĖĄ          ‚Ėą‚Ėą      ‚Ėą‚Ėą  ‚Ėą‚Ėą  ‚Ėą‚Ėą  ‚Ėą‚Ėą                     ‚Ėą ‚Ėą‚Ėą‚Ėą‚Ėą ‚Ėą
                  ‚Ėą‚Ėą‚Ėą        ‚Ėą‚Ėą      ‚Ėą‚Ėą  ‚Ėą‚Ėą  ‚Ėą‚Ėą  ‚Ėą‚Ėą                     ‚Ėą ‚Ėą‚Ėą‚Ėą‚Ėą ‚Ėą
                    ‚Ėą‚Ėą       ‚Ėą‚Ėą      ‚Ėą‚Ėą  ‚Ėą‚Ėą  ‚Ėą‚Ėą  ‚Ėą‚Ėą                     ‚Ėą ‚Ėą‚Ėą‚Ėą‚Ėą ‚Ėą
                     ‚Ėą‚Ėą      ‚Ėą‚Ėą      ‚ĖÄ‚Ėą‚Ėą‚ĖÄ‚ĖÄ‚Ėą‚Ėą‚Ėą‚Ėą‚ĖÄ  ‚ĖÄ‚Ėą‚Ėą‚Ėą‚ĖÄ                  ‚Ėą      ‚Ėą
                ‚Ėą‚Ėą‚Ėą‚Ėą‚Ėą‚Ėą                                                  ‚Ėą ‚Ėą‚Ėą‚Ėą‚Ėą ‚Ėą
             ‚Ėą‚Ėą‚Ėą‚Ėą                                                       ‚Ėą ‚Ėą‚Ėą‚Ėą‚Ėą ‚Ėą
         ‚Ėą‚Ėą‚Ėą‚Ėą‚Ėą                                                          ‚Ėą ‚Ėą‚Ėą‚Ėą‚Ėą ‚Ėą
     ‚Ėą‚Ėą‚Ėą‚Ėą‚Ėą                                                              ‚Ėą      ‚Ėą
‚Ėą‚Ėą‚Ėą  ‚Ėą ‚Ėą                                                                ‚Ėą ‚Ėą‚Ėą‚Ėą‚Ėą ‚Ėą
‚Ėą ‚Ėą  ‚Ėą ‚Ėą  Der brave Bueroangestellte Nick wird von seinem sadistischen  ‚Ėą ‚Ėą‚Ėą‚Ėą‚Ėą ‚Ėą 
‚Ėą ‚Ėą‚Ėą‚Ėą‚Ėą ‚Ėą  Boss unterdrueckt, der schwaechliche Zahnarztassistenten Dale ‚Ėą ‚Ėą‚Ėą‚Ėą‚Ėą ‚Ėą 
‚Ėą      ‚Ėą  von einer sexuell aggressiven Zahnaerztin traktiert, und der  ‚Ėą      ‚Ėą 
‚Ėą ‚Ėą‚Ėą‚Ėą‚Ėą ‚Ėą  selbstsichere Chemiefirmenmanager Kurt leidet unter seinem    ‚Ėą ‚Ėą‚Ėą‚Ėą‚Ėą ‚Ėą 
‚Ėą ‚Ėą‚Ėą‚Ėą‚Ėą ‚Ėą  kokssuechtigen Chef Bobby. Als das Mass voll ist, beschlies-  ‚Ėą ‚Ėą‚Ėą‚Ėą‚Ėą ‚Ėą 
‚Ėą ‚Ėą‚Ėą‚Ėą‚Ėą ‚Ėą  sen die drei langjaehrigen Freunde, fuereinander ihre jeweil- ‚Ėą ‚Ėą‚Ėą‚Ėą‚Ėą ‚Ėą 
‚Ėą      ‚Ėą  igen Peiniger permanent aus dem Weg zu schaffen. Der mutmass- ‚Ėą      ‚Ėą 
‚Ėą ‚Ėą‚Ėą‚Ėą‚Ėą ‚Ėą  liche Killer Motherfucker Jones soll den Job f‚ĀŅer sie erledi- ‚Ėą ‚Ėą‚Ėą‚Ėą‚Ėą ‚Ėą 
‚Ėą ‚Ėą‚Ėą‚Ėą‚Ėą ‚Ėą  gen, doch sein Einsatz laesst zu wuenschen uebrig.            ‚Ėą ‚Ėą‚Ėą‚Ėą‚Ėą ‚Ėą
‚Ėą ‚Ėą‚Ėą‚Ėą‚Ėą ‚Ėą                                                                ‚Ėą ‚Ėą‚Ėą‚Ėą‚Ėą ‚Ėą
‚Ėą      ‚Ėą                                                                ‚Ėą      ‚Ėą
‚Ėą ‚Ėą‚Ėą‚Ėą‚Ėą ‚Ėą‚Ėą‚Ėď‚Ėí‚ĖĎ‚ĖĎ‚Ėí‚Ėď‚Ėą‚Ėą‚Ėď‚Ėí‚ĖĎ‚ĖĎ‚Ėí‚Ėď‚Ėą‚Ėą‚Ėď‚Ėí‚ĖĎ‚ĖĎ‚Ėí‚Ėď‚Ėą‚Ėą‚Ėď‚Ėí‚ĖĎ‚ĖĎ‚Ėí‚Ėď‚Ėą‚Ėą‚Ėď‚Ėí‚ĖĎ‚ĖĎ‚Ėí‚Ėď‚Ėą‚Ėą‚Ėď‚Ėí‚ĖĎ‚ĖĎ‚Ėí‚Ėď‚Ėą‚Ėą‚Ėď‚Ėí‚ĖĎ‚ĖĎ‚Ėí‚Ėď‚Ėą‚Ėą‚Ėď‚Ėí‚ĖĎ‚ĖĎ‚Ėí‚Ėď‚Ėą‚Ėą ‚Ėą‚Ėą‚Ėą‚Ėą ‚Ėą
‚Ėą ‚Ėą‚Ėą‚Ėą‚Ėą ‚Ėą                                                                ‚Ėą ‚Ėą‚Ėą‚Ėą‚Ėą ‚Ėą
‚Ėą ‚Ėą‚Ėą‚Ėą‚Ėą ‚Ėą             ‚Ėą‚Ėą     ‚Ėą‚Ėą‚Ėą‚ĖĄ                                        ‚Ėą ‚Ėą‚Ėą‚Ėą‚Ėą ‚Ėą
‚Ėą      ‚Ėą             ‚Ėą‚Ėą‚Ėą    ‚Ėą‚Ėą‚Ėą‚ĖÄ        ‚Ėą                               ‚Ėą      ‚Ėą
‚Ėą ‚Ėą‚Ėą‚Ėą‚Ėą ‚Ėą             ‚Ėą‚Ėą‚Ėą‚Ėą   ‚Ėą‚Ėą         ‚ĖĄ‚Ėą                               ‚Ėą ‚Ėą‚Ėą‚Ėą‚Ėą ‚Ėą
‚Ėą ‚Ėą‚Ėą‚Ėą‚Ėą ‚Ėą             ‚Ėą‚Ėą‚Ėą‚Ėą‚Ėą  ‚Ėą‚Ėą         ‚Ėą‚Ėą              ‚Ėą‚ĖĄ               ‚Ėą ‚Ėą‚Ėą‚Ėą‚Ėą ‚Ėą
‚Ėą ‚Ėą‚Ėą‚Ėą‚Ėą ‚Ėą             ‚Ėą‚Ėą ‚Ėą‚Ėą‚Ėą ‚Ėą‚Ėą ‚ĖĄ‚Ėą‚Ėą‚Ėą‚Ėą‚Ėą‚Ėą‚Ėą‚Ėą‚Ėą‚Ėą‚ĖÄ‚ĖĄ‚Ėą‚Ėą‚Ėą‚ĖĄ      ‚Ėą‚Ėą‚Ėą‚ĖĄ              ‚Ėą ‚Ėą‚Ėą‚Ėą‚Ėą ‚Ėą
‚Ėą      ‚Ėą             ‚Ėą‚Ėą  ‚Ėą‚Ėą‚Ėą‚Ėą‚Ėą ‚Ėą‚Ėą  ‚Ėą‚Ėą  ‚Ėą‚Ėą  ‚Ėą‚Ėą ‚Ėą‚Ėą     ‚ĖĄ‚Ėą ‚Ėą‚Ėą              ‚Ėą      ‚Ėą
‚Ėą ‚Ėą‚Ėą‚Ėą‚Ėą ‚Ėą             ‚Ėą‚Ėą   ‚Ėą‚Ėą‚Ėą‚Ėą ‚Ėą‚Ėą  ‚Ėą‚Ėą  ‚Ėą‚Ėą  ‚Ėą‚Ėą‚ĖĄ‚Ėą‚Ėą     ‚Ėą ‚ĖĄ‚Ėą‚Ėą              ‚Ėą ‚Ėą‚Ėą‚Ėą‚Ėą ‚Ėą
‚Ėą ‚Ėą‚Ėą‚Ėą‚Ėą ‚Ėą        ‚ĖĄ‚ĖĄ‚ĖĄ  ‚Ėą‚Ėą    ‚Ėą‚Ėą‚Ėą ‚Ėą‚Ėą  ‚Ėą‚Ėą  ‚Ėą‚Ėą  ‚Ėą‚Ėą‚ĖĄ    ‚ĖĄ‚ĖĄ‚ĖĄ  ‚Ėą‚Ėą‚ĖÄ              ‚Ėą ‚Ėą‚Ėą‚Ėą‚Ėą ‚Ėą
‚Ėą ‚Ėą‚Ėą‚Ėą‚Ėą ‚Ėą        ‚Ėą‚Ėą‚Ėą‚Ėą‚Ėą‚Ėą‚Ėą     ‚Ėą‚Ėą ‚ĖÄ‚Ėą‚Ėą‚Ėą‚Ėą‚ĖÄ  ‚ĖÄ‚Ėą‚Ėą‚ĖÄ‚ĖÄ‚Ėą‚Ėą‚Ėą‚Ėą‚Ėą‚ĖÄ‚ĖÄ‚Ėą‚Ėą‚Ėą‚Ėą‚Ėą‚Ėą‚Ėą‚Ėą‚Ėą‚ĖÄ           ‚Ėą ‚Ėą‚Ėą‚Ėą‚Ėą ‚Ėą
‚Ėą      ‚Ėą                                                                ‚Ėą      ‚Ėą
‚Ėą ‚Ėą‚Ėą‚Ėą‚Ėą ‚Ėą - mehr Schaerfe, saubere Raender und eine hoehre Kompression   ‚Ėą ‚Ėą‚Ėą‚Ėą‚Ėą ‚Ėą
‚Ėą ‚Ėą‚Ėą‚Ėą‚Ėą ‚Ėą - 8 Minuten laengere Fassung                                   ‚Ėą ‚Ėą‚Ėą‚Ėą‚Ėą ‚Ėą
‚Ėą ‚Ėą‚Ėą‚Ėą‚Ėą ‚Ėą - Tonspuren liegen nun in 448Kbps vor                          ‚Ėą ‚Ėą‚Ėą‚Ėą‚Ėą ‚Ėą
‚Ėą      ‚Ėą - Untertitel und Kapitel wurden angepasst                      ‚Ėą      ‚Ėą                                             
‚Ėą ‚Ėą‚Ėą‚Ėą‚Ėą ‚Ėą - Struktur der DVD wurde gecleant                              ‚Ėą ‚Ėą‚Ėą‚Ėą‚Ėą ‚Ėą
‚Ėą ‚Ėą‚Ėą‚Ėą‚Ėą ‚Ėą                                                                ‚Ėą ‚Ėą‚Ėą‚Ėą‚Ėą ‚Ėą
‚Ėą ‚Ėą‚Ėą‚Ėą‚Ėą ‚Ėą  Viel spass beim schauen...                                    ‚Ėą ‚Ėą‚Ėą‚Ėą‚Ėą ‚Ėą
‚Ėą      ‚Ėą                                                                ‚Ėą      ‚Ėą
‚Ėą ‚Ėą‚Ėą‚Ėą‚Ėą ‚Ėą‚Ėą‚Ėď‚Ėí‚ĖĎ‚ĖĎ‚Ėí‚Ėď‚Ėą‚Ėą‚Ėď‚Ėí‚ĖĎ‚ĖĎ‚Ėí‚Ėď‚Ėą‚Ėą‚Ėď‚Ėí‚ĖĎ‚ĖĎ‚Ėí‚Ėď‚Ėą‚Ėą‚Ėď‚Ėí‚ĖĎ‚ĖĎ‚Ėí‚Ėď‚Ėą‚Ėą‚Ėď‚Ėí‚ĖĎ‚ĖĎ‚Ėí‚Ėď‚Ėą‚Ėą‚Ėď‚Ėí‚ĖĎ‚ĖĎ‚Ėí‚Ėď‚Ėą‚Ėą‚Ėď‚Ėí‚ĖĎ‚ĖĎ‚Ėí‚Ėď‚Ėą‚Ėą‚Ėď‚Ėí‚ĖĎ‚ĖĎ‚Ėí‚Ėď‚Ėą‚Ėą ‚Ėą‚Ėą‚Ėą‚Ėą ‚Ėą
‚Ėą ‚Ėą‚Ėą‚Ėą‚Ėą ‚Ėą                                                                ‚Ėą ‚Ėą‚Ėą‚Ėą‚Ėą ‚Ėą
‚Ėą ‚Ėą‚Ėą‚Ėą‚Ėą ‚Ėą            ‚ĖĄ‚Ėą‚Ėą‚Ėą‚Ėą‚Ėą‚Ėą‚ĖĄ                                            ‚Ėą ‚Ėą‚Ėą‚Ėą‚Ėą ‚Ėą
‚Ėą      ‚Ėą           ‚Ėą‚Ėą‚Ėą‚ĖÄ ‚Ėą‚Ėą‚Ėą‚Ėą                                            ‚Ėą      ‚Ėą
‚Ėą ‚Ėą‚Ėą‚Ėą‚Ėą ‚Ėą          ‚Ėą‚Ėą‚ĖÄ   ‚ĖÄ‚Ėą‚Ėą‚ĖÄ                        ‚Ėą                   ‚Ėą ‚Ėą‚Ėą‚Ėą‚Ėą ‚Ėą
‚Ėą ‚Ėą‚Ėą‚Ėą‚Ėą ‚Ėą          ‚Ėą‚Ėą                               ‚ĖĄ‚Ėą                   ‚Ėą ‚Ėą‚Ėą‚Ėą‚Ėą ‚Ėą
‚Ėą ‚Ėą‚Ėą‚Ėą‚Ėą ‚Ėą          ‚Ėą‚Ėą         ‚ĖĄ‚Ėą                    ‚Ėą‚Ėą                   ‚Ėą ‚Ėą‚Ėą‚Ėą‚Ėą ‚Ėą
‚Ėą      ‚Ėą          ‚Ėą‚Ėą      ‚Ėą‚Ėą ‚Ėą‚Ėą‚Ėą‚Ėą‚Ėą‚Ėą  ‚ĖĄ‚Ėą‚Ėą‚Ėą‚ĖĄ  ‚ĖĄ‚Ėą‚Ėą‚Ėą‚ĖĄ ‚Ėą‚Ėą‚Ėą‚Ėą‚ĖÄ‚Ėą‚Ėą‚Ėą‚Ėą‚Ėą‚Ėą‚ĖÄ          ‚Ėą      ‚Ėą
‚Ėą ‚Ėą‚Ėą‚Ėą‚Ėą ‚Ėą          ‚Ėą‚Ėą      ‚Ėą‚Ėą  ‚Ėą  ‚Ėą‚Ėą  ‚Ėą‚Ėą ‚Ėą‚Ėą  ‚Ėą‚Ėą ‚Ėą‚Ėą  ‚Ėą‚Ėą     ‚Ėą‚Ėą‚ĖÄ           ‚Ėą ‚Ėą‚Ėą‚Ėą‚Ėą ‚Ėą
‚Ėą ‚Ėą‚Ėą‚Ėą‚Ėą ‚Ėą          ‚Ėą‚Ėą‚ĖĄ     ‚Ėą‚Ėą  ‚Ėą  ‚Ėą‚Ėą  ‚Ėą‚Ėą‚ĖĄ‚Ėą‚Ėą  ‚Ėą‚Ėą‚ĖĄ‚Ėą‚Ėą  ‚Ėą‚Ėą    ‚Ėą‚Ėą‚ĖÄ            ‚Ėą ‚Ėą‚Ėą‚Ėą‚Ėą ‚Ėą
‚Ėą ‚Ėą‚Ėą‚Ėą‚Ėą ‚Ėą          ‚ĖÄ‚Ėą‚Ėą‚Ėą‚ĖĄ   ‚Ėą‚Ėą  ‚Ėą  ‚Ėą‚Ėą  ‚Ėą‚Ėą‚ĖĄ    ‚Ėą‚Ėą‚ĖĄ    ‚Ėą‚Ėą   ‚Ėą‚Ėą‚ĖÄ             ‚Ėą ‚Ėą‚Ėą‚Ėą‚Ėą ‚Ėą
‚Ėą      ‚Ėą            ‚ĖÄ‚Ėą‚Ėą‚Ėą‚Ėą‚Ėą‚Ėą‚Ėą     ‚Ėą‚Ėą‚Ėą‚ĖÄ‚ĖÄ‚Ėą‚Ėą‚Ėą‚Ėą‚Ėą‚ĖÄ‚ĖÄ‚Ėą‚Ėą‚Ėą‚Ėą‚Ėą‚ĖÄ‚ĖÄ‚Ėą‚Ėą‚ĖÄ‚Ėą‚Ėą‚Ėą‚Ėą‚Ėą‚Ėą‚Ėą‚Ėą‚ĖÄ        ‚Ėą      ‚Ėą
‚Ėą ‚Ėą‚Ėą‚Ėą‚Ėą ‚Ėą                  ‚Ėą‚Ėą                                            ‚Ėą ‚Ėą‚Ėą‚Ėą‚Ėą ‚Ėą
‚Ėą ‚Ėą‚Ėą‚Ėą‚Ėą ‚Ėą                                                                ‚Ėą ‚Ėą‚Ėą‚Ėą‚Ėą ‚Ėą
‚Ėą ‚Ėą‚Ėą‚Ėą‚Ėą ‚Ėą                                                                ‚Ėą ‚Ėą‚Ėą‚Ėą‚Ėą ‚Ėą
‚Ėą      ‚Ėą                                                                ‚Ėą      ‚Ėą
‚Ėą ‚Ėą‚Ėą‚Ėą‚Ėą ‚Ėą        jackieninos, Xell, Wally, MrProper, JudasKiss,          ‚Ėą ‚Ėą‚Ėą‚Ėą‚Ėą ‚Ėą
‚Ėą ‚Ėą‚Ėą‚Ėą‚Ėą ‚Ėą    undertaker aka whynot, andill, poolkotzer,insanus3666,      ‚Ėą ‚Ėą‚Ėą‚Ėą‚Ėą ‚Ėą
‚Ėą ‚Ėą‚Ėą‚Ėą‚Ėą ‚Ėą     JD, Balu, COX, Alfi, beka, Vango86, ExPERT, M@N@WORK       ‚Ėą ‚Ėą‚Ėą‚Ėą‚Ėą ‚Ėą
‚Ėą      ‚Ėą                                                                ‚Ėą      ‚Ėą
‚Ėą ‚Ėą‚Ėą‚Ėą‚Ėą ‚Ėą                                       ‚ĖĄ‚Ėą                       ‚Ėą ‚Ėą‚Ėą‚Ėą‚Ėą ‚Ėą
‚Ėą ‚Ėą‚Ėą‚Ėą‚Ėą ‚Ėą                                     ‚ĖĄ‚Ėą‚Ėą‚ĖÄ                       ‚Ėą ‚Ėą‚Ėą‚Ėą‚Ėą ‚Ėą
‚Ėą ‚Ėą‚Ėą‚Ėą‚Ėą ‚Ėą                                    ‚Ėą‚Ėą‚Ėą‚Ėą                        ‚Ėą ‚Ėą‚Ėą‚Ėą‚Ėą ‚Ėą
‚Ėą      ‚Ėą                                   ‚Ėą‚Ėą‚Ėą‚Ėą‚ĖÄ                        ‚Ėą      ‚Ėą
‚Ėą ‚Ėą‚Ėą‚Ėą‚Ėą ‚Ėą                                  ‚Ėą‚Ėą‚Ėą‚Ėą‚Ėą           ‚Ėą             ‚Ėą ‚Ėą‚Ėą‚Ėą‚Ėą ‚Ėą
‚Ėą ‚Ėą‚Ėą‚Ėą‚Ėą ‚Ėą                                 ‚Ėą‚Ėą‚Ėą‚Ėą‚Ėą‚Ėą           ‚Ėą             ‚Ėą ‚Ėą‚Ėą‚Ėą‚Ėą ‚Ėą
‚Ėą ‚Ėą‚Ėą‚Ėą‚Ėą ‚Ėą                         ‚ĖĄ‚Ėą‚Ėą‚Ėą    ‚ĖÄ‚Ėą‚Ėą‚Ėą‚Ėą‚Ėą          ‚Ėą‚Ėą             ‚Ėą ‚Ėą‚Ėą‚Ėą‚Ėą ‚Ėą
‚Ėą      ‚Ėą                       ‚ĖĄ‚Ėą‚Ėą‚Ėą‚Ėą       ‚ĖÄ‚Ėą‚Ėą           ‚Ėą‚Ėą             ‚Ėą      ‚Ėą
‚Ėą ‚Ėą‚Ėą‚Ėą‚Ėą ‚Ėą                      ‚Ėą‚Ėą‚Ėą‚Ėą‚Ėą    ‚ĖĄ‚Ėą‚Ėą‚ĖĄ             ‚Ėą‚Ėą‚Ėą             ‚Ėą ‚Ėą‚Ėą‚Ėą‚Ėą ‚Ėą
‚Ėą ‚Ėą‚Ėą‚Ėą‚Ėą ‚Ėą                     ‚Ėą‚Ėą‚Ėą‚Ėą‚Ėą    ‚Ėą‚Ėą‚Ėą‚Ėą‚Ėą‚Ėą           ‚Ėą‚Ėą‚Ėą‚Ėą             ‚Ėą ‚Ėą‚Ėą‚Ėą‚Ėą ‚Ėą
‚Ėą ‚Ėą‚Ėą‚Ėą‚Ėą ‚Ėą                    ‚ĖĄ‚Ėą‚Ėą‚Ėą‚Ėą‚Ėą  ‚Ėą‚Ėą‚Ėą‚Ėą‚Ėą‚Ėą‚Ėą‚Ėą‚Ėą         ‚Ėą‚Ėą‚Ėą‚Ėą‚Ėą             ‚Ėą ‚Ėą‚Ėą‚Ėą‚Ėą ‚Ėą
‚Ėą      ‚Ėą                    ‚Ėą‚Ėą‚Ėą‚Ėą‚Ėą  ‚Ėą‚Ėą‚Ėą‚Ėą‚Ėą‚Ėą‚Ėą‚Ėą‚Ėą‚Ėą         ‚Ėą‚Ėą‚Ėą‚Ėą‚Ėą             ‚Ėą      ‚Ėą
‚Ėą ‚Ėą‚Ėą‚Ėą‚Ėą ‚Ėą                     ‚Ėą‚Ėą‚Ėą‚Ėą ‚Ėą‚Ėą‚Ėą‚Ėą‚Ėą‚Ėą‚Ėą‚Ėą‚Ėą‚Ėą‚Ėą         ‚Ėą‚Ėą‚Ėą‚Ėą              ‚Ėą ‚Ėą‚Ėą‚Ėą‚Ėą ‚Ėą
‚Ėą ‚Ėą‚Ėą‚Ėą‚Ėą ‚Ėą                         ‚Ėą‚Ėą‚Ėą‚Ėą‚Ėą‚Ėą‚Ėą‚Ėą‚Ėą‚Ėą‚Ėą‚Ėą      ‚ĖĄ‚Ėą‚Ėą‚Ėą‚Ėą‚Ėą‚Ėą              ‚Ėą ‚Ėą‚Ėą‚Ėą‚Ėą ‚Ėą
‚Ėą ‚Ėą‚Ėą‚Ėą‚Ėą ‚Ėą                  ‚Ėą‚Ėą‚Ėą‚ĖĄ   ‚Ėą‚Ėą‚Ėą‚Ėą‚Ėą‚Ėą‚Ėą‚Ėą‚Ėą‚Ėą‚Ėą‚Ėą     ‚Ėą‚Ėą‚Ėą‚Ėą‚Ėą‚Ėą‚Ėą               ‚Ėą ‚Ėą‚Ėą‚Ėą‚Ėą ‚Ėą
‚Ėą      ‚Ėą                 ‚Ėą‚Ėą‚Ėą‚Ėą‚Ėą‚ĖĄ  ‚Ėą‚Ėą‚Ėą‚Ėą‚Ėą‚Ėą‚Ėą‚Ėą‚Ėą‚Ėą‚Ėą‚Ėą   ‚ĖĄ‚Ėą‚Ėą‚Ėą‚Ėą‚Ėą‚Ėą‚Ėą                ‚Ėą      ‚Ėą
‚Ėą ‚Ėą‚Ėą‚Ėą‚Ėą ‚Ėą               ‚ĖĄ‚Ėą‚Ėą‚Ėą‚Ėą‚Ėą‚Ėą‚Ėą ‚Ėą‚Ėą‚Ėą‚Ėą‚Ėą‚Ėą‚Ėą‚Ėą‚Ėą‚Ėą‚Ėą‚Ėą    ‚Ėą‚Ėą‚Ėą‚Ėą‚Ėą‚Ėą‚Ėą‚Ėą                ‚Ėą ‚Ėą‚Ėą‚Ėą‚Ėą ‚Ėą
‚Ėą ‚Ėą‚Ėą‚Ėą‚Ėą ‚Ėą              ‚ĖĄ‚Ėą‚Ėą‚Ėą‚Ėą‚Ėą‚Ėą‚Ėą‚Ėą ‚Ėą‚Ėą‚Ėą‚Ėą‚Ėą‚Ėą‚Ėą‚Ėą‚Ėą‚Ėą‚Ėą‚Ėą   ‚Ėą‚Ėą‚Ėą‚Ėą‚Ėą‚Ėą‚Ėą‚Ėą‚Ėą                ‚Ėą ‚Ėą‚Ėą‚Ėą‚Ėą ‚Ėą
‚Ėą ‚Ėą‚Ėą‚Ėą‚Ėą ‚Ėą              ‚Ėą‚Ėą‚Ėą‚Ėą‚Ėą‚Ėą‚Ėą‚Ėą‚Ėą ‚Ėą‚Ėą‚Ėą‚Ėą‚Ėą‚Ėą‚Ėą‚Ėą‚Ėą‚Ėą‚Ėą‚Ėą  ‚Ėą‚Ėą‚Ėą‚Ėą‚Ėą‚Ėą‚Ėą‚Ėą‚Ėą‚Ėą                ‚Ėą ‚Ėą‚Ėą‚Ėą‚Ėą ‚Ėą
‚Ėą      ‚Ėą             ‚Ėą‚Ėą‚Ėą‚Ėą‚Ėą‚Ėą‚Ėą‚Ėą‚Ėą‚Ėą ‚Ėą‚Ėą‚Ėą‚Ėą‚Ėą‚Ėą‚Ėą‚Ėą‚Ėą‚Ėą‚Ėą  ‚Ėą‚Ėą‚Ėą‚Ėą‚Ėą‚Ėą‚Ėą‚Ėą‚Ėą‚Ėą‚Ėą                ‚Ėą      ‚Ėą
‚Ėą ‚Ėą‚Ėą‚Ėą‚Ėą ‚Ėą            ‚Ėą‚Ėą‚Ėą‚Ėą‚Ėą‚Ėą‚Ėą‚Ėą‚Ėą‚Ėą‚Ėą ‚Ėą‚Ėą‚Ėą‚Ėą‚Ėą‚Ėą‚Ėą‚Ėą‚Ėą‚Ėą‚Ėą ‚Ėą‚Ėą‚Ėą‚Ėą‚Ėą‚Ėą‚Ėą‚Ėą‚Ėą‚Ėą‚Ėą‚Ėą                ‚Ėą ‚Ėą‚Ėą‚Ėą‚Ėą ‚Ėą
‚Ėą ‚Ėą‚Ėą‚Ėą‚Ėą ‚Ėą           ‚Ėą‚Ėą‚Ėą‚Ėą‚Ėą‚Ėą‚Ėą‚Ėą‚Ėą‚Ėą‚Ėą‚Ėą ‚Ėą‚Ėą‚Ėą‚Ėą‚Ėą‚Ėą‚Ėą‚Ėą‚Ėą‚Ėą‚Ėą‚Ėą‚Ėą‚Ėą‚Ėą‚Ėą‚Ėą‚Ėą‚Ėą‚Ėą‚Ėą‚Ėą‚Ėą‚Ėą                ‚Ėą ‚Ėą‚Ėą‚Ėą‚Ėą ‚Ėą
‚Ėą ‚Ėą‚Ėą‚Ėą‚Ėą ‚Ėą           ‚Ėą‚Ėą‚Ėą‚Ėą‚Ėą‚Ėą‚Ėą‚Ėą‚Ėą‚Ėą‚Ėą‚Ėą ‚Ėą‚Ėą‚Ėą‚Ėą‚Ėą‚Ėą‚Ėą‚Ėą‚Ėą‚Ėą‚Ėą‚Ėą‚Ėą‚Ėą‚Ėą‚Ėą‚Ėą‚Ėą‚Ėą‚Ėą‚Ėą‚Ėą‚Ėą      ‚Ėą          ‚Ėą ‚Ėą‚Ėą‚Ėą‚Ėą ‚Ėą
‚Ėą      ‚Ėą          ‚Ėą‚Ėą‚Ėą‚Ėą‚Ėą‚Ėą‚Ėą‚Ėą‚Ėą‚Ėą‚Ėą‚Ėą   ‚Ėą‚Ėą‚Ėą‚Ėą‚Ėą‚Ėą‚Ėą‚Ėą‚Ėą‚Ėą‚Ėą‚Ėą‚Ėą‚Ėą‚Ėą‚Ėą‚Ėą‚Ėą‚Ėą‚Ėą‚Ėą‚Ėą     ‚Ėą‚Ėą          ‚Ėą      ‚Ėą
‚Ėą ‚Ėą‚Ėą‚Ėą‚Ėą ‚Ėą          ‚Ėą‚Ėą‚Ėą‚Ėą‚Ėą‚Ėą‚Ėą‚Ėą‚Ėą‚Ėą‚Ėą‚Ėą    ‚Ėą‚Ėą‚Ėą‚Ėą‚Ėą‚Ėą‚Ėą‚Ėą‚Ėą‚Ėą‚Ėą‚Ėą‚Ėą‚Ėą‚Ėą‚Ėą‚Ėą‚Ėą‚Ėą‚Ėą‚Ėą    ‚Ėą‚Ėą‚Ėą          ‚Ėą ‚Ėą‚Ėą‚Ėą‚Ėą ‚Ėą
‚Ėą ‚Ėą‚Ėą‚Ėą‚Ėą ‚Ėą          ‚Ėą‚Ėą‚Ėą‚Ėą‚Ėą‚Ėą‚Ėą‚Ėą‚Ėą‚Ėą‚Ėą‚Ėą     ‚Ėą‚Ėą‚Ėą‚Ėą  ‚Ėą‚Ėą‚Ėą‚Ėą‚Ėą‚Ėą‚Ėą‚Ėą‚Ėą‚Ėą‚Ėą‚Ėą‚Ėą‚Ėą    ‚Ėą‚Ėą‚Ėą          ‚Ėą ‚Ėą‚Ėą‚Ėą‚Ėą ‚Ėą
‚Ėą ‚Ėą‚Ėą‚Ėą‚Ėą ‚Ėą          ‚Ėą‚Ėą‚Ėą‚Ėą‚Ėą‚Ėą‚Ėą‚Ėą‚Ėą‚Ėą‚Ėą‚Ėą           ‚Ėą‚Ėą‚Ėą‚Ėą‚Ėą‚Ėą‚Ėą‚Ėą‚Ėą‚Ėą‚Ėą‚Ėą‚Ėą    ‚Ėą‚Ėą‚Ėą‚Ėą          ‚Ėą ‚Ėą‚Ėą‚Ėą‚Ėą ‚Ėą
‚Ėą      ‚Ėą          ‚Ėą‚Ėą‚Ėą‚Ėą‚Ėą‚Ėą‚Ėą‚Ėą‚Ėą‚Ėą‚Ėą‚Ėą           ‚Ėą‚Ėą‚Ėą‚Ėą‚Ėą‚Ėą‚Ėą‚Ėą‚Ėą‚Ėą‚Ėą‚Ėą‚Ėą   ‚Ėą‚Ėą‚Ėą‚Ėą‚ĖÄ          ‚Ėą      ‚Ėą
‚Ėą ‚Ėą‚Ėą‚Ėą‚Ėą ‚Ėą          ‚Ėą‚Ėą‚Ėą‚Ėą‚Ėą‚Ėą‚Ėą‚Ėą‚Ėą‚Ėą‚Ėą‚Ėą           ‚Ėą‚Ėą‚Ėą‚Ėą‚Ėą‚Ėą‚Ėą‚Ėą‚Ėą‚Ėą‚Ėą‚Ėą    ‚Ėą‚Ėą‚Ėą‚Ėą           ‚Ėą ‚Ėą‚Ėą‚Ėą‚Ėą ‚Ėą
‚Ėą ‚Ėą‚Ėą‚Ėą‚Ėą ‚Ėą          ‚Ėą‚Ėą‚Ėą‚Ėą‚Ėą‚Ėą‚Ėą‚Ėą‚Ėą‚Ėą‚Ėą‚Ėą            ‚Ėą‚Ėą‚Ėą‚Ėą‚Ėą‚Ėą‚Ėą‚Ėą‚Ėą‚Ėą     ‚ĖÄ‚Ėą‚Ėą‚Ėą           ‚Ėą ‚Ėą‚Ėą‚Ėą‚Ėą ‚Ėą
‚Ėą ‚Ėą‚Ėą‚Ėą‚Ėą ‚Ėą          ‚Ėą‚Ėą‚Ėą‚Ėą‚Ėą‚Ėą‚Ėą‚Ėą‚Ėą‚Ėą‚Ėą‚Ėą             ‚ĖÄ‚Ėą‚Ėą‚Ėą‚Ėą‚Ėą‚Ėą‚Ėą    ‚ĖĄ  ‚Ėą‚Ėą‚Ėą           ‚Ėą ‚Ėą‚Ėą‚Ėą‚Ėą ‚Ėą
‚Ėą      ‚Ėą           ‚Ėą‚Ėą‚Ėą‚Ėą‚Ėą‚Ėą‚Ėą‚Ėą‚Ėą‚Ėą                        ‚Ėą‚Ėą‚Ėą‚Ėą‚ĖĄ ‚ĖÄ            ‚Ėą      ‚Ėą
‚Ėą ‚Ėą‚Ėą‚Ėą‚Ėą ‚Ėą            ‚Ėą‚Ėą‚Ėą‚Ėą‚Ėą‚Ėą‚Ėą‚Ėą                       ‚Ėą‚Ėą‚Ėą‚Ėą‚Ėą‚Ėą‚Ėą‚ĖĄ             ‚Ėą ‚Ėą‚Ėą‚Ėą‚Ėą ‚Ėą
‚Ėą ‚Ėą‚Ėą‚Ėą‚Ėą ‚Ėą             ‚Ėą‚Ėą‚Ėą‚Ėą‚Ėą‚Ėą     ‚Ėą‚Ėą‚Ėą‚Ėą‚Ėą            ‚Ėą‚Ėą‚Ėą‚Ėą‚Ėą‚Ėą‚Ėą‚Ėą‚Ėą‚Ėą             ‚Ėą ‚Ėą‚Ėą‚Ėą‚Ėą ‚Ėą
‚Ėą ‚Ėą‚Ėą‚Ėą‚Ėą ‚Ėą                      ‚Ėą‚Ėą‚Ėą‚Ėą‚Ėą‚Ėą‚Ėą‚Ėą         ‚Ėą‚Ėą‚Ėą‚Ėą‚Ėą‚Ėą‚Ėą‚Ėą‚Ėą‚Ėą‚Ėą‚Ėą             ‚Ėą ‚Ėą‚Ėą‚Ėą‚Ėą ‚Ėą
‚Ėą      ‚Ėą                    ‚Ėą‚Ėą‚Ėą‚Ėą‚Ėą‚Ėą‚Ėą‚Ėą‚Ėą‚Ėą‚Ėą      ‚Ėą‚Ėą‚Ėą‚Ėą‚Ėą‚Ėą‚Ėą‚Ėą‚Ėą‚Ėą‚Ėą‚Ėą‚Ėą‚Ėą             ‚Ėą      ‚Ėą
‚Ėą ‚Ėą‚Ėą‚Ėą‚Ėą ‚Ėą                  ‚Ėą‚Ėą‚Ėą‚Ėą‚Ėą‚Ėą‚Ėą‚Ėą‚Ėą‚Ėą‚Ėą‚Ėą‚Ėą      ‚Ėą‚Ėą‚Ėą‚Ėą‚Ėą‚Ėą‚Ėą‚Ėą‚Ėą‚Ėą‚Ėą‚Ėą‚Ėą‚Ėą             ‚Ėą ‚Ėą‚Ėą‚Ėą‚Ėą ‚Ėą
‚Ėą ‚Ėą‚Ėą‚Ėą‚Ėą ‚Ėą               ‚Ėą‚Ėą‚Ėą‚Ėą‚Ėą‚Ėą‚Ėą‚Ėą‚Ėą‚Ėą‚Ėą‚Ėą‚Ėą‚Ėą‚Ėą‚Ėą     ‚Ėą‚Ėą‚Ėą‚Ėą‚Ėą‚Ėą‚Ėą‚Ėą‚Ėą‚Ėą‚Ėą‚Ėą‚Ėą‚Ėą‚Ėą             ‚Ėą ‚Ėą‚Ėą‚Ėą‚Ėą ‚Ėą
‚Ėą ‚Ėą‚Ėą‚Ėą‚Ėą ‚Ėą           ‚Ėą‚Ėą‚Ėą‚Ėą‚Ėą‚Ėą‚Ėą‚Ėą‚Ėą‚Ėą‚Ėą‚Ėą‚Ėą‚Ėą‚Ėą‚Ėą‚Ėą‚Ėą‚Ėą‚Ėą‚Ėą    ‚Ėą‚Ėą‚Ėą‚Ėą‚Ėą‚Ėą‚Ėą‚Ėą‚Ėą‚Ėą‚Ėą‚Ėą‚Ėą‚Ėą‚Ėą             ‚Ėą ‚Ėą‚Ėą‚Ėą‚Ėą ‚Ėą
‚Ėą      ‚Ėą          ‚Ėą‚Ėą‚Ėą‚Ėą‚Ėą‚Ėą‚Ėą‚Ėą‚Ėą‚Ėą‚Ėą‚Ėą‚Ėą‚Ėą‚Ėą‚Ėą‚Ėą‚Ėą‚Ėą‚Ėą‚Ėą‚Ėą   ‚Ėą‚Ėą‚Ėą‚Ėą‚Ėą‚Ėą‚Ėą‚Ėą‚Ėą‚Ėą‚Ėą‚Ėą‚Ėą‚Ėą‚Ėą              ‚Ėą      ‚Ėą
‚Ėą ‚Ėą‚Ėą‚Ėą‚Ėą ‚Ėą         ‚Ėą‚Ėą‚Ėą‚Ėą‚Ėą‚Ėą‚Ėą‚Ėą‚Ėą‚Ėą‚Ėą‚Ėą‚Ėą‚Ėą‚Ėą‚Ėą‚Ėą‚Ėą‚Ėą‚Ėą‚Ėą‚Ėą‚Ėą   ‚Ėą‚Ėą‚Ėą‚Ėą‚Ėą‚Ėą‚Ėą‚Ėą‚Ėą‚Ėą‚Ėą‚Ėą‚Ėą‚Ėą‚Ėą              ‚Ėą ‚Ėą‚Ėą‚Ėą‚Ėą ‚Ėą
‚Ėą ‚Ėą‚Ėą‚Ėą‚Ėą ‚Ėą         ‚Ėą‚Ėą‚Ėą‚Ėą‚Ėą‚Ėą‚Ėą‚Ėą‚Ėą‚Ėą‚Ėą‚Ėą‚Ėą‚Ėą‚Ėą‚Ėą‚Ėą‚Ėą‚Ėą‚Ėą‚Ėą‚Ėą‚Ėą   ‚Ėą‚Ėą‚Ėą‚Ėą‚Ėą‚Ėą‚Ėą‚Ėą‚Ėą‚Ėą‚Ėą‚Ėą‚Ėą‚Ėą               ‚Ėą ‚Ėą‚Ėą‚Ėą‚Ėą ‚Ėą
‚Ėą ‚Ėą‚Ėą‚Ėą‚Ėą ‚Ėą         ‚Ėą‚Ėą‚Ėą‚Ėą‚Ėą‚ĖąNFO‚Ėąby‚ĖąSmith‚Ėą‚Ėą‚Ėą‚Ėą‚Ėą   ‚Ėą‚Ėą‚Ėą‚Ėą‚Ėą‚Ėą‚Ėą‚Ėą‚Ėą‚Ėą‚Ėą‚Ėą‚Ėą‚Ėą               ‚Ėą ‚Ėą‚Ėą‚Ėą‚Ėą ‚Ėą
‚Ėą      ‚Ėą         ‚ĖÄ‚Ėą‚Ėą‚Ėą‚Ėą‚Ėą‚Ėą‚Ėą‚Ėą‚Ėą‚Ėą‚Ėą‚Ėą‚Ėą‚Ėą‚Ėą‚Ėą‚Ėą‚Ėą‚Ėą‚Ėą‚Ėą‚Ėą    ‚Ėą‚Ėą‚Ėą‚Ėą‚Ėą‚Ėą‚Ėą‚Ėą‚Ėą‚Ėą‚Ėą‚Ėą                ‚Ėą      ‚Ėą
‚Ėą ‚Ėą‚Ėą‚Ėą‚Ėą ‚Ėą          ‚Ėą‚Ėą‚Ėą‚Ėą‚Ėą‚Ėą‚Ėą‚Ėą‚Ėą‚Ėą‚Ėą‚Ėą‚Ėą‚Ėą‚Ėą‚Ėą‚Ėą‚Ėą‚Ėą‚Ėą‚Ėą‚Ėą    ‚Ėą‚Ėą‚Ėą‚Ėą‚Ėą‚Ėą‚Ėą‚Ėą‚Ėą‚Ėą‚Ėą‚Ėą                ‚Ėą ‚Ėą‚Ėą‚Ėą‚Ėą ‚Ėą
‚Ėą ‚Ėą‚Ėą‚Ėą‚Ėą ‚Ėą           ‚ĖÄ‚Ėą‚Ėą‚Ėą‚Ėą‚Ėą‚Ėą‚Ėą‚Ėą‚Ėą‚Ėą‚Ėą‚Ėą‚Ėą‚Ėą‚Ėą‚Ėą‚Ėą‚Ėą‚Ėą‚Ėą     ‚Ėą‚Ėą‚Ėą‚Ėą‚Ėą‚Ėą‚Ėą‚Ėą‚Ėą‚Ėą                 ‚Ėą ‚Ėą‚Ėą‚Ėą‚Ėą ‚Ėą
‚Ėą‚ĖĄ‚Ėą‚Ėą‚Ėą‚Ėą ‚Ėą             ‚ĖÄ‚Ėą‚Ėą‚Ėą‚Ėą‚Ėą‚Ėą‚Ėą‚Ėą‚Ėą‚Ėą‚Ėą‚Ėą‚Ėą‚Ėą‚Ėą‚Ėą‚Ėą‚Ėą     ‚Ėą‚Ėą‚Ėą‚Ėą‚Ėą‚Ėą‚Ėą‚Ėą‚ĖÄ                  ‚Ėą ‚Ėą‚Ėą‚Ėą‚Ėą ‚Ėą
 ‚Ėą‚ĖĄ    ‚Ėą               ‚Ėą‚Ėą‚Ėą‚Ėą‚Ėą‚Ėą‚Ėą‚Ėą‚Ėą‚Ėą‚Ėą‚Ėą‚Ėą‚Ėą‚Ėą‚Ėą‚Ėą      ‚ĖÄ‚Ėą‚Ėą‚Ėą‚Ėą‚ĖÄ                 ‚ĖĄ‚Ėą‚Ėą‚Ėą      ‚Ėą
  ‚Ėą‚Ėą‚Ėą‚Ėą ‚Ėą                ‚Ėą‚Ėą‚Ėą‚Ėą‚Ėą‚Ėą‚Ėą‚Ėą‚Ėą‚Ėą‚Ėą‚Ėą‚Ėą‚Ėą‚Ėą‚Ėą                           ‚Ėą‚Ėą‚Ėą  ‚Ėą ‚Ėą‚Ėą‚Ėą‚Ėą ‚Ėą
     ‚Ėą ‚Ėą                ‚Ėą‚Ėą‚Ėą‚Ėą‚Ėą‚Ėą‚Ėą‚Ėą‚Ėą‚Ėą‚Ėą‚Ėą‚Ėą‚Ėą‚Ėą‚Ėą                          ‚Ėą‚Ėą    ‚ĖÄ‚Ėą‚Ėą  ‚Ėą ‚Ėą
   ‚Ėą‚Ėą‚Ėą ‚Ėą                 ‚Ėą‚Ėą‚Ėą‚Ėą‚Ėą‚Ėą‚Ėą‚Ėą‚Ėą‚Ėą‚Ėą‚Ėą‚Ėą‚Ėą‚Ėą                         ‚Ėą‚Ėą        ‚Ėą‚Ėą‚Ėą ‚Ėą
   ‚Ėą   ‚Ėą                 ‚ĖÄ‚Ėą‚Ėą‚Ėą‚Ėą‚Ėą‚Ėą‚Ėą‚Ėą‚Ėą‚Ėą‚Ėą‚Ėą‚Ėą‚Ėą                        ‚ĖĄ‚Ėą         ‚Ėą   ‚Ėą
   ‚Ėą‚Ėą‚Ėą ‚Ėą    ‚Ėą              ‚ĖÄ‚Ėą‚Ėą‚Ėą‚Ėą‚Ėą‚Ėą‚Ėą‚Ėą‚Ėą‚Ėą‚Ėą‚Ėą                        ‚Ėą          ‚Ėą‚Ėą‚Ėą ‚Ėą
     ‚Ėą ‚Ėą    ‚Ėą                  ‚Ėą‚Ėą‚Ėą‚Ėą‚Ėą‚Ėą‚Ėą‚Ėą‚Ėą                       ‚Ėą‚Ėą            ‚Ėą‚Ėą‚Ėą
   ‚Ėą‚Ėą‚Ėą ‚Ėą    ‚Ėą                   ‚Ėą‚Ėą‚Ėą‚Ėą‚Ėą‚Ėą‚Ėą‚Ėą                       ‚Ėą                
   ‚Ėą   ‚Ėą   ‚Ėą‚Ėą                    ‚Ėą‚Ėą‚Ėą‚Ėą‚Ėą‚Ėą            ‚Ėą‚Ėą        ‚Ėą‚Ėą‚Ėą                
   ‚Ėą‚Ėą‚Ėą ‚Ėą   ‚Ėą‚Ėą                     ‚Ėą‚Ėą‚Ėą‚Ėą             ‚Ėą‚Ėą‚Ėą      ‚Ėą‚Ėą                  
     ‚Ėą ‚Ėą   ‚Ėą‚Ėą                                     ‚Ėą‚Ėą ‚Ėą     ‚Ėą‚Ėą                   
  ‚Ėą‚Ėą‚Ėą‚Ėą ‚Ėą  ‚Ėą‚Ėą‚Ėą                                    ‚ĖĄ‚Ėą  ‚Ėą‚Ėą    ‚Ėą                    
  ‚Ėą    ‚Ėą  ‚Ėą ‚Ėą                                    ‚Ėą    ‚Ėą   ‚Ėą‚Ėą                    
  ‚Ėą‚Ėą‚Ėą‚Ėą ‚Ėą ‚Ėą‚Ėą ‚Ėą‚Ėą                                  ‚Ėą‚Ėą    ‚Ėą‚Ėą ‚ĖĄ‚Ėą                     
     ‚Ėą ‚Ėą‚ĖĄ‚Ėą   ‚Ėą                                ‚ĖĄ‚Ėą‚Ėą      ‚Ėą‚Ėą‚Ėą                      
  ‚Ėą‚Ėą‚Ėą‚Ėą ‚Ėą‚Ėą    ‚Ėą‚Ėą                              ‚Ėą‚Ėą         ‚Ėą                       
  ‚Ėą    ‚Ėą‚Ėą     ‚Ėą                ‚Ėą             ‚Ėą                                  
  ‚Ėą‚Ėą‚Ėą‚Ėą ‚Ėą‚Ėą     ‚Ėą‚Ėą              ‚Ėą‚Ėą‚Ėą           ‚Ėą‚Ėą                                  
     ‚Ėą ‚Ėą       ‚Ėą             ‚Ėą‚Ėą ‚Ėą           ‚Ėą                                   
    ‚Ėą‚Ėą‚Ėą‚Ėą       ‚Ėą             ‚Ėą  ‚Ėą‚Ėą         ‚Ėą‚Ėą                                   
    ‚Ėą ‚Ėą        ‚Ėą‚Ėą           ‚Ėą‚Ėą   ‚Ėą‚Ėą       ‚Ėą‚Ėą                                    
    ‚Ėą ‚Ėą         ‚Ėą           ‚Ėą     ‚Ėą       ‚Ėą                                     
    ‚Ėą‚Ėą‚Ėą         ‚Ėą          ‚Ėą‚Ėą     ‚Ėą‚Ėą     ‚Ėą‚Ėą                                     
    ‚Ėą‚Ėą          ‚Ėą         ‚Ėą‚Ėą       ‚Ėą     ‚Ėą                                      
     ‚Ėą          ‚Ėą        ‚Ėą‚Ėą        ‚Ėą   ‚Ėą‚Ėą‚Ėą                                      
     ‚Ėą          ‚Ėą‚Ėą      ‚Ėą‚Ėą         ‚Ėą  ‚Ėą‚Ėą                                        
                 ‚Ėą     ‚Ėą‚Ėą          ‚Ėą ‚Ėą‚Ėą                                         
                 ‚Ėą    ‚Ėą‚Ėą           ‚Ėą‚Ėą‚Ėą                                          
                 ‚Ėą‚Ėą  ‚Ėą‚Ėą             ‚Ėą                                           
                  ‚Ėą ‚ĖĄ‚Ėą              ‚Ėą                                           
                  ‚Ėą ‚Ėą                                                           
                  ‚Ėą ‚Ėą                                                           
                  ‚Ėą ‚Ėą                                                           
                  ‚Ėą ‚Ėą                                                           
                  ‚Ėą ‚Ėą                                                           
                  ‚Ėą‚Ėą‚ĖÄ                                                           
                   ‚Ėą
