                                                                               
      ▄▄   ▄                                                    ▄   ▄▄         
     ░▐█▀██▀                                                    ▀██▀█▌░        
      ▒██▀                                                        ▀██▒         
      ░▐█▌                                                        ▐█▌░         
      ░▒██▄▄                                                    ▄▄██▒░         
     ░▒▓██▀█▌                                                  ▐█▀██▓▒░        
     ░▒▓▐█▌▐▓                                                  ▓▌▐█▌▓▒░        
      ░▒▓██ █▌                                                ▐█ ██▓▒░         
      ░▒▓▐██▐█  "I BOMBED THE WORLD TRADE CENTER?? WTF!!?!?"  █▌██▌▓▒░         
       ░▒▓████▌                                              ▐████▓▒░          
       ░▒▓▐████                ▄▄█████████████▄▄             ████▌▓▒░          
        ░▒▓████▌             ▄███▓▀█▄░▓▓▓▓▀▀█████           ▐████▓▒░           
        ░▒▓▐████            ██▄▒░░░ ▀▀ ▀░░ ▀▒▒▒▀██          ████▌▓▒░           
         ░▒▓█████▄         ██▒▒░░░▓▓▓▓▒▒░░░▄▄▄▄▄▄█▌       ▄█████▓▒░            
         ░▒▓▐██████       ▄█▒▒▄ ▄  ▓▓▒▒░▄▀▀▒░░░░▀██▄     ██████▌▓▒░            
          ░▒▓████▒▐▌ ▄    ██▄▀░░░ ░ ▓ ░  ▒▒  ░░▓░▓▐█▌ ▄ ▐▌▒████▓▒░             
          ░▒▓▐██████▀    ▐██▌▄░▓▒▄▄██████████▄▄▓▓▓▒█▌  ▀██████▌▓▒░             
           ░▒▓█████▌     ▐██▓▓▀████▀▀▓     ░ ░▀█▓▒▒█▌   ▐█████▓▒░░░░ ░         
           ░▒▓▐█████      ██▓▄███▀▓░  ▄       ░▐▌▒▐█    █████▌▓▒░              
       ░ ░░░░▒▓█████▌      █████▌▓▄     ▀▀▀▀ ▄ ░███▌   ▐█████▓▒░               
    ░█▄     ░▒▓▐█████      ▐████▓░ ▀████▀ ███▌  ██▀    █████▌▓▒░     ▄█░       
  ░▒▐▓███▄▄▄ ░▒▓█████▌      █▌██░  ▀ █▀█▓▐█▀█░  ▐█    ▐█████▓▒░ ▄▄▄███▓▌▒░     
 ░▒▓█▓█████████▄██████     ▐█ ▓█▌     ▀▀░ ▀▀░   ▐▌    ██████▄█████████▓█▓▒░    
 ░▒▓▀█▓▓██████████████▌▄    ██▄█▓░       ▀▄    ░█   ▄▐██████████████▓▓█▀▓▒░    
   ░▒▓▀▀███████████████     █████▓░    ▄░▓▐▌   ▐█    ███████████████▀▀▓▒░      
     ░░░░▒▓▀▀▀█▀▓██████▌    ▐████▌░     ▀▀▀   ░█▌   ▐██████▓▀█▀▀▀              
          ░░░░▒▄██████▀█▄   ▐█████▓▌▄███████▄▌██   ▄█▀██████▄▒                 
            ░▒▓▐▌▄██████▌   ▐██████▐██▀▀▀▀▀████▌   ▐██████▄▐▌▓▒░               
             ░▒▓▀▄█████▄█    ████████▄▓████████    █▄█████▄▀▓▒░                
              ░▒▓▓▐████▓▐▌ ▄███████████████████▄  ▐▌▓████▌▓▓▒░                 
               ░▒▓███████▌█▀▓▐████████████████▌▀█▄▀███████▓▒░   ASCii          
              ░▒▓███████▌█▌▓▓░████████████████ ▓▓▀█▐███████▓▒░     pikaZZo!HS  
             ░▒▓████▀██▌█▌▓▓░░███████████████▌▒▒▓▓▐█▐██▀████▓▒░                
         ░ ░░▒▓████ ░██▐█▒▒▒▒░▌██████████████▌▒   ░█▌██░ ████▓▒░               
            ░▒▓▀█▀ ░▒█▌█▌ ▓▓▒▒ ██████████████▌ ░░░░▐█▐█▒░ ▀█▀▓▒░░░ ░           
                  ░▒▓█▐█▓▓▓▓▓ ▌▌█████████████ ▐ ░▓▓▓█▌█▓▒░                     
                  ░▒▓█▐█░░░▓░▐▌▓▐███████████▌▒▐▌▒▓▓▓▐█▐▓▒░                     
                 ░▒▓▐▌█▌░░▒░░▐▀▓▓▐█████████▀▌▒▀▌▒▒▓ ▒█▌▌▓▒░                    
                  ░▒▓▌█▌░▒▒░ █░ ▓▐▓▀████▀ ▌░▓▓▒█▓  ▒▒█▌▌▓▒░                    
  TERRORISM       ░▒▓▐█ ▒▒▒▒▒█░░ ▓▒▒▒▐▀   ░░░▓▓█▓▓░▒▒▐█▓▒░                     
         CENTER    ░▒▓█  ▓▓▒▒█░░  ▄▄▄▄▄▄▄▄▄▄▄ ▓▀ ▓░░▒▐█▓▒░                     
                   ░▒▓█▌▓▓▓░▄▄█████▀▀▀▀▀▀▀▀██████▄▄░░█▌▓▒░                     
           ▀▄      ░▒▓▀▀▄▄███▀▀          ░ ░▀████████▄▄▓▒░░                    
             ▀▄  ░▒▓▄▄█████▌░         █▄  ▄▄  ░▓▀████████▄▓▒░░                 
               ▀▄▓▄████████▓░        ▀░ ▐███▌  ░▓███████████▄▓▒░               
             ░▒▓▄▀▄▀▄▀████▓▄            ▐███▓  ▓▐█████████████▄▓▒░             
           ░▒▓▄██▀▄██▐███░▄              ▀█▌░▀ ▄████████████████▄▓▒░           
         ░▒▓▄█████▄▄▄███▀▀              ▄ ░▀  ████████████████████▄▓▒░         
        ░▒▓███████████▀▓░                ██▄▄███████████████████████▓▒░        
       ░▒▓███████████▌▄█▄▓              ▓▐███████████▀███████████████▓▒░       
      ░▒▓███████████▀ ▓▀▀▀            ▓▄▄██████▓▐███▌ ▓░██████████████▓▒░      
     ░▒▓█▌▓░ ░▓████▓░                 ▐█████▓▀  ▄▀██▓   ▐████████▀▀▀███▓▒░     
    ░▒▓█▌▓░   ░▓▀█▌▓                  ▐█████▌    ░▐█▌░▀ ▓███████▌▓░  ▀▐█▓▒░    
   ░▒▓█▌░        ░▀                    ▀███▀░   ▓ ▓██▄   ░▀█████▌▄▀  ░▓▐█▓▒░   
  ░▒▓███▄▓▄                             ▓▀░▄▄  ▀█ ▀▀█▀      ▓▀▀▀ ▐▒    ▒▐█▓▒░  
 ░▒▓██████▌                            ▄███████▄▄▓░   ▄▀     ░         ░▓▐█▓▒░ 
░▒▓▐█▀███▓                          ░▓███████████████▄▓                 ░▓█▌▓▒░
░▒▓█▌ ▓▀▀▄                       ▄  ███████████████████░▄▄            ▄  ▓▐█▓▒░
░▒▐█ ▄                           ▀ ████████████████████████▄░        ▀█▓  ▓█▌▒░
░ ██▄▄▓▄▄▄░                       ▐██████████████████████████▄         ▀ ▄░▐█▒░
░▐███████████▄▄                  ░▓███████████████████████████▌     ▄▄▄▄▄  ██▌░
░███████████████░▓    ▄▄▓        ▄▓█████████████▀▄▄▄▄▄▄▄▄▄▄▄▄▄▄▄  ▄████▀  ▓███░
░█████████████████░  ██▌▄        ░████████████▀▄████████▓█▓███▀   ██▓█░░ ▄████░
▐██████▀▄▄▄▄▀███▀▄▄▄▄ ▀    ▄▄▄▄   ██▀▄▄▄▄▀████▀▄▄▄▄  ▀█▓██▀▀  ▄   █▓██░ ▐█████▌
▐████▌▄█▓██▀█▄ ▄█▓██▀█▄  ▄█▓██▀▀▄  ▄█▓██▀▀▄▀▀▄█▓██▀▀▄ █▓██░▄▄██░░ █▓██░ ███████
█████▌█▓██░░ █▌█▓██░░ █▌ █▓██░░    █▓██░░    █▓██░░   █▓██░█▓██░  █▓██░▐███████
█████▌█▓██░ ▄█▌█▓██░ ▄█▌ █▓██░     ▀███▄▄    ▀███▄▄   █▓██░█▓██░  █▓██░▐███████
█████▌█▓█████▀ █▓█████▀  █▓███▀   ▄▄▄▄▀▀▀██ ▄▄▄▄▀▀▀██ █▓██░█▓██░  █▓██ ▐███████
█████▌█▓██▀    █▓████▄   █▓██░ ▄█  █▓██░ ▐█▌ █▓██░ ▐█▌█▓██░▐███░  █▓█▌ ████████
████▀▄███▀▄   ▄███▀ ▀██▄ ████████▌ ███████▀  ███████▀ █▓██░ ███▄ ▄███░ ████████
█████▄▄▄▄██                                since `07▄▄███▀   ▀█████▀ ██████████
▐██████████                                                         ██████████▌
▐█████████▄▀░▄                                                   ▄░▀▄█████████▌
░██████████▓▒░█▌                                               ▐█░▒▓██████████░
░████████▀▀▄▄█▀▓      Farewell - E01 - Agent der Rache -       ▓▀█▄▄▀▀████████░
░▐████▀▄▄██▀▀░▓▒          Doppelagent Wladimir Wetrow          ▒▓▓▀▀██▄▄▀████▌░
░ ██▀▄██▀     ▒░                                               ░▒▒▓▓▒▒▀██▄▀██▒░
░▒▐████▌ iNFO ░                                                 ░░▒▒░░░▐████▌▒░
░▒▓█████▄                                                         ░░  ▄█████▓▒░
░▒▓▐█▀█████▄      Release Date ......: 26.02.2009                  ▄█████▀█▌▓▒░
 ░▒▓██▄▄▀▀▓██▄    Air Date ..........: Feb.2009                  ▄██▓▀▀▄▄██▓▒░ 
  ░▒▓█████▄ ▀█▌                                                 ▐█▀ ▄█████▓▒░  
   ░▒▓█████ ▄▀▓   Runtime ...........: 53min                    ▓▀▄ █████▓▒░   
    ░▒▓████▀▓▓▒   Language ..........: German                   ▒▓▓▀████▓▒░    
     ░▒██▄█▓▒▒░                                                 ░▒▒▓█▄██▒░     
      ░████▒░░    Video .............: AVI                       ░░▒████░      
       ████░      Resolution ........: 640*352 (16:9)              ░████       
       ████       Audio .............: 128 kb/s vbr mp3             ████       
       ████       Subtitles .........: -                            ████       
       ████       Source.............: dTV                          ████       
       ████       File Size .........: 525mb                        ████       
       ████                                                         ████       
       ████                http://tinyurl.com/cf8q7o                ████
       ████                                                         ████
       ███▄▀░▄                                                   ▄░▀▄███       
       ████▓▒░█▌                                               ▐█░▒▓████       
       ██▀▀▄▄█▀▓                                               ▓▀█▄▄▀▀██       
       ▄▄██▀▀▓▓▒                                               ▒▓░▀▀██▄▄       
     ▄██▀▒▒▓▓▒▒░                                               ░▒     ▀██▄     
    ███▌░░░▒▒░░                                                 ░ PLOT ▐███    
    ████▄  ░░                                                         ▄████    
    ▓▀█████▄                                                        ▄█████▀▓   
    ▒▓▓▄▀▀▓██▄                                                   ▄██▓▀▀▄▓▓▒    
    ░▒▒███▄ ▀█▌                                                 ▐█▀ ▄███▒▒     
     ░░████ ▄▀▓                                                 ▓▀▄ ████░░     
       ████▀▓▓▒                                                 ▒▓▓▀████       
       ██▄█▓▒▒░                                                 ░▒▒▓█▄██       
       ████▒░░                                                   ░░▒████       
       ████░                                                       ░████       
       ████       Anfang  der  80er   Jahre   wurde  Franτois       ████       
       ████       Mitterrand franzoesischer  Staatspraesident       ████       
       ████       und    Ronald    Reagan    uebernahm    das       ████       
       ████       Praesidentenamt in  den  USA.  Gleichzeitig       ████       
       ████       enthuellte ein sowjetischer Doppelagent der       ████       
       ████       franzoesischen  Spionageabwehr,  dass   die       ████       
       ████       sowjetische     Wirtschaft     und     ihre       ████       
       ████       Militaerindustrie  nur  bestehen   konnten,       ████       
       ████       weil   der   KGB   westliche   Technologien       ████       
       ████       ausspionierte. Farewell:  so  der  Codename       ████       
       ████       der  Franzosen  fuer   den  Spion  Wladimir       ████       
       ████       Wetrow:  lieferte  Tausende   strategischer       ████       
       ████       Dokumente und  die  Namen  der  wichtigsten       ████       
       ████       sowjetischen Agenten, die  im Westen taetig       ████       
       ████       waren.    Die    Informationen     betrafen       ████       
       ████       Frankreich   sowie   andere    europaeische       ████       
       ████       Laender  und  vor   allem   die   USA.  Der       ████       
       ████       Zweiteiler  "Farewell"   dokumentiert   das       ████       
       ████       Leben dieses  aussergewoehnlichen  Agenten,       ████       
       ████       der den allmaechtigen  KGB geraume  Zeit an       ████       
       ████       der Nase herumfuehrte, bis er enttarnt, zum       ████       
       ████       Tode verurteilt und  durch einen Kopfschuss       ████       
       ████       getoetet wurde.  Diese  bislang  unbekannte       ████       
       ████       Geschichte  macht  das   Zusammenspiel  von       ████       
       ████       Frustration und  Berechnung,  Kleinlichkeit       ████       
       ████       und Mut, Feigheit und  Gewalt deutlich, das       ████       
       ████       einen Menschen zum Verrat  treibt. Aber sie       ████       
       ████       zeigt auch, dass  ein  einzelner  Spion den       ████       
       ████       Lauf  der  Geschichte  beschleunigen  kann,       ████       
       ████       indem seine Entscheidungen Kettenreaktionen       ████       
       ████       ausloesen, die ein ganzes System zum Wanken       ████       
       ████       bringen.  So  haette   ohne   Farewell  die       ████       
       ████       Berliner Mauer  vielleicht  ein paar  Jahre       ████       
       ████       laenger  gestanden,  und   die  Sowjetunion       ████       
       ████       haette vermutlich noch ein  paar Jahre mehr       ████       
       ████       dem    inneren    und    aeusseren    Druck       ████       
       ████       standgehalten.                                    ████       
       ████                                                         ████       
       ████                                                         ████       
       ████                                                         ████       
       ███▄▀░▄                                                   ▄░▀▄███       
       ████▓▒░█▌                                               ▐█░▒▓████       
       ██▀▀▄▄█▀▓                                               ▓▀█▄▄▀▀██       
       ▄▄██▀▀░░▒                                               ▒▓▓▀▀██▄▄       
     ▄██▀      ░                                               ░▒▒▓▓▒▒▀██▄     
    ███▌ NOTES                                                  ░░▒▒░░░▐███    
    ████▄                                                         ░░  ▄████    
    ▓▀█████▄                                                       ▄█████▀▓    
    ▒▓▓▄▀▀▓██▄                                                   ▄██▓▀▀▄▓▓▒    
    ░▒▒███▄ ▀█▌                                                 ▐█▀ ▄███▒▒░    
     ░░████ ▄▀▓                                                 ▓▀▄ ████░░     
       ████▀▓▓▒                                                 ▒▓▓▀████       
       ██▄█▓▒▒░   We are searching for:                         ░▒▒▓█▄██       
       ████▒░░          -                                        ░░▒████       
       ████░            -                                          ░████       
       ████             -                                           ████       
       ███▄▀░▄                                                   ▄░▀▄███       
       ████▓▒░█▌                                               ▐█░▒▓████       
       ██▀▀▄▄█▀▓  GREETS fly out to...                         ▓▀█▄▄▀▀██       
       ▄▄██▀▀▓▓▒                                               ▒▓▓▀▀██▄▄       
     ▄██▀▒▒▓▓▒▒░     pikaZZo - iMMORTAL-TECHNiQUE - HS         ░▒▒▓▓▒▒▀██▄     
    ███▌░░░▒▒░░   HORRAW - NVA - AUDiENCE - GEO - FiXTv - FDL   ░░▒▒░░░▐███    
    ████▄  ░░                 and all our friends!                ░░  ▄████    
    ▓▀████▄▄                                                       ▄▄████▀▓    
    ▒▓▓▓▀▀████▄▄                       ▀                       ▄▄████▀▀▓▓▓▒    
    ░▒▒▒▓▓▓▓▓▀▀███▄▄                    █▄                 ▄▄███▀▀▓▓▓▓▓▒▒▒░    
     ░░░▒▒▒▒▒▓▓▓▓▀▀██▄                   ▀█▄             ▄██▀▀▓▓▓▓▒▒▒▒▒░░░     
        ░░░░░▒▒▒▒▓▒░▀█▌   ASCii DONE BY ▐▌░██           ▐█▀░▒▓▒▒▒▒░░░░░        
        ░    ░░░░▒░ ▄▀▓                 ▐█▄█▀           ▓▀▄ ░▒░░░░             
        ░        ░ ▀▓▓▒              ▄ ▄▐█▀ ikaZZo      ▒▓▓▀ ░   ░ 2007        
        ░     HS   ▓▒▒░                 ▀█ HiGH SOCiETY ░▒▒▓     ░             
                   ▒░░                                   ░░▒     ░             
        ░          ░                                       ░                   
                                                                 ░
