                ▒▒▒       ░░░         ▒▒          ███                        ▒░
   ████▒▒  ▒▒▒▒▒▒ ▒▒▒▒  ▒▒▒▒▒▒▒░ ███▒▒▒▒▒▒▒ ░░▒▒▒█▒▒▒█░ ░░ ░░  ▒▒▒▒      █   ▒ 
  █▒▒▒▒█▒▒▒▒░░     ░░▒▒▒▒░░   ▒▒█▒▒▒█   ░░▒▒▒▒▒  █▒▒▒█▒▒▒▒▒░▒▒▒▒ ▒▒░    ██   ▒▒
 █▒▒█▀▒▒█                     ███▒▒▒█         ▒   ███     ▒▒░░░░  ▒░░   █   ▒▒▒
 █▒▒▒▒▒▒█     ▒▒▒▒▒      ▒    █  ███    ▒▒▒           ▒           ▒▒▒ █████▒▒  
  █▒▒▒▒█     ▒█████▒    ▒█             █████▒     ▒   █             ▒█▒▒▒▒▒█▒  
 ▒▒████     ▒███▒▒███▒  ▒█    ███     ███▒█▒     ▒█   █      ███    █▒▒██▀▒▒█
▒   █▒▒░   ▒██▒█▒  ▒██  ▒█    ███     ██▒        ██  ▒█      ███    █▒▒██ ▒▒█ █
   ███▒▒░   ▒▒ █▒   ▒█▒ ▒█   ▒█▒█     ██▒        ██  ██▒    ▒█▒█    █▒▒▒▒▒▒▒████
    █ ░▒▒▒     █▒    ██ ▒█   █▒▒█     ██▒        ██▒ ███    █▒▒█     █▒▒▒▒▒█  █
       ░░▒▒    █▒    ▒█ ▒█   █ ▒█     ▒██▒      ▒███ ███    █ ▒█      █████  
         ▒▒    █▒ ▒   █ ▒█  ▒█ ▒█      ▒██▒     ▒███▒███   ▒█ ▒█       ▒▒ 
       ███▒    █▒     █ ▒█  █▒ ▒█       ▒███    ██▒███▒█▒  █▒ ▒█        ▒▒░
    ▒▒█▒▀▒█  ▒██▒██  ▒█ ▒█  █  ▒█        ▒██▒   █▒ ██▒ █▒  █  ▒█         ▒░
░▒▒▒▒ █▒▒▒█  █ █▒    ▒█ ▒█ ▒██████▒  ▒   █▒██   █  ██▒ ██ ▒██████▒       ▒░
       ███▒  █ █▒    █▒ ▒█ ███████▒ ▒     ▒▒█▒ ▒█  ██  ██ ███████▒    ██▒▒
      ██ ▒▒  █▒█▒   ▒█  ▒█     ▒█  ▒       ▒█▒ ██  ▒█  ▒█     ▒█     █▒▒█░░
       █░▒▒▒  ██▒  ▒█   ▒█     ▒█  ▒       ▒█▒ █▒   ▒   █▒    ▒█     █▒▒█▒░░
       ░░▒▒    █████    ▒█     ▒█  █    ▒ ▒▒█▒ █▒   ▒   ██    ▒█      ██ ▒▒
      ▒▒▒▒     █▒       ▒█     ██  ▒      ▒▒█ ▒█        ██    ██        ▒▒▒░
     ░▒▒░      █▒       ▒█  █▒      █    ▒▒█▒           ▒█         ████ ▒░░█
     ░▒▒  █  █ █▒       ▒█  ██▒     ▒█▒▒▒▒██             █▒       █▒▒▒▒█▒████
      ▒█████   █▒       ▒█   ▒█░     ▒████▒              ██  ▒█  █▒▒█▀▒▒██ █
    █ █▒▒▒▒▒█  █▒       ▒█  █░░█                       █  █ ▒█ █  █▒▒▒▒█▒▒▒   ▒ 
   ███▒▒█▀▒▒▒█ █▒       ▒██▒▒▒█                  ░    ███ ▒█ █ █   ████░  ▒▒▒▒▒▒
    █ █▒▒▒▒▒█            ▒████▒   ▒▒░        ██▒▒▒▒░░  █   ▒███      ▒▒░      ▒
       █████▒▒ ▒▒▒              ▒▒          █▒▒█  ▒▒▒▒███          ▒▒▒░       ░
       ▒  █ ░▒▒▒ ▒▒            ▒      █    ░▒██   ░  █▒▒▒█  ▒▒▒▒▒ ▒▒░░  
    ▒▒▒▒ ███     ▒▒░       █████     ███ ░▒▒▒        █▒▒▒█▒▒▒░  ▒▒▒▒   █
   ▒▒     █      ▒▒▒░     █▒▒▒▒▒█  ░▒ █  ▒▒          ▒███    █    ▒    ██
  ▒▒              ░▒▒▒░  █▒▒█▀▒▒▒█▒▒▒ ███████      ▒▒▒▒     ██   ████ ██                                        
  ▒▒                ░▒▒  █▒▒█ ▒▒▒█ ▒▒▒█▒▒▒▒▒▒█    ▒▒░        ████▒▒▒▒██                                         
▒▒▒    PL4SM4 2008   ░▒▒▒▒█▒▒▒▒▒█  ▒░█▒▒▒█▀▒▒▒█▒▒▒▒░           █▒▒▒▒▒▒█░                                        
▒                       ▒███████     █▒▒▒█ ▒▒▒█   ▒          ▒▒▒█▒▒▒▒█▒▒▒░                                      
▒        Proudly       ███    ▒       █▒▒▒▒▒▒██ █          ▒▒▒   ████   ▒▒▒▒░
▒▒                       █  ▒▒▒        ██████ ████        ▒▒      █        ▒▒
 ▒▒▒   present you         ▒▒            ▒▒     █          ░▒    ███        ▒
   ▒▒▒                  ▒▒▒▒              ▒▒▒▒▒             ▒▒    █       ▒▒▒   
     ▒                 ▒▒                    ▒▒▒          ▒▒▒              ▒▒   
     ▒▒                 ▒▒                     ▒▒        ▒▒                 ▒▒                                 
  ▒▒▒▒                   ▒░░                  ▒▒░         ▒▒▒               ▒▒                                 
 ▒▒                      ▒▒                  ▒▒             ▒                ▒                                 
 ▒ ▄▄▄▄▄▄▄▄▄▄▄▄▄▄▄▄▄▄▄▄▄▄▒▄▄▄▄▄▄▄▄▄▄▄▄▄▄▄▄▄▄▄▄▒▄▄▄▄▄▄▄▄▄▄▄▄▄▒▄▄▄▄▄▄▄▄▄▄▄▄▄▄▄▄▒▒                                
▒▒ █                                                                        █ ▒▒    
▒▒██          Das Geisterschiff der schwimmenden Leichen uncut              ██▒▒    
 ▒ █                                                                        █ ▒     
▒▒ ▀▀▀▀▀▀▀▀▀▀▀▀▒▀▀▀▀▀▀▀▀▀▀▀▀▀▀▀▀▀▀▀▀▀▒▀▀▀▀▀▀▀▀▀▒▀▀▀▀▀▀▀▀▀▀▀▀▀▀▀▀▀▀▀▒▀▀▀▀▀▀▀▀▀▒▒                                
▒   ▒▒         ▒                  ▒▒▒▒         ▒▒                  ▒▒     ▒▒▒▒                                                                    
▒▒▒▒▒          ▒▒▒▒▒              ▒ ▒           ▒▒▒               ▒▒     ▒▒                                                                       
  ▒▒▒▒▒         ▒  ▒▒            ▒▒            ▒▒      ▒▒▒  ▒▒▒▒▒▒▒▒▒▒▒ ▒▒     
 ▒▒   ▒▒▒▒ ▒▒▒▒▒▒   ▒▒▒▒▒         ▒         ▒▒▒▒  ▒▒  ▒▒ ▒▒▒▒         ▒▒▒▒     
▒▒       ▒▒▒            ▒▒▒▒▒▒  ▒▒▒      ▒▒▒▒▒▒▒▒▒▒▒▒▒▒    ▒             ▒▒  
           ▒    █████        ▒▒▒▒▒▒▒▒▒▒▒▒▒              █████     █▒▒     ▒▒▒▒  
       ▒▒▒███ ██▒▒▒▒▒██    .___        ____           ██▒▒▒▒▒██  ███▒▒▒▒▒▒▒  ▒▒                                                                     
      ▒▒    ███▒▒█▀▒▒▒█    |   | _____/ ____\____     █▒▒█▀▒▒▒█ ██     ▒▒     ▒░  
      ▒▒     █▒▒▒█ ▒▒▒▒█   |   |/    \   __\/  _ \   █▒▒▒█ ▒▒▒▒██       ▒▒      
       ▒      █▒▒▒▒▒▒▒█    |   |   |  \  | (  <_> )   █▒▒▒▒▒▒▒█          ▒▒▒                               
      ▒▒      ██▒▒▒▒▒██    |___|___|  /__|  \____/    ██▒▒▒▒▒██            ▒                    
     ▒▒         █████               \/                  █████             ▒▒                    
    ▒                                                                    ▒▒                     
   ▒▒                                                                    ▒                      
   ▒                                                                     ▒▒                     
   ▒                                                                      ▒▒                    
   ▒▒                                                                      ▒▒                   
    ▒                                                                       ▒                   
    ▒▒                                                                      ▒                          
     ▒         Release date .............: 16.02.2008                      ▒▒   
     ▒         DVD date .................: 01.10.2004                      ▒    
    ▒          Cinema date ..............: 28.06.1974                     ▒▒    
   ▒           Runtime ..................: 85.01min                       ▒     
   ▒▒          Genre ....................: Horror/ Trash                 ▒▒     
    ▒          Subtitles.................: Keine                         ▒     
    ▒▒         Source ...................: PAL-DVD                       ▒▒▒   
     ▒         Format ...................: DVDR                            ▒▒  
     ▒▒        Video ....................: [ ] Untouched                    ▒ 
     ▒▒                                    [x] Reencoded  cce 6 pass       ▒▒▒      
     ▒         Language .................: [x] German DD 5.1                 ▒      
    ▒▒                                     [ ] German DTS                   ▒▒       
    ▒                                      [x] Deutsch DD 2.0 Stereo       ▒▒        
    ▒                                      [ ] English DTS                  ▒          
    ▒▒         Extras ...................: [x] Untouched                    ▒▒▒        
     ▒                                     [ ] Stripped                      ▒      
     ▒▒        Disks ....................: 94 * 50 MB                        ▒▒     
      ▒        iMDB.........: User Rating: Nutzer-Bewertung: 2.9/10         ▒▒    
      ▒              http://german.imdb.com/title/tt0071256/                ▒    
     ▒▒                                                                     ▒▒    
     ▒▒                                                                      ▒      
    ▒▒                                                                       ▒▒      
     ▒                                                                       ▒        
     ▒                                                                       ▒▒   
   ▒▒▒                                                                        ▒▒     
   ▒                                                                        ▒▒▒     
   ▒▒                                                                      ▒▒▒     
  ▒▒                                                                    ▒▒▒▒         
  ▒▒                                                                   ▒▒            
   ▒                                                                  ▒▒       
   ▒▒▒          █████                                    █████     █ ▒▒        
    ░▒▒▒▒▒███ ██▒▒▒▒▒██  __________.__          __     ██▒▒▒▒▒██  ███▒▒▒       
      ▒▒▒▒  ███▒▒█▀▒▒▒█  \______   \  |   _____/  |_   █▒▒█▀▒▒▒█ ██  ░▒▒▒▒    
      ▒      █▒▒▒█ ▒▒▒▒█  |     ___/  |  /  _ \   __\ █▒▒▒█ ▒▒▒▒██      ▒▒▒   
     ▒▒       █▒▒▒▒▒▒▒█   |    |   |  |_(  <_> )  |    █▒▒▒▒▒▒▒█          ▒▒  
     ▒▒       ██▒▒▒▒▒██   |____|   |____/\____/|__|    ██▒▒▒▒▒██          ░▒  
     ▒▒▒        █████                                    █████             ▒   
     ▒▒                                                                   ▒▒   
      ▒▒                                                                  ▒▒▒  
      ▒▒                                                                  ▒▒░  
    ▒▒▒                                                                    ▒   
     ▒▒   Inhalt: Irgendwo auf den noerdlichen Meeren treibt ein           ▒▒  
     ▒▒           Geisterschiff aus einer anderen Dimension. Kein           ▒  
     ▒░           Schiff, welches ihm bisher begegnete, ist je             ▒▒▒ 
     ▒            zurueckgekehrt. Eine Gruppe neugieriger Hobby-           ▒▒  
    ▒▒            forscher will das Geheimnis um das verwunschene           ▒▒ 
   ▒▒▒            Schiff lueften, nachdem zwei weitere Menschen spur-        ▒ 
   ▒▒             los auf See verschwanden. Mit einem kleinen Motor-        ▒▒ 
   ▒▒             boot machen sie sich auf den Weg, und als sich die        ▒▒  
   ░▒             Nebel lichten, liegt es vor ihnen: Das Geisterschiff      ░▒  
    ▒             der schwimmenden Leichen...                                ▒  
   ▒▒                                                                       ▒▒  
   ▒▒▒                                                                      ▒▒▒ 
    ▒▒░                                                                     ▒▒░              
     ▒                                                                       ▒  
    ▒▒                                                                       ▒▒ 
    ▒                                                                         ▒ 
    ▒▒▒                                                                     ▒▒▒
     ▒▒                                                                      ▒▒ 
     ▒▒                                                                      ▒▒
   ▒▒░▒                                                                     ▒▒░ 
  ▒▒▒▒▒                                                                    ▒▒▒   
  ▒ ▒                                                                     ▒▒▒  
  ▒▒▒▒      █████                                             █████     ██▒▒   
   ▒▒▒███ ██▒▒▒▒▒██   _______          __                   ██▒▒▒▒▒██  ██  ▒   
    ░▒▒ ███▒▒█▀▒▒▒█   \      \   _____/  |_  ____   ______  █▒▒█▀▒▒▒█ ██   ▒▒
    ▒▒▒  █▒▒▒█ ▒▒▒▒█  /   |   \ /  _ \   __\/ __ \ /  ___/ █▒▒▒█ ▒▒▒▒██    ░▒
    ▒     █▒▒▒▒▒▒▒█  /    |    (  <_> )  | \  ___/ \___ \   █▒▒▒▒▒▒▒█       ▒
    ▒▒    ██▒▒▒▒▒██  \____|__  /\____/|__|  \___  >____  >  ██▒▒▒▒▒██      ▒▒
     ▒      █████            \/                 \/     \/     █████        ▒ 
    ▒▒                                                                     ▒░  
    ▒░                                                                      ▒▒ 
   ▒▒                                                                        ▒  
   ▒                                                                         ▒▒  
  ▒▒                                                                        ▒▒   
 ▒▒                                                                          ▒▒   
 ▒▒                                                                         ▒▒  
  ▒▒                                                                         ▒▒ 
   ▒▒                                                                        ░▒ 
   ░▒                 We are currently searching for:                      ▒▒▒▒
  ▒▒▒▒                                                                       ▒▒
    ▒▒                                                                      ▒▒ 
   ▒▒                 NiCE AFFiLSiTES - No .de .fr .at                      ▒  
   ▒                  RETAIL-SUPPLIER - Close2 Street-Date                  ▒▒  
  ▒▒                  PAYTV-CAPPER    - German                              ▒▒     
   ▒▒                 DVD,XViD        - Talented Ripper                    ▒▒ 
    ░▒▒                                                                   ▒  
     ▒▒               U know How 2 Contact Us!                           ▒▒  
     ▒                                                                  ▒▒   
    ▒▒                Contact Us via.....: plasma_4@hush.a              ▒▒   
    ▒                                                                    ▒▒  
    ▒▒▒                                                                   ▒▒ 
     ░▒▒              GREETS TO, SiGHT, MFi, HP4F                         ░▒ 
      ▒▒                                                                 ▒▒▒▒
      ▒               OUR FRiEND                                           ▒▒
      ▒                                                                   ▒▒            
      ▒▒                                                                  ▒  
       ▒▒                                                                ▒▒  
        ▒▒           █████                  _____     █████     █         ▒▒ 
         ▒▒ ▒ ▒▒██ ██▒▒▒▒▒██    ____  _____/ ____\  ██▒▒▒▒▒██  ███▒▒▒▒  ▒▒▒░
         ▒▒▒▒▒▒  ███▒▒█▀▒▒▒█  _/ __ \/  _ \   __\   █▒▒█▀▒▒▒█ ██   ▒░▒▒▒▒  
           ▒░     █▒▒▒█ ▒▒▒▒█ \  ___(  <_> )  |    █▒▒▒█ ▒▒▒▒██    
                   █▒▒▒▒▒▒▒█   \___  >____/|__|     █▒▒▒▒▒▒▒█     ASCII BY
                   ██▒▒▒▒▒██       \/               ██▒▒▒▒▒██      TPZ 08
                     █████                            █████
