   
   ░█▄                                                     ▄█░
  ░░▒███████████████████████████████████████████████████████▒░░
    █▀    ░░░                    ▄                    ░    ▀█
    ▀█▄   ░   █████████▄      ███████▄       ▄█████▄  ░░  ▄█▀
     ▓█▄  ░  ▀▀██▓▓▓▒        ████▓▓  ▀█    ▄███▓▓▀███▄   ▄█▓
     ▒▓█▄  ░░  ░█▓▒         ████▓▓▒   ▀▀ ▄███▓▓▒   ██▀  ▄█▓▒
      ▒▓█▄      █▒         ████▓▓▒      ███▓▓▓▒    ▀   ▄█▓▒
       ▒▓█▄     ███        ███▓▓▒        ▀███▓▓       ▄█▓▒
       ░▒▓█     ███████▄  ███▓▓▒           ▀███▄      █▓▒░
       ▒▓█▀     ███▀       ███▓▓▒             ▀███▄   ▀█▓▒
      ▒▓█▀      ██         ████▓▓▒               ▀██▄  ▀█▓▒
      ▓█▀  ▄█  ░███         ████▓▓▒  ▓██  ▄      ▄██▀   ▀█▓
 █▓   ░░ ░█▀ ▄██████▄        ████▓▓▒░██  █▀▀    ▄█▀      ░░
 █▓▓░   ░░█▄█████████████▄    ███████▀   ███▄▄██▀           
 ▀██▓                *  ▀█▄▄▄▄▄▄▄█▄▄▄▄▄▄▄▄▄▄▄▄▄▄▄▄▄▄*▄▄▄▄▄▄▄▄▄█▄
   ▀██▓▓░             *                            *          ▓██▄
     ▀███▓         *** EUROPEAN * CINE * SUPPORTERS ***        ▒▓██▄
        ▀████▄        *             *              *         ▄ ▒▓██▀
         ░░▓▓█       *           PRESENTS:          *        ▀█▓█▀   █▄
       ░▓████▀                      *                         ▀█▀     █▄
      ▓██▀ Die.Rotkaeppchen.Verschwoerung.DVDRiP.LD.German.XViD-ECS
      █▀                                                                 ██▄
        ▄███████▄▄▄▄▄▄▄▄▄▄▄▄▄▄▄▄▄▄▄▄▄▄▄▄▄▄▄▄▄▄▄▄▄▄▄▄▄▄▄▄▄▄▄▄▄▄▄▄▄▄▄▄▄▄   ▒▓██▄
      ▄███▓▓▒███████                                                ▄███▒▓▓▓▓█
    ▄████▓▓▒██                                                    ▄██  ▀█▓░▓▓█
  ▄█████▓▓▒██    Release Date..: 28.12.2006                       █   ▒█▀░▓▓▓█
 ▄█▓███▓▓▒██   *                                                  ▀██▒▓▓▓▓▓██▀
 █▓▓██▓▓▒██▓     *  Cine-Date..: 28.12.2006                          ▀██▓▓██▀
 █▓▒█▓▓▒██▓▒  *  █                                                    ▀██▀
 ▀█ ▓▓▒██▓▒ *   █▀   DVD-Date..: XX.XX.XXXX                              ▄██▄
 █▀▓▒▒██▓▒░▄   █▀                                                      ▄██▒▓██▄
 █▓▒███▓▒░██  █▀     Laufzeit..: 81 Min                              ▄██ ▒▓▓▓▓█
 ██ ▄█▓▒░██   ▀█                                                   ▄██  ▒▓▄█▓▓█
    █▓▒░██  *  ▓█       Genre..: Komoedie,Zeichentrick             █   ▒▓▓█▓▓▓█
 ▄█░▓▒░██ * ▄█ ▒▓█                                                 ▀██▒▓▓ ▀███▀
 █ ▓▒░██   ▄█░ ░▒▓█       FSK..: ohne                                 ▀██▄
 █▓▒███   ██░░░ ▒▓▓█                                                   ▀██▄
 ▀█▓█      ▀█▓▒▒▓▓█    Source..: THX DiAMOND                            ▒██▄
 █▓▒██      ▀█▓▓▓█                                                      ▒▒▓▓█
 ▀█████▄     ▀███      Format..: XVID                                ▒▒▓██▀
       █▄      ▀                                                     ▒▒▓██▀ 
        ██▄             Audio..: Mp3 128kbit                        ▒▓██▀   
          ██▄                                                      ▓██▀     
    ▄███▄ ▓▓█       Anzahl CDs.: 1 CD                              █▀   
   ▄█▓▓▓█▓▓▓█                                                               
   █▓▓▓ ▀███▀       Imdb-Link..: http://www.imdb.com/title/tt0443536/  
   ▀█▓                 
    ▀█  ▄██████   Imdb-Rating..: 6.7/10 (7,121 votes)                       ▄██▄
     █▀ ▄██▓▓  ▀█                                                          ▄█░▓█
      ▄██▓▒███ ▀█    ░░░                                                   ░▓▓█
     ▄██▓▒█▀ █  ▀█    ░      ██▄▄▄▄▄▄▄▄▄▄▄▄▄▄▄▄▄▄███▄                     ░▓██▀
     █▓▓▒ ▀█▄   █▀  ░░░            *     *     *    █▄                   ░██▀
     ▀█▓▓▒▒▒████▀ ░░░       ▄█████▄ ▄█    ▄███▄  █   █████████████████████▀ 
      ▀█▓▓▓▓▒     ░         █▀    █ █     █   █ ███
       ▀███▓▓▓      ▄       █  █  █ █     █   █  █
          ▀█████████▀       ▀█ █  █ █     █   █  █
                       ▄███▄   ███▀ █   █ █   █  █     ▄███▄
                      ▄█▓▓▓█▄  █    █   █ █   █  █    ▄█▓▓▓█▄
                      █▓▓▓▒▓█▄ █    ▀███▀ ▀███▀  ▀██ ▄█▓▒▓▓▓█
                      ▀█▓  ▒▓█▄                     ▄█▓▒ ░▓█▀
                            ▒▓██▄▄▄▄▄████▄          █▓▒                      
   ▄██████████████████████████▀ ░░░░░    █▄       ▀████████████████████▄
  ▄█▓▓▓▓▓▓▓▓▓                          █▄░█                   ▓▓▓▓▓▓▓▓▓█▄
 ▄█▓▓▓▓▓▓▒▒▒                            ██▀                    ▒▒▒▓▓▓▓▓▓█▄
▄█▓▓▓███▒▒                                                       ▒▒███▓▓▓█▄
█▓▓▒█▒▒▒█   █▄                                               █   █▒▒▒█▒▓▓█
▀█▒▒▒█▒▒█   ▓█▄  RotkΣppchen ist eine Geschichte, die       ▄█▓   █▒▒█▒▒▒█▀
 ▀█▒▒▒▒█▀ ▒▓▓▓█  jeder kennt. Aber in jeder guten            █▓▓▓▒ ▀█▒▒▒▒█▀
  ▀████▀ ▒▓▓▓█▀  Geschichte steckt mehr, als man auf den      ▀█▓▓▓▒ ▀████▀
        ▒▓▓██▀   ersten Blick sieht. Wir beginnen am           ▀██▓▓▒
       ▒███▀     Ende: Blaulicht und Polizeiabsperrungen         ▀███▒
    ████▀        am Haus von Gro▀mutter! Star-Ermittler           ▀████
   █▀   ▓▓▓      Nicky Flippers (ein Frosch) und                ▓▓▓   ▀█
  █▀  ▓▓▓░░      Polizei-Chief Grizzly (ein û ja genau!)        ░░▓▓▓  ▀█
  █▄ ▓▓▓▓ ░░░░   ermitteln zunΣchst wegen Ruhest÷rung.        ░░░░ ▓▓▓▓ ▄█
   █▄ ▓▓▓▓       Die VerdΣchtigen sind RotkΣppchen, ein          ▓▓▓▓ ▄█
    ███▄ ▓▓░     sarkastischer Wolf, ein tumber                ░▓▓ ▄███
    ▒▒▓█▄ ▓▓     HolzfΣller und Gro▀mutter selbst. Doch        ▓▓ ▄█▓▒▒
   ▒▒▓▓▓█▄ ▓░    schnell kommen weitere Anklagepunkte         ░▓ ▄█▓▓▓▒▒
  ▒▒▓▓░▓▓█  ░    hinzu: Hausfriedensbruch, Einbruch,          ░  █▓▓░▓▓▒▒
   ▒▓▓░▓▓█       ⁿbermΣ▀iger Hunger und das Schwingen            █▓▓░▓▓▒
  ▓▓░░░▓▓█       einer Axt ohne Lizenz. Und obendrein            █▓▓░░▒▓▓ 
 ▒▓▓░▓▓▓█▀       scheint der Fall mit dem omin÷sen ░░░           ▀█▓▓▓▒▓▓▒
▒▓▓▓▓▓██▀  ░     Bonbon-Banditen zusammenzuhΣngen, der         ░  ▀██▓▓▓▓▓▒
▒▓▓███▀   ░░     seit Wochen den Wald unsicher macht. ░░       ░░   ▀███▓▓▒
▓▓█▀    ░░░    ░░Nicky Flippers nimmt sich die         ░░░      ░░░    ▀█▓▓
▓█▀    ░░      ░ VerdΣchtigen einzeln vor.               ░        ░░    ▀█▓
█▀    ░░                                                           ░░    ▀█
█     ░░░                                                         ░░░     █
█▄      ░░░      ▓▓███                               ██▓▓       ░░░      ▄█
 █▄       ░░    ▒▓█▀       GROUP NOTES / GREETS       ▀█▓▒     ░░       ▄█ 
  █▄       ░   ▒▓█▀                                    ▀█▓▒   ░        ▄█  
   ██▄        ▒▓█▀                                      ▀█▓▒        ▄███   
     ███▄    ▒▓▓█▄                                       ▄█▓▓▒    ▄███      
        █▄  ▓▓▓▓▓█▄                                    ▄█▓▓▓▓▓  ▄█         
         ██████████▄█▄  ▄█▄                    ▄█▄  ▄█▄██████████          
                  █  █▄▄█▓█▄                  ▄█▓█▄▄█  █                   
                      ██▓▒▓█▄                ▄█▓▒▓██                       
                          ▒▓█▄              ▄█▓▒
                           ▒▓█▄████████████▄█▓▒       
                            ▒▓█▄          ▄█▓▒               
                           ▄█▓█▄        ▄█▓█▄        
                            █░▒▓█        █▓▒░█                
                            ▀█░█▀        ▀█░█▀                
                             ▀█▀          ▀█▀
