                                                                              
                                                                              
                                      ██                                      
                                                                              
                                     █                                        
                                    █                                         
       #1          x264            ██                          ██             
   █████████     ████████       █████████                                     
      █░█           ██        ██  ██    ███                   █               
      █░█           ██      ██   ███      ███                █                
      █░█           ██      █    ███       ███              ██                
      █░█           ██     █     ██         ███          █████████            
      █░█           ██    ██    ███         ███        ██  ██    ███                                                                     
      █░█           ██    █     ███          █░█     ██   ███      ███                                                                   
      █░█           ██    █     █░█          ███     █    ███       ███                                                                  
      █░█           ██    █     █░█           █░█   █     ██         ███                                                                 
      █░█           ██    █     █░█           █░█  ██    ███         ███    ░                                                            
      █░██████████████    █     █░█           █░█  █     ███          █░█   ▒                                                            
      █░█           ██    ██    █░█           █░█  █     █░█          ███   ▓                                                            
      █░█           ██     █    █░█           █░█  █     █░█           █░█  █  
      █░█           ██     ██   █░█           █░█  █     █░█           █░█  █ 
      █░█           ██      ██  █░█           ██   █     █░█           █░█  ▓ 
      █░█           ██       ████░█   ██     ███   ██    █░█           █░█  ▓ 
      █░█           ██         ██░████       █░█    █    █░█           █░█  █ 
      █░█           ██          █░█         ███     ██   █░█           █░█  █ 
      █░█           ██          █░█         ███      ██  █░█           ██   ▓ 
      █░█           ██          █░█        ███        ████░█   ██     ███   ▓ 
      █░█           ██          █░█       ███           ██░████       █░█   █ 
      █░█           ██          █░█     ███              █░█         ███    █ 
      █░█        ████████    ████████████                █░█         ███    ▓
      █░█                                                █░█        ███     ▒
      █░█       presents:                                █░█       ███      ░
      █░▒           Die Insel der Abenteuer              █░█     ███         
      █░ ▒                                              ▄█░███████          ░
     ██▒ ░█▄▄▄▄▄▄▄▄▄▄▄▄            ▄▄▄▄▄▄▄▄▄▄▄▄▄▄▄▄▄▄▄▄▄█░                  ▒
     ██▓░█▀▀  GENERAL               INFORMATION       ▀█░                   ▓
    ███░█▀                                                                  █
   ███ ░     Gattung.......:       Abenteuer                                █
   █   ▓     Sprache.......:       Deutsch                                  ▓
       ▓ ░   Datum.........:       09/10/2008                             ░ ▓
       █ ▒   Kinostart.....:       19/06/2008                             ▒ █
       █ ▓   Leihstart.....:       09/10/2008                             ▓ █
       ▓ █░                                                              ░█ ▓
       ▓ ██▄                                                            ▄██ ▓
       █ █░█▄▄▄▄▄▄▄▄▄▄▄            ▄▄▄▄▄▄▄▄▄▄▄▄▄▄▄▄▄▄▄▄▄▄▄▄▄▄▄▄▄▄▄▄▄▄▄▄▄█░█ █
       █ ▓    SOURCE                INFORMATION                         ░ ▓ █
       ▓ ▓                                                                ▓ ▓
       ▒ █   Bild-Quelle...:       PAL-DVD (DANKE Universal)              █ ▒
       ░ █   Ton-Quelle....:       PAL-DVD (DANKE Universal)              █ ░
         ▓   Laufzeit......:       88 Min.                                ▓  
       ░ ▓   IMDB-Weiterltg:       http://www.imdb.com/title/tt0410377/   ▓ ░
       ▒ ▓   IMDB-Bewertung:       6.1/10                                 ▓ ▒
       ▓ █░  Inhalt........:       http://www.kino.de/videofilm/die-insel░█ ▓
       █ ██▄                       der-abenteuer-dvd-leih/119466.html   ▄██ █
       █ █░█▄▄▄▄▄▄▄▄▄▄▄            ▄▄▄▄▄▄▄▄▄▄▄▄▄▄▄▄▄▄▄▄▄▄▄▄▄▄▄▄▄▄▄▄▄▄▄▄▄█░█ █
       ▓ ▓    RELEASE               INFORMATION                         ░ ▓ ▓
       ▓ ▓                                                                ▓ ▓
       █ █   Ton...........:       AC3 5.1 @ 384 kbps                     █ █
       █ █   Bild..........:       x264 @ ~1755 kbps                    ▄██ █
       ▓ █   Aufloesung....:       704x288                              █░█ ▓
       ▓ ▓   Groesse.......:       1.35 GB                              ░ ▓ ▓
       █ ▒   Untertitel....:       Forced German Subs                     ▒ █
       █ ░                                                                ░ █
       ▓ █   Nachschrift...:       FSK 6                                  █ ▓
       ▒ █                                          ________________      █ ▒
       ░ ▓                                        ,'                `.    ▓ ░
         ▓           ≡≡≡°≡≡≡≡≡≡≡≡-°≡≡≡           /  Oh God, Nooo!!!   \   ▓  
       ░ █         /   Mitteilungen:   \        ▌ I never watch XViDs |   █ ░
       ▒ █    ╔═══°═════════════════════°═══╗    \      again!!       /   █ ▒
       ▓ ▓    ║                             ║     `.__________     _,'    ▓ ▓
       █ ▓    ║ Aufgrund schlechter Kompri- ║                 \   /       ▓ █
       █ █    ║ mierbarkeit der DVD wurde   ║                  \ /        █ █
       ▓ █    ║ als Aufloesung 704x288      ║                   ε         █ ▓
       ▓ ▓    ║ anstatt 720x288 verwendet.  ║                             ▓ ▓
       █ ▓    ║                             ║                     )    )  ▓ █
       █ █    ║ HF!                         ║      (           (  (       █ █
       ▓ ██▄  ║                             ║       ) (           ))    ▄██ ▓
       ▓ █░█  ╚═════════════════════════════╝      (            )//     █░█ ▓
       █ ▓ ░                                      _ )  ))       __      ░ ▓ █
       █ ▒                  ,--.--._       ,-----' |  ((      <'__`)      ▒ █
       ▓ ░         --------" _, \___)      | //  : |   )       #o)#:  )   ░ ▓
       ▒ █        ▌ Fist of  / _/____)     | //  : | )/        \###'      █ ▒
       ░ █        ▌   HDD    \//(____)     | //  : |           ,###.      █ ░
         ▓         --------\     (__)      `-----._|     __  #######      ▓  
         ▓                  `-----"         _/___\_    //)_`//  | ||]     ▓  
         █      hdd                   _____[_______]_[~~-_ (.L_/  ||      █  
         █    @hush.com              [____________________]' `\_,/'/      █  
         ▓      |εε]      Greetz:      ||| /          |||  ,___,'./       ▓  
         ▓   .--||-----.               ||| \          |||,'______|        ▓  
         █   |  || HDD | ) LEX         ||| /          /|| I==||           █  
         █░  |__||_____|      XMF      ||| \       __/_||  __||__        ░█  
         ▓█▄      ║                -----||-/------`-._/||-o--o---o---   ▄█▓  
         ▒░█▄▄▄▄▄▄║▄▄▄▄▄▄▄           ~~~~~~'              ▄▄▄  ▄▄▄▄▄▄▄▄▄█░▒  
           ░░░░░░░░░░▄▄▄▄▄▄▄▄▄▄▄▄▄▄▄▄▄▄▄▄▄▄▄▄▄▄▄▄▄▄▄▄▄▄▄▄▄▄▄▄▄▄▄▄░░░░░░░░ ░  
                          #1 German x264 Crew  nfo 2008           
