██████████████████████████████████████▀▀▀▀▀▀▀▀▀▀▀▀▀████████████████████████████
██████████████████████████████████▀    ▄▄▄▄▄▄▄▄▄    ▀▀▀████████████████████████
███████████████████████████████▀   ▄█▀▀▀       ▀▀▀█▄▄    ▀▀████████████████▒███
███████████████████████████▀▀   ▄█▀   ▒░   ▒         ▀▀█▄▄   ▀█████████████████
████████████████████████▀   ▄█▀▀        ░▒               ▀▀█▄  ▀▀██████████████
█████████████████████▀   ▄█▓         ▒                  ░   ▒▀█▄  ▀██████▓█████
███████████████████▀  ▄█▀ ░              ░      ░        ░░    ▀█   ▀███████▒██
█████████████████▀  ▄▓▀ ░░          ░                     ▒░░    ▀█   █████████
████████████████▀  ▓▀ ░░   ░░                               ▒░░    █▄  ▀███████
███████████████▀  █▓░░   ░░░                         ░        ▒░     █  ▀██████
██████████████▀ ▄█░░░░░░░░                                      ▒    ▒▓  ▀█████
█████████████▀ ▐█░ ░░░░░                                               █  ▀████
████████████▀ ▐▓░ ░░░ ░                                                 █  ▐███
████████████ ▐█░░░░░░░                                                   █  ███
███████████  █░░ ░░░░                                                 ░  ▐  ███
███████████ ▐▌░░░░░░░░                                                ▒░  █ ▐██
███████████ ▐▒░░░░░░ ░░                                                ░  ▒▌ ██
███████████ ▐░▒░░░░  ░                                                    ▐▌ ██
█▓█████████ ▐░▒░░░░░                                                   ░ ▒ █ ██
███████████ ▐▓░░░░░░░░                                                 ░░  ▒ ▐█
███████████  █░░▒░░░░                                                  ▒░░ ▐▌▐█
████▒██████  █░░░░░░░░ ▒         ▄                                     ░░░ ▐▌▐█
▓██████████  █░░░░░░░░░    ▒   ▄                                        ░░ ▐▌▐█
██▒███▀▀▀    ▐░░░░░░░░         ▌               ▄▄                       ▒░ ▐▌▐█
▒███▒█        █░░▓░▒░░░       ▐  ░               ▀▀▄▄                 ░  ░ ▐▌▐█
░█▒█░  ▄▄▀░▀▀▀▀▀██▓▓▒░░░ ▓    ▌ ░░░                  ▀▀▄    ▄▄▀▀▀       ░░ ▐▌▐█
░█░█░░▐▒    ░     ▀██▒▒░     ▐▌  ░░░░   ▓░              █▄▀▀    ▄      ░░░ ▐▌▐█
░░░░░  ▌░▒▀█▄       ▓█░▓▒     ▀▄▄    ░░  ▓▄▓ ░               ▄▄▄         ▒░ █ █
▒░░░▒░ █ ▐ ██▀        ██▓▒      ▀▓▀█  ░░░ ▓▀▓▄▓             ▀▀            ▀░▐ █
▒░▒░▒░ ▐▌▐ █▌░█ ░      ███▄        ▒█         ▀▄ █ ▄                    ▓▄▄▀▒▌▐
▒░▒░▒  ▐▌ █▓   █▒      ▓████▀▄   ▒███▄█▀▒▀▀▀█░▄  █▌█ ░           ▄▒      ▓▓▀▄▓ 
▒▒▒▒▒░  █   ▄▄  ▀█▄  ░  █ ▀██▄▀██▒█▀ ▄▄█████▄▄ ▀▄█▓█          ░░ ▒▄▄▀ ░░░  ▓ ▐ 
▓▒▒▒▓▒░ █  ██  ▒▓▓▄▀▄░  ▐   ▀██▄██ ▄█████▒█▄██▀▀▄▐▌█  ░    ░░░ ▄██▀░ ░  ░░ ▒▐█ 
▓▒▓▒▒░░ ▐▌ ▐▓▓     ░▐▒▓ █    ▐░▀█  ▒████████▀   ▄█▐██  ░░░░ █░ ██▄▀▀▀▄▄▄ ░ ▄█  
▓▒▓▒▓▒░░ ▐   ▀▓▄ ▓ ░░░▒▓▓     ▒▓▌ ████▀▄██▀   ▄███▌█▐▒▄▄▄▄▄  ██▀ ▄▄▄▄▄▄▀█ ▄█  ▄
 ▓▓▓▓▒▒▒░ ▀░▀▄▄▓▀▄▀ ▓  ░░      ▒  ██████▀   ▄██████ ▀▀▄▄▄▄ ▀█▀▓▄██████░█▄██  ██
   ▓▓▓▒▒░░ ▀▄▒▓▀▄   ▀▒▄ ░      ▐ ▐████▀   ▄█▀▄█████▒▄▀▀  ▀▀█▓█████▀▄█▀  █▒▌ ▐██
█▄  ░▓▓▒▒▒░  ▀▄▒ ▀▄▓           ▐▌ ██▀   ▄█▀▄████████        ████▀██▀  ▄████  ██
▀██  ▓▓▓▒▒▒░░  ▀▄  ▀▄▀ ▀        █ ▐░  ▄██▄█████████▌        ▐░███▀  ▄████▒█  ██
▄ ▀█   ▓▓▒▒▓▓░░  █    ▄▌    ▒    █ █▄██▄████████░█▀ ░█▄     ▐██▀  ▄█▀██▒██▌ ▐██
▀▄  ▀▓  ▓▓▓▒▓▓  ▓▌▀▄▄▀▀▌░   █▄    █░▀███▒██████▀░▀░▄▒██▓    ▐▀  ▄█▀▄█████▀  █░█
▓ █▄ ▀▄   ░▓▒ ▐▓█     ▐▌░    ▐▒    ▀▀▄█▀███▒██ ▒░▒  ▐█▌     ▐▌▄░████████  ▐░███
▓▓ █▄ ███▄    ▓▐▌   ░ ▐▌░     ▐▓      ▀▀▀▀▀▀   ░ ▄▓▀ █▌     ▐░█████▒██    ███░█
▒▓▓ █▄▐██▌▀▄▄▄█▒▌    ░▐▌░   ░  █   ▄▀▄▀  ░  ▄▒▀ ▐▀   █     ░▐░█▀▀▀  ▐▌  ░██░█░░
▒▒▓▓ █████▓▓█▌▐▌█░  ░ ▐▌░     ▐▌  ▄▒▀░░▄▀       ▌   ░█░     ▐▌ ▒   ▄█  ░███░█░░
░▒▒▓▓██░█▒█▓▐▒▓█ █ ░ ░██ ░    █  ▐▒▄▀           █ ▀ ▀▓█▒    █   ▄█▓▀  ░░░██░░▒░
░░▒▒▓██▌▐▌▐█▓█ ▐▌▐▌ ░░░█▓ ░   ▀  ▐▓  ▄▀ ░░   ░  ▐▄█▓▄ ▀▓    █  █▀   ░░░░░█░░░▒░
 ░░▒▓▓██ █ █▓█ ▓█ ▐▌ ░░██▓ ▓░ ▀  ▐▌ ▄▓ █▀  ░░    ▀▓▓▓▌     ▐▌  ▌   ░░░░▒░░░▒░▒▒
  ░░▓▓██ █ ▀ ▓▌ ▓▌ █░░▒░███░░░   █  █ ▄█▓▄░▓▄▄▄     ▓█▄   ▄▒▄ ▐▌  ░░░░▒▒░░░▒░▒▒
   ░▒▓██ █ █ ▓█ ▓█  █░░▒░█████▌░ █   ▄█▓ ░▄▀  ▐░▀▄    ▀▀▀▀  █▄▀  ░░░░▒▒▒▒░░▒▒▓▒
    ▒▓██ █   ▐█  ▄   ▀▄▒▒██████▓░░   ▀▓ ▄▀██▄     ▀▒▄▄▄▀░▄  █▌  ▒░░░▒▒▒▒▒░▒▒▒▓▒
    ░▓█▌▐▌ ▀  ▒       ██▒▒█▓█████░░      █████▄▄▄      ▒█  ░█  ▒▒░░▒▒▒▒▒▒▒▒▓▒▓▓
    ░▒█▌▐▌    █  ▒  ▐█ █▀█▒░▓▓████▒░   ▀▄ ▀████████▄░▄▄█▀ ▒▓▌▄▄▄▒░▒▒▒▒▒▒▒▒▒▓▒▓▓
     ░█▌▐▌  █▀█▄ ▓▒ █ █▀█▄▀██▓▒████░     ▀▄▄ ▀█████████▀  ▓█    ▀▀▀██████▒▒▓▓▓▓
     ░█▌▐▌█▓▌ ▒▀▄▓ ▐▌▐▌   ▀██▓█▒████░      ░▀▄▄  ▀▀▀▄█▒  ▓█             ▀▀▀▀▀▀▓
      █▌▐▌░▓▌▐█▄▓█ █ █      ▀▀█▓░▓███▒     ▄▄▀▀▀▀▀▀▀▀█▓  █▌                   ▀
      ▐▌█▌██ ██▀▄ █░▐▌         ▀█▓▓███▓  ▀▀           █▌ █  ░                 ▀
      █   ██▐▒   ▀▄ █            ▀█████▄                ▐▌               
      █  █▒▌▐▌     ▀▌              ▀▀▀▀██▒       ░     ░▌    ▒ ░         
     ▐▌ ▒██ █                           ▀▀▄▒▄▄        ▄▀ ▒ ▒             
     ▐▌ ██ ▐▌                              ▀▀▀▀██▒▄▄▄▀   ░▒ ░            
     ▐▌ █▌ █   Another profound release                  ▓▓ ▒            
     ▐▌▒▀▄▀                                           ▓░▒▒               
    ▒▐▄█░    escaped the  evil scientists     ▄▓▀▀▀▄▄▒▒▓                 
     ▀█                                      ▄▓░▒▄▄▄░▀▒▓                 
                    at  NODLABS...          ▐█░ ▐▄ ▓▀▓▒▀▄                
      ▀                                      ██▒  ▀▄▓▀█ ▓▄               
                                            ▐▀▀█▄▄  ▀▄▓▌  ▌░             
                                           ▐▌   ▀██▄     ▒▌              
                                          ▐▌       ▀▀██▄██               
 ██████           ░                       █           █                        
 ██████  ██████     ░  ░               ▄▄█          ▒█▌░         ██████▄▄▄▄▄▄▄ 
 ███████ ██████  ▒ ░  ░  ░      ▄▄▄█▀▀▀▀▀█          █▌   ░ ░     ██████  ██████
 ██████████████  ░░▒▒░  ▒    ▄▄█▀░                 █▌  ░   ░  ▒  ██████  ██████
 ██████ ▀██████  ▒░░░▒░▒   ▄█▀░              ░    ██    ░░░ ░    ██████  ██████
 ██████  ██████ ░▒   ░░  ▄█░░               ░▒   ▄▐▌ ░ ░▒░▒░░░ ░ ██████  ██████
 ██████  ██████ ▒  ░ ▒  ▄█▒░               ░       █  ░░▓░▒▒░▒░░ ██████  ██████
 ██████  ██████ ░ ░▓   ▐█▒░            ░░  ░▒       █  ░▓▒▒▒▒░░  ██████  ██████
 ██████  ██████   █▀  ▐█▒░  ░            ░░░░░       █ ▓░▓▒▓░░   ██████  ██████
 ██████  ██████  ▐█  ▐█▒░    ░                       ▐▌ ▓░▒▓░▓   ██████  ██████
 ██████  ██████ ▐█   █▒▓▒  ░             elle!<VNS>   ▓  ▓▒▒▒▓▒  ██████  ██████
 ██████  ██████ ▓    ▒▒▒▒░ ░░                         ▐▌ ▓▓▒▓▒   ██████  ██████
 ██████  ██████ ░    █▒▒▒░░░░░                  ░      █ ▓▒▓▓▒▓  ██████  ██████
 ██████  ██████     ▐█▓▓▒▒░▒░░░░             ░░  ▄▄██▄ █  ▓▓▓▓▓  ██████  ██████
 ██████  ██████ ░   ▐█▓▓▒▒░░░░▒░░░          ░░ ▄█▀   ▀▀█      ▒  ██████  ██████
 ██████  ██████ █    █▓▓▒▒▒░░░░░░░░  ░░ ░░ ░░ ▐█  ▒▓  ▓▀  ▄▄▄    ██████  ██████
 █░██░█  ██████ ▐░   ▐▓▓▓▒▒▒░░░░░░░      ░░░  █▌ ▒▓▓▓ █▌▄█▀▀▀█▄  ██████  ██████
 █▒▒█▒▒  █░██░█  █░   █▓▓▓▒▒▒░░▒░░  ▄███▌  ░  ▓▌ ▓▓▓▓ ▄█▀     ▐▌ █░██░█  ██████
 ▓▒░▓▒░  █▒▒█▒▒   █░  ▀█▓▓▓▒▒▒░░░ ▄██  ▐█     ▐█ ▓▓  ▄█▀       █ █▒▒█▒▒  ██████
         ▓▒░▓▒░    █░   █▓▓▓▒▒▒░░ ██   ██▄██▄▄▄█▄  ▄██▌        █ ▓▒░▓▒░  ██████
 ▄ ▄▄▄▄▄▄▄▄▄▄▄▄     █░   █▓▓▓▐█▒▒░▀█  ███▀    ▀████▀▀          █ ▄▄▄▄▄▄▄▄█████ 
                    ▐█    ▀█▓▓██▓▓▒▐█ █▀ ▒▒▒▒▓  █▌   ▄██▌▓    ▐█               
   ███        ░     ▐█      ▀████▓▓▓██▌ ▓▓▓▓▓  ▄░█  ▐█        █▌  ░        ███ 
   █░█  ▓ ██ ▒▒▌     █▌       █▌▐█▄▄██▄▄     ▄█▀▐█  ▐█       █▌  ▐▒▒ ██ ▓  █░█ 
   █▒▒    ███▒█▌     █▌       █▌ ▒▓▀▀██ ░▀▀▀▀   ██   █▄    ▄█▀   ▐█▒███    █▒▒ 
    ▒░  ▒  ██▓█▌     ▐▌       ▐▌▄███ █▌        ▐█    ░▀████▀     ▐█▓██  ▒   ▒░ 
        ▒  ▐███      ▐▓       ██▀▀ █ ▐█░      ▄█                  ███▌  ▒      
   ▓ ░  ░   ██       ▐█       ▐█   ▓█ ▀█▄▄▄ ▄██                    ██   ░  ▓ ░ 
   █▒▒  ░   █        █▌ ░ ░   ▐█    ▐█  ▀▀▀▀▀▀                      █   ░  █▒▒ 
   █░█  ░   ▄        █▌  ░░   ▐█     ░█▒                            ▄   ░  █░█ 
   ███  ░   ▀       ▄█▌ ░     ▄▒░     ▀█                            ▀   ░  ███ 
   ███  ░   ▒      ░██▀█▓██▒██▀▓       ▀█                           ▒   ░  ███
   ███       ▓     ▀▀                    ▄                         ▓       ███ 
   █▀ ▄███▄                                                           ▄███▄ ▀█ 
    ▄█▀  ░█▌                                                         ▐█░  ▀█▄  
   ▐█ ▄  ▐█ ▄                                ▄                      ▄ █▌  ▄ █▌ 
   █▌ ██▄▓  ░▄                     ▄▄▄ █   ▄▀▀                     ▄░  ▓▄██ ▐█ 
  ▐██░▄█░   ▄░                     █   █   ▀▀▄                     ░▄   ░█▄░██▌
  ▐█▓▄███▄  ▀█▄          ░         █   █ ▄ █▄▀         ░          ▄█▀  ▄███▄▓█▌
   ▀█▓▄▀███▄  ▀█▄     ▓  ▄    ▄ ▄▄▄▄▄▄ ▄▄▄▄ ▄▄▄▄▄ ▄    ▄  ▓     ▄█▀  ▄███▀▄▓█▀ 
   ▄ ▀███▄▀██▄▄ ▀█▄  ▄▄▄▐█      ██  ██ ██ ▀ ██ ██      █▌▄▄▄  ▄█▀ ▄▄██▀▄███▀ ▄ 
   ██▄  ▓██▄▀██▒▄▄███▓ ▀▓█▌     ▓█  ▓█ ▓█▀  ▓█▄██     ▐█▓▀ ▓███▄▄▒██▀▄██▓  ▄██ 
   ███  ▀░▄▒█▄▀▀▀███▓ █████░    ░░  ░░ ░░   ░░░░░    ░█████ ▓███▀▀▀▄█▒▄░▀  ███ 
   ███        ▀▀▀█       ▀█▀                         ▀█▀       █▀▀▀        ███ 
   ███  ░        ▄       ▀      ▓       ▓       ▓      ▀       ▄        ░  ███ 
   ███  ▒                ▄     ▀█▀     ▀█▀     ▀█▀     ▄                ▒  ███
   ███  █               ▀▓▀                           ▀▓▀               █  ███
   ▓██ ▐█                ░                             ░                █▌ ██▓
       ██                                                               ██     
  ▐███ ▐█                                                               █▌ ███▌
   ███▌ █   My.Brother.Jonathan.S01E01.DVDRip.x264-NODLABS              █ ▐███                                                      
   ▐▓██ █                                                               █ ██▓▌
   ▐▓▒█ █                                                               █ █▒▓▌
   ▐▓░█ █   Release date ...: June 2013                                 █ █░▓▌
   ▐▓▒█ █   Airdate ........: BBC, UK, 1985                             █ █▒▓▌
   ▐▓██ █   Duration .......: ~50                                       █ ██▓▌
  ▐███ ▐█   Video Format ...: x264                                      █▌ ███▌
  ▐███ ▐█   Resolution .....: 640x480                                   █▌ ███▌
   ▐▓██ █   Frame Rate .....: 25.000fps                                 █ ██▓▌
   ▐▓▒█ █   Language .......: English                                   █ █▒▓▌
   ▐▓░█ █   Subs ...........: English                                   █ █░▓▌
   ▐▓▒█ █   Sound Format ...: aac                                       █ █▒▓▌
   ▐▓██ █   CRF ............: 20                                        █ ██▓▌
   ███▌ █   Source .........: DVD NTSC Retail                           █ ▐███
  ▐███ ▐█   Genre ..........: Drama                                     █▌ ███▌
  █    ██                                                               ██    █
  ▐███ ▐█   URL ............: http://www.imdb.com/title/tt0244086/      █ ▐███ 
   ███▌ █                                                               █ ▐███ 
   ███  ░                                                               ░  ███
   █▀ ▄███▄                                                           ▄███▄ ▀█ 
    ▄█▀  ░█▌                                                         ▐█░  ▀█▄  
   ▐█ ▄  ▐█ ▄                                                       ▄ █▌  ▄ █▌ 
   █▌ ██▄▓  ░▄             ▄▄▄ ▄ ▄ ▄▄▄ ▄█▄ ▄ ▄ ▄▄▄ ▄▄▄             ▄░  ▓▄██ ▐█ 
  ▐██░▄█░   ▄░             █▄  █ █ █ █  █  █▄█ █▄  █ █             ░▄   ░█▄░██▌
  ▐█▓▄███▄  ▀█▄          ░ █   █▄█ █▀▄  █  █ █ ▀▄▄ █▀▄ ░          ▄█▀  ▄███▄▓█▌
   ▀█▓▄▀███▄  ▀█▄     ▓  ▄    ▄ ▄▄▄▄▄▄ ▄▄▄▄ ▄▄▄▄▄ ▄    ▄  ▓     ▄█▀  ▄███▀▄▓█▀ 
   ▄ ▀███▄▀██▄▄ ▀█▄  ▄▄▄▐█      ██  ██ ██ ▀ ██ ██      █▌▄▄▄  ▄█▀ ▄▄██▀▄███▀ ▄ 
   ██▄  ▓██▄▀██▒▄▄███▓ ▀▓█▌     ▓█  ▓█ ▓█▀  ▓█▄██     ▐█▓▀ ▓███▄▄▒██▀▄██▓  ▄██ 
   ███  ▀░▄▒█▄▀▀▀███▓ █████░    ░░  ░░ ░░   ░░░░░    ░█████ ▓███▀▀▀▄█▒▄░▀  ███ 
   ███        ▀▀▀█       ▀█▀                         ▀█▀       █▀▀▀        ███ 
   ███  ░        ▄       ▀      ▓       ▓       ▓      ▀       ▄        ░  ███ 
   ▓██  █                ▄     ▀█▀     ▀█▀     ▀█▀     ▄                █  ██▓ 
       ██               ▀▓▀                           ▀▓▀               ██     
  ▐███ ▐█                ░                             ░                █▌ ███▌
   ███▌ █                                ▄                      ▄       █ ▐███ 
   ▐▓██ █        █▄▄ ▄ ▄▄▄ ▄▄▄ ▄▄▄ ▄▄▄ ▄▀▀   █  ▄  ▄▄ ▄█▄ ▄▄▄ ▄▀▀       █ ██▓▌ 
   ▐▓██ █        █ █ █ █ █ █ █ █▄  █ █ ▀▀▄   █▀▄█ █ █  █  █▄  ▀▀▄       █ ██▓▌ 
   ▐▓░█ █        █▀▄ █ █▀  █▀  ▀▄▄ █▀▄ █▄▀   █  █ ▀▄▀  █  ▀▄▄ █▄▀       █ █░▓▌ 
   ▐▓▒█ █                                                               █ █▒▓▌ 
   ▐▓▒█ █  Listed on imdb as a tv movie but it's actually a 5 eps       █ █▒▓▌ 
   ▐▓▒█ █  series.                                                      █ █▒▓▌ 
   ▐▓▒█ █                                                               █ █▒▓▌ 
   ███▌ █                     ▄▄▄                   ▄                   █ ▐███
   ███▌ █                     ▄▄▄                   ▄                   █ ▐███ 
  ▐███ ▐█                    █  ▀ ▄▄▄ ▄▄▄ ▄▄▄ ▄█▄ ▄▀▀                   █▌ ███▌
  █    ██                    █ ▄▄ █ █ █▄  █▄   █  ▀▀▄                   ██    █
  ▐███ ▐█                    ▀▄▄▓ █▀▄ ▀▄▄ ▀▄▄  █  █▄▀                   █▌ ███▌
   ███▌ █                                      ▀                        █ ▐███ 
   ▐▓██ █                                                               █ ██▓▌ 
   ▐▓██ █      AEN AMIABLE ANGELiC FLATLiNE  FiCO FoV FUtV HAGGiS       █ ██▓▌ 
   ▐▓░█ █       HANGOVER  iLS  iNGOT  MACRO  REWARD  SAiNTS  TVA        █ █░▓▌  
   ▐▓▒█ █                                                               █ █▒▓▌ 
   ▐▓██ █                                                               █ ██▓▌ 
   ███▌ █                   ▄▄  ▄▄ ▄  ▄ ▄█▄ ▄▄   ▄▄ ▄█▄                 █ ▐███ 
  ▐███ ▐█                  █ ▀ █ █ █▀▄█  █  █▄█ █ ▀  █                  █▌ ███▌
  █    ██                  ▀▄▀ ▀▄▀ █  █  █  █ █ ▀▄▀  █                  ██    █
  ▐███ ▐█                                                               █▌ ███▌
   ███▌ █                                                               █ ▐███ 
   ▐▓██ █          You should  know  where to find us. Else use:        █ ██▓▌ 
   ▐▓██ █                                                               █ ██▓▌ 
   ▐▓░█ █                       Local Tourist Info                      █ █░▓▌ 
   ▐▓▒█ █                                                               █ █▒▓▌ 
   ▐▓▒█ █                                                               █ █▒▓▌ 
   ▐▓▒█ █                       We are looking for:                     █ █▒▓▌ 
   ▐▓██ █                                                               █ ██▓▌ 
   ▐▓▒█ █           Maybe an .eu affil with a special touch             █ █▒▓▌ 
   ▐▓██ █   No more nordic, no .de/.fr/.uk, and obviously no rented(!)  █ ██▓▌
   ███▌ █                    USA HDTV/PDTV/DSR cappers                  █ ▐███ 
  ▐███ ▐█          DVD suppliers (pre retail or on retail date)         █▌ ███▌
  █    ██                       Polonium 210                            ██    █
  ▐███ ▐█                                                               █▌ ███▌
   ███▌ █                                                               █ ▐███ 
   ▐▓██ █                                            ▄▄▄▄               █ ██▓▌ 
   ▐▓██ █             ▄█▀▀█         ▄▄▄▀▀▀▀▀▄▄      █▀  ▀█       ▄      █ ██▓▌ 
   ▐▓░█ █             █   ▐▌     ▄▄██         ▀▄   ▐▀    █▄     ▀█▀     █ █░▓▌ 
   ▐▓▒█ █            ▄█▄  ▐▌   ▄█▀░▐█    ░      ▀▄ ▐█   █▀ █     ░      █ █▒▓▌ 
   ▐▓▒█ █          ▐█▀     ▀▄▄█▒░ ░▐██    ░      ▐██       ▐▌           █ █▒▓▌ 
   ▐▓██ █          █▒       ██▒░░░ ▐▌█▌░          ▐▌ ▄█▄  ▄█            █ ██▓▌ 
   ███▌ █          ▐█▄▄▄█  ▓█░▒░░    ░▀░           ██▀  ▀▀▀             █ ▐███ 
   ███ ▐█               ▀█▄█░▒▒  ░░░ ░▀ ░           █                   █▌ ███▌
       ██                 █▓░░          ░           ▐                   ██     
   ███  █                 █▓▒▒     ░           ▄     ▌                  █  ███ 
   ███  ░                ▐▓░▒   ░  ░         ▄██▌    █                  ░  ███ 
   ███                   ▐▓░    ░░ ░░  ░    █████    █                     ███
   ███  ascii  scribbled ▐█░░ ░  ░▄▄░  ░   ▐▌▓███▌   █ by elle of VANDALs  ███ 
   ███                    █░▒ ░  ████      █  ▓███   ▌                     ███ 
   ███  ░ [ASCII/LAYOUT]  ▐▓▒  ░▐▌▓██     ▐▌  ▓██▌  ▐▌                  ░  ███ 
   ███  ░                  █▓▒  ▐▌ ██▌ ▐▌░▐▌  ▐██  ▐█                   ░  ███ 
   ███  ░                  ▐█▓▒ ░█▄█░░ ██  █▄███▌  █▄  ▄▄▄▄             ░  ███ 
   ███  ░             ▄▄▄▄▄▀█▒▓ ░░  ░░█▌ █ ▀▀█▀▀  ▐▌ ▀█▀   ▒▄           ░  ███ 
   ███  ░           ▐█  ▀▀▀  █▒      ▐█▄ █   ░   ▐█         ▐▌          ░  ███ 
   ███  ░           ▐▌     ▄██▌░     ░░░▀▀       █▀█▄       ▐▌          ░  ███ 
   ███  ░            █▄▄  ██ █▓░    ▒ ░ ▒░░      ▐▌ █   █▄ ▄█           ░  ███ 
   ███  ░      ▄      █▌   █ █▓░          ░       █ █   ▐██▀            ░  ███ 
   ███  ░     ▀█▀     █    █ █▓█▌░ ▒     ▒ ▒░ █▄▄█▀ ▐█  ▐▌              ░  ███ 
   ███  ░      ░      █▄ ▄█    ▀█▄██  ░█░ ▄█▄█▀▀▀    ▀▀▄▀               ░  ███ 
   ███  ░              ▀▀▀         ▀▀▀▀▀▀▀▀                             ░  ███ 
   ███  ▒                                                               ▒  ███ 
   ███  ▒                                                               ▒  █░█
   ███                                                                     █▒▒ 
   █░█  ▓ ███       ███     ███▄▄▄   ███      ███ ███      ███▄▄▄   ███ ▓  ▓▒░ 
   █▒▒    ███   ███ ███▀███ ███ ███  ███▄ ███ ███ ███▄ ███ ███ ███  ███   
   ▓▒░    ███   ███ ███ ███ ███ ███  ███▀████ ███ ███▀████ ███ ███  ███    ██▀
          ███   ███ ███▄███ ███ ███  ███  ███ ███ ███  ███ ███ ███  ███   ▐█▒
   ▀██    ███   ███ ███ ███ ███████▌ ███  ███ ███ ███  ███ ███      ███   █▓  
    ▒█▌   ███   ███ ███ ███ ███  ███ ███  ███ ███ ███  ███ ███▀██▄  ███ ▄▀
     ▓█   █░█▄█▄█░█ █░█ █░█ █░█  █░█ █░█  █░█ █░█ █░█  █░█ █░█ ▀░█  █░█   
       ▀▄ █▒▒▀ ▀█▒▒ █▒▒ █▒▒ █▒▒  █▒▒ █▒▒  █▒▒ █▒▒ █▒▒  █▒▒ █▒▒ █▒▒  █▒▒ ░      
          ▓▒░   ▓▒░ ▓▒░ ▓▒░ ▓▒░  ▓▒░ ▓▒░  ▓▒░ ▓▒█ ▓▒░  ▓▒░ ▓▒░█▓▒░  ▓▒█   
        ░                                                           ▄▄▄   
                                                                    ▀██        
          This NFO might contain traces of Methyl fluorosulfonate              
          (F-SO2-OCH3), Cyclosarin (C7H14FO2P) or the Ebola virus              
                                                                              
                      Viewers discretion is advised.                         
         If you got this release from any p2p/web/pay source, please report
                 to your local police station. Thank you.
