ÔĽŅ    ‚Ėą                                                             ‚Ėą‚Ėą‚Ėą‚Ėą‚Ėą
   ‚Ėą‚Ėď‚Ėą                   ‚Ėą                                       ‚Ėą‚ĖĎ‚ĖĎ‚ĖĎ‚Ėą‚Ėď‚Ėą
    ‚Ėą‚Ėď‚Ėą‚Ėą‚Ėą               ‚Ėą‚ĖĎ‚Ėą                                     ‚Ėą‚ĖĎ‚ĖĎ‚ĖĎ‚Ėą‚Ėď‚Ėď‚Ėą 
    ‚Ėą‚Ėď‚ĖĎ‚Ėí‚Ėí‚Ėą‚Ėą‚Ėą           ‚Ėą‚Ėď‚ĖĎ‚Ėą                                    ‚Ėą‚ĖĎ‚ĖĎ‚ĖĎ‚Ėą‚Ėď‚Ėď‚Ėą 
     ‚Ėą‚Ėď‚Ėí‚ĖĎ‚ĖĎ‚ąô‚ĖĎ‚Ėą‚Ėą         ‚Ėą‚Ėď‚ĖĎ‚ĖĎ‚Ėą‚Ėą                                 ‚Ėą‚ĖĎ‚ĖĎ‚ĖĎ‚Ėą‚Ėď‚Ėď‚Ėą
     ‚Ėą‚Ėď‚ĖĎ‚Ėí‚ĖĎ‚ĖĎ‚ĖĎ‚ąô‚ąô‚Ėą‚Ėą‚Ėą      ‚Ėą‚Ėď‚ĖĎ‚ĖĎ‚ĖĎ‚ĖĎ‚Ėą‚Ėą   ‚Ėą                          ‚Ėą‚ĖĎ‚ĖĎ‚ĖĎ‚Ėą‚Ėď‚Ėď‚Ėą
      ‚Ėą‚Ėď‚Ėď‚ĖĎ‚ĖĎ‚ĖĎ‚ĖĎ‚ąô‚ąô‚ąô‚ąô‚Ėą‚Ėą    ‚Ėą‚Ėď‚ĖĎ‚ĖĎ‚ąô‚ĖĎ‚ĖĎ‚ĖĎ‚Ėą ‚Ėą‚Ėď‚Ėą                        ‚Ėą‚ĖĎ‚ĖĎ‚ĖĎ‚Ėą‚Ėď‚Ėď‚Ėą
       ‚Ėą‚Ėď‚Ėď‚Ėí‚Ėí‚ĖĎ‚ĖĎ‚ĖĎ‚Ėí‚ąô ‚ĖĎ‚Ėą‚Ėą  ‚Ėą‚Ėď‚Ėí‚ĖĎ‚Ėí‚ąô‚ĖĎ‚ĖĎ‚Ėď‚Ėą‚Ėą‚Ėď‚Ėď‚Ėą‚Ėą                     ‚Ėą‚ĖĎ‚ĖĎ‚ĖĎ‚Ėą‚Ėď‚Ėď‚Ėą 
        ‚Ėą‚Ėą‚Ėď‚Ėď‚Ėí‚ĖĎ‚ĖĎ‚ĖĎ‚ĖĎ‚Ėí‚ąô‚ĖĎ‚ĖĎ‚Ėą  ‚Ėą‚Ėď‚ĖĎ‚ĖĎ‚ąô‚ąô‚ąô‚Ėď‚Ėą ‚Ėą‚Ėď‚ĖĎ‚ĖĎ‚Ėą                   ‚Ėą‚ĖĎ‚ĖĎ‚ĖĎ‚Ėą‚Ėď‚Ėď‚Ėą  
         ‚Ėą‚Ėą‚Ėď‚Ėď‚ĖĎ‚ĖĎ‚Ėí‚ĖĎ‚ĖĎ‚Ėí‚ąô ‚ĖĎ‚Ėą‚Ėą ‚Ėą‚ĖĎ‚ĖĎ‚ĖĎ‚ąô‚ąô‚ąô‚Ėď‚Ėą‚Ėą‚Ėď‚ĖĎ‚ĖĎ‚ĖĎ‚Ėą‚Ėą                ‚Ėą‚ĖĎ‚ĖĎ‚ĖĎ‚Ėą‚Ėď‚Ėď‚Ėą   
          ‚Ėą‚Ėą‚Ėą‚Ėď‚Ėď‚ĖĎ‚Ėí‚ĖĎ‚ĖĎ‚Ėí‚Ėí ‚ĖĎ‚Ėď‚Ėą‚Ėą‚Ėď‚ĖĎ‚ĖĎ‚ĖĎ‚Ėí‚ąô‚Ėď‚Ėą‚Ėą‚Ėď‚ĖĎ‚ĖĎ‚ąô‚ĖĎ‚Ėą               ‚Ėą‚ĖĎ‚ĖĎ‚ĖĎ‚Ėą‚Ėď‚Ėď‚Ėą    
             ‚Ėą‚Ėď‚Ėď‚Ėí‚ĖĎ‚ĖĎ‚ĖĎ‚ĖĎ‚ąô‚ąô‚Ėď‚Ėą‚Ėą‚Ėď‚ĖĎ‚ĖĎ‚ĖĎ‚ąô‚ąô‚Ėď‚Ėą‚Ėą‚Ėď‚ĖĎ‚ĖĎ‚Ėí  ‚Ėą             ‚Ėą‚ĖĎ‚ĖĎ‚ĖĎ‚Ėą‚Ėď‚Ėď‚Ėą     
           ‚Ėą‚Ėą‚Ėď‚ĖĎ‚ąô‚Ėí‚ĖĎ‚ĖĎ‚ĖĎ‚ĖĎ‚ĖĎ‚Ėí‚ĖĎ‚Ėď‚Ėď‚Ėď‚ĖĎ‚ĖĎ‚ĖĎ‚ąô‚Ėď‚Ėą‚Ėą‚Ėď‚ĖĎ‚ĖĎ‚ĖĎ‚Ėí ‚Ėď‚Ėą            ‚Ėą‚ĖĎ‚ĖĎ‚ĖĎ‚Ėą‚Ėď‚Ėď‚Ėą      
         ‚Ėą‚Ėą‚ĖĎ ‚ąô‚ąô‚Ėí‚Ėí‚Ėí‚ĖĎ‚ĖĎ‚Ėí‚ĖĎ‚ĖĎ‚ĖĎ‚Ėí‚Ėí‚Ėí‚ĖĎ‚Ėí‚ĖĎ‚ĖĎ‚ąô‚Ėď‚ĖĎ‚ĖĎ‚ĖĎ‚ĖĎ‚ĖĎ‚ĖĎ‚Ėí‚Ėď‚Ėą           ‚Ėą‚ĖĎ‚ĖĎ‚ĖĎ‚Ėą‚Ėď‚Ėď‚Ėą       
        ‚Ėą‚ĖĎ‚ĖĎ‚ĖĎ‚ĖĎ‚ĖĎ‚ĖĎ‚ĖĎ‚ĖĎ‚ĖĎ‚ĖĎ‚ĖĎ‚ĖĎ‚ĖĎ‚ĖĎ‚ĖĎ‚ĖĎ‚ĖĎ‚ĖĎ‚ĖĎ‚ĖĎ‚ĖĎ‚ĖĎ‚ĖĎ‚ĖĎ‚ĖĎ‚ĖĎ‚ĖĎ‚ĖĎ‚ĖĎ‚ĖĎ‚Ėí‚Ėď‚Ėą          ‚Ėą‚ĖĎ‚ĖĎ‚ĖĎ‚Ėą‚Ėď‚Ėď‚Ėą        
       ‚Ėą‚ĖĎ‚Ėď‚Ėď‚Ėď‚Ėď‚Ėď‚ĖĎ‚ĖĎ‚ĖĎ‚ĖĎ‚ĖĎ‚ĖĎ‚ĖĎ‚ĖĎ‚ĖĎ‚ĖĎ‚ĖĎ‚ĖĎ‚ĖĎ‚ĖĎ‚ĖĎ‚ĖĎ‚ĖĎ‚ĖĎ‚ĖĎ‚ĖĎ‚ĖĎ‚ĖĎ‚ĖĎ‚ĖĎ‚ĖĎ‚ĖĎ‚Ėď‚Ėď‚Ėą        ‚Ėą‚ĖĎ‚ĖĎ‚ĖĎ‚Ėą‚Ėď‚Ėď‚Ėą         
      ‚Ėą‚Ėď‚Ėď‚Ėą‚Ėą‚Ėą‚Ėą‚Ėą‚Ėď‚Ėď‚ĖĎ‚ĖĎ‚ĖĎ‚ĖĎ‚ĖĎ‚ĖĎ‚ĖĎ‚ĖĎ‚ĖĎ‚Ėí‚ĖĎ‚ĖĎ‚ĖĎ‚ĖĎ‚ĖĎ‚ĖĎ‚ĖĎ‚Ėí‚ĖĎ‚ĖĎ‚ĖĎ‚ĖĎ‚ĖĎ‚ĖĎ‚Ėď‚Ėď‚Ėą       ‚Ėą‚ĖĎ‚ĖĎ‚ĖĎ‚Ėą‚Ėď‚Ėď‚Ėą          
     ‚Ėą‚Ėď‚Ėď‚Ėą‚Ėą    ‚Ėą‚Ėą‚Ėď‚Ėď‚ĖĎ‚ĖĎ‚ĖĎ‚ĖĎ‚ĖĎ‚ĖĎ‚ĖĎ‚ĖĎ‚ĖĎ‚ĖĎ‚ĖĎ‚ĖĎ‚ĖĎ‚Ėí‚Ėí‚Ėí‚Ėí‚Ėí‚ĖĎ‚ĖĎ‚ĖĎ‚ĖĎ‚Ėď‚Ėď‚Ėą      ‚Ėą‚ĖĎ‚ĖĎ‚ĖĎ‚Ėą‚Ėď‚Ėď‚Ėą           
     ‚Ėą‚Ėą‚Ėą       ‚Ėą‚Ėą‚Ėą‚Ėą‚Ėď‚Ėí‚Ėí‚ĖĎ‚ĖĎ‚ĖĎ‚ĖĎ‚ĖĎ‚Ėí‚ĖĎ‚Ėí‚Ėí‚Ėí‚Ėí‚Ėí‚Ėí‚Ėí‚Ėí‚ĖĎ‚ĖĎ‚Ėď‚Ėď‚Ėą      ‚Ėą‚ĖĎ‚ĖĎ‚ĖĎ‚Ėą‚Ėď‚Ėď‚Ėą            
    ‚Ėą‚Ėą        ‚Ėą‚Ėď‚Ėď‚Ėą‚Ėą‚Ėą‚Ėą‚Ėď‚ĖĎ‚ĖĎ‚ĖĎ‚ĖĎ‚ĖĎ‚Ėí‚Ėí‚Ėí‚Ėí‚Ėí‚ąô‚ąô‚Ėí‚Ėí‚Ėí‚Ėí‚Ėí‚Ėď‚Ėď‚Ėą     ‚Ėą‚ĖĎ‚ĖĎ‚ĖĎ‚Ėą‚Ėď‚Ėď‚Ėą             
               ‚Ėą‚Ėď‚Ėí‚ĖĎ‚ĖĎ‚ĖĎ‚ĖĎ‚ĖĎ‚ĖĎ‚ĖĎ‚ĖĎ‚ĖĎ‚Ėí‚Ėí‚Ėí‚Ėí‚Ėí‚Ėí‚Ėí‚ąô‚Ėí‚ąô  ‚Ėď‚Ėą    ‚Ėą‚Ėą‚Ėą‚Ėą‚Ėą‚Ėą‚Ėď‚Ėď‚Ėą              
             ‚Ėą‚Ėą‚Ėą‚Ėą‚Ėą‚Ėď‚ĖĎ‚ĖĎ‚ĖĎ‚ĖĎ‚ĖĎ‚ĖĎ‚ĖĎ‚ĖĎ‚ĖĎ‚Ėí‚Ėí‚Ėí‚ąô‚ąô‚Ėí‚ąô‚ąô   ‚Ėď‚Ėď‚Ėą  ‚Ėą‚Ėď  ‚Ėą‚Ėą‚Ėą‚Ėď‚Ėą‚Ėą‚Ėą‚Ėą‚Ėą‚Ėą‚Ėą‚Ėą‚Ėą‚Ėą‚Ėą‚Ėą‚Ėą‚Ėą‚Ėą‚Ėą‚Ėą‚Ėą‚Ėą‚Ėą‚Ėą‚Ėą
            ‚Ėą‚Ėí‚Ėí‚Ėą‚Ėą‚Ėą‚Ėą‚Ėą‚Ėď‚Ėď‚Ėď‚Ėí‚Ėí‚Ėí‚ĖĎ‚ĖĎ‚ĖĎ‚ĖĎ‚Ėí‚Ėí‚ąô‚ąô‚ąô‚ąô    ‚Ėď‚Ėď‚Ėą‚Ėą   ‚ĖĎ‚Ėą‚Ėď‚Ėą‚Ėą‚Ėí‚Ėí‚Ėí‚Ėí‚Ėí‚Ėí‚Ėí‚Ėí‚Ėí‚Ėí‚Ėí‚Ėí‚Ėí‚Ėí‚Ėí‚Ėí‚Ėí‚Ėí‚Ėí‚Ėí‚Ėí‚Ėí‚Ėą
           ‚Ėą‚Ėí‚ĖĎ‚Ėí‚ĖĎ‚ĖĎ‚Ėą‚Ėą‚Ėą‚Ėą‚Ėą‚Ėą‚Ėď‚Ėď‚Ėď‚Ėď‚Ėí‚ĖĎ‚ĖĎ‚Ėí‚Ėí‚Ėí‚ąô‚ąô‚ąô     ‚Ėď‚Ėą‚Ėą‚ĖĎ‚ĖĎ‚ĖĎ‚Ėą‚Ėď‚Ėď‚Ėą‚Ėą‚ĖĎ‚ĖĎ‚Ėí‚ĖĎ‚Ėí‚ĖĎ‚ĖĎ‚ĖĎ‚Ėí‚ĖĎ‚Ėí‚ĖĎ‚ĖĎ‚ĖĎ‚Ėí‚ĖĎ‚Ėí‚ĖĎ‚ĖĎ‚ĖĎ‚Ėí‚ĖĎ‚Ėí‚Ėą
          ‚Ėą‚Ėď‚ĖĎ‚ĖĎ‚ĖĎ‚Ėď‚ĖĎ‚Ėď‚ĖĎ‚ĖĎ‚Ėą‚Ėą‚Ėą‚Ėą‚Ėą‚Ėą‚Ėď‚Ėď‚Ėď‚Ėď‚Ėí‚Ėí‚Ėí‚Ėí‚Ėí‚Ėí      ‚Ėą‚Ėą‚Ėą‚Ėą‚Ėą‚Ėď‚Ėď‚Ėą‚Ėą‚Ėí‚ĖĎ‚Ėí‚ĖĎ‚ĖĎ‚ĖĎ‚Ėí‚ĖĎ‚Ėí‚ĖĎ‚ĖĎ‚ĖĎ‚Ėí‚ĖĎ‚Ėí‚ĖĎ‚ĖĎ‚ĖĎ‚Ėí‚ĖĎ‚Ėí‚ĖĎ‚ĖĎ‚ĖĎ‚Ėď‚Ėą
         ‚Ėą‚Ėď‚ĖĎ‚ĖĎ‚ĖĎ‚ĖĎ‚ĖĎ‚Ėą‚ĖĎ‚ĖĎ‚ĖĎ‚ĖĎ‚ĖĎ‚Ėą‚Ėą‚Ėą‚Ėą‚Ėą‚Ėą‚Ėď‚Ėď‚Ėď‚Ėď‚Ėď‚Ėď‚Ėí‚Ėí     ‚Ėď‚Ėą‚Ėą‚Ėą‚Ėď‚Ėď‚Ėą‚Ėą‚Ėą‚ĖĎ‚ĖĎ‚Ėą‚ĖĎ‚ĖĎ‚ĖĎ‚ĖĎ‚ĖĎ‚Ėą‚ĖĎ‚ĖĎ‚ĖĎ‚ĖĎ‚ĖĎ‚Ėą‚ĖĎ‚ĖĎ‚ĖĎ‚ĖĎ‚ĖĎ‚Ėą‚ĖĎ‚ĖĎ‚ĖĎ‚ĖĎ‚ĖĎ‚Ėď‚Ėą
        ‚Ėą‚Ėď‚ĖĎ‚Ėď‚ĖĎ‚ĖĎ‚ĖĎ‚Ėď‚ĖĎ‚Ėď‚ĖĎ‚ĖĎ‚ĖĎ‚Ėí‚ĖĎ‚Ėí‚ĖĎ‚ĖĎ‚Ėą‚Ėą‚Ėą‚Ėą‚Ėą‚Ėą‚Ėď‚Ėď‚Ėď‚Ėď‚Ėď‚Ėď‚Ėď‚Ėď‚Ėď‚Ėď‚Ėď‚Ėď‚Ėą‚Ėą‚Ėą‚Ėą‚Ėą‚ĖĎ‚ĖĎ‚Ėí‚ĖĎ‚Ėí‚ĖĎ‚ĖĎ‚ĖĎ‚Ėí‚ĖĎ‚Ėí‚ĖĎ‚ĖĎ‚ĖĎ‚Ėí‚ĖĎ‚Ėí‚ĖĎ‚ĖĎ‚ĖĎ‚Ėí‚ĖĎ‚Ėí‚ĖĎ‚ĖĎ‚ĖĎ‚Ėí‚ĖĎ‚Ėď‚Ėą
       ‚Ėą‚Ėď‚ĖĎ‚ĖĎ‚ĖĎ‚Ėí‚ĖĎ‚Ėí‚ĖĎ‚ĖĎ‚ĖĎ‚Ėď‚ĖĎ‚Ėď‚ĖĎ‚ĖĎ‚ĖĎ‚Ėí‚ĖĎ‚Ėí‚Ėą‚Ėą‚Ėą‚Ėą‚Ėą‚Ėą‚Ėą‚Ėą‚Ėą‚Ėą‚Ėą‚Ėą‚Ėą‚Ėą‚Ėą‚Ėą‚Ėą‚Ėď‚ĖĎ‚ĖĎ‚ĖĎ‚Ėí‚ĖĎ‚Ėí‚ĖĎ‚ĖĎ‚ĖĎ‚Ėď‚ĖĎ‚Ėď‚ĖĎ‚ĖĎ‚ĖĎ‚Ėí‚ĖĎ‚Ėí‚ĖĎ‚ĖĎ‚ĖĎ‚Ėď‚ĖĎ‚Ėď‚ĖĎ‚ĖĎ‚ĖĎ‚Ėí‚ĖĎ‚Ėí‚ĖĎ‚ĖĎ‚ĖĎ‚Ėď‚Ėą
      ‚Ėą‚Ėď‚Ėď‚Ėď‚Ėď‚Ėď‚Ėď‚Ėď‚Ėď‚Ėď‚Ėď‚Ėď‚Ėď‚Ėď‚Ėď‚Ėď‚Ėď‚Ėď‚Ėď‚Ėď‚Ėď‚Ėď‚Ėď‚Ėď‚Ėď‚Ėď‚Ėď‚Ėď‚Ėď‚Ėď‚Ėď‚Ėď‚Ėď‚Ėď‚Ėď‚Ėď‚Ėď‚Ėď‚Ėď‚Ėď‚Ėď‚Ėď‚Ėď‚Ėď‚Ėď‚Ėď‚Ėď‚Ėď‚Ėď‚Ėď‚Ėď‚Ėď‚Ėď‚Ėď‚Ėď‚Ėď‚Ėď‚Ėď‚Ėď‚Ėď‚Ėď‚Ėď‚Ėď‚Ėď‚Ėď‚Ėď‚Ėď‚Ėď‚Ėď‚Ėď‚Ėď‚Ėď‚Ėď‚Ėď‚Ėą
   ‚ĖĎ   ‚Ėą‚Ėą‚Ėą‚Ėą‚Ėą‚Ėą‚Ėą‚Ėą‚Ėą‚Ėą‚Ėą‚Ėą‚Ėą‚Ėą‚Ėą‚Ėą‚Ėą‚Ėą‚Ėą‚Ėą‚Ėą‚Ėą‚Ėą‚Ėą‚Ėą‚Ėą‚Ėą‚Ėą‚Ėą‚Ėą‚Ėą‚Ėą‚Ėą‚Ėą‚Ėą‚Ėą‚Ėą‚Ėą‚Ėą‚Ėą‚Ėą‚Ėą‚Ėą‚Ėą‚Ėą‚Ėą‚Ėą‚Ėą‚Ėą‚Ėą‚Ėą‚Ėą‚Ėą‚Ėą‚Ėą‚Ėą‚Ėą‚Ėą‚Ėą‚Ėą‚Ėą‚Ėą‚Ėą‚Ėą‚Ėą‚Ėą‚Ėą‚Ėą‚Ėą‚Ėą‚Ėą‚Ėą‚Ėą   ‚ĖĎ
‚ĖÄ‚ĖÄ‚Ėą‚Ėď‚ĖĄ‚ĖĄ                                                                           ‚ĖĄ‚ĖĄ‚Ėď‚Ėą‚ĖÄ‚ĖÄ
   ‚ĖÄ‚Ėą‚Ėą‚Ėą‚ĖĄ  ‚ĖĄ‚ĖĄ‚ĖĄ‚Ėą‚Ėą‚Ėą‚Ėą‚ĖĄ‚ĖĄ‚ĖĄ‚ĖĄ                                             ‚ĖĄ‚ĖĄ‚ĖĄ‚ĖĄ‚Ėą‚Ėą‚Ėą‚Ėą‚ĖĄ‚ĖĄ‚ĖĄ  ‚ĖĄ‚Ėą‚Ėą‚Ėď‚ĖÄ
    ‚Ėź‚Ėą‚Ėą‚Ėď‚Ėą‚Ėą‚Ėą‚Ėď‚ĖÄ‚ĖÄ‚ĖÄ    ‚ĖÄ‚ĖÄ‚ĖÄ‚ĖÄ‚ĖÄ‚ĖĄ‚ĖĄ‚ĖĄ‚ĖĄ‚ĖĄ‚ĖÄ                           ‚ĖÄ‚ĖĄ‚ĖĄ‚ĖĄ‚ĖĄ‚ĖĄ‚ĖÄ‚ĖÄ‚ĖÄ‚ĖÄ‚ĖÄ    ‚ĖÄ‚ĖÄ‚ĖÄ‚Ėď‚Ėą‚Ėą‚Ėą‚Ėą‚Ėą‚Ėď‚ĖĆ
 ‚ĖĄ‚ĖĄ‚Ėą‚Ėą‚Ėą‚ĖÄ‚ĖÄ‚ĖÄ                                                                  ‚ĖĎ  ‚ĖÄ‚ĖÄ‚ĖÄ‚Ėą‚Ėą‚Ėą‚ĖĄ‚ĖĄ
‚Ėź‚Ėą‚Ėď‚ĖÄ                                                                               ‚ĖÄ‚Ėą‚Ėď‚ĖĆ
‚Ėą‚Ėď‚ĖĆ                        Parker.2013.iNT.DVDRip.x264-iGNHQ                        ‚Ėź‚Ėą‚Ėď
‚Ėź‚Ėą‚Ėď‚ĖĄ                                                                               ‚ĖĄ‚Ėą‚Ėą‚ĖĆ
 ‚ĖÄ‚ĖÄ‚Ėą‚Ėą‚Ėď‚ĖĄ                                                                         ‚ĖĄ‚Ėą‚Ėą‚Ėď‚ĖÄ‚ĖÄ
‚ĖĄ  ‚Ėź‚Ėą‚Ėď‚Ėď    Release Date ...:  23/05/2013              Source .....:  NTSC DVD9  ‚Ėą‚Ėą‚Ėď‚ĖĆ  ‚ĖĄ
  ‚ĖĄ‚Ėą‚Ėď‚ĖÄ                                                                           ‚ĖÄ‚Ėą‚Ėď‚ĖĄ
 ‚Ėź‚Ėą‚Ėď       Genre .....:  Action | Crime | Thriller    Files ......:  18 x 100mb    ‚Ėą‚Ėď‚ĖĆ
 ‚Ėą‚Ėď‚ĖĆ‚ĖÄ‚ĖĄ                                                                           ‚ĖĄ‚ĖÄ‚Ėź‚Ėď‚Ėą
 ‚Ėź‚Ėď  ‚Ėź‚ĖĆ    Rating ....:  6.1/10 (21,539 votes)        Format/CRF .:  mkv / 14   ‚Ėź‚ĖĆ  ‚Ėď‚ĖĆ
  ‚ĖÄ‚ĖĄ ‚Ėą‚Ėď                                                                         ‚Ėď‚Ėą ‚ĖĄ‚ĖÄ
‚ĖĎ    ‚Ėą‚Ėď                                                                         ‚Ėď‚Ėą    ‚ĖĎ
‚Ėď   ‚Ėź‚Ėď‚ĖĆ         ‚ąô  Video Bitrate  ~  1.725 kbps (23.976 fps)                    ‚Ėź‚Ėą‚ĖĆ   ‚Ėď
 ‚Ėą  ‚Ėą‚Ėď                                                                           ‚Ėą‚Ėď  ‚Ėą
   ‚Ėą‚Ėď           ‚ąô  Audio Bitrate  ~  185 kbps (aac)                               ‚Ėą‚Ėď
  ‚Ėą‚Ėď                                                                               ‚Ėą‚Ėď
 ‚Ėą‚Ėď ‚Ėď           ‚ąô  Resolution     ~  688 x 288 (2.39:1)                           ‚Ėď ‚Ėą‚Ėď
‚Ėź‚Ėď‚ĖĆ ‚Ėź‚Ėą                                                                           ‚Ėą‚ĖĆ ‚Ėź‚Ėď‚ĖĆ
‚Ėą‚Ėą   ‚Ėą‚Ėď         ‚ąô  Runtime        ~  1h 58m 38s                                 ‚Ėď‚Ėą   ‚Ėą‚Ėď
‚Ėą‚Ėď ‚ĖĄ‚Ėą‚Ėą‚ĖÄ                                                                         ‚ĖÄ‚Ėą‚Ėą‚ĖĄ ‚Ėď‚Ėą
‚Ėą‚Ėą‚Ėź‚ĖÄ            ‚ąô  Chapters       ~  Yes                                           ‚ĖÄ‚Ėź‚Ėą‚Ėą
‚Ėź‚Ėą‚ĖĆ                                                                                 ‚Ėź‚Ėą‚ĖĆ
 ‚ĖÄ‚Ėą‚ĖĄ            ‚ąô  Subtitles      ~  Yes (English, Spanish)                        ‚ĖĄ‚Ėą‚ĖÄ
‚Ėź   ‚ĖÄ‚ĖÄ                                                                           ‚ĖÄ‚ĖÄ   ‚ĖĆ
‚Ėą‚ĖĆ                                                                                   ‚Ėź‚Ėą
‚Ėź‚Ėą‚ĖĎ                                                                                 ‚ĖĎ‚Ėą‚ĖĆ
 ‚Ėą‚Ėď‚ĖĄ ‚ĖĎ                                                                           ‚ĖĎ ‚ĖĄ‚Ėď‚Ėą
  ‚ĖÄ‚ĖÄ‚Ėą‚Ėď‚ĖĄ            MORE iNFO @ http://www.imdb.com/title/tt1904996/             ‚ĖĄ‚Ėď‚Ėą‚ĖÄ‚ĖÄ

‚ĖÄ‚ĖÄ‚Ėą‚Ėď‚ĖĄ‚ĖĄ                                                                           ‚ĖĄ‚ĖĄ‚Ėď‚Ėą‚ĖÄ‚ĖÄ
   ‚ĖÄ‚Ėą‚Ėą‚Ėą‚ĖĄ  ‚ĖĄ‚ĖĄ‚ĖĄ‚Ėą‚Ėą‚Ėą‚Ėą‚ĖĄ‚ĖĄ‚ĖĄ‚ĖĄ                                             ‚ĖĄ‚ĖĄ‚ĖĄ‚ĖĄ‚Ėą‚Ėą‚Ėą‚Ėą‚ĖĄ‚ĖĄ‚ĖĄ  ‚ĖĄ‚Ėą‚Ėą‚Ėď‚ĖÄ
    ‚Ėź‚Ėą‚Ėą‚Ėď‚Ėą‚Ėą‚Ėą‚Ėď‚ĖÄ‚ĖÄ‚ĖÄ    ‚ĖÄ‚ĖÄ‚ĖÄ‚ĖÄ‚ĖÄ‚ĖĄ‚ĖĄ‚ĖĄ‚ĖĄ‚ĖĄ‚ĖÄ                           ‚ĖÄ‚ĖĄ‚ĖĄ‚ĖĄ‚ĖĄ‚ĖĄ‚ĖÄ‚ĖÄ‚ĖÄ‚ĖÄ‚ĖÄ    ‚ĖÄ‚ĖÄ‚ĖÄ‚Ėď‚Ėą‚Ėą‚Ėą‚Ėą‚Ėą‚Ėď‚ĖĆ
 ‚ĖĄ‚ĖĄ‚Ėą‚Ėą‚Ėą‚ĖÄ‚ĖÄ‚ĖÄ                                                                  ‚ĖĎ  ‚ĖÄ‚ĖÄ‚ĖÄ‚Ėą‚Ėą‚Ėą‚ĖĄ‚ĖĄ
‚Ėź‚Ėą‚Ėď‚ĖÄ          Greets go out to all the groups working for the real scene,          ‚ĖÄ‚Ėą‚Ėď‚ĖĆ
‚Ėą‚Ėď‚ĖĆ                  especially our friends and/or competition in:                  ‚Ėź‚Ėą‚Ėď
‚Ėź‚Ėą‚Ėď‚ĖĄ                                                                               ‚ĖĄ‚Ėą‚Ėą‚ĖĆ
 ‚ĖÄ‚ĖÄ‚Ėą‚Ėą‚Ėď‚ĖĄ    AODiSO     B1L     ELiXiR     EMX     iNVADERS     LEViTY     Ltu    ‚ĖĄ‚Ėą‚Ėą‚Ėď‚ĖÄ‚ĖÄ
‚ĖĄ  ‚Ėź‚Ėą‚Ėď‚Ėď                                                                         ‚Ėą‚Ėą‚Ėď‚ĖĆ  ‚ĖĄ
  ‚ĖĄ‚Ėą‚Ėď‚ĖÄ          NEBULA     NiTRO     Replica     RSG     TNAN     VoMiT          ‚ĖÄ‚Ėą‚Ėď‚ĖĄ
 ‚Ėź‚Ėą‚Ėď                                                                               ‚Ėą‚Ėď‚ĖĆ
 ‚Ėą‚Ėď‚ĖĆ                                                                               ‚Ėź‚Ėď‚Ėą
 ‚Ėź‚Ėď             Looking for:    ‚ąô  (pre)retail suppliers; all regions               ‚Ėď‚ĖĆ
  ‚ĖÄ‚ĖĄ                                                                               ‚ĖĄ‚ĖÄ
                                ‚ąô  private affil sites
 ‚Ėą‚Ėď‚ĖĄ‚ĖĄ             ‚ĖĄ‚ĖĄ‚Ėď‚Ėą‚Ėą‚ĖĄ‚ĖĄ                                     ‚ĖĄ‚ĖĄ‚Ėą‚Ėą‚Ėď‚ĖĄ‚ĖĄ             ‚ĖĄ‚ĖĄ‚Ėď‚Ėą
  ‚ĖÄ‚ĖÄ‚Ėą‚Ėą‚Ėą‚ĖĄ‚ĖĄ‚ĖĄ   ‚ĖĄ‚ĖĄ‚ĖĄ‚Ėą‚Ėą‚Ėą‚Ėą‚ĖÄ‚ĖÄ‚ĖÄ‚Ėą‚Ėą‚Ėď‚ĖĄ     ‚ąô  private encode servers   ‚ĖĄ‚Ėą‚Ėą‚Ėď‚ĖÄ‚ĖÄ‚ĖÄ‚Ėą‚Ėą‚Ėą‚Ėą‚ĖĄ‚ĖĄ‚ĖĄ   ‚ĖĄ‚ĖĄ‚ĖĄ‚Ėą‚Ėą‚Ėą‚ĖÄ‚ĖÄ
       ‚ĖÄ‚ĖÄ‚Ėą‚Ėą‚Ėą‚Ėą‚Ėą‚Ėď‚ĖÄ‚ĖÄ       ‚ĖÄ‚Ėą‚Ėą‚Ėď                               ‚Ėą‚Ėą‚Ėď‚ĖÄ       ‚ĖÄ‚ĖÄ‚Ėď‚Ėą‚Ėą‚Ėą‚Ėą‚Ėą‚ĖÄ‚ĖÄ
                          ‚Ėą‚Ėą‚Ėď                             ‚Ėą‚Ėą‚Ėď
 NFO updated: 01/01/2012  ‚Ėź‚Ėď‚ĖĆ                             ‚Ėź‚Ėď‚ĖĆ
                         ‚ĖĄ‚Ėą‚ĖÄ       ignition@hush.ai        ‚ĖÄ‚Ėą‚ĖĄ
                    ‚ĖÄ‚ĖĄ‚ĖĄ‚ĖĄ‚ĖÄ‚ĖÄ                                   ‚ĖÄ‚ĖÄ‚ĖĄ‚ĖĄ‚ĖĄ‚ĖÄ
