№╗┐РћљкњкњкњкњкњкњкњкњкњкњкњкњкњкњкњкњкњкњкњкњкњкњкњкњкњкњкњкњкњкњкњкњкњкњкњкњSSTVкњкњкњкњкњкњкњкњкњкњкњкњкњкњкњкњкњкњкњкњкњкњкњкњкњкњкњкњкњкњкњкњкњкњкњкњкњкњкњкњкњкњРћљ

     Neon.Genesis.Evangelion.Platinum.EP03.DVDRip.XviD-SSTV

РћљкњкњкњкњкњкњкњкњкњкњкњкњкњкњкњкњкњкњкњкњкњкњкњкњкњкњкњкњкњкњкњкњкњкњкњкњРћгРћгкњкњкњкњкњкњкњкњкњкњкњкњкњкњкњкњкњкњкњкњкњкњкњкњкњкњкњкњкњкњкњкњкњкњкњкњкњкњкњкњкњкњРћљ

     Format : XviD
     Source : DVD
     Airdate: 22.11.05
     Release: 15.08.08
     Rars   : 17x15mb  

РћљкњкњкњкњкњкњкњкњкњкњкњкњкњкњкњкњкњкњкњкњкњкњкњкњкњкњкњкњкњкњкњкњкњкњкњкњРћгРћгкњкњкњкњкњкњкњкњкњкњкњкњкњкњкњкњкњкњкњкњкњкњкњкњкњкњкњкњкњкњкњкњкњкњкњкњкњкњкњкњкњкњРћљ

http://www.amazon.com/Neon-Genesis-Evangelion-Platinum-Collection/dp/B000767QTA

The year is 2015, and half of the Earth's population is dead, victims of the disaster called Second Impact! Answering a summons from his enigmatic father, 14-year-old Shinji Ikari arrives in the rebuilt city of New Tokyo-3 just as a gigantic creature identified as an "Angel" attacks! Forced into the cockpit of a giant bio-mechanical construct known as an Evangelion, Shinji must defend the city from the rampaging Angel or die trying! The future is back like you've never seen it before, in Neon Genesis Evangelion: Platinum Edition!

РћљкњкњкњкњкњкњкњкњкњкњкњкњкњкњкњкњкњкњкњкњкњкњкњкњкњкњкњкњкњкњкњкњкњкњкњкњРћгРћгкњкњкњкњкњкњкњкњкњкњкњкњкњкњкњкњкњкњкњкњкњкњкњкњкњкњкњкњкњкњкњкњкњкњкњкњкњкњкњкњкњкњРћљ

 We Are Currently Looking For the Following:- 

 * UK - US - Canada - Australian DSR/PDTV/HDTV Cappers.

 * HQ Sites, DE.TVHQ, CZ.TVHQ, EE.TVHQ, CA.TVHQ, KR.TVHQ.

 * PRE & Mirc/TCL Script specialists and iRCD Owners.

 * Dump Owners with 10Mbit + / 15gb+ servers for SSTVs exclusive use.                       
 * TV-SCREENERS / TV-DVD / Suppliers and rippers.

 * Anything else you think is important.
                        
                       ** Email  --  SSTV@hushmail.com ** 
       
РћљкњкњкњкњкњкњкњкњкњкњкњкњкњкњкњкњкњкњкњкњкњкњкњкњкњкњкњкњкњкњкњкњкњкњкњкњРћгРћгкњкњкњкњкњкњкњкњкњкњкњкњкњкњкњкњкњкњкњкњкњкњкњкњкњкњкњкњкњкњкњкњкњкњкњкњкњкњкњкњкњкњРћљ
