██████████▓████░░█████████████▒█▒██▒████████▒████████▒███████░░░░░██████████████
████▓███████████░██▒▓███▒██▒██▓████▒███▒██▒▓▒████████▒███▒█▒████░████░██████████
███████████████████████████████░▒██▒██▒▒██▒████████████████▒█████████░██████████
███████░░█████████████▓██▒▒▒ ▓█████▒█▒   ██▓███▒██ ████████████████████████████▓
████████████████▒████▒███▓█░  ▒██▒▒▒▒░    ██████░   █▒▒░██▒█▓█████▒░███████▓████
██████████░██████░▒██▒▒▒▒██     ████▒      ██▒█     ███▓█▓▓██ ██████▒▒▒█████████
██░█████████▓█▒█▓   ████▒▒▒      ███       ███       ██▒░█▒   ██▒▓▓██▒██▒████░██
█░████▒██████████     ████        ▒         █        ████     ██▒███▒▒▒█▒██▒████
█████▓█▒████▓███▒       █▒                            █       ░█░░▒█████████████
███████░  ██████▒                     ▄▄▄░                     ██▒███   ██▒██▒██
███████▓     ███░              ░▒████████████▓░░               ██░      ██▓████▒
▒▒▓▓█▓░▒                 ▒██████████████████████████           ▓       ░███▒▓███
████▒▒█░             ▒███████████████████████████████████▒             ████▒▓▓██
████████            ███████████████████████████████████████            ▒████████
   ░████           █▒███████████████████████████████████████           ██▓█░    
                  ███████████████████████████████████████████                   
                 ██▒█████████████████████████████████████████░                  
                 █▓███████████████████████████████████████████                  
                ▒█▓███████████████████████████████████████████▓                 
                ███████████████████████████████████████████████                 
                █▒█████████████████████████████████████████████                 
                █░█████████████████████████████████████████████                 
               ▓███████████████████████████████████████████████▓                
               █████████████████████████████████████████████████                
               █████████████████████████████████████████████████                
               █░███████████████████████████████████████████████                
               █▓███████████████████████████████████████████████                
               █░███████████████████████████████████████████████                
               █▒██████▒  █████████████████████████████  ░██████                
               █▒████       █████████████████████████       ██                  
              █▒█░█░  ██▒     ▓░    █▒     ░█░   ▓█    ░░██  ▓█                 
             █░████  ░█████░    ░                     █████   ▒█                
            █░██ █   ███████░                       ███████░   █                
           █░███ █   ██████████                  ░██████████   █                
           █ ████ █  ████████████        ░    ▒▒████████████ ░█░                
           ███████    ███████████████░     ███████████████ ▒▒█░                 
            █████▓█  ░░████████▀▄▀███   █   ██▀▄▀████████░▒   █                 
               ██ █░     ███████▄███   ███   ██▄███████      ▒█                 
                █▓█    ░        ██▀▓  ░███░    ▀           ░  █                 
                █░█        ░         ███████▓         ░       █                 
                                                                                
                                                                                
                       ███                             ██                       
                       ███                             ███                      
                       ███                             ███                      
               ███████████   ██████████   ██████████   ██████████               
              ████   █████  ███     ████ ████    ███   █████  ████              
             ███     █ ███          ████ ████          ███      ███             
             ███       ███   ███████████  ██████████   ███      ███             
             ███       ███  ███     ████        █████  ███      ███             
             ████     ████ ████     ████ ███      ███  ███      ███             
               ███████████  ████████████  ███████████  ███      ███             
                                                                  █             
                                                                  █             
 ██████▌░░                                                        █   ░░ ██████▌
 ██████ ▒▒▌                                                       █  ▐▒▒ ██████ 
 ▓█████ ▓▓█▄▄    ▓▀█ ▓▀█ ▓  ▓▀█ ▓▀▀█ ▓▄▄ ▓▀█    ▓ ▓▀▀█ ▓▀▀ ▓▀▀█   █▄▄█▓▓ ▓█████ 
 ▓▓████ ████████ █   █▄▄ █▄ █▄▄ █▀ █ ▄▄█ █▄▄    █ █  █ █▀  █▄ █ ████████ ▓▓████ 
 ▄▄▄▄▄▄                                                           █      ▄▄▄▄▄▄ 
 ██████            Iron.Man.RETAiL.DVDRip.XviD-DASH               █      ██████ 
 ▐█████                                                           █      ▐█████ 
 ▐█████     Release.Date.: Sep, 12th 2008                         █      ▐█████ 
  ▓███▌     DVD.Date.....: Sep, 30th 2008                         █       ▓███▌ 
  ████      Source.......: NTSC DVD9 R1                           ▓       ████  
 ▐███▓      Audio........: english 5.1 | Persian                  ▓      ▐███▓  
 █████      Video........: 640x272 1095 kbps                      ▓      █████         
 █████▌     Rating.......: 8.2/10 (94,136 votes)                  ▓      █████▌        
 ██████     Rls.size.....: 2CD*49*15mb                            ▓      ██████                                                       
 ██████     Genre........: Action Adventure Drama Sci-Fi Thriller ▓      ██████                                                       
 ██████     Runtime......: 125 mins                               ▓      ██████                                                       
 ▓█████     Subs.........: eng, spa, fr                           ▓      ▓█████                                                 
 ▓▓████     Aspect.Ratio.: 2.353 (40:17)                          ▓      ▓▓████ 
         ░░                                                       ▓   ░░        
 ██████▌ ▒▒▌                                            ▄         ▓  ▐▒▒ ██████▌
 ██████  ▓▓█▄▄  ▓▀█ ▓▀█ ▓  ▓▀█ ▓▀▀█ ▓▄▄ ▓▀█   ▓▀▀█ ▓▀▀█ ▓▀ ▓▀█ ▓▄▄▓▄▄█▓▓ ██████ 
 ▓█████  ██████ █   █▄▄ █▄ █▄▄ █▀ █ ▄▄█ █▄▄   █  █ █▄ █ █  █▄▄ ▄▄█▓█████ ▓█████ 
 ▓▓████                                                           ▓      ▓▓████ 
 ▄▄▄▄▄▄                                                           ▓      ▄▄▄▄▄▄ 
 ██████                                                           ▓      ██████ 
 ▐█████                                                           ▓      ▐█████ 
 ▐█████           When wealthy industrialist Tony Stark           ▓      ▐█████ 
  ▓███▌           is forced to build an armored suit after        ▓       ▓███▌ 
  ████            a life-threatening incident, he ultimately      ▓       ████  
 ▐███▓            decides to use its technology to fight          ▓      ▐███▓  
 █████            against evil.                                   ▓      █████  
 █████▌                                                           ▒      █████▌ 
 ██████                                                           ▒      ██████ 
 ██████  ░░                                                       ▒   ░░ ██████ 
 ██████  ▒▒▌                                                      ▒  ▐▒▒ ██████ 
 ▓█████  ▓▓█▄▄                ▓▀▀█ ▓▀▀▀ ▓▀ ▓▀█ ▓▄▄                ▒▄▄█▓▓ ▓█████ 
         ████████████████████ █  █ █▄ █ █  █▄▄ ▄▄█ █████████████████████        
 ██████▌                                                          ▒      ██████▌
 ██████                                                           ▒      ██████ 
 ▓█████                                                           ▒      ▓█████ 
 ▓▓████                                                           ▒      ▓▓████ 
 ▄▄▄▄▄▄                                                           ▒      ▄▄▄▄▄▄ 
 ██████                 -enjoy this r1 retail xvid,               ▒      ██████ 
 ▐█████                  from your favorite crew!                 ▒      ▐█████ 
 ▐█████                                                           ▒      ▐█████ 
  ▓███▌                 -devise had no end scene and wasnt        ▒       ▓███▌ 
  ████                   retail.                                  ▒       ████  
 ▐███▓                                                            ▒      ▐███▓  
 █████                                                            ▒      █████  
 █████▌                                                           ▒      █████▌ 
 ██████                                                           ▒      ██████ 
 ██████                                                           ▒      ██████ 
 ██████ ░░                                                        ▒   ░░ ██████ 
 ▓█████ ▒▒▌                                                       ▒  ▐▒▒ ▓█████ 
        ▓▓█▄▄               ▓▀▀▀  ▓▀█ ▓▀▀▀ ▓  ▄ ▓▀▀█              ▒▄▄█▓▓        
 ██████▌███████████████████ █▄▄██ █   █▄ █ █▄▄█ █ ▀▀ ███████████████████ ██████▌
 ██████                                                           ▒      ██████ 
 ▓█████                                                           ▒      ▓█████ 
 ▓▓████                                                           ▒      ▓▓████ 
 ▄▄▄▄▄▄                   Want to join the DASH crew?             ▒      ▄▄▄▄▄▄ 
 ██████                         See if you got:                   ▒      ██████ 
 ▐█████                                                           ▒      ▐█████ 
 ▐█████                 . Unreleased VHS/DVD Screeners            ▒      ▐█████ 
  ▓███▌                   or DVD Retails.                         ▒       ▓███▌ 
  ████                  . Unreleased Cam, Telesync,               ▒       ████  
 ▐███▓                    Telecine Videos.                        ▒      ▐███▓  
 █████                  . Direct-Input Audio or                   ▒      █████  
 █████▌                   DTS Theatre Discs.                      ▒      █████▌ 
 ██████                                                           ▒      ██████ 
 ██████                    Mail: findus@none.com                  ▒      ██████ 
 ██████                                                           ▒      ██████ 
 ▓█████                                                           ▒      ▓█████ 
        ░░                                                        ▒   ░░        
 ██████ ▒▒▌                                  ▄                    ░  ▐▒▒ ██████▌
 ██████ ▓▓█▄▄              ▓▀▀▀  ▓▀█ ▓▀█ ▓▀█ ▓▀ ▓▄▄               ░▄▄█▓▓ ██████ 
 ▓█████▌██████████████████ █▄▄██ █   █▄▄ █▄▄ █  ▄▄█ ████████████████████ ▓█████ 
 ▓▓████                                                           ░      ▓▓████ 
 ▄▄▄▄▄▄                                                           ░      ▄▄▄▄▄▄ 
 ██████                                                           ░      ██████ 
 ▐█████                                                           ░      ▐█████ 
 ▐█████                                                           ░      ▐█████ 
  ▓███▌                                                           ░       ▓███▌ 
  ████                                                            ░       ████  
 ▐███▓         Replica aNBc Cartier DMT DoNE MoH MARVEL RELOADED  ░      ▐███▓  
 █████                                                            ░      █████  
 █████▌                                                           ░      █████▌ 
 ██████                                                           ░      ██████ 
 ██████                                                           ░      ██████ 
 ▒▒████                                                           ░      ██████ 
 ▓█░███                                                           ░      ▓█████ 
 ▀▀▀▀▀▀▀▀▀▀▀▀▀▀▀█ █▓                     █████████         ██▀▀▀▀▀▀▀▀▀▀▀▀▀▀▀▀▀▀ 
                 ██▓▓ ░              ░████████████░       ▒█                    
                  █ █ ░             ███████████████▓      ▓                     
                  █▒█              ████████▓█████████▒▒   █                     
                  █▒█  █ ▒        ▓█████████████   ░█     █                     
                  █▓█░ ██▓       ███████████▒█████▒     █ █                     
                  ███            ████▓███  ████░     ███▓██                     
                   ███░          ████  ██  ▒█     █▓▒██▓ ▓█                     
                   █████         ░     ███  ▒   ▓█ █   ██▓                      
                     ██▓█             ▒▒   ▓ ▓ ██▒░   █▒                        
                       █░█                 █░██     ▓█▓                         
                       ███▒       ▒░    ░▓██▓     ▓███                          
                        █░█   ░       █████    ▒███▒█                           
                        ░█▒█       ▒█▒██    ░████████                           
                         ▒█░█   ▒░█ ▒     █▓███████░                            
  ░████                    █▒ █░▒█       █▒░█▒▒▒█▓                    ██▓█░     
███████                      █▒░▓    ▒░░░▒▒▒▒░██                      ▒████████ 
███▒▒█░                       ▓█▒░░░ ▒▒░░ ▒▒█▒                        ████▒▓▓██ 
▒▓▓█▓░▒                         █░░▒░▒     ░▒                 ▓       ░███▒▓███ 
██████▓     ███░                  █ ▓▒▓ ▒▒▒                   ██░      ██▓████▒ 
██████░  ██████▒                   ▓░ ░ ▓                     ██▒███   ██▒██▒██ 
████▓█▒████▓███▒       █▒             ▒              █       ░█░░▒█████████████ 
░████▒██████████     ████        ▒         █        ████     ██▒███▒▒▒█▒██▒████ 
█░█████████▓█▒█▓   ████▒▒▒      ███       ███       ██▒░█▒   ██▒▓▓██▒██▒████░██ 
█████████░██████░▒██▒▒▒▒██     ████▒      ██▒█     ███▓█▓▓██ ██████▒▒▒█████████ 
███████████████▒████▒███▓█░  ▒██▒▒▒▒░    ██████░   █▒▒░██▒█▓█████▒░███████▓████ 
██████░░█████████████▓██▒▒▒ ▓█████▒█▒   ██▓███▒██ ████████████████████████████▓ 
██████████████████████████████░▒██▒██▒▒██▒████████████████▒█████████░██████████ 
███▓███████████░██▒▓███▒██▒██▓████▒███▒██▒▓▒████████▒███▒█▒████░████░██████████ 
█████████▓████░░█████████████▒█▒██▒████████▒████████▒███████░░░░░██████████████
