ÔĽŅ                                                                                 
                       ‚ĖĎ‚ĖĎ‚ĖĎ                                                       
                    ‚ĖĎ‚ĖĎ‚ĖĎ‚Ėą‚Ėą‚Ėą‚ĖĎ                                  ‚ĖĎ‚ĖĎ‚ĖĎ‚ĖĎ‚ĖĎ‚ĖĎ‚ĖĎ‚ĖĎ‚ĖĎ‚ĖĎ‚ĖĎ         
                  ‚ĖĎ‚ĖĎ‚Ėą‚Ėą‚Ėą‚Ėą‚Ėą‚Ėą‚Ėą‚ĖĎ                               ‚ĖĎ‚ĖĎ‚Ėą‚Ėą‚Ėą‚Ėą‚Ėą‚Ėą‚Ėą‚Ėą‚Ėą‚Ėą‚Ėą‚ĖĎ        
                ‚ĖĎ‚ĖĎ‚Ėą‚Ėą‚Ėą‚Ėą‚Ėą‚Ėą‚Ėą‚Ėą‚Ėą‚Ėą‚ĖĎ‚ĖĎ                           ‚ĖĎ‚ĖĎ‚Ėą‚Ėą‚Ėą‚Ėą‚Ėą‚Ėą‚Ėą‚Ėą‚Ėą‚Ėą‚Ėą‚Ėą‚Ėą‚Ėą‚ĖĎ       
              ‚ĖĎ‚ĖĎ‚Ėą‚Ėą‚Ėą‚Ėą‚Ėą‚Ėą‚Ėą‚Ėą‚Ėą‚Ėą‚Ėą‚Ėą‚Ėą‚Ėą‚ĖĎ                         ‚ĖĎ‚Ėą‚Ėą‚Ėą‚Ėą‚Ėą‚Ėą‚Ėą‚Ėď‚Ėď‚Ėą‚Ėą‚Ėą‚Ėą‚Ėą‚Ėą‚Ėą‚Ėą‚ĖĎ      
            ‚ĖĎ‚ĖĎ‚Ėą‚Ėą‚Ėą‚Ėą‚Ėď‚Ėď‚Ėď‚Ėď‚Ėą‚Ėą‚Ėą‚Ėą‚Ėą‚Ėą‚Ėą‚Ėą‚Ėď                        ‚ĖĎ‚Ėą‚Ėą‚Ėą‚Ėą‚Ėą‚Ėą‚Ėď‚Ėď‚Ėď  ‚Ėď‚Ėą‚Ėą‚Ėą‚Ėą‚Ėą‚Ėą‚Ėď      
           ‚ĖĎ‚Ėą‚Ėą‚Ėą‚Ėą‚Ėą‚Ėď‚Ėď    ‚Ėď‚Ėą‚Ėą‚Ėą‚Ėą‚Ėą‚Ėą‚Ėą                       ‚ĖĎ‚Ėą‚Ėą‚Ėą‚Ėą‚Ėą‚Ėď‚Ėď‚Ėď     ‚Ėą‚Ėą‚Ėą‚Ėą‚Ėą‚Ėď‚Ėď      
          ‚ĖĎ‚Ėą‚Ėą‚Ėą‚Ėą‚Ėą‚Ėď‚Ėď      ‚Ėą‚Ėą‚Ėą‚Ėą‚Ėď‚Ėď‚Ėď‚Ėď                     ‚ĖĎ‚Ėą‚Ėą‚Ėą‚Ėą‚Ėą‚Ėď‚Ėď       ‚Ėą‚Ėą‚Ėą‚Ėď‚Ėď‚Ėď       
         ‚ĖĎ‚Ėą‚Ėą‚Ėą‚Ėą‚Ėą‚Ėą‚Ėď       ‚Ėą‚Ėą‚Ėď‚Ėď‚Ėď      ‚ĖĎ‚ĖĎ‚ĖĎ    ‚ĖĎ‚ĖĎ‚ĖĎ       ‚ĖĎ‚Ėą‚Ėą‚Ėą‚Ėą‚Ėą‚Ėď‚Ėď        ‚Ėą‚Ėą‚Ėď‚Ėď         
        ‚ĖĎ‚Ėą‚Ėą‚Ėą‚Ėą‚Ėą‚Ėą‚Ėď‚Ėď        ‚Ėď‚Ėď      ‚ĖĎ‚ĖĎ‚Ėą‚Ėą‚Ėą  ‚ĖĎ‚ĖĎ‚Ėą‚Ėą‚Ėą‚ĖĎ‚ĖĎ    ‚ĖĎ‚Ėą‚Ėą‚Ėą‚Ėą‚Ėą‚Ėď‚Ėď          ‚Ėď‚Ėď          
        ‚ĖĎ‚Ėą‚Ėą‚Ėą‚Ėą‚Ėą‚Ėą‚Ėď                ‚ĖĎ‚Ėą‚Ėą‚Ėą‚Ėą‚Ėą‚Ėď‚ĖĎ‚Ėą‚Ėą‚Ėą‚Ėą‚Ėą‚Ėą‚Ėą   ‚ĖĎ‚Ėą‚Ėą‚Ėą‚Ėą‚Ėą‚Ėą‚Ėď                       
        ‚ĖĎ‚Ėą‚Ėą‚Ėą‚Ėą‚Ėą‚Ėą‚Ėď               ‚ĖĎ‚Ėą‚Ėą‚Ėą‚Ėą‚Ėą‚Ėą‚Ėą‚Ėą‚Ėą‚Ėą‚Ėą‚Ėą‚Ėą‚Ėą‚Ėą‚Ėď  ‚ĖĎ‚Ėą‚Ėą‚Ėą‚Ėą‚Ėą‚Ėď‚Ėď                ‚ĖĎ      
        ‚ĖĎ‚Ėą‚Ėą‚Ėą‚Ėą‚Ėą‚Ėą‚Ėą‚ĖĎ       ‚ĖĎ‚ĖĎ‚ĖĎ‚ĖĎ   ‚Ėą‚Ėą‚Ėą‚Ėą‚Ėą‚Ėą‚Ėą‚Ėą‚Ėą‚Ėą‚Ėą‚Ėą‚Ėą‚Ėą‚Ėą‚Ėą‚Ėď ‚ĖĎ‚Ėą‚Ėą‚Ėą‚Ėą‚Ėą‚Ėą‚Ėď                ‚ĖĎ‚Ėą‚ĖĎ     
        ‚ĖĎ‚Ėą‚Ėą‚Ėą‚Ėą‚Ėą‚Ėą‚Ėą‚Ėą‚ĖĎ‚ĖĎ‚ĖĎ‚ĖĎ‚ĖĎ‚ĖĎ‚ĖĎ‚Ėą‚Ėą‚Ėą‚Ėą‚ĖĎ  ‚ĖĎ‚Ėą‚Ėą‚Ėą‚Ėą‚Ėą‚Ėą‚Ėą‚Ėą‚Ėą‚Ėą‚Ėą‚Ėą‚Ėą‚Ėą‚Ėą‚Ėď ‚ĖĎ‚Ėą‚Ėą‚Ėą‚Ėą‚Ėą‚Ėą‚Ėď               ‚ĖĎ‚Ėą‚Ėą‚ĖĎ     
    ‚ĖĎ   ‚ĖĎ‚Ėą‚Ėą‚Ėą‚Ėą‚Ėą‚Ėą‚Ėą‚Ėą‚Ėą‚Ėą‚Ėą‚Ėą‚Ėą‚Ėą‚Ėą‚Ėą‚Ėą‚Ėą‚Ėą‚Ėď  ‚ĖĎ‚Ėą‚Ėą‚Ėą‚Ėą‚Ėą‚Ėď‚Ėď‚Ėď‚Ėď‚Ėď‚Ėą‚Ėą‚Ėą‚Ėą‚Ėą‚Ėď‚ĖĎ‚Ėą‚Ėą‚Ėą‚Ėą‚Ėą‚Ėą‚Ėď‚Ėď              ‚ĖĎ‚Ėą‚Ėą‚Ėą‚Ėą     
   ‚ĖĎ‚Ėą‚ĖĎ  ‚ĖĎ‚Ėą‚Ėą‚Ėą‚Ėą‚Ėą‚Ėą‚Ėą‚Ėą‚Ėą‚Ėą‚Ėą‚Ėą‚Ėą‚Ėą‚Ėą‚Ėą‚Ėą‚Ėą‚Ėą‚Ėď  ‚ĖĎ‚Ėą‚Ėą‚Ėą‚Ėą‚Ėą‚Ėď    ‚Ėą‚Ėą‚Ėą‚Ėą‚Ėą‚Ėď‚ĖĎ‚Ėą‚Ėą‚Ėą‚Ėą‚Ėą‚Ėą‚Ėď               ‚Ėą‚Ėą‚Ėą‚Ėą‚Ėď     
   ‚ĖĎ‚Ėą‚Ėą‚ĖĎ ‚ĖĎ‚Ėą‚Ėą‚Ėď‚Ėď‚Ėď‚Ėď‚Ėď‚Ėď‚Ėď‚Ėď‚Ėą‚Ėą‚Ėą‚Ėą‚Ėą‚Ėą‚Ėą‚Ėą‚Ėą‚Ėď ‚ĖĎ‚Ėą‚Ėą‚Ėą‚Ėą‚Ėą‚Ėď‚Ėď   ‚Ėą‚Ėą‚Ėą‚Ėą‚Ėą‚Ėď‚Ėď‚ĖĎ‚Ėą‚Ėą‚Ėą‚Ėą‚Ėą‚Ėą‚Ėď                ‚Ėď‚Ėą‚Ėď      
   ‚ĖĎ‚Ėą‚Ėą‚Ėą‚ĖĎ ‚ĖĎ‚Ėď‚Ėď        ‚Ėą‚Ėą‚Ėą‚Ėą‚Ėą‚Ėą‚Ėą‚Ėą‚Ėď ‚ĖĎ‚Ėą‚Ėą‚Ėą‚Ėą‚Ėą‚Ėď    ‚Ėą‚Ėą‚Ėą‚Ėą‚Ėą‚Ėď ‚ĖĎ‚Ėą‚Ėą‚Ėą‚Ėą‚Ėą‚Ėą‚Ėď             ‚ĖĎ‚ĖĎ  ‚Ėď       
   ‚ĖĎ‚Ėą‚Ėą‚Ėą‚Ėą‚ĖĎ           ‚ĖĎ‚Ėą‚Ėą‚Ėą‚Ėą‚Ėą‚Ėą‚Ėď‚Ėď ‚ĖĎ‚Ėą‚Ėą‚Ėą‚Ėą‚Ėą‚Ėď    ‚Ėą‚Ėą‚Ėą‚Ėą‚Ėą‚Ėď ‚ĖĎ‚Ėą‚Ėą‚Ėą‚Ėą‚Ėą‚Ėą‚Ėď            ‚ĖĎ‚Ėą‚Ėą‚ĖĎ         
   ‚ĖĎ‚Ėą‚Ėď‚Ėď‚ĖĎ            ‚ĖĎ‚Ėą‚Ėą‚Ėą‚Ėą‚Ėą‚Ėą‚Ėď ‚ĖĎ‚Ėą‚Ėą‚Ėą‚Ėą‚Ėą‚Ėď‚Ėď   ‚Ėą‚Ėą‚Ėą‚Ėą‚Ėą‚Ėď‚Ėď ‚ĖĎ‚Ėą‚Ėą‚Ėą‚Ėą‚Ėą‚Ėą‚Ėď           ‚ĖĎ‚Ėą‚Ėą‚Ėą‚Ėď         
    ‚ĖĎ  ‚ĖĎ‚ĖĎ‚Ėą‚Ėą‚Ėą        ‚ĖĎ‚Ėą‚Ėą‚Ėą‚Ėą‚Ėą‚Ėą‚Ėď ‚ĖĎ‚Ėą‚Ėą‚Ėą‚Ėą‚Ėą‚Ėď   ‚Ėą‚Ėą‚Ėą‚Ėą‚Ėą‚Ėą‚Ėď  ‚ĖĎ‚Ėą‚Ėą‚Ėą‚Ėą‚Ėą‚Ėą‚Ėą‚ĖĎ        ‚ĖĎ‚ĖĎ‚Ėą‚Ėą‚Ėą‚Ėď‚Ėď         
     ‚ĖĎ‚ĖĎ‚Ėą‚Ėą‚Ėą‚Ėą‚Ėą‚Ėď       ‚ĖĎ‚Ėą‚Ėą‚Ėą‚Ėą‚Ėą‚Ėď‚Ėď ‚ĖĎ‚Ėą‚Ėą‚Ėą‚Ėą‚Ėą‚Ėď   ‚Ėą‚Ėą‚Ėą‚Ėą‚Ėą‚Ėď‚Ėď  ‚ĖĎ‚Ėą‚Ėą‚Ėą‚Ėą‚Ėą‚Ėą‚Ėą‚Ėą‚ĖĎ     ‚ĖĎ‚ĖĎ‚Ėą‚Ėą‚Ėą‚Ėą‚Ėď‚Ėď          
    ‚ĖĎ‚Ėą‚Ėą‚Ėą‚Ėą‚Ėą‚Ėą‚Ėą‚Ėą‚ĖĎ      ‚ĖĎ‚Ėą‚Ėą‚Ėą‚Ėą‚Ėď‚Ėď‚Ėą‚ĖĎ‚Ėą‚Ėą‚Ėą‚Ėą‚Ėą‚Ėď‚Ėď  ‚Ėą‚Ėą‚Ėą‚Ėą‚Ėą‚Ėą‚Ėď‚Ėą‚Ėą‚Ėą‚ĖĎ‚Ėą‚Ėą‚Ėą‚Ėą‚Ėą‚Ėą‚Ėą‚Ėą‚Ėą‚ĖĎ‚ĖĎ‚ĖĎ‚ĖĎ‚ĖĎ‚Ėą‚Ėą‚Ėą‚Ėą‚Ėą‚Ėď‚Ėď           
      ‚Ėą‚Ėą‚Ėą‚Ėą‚Ėą‚Ėą‚Ėą‚Ėą‚ĖĎ‚ĖĎ‚ĖĎ‚ĖĎ‚ĖĎ‚ĖĎ‚Ėą‚Ėą‚Ėą‚Ėď‚Ėď‚Ėď‚Ėí‚Ėí‚ĖĎ‚Ėą‚Ėą‚Ėą‚Ėą‚Ėą‚Ėď  ‚Ėą‚Ėą‚Ėą‚Ėą‚Ėą‚Ėą‚Ėď‚Ėď‚Ėí‚Ėí‚Ėí‚Ėą‚ĖĎ‚Ėą‚Ėą‚Ėą‚Ėą‚Ėą‚Ėą‚Ėą‚Ėą‚Ėą‚Ėą‚Ėą‚Ėą‚Ėą‚Ėą‚Ėą‚Ėą‚Ėď‚Ėď‚Ėď            
       ‚Ėą‚Ėą‚Ėą‚Ėą‚Ėą‚Ėą‚Ėą‚Ėą‚Ėą‚Ėą‚Ėą‚Ėą‚Ėą‚Ėą‚Ėď‚Ėď‚Ėď‚Ėą‚Ėą‚Ėą‚Ėą‚ĖĎ‚Ėą‚Ėą‚Ėą‚Ėą‚Ėą‚Ėď  ‚Ėą‚Ėą‚Ėą‚Ėą‚Ėą‚Ėą‚Ėď‚Ėą‚Ėą‚Ėą‚Ėí‚Ėí‚Ėą‚ĖĎ‚Ėą‚Ėą‚Ėą‚Ėą‚Ėą‚Ėą‚Ėą‚Ėą‚Ėą‚Ėą‚Ėą‚Ėą‚Ėą‚Ėą‚Ėď‚Ėď‚Ėą             
        ‚Ėď‚Ėą‚Ėą‚Ėą‚Ėą‚Ėą‚Ėą‚Ėą‚Ėą‚Ėą‚Ėą‚Ėď‚Ėď‚Ėď‚Ėí    ‚Ėď‚Ėą‚Ėą‚Ėą‚Ėą‚Ėą‚Ėď‚Ėď ‚Ėą‚Ėą‚Ėą‚Ėą‚Ėą‚Ėą‚Ėď‚Ėď   ‚Ėą‚Ėí‚Ėí‚Ėí‚ĖĎ‚Ėą‚Ėą‚Ėą‚Ėą‚Ėą‚Ėą‚Ėą‚Ėą‚Ėą‚Ėą‚Ėą‚Ėď‚Ėď‚Ėď‚Ėí‚Ėą             
          ‚Ėď‚Ėą‚Ėą‚Ėą‚Ėą‚Ėą‚Ėď‚Ėď‚Ėď‚Ėď   ‚Ėď‚Ėď‚Ėď‚Ėď  ‚Ėď‚Ėď‚Ėď‚Ėď‚Ėď   ‚Ėď‚Ėď‚Ėď‚Ėď‚Ėď‚Ėď‚Ėí   ‚Ėď‚Ėą‚Ėą‚Ėą‚Ėą‚ĖĎ‚Ėą‚Ėą‚Ėą‚Ėą‚Ėą‚Ėą‚Ėą‚Ėą‚Ėď‚Ėď‚Ėď ‚Ėą‚Ėí‚Ėą             
          ‚Ėą‚Ėí‚Ėď‚Ėď‚Ėď‚Ėď‚Ėď                           ‚Ėď‚Ėď‚Ėď      ‚ĖĎ‚Ėď‚Ėď‚Ėď‚Ėď‚Ėď‚Ėď‚Ėď‚Ėď‚ĖĎ‚Ėď ‚Ėą‚Ėí‚Ėą             
          ‚Ėą‚Ėí‚Ėą‚Ėď‚ĖĎ                                                ‚ĖĎ‚Ėď‚Ėą‚Ėí‚Ėą             
         ‚ĖĎ‚Ėą‚Ėí‚Ėí‚Ėą‚ĖĎ‚ĖĎ     ‚Ė†Another fine one from Subs'n'Covers‚Ė†    ‚ĖĎ‚ĖĎ‚Ėą‚Ėí‚Ėí‚Ėą‚ĖĎ            
        ‚ĖĎ‚Ėď ‚Ėą‚Ėí‚Ėí‚Ėą‚Ėą‚ĖĄ‚ĖĄ‚ĖĄ‚ĖĄ‚ĖĄ‚ĖĄ‚ĖĄ‚ĖĄ‚ĖĄ‚ĖĄ‚ĖĄ‚ĖĄ‚ĖĄ‚ĖĄ‚ĖĄ‚ĖĄ‚ĖĄ            ‚ĖĄ‚ĖĄ‚ĖĄ‚ĖĄ‚ĖĄ‚ĖĄ‚ĖĄ‚ĖĄ‚ĖĄ‚ĖĄ‚ĖĄ‚ĖĄ‚ĖĄ‚ĖĄ‚ĖĄ‚ĖĄ‚ĖĄ‚Ėą‚Ėą‚Ėí‚Ėí‚Ėą ‚Ėď‚ĖĎ           
        ‚Ėď ‚Ėą‚Ėą‚Ėą‚Ėí‚Ėą‚Ėą‚Ėą‚Ėą‚Ėą‚Ėą‚Ėą‚Ėą‚Ėą‚Ėą‚Ėą‚Ėą‚Ėą‚Ėą‚Ėą‚Ėą‚Ėą‚Ėą‚Ėą‚Ėą          ‚Ėą‚Ėą‚Ėą‚Ėą‚Ėą‚Ėą‚Ėą‚Ėą‚Ėą‚Ėą‚Ėą‚Ėą‚Ėą‚Ėą‚Ėą‚Ėą‚Ėą‚Ėą‚Ėą‚Ėą‚Ėí‚Ėą‚Ėą‚Ėą ‚Ėď           
        ‚Ėď‚Ėą‚Ėą‚Ėą‚Ėą‚Ėí‚Ėą‚Ėą‚Ėą‚Ėą‚Ėą‚Ėą‚Ėą‚Ėą‚Ėą‚Ėą‚Ėą‚Ėą‚Ėą‚Ėą‚Ėą‚Ėą‚Ėą‚Ėą‚Ėą‚Ėą‚Ėą ‚ĖĎ‚Ėď‚Ėď‚Ėď‚Ėď‚ĖĎ ‚Ėą‚Ėą‚Ėą‚Ėą‚Ėą‚Ėą‚Ėą‚Ėą‚Ėą‚Ėą‚Ėą‚Ėą‚Ėą‚Ėą‚Ėą‚Ėą‚Ėą‚Ėą‚Ėą‚Ėą‚Ėą‚Ėí‚Ėą‚Ėą‚Ėą‚Ėą‚Ėď           
        ‚Ėą‚Ėď  ‚Ėą‚Ėí‚Ėą‚ĖĎ‚ĖĎ              ‚ĖĎ‚Ėą‚Ėą‚Ėą‚Ėą‚Ėď‚ĖĎ  ‚ĖĎ‚Ėď‚Ėą‚Ėą‚Ėą‚Ėą‚ĖĎ              ‚ĖĎ‚ĖĎ‚Ėą‚Ėí‚Ėą  ‚Ėď‚Ėą           
        ‚Ėą‚ĖĎ‚Ėď‚Ėą‚Ėí‚Ėí‚Ėą‚ĖÄ‚ĖÄ‚ĖÄ‚ĖÄ‚ĖÄ‚ĖÄ‚ĖÄ‚ĖÄ‚ĖÄ‚ĖÄ‚ĖÄ‚ĖÄ‚ĖÄ‚ĖÄ‚ĖÄ‚ĖÄ‚ĖÄ‚ĖÄ‚Ėą‚Ėą‚Ėą‚Ėą    ‚Ėą‚Ėą‚Ėą‚Ėą‚ĖÄ‚ĖÄ‚ĖÄ‚ĖÄ‚ĖÄ‚ĖÄ‚ĖÄ‚ĖÄ‚ĖÄ‚ĖÄ‚ĖÄ‚ĖÄ‚ĖÄ‚ĖÄ‚ĖÄ‚ĖÄ‚ĖÄ‚ĖÄ‚Ėą‚Ėí‚Ėí‚Ėą‚Ėď‚ĖĎ‚Ėą           
        ‚Ėą ‚Ėą‚Ėí‚Ėí‚Ėą‚ĖÄ‚ĖÄ‚ĖÄ‚ĖÄ‚ĖÄ‚ĖÄ‚ĖÄ‚ĖÄ‚ĖÄ‚ĖÄ‚ĖÄ‚ĖÄ‚ĖÄ‚ĖÄ‚ĖÄ‚ĖÄ‚ĖÄ‚ĖÄ‚ĖÄ‚ĖÄ‚Ėą‚Ėą‚Ėą‚Ėą  ‚Ėą‚Ėą‚Ėą‚Ėą‚ĖÄ‚ĖÄ‚ĖÄ‚ĖÄ‚ĖÄ‚ĖÄ‚ĖÄ‚ĖÄ‚ĖÄ‚ĖÄ‚ĖÄ‚ĖÄ‚ĖÄ‚ĖÄ‚ĖÄ‚ĖÄ‚ĖÄ‚ĖÄ‚ĖÄ‚ĖÄ‚Ėą‚Ėí‚Ėí‚Ėą ‚Ėą           
        ‚ĖĎ‚Ėą‚Ėí‚Ėí‚Ėą‚Ėď‚ĖĎ                   ‚ĖĎ‚Ėą‚Ėą‚Ėą‚Ėą‚Ėą‚Ėą‚Ėą‚Ėą‚ĖĎ                   ‚ĖĎ‚Ėď‚Ėą‚Ėí‚Ėí‚Ėą‚ĖĎ           
         ‚Ėą‚Ėí‚Ėą  ‚Ėď‚ĖĎ                   ‚ĖĎ‚Ėą‚Ėą‚Ėą‚Ėą‚Ėą‚Ėą‚ĖĎ                   ‚ĖĎ‚Ėď  ‚Ėą‚Ėí‚Ėą            
         ‚Ėą‚Ėí‚Ėą   ‚Ėď                    ‚ĖĎ‚Ėą‚Ėą‚Ėą‚Ėą‚ĖĎ                    ‚Ėď   ‚Ėą‚Ėí‚Ėą            
         ‚Ėą‚Ėí‚Ėą   ‚Ėď                     ‚ĖĎ‚Ėą‚Ėą‚ĖĎ                     ‚Ėď   ‚Ėą‚Ėí‚Ėą            
         ‚Ėą‚Ėí‚Ėą  ‚Ėď‚ĖĎ                      ‚ĖĎ‚ĖĎ                      ‚ĖĎ‚Ėď  ‚Ėą‚Ėí‚Ėą            
         ‚Ėą‚Ėí‚Ėí‚Ėą‚Ėď‚ĖĎ                      For:                      ‚ĖĎ‚Ėď‚Ėą‚Ėí‚Ėí‚Ėą            
          ‚Ėą‚Ėí‚Ėí‚Ėą    Perfect.Stranger.720p.BluRay.x264-SiNNERS     ‚Ėą‚Ėí‚Ėí‚Ėą             
         ‚ĖĎ‚Ėď‚Ėą‚Ėí‚Ėí‚Ėą                                                ‚Ėą‚Ėí‚Ėí‚Ėą‚Ėď‚ĖĎ            
        ‚ĖĎ‚Ėď  ‚Ėą‚Ėí‚Ėą  Title And Year.: Perfect Stranger (2007)      ‚Ėą‚Ėí‚Ėą  ‚Ėď‚ĖĎ           
        ‚Ėď   ‚Ėą‚Ėí‚Ėą  Genre..........: Drama Mystery Thriller       ‚Ėą‚Ėí‚Ėą   ‚Ėď           
        ‚Ėď   ‚Ėą‚Ėí‚Ėą  Language.......: English                      ‚Ėą‚Ėí‚Ėą   ‚Ėď           
        ‚ĖĎ‚Ėď  ‚Ėą‚Ėí‚Ėą  Runtime........:  mins                        ‚Ėą‚Ėí‚Ėą  ‚Ėď‚ĖĎ           
         ‚ĖĎ‚Ėď‚Ėą‚Ėí‚Ėí‚Ėą  Release Date...: 11-08-2007                   ‚Ėą‚Ėí‚Ėí‚Ėą‚Ėď‚ĖĎ            
          ‚Ėą‚Ėí‚Ėí‚Ėą   IMDB Rating....: 5.2 with 5018 votes           ‚Ėą‚Ėí‚Ėí‚Ėą             
          ‚Ėą‚Ėí‚Ėą‚Ėď‚ĖĎ                                                ‚ĖĎ‚Ėď‚Ėą‚Ėí‚Ėą             
          ‚Ėą‚Ėí‚Ėą ‚Ėď‚ĖĎ                     IMDB                     ‚ĖĎ‚Ėď ‚Ėą‚Ėí‚Ėą             
          ‚Ėą‚Ėí‚Ėą  ‚Ėď                                              ‚Ėď  ‚Ėą‚Ėí‚Ėą             
          ‚Ėą‚Ėí‚Ėą  ‚Ėď     http://www.imdb.com/title/tt0457433/     ‚Ėď  ‚Ėą‚Ėí‚Ėą             
          ‚Ėą‚Ėí‚Ėą ‚Ėď‚ĖĎ                                              ‚ĖĎ‚Ėď ‚Ėą‚Ėí‚Ėą             
          ‚Ėą‚Ėí‚Ėą‚Ėď‚ĖĎ                                                ‚ĖĎ‚Ėď‚Ėą‚Ėí‚Ėą             
         ‚ĖĎ‚Ėą‚Ėí‚Ėí‚Ėą   Subs:                                          ‚Ėą‚Ėí‚Ėí‚Ėą‚ĖĎ            
        ‚ĖĎ‚Ėď ‚Ėą‚Ėí‚Ėí‚Ėą                                                ‚Ėą‚Ėí‚Ėí‚Ėą ‚Ėď‚ĖĎ           
        ‚Ėď   ‚Ėą‚Ėí‚Ėą  [ ] Arabic    [ ] Bulgarian    [ ] Croatian   ‚Ėą‚Ėí‚Ėą   ‚Ėď           
        ‚Ėď   ‚Ėą‚Ėí‚Ėą  [ ] Czech     [ ] Danish       [ ] Dutch      ‚Ėą‚Ėí‚Ėą   ‚Ėď           
        ‚ĖĎ‚Ėď ‚Ėí‚Ėą‚Ėí‚Ėą  [X] English   [ ] Finnish      [ ] French     ‚Ėą‚Ėí‚Ėą‚Ėí ‚Ėď‚ĖĎ           
         ‚ĖĎ‚Ėď‚Ėą‚Ėí‚Ėí‚Ėą  [ ] German    [ ] Greek        [ ] Hebrew     ‚Ėą‚Ėí‚Ėí‚Ėą‚Ėď‚ĖĎ            
          ‚Ėą‚Ėí‚Ėí‚Ėą   [ ] Hindi     [ ] Hrvatski     [ ] Hungarian   ‚Ėą‚Ėí‚Ėí‚Ėą             
         ‚Ėą‚Ėí‚Ėí‚Ėą‚Ėď‚ĖĎ  [ ] Icelandic [ ] Italian      [ ] Norwegian  ‚ĖĎ‚Ėď‚Ėą‚Ėí‚Ėí‚Ėą            
         ‚Ėą‚Ėí‚Ėą  ‚Ėď‚ĖĎ [ ] Polish    [ ] Portuguese   [ ] Romanian  ‚ĖĎ‚Ėď  ‚Ėą‚Ėí‚Ėą            
         ‚Ėą‚Ėí‚Ėą   ‚Ėď [ ] Russian   [ ] Serbian      [ ] Slovenian ‚Ėď   ‚Ėą‚Ėí‚Ėą            
         ‚Ėą‚Ėí‚Ėą   ‚Ėď [ ] Spanish   [ ] Swedish      [ ] Turkish   ‚Ėď   ‚Ėą‚Ėí‚Ėą            
         ‚Ėą‚Ėí‚Ėą‚Ėí ‚Ėď‚ĖĎ [ ] Other     [ ] TBA          [ ] TBA       ‚ĖĎ‚Ėď ‚Ėí‚Ėą‚Ėí‚Ėą            
         ‚Ėą‚Ėí‚Ėí‚Ėą‚Ėď‚ĖĎ‚Ėď                                               ‚ĖĎ‚Ėď‚Ėą‚Ėí‚Ėí‚Ėą            
          ‚Ėą‚Ėí‚Ėí‚Ėą ‚ĖĎ‚Ėď   ‚ĖĎ‚Ėď‚Ėď‚Ėď‚Ėď‚Ėď       ‚ĖĎ‚Ėď‚Ėď‚Ėď‚Ėď‚Ėď‚Ėď‚Ėď       ‚ĖĎ‚Ėď‚Ėď‚Ėď‚Ėď‚Ėď‚Ėď     ‚ĖĎ‚Ėď‚Ėď‚Ėď‚Ėą‚Ėí‚Ėí‚Ėą             
         ‚ĖĎ‚Ėď‚Ėą‚Ėí‚Ėí‚Ėą ‚ĖĎ‚Ėď‚Ėď‚Ėď‚Ėď    ‚ĖĎ‚Ėď     ‚ĖĎ‚Ėď      ‚ĖĎ‚Ėď     ‚ĖĎ‚Ėď     ‚ĖĎ‚Ėď   ‚ĖĎ‚Ėď  ‚Ėą‚Ėí‚Ėí‚Ėą‚Ėď‚ĖĎ         
        ‚ĖĎ‚Ėď  ‚Ėą‚Ėí‚Ėą           ‚ĖĎ‚Ėď‚Ėď‚Ėď‚Ėď‚Ėď‚Ėď        ‚ĖĎ‚Ėď‚Ėď‚Ėď‚Ėď‚Ėď‚Ėď       ‚ĖĎ‚Ėď‚Ėď‚Ėď‚Ėď   ‚Ėą‚Ėí‚Ėą  ‚Ėď‚ĖĎ           
        ‚Ėď   ‚Ėą‚Ėí‚Ėą                                                ‚Ėą‚Ėí‚Ėą   ‚Ėď           
        ‚Ėď   ‚Ėą‚Ėí‚Ėą So, we started doing subs for x264 too, which  ‚Ėą‚Ėí‚Ėą   ‚Ėď           
        ‚ĖĎ‚Ėď ‚Ėí‚Ėą‚Ėí‚Ėą means we should probably have a little guide   ‚Ėą‚Ėí‚Ėą‚Ėí ‚Ėď‚ĖĎ           
         ‚ĖĎ‚Ėď‚Ėą‚Ėí‚Ėí‚Ėą and such                                       ‚Ėą‚Ėí‚Ėí‚Ėą‚Ėď‚ĖĎ            
          ‚Ėą‚Ėí‚Ėí‚Ėą                                                 ‚Ėą‚Ėí‚Ėí‚Ėą             
          ‚Ėą‚Ėí‚Ėą‚Ėď‚ĖĎ   How to apply:                               ‚ĖĎ‚Ėď‚Ėą‚Ėí‚Ėą             
          ‚Ėą‚Ėí‚Ėą ‚Ėď‚ĖĎ                                             ‚ĖĎ‚Ėď ‚Ėą‚Ėí‚Ėą             
          ‚Ėą‚Ėí‚Ėą  ‚Ėď  1. Download and install mkvtoolnix         ‚Ėď  ‚Ėą‚Ėí‚Ėą             
          ‚Ėą‚Ėí‚Ėą  ‚Ėď           -> http://tinyurl.com/2xmpah      ‚Ėď  ‚Ėą‚Ėí‚Ėą             
          ‚Ėą‚Ėí‚Ėą ‚Ėď‚ĖĎ  2. Start the mkvmerger                     ‚ĖĎ‚Ėď ‚Ėą‚Ėí‚Ėą             
          ‚Ėą‚Ėí‚Ėą‚Ėď‚ĖĎ   3. Add the .mkv file you want to apply      ‚ĖĎ‚Ėď‚Ėą‚Ėí‚Ėą             
         ‚ĖĎ‚Ėą‚Ėí‚Ėí‚Ėą        subs to                                 ‚Ėą‚Ėí‚Ėí‚Ėą‚ĖĎ            
        ‚ĖĎ‚Ėď ‚Ėą‚Ėí‚Ėí‚Ėą   4. Add the subfile (either .srt or .idx)    ‚Ėą‚Ėí‚Ėí‚Ėą ‚Ėď‚ĖĎ           
        ‚Ėď   ‚Ėą‚Ėí‚Ėą   5. You can now disable the subtitles you    ‚Ėą‚Ėí‚Ėą   ‚Ėď           
        ‚Ėď   ‚Ėą‚Ėí‚Ėą       dont want, in the listing               ‚Ėą‚Ėí‚Ėą   ‚Ėď           
        ‚ĖĎ‚Ėď ‚Ėí‚Ėą‚Ėí‚Ėą   6. In "Output Filename" find somewhere to   ‚Ėą‚Ėí‚Ėą‚Ėí ‚Ėď‚ĖĎ           
         ‚ĖĎ‚Ėď‚Ėą‚Ėí‚Ėí‚Ėą       throw it                                ‚Ėą‚Ėí‚Ėí‚Ėą‚Ėď‚ĖĎ            
          ‚Ėą‚Ėí‚Ėí‚Ėą    7. Press "Start muxing"                      ‚Ėą‚Ėí‚Ėí‚Ėą             
          ‚Ėą‚Ėí‚Ėą‚Ėď‚ĖĎ   8. Wait                                     ‚ĖĎ‚Ėď‚Ėą‚Ėí‚Ėą             
          ‚Ėą‚Ėí‚Ėą ‚Ėď‚ĖĎ  9. Enjoy :)                                ‚ĖĎ‚Ėď ‚Ėą‚Ėí‚Ėą             
          ‚Ėą‚Ėí‚Ėą  ‚Ėď                                             ‚Ėď  ‚Ėą‚Ėí‚Ėą             
          ‚Ėą‚Ėí‚Ėą  ‚Ėď  NOTE:                                      ‚Ėď  ‚Ėą‚Ėí‚Ėą             
          ‚Ėą‚Ėí‚Ėą ‚Ėď‚ĖĎ    We INCLUDE the .idx and .sub because     ‚ĖĎ‚Ėď ‚Ėą‚Ėí‚Ėą             
          ‚Ėą‚Ėí‚Ėą‚Ėď‚ĖĎ     we are not able to convert all those      ‚ĖĎ‚Ėď‚Ėą‚Ėí‚Ėą             
         ‚ĖĎ‚Ėą‚Ėí‚Ėí‚Ėą      languages, we do this MERELY as a bonus   ‚Ėą‚Ėí‚Ėí‚Ėą‚ĖĎ            
        ‚ĖĎ‚Ėď ‚Ėą‚Ėí‚Ėí‚Ėą     and release name wont be tagged           ‚Ėą‚Ėí‚Ėí‚Ėą ‚Ėď‚ĖĎ           
        ‚Ėď   ‚Ėą‚Ėí‚Ėą     accordingly (as in, we wont put languages ‚Ėą‚Ėí‚Ėą   ‚Ėď           
        ‚Ėď   ‚Ėą‚Ėí‚Ėą     we didnt convert into srt, into the rls   ‚Ėą‚Ėí‚Ėą   ‚Ėď           
        ‚ĖĎ‚Ėď ‚Ėí‚Ėą‚Ėí‚Ėą     name)                                     ‚Ėą‚Ėí‚Ėą‚Ėí ‚Ėď‚ĖĎ           
         ‚ĖĎ‚Ėď‚Ėą‚Ėí‚Ėí‚Ėą                                               ‚Ėą‚Ėí‚Ėí‚Ėą‚Ėď‚ĖĎ            
          ‚Ėą‚Ėí‚Ėí‚Ėą      But, who cares, we're still going strong  ‚Ėą‚Ėí‚Ėí‚Ėą             
          ‚Ėą‚Ėí‚Ėą‚Ėď‚ĖĎ     on xvid subpacks                         ‚ĖĎ‚Ėď‚Ėą‚Ėí‚Ėą             
          ‚Ėą‚Ėí‚Ėą ‚Ėď‚ĖĎ                                             ‚ĖĎ‚Ėď ‚Ėą‚Ėí‚Ėą             
          ‚Ėą‚Ėí‚Ėą  ‚Ėď                                              ‚Ėď  ‚Ėą‚Ėí‚Ėą             
          ‚Ėą‚Ėí‚Ėą‚Ėí ‚Ėď                                              ‚Ėď ‚Ėí‚Ėą‚Ėí‚Ėą             
          ‚Ėą‚Ėí‚Ėí‚Ėą ‚Ėď           Enjoy another release from         ‚Ėď ‚Ėą‚Ėí‚Ėí‚Ėą             
           ‚Ėą‚Ėí‚Ėą‚ĖĎ‚Ėď                     SnC                      ‚Ėď‚ĖĎ‚Ėą‚Ėí‚Ėą              
            ‚Ėą‚Ėą‚Ėď‚Ėą                 Over and Out                 ‚Ėą‚Ėď‚Ėą‚Ėą               
            ‚ĖĎ‚Ėď‚Ėą‚Ėí‚Ėą                                            ‚Ėą‚Ėí‚Ėą‚Ėď‚ĖĎ               
            ‚Ėď ‚Ėą‚Ėí‚Ėí‚Ėą                                          ‚Ėą‚Ėí‚Ėí‚Ėą ‚Ėď               
            ‚Ėď  ‚Ėą‚Ėí‚Ėí‚Ėą‚Ėą                                      ‚Ėą‚Ėą‚Ėí‚Ėí‚Ėą  ‚Ėď               
            ‚Ėď   ‚Ėą‚Ėí‚Ėí‚Ėí‚Ėą‚Ėą‚Ėą                                ‚Ėą‚Ėą‚Ėą‚Ėí‚Ėí‚Ėí‚Ėą   ‚Ėď               
            ‚ĖĎ‚Ėď   ‚Ėą‚Ėą‚Ėí‚Ėí‚Ėí‚Ėí‚Ėą‚Ėą‚Ėą‚Ėą‚ĖĎ‚ĖĎ                    ‚ĖĎ‚ĖĎ‚Ėą‚Ėą‚Ėą‚Ėą‚Ėí‚Ėí‚Ėí‚Ėí‚Ėą‚Ėą   ‚Ėď‚ĖĎ               
             ‚ĖĎ‚Ėď‚Ėď‚Ėď‚Ėď‚Ėď‚Ėą‚Ėą‚Ėą‚Ėí‚Ėí‚Ėí‚Ėí‚Ėí‚Ėą‚Ėą‚Ėą‚ĖĎ‚ĖĎ ‚Ėď‚Ėď‚Ėď‚ĖĎ    ‚ĖĎ‚Ėď‚Ėď‚Ėď ‚ĖĎ‚ĖĎ‚Ėą‚Ėą‚Ėą‚Ėí‚Ėí‚Ėí‚Ėí‚Ėí‚Ėą‚Ėą‚Ėą‚Ėď‚Ėď‚Ėď‚Ėď‚Ėď‚ĖĎ                
                      ‚Ėą‚Ėą‚Ėą‚Ėą‚Ėą‚Ėą‚Ėą‚Ėą‚Ėą‚Ėą‚Ėď‚ĖĎ  ‚Ėď‚ĖĎ  ‚ĖĎ‚Ėď  ‚ĖĎ‚Ėď‚Ėą‚Ėą‚Ėą‚Ėą‚Ėą‚Ėą‚Ėą‚Ėą‚Ėą‚Ėą                         
                        ‚ĖĎ‚Ėď‚Ėą‚Ėą‚Ėą‚Ėą‚Ėą‚Ėą‚Ėą‚Ėí‚ĖĎ  ‚Ėď‚Ėí‚Ėí‚Ėď  ‚ĖĎ‚Ėí‚Ėą‚Ėą‚Ėą‚Ėą‚Ėą‚Ėą‚Ėą‚Ėď‚ĖĎ                           
                         ‚ĖĎ‚Ėď  ‚Ėą‚Ėą‚Ėą‚Ėą‚Ėą   ‚ĖĎ‚Ėď‚Ėď‚ĖĎ   ‚Ėą‚Ėą‚Ėą‚Ėą‚Ėą  ‚Ėď‚ĖĎ                            
                          ‚ĖĎ‚Ėď‚Ėď‚Ėď‚Ėď‚Ėą‚Ėą‚Ėą‚Ėą ‚ĖĎ‚Ėď  ‚Ėď‚ĖĎ ‚Ėą‚Ėą‚Ėą‚Ėą‚Ėď‚Ėď‚Ėď‚Ėď‚ĖĎ                             
                               ‚Ėď‚Ėą‚Ėą‚Ėą‚Ėą‚Ėď    ‚Ėď‚Ėą‚Ėą‚Ėą‚Ėą‚Ėď                                  
                                ‚Ėď‚Ėą‚Ėą‚ĖąNfo By‚Ėą‚Ėą‚Ėą‚Ėď                                   
                                ‚ĖĎ‚Ėą‚Ėą‚Ėą‚ĖąDiaz‚Ėą‚Ėą‚Ėą‚Ėą‚ĖĎ                                   
                                ‚ĖĎ‚Ėą‚Ėą‚Ėą‚Ėą‚ĖĎ  ‚ĖĎ‚Ėą‚Ėą‚Ėą‚Ėą‚ĖĎ                                   
                                 ‚ĖĎ‚Ėą‚Ėą‚Ėą‚Ėą‚ĖĎ‚ĖĎ‚Ėą‚Ėą‚Ėą‚Ėą‚ĖĎ                                    
                                  ‚ĖĎ‚Ėą‚Ėą‚Ėą‚ĖĎ‚ĖĎ‚Ėą‚Ėą‚Ėą‚ĖĎ                                     
                                   ‚Ėą‚Ėą‚Ėą‚Ėą‚Ėą‚Ėą‚Ėą‚Ėą                                      
                                   ‚ĖĎ‚Ėą‚Ėą‚Ėą‚Ėą‚Ėą‚Ėą‚ĖĎ                                      
                                    ‚Ėą‚Ėą‚Ėą‚Ėą‚Ėą‚Ėą                                       
                                    ‚ĖĎ‚Ėą‚Ėą‚Ėą‚Ėą‚ĖĎ                                       
                                     ‚Ėą‚Ėą‚Ėą‚Ėą                                        
                                     ‚ĖĎ‚Ėą‚Ėą‚ĖĎ                                        
                                                                                 
                                     ‚Ėď‚Ėď‚Ėď‚Ėď  
                                    ‚ĖĎ‚Ėą‚Ėą‚Ėą‚Ėą‚ĖĎ 
                                    ‚ĖĎ‚Ėą‚Ėą‚Ėą‚Ėą‚ĖĎ 
                                     ‚ĖĎ‚Ėą‚Ėą‚ĖĎ  
                                     ‚ĖĎ‚Ėą‚Ėą‚ĖĎ  
                                      ‚ĖĎ‚ĖĎ   
 
 
 
 
 
 
 
                                           
                                           
                                           
                                           
                                           
                                           
                                           
                                           
                                           
                                           
