║║║ ▒▒ ▓▓▓▓▓▓▓▓▒▒▒▒▓▓▓▓▒▒▒▒▒▓▒▒▒▒▒▒▒▒▒▒▒▒▓▓▓▓▓▒▓▒▓▓▓ ▒▒▒▒▒▒ ▒▒  ▒ ║║║      
║║║▒▒▒▒▓▒▒▒▒▒▒▒▒▒▒▒▒▒ ▒▒▒▒▒▒▒▒▒▒▒▒▒▒▓▒▒▒▒░ ▄▄▄▄ ▒▒ ▒▒▒▒▒▒▓▒▒▒▒ ▒▒ ║║║
║║║ ▒ ▒▒▒▒▓▒▒▒▒▒▓▒▒▒▒▓▒▒▄▄▄▒▒░▓▒▓▒▓▓▓▒▒▒▒░██████ ▒▒▒▒▒▓▓▓ ▒▓▓▒    ║║║  
║║║▒▒  ▒▒▒▒▒▒▒▓▒▒▒▒▒▓▒▒▒███▒▒░▓▒▒▓▓▓░▒▒ ██▀████▀██▒▒▒▒▒ ▒▒▒▒▒ ▒▒▒ ║║║  
║║║▓ ▒▒▒▒▒▒▒▒▒▒░░▒▓■▒▓▒▒███▒▒▒▒▓▓▓░▒▒▒░██░▒░░▒░░██▒▒▒▒▓▒▒▓▒▒▓  ▒▒▒║║║
║║║▓▒▒▒▒▒▒▒▒░▒▒▒▒██▒▒▒▒▒███▒▒▓▓▓▓▓▓▓░▒ ██▒░▒▒▒▒▒▒▒▒▒▒▒▒▒▒▓▒▒▒▓▒▒  ║║║
║║║ ▒▒ ▒▒▓▓░▒▒▒▒████▒▓▓▒███▒▒▒▒▓▒▓▓▓▓▒░ █░▒▒▒▒▒▒▒▒▒▒▒▒▒▒▒▒▓▒▒▒▒▓▒ ║║║
║║║  ▒  ▒▒▒▒▒▒▒▒▒██▒▓▒▒░███░▒▓▓▓▓▒▓▓▓▒▒▀▀██▄░▒▒▒▒▒▒▓▒▒▓▒▓▒▒▒ ▒▒▓▒ ║║║
║║║▓▓▒▒▒▒▓▒▒▒▒░▄▄▄▒▒▒▒▒▓███░▒▒▓▒▒▒▒▒▒▒▒░░▀██▄▒░▒▒▒▒▒▒▒▒▒▒▒▒▒▓ ▒▒▒▒║║║
║║║  ▒▒▒▒▓▓▒▒▒▒███████▒▒███░▒▒▓▒▒▒▓▒▒▓▒▒░░▀██▄▒░▒▒▒▒▓▒▒▒▒▒▒▓▒▒▒▒▒ ║║║
║║║ ▒▒▒▒▓▓▒░▒▒▒█████▀▒▒▒███▒▒▒▒▒▒▒▓▓▒▒▒▒▒▒░▀███▄░░▒▒▒▒▓▒▒▒▒▓▒▒▒▒▒ ║║║
║║║▒▒  ▓ ▓▓▒▒▒▒███▀▓▒▒▓▒███░▒▒▒▒▓▒▒▒▒▓▒▒▒▒▒░▀▀██▄▒▒▒▒▒▒▓▒▒▒▒▓▒▒▒▒ ║║║
║║║▒▒▒ ▒▓▓▒▒▒▒▒███▒▒▓▒▒▒███░▒▒▒▒▒▒▒▓▓▒▒▒▓▒▒▒░░▀██▄░▒▒▒▒▒▒▒▒▓▒▒▓▒▒ ║║║
║║║ ▒▒▒▓▒▓▓▒▒▒▒███▒▒▒▒▒░███▓▓▒▓▒▓▓▓▓▓▒▒▒▒▓▒▒▒░░▀██░▒▒▒▒▒▒▒▓▒▒▒▓▒▒ ║║║  
║║║ ▒ ▒▒▒▒▓▒▓▒▓███▓░▒▒▓░███░▒▓▒▓▓▓▓▒▓█▄ ▒▒▒▓▒▒░░▀██░▒▒▓▓▒▓▒▒▒▒▒▒▒▒║║║           
║║║▒▒ ▒▒▒▓▒▒▒▓▒███▒▒▓▒▓ ███░▒▒▓▒▓▒▒▒▓░██▒▓▒▒▒▒▒▒░▀██░▒▒▒▒▓▒▓▒▒▓▒▒▒║║║           
║║║ ▓▓▒▒▓▓▒░▒▒░███░▒▒▓▒░████▄░▒▒▒▄██▓░██░░░░░░░▒░▄██░▒▒▒▒▒ ▓▒▒▒▒▒▒║║║   
║║║▓▒▒▒▒▓▓▒▒▒▒▄████▄▒▒▒▒████████████▓░░██▄██████▄██░▒▓▒▒▒▒▓▒▒▒▓▒▒▒║║║
║║║▓ ▒ ▒▓▒▒▒▒████████▒▒▄███████████▀ ▒░░░█████████░░▒▒▒▒▒▒▓▒▒▒▒▓▒ ║║║
║║║▒▒▒  ▒▒▒░░▒▀▀▀▀▀▀▒▒▒ ▓▀░░▀▀▀▀▀▓▓░░▒▒▒░▒▀▀▀▀▀▀▀ ░▓▒▒ ▒▒▒▒▒▒▒▒▓▒ ║║║
║║║▒▒▓▓ ▓▒▒▒▒▓▒▒▒▓▓▒▒▒▓▒▒░░░░░▒▒▒▒▒▒▒▒▒▒▒▒▒▒░░▒▒░░▒▓▒▒▒▒▒▒▒▒▒▒ ▒▒ ║║║
║║║ ▒▒▓ ▒▓▒▒▒▒▒ ▒▒▒▒▒▒▒▒▒▒▒▒▒▒▒▒▒▒▒▒ ▒▒▒▒▒▒▒▒▒▒▒▒▒▒▒▓▓▓▓▒▒▒▒ ▒▒▒▒ ║║║
║║║▒▒ ▒▒▒ ▓▓▒▒▓▓▓▓▒▒▒▒▓▒▒▓▒▒▓▒▒▒▓▓▒▒▒▓▓▓▒▒▒▓▒▒▒▓▓▓▓▒▒▓▒▒▒  ▒▒ ▒▒▒ ║║║
║║║▒▒▓▒▓ ▓   ▒▒▒▒       ▒▒ ▒▒▒▒         ▒  ▒ ▒▒▒          ▒ ▒▒▒▒▒ ║║║
║║║   ▒  ▒ ▒        ▒▒               ▒▒▒          ▒    ▒▒▒▒     ▓ ║║║
║║║                     ▒▒▒     ▒  ▒                  ▒▒          ║║║
║║╚═════════════╦─═─═─═─═─═─═─╗                            ╔══════╝║╚═════════╗
║║ ┌────────────┤RELEASE iNFO ├──────────────────────────┐ ║       ║          ║
║║ │            ╚═─═─═─═─═─═─═╝                          │ ║       ║          ║
║║ │                                                     │ ║       ║          ║
║║ │  Movie Name............: The Rescuers               │ ║       ║          ║
║║ │                                                     │ ║       ║          ║
║║ │                                                     │ ║       ║          ║
║║ │  Source................: Retail DVD R2              │ ║       ║          ║
║║ │  Runtime...............: 77 min                     │ ║       ║          ║
║║ │  Rating................: 6.7/10                     │ ║       ║          ║
║║ │  Genre.................: Animation/Family/Adventure │ ║    ╔═─╩─═─═─═╗   ║
║║ │  Subtitles.............: Yes                        │ ║   ┌┤ nFO By: ├─┐ ║
║║ │  Language..............: English                    │ ║   │╚─═─═─═─═─╝ │ ║
║║ │                                                     │ ║   │            │ ║
║║ │  Video Codec...........: XviD                       │ ║   │  ♥pluttz♥  │ ║
║║ │  Video Bitrate.........: 1152 kbps                  │ ║   │            │ ║
║║ │  Framerate.............: 25.00 fps                  │ ║   │            │ ║
║║ │  Aspect Ratio..........: 1.66:1                     │ ║   └────────────┘ ║
║║ │  Resolution............: 512x304                    │ ║                  ║
║║ │                                                     │ ║                  ║
║║ │  Audio Codec...........: VBR MP3                    │ ║      ╔═══════════╝
║║ │  Autio Bitrate.........: 160 kbps                   │ ║      ║
║║ │                                                     │ ║      ║
║║ │  Size..................: 49x15 MB                   │ ║      ║
║║ │  Release Date..........: 2004/05/04                 │ ║      ║
║║ │  Theater Date..........: 1977/06/22 (USA)           │ ║      ║
║║ │  Release Type..........: iNTERNAL                   │ ║      ║
║║ │                                                     │ ║      ║
║║ └─────────────────────────────────────────────────────┘ ║      ║
║║                                                         ║      ║
║║         ╔─═─═─═─═─═╦════════════════════════════════════╝      ║
║║ ┌───────┤MOViE iNFO├────────────────────────────────────────┐  ║
║║ │       ╚═─═─═─═─═─╝                                        │  ║
║║ │                                                           │  ║
║║ │               .:.iMDB.:.                                  │  ║
║║ │                                                           │  ║ 
║║ │  http://www.imdb.com/title/tt0076618/                     │  ║ 
║║ │                                                           │  ║ 
║║ │               .:.Cast.:.                                  │  ║ 
║║ │                                                           │  ║ 
║║ │  Bob Newhart                 ....  Bernard                │  ║ 
║║ │  Eva Gabor                 ....  Miss Bianca              │  ║ 
║║ │  Geraldine Page                 ....  Madame Medusa       │  ║ 
║║ │  Joe Flynn                 ....  Mr. Snoops               │  ║
║║ │  Jeanette Nolan                 ....  Ellie Mae           │  ║ 
║║ │  Pat Buttram                 ....  Luke                   │  ║ 
║║ │  Jim Jordan                 ....  Orville the Albatross   │  ║
║║ │  John McIntire                 ....  Rufus the Cat        │  ║
║║ │                                                           │  ║
║║ │                                                           │  ║
║║ │                                                           │  ║
║║ │                                                           │  ║
║║ │               .:.Summary.:.                               │  ║
║║ │                                                           │  ║
║║ │  Bernard and Bianca, of the Rescue Aid Society            │  ║
║║ │  (a mouse organization) receive a message in a            │  ║
║║ │  bottle from an orphaned girl who appears to              │  ║
║║ │  have been kidnapped by Madame Medusa, a                  │  ║
║║ │  selfish woman who has no qualms about using              │  ║
║║ │  children for her own purposes. The two mice go           │  ║
║║ │  off to Devil's Bayou to attempt to rescue                │  ║
║║ │  the little girl.                                         │  ║
║║ │                                                           │  ║
║║ │                                                           │  ║
║║ │                                                           │  ║
║║ │                                                           │  ║
║║ │                                                           │  ║
║║ │                                                           │  ║
║║ └───────────────────────────────────────────────────────────┘  ║
║║                                                                ╚════════╗
║╚════════════════════════════════════════╦═─═─═─═─═─═─═╗                  ║
║                              ┌──────────┤Rippers Notes├──────────────┐   ║
║                              │          ╚─═─═─═─═─═─═─╝              │   ║
║                              │ Here is the English version of this   │   ║
║                              │ movie that we released yesterday in   │   ║    
║                              │ Swedish.                              │   ║
║                              │                                       │   ║
║                              │ Its internal since it was already reld│   ║
║                              │ in 2002 by another group.             │   ║
║                              │                                       │   ║
║                              └───────────────────────────────────────┘   ║
║                                                                          ║
║     ╔═─═─═─═─═╦══════════════════════════════════════════════════════════╝
║  ┌──┤Greetings├───────────────┐
║  │  ╚─═─═─═─═─╝               │
║  │ Greetz to everyone on the  │
║  │ scene!                     │
║  │                            │
║  │                            │
║  └────────────────────────────┘
║
╚════════════════════════════════════╦═─═─═─═─═╗
                               ┌─────┤ Contact ├──────────────────────┐
                               │     ╚─═─═─═─═─╝                      │
                               │ If you want to contact us, maybe you │
                               │ want to join us or something...      │
                               │ We currently need almost everything:)│ 
                               │                                      │
                               │ Then the email is:                   │
                               │                                      │
                               │ ils-contact@hushmail.com             │
                               └──────────────────────────────────────┘
