ÔĽŅ‚Ėí‚Ėí‚Ėď‚Ėď‚Ėď‚Ėď‚Ėď‚Ėď‚Ėď‚Ėď‚Ėď‚Ėď‚Ėď‚Ėď‚Ėď‚Ėą‚Ėą‚Ėą‚Ėą‚Ėą‚Ėą                                      ‚Ėą‚Ėą‚Ėą‚Ėą‚Ėą‚Ėą‚Ėď‚Ėď‚Ėď‚Ėď‚Ėď‚Ėď‚Ėď‚Ėď‚Ėď‚Ėď‚Ėď‚Ėď‚Ėď‚Ėí‚Ėí
‚ĖĎ‚Ėí‚Ėí‚Ėí‚Ėí‚Ėí‚Ėí‚Ėí‚Ėí‚Ėí‚Ėí‚Ėí‚Ėí‚Ėí‚Ėď‚Ėď‚Ėď‚Ėď‚Ėď‚Ėď‚Ėą‚Ėą‚Ėą                                  ‚Ėą‚Ėą‚Ėą‚Ėď‚Ėď‚Ėď‚Ėď‚Ėď‚Ėď‚Ėí‚Ėí‚Ėí‚Ėí‚Ėí‚Ėí‚Ėí‚Ėí‚Ėí‚Ėí‚Ėí‚Ėí‚Ėí‚ĖĎ
‚ĖĎ‚ĖĎ‚ĖĎ‚ĖĎ‚ĖĎ‚ĖĎ‚ĖĎ‚ĖĎ‚ĖĎ‚ĖĎ‚ĖĎ‚ĖĎ‚ĖĎ‚Ėí‚Ėí‚Ėí‚Ėí‚Ėí‚Ėí‚Ėď‚Ėď‚Ėď‚Ėą‚Ėą‚Ėą                              ‚Ėą‚Ėą‚Ėą‚Ėď‚Ėď‚Ėď‚Ėí‚Ėí‚Ėí‚Ėí‚Ėí‚Ėí‚ĖĎ‚ĖĎ‚ĖĎ‚ĖĎ‚ĖĎ‚ĖĎ‚ĖĎ‚ĖĎ‚ĖĎ‚ĖĎ‚ĖĎ‚ĖĎ‚ĖĎ
  ‚ĖĎ  ‚ĖĎ  ‚ĖĎ‚ĖĎ‚ĖĎ ‚ĖĎ‚ĖĎ‚ĖĎ‚ĖĎ‚ĖĎ‚ĖĎ‚Ėí‚Ėí‚Ėí‚Ėď‚Ėď‚Ėď‚Ėą‚Ėą‚Ėą                          ‚Ėą‚Ėą‚Ėą‚Ėď‚Ėď‚Ėď‚Ėí‚Ėí‚Ėí‚ĖĎ‚ĖĎ‚ĖĎ‚ĖĎ‚ĖĎ‚ĖĎ ‚ĖĎ   ‚ĖĎ    ‚ĖĎ
   ‚ĖĎ‚ĖĎ  ‚ĖĎ      ‚ĖĎ‚ĖĎ ‚ĖĎ‚ĖĎ‚ĖĎ‚Ėí‚Ėí‚Ėí‚Ėď‚Ėď‚Ėď‚Ėą‚Ėą                        ‚Ėą‚Ėą‚Ėď‚Ėď‚Ėď‚Ėí‚Ėí‚Ėí‚ĖĎ‚ĖĎ‚ĖĎ ‚ĖĎ‚ĖĎ   ‚ĖĎ
      ‚ĖĎ‚ĖĎ   ‚ĖĎ      ‚ĖĎ‚ĖĎ‚ĖĎ‚ĖĎ‚Ėí‚Ėí‚Ėí‚Ėď‚Ėď‚Ėą‚Ėą                      ‚Ėą‚Ėą‚Ėď‚Ėď‚Ėí‚Ėí‚Ėí‚ĖĎ‚ĖĎ‚ĖĎ  ‚ĖĎ        ‚ĖĎ  ‚ĖĎ
‚ĖĎ          ‚ĖĎ        ‚ĖĎ‚ĖĎ‚ĖĎ‚ĖĎ‚Ėí‚Ėí‚Ėď‚Ėď‚Ėą‚Ėą‚Ėą‚Ėą‚Ėą             ‚Ėą‚Ėą‚Ėą‚Ėą‚Ėą‚Ėą‚Ėď‚Ėď‚Ėí‚Ėí‚ĖĎ‚ĖĎ‚ĖĎ ‚ĖĎ ‚ĖĎ  ‚ĖĎ
     ‚ĖĎ   ‚ĖĎ     ‚ĖĎ   ‚ĖĎ   ‚ĖĎ‚Ėí‚Ėí‚Ėí‚Ėď‚Ėą   ‚Ėą             ‚Ėą    ‚Ėą‚Ėď‚Ėí‚Ėí‚Ėí‚Ėí‚ĖĎ‚ĖĎ‚ĖĎ
                      ‚ĖĎ‚ĖĎ‚Ėí‚Ėą‚Ėą‚Ėą‚Ėą   ‚Ėą‚Ėą‚Ėą‚Ėą‚Ėą‚Ėą‚Ėą‚Ėą‚Ėą‚Ėą‚Ėą‚Ėą‚Ėą‚Ėą‚Ėą  ‚Ėą ‚Ėą‚Ėą‚Ėą‚Ėą‚Ėą‚Ėí‚Ėí‚ĖĎ‚ĖĎ   ‚ĖĎ
    ‚ĖĎ      ‚ĖĎ  ‚ĖĎ    ‚ĖĎ  ‚ĖĎ‚ĖĎ‚Ėí‚Ėą   ‚Ėą  ‚Ėą‚Ėą    ‚Ėą‚Ėą‚Ėą     ‚Ėą  ‚Ėą‚Ėą‚Ėą   ‚Ėą‚Ėą‚Ėí‚ĖĎ        ‚ĖĎ
                       ‚ĖĎ‚Ėí‚Ėą  ‚Ėą‚Ėą  ‚Ėą‚Ėą ‚Ėą  ‚Ėą‚Ėą‚Ėą  ‚Ėą  ‚Ėą  ‚Ėą‚Ėą  ‚Ėą  ‚Ėą‚Ėí‚ĖĎ‚ĖĎ‚ĖĎ   ‚ĖĎ
                  ‚ĖĎ ‚ĖĎ  ‚ĖĎ‚Ėí‚Ėą  ‚Ėą‚Ėą  ‚Ėą‚Ėą  ‚Ėą‚Ėą‚Ėą‚Ėą‚Ėą  ‚Ėą  ‚Ėą   ‚Ėą  ‚Ėą  ‚Ėą‚Ėí‚ĖĎ
              ‚ĖĎ      ‚ĖĎ‚ĖĎ‚ĖĎ‚Ėí‚Ėą  ‚Ėą‚Ėą  ‚Ėą‚Ėą‚Ėą   ‚Ėą‚Ėą‚Ėą  ‚Ėą  ‚Ėą  ‚Ėą‚Ėą  ‚Ėą  ‚Ėą‚Ėí‚ĖĎ‚ĖĎ‚ĖĎ ‚ĖĎ‚ĖĎ    ‚ĖĎ           
                ‚ĖĎ‚ĖĎ‚ĖĎ‚ĖĎ‚ĖĎ‚ĖĎ‚Ėí‚Ėí‚Ėí‚Ėą  ‚Ėą‚Ėą  ‚Ėą‚Ėą‚Ėą‚Ėą  ‚Ėą‚Ėą‚Ėą  ‚Ėą  ‚Ėą  ‚Ėą‚Ėą  ‚Ėą  ‚Ėą‚Ėí‚Ėí‚ĖĎ‚ĖĎ‚ĖĎ‚ĖĎ‚ĖĎ‚ĖĎ‚ĖĎ‚ĖĎ             
         ‚ĖĎ   ‚ĖĎ‚ĖĎ‚ĖĎ‚ĖĎ‚Ėí‚Ėí‚Ėí‚Ėí‚Ėí‚Ėí‚Ėď‚Ėď‚Ėą  ‚Ėą‚Ėą  ‚Ėą‚Ėą  ‚Ėą ‚Ėą‚Ėą‚Ėą  ‚Ėą  ‚Ėą  ‚Ėą‚Ėą  ‚Ėą  ‚Ėą‚Ėď‚Ėí‚Ėí‚Ėí‚Ėí‚Ėí‚Ėí‚ĖĎ‚ĖĎ‚ĖĎ ‚ĖĎ  ‚ĖĎ        
           ‚ĖĎ ‚ĖĎ‚ĖĎ‚Ėí‚Ėí‚Ėí‚Ėď‚Ėď‚Ėď‚Ėď‚Ėď‚Ėď‚Ėą‚Ėą  ‚Ėą‚Ėą   ‚Ėą‚Ėą   ‚Ėą‚Ėą‚Ėą  ‚Ėą  ‚Ėą  ‚Ėą‚Ėą‚Ėą    ‚Ėą‚Ėď‚Ėď‚Ėď‚Ėď‚Ėď‚Ėď‚Ėí‚Ėí‚Ėí‚ĖĎ‚ĖĎ‚ĖĎ      ‚ĖĎ    
   ‚ĖĎ‚ĖĎ   ‚ĖĎ   ‚ĖĎ‚ĖĎ‚Ėí‚Ėí‚Ėď‚Ėď‚Ėď‚Ėą‚Ėą‚Ėą‚Ėą‚Ėą‚Ėą‚Ėą‚Ėą‚Ėą‚Ėą‚Ėą‚Ėą‚Ėą‚Ėą‚Ėą‚Ėą‚Ėą‚Ėą‚Ėą‚Ėą‚Ėą‚Ėą‚Ėą‚Ėą‚Ėą‚Ėą‚Ėą‚Ėą‚Ėą‚Ėą‚Ėą‚Ėą‚Ėą‚Ėą‚Ėą‚Ėą‚Ėą‚Ėą‚Ėą‚Ėą‚Ėą‚Ėą‚Ėą‚Ėď‚Ėď‚Ėď‚Ėí‚Ėí‚ĖĎ‚ĖĎ  ‚ĖĎ
         ‚ĖĎ‚ĖĎ‚ĖĎ‚ĖĎ‚Ėí‚Ėí‚Ėď‚Ėď‚Ėą‚Ėą‚Ėą                                         ‚Ėą‚Ėą‚Ėą‚Ėď‚Ėď‚Ėí‚Ėí‚ĖĎ‚ĖĎ‚ĖĎ ‚ĖĎ
      ‚ĖĎ ‚ĖĎ‚ĖĎ‚ĖĎ‚Ėí‚Ėí‚Ėí‚Ėď‚Ėď‚Ėą‚Ėą                                             ‚Ėą‚Ėą‚Ėď‚Ėď‚Ėí‚Ėí‚Ėí‚ĖĎ‚ĖĎ  ‚ĖĎ
        ‚ĖĎ‚Ėí‚Ėí‚Ėí‚Ėď‚Ėď‚Ėď‚Ėą‚Ėą                                               ‚Ėą‚Ėą‚Ėď‚Ėď‚Ėď‚Ėí‚Ėí‚ĖĎ‚ĖĎ   ‚ĖĎ   
      ‚ĖĎ ‚ĖĎ‚Ėí‚Ėí‚Ėď‚Ėď‚Ėą‚Ėą‚Ėą                                                 ‚Ėą‚Ėą‚Ėą‚Ėď‚Ėď‚Ėí‚Ėí‚ĖĎ‚ĖĎ ‚ĖĎ    
  ‚ĖĎ  ‚ĖĎ ‚ĖĎ‚ĖĎ‚Ėí‚Ėď‚Ėď‚Ėą‚Ėą                                                     ‚Ėą‚Ėą‚Ėď‚Ėď‚Ėí‚ĖĎ‚ĖĎ‚ĖĎ‚ĖĎ    
      ‚ĖĎ‚ĖĎ‚Ėí‚Ėí‚Ėď‚Ėą‚Ėą     Rls.Date.....: 04/03/2006                         ‚Ėą‚Ėą‚Ėď‚Ėí‚Ėí‚ĖĎ‚ĖĎ‚ĖĎ    
      ‚ĖĎ‚ĖĎ‚Ėí‚Ėď‚Ėď‚Ėą      Genre........: Reality                             ‚Ėą‚Ėď‚Ėď‚Ėí‚ĖĎ ‚ĖĎ    
       ‚ĖĎ‚Ėí‚Ėď‚Ėą‚Ėą      Series.......: The Apprentice                      ‚Ėą‚Ėą‚Ėď‚Ėí‚ĖĎ‚ĖĎ
       ‚ĖĎ‚Ėí‚Ėď‚Ėą       Res..........: 512x384                              ‚Ėą‚Ėď‚Ėí‚ĖĎ
       ‚ĖĎ‚Ėí‚Ėď‚Ėą‚Ėą      FPS..........: 23.976                              ‚Ėą‚Ėą‚Ėď‚Ėí‚ĖĎ
       ‚ĖĎ‚Ėí‚Ėď‚Ėď‚Ėą      Region.......: NTSC                                ‚Ėą‚Ėď‚Ėď‚Ėí‚ĖĎ
       ‚ĖĎ‚Ėí‚Ėí‚Ėď‚Ėą‚Ėą                                                       ‚Ėą‚Ėą‚Ėď‚Ėí‚Ėí‚ĖĎ
       ‚ĖĎ‚ĖĎ‚Ėí‚Ėď‚Ėď‚Ėą‚Ėą                                                     ‚Ėą‚Ėą‚Ėď‚Ėď‚Ėí‚ĖĎ‚ĖĎ
        ‚ĖĎ‚Ėí‚Ėí‚Ėď‚Ėď‚Ėą‚Ėą‚Ėą                                                 ‚Ėą‚Ėą‚Ėą‚Ėď‚Ėď‚Ėí‚Ėí‚ĖĎ
        ‚ĖĎ‚ĖĎ‚Ėí‚Ėí‚Ėď‚Ėď‚Ėď‚Ėą‚Ėą                                               ‚Ėą‚Ėą‚Ėď‚Ėď‚Ėď‚Ėí‚Ėí‚ĖĎ‚ĖĎ
         ‚ĖĎ‚ĖĎ‚Ėí‚Ėí‚Ėí‚Ėď‚Ėď‚Ėą‚Ėą                                             ‚Ėą‚Ėą‚Ėď‚Ėď‚Ėí‚Ėí‚Ėí‚ĖĎ‚ĖĎ
          ‚ĖĎ‚ĖĎ‚ĖĎ‚Ėí‚Ėí‚Ėď‚Ėď‚Ėą‚Ėą‚Ėą‚Ėą‚Ėą                                     ‚Ėą‚Ėą‚Ėą‚Ėą‚Ėą‚Ėď‚Ėď‚Ėí‚Ėí‚ĖĎ‚ĖĎ‚ĖĎ
            ‚ĖĎ‚ĖĎ‚Ėí‚Ėí‚Ėď‚Ėď‚Ėď‚Ėď‚Ėď‚Ėą‚Ėą                                   ‚Ėą‚Ėą‚Ėď‚Ėď‚Ėď‚Ėď‚Ėď‚Ėí‚Ėí‚ĖĎ‚ĖĎ
             ‚ĖĎ‚ĖĎ‚Ėí‚Ėí‚Ėí‚Ėí‚Ėí‚Ėď‚Ėď‚Ėą‚Ėą                                 ‚Ėą‚Ėą‚Ėď‚Ėď‚Ėí‚Ėí‚Ėí‚Ėí‚Ėí‚ĖĎ‚ĖĎ
              ‚ĖĎ‚ĖĎ‚ĖĎ‚ĖĎ‚ĖĎ‚Ėí‚Ėí‚Ėď‚Ėď‚Ėą‚Ėą                               ‚Ėą‚Ėą‚Ėď‚Ėď‚Ėí‚Ėí‚ĖĎ‚ĖĎ‚ĖĎ‚ĖĎ‚ĖĎ
               ‚ĖĎ‚Ėí‚Ėí‚Ėí‚Ėí‚Ėí‚Ėí‚Ėď‚Ėď‚Ėą‚Ėą                             ‚Ėą‚Ėą‚Ėď‚Ėď‚Ėí‚Ėí‚Ėí‚Ėí‚Ėą‚Ėą‚Ėą‚Ėą‚Ėą
           ‚Ėą‚Ėą‚Ėą‚Ėą‚Ėą‚Ėą‚Ėď‚Ėď‚Ėď‚Ėď‚Ėď‚Ėď‚Ėď‚Ėą‚Ėą       ‚Ėą‚Ėą‚Ėą‚Ėą‚Ėą‚Ėą‚Ėą‚Ėą‚Ėą‚Ėą‚Ėą‚Ėą‚Ėą‚Ėą‚Ėą‚Ėą      ‚Ėą‚Ėą‚Ėď‚Ėď‚Ėď‚Ėď‚Ėď‚Ėď‚Ėą   ‚Ėą‚Ėą‚Ėą‚Ėą‚Ėą
          ‚Ėą‚Ėą    ‚Ėą‚Ėą‚Ėą‚Ėą‚Ėą‚Ėą‚Ėą‚Ėą‚Ėą‚Ėą‚Ėą‚Ėą‚Ėą‚Ėą‚Ėą‚Ėą‚Ėą‚Ėą     ‚Ėą‚Ėą‚Ėą  ‚Ėą‚Ėą  ‚Ėą‚Ėą‚Ėą‚Ėą‚Ėą‚Ėą ‚Ėą‚Ėą‚Ėą‚Ėą‚Ėą‚Ėą‚Ėą‚Ėą‚Ėą  ‚Ėą‚Ėą   ‚Ėą‚Ėą
          ‚Ėą  ‚Ėą‚Ėą ‚Ėą‚Ėą   ‚Ėą‚Ėą   ‚Ėą‚Ėą  ‚Ėą  ‚Ėą  ‚Ėą  ‚Ėą‚Ėą‚Ėą   ‚Ėą  ‚Ėą‚Ėą   ‚Ėą‚Ėą‚Ėą   ‚Ėą‚Ėą     ‚Ėą  ‚Ėą  ‚Ėą
          ‚Ėą  ‚Ėą‚Ėą  ‚Ėą   ‚Ėą  ‚Ėą  ‚Ėą  ‚Ėą  ‚Ėą  ‚Ėą  ‚Ėą‚Ėą‚Ėą   ‚Ėą  ‚Ėą  ‚Ėą  ‚Ėą  ‚Ėą  ‚Ėą  ‚Ėą  ‚Ėą  ‚Ėą  ‚Ėą
          ‚Ėą  ‚Ėą‚Ėą‚Ėą‚Ėą‚Ėą  ‚Ėą‚Ėą  ‚Ėą  ‚Ėą  ‚Ėą  ‚Ėą  ‚Ėą  ‚Ėą‚Ėą‚Ėą   ‚Ėą  ‚Ėą  ‚Ėą  ‚Ėą  ‚Ėą  ‚Ėą  ‚Ėą  ‚Ėą  ‚Ėą‚Ėą‚Ėą‚Ėą
          ‚Ėą  ‚Ėą   ‚Ėą  ‚Ėą‚Ėą  ‚Ėą  ‚Ėą  ‚Ėą  ‚Ėą     ‚Ėą‚Ėą‚Ėą      ‚Ėą     ‚Ėą     ‚Ėą  ‚Ėą  ‚Ėą‚Ėą    ‚Ėą
          ‚Ėą  ‚Ėą‚Ėą  ‚Ėą  ‚Ėą‚Ėą  ‚Ėą  ‚Ėą  ‚Ėą  ‚Ėą  ‚Ėą‚Ėą‚Ėą‚Ėą‚Ėą‚Ėą  ‚Ėą   ‚Ėą  ‚Ėą‚Ėą‚Ėą‚Ėą  ‚Ėą‚Ėą‚Ėą‚Ėą  ‚Ėą  ‚Ėą‚Ėą‚Ėą‚Ėą  ‚Ėą
          ‚Ėą  ‚Ėą‚Ėą  ‚Ėą  ‚Ėą‚Ėą  ‚Ėą  ‚Ėą  ‚Ėą  ‚Ėą  ‚Ėą‚Ėą‚Ėą‚Ėą‚Ėą‚Ėą  ‚Ėą   ‚Ėą  ‚Ėą  ‚Ėą  ‚Ėą  ‚Ėą  ‚Ėą  ‚Ėą  ‚Ėą  ‚Ėą
          ‚Ėą  ‚Ėą‚Ėą  ‚Ėą  ‚Ėą‚Ėą  ‚Ėą  ‚Ėą  ‚Ėą  ‚Ėą  ‚Ėą‚Ėą‚Ėą‚Ėą‚Ėą‚Ėą  ‚Ėą‚Ėą  ‚Ėą  ‚Ėą  ‚Ėą  ‚Ėą  ‚Ėą  ‚Ėą  ‚Ėą  ‚Ėą  ‚Ėą
          ‚Ėą‚Ėą   ‚Ėą ‚Ėą  ‚Ėą‚Ėą‚Ėą   ‚Ėą‚Ėą     ‚Ėą  ‚Ėą‚Ėą‚Ėą‚Ėą‚Ėą‚Ėą  ‚Ėą‚Ėą  ‚Ėą‚Ėą   ‚Ėą‚Ėą‚Ėą   ‚Ėą‚Ėą     ‚Ėą‚Ėą   ‚Ėą‚Ėą
          ‚Ėą‚Ėą‚Ėą‚Ėą‚Ėą‚Ėą‚Ėą‚Ėą‚Ėą‚Ėą‚Ėą‚Ėą‚Ėą‚Ėą‚Ėą‚Ėą‚Ėą‚Ėą‚Ėą‚Ėą‚Ėą‚Ėą‚Ėą‚Ėą‚Ėą‚Ėą‚Ėą‚Ėą‚Ėą‚Ėą‚Ėą‚Ėą‚Ėą‚Ėą‚Ėą‚Ėą‚Ėą‚Ėą‚Ėą‚Ėą‚Ėą‚Ėą‚Ėą‚Ėą‚Ėą‚Ėą‚Ėą‚Ėą‚Ėą‚Ėą‚Ėą‚Ėą‚Ėą‚Ėą‚Ėą‚Ėą‚Ėą‚Ėą‚Ėą‚Ėą‚Ėą‚Ėą‚Ėą
          ‚Ėą  TV(DSR,PDTV,HDTV) Cappers                                  ‚Ėą
          ‚Ėą   WE DO NOT:                                                ‚Ėą
          ‚Ėą    - Tell you where to download our Releases.               ‚Ėą
          ‚Ėą    - Fill Missing Rars.                                     ‚Ėą
          ‚Ėą    - Any Technical Questions of any kind Regarding          ‚Ėą
          ‚Ėą      Capping or our Releases.                               ‚Ėą
          ‚Ėą                                                             ‚Ėą
          ‚Ėą     Email: UMDTV@hotmail.com                                ‚Ėą
          ‚Ėą‚Ėą‚Ėą‚Ėą‚Ėą‚Ėą‚Ėą‚Ėą‚Ėą‚Ėą‚Ėą‚Ėą‚Ėą‚Ėą‚Ėą‚Ėą‚Ėą‚Ėą‚Ėą‚Ėą‚Ėą‚Ėą‚Ėą‚Ėą‚Ėą‚Ėą‚Ėą‚Ėą‚Ėą‚Ėą‚Ėą‚Ėą‚Ėą‚Ėą‚Ėą‚Ėą‚Ėą‚Ėą‚Ėą‚Ėą‚Ėą‚Ėą‚Ėą‚Ėą‚Ėą‚Ėą‚Ėą‚Ėą‚Ėą‚Ėą‚Ėą‚Ėą‚Ėą‚Ėą‚Ėą‚Ėą‚Ėą‚Ėą‚Ėą‚Ėą‚Ėą‚Ėą‚Ėą
                               [unfo-maker 2.1]
