░                                                                               
░                         ██           ██  ██                                   
█                         ███          ██  ██                                   
█                         ████         ██  ██                                   
░                         █████        ██  ██                                   
░                         ██ ███       ██  ██                                   
█                         ██  ███      ██  ██                                   
█                         ██   ███     ██  ██                                   
░                         ██    ███    ██  ██                                   
░                         ██     ███   ██  ██                                   
█                         ██      ███  ██  ██                                   
█                         ██       ███ ██  ██                                   
░                         ██        █████  ██                                   
░                         ██         ████  ██                                   
█                         ██          ███  ███████████                          
█                         ██           ██  ███████████                          
░░                                                                              
███▓                                                                            
▓▓▓▒                               presents:                                    
███▓                                                                            
▓▓▓▒                                                                            
███▓                                                                            
▓▓▓▒                                                                            
███▓                  Die.Monster.Uni.German.DL.PAL.DVDR-NL                     
▓▓▓▒                                                                            
▒▒▒▒░░░                                                                         
▒▒▒▒▒▒▒░░░                                                                      
▒▒▒▒▒▒▒▒▒▒░░                                                                    
▒▒▒▒▒▒▒▒▒▒▒▒░                                                                   
▒▒▒▒▒▒▒▒▒▒▒▒▒░                                                                  
▒▒▒▒▒▒▒▒▒▒▒▒▒▒░             █            █                 █ █                  
▒▒▒▒▒▒▒▒▒▒▒▒▒▒▒░            █            █                   █                  
▒▒▒▒▒▒▒▒▒▒▒▒▒▒▒░            █            █                   █                  
▒▒▒▒▒▒▒▒▒▒▒▒▒▒▒▒░   ▓████████  ▓██████▓  ██████  ▓████████ █ █      ▓████████   
▒▒▒▒▒▒▒▒▒▒▒▒▒▒▒▒░  ▓        █ ▓        ▓ █      ▓        █ █ █     ▓            
▒▒▒▒▒▒▒▒▒▒▒▒▒▒▒▒░  █        █ █        █ █      █        █ █ █     ▓            
████████████████▓  █        █ █        ▓ █      █        █ █ █      ▓██████▓    
████████████████▓  █        █ █  █████▓  █      █        █ █ █              ▓   
███████████████▓   ▓        ▓ ▓          ▓      ▓        █ █ ▓              ▓   
███████████████▓    ▓██████▓   ▓████████  ▓████  ▓████████ █  ▓███ ████████▓    
██████████████▓                                                                 
█████████████▓                                                                  
████████████▓      Release Date: 31.10.2013                                     
██████████▓▓       Store Date: 14.11.2013                                       
███████▓▓▓         Cine Date: 20.06.2013                                        
████▓▓▓                                                                         
▒▒▒░               Anbieter: Walt Disney Studios                                
▒▒▒░               Laufzeit: ~100 Minuten                                       
▒▒▒░               Genre: Animation, Komoedie                                   
▒▒▒░               Altersfreigabe: ab 00 Jahren                                 
▒▒▒░               Source: PAL DVD9                                             
▒▒▒░               Video: encodet (CCE 2.67 @6pass)                             
▒▒▒░               Bitrate: 4.470 Kbps avr                                      
▒▒▒░               Aspect Ratio: 16:9 (1.78:1 - anamorph)                       
▒▒▒░               Audio: AC3 5.1 DE/EN 384kbps                                 
▒▒▒░               Untertitel: DE/EN/TR                                         
▒▒▒░                                                                            
▒▒▒░               Menue: ja                                                    
▒▒▒░               Riptool: DvdReMake Pro, PgcEdit                              
▒▒▒░                                                                            
▒▒▒░               Extras/Bonus: -                                              
▒▒▒░                                                                            
▒▒▒░               IMDB Rating.........: 7.5/10 (77.965 votes)                  
▒▒▒░               http://www.imdb.com/title/tt1453405/                         
▒▒▒░                                                                            
▒▒▒░               Notes: Das ETM-Release hat massive Abspielprobleme           
▒▒▒░                                                                            
▒▒▒░                                                                            
▒▒▒░                                                                            
▒▒▒░                                                                            
▒▒▒░                                                                            
▒▒▒░                                                                            
▒▒▒░                         █                █                                 
▒▒▒░                         █                █                                 
▒▒▒░                         █                █                                 
▒▒▒░               ▓██████▓  █      ▓██████▓  █████                             
▒▒▒░              ▓        ▓ █     ▓        ▓ █                                 
▒▒▒░              █        █ █     █        █ █                                 
▒▒▒░              █        █ █     █        █ █                                 
▒▒▒░              █        █ █     █        █ █                                 
▒▒▒░              █        █ ▓     ▓        ▓ ▓                                 
▒▒▒░              █        █  ▓███  ▓██████▓   ▓███                             
▒▒▒░              █                                                             
▒▒▒░              █                                                             
▒▒▒░              █                                                             
▒▒▒░                                                                            
▒▒▒░                                                                            
▒▒▒▒░             Viele Jahre, bevor Plueschriese Sulley und Einauge Mike als   
▒▒▒▒░             beste Kumpel und Schrecker der Monster AG zu Stars wurden,    
▒▒▒▒░             waren sie erbitterte Rivalen. Mike hielt seinen Mitstudenten  
▒▒▒▒░             an der Monster Uni fuer einen aufgeblasenen Faulpelz, Sulley  
▒▒▒▒░             Mike fuer einen verblendeten Streber, der nie und nimmer      
▒▒▒▒░             Kinder in Angst und Schrecken versetzen koennte. Als aber     
▒▒▒▒░             beide von der Dekanin aus ihrem Kurs geworfen werden, muessen 
▒▒▒▒░             sie mit anderen Aussortierten ein funktionierendes Team       
▒▒▒▒░             bilden, um doch noch ihren Traum verwirklichen zu koennen.    
▒▒▒▒░                                                                           
▒▒▒▒░                                                                           
▒▒▒▒░                                                                           
▒▒▒▒░                                                                           
▒▒▒▒░                                                                           
▒▒▒▒░                                                                           
▒▒▒▒░                                                                           
▒▒▒▒░                                                                           
▒▒▒▒░                                                                           
▒▒▒▒░                                   █                                       
▒▒▒▒░                                   █                                       
▒▒▒▒░                                   █                                       
▒▒▒▒░                                   █                                       
▒▒▒▒░                                   █                                       
▒▒▒▒░                                  ███                                      
▒▒▒▒░                                  ███                                      
▒▒▒▒░                                  ███                                      
▒▒▒▒░                                  ███                                      
▒▒▒▒░                                  ███                                      
▒▒▒▒░                                  ███                                      
▒▒▒▒░                                 █████                                     
▒▒▒▒░                                 █████                                     
▒▒▒▒░                                 █████                                     
▒▒▒▒░                                 █████                                     
▒▒▒▒░                                 █████                                     
▒▒▒▒░                                 █████                                     
▒▒▒▒▒░                               ███████                                    
▒▒▒▒▒░                               ███████                                    
▒▒▒▒▒░                               ███████                                    
▒▒▒▒▒░                               ███████                                    
▒▒▒▒▒░                       ██      ███████                                    
▒▒▒▒▒░                       ███     ███████                                    
▒▒▒▒▒░                       ███     ███████                                    
▒▒▒▒▒░                       ███     ███████                                    
▒▒▒▒▒░        ███         ██████     ███████                                █   
▒▒▒▒▒░        ███        ███████     ███████                       ██      ███  
▒▒▒▒▒░        ███  ██   ████████     ███████                       ██     █████ 
▒▒▒▒▒░ ███    ███  ██   ████████     ███████   ██████              ██    ██████ 
▒▒▒▒▒░ ███    ███  ██   ████████     ███████   ██████              ██   ███████ 
▒████░ ███    ███  ██   ████████     ███████   ██████              ████ ███████ 
▒████░ ███    ███  ██   ████████     ███████   ██████       █████  ████ ███████ 
▒████░ ███    ███  ██   ██████████   ███████   ██████       █████  ████ ███████ 
▒████░ █████  ███  ████ ██████████   ████████████████       █████  ████ ███████ 
▒███████████  ███  ████ ██████████   ████████████████       █████  █████████████
▒███████████  ███ █████ ██████████   ████████████████       ████████████████████
▒████████████████ ██████████████████ ████████████████       ████████████████████
█████████████████ ██████████████████ ████████████████       ████████████████████
█████████████████████████████████████████████████████    ███████████████████████
█████████████████████████████████████████████████████    ███████████████████████
████████████████████████████████████████████████████████████████████████████████
████████████████████████████████████████████████████████████████████████████████
███████████████████████████████████████████████████████████████████NFO█by█Smith█
████████████████████████████████████████████████████████████████████████████████
