ÔĽŅ                             ‚ĖĎ    ‚Ėď    ‚Ė†‚ĖĄ
     ‚Ė†‚ĖÄ‚Ėą‚ĖĄ‚ĖĄ     -Battery        -      ‚ĖĄ‚ĖĄ ‚Ė†    ‚ĖĎ
       ‚Ėź‚Ėą‚Ėą‚Ėą‚ĖĄ             ‚Ėď     ‚Ėą‚Ėą‚Ėą‚ĖÄ ‚ĖĄ‚Ėą‚Ėą‚Ėď    ‚Ė† ‚Ėď
        ‚Ėą‚Ėą‚Ėą‚Ėď‚ĖĆ     ‚ĖĄ‚ĖÄ     ‚Ė† ‚ĖĎ   ‚Ėď‚Ėą‚Ėą‚ĖÄ ‚ĖÄ‚ĖÄ‚ĖÄ‚ĖÄ ‚ĖĄ‚ĖĄ‚ĖĄ‚ĖĄ ‚ĖĄ‚ĖĄ ‚ĖĄ        ‚Ė†‚ĖÄ ‚ĖĎ
        ‚Ėź‚Ėą‚Ėą‚Ėą‚Ėď    ‚ĖÄ‚ĖÄ‚Ėą‚ĖÄ‚ĖĄ‚ĖĄ‚ĖĄ‚ĖĄ‚ĖĄ‚ĖÄ‚ĖĄ‚ĖĄ‚ĖĄ‚ĖĄ‚ĖĄ‚ĖĄ‚ĖĄ‚ĖĄ‚ĖÄ‚ĖÄ‚ĖÄ‚ĖÄ‚ĖÄ‚ĖÄ   ‚ĖĎ‚ĖÄ             ,      ‚Ė†‚ĖĄ
         ‚Ėą‚Ėą‚Ėą‚Ėď                  ‚ĖĄ‚ĖĄ‚ĖĄ  ‚Ėź‚Ėą‚Ėą‚Ėď             ‚ĖĄ‚Ėą‚Ėą‚Ėą‚Ėą‚ĖĄ ‚Ėď      ‚Ėź‚ĖĆ
         ‚Ėź‚Ėą‚Ėą‚ĖĆ‚ĖĄ‚Ėą‚ĖĄ    ‚ĖĄ‚Ėą‚ĖĄ‚ĖÄ‚Ėą‚Ėą‚Ėď‚ĖĄ   ‚Ėą‚Ėą‚Ėď‚ĖĆ ‚Ėą‚Ėą‚Ėą‚Ėą  ‚ĖĄ‚Ėą‚Ėą‚ĖÄ‚ĖĄ‚Ėą‚ĖĄ   ‚Ėď‚Ėą‚Ėą‚ĖĆ‚ĖÄ‚Ėą‚Ėą‚ĖĆ ‚Ėą‚ĖĄ     ‚Ėď
         ‚Ėą‚Ėą‚Ėą‚ĖĆ ‚Ėą‚Ėą‚Ėď  ‚Ėą‚Ėą‚Ėą  ‚Ėź‚Ėą‚Ėą‚Ėď‚ĖĆ  ‚Ėź‚Ėą‚Ėą‚Ėď ‚Ėą‚Ėą‚Ėą‚ĖĆ ‚Ėą‚Ėą‚Ėą‚ĖĆ  ‚Ėą‚Ėą‚Ėď ‚Ėź‚Ėď‚Ėą‚Ėą  ‚Ėą‚Ėď‚ĖĆ  ‚Ėą‚ĖĆ   ‚Ėź‚ĖĆ
        ‚Ėź‚Ėą‚Ėą‚Ėą  ‚Ėź‚Ėą‚Ėą‚Ėď‚Ėź‚Ėą‚Ėą‚ĖĆ   ‚Ėą‚Ėą‚Ėď‚Ėď  ‚Ėź‚Ėą‚Ėą‚Ėď ‚Ėą‚Ėą‚Ėď‚ĖĆ‚Ėź‚Ėą‚Ėą‚Ėą   ‚Ėź‚Ėą‚Ėď‚ĖĆ‚Ėď‚Ėą‚Ėą‚ĖĆ ‚ĖÄ‚Ėą‚ĖÄ    ‚Ėą‚ĖĄ  ‚Ėą
  ‚Ėź     ‚Ėź‚Ėą‚Ėą‚ĖĆ  ‚Ėź‚Ėą‚Ėď‚ĖĆ‚Ėź‚Ėą‚Ėą‚ĖĆ  ‚Ėź‚Ėą‚Ėą‚Ėď‚ĖĆ  ‚Ėź‚Ėą‚Ėą‚Ėą ‚Ėą‚Ėą‚Ėą‚Ėď‚Ėź‚Ėą‚Ėą‚Ėą‚ĖĆ ‚ĖĄ‚Ėą‚Ėą‚ĖÄ ‚Ėď‚Ėą‚Ėą ‚ĖÄ‚ĖĄ   ‚Ėź   ‚Ėą‚Ėď‚Ėź‚ĖĆ
        ‚Ėą‚Ėą‚Ėą‚ĖĆ  ‚Ėą‚Ėą‚Ėą‚ĖĆ‚Ėź‚Ėą‚Ėą‚Ėą  ‚Ėą‚Ėą‚Ėą‚Ėą ‚ĖĆ ‚Ėą‚Ėą‚Ėď‚ĖĆ ‚Ėą‚Ėą‚Ėą‚Ėď‚Ėź‚Ėą‚Ėą‚Ėą‚Ėą    ‚ĖĄ ‚Ėą‚Ėď‚Ėą‚ĖĆ  ‚Ėą‚ĖĄ ‚ĖĄ   ‚Ėź‚Ėď‚Ėą
  ‚Ėď     ‚Ėź‚Ėą‚Ėą‚Ėą ‚ĖĄ‚Ėą‚Ėą‚ĖÄ  ‚ĖÄ‚Ėą‚Ėą‚ĖĆ‚ĖĄ‚Ėą‚Ėą‚Ėą‚Ėą‚Ėą‚ĖĆ ‚Ėą‚Ėą‚Ėą  ‚Ėź‚Ėą‚Ėą‚Ėą ‚ĖÄ‚Ėą‚Ėą‚Ėą‚ĖĄ ‚ĖĄ‚Ėą‚Ėą‚ĖÄ‚Ėź‚Ėą‚Ėą‚Ėą  ‚Ėź‚Ėą‚Ėą‚Ėď‚ĖĆ  ‚Ėą‚ĖÄ
 ‚Ėą ‚ĖĆ     ‚ĖÄ‚Ėą‚Ėą‚ĖÄ            ‚ĖÄ‚ĖÄ‚ĖÄ‚ĖÄ ‚ĖĄ‚Ėą‚ĖÄ    ‚ĖÄ‚Ėď‚Ėą‚ĖĄ  ‚ĖÄ‚ĖÄ‚ĖÄ‚ĖÄ     ‚ĖÄ‚Ėą‚Ėą‚Ėą‚ĖĄ ‚ĖÄ‚ĖÄ‚ĖÄ  ‚ĖĄ
  ‚ĖÄ ‚ĖÄ‚ĖÄ‚ĖÄ‚ĖĄ‚ĖĄ‚ĖĄ‚ĖĄ‚ĖĄ‚ĖĄ‚ĖĄ‚ĖĄ‚ĖĄ‚ĖĄ‚ĖĄ‚ĖĄ‚ĖĄ‚ĖĄ‚ĖĄ‚ĖĄ‚ĖĄ‚ĖĄ‚ĖĄ‚ĖĄ‚ĖĄ ‚Ė†  ‚ĖĄ‚ĖĄ‚ĖĄ‚ĖĄ‚ĖĄ‚ĖĄ‚ĖĄ‚ĖĄ ‚ĖÄ ‚ĖĄ‚ĖĄ‚ĖĄ‚ĖĄ‚ĖĄ‚ĖĄ‚ĖĄ‚ĖĄ‚ĖĄ‚ĖĄ   ‚ĖÄ ‚ĖĄ ‚Ėą ‚ĖÄ ‚ĖĄ‚ĖĄ‚ĖĄ‚ĖĄ    ‚ĖĄ
 ‚Ė†                            ‚Ėď                      ‚ĖĄ‚Ėď‚ĖÄ‚ĖÄ           ‚ĖÄ‚ĖÄ‚ĖÄ‚Ėź ‚Ėą ‚ĖĄ
   ‚ĖÄ‚Ėď‚ĖĄ     ‚Ėď‚Ėą‚ĖÄ‚Ėą ‚Ėď‚Ėą‚ĖÄ‚Ėą ‚Ėď‚Ėą‚ĖÄ‚Ėą ‚Ėď‚Ėą‚ĖĄ‚ĖĄ ‚ĖÄ‚Ėź‚ĖÄ‚Ėą ‚Ėď‚Ėą‚ĖÄ‚ĖĄ ‚Ėď‚Ėą‚ĖĄ ‚Ėď‚Ėą‚ĖĄ‚ĖĄ ‚ĖĄ ‚ĖÄ‚ĖĄ‚ĖĄ     bumax[BAFH] ‚Ėí
  ‚ĖĄ ‚ĖÄ‚ĖÄ‚Ėą‚ĖĄ   ‚Ėą‚Ėą‚ĖÄ‚ĖÄ ‚Ėą‚Ėą   ‚Ėą‚Ėą‚ĖĄ‚ĖĄ ‚ĖĄ‚ĖĄ‚ĖĄ‚Ėą ‚Ėą‚Ėą‚ĖĄ‚ĖĄ ‚Ėą‚Ėą ‚Ėą ‚Ėą‚Ėą  ‚ĖĄ‚ĖĄ‚ĖĄ‚Ėą ‚ĖĄ    ‚ĖÄ‚ĖÄ‚ĖÄ‚Ėď‚ĖĄ‚ĖĄ
     ‚ĖĄ‚ĖĄ‚ĖĄ‚ĖÄ     ‚ĖĄ‚ĖĄ‚ĖĄ‚ĖĄ‚ĖĄ‚ĖĄ‚ĖĄ‚ĖĄ‚ĖĄ     ‚ĖĄ‚ĖĄ‚ĖĄ‚ĖĄ‚ĖĄ‚ĖĄ‚ĖĄ‚ĖĄ‚ĖĄ‚ĖĄ‚ĖĄ‚ĖÄ‚ĖĄ‚ĖĄ‚ĖĄ‚ĖĄ‚ĖĄ‚ĖĄ‚ĖĄ‚ĖĄ‚ĖĄ‚ĖĄ‚ĖĄ  ‚Ė†       ‚ĖÄ          ‚ĖĆ
    ‚ĖÄ‚ĖĄ‚ĖĄ‚ĖĄ‚ĖĄ‚ĖĄ‚ĖĄ‚Ėď‚ĖÄ‚ĖÄ‚ĖÄ‚ĖÄ    ‚ĖÄ‚ĖÄ‚ĖÄ‚ĖÄ‚Ėą‚Ėą‚Ėą‚ĖĄ‚ĖĄ‚ĖĄ         ‚Ėď          ‚ĖĄ‚ĖĄ‚ĖÄ          ‚ĖÄ
                            ‚ĖÄ‚ĖÄ‚ĖÄ‚ĖÄ‚ĖÄ‚Ėą‚Ėą‚ĖĄ‚ĖĄ‚ĖĄ‚ĖĄ‚ĖĄ  ‚ĖĄ‚ĖĄ‚ĖĄ‚ĖĄ‚ĖÄ‚ĖÄ‚ĖÄ‚ĖÄ               ‚Ė†
   ‚Ė†                                  ‚Ėď‚ĖÄ‚ĖÄ‚ĖÄ
  ‚ĖÄ‚ĖĄ                                                              ‚ĖĆ
                Anomaly Warzone Earth Update 1 Cracked
     ‚ĖÄ‚ĖÄ ‚ĖĄ‚ĖĄ‚ĖĄ‚ĖĄ                                                     ‚ĖĄ
  ‚Ė† ‚ĖĄ     ‚ĖÄ‚ĖÄ‚ĖÄ‚ĖÄ‚ĖÄ‚ĖÄ‚ĖÄ‚Ėą‚Ėą‚Ėą‚ĖĄ‚ĖĄ‚ĖĄ‚Ėí‚ĖĄ‚ĖĄ‚ĖĄ‚ĖĄ‚ĖĄ‚ĖĄ‚ĖĄ                              ‚ĖĄ‚ĖĄ‚ĖĎ‚ĖÄ
   ‚Ėź ‚Ėď                     ‚ĖÄ‚ĖÄ‚ĖÄ‚ĖÄ‚ĖÄ‚ĖÄ‚ĖÄ‚ĖÄ‚ĖÄ‚ĖÄ‚ĖÄ‚ĖÄ‚ĖÄ‚ĖÄ‚ĖÄ‚Ėď‚ĖĄ‚ĖĄ‚ĖĄ‚ĖĄ‚ĖĄ‚ĖĄ‚ĖĄ‚ĖĄ‚ĖĄ‚ĖĄ‚ĖĄ‚ĖĄ‚ĖĄ‚Ėą‚Ėą‚Ėą‚Ėą‚ĖÄ‚ĖÄ‚ĖÄ
    ‚Ėď
    ‚Ėź‚ĖĆ  Release Date: 03/04/2012        Protection: Steam       ‚ĖĆ
     ‚Ėą                                                          ‚Ėď
     ‚Ėď‚ĖĆ Cracked By..: BAT-TEAM          # of Files: few         ‚Ėź
     ‚Ėź‚ĖĆ                                                         ‚Ėź
  ‚ĖĄ‚ĖĄ‚ĖĄ ‚ĖĆ ‚ĖĄ‚ĖĄ‚ĖĄ‚ĖĄ‚ĖĄ‚ĖĄ‚ĖĄ‚ĖĄ‚ĖĄ‚ĖĄ‚ĖĄ‚ĖĄ‚ĖĄ‚ĖĄ‚ĖĄ‚ĖĄ‚ĖĄ‚ĖĄ‚ĖĄ‚ĖĄ‚ĖĄ‚ĖĄ‚ĖĄ‚ĖĄ‚ĖĄ‚ĖĄ‚ĖĄ‚ĖĄ‚ĖĄ‚ĖĄ‚ĖĄ‚ĖĄ‚ĖĄ‚ĖĄ‚ĖĄ‚ĖĄ‚ĖĄ‚ĖĄ‚ĖĄ‚ĖĄ‚ĖĄ‚ĖĄ‚ĖĄ‚ĖĄ‚ĖĄ‚ĖĄ‚ĖĄ‚ĖĄ‚ĖĄ‚ĖĄ‚ĖĄ‚ĖĄ‚ĖĄ‚ĖĄ‚ĖĄ ‚Ėź ‚ĖĄ‚ĖĄ‚ĖĄ‚ĖĄ‚ĖĄ‚ĖĄ
                                                                ‚Ėź
      ‚Ė†  ‚Ėď‚Ėą‚ĖÄ‚Ėą ‚Ėď‚Ėą‚ĖÄ‚Ėą ‚Ėď‚Ėą  ‚Ėď‚Ėą‚ĖÄ‚Ėą ‚Ėď‚Ėą‚ĖÄ‚Ėą ‚Ėď‚Ėą‚ĖĄ‚ĖĄ ‚Ėď‚Ėą‚ĖÄ‚Ėą   ‚Ėď‚Ėą ‚Ėď‚Ėą‚ĖÄ‚ĖĄ ‚Ėď‚Ėą‚ĖÄ‚ĖÄ ‚Ėď‚Ėą‚ĖÄ‚Ėą  ‚Ėź
         ‚Ėą‚Ėą   ‚Ėą‚Ėą‚ĖĄ‚ĖĄ ‚Ėą‚Ėą‚ĖĄ ‚Ėą‚Ėą‚ĖĄ‚ĖĄ ‚Ėą‚Ėą‚ĖÄ‚Ėą ‚ĖĄ‚ĖĄ‚ĖĄ‚Ėą ‚Ėą‚Ėą‚ĖĄ‚ĖĄ   ‚Ėą‚Ėą ‚Ėą‚Ėą ‚Ėą ‚Ėą‚Ėą‚ĖÄ  ‚Ėą‚Ėą‚ĖĄ‚Ėą

      Anomaly: Warzone Earth is an extraordinary mixture of 
      action and strategy in a reversed tower defense formula. 
      The game tasks you with saving a near-future Earth from 
      an alien onslaught. The invaders have captured world's 
      major cities, building huge turrets that destroy 
      everything in their path. It's up to you to lead an armor 
      squad through the streets of cities like Baghdad and 
      Tokyo, planning the route and strategically choosing 
      which units to deploy in order to crush the opposition. 
      Take control of the Commander, whose special abilities 
      and quick thinking will be vital in supporting the squad 
      in its mission, as you engage in fast-paced, tactical 
      battle across story campaign and two heart-pounding Squad 
      Assault Modes.

                ‚Ėź‚ĖÄ                                                         ‚Ėď
  ‚ĖĄ‚ĖĄ‚ĖĄ ‚ĖĆ ‚ĖĄ‚ĖĄ‚ĖĄ‚ĖĄ‚ĖĄ‚ĖĄ‚ĖĄ‚ĖĄ‚ĖĄ‚ĖĄ‚ĖĄ‚ĖĄ‚ĖĄ‚ĖĄ‚ĖĄ‚ĖĄ‚ĖĄ‚ĖĄ‚ĖĄ‚ĖĄ‚ĖĄ‚ĖĄ‚ĖĄ‚ĖĄ‚ĖĄ‚ĖĄ‚ĖĄ‚ĖĄ‚ĖĄ‚ĖĄ‚ĖĄ‚ĖĄ‚ĖĄ‚ĖĄ‚ĖĄ‚ĖĄ‚ĖĄ‚ĖĄ‚ĖĄ‚ĖĄ‚ĖĄ‚ĖĄ‚ĖĄ‚ĖĄ‚ĖĄ‚ĖĄ‚ĖĄ‚ĖĄ‚ĖĄ‚ĖĄ‚ĖĄ‚ĖĄ‚ĖĄ‚ĖĄ‚ĖĄ ‚Ėź ‚ĖĄ‚ĖĄ‚ĖĄ‚ĖĄ‚ĖĄ‚ĖĄ
                                                                ‚Ėź
      ‚Ė†    ‚Ėď‚Ėą ‚Ėď‚Ėą‚ĖÄ‚ĖĄ ‚Ėď‚Ėą‚ĖĄ‚ĖĄ ‚Ėď‚Ėą‚ĖĄ ‚Ėď‚Ėą‚ĖÄ‚Ėą ‚Ėď‚Ėą  ‚Ėď‚Ėą    ‚Ėď‚Ėą ‚Ėď‚Ėą‚ĖÄ‚ĖĄ ‚Ėď‚Ėą‚ĖÄ‚ĖÄ ‚Ėď‚Ėą‚ĖÄ‚Ėą    ‚Ėź
           ‚Ėą‚Ėą ‚Ėą‚Ėą ‚Ėą ‚ĖĄ‚ĖĄ‚ĖĄ‚Ėą ‚Ėą‚Ėą  ‚Ėą‚Ėą‚ĖÄ‚Ėą ‚Ėą‚Ėą‚ĖĄ ‚Ėą‚Ėą‚ĖĄ   ‚Ėą‚Ėą ‚Ėą‚Ėą ‚Ėą ‚Ėą‚Ėą‚ĖÄ  ‚Ėą‚Ėą‚ĖĄ‚Ėą

         1. Unpack release.
         2. Copy the updated files over the old ones.
         3. Enjoy! ;)

        Note:
        There were many updates of this game released, but not
                listed on Steam. This is the latest one which was released
        on 31-03-2012.

     ‚Ėź‚ĖÄ                                                         ‚Ėď
  ‚ĖĄ‚ĖĄ‚ĖĄ ‚ĖĆ ‚ĖĄ‚ĖĄ‚ĖĄ‚ĖĄ‚ĖĄ‚ĖĄ‚ĖĄ‚ĖĄ‚ĖĄ‚ĖĄ‚ĖĄ‚ĖĄ‚ĖĄ‚ĖĄ‚ĖĄ‚ĖĄ‚ĖĄ‚ĖĄ‚ĖĄ‚ĖĄ‚ĖĄ‚ĖĄ‚ĖĄ‚ĖĄ‚ĖĄ‚ĖĄ‚ĖĄ‚ĖĄ‚ĖĄ‚ĖĄ‚ĖĄ‚ĖĄ‚ĖĄ‚ĖĄ‚ĖĄ‚ĖĄ‚ĖĄ‚ĖĄ‚ĖĄ‚ĖĄ‚ĖĄ‚ĖĄ‚ĖĄ‚ĖĄ‚ĖĄ‚ĖĄ‚ĖĄ‚ĖĄ‚ĖĄ‚ĖĄ‚ĖĄ‚ĖĄ‚ĖĄ‚ĖĄ‚ĖĄ ‚Ėź ‚ĖĄ‚ĖĄ‚ĖĄ‚ĖĄ‚ĖĄ‚ĖĄ
                                                                ‚Ėź
      ‚Ė†   ‚Ėď‚Ėą‚ĖÄ  ‚Ėď‚Ėą‚ĖÄ‚Ėą ‚Ėď‚Ėą‚ĖÄ‚ĖĄ ‚Ėď‚Ėą‚ĖĄ ‚Ėď‚Ėą‚ĖÄ‚Ėą ‚Ėď‚Ėą‚ĖÄ  ‚Ėď‚Ėą‚ĖĄ   ‚Ėď‚Ėą ‚Ėď‚Ėą‚ĖÄ‚ĖĄ ‚Ėď‚Ėą‚ĖÄ‚ĖÄ ‚Ėď‚Ėą‚ĖÄ‚Ėą  ‚Ėź
          ‚Ėą‚Ėą‚ĖĄ‚ĖĄ ‚Ėą‚Ėą‚ĖĄ‚Ėą ‚Ėą‚Ėą ‚Ėą ‚Ėą‚Ėą  ‚Ėą‚Ėą‚ĖÄ‚Ėą ‚Ėą‚Ėą‚ĖĄ‚ĖĄ ‚Ėą‚Ėą    ‚Ėą‚Ėą ‚Ėą‚Ėą ‚Ėą ‚Ėą‚Ėą‚ĖÄ  ‚Ėą‚Ėą‚ĖĄ‚Ėą
                   WE DONT WANT ANYONE TO CONTACT US!
                       WE CONTACT YOU IF NEEDED!
        WEB: NEVER         - IRC: NEVER         - EMAIL: NEVER
    ‚Ė† ‚Ėď ‚ĖĄ                                                     ‚Ė†   ‚ĖĄ
   ‚ĖĄ ‚Ėź‚ĖÄ   ‚ĖÄ‚ĖĄ                                                    ‚Ėď
  ‚ĖĄ‚ĖĄ‚ĖĄ ‚Ė† ‚ĖĄ‚ĖĄ‚ĖĄ‚ĖĄ‚ĖĄ‚ĖĄ‚ĖĄ‚ĖĄ‚ĖĄ‚ĖĄ‚ĖĄ‚ĖĄ‚ĖĄ‚ĖĄ‚ĖĄ‚ĖĄ‚ĖĄ‚ĖĄ‚ĖĄ‚ĖĄ‚ĖĄ‚ĖĄ‚ĖĄ‚ĖĄ‚ĖĄ‚ĖĄ‚ĖĄ‚ĖĄ‚ĖĄ‚ĖĄ‚ĖĄ‚ĖĄ‚ĖĄ‚ĖĄ‚ĖĄ‚ĖĄ‚ĖĄ‚ĖĄ‚ĖĄ‚ĖĄ‚ĖĄ‚ĖĄ‚ĖĄ‚ĖĄ‚ĖĄ‚ĖĄ‚ĖĄ‚ĖĄ‚ĖĄ‚ĖĄ‚ĖĄ‚ĖĄ‚ĖĄ‚ĖĄ‚ĖĄ ‚Ėź ‚ĖĄ‚ĖĄ‚ĖĄ‚ĖĄ‚ĖĄ‚ĖĄ
      ‚Ėź                                                         ‚Ėź
     ‚Ėź         ‚Ėď‚Ėą‚ĖÄ  ‚Ėď‚Ėą‚ĖÄ‚Ėą ‚Ėď‚Ėą‚ĖÄ‚Ėą ‚Ėď‚Ėą‚ĖÄ‚Ėą ‚Ėď‚Ėą‚ĖĄ ‚Ėď‚Ėą ‚Ėď‚Ėą‚ĖÄ‚ĖĄ ‚Ėď‚Ėą‚ĖÄ  ‚Ėď‚Ėą‚ĖĄ‚ĖĄ        ‚Ėź
      ‚ĖĄ        ‚Ėą‚Ėą‚ĖĄ‚Ėą ‚Ėą‚Ėą   ‚Ėą‚Ėą‚ĖĄ‚ĖĄ ‚Ėą‚Ėą‚ĖĄ‚ĖĄ ‚Ėą‚Ėą  ‚Ėą‚Ėą ‚Ėą‚Ėą ‚Ėą ‚Ėą‚Ėą‚ĖĄ‚Ėą ‚ĖĄ‚ĖĄ‚ĖĄ‚Ėą        ‚ĖĄ
    ‚ĖĄ‚ĖĄ‚ĖĄ‚ĖÄ          ‚Ėź                               ‚Ėź            ‚Ėź ‚Ėď
   ‚ĖÄ‚ĖĄ                                                           ‚ĖĎ ‚Ėź
     ‚Ė†       Greetings to all of our friends around scene!        ‚Ėą‚ĖĆ
     ‚Ėź                                                           ‚Ėą‚Ėď
     ‚ĖĄ                                                    ‚ĖĄ‚ĖÄ‚Ėą‚ĖĄ‚ĖĄ‚ĖĄ‚Ėą‚Ėź
       ‚ĖĄ‚ĖÄ‚ĖÄ‚Ėą‚Ėą‚ĖĄ‚ĖĄ‚ĖĄ‚ĖĄ‚ĖĄ‚ĖĄ‚ĖĄ                  ‚ĖĄ‚ĖĄ‚Ėą‚ĖÄ‚ĖÄ‚ĖÄ‚ĖÄ‚Ėą‚Ėą‚ĖĄ‚ĖĄ‚ĖĄ‚ĖĄ       ‚Ė†   ‚ĖÄ‚ĖÄ‚ĖÄ
      ‚Ė†    ‚Ė†    ‚ĖÄ‚ĖÄ‚ĖÄ‚ĖÄ‚ĖÄ‚ĖĎ‚Ėą‚ĖĄ‚ĖĄ‚ĖĄ‚ĖĄ   ‚ĖĄ‚ĖĄ‚ĖĄ‚ĖĄ‚ĖĄ‚Ė†‚ĖÄ           ‚Ėď‚ĖÄ‚ĖÄ‚ĖÄ‚Ėą  ‚ĖÄ
      ‚Ėź   ‚ĖĄ          ‚Ėď    ‚ĖÄ‚ĖÄ‚ĖÄ‚ĖÄ‚ĖÄ
        ‚ĖÄ                               NFO UPDATED 13/11/2007
