             ▄▄▄███▄▄▄ ███▄▄▄   ███ ███▄▄▄
             ████████▀ ███ ███  ▓▒░ ██████▄
             ▓▒░███▓▒  ███ ███  ███ ███  ██
                ███    ███ ███  ███ ███ ██▀
                ███    ███████▌ ███ ███ ▓▒
                ███    ███  ███ ███ ██████▄
                █░█    █░█  █░█ █░█     ▀░█
                █▒▒    █▒▒  █▒▒ █▒▒ █▒▒ ███ 
                ▓▒█    ▓▒░  ▓▒░ ▓▒░ ▓▒░█▓▒░     
  █░███████████▓▒█████▓▒███▓▒██▓▒██▓▒██████████████████▓▌
  █▌░                                                  ▐█▄▄
  █▓▒░           ■ TRiS  presents ■                    ░▒▓█
  ███▄█▀█▄▄▄▄▄▄▄▄▄▄▄▄▄▄▄▄▄▄▄▄▄▄▄▄▄▄▄▄▄▄▄▄▄▄▄▄▄▄▄▄▄▄▄█▀██▄▓▓
  █░▒░▓▒░░█████▓▒░░░░░░░░░░░░░░░░░░░░░░░░░░░░░██████▄█▒░▄░█
  █▓▓▒░▓▒░▌                                            ▐███
  █▓▓▒░▌           ▄█▄ █▄▄ ▄ ▄▀▀                        ███
  █▓▒▌              █  █ █ ▒ ▀▀▄                         ▀█
  █▓▌               █  █▀▄ █ █▄▀                     ▄▄▄
  █▓▌          ▄  ▄▄▄▄▄▄ ▄▄▄▄ ▄▄▄▄▄                    ▀█▓        
  █▓▌         ▀▓▀ ██  ██ ██ ▀ ██ ██ ▄░▄                    
  █▓▌             ▓█  ▓█ ▓█▀  ▓█▄██  ▀                  
  █▓▌          ▒░ ▒░  ▒░ ▒░   ▒▒░░░
  █▓▌                        
  █▓ Release ───────: Family.Guy.Blue.Harvest.2007.1080p.BluRay.x264-TRiS
  █▓ Source ────────: BluRay                                               
  █▓ Language ──────: ENGLiSH               
  █▓ Runtime ───────: 0h 47min
  █▓ Bitrate ───────: 11644 Kbps                                           
  █▓ Resolution ────: 1440 x 1080               
  █▓ Aspect Ratio ──: 1.33           
  █▓ Audio ─────────: DTS 1536 Kbps     
  █▓ Subs Forced ───: NO            
  █▓
  █▓ URL ───────────: http://www.imdb.com/title/tt0888817/
  █▓▓▒░▓▒░▌
  █▓▓▒░▌
  █▓▒▌
  █▓▌                                                ▄▄▄
  █▓▌            ▄▄▄▓▀▀▀▀▀▀▀▓▄▄▄                       ▀█▓
  █▓▌       ▒▓▓█▀▀             ▀▀█▓▓▒ 
  █▓▌       ▓█▓▌■ C O N T A C T ■▐▓█▓▄ 
  █▓▓▓▓▓▓▓▓▓▓▓▒█▄               ▄█▒▓▓▓▒░░                    
  █▓▓▒░▓▒░▌      ▓▒░░░░░░░░░░░░░         ▒
  █▓▓▒░▌                                 ░▓░
  █▓▒▌         rEMEMBER.oLDSKOOL.bBS 
  █▓▌              sO.gET.lOST
  █▓▌             
  █▓▌            
  █▓▌                                                 ▄▄▄
  █▓▌            ▄▄▄▓▀▀▀▀▀▀▀▓▄▄▄                        ▀█▓
  █▓▌       ▒▓▓█▀▀             ▀▀█▓▓▒ 
  █▓▌       ▓█▓▌■   N O T E S   ■▐▓█▓▄
  █▓▓▓▓▓▓▓▓▓▓▓▒█▄               ▄█▒▓▓▓▒░░
  █▓▓▒░▓▒░▌      ▓▒░░░░░░░░░░░░░         ▒
  █▓▓▒░▌                                  ░▓░
  █▓▒▌
  █▓▌          
  █▓▌             
  █▓▌      
  █▓▌                                                 ▄▄▄         
  █▓▌            ▄▄▄▓▀▀▀▀▀▀▀▓▄▄▄                        ▀█▓
  █▓▌       ▒▓▓█▀▀             ▀▀█▓▓▒ 
  █▓▌       ▓█▓▌■  G R E E T S  ■▐▓█▓▄
  █▓▓▓▓▓▓▓▓▓▓▓▒█▄               ▄█▒▓▓▓▒░░
  █▓▓▒░▓▒░▌      ▓▒░░░░░░░░░░░░░         ▒
  █▓▓▒░▌                                  ░▓░
  █▓▒▌          tO aLL rEAL sCENERS
  █▓▌           aND fAIR rIVAL gROUPS
  █▓▌                   
  █▓▌
  █▓▌▄▄▄▄▄▄▄▄▄▄▄[ASCII/MiSC by FRK 2012]▄▄▄▄▄▄▄▄▄▄▄▄▄▄▄██▄
▄██▓██▄▀▀▀▄▄▄▄▄▄▓▀▀▀▀▀▀▀▀▀▀▀▀▀▀▀▀▀▀▀▀▀▀▓▄▄▄▄▄▄▀▀▀▀▀▀▀▀▀▀▄▒█▄
  ▀▄▒  ▄                                             ▄   ▄▀                                                                                                                        
  ▀█▀░▀█▀                                           ▀█▀░▀█▀
  ▀█▀▒▀█▀                                           ▀█▀▒▀█▀
