ÔĽŅ                                                                      
         ‚ēĎ‚Ėą‚Ėą‚Ėą‚Ėą‚Ėą‚Ėą   ‚Ėą‚Ėą‚Ėą‚Ėą‚Ėą‚Ėą ‚Ėą‚Ėą     ‚Ėą‚Ėą ‚Ėą‚Ėą   ‚Ėą‚Ėą‚Ėą‚Ėą‚Ėą   ‚Ėą‚Ėą    ‚Ėą‚Ėą‚Ėą‚Ėą    ‚Ėą‚Ėą   ‚Ėą‚Ėą‚ēĎ
         ‚ēĎ‚Ėą‚Ėą   ‚Ėą‚Ėą  ‚Ėą‚Ėą     ‚Ėą‚Ėą     ‚Ėą‚Ėą ‚Ėą‚Ėą  ‚Ėą‚Ėą   ‚Ėą‚Ėą  ‚Ėą‚Ėą   ‚Ėą‚Ėą  ‚Ėą‚Ėą   ‚Ėą‚Ėą‚Ėą  ‚Ėą‚Ėą‚ēĎ
         ‚ēĎ‚Ėą‚Ėą   ‚Ėą‚Ėą  ‚Ėą‚Ėą      ‚Ėą‚Ėą   ‚Ėą‚Ėą      ‚Ėą‚Ėą           ‚Ėą‚Ėą    ‚Ėą‚Ėą  ‚Ėą‚Ėą‚Ėą  ‚Ėą‚Ėą‚ēĎ
         ‚ēĎ‚Ėą‚Ėą   ‚Ėą‚Ėą  ‚Ėą‚Ėą      ‚Ėą‚Ėą   ‚Ėą‚Ėą  ‚Ėą‚Ėą  ‚Ėą‚Ėą‚Ėą      ‚Ėą‚Ėą  ‚Ėą‚Ėą    ‚Ėą‚Ėą  ‚Ėą‚Ėą‚Ėą‚Ėą ‚Ėą‚Ėą‚ēĎ
         ‚ēĎ‚Ėą‚Ėą   ‚Ėą‚Ėą  ‚Ėą‚Ėą‚Ėą‚Ėą‚Ėą‚Ėą  ‚Ėą‚Ėą   ‚Ėą‚Ėą  ‚Ėą‚Ėą   ‚Ėą‚Ėą‚Ėą‚Ėą    ‚Ėą‚Ėą  ‚Ėą‚Ėą    ‚Ėą‚Ėą  ‚Ėą‚Ėą ‚Ėą ‚Ėą‚Ėą‚ēĎ
         ‚ēĎ‚Ėą‚Ėą‚Ėą‚Ėą‚Ėą‚Ėą   ‚Ėą‚Ėą       ‚Ėą‚Ėą ‚Ėą‚Ėą   ‚Ėą‚Ėą    ‚Ėą‚Ėą‚Ėą‚Ėą   ‚Ėą‚Ėą  ‚Ėą‚Ėą    ‚Ėą‚Ėą  ‚Ėą‚Ėą ‚Ėą‚Ėą‚Ėą‚Ėą‚ēĎ
         ‚ēĎ‚Ėą‚Ėą  ‚Ėą‚Ėą   ‚Ėą‚Ėą       ‚Ėą‚Ėą ‚Ėą‚Ėą   ‚Ėą‚Ėą      ‚Ėą‚Ėą‚Ėą  ‚Ėą‚Ėą  ‚Ėą‚Ėą    ‚Ėą‚Ėą  ‚Ėą‚Ėą  ‚Ėą‚Ėą‚Ėą‚ēĎ
         ‚ēĎ‚Ėą‚Ėą   ‚Ėą‚Ėą  ‚Ėą‚Ėą       ‚Ėą‚Ėą ‚Ėą‚Ėą   ‚Ėą‚Ėą       ‚Ėą‚Ėą  ‚Ėą‚Ėą  ‚Ėą‚Ėą    ‚Ėą‚Ėą  ‚Ėą‚Ėą  ‚Ėą‚Ėą‚Ėą‚ēĎ
         ‚ēĎ‚Ėą‚Ėą   ‚Ėą‚Ėą  ‚Ėą‚Ėą        ‚Ėą‚Ėą‚Ėą    ‚Ėą‚Ėą  ‚Ėą‚Ėą   ‚Ėą‚Ėą  ‚Ėą‚Ėą   ‚Ėą‚Ėą  ‚Ėą‚Ėą   ‚Ėą‚Ėą   ‚Ėą‚Ėą‚ēĎ
         ‚ēĎ‚Ėą‚Ėą    ‚Ėą‚Ėą ‚Ėą‚Ėą‚Ėą‚Ėą‚Ėą‚Ėą    ‚Ėą‚Ėą‚Ėą    ‚Ėą‚Ėą   ‚Ėą‚Ėą‚Ėą‚Ėą‚Ėą   ‚Ėą‚Ėą    ‚Ėą‚Ėą‚Ėą‚Ėą    ‚Ėą‚Ėą   ‚Ėą‚Ėą‚ēĎ
                                                                      
            

                                                    
          History.Channel.Decoding.The.Past.The.Real.Sorcerers.Stone.PDTV.XviD-REViSiON
                                                        
                                                        
          Air Date: 06/01/2008                                              
                                                                            
          Released: 06/01/2008                                              
                                                                            
          Video: 512x368                                                  
                                                                            
          Frames: 25                                                        
                                                                            
          Audio: VBR Avg 128                                                
                                                                            
          Source: PDTV                                                      
                                                                            
          Encoding: Xvid                                                    
                                                        
          Episode Notes:

          This programme explores the legend behind the √¶holy grail' 
          of western alchemy: the √¶Sorcerer's Stone.
