ÔĽŅ                                                            
                                                                                
                       ‚Ėí          ‚Ėą                                             
                        ‚Ėą‚Ėą‚Ėí       ‚Ėą‚Ėą                                            
                         ‚Ėą‚Ėą‚Ėą‚Ėí     ‚Ėą‚Ėą‚Ėą     ‚Ėą                                     
                          ‚Ėą‚Ėą‚Ėą‚Ėą‚Ėí    ‚Ėą‚Ėą‚Ėą    ‚Ėą     ‚Ėí                               
                  ‚Ėą        ‚Ėą‚Ėą‚Ėą‚Ėą‚Ėą    ‚Ėą‚Ėą‚Ėí   ‚Ėą‚Ėą    ‚Ėą                               
                  ‚Ėą‚Ėí        ‚Ėą‚Ėą‚Ėą‚Ėą‚Ėą   ‚Ėą‚Ėą‚Ėą   ‚Ėí‚Ėą   ‚Ėí‚Ėą                               
                 ‚Ėí‚Ėí‚Ėą‚Ėí        ‚Ėą‚Ėą‚Ėą‚Ėą‚Ėą   ‚Ėą‚Ėą‚Ėą  ‚Ėí‚Ėą‚Ėí   ‚Ėą                               
                 ‚Ėí ‚Ėí‚Ėą‚Ėą‚Ėí       ‚Ėą‚Ėą‚Ėą‚Ėą‚Ėą  ‚Ėą‚Ėą‚Ėą  ‚Ėą‚Ėą‚Ėą   ‚Ėą                  ‚Ėí            
                 ‚Ėí   ‚Ėí‚Ėą‚Ėą‚Ėą‚Ėí    ‚Ėí‚Ėą‚Ėą‚Ėą‚Ėą‚Ėą ‚Ėą‚Ėą‚Ėą‚Ėí ‚Ėą‚Ėą‚Ėą   ‚Ėą             ‚Ėí‚Ėí‚Ėą‚Ėą‚Ėą‚Ėí            
                ‚Ėí  ‚Ėí   ‚Ėí‚Ėą‚Ėą‚Ėą‚Ėą‚Ėí  ‚Ėą‚Ėą‚Ėą‚Ėą‚Ėą‚Ėą‚ĖĎ‚Ėą‚Ėą‚Ėą ‚Ėą‚Ėą‚Ėą   ‚Ėą         ‚Ėí‚Ėí‚Ėą‚Ėą‚Ėí‚Ėí  ‚Ėą             
                ‚Ėí  ‚Ėí      ‚Ėí‚Ėą‚Ėą‚Ėí ‚Ėą‚Ėą‚Ėą‚Ėą‚Ėą‚Ėą‚Ėą‚Ėą‚Ėą‚Ėą ‚Ėą‚Ėą‚Ėą‚Ėí  ‚Ėą      ‚Ėí‚Ėí‚Ėą‚Ėí‚Ėí     ‚Ėą‚Ėí             
                ‚Ėą           ‚Ėí‚Ėą‚Ėí‚Ėą‚Ėą‚Ėą‚Ėą‚Ėą‚Ėą‚Ėą‚Ėą‚Ėą‚Ėą ‚Ėą‚Ėą‚Ėą‚Ėí ‚Ėą‚Ėą    ‚Ėí‚Ėą‚Ėí‚Ėí   ‚Ėí‚Ėí   ‚Ėą              
                ‚Ėą   ‚Ėí‚Ėą‚Ėí      ‚Ėí‚Ėą‚Ėí‚Ėą‚Ėą‚Ėą‚Ėą‚Ėą‚Ėą‚Ėą‚Ėą‚Ėą‚Ėí‚Ėą‚Ėą‚Ėą‚Ėą ‚Ėą‚Ėą   ‚Ėą‚Ėą    ‚Ėí‚Ėą‚Ėí   ‚Ėą‚Ėą              
                ‚Ėą‚Ėí   ‚Ėí‚Ėí‚Ėí      ‚Ėą ‚Ėą‚Ėą‚Ėą‚Ėą‚Ėą‚Ėą‚Ėą‚Ėą‚Ėą‚Ėą‚Ėą‚Ėą‚Ėą‚Ėą ‚Ėą‚Ėą  ‚Ėą‚Ėí    ‚Ėí‚Ėí     ‚Ėą               
                ‚Ėí‚Ėą     ‚Ėí‚Ėí     ‚Ėí ‚Ėí‚Ėą‚Ėą‚Ėą‚Ėą‚Ėą‚Ėą‚Ėą‚Ėą‚Ėą‚Ėą‚Ėą‚Ėą‚Ėą‚Ėą‚Ėą‚Ėí ‚Ėą‚Ėí    ‚Ėí‚Ėí     ‚Ėą‚Ėą               
                 ‚Ėą‚Ėą‚Ėí        _‚Ėí‚Ėą‚Ėą‚Ėą‚Ėą‚Ėą‚Ėą‚Ėą‚Ėą‚Ėą‚Ėą‚Ėą‚Ėą‚Ėą‚Ėą‚Ėą‚Ėą‚Ėą‚Ėą ‚Ėą   ‚Ėí‚Ėí ‚Ėí     ‚Ėí‚Ėą‚Ėí               
                  ‚Ėą‚Ėą‚Ėą‚Ėí‚Ėí  _‚Ėą‚Ėą‚Ėą‚Ėą‚Ėí‚Ėą‚Ėą‚Ėą‚Ėí ‚Ėą‚Ėí‚Ėą‚Ėą‚Ėą‚Ėą‚Ėą‚Ėą‚Ėą‚Ėą‚Ėą‚Ėą‚Ėí‚Ėí   ‚Ėą‚Ėí‚Ėí      ‚Ėą‚Ėą                
                   ‚Ėí‚Ėą‚Ėą‚Ėą‚Ėą‚Ėí‚Ėą‚Ėą‚Ėą‚Ėí‚Ėí‚Ėą‚Ėą‚Ėí‚Ėą ‚Ėą‚Ėí ‚Ėí ‚Ėą ‚Ėí‚Ėą‚Ėą‚Ėą‚Ėą‚Ėą‚Ėí   ‚Ėí‚Ėí‚Ėą      ‚Ėą‚Ėą                 
                     ‚Ėí‚Ėą‚Ėí‚Ėí‚Ėą‚Ėą ‚Ėą‚Ėą‚Ėą‚Ėí ‚Ėą‚Ėą‚Ėą ‚Ėą‚Ėí ‚Ėą‚Ėą ‚Ėą‚Ėí‚Ėą‚Ėą‚Ėą     ‚Ėí‚Ėí     ‚Ėą‚Ėą                  
                    ‚Ėí‚Ėą‚Ėą ‚Ėą‚Ėą‚Ėí‚Ėą‚Ėą‚Ėą‚Ėí ‚Ėą‚Ėą‚Ėí‚Ėą‚Ėą‚Ėą ‚Ėí‚Ėą‚Ėą   ‚Ėí‚Ėą‚Ėą‚Ėí          ‚Ėą‚Ėą                   
                   ‚Ėą‚Ėą‚Ėí ‚Ėą‚Ėą‚Ėí‚Ėí‚Ėą‚Ėą ‚Ėí‚Ėą‚Ėą‚Ėí‚Ėą‚Ėą‚Ėą‚Ėą ‚Ėą‚Ėą‚Ėą  ‚Ėí‚Ėą‚Ėą‚Ėą‚Ėą‚Ėí ‚Ėí     ‚Ėí‚Ėą‚Ėí                    
                  ‚Ėí‚Ėą‚Ėí  ‚Ėą‚Ėą ‚Ėą‚Ėą ‚Ėą‚Ėą‚Ėí ‚Ėą‚Ėą‚Ėą‚Ėí  ‚Ėą‚Ėą‚Ėą  ‚Ėą‚Ėą‚Ėą‚Ėí‚Ėą‚Ėą     ‚Ėí‚Ėą‚Ėí                      
                 ‚Ėí ‚Ėą  ‚Ėą‚Ėą ‚Ėą‚Ėą ‚Ėą‚Ėí _‚Ėą‚Ėą‚Ėí  ‚Ėí‚Ėą‚Ėą‚Ėą‚Ėí  ‚Ėą‚Ėą‚Ėí ‚Ėí‚Ėą‚Ėą ‚Ėí‚Ėą‚Ėą‚Ėí                        
         ‚Ėí‚Ėí‚Ėí    ‚Ėí‚Ėí‚Ėí‚Ėą‚Ėí ‚Ėą‚Ėí ‚Ėą ‚Ėą‚Ėí‚Ėí‚Ėą‚Ėí‚Ėí‚Ėí‚Ėí‚Ėí‚Ėą‚Ėą‚Ėą‚Ėą‚Ėí‚Ėí‚Ėí‚Ėą‚Ėą‚Ėą‚Ėí‚Ėí ‚Ėą‚Ėą‚Ėą‚Ėą‚Ėí                          
        ‚Ėí‚Ėą‚Ėą‚Ėą‚Ėą‚Ėí‚Ėą‚Ėą‚Ėą‚Ėą‚Ėą‚Ėą‚Ėą‚Ėą‚Ėą‚Ėí‚Ėí ‚Ėí‚Ėą‚Ėą‚Ėí‚Ėí‚Ėą‚Ėą‚Ėą‚Ėą‚Ėą‚Ėí‚Ėí‚Ėí‚Ėí‚Ėą‚Ėą‚Ėą‚Ėą‚Ėą‚Ėí ‚Ėí‚Ėď‚Ėą‚Ėą‚Ėí                            
        ‚ĖĎ‚Ėą‚Ėą‚Ėą‚Ėą‚Ėą‚Ėą‚Ėą‚Ėą‚Ėą‚Ėą‚Ėą‚Ėą‚Ėą‚Ėą‚Ėą‚Ėí ‚Ėą‚Ėą‚Ėą‚Ėą‚Ėí‚Ėí`   ‚Ėí‚Ėí‚Ėí‚Ėí    ‚Ėí‚Ėí  ‚Ėď‚Ėą‚Ėą‚Ėą                            
       ‚Ėí‚Ėą‚Ėą‚Ėą‚Ėą‚Ėą‚Ėą‚Ėą‚Ėą‚Ėą‚Ėą‚Ėą‚Ėą‚Ėą‚Ėą‚Ėą‚Ėą‚Ėą‚ĖĎ‚Ėą‚Ėą‚Ėí‚Ėí‚Ėí‚Ėí‚Ėí‚Ėí‚Ėí‚Ėí ‚Ėí        ‚Ėí ‚Ėą‚Ėí‚Ėą‚Ėą                            
      ‚Ėí‚Ėí‚Ėí‚Ėí‚Ėí        ‚Ėí‚Ėą‚Ėą‚Ėą‚Ėí ‚Ėí‚Ėí‚Ėí‚Ėí‚Ėí‚Ėí‚Ėí    ‚Ėí          ‚Ėí‚Ėí ‚Ėą‚Ėą                            
      ‚Ėí              ‚Ėí‚Ėą‚Ėď‚Ėí‚Ėą ‚Ėí‚Ėą‚Ėą‚Ėą‚Ėą‚Ėą‚Ėą‚Ėí ‚Ėí   ‚Ėą‚Ėą‚Ėí    ‚Ėí ‚Ėą‚Ėą‚Ėą                            
                        ‚Ėí‚Ėą‚Ėą ‚Ėą‚Ėą‚Ėą‚Ėą‚Ėí   ‚Ėí    ‚Ėí     ‚Ėí‚Ėą ‚Ėą‚Ėą‚Ėí‚Ėí                          
                          ‚Ėí‚Ėą   ‚Ėí‚Ėí‚Ėą‚Ėą‚Ėí ‚Ėí        ‚Ėí‚ĖĎ‚Ėí ‚Ėą‚Ėą‚Ėą                           
     ‚Ėí             ‚ĖĎ       ‚Ėí‚Ėí‚Ėí‚Ėí   ‚Ėí‚Ėí‚Ėą‚Ėí‚Ėí‚Ėí‚Ėí‚Ėí‚Ėí‚Ėí‚Ėí‚Ėí‚Ėą‚Ėí ‚Ėí‚Ėą‚Ėą‚Ėą‚Ėí                          
     ‚Ėí‚Ėí‚Ėí‚Ėí‚Ėí‚Ėí        ‚Ėí ‚Ėí‚ĖĎ ‚ĖĎ ‚Ėí‚Ėí  ‚Ėí‚Ėą‚Ėą‚Ėą‚Ėí  ‚Ėą‚Ėą‚Ėí ‚Ėí‚Ėí  ‚Ėą‚Ėí ‚Ėą ‚Ėą‚Ėą‚Ėą‚Ėí‚Ėą‚Ėí                        
       ‚Ėí  ‚Ėí‚Ėí‚Ėí‚Ėí‚ĖĎ‚Ėí‚Ėí‚Ėí‚Ėí     ‚Ėí‚Ėí ‚Ėí‚Ėą‚Ėí  ‚Ėą‚Ėą‚Ėą‚Ėą‚Ėí ‚Ėí‚Ėí‚Ėí   ‚Ėą‚Ėí ‚Ėą‚Ėí ‚Ėą‚Ėą‚Ėą‚Ėą‚Ėí                         
       ‚Ėí          ‚Ėí‚Ėą‚Ėą‚Ėí‚Ėí   ‚Ėí  ‚Ėą‚Ėí  ‚Ėí‚Ėą‚Ėą‚Ėą‚Ėí  ‚Ėą‚Ėí ‚Ėą‚Ėí  ‚Ėą  ‚Ėą‚Ėą‚Ėą‚ĖĎ‚Ėí                         
           ‚Ėí‚Ėí‚Ėí  ‚Ėí  ‚Ėą‚Ėą‚Ėą‚Ėą‚Ėą‚Ėą‚Ėí‚Ėí‚Ėą  ‚Ėą‚Ėą   ‚Ėí‚Ėą‚Ėą‚Ėą‚Ėí ‚Ėą‚Ėą‚Ėą‚Ėí ‚Ėą‚Ėí  ‚ĖĎ‚Ėą‚Ėą‚Ėí‚Ėí‚Ėą                        
                  ‚Ėí‚Ėą‚Ėą‚Ėą‚Ėą‚Ėą‚Ėą‚Ėą‚Ėí‚Ėí‚Ėą  ‚Ėą‚Ėą‚Ėí   ‚Ėí‚Ėą‚Ėą  ‚Ėą‚Ėą ‚Ėą‚Ėą    ‚Ėą‚Ėą‚Ėą‚Ėą‚Ėí‚Ėí                       
        ‚Ėí‚Ėą‚Ėí‚Ėí‚Ėí‚Ėí‚Ėí‚Ėí‚Ėą‚Ėą‚Ėą‚Ėą‚Ėą‚Ėą‚Ėą‚Ėą‚Ėą‚Ėí‚Ėí ‚Ėí‚Ėą  ‚Ėą‚Ėą‚Ėí    ‚Ėą‚Ėí ‚Ėą‚Ėí ‚Ėą‚Ėí    ‚Ėą‚Ėą‚Ėą‚Ėą‚Ėą‚Ėí                       
         ‚Ėą‚Ėą‚Ėą‚Ėą‚Ėą‚Ėą‚Ėą‚Ėą‚Ėą‚Ėą‚Ėą‚Ėą‚Ėą‚Ėą‚Ėą‚Ėą‚Ėą‚Ėí‚Ėí ‚Ėą‚Ėí  ‚Ėą‚Ėą   ‚Ėí‚Ėą  ‚Ėą ‚Ėą‚Ėí    ‚Ėą‚Ėą‚Ėą‚Ėą‚Ėą‚Ėą‚Ėí‚Ėí ‚Ėí                    
         ‚Ėą‚Ėą‚Ėą‚Ėą‚Ėą‚Ėą‚Ėą‚Ėą‚Ėą‚Ėą‚Ėą‚Ėą‚Ėą‚Ėą‚Ėą‚Ėą‚Ėą ‚Ėí ‚Ėď‚Ėą   ‚Ėą‚Ėí  ‚Ėí‚Ėą  ‚Ėą ‚Ėą    ‚Ėą‚Ėą‚Ėą‚Ėą‚Ėą‚Ėą‚Ėą‚Ėą‚Ėą‚Ėí                     
         ‚Ėą‚Ėą‚Ėą‚Ėą‚Ėą‚Ėą‚Ėą‚Ėą‚Ėą‚Ėą‚Ėą‚Ėą‚Ėą‚Ėą‚Ėą‚Ėą‚Ėą ‚Ėí ‚Ėą‚Ėą   ‚Ėą‚Ėą  ‚Ėą‚Ėą  ‚Ėí‚Ėí‚Ėí   ‚Ėą‚Ėą‚Ėą  ‚Ėą‚Ėą‚Ėą‚Ėą‚Ėą‚Ėą  ‚Ėí                  
         ‚Ėą‚Ėą‚Ėą‚Ėą‚Ėą‚Ėą‚Ėą‚Ėą‚Ėą‚Ėą‚Ėą‚Ėą‚Ėą‚Ėą‚Ėą‚Ėą‚Ėí ‚Ėí ‚Ėą‚Ėą   ‚Ėą‚Ėą  ‚Ėą‚Ėą ‚Ėą ‚Ėą   ‚Ėą‚Ėą‚Ėą‚Ėí   ‚Ėą‚Ėą‚Ėą‚Ėą‚Ėą‚Ėí‚Ėą‚Ėí   ‚Ėí              
         ‚Ėą‚Ėą‚Ėą‚Ėą‚Ėą‚Ėą‚Ėą‚Ėą‚Ėą‚Ėą‚Ėą‚Ėą‚Ėą‚Ėą‚Ėą‚Ėą‚Ėí ‚Ėí ‚Ėą‚Ėą   ‚Ėą‚Ėą  ‚Ėą‚Ėą ‚Ėą ‚Ėą ‚Ėí‚Ėą‚Ėą‚Ėą‚Ėą    ‚Ėą‚Ėą‚Ėą‚Ėą‚Ėą‚Ėą‚Ėą‚Ėą   ‚Ėí              
        ‚Ėí‚Ėą‚Ėą‚Ėą‚Ėą‚Ėą‚Ėą‚Ėą‚Ėí‚Ėí‚Ėí‚Ėí‚Ėí ‚Ėą‚Ėą‚Ėą  ‚Ėí ‚Ėą‚Ėí   ‚Ėą‚Ėą  ‚Ėą‚Ėí ‚Ėą ‚Ėą‚Ėą‚Ėą‚Ėą‚Ėą‚Ėą    ‚Ėď‚Ėą‚Ėą‚Ėą‚Ėą‚Ėą‚Ėą‚Ėą‚Ėą‚Ėą ‚Ėí‚Ėą              
        ‚Ėí‚Ėą‚Ėą‚Ėą‚Ėą‚Ėą‚Ėą‚Ėí‚Ėí‚Ėą‚Ėí  ‚Ėí‚Ėą‚Ėą‚Ėą ‚Ėí  ‚Ėą‚Ėí   ‚Ėą‚Ėí ‚Ėą‚Ėą ‚Ėí‚Ėą‚ĖĎ‚Ėą‚Ėą‚Ėą‚Ėą‚Ėą‚Ėí    ‚Ėą‚Ėą‚Ėą‚Ėí‚Ėą‚Ėą‚Ėą‚Ėą‚Ėą‚Ėą‚Ėą‚Ėí‚Ėą‚Ėí             
        ‚Ėą‚Ėą‚Ėď‚Ėą‚Ėą‚Ėą‚Ėí‚Ėí ‚Ėí  ‚Ėí‚Ėą‚Ėą‚Ėą‚Ėą ‚Ėą  ‚Ėą   ‚Ėą‚Ėą  ‚Ėą‚Ėí ‚Ėą‚Ėí‚Ėą‚Ėą‚Ėą‚Ėą‚Ėą‚Ėą    ‚Ėí‚Ėą‚Ėą‚Ėą  ‚Ėí‚Ėą‚Ėą‚Ėą‚Ėą‚Ėą‚Ėą‚Ėą‚Ėą‚Ėí            
       ‚Ėą‚Ėą‚Ėą‚Ėą‚Ėą‚Ėą‚ĖĎ‚Ėí    ‚Ėí‚Ėą‚Ėą‚Ėą‚Ėą‚Ėą ‚Ėą  ‚Ėą  _‚Ėą‚Ėí ‚Ėą‚Ėí ‚Ėą‚Ėą ‚Ėą‚Ėą‚Ėą‚Ėą‚Ėą‚Ėí   ‚ĖĎ‚Ėą‚Ėą‚Ėą‚Ėą    ‚Ėí‚Ėą‚Ėą‚Ėą‚Ėą‚Ėą‚Ėą‚Ėą‚Ėí           
       ‚Ėą‚Ėą‚Ėą‚Ėą‚Ėą‚Ėą      ‚Ėą‚Ėą‚Ėą‚Ėí‚Ėą‚Ėí ‚Ėą ‚Ėí‚Ėą  ‚Ėą‚Ėí ‚Ėą‚Ėí ‚Ėą‚Ėą  ‚Ėą‚Ėą‚Ėą‚Ėą‚Ėí   ‚Ėą‚Ėą‚Ėą‚Ėą‚Ėą      ‚Ėą‚Ėą‚Ėą‚Ėą‚Ėą‚Ėą‚Ėą‚Ėą‚Ėą‚Ėí         
       ‚Ėí‚Ėą‚Ėą‚ĖĎ‚Ėą‚Ėą‚Ėí‚Ėí   ‚Ėí‚Ėą‚Ėą‚Ėą‚Ėą‚Ėą‚Ėí‚Ėą‚Ėí ‚Ėą‚Ėí ‚Ėą‚Ėí ‚Ėí‚Ėą ‚Ėí‚Ėą‚Ėí  ‚Ėą‚Ėą‚Ėą‚Ėą  ‚Ėí‚Ėą‚Ėą‚Ėą‚Ėą‚Ėą‚Ėą    ‚Ėí‚Ėą‚Ėą‚Ėą‚Ėą‚Ėą‚Ėí ‚Ėí‚Ėí‚Ėą‚Ėą‚Ėą‚Ėí‚Ėí      
       ‚Ėí‚Ėí      ‚ĖĎ‚Ėí‚Ėí‚Ėí‚Ėą‚Ėą‚Ėą‚Ėą‚Ėą ‚Ėą ‚Ėą‚Ėí ‚Ėí‚Ėą ‚Ėí‚Ėą  ‚Ėą   ‚Ėí‚Ėą‚Ėą‚Ėą  ‚Ėí‚Ėą‚Ėą‚Ėą‚Ėą‚Ėą‚Ėą    ‚Ėď‚Ėą‚Ėą‚Ėą‚Ėą‚Ėą‚Ėą    ‚Ėď‚Ėą‚Ėí        
      ‚ĖĎ‚Ėą‚Ėí  ‚Ėí  ‚Ėí‚Ėí ‚Ėí ‚Ėą‚Ėą‚Ėą‚Ėą‚Ėą‚Ėą ‚Ėą‚Ėí  ‚Ėą ‚Ėí‚Ėą  ‚Ėą‚Ėí   ‚Ėą‚Ėą‚Ėą‚Ėí ‚Ėí‚Ėą‚Ėą‚Ėą‚Ėą‚Ėą‚Ėą   ‚Ėí‚Ėą‚Ėą‚Ėą‚Ėą‚Ėą‚Ėą‚Ėą‚Ėí   ‚Ėí‚Ėą‚Ėí         
      ‚Ėą‚Ėą‚Ėą‚Ėą‚Ėą‚Ėí‚Ėą‚Ėí ‚Ėí  ‚Ėí‚Ėą‚Ėą‚Ėą‚Ėą‚Ėą‚Ėí‚Ėą‚Ėí‚Ėí ‚Ėą‚Ėí‚Ėí‚Ėą‚Ėí ‚Ėí‚Ėą    ‚Ėą‚Ėą‚Ėą ‚Ėí‚Ėą‚Ėą‚Ėą‚Ėą‚Ėą‚Ėí   ‚Ėą‚Ėą‚Ėą‚Ėą‚Ėą‚Ėą‚Ėą‚Ėą‚Ėą   ‚Ėí‚Ėą‚Ėí          
      ‚Ėą‚Ėą‚Ėą‚Ėą‚Ėą‚Ėą‚Ėď‚Ėą‚Ėą‚Ėą‚Ėą‚Ėą‚Ėą‚Ėą‚Ėą‚Ėą‚Ėą‚Ėą‚Ėą‚Ėą‚Ėą‚Ėą‚Ėą‚Ėą‚Ėí‚Ėą‚Ėí  ‚Ėą‚Ėą   ‚Ėí ‚ĖĎ‚Ėą‚Ėą‚Ėą‚Ėą‚Ėą‚Ėą‚Ėą   ‚Ėí‚Ėą‚Ėą‚Ėą‚Ėą‚Ėą‚Ėą‚Ėą‚Ėą‚Ėą‚Ėí  ‚Ėí‚Ėą‚Ėí           
      ‚Ėí‚Ėą‚Ėą‚Ėą‚Ėą‚Ėą‚Ėą‚Ėą‚Ėą‚Ėą‚Ėą‚Ėą‚Ėí‚Ėą‚Ėą‚Ėą‚Ėí‚Ėí‚Ėí‚Ėí‚Ėí‚Ėą‚Ėą‚Ėą‚Ėą‚Ėą  ‚Ėí‚Ėą‚Ėí   ‚Ėą  ‚Ėą‚Ėą‚Ėą‚Ėą‚Ėą‚Ėí   ‚Ėą‚Ėą‚Ėą‚Ėą‚Ėą‚Ėą‚Ėą‚Ėą‚Ėą‚Ėą‚Ėí  ‚Ėą‚Ėą‚Ėí  ‚Ėí         
       ‚Ėí‚Ėą‚Ėą‚Ėą‚Ėą‚Ėą‚Ėą‚Ėą‚Ėą‚Ėą‚Ėą‚Ėą‚Ėą‚Ėą        ‚Ėí‚Ėą‚Ėą‚Ėą‚Ėą‚Ėą‚Ėą‚Ėí‚Ėí‚Ėí‚Ėą‚Ėí   ‚Ėą‚Ėą‚Ėą‚Ėí  ‚Ėí‚Ėą‚Ėą‚Ėą‚Ėą‚Ėą‚Ėą‚Ėą‚Ėą‚Ėą‚Ėí   ‚Ėą‚Ėą‚Ėí‚Ėí ‚Ėą‚Ėí         
        ‚Ėą‚Ėí ‚Ėí‚Ėí‚Ėą‚Ėą‚Ėą‚Ėą‚Ėą‚Ėą‚Ėą           ‚Ėí‚Ėą‚Ėą‚Ėą‚Ėą‚Ėą‚Ėą‚Ėą‚Ėí    ‚Ėą‚Ėą‚Ėí  ‚Ėí‚Ėą‚Ėą‚Ėą‚Ėą‚Ėą‚Ėą‚Ėą‚Ėą‚Ėą‚Ėí  ‚Ėí‚Ėą‚Ėą‚Ėí  ‚Ėą‚Ėą          
        ‚Ėí‚Ėą‚Ėí   ‚Ėí ‚Ėí ‚Ėą‚Ėí               ‚Ėí        ‚Ėą‚Ėą  ‚Ėí‚Ėą‚Ėą‚Ėą‚Ėą‚Ėą‚Ėą‚Ėą‚Ėą‚Ėí   ‚Ėí‚Ėą‚Ėą‚Ėí   ‚Ėą‚Ėą          
         ‚Ėí‚Ėą‚Ėą‚Ėą‚Ėí‚Ėí‚Ėí‚Ėą‚Ėą‚Ėí                         ‚Ėí‚Ėí ‚Ėí‚Ėą‚Ėą‚Ėą‚Ėą‚Ėą‚Ėą‚Ėą‚Ėą‚Ėí    ‚Ėą‚Ėą‚Ėą   ‚Ėą‚Ėą‚Ėí          
           ‚Ėí‚Ėí‚Ėí‚Ėą‚Ėí‚Ėí                            ‚Ėí ‚Ėą‚Ėą‚Ėą‚Ėą‚Ėą‚Ėą‚Ėą‚Ėą    ‚Ėí‚Ėą‚Ėą‚Ėą    ‚Ėą‚Ėą           
                                              ‚Ėí‚Ėą‚Ėą‚Ėą‚Ėą‚Ėą‚Ėą‚Ėą     ‚Ėą‚Ėą‚Ėą    ‚Ėą‚Ėą‚Ėą           
                                              ‚Ėą‚Ėą‚Ėą‚Ėą‚Ėą‚Ėą‚Ėą     ‚Ėą‚Ėą‚Ėą‚Ėí    ‚Ėą‚Ėą‚Ėí           
                                              ‚Ėą‚Ėą‚Ėą‚Ėą‚Ėą‚Ėą     ‚Ėą‚Ėą‚Ėą‚Ėą     ‚Ėą‚Ėą‚Ėí           
                                              ‚Ėą‚Ėą‚Ėą‚Ėą‚Ėą     ‚Ėí‚Ėą‚Ėą‚Ėą‚Ėí    ‚Ėą‚Ėą‚Ėą            
                                              ‚Ėą‚Ėą‚Ėą‚Ėą      ‚Ėą‚Ėą‚Ėą‚Ėą     ‚Ėą‚Ėą‚Ėą            
                                              ‚Ėą‚Ėą‚Ėą‚Ėí     ‚Ėą‚Ėą‚Ėą‚Ėą‚Ėą    ‚Ėí‚Ėą‚Ėą‚Ėą            
                                              ‚Ėą‚Ėą‚Ėą      ‚Ėą‚Ėą‚Ėą‚Ėą‚Ėí    ‚Ėą‚Ėą‚Ėą‚Ėą            
                                              ‚Ėą‚Ėą‚Ėą     ‚Ėą‚Ėą‚Ėą‚Ėą‚Ėí     ‚Ėą‚Ėą‚Ėą‚Ėą            
                                              ‚Ėí‚Ėą‚Ėí     ‚Ėą‚Ėą‚Ėą‚Ėí      ‚Ėą‚Ėą‚Ėą‚Ėą            
                                               ‚Ėą      ‚Ėą‚Ėą‚Ėí        ‚Ėą‚Ėą‚Ėą            
                                               ‚Ėí      ‚Ėą‚Ėí         ‚Ėą‚Ėí‚Ėą            
                                                      ‚Ėí            ‚Ėí            
                                                                                
                             ‚Ėą‚Ėą‚Ėą‚Ėą    ‚Ėą‚Ėą‚Ėą‚Ėą         ‚Ėą‚Ėą‚Ėą‚Ėą‚Ėą‚Ėą   ‚Ėą‚Ėą      ‚Ėą‚Ėą‚Ėą‚Ėą‚Ėą‚Ėą       
       ‚Ėą‚Ėą‚Ėą‚Ėą‚Ėą               ‚Ėą‚Ėą‚Ėí‚Ėą‚Ėą‚Ėą‚Ėą‚Ėą  ‚Ėą‚Ėí‚Ėí‚Ėí‚Ėą‚Ėą       ‚Ėą‚Ėí‚Ėí‚Ėí‚Ėí‚Ėą‚Ėą‚Ėą‚Ėą‚Ėí‚Ėí‚Ėą    ‚Ėą‚Ėí‚Ėí‚Ėí‚Ėí‚Ėí‚Ėą‚Ėą‚Ėą  
       ‚Ėą‚Ėí‚Ėí‚Ėí‚Ėí‚Ėą‚Ėą‚Ėą‚Ėą‚Ėą‚Ėą‚Ėą‚Ėą      ‚Ėą‚Ėí‚Ėí‚Ėí‚Ėí‚Ėí‚Ėí‚Ėí‚Ėą  ‚Ėą‚Ėí‚Ėí‚Ėí‚Ėą        ‚Ėą‚Ėí‚Ėí‚Ėí‚Ėí‚Ėí‚Ėí‚Ėí‚Ėí‚Ėí‚Ėí‚Ėí‚Ėą  ‚Ėą‚Ėą‚Ėí‚Ėí‚Ėí‚Ėí‚Ėí‚Ėí‚Ėą‚Ėí‚Ėą 
       ‚Ėą‚Ėí‚Ėí‚Ėí‚Ėí‚Ėí‚Ėí‚Ėí‚Ėí‚Ėą‚Ėą‚Ėą‚Ėą‚Ėą‚Ėą‚Ėą   ‚Ėą‚Ėí‚Ėí‚Ėí‚Ėí‚Ėí‚Ėí‚Ėí‚Ėą‚Ėą ‚Ėą‚Ėí‚Ėí‚Ėí‚Ėą‚Ėą‚Ėą‚Ėą‚Ėą‚Ėą   ‚Ėą‚Ėí‚Ėí‚Ėí‚Ėí‚Ėí‚Ėí‚Ėí‚Ėą‚Ėą‚Ėí‚Ėí‚Ėą ‚Ėą‚Ėí‚Ėí‚Ėí‚Ėí‚Ėí‚Ėí‚Ėí‚Ėí‚Ėí‚Ėí‚Ėą 
      ‚Ėą‚Ėą‚Ėí‚Ėí‚Ėí‚Ėí‚Ėí‚Ėí‚Ėí‚Ėí‚Ėí‚Ėí‚Ėí‚Ėí‚Ėí‚Ėą   ‚Ėą‚Ėí‚Ėí‚Ėí‚Ėí‚Ėí‚Ėí‚Ėí‚Ėí‚Ėí‚Ėą ‚Ėą‚Ėí‚Ėí‚Ėí‚Ėí‚Ėí‚Ėí‚Ėí‚Ėí‚Ėí‚Ėą  ‚Ėą‚Ėí‚Ėí‚Ėí‚Ėí‚Ėí‚Ėí‚Ėą  ‚Ėą‚Ėí‚Ėą‚Ėą‚Ėí‚Ėí‚Ėí‚Ėí‚Ėí‚Ėí‚Ėí‚Ėí‚Ėí‚Ėí‚Ėí‚Ėą 
      ‚Ėą‚Ėí‚Ėí‚Ėí‚Ėí‚Ėí‚Ėí‚Ėí‚Ėí‚Ėí‚Ėí‚Ėí‚Ėí‚Ėí‚Ėą    ‚Ėą‚Ėí‚Ėí‚Ėí‚Ėí‚Ėí‚Ėí‚Ėí‚Ėí‚Ėí‚Ėí‚Ėą‚Ėą‚Ėą‚Ėí‚Ėí‚Ėí‚Ėí‚Ėí‚Ėí‚Ėí‚Ėí‚Ėí‚Ėą ‚Ėą‚Ėí‚Ėí‚Ėí‚Ėí‚Ėí‚Ėą   ‚Ėą‚Ėą ‚Ėą‚Ėí‚Ėí‚Ėí‚Ėí‚Ėí‚Ėí  ‚Ėí‚Ėí‚Ėí‚Ėą 
      ‚Ėą‚Ėí‚Ėí‚Ėí‚Ėí‚Ėí‚Ėí‚Ėí‚Ėí‚Ėí‚Ėí‚Ėí‚Ėí‚Ėą     ‚Ėą‚Ėí‚Ėí‚Ėí‚Ėí‚Ėí‚Ėí‚Ėí‚Ėí‚Ėí‚Ėí‚Ėą‚Ėą‚Ėą‚Ėí‚Ėí‚Ėí‚Ėí‚Ėí‚Ėí‚Ėí‚Ėí‚Ėí‚Ėą ‚Ėą‚Ėí‚Ėí‚Ėí‚Ėí‚Ėí‚Ėí‚Ėą      ‚Ėą‚Ėą‚Ėą‚Ėą‚Ėą   ‚Ėí‚Ėí‚Ėí‚Ėí‚Ėą
     ‚Ėą‚Ėą‚Ėí‚Ėí‚Ėí‚Ėí‚Ėí‚Ėí‚Ėí‚Ėí‚Ėí‚Ėí‚Ėí‚Ėí‚Ėą    ‚Ėą‚Ėí‚Ėí‚Ėí‚Ėí‚Ėí‚Ėí‚Ėí‚Ėí‚Ėí‚Ėí‚Ėí‚Ėą‚Ėą‚Ėí‚Ėí‚Ėí‚Ėí‚Ėí‚Ėí‚Ėí‚Ėí‚Ėí‚Ėí‚Ėą‚Ėą‚Ėí‚Ėí‚Ėí‚Ėí‚Ėí‚Ėí‚Ėí‚Ėą          ‚Ėą   ‚Ėí‚Ėí‚Ėí‚Ėą 
     ‚Ėą‚Ėą‚Ėą‚Ėą‚Ėą‚Ėą‚Ėí‚Ėí‚Ėí‚Ėí‚Ėí‚Ėí‚Ėí‚Ėą     ‚Ėą‚Ėí‚Ėí‚Ėí‚Ėí‚Ėí  ‚Ėí‚Ėí‚Ėí‚Ėí‚Ėą‚Ėą‚Ėí‚Ėí‚Ėí‚Ėí‚Ėí‚Ėí‚Ėí‚Ėí‚Ėí‚Ėí‚Ėą‚Ėą‚Ėí‚Ėí‚Ėí‚Ėí‚Ėí‚Ėí‚Ėí‚Ėą          ‚Ėą‚Ėí‚Ėí‚Ėí‚Ėí‚Ėí‚Ėí‚Ėą 
          ‚Ėą‚Ėí‚Ėí‚Ėí‚Ėí‚Ėí‚Ėí‚Ėą      ‚Ėą‚Ėí‚Ėí‚Ėí‚Ėí‚Ėí   ‚Ėí‚Ėí‚Ėí‚Ėą ‚Ėą‚Ėí‚Ėí‚Ėí‚Ėí‚Ėí‚Ėí‚Ėí‚Ėí‚Ėí‚Ėí‚Ėą‚Ėí‚Ėí‚Ėí‚Ėí‚Ėí‚Ėí‚Ėí‚Ėą       ‚Ėą‚Ėą‚Ėą‚Ėą‚Ėí‚Ėí‚Ėí‚Ėí‚Ėí‚Ėí‚Ėą 
         ‚Ėą‚Ėí‚Ėí‚Ėí‚Ėí‚Ėí‚Ėí‚Ėą       ‚Ėą‚Ėí‚Ėí‚Ėí‚Ėí‚Ėí   ‚Ėí‚Ėí‚Ėą‚Ėą ‚Ėą‚Ėí‚Ėí‚Ėí ‚Ėí‚Ėí‚Ėí‚Ėí‚Ėí‚Ėí‚Ėą‚Ėí‚Ėí‚Ėí‚Ėí‚Ėí‚Ėí‚Ėí‚Ėą      ‚Ėą‚Ėí‚Ėí‚Ėí‚Ėí‚Ėí‚Ėí‚Ėí‚Ėí‚Ėí‚Ėí‚Ėą 
        ‚Ėą‚Ėí‚Ėí‚Ėí‚Ėí‚Ėí‚Ėí‚Ėą        ‚Ėą‚Ėí‚Ėí‚Ėí‚Ėí‚Ėí‚Ėí‚Ėí‚Ėí‚Ėí‚Ėą‚Ėą‚Ėą ‚Ėą‚Ėí‚Ėí‚Ėí  ‚Ėí‚Ėí‚Ėí‚Ėí‚Ėí‚Ėą‚Ėí‚Ėí‚Ėí‚Ėí‚Ėí‚Ėí‚Ėí‚Ėą     ‚Ėą‚Ėí‚Ėí‚Ėí‚Ėí‚Ėí‚Ėí‚Ėí‚Ėí‚Ėí‚Ėí‚Ėí‚Ėą 
        ‚Ėą‚Ėí‚Ėí‚Ėí‚Ėí‚Ėí‚Ėą         ‚Ėą‚Ėí‚Ėí‚Ėí‚Ėí‚Ėí‚Ėí‚Ėí‚Ėą‚Ėą    ‚Ėą‚Ėí‚Ėí‚Ėí  ‚Ėí‚Ėí‚Ėí‚Ėí‚Ėí‚Ėą‚Ėí‚Ėí‚Ėí‚Ėí‚Ėí‚Ėí‚Ėí‚Ėą    ‚Ėą‚Ėí‚Ėí‚Ėí‚Ėí‚Ėí‚Ėí‚Ėí‚Ėí‚Ėí‚Ėí‚Ėí‚Ėą  
       ‚Ėą‚Ėą‚Ėí‚Ėí‚Ėí‚Ėí‚Ėą          ‚Ėą‚Ėí‚Ėí‚Ėí‚Ėí‚Ėí‚Ėą‚Ėą      ‚Ėą‚Ėí‚Ėí‚Ėí  ‚Ėí‚Ėí‚Ėí‚Ėí‚Ėí‚Ėą‚Ėą‚Ėí‚Ėí‚Ėí‚Ėí‚Ėí‚Ėí‚Ėą    ‚Ėą‚Ėí‚Ėí‚Ėí‚Ėí‚Ėí‚Ėí   ‚Ėí‚Ėí‚Ėą  
       ‚Ėą‚Ėí‚Ėí‚Ėí‚Ėí‚Ėą           ‚Ėą‚Ėą‚Ėí‚Ėí‚Ėí‚Ėí‚Ėą       ‚Ėą‚Ėí‚Ėí‚Ėí  ‚Ėí‚Ėí‚Ėí‚Ėí‚Ėą ‚Ėą‚Ėí‚Ėí‚Ėí‚Ėí‚Ėí‚Ėí‚Ėą    ‚Ėą‚Ėí‚Ėí‚Ėí‚Ėí‚Ėí‚Ėí  ‚Ėí‚Ėí‚Ėí‚Ėą  
      ‚Ėą‚Ėí‚Ėí‚Ėí‚Ėí‚Ėí‚Ėą‚Ėą           ‚Ėą‚Ėą‚Ėí‚Ėí‚Ėí‚Ėą       ‚Ėą‚Ėí‚Ėí‚Ėí‚Ėí‚Ėí‚Ėí‚Ėí‚Ėí‚Ėí‚Ėą ‚Ėą‚Ėí‚Ėí‚Ėí‚Ėí‚Ėí‚Ėí‚Ėą    ‚Ėą‚Ėí‚Ėí‚Ėí‚Ėí‚Ėí‚Ėí‚Ėí‚Ėí‚Ėí‚Ėí‚Ėí‚Ėą  
      ‚Ėą‚Ėí‚Ėí‚Ėí‚Ėí‚Ėí‚Ėí‚Ėí‚Ėą‚Ėą‚Ėą‚Ėą       ‚Ėą‚Ėą‚Ėí‚Ėí‚Ėí‚Ėí‚Ėą ‚Ėą‚Ėą   ‚Ėą‚Ėí‚Ėą‚Ėą‚Ėí‚Ėí‚Ėí‚Ėí‚Ėí‚Ėą  ‚Ėą‚Ėą‚Ėí‚Ėí‚Ėí‚Ėí‚Ėí‚Ėą     ‚Ėą‚Ėą‚Ėí‚Ėí‚Ėí‚Ėí‚Ėą‚Ėą‚Ėí‚Ėí‚Ėí‚Ėą  
       ‚Ėą‚Ėą‚Ėą‚Ėą‚Ėą‚Ėą‚Ėą‚Ėí‚Ėí‚Ėą         ‚Ėą‚Ėą‚Ėí‚Ėí‚Ėí‚Ėí‚Ėą‚Ėą‚Ėą   ‚Ėą‚Ėą ‚Ėą‚Ėą‚Ėí‚Ėí‚Ėí‚Ėą‚Ėą  ‚Ėą‚Ėą‚Ėí‚Ėą‚Ėą‚Ėą‚Ėą‚Ėą       ‚Ėą‚Ėą‚Ėą‚Ėą  ‚Ėą‚Ėą‚Ėą   
              ‚Ėą‚Ėą‚Ėą           ‚Ėą‚Ėą‚Ėą‚Ėą‚Ėą         ‚Ėą‚Ėą‚Ėą‚Ėą    ‚Ėą‚Ėą‚Ėą‚Ėą                   ‚Ėą 


                      ‚Ėą‚Ėą                                    
                      ‚Ėą‚Ėą                                    
                      ‚Ėą‚Ėą  
                      ‚Ėą‚Ėą ‚ĖĎ‚ĖĎ‚ĖĎ‚ĖĎ‚ĖĎ‚ĖĎ‚Ėí‚Ėí‚Ėí‚Ėí‚Ėí‚Ėí‚Ėí‚Ėí‚Ėď‚Ėď‚Ėď‚Ėď‚Ėď‚Ėď‚Ėď‚Ėď‚Ėď‚Ėď‚Ėą‚Ėą‚Ėą‚Ėą‚Ėą‚Ėą‚Ėą‚Ėą‚Ėą‚Ėą‚Ėą‚Ėą‚Ėą‚Ėą‚Ėą‚Ėą‚Ėą‚Ėą‚Ėą‚Ėą‚Ėą‚Ėą‚Ėą‚Ėą‚Ėą‚Ėą‚Ėą‚Ėą‚Ėą‚Ėą‚Ėď‚Ėď‚Ėď‚Ėď‚Ėď‚Ėď‚Ėď‚Ėď‚Ėď‚Ėď‚Ėí‚Ėí‚Ėí‚Ėí‚Ėí‚Ėí‚Ėí‚Ėí‚ĖĎ‚ĖĎ‚ĖĎ‚ĖĎ‚ĖĎ‚ĖĎ
        ‚Ėą‚Ėą‚Ėą‚Ėą‚Ėą‚Ėą‚Ėą‚Ėą‚Ėą‚Ėą‚Ėą‚ĖĎ  ‚Ėą‚Ėą                                   
        ‚Ėą‚Ėą‚Ėą‚Ėą‚Ėą‚Ėď‚Ėą‚Ėą‚Ėą‚Ėą‚Ėą   ‚Ėą‚Ėą ::: FiLE :: 
             ‚Ėí‚Ėą‚Ėą‚Ėą‚Ėą    ‚Ėą‚Ėą                      
            ‚Ėď‚Ėą‚Ėą‚Ėą‚Ėą     ‚Ėą‚Ėą  NAME ...........................: I.Robot.2004.German.AC3.5.1.BDRip.x264-zebra
           ‚Ėą‚Ėą‚Ėą‚Ėą‚Ėą      ‚Ėą‚Ėą  GENRE ..........................: Action,Thriller    
          ‚Ėą‚Ėą‚Ėą‚Ėą‚Ėą       ‚Ėą‚Ėą  YEAR ...........................: 2004
         ‚Ėą‚Ėą‚Ėą‚Ėą‚Ėí        ‚Ėą‚Ėą  SOURCE .........................: Remux - GHC Thanks
        ‚Ėą‚Ėą‚Ėą‚Ėą‚Ėą‚Ėď‚Ėď‚Ėą‚Ėą‚Ėą‚Ėą   ‚Ėą‚Ėą  CODEC ..........................: x264 mkv    
       ‚ĖĎ‚Ėą‚Ėą‚Ėą‚Ėą‚Ėą‚Ėą‚Ėą‚Ėą‚Ėą‚Ėą‚Ėą   ‚Ėą‚Ėą  BiTRATE ........................: 1 300 Kbps
                      ‚Ėą‚Ėą  AUDiO1 .........................: German AC3 5.1  448 Kbps   
                      ‚Ėą‚Ėą  Video...........................: 704 X 304                                   
        ‚Ėí‚Ėą‚Ėą‚Ėą‚Ėą‚Ėą‚Ėą‚Ėą‚Ėą‚Ėą‚Ėď   ‚Ėą‚Ėą  RUNTiME ........................: 1h 54min
        ‚ĖĎ‚Ėą‚Ėą‚Ėą‚Ėą‚Ėď‚Ėď‚Ėď‚Ėď‚Ėď‚ĖĎ   ‚Ėą‚Ėą  FSK ............................: ab 16
        ‚ĖĎ‚Ėą‚Ėą‚Ėą‚Ėą         ‚Ėą‚Ėą  SUBS............................: no
        ‚ĖĎ‚Ėą‚Ėą‚Ėą‚Ėą‚Ėą‚Ėą‚Ėą‚Ėą‚Ėą    ‚Ėą‚Ėą  iMDB............................: http://www.imdb.com/title/tt0343818/

        ‚ĖĎ‚Ėą‚Ėą‚Ėą‚Ėą         ‚Ėą‚Ėą  Dateigroesse ...................: 1,40 GiB
        ‚ĖĎ‚Ėą‚Ėą‚Ėą‚Ėą         ‚Ėą‚Ėą   
        ‚ĖĎ‚Ėą‚Ėą‚Ėą‚Ėą‚Ėą‚Ėą‚Ėą‚Ėą‚Ėą‚Ėí   ‚Ėą‚Ėą ‚ĖĎ‚ĖĎ‚ĖĎ‚ĖĎ‚ĖĎ‚ĖĎ‚Ėí‚Ėí‚Ėí‚Ėí‚Ėí‚Ėí‚Ėí‚Ėí‚Ėď‚Ėď‚Ėď‚Ėď‚Ėď‚Ėď‚Ėď‚Ėď‚Ėď‚Ėď‚Ėą‚Ėą‚Ėą‚Ėą‚Ėą‚Ėą‚Ėą‚Ėą‚Ėą‚Ėą‚Ėą‚Ėą‚Ėą‚Ėą‚Ėą‚Ėą‚Ėą‚Ėą‚Ėą‚Ėą‚Ėą‚Ėą‚Ėą‚Ėą‚Ėą‚Ėą‚Ėą‚Ėą‚Ėą‚Ėą‚Ėď‚Ėď‚Ėď‚Ėď‚Ėď‚Ėď‚Ėď‚Ėď‚Ėď‚Ėď‚Ėí‚Ėí‚Ėí‚Ėí‚Ėí‚Ėí‚Ėí‚Ėí‚ĖĎ‚ĖĎ‚ĖĎ‚ĖĎ‚ĖĎ‚ĖĎ 
        ‚Ėí‚Ėą‚Ėą‚Ėą‚Ėą‚Ėą‚Ėą‚Ėą‚Ėą‚Ėą‚Ėí   ‚Ėą‚Ėą  
                      ‚Ėą‚Ėą ::: PLoT :::   
                      ‚Ėą‚Ėą  
                      ‚Ėą‚Ėą    
                      ‚Ėą‚Ėą    In der Asimov-Verfilmung I, Robot muss Will Smith einen Mord aufklő£ren, den ein Roboter begangen haben soll √Ľ was eigentlich als unm√∑glich gilt.
Handlung von I, Robot
Wir schreiben das Jahr 2035 und Roboter geh√∑ren in I, Robot zum tő£glichen Leben der Menschen. Drei unumst√∑‚ĖÄliche, einprogrammierte Gesetze verhindern, dass Roboter den Menschen gefő£hrlich werden k√∑nnten. Nur einer scheint dem Frieden nicht zu trauen: Detective Del Spooner (Will Smith). Von seiner Abneigung gegen Roboter getrieben, versucht er den Mordfall an Dr. Lanning (James Cromwell) √Ľ dem Chefentwickler des gr√∑‚ĖÄten Robot-Herstellers √Ľ zu l√∑sen. Alles deutet auf den Roboter Sonny (Alan Tudyk) als Hauptverdő£chtigen hin. Bei seinen Ermittlungen, die Spooner mit Hilfe der Roboter-Psychologin Susan Calvin (Bridget Moynahan) durchf‚ĀŅhrt, st√∑‚ĖÄt er jedoch auf eine noch viel gr√∑‚ĖÄere Gefahr f‚ĀŅr die Menschheit.
Hintergrund & Infos zu I, Robot
Alex Proyas, den Kinofans bereits aus The Crow √Ľ Die Krő£he kennen, lehnt I, Robot an die Science-Fiction Kurzgeschichtensammlung √¶Ich, der Robot' von Isaac Asimov (1950) an. Er erző£hlt allerding eine eigenstő£ndige Geschichte, die auf den von Asimov entwickelten Robotgesetzen basiert. Diese fanden auch jenseits der Science-Fiction-Literatur weite Beachtung und gelten auch heute noch als wichtige Grundlage der Forschung. Diese drei Gesetze verbieten 1. einem Menschen durch Handlungen oder unterlassene Handlungen Schaden zuzuf‚ĀŅgen. 2. Dem Menschen unbedingten Gehorsam zu leisten, so lange dies nicht das erste Gesetz gefő£hrdet. 3. Ist der Roboter zu seiner eigenen Selbsterhaltung verpflichtet, es sei denn, diese verst√∑‚ĖÄt gegen Regel 1 oder 2.
Das Budget von 120 Millionen US-Dollar konnte I, Robot mit weltweit fast 350 Millionen US-Dollar Einnahmen problemlos wieder einspielen √Ľ wobei man nat‚ĀŅrlich die Rolle des action-erfahrenen Kassenmagneten Will Smith (Bad Boys √Ľ Harte Jungs, Independence Day) nicht unterschő£tzen darf. F‚ĀŅr die Effekte von I, Robot gab es neben diversen anderen Nominierungen auch eine f‚ĀŅr einen Oscar (Visuelle Effekte). (ST)
        ‚Ėą‚Ėą‚Ėą‚Ėą‚Ėí ‚Ėí‚Ėą‚Ėą‚Ėą‚Ėą   ‚Ėą‚Ėą  
        ‚Ėą‚Ėą‚Ėą‚Ėą‚Ėą‚Ėď‚Ėą‚Ėą‚Ėą‚Ėď    ‚Ėą‚Ėą                                    
        ‚Ėą‚Ėą‚Ėą‚Ėą‚Ėą‚Ėą‚Ėą‚Ėą‚Ėą‚Ėí    ‚Ėą‚Ėą                                     
        ‚Ėą‚Ėą‚Ėą‚Ėą   ‚Ėą‚Ėą‚Ėą‚Ėą   ‚Ėą‚Ėą                                    
        ‚Ėą‚Ėą‚Ėą‚Ėą   ‚Ėą‚Ėą‚Ėą‚Ėą   ‚Ėą‚Ėą ‚ĖĎ‚ĖĎ‚ĖĎ‚ĖĎ‚ĖĎ‚ĖĎ‚Ėí‚Ėí‚Ėí‚Ėí‚Ėí‚Ėí‚Ėí‚Ėí‚Ėď‚Ėď‚Ėď‚Ėď‚Ėď‚Ėď‚Ėď‚Ėď‚Ėď‚Ėď‚Ėą‚Ėą‚Ėą‚Ėą‚Ėą‚Ėą‚Ėą‚Ėą‚Ėą‚Ėą‚Ėą‚Ėą‚Ėą‚Ėą‚Ėą‚Ėą‚Ėą‚Ėą‚Ėą‚Ėą‚Ėą‚Ėą‚Ėą‚Ėą‚Ėą‚Ėą‚Ėą‚Ėą‚Ėą‚Ėą‚Ėď‚Ėď‚Ėď‚Ėď‚Ėď‚Ėď‚Ėď‚Ėď‚Ėď‚Ėď‚Ėí‚Ėí‚Ėí‚Ėí‚Ėí‚Ėí‚Ėí‚Ėí‚ĖĎ‚ĖĎ‚ĖĎ‚ĖĎ‚ĖĎ‚ĖĎ
        ‚Ėą‚Ėą‚Ėą‚Ėą‚Ėą‚Ėą‚Ėą‚Ėą‚Ėą‚Ėą‚Ėą   ‚Ėą‚Ėą                                    
        ‚Ėą‚Ėą‚Ėą‚Ėą‚Ėą‚Ėą‚Ėą‚Ėą‚Ėą‚ĖĎ    ‚Ėą‚Ėą ::: NoTES :::              
                      ‚Ėą‚Ėą                                                                   
                      ‚Ėą‚Ėą                                    
                      ‚Ėą‚Ėą                                    
                      ‚Ėą‚Ėą                                    
                      ‚Ėą‚Ėą                                    
        ‚Ėí‚Ėí‚Ėí‚Ėí‚Ėí‚Ėí‚Ėí‚Ėí‚Ėí     ‚Ėą‚Ėą                                  
        ‚Ėą‚Ėą‚Ėą‚Ėą‚Ėą‚Ėą‚Ėą‚Ėą‚Ėą‚Ėą‚Ėą   ‚Ėą‚Ėą                                    
        ‚Ėą‚Ėą‚Ėą‚Ėą‚ĖĎ  ‚Ėą‚Ėą‚Ėą‚Ėą‚ĖĎ  ‚Ėą‚Ėą                                    
        ‚Ėą‚Ėą‚Ėą‚Ėą   ‚Ėą‚Ėą‚Ėą‚Ėą   ‚Ėą‚Ėą                                    
        ‚Ėą‚Ėą‚Ėą‚Ėą‚Ėą‚Ėą‚Ėą‚Ėą‚Ėą‚Ėď    ‚Ėą‚Ėą                                    
        ‚Ėą‚Ėą‚Ėą‚Ėą‚Ėą‚Ėą‚Ėą‚Ėą‚Ėą‚Ėď    ‚Ėą‚Ėą                                    
        ‚Ėą‚Ėą‚Ėą‚Ėą   ‚Ėą‚Ėą‚Ėą‚Ėą   ‚Ėą‚Ėą ‚ĖĎ‚ĖĎ‚ĖĎ‚ĖĎ‚ĖĎ‚ĖĎ‚Ėí‚Ėí‚Ėí‚Ėí‚Ėí‚Ėí‚Ėí‚Ėí‚Ėď‚Ėď‚Ėď‚Ėď‚Ėď‚Ėď‚Ėď‚Ėď‚Ėď‚Ėď‚Ėą‚Ėą‚Ėą‚Ėą‚Ėą‚Ėą‚Ėą‚Ėą‚Ėą‚Ėą‚Ėą‚Ėą‚Ėą‚Ėą‚Ėą‚Ėą‚Ėą‚Ėą‚Ėą‚Ėą‚Ėą‚Ėą‚Ėą‚Ėą‚Ėą‚Ėą‚Ėą‚Ėą‚Ėą‚Ėą‚Ėď‚Ėď‚Ėď‚Ėď‚Ėď‚Ėď‚Ėď‚Ėď‚Ėď‚Ėď‚Ėí‚Ėí‚Ėí‚Ėí‚Ėí‚Ėí‚Ėí‚Ėí‚ĖĎ‚ĖĎ‚ĖĎ‚ĖĎ‚ĖĎ‚ĖĎ
        ‚Ėą‚Ėą‚Ėą‚Ėą   ‚Ėą‚Ėą‚Ėą‚Ėą   ‚Ėą‚Ėą                                    
        ‚Ėą‚Ėą‚Ėą‚Ėą‚ĖĎ  ‚Ėą‚Ėą‚Ėą‚Ėą   ‚Ėą‚Ėą ::: GREETz :::  
        ‚Ėď‚Ėí‚Ėí‚Ėí   ‚Ėí‚Ėí‚Ėí‚Ėď   ‚Ėą‚Ėą                                    
                      ‚Ėą0       Allcapone, DraCula, MultiUseCrew                                 
                      ‚Ėą‚Ėą                                    
                      ‚Ėą‚Ėą                                    
                      ‚Ėą‚Ėą and all Friends                            
                      ‚Ėą‚Ėą                                    
                      ‚Ėą‚Ėą                                    
          ‚Ėď‚Ėď‚Ėď‚Ėď‚Ėď‚Ėď‚Ėď     ‚Ėą‚Ėą                                    
         ‚Ėí‚Ėą‚Ėą‚Ėą‚Ėą‚Ėą‚Ėą‚Ėą‚Ėí    ‚Ėą‚Ėą                                    
         ‚Ėą‚Ėą‚Ėą‚Ėą‚ĖĎ‚Ėą‚Ėą‚Ėą‚Ėą    ‚Ėą‚Ėą                                    
         ‚Ėą‚Ėą‚Ėą‚Ėą ‚Ėą‚Ėą‚Ėą‚Ėą    ‚Ėą‚Ėą                                    
        ‚ĖĎ‚Ėą‚Ėą‚Ėą‚Ėí ‚ĖĎ‚Ėą‚Ėą‚Ėą‚Ėí   ‚Ėą‚Ėą                                    
        ‚Ėą‚Ėą‚Ėą‚Ėą   ‚Ėą‚Ėą‚Ėą‚Ėą   ‚Ėą‚Ėą                                    
        ‚Ėą‚Ėą‚Ėą‚Ėą‚Ėą‚Ėą‚Ėą‚Ėą‚Ėą‚Ėą‚Ėą   ‚Ėą‚Ėą                                    
       ‚ĖĎ‚Ėą‚Ėą‚Ėą‚Ėą‚Ėą‚Ėą‚Ėą‚Ėą‚Ėą‚Ėą‚Ėą‚Ėí  ‚Ėą‚Ėą                                    
       ‚Ėą‚Ėą‚Ėą‚Ėą‚Ėą   ‚Ėą‚Ėą‚Ėą‚Ėą‚Ėą  ‚Ėą‚Ėą                                    
       ‚Ėí‚ĖĎ‚ĖĎ‚ĖĎ‚ĖĎ    ‚ĖĎ‚ĖĎ‚ĖĎ‚ĖĎ  ‚Ėą‚Ėą                                    
                      ‚Ėą‚Ėą                                    
                      ‚Ėą‚Ėą                                    
  NFo by SMuRF        ‚Ėą‚Ėą                                  
      for ZEBRA       ‚Ėą‚Ėą                                   
                      ‚Ėą‚Ėą
