████████████████████████████████████████████████████████████████████████████████
███▓██▓▒█▒·░░▓▓▓▓▓▓▓▓ ░ ░░░░                   ░░░ ░░░░░░ ░░▓░░░░▓▓▓▓▓▓▓█ ▓▓████
█▒▒▒█▒·░░▓░░░                      `                            ░░██▒▒▒▓▒█▒▒▒███
██▒ ░▓░░▓░░░               `                                `   ░▒█▒·░░░░▒▒▒▓·██
█▒ ░▓░░░░░░       ░               _,pm**"~~~@&mg_         ░       ░▓░░░ ▒▒▓▒▒███
█▒░░░░░░░        ░░             *@~`            `"m,             ░▓░░░   ▒▓▒░░██
█ ░░░  ░░░░     ░░  ░       _r~                     ~*,          ░░░░   ░░ ░░ ██
█░▒░░ ░░░                 _/                          ░Mq         ░      ░░▓░░██
█░░░░     `             _*`                              #,       ░ ░    ░░░░▓██
█░░    ░               p'                   _,            ~q      ░       ░░▓░██
█░ ░    ░        '.  _F                 _x"}"______  `     ^q        ░     ░░░██
█░  ░         -Qpu_"g'             p  ,"_NM~_L&mrq~~M*       q        ░   ░  ░██
█             ,_,pg"CSv   '    ,j,'f,^_gqgZL. *wqmm0aq__     ]c              ░██
█   ░     _gM5qp,.,J&)qh     ,,FD #(_*M$-_""~~"*y,}g_  ~      #       ░      ░██
█         ^ ,*^,a**__BC\)   qyQ 'j'g' .  ~~-= .._ ~MMMm_      ]               ██
█ _       p#*T"_r"&    &&)lY4II]y'*^ _p_         ^M&gZ\        f     `    ∙   ██
█ ~     pM^_'aG',Q  7 ,a)&#M d]L&~  '   ^.          `NQ*u   r~~0,             ██
█  ░      /,'y\PpM6 .(  `NWM fQ0^f '      Y            M_~qf _, Qg         ░  ██
█        K/  Q9jL#M,|     MmM~~^J ]                 - _ `b' mF`h #&      ░░░  ██
█       ]'  O77Z'  fI     ]/^' '" $       ,N-  ^ .    ]BJ j0&_  ` 4f     ░▓░░ ██
█       '  j Q7(   #~g   ,`      _/\     ,             l& ~~~0&  + f      ░▓░ ██
█   ░      ']^#    4 C\~~        `j ^!*"`        `         j #00 `]6       ░░ ██
█           !      B '   ]        `)      / `             j0g^00  #         ░ ██
█                  0     f        m   --u                 ~M0&^F ]f         ░ ██
█   ░    ·         Y     q         O                ;'V, !   #'  #     ░      ██
█  ░▒░             Q      &, "0M~\ `              _q"+', 0   f  j      ░░     ██
█   ░               Q     F`l-      `     +)    ,0^!     ft  I  f     ▒░     ▓██
█         `          0, ` L ]              `   g@        & c `  1     ▓▓░    ▓██
█                     #p  M                   j0  /      # j,   B      ░    ▒▓██
█                      #g]           '       ]0   '      # #],  ]           ▒▓██
█                       #g                   0#          f]  MmpF          ▒▒███
█              `         f                  j2f      9'_J F               ▒▒████
█▓    ░                 ]6            `     F c     _p@~  f                ▒▒▓██
█▓    ░░                #                         ,*0    ]                  ▒▓██
█▓    ░                 #  x* /"Np,    I   ]    _#` '    ;         ░       ▒ ▓██
█▓      ░              ]f ' ,,uq_ -3\      ]   d^& |     f        ░▒       ░ ▓██
█▓▒   ░▒                M, #N` "FYQ,~W\     f M  f       f       ▒░▓       ░░ ██
█ ▒   ░                  ], _0MMg  YTm ^\   &f   I      ]!                  ░ ▓█
█▓▒                      j' `    Mg         j     '     !4       ░        ░  ░██
█▓                       #_,       M%      jM            ]                    ██
█▓▒       ░               0IY 6_           f]             c                   ██
█▓▒                       &UDjQ#j_,__g    P!]             1         ▒░        ██
█ ▓           ░           1'IL"]ZMMBQ'  y@ ]]             #                  ▒██
█▒▒  `       ▒░           F N  f]]y~#gg@~c ]]             ]                   ██
█ ▒         ░▒            f]j ] f I &,W` '  ] `            6            ░░    ██
██▓          ░░          ] LT [   6j "g     ]              I            ░     ██
█             ░  ·       ]jYl #]   !  T;    |              ]                  ██
█                        ]Hf| #] ]]   1       '                              ░██
█                         0f# !  ff   f I                           ░      ▓░░██
█           ░             4N! !  W   j  l                        ,         ░░▒██
█▒                         0f Ij#'  _!  !                                   ░▓██
█▓▒ ▒    `▓                ]  L#^   M   ,             `                      ·▓█
█░░∩░    ░░   `            # ]0     '                                      ░  ██
█░▒· ▒                     8 0                  _               _           ░▓▓█
█▓▒▒▒                     ] #          ▓░       ]0gggggggggggggg0g          ░███
█░░░░░                    &@            ▒░      ]00000000000000000g         ·▓██
█░░∙ ░                   *^             ░       ]00,   p00q   ,000          ·▓██
█▓              ░                ≈│             ]00000000000000000          ░▓██
█░▒░   ▒                                        ]00     00,    000          ░▓▓█
█░▓░▒▒▒  ░                     ── • ──          ]0000000000000000f          ░▓██
█░▒▒▒░░░                           .               ]00     00!   m           ░██
█▒░░░                    ░        │          .000000000000000000000p        ░░██
█░ ░                    ▓                    ^""""~000"""""000^"""p_       ▓░▓██
█▒▒                                        =000000000000000000000000          ██
█░░▒                                                                          ██
█▒                                               _q0M#~~  ~M000gNc            ▓█
█·                                            _pMN0@`        M00N00        ░  ██
█░                                          g00#M^             "000b          ██
█     ,gg,_                                 ~`       _                  p    ▓██
█∙  p0000000g,    q000  pp000g   ,_N00&       p0&g  g00_      _p  pgggg00pggg ██
█  #Mj0``~M000&,  ]008 j0~~~00r _0F~~00&    p000M^  'M00,     00  ~~~M00~~~~  ██
█ jfj0f    `#000  000  B0g   M' ]0&   7!  _00@^      ]000    #00     00'     ░▓█
█ 0 00       "M0$  0#   00,      #0k     _00M    _,  #0M0&  ]0'     #0f      ░▀█
█]& 0#        #0! d0'   400,     ~00g   _00' _gN@~   0##B0& 0#     ]0#      ░░▓█
█░ ]0f      _4M   00     #00      "00, _00&M00@` _, N0' q00N0f    _00f     ░░▓██
█▓ *0    _pNM^   #0&      001      M0# #000@^  g00M 0#   0000     400    , ▒████
█░ _0N&gMM~      ]00,pgg,,J0'_ggg,,,0f 00&_,pN00~  ]0f    ]00     ]00, g0M  ▓███
█ 400M~~         40' M000MM   "M000@^   "M00@~^    ]0      B@      ~M00M^    ▓██
█                 ^                                `                         ▓▓█
█▓░                                                  #0g      000r           ▓██
█░▓░░                                                 N00,   ]00            ▓░██
█░░                          `           _g0000000, ___#00___0#__    ,        ░█
█░░ ░   .          .│                    ________  N00000000000000000M       ░░█
█ ░            ─ ── • ───                00000000000      #0I               ▓░▓█
█  ░   ░                         ▒                   000000000000MMM       ░░░▓█
█░     ░░           │            ░        000000000       #0!               ░▓▓█
█     ▒ ▒░                      ▓░         ~00000~` gg00000000000000000     ░░▓█
█░  `   ░▓░                     ░         oooooo   ~~~~~ 00 000  ~~~~~~     ░ ██
█░░   ▓░                                  +0000000  p000000 000 0B&,         ░██
█▓                    ░                              ~]00   ]0#  40# _     `  ██
█▓▒░  ▒               ░░                  ]0go_p0q  qp000pggJ00papZ 0N&       ██
█▓░░  ░        `     ▓▓▒░░                ]0000000 ~~"M00~~~0000~~~~~~~       ██
█▓▒▒                   ▓▒░                ]00  000    j00pgg 00t  00g         ▓█
█▓ ░                  ▒▒▓             `   ]00  000   0000@~  ]000#0~  g     ░███
█▓▒░                   ░                  ]00gg000 0F^]00     M00P   M0     ·▓██
█░                                        ]0#~~70# 4gq000 ,q00000000006    ░·▓██
█▓      `                                ∩]00   `    ]00000@~    `0000'     ░▓██
█                            `                     ∩                         ▓▓█
█ -\,     /' '                                                    -       . . ██
█ -\`.'''`|`--─────────--─────-───-─────-─-----──────-─-----──────-─.────`--─/▓█
█░▓▓'.▒▓▒/`░▓░▓▓▓▓▓░▒▒▓▒»▓ ▒░▓░▒░░░▒░»▓░»▓░░▓▓░▓▒░▓░▓░▓░▒▓▓»▓▒▓▓░▓░▓\\ ░,,',/|██
█░░▒││`..▒│εεε ∩ εε  ε           εε ∩ ε        ε  εε∩    ∩εεε  εε∩|│,,'.`│▒'  ██
█ ░ │-'░\\│░▒░▒░▒▒░░__ε░▒░░░▒░░░▒░_░░░░░░ε░░░░░░_░░░░░ε░░░░░░_░░░░░░/,,`..▒░__██
█ -,'`▒░ `..---------------------------------------------------------/ ░-,'---██
█ --`|▒▓ ▒│'                                                       ,'▓░ ▒│'   ██
█   │|▓░ ▒│  ────────────────────────────────────────────────────  │|▓  ▒│|  ░██
█  /│|▒▓ ▒│  ██████▓█▓▓▒▓▒▒░▒░░     RELEASE     ░▒░▒▒▓▒▒▓█▓██████  `|░░ ▒│|  ▓██
█   │|▒░  │  ────────────────────────────────────────────────────  │|░▓ ░│  ░▓██
█▓  │|▓░ ▒│/                                                       │|░░ ▒│ ░ ░██
█   │|▒   _                                                        │|▓░ ░│ ▓░▓██
█   │,, ./│Meet.the.Press.2008.12.07.Barack.Obama.PDTV.XviD-DiSSENT│,,░ .│  ▓▓██
█   \,,,,/│                                                        │\-- ,│   ░██
█   │|▒░ ▒│                                                        │▓ ░ ▒│   ▓██
█  `,|▓▓ ▒│                                                        ,▓▒░ ▒/   ░██
█   │|▒░  │   Air Date....:  07-12-2008                            │░▓░ ░│    ██
█   \|▓▒ |│                                                        │▓▓  /│|   ██
█░  /'''`/\   Release Date:  11-12-2008                            │▓░░ `│\   ██
█  '│/`▒`/\                                                        │░▓░ ▒│    ██
█░  │|▒  ▒│   Category....:  TV                                    │░▒  ▒│    ██
█░  │|▓▒ ▒│                                                        │▓▒░ ▒│ `  ██
█░  │|▒░  │   Genre.......:  Documentary                           │▓ ░ ▒│   ░██
█░░ │|▓  ▒│                                                        │░░░ ░│    ▓█
█ ░░│|▒░ ▒│   Source......:  DVB-C                                 \░▓  ▒│   ░██
█░░ │|▓░ ░│                                                        /_,, ,'  ░░██
█░░ \|▒   │   Length......:  49 minutes                            │/`` `\  ░ ██
█░░ /''``/\                                                        │|▓░ ,│   ░██
█░  │/▒``/\   Languages...:  English                               │|`░ `│    ▓█
█   │|▒▓ ▒│                                                        │|▓░ ▒│    ██
█░  │|▒  ▒│   Audio.......:  48000Hz  128 kb/s tot                 │| ░ ▒│    ██
█   │|▓░ ▒│                                                        │|▓░ ▒│  ` ██
█   │|▒░ ▒│   Video.......:  XviD 2pass @ 855 kbps                 │|▓░ ▒│   ▓██
█   │| ░ ▒│                                                        │|▓░ ▒│   ▓██
█   │|▒▓ \│   Resolution..:  576x432 1.3333 (4:3)                  ,|▓░ \│  ▒░██
█▓  │|░▓ |│                                                        || ░ |│   ░██
█▓  │|▓░ ||   Size........:  25x15mb                               ||▓░ |\ ▓░ ██
█▓░ │|▒░ |│                                                        │,,░ .│ ▒░ ██
█▓▓ │|▒░ _│   Link........:  http://www.msnbc.msn.com/id/3032608    \,,,,│  ░░██
█▓░ \|▓▒`|│                                                        │, ░`▒│   ░██
█▓  /'''`/\                                                        ,|▓ .▒│   ▓██
█▓░ │/`▒`/\                                                        │|▓▒,/│   ▓██
█▓  │|▒░ ▒│                                                        │|░▒ |│  ▒ ██
█▓  │|▓▒/▒│                                                        │| ▒ \│   ▓██
█   │|▒░`▒│  ────────────────────────────────────────────────────  │|▓░ ▒│   ▓██
█   │|▒ .|│  ██████▓█▓▓▒▓▒▒░▒░░   DESCRIPTION   ░▒░▒▒▓▒▒▓█▓██████  │|░▒ ▒│    ██
█   │| ░,\│  ────────────────────────────────────────────────────  │|▒░ ▒│/   ██
█  '│|▒░ ▒│                                                        │|▓▒ ▒│   ▒██
█░  │|▒▓/▒│  "Meet the Press", the longest-running program ever on │\░▒/▒│∩ ░▒██
█   │▓ ░`░│  network television, premiered on NBC-TV on November   │|▓  ▒│ ░░▒▓█
█   │▓▒░ ░│  6, 1947, with James A. Farley, the former chairman of │|▒▒ ░│ ░▒▒██
█   \▓▒░ ▒│  the Democratic National Committee and Franklin        \| ▒ ░│  ▒▓██
█  '/_,,,''  Roosevelt's postmaster general as its' first guest.   /_,,,''   ▒██
█ ░ │/▒``/\  The show made its initial debut two years earlier û   │/`▒`/\ ░  ██
█   ,|▒░/▒│  as a radio program with Martha Rountree and Lawrence  │|▓▒ ▒│ ░  ██
█`  │|▓░`▒│  Spivak as producers. For almost as long as there has  │| ▒ ▒│    ██
█   │|▓░ |│  been television, there has been "Meet the Press".     │|▓░ ▒│   ∩██
█   │| ░ \│                                                        │|▒▒ ░┼    ██
█  '│|▒░ ▒│  Barack Obama                                          │,,,./│    ██
█░  │|▒░ ▒│                                                        \,,,,/│   ░██
█░  │▓▒  ░│  MR. TOM BROKAW:  Our issues this Sunday:  In 44 days, │|▓  ▒│  ░░██
█░  │|▓░ ▒│  Barack Obama will become the 44th president of the    ,|▒░ ▒│  ░ ██
█▓  │|▒░ ▒│  United States.  His new team is almost complete.  But'│|░▒  │  ░▒██
█░  ,|▒░  │  since Election Day 2008, the list of challenges       │|▒▒ |│  ░▒██
█░░ ||▒  |│  facing the incoming president has only grown:  that   │|▓▒ \│/░░▓██
█▒░ ||▒░ |\  terrorist attack in Mumbai, growing turmoil in the    │|░  ▒│ ░ ▒██
█▓░ │,,░./│  financial markets, the worst unemployment in          │|░▒ ▒│ ░▒▒██
█▓▒ \,,,,/│  15 years, and the auto industry on the verge of       │|▒░ ▒│ ▓▒▓██
█ ░ │,,░`▒│  bankruptcy.  Tough problems all waiting on the desk   │|▒▒ ▒│░░▓▓██
█▒░ │/▒``/\  of our exclusive guest, the president-elect of the    │|▒▒ ░│░░▒▓██
█░  │|▒░ ▒│  United States, Barack Obama.                          │| ░ ▒│ ░ ▒██
█▓  │|▒░ ▒│                                                        │|▒░  │ ░▒▓██
█░  ,|▒░ \│  And yesterday in Chicago I did sit down with the      \|▓▒  │ ░░▒██
█░░ ||▒░ |│  president-elect, Barack Obama, to talk about those    /'''`/\  ░░██
█▒░ ||▒░ |\  topics and much more.                                 │/`▒`/\   ░██
█▓░ │,,░./│                                                        │|▒  ▒│   ░██
█▓▒ \,,,,/│  President-elect Obama, welcome back to MEET THE PRESS │|▓▒ ▒│    ██
█ ░ │,,░`▒│                                                        │|░░ ▒│∩   ██
█▒░ │/▒``/\                                                        ,|▓▒ \│  ░ ██
█░  │|▓░,▒│                                                        ||░░ |│    ██
█░░ │|▒░`▒│                                                        ||▓▒ |\    ██
█▓  │|▓░ ▒│                                                        '|▓░ ||    ██
█▓▒ │|▒  ▒│                                                        │|▓▒ ▒│   ▒██
█░░ │|░░ ▒│                                                        │|░▒``_   ░██
█▒▒ ,|▒░ \│                                                        │,,,./│  ░ ██
█▓ '||▒░ |│                                                        │|▓▒,▒│   ▒██
█▒  ||▒  |\                                                        │\▓▒/▒│  ░▒██
█░  │,,░./│                                                        │|▓▒ ▒│ ░░▒▓█
█▓  │|▒░,\│/                                                       │|▒▒ ▒│/░▒▒██
█░ '│|▒░`▒│                                                        │|▓▒ ▒│  ░░██
█░  │|▒ /▒│                                                        │\▓▒/▒│  ░▒██
█   │▓▒░`░│                                                        │|▓▒`▒│   ▒▓█
█   │  ░ ░│                                                        │|▒▒ ░│   ▒██
█░  \▓▒ /▒│/                                                       \| ▒ ░│   ▓██
█≈ '/_,,,''                                                        /_,,,''   ▒██
█   │/```/\                                                        │/`▒`/\   ░██
█   ,|▒░/▒│                                                        │|▓▒ ▒│    ██
█   │|▓░`▒│                                                        │| ▒ ▒│    ██
█   │|▓░ |│                                                        │|▓░ ▒│   ░██
█   │|▒░ \│/                                                       │|▒▒ ░┼   ░██
█  '│|▓░ ▒│                                                        │,,,./│    ██
█░  │|▒░ ▒│                                                        \,,,,/│    ██
█░░ │▓ ░ ░│                                                        │|▓▒ ▒│   ░██
█░  │|▓░ ▒│                                                        ,|▒░ ▒│    ██
█▓  │|▓░ ▒│                                                      ' │|░▒  │   ▒██
█░  ,|▓░ \│                                                        │|▒  |│  ░▒██
█░░ || ░ |│                                                        │|▓▒ \│/ ░▓██
█▒░ ||▓░ |\                                                        │|░▒ ▒│ ░ ▒██
█▓░ │,,░./│                                                        │|░▒ ▒│ ░▒▒██
█▓▒ \,,,,/│                                                        │|░░ ▒│ ▓▒▓██
█▓░ │,,░`▒│                                                        │|░▒ ▒│░ ▓▓██
█▒░ │/```/\                                                        │| ░ ▒│ ░▒▓██
█░░ │|▓░`▒│                                                        │|▒  ▒│  ▓▒██
█▓░ │|▓░`▒│                                                        │|▒▒ ▒│  ▒▓██
█░  │|░░ ▒│                                                        \|▓▒ ▒│ ░ ▒██
█▓  │|▓░ ▒│                                                        /'''`/\ ░ ░██
█░  ,|▓░ \│                                                        │/`▒`/\ ░ ░██
█░░ ||▓  |│  ────────────────────────────────────────────────────  │|▒▒`▒│  ░░██
█▒░ ||▓░ |\  ██████▓█▓▓▒▓▒▒░▒░░  RELEASE NOTES  ░▒░▒▒▓▒▒▓█▓██████  │|▓▒`▒│   ░██
█▓░ │,,░./│  ────────────────────────────────────────────────────  │|▒▒ ▒│ ∩ ░██
█▓▒ \,,,,/│                                                        │|▓▒ ▒│    ██
█ ░ │,,░`▒│                                                        │|▓▒ ▒│    ██
█▒░ │/```/\                                                        ,|▓▒ \│  ░ ██
█░  │|▓░,▒│                                                        ||▓▒ |│    ██
█░░ │|`░`▒│                                                        ||▓▒ |\  ▒ ██
█▓  │|▓░ ░│                                                        '|▓▓ || ░  ██
█▓▒ │|░░ ▒│  ────────────────────────────────────────────────────  │|▓▒ ▒│ ░  ██
█░░ │|▓  ▒│  ██████▓█▓▓▒▓▒▒░▒░░   GROUP  NOTES  ░▒░▒▒▓▒▒▓█▓██████  │|▒▒``_    ██
█▒▒ ,|░░ \│  ────────────────────────────────────────────────────  │,,,./│    ██
█▓ '||▓░ |│                                                        │|▓▒,▒│   ▒██
█▒  ||▓░ |\                                                        │\▓▒/▒│  ░▒██
█░  │,,░./│       We're currently looking for:                     │|▓▒ ▒│ ░░▒▓█
█▓  \,,,,/│                                                        │|▒▒ ░│ ░▒▒██
█░  │,`░`▒│     - Capper with access to Fox News Channel or CBC.   \| ▒ ░│  ▒▓██
█░  │|▒░ ▒│     - The "Portrait of Dr. Gachet"                     /_,,,''   ▒██
█≈  │| ░ ▒│     - The Battle of Anghiari                           │/`▒`/\ ≈  ██
█   │|▒░ ▒│     - Sites to affil.                                  │|▓▒ ▒│   ░██
█░  │|▒░/▒│     -                                                  │| ▒ ▒│   ░██
█  '│|▓░`▒│     -                                                  │|▓░ ▒│    ██
█  ░│▓▓░ ░│     -                                                  │|▒▒ ░┼   ░██
█   \▓▒░ ▒│ /   -                                                  │|▒▒.░│ ░▒░██
█  '/_,,,''                                                        \|,▒,░│  ▒▓██
█░░ │/```/\                                                        /_,,,''  ░▒██
█░  ,|▒░/▒│                                                        │/`▒`/\ ░░ ██
█░  │|▓░`▒│                                                      ' │|▓▒ ▒│ ░░▒██
█   │|▓░ |│                                                        │|▒▒ ▒│  ░▒██
█   │|▒░\│/                                                        │|▓░ ▒│/░░▓██
█  '│|▓░ ▒│                                                        │|▒▒ ░┼ ░ ▒██
█░  │|▒  ▒│                                                        │|▒▒.▒│ ░░▒██
█░  ,|▓░ \│                                                        │|▓░,▒│  ░▓██
█░  ||░░ |│                                                        │|▒▒ ░┼  ░▒██
█▓  ||▓  |\                                                        │,,,./│  ▒▒██
█░  │,, ./│                                                       '\,,,,/│  /░██
█░░ \,,,,/│                                                        │|▓▒ ▒│  ░░██
█▒░ │,,░`▒│                                                        ,|▒▒ ▒│  ░░██
█▓░ │/```/\  Greets go out to...                                  '│|▒▒ ▒│  ░▓██
█▓▒ │|▓░,▒│                                                        │|▒▒ |│  ░░██
█ ░ │,,░`░│                                       Contact:         │|▒░ ▒│  ▒░██
█▒░ │/```▒\   Mike,                    q=                          │|▒▒ ▒│  ▓░██
█░  │|▓░ ▒│    the headless           ]N&          none@this.time  │|▒▒ ▒│  ▒░██
█   '|▓░ ||      Chicken          ,pgm00M_                         │|▒▒ ▒│  ▒▓██
█░░ │|▓░ ▒│                    _KB#00M0N0M#p                       │|▓▓`/|  ▒░██
█ ░ │|▒░``_                   g00^  g0FB0 M#Qc                     .,,,./│  ▒░██
█   │,,░./│                  j#F   mBS Q0   NQ,                    |'---/│   ░██
█░ ░\,,,,/│                  M@   pN@  4&1   4&                    │,▓▒ ▒│   ▒▓█
█ ░ │|▒░ ▒│                 jMT  pMN   jWQ   40                    ,|▒▒ ▒│    ██
█░  ,|▒░`▒│             ~K0B0NN0NN&#000&#QB0B&Nmpg,,               │|▓░ ▒│    ██
█░░ │| ░ ▒|              wBM0#M0QM~^`^`"&M#  #F                    .`▓░ `|    ██
█ ░ │▓▒░ ▒│                   KB0M'      MN0 Q#                    ||▓░  , `  ██
█░  │|▒░ -|                  p&0&       ]NB00'                     ||░   |   ▓██
█ ░ ||▓  |/   `             jM#0N0mg,__pqKMW                       \     |   ▒██
█░  ||   `|                p00f `"MM000NM&K05                            `  ▒▒██
█░░ \  `  |               -@~'            #N$                         ░   `░ ▒██
█▒░░      \               `                 2                     ` ░░▒    ░ ▒██
█▓▒ ░  ░                                     ,                   ▒▒ ░    ░░▒▒▓██
█▓ ▒░░  ░                                                         ▒     ░░▓▒▒▓██
█▓░░ ░░▒                      Content n Quality                ░       ░░░▒▓▓▓██
█▓▒░▒ ░░░         `                                     `             ░░▒▒░ ▓▓▓█
█▓ ▒▒▓░ ░░ ░     `                                               `  ░░░░▒░▓▒ ▓██
█▓▓ ▒ ▒▒░ ▒░░                  `    ▒                              ▒░ ░▒░▓▓▒▓▓██
█▓▓▓▒▒▒▒▓▒░░░░░░░       ░        ░░  ░  `    ` ░ ░          ░    ▒░░░░ ░▓▒▓▓░▓██
█▓▒░▓▒ ▒▒░▒░▒▒ ░░░░░░   ░░       ░ ▒▒░▒▒  ░  Aragami 08`░  ░   ▒▒▒ ▒▒▒▒▓░▓▓ ▓▓██
█▓ ▓▓▓▓▓ ▓▓▓ ▒▒▓▓ ▒ ░░  ▒░   ` ░░░░▓▒▓▓▓▒░░░ ▓▓ ▒▒▒    ░▒ ░▒▓▒▓▓▓▒▓▓▓▓ ▓▓▒▓▓▓ ██
████████████████████████████████████████████████████████████████████████████████
███████████████████████████████████████████████████████████████████████████████▀
