█████╗   █████╗ ██╗  ██╗ █████╗
██╔══██╗██╔══██╗██║ ██╔╝██╔══██╗
██████╔╝███████║█████╔╝ ███████║
██╔══██╗██╔══██║██╔═██╗ ██╔══██║
██████╔╝██║  ██║██║  ██╗██║  ██║
╚═════╝ ╚═╝  ╚═╝╚═╝  ╚═╝╚═╝  ╚═╝
a little bit of baka in every release

╔═══════════════════════════════════════════════════════════════════════════╗
║                                                                           ║
║                                                                           ║
║ Dirty.Pair.Affare.Nolandia.1985.German.DL.AC3.2440p.DVD5Upscale.x265-Baka ║
║                                                                           ║
║                                                                           ║
╚═══════════════════════════════════════════════════════════════════════════╝

╔═════════════════════════════════════╦═════════════════════════════════════╗
║  Ripper:                      Ainz  ║  Container:                    MKV  ║
║  Publisher:       Anime House GmbH  ║  Size:                    2.06 GiB  ║
╠═════════════════════════════════════╩═════════════════════════════════════╣
║                   https://www.themoviedb.org/movie/68364                  ║
╚═══════════════════════════════════════════════════════════════════════════╝

╔═══════════════════════════════════════════════════════════════════════════╗
║ ░░░░░░░░░░░░░░░░░░░░░░░░░░░▒▓█ Description █▓▒░░░░░░░░░░░░░░░░░░░░░░░░░░░ ║
╠═══════════════════════════════════════════════════════════════════════════╣
║                                                                           ║
║   Kei und Yuri werden zu einem dringenden Einsatz auf den Planeten        ║
║   Nolandia gerufen, doch als sie dort ankommen, finden sie ihre           ║
║   Auftraggeberin bereits ermordet vor und das Kind, das sie beschützen    ║
║   sollten, ein kleines Mädchen namens Misuni, ist verschwunden. Die       ║
║   Suche führt die beiden Trouble Consultants in den Dschungel             ║
║   Nolandias, wo sich merkwürdige Dinge ereignen. Verstörende Visionen     ║
║   machen es Kei und Yuri schwer, ihren Auftrag zu erfüllen und dazu hat   ║
║   jemand ofensichtlich starkes Interesse daran, daß Misuni nicht          ║
║   gefunden wird...                                                        ║
║                                                                           ║
║                                                                           ║
╚═══════════════════════════════════════════════════════════════════════════╝

╔═══════════════════════════════════════════════════════════════════════════╗
║ ░░░░░░░░░░░░░░░░░░░░░░░░░░░▒▓█   Info   █▓▒░░░░░░░░░░░░░░░░░░░░░░░░░░░░░░ ║
╠═══════════════════════════════════════════════════════════════════════════╣
║                                                                           ║
║   RESOLUTION...............: 2880x2240                                    ║
║   VIDEO.CODEC..............: HEVC [Main 10@L5@Main]                       ║
║   FRAMERATE................: 25.000 fps                                   ║
║   BITRATE..................: 5 147 kb/s                                   ║
║   AUDIO.1..................: German 48.0 kHz Nonebits AC-3 Stereo         ║
║   AUDIO.2..................: Japanese 48.0 kHz Nonebits AC-3 Stereo       ║
║   AUDIO.3..................: Japanese 48.0 kHz Nonebits AAC               ║
║   AUDIO.4..................: Japanese 48.0 kHz 16bits DTS Stereo          ║
║   SUBTITLES.5..............: German VobSub zlib                           ║
║                                                                           ║
║                                                                           ║
╚═══════════════════════════════════════════════════════════════since 2022══╝
