   ░▓██████████████████████████████████████████████████████████████████████▓    
 ░██████████████░██████████████████████▒▒██████████████████████░██████████████  
▓█████████████░    ▓████████████████▓░    ░█████████████████▒    ▒█████████████░
████████████▒         ░▒▓██████▓▒░            ░▒▓██████▓▒          ▓████████████
██████████▓                                                          ███████████
█████████                                                             ░█████████
███████▒                                                                ▒███████
█████▓                                                                    ▓█████
████                                                                        ████
██                                                                           ░██
█                                                                              █
██                                                                           ░██
███                                                                          ███
████      █████████████████        █████████     ██████████████████████     ████
████░     ██░░░░░░░░░░░░░░░█     ██▓▓▓▓▓▓▓▓▓██   █▒▒▒▒▒▒▒▒▒▒▒▒▒▒▒▒▒▒▒▒█    ▒████
█████     ██░░░░░██████░░░░░█  ██▓▓▓▓▓▓▓▓▓▓▓▓▓██ █▒▒▒▒▒▒▒▒▒▒▒▒▒▒▒▒▒▒▒▒█    █████
█████     ██░░░░░█     █░░░░░███▓▓▓▓▓▓███▓▓▓▓▓▓▓███▒▒▒▒▒▒█████████▒▒▒▒█    █████
█████░      █░░░░█     █░░░░░██▓▓▓▓▓▓█   █▓▓▓▓▓▓█  █▒▒▒▒▒█       ██████   ▒█████
█████░      █░░░░█     █░░░░░██▓▓▓▓▓█     █▓▓▓▓▓█  █▒▒▒▒▒█                ▒█████
█████░      █░░░░██████░░░░░█ █▓▓▓▓▓█     █▓▓▓▓▓█  █▒▒▒▒▒▒██████████      ▒█████
█████       █░░░░░░░░░░░░░██  █▓▓▓▓▓█     █▓▓▓▓▓█  █▒▒▒▒▒▒▒▒▒▒▒▒▒▒▒█      ░█████
█████       █░░░░█████████    █▓▓▓▓▓█     █▓▓▓▓▓█  █▒▒▒▒▒▒▒▒▒▒▒▒▒▒▒█       █████
████▒       █░░░░█            █▓▓▓▓▓█     █▓▓▓▓▓█  █▒▒▒▒▒▒██████████       ▓████
████        █░░░░█            █▓▓▓▓▓█     █▓▓▓▓▓█  █▒▒▒▒▒█                  ████
███         █░░░░█            █▓▓▓▓▓▓█   █▓▓▓▓▓▓█  █▒▒▒▒▒█       ██████     ░███
██▒       ██░░░░░░██          █▓▓▓▓▓▓▓███▓▓▓▓▓▓▓███▒▒▒▒▒▒████████▒▒▒▒▒█      ▓██
██        █░░░░░░░░█           ██▓▓▓▓▓▓▓▓▓▓▓▓▓██ █▒▒▒▒▒▒▒▒▒▒▒▒▒▒▒▒▒▒▒▒█       ██
█░        █░░░░░░░░█             ██▓▓▓▓▓▓▓▓▓██   █▒▒▒▒▒▒▒▒▒▒▒▒▒▒▒▒▒▒▒▒█       ▒█
█         ██████████               █████████     ██████████████████████        █
█                                                                              █
█                                                                              █
█                                                                              █
█                            Power of Entertainment                           ░█
█▓                                                                            ██
██                                                                            ██
███                                                                          ███
████                                                                        ████
█████                                                                      █████
██████░                                                                  ▒██████
████████                                                                ████████
██████████░                                                          ░██████████
█████████████░                                                    ▒█████████████
█████████████████▓▒░░░                                     ░░▒▓█████████████████
████████████████████████████████▓             ░▓████████████████████████████████
████████████████████████████████████       ░████████████████████████████████████
▒█████████████████████████████████████░  ░█████████████████████████████████████░
  ▓██████████████████████████████████████████████████████████████████████████▓  

     ██████████████████████████████████████████████████████████████████████
    ████████████████████████████████████████████████████████████████████████
   ███                 ██                            ██                   ███
  ███                   ██      ▒▒▒      ▒▒         ██                     ███ 
 ███                     ██      ▒  ▒▒   ▒  ▒▒▒    ██                       ███
███                       ██     ▒  ▒ ▒ ▒▒▒ ▒ ▒   ██                         ███
██                         ██    ▒  ▒ ▒  ▒  ▒▒▒  ██                           ██
██                          ██  ▒▒▒     ▒▒      ██                            ██
██                           ██                ██                             ██
██                            ██████████████████                              ██
██                                                                            ██
██                                                                            ██
██                     Titel ............: The Purge - Die Saeuberung         ██
██                     Release Date .....: 23/06/2013                         ██
██                     Cinema Date ......: 13/06/2013                         ██
██                     Genre ............: Horror                             ██
██                     FSK ..............: Ab 16                              ██
██                                                                            ██
██                     Source Video .....: 720p KOR WEB                       ██
██                     Source Audio .....: Mic (iLoad)                        ██
██                     Video Codec ......: XviD                               ██
██                     Video Bitrate ....: 1316 kbps                          ██
██                     FPS ..............: 23.976                             ██
██                     Resolution .......: 720x304                            ██
██                     Audio Codec ......: Mp3 2.0                            ██
██                     Audio Bitrate ....: 128 kbps                           ██
██                     Language .........: German                             ██
██                                                                            ██
██                     Runtime ..........: 01:25:18                           ██
██                     File Size ........: 881 MB                             ██
██                                                                            ██
██                     Subtitles ........: No                                 ██
██                     Sample ...........: Yes                                ██
██                                                                            ██
██                     www.imdb.com/title/tt2184339/                          ██
██                                                                            ██
██                                                                            ██
██                     Notes: Hier noch als XviD es handelt sich hierbei      ██
██                     um den koreanischen WEB-Rip. Am Bild wurde die         ██
██                     unterste Zeile gecropped. Ansonsten ...                ██
██                                                                            ██
██                     ... LOL & Have Fun!                                    ██
██                                                                            ██
██                                                                            ██
██ ▓▓▓▓▓▓▓▓▓▓▓▓▓▓▓▓▓▓▓▓▓▓▓▓▓▓▓▓▓▓▓▓▓▓▓▓▓▓▓▓▓▓▓▓▓▓▓▓▓▓▓▓▓▓▓▓▓▓▓▓▓▓▓▓▓▓▓▓▓▓▓▓▓▓ ██
██▓▓ ██████████████████████████████████████████████████████████████████████ ▓▓██
█▓▓ ████████████████████████████████████████████████████████████████████████ ▓▓█
▓▓ ██                  ██                             ██                   ██ ▓▓
▓ ██                    ██      ▒▒   ▒       ▒       ██                     ██ ▓
 ██                      ██     ▒ ▒  ▒  ▒▒▒ ▒▒▒     ██                       ██ 
██                        ██    ▒▒   ▒  ▒ ▒  ▒     ██                         ██
██                         ██   ▒    ▒▒ ▒▒▒  ▒▒   ██                          ██
██                          ██  ▒                ██                           ██
██                           ██                 ██                            ██
██                            ███████████████████                             ██
██                                                                            ██
██                                                                            ██
██                                                                            ██
██          Das Amerika des Jahres 2022 ist eine strahlende, wieder-          ██
██          auferstandene Nation in der alljaeaehrlich fuer eine Na-          ██
██          cht die Grundgesetze aufgehoben und 12 Stunden straffrei          ██
██                      Mord und Totschlag erlaubt sind.                      ██
██                                                                            ██
██                                                                            ██
██                                                                            ██
██ ▓▓▓▓▓▓▓▓▓▓▓▓▓▓▓▓▓▓▓▓▓▓▓▓▓▓▓▓▓▓▓▓▓▓▓▓▓▓▓▓▓▓▓▓▓▓▓▓▓▓▓▓▓▓▓▓▓▓▓▓▓▓▓▓▓▓▓▓▓▓▓▓▓▓ ██
██▓▓ ██████████████████████████████████████████████████████████████████████ ▓▓██
█▓▓ ████████████████████████████████████████████████████████████████████████ ▓▓█
▓▓ ██               ██                                   ██                ██ ▓▓
▓ ██                 ██      ▒▒              ▒          ██                  ██ ▓
 ██                   ██    ▒   ▒▒▒ ▒▒▒ ▒▒▒ ▒▒▒ ▒▒     ██                    ██ 
██                     ██   ▒ ▒ ▒   ▒▒  ▒▒   ▒   ▒    ██                      ██
██                      ██  ▒ ▒ ▒   ▒▒▒ ▒▒▒  ▒▒  ▒▒  ██                       ██
██                       ██  ▒▒                     ██                        ██
██                        ██                       ██                         ██
██                         ██████████████████████████                         ██
██                                                                            ██
██                                                                            ██
██                               FLYING OUT TO                                ██
██                                                                            ██
██                     AJA, Dante, Dombay, Moep, Matarius,                    ██
██                Legion, Chefflo, MTX, DiSTORTED and Flowzn                  ██
██                                                                            ██
██                                                                            ██
██ ▓▓▓▓▓▓▓▓▓▓▓▓▓▓▓▓▓▓▓▓▓▓▓▓▓▓▓▓▓▓▓▓▓▓▓▓▓▓▓▓▓▓▓▓▓▓▓▓▓▓▓▓▓▓▓▓▓▓▓▓▓▓▓▓▓▓▓▓▓▓▓▓▓▓ ██
██▓▓                                                                        ▓▓██
█▓▓                                                                          ▓▓█
▓▓                                                                            ▓▓
