ÔĽŅ






                     ‚ĖĎ                                  ‚ĖĎ

                     ‚ĖĎ                                  ‚ĖĎ
                     ‚Ėí                                  ‚Ėí
                     ‚Ėď                                  ‚Ėď
                     ‚Ėą‚ĖĄ                                ‚ĖĄ‚Ėą‚ĖĄ        ‚ĖĎ
                 ‚ĖĎ   ‚Ėą‚Ėą‚Ėď‚ĖĄ          ‚ĖÄ                 ‚ĖĄ‚Ėą‚ĖÄ‚Ėą‚Ėą‚Ėď‚ĖĄ
                     ‚Ėą‚Ėą‚Ėď‚Ėď‚ĖÄ         ‚Ėą               ‚ĖĄ‚Ėą‚ĖÄ  ‚Ėą‚Ėą‚Ėď‚Ėď‚ĖĄ  ‚ĖÄ  ‚ĖĎ
                 ‚ĖĎ   ‚Ėą‚Ėą‚Ėď‚Ėď          ‚Ėą‚Ėą‚ĖĄ           ‚ĖĄ‚Ėą‚Ėą‚Ėď   ‚Ėą‚Ėą‚Ėď‚Ėď   ‚Ėą  ‚Ėí
                 ‚Ėí   ‚Ėą‚Ėą‚Ėď‚Ėď          ‚Ėą‚Ėą‚Ėď‚Ėď‚ĖĄ        ‚ĖÄ‚Ėą‚Ėą‚Ėď‚Ėď   ‚Ėą‚Ėą‚ĖÄ  ‚ĖĄ‚Ėą‚ĖÄ‚Ėą‚ĖĄ‚Ėď
                 ‚Ėď   ‚Ėą‚Ėą‚Ėď‚Ėď   ‚ĖĄ  ‚ĖĄ   ‚Ėą‚Ėą‚Ėď‚Ėď  ‚ĖÄ   ‚ĖĄ‚ĖÄ  ‚Ėą‚Ėą‚Ėď‚Ėď  ‚ĖĄ‚ĖÄ  ‚ĖĄ‚Ėą‚ĖÄ ‚Ėą‚Ėą‚ĖĄ‚Ėď
               ‚ĖĄ‚Ėď‚Ėď   ‚Ėą‚Ėą‚Ėď‚Ėď ‚ĖĄ  ‚ĖĄ‚Ėď‚Ėą‚Ėą‚ĖĄ ‚Ėą‚Ėą‚Ėď‚Ėď    ‚ĖĄ‚Ėą‚Ėď   ‚Ėą‚Ėą‚Ėď‚Ėď    ‚ĖĄ‚Ėą‚Ėď   ‚Ėą‚Ėą‚Ėď‚Ėď
             ‚ĖĄ‚Ėą‚Ėą‚Ėď‚Ėď   ‚Ėą‚Ėą‚Ėď‚Ėď‚ĖÄ ‚ĖĄ‚Ėą‚Ėą‚Ėď‚Ėď ‚ĖÄ‚Ėą‚Ėą‚Ėą‚Ėď‚Ėď  ‚ĖĄ‚Ėą‚Ėą‚Ėď‚Ėď   ‚Ėą‚Ėą‚Ėď‚Ėď  ‚ĖĄ‚Ėą‚Ėą‚Ėď‚Ėď   ‚Ėą‚Ėą‚Ėď‚Ėď
          ‚ĖĄ ‚ĖÄ ‚Ėą‚Ėą‚Ėď‚Ėď ‚ĖĄ‚Ėą‚Ėą‚Ėď‚ĖÄ  ‚ĖÄ ‚Ėą‚Ėą‚Ėď‚Ėď   ‚ĖÄ‚Ėą‚Ėď‚Ėď   ‚Ėą‚Ėą‚Ėď‚Ėď   ‚Ėą‚Ėą‚Ėď‚Ėď   ‚Ėą‚Ėą‚Ėď‚Ėď  ‚ĖĄ‚Ėą‚Ėą‚Ėď‚Ėď
              ‚Ėą‚Ėą‚Ėď‚ĖĄ‚Ėą‚Ėą‚Ėď‚ĖÄ  ‚ĖÄ   ‚Ėą‚Ėą‚Ėď‚Ėď   ‚Ėą‚Ėą‚Ėď‚Ėď          ‚Ėą‚Ėą‚Ėď‚Ėď   ‚Ėą‚Ėą‚Ėď‚Ėď
         ‚ĖĎ ‚ĖĎ‚Ėí ‚Ėą‚Ėą‚Ėą‚Ėą‚Ėą‚Ėą‚Ėą‚Ėą‚Ėą‚Ėď‚Ėď‚Ėí‚ĖĎ ‚Ėą‚Ėą‚Ėď‚Ėď ‚ĖĎ ‚Ėą‚Ėą‚Ėď‚Ėď ‚ĖĎ‚Ėí‚Ėą‚Ėą‚Ėą‚Ėď‚Ėď‚ĖĎ‚Ėď‚Ėą‚Ėą‚Ėą‚Ėď‚Ėď‚ĖĎ‚Ėď‚Ėą‚Ėą‚Ėą‚Ėą‚Ėą‚Ėą‚Ėą‚Ėą‚Ėą‚Ėď‚Ėí‚ĖĎ ‚ĖĎ
              ‚Ėą‚Ėą‚Ėď‚ĖĄ   ‚Ėą‚Ėą‚Ėď‚ĖĄ   ‚Ėą‚Ėą‚Ėď‚Ėď   ‚Ėą‚Ėą‚ĖÄ‚Ėď   ‚Ėą‚Ėą‚Ėď‚ĖĄ   ‚Ėą‚Ėą‚Ėď‚ĖĄ   ‚Ėą‚Ėą‚Ėď‚ĖĄ
      ‚ĖÄ‚ĖĄ     ‚ĖĄ‚Ėą‚Ėą‚Ėď‚Ėď   ‚Ėą‚Ėą‚Ėď‚Ėď   ‚Ėą‚Ėą‚Ėď‚Ėď   ‚Ėą‚ĖĄ ‚ĖĄ   ‚Ėą‚Ėą‚Ėď‚Ėď   ‚Ėą‚Ėą‚Ėď‚Ėď   ‚Ėą‚Ėą‚Ėď‚Ėď   ‚Ėą‚Ėą‚Ėď‚Ėď ‚ĖĄ‚Ėď‚ĖĄ  ‚ĖĄ‚ĖÄ
       ‚Ėą‚Ėą‚ĖĄ    ‚ĖÄ‚Ėą‚Ėď‚Ėď   ‚Ėą‚Ėą‚Ėď‚Ėď   ‚Ėą‚Ėą‚Ėď‚Ėď   ‚Ėą‚Ėą‚ĖÄ‚Ėď   ‚Ėą‚Ėą‚Ėď‚Ėď   ‚Ėą‚ĖĄ‚Ėď‚Ėď   ‚Ėą‚Ėą‚Ėď‚Ėď ‚ĖĄ‚Ėą‚Ėą‚Ėą‚Ėď‚Ėď  ‚ĖÄ ‚ĖĄ‚Ėą‚Ėď
       ‚Ėą‚Ėą‚Ėď‚Ėď‚ĖĄ ‚ĖÄ‚ĖĄ ‚ĖÄ‚Ėď   ‚Ėą‚Ėą‚Ėď‚Ėď   ‚Ėą‚Ėą‚Ėď‚Ėď   ‚Ėą‚Ėą‚Ėď‚Ėď ‚ĖĄ ‚Ėą‚Ėą‚Ėď‚Ėď‚ĖĄ‚ĖÄ ‚ĖÄ ‚ĖÄ‚Ėď   ‚Ėą‚Ėą‚Ėď‚ĖĄ‚Ėą‚ĖÄ ‚Ėą‚Ėą‚Ėď‚Ėď‚ĖÄ ‚ĖĄ‚Ėą‚Ėą‚Ėď‚Ėď
       ‚Ėą‚Ėą‚Ėď‚Ėď‚ĖÄ‚Ėą‚ĖĄ‚Ėą‚Ėą‚ĖĄ ‚ĖÄ  ‚Ėą‚Ėą‚Ėď‚Ėď   ‚Ėą‚Ėą‚Ėď‚Ėď   ‚Ėą‚Ėą‚Ėď‚Ėď‚ĖÄ  ‚Ėą‚Ėą‚Ėď‚ĖÄ ‚ĖĄ ‚Ėą‚ĖĄ‚Ėď‚Ėď   ‚Ėą‚Ėą‚Ėď‚ĖÄ ‚ĖĄ ‚Ėą‚Ėą‚ĖÄ ‚ĖĄ‚Ėą‚ĖÄ‚ĖĄ‚Ėą‚Ėď‚Ėď
       ‚Ėą‚Ėą‚Ėď‚Ėď  ‚ĖÄ‚Ėą‚Ėą‚Ėď‚Ėď‚ĖĄ  ‚Ėą‚Ėą‚Ėď‚Ėď   ‚Ėą‚Ėą‚Ėď‚Ėď   ‚Ėą‚Ėą‚ĖÄ ‚ĖĄ‚ĖÄ ‚Ėą‚ĖÄ ‚ĖĄ‚ĖÄ  ‚Ėą‚Ėą‚Ėď‚Ėď   ‚Ėą‚ĖÄ ‚ĖĄ‚ĖÄ ‚ĖĄ‚ĖÄ ‚ĖĄ‚Ėą‚ĖÄ  ‚Ėą‚Ėą‚Ėď‚Ėď
       ‚Ėą‚Ėą‚Ėď‚Ėď   ‚ĖĄ‚Ėą‚Ėď‚Ėď   ‚Ėą‚Ėą‚Ėď‚Ėď   ‚Ėą‚Ėą‚Ėď‚Ėď  ‚ĖĄ‚ĖÄ ‚ĖĄ‚Ėď ‚ĖĄ‚ĖÄ ‚ĖĄ‚Ėď‚Ėď   ‚Ėą‚Ėą‚Ėď‚Ėď  ‚ĖÄ ‚ĖĄ‚Ėď‚Ėď ‚ĖÄ ‚ĖĄ‚Ėą‚Ėą‚Ėď   ‚Ėą‚Ėą‚Ėď‚Ėď
       ‚Ėą‚Ėą‚Ėď‚Ėď   ‚Ėą‚Ėą‚Ėď‚ĖÄ   ‚Ėą‚Ėą‚Ėď‚Ėď   ‚Ėą‚Ėą‚Ėď‚Ėď‚ĖĄ  ‚ĖĄ‚Ėą‚Ėď‚Ėď  ‚ĖĄ‚Ėą‚Ėą‚Ėď‚Ėď   ‚Ėą‚Ėą‚Ėď‚Ėď  ‚ĖĄ‚Ėą‚Ėą‚Ėď‚Ėď ‚ĖĄ‚ĖÄ‚Ėą‚Ėą‚Ėď‚Ėď   ‚Ėą‚Ėą‚Ėď‚Ėď
       ‚Ėą‚Ėą‚Ėď‚Ėď   ‚Ėą‚ĖÄ ‚ĖĄ‚ĖÄ  ‚Ėą‚Ėą‚Ėď‚Ėď   ‚Ėą‚Ėą‚Ėď‚ĖÄ  ‚ĖÄ‚Ėą‚Ėą‚Ėď‚Ėď‚ĖĄ‚Ėą‚ĖÄ‚ĖĄ‚Ėą‚Ėď‚Ėď   ‚Ėą‚Ėą‚ĖÄ ‚ĖĄ‚Ėą‚ĖÄ‚ĖĄ‚Ėą‚Ėď‚Ėď   ‚Ėą‚Ėą‚Ėď‚Ėď   ‚Ėą‚Ėą‚Ėď‚Ėď
       ‚Ėą‚Ėą‚Ėď‚Ėď  ‚ĖÄ ‚ĖĄ‚Ėď‚Ėď   ‚Ėą‚Ėą‚Ėď‚Ėď   ‚Ėą‚ĖÄ ‚ĖĄ‚ĖÄ  ‚Ėą‚Ėą‚Ėď‚Ėą‚ĖÄ  ‚Ėą‚Ėą‚Ėď‚Ėď  ‚ĖĄ‚ĖÄ ‚ĖĄ‚Ėą‚ĖÄ  ‚Ėą‚Ėą‚Ėď‚Ėď   ‚Ėą‚Ėą‚Ėą‚Ėď   ‚Ėą‚Ėą‚Ėď‚Ėď
       ‚Ėą‚Ėą‚Ėď‚Ėď  ‚ĖĄ‚Ėą‚Ėą‚Ėď‚Ėď   ‚Ėą‚Ėą‚Ėď‚Ėď  ‚ĖÄ ‚ĖĄ‚Ėď‚Ėď   ‚Ėą‚Ėą‚Ėą‚Ėď   ‚Ėą‚Ėą‚Ėď‚Ėď ‚ĖÄ ‚ĖĄ‚Ėą‚Ėą‚Ėď   ‚Ėą‚Ėą‚Ėď‚Ėď   ‚Ėą‚Ėą‚Ėď‚Ėą‚ĖĄ  ‚Ėą‚Ėą‚Ėď‚Ėď
       ‚Ėą‚Ėą‚Ėď‚ĖÄ‚ĖĄ‚Ėą‚ĖÄ‚ĖĄ‚Ėą‚Ėď‚Ėď   ‚Ėą‚Ėą‚Ėď‚Ėď  ‚ĖĄ‚Ėą‚Ėą‚Ėď‚Ėď   ‚Ėą‚Ėą‚Ėď‚Ėď   ‚Ėą‚Ėą‚Ėď‚Ėď ‚ĖĄ‚ĖÄ‚Ėą‚Ėą‚ĖÄ‚Ėď   ‚Ėą‚Ėą‚Ėď‚Ėď   ‚Ėą‚Ėą‚Ėď‚ĖĄ‚ĖÄ‚Ėą‚ĖĄ‚Ėą‚Ėą‚Ėď‚Ėď
       ‚Ėą‚Ėą‚Ėď‚Ėď‚ĖÄ  ‚Ėą‚Ėą‚Ėď‚Ėď   ‚Ėą‚Ėą‚Ėď‚ĖÄ‚ĖĄ‚Ėą‚ĖÄ‚ĖĄ‚Ėą‚Ėď‚Ėď   ‚Ėą‚Ėą‚Ėď‚Ėď   ‚Ėą‚Ėą‚Ėď‚Ėď   ‚Ėą‚ĖĄ ‚ĖĄ   ‚Ėą‚Ėą‚ĖÄ    ‚Ėą‚Ėą‚Ėď‚Ėď  ‚ĖÄ‚Ėą‚Ėą‚Ėď‚Ėď
       ‚Ėą‚Ėą‚ĖÄ    ‚Ėą‚Ėą‚Ėď‚Ėď   ‚Ėą‚Ėą‚Ėď‚Ėą‚ĖÄ  ‚Ėą‚Ėą‚Ėď‚Ėď   ‚Ėą‚Ėą‚Ėď‚Ėď   ‚Ėą‚Ėą‚Ėď‚Ėď   ‚Ėą‚Ėą‚Ėď‚Ėď ‚ĖĄ‚Ėą‚ĖÄ      ‚Ėą‚Ėą‚Ėď‚Ėď    ‚ĖÄ‚Ėď‚Ėď
      ‚ĖĄ‚ĖÄ  ‚ĖĄ‚ĖĄ  ‚Ėą‚Ėą‚Ėď‚Ėď ‚ĖĎ ‚Ėą‚Ėą‚Ėą‚Ėď   ‚Ėą‚Ėą‚Ėď‚Ėď ‚ĖĎ ‚Ėą‚Ėą‚Ėď‚Ėď‚Ėą‚Ėą‚Ėą‚Ėą‚Ėą‚Ėď‚Ėď ‚ĖĎ ‚Ėą‚Ėą‚Ėď‚Ėď‚Ėą‚Ėą‚Ėą‚Ėą‚Ėą‚Ėď‚Ėď‚Ėí‚ĖĎ ‚Ėą‚Ėą‚Ėď‚Ėď f3!_ ‚ĖÄ‚ĖĄ
         ‚ĖÄ‚ĖĎ‚Ėí‚ĖÄ ‚Ėą‚Ėą‚Ėď‚Ėď   ‚Ėą‚Ėą‚Ėď‚Ėď   ‚Ėą‚Ėą‚ĖÄ‚Ėď   ‚Ėą‚Ėą‚Ėď‚ĖĄ   ‚Ėą‚Ėą‚ĖÄ‚Ėď   ‚Ėą‚Ėą‚Ėď‚ĖĄ   ‚Ėą‚Ėą‚Ėď‚ĖĄ   ‚Ėą‚Ėą‚Ėď‚Ėď cRo
      ‚ĖĄ       ‚Ėą‚Ėą‚Ėď‚Ėď   ‚Ėą‚Ėą‚Ėď‚Ėď   ‚Ėą‚Ėą‚ĖÄ‚Ėď   ‚Ėą‚Ėą‚Ėď‚Ėď   ‚Ėą‚ĖĄ ‚ĖĄ   ‚Ėą‚Ėą‚Ėď‚Ėď   ‚Ėą‚Ėą‚Ėď‚Ėď   ‚Ėą‚Ėą‚Ėď‚Ėď       ‚ĖĄ
       ‚Ėą‚ĖĄ ‚ĖÄ   ‚Ėą‚Ėą‚Ėď‚Ėď   ‚Ėą‚Ėą‚Ėď‚Ėď   ‚Ėą‚ĖĄ ‚ĖĄ   ‚Ėą‚Ėą‚Ėď‚Ėď   ‚Ėą‚Ėą‚ĖÄ‚Ėď   ‚Ėą‚Ėą‚Ėď‚Ėď   ‚Ėą‚Ėą‚Ėď‚Ėď   ‚Ėą‚Ėą‚Ėď‚Ėď   ‚ĖÄ ‚ĖĄ‚Ėą
       ‚Ėą‚Ėą‚Ėď‚ĖĄ ‚ĖÄ‚ĖĄ‚Ėą‚Ėą‚Ėď‚Ėď   ‚Ėą‚Ėą‚Ėď‚Ėď   ‚Ėą‚Ėą‚Ėď‚Ėď   ‚Ėą‚Ėą‚Ėď‚Ėď  ‚ĖĄ‚Ėą‚Ėą‚Ėď‚Ėď   ‚Ėą‚Ėą‚Ėď‚Ėď   ‚Ėą‚Ėą‚Ėď‚Ėď   ‚Ėą‚Ėą‚Ėď‚Ėď‚ĖĄ‚ĖÄ ‚ĖĄ‚Ėą‚Ėď‚Ėď
       ‚Ėą‚Ėą‚Ėď‚Ėď‚ĖÄ‚ĖĄ ‚ĖÄ‚Ėą‚Ėď‚Ėď   ‚Ėą‚Ėą‚Ėď‚Ėď   ‚Ėą‚Ėą‚Ėď‚Ėď   ‚Ėą‚Ėą‚Ėď‚ĖÄ   ‚ĖÄ‚Ėą‚Ėď‚Ėď   ‚Ėą‚Ėą‚Ėď‚Ėď   ‚Ėą‚Ėą‚Ėď‚Ėď   ‚Ėą‚Ėą‚Ėď‚ĖÄ ‚ĖĄ‚ĖÄ‚Ėą‚Ėą‚Ėď‚Ėď
       ‚Ėą‚Ėą‚Ėď‚Ėď  ‚ĖÄ‚ĖĄ ‚ĖÄ‚Ėď   ‚Ėą‚Ėą‚Ėď‚Ėď   ‚Ėą‚Ėą‚Ėď‚Ėď‚ĖÄ  ‚Ėą‚ĖÄ‚Ėí  ‚ĖĄ   ‚ĖÄ‚Ėď  ‚ĖÄ‚Ėą‚Ėą‚Ėď‚Ėď   ‚Ėą‚Ėą‚Ėď‚Ėď   ‚Ėą‚ĖÄ ‚ĖĄ‚ĖÄ  ‚Ėą‚Ėą‚Ėď‚Ėď
       ‚Ėą‚Ėą‚Ėď‚Ėď  ‚ĖĄ ‚ĖÄ‚ĖĄ ‚ĖÄ  ‚Ėą‚Ėą‚Ėď‚Ėď   ‚Ėą‚Ėą‚ĖÄ  ‚ĖĄ‚ĖÄ  ‚ĖĎ ‚ĖÄ‚Ėď‚ĖÄ    ‚ĖÄ‚ĖĄ  ‚ĖÄ‚Ėď‚Ėď   ‚Ėą‚Ėą‚Ėď‚Ėď  ‚ĖÄ ‚ĖĄ‚ĖÄ ‚ĖĄ  ‚Ėą‚Ėą‚Ėď‚Ėď
       ‚Ėą‚Ėą‚Ėď‚Ėď   ‚Ėą‚ĖĄ ‚ĖÄ‚ĖĄ  ‚Ėą‚Ėą‚Ėď‚Ėď  ‚ĖĄ‚ĖÄ  ‚ĖĄ                 ‚ĖĄ  ‚Ėď‚ĖĄ  ‚Ėą‚Ėą‚Ėď‚Ėď  ‚ĖĄ‚ĖÄ ‚ĖĄ‚Ėď   ‚Ėą‚Ėą‚Ėď‚Ėď
       ‚Ėą‚Ėą‚Ėď‚Ėď   ‚Ėą‚Ėą‚Ėď‚ĖĄ ‚ĖÄ‚ĖĄ‚Ėą‚Ėą‚Ėď‚Ėď               ‚ĖĎ           ‚Ėí   ‚Ėą‚Ėą‚Ėď‚Ėď‚ĖĄ‚ĖÄ ‚ĖĄ‚Ėą‚Ėď‚Ėď   ‚Ėą‚Ėą‚Ėď‚Ėď
      ‚ĖĄ‚Ėą‚Ėą‚Ėď‚Ėď   ‚Ėą‚Ėą‚Ėď‚Ėď‚ĖÄ  ‚ĖÄ‚Ėą‚Ėď‚Ėď                           ‚ĖĎ   ‚Ėą‚Ėą‚Ėď‚ĖĎ  ‚ĖÄ‚Ėą‚Ėą‚Ėď‚Ėď   ‚Ėą‚Ėą‚Ėď‚Ėď‚ĖĄ
       ‚ĖÄ‚Ėą‚Ėď‚Ėď   ‚Ėą‚Ėą‚Ėď‚Ėď ‚ĖĄ‚Ėď‚ĖĄ ‚ĖÄ‚Ėď      K N i F E S H A R P      ‚Ėą‚ĖÄ‚Ėí    ‚Ėą‚Ėą‚Ėď‚Ėď   ‚Ėą‚Ėą‚Ėď‚ĖÄ
         ‚ĖÄ‚Ėď   ‚Ėą‚Ėą‚Ėď‚Ėď  ‚ĖÄ    ‚ĖÄ                             ‚ĖÄ  ‚ĖĎ    ‚Ėą‚Ėą‚ĖÄ‚Ėď   ‚Ėą‚ĖÄ‚Ėď
           ‚ĖÄ‚ĖĄ ‚Ėą‚Ėą‚Ėď‚Ėď  ‚ĖÄ      ‚ĖÄ            ‚Ė†            ‚ĖÄ         ‚Ėą‚ĖÄ‚Ėď‚Ėď ‚ĖĄ‚ĖÄ  ‚Ėď
             ‚ĖÄ‚Ėą‚Ėą‚Ėď‚Ėď                                        ‚ĖĎ    ‚ĖĄ ‚ĖĄ‚Ėď‚ĖÄ    ‚Ėí
               ‚ĖÄ‚Ėą‚Ėď     .   . ... p r e s e n t s ... .   .     ‚Ėą‚Ėą‚ĖÄ      ‚Ėí
                 ‚Ėí‚ĖĄ                                           ‚ĖĄ‚ĖÄ        ‚ĖĎ
                 ‚ĖĎ  ‚ĖĄ                   .                   ‚ĖĄ
                                                                        ‚ĖĎ
                 ‚ĖĎ
  
            How.Do.They.Do.It.S11E01.iNTERNAL.720p.HDTV.x264-KNiFESHARP            


                      ‚ĖĄ‚ĖÄ   ‚ĖĄ‚ĖÄ  ‚ĖĄ‚ĖĄ‚ĖĄ‚ĖĄ‚ĖĄ‚ĖĄ‚ĖÄ ‚ĖĄ‚ĖÄ       ‚ĖĄ‚ĖÄ   ‚ĖĄ    ‚ĖĄ‚ĖÄ
                    ‚ĖĄ‚Ėą‚Ėď  ‚ĖĄ‚Ėą‚Ėą‚ĖĄ ‚Ėą‚Ėą‚Ėď ‚ĖĄ‚ĖÄ ‚ĖĄ‚Ėą‚ĖÄ‚Ėą‚ĖĄ ‚ĖĄ  ‚ĖĄ‚Ėą‚ĖÄ‚Ėą‚ĖĄ ‚ĖÄ‚Ėí‚ĖÄ ‚ĖĄ‚Ėą‚ĖÄ‚Ėą‚ĖĄ ‚ĖĄ‚ĖÄ
                   ‚ĖÄ‚Ėą‚Ėą‚Ėď ‚ĖÄ‚Ėą‚Ėą‚Ėď‚Ėď‚ĖĄ‚Ėą‚Ėą‚Ėď  ‚ĖĄ‚Ėą‚Ėď  ‚Ėą‚Ėď‚ĖÄ ‚ĖĄ‚Ėą‚Ėď  ‚Ėą‚Ėą‚Ėď  ‚ĖĄ‚Ėą‚Ėď  ‚Ėą‚Ėď‚ĖÄ
            ‚ĖĎ   ‚ĖĄ‚ĖÄ  ‚Ėą‚Ėą‚Ėď  ‚Ėą‚Ėą‚Ėď ‚Ėď‚Ėą‚Ėą‚Ėď  ‚Ėą‚Ėą‚Ėď  ‚ĖÄ  ‚ĖÄ‚Ėą‚Ėą‚Ėď  ‚Ėą‚Ėą‚Ėď ‚ĖÄ‚ĖÄ‚Ėą‚Ėą‚ĖĄ‚ĖĄ‚ĖĄ‚ĖĄ  ‚ĖÄ‚ĖĄ   ‚ĖĎ
    ‚ĖÄ         ‚ĖĄ‚Ėą‚Ėď ‚ĖÄ‚ĖÄ‚Ėą‚Ėą‚Ėą‚ĖÄ ‚Ėą‚Ėą‚Ėď  ‚Ėą‚Ėą‚Ėď ‚ĖÄ‚Ėą‚Ėą‚ĖÄ‚ĖÄ‚ĖÄ‚ĖÄ ‚ĖÄ ‚Ėą‚Ėą‚Ėď  ‚Ėą‚Ėą‚Ėď‚ĖÄ   ‚ĖĄ  ‚Ėą‚Ėą‚Ėď‚ĖÄ ‚Ėą‚Ėą‚ĖĄ         ‚ĖÄ
      ‚ĖÄ‚ĖĄ     ‚ĖÄ‚Ėą‚Ėą‚Ėď   ‚Ėą‚Ėď‚ĖÄ  ‚Ėą‚Ėď‚ĖÄ  ‚Ėą‚Ėą‚ĖÄ  ‚Ėą‚Ėď‚ĖÄ  ‚ĖĄ‚ĖĄ  ‚ĖÄ‚Ėą‚Ėď ‚ĖĄ‚Ėď‚ĖÄ ‚Ė† ‚ĖĄ‚Ėą‚Ėď ‚ĖĄ‚Ėď‚ĖÄ   ‚Ėą‚Ėą‚Ėď‚ĖÄ     ‚ĖĄ‚ĖÄ
       ‚Ėą‚Ėą‚ĖĄ  ‚ĖĎ ‚Ėą‚Ėą‚Ėď  ‚ĖĄ‚ĖÄ   ‚ĖĄ‚ĖÄ   ‚ĖĄ‚ĖÄ   ‚ĖĄ‚ĖÄ   ‚ĖÄ‚Ėí‚Ėí‚ĖÄ   ‚ĖÄ‚Ėą‚ĖÄ    ‚ĖÄ  ‚ĖÄ‚Ėą‚ĖÄ     ‚Ėą‚Ėą‚Ėď ‚ĖĎ  ‚ĖĄ‚Ėą‚Ėď
       ‚Ėą‚Ėą‚Ėď‚Ėą‚ĖĄ  ‚Ėą‚Ėą‚Ėď                        ‚ĖĎ                      ‚Ėą‚Ėą‚Ėď  ‚ĖĄ‚Ėą‚Ėą‚Ėď‚Ėď
       ‚Ėą‚ĖÄ‚Ėď‚Ėď ‚ĖÄ‚ĖĄ‚Ėą‚Ėą‚Ėď                                               ‚Ėą‚Ėą‚Ėď‚ĖĄ‚ĖÄ ‚Ėą‚Ėą‚Ėď‚Ėď
       ‚ĖĄ ‚ĖĄ‚Ėď   ‚ĖÄ‚Ėą‚Ėą                                               ‚Ėą‚Ėą‚ĖÄ   ‚Ėą‚Ėą‚Ėď‚Ėď
       ‚Ėą‚ĖÄ‚Ėď‚Ėď ‚ĖĎ   ‚ĖÄ‚ĖĄ                                             ‚ĖĄ‚ĖÄ   ‚ĖĎ ‚Ėą‚Ėą‚Ėď‚Ėď
       ‚Ėą‚Ėą‚Ėď‚Ėď ‚Ėí      ‚ĖĄ                                         ‚ĖĄ      ‚Ėí ‚Ėą‚Ėą‚Ėď‚Ėď
       ‚Ėą‚Ėą‚Ėď‚Ėď ‚Ėď                                                       ‚Ėď ‚Ėą‚Ėą‚Ėď‚Ėď
       ‚Ėą‚Ėą‚Ėď‚Ėď ‚Ėą               RELEASE DATE..[ 2014-05-16              ‚Ėą ‚Ėą‚Ėą‚Ėď‚Ėď
       ‚Ėą‚Ėą‚Ėď‚Ėď ‚Ėą               LANGUAGE......[ English                 ‚Ėą ‚Ėą‚Ėą‚Ėď‚Ėď
       ‚Ėą‚Ėą‚Ėď‚Ėď ‚Ėą               RUNTiME.......[ 00:21:59                ‚Ėą ‚Ėą‚Ėą‚Ėď‚Ėď
       ‚Ėą‚Ėą‚Ėď‚Ėď ‚Ėą               ViDEO BiTRATE.[ 2636 kbps               ‚Ėą ‚Ėą‚Ėą‚Ėď‚Ėď
       ‚Ėą‚Ėą‚Ėď‚Ėď ‚Ėą               ViDEO CODEC...[ x264                    ‚Ėą ‚Ėą‚Ėą‚Ėď‚Ėď
       ‚Ėą‚Ėą‚Ėď‚Ėď ‚Ėą               FRAMERATE.....[ 25.000 fps‚ô™              ‚Ėą ‚Ėą‚Ėą‚Ėď‚Ėď
       ‚Ėą‚Ėą‚Ėď‚Ėď ‚Ėą               AUDiO BiTRATE.[ 384 kbps                ‚Ėą ‚Ėą‚Ėą‚Ėď‚Ėď
       ‚Ėą‚Ėą‚Ėď‚Ėď ‚Ėą               AUDiO CODEC...[ AC3‚ô™                     ‚Ėą ‚Ėą‚Ėą‚Ėď‚Ėď
       ‚Ėą‚Ėą‚Ėď‚Ėď ‚Ėą               RESOLUTiON....[ 1280x720‚ô™                ‚Ėą ‚Ėą‚Ėą‚Ėď‚Ėď
       ‚Ėą‚Ėą‚Ėď‚Ėď ‚Ėą               GENRE.........[ Documentary             ‚Ėą ‚Ėą‚Ėą‚Ėď‚Ėď
       ‚Ėą‚Ėą‚Ėď‚Ėď ‚Ėą               CRF SETTiNG...[ 21                      ‚Ėą ‚Ėą‚Ėą‚Ėď‚Ėď
       ‚Ėą‚Ėą‚Ėď‚Ėď ‚Ėą ‚ĖĎ                                                   ‚ĖĎ ‚Ėą ‚ĖÄ‚Ėą‚Ėď‚Ėď
       ‚Ėą‚Ėą‚Ėď‚Ėď ‚Ėą                                                       ‚Ėą ‚Ėą‚ĖÄ ‚ĖÄ
       ‚Ėď‚Ėď‚Ėď‚Ėď ‚Ėą ‚ĖĎ                                                   ‚ĖĎ ‚Ėą ‚Ėď‚Ėď‚ĖĄ‚Ėď
       ‚Ėí‚Ėí‚Ėď‚Ėď ‚Ėą ‚Ėí                                                   ‚Ėí ‚Ėą ‚Ėď‚Ėď‚Ėí‚Ėí
       ‚ĖĎ‚ĖĎ‚Ėí‚Ėí ‚Ėą ‚Ėď                                                   ‚Ėď ‚Ėą ‚Ėí‚Ėí‚ĖĎ‚ĖĎ
    ‚ĖÄ    ‚ĖĎ‚ĖĎ ‚Ėą ‚Ėą‚Ėą‚ĖĄ     ‚Ė† ‚ĖĄ     ‚ĖĄ‚ĖÄ     ‚ĖĄ‚ĖÄ  ‚ĖĄ‚Ėí‚ĖĄ   ‚ĖĄ‚ĖÄ ‚ĖĄ‚ĖĄ‚ĖĄ‚ĖĄ‚ĖĄ‚ĖĄ‚Ėď‚ĖĄ‚ĖĄ‚ĖĄ‚ĖÄ   ‚ĖĄ‚Ėą‚Ėď ‚Ėą ‚ĖĎ‚ĖĎ    ‚ĖÄ
      ‚ĖÄ‚ĖĄ    ‚Ėą ‚Ėą‚Ėą‚Ėď‚ĖÄ‚ĖĄ      ‚Ėą‚ĖĄ ‚ĖĄ‚Ėą‚Ėą‚Ėą‚ĖĄ  ‚ĖĄ‚Ėą‚Ėď    ‚ĖÄ  ‚ĖĄ‚Ėą‚ĖÄ‚Ėą‚ĖĄ   ‚ĖĄ‚Ėą‚Ėď ‚ĖĄ‚ĖÄ   ‚ĖĄ‚ĖÄ‚Ėą‚Ėą‚Ėď ‚Ėą    ‚ĖĄ‚ĖÄ
       ‚Ėą‚Ėą‚ĖĄ ‚ĖÄ‚Ėą ‚Ėą‚Ėą‚Ėď  ‚Ėą‚ĖĄ    ‚Ėą‚Ėą‚Ėą‚ĖÄ ‚Ėą‚Ėą‚Ėď ‚ĖÄ‚Ėą‚Ėą‚Ėď     ‚ĖĄ‚Ėą‚Ėď  ‚Ėą‚Ėą‚Ėď  ‚Ėą‚Ėą‚Ėď    ‚ĖĄ‚Ėď  ‚Ėą‚Ėą‚Ėď ‚Ėą‚ĖÄ ‚ĖĄ‚Ėą‚Ėď
       ‚Ėą‚Ėą‚Ėď‚Ėą‚ĖĄ ‚ĖÄ‚Ėą‚Ėą‚Ėď  ‚Ėą‚Ėą‚Ėą‚ĖĄ  ‚Ėą‚Ėą‚Ėď‚ĖĄ ‚Ėą‚Ėą‚Ėď  ‚Ėą‚Ėą‚Ėď    ‚ĖÄ‚Ėą‚Ėą‚Ėď  ‚Ėą‚Ėą‚Ėď  ‚Ėą‚Ėą‚Ėď  ‚ĖĄ‚Ėą‚Ėą‚Ėď  ‚Ėą‚Ėą‚Ėą‚ĖÄ ‚ĖĄ‚Ėą‚Ėą‚Ėď‚Ėď
       ‚Ėą‚ĖÄ‚Ėď‚Ėď ‚ĖÄ‚ĖĄ ‚ĖÄ‚Ėď  ‚Ėą‚Ėą‚Ėď   ‚Ėą‚Ėą‚Ėą ‚ĖÄ‚Ėą‚ĖÄ   ‚Ėą‚Ėą‚Ėď   ‚ĖĄ ‚Ėą‚Ėą‚Ėď  ‚Ėą‚Ėą‚Ėď‚ĖÄ ‚Ėą‚Ėą‚Ėď   ‚Ėą‚Ėą‚Ėď  ‚Ėą‚ĖÄ ‚ĖĄ‚ĖÄ ‚Ėą‚Ėą‚Ėď‚Ėď
       ‚ĖĄ ‚ĖĄ‚Ėď   ‚ĖÄ‚ĖĄ ‚ĖÄ ‚Ėą‚Ėą‚Ėď   ‚Ėą‚Ėą‚Ėď       ‚ĖÄ‚Ėą‚Ėď ‚ĖĄ‚Ėą‚Ėď ‚ĖÄ‚Ėą‚Ėď ‚ĖĄ‚Ėď‚ĖÄ   ‚Ėą‚Ėą‚ĖÄ   ‚Ėą‚Ėą‚Ėď ‚ĖÄ ‚ĖĄ‚ĖÄ   ‚Ėą‚Ėą‚Ėď‚Ėď
       ‚Ėą‚ĖÄ‚Ėď‚Ėď ‚ĖĎ   ‚ĖÄ‚ĖĄ ‚Ėą‚Ėą‚Ėď   ‚Ėą‚Ėą‚Ėď         ‚ĖÄ‚Ėą‚ĖÄ‚Ėą‚Ėą   ‚ĖÄ‚Ėą‚ĖÄ    ‚ĖĄ‚ĖÄ     ‚Ėą‚Ėą‚Ėď ‚ĖĄ‚ĖÄ   ‚ĖĎ ‚Ėą‚Ėą‚Ėď‚Ėď
       ‚Ėą‚Ėą‚Ėď‚Ėď ‚Ėí     ‚ĖÄ‚Ėą‚Ėą‚Ėď    ‚ĖÄ‚Ėí         ‚Ė†       ‚Ė†             ‚Ėą‚Ėą‚Ėď‚ĖÄ     ‚Ėí ‚Ėą‚Ėą‚Ėď‚Ėď
       ‚Ėą‚Ėą‚Ėď‚Ėď ‚Ėď       ‚ĖÄ‚Ėď     ‚ĖĎ                               ‚Ėą‚ĖÄ       ‚Ėď ‚Ėą‚Ėą‚Ėď‚Ėď
       ‚Ėą‚Ėą‚Ėď‚Ėď ‚Ėą         ‚ĖÄ                                   ‚ĖÄ         ‚Ėą ‚Ėą‚Ėą‚Ėď‚Ėď
       ‚Ėą‚Ėą‚Ėď‚Ėď ‚Ėą           ‚ĖÄ                               ‚ĖÄ           ‚Ėą ‚Ėą‚Ėą‚Ėď‚Ėď
       ‚Ėą‚Ėą‚Ėď‚Ėď ‚Ėą                                                       ‚Ėą ‚Ėą‚Ėą‚Ėď‚Ėď
       ‚Ėą‚Ėą‚Ėď‚Ėď ‚Ėą                                                       ‚Ėą ‚Ėą‚Ėą‚Ėď‚Ėď
       ‚Ėą‚Ėą‚Ėď‚Ėď ‚Ėą                                                       ‚Ėą ‚Ėą‚Ėą‚Ėď‚Ėď
       ‚Ėą‚Ėą‚Ėď‚Ėď ‚Ėą      How do they make the king of cheeses, parm       ‚Ėą ‚Ėą‚Ėą‚Ėď‚Ėď
       ‚Ėą‚Ėą‚Ėď‚Ėď ‚Ėą      -esan? How do they keep the runways running      ‚Ėą ‚Ėą‚Ėą‚Ėď‚Ėď 
       ‚Ėą‚Ėą‚Ėď‚Ėď ‚Ėą      at the world's busiest airports? nd, how do      ‚Ėą ‚Ėą‚Ėą‚Ėď‚Ėď
       ‚Ėą‚Ėą‚Ėď‚Ėď ‚Ėą      they manufacture relaxing reclining chairs?      ‚Ėą ‚Ėą‚Ėą‚Ėď‚Ėď
       ‚Ėą‚Ėą‚Ėď‚Ėď ‚Ėą                                                       ‚Ėą ‚Ėą‚Ėą‚Ėď‚Ėď
       ‚Ėą‚Ėą‚Ėď‚Ėď ‚Ėą                                                       ‚Ėą ‚Ėą‚Ėą‚Ėď‚Ėď
       ‚Ėą‚Ėą‚Ėď‚Ėď ‚Ėą                                                       ‚Ėą ‚Ėą‚Ėą‚Ėď‚Ėď
       ‚Ėą‚Ėą‚Ėď‚Ėď ‚Ėą                                                       ‚Ėą ‚ĖÄ‚Ėą‚Ėď‚Ėď
       ‚Ėą‚Ėą‚Ėď‚Ėď ‚Ėą         ‚ĖĄ‚ĖÄ  ‚ĖĄ‚ĖĄ‚ĖĄ‚ĖĄ‚ĖĄ‚ĖĄ‚ĖÄ ‚ĖĄ‚ĖÄ ‚ĖĄ‚ĖĄ‚ĖĄ‚ĖĄ‚ĖĄ‚ĖĄ‚Ėď‚ĖĄ‚ĖĄ‚ĖĄ‚ĖÄ ‚ĖĄ‚ĖÄ       ‚ĖĄ‚ĖÄ        ‚Ėą ‚Ėą‚ĖÄ ‚ĖÄ
       ‚Ėď‚Ėď‚Ėď‚Ėď ‚Ėą       ‚ĖĄ‚Ėą‚Ėą‚Ėď ‚Ėą‚Ėą‚Ėď ‚ĖĄ‚ĖÄ ‚ĖĄ‚Ėą‚ĖÄ‚Ėą‚ĖĄ   ‚ĖĄ‚Ėą‚Ėď ‚ĖĄ‚ĖÄ ‚ĖĄ‚Ėą‚ĖÄ‚Ėą‚ĖĄ ‚ĖĄ  ‚ĖĄ‚Ėą‚ĖÄ‚Ėą‚ĖĄ ‚ĖĄ     ‚Ėą ‚Ėď‚Ėď‚ĖĄ‚Ėď
       ‚Ėí‚Ėí‚Ėď‚Ėď ‚Ėą      ‚ĖÄ‚Ėą‚Ėą‚Ėď‚Ėą‚Ėď‚Ėą‚Ėą‚Ėď  ‚ĖĄ‚Ėą‚Ėď  ‚Ėą‚Ėą‚Ėď  ‚Ėą‚Ėą‚Ėď  ‚ĖĄ‚Ėą‚Ėď  ‚Ėą‚Ėď‚ĖÄ ‚ĖĄ‚Ėą‚Ėď  ‚Ėą‚Ėď‚ĖÄ      ‚Ėą ‚Ėď‚Ėď‚Ėí‚Ėí
       ‚ĖĎ‚ĖĎ‚Ėí‚Ėí ‚Ėą   ‚ĖĄ‚ĖÄ  ‚Ėą‚Ėą‚Ėď ‚Ėą‚Ėą‚Ėą‚Ėď ‚ĖÄ‚Ėą‚Ėą‚Ėď  ‚Ėą‚Ėą‚Ėď  ‚Ėą‚Ėą‚Ėď  ‚Ėą‚Ėą‚Ėď  ‚ĖÄ  ‚ĖÄ‚ĖÄ‚Ėą‚Ėą‚ĖĄ‚ĖĄ‚ĖĄ‚ĖĄ  ‚ĖÄ‚ĖĄ   ‚Ėą ‚Ėí‚Ėí‚ĖĎ‚ĖĎ
    ‚ĖÄ    ‚ĖĎ‚ĖĎ ‚Ėą ‚ĖĄ‚Ėą‚Ėď   ‚Ėą‚Ėą‚Ėď  ‚Ėą‚Ėą‚Ėď  ‚Ėą‚Ėą‚Ėď  ‚Ėą‚Ėą‚Ėď‚ĖÄ ‚Ėą‚Ėą‚Ėď ‚ĖÄ‚Ėą‚Ėą‚Ėą‚ĖÄ‚ĖÄ‚ĖÄ‚ĖÄ ‚ĖÄ  ‚ĖĄ  ‚Ėą‚Ėą‚Ėď‚ĖÄ ‚Ėą‚Ėą‚ĖĄ ‚Ėą ‚ĖĎ‚ĖĎ    ‚ĖÄ
      ‚ĖÄ‚ĖĄ    ‚Ėą‚ĖÄ‚Ėą‚Ėą‚Ėď   ‚Ėą‚Ėď‚ĖÄ  ‚Ėą‚Ėą‚ĖÄ  ‚ĖÄ‚Ėą‚Ėď ‚ĖĄ‚Ėď‚ĖÄ   ‚Ėą‚Ėą‚ĖÄ  ‚ĖÄ‚Ėą‚Ėď ‚ĖĄ‚Ėą‚Ėą‚ĖÄ ‚ĖĄ‚Ėą‚Ėď ‚ĖĄ‚Ėď‚ĖÄ   ‚Ėą‚Ėą‚Ėď‚ĖÄ‚Ėą    ‚ĖĄ‚ĖÄ
       ‚Ėą‚Ėą‚ĖĄ  ‚ĖĄ ‚Ėą‚Ėą‚Ėď  ‚ĖĄ‚ĖÄ   ‚ĖĄ‚ĖÄ      ‚ĖÄ‚Ėą‚ĖÄ    ‚ĖĄ‚ĖÄ      ‚ĖÄ‚Ėą‚ĖÄ‚Ėą‚Ėď ‚ĖÄ  ‚ĖÄ‚Ėą‚ĖÄ     ‚Ėą‚Ėą‚Ėď ‚ĖĄ  ‚ĖĄ‚Ėą‚Ėď
       ‚Ėą‚Ėą‚Ėď‚Ėą‚ĖĄ  ‚Ėą‚Ėą‚Ėď                                 ‚ĖĎ‚Ėí            ‚Ėą‚Ėą‚Ėď  ‚ĖĄ‚Ėą‚Ėą‚Ėď‚Ėď
       ‚Ėą‚ĖÄ‚Ėď‚Ėď ‚ĖÄ‚ĖĄ‚Ėą‚Ėą‚Ėď                                 ‚ĖĄ‚ĖĄ            ‚Ėą‚Ėą‚Ėď‚ĖĄ‚ĖÄ ‚Ėą‚Ėą‚Ėď‚Ėď
       ‚ĖĄ ‚ĖĄ‚Ėď   ‚ĖÄ‚Ėą‚Ėď                                               ‚Ėą‚Ėą‚ĖÄ   ‚Ėą‚Ėą‚Ėď‚Ėď
       ‚Ėą‚ĖÄ‚Ėď‚Ėď ‚ĖĎ   ‚ĖÄ‚ĖĄ                                             ‚ĖĄ‚ĖÄ   ‚ĖĎ ‚Ėą‚Ėą‚Ėď‚Ėď
       ‚Ėą‚Ėą‚Ėď‚Ėď ‚Ėí      ‚ĖĄ                                         ‚ĖĄ      ‚Ėí ‚Ėą‚Ėą‚Ėď‚Ėď
       ‚Ėą‚Ėą‚Ėď‚Ėď ‚Ėď                                                       ‚Ėď ‚Ėą‚Ėą‚Ėď‚Ėď
       ‚Ėą‚Ėą‚Ėď‚Ėď ‚Ėą                                                       ‚Ėą ‚Ėą‚Ėą‚Ėď‚Ėď
       ‚Ėą‚Ėą‚Ėď‚Ėď ‚Ėą                                                       ‚Ėą ‚Ėą‚Ėą‚Ėď‚Ėď
       ‚Ėą‚Ėą‚Ėď‚Ėď ‚Ėą      Here's S11E01 from a proper 25 fps european      ‚Ėą ‚Ėą‚Ėą‚Ėď‚Ėď
       ‚Ėą‚Ėą‚Ėď‚Ėď ‚Ėą      source.                                          ‚Ėą ‚Ėą‚Ėą‚Ėď‚Ėď
       ‚Ėą‚Ėą‚Ėď‚Ėď ‚Ėą                                                       ‚Ėą ‚Ėą‚Ėą‚Ėď‚Ėď
       ‚Ėą‚Ėą‚Ėď‚Ėď ‚Ėą      This release also have better video quality.     ‚Ėą ‚Ėą‚Ėą‚Ėď‚Ėď
       ‚Ėą‚Ėą‚Ėď‚Ėď ‚Ėą      You can compare yourself from the samples        ‚Ėą ‚Ėą‚Ėą‚Ėď‚Ėď
       ‚Ėą‚Ėą‚Ėď‚Ėď ‚Ėą      in /Sample dir. You can really see the           ‚Ėą ‚Ėą‚Ėą‚Ėď‚Ėď
       ‚Ėą‚Ėą‚Ėď‚Ėď ‚Ėą      difference.                                      ‚Ėą ‚Ėą‚Ėą‚Ėď‚Ėď
       ‚Ėą‚Ėą‚Ėď‚Ėď ‚Ėą                                                       ‚Ėą ‚Ėą‚Ėą‚Ėď‚Ėď
       ‚Ėą‚Ėą‚Ėď‚Ėď ‚Ėą                                                       ‚Ėą ‚Ėą‚Ėą‚Ėď‚Ėď                                               
       ‚Ėą‚Ėą‚Ėď‚Ėď ‚Ėą                         Enjoy!                        ‚Ėą ‚Ėą‚Ėą‚Ėď‚Ėď
       ‚Ėą‚Ėą‚Ėď‚Ėď ‚Ėą                                                       ‚Ėą ‚Ėą‚Ėą‚Ėď‚Ėď
       ‚Ėą‚Ėą‚Ėď‚Ėď ‚Ėą                                                       ‚Ėą ‚Ėą‚Ėą‚Ėď‚Ėď
       ‚Ėą‚Ėą‚Ėď‚Ėď ‚Ėą                                                       ‚Ėą ‚Ėą‚Ėą‚Ėď‚Ėď
       ‚Ėą‚Ėą‚Ėď‚Ėď ‚Ėą                                                       ‚Ėą ‚Ėą‚Ėą‚Ėď‚Ėď
       ‚Ėą‚Ėą‚Ėď‚Ėď ‚Ėą                                                       ‚Ėą ‚Ėą‚Ėą‚Ėď‚Ėď
       ‚Ėą‚Ėą‚Ėď‚Ėď ‚Ėą                                                       ‚Ėą ‚Ėą‚Ėą‚Ėď‚Ėď
       ‚Ėą‚Ėą‚Ėď‚Ėď ‚Ėą              We're currently looking for:             ‚Ėą ‚Ėą‚Ėą‚Ėď‚Ėď
       ‚Ėą‚Ėą‚Ėď‚Ėď ‚Ėą                                                       ‚Ėą ‚Ėą‚Ėą‚Ėď‚Ėď
       ‚Ėą‚Ėą‚Ėď‚Ėď ‚Ėą                  100 mbit+ .eu sites                  ‚Ėą ‚Ėą‚Ėą‚Ėď‚Ėď
       ‚Ėą‚Ėą‚Ėď‚Ėď ‚Ėą                                                       ‚Ėą ‚Ėą‚Ėą‚Ėď‚Ėď
       ‚Ėą‚Ėą‚Ėď‚Ėď ‚Ėą                                                       ‚Ėą ‚Ėą‚Ėą‚Ėď‚Ėď
       ‚Ėą‚Ėą‚Ėď‚Ėď ‚Ėą                                                       ‚Ėą ‚Ėą‚Ėą‚Ėď‚Ėď
       ‚Ėą‚Ėą‚Ėď‚Ėď ‚Ėą                                                       ‚Ėą ‚Ėą‚Ėą‚Ėď‚Ėď
       ‚Ėą‚Ėą‚Ėď‚Ėď ‚Ėą                                                       ‚Ėą ‚Ėą‚Ėą‚Ėď‚Ėď
       ‚Ėą‚Ėą‚Ėď‚Ėď ‚Ėą                           ‚ĖĄ                           ‚Ėą ‚ĖÄ‚Ėą‚Ėď‚Ėď
       ‚Ėą‚Ėą‚Ėď‚Ėď ‚Ėą                     ‚ĖĄ    ‚ĖÄ‚Ėď‚ĖÄ    ‚ĖĄ                     ‚Ėą ‚Ėą‚ĖÄ ‚ĖÄ
       ‚Ėď‚Ėď‚Ėď‚Ėď ‚Ėą                   ‚ĖĄ               ‚ĖĄ                   ‚Ėą ‚Ėď‚Ėď‚ĖĄ‚Ėď
       ‚Ėí‚Ėí‚Ėď‚Ėď ‚Ėą ‚Ėą‚ĖĄ              ‚ĖĄ‚Ėą     2 0 1 2     ‚Ėą‚ĖĄ              ‚ĖĄ‚Ėď ‚Ėą ‚Ėď‚Ėď‚Ėí‚Ėí
    ‚ĖĄ  ‚ĖĎ‚ĖĎ‚Ėí‚Ėí ‚Ėą ‚Ėą‚Ėą‚Ėď‚ĖĄ          ‚ĖĄ‚Ėą‚Ėď‚Ėď        ‚Ė†        ‚Ėą‚Ėą‚Ėď‚ĖĄ          ‚ĖĄ‚Ėą‚Ėď‚Ėď ‚Ėą ‚Ėí‚Ėí‚ĖĎ‚ĖĎ  ‚ĖĄ
      ‚ĖĄ  ‚ĖĎ‚ĖĎ ‚Ėą ‚Ėą‚Ėą‚Ėď‚Ėď‚ĖÄ‚ĖĄ       ‚ĖÄ‚Ėą‚Ėą‚Ėď‚Ėď   -< aSKii >-   ‚Ėą‚Ėą‚Ėď‚Ėď‚ĖÄ       ‚ĖĄ‚ĖÄ‚Ėą‚Ėą‚Ėď‚Ėď ‚Ėą ‚ĖĎ‚ĖĎ  ‚ĖĄ
       ‚ĖÄ‚ĖĄ   ‚Ėą ‚Ėą‚ĖÄ‚Ėď‚Ėď  ‚ĖÄ‚ĖĄ   ‚ĖÄ  ‚Ėą‚Ėą‚Ėď‚Ėď   pHUMkADELiC   ‚Ėą‚Ėą‚Ėď‚Ėď  ‚ĖÄ   ‚ĖĄ‚ĖÄ  ‚Ėą‚Ėą‚Ėď‚Ėď ‚Ėą   ‚ĖĄ‚ĖÄ
         ‚ĖÄ‚ĖĄ ‚Ėą ‚ĖĄ ‚ĖĄ‚Ėď   ‚Ėą‚Ėą‚ĖĄ    ‚Ėą‚Ėą‚Ėď‚Ėď   --< cRO >--   ‚Ėą‚Ėą‚Ėď‚Ėď    ‚ĖĄ‚Ėą‚Ėď   ‚Ėą‚Ėą‚Ėď‚Ėď ‚Ėą ‚ĖĄ‚ĖÄ
           ‚ĖÄ‚Ėą ‚Ėą‚Ėą‚ĖÄ‚Ėď   ‚Ėą‚Ėą‚Ėď‚Ėď‚ĖĄ  ‚Ėą‚Ėą‚Ėď‚Ėď                 ‚Ėą‚Ėą‚Ėď‚Ėď  ‚ĖĄ‚Ėą‚Ėą‚Ėď‚Ėď   ‚Ėą‚Ėą‚Ėď‚Ėď ‚Ėą‚ĖÄ
             ‚ĖÄ‚Ėą‚Ėą‚Ėď‚Ėď   ‚Ėą‚Ėą‚Ėď‚Ėď   ‚Ėą‚Ėą‚Ėď‚Ėď        !        ‚Ėą‚Ėą‚Ėď‚Ėď   ‚Ėą‚Ėą‚Ėď‚Ėď   ‚Ėą‚Ėą‚Ėď‚Ėą‚ĖÄ
               ‚ĖÄ‚Ėą‚Ėď   ‚Ėą‚Ėą‚Ėď‚Ėď   ‚Ėą‚Ėą‚Ėď‚Ėď      ‚ĖĎ : ‚ĖĎ      ‚Ėą‚Ėą‚Ėď‚Ėď   ‚Ėą‚Ėą‚Ėď‚Ėď   ‚Ėą‚Ėą‚ĖÄ
                 ‚ĖÄ‚ĖĄ  ‚Ėą‚Ėą‚Ėď‚Ėď   ‚Ėą‚Ėą‚Ėď‚Ėď     ‚ĖĄ‚Ėď . ‚Ėď‚ĖĄ     ‚Ėą‚Ėą‚Ėď‚Ėď   ‚Ėą‚Ėą‚Ėď‚Ėď  ‚ĖĄ‚ĖÄ
                     ‚Ėą‚Ėą‚Ėď‚Ėď   ‚Ėą‚Ėą‚Ėď‚Ėď   ‚ĖĄ‚Ėą‚Ėď‚Ėď   ‚Ėą‚Ėą‚Ėď‚ĖĄ   ‚Ėą‚Ėą‚Ėď‚Ėď   ‚Ėą‚Ėą‚Ėď‚Ėď
                     ‚Ėą‚Ėą‚Ėď‚Ėď   ‚Ėą‚Ėą‚Ėď‚Ėď ‚ĖĄ‚ĖÄ‚Ėą‚Ėą‚Ėď‚Ėď . ‚Ėą‚Ėą‚Ėď‚Ėď‚ĖÄ‚ĖĄ ‚Ėą‚Ėą‚Ėď‚Ėď   ‚Ėą‚Ėą‚Ėď‚Ėď
                     ‚Ėą‚Ėą‚Ėď‚Ėď   ‚Ėą‚Ėą‚Ėď‚Ėď‚ĖÄ  ‚Ėą‚Ėą‚Ėď‚Ėď   ‚Ėą‚Ėą‚Ėď‚Ėď  ‚ĖÄ‚Ėą‚Ėą‚Ėď‚Ėď   ‚Ėą‚Ėą‚Ėď‚Ėď
                     ‚Ėą‚Ėą‚Ėď‚Ėď   ‚Ėą‚Ėą‚ĖÄ  ‚ĖÄ ‚Ėą‚Ėą‚Ėď‚Ėď . ‚Ėą‚Ėą‚Ėď‚Ėď ‚ĖÄ  ‚ĖÄ‚Ėą‚Ėą   ‚Ėą‚Ėą‚Ėď‚Ėď
                     ‚Ėą‚Ėą‚Ėď‚Ėď  ‚ĖĄ‚ĖÄ ‚ĖĄ‚ĖÄ   ‚Ėą‚Ėą‚Ėď‚Ėď   ‚Ėą‚Ėą‚Ėď‚Ėď   ‚ĖÄ‚ĖĄ ‚ĖÄ‚ĖĄ  ‚Ėą‚Ėą‚Ėď‚Ėď
                     ‚Ėą‚Ėą‚Ėď‚Ėď   ‚ĖĄ‚ĖÄ     ‚Ėą‚Ėą‚Ėď‚Ėď   ‚Ėą‚Ėą‚Ėď‚Ėď     ‚ĖÄ‚ĖĄ   ‚Ėą‚Ėą‚Ėď‚Ėď
                     ‚Ėą‚Ėą‚Ėď‚Ėď ‚ĖĄ‚ĖÄ       ‚Ėą‚Ėą‚Ėď‚Ėď . ‚Ėą‚Ėą‚Ėď‚Ėď       ‚ĖÄ‚ĖĄ ‚Ėą‚Ėą‚Ėď‚Ėď
                     ‚Ėą‚Ėą‚Ėď‚Ėď‚ĖÄ         ‚Ėą‚Ėą‚Ėď‚Ėď   ‚Ėą‚ĖÄ ‚ĖÄ         ‚ĖÄ‚Ėą‚Ėą‚Ėď‚Ėď
                     ‚Ėą‚Ėą‚ĖÄ           ‚Ėą‚Ėą‚Ėď‚Ėď   ‚Ėą‚Ėą‚ĖĄ‚Ėď           ‚ĖÄ‚Ėą‚Ėą
                    ‚ĖĄ‚ĖÄ        ‚ĖÄ    ‚Ėą‚Ėą‚Ėď‚Ėď   ‚Ėą‚Ėą‚ĖĄ‚Ėď    ‚ĖÄ        ‚ĖÄ‚ĖĄ
                  ‚ĖĄ             ‚ĖÄ‚ĖĄ ‚Ėą‚Ėą‚Ėď‚Ėď   ‚Ėą‚Ėą‚Ėď‚Ėď ‚ĖĄ‚ĖÄ             ‚ĖĄ
                                  ‚ĖÄ‚Ėą‚Ėą‚Ėď‚Ėď   ‚Ėą‚Ėą‚Ėď‚Ėď‚ĖÄ
                                    ‚ĖÄ‚Ėą‚Ėą   ‚Ėą‚Ėą‚ĖÄ
                                      ‚ĖÄ‚ĖĄ ‚ĖĄ‚ĖÄ
                                        ‚Ėď
                                        ‚Ėí
                                        ‚ĖĎ

                                        ‚ĖĎ
