ÔĽŅ                                               ‚Ėą‚ĖĄ                                      
                                               ‚Ėą‚Ėą‚ĖĄ                                    
                                          ‚Ėą‚ĖĄ   ‚ĖÄ‚Ėą‚Ėą‚ĖĄ‚ĖĄ                                  
                                           ‚Ėą‚ĖĄ     ‚Ėą‚Ėą‚ĖĄ                                 
                                            ‚ĖÄ‚Ėą‚ĖĄ‚ĖĄ   ‚ĖÄ‚Ėą‚Ėą                                
                                              ‚ĖÄ‚Ėą‚ĖÄ‚Ėą‚ĖĄ  ‚Ėą‚ĖĄ                               
                                                ‚ĖĄ‚Ėď‚Ėą‚Ėą‚ĖĄ‚Ėą‚Ėą                               
                                                ‚Ėą‚Ėď‚Ėí‚ĖÄ‚Ėą‚Ėą‚Ėą       ‚ĖĄ                       
                                                ‚Ėą‚ĖĄ‚Ėď ‚Ėď‚Ėą‚Ėą       ‚Ėą                       
                                                ‚Ėą‚Ėą‚Ėď‚Ėí‚Ėí‚Ėą‚Ėą       ‚Ėą                       
                                                ‚Ėą‚Ėď‚Ėď ‚Ėí‚Ėď‚Ėą       ‚Ėą‚ĖĄ                      
                                                ‚Ėą‚Ėď‚Ėí ‚Ėí‚Ėď‚Ėą        ‚Ėą‚ĖĄ                     
                                                ‚Ėą‚Ėď‚Ėď‚Ėí ‚Ėď‚Ėą         ‚Ėą                    
                                           ‚Ėą   ‚Ėą‚Ėą‚Ėď‚Ėí ‚Ėí‚Ėď‚Ėą          ‚Ėą‚ĖĄ  
                                          ‚Ėą‚Ėą  ‚Ėą‚ĖÄ‚Ėď‚Ėí ‚Ėí‚Ėď‚Ėą           ‚Ėą‚ĖĎ‚Ėą                  
                                         ‚ĖĄ‚Ėą  ‚Ėą‚Ėą‚Ėď‚Ėí ‚Ėí‚Ėď‚Ėą            ‚Ėą‚Ėí‚Ėą                  
                                       ‚ĖĄ‚ĖÄ‚Ėď‚Ėą  ‚Ėą‚Ėą‚Ėď  ‚Ėí‚Ėď‚Ėą            ‚Ėą‚Ėí‚Ėą                  
                     ‚Ėą               ‚Ėą‚ĖÄ‚Ėď‚Ėí‚Ėď‚Ėą  ‚Ėą‚Ėą‚Ėď ‚Ėí‚Ėď‚Ėą‚Ėą           ‚ĖĄ‚Ėą‚Ėď‚Ėí‚Ėą                  
                     ‚Ėą‚Ėą             ‚Ėď‚Ėď‚Ėí ‚Ėí‚Ėď‚Ėą  ‚Ėą‚Ėą‚Ėď ‚Ėí‚Ėď‚Ėą‚ĖĆ           ‚Ėą‚Ėí‚Ėď‚Ėą                  
                      ‚Ėą‚ĖĄ            ‚Ėą‚Ėď‚Ėí ‚Ėď‚ĖĄ‚ĖÄ   ‚Ėą‚Ėď ‚Ėí‚Ėď‚Ėą‚ĖĆ          ‚Ėą‚ĖÄ‚Ėí‚Ėď‚Ėą                  
                      ‚Ėą‚Ėą             ‚Ėą‚Ėď‚Ėí‚Ėą‚Ėą    ‚Ėą‚Ėď‚Ėí ‚Ėí‚Ėď‚Ėą         ‚ĖĄ‚Ėą‚Ėď‚Ėí‚Ėď‚Ėą                  
                       ‚Ėą             ‚Ėą‚Ėď‚Ėí‚Ėď‚Ėą    ‚Ėą‚Ėď‚Ėí ‚Ėí‚Ėď‚ĖÄ‚Ėą        ‚Ėą‚Ėď‚Ėí ‚Ėď‚Ėą                  
                       ‚Ėą              ‚Ėą‚Ėí‚Ėď‚Ėą‚ĖĄ   ‚Ėą‚Ėď‚Ėí‚Ėí ‚Ėí‚Ėď‚ĖÄ‚Ėą       ‚Ėą‚Ėď‚Ėí‚Ėí‚Ėí‚Ėď‚Ėą                 
                       ‚Ėą‚Ėą             ‚Ėą‚Ėí‚Ėď‚ĖÄ‚Ėą‚ĖĄ‚ĖĄ‚ĖĄ‚Ėą‚Ėď‚Ėí ‚Ėí  ‚Ėí‚Ėď‚Ėą      ‚Ėą‚Ėď‚Ėí‚Ėí ‚Ėí‚Ėď‚Ėą                
                       ‚Ėą‚Ėą             ‚Ėą‚Ėď‚Ėí ‚Ėí‚Ėď‚Ėď‚Ėď‚Ėí ‚Ėí‚Ėí ‚Ėí‚Ėí ‚Ėí‚Ėď‚ĖÄ‚ĖĄ     ‚Ėą‚ĖĄ‚Ėí ‚Ėí‚Ėí‚Ėą               
                       ‚Ėą‚Ėď‚Ėą            ‚Ėą‚Ėď‚Ėí  ‚Ėí ‚Ėí‚Ėí ‚Ėí ‚Ėí‚Ėí‚Ėí‚Ėí ‚Ėí‚Ėď‚Ėą‚ĖĄ     ‚Ėą‚Ėď‚Ėď‚Ėď‚Ėď‚Ėą               
                       ‚Ėą‚Ėí‚Ėą‚Ėą           ‚Ėą‚Ėď‚Ėď‚Ėď‚ĖĄ‚ĖĄ‚Ėď‚Ėď‚Ėď‚Ėď‚Ėí‚Ėí‚Ėí ‚Ėí‚Ėí  ‚Ėí‚Ėď‚Ėą     ‚ĖÄ‚Ėą‚ĖĄ‚Ėď‚ĖĄ‚Ėą               
                      ‚ĖĄ‚Ėą‚Ėí‚Ėď‚Ėą     ‚Ėą     ‚Ėą‚ĖĄ‚ĖĄ‚Ėą  ‚Ėą‚ĖĄ‚ĖĄ‚ĖĄ‚Ėď‚Ėď‚Ėí ‚Ėí ‚Ėí ‚Ėí‚Ėď‚Ėą  ‚Ėą   ‚ĖÄ‚ĖÄ‚Ėą‚Ėą                
                   ‚ĖĄ‚Ė†‚ĖÄ‚Ėď‚Ėí‚Ėí‚Ėď‚Ėą     ‚Ėą   ‚ĖĄ‚Ėą‚ĖÄ        ‚ĖÄ‚Ėą‚ĖĄ‚Ėď‚Ėď‚Ėí ‚Ėí ‚Ėí‚Ėď‚Ėą  ‚Ėą                        
                  ‚Ėą‚Ėď‚Ėí‚Ėí‚Ėď‚ĖĄ‚Ėą‚Ėą      ‚Ėą   ‚Ėą             ‚Ėą‚ĖĄ‚Ėď‚Ėí ‚Ėí‚Ėí‚Ėď‚Ėą  ‚Ėą                        
                 ‚Ėą‚Ėď ‚Ėí‚Ėď‚Ėą‚ĖÄ     ‚ĖĄ‚Ėą‚Ėą‚Ėą  ‚Ėą    ‚ĖĄ‚ĖĄ    ‚ĖĄ‚ĖĄ‚ĖĄ   ‚Ėą‚Ėď‚Ėí‚Ėí ‚Ėď‚Ėą  ‚Ėą‚ĖĄ                       
                 ‚Ėą‚ĖĄ‚Ėí‚Ėď‚Ėą      ‚Ėą‚Ėą‚ĖĄ‚ĖÄ   ‚Ėą   ‚Ėą‚ĖĎ‚ĖĎ‚ĖĎ ‚ĖĎ ‚ĖĎ‚ĖĎ‚Ėď‚Ėą  ‚Ėą‚Ėď‚Ėď‚Ėí ‚Ėď‚Ėą   ‚Ėą‚Ėď                     
                  ‚ĖÄ‚ĖĄ‚Ėď‚Ėą     ‚Ėą‚Ėí‚Ėą    ‚Ėą   ‚Ėą‚Ėď‚ĖĎ‚ĖĎ    ‚ĖĎ‚Ėď‚Ėď‚Ėą   ‚Ėą‚Ėď‚Ėď‚Ėí‚Ėď‚Ėą ‚Ėą  ‚Ėą                     
                    ‚Ėą‚Ėą     ‚Ėą‚Ėí‚Ėą    ‚Ėą   ‚Ėą‚Ėď‚ĖĎ   ‚ĖĎ‚Ėď‚Ėď‚Ėď‚Ėď‚Ėą   ‚Ėą‚Ėď ‚Ėí‚Ėď‚Ėą ‚Ėą‚Ėą‚ĖĄ‚Ėą‚Ėą                     
                          ‚Ėą‚Ėí‚Ėí‚Ėą     ‚Ėą   ‚ĖÄ‚ĖĄ‚ĖĄ‚ĖĎ‚Ėď‚Ėď‚Ėď‚Ėď‚Ėą‚Ėą   ‚Ėą‚Ėď ‚Ėí‚ĖĄ‚Ėą‚Ėą ‚Ėą‚Ėď‚Ėą‚Ėą‚ĖĄ                    
                          ‚Ėą‚Ėí‚Ėą‚Ėą     ‚Ėą‚ĖĄ     ‚ĖÄ‚Ėą‚Ėą‚Ėą‚Ėą‚ĖÄ    ‚Ėą‚Ėď‚Ėí ‚Ėď‚Ėą‚Ėą  ‚Ėą‚Ėď ‚Ėą‚Ėą                    
                          ‚Ėą‚Ėí‚Ėí‚Ėą      ‚Ėą‚ĖÄ‚Ėą‚ĖĄ          ‚ĖĄ‚ĖĄ‚ĖÄ‚Ėď‚Ėí ‚Ėď‚Ėą‚Ėą  ‚Ėą‚Ėą‚Ėď‚Ėď‚Ėą                    
                           ‚Ėą‚Ėí‚Ėą‚Ėą‚ĖĄ‚ĖĄ‚ĖĄ‚ĖĄ‚ĖÄ‚Ėą   ‚ĖÄ‚Ėą‚ĖĄ‚ĖĄ‚ĖĄ‚Ėą‚Ėą‚Ėą‚Ėą‚ĖÄ‚ĖÄ‚Ėą‚Ėď ‚Ėí ‚Ėí‚Ėą‚Ėą‚Ėą ‚Ėą‚Ėą‚ĖĄ‚Ėď‚Ėą                   
          ‚Ėą                ‚Ėą‚ĖĄ‚Ėí‚ĖÄ‚Ėą‚Ėą‚Ėą‚ĖÄ‚Ėď‚Ėď‚Ėą            ‚Ėą‚ĖĎ‚Ėí‚Ėí  ‚Ėí‚Ėď‚Ėą‚Ėą‚Ėą‚Ėą‚Ėą‚Ėď‚Ėď‚Ėą                    
           ‚Ėą               ‚Ėą‚Ėą‚Ėď‚Ėí‚Ėď‚Ėí‚Ėď‚Ėí‚Ėí ‚Ėď‚Ėą‚ĖĄ        ‚Ėą‚Ėą‚Ėď‚ĖĎ‚Ėí  ‚Ėí‚Ėí‚Ėď‚Ėą‚Ėą‚Ėą‚Ėą‚Ėą ‚Ėď‚Ėą                    
          ‚ĖĄ‚Ėą               ‚Ėą‚Ėą‚Ėď‚Ėí ‚Ėí  ‚Ėí‚Ėď‚ĖĄ‚Ėď‚ĖÄ‚Ėą     ‚ĖĄ‚Ėą ‚Ėą‚Ėď‚ĖĎ‚Ėí‚Ėí ‚Ėí ‚ĖĎ ‚Ėď‚Ėď‚Ėď‚ĖĎ‚Ėď‚Ėą                    
          ‚Ėą‚Ėą                ‚Ėą‚Ėą‚Ėď‚Ėí ‚Ėí‚Ėí ‚Ėď‚Ėą‚Ėď‚Ėď‚Ėą‚ĖĄ  ‚ĖĄ‚Ėą‚Ėď‚ĖĎ ‚ĖĎ‚Ėą‚Ėď‚ĖĎ  ‚ĖĎ‚ĖĎ ‚ĖĎ ‚ĖĎ ‚ĖĎ‚Ėď‚Ėą                    
          ‚Ėą‚Ėą‚ĖĄ            ‚ĖĄ   ‚Ėą‚Ėď‚Ėí ‚Ėí‚Ėí ‚Ėą‚Ėď‚ĖĎ ‚ĖĎ‚Ėą‚Ėą‚Ėą‚Ėą‚ĖÄ‚ĖĎ‚ĖĎ‚ĖĎ‚ĖĎ‚Ėą‚Ėď‚ĖĎ ‚ĖĎ‚ĖĎ ‚Ėí ‚ĖĎ ‚ĖĎ‚ĖĄ‚Ėď                     
           ‚Ėą‚Ėą‚Ėą‚ĖĄ        ‚ĖĄ‚Ėą‚Ėą   ‚Ėą‚ĖĄ‚Ėí  ‚Ėí‚Ėď‚Ėą‚Ėď‚ĖĎ  ‚ĖĎ‚Ėą‚Ėą‚Ėą‚ĖĎ‚ĖĎ   ‚ĖĎ‚Ėą‚Ėď‚ĖĎ ‚ĖĎ‚ĖĎ‚ĖĎ  ‚ĖĎ‚Ėď‚ĖĄ‚Ėą      ‚Ėą                
            ‚Ėą‚Ėí‚Ėą       ‚Ėą‚ĖÄ‚Ėą     ‚Ėą‚Ėď‚Ėí ‚Ėď‚Ėą‚Ėď     ‚Ėď‚Ėą‚Ėď    ‚ĖĎ‚Ėď‚Ėą‚Ėď‚ĖĎ ‚ĖĎ‚ĖĎ ‚ĖĎ‚Ėď‚Ėą‚ĖÄ     ‚ĖĄ‚Ėą‚Ėď‚ĖÄ                
            ‚ĖÄ‚ĖĄ‚Ėď‚Ėą     ‚ĖĄ‚Ėą‚Ėď‚Ėą     ‚Ėą‚Ėď‚Ėí ‚Ėď‚Ėą‚Ėď ‚ĖĎ   ‚ĖĎ‚Ėą‚ĖĎ    ‚ĖĎ‚Ėď‚Ėą‚Ėď‚ĖĎ ‚ĖĎ ‚ĖĎ‚Ėď‚Ėą‚Ėą     ‚Ėą‚Ėď‚Ėď‚ĖÄ                
             ‚Ėą‚Ėí‚Ėą‚ĖĄ    ‚Ėą‚ĖĎ‚Ėą      ‚Ėą‚Ėą‚Ėď‚Ėí‚Ėď‚Ėą‚Ėď  ‚ĖĎ‚ĖĎ  ‚ĖÄ  ‚ĖĎ  ‚ĖĎ‚Ėď‚Ėą‚Ėď‚ĖĎ ‚ĖĎ‚ĖĎ‚Ėď‚Ėą‚ĖÄ      ‚Ėą‚Ėď‚ĖÄ‚ĖĄ                
             ‚Ėą‚Ėí‚Ėď‚Ėą    ‚Ėą‚ĖĎ‚Ėą      ‚Ėą‚Ėď‚Ėď‚Ėí‚Ėą‚Ėď       ‚ĖĎ  ‚ĖĎ  ‚ĖĎ‚Ėď‚Ėą‚Ėď‚ĖĎ  ‚ĖĄ‚Ėą       ‚Ėą‚Ėď‚Ėď‚ĖÄ‚Ėą‚ĖĄ              
             ‚Ėą‚Ėí‚Ėď‚Ėą    ‚Ėą‚ĖĎ‚Ėą      ‚Ėą‚Ėď‚Ėí ‚Ėą ‚ĖĎ ‚ĖĎ‚ĖĎ     ‚ĖĎ‚ĖĎ  ‚Ėď‚Ėą‚Ėď‚Ėď‚ĖĎ ‚ĖĎ‚Ėď‚Ėą         ‚Ėą‚Ėď ‚Ėď‚ĖÄ‚ĖĄ             
            ‚ĖĄ‚Ėą‚Ėď‚Ėą‚ĖÄ    ‚Ėą‚Ėď‚ĖÄ‚Ėą‚ĖĄ    ‚Ėą‚Ėď‚Ėí‚Ėą‚Ėď‚ĖĎ      ‚ĖĎ     ‚ĖĎ‚Ėď‚Ėą‚Ėď‚ĖĎ ‚ĖĎ‚Ėď‚Ėą         ‚Ėą ‚ĖĎ ‚ĖĎ‚Ėď‚Ėą            
           ‚ĖĄ‚Ėą‚ĖĎ‚ĖĄ‚Ėą     ‚Ėą‚Ėď‚Ėď‚Ėď‚Ėď‚ĖÄ‚Ėą‚Ėą‚Ėą‚Ėą ‚Ėí‚Ėą‚Ėď‚ĖĎ‚ĖĎ           ‚ĖĎ‚Ėď‚Ėą‚Ėď‚ĖĎ‚ĖĎ‚Ėď‚Ėą‚Ėą         ‚Ėą ‚ĖĎ ‚ĖĎ‚ĖĎ‚Ėď‚Ėą           
         ‚ĖĄ‚Ėą‚ĖÄ‚Ėí‚ĖĄ‚ĖÄ      ‚Ėą‚Ėď‚ĖĎ‚ĖĎ ‚ĖĎ‚ĖĎ‚Ėď‚Ėď ‚Ėí‚Ėď‚Ėą‚Ėď‚ĖĎ‚ĖĎ‚ĖĎ  ‚ĖĎ   ‚ĖĎ   ‚ĖĎ‚Ėď‚Ėą‚Ėď‚Ėď‚Ėď‚Ėď‚Ėą‚Ėą         ‚Ėą‚Ėď  ‚ĖĎ‚ĖĎ‚Ėď‚Ėą           
        ‚Ėą‚Ėď‚Ėí‚Ėí‚Ėď‚Ėą       ‚Ėą‚ĖĄ‚ĖĎ  ‚ĖĎ ‚ĖĎ‚ĖĎ‚Ėí‚Ėď‚Ėď‚Ėą‚Ėď ‚ĖĎ          ‚ĖĎ‚ĖĎ‚Ėď‚Ėą‚Ėď‚ĖĎ ‚ĖĎ‚Ėď‚Ėą         ‚Ėą‚Ėą‚Ėď‚ĖĎ‚ĖĎ‚Ėď‚Ėď‚Ėą           
        ‚Ėą‚Ėď‚Ėď‚ĖĎ‚Ėď‚Ėą  ‚Ėą‚Ėą    ‚Ėą‚Ėď‚ĖĎ ‚ĖĎ  ‚ĖĎ‚Ėí‚Ėď‚Ėď‚Ėą‚Ėď‚ĖĎ‚ĖĎ     ‚Ėą     ‚Ėď‚Ėą‚Ėď‚Ėď‚ĖĎ ‚ĖĎ‚Ėď‚Ėą         ‚Ėą‚Ėď‚ĖĎ ‚ĖĎ‚Ėď‚Ėď‚Ėą           
        ‚Ėą‚Ėą‚Ėď‚Ėí‚ĖĎ‚Ėą   ‚Ėą     ‚Ėą‚Ėď‚ĖĎ ‚ĖĎ  ‚ĖĎ‚Ėí‚Ėď‚Ėą‚Ėď‚ĖĎ     ‚Ėą‚Ėą‚Ėą   ‚ĖĎ‚Ėď‚Ėą‚Ėď‚Ėď‚ĖĎ‚ĖĎ ‚ĖĎ‚Ėď‚Ėą        ‚Ėą‚Ėď‚ĖĎ  ‚ĖĎ‚Ėď‚Ėą           
        ‚Ėą‚Ėą‚Ėď‚ĖĎ‚Ėí‚Ėď‚Ėą  ‚Ėą      ‚Ėą‚Ėď‚ĖĎ ‚ĖĎ  ‚Ėí‚Ėď‚Ėą‚Ėď‚ĖĎ‚ĖĎ   ‚Ėą‚ĖÄ‚Ėď‚ĖÄ‚Ėą ‚ĖĎ‚ĖĎ‚Ėď‚Ėą‚Ėď‚Ėď‚Ėď‚ĖĎ‚ĖĎ ‚ĖĎ‚Ėď‚Ėą‚Ėą     ‚Ėą‚Ėą‚Ėď‚ĖĎ‚ĖĎ‚ĖĎ ‚ĖĎ‚Ėď‚Ėą           
         ‚Ėą‚Ėď‚Ėí‚Ėí‚Ėď‚Ėą ‚ĖĄ‚Ėą       ‚Ėą‚ĖĄ‚Ėď‚ĖĎ‚ĖĎ  ‚Ėí‚Ėď‚Ėď‚ĖĎ  ‚ĖĎ‚Ėď‚Ėą‚Ėď‚ĖĎ‚Ėď‚Ėą‚Ėď ‚ĖĎ‚Ėď‚Ėą‚Ėď‚Ėď‚Ėď‚ĖĎ‚ĖĎ‚ĖĎ  ‚Ėď‚ĖÄ‚Ėą‚Ėą‚Ėą‚Ėą‚Ėą‚Ėą‚Ėď‚ĖĎ   ‚ĖĎ‚ĖĎ‚Ėď‚Ėą           
         ‚Ėą‚ĖĄ‚ĖĄ‚ĖĄ‚Ėą  ‚Ėą‚Ėą        ‚Ėą‚Ėď‚Ėí  ‚Ėí‚Ėí‚Ėď‚Ėą‚ĖĄ‚ĖĎ ‚Ėď‚Ėď‚Ėą‚Ėď‚ĖĎ‚Ėď‚Ėą‚Ėď‚Ėď ‚Ėą ‚Ėď‚Ėď‚Ėď‚ĖĎ‚ĖĎ ‚ĖĎ  ‚ĖĎ‚ĖĎ‚Ėď‚Ėď‚Ėď‚Ėď‚ĖĎ   ‚ĖĎ‚ĖĎ‚ĖĎ‚Ėď‚Ėď‚ĖĄ            
               ‚Ėą‚Ėď‚ĖÄ‚Ėą       ‚Ėą‚Ėď‚Ėí‚Ėď‚Ėď‚Ėď‚Ėď‚Ėď‚Ėą‚ĖĎ‚ĖÄ‚ĖÄ‚ĖÄ‚ĖÄ‚Ėď‚Ėď ‚Ėď‚Ėď‚ĖÄ‚ĖÄ‚ĖÄ‚Ėą‚Ėą‚Ėď‚Ėď‚ĖĎ‚ĖĎ ‚ĖĎ‚ĖĎ ‚ĖĎ ‚ĖĎ ‚ĖĎ‚ĖĎ  ‚ĖĎ‚ĖĎ‚Ėď‚Ėď‚Ėď‚Ėď‚ĖĄ‚Ėą            
              ‚ĖĄ‚Ėą‚Ėď‚Ėď‚Ėą    ‚Ėą‚ĖĄ  ‚Ėą‚Ėď‚Ėď‚ĖĄ‚ĖĄ‚ĖĄ‚ĖĄ‚Ėą‚ĖĎ ‚ĖĎ‚ĖĎ  ‚Ėď‚Ėď‚Ėď ‚ĖĎ  ‚ĖĎ‚Ėą‚Ėď‚Ėď‚Ėď‚ĖĎ‚ĖĎ  ‚ĖĎ‚ĖĎ‚ĖĎ  ‚ĖĎ‚ĖĎ‚ĖĎ‚Ėď‚Ėď‚Ėď‚ĖĄ‚ĖĄ‚Ėą‚ĖÄ              
     ‚ĖĄ       ‚Ėą‚Ėą‚Ėď‚Ėí‚Ėď‚Ėą    ‚Ėą‚ĖÄ‚Ėą‚Ėą‚Ėą‚Ėą‚ĖÄ‚ĖÄ‚ĖÄ  ‚Ėą‚ĖĎ‚ĖĎ    ‚ĖĎ‚ĖĎ‚ĖĎ    ‚ĖĎ‚Ėą‚ĖĄ‚ĖĄ‚ĖĄ‚Ėď‚Ėď‚ĖĎ‚ĖĎ‚ĖĎ‚ĖĎ‚ĖĎ‚ĖĎ‚ĖĎ‚Ėď‚Ėď‚Ėď‚ĖĄ‚Ėą‚ĖÄ                  
     ‚Ėą      ‚Ėą‚Ėą‚Ėď‚Ėí‚Ėď‚Ėą    ‚Ėą         ‚ĖÄ‚ĖÄ‚Ėą‚Ėą‚ĖĄ‚ĖĄ‚ĖĎ‚ĖĎ  ‚ĖĎ   ‚ĖĎ‚ĖĎ‚Ėą‚Ėą  ‚ĖÄ‚ĖÄ‚Ėą‚Ėą‚ĖĄ‚ĖĄ‚ĖĄ‚Ėď‚Ėď‚Ėď‚ĖĄ‚ĖÄ‚ĖÄ           ‚Ėą         
     ‚Ėą‚Ėą    ‚ĖĄ‚Ėą‚Ėď‚Ėí ‚Ėď‚Ėą‚Ėą    ‚Ėą‚Ėą‚ĖĄ‚ĖĄ‚ĖĄ‚ĖĄ‚ĖĄ‚ĖĄ‚ĖĄ    ‚ĖÄ‚ĖÄ‚Ėą‚Ėą‚Ėą‚Ėą‚Ė†‚Ė†‚Ėą‚Ėą‚Ėą‚Ėą‚Ėą‚ĖÄ‚ĖÄ‚ĖÄ      ‚ĖÄ‚ĖÄ‚Ėą‚Ėą‚Ėą‚Ėą‚Ėą           ‚ĖĄ‚ĖĆ         
      ‚Ėą    ‚Ėą‚Ėď‚Ėď‚Ėí‚ĖĄ‚Ėą     ‚Ėą‚ĖÄ       ‚ĖÄ‚ĖÄ‚ĖÄ‚Ėą‚ĖĄ‚ĖĄ              ‚ĖĄ‚ĖĄ‚ĖĄ‚ĖĄ‚ĖĄ‚ĖĄ‚ĖĄ     ‚Ėą          ‚ĖĄ‚ĖÄ          
      ‚Ėą‚Ėą   ‚Ėą‚Ėď ‚Ėď‚Ėą‚Ėą     ‚Ėą   ‚ĖĄ‚ĖĄ‚ĖĄ‚ĖĄ‚ĖĄ‚ĖĄ‚ĖĄ‚ĖĄ  ‚ĖÄ‚Ėą‚ĖĄ‚ĖĄ‚ĖĄ‚ĖĄ‚ĖĄ‚ĖĄ‚ĖĄ‚ĖĄ‚ĖĄ‚Ėą‚ĖÄ‚ĖÄ‚ĖÄ      ‚ĖÄ‚ĖÄ‚Ėą‚Ėą‚ĖĄ  ‚Ėą       ‚ĖĄ‚ĖĄ‚Ėą           
      ‚Ėą‚Ėą   ‚Ėą‚Ėď‚Ėí‚Ėď‚Ėą‚Ėą     ‚Ėą  ‚ĖĄ‚ĖÄ‚ĖĎ‚ĖĎ‚ĖĎ‚ĖĎ‚Ėď‚ĖĄ‚Ėą‚ĖĄ           ‚ĖĄ‚ĖĄ‚ĖĄ‚ĖĄ‚ĖĄ‚Ėą‚Ėą‚Ėą‚ĖĄ‚ĖĄ‚ĖĄ‚ĖĄ‚ĖĄ  ‚ĖÄ‚Ėą ‚Ėą     ‚Ėą‚Ė†‚Ėí‚Ėą          
      ‚Ėą‚Ėą   ‚Ėą‚Ėď ‚Ėď‚Ėą‚Ėą     ‚ĖÄ‚ĖĄ ‚Ėą‚ĖĎ‚ĖĎ‚ĖĎ‚ĖĎ‚ĖĄ‚ĖÄ‚ĖÄ‚Ėď‚Ėď‚Ėą‚Ėą‚ĖÄ‚ĖĄ     ‚Ėą‚Ėą‚Ėą‚Ėą‚Ėď‚ĖĎ‚ĖÄ‚Ėą‚Ėď‚Ėí‚Ėí ‚Ėí‚Ėí‚ĖÄ‚Ėą‚Ėą‚ĖĄ  ‚Ėą    ‚Ėą‚Ėí‚ĖĎ‚Ėą   ‚Ėą‚Ėą‚ĖĄ       
      ‚Ėą‚Ėą   ‚Ėą‚Ėď‚Ėí‚Ėď‚Ėą‚Ėą      ‚Ėą‚ĖĄ‚ĖĄ ‚ĖĎ‚Ėą‚Ėď‚Ėď‚ĖĄ‚Ėą‚Ėą‚ĖÄ‚ĖĎ  ‚Ėą‚ĖĄ  ‚Ėą‚ĖÄ‚ĖĎ‚ĖĎ‚ĖÄ‚Ėą‚Ėď‚Ėď‚ĖĎ‚ĖÄ‚ĖĄ‚ĖĄ‚Ėí  ‚Ėí‚Ėí‚Ėď‚Ėą  ‚Ėą‚Ėď   ‚Ėą‚Ėí‚ĖĎ‚Ėą   ‚Ėą‚Ėą‚Ėą‚ĖĎ      
    ‚ĖĄ‚Ėą‚Ėą‚Ėą   ‚Ėą‚Ėď ‚Ėď‚Ėą          ‚ĖĎ‚ĖĎ‚Ėď‚Ėą‚ĖĎ‚Ėď‚Ėą‚Ėď‚Ėď‚ĖĎ‚ĖĎ  ‚Ėď‚Ėą‚ĖĄ‚Ėą‚ĖĎ‚ĖĎ‚ĖĎ‚ĖĎ ‚ĖĎ‚Ėą‚ĖĄ‚ĖĄ‚ĖĎ ‚Ėą‚Ėď‚Ėí ‚Ėí‚Ėď‚Ėą  ‚ĖĄ     ‚Ėą‚ĖĎ‚ĖĄ‚Ėą   ‚Ėą‚Ėí‚Ėą‚Ėą      
    ‚Ėą‚Ėí‚ĖĄ‚Ėą   ‚Ėą‚Ėď‚Ėí‚Ėď‚Ėą‚Ėą‚Ėą‚ĖĄ ‚ĖĄ‚ĖĄ‚ĖĄ‚Ėą‚ĖÄ‚ĖÄ ‚ĖĎ‚Ėď‚Ėą‚ĖĎ‚Ėď‚Ėą‚Ėď‚ĖĎ‚ĖĎ ‚ĖĎ ‚ĖĎ‚Ėź‚ĖĆ‚Ėď‚ĖĎ‚ĖĎ‚ĖĎ ‚ĖĎ‚ĖĎ‚ĖĎ‚Ėď‚Ėą‚ĖĎ‚ĖĎ ‚Ėą‚Ėď‚Ėí ‚ĖĄ‚ĖÄ ‚ĖÄ      ‚Ėą‚ĖĎ‚Ėą‚Ėą  ‚ĖĄ‚Ėą‚Ėď‚Ėą       
   ‚Ėą‚Ėď‚Ėď‚Ėą    ‚Ėą‚Ėď‚Ėď‚Ėí‚Ėí‚Ėď‚Ėď‚ĖÄ‚Ėí‚ĖÄ‚Ėď ‚ĖĎ‚ĖĎ‚ĖĎ ‚ĖĎ‚Ėď‚Ėą‚ĖĎ‚Ėď‚Ėą‚Ėď‚ĖĎ    ‚ĖĎ‚Ėź‚ĖĆ‚ĖĎ ‚ĖĎ  ‚ĖĎ‚ĖĎ‚ĖĎ‚Ėď‚Ėą‚ĖĎ‚Ėď‚Ėď‚Ėą‚Ėď‚Ėí ‚ĖĎ ‚Ėď‚Ėą‚Ėď    ‚Ėą‚Ėą‚ĖĎ‚Ėí‚Ėą  ‚Ėą‚Ėą‚Ėď‚Ėą       
   ‚Ėą‚Ėí‚Ėď‚Ėą‚Ėą   ‚Ėą‚Ėą‚Ėď‚Ėí‚Ėí‚Ėí‚Ėí ‚Ėí‚Ėí‚ĖĎ‚ĖĎ ‚ĖĎ ‚ĖĎ‚Ėď‚Ėď‚Ėą‚Ėď‚Ėď‚Ėą‚Ėď‚ĖĎ‚ĖĎ ‚ĖĎ‚ĖĎ‚ĖĎ‚Ėź‚ĖĆ‚ĖĎ ‚ĖĎ  ‚ĖĎ‚ĖĎ‚ĖĎ‚Ėď‚Ėą‚ĖĎ‚Ėď‚Ėą‚Ėď‚Ėí ‚ĖĎ‚Ėď‚ĖĎ‚Ėą      ‚Ėą‚Ėą‚ĖĎ‚Ėą‚Ėą  ‚Ėą‚Ėą‚Ėí‚Ėą       
   ‚Ėą‚Ėí‚Ėď‚Ėą‚Ėą   ‚Ėą‚Ėą‚Ėď‚Ėí‚Ėí‚Ėí  ‚Ėí ‚Ėí‚Ėí‚Ėď‚Ėą‚Ėą‚Ėą‚Ėą‚Ėą‚Ėą‚Ėą‚Ėď‚Ėą ‚ĖĎ ‚ĖĎ‚ĖĎ‚ĖĎ‚Ėď‚Ėź‚ĖĆ‚ĖĎ‚ĖĎ‚ĖĎ  ‚ĖĎ‚ĖĎ‚Ėď‚Ėď‚Ėą‚ĖĎ‚Ėď‚Ėą ‚ĖĎ‚Ėď ‚ĖĎ‚Ėą       ‚Ėą‚Ėí‚ĖĎ‚Ėą‚Ėą  ‚Ėą‚Ėď‚Ėí‚Ėą       
   ‚Ėą‚Ėí‚Ėí‚Ėď‚Ėą‚Ėą  ‚Ėą‚Ėą‚Ėď‚Ėí‚Ėí ‚Ėí  ‚Ėí‚ĖĄ‚ĖĄ‚Ėą      ‚Ėą‚Ėď‚Ėą  ‚ĖĎ‚ĖĎ‚ĖĎ‚ĖĎ‚Ėď‚Ėź‚ĖĆ‚ĖĎ‚ĖĎ ‚ĖĎ ‚ĖĎ‚ĖĎ‚Ėď‚Ėą‚ĖĎ‚Ėď‚Ėą ‚Ėď‚ĖĎ  ‚ĖĎ‚ĖĎ‚Ėą      ‚Ėą‚Ėą‚ĖĎ‚Ėď‚Ėą  ‚Ėą‚Ėí ‚Ėą       
   ‚Ėą‚Ėď‚Ėí‚Ėí‚Ėą‚Ėą‚Ėą‚ĖĄ‚Ėą‚Ėď‚Ėď‚Ėí‚Ėí  ‚Ėí‚Ėď‚Ėď‚Ėą‚Ėą       ‚Ėą‚ĖĎ‚Ėď‚Ėą‚Ėď ‚ĖĎ‚ĖĎ‚ĖĎ‚Ėď‚Ėź‚ĖĆ‚ĖĎ‚ĖĎ  ‚ĖĎ‚ĖĎ‚ĖĎ‚Ėď‚Ėą‚ĖĎ‚Ėď‚Ėą‚Ėą‚ĖĄ ‚ĖĎ‚ĖĎ‚ĖĎ‚Ėď‚Ėą‚ĖĄ     ‚Ėą‚Ėą‚Ėí‚Ėí‚Ėą  ‚Ėą‚Ėď‚Ėí‚Ėą       
   ‚Ėą‚Ėď ‚Ėí ‚Ėď‚Ėď‚Ėď‚Ėď‚Ėí‚Ėí‚ĖĎ‚ĖĎ ‚Ėí‚Ėď‚Ėą          ‚Ėą‚Ėď‚ĖĎ‚Ėą‚Ėď ‚ĖĎ‚ĖĎ‚ĖĎ‚Ėď‚Ėź‚ĖĆ‚ĖĎ‚ĖĎ ‚ĖĎ‚ĖĎ‚Ėď‚Ėą‚ĖĎ‚Ėď ‚Ėą‚ĖÄ‚ĖÄ‚Ėą‚Ėą‚ĖĄ‚ĖĎ‚Ėď‚Ėď‚Ėď‚Ėą‚Ėą‚ĖĄ‚ĖĄ‚ĖĄ‚Ėą‚Ėą‚ĖÄ ‚Ėí‚Ėą‚ĖĄ‚ĖĄ‚Ėą‚Ėď‚Ėď‚Ėą       
   ‚Ėą‚Ėď‚Ėď‚Ėí‚Ėí ‚Ėí‚Ėí‚ĖĎ‚ĖĎ ‚ĖĎ ‚Ėí‚Ėď‚Ėď‚Ėą          ‚Ėą‚Ėď‚Ėď‚Ėą‚Ėď‚Ėď ‚ĖĎ‚ĖĎ‚Ėď‚Ėź‚ĖĆ‚ĖĎ ‚ĖĎ ‚ĖĎ‚Ėď‚Ėą‚Ėď‚ĖĎ‚Ėą   ‚Ėą‚Ėą‚Ėď‚Ėď‚Ėí‚Ėí‚Ėí‚Ėí‚ĖĎ‚ĖÄ‚ĖÄ‚ĖĎ‚ĖĎ ‚ĖĎ‚Ėď‚Ėď‚Ėą‚Ėą‚Ėď‚Ėą‚Ėą‚Ėą       
    ‚Ėą‚Ėď‚Ėí‚Ėí‚ĖĎ ‚ĖĎ  ‚ĖĎ ‚Ėí‚Ėď‚Ėď‚Ėą           ‚Ėą‚Ėą‚Ėď‚Ėą‚Ėď‚Ėď ‚ĖĎ‚ĖĎ‚Ėď‚Ėź‚ĖĆ‚ĖĎ‚ĖĎ‚ĖĎ ‚ĖĎ‚Ėď‚Ėą‚ĖĎ‚Ėď‚Ėą       ‚Ėą‚ĖĄ‚Ėď‚Ėí‚ĖĎ‚ĖĎ ‚ĖĎ ‚ĖĎ  ‚ĖĎ‚Ėą‚Ėą‚ĖÄ‚Ėď‚Ėď‚Ėą       
    ‚Ėą‚Ėą‚Ėď‚Ėí‚ĖĎ‚ĖĎ  ‚ĖĎ ‚Ėí‚Ėď‚Ėď‚Ėą            ‚Ėą‚Ėą‚ĖĄ‚Ėą‚Ėď‚ĖĄ‚ĖĄ‚ĖĄ‚Ėď‚Ėď‚Ėź‚ĖĆ‚ĖĎ‚ĖĎ‚ĖĎ ‚Ėď‚Ėď‚Ėą‚ĖĎ‚Ėď‚Ėą       ‚ĖÄ‚Ėą‚Ėď‚Ėď‚Ėď  ‚ĖĎ‚ĖĎ‚ĖĎ‚ĖĎ   ‚Ėí‚Ėí‚Ėď‚Ėą‚Ėą        
     ‚Ėą‚Ėď‚Ėď‚Ėí ‚ĖĎ‚ĖĎ‚Ėí‚Ėí‚Ėď‚Ėď‚Ėą            ‚Ėą‚Ėą‚ĖÄ‚ĖÄ‚ĖÄ‚ĖÄ‚ĖÄ‚ĖÄ‚ĖÄ‚ĖÄ‚ĖÄ‚Ėą‚Ėą‚ĖĄ‚ĖĄ‚ĖĎ‚Ėď‚Ėď‚Ėą‚ĖĎ‚Ėď‚Ėą          ‚ĖĄ‚Ėą‚Ėď‚Ėď‚ĖĎ‚ĖĎ  ‚ĖĎ‚ĖĎ‚ĖĎ‚ĖĎ‚Ėí‚Ėí‚Ėą‚Ėą        
       ‚Ėď‚Ėď‚Ėí ‚ĖĎ‚Ėí‚Ėí‚Ėď‚Ėą            ‚Ėą‚ĖÄ           ‚ĖÄ ‚ĖÄ‚ĖÄ‚ĖÄ‚Ėą‚ĖĄ‚ĖĄ‚Ėą‚Ėą‚ĖĄ  ‚Ėą‚ĖÄ    ‚ĖĄ  ‚Ėą‚Ėď‚Ėí‚Ėí  ‚ĖĎ‚Ėí‚Ėí‚Ėí‚Ėí‚Ėď‚Ėď‚Ėą‚Ėą        
    ‚ĖĄ‚ĖĄ  ‚Ėď‚Ėď‚Ėí‚Ėí‚Ėí‚Ėí‚Ėď‚Ėą                                 ‚ĖÄ‚ĖÄ ‚ĖÄ‚ĖÄ      ‚Ėą  ‚Ėą‚Ėď‚ĖĎ‚ĖĎ‚ĖĎ‚ĖĎ‚ĖĎ ‚ĖĎ‚ĖĎ‚ĖĎ ‚Ėí‚Ėď‚Ėą        
    ‚Ėą‚Ėą  ‚Ėą‚Ėď‚Ėí‚Ėí ‚Ėď‚Ėą                                           ‚Ėą‚Ėą‚Ėą  ‚Ėą‚Ėď‚Ėí‚ĖĎ‚ĖĎ ‚ĖĎ‚ĖĎ ‚ĖĎ ‚Ėí‚Ėď‚Ėď‚Ėą         
    ‚Ėą‚Ėą   ‚Ėą‚Ėď‚Ėí‚ĖĎ‚Ėď‚Ėą                          ‚Ėą                 ‚Ėą   ‚Ėą‚Ėď‚Ėď‚Ėí‚ĖĎ ‚ĖĎ  ‚Ėí‚Ėí‚Ėí‚Ėą‚Ėí        
    ‚Ėą‚Ėą‚Ėą  ‚Ėą‚Ėď‚Ėí ‚Ėď‚Ėą‚Ėą                         ‚ĖĄ                 ‚Ėą‚Ėą   ‚Ėą‚Ėď‚Ėí‚ĖĎ  ‚ĖĎ‚Ėí‚Ėí‚Ėí‚Ėď‚Ėą          
   ‚Ėą‚Ėď‚Ėą‚Ėą‚ĖĄ‚Ėą‚Ėď‚Ėí ‚Ėí‚Ėď‚Ėą                       ‚ĖĄ‚Ėą‚Ėí                  ‚Ėą‚Ėą  ‚Ėą‚Ėď‚Ėí ‚ĖĎ‚ĖĎ‚ĖĎ‚Ėí‚Ėď‚Ėą‚Ėą          
    ‚Ėą‚Ėí‚Ėď‚Ėą‚Ėą‚Ėą‚Ėď‚ĖĎ‚ĖĎ‚ĖĎ‚Ėď‚Ėą                       ‚Ėą‚Ėí                    ‚Ėą  ‚Ėą‚ĖĄ‚Ėď‚Ėí  ‚ĖĄ‚Ėą‚Ėą‚Ėą           
    ‚Ėą‚Ėď‚Ėď‚Ėď‚Ėď ‚Ėí‚ĖĎ ‚Ėí‚Ėí‚Ėą                      ‚ĖĄ‚Ėą                    ‚Ėą    ‚Ėą‚Ėď‚Ėí‚Ėď‚Ėď‚Ėą‚Ėą   ‚ĖĄ‚Ėą         
    ‚Ėą‚Ėą‚Ėď‚Ėí‚ĖĎ ‚Ėí  ‚ĖĎ‚Ėí‚Ėą  ‚ĖĄ                   ‚Ėą‚Ėí                         ‚Ėą‚ĖĄ‚Ėí‚ĖĄ‚Ėą‚Ėą    ‚Ėą‚Ėą         
     ‚Ėą‚Ėď‚Ėí‚ĖĎ ‚ĖĎ  ‚ĖĎ‚Ėí‚Ėą  ‚Ėą                   ‚Ėą‚Ėą                    ‚Ėą    ‚Ėą‚Ėď ‚Ėą‚Ėą    ‚ĖĄ‚Ėą‚Ėą        
‚Ėď‚Ėď   ‚Ėą‚ĖĄ‚Ėí‚Ėí‚ĖĎ  ‚ĖĎ‚Ėí‚Ėď‚Ėą‚Ėď ‚Ėą‚ĖĄ                   ‚Ėą                    ‚Ėą    ‚Ėą‚Ėď‚Ėí‚Ėą‚Ėą   ‚Ėą‚Ėď‚Ėą         
      ‚Ėą‚Ėą‚Ėď‚Ėí‚Ėí ‚ĖĎ‚Ėí‚Ėď‚Ėą‚Ėą‚ĖĎ‚Ėą‚Ėą                   ‚Ėą‚ĖĄ                   ‚Ėą    ‚Ėą‚Ėí‚Ėí‚Ėą‚Ėą   ‚Ėą‚Ėí‚Ėą         
       ‚ĖÄ‚Ėą‚Ėą‚Ėď‚Ėí ‚Ėí‚Ėď‚Ėď‚Ėą‚ĖĎ‚Ėą‚Ėą‚Ėą                   ‚Ėą‚ĖĄ                  ‚Ėą    ‚Ėą‚Ėď ‚Ėą‚Ėą‚ĖĄ‚ĖĄ‚Ėą‚ĖÄ‚Ėí‚Ėą          
 ‚ĖĎ       ‚ĖÄ‚Ėą‚Ėď‚Ėď‚Ėí‚Ėí‚Ėď‚Ėą‚ĖĎ‚Ėą‚Ėď‚Ėą‚ĖĄ                   ‚Ėą‚ĖĄ                ‚ĖĄ‚Ėą   ‚ĖĄ‚Ėą‚Ėď‚Ėď‚Ėď‚Ėą‚Ėą‚Ėą‚ĖÄ‚Ėď‚Ėď‚Ėą          
      ‚ĖĎ    ‚Ėą‚Ėą‚ĖĄ‚Ėí‚Ėď‚Ėą‚Ėí‚Ėą‚Ėą‚Ėď‚Ėą‚Ėą‚ĖĄ‚ĖĄ‚ĖĄ‚ĖĄ‚ĖĄ              ‚Ėą               ‚ĖĄ‚Ėď‚Ėą  ‚Ėą‚Ėą‚Ėí‚Ėí‚Ėí‚Ėí ‚Ėí‚Ėí‚Ėí‚Ėď‚ĖĄ‚Ėą          
            ‚Ėą‚Ėą‚Ėď‚Ėď‚Ėą‚Ėí‚Ėą‚Ėą‚Ėą‚Ėď‚Ėą‚Ėą‚Ėą‚Ėą‚Ėą‚Ėą‚ĖĄ           ‚ĖĄ‚Ėą‚ĖÄ             ‚ĖĄ‚Ėą‚Ėą‚Ėą‚Ėą  ‚Ėą‚Ėą‚Ėď‚Ėď ‚Ėí ‚Ėí‚Ėď‚Ėď‚Ėď‚Ėą‚ĖÄ          
      ‚ĖĎ      ‚Ėą‚Ėą‚Ėď‚Ėą‚Ėí ‚ĖÄ‚Ėą‚Ėą‚ĖÄ ‚ĖĎ ‚ĖĎ ‚ĖĎ‚ĖÄ‚Ėą‚ĖĄ‚ĖĄ      ‚ĖĄ‚Ėą‚Ėí          ‚ĖĄ‚ĖĄ‚ĖĄ‚ĖĄ‚Ėď‚Ėą‚Ėą‚Ėď‚Ėą‚Ėą ‚Ėą‚Ėď‚Ėí‚Ėą‚Ėą‚Ėí‚Ėď‚Ėí‚Ėď‚Ėą‚ĖÄ  ‚ĖĎ         
      ‚Ėí       ‚Ėą‚Ėď‚Ėď‚Ėą     ‚ĖĎ ‚ĖĎ  ‚ĖĎ ‚ĖĄ ‚ĖÄ‚Ėą     ‚Ėą‚Ėí        ‚Ėí‚Ėą‚Ėą‚Ėď‚Ėď‚Ėą‚Ėą‚Ėą‚Ėą‚Ėą‚Ėą‚Ėď‚Ėą ‚Ėą‚Ėí ‚Ėí‚Ėď‚Ėí‚Ėď‚Ėą‚ĖÄ              
  ‚ĖĎ   ‚Ėí        ‚Ėą‚ĖĎ‚ĖĎ‚Ėą ‚ĖĎ   ‚ĖĄ‚ĖĄ‚ĖĄ‚Ėą‚Ėą‚Ėą‚Ėď‚Ėď‚Ėą‚Ėą‚Ėą‚ĖĄ   ‚ĖÄ          ‚ĖÄ‚ĖÄ‚ĖÄ‚ĖÄ‚ĖÄ‚Ėą‚Ėą‚Ėą‚Ėď‚Ėď‚Ėą‚Ėą ‚Ėą‚Ėí‚Ėď‚Ėď‚Ėď‚Ėą‚ĖÄ  ‚ĖĎ             
      ‚Ėí         ‚Ėą‚ĖĎ‚Ėą‚Ėą‚ĖĎ  ‚Ėą‚Ėą‚Ėą‚Ėą‚Ėą‚Ėą‚Ėą‚Ėą‚Ėą‚Ėď‚ĖĎ‚Ėą‚Ėą‚Ėí              ‚ĖĎ ‚ĖĎ‚ĖĎ ‚ĖÄ‚Ėą‚Ėą‚Ėą‚ĖÄ‚ĖÄ‚ĖĄ‚Ėą‚Ėí‚Ėď‚Ėą‚Ėą    ‚Ėí            
      ‚Ėď         ‚ĖÄ‚Ėą‚ĖĎ‚Ėą‚Ėą‚ĖĎ‚ĖĎ‚Ėą‚Ėď‚Ėą‚Ėą‚Ėą‚Ėą‚Ėą‚Ėą‚Ėą‚Ėą‚Ėą‚ĖĎ‚Ėą   ‚Ėí     ‚ĖĄ‚ĖĄ‚Ėą‚Ėą‚Ėą‚Ėą‚Ėą‚Ėą‚Ėą‚ĖĄ‚ĖĎ ‚ĖĎ‚ĖÄ ‚ĖĄ‚Ėą‚Ėą‚Ėď‚Ėą‚Ėą‚ĖÄ     ‚Ėí             
      ‚Ėą          ‚Ėą‚Ėď‚Ėą‚Ėą ‚ĖĎ‚Ėą‚Ėď‚Ėą‚Ėą‚Ėą‚Ėą‚Ėą‚Ėą‚Ėą‚Ėą‚Ėą‚Ėď‚Ėą‚Ėí‚Ėí‚ĖĄ‚ĖĄ‚Ėí‚Ėí‚Ėí‚Ėď‚Ėą‚Ėą‚Ėą‚Ėą‚Ėą‚Ėą‚Ėą‚Ėą‚Ėą‚Ėą‚Ėď‚Ėą‚Ėą  ‚Ėą‚Ėą‚Ėą‚Ėą‚ĖÄ        ‚Ėď             
                 ‚Ėą‚Ėď‚Ėí‚Ėą‚ĖĄ  ‚Ėą‚Ėą‚Ėą‚Ėą‚Ėą‚Ėą‚Ėą‚Ėą‚Ėą‚Ėą‚Ėą‚Ėí‚Ėí‚Ėą‚Ėą‚Ėď‚Ėą‚Ėí‚Ėí‚Ėą‚Ėą‚Ėą‚Ėą‚Ėą‚Ėą‚Ėą‚Ėą‚Ėą‚Ėą‚Ėą‚Ėď‚Ėą‚Ėď ‚ĖĎ‚Ėą‚ĖÄ      ‚ĖĎ                  
‚ĖĎ                ‚Ėą‚Ėą‚Ėí‚Ėď‚Ėď‚Ėą‚ĖĎ ‚Ėą‚Ėą‚Ėą‚Ėą‚Ėą‚Ėą‚Ėą‚Ėą‚Ėą‚Ėí‚Ėí‚Ėą‚Ėą‚Ėą‚Ėď‚Ėą‚ĖĄ‚Ėí‚Ėą‚Ėą‚Ėą‚Ėą‚Ėą‚Ėą‚Ėą‚Ėą‚Ėď‚Ėą‚Ėą‚Ėą‚Ėď‚Ėď‚ĖĎ‚Ėą‚Ėą   ‚ĖĎ        ‚Ėď              
‚Ėí                ‚ĖÄ‚Ėą‚Ėą‚Ėą‚Ėď‚Ėą‚Ėą ‚ĖĎ‚Ėą‚ĖÄ‚Ėą‚Ėą‚Ėą‚ĖÄ‚ĖÄ‚ĖĎ ‚ĖĄ‚Ėą‚Ėą‚Ėą‚Ėą‚Ėď‚Ėą‚ĖĄ ‚ĖĎ‚Ėą‚Ėą‚Ėą‚Ėą‚Ėď‚Ėď‚Ėą‚Ėą‚Ėą‚Ėď ‚ĖĎ ‚Ėą‚Ėą   ‚Ėí        ‚Ėą             
‚Ėí       ‚ĖĎ‚ĖĎ          ‚ĖÄ‚ĖÄ‚ĖÄ‚Ėą‚Ėą‚ĖĄ‚Ėą  ‚ĖĎ  ‚ĖĎ ‚Ėą‚Ėą‚Ėą‚Ėą‚Ėą‚Ėą‚Ėą‚Ėą‚Ėą‚Ėą‚ĖĄ‚ĖĎ‚Ėą‚Ėą‚Ėą‚Ėą‚Ėą‚Ėą‚ĖÄ   ‚ĖĎ ‚Ėą    ‚Ėí                       
        ‚ĖĎ           ‚ĖĎ   ‚Ėą‚ĖÄ‚Ėą‚Ėą ‚ĖĎ    ‚Ėą‚Ėą‚Ėą‚Ėą‚Ėą‚Ėď‚Ėą‚Ėą‚Ėą‚Ėď‚Ėą‚ĖĎ ‚ĖĎ‚ĖĄ‚ĖĄ‚ĖĄ‚ĖĄ‚ĖĄ‚Ėą ‚ĖĎ  ‚Ėą    ‚Ėí       ‚ĖĄ‚Ėď‚ĖĄ              
‚Ėí                       ‚Ėą‚Ėą‚Ėą‚Ėą  ‚ĖĄ ‚ĖĎ  ‚ĖÄ‚ĖÄ‚ĖÄ   ‚ĖÄ‚ĖÄ‚ĖÄ   ‚ĖĄ‚ĖĄ‚ĖĄ‚ĖĄ‚ĖĄ‚ĖĎ   ‚ĖĎ‚Ėą     ‚Ėď        ‚ĖÄ             
‚Ėí  ‚ĖĎ                     ‚Ėą‚Ėą‚Ėą‚ĖÄ‚Ėą‚Ėą‚ĖĄ              ‚Ėą‚ĖÄ‚Ėą‚Ėą‚Ėď‚Ėď‚ĖĄ‚ĖĄ‚ĖĄ‚Ėą‚Ėą‚ĖĎ     ‚Ėą                     
‚Ėí                ‚ĖĄ ‚ĖÄ      ‚Ėą‚Ėą‚ĖĎ‚Ėą‚Ėď ‚Ėą‚Ėí           ‚Ėí‚Ėą‚Ėď‚ĖĎ‚Ėą‚Ėą‚ĖĎ                            
‚Ėď                 ‚ĖĎ    ‚ĖĎ  ‚Ėą‚Ėą‚Ėą‚Ėą‚Ėď‚ĖĎ‚Ėą‚Ėą‚Ėą‚Ėą‚Ėí‚Ėą‚ĖĄ‚ĖĄ‚ĖĄ‚ĖĄ‚Ėď‚Ėą‚Ėą‚Ėą‚Ėą‚ĖĄ‚Ėą‚Ėą     ‚ĖĎ‚ĖĎ                           
‚Ėą                      ‚ĖĎ   ‚Ėď‚ĖÄ‚Ėą‚Ėď‚ĖĎ‚Ėą‚ĖĎ‚Ėď‚Ėą‚ĖĎ‚ĖÄ‚Ėą‚Ėď‚ĖÄ‚Ėą‚Ėą ‚Ėď‚Ėą‚ĖĎ‚Ėą‚Ėą‚Ėą      ‚ĖĎ           ‚ĖĎ‚Ėí‚Ėí‚Ėď‚Ėď‚Ėď                  
      ‚ĖĎ‚Ėí‚Ėí‚Ėď‚Ėď‚Ėď                ‚Ėď‚Ėą‚Ėą‚Ėą‚Ėą‚ĖĎ‚ĖĎ‚Ėą‚ĖĎ ‚Ėą‚Ėď ‚ĖĎ‚Ėą ‚Ėď‚Ėą‚Ėą‚ĖÄ‚ĖÄ   ‚ĖĎ    ‚ĖĄ ‚ĖÄ                            
                       ‚ĖĎ     ‚Ėą‚Ėą‚ĖÄ‚Ėą‚ĖĄ‚Ėď‚Ėą‚ĖĎ‚ĖĄ‚Ėą‚Ėď‚ĖĎ‚Ėą‚Ėą‚Ėą‚Ėą‚Ėą‚Ėď     ‚ĖĎ                                
                       ‚Ėí     ‚Ėą‚Ėź‚Ėď‚Ėď‚Ėď‚ĖÄ‚ĖÄ‚Ėď‚Ėą‚Ėą‚Ėą‚Ėď‚ĖÄ‚ĖĎ‚ĖÄ‚Ėď‚Ėź‚Ėą                     ‚ĖĎ                 
                       ‚Ėí     ‚Ėą‚ĖĆ‚Ėď‚Ėď‚ĖĎ‚ĖĎ‚ĖĎ‚ĖĎ‚ĖĎ‚Ėź‚ĖĆ‚Ėí‚Ėí‚Ėí‚Ėí‚Ėď‚Ėź‚Ėą     ‚ĖĎ                                 
                       ‚Ėď     ‚Ėą‚ĖĆ‚Ėď‚Ėď‚ĖĎ‚ĖĎ‚ĖĎ‚ĖĎ‚ĖĎ‚Ėź‚ĖĆ‚Ėí‚Ėí‚Ėí‚Ėď‚Ėď‚Ėź‚Ėą     ‚Ėí                                 
     ‚ĖĄ ‚ĖÄ               ‚Ėą     ‚Ėź‚ĖĆ‚ĖĎ‚ĖĎ   ‚ĖĎ ‚Ėź‚ĖĆ ‚ĖĎ‚ĖĎ‚Ėď‚Ėď‚Ėź‚ĖĆ     ‚Ėí          ‚ĖĎ                      
                             ‚Ėą‚ĖĆ‚Ėď‚Ėď‚ĖĎ‚ĖĎ‚ĖĎ ‚Ėź‚ĖĆ ‚Ėí‚Ėí‚Ėď‚Ėď‚Ėí‚Ėź      ‚Ėď          ‚Ėí
  ‚ĖĎ                          ‚Ėą‚ĖĆ‚Ėď‚Ėď‚ĖĎ‚ĖĎ‚ĖĎ ‚Ėź‚ĖĆ‚Ėí‚Ėí‚Ėď‚Ėď‚Ėź‚Ėą       ‚Ėą          ‚Ėí ‚ĖĎ  ‚ĖĄ ‚ĖÄ     
               ‚ĖĄ‚Ėď‚ĖĄ           ‚Ėź‚ĖĆ‚Ėď‚Ėď‚ĖĎ‚ĖĎ‚ĖĎ‚Ėź‚ĖĆ‚Ėí‚Ėí‚Ėí‚Ėď‚Ėď‚Ėź‚ĖĆ                  ‚Ėď
                ‚ĖÄ      ‚ĖĎ     ‚Ėź‚ĖĆ‚Ėď‚Ėď‚ĖĎ‚ĖĎ ‚Ėź‚ĖĆ‚Ėí‚Ėí‚Ėď‚Ėď‚Ėź‚Ėą                   ‚Ėą      ‚ĖĄ
                              ‚Ėź‚ĖĆ‚Ėď‚Ėď‚ĖĎ ‚Ėź‚ĖĆ‚Ėí‚Ėí‚Ėď‚Ėď‚Ėź‚ĖĆ                         ‚ĖÄ‚Ėď‚ĖÄ
       ‚ĖĄ                      ‚Ėą‚ĖĆ‚Ėď‚ĖĎ‚ĖĎ ‚Ėź‚ĖĆ ‚Ėď‚Ėď‚Ėź‚Ėą                           ‚Ėí
      ‚ĖÄ‚Ėď‚ĖÄ                     ‚Ėź‚ĖĆ‚Ėď‚ĖĎ‚ĖĎ ‚Ėź‚ĖĆ‚Ėí‚Ėí‚Ėď‚Ėź‚ĖĆ               ‚ĖĎ           ‚Ėí
       ‚Ėí                       ‚Ėą‚ĖĆ‚ĖĎ‚ĖĎ ‚Ėź‚ĖĆ‚Ėí‚Ėí‚Ėź‚Ėą     ‚ĖĄ‚Ėď‚ĖĄ                    ‚ĖĎ
       ‚Ėí     ‚ĖĎ      ‚ĖĎ          ‚Ėź‚ĖĆ‚ĖĎ ‚Ėź‚ĖĆ‚Ėí‚Ėí‚Ėź‚ĖĆ       ‚ĖÄ                     ‚ĖĎ
       ‚ĖĎ                        ‚Ėą  ‚Ėź‚ĖĆ‚Ėí‚Ėź‚Ėą    
       ‚ĖĎ                        ‚Ėź‚Ėď‚Ėź‚ĖĆ‚Ėď‚Ėź‚Ėą                               ‚ĖĎ
                                 ‚Ėą‚Ėí‚Ėď‚Ėą
       ‚ĖĎ                          ‚Ėą‚Ėą       ‚ĖĎ‚Ėí‚Ėí‚Ėď‚Ėď‚Ėď  nfo layout by slim ‚Ėď‚Ėď‚Ėď‚Ėí‚Ėí‚ĖĎ
                 ‚ĖĄ‚ĖĄ ‚Ėą‚ĖĄ                ‚ĖÄ‚ĖĄ‚ĖĄ
             ‚ĖĄ‚Ėą‚Ėď‚ĖÄ   ‚ĖĄ‚ĖĄ ‚ĖĄ‚ĖĄ‚ĖĄ‚ĖĄ‚ĖĄ ‚Ėą‚Ėą‚ĖÄ‚Ėą ‚ĖĄ‚ĖĄ‚ĖĄ    ‚ĖÄ‚ĖÄ‚ĖĄ                    
   ‚ĖĄ‚ĖĄ‚ĖĄ‚ĖĄ‚ĖĄ‚ĖĄ‚ĖĄ ‚ĖĄ‚Ėą‚Ėą‚ĖÄ     ‚Ėą‚Ėą ‚Ėą‚Ėą ‚Ėą‚Ėď ‚Ėď‚Ėą  ‚Ėą‚Ėą ‚Ėą‚Ėą     ‚ĖÄ‚ĖÄ ‚ĖÄ‚ĖÄ‚ĖÄ‚ĖÄ‚ĖÄ‚ĖÄ‚ĖÄ‚ĖÄ‚ĖÄ‚ĖÄ‚ĖÄ‚ĖÄ‚ĖÄ‚ĖÄ‚ĖÄ‚ĖÄ‚ĖÄ‚ĖÄ‚ĖÄ‚ĖÄ‚ĖÄ‚ĖÄ‚ĖÄ‚ĖÄ‚ĖÄ‚ĖÄ‚ĖÄ‚ĖÄ‚ĖÄ‚ĖÄ‚ĖĄ                      
  ‚Ėą ‚ĖĄ‚ĖĄ‚ĖĄ‚ĖĄ‚ĖĄ‚ĖĄ ‚ĖĄ‚ĖĄ‚ĖĄ      ‚Ėą‚Ėą ‚Ėą‚Ėą ‚Ėą‚Ėą ‚Ėą‚Ėą‚ĖÄ ‚Ėą‚Ėď ‚Ėą‚Ėď     ‚Ėą‚ĖÄ ‚ĖÄ‚ĖÄ‚ĖÄ‚ĖÄ‚ĖÄ‚ĖÄ‚ĖÄ‚ĖÄ‚ĖÄ‚ĖÄ‚ĖÄ‚ĖÄ‚ĖÄ‚ĖÄ‚ĖÄ‚ĖÄ‚ĖÄ‚ĖÄ‚ĖÄ‚ĖÄ‚ĖÄ‚ĖÄ‚ĖÄ‚ĖÄ‚ĖÄ‚ĖÄ‚ĖÄ‚ĖÄ‚ĖÄ‚ĖÄ‚ĖĄ‚Ėą
  ‚Ėą‚ĖÄ        ‚Ėď‚Ėą‚ĖĄ     ‚Ėą‚Ėď ‚Ėą‚Ėď ‚Ėą‚Ėą ‚Ėą‚Ėď  ‚Ėą‚Ėą ‚Ėą‚Ėą    ‚Ėą‚ĖÄ  ‚ĒÄ[ D v F  Proudly Presents ]‚ĒÄ  ‚Ėą
  ‚ĖÄ‚ĖĄ          ‚ĖÄ‚ĖÄ‚ĖĄ   ‚ĖÄ‚ĖÄ ‚ĖÄ‚ĖÄ ‚ĖÄ‚ĖÄ ‚ĖÄ‚ĖÄ   ‚ĖÄ‚ĖÄ‚ĖÄ   ‚ĖĄ‚ĖÄ‚ĖÄ                                 ‚ĖÄ
    
   
                    DivX   S E C T I O N 

          DIR NAME.........: How.We.Do.It.DVDRiP.XViD-DvF
          RELEASE DATE.....: 18-11-2006   (380)                                 
          THEATRE DATE.....: 24-11-2006   (PL)                                
          DVD DATE.........: 15-12-2006                                         
          ASPECT RATIO.....: 16:9                                                   
          RUNTiME..........: 90 Min                                             
          GENRE............: Document                                        
          LANGUAGE.........: Polish                                           
          FRAMERATE........: 25.000 FPS                                            
          IMDB RATING......:                                         
          SUBTiTLES........: EN                                                   
          SIZE.............: 1 CD: 38x20 MB (700 MB)                                    
          VIDEO CODEC......: XviD 2-pass 928 Kbps                              
          ViDEO RESOLUTiON.: 608 x 336                                       
          AUDiO CODEC......: MP3  128-160  Kbps  
    
                      ____________________________  

                             Movie INFO

          
           IMDB Link...: http://e-dvd.pl/?v=film&id=12564
           


                 ‚ĖĄ‚ĖĄ                            ‚ĖĄ‚ĖĄ                           ‚ĖÄ‚ĖĄ
  ‚ĖĄ‚ĖÄ           ‚ĖĄ‚Ėą‚Ėď‚ĖÄ  ‚ĖĄ‚ĖĄ‚ĖĄ‚ĖĄ‚ĖĄ  ‚ĖĄ‚ĖĄ‚ĖĄ ‚ĖĄ‚Ėą‚Ėą‚ĖĄ ‚ĖĄ‚ĖĄ‚ĖĄ   ‚ĖĄ‚ĖĄ   ‚ĖÄ‚ĖÄ‚ĖĄ                          ‚Ėą
  ‚Ėą‚ĖĄ ‚ĖĄ‚ĖĄ‚ĖĄ‚ĖĄ‚ĖĄ‚ĖĄ‚ĖĄ ‚ĖĄ‚Ėą‚Ėą‚ĖÄ    ‚Ėą‚Ėą ‚Ėą‚Ėď ‚Ėą‚Ėą ‚Ėą‚Ėą ‚Ėą‚Ėą ‚ĖĄ‚Ėą ‚Ėą‚Ėą ‚Ėą‚Ėą ‚Ėą    ‚ĖÄ‚ĖÄ ‚ĖÄ‚ĖÄ‚ĖÄ‚ĖÄ‚ĖÄ‚ĖÄ‚ĖÄ‚ĖÄ‚ĖÄ‚ĖÄ‚ĖÄ‚ĖÄ‚ĖÄ‚ĖÄ‚ĖÄ‚ĖÄ‚ĖÄ‚ĖÄ‚ĖÄ‚ĖÄ‚ĖÄ‚ĖÄ ‚ĖÄ‚Ėą                     
  ‚ĖÄ‚ĖĄ ‚ĖĄ‚ĖĄ‚ĖĄ‚ĖĄ‚ĖĄ‚ĖĄ‚ĖĄ ‚ĖĄ‚ĖĄ‚ĖĄ     ‚Ėą‚Ėą ‚Ėą‚Ėą ‚Ėą‚Ėď ‚Ėą‚Ėą ‚Ėą‚Ėą ‚Ėą‚Ėą‚Ėą‚Ėą‚Ėą ‚Ėď‚Ėą‚ĖĄ     ‚Ėą‚ĖÄ ‚ĖÄ‚ĖÄ‚ĖÄ‚ĖÄ‚ĖÄ‚ĖÄ‚ĖÄ‚ĖÄ‚ĖÄ‚ĖÄ‚ĖÄ‚ĖÄ‚ĖÄ‚ĖÄ‚ĖÄ‚ĖÄ‚ĖÄ‚ĖÄ‚ĖÄ‚ĖÄ‚ĖÄ‚ĖÄ ‚ĖÄ‚ĖĄ 
  ‚Ėą           ‚Ėď‚Ėą‚ĖĄ    ‚Ėą‚Ėď ‚Ėą‚Ėą ‚Ėą‚Ėď ‚Ėą‚Ėą ‚Ėą‚Ėď ‚Ėą‚Ėď ‚ĖĄ  ‚ĖĄ‚ĖÄ‚Ėą‚Ėą   ‚Ėą‚ĖÄ                          ‚Ėą
  ‚ĖÄ‚ĖĄ            ‚ĖÄ‚ĖÄ‚ĖĄ  ‚Ėą‚Ėą ‚Ėą‚Ėą ‚ĖÄ‚Ėą‚ĖĄ‚Ėą‚ĖÄ ‚Ėą‚Ėą‚ĖĄ‚ĖÄ‚Ėą‚ĖĄ‚Ėą  ‚Ėą‚ĖĄ‚Ėą‚ĖÄ  ‚ĖĄ‚ĖÄ                          ‚ĖÄ
                   ‚ĖÄ                           ‚ĖÄ

                             
                            
  



                 ‚ĖĄ‚ĖĄ‚ĖĄ                             ‚ĖĄ‚ĖĄ‚ĖĄ                        ‚ĖÄ‚ĖĄ
  ‚ĖĄ‚ĖÄ           ‚ĖĄ‚Ėą‚Ėď‚ĖÄ  ‚ĖĄ‚ĖĄ‚ĖĄ‚ĖĄ  ‚ĖĄ‚ĖĄ‚ĖĄ   ‚ĖĄ‚ĖĄ‚ĖĄ  ‚ĖĄ‚ĖĄ‚ĖĄ‚ĖĄ   ‚ĖĄ‚ĖĄ‚ĖĄ   ‚ĖÄ‚ĖÄ‚ĖĄ                       ‚Ėą
  ‚Ėą‚ĖĄ ‚ĖĄ‚ĖĄ‚ĖĄ‚ĖĄ‚ĖĄ‚ĖĄ‚ĖĄ ‚ĖĄ‚Ėą‚Ėą‚ĖÄ    ‚Ėď‚Ėą  ‚Ėą ‚Ėď‚Ėą ‚Ėą ‚Ėą‚Ėą ‚Ėą‚Ėą ‚Ėď‚Ėą  ‚Ėą ‚Ėď  ‚Ėą‚Ėą    ‚ĖÄ‚ĖÄ ‚ĖÄ‚ĖÄ‚ĖÄ‚ĖÄ‚ĖÄ‚ĖÄ‚ĖÄ‚ĖÄ‚ĖÄ‚ĖÄ‚ĖÄ‚ĖÄ‚ĖÄ‚ĖÄ‚ĖÄ‚ĖÄ‚ĖÄ‚ĖÄ‚ĖÄ ‚ĖÄ‚Ėą                     
  ‚ĖÄ‚ĖĄ ‚ĖĄ‚ĖĄ‚ĖĄ‚ĖĄ‚ĖĄ‚ĖĄ‚ĖĄ ‚ĖĄ‚ĖĄ‚ĖĄ     ‚Ėą‚Ėą‚ĖĄ‚ĖĄ‚ĖÄ ‚Ėą‚Ėą   ‚Ėą‚Ėď ‚Ėą‚Ėď ‚Ėą‚Ėą‚ĖĄ‚ĖĄ‚ĖÄ   ‚Ėą‚Ėą     ‚Ėą‚ĖÄ ‚ĖÄ‚ĖÄ‚ĖÄ‚ĖÄ‚ĖÄ‚ĖÄ‚ĖÄ‚ĖÄ‚ĖÄ‚ĖÄ‚ĖÄ‚ĖÄ‚ĖÄ‚ĖÄ‚ĖÄ‚ĖÄ‚ĖÄ‚ĖÄ‚ĖÄ ‚ĖÄ‚ĖĄ 
  ‚Ėą           ‚Ėď‚Ėą‚ĖĄ    ‚Ėą‚Ėď    ‚Ėą‚Ėď   ‚Ėą‚Ėą ‚Ėą‚Ėą ‚Ėą‚Ėď    ‚Ėď‚Ėą‚ĖÄ     ‚Ėą‚ĖÄ                       ‚Ėą
  ‚ĖÄ‚ĖĄ            ‚ĖÄ‚ĖÄ‚ĖĄ  ‚Ėą‚Ėą    ‚Ėą‚Ėą   ‚ĖÄ‚Ėą‚ĖĄ‚Ėą‚ĖÄ ‚Ėą‚Ėą   ‚Ėą‚Ėą‚ĖĄ‚ĖĄ‚Ėď‚Ėą ‚ĖĄ‚ĖÄ                       ‚ĖÄ
                   ‚ĖÄ                              ‚ĖÄ
                                     
                  KiNOBOX, iMMORTALs, DiAMOND, ViTE, AFO, BeStDivX
 
                  ALLiANCE, DoNE, HLS, VoMiT, FiCO, TiDE, SAPHiRE,              
                     


                           
                              
   ‚ĖĄ                    ‚ĖĆ                     ‚ĖĆ                             ‚ĖĄ
  ‚Ėą                     ‚ĖĆ                     ‚ĖĆ                              ‚Ėą
  ‚Ėą‚ĖÄ ‚ĖÄ‚ĖÄ‚ĖÄ‚ĖÄ‚ĖÄ‚ĖÄ‚ĖÄ‚ĖÄ‚ĖÄ‚ĖÄ‚ĖÄ‚ĖÄ‚ĖÄ‚ĖÄ‚ĖÄ‚ĖÄ‚ĖÄ‚ĖÄ‚ĖÄ‚ĖÄ‚ĖÄ‚ĖÄ‚ĖÄ‚ĖÄ‚ĖÄ‚ĖÄ  ‚ĖÄ  ‚ĖÄ‚ĖÄ‚ĖÄ‚ĖÄ‚ĖÄ‚ĖÄ‚ĖÄ‚ĖÄ‚ĖÄ‚ĖÄ‚ĖÄ‚ĖÄ‚ĖÄ‚ĖÄ‚ĖÄ‚ĖÄ‚ĖÄ‚ĖÄ‚ĖÄ‚ĖÄ‚ĖÄ‚ĖÄ‚ĖÄ‚ĖÄ‚ĖÄ‚ĖÄ‚ĖÄ‚ĖÄ‚ĖÄ‚ĖÄ‚ĖÄ‚ĖÄ‚ĖÄ‚ĖÄ‚ĖÄ‚ĖÄ‚ĖÄ‚ĖÄ‚ĖÄ ‚ĖÄ‚Ėą
   ‚ĖÄ ‚ĖÄ‚ĖÄ‚ĖÄ‚ĖÄ‚ĖÄ‚ĖÄ‚ĖÄ‚ĖÄ‚Ėą‚ĖÄ‚ĖÄ‚ĖÄ‚ĖÄ‚ĖÄ‚ĖÄ‚ĖÄ‚ĖÄ‚ĖÄ‚ĖÄ‚Ėą‚ĖÄ‚ĖÄ‚ĖÄ‚ĖĆ‚ĖÄ‚ĖÄ  ‚ĖÄ  ‚ĖÄ‚ĖÄ‚ĖÄ‚ĖÄ‚ĖÄ‚ĖÄ‚ĖÄ‚ĖÄ‚ĖÄ‚ĖÄ‚ĖĆ‚ĖÄ‚ĖÄ‚ĖÄ‚ĖÄ‚ĖÄ‚ĖÄ‚ĖÄ‚ĖÄ‚ĖÄ‚ĖÄ‚ĖÄ‚ĖÄ‚ĖÄ‚ĖÄ‚ĖÄ‚ĖÄ‚ĖÄ‚ĖÄ‚ĖÄ‚ĖÄ‚ĖÄ‚ĖÄ‚ĖÄ‚ĖÄ‚ĖÄ‚ĖÄ‚ĖÄ‚ĖÄ ‚ĖÄ      
   ‚Ėą‚Ėą‚ĖĄ‚ĖĄ‚ĖĄ     ‚Ėź          ‚Ėź   ‚ĖĆ             ‚ĖĄ   ‚ĖĆ 
   ‚Ėą‚Ėď ‚ĖÄ‚Ėą‚ĖÄ‚ĖÄ‚ĖÄ‚ĖĄ ‚Ėź‚ĖÄ‚ĖÄ‚ĖÄ‚ĖÄ‚ĖÄ‚ĖÄ‚ĖÄ‚ĖÄ‚ĖÄ‚ĖÄ‚ĖÄ   ‚ĖĆ           ‚ĖÄ ‚ĖĎ ‚ĖÄ‚ĖÄ‚ĖÄ‚ĖÄ‚ĖÄ‚ĖÄ‚ĖÄ‚ĖÄ‚ĖÄ‚ĖÄ‚ĖÄ‚ĖÄ‚ĖÄ‚ĖÄ‚ĖÄ‚ĖÄ‚ĖÄ‚ĖÄ‚ĖÄ‚ĖÄ‚ĖÄ‚ĖÄ‚ĖÄ‚ĖÄ‚ĖÄ‚ĖÄ‚ĖÄ‚ĖÄ‚ĖÄ‚ĖÄ‚Ėą
   ‚Ėą‚ĖĎ ‚Ėí ‚ĖĄ‚ĖĄ   ‚Ėź      ‚ĖĄ‚ĖĄ  ‚ĖÄ‚ĖÄ  ‚ĖĄ‚ĖĄ            ‚ĖĄ     - [ ascii by slim 2k5] -  ‚Ėą
   ‚Ėď‚ĖĎ‚Ėź‚ĖÄ‚Ėą‚Ėą‚Ėą‚Ėą‚ĖĄ‚ĖĄ‚Ėą   ‚ĖÄ‚Ėą‚Ėą‚Ėą‚Ėą‚ĖÄ   ‚ĖĄ   ‚ĖÄ‚ĖÄ‚Ėą‚ĖĄ‚ĖĄ‚ĖĄ      ‚ĖÄ‚Ėą‚ĖĄ ‚Ėź           ‚ĖĄ‚ĖĄ‚ĖĄ‚ĖĄ‚ĖĄ‚ĖĄ‚ĖĄ‚ĖĄ‚ĖĄ‚ĖĄ‚ĖĄ‚ĖĄ‚ĖĄ‚ĖĄ‚ĖĄ‚ĖĄ‚Ėą
   ‚Ėď‚ĖĎ‚Ėź‚Ėí‚Ėą‚Ėą‚Ėą‚Ėź‚ĖÄ‚ĖÄ‚Ėą‚Ėą‚Ėą‚ĖĄ ‚Ėď‚Ėą‚Ėą‚Ėą ‚ĖĄ‚ĖĄ‚Ėą‚Ėą‚Ėą‚ĖĄ‚ĖĄ   ‚Ėą‚Ėą‚ĖÄ‚Ėą‚Ėą‚Ėą     ‚ĖÄ‚Ėą‚Ėą‚ĖĄ          ‚Ėą
   ‚Ėí‚Ėí‚Ėź‚Ėí‚Ėą‚Ėą‚Ėą‚Ėź  ‚ĖĆ‚Ėą‚Ėą‚Ėą‚Ėą‚ĖĄ‚Ėď‚Ėą‚Ėą  ‚ĖĆ‚Ėą‚Ėą‚Ėą‚Ėď‚Ėź  ‚Ėą‚Ėą‚Ėą‚ĖĎ‚ĖÄ‚Ėą‚Ėą‚Ėą‚ĖĄ    ‚ĖÄ‚Ėą‚Ėą‚Ėą‚ĖĄ       ‚ĖÄ‚Ėď‚ĖÄ
   ‚Ėí‚Ėí‚Ėź‚Ėí‚Ėą‚Ėą‚Ėą‚Ėź  ‚ĖĆ ‚Ėą‚Ėą‚Ėą‚Ėą‚Ėą‚Ėą‚Ėą  ‚ĖĆ‚Ėą‚Ėą‚Ėą‚Ėí‚Ėź‚ĖĎ‚Ėą‚Ėą‚Ėą ‚Ėź  ‚ĖÄ‚Ėą‚Ėą‚Ėą    ‚Ėź‚ĖÄ‚Ėą‚Ėą‚Ėą‚ĖĄ
   ‚ĖĎ‚Ėď‚Ėź‚Ėí‚Ėą‚Ėą‚Ėą‚Ėź‚ĖĄ ‚ĖĆ  ‚ĖÄ‚Ėą‚Ėą‚Ėą‚Ėą‚Ėą  ‚Ėí‚Ėą‚Ėą‚Ėą‚Ėí‚Ėź‚ĖÄ‚Ėą‚Ėą‚Ėą ‚Ėź   ‚ĖĎ‚Ėą‚Ėď    ‚Ėź  ‚Ėą‚Ėą‚Ėą‚ĖĎ     ‚ĖÄ‚ĖĎ
   ‚Ėí‚Ėí‚Ėź‚Ėí‚Ėą‚Ėą‚Ėą‚Ėź  ‚ĖĆ  ‚Ėď‚Ėą‚Ėą‚Ėą‚Ėą‚Ėą ‚ĖÄ‚ĖĆ‚Ėą‚Ėą‚Ėą‚Ėí‚Ėź ‚Ėą‚Ėą‚Ėą‚ĖĎ‚Ėź    ‚ĖÄ     ‚Ėź   ‚Ėą‚Ėą‚Ėą‚ĖĎ      ‚ĖÄ 
   ‚Ėí‚Ėí‚Ėź‚Ėí‚Ėą‚Ėą‚Ėą‚Ėź    ‚Ėą‚Ėą‚Ėą‚Ėą‚Ėą‚Ėą‚Ėą  ‚ĖĆ‚Ėą‚Ėą‚Ėą‚Ėí‚Ėź ‚Ėą‚Ėą‚Ėą‚Ėą‚Ėą‚ĖÄ‚ĖÄ    ‚ĖÄ‚ĖÄ‚ĖÄ‚ĖÄ‚Ėź‚ĖÄ‚ĖÄ‚ĖĎ‚Ėą‚Ėą‚Ėą‚ĖÄ‚ĖÄ‚ĖÄ‚ĖÄ‚ĖÄ‚ĖÄ‚ĖÄ‚ĖÄ‚ĖÄ  ‚ĖÄ
   ‚Ėď‚ĖĎ‚Ėź‚Ėí‚Ėą‚Ėą‚Ėą‚Ėź  ‚ĖĆ‚Ėą‚Ėą‚Ėą‚Ėą‚ĖÄ‚Ėď‚Ėą‚Ėą  ‚ĖĆ‚Ėą‚Ėą‚Ėą‚Ėí‚Ėź ‚Ėą‚Ėą‚Ėą‚ĖĎ‚Ėź    ‚Ėą     ‚Ėź  ‚ĖĎ‚Ėą‚Ėą‚Ėą      ‚ĖĎ‚ĖÄ
   ‚Ėď‚ĖĎ‚Ėź‚Ėí‚Ėą‚Ėą‚Ėą‚Ėď ‚ĖĄ‚Ėą‚Ėą‚Ėą‚ĖÄ ‚ĖĎ‚Ėą‚Ėą‚Ėą  ‚ĖĆ‚Ėą‚Ėą‚Ėą‚Ėí‚Ėź ‚Ėą‚Ėą‚Ėą‚ĖĎ‚Ėź    ‚Ėď     ‚Ėź  ‚ĖĎ‚Ėą‚Ėą‚Ėą     ‚ĖÄ
   ‚Ėą ‚Ėź‚Ėí‚Ėą‚Ėą‚Ėą‚Ėą‚Ėą‚ĖÄ‚ĖĆ    ‚ĖĎ‚Ėą‚Ėą‚Ėą  ‚ĖĆ‚Ėą‚Ėą‚Ėą‚Ėí‚Ėź‚ĖĎ‚Ėą‚Ėą‚Ėą‚ĖĎ‚Ėź    ‚ĖĎ     ‚Ėź ‚Ėą‚Ėą‚Ėą‚ĖÄ
   ‚Ėą‚Ėą‚ĖĄ‚ĖÄ‚ĖÄ‚ĖĎ‚ĖÄ‚ĖÄ  ‚ĖĆ     ‚ĖĎ‚Ėą‚Ėą‚ĖĄ ‚ĖĆ‚Ėą‚Ėą‚Ėí  ‚ĖÄ‚Ėą‚Ėą‚Ėą‚ĖÄ           ‚ĖĄ‚Ėą‚ĖÄ‚ĖÄ
   ‚Ėď‚ĖÄ‚Ėą‚Ėą‚ĖĄ     ‚ĖĆ       ‚ĖÄ‚Ėą‚Ėą‚Ėą‚ĖÄ      ‚Ėą        ‚ĖĄ‚ĖĄ ‚ĖÄ‚ĖÄ‚Ėź
   ‚Ėí  ‚Ėź‚ĖÄ‚ĖÄ‚Ėą‚ĖĄ‚ĖĄ ‚ĖĆ                         ‚ĖÄ      ‚Ėź
   ‚ĖĎ        ‚ĖÄ‚ĖĆ‚ĖĄ                               ‚Ėź                             
   ‚ĖĎ         ‚ĖĆ ‚Ė†                                                        
            ‚ĖĄ‚ĖĆ‚ĖĄ
   ‚ĖĎ         ‚ĖĆ
