████████████████▓▓▓▓▓▓▓▓▓▓▓▓▓▓▒▒▒▒▒▒▒▒▒ 
████████████████▓▓▓▓▓▓▓▓▓▓▓▓▓▓▒▒▒▒▒▒                  ▒    ▒▓▓▓▒ ▓
██████████████▓▓▓▓▓▓▓▓▓▓▓▓▓▓▒▒▒▒▒▒                 ▒▓▓▓▒  ▓▓▒▒▓▒▓▓    ▒
██████████████▓▓▓▓▓▓▓▓▓▓▓▓▓▓▒▒▒▒▒      ▒▒     ▒▒  ▒▓▓▒▓▓ ▒▓▒    ▒▓▒  ▒▓▒
████████████▓▓▓▓▓▓▓▓▓▓▓▓▓▓▒▒▒▒▒        ▓▓    ▓█▓▒ ▓▓  ▓▓ ▒▓▒     ▒▓  ▒▓▒
████████████▓▓▓▓▓▓▓▓▓▓▓▓▓▓▒▒▒▒             ▓▓█▓▓▓▒▓▒  ▓▓ ▒▓       ▓▓ ▓▓
███████████▓▓▓▓▓▓▓▓▓▓▓▓▓▓▒▒▒            ▒  ▓▓▒ ▒▒▒▓▒  ▒▓ ▒▓▒      ▒▓▒▓▒
████████▓▓▓▓▓▓▓▓▓▓▓▓▓▓▒▒▒▒             ▓█  ▓█    ▒▓▒  ▒▓▒ ▓▓  ▒▒   ▓▓▓▒
██████▓▓▓▓▓▓▓▓▓▓▓▓▓▓▒▒▒▒           ▒   ▒█  ▓▓     ▓▓  ▓▓▒ ▒▓▓▓▓▓   ▒▓▓
████▓▓▓▓▓▓▓▓▓▓▓▓▓▓▒▒▒▒         ▒▒▒███▓ ▓█▒ ▓█     ▓█▓▓▓▓▓  ▒▓▓▓▒   ▒▓▒
████▓▓▓▓▓▓▓▓▓▓▓▓▓▓▒▒        ▒▒ ████▓██ ▒█▒ ▓█     ▒███▓▒▓    ▒     ▒▓▒
███▓▓▓▓▓▓▓▓▓▓▒▒            ▓██ ▓██  ██ ▒█▓ ▒█▒      ▓▒   ▒▒▒▒▓▓▓▓▓▓▓█▓▒▒▒
███▓▓▓▓▓▓▒▒               ▓███▒▒█▒  ▓█▒ █▓ ▒█▓      ▒▓███████████████████▒
                         ▓█▓ ▒ ▒█▓  ▓█▒ ██  ▓   ▒▓█████████▓▓▓▒▒▒▒▒█▓▒▒▒▒
    ▒▓▒           ▓▒▒██▓  ██▒▒   ██ ▒██  ▒▒  ▒▓███████▓▒▒▒          ▓▒
   ▓████    ▓▓▒   ██████ ▒█████  ████▓    ▒▓█▓▓▓▓▓▒▒                      ███
   ██▓▒██  ████▓  ███▒▓█▓ ▒▓▓██▓ ▓█▓▓  ▒▓▓▓▓▓▒▒                   ▒▒▒▒▓▓█████
  ▒█▓     ▒██▒▓█▒ ██▓ ▒█▓    ▓█▒ ▒▓▒▒▓▓▓▓▒▒                ▒▒▒▒▒▒▒▒▒▒▒▒▒▓▓███
  ▒█▓     ▓█▒  ██ ▓█▒  █▓ ▓▓█▓▒ ▒▓▓▓▓▒▒              ▒▒▒▒▒▒▒▒▒▒▒▒▒▓▓▓████████
   ██     ██   ▓█ ▓█▒  ▓█▒▒▒▓▓▓▓▓▓▓              ▒▒▒▒▒▒▒▒▒▒▒▒▒▓▓▓████████████
   ▒██▓▒▓▒▒█▓ ▒█▓ ▒█▒  ▒▓▓▓█▓▒▒  ▓▒           ▒▒▒▒▒▒▒▒▒▒▒▒▒▓▓▓███████████████
    ▒████▒ ▓████▒ ▒▓▓▓▓▓▓▒               ▒▒▒▒▒▒▒▒▒▒▒▒▒▓▓▓████████████████████
  ▓████▓▓▓▓▓▓▓█▓█▓▓▒▒▒             ▒▒▒▒▒▒▒▒▒▒▒▒▒▓▓▓██████████████████████████
  ▒▓▓▓▓▓▓▓▓▒▒▒                ▒▒▒▒▒▒▒▒▒▒▒▒▒▓▓▓███████████████████████████████


 U───────────────────────────────[ PRESENTS ]───────────────────────────────U

           Release Name.......[ Order.Of.War-CPY
           Release Date.......[ 18/09/2009
           Shop Release Date..[ -
           Format.............[ Iso
           Release............[ Game
           Genre..............[ RTS
           Protection.........[ Steamstub New
           Files N............[ 35x100MB
 U─────────────────────────────[ INFORMATION ]─────────────────────────────U
           
           Order of WarAn opening scene shows a beautifully animated recreation 
           of the arrows moving across Europe as representations of the Allied 
           and Nazi province as they sweep across France. So when you're expecting 
           Dad's Army û The Game, and instead get something of a Hollywood version 
           of an RTS, you're bound to be a little bit disappointed. It's my own fault 
           though, and I should have realised when Clive Dunn wasn't singing the 
           theme tune.So where are we? Ah yes, Order of War. A serious and cinematic 
           World War II RTS. There's been lots of talk about how strange it is that 
           Japanese game company Square Enix has chosen this title to invade û sorry,
           bad choice of words - branch out into worldwide publishing, but to be quite 
           honest it was probably the saviour of the game. As a real-time strategy title, 
           Order of War perhaps wouldn't satisfy the typically hardcore fan, but the 
           superbly high production values plaster over a great many cracks to create a 
           game that's supremely watchable - even if it doesn't play blindingly well.
                    
           Instructions:                     
         
           -Burn or mount the image
          
           -Install
          
           -Copy and overwrite the executable in installation dir
         
           -Play         

           Note:
 
           This versione includes the Pre-Purchase DLC

           Many thanks to all our supporters -- you know who you are.

 U────────────────────────────────[ GROUP  ]────────────────────────────────U

           Established in 1999, we are possibly the oldest Italian-based
           release group still in activity.  We express a big THANK YOU to
           all those friends who helped us in various forms throughout these
           years!  Don't forget to support the companies and to keep the
           Scene about FUN. :-)

           Fondato nel 1999, CPY e' probabilmente il piu' vecchio gruppo
           release in Italia ancora in attivita'.  Ringraziamo DI CUORE tutti
           gli amici che ci hanno aiutati in ogni maniera in questi anni!
           Ricordate di supportare le compagnie cinematografiche e di
           software, e che la Scena dev'essere basata sul DIVERTIMENTO. :-)

           Contact: cpy@hushmail.com 

 U──────────────────────────────────────────────────────────────────────────U
