                                        ■                                      
                                                                               
                                        ▐▌                                     
                                    ·   ▐▌                                     
                                ▄▓▄     █▓     ▄▓▄                             
                                 █     ▓██▓   · █                              
               ░                 ▀    ▄███▓▓    ▀               ░              
                            ·        ▄▓████▓▄                                  
               ▒     ■   ▓▌   ■▀▓▓█████████████▓▓▓■▀  ▐▓   ■    ▒              
               ▓        ▓██▄     ▀▀████████████▀▀    ▄██▓       ▓              
               █     ▀███████▓▀     ▓▓███▓████    ▀▓███████▀    █              
               █       ▓█████      ▄▓███▀▀▓▓██▄     █████▓      █              
               ▄      ▐█▀  ▀▓▌    ▐▓██▀    ▀▓▓█▌   ▐▓▀  ▀█▌ oPi ▄              
            ▄▄███▄▄▄▄▄▀▄▄▄▄▄▄▀▄▄▄▄▓█▀▄▄▄▄▄▄▄▄▀▓█▄▄▄▀▄▄▄▄▄▄▀▄▄▄▄███▄▄           
  ▄▄ ▄███████▒▒█▀▄▄▄▄▄▄▄▄▄▄▄▄▄▄▄▄▓▀▄▄ ▄▄▄▄▄▄▄▄ ▀▓▄▄▄▄▄▄▄▄▄▄▄▄▄▄▀█▒▒▒▒█████▄ ▄▄ 
 ███ █▒▒█▀▀▀▀▀▒█ ▄▄▄▄▄▄ ████████▀████ ██▀▀██▀█ ██▀██████ ▄▄▄▄▄▄ █▒▀▀▀▀▀█▒▒█ ███
 ▓▓▓ █▒█ ▓▓▓▓ ▒█ ▀██▀▀█ ▓▓▓▓▓▓▓▓▓▓▓▓▓ ▀▀▀ ▒█  ▓▓▓▓▓▓▓▓▓▓ █▀▀██▀ ██ ▓▓▓▓ █▒█ ▓▓▓
 ▓▓▓ █▒█ ▓▓▓▓ █ ▓ ██ ▓ ▓▓▓▓▓▓▓▓▓▓▓▓▓▓▓▓▓▓ ▒█ ▓▓▓▓▓▓▓▓▓▓▓▓ ▓ █▒ ▓ █ ▓▓▓▓ █▒█ ▓▓▓
 ▒▒▒ █▒█ ▒▒▒▒▒ ▒▒ ▒█ ▒▒ ▒▒▒▒▒▒▒▒▒▒▒▒▒▒▒▒▒ ▒█ ▒▒▒▒▒▒▒▒▒▒▒ ▒▒ █▒ ▒▒  ▒▒▒▒ █▒█ ▒▒▒
 ░░░░▐█▒█▄ ░░ █▄▄▄██▄▄▄█ ░░░░░░░░░░░░░░░░ ▒█ ░░░░░░░░░░ █▄▄▄██▄▄▄█ ░░ ▄█▒█▌░░░░
      ▀████▄  █▀  ▒█  ▀█ ▄▄▄▄▄▄▄▄▄▄▄▄▄▄▄▄▄▄▄   ▄▄▄▄▄▄▄▄ █▀  ██  ▀█  ▄█▒██▀     
 ░░░░░░ ▀██▒█▄▀ ░ ▒█ ░░ ▒█▀▀▀▀███▀▀█ ███▀▀▀█  ▒▒██▀▀▀▀▀▒ ░░ █▒ ░ ▀▄████▀ ░░░░░░
 ▒▒▒▒▒▒▒▒ ▀██▒█▄  ▒█ ▒ ▒██ ▒▒ ▒▒█ ▒  ██▒  ██  ▒██▀ ▒▒ █▒ ▒▒ █▒  ▄█▒██▀ ▒▒▒▒▒▒▒▒
 ▓▓▓▓▓▓▓▓▓▓ ▀█▒██ ▒█ ▓ ▒█ ▓▓▓▓ ▒█ ▓▓ ██▒  ▄▄  ▒██       ▓▓▓ █▒ ██▒█▀ ▓▓▓▓▓▓▓▓▓▓
 ▓▓ ▄ ▓▓▓▓▓▓ █▒▒█ ▒█ ▓ ▒█ ▓▓▓▓ ▒█ ▓▓ ██▒  ▒█  ▀▀█▀▀▀▀▀█ ▓▓▓ █▒ ██▒█ ▓▓▓▓▓▓ ▄ ▓▓
 ██ ██ █████ █▒▒█ ▒█ █ ███ ██ ▒██ █  ██▒  ▒█  ██ ▄ ███  ███ █▒ ██▒█ █████ ██ ██
 ██ █▒█▄▄▄▄▄▄█▒▒█ ▒█▄▄█ ▒█▄▄▄▄███▄▄█ ██▒  ▒█▄▄▄█ █▄▄▄▄▄█ ▄▄▄██ ██▒█▄▄▄▄▄▄█▒█ ██
  ▀ █▒▒▒▒▒▒▒▒▒█▀▀▀▀▀▀▀▀  ▀▀▀▀▀▀▀▀▀▀▀▀▀▀▀▀ ▀▀▀▀▀▀ ▀▀▀▀▀▀▀▀▀▀▀▀▀▀▀▀█▒▒▒▒▒▒█▒▒█ ▀ 
    ██                                                            ·       ██   
    █     ░░                                         ▄▓▄   ■   ▓▌   ■ ░    █   
    █    ░▒▒░                                     ■   █       ▓██▄    ▒    █   
    █    ▒▓▓▒                                         ▀    ▀▓██████▓▀ ▓    █   
         ▓██▓      RELEASE.DATE___27/04/2012            iNFo ▓█████ ▓▓▓        
         ████      DVD.DATE_______15/03/2012                ▐█▀  ▀█▌███        
         ████      PROD.YEAR______2012                      ▀      ▀▐██        
         ████      SOURCE_________DVD                            ■ ████        
         ████      AUDIO.BITRATE__128 kb/s VBR MP3                 ██▓█        
         ████      VIDEO.BITRATE__1753 kb/s                        ██▓█        
         ████      COMPANY________Wicked Pictures                   ██▓█        
         ████                                                      ██▓█        
         █▓██      SiZE.CD1_______50x15Mb                          ██▓█        
         █▓██      SiZE.CD2_______50x15Mb                          ██▓█        
         █▓██      RUNNING.TIME___1h43m06s                         █▓▓█        
         █▓██      CODEC__________XviD                             ▓▀▀▓        
         █▓██      GENRE__________Feature                            ▓▌         
         █▓██                                                     ▄███▄        
         █▓██                                                   ▀▓██████▓▀     
         █▓██                          ▐▌                     ■   ▓█████       
         █▓██                      ·   ▐▌                        ▐█▀▄▄▀█▌·     
         █▓██             ·    ▄▓▄     █▓     ▄▓▄                ▀ ▓██▓ ▀      
         █▓██      ■   ▓▌   ■   █     ▓██▓   · █   ■   ▐▓   ■  ▄   ▒▓▓▒        
         █▓██         ▓██▄      ▀    ▄███▓▓    ▀      ▄██▓    ▀▓▀  ░▒▒░        
         █▓██  ·   ▀███████▓▀       ▄▓████▓▄       ▀▓███████▀  ▀    ░░         
         █▓██        ▓█████  ▀▀▓▓█████████████▓▓▓▀▀  █████▓    ·               
         █▓██       ▐█▀  ▀▓▌    ▀▀████████████▀▀    ▐▓▀  ▀█▌                   
         █▓▓█   ▄   ▀      ▀       ▓▓███▓████       ▀    · ▀                   
         ▓▀▀▓  ▀▓▀·    ■          ▄▓███▀▀▓▓██▄                                 
          ▐▓    ▀                ▐▓██▀    ▀▓▓█▌                                
         ▄██▓▄                   ▓█▀        ▀▓█                                
      ▀▓███████▀                ▓▀            ▀▓                               
        █████▓   ■             ▀                ▀                              
    ·  ▐▓▀▄▄▀█▌                                                                
       ▀ ▓▓▓▓ ▀                                                                
         ▓██▓                                                                  
         ████                                                                  
         ████                 
         █▓██                                                                  
         █▓██         http://www.cduniverse.com/productinfo.asp?pid=8706792&style=ice
         █▓██                                                                  .
         █▓██                                                                  
         █▓██                                                                  
         █▓██    Cast : Gracie Glam, Krissy Lynn, Nicole Aniston, Danny Mountain,
         █▓██                Ramon Nomar, Seth Gamble, Bill Bailey, Juelz Ventura,
         █▓██           Jessie Rogers, Barry Scott, Richie, Brad Tyler
         █▓██           
         █▓██                                                                  
         █▓██                                                                  
         █▓▓█                                                                  
         █▓██                                                                  
         ▓▀▀▓                                                                  
          ▐▓                                                                   
         ▄██▓                                                                  
      ▀▓███████▀                       ▐▌                                      
        █████▓                     ·   ▐▌                                      
    ·  ▐█▀▄▄▀█▌           ·    ▄▓▄     █▓     ▄▓▄                              
       ▀ ▓██▓ ▀    ■   ▓▌   ■   █     ▓██▓   · █   ■   ▐▓   ■                  
         ▒▓▓▒ ·       ▓██▄      ▀    ▄███▓▓    ▀      ▄██▓          ░░         
         ░▒▒░  ▄   ▀███████▓▀       ▄▓████▓▄       ▀▓███████▀      ░▒▒░        
          ░░  ▀▓▀    ▓███▓█  ▀▀▓▓█████████████▓▓▓▀▀  █████▓    ▄   ▒▓▓▒        
               ▀    ▐█▀  ▀█▌    ▀▀████████████▀▀    ▐▓▀  ▀█▌  ▀▓▀  ▓▀▀▓        
                    ▀      ▀       ▓▓███▓████       ▀    · ▀   ▀    ▓▌         
                  ·               ▄▓███▀▀▓▓██▄                 ·   ▓██▄        
                                 ▐▓██▀    ▀▓▓█▌                 ▀███████▓▀     
                                 ▓█▀  nEWs   ▓█               ■   ▓█████       
                                ▓▀     &&     ▀▓                 ▐█▀▄▄▀█▌·     
                               ▀   gREETiNGs    ▀                ▀ █▓██ ▀      
                                                                   █▓██        
                             WE ARE THE STARLETS.                  █▓▓█        
                        HERE TO BRING YOU HIGH QUALITY             ▓▀▀▓        
                           PORN FOR YOUR PLEASURE.                  ▓▌         
                                                                  ▄▓██▄        
                    LOOKING FOR PRE-STORE/STORE SUPPLIERS.      ▀███████▓▀     
                                                                  ▓█████       
                                                                 ▐█▀▄▄▀█▌·     
                        AFFECTION BLOW CONDITION COCAIN      ▄   ▀ ▓██▓ ▀      
                                                            ▀▓▀    ▒▓▓▒        
                       DoggPound DPXXXHD EDGEISO SHOCKISO    ▀     ░▒▒░        
                                                    ▐▓   ■   ·      ░░         
                                     ▐▌            ▄██▓      oPi               
                                    ▄▓█▄   ▄▓▄  ▀▓███████▀  20 09              
                                    ▄▀▀▄  · █     █████▓                       
                                              ■  ▐█▀  ▀█▌                      
                                                 ▀    · ▀
