ÔĽŅ                                                                               
                                                                               
        ‚ĖĄ ‚ĖĄ‚ĖĄ‚ĖĄ                                                                  
        ‚Ėą  ‚ĖÄ‚Ėą‚Ėą‚Ėą‚ĖĄ‚ĖĄ‚ĖĄ                                                             
       ‚Ėź‚ĖĆ   ‚Ėź‚Ėą‚Ėą‚Ėą‚Ėą‚Ėą‚Ėą‚Ėą‚ĖĄ                    ‚ĖĄ                                     
      ‚Ėź‚ĖĆ     ‚Ėź‚Ėą‚Ėą‚Ėą‚Ėą‚Ėą‚ĖĎ ‚ĖÄ‚ĖÄ‚Ėą                ‚ĖÄ‚Ėď‚ĖÄ                                    
     ‚Ėź‚Ėą       ‚Ėź‚Ėą‚Ėą‚Ėą‚Ėą‚Ėą    ‚ĖÄ‚ĖÄ‚Ėą‚ĖĄ                                                   
     ‚Ėą‚ĖĆ       ‚Ėź‚Ėą‚Ėą‚Ėą‚Ėą‚Ėą‚ĖĎ       ‚Ėą‚Ėą‚ĖĄ‚ĖĄ                                  ‚ĖĄ‚Ėď‚ĖĄ          
    ‚Ėą‚Ėą        ‚Ėź‚Ėą‚Ėą‚Ėą‚Ėą‚Ėą‚Ėą        ‚Ėą‚Ėą‚Ėą‚Ėą‚Ėą‚Ėą‚ĖĄ‚ĖĄ                 ‚ĖĄ‚ĖĄ           ‚ĖÄ           
    ‚Ėą‚Ėą‚Ėą        ‚Ėą‚Ėą‚Ėą‚Ėą‚Ėą‚Ėą‚ĖĎ       ‚Ėź‚Ėą‚Ėą‚Ėą‚Ėą‚Ėą‚ĖÄ‚ĖÄ‚Ėą‚Ėą‚ĖĄ‚ĖĄ            ‚Ėď‚Ėď‚Ėď‚Ėď                      
    ‚ĖÄ‚ĖÄ‚ĖÄ‚Ėą‚ĖĄ‚ĖĄ     ‚Ėź‚Ėą‚Ėą‚Ėą‚Ėą‚Ėą‚Ėą        ‚Ėą‚Ėą‚Ėą‚Ėą‚Ėą‚ĖĎ   ‚ĖÄ‚ĖÄ‚Ėą‚Ėą‚ĖĄ‚ĖĄ         ‚ĖÄ‚ĖÄ                       
          ‚ĖÄ‚ĖÄ‚Ėą‚ĖĄ‚ĖĄ‚Ėź‚Ėą‚Ėą‚Ėą‚Ėą‚Ėą‚Ėą‚ĖĎ       ‚Ėź‚Ėą‚Ėą‚Ėą‚Ėą‚Ėą       ‚ĖÄ‚Ėą‚Ėą‚Ėą‚ĖĄ‚ĖĄ                              
              ‚ĖÄ‚ĖÄ‚ĖÄ‚Ėą‚Ėą‚Ėą‚Ėą‚Ėą‚Ėą        ‚Ėą‚Ėą‚Ėą‚Ėą‚Ėą‚ĖĎ        ‚Ėą‚Ėą‚Ėą‚Ėą‚Ėą‚Ėą‚Ėą‚ĖĄ                          
          ‚ĖĄ        ‚ĖÄ‚ĖÄ‚Ėą‚Ėą‚Ėą‚ĖĄ‚ĖĄ     ‚Ėź‚Ėą‚Ėą‚Ėą‚Ėą‚Ėą        ‚Ėź‚Ėą‚Ėą‚Ėą‚Ėą‚Ėą‚ĖĎ‚ĖÄ‚Ėą‚Ėą‚ĖĄ                       
         ‚ĖÄ‚Ėď‚ĖÄ            ‚ĖÄ‚ĖÄ‚Ėą‚Ėą‚ĖĄ‚ĖĄ‚ĖĄ ‚Ėą‚Ėą‚Ėą‚Ėą‚Ėą‚Ėą‚ĖĎ       ‚Ėą‚Ėą‚Ėą‚Ėą‚Ėą‚Ėą   ‚ĖÄ‚ĖÄ‚Ėą‚Ėą‚ĖĄ‚ĖĄ                  
                            ‚ĖÄ‚ĖÄ‚Ėą‚Ėą‚Ėą‚Ėą‚Ėą‚Ėą‚Ėą‚Ėą‚Ėą       ‚Ėź‚Ėą‚Ėą‚Ėą‚Ėą‚Ėą‚ĖĎ       ‚ĖÄ‚Ėą‚Ėą‚Ėą‚ĖĄ              
                                ‚ĖÄ‚ĖÄ‚Ėą‚Ėą‚Ėą‚Ėą‚Ėą‚Ėą‚ĖĎ      ‚Ėą‚Ėą‚Ėą‚Ėą‚Ėą‚Ėą‚ĖĎ        ‚Ėď‚Ėą‚Ėą‚Ėą‚Ėą‚Ėą           
    .::.  Quality  .::.      ‚ĖĄ      ‚ĖÄ‚ĖÄ‚Ėą‚Ėą‚Ėą‚Ėą‚ĖĄ‚ĖĄ‚ĖĄ  ‚Ėź‚Ėą‚Ėą‚Ėą‚Ėą‚Ėą‚Ėą         ‚Ėź ‚Ėź‚Ėą‚ĖĆ           
                            ‚ĖÄ‚Ėď‚ĖÄ         ‚ĖÄ‚ĖÄ‚Ėą‚Ėą‚Ėą‚Ėą‚Ėą‚ĖĄ‚Ėą‚Ėą‚Ėą‚Ėą‚Ėą‚Ėą‚Ėą‚ĖĎ       ‚Ėą ‚Ėą‚ĖÄ            
                                            ‚ĖÄ‚ĖÄ‚Ėą‚Ėą‚Ėą‚Ėą‚Ėą‚Ėą‚Ėą‚Ėą‚Ėą‚Ėą      ‚Ėź‚Ėą‚Ėź‚ĖĆ             
                                               ‚ĖÄ‚ĖÄ‚Ėą‚Ėą‚Ėą‚Ėą‚Ėą‚Ėą‚Ėą‚Ėą‚ĖĎ    ‚Ėą‚Ėą‚Ėą              
       .::.    of    .::.                          ‚ĖÄ‚ĖÄ‚Ėą‚Ėą‚Ėą‚Ėą‚Ėą‚Ėą‚ĖĄ‚ĖĄ‚Ėź‚Ėą‚Ėą‚ĖĆ              
                                   ‚ĖĄ‚Ėď‚ĖĄ                 ‚ĖÄ‚ĖÄ‚Ėą‚Ėą‚Ėą‚Ėą‚Ėą‚Ėą‚Ėą      ‚ĖĄ        
                                    ‚ĖÄ                ‚ĖĄ‚ĖĄ‚ĖĄ‚Ėą‚Ėą‚Ėą‚Ėą‚Ėą‚Ėą‚Ėą‚Ėą     ‚Ėď‚Ėą‚Ėď       
                                                ‚ĖĄ‚ĖĄ‚ĖĄ‚Ėą‚Ėą‚Ėą‚Ėą‚Ėą‚Ėą‚Ėą‚Ėą‚Ėą‚Ėą‚Ėą‚Ėą‚Ėą      ‚ĖÄ        
          .::.   Movie   .::.              ‚ĖĄ‚ĖĄ‚ĖĄ‚Ėą‚Ėą‚Ėą‚Ėą‚Ėą‚Ėą‚Ėą‚Ėą‚Ėą‚Ėą‚Ėą‚Ėą‚Ėą‚Ėą‚Ėą‚Ėą‚Ėą‚Ėą‚ĖĆ              
                                      ‚ĖĄ‚ĖĄ‚ĖĄ‚Ėą‚Ėą‚Ėą‚Ėą‚Ėą‚Ėą‚Ėą‚Ėą‚Ėą‚Ėą‚Ėą‚Ėą‚Ėą‚Ėą‚Ėą‚Ėą‚Ėą‚Ėą‚Ėą‚Ėą‚Ėą‚Ėą‚Ėą‚Ėą              
                                 ‚ĖĄ‚ĖĄ‚ĖĄ‚Ėą‚Ėą‚Ėą‚Ėą‚Ėą‚Ėą‚Ėą‚Ėą‚Ėą‚Ėą‚Ėą‚Ėą‚Ėą‚Ėą‚Ėą‚Ėą‚Ėą‚Ėą‚Ėą‚Ėą‚Ėą‚Ėą‚Ėą‚Ėą‚Ėą‚Ėą‚Ėą‚Ėą‚Ėą              
                             ‚ĖĄ‚ĖĄ‚Ėą‚Ėą‚Ėą‚Ėą‚Ėą‚Ėą‚Ėą‚Ėą‚Ėą‚Ėą‚Ėą‚Ėą‚Ėą‚Ėą‚Ėą‚Ėą‚Ėą‚Ėą‚Ėą‚Ėą‚Ėą‚Ėą‚Ėą‚Ėą‚ĖÄ‚ĖÄ‚ĖÄ‚ĖÄ‚Ėą‚Ėą‚Ėą‚Ėą‚Ėą‚Ėą‚ĖĆ             
       ‚ĖĄ‚Ėď‚ĖĄ              ‚ĖĄ‚ĖĄ‚ĖĄ‚Ėą‚Ėą‚Ėą‚Ėą‚Ėą‚Ėą‚Ėą‚Ėą‚Ėą‚Ėą‚Ėą‚Ėą‚Ėą‚Ėą‚Ėą‚Ėą‚Ėą‚Ėą‚Ėą‚Ėą‚Ėą‚Ėą‚Ėą‚Ėą‚Ėą‚Ėą‚ĖĎ      ‚Ėą‚Ėą‚Ėą‚ĖĆ‚Ėź‚Ėą             
        ‚ĖÄ           ‚ĖĄ‚ĖĄ‚Ėą‚Ėą‚Ėą‚Ėą‚Ėą‚Ėą‚Ėą‚Ėą‚Ėą‚Ėą‚Ėą‚Ėą‚Ėą‚Ėą‚Ėą‚Ėą‚Ėą‚Ėą‚Ėą‚Ėą‚Ėą‚Ėą‚Ėą‚Ėą‚Ėą‚ĖÄ‚ĖÄ‚Ėą‚Ėą‚Ėą‚Ėą‚ĖĎ       ‚Ėą‚Ėą‚Ėą ‚Ėą‚ĖĆ            
               ‚ĖĄ‚ĖĄ‚Ėą‚Ėą‚Ėą‚Ėą‚Ėą‚Ėą‚Ėą‚Ėą‚Ėą‚Ėą‚Ėą‚Ėą‚Ėą‚Ėą‚Ėą‚Ėą‚Ėą‚Ėą‚Ėą‚Ėą‚Ėą‚Ėą‚Ėą‚Ėą‚Ėą‚Ėą‚Ėą‚ĖÄ     ‚Ėź‚Ėą‚ĖÄ  ‚ĖĄ‚Ėą‚Ėą‚ĖĎ  ‚Ėź‚Ėą‚Ėą ‚Ėź‚Ėą            
          ‚ĖĄ‚ĖĄ‚Ėą‚Ėą‚Ėą‚Ėą‚Ėą‚Ėą‚Ėą‚Ėą‚Ėą‚Ėą‚Ėą‚Ėą‚Ėą‚Ėą‚Ėą‚Ėą‚Ėą‚Ėą‚Ėą‚Ėą‚Ėą‚Ėą‚Ėą‚Ėą‚Ėą‚Ėą‚Ėą‚Ėą‚Ėą‚Ėą‚Ėą‚ĖĆ  ‚ĖĄ‚ĖĄ‚ĖĄ‚ĖĎ    ‚Ėź‚Ėą‚Ėą‚Ėą‚Ėď‚ĖĎ  ‚Ėą‚Ėą‚ĖĆ ‚Ėą‚ĖĆ     ‚ĖĄ‚Ėď‚ĖĄ   
      ‚ĖĄ‚ĖĄ‚Ėą‚Ėą‚Ėą‚Ėą‚Ėą‚Ėą‚Ėą‚Ėą‚Ėą‚Ėą‚Ėą‚Ėą‚Ėą‚Ėą‚Ėą‚Ėą‚Ėą‚Ėą‚Ėą‚Ėą‚Ėą‚Ėą‚Ėą‚Ėą‚Ėą‚Ėą‚Ėą‚Ėą‚Ėą‚Ėą‚Ėą‚Ėą‚Ėą‚Ėą‚Ėą  ‚Ėą‚Ėą‚Ėą‚Ėą‚Ėď‚ĖĎ   ‚Ėź‚Ėą‚Ėą‚Ėą‚Ėď‚ĖĎ  ‚Ėź‚Ėą‚Ėą ‚Ėź‚Ėą      ‚ĖÄ    
     ‚Ėź ‚Ėą‚Ėą‚Ėą‚Ėą‚Ėą‚Ėą‚Ėą‚Ėą‚Ėą‚Ėą‚Ėą‚Ėą‚Ėą‚Ėą‚Ėą‚Ėą‚Ėą‚Ėą‚Ėą‚Ėą‚Ėą‚Ėą‚Ėą‚Ėą‚Ėą‚Ėą‚Ėą‚Ėą‚Ėą‚Ėą‚ĖÄ‚ĖÄ‚ĖÄ‚Ėą‚Ėą‚ĖĎ  ‚Ėą‚Ėą‚Ėą‚Ėą‚Ėą‚Ėď‚ĖĎ  ‚Ėą‚Ėą‚Ėą‚Ėą‚Ėą‚Ėď‚ĖĎ  ‚Ėą‚Ėą‚ĖĆ ‚Ėą‚ĖĆ          
     ‚ĖĆ ‚Ėą‚Ėą‚Ėą‚Ėą‚Ėą‚Ėą‚Ėą‚Ėą‚Ėą‚Ėą‚Ėą‚Ėą‚Ėą‚Ėą‚Ėą‚Ėą‚Ėą‚Ėą‚Ėą‚Ėą‚Ėą‚Ėą‚Ėą‚Ėą‚Ėą‚Ėą‚ĖÄ‚ĖÄ          ‚Ėź‚Ėą‚Ėą‚Ėą‚Ėą‚Ėą‚Ėď‚ĖĎ ‚Ėą‚Ėą‚Ėą‚Ėą‚Ėą‚Ėď‚ĖĎ  ‚Ėź‚Ėą‚Ėą ‚Ėź‚Ėą‚ĖĆ         
     ‚ĖĆ  ‚Ėą‚Ėą‚Ėą‚Ėą‚Ėą‚Ėą‚Ėą‚Ėą‚Ėą‚Ėą‚Ėą‚Ėą‚Ėą‚ĖÄ     ‚ĖÄ‚ĖÄ‚Ėą‚Ėą‚Ėą‚Ėď             ‚Ėą‚Ėą‚Ėą‚Ėą‚Ėą‚Ėą‚Ėą‚ĖĄ‚Ėą‚Ėą‚Ėą‚Ėą‚Ėą‚Ėď‚ĖĎ   ‚Ėą‚Ėą‚ĖĆ ‚Ėą‚Ėą         
     ‚Ėź‚ĖĆ ‚Ėź‚Ėą‚Ėą‚Ėą‚Ėą‚Ėą‚Ėą‚Ėą‚Ėą‚Ėą‚ĖÄ          ‚ĖÄ‚Ėą‚Ėą‚ĖĎ     ‚ĖĄ‚ĖĄ‚ĖĄ     ‚Ėą‚Ėą‚Ėą‚Ėą‚Ėą‚Ėą‚Ėą‚Ėą‚Ėą‚Ėą‚Ėą‚Ėą‚Ėą‚Ėą‚Ėď‚ĖĎ  ‚Ėź‚Ėą‚Ėą ‚Ėź‚Ėą‚ĖĆ        
      ‚Ėą  ‚Ėą‚Ėą‚Ėą‚Ėą‚Ėą‚Ėą‚Ėą‚ĖĎ    ‚ĖĄ‚ĖĄ‚Ėą‚Ėą‚Ėą‚Ėą‚ĖĎ‚ĖĎ       ‚ĖĄ‚Ėą‚Ėą‚Ėą‚Ėą‚Ėą‚Ėď‚ĖĎ  ‚Ėź‚Ėą‚Ėą‚Ėą‚Ėą‚Ėą‚Ėą‚Ėą‚Ėą‚Ėą‚Ėď‚ĖĎ‚Ėą‚Ėą‚Ėď‚ĖĎ   ‚Ėą‚Ėą‚ĖĆ ‚Ėą‚Ėą        
      ‚Ėź‚ĖĆ ‚Ėź‚Ėą‚Ėą‚Ėą‚Ėą‚Ėą‚Ėď   ‚ĖĄ‚Ėą‚Ėą‚Ėą‚Ėą‚Ėą‚Ėą‚Ėą‚Ėą‚Ėď‚ĖĎ     ‚Ėą‚Ėą‚Ėą‚Ėą‚Ėą‚Ėą‚Ėą‚Ėą‚Ėď‚ĖĎ  ‚Ėą‚Ėą‚Ėą‚Ėď‚ĖĎ‚Ėź‚Ėą‚Ėą‚Ėą‚Ėď ‚Ėą‚Ėą‚Ėą‚Ėď‚ĖĎ  ‚Ėą‚Ėą‚Ėą ‚Ėź‚Ėą‚ĖĆ       
       ‚Ėą  ‚Ėą‚Ėą‚Ėą‚Ėą‚Ėą‚ĖĎ   ‚Ėą‚Ėą‚Ėą‚Ėą‚Ėą‚Ėą‚Ėą‚Ėą‚Ėą‚Ėą‚Ėď‚ĖĎ   ‚Ėź‚Ėą‚Ėą‚Ėą‚ĖÄ  ‚ĖÄ‚Ėą‚Ėą‚Ėď‚ĖĎ ‚Ėź‚Ėą‚Ėą‚Ėď‚ĖĎ ‚Ėź‚Ėą‚Ėą‚Ėď ‚Ėź‚Ėą‚Ėą‚Ėď‚ĖĎ  ‚Ėź‚Ėą‚Ėą  ‚Ėą‚Ėą       
       ‚Ėź‚ĖĆ ‚Ėź‚Ėą‚Ėą‚Ėą‚ĖĆ   ‚Ėź‚Ėą‚Ėą‚Ėą‚Ėą‚Ėą‚Ėą‚Ėą‚Ėą‚Ėą‚Ėą‚Ėą‚Ėď‚ĖĎ  ‚Ėź‚Ėą‚Ėą‚Ėď‚ĖĎ   ‚Ėź‚Ėą‚Ėď‚ĖĎ  ‚Ėą‚Ėą‚Ėą‚Ėď  ‚ĖÄ‚ĖÄ‚ĖÄ  ‚Ėą‚Ėą‚Ėą‚Ėď‚ĖĎ  ‚Ėą‚Ėą‚ĖĆ ‚Ėź‚Ėą‚ĖĆ      
        ‚Ėą  ‚Ėą‚Ėą‚Ėą‚ĖĆ   ‚Ėą‚Ėą‚Ėą‚Ėą‚Ėď‚ĖĎ  ‚ĖÄ‚Ėą‚Ėą‚Ėą‚Ėą‚Ėď‚ĖĎ ‚Ėź‚Ėą‚Ėą‚Ėď‚ĖĎ   ‚Ėź‚Ėą‚Ėą‚Ėď‚ĖĎ ‚Ėź‚Ėą‚Ėą‚Ėď‚ĖĎ      ‚Ėą‚Ėą‚Ėą‚Ėď‚ĖĎ  ‚Ėą‚Ėą‚Ėą  ‚Ėą‚Ėą      
        ‚Ėź‚ĖĆ ‚Ėź‚Ėą‚Ėą‚ĖĆ   ‚Ėą‚Ėą‚Ėą‚Ėď‚ĖĎ    ‚Ėź‚Ėą‚Ėą‚Ėą‚Ėď‚ĖĎ  ‚Ėą‚Ėą‚Ėą‚Ėď‚ĖĎ   ‚Ėą‚Ėą‚Ėď‚ĖĎ  ‚Ėą‚Ėą‚Ėą‚Ėď       ‚ĖÄ‚ĖÄ   ‚Ėź‚Ėą‚Ėą‚Ėą‚ĖĆ ‚Ėź‚Ėą‚ĖĆ     
         ‚Ėą‚ĖĆ ‚Ėą‚Ėą‚Ėą‚ĖĎ  ‚Ėź‚Ėą‚Ėą‚Ėď‚ĖĎ     ‚Ėą‚Ėą‚Ėą‚Ėą‚Ėď‚ĖĎ ‚Ėź‚Ėą‚Ėą‚Ėď‚ĖĎ  ‚ĖĄ‚Ėą‚Ėą‚Ėď   ‚Ėą‚Ėą‚Ėą‚Ėď  ‚Ėą‚Ėą‚Ėą‚ĖĎ      ‚Ėą‚Ėą‚Ėą‚Ėą‚Ėą  ‚Ėą‚Ėą‚ĖĆ    
         ‚Ėź‚Ėą ‚Ėź‚Ėą‚Ėą‚ĖĎ  ‚Ėź‚Ėą‚Ėą‚Ėą‚Ėď‚ĖĎ    ‚Ėź‚Ėą‚Ėą‚Ėą‚Ėď‚ĖĎ  ‚Ėź‚Ėą‚Ėą‚Ėą‚Ėą‚Ėą‚Ėą‚Ėą‚Ėą‚ĖĎ    ‚ĖÄ‚ĖÄ  ‚Ėź‚Ėą‚Ėą‚Ėą‚Ėą‚ĖĄ‚ĖĄ‚ĖĄ‚ĖĄ‚ĖĄ‚Ėą‚Ėą‚Ėą‚Ėą‚Ėą‚Ėą‚ĖĆ ‚Ėź‚Ėą‚Ėą    
          ‚Ėą‚ĖĆ ‚Ėą‚Ėą‚Ėą   ‚Ėą‚Ėą‚Ėą‚Ėą‚Ėď‚ĖĎ  ‚ĖĄ‚Ėą‚Ėą‚Ėą‚Ėą‚Ėď‚ĖĎ   ‚ĖÄ‚Ėą‚Ėą‚Ėą‚Ėą‚Ėą‚Ėą‚ĖÄ   ‚ĖĄ     ‚Ėą‚Ėą‚Ėą‚Ėą‚Ėą‚Ėą‚Ėą‚Ėą‚Ėą‚Ėą‚Ėą‚Ėą‚Ėą‚Ėą‚Ėą‚Ėą‚Ėą  ‚Ėą‚Ėą‚ĖĆ   
          ‚Ėź‚Ėą  ‚Ėą‚Ėą‚ĖĎ  ‚Ėź‚Ėą‚Ėą‚Ėą‚Ėą‚Ėą‚Ėą‚Ėą‚Ėą‚Ėą‚Ėą‚Ėą‚Ėą‚Ėď‚ĖĎ     ‚ĖÄ‚ĖÄ‚ĖÄ‚ĖÄ   ‚Ėź‚Ėą‚Ėą‚Ėą‚ĖĄ‚ĖĄ‚ĖĄ‚Ėą‚Ėą‚Ėą‚Ėą‚Ėą‚Ėą‚Ėą‚Ėą‚Ėą‚Ėą‚Ėą‚Ėą‚Ėą‚Ėą‚Ėą‚Ėą‚Ėą‚Ėą‚ĖĆ ‚Ėź‚Ėą‚Ėą   
           ‚Ėą‚ĖĆ ‚Ėź‚Ėą‚Ėą   ‚ĖÄ‚Ėą‚Ėą‚Ėą‚Ėą‚Ėą‚Ėą‚Ėą‚Ėą‚Ėą‚Ėą‚Ėď‚ĖĎ            ‚ĖĄ‚Ėą‚Ėą‚Ėą‚Ėą‚Ėą‚Ėą‚Ėą‚Ėą‚Ėą‚Ėą‚Ėą‚Ėą‚Ėą‚Ėą‚Ėą‚Ėą‚Ėą‚Ėą‚Ėą‚Ėą‚Ėą‚Ėą‚Ėą‚Ėą‚Ėą‚Ėą  ‚Ėą‚Ėą‚ĖĆ  
           ‚Ėź‚Ėą  ‚Ėą‚Ėą‚ĖĆ   ‚Ėź‚Ėą‚Ėą‚Ėą‚Ėą‚Ėą‚Ėą‚Ėą‚Ėą‚Ėď‚ĖĎ     ‚Ėą‚Ėą‚ĖĄ‚ĖĄ‚ĖĄ‚ĖĄ‚Ėą‚Ėą‚Ėą‚Ėą‚Ėą‚Ėą‚Ėą‚Ėą‚Ėą‚Ėą‚Ėą‚Ėą‚Ėą‚Ėą‚Ėą‚Ėą‚Ėą‚Ėą‚Ėą‚Ėą‚Ėą‚Ėą‚Ėą‚Ėą‚Ėą‚Ėą‚Ėą‚Ėą‚Ėą‚ĖĆ ‚Ėź‚Ėą‚Ėą  
     ‚ĖĄ      ‚Ėą‚ĖĆ ‚Ėź‚Ėą‚Ėą‚ĖĎ   ‚ĖÄ‚Ėą‚Ėą‚Ėą‚Ėą‚Ėą‚Ėą‚Ėą‚Ėď‚ĖĎ     ‚Ėź‚Ėą‚Ėą‚Ėą‚Ėą‚Ėą‚Ėą‚Ėą‚Ėą‚Ėą‚Ėą‚Ėą‚Ėą‚Ėą‚Ėą‚Ėą‚Ėą‚Ėą‚Ėą‚Ėą‚Ėą‚Ėą‚Ėą‚Ėą‚Ėą‚Ėą‚Ėą‚Ėą‚Ėą‚Ėą‚Ėą‚Ėą‚Ėą‚Ėą‚Ėą‚Ėą  ‚Ėą‚Ėą‚ĖĆ 
    ‚Ėď‚Ėą‚Ėď     ‚Ėź‚Ėą  ‚Ėą‚Ėą‚Ėą‚Ėą       ‚ĖÄ‚Ėą‚Ėą‚Ėą‚Ėą‚Ėą‚Ėą‚Ėď‚ĖĎ  ‚Ėą‚Ėą‚Ėą‚Ėą‚Ėą‚Ėą‚Ėą‚Ėą‚Ėą‚Ėą‚Ėą‚Ėą‚Ėą‚Ėą‚Ėą‚Ėą‚Ėą‚Ėą‚Ėą‚Ėą‚Ėą‚Ėą‚Ėą‚Ėą‚Ėą‚Ėą‚Ėą‚Ėą‚Ėą‚Ėą‚Ėą‚ĖÄ‚ĖÄ‚ĖÄ‚ĖÄ ‚Ėź‚Ėą‚Ėą‚Ėą 
     ‚ĖÄ      ‚Ėź‚Ėą‚ĖĆ ‚Ėą‚Ėą‚Ėą‚Ėą‚Ėą‚ĖĄ‚ĖĄ‚ĖĄ‚ĖĄ‚ĖĄ   ‚ĖÄ‚ĖÄ‚ĖÄ‚ĖÄ‚ĖÄ‚ĖÄ‚ĖĎ ‚Ėź‚Ėą‚Ėą‚Ėą‚Ėą‚Ėą‚Ėą‚Ėą‚Ėą‚Ėą‚Ėą‚Ėą‚Ėą‚Ėą‚Ėą‚Ėą‚Ėą‚Ėą‚Ėą‚Ėą‚Ėą‚Ėą‚Ėą‚Ėą‚Ėą‚Ėą‚Ėą‚ĖÄ‚ĖÄ   ‚ĖĄ‚ĖĄ‚ĖĄ‚ĖĄ‚ĖĄ‚Ėą‚Ėą‚Ėą‚Ėą 
             ‚Ėą‚Ėą ‚Ėź‚Ėą‚Ėą‚Ėą‚Ėą‚Ėą‚Ėą‚Ėą‚Ėą‚Ėą‚Ėą‚ĖĎ         ‚Ėą‚Ėą‚Ėą‚Ėą‚Ėą‚Ėą‚Ėą‚Ėą‚Ėą‚Ėą‚Ėą‚Ėą‚Ėą‚Ėą‚Ėą‚Ėą‚Ėą‚Ėą‚Ėą‚Ėą‚Ėą‚ĖÄ‚ĖÄ‚ĖÄ ‚ĖĄ‚ĖĄ‚ĖĄ‚ĖÄ‚ĖÄ‚ĖÄ‚ĖÄ‚ĖÄ‚Ėą‚Ėą‚ĖĄ      
             ‚Ėź‚Ėą‚ĖĆ ‚Ėą‚Ėą‚Ėą‚Ėą‚Ėą‚Ėą‚Ėą‚Ėą‚Ėą‚Ėą‚Ėą‚ĖĄ‚ĖĄ‚ĖĄ‚ĖĄ‚ĖĄ‚ĖĄ‚ĖĄ‚ĖĄ‚Ėą‚Ėą‚Ėą‚Ėą‚Ėą‚Ėą‚Ėą‚Ėą‚Ėą‚Ėą‚Ėą‚Ėą‚Ėą‚Ėą‚Ėą‚Ėą‚ĖÄ‚ĖÄ‚ĖÄ ‚ĖĄ‚ĖĄ‚ĖĄ‚ĖÄ‚ĖÄ‚ĖÄ‚ĖĄ‚Ėą‚Ėą      ‚ĖÄ‚Ėą‚ĖĄ     
              ‚Ėą‚Ėą ‚Ėą‚Ėą‚Ėą‚Ėą‚Ėą‚Ėą‚Ėą‚Ėą‚Ėą‚Ėą‚Ėą‚Ėą‚Ėą‚Ėą‚Ėą‚Ėą‚Ėą‚Ėą‚Ėą‚Ėą‚Ėą‚Ėą‚Ėą‚Ėą‚Ėą‚Ėą‚Ėą‚Ėą‚Ėą‚Ėą‚ĖÄ‚ĖÄ‚ĖÄ ‚ĖĄ‚ĖĄ‚ĖĄ‚ĖÄ‚ĖÄ  ‚ĖĄ‚ĖĄ‚Ėą‚Ėą‚Ėą‚Ėą‚Ėą‚Ėą       ‚Ėą‚ĖĆ    
              ‚Ėą‚Ėą ‚Ėź‚Ėą‚Ėą‚Ėą‚Ėą‚Ėą‚Ėą‚Ėą‚Ėą‚Ėą‚Ėą‚Ėą‚Ėą‚Ėą‚Ėą‚Ėą‚Ėą‚Ėą‚Ėą‚Ėą‚Ėą‚Ėą‚Ėą‚Ėą‚Ėą‚ĖÄ‚ĖÄ‚ĖÄ  ‚ĖĄ‚ĖĄ‚ĖÄ‚ĖÄ    ‚ĖĄ‚Ėą‚Ėą‚Ėą‚Ėą‚Ėą‚Ėą‚Ėą‚Ėą‚Ėą‚Ėą‚Ėą      ‚Ėź‚Ėą    
              ‚Ėź‚Ėą‚ĖĆ ‚Ėą‚Ėą‚Ėą‚Ėą‚Ėą‚Ėą‚Ėą‚Ėą‚Ėą‚Ėą‚Ėą‚Ėą‚Ėą‚Ėą‚Ėą‚Ėą‚Ėą‚Ėą‚Ėą‚ĖÄ‚ĖÄ‚ĖÄ  ‚ĖĄ‚ĖĄ‚ĖĄ‚ĖÄ‚ĖÄ       ‚Ėą‚Ėą‚Ėą‚Ėą‚Ėą‚Ėą‚Ėą‚Ėą‚Ėą‚Ėą‚Ėą‚Ėą‚Ėą      ‚Ėź‚Ėą    
               ‚Ėą‚Ėą ‚Ėą‚Ėą‚Ėą‚Ėą‚Ėą‚Ėą‚Ėą‚Ėą‚Ėą‚Ėą‚Ėą‚Ėą‚Ėą‚Ėą‚Ėą‚ĖÄ‚ĖÄ  ‚ĖĄ‚ĖĄ‚ĖĄ‚ĖÄ‚ĖÄ   ‚Ėą‚Ėą‚Ėą                         ‚Ėą‚Ėą    
               ‚Ėź‚Ėą ‚Ėź‚Ėą‚Ėą‚Ėą‚Ėą‚Ėą‚Ėą‚Ėą‚Ėą‚Ėą‚ĖÄ‚ĖÄ   ‚ĖĄ‚ĖĄ‚ĖÄ‚ĖÄ        ‚Ėą‚Ėą‚ĖÄ                        ‚Ėź‚Ėą‚Ėą    
                ‚Ėą‚ĖĆ ‚Ėą‚Ėą‚Ėą‚Ėą‚Ėą‚ĖÄ‚ĖÄ   ‚ĖĄ‚Ėą‚Ėą‚ĖÄ                   ‚Ėď‚Ėą‚Ėą‚Ėą‚Ėą‚Ėą‚Ėą‚Ėą‚Ėą‚Ėą‚Ėą‚Ėą‚Ėą‚Ėą      ‚Ėą‚Ėą‚ĖÄ‚Ėą‚ĖĄ  
                ‚Ėą‚Ėą ‚Ėą‚ĖÄ‚ĖÄ   ‚ĖĄ‚ĖĄ‚Ėą‚Ėą‚ĖĄ‚ĖĄ‚ĖĄ‚ĖĄ‚ĖĄ‚ĖĄ‚ĖĄ‚ĖĄ‚Ėą‚Ėą‚Ėą‚Ėą‚Ėą    ‚ĖĄ‚ĖĄ‚ĖĄ    ‚Ėą‚Ėą‚Ėą‚Ėą‚Ėą‚Ėą‚Ėą‚Ėą‚Ėą‚Ėą‚Ėą‚Ėą‚Ėď     ‚Ėą‚Ėą‚Ėą‚ĖĆ‚Ėź‚Ėą  
                ‚Ėź‚Ėą    ‚ĖĄ‚ĖÄ‚ĖÄ‚Ėą‚Ėą‚Ėą‚Ėą‚Ėą‚Ėą‚Ėą‚Ėą‚Ėą‚Ėą‚Ėą‚Ėą‚Ėą‚Ėą‚Ėą‚Ėą    ‚Ėź‚Ėą‚Ėą‚Ėą‚Ėą‚ĖĎ   ‚Ėď‚Ėą‚Ėą‚Ėą‚Ėą‚Ėą‚Ėą‚Ėą‚Ėą‚Ėą‚Ėď     ‚ĖĄ‚Ėą ‚Ėą‚ĖĆ‚Ėź‚Ėą  
         ‚ĖĄ‚Ėď‚ĖĄ     ‚Ėą‚ĖĄ‚ĖĄ‚ĖĄ‚Ėą   ‚Ėą‚Ėą‚Ėą‚Ėą‚Ėą‚Ėą‚Ėą‚Ėą‚Ėą‚Ėą‚Ėą‚Ėą‚Ėą‚Ėą‚Ėą    ‚ĖĎ‚Ėą‚Ėą‚Ėą‚Ėą‚Ėą‚Ėą‚Ėí    ‚ĖĎ‚Ėą‚Ėą‚Ėą‚Ėą‚Ėą‚Ėą‚ĖÄ     ‚Ėą‚Ėą‚ĖĆ‚Ėď‚Ėą ‚Ėź‚Ėą  
          ‚ĖÄ         ‚Ėą‚Ėí   ‚Ėą‚Ėą‚Ėą‚Ėą‚Ėą‚Ėą‚Ėą‚Ėą‚Ėą‚Ėą‚Ėą‚Ėą‚Ėą‚ĖÄ     ‚Ėą‚Ėą‚Ėą‚Ėą‚Ėą‚Ėą‚Ėą‚Ėą‚Ėą     ‚Ėí‚Ėą‚Ėą‚ĖÄ      ‚Ėą‚ĖÄ ‚Ėą‚Ėą ‚Ėź‚Ėą‚ĖĆ  
                    ‚Ėą‚Ėí    ‚ĖÄ‚Ėą‚Ėą‚Ėą‚Ėą‚Ėą‚Ėą‚Ėą‚Ėą‚Ėą‚Ėą      ‚Ėź‚Ėą‚Ėą‚Ėą‚Ėą‚Ėą‚Ėą‚Ėą‚Ėą‚Ėą‚Ėą‚ĖĎ           ‚ĖĄ‚Ėą‚Ėą ‚Ėď‚Ėą  ‚Ėą‚Ėą   
                    ‚Ėą‚Ėí      ‚Ėą‚Ėą‚Ėą‚Ėą‚Ėą‚Ėą‚Ėą‚ĖÄ      ‚ĖĎ‚Ėą‚Ėą‚Ėą‚Ėą‚Ėą‚Ėą‚Ėą‚Ėą‚Ėą‚Ėą‚Ėą‚Ėą         ‚ĖĄ‚Ėą‚Ėą‚ĖÄ‚Ėą‚Ėď‚Ėą  ‚ĖĄ‚Ėą    
                    ‚Ėź‚Ėą‚Ėí      ‚ĖÄ‚Ėą‚Ėą‚Ėą‚ĖÄ        ‚Ėą‚Ėą‚Ėą‚Ėą‚Ėą‚Ėą‚Ėą‚Ėą‚Ėą‚Ėą‚Ėą‚ĖÄ        ‚ĖĄ‚Ėą‚Ėą‚Ėą  ‚Ėą‚Ėą  ‚ĖĄ‚Ėą‚ĖÄ    
                     ‚Ėź‚Ėą‚ĖĄ                  ‚ĖÄ‚Ėą‚Ėą‚Ėą‚Ėą‚Ėą‚Ėą‚ĖÄ‚ĖÄ‚ĖÄ        ‚ĖĄ‚Ėą‚Ėą‚ĖÄ ‚Ėą ‚Ėď‚Ėą  ‚ĖĄ‚Ėą‚ĖÄ     
                      ‚ĖĆ‚ĖÄ‚Ėą‚ĖĄ                               ‚ĖĄ‚Ėą‚Ėą‚ĖÄ‚Ėą  ‚Ėď‚Ėą‚Ėą‚ĖÄ  ‚ĖĄ‚Ėą‚ĖÄ      
                      ‚Ėą‚Ėą‚Ėą‚Ėą‚ĖÄ‚Ėą‚ĖĄ                       ‚ĖĄ‚ĖĄ‚ĖĄ‚Ėą‚Ėą‚ĖÄ‚ĖÄ  ‚Ėą‚Ėď‚ĖĄ‚Ėą‚ĖÄ   ‚ĖĄ‚Ėą        
       ‚ĖĄ‚ĖĄ             ‚Ėą ‚Ėą‚Ėą  ‚ĖÄ‚Ėą‚Ėą‚ĖĄ‚ĖĄ‚ĖĄ        ‚ĖĄ‚ĖĄ‚ĖĄ‚ĖĄ‚ĖĄ‚ĖĄ‚ĖĄ‚Ėą‚Ėą‚Ėą‚ĖÄ‚ĖÄ ‚Ėą    ‚Ėď‚Ėą‚Ėą‚ĖÄ   ‚ĖĄ‚Ėą‚Ėą         
      ‚ĖÄ‚Ėą‚Ėą‚ĖÄ            ‚Ėą‚Ėí‚Ėź‚Ėą‚ĖĄ   ‚Ėą ‚ĖÄ‚ĖÄ‚Ėą‚Ėą‚Ėą‚Ėą‚Ėą‚Ėą‚Ėą‚Ėą‚Ėą‚ĖÄ‚ĖÄ‚ĖÄ‚ĖÄ‚Ėą‚ĖÄ‚ĖÄ     ‚Ėą‚Ėď ‚ĖĄ‚Ėą‚ĖÄ‚ĖÄ   ‚ĖĄ‚Ėą‚Ėą‚ĖÄ    ‚ĖĄ     
                      ‚Ėź‚Ėą‚Ėą‚Ėą‚Ėą‚ĖÄ‚Ėą‚Ėď‚Ėą‚Ėď      ‚Ėą        ‚Ėą      ‚Ėď‚Ėą‚Ėą‚ĖÄ‚ĖÄ    ‚ĖĄ‚Ėą‚Ėą‚ĖÄ     ‚ĖÄ‚Ėď‚ĖÄ    
                       ‚Ėą‚Ėą‚Ėą‚Ėą  ‚ĖÄ‚Ėą‚Ėą‚ĖĄ‚ĖĄ   ‚Ėď‚Ėą‚Ėď      ‚Ėď‚Ėą‚Ėď‚ĖĄ‚ĖĄ‚ĖĄ‚Ėą‚ĖÄ‚ĖÄ‚ĖÄ    ‚ĖĄ‚Ėą‚Ėą‚Ėą‚ĖÄ              
                        ‚Ėą‚Ėą‚Ėą‚ĖĄ    ‚ĖÄ‚ĖÄ‚ĖÄ‚ĖÄ‚Ėą‚Ėą‚Ėą‚Ėą‚ĖĄ‚ĖĄ‚ĖĄ‚Ėą‚Ėą‚Ėą‚Ėą‚ĖÄ‚ĖÄ‚ĖÄ     ‚ĖĄ‚ĖĄ‚ĖĄ‚Ėą‚Ėą‚Ėą‚Ėą‚Ėą‚Ėą‚Ėą‚Ėą‚Ėą‚Ėą‚ĖĄ‚ĖĄ‚ĖĄ        
                        ‚Ėź‚Ėą‚Ėą‚Ėą‚Ėą‚Ėą‚ĖĄ                ‚ĖĄ‚ĖĄ‚ĖĄ‚Ėą‚Ėą‚Ėą‚Ėą‚Ėą‚ĖÄ‚ĖÄ‚ĖÄ‚Ėď‚Ėą‚Ėď     ‚Ėď‚Ėą‚Ėď‚ĖÄ‚ĖÄ‚Ėą‚Ėą‚Ėą‚ĖĄ    
                        ‚Ėź‚Ėą‚Ėą‚Ėą ‚ĖÄ‚Ėą‚Ėą‚Ėą‚ĖĄ‚ĖĄ     ‚ĖĄ‚ĖĄ‚ĖĄ‚Ėą‚Ėą‚Ėą‚Ėą‚Ėą‚ĖÄ‚ĖÄ ‚Ėď‚Ėą‚Ėď     ‚Ėą       ‚Ėą    ‚Ėď‚Ėą‚Ėď‚Ėą‚ĖĄ  
                         ‚Ėą‚Ėď‚Ėą‚ĖĆ   ‚ĖÄ‚Ėą‚Ėą‚Ėą‚Ėą‚Ėą‚Ėą‚Ėą‚Ėą‚Ėą‚ĖÄ‚ĖÄ‚Ėď‚Ėą‚Ėď     ‚Ėą      ‚Ėą       ‚Ėą     ‚Ėą  ‚Ėą‚ĖĆ 
                         ‚Ėą ‚Ėą‚Ėą‚Ėą     ‚Ėą‚Ėą‚Ėą‚Ėď‚Ėą‚Ėď    ‚Ėą      ‚Ėą     ‚Ėď‚Ėą‚Ėď     ‚Ėď‚Ėą‚Ėď    ‚Ėą  ‚Ėą‚Ėą 
                         ‚Ėą ‚Ėą‚Ėď‚Ėą‚Ėą ‚ĖĄ‚Ėą‚Ėą‚ĖÄ   ‚Ėą     ‚Ėą     ‚Ėď‚Ėą‚Ėď ‚ĖĄ‚ĖĄ‚ĖĄ‚Ėą‚Ėą‚Ėą‚Ėą‚Ėą‚Ėą‚Ėą‚Ėą‚Ėą‚Ėą‚Ėą‚Ėą‚ĖĄ ‚Ėď‚Ėą  ‚Ėą‚Ėą 
            ‚ĖĄ‚ĖĄ           ‚Ėą‚Ėď‚Ėą ‚Ėď‚Ėą‚Ėą‚Ėą‚Ėď     ‚Ėą    ‚Ėď‚Ėą‚Ėď ‚ĖĄ‚ĖĄ‚Ėą‚Ėą‚Ėą‚Ėą‚Ėą‚ĖÄ‚ĖÄ‚ĖÄ‚ĖÄ‚ĖÄ        ‚ĖÄ‚ĖÄ‚ĖÄ‚Ėą‚Ėą‚Ėą‚Ėď ‚Ėą‚Ėą 
           ‚Ėď‚Ėď‚Ėď‚Ėď          ‚Ėź‚Ėą‚Ėą  ‚Ėą‚Ėą‚Ėą‚Ėą     ‚Ėą‚Ėď  ‚ĖĄ‚Ėą‚Ėą‚Ėą‚Ėą‚ĖÄ‚ĖÄ                      ‚ĖÄ‚Ėą‚Ėą ‚Ėą‚Ėą 
            ‚ĖÄ‚ĖÄ            ‚Ėą‚Ėą‚Ėď ‚Ėą‚Ėď ‚Ėą‚Ėą‚ĖĄ‚ĖĄ ‚Ėď‚Ėą‚Ėą‚Ėą‚ĖÄ‚ĖÄ                             ‚Ėź‚Ėą‚Ėą‚Ėą‚Ėą 
                         ‚ĖĄ‚Ėą‚Ėą‚Ėą‚Ėď‚Ėą  ‚Ėď‚Ėą‚Ėą‚Ėą‚Ėą‚Ėą‚Ėą           P R E S E N T S       ‚ĖĄ‚Ėą‚Ėą‚Ėą‚Ėą 
                       ‚ĖĄ‚Ėą‚Ėą‚Ėą‚Ėď‚ĖÄ‚Ėą‚Ėą   ‚Ėą‚Ėď ‚ĖÄ‚ĖÄ‚Ėą‚Ėą‚Ėą‚ĖĄ‚ĖĄ                           ‚ĖĄ‚Ėą‚Ėą‚Ėą‚Ėď‚Ėą‚Ėą 
                     ‚ĖĄ‚Ėą‚Ėą‚ĖÄ‚Ėď‚Ėą  ‚Ėź‚Ėą‚Ėď  ‚Ėą    ‚Ėď‚Ėą‚ĖÄ‚Ėą‚Ėą‚Ėą‚Ėą‚ĖĄ‚ĖĄ‚ĖĄ                    ‚ĖĄ‚Ėą‚Ėą‚ĖÄ‚Ėď‚Ėą ‚Ėą‚ĖĆ 
                    ‚ĖĄ‚Ėą‚Ėď   ‚Ėą  ‚ĖĄ‚Ėą‚Ėą‚ĖĄ‚Ėď‚Ėą     ‚Ėą   ‚ĖÄ‚ĖÄ‚Ėą‚Ėą‚Ėą‚Ėą‚Ėą‚Ėą‚Ėą‚ĖĄ‚ĖĄ‚ĖĄ‚ĖĄ     ‚ĖĄ‚ĖĄ‚ĖĄ‚ĖĄ‚Ėą‚Ėą‚Ėą‚ĖÄ‚Ėą   ‚Ėą‚Ėď‚Ėą  
                  ‚ĖĄ‚Ėą‚Ėą‚Ėą    ‚Ėą‚Ėď‚Ėą‚ĖÄ ‚ĖÄ‚Ėą‚Ėą‚Ėą‚Ėď    ‚Ėą     ‚Ėď‚Ėą‚Ėď ‚ĖÄ‚ĖÄ‚ĖÄ‚Ėą‚Ėą‚Ėą‚Ėą‚Ėą‚Ėą‚Ėą‚Ėą‚Ėą‚Ėą‚Ėą‚Ėą‚Ėą    ‚Ėą  ‚Ėď‚Ėą‚Ėą‚ĖÄ  
                 ‚ĖĄ‚Ėą‚ĖÄ‚Ėď‚Ėą   ‚Ėď‚Ėą‚Ėą     ‚ĖÄ‚ĖÄ‚Ėą‚Ėą‚ĖĄ‚ĖĄ‚Ėď‚Ėą‚Ėď     ‚Ėą      ‚Ėď‚Ėą‚Ėď     ‚Ėď‚Ėą‚Ėď     ‚Ėą  ‚Ėą‚Ėą‚ĖÄ   
               ‚ĖĄ‚Ėą‚Ėą   ‚Ėą‚Ėď‚ĖĄ‚Ėą‚Ėą‚ĖÄ          ‚ĖÄ‚ĖÄ‚Ėą‚Ėą‚Ėą     ‚Ėą       ‚Ėą       ‚Ėą      ‚Ėą‚ĖĄ‚Ėą‚ĖÄ     
     ‚ĖĄ       ‚ĖĄ‚Ėą‚ĖÄ‚Ėą‚Ėď   ‚Ėą‚Ėą‚Ėą‚ĖÄ     ‚ĖĄ‚Ėď‚ĖĄ        ‚ĖÄ‚Ėą‚Ėą‚ĖĄ‚ĖĄ‚Ėď‚Ėą‚Ėď      ‚Ėą       ‚Ėą     ‚ĖĄ‚Ėą‚ĖÄ       
    ‚ĖÄ‚Ėď‚ĖÄ     ‚ĖĄ‚Ėą  ‚Ėą   ‚Ėď‚Ėą‚ĖÄ        ‚ĖÄ            ‚ĖÄ‚ĖÄ‚Ėą‚Ėą‚Ėą‚ĖĄ‚ĖĄ‚ĖĄ  ‚Ėď‚Ėą‚Ėď     ‚Ėď‚Ėą‚Ėď ‚ĖĄ‚Ėą‚Ėą‚ĖÄ    ‚ĖĄ‚Ėď‚ĖĄ  
           ‚ĖĄ‚Ėą   ‚Ėą  ‚ĖĄ‚Ėą‚ĖÄ                          ‚ĖÄ‚ĖÄ‚ĖÄ‚Ėą‚Ėą‚Ėą‚Ėą‚Ėą‚Ėą‚ĖĄ‚ĖĄ‚ĖĄ‚ĖĄ‚ĖĄ‚Ėą‚Ėą‚Ėą‚Ėą‚ĖÄ‚ĖÄ       ‚ĖÄ   
          ‚ĖĄ‚Ėą‚Ėď   ‚Ėą‚Ėď‚Ėą‚ĖÄ                                   ‚ĖÄ‚ĖÄ‚ĖÄ‚ĖÄ‚ĖÄ‚ĖÄ‚ĖÄ‚ĖÄ                
         ‚Ėą‚Ėď‚Ėą   ‚Ėď‚Ėą‚Ėą             Batman: The Brave and the Bold Vol 5                         
        ‚Ėą‚ĖÄ ‚Ėą  ‚Ėď‚Ėą‚ĖÄ                       
       ‚Ėą‚Ėď  ‚Ėą‚Ėď‚ĖĄ‚Ėą‚ĖÄ                                                               
      ‚Ėź‚Ėą   ‚Ėą‚Ėą‚ĖÄ        Releasedate ...: 06.11.2010                                             
      ‚Ėą‚Ėą  ‚ĖĄ‚Ėą          Storedate .....: 05.11.2010     
      ‚Ėą‚Ėą ‚ĖĄ‚Ėą           Cinemadate ....: -- -- ----  
     ‚Ėź‚Ėą‚Ėą‚Ėď‚Ėą            Genre .........: Action, Zeichentrick, Serie, TV                
     ‚Ėź‚Ėą‚Ėą‚Ėą‚ĖĆ            Runtime .......: 90 min      
     ‚Ėź‚Ėą‚Ėą‚Ėą             
     ‚Ėź‚Ėą‚Ėą‚Ėą             Source ........: DVD
     ‚Ėź‚Ėą‚Ėą‚Ėą             Aspekt Ratio ..: 16:9
     ‚Ėą‚Ėą‚Ėą‚ĖĆ             Resolution ....: UNTOUCHED     
     ‚Ėą‚Ėą‚Ėą              Framerate .....: 25.00fps                                                         
     ‚Ėą‚Ėą‚Ėą‚ĖĆ             CQ ............: ----                                                            
     ‚Ėą‚Ėą‚Ėą‚Ėą             Format ........: DVD  
     ‚Ėą‚Ėą‚Ėď‚Ėą‚ĖĆ            Video Bitrate .: UNTOUCHED 
     ‚Ėź‚Ėą ‚Ėą‚Ėą                                            
     ‚Ėź‚Ėą ‚Ėą‚Ėą‚ĖĆ           Audio Bitrate .: Deutsch 2.0, Tschechisch 2.0,Englisch 2.0,                            
      ‚Ėą‚Ėď‚Ėą‚Ėą‚Ėą           Italienisch 2.0, Polnisch 2.0, Franzoesisch 2.0, Spanisch 2.0  
      ‚Ėą‚Ėą‚Ėą‚Ėď‚Ėą‚Ėą                
       ‚Ėą‚Ėą ‚Ėď‚Ėą‚ĖĆ         iMDB-Link .....: http://www.imdb.de/title/tt1213218/ 
       ‚Ėź‚Ėą‚Ėď ‚Ėą‚Ėą         iMDB-Rating ...: (noch keine 5 Bewertungen)                                                   
        ‚Ėą‚ĖĆ ‚Ėą‚Ėą‚Ėą                                                                
        ‚Ėź‚Ėą‚Ėď‚Ėą‚Ėď‚Ėą‚Ėą       Plot ..........: http://tinyurl.com/2we6u9h   
         ‚Ėą‚Ėą‚Ėą ‚Ėď‚Ėą‚Ėą‚ĖĄ                                                             
          ‚Ėą‚Ėą  ‚Ėą‚Ėď‚Ėą‚Ėą                                                                   
   ‚ĖĄ‚Ėď‚ĖĄ    ‚Ėź‚Ėą‚Ėď ‚Ėą  ‚ĖÄ‚Ėą‚ĖĄ                             ‚ĖĄ‚ĖĄ‚ĖĄ‚Ėą‚Ėą‚Ėą‚Ėą‚Ėą‚Ėą‚Ėą‚Ėą‚Ėą‚Ėą‚ĖĄ‚ĖĄ‚ĖĄ              
    ‚ĖÄ      ‚ĖÄ‚Ėą‚Ėď‚Ėą   ‚Ėď‚Ėą‚Ėą                    ‚ĖĄ‚ĖĄ‚ĖĄ‚Ėą‚Ėą‚Ėą‚Ėą‚Ėą‚ĖÄ‚ĖÄ‚ĖÄ‚Ėď‚Ėą‚Ėď      ‚Ėď‚Ėą‚Ėą‚Ėą‚Ėą‚Ėą‚Ėą‚ĖĄ‚ĖĄ         
            ‚ĖÄ‚Ėą‚Ėą‚Ėď   ‚Ėą‚Ėą‚Ėą‚ĖĄ              ‚ĖĄ‚ĖĄ‚Ėą‚Ėą‚Ėą‚ĖÄ‚ĖÄ‚Ėď‚Ėą‚Ėď      ‚Ėą        ‚Ėą‚Ėď  ‚ĖÄ‚ĖÄ‚Ėą‚Ėą‚Ėą‚Ėą‚ĖĄ      
              ‚Ėą‚Ėą‚ĖĄ  ‚Ėą‚Ėď ‚ĖÄ‚Ėą‚ĖĄ         ‚ĖĄ‚ĖĄ‚Ėą‚Ėą‚Ėą‚Ėď     ‚Ėą       ‚Ėą        ‚Ėą      ‚Ėą‚Ėď‚ĖÄ‚Ėą‚Ėą     
               ‚Ėą‚Ėą‚ĖĄ‚Ėď‚Ėą   ‚Ėď‚Ėą‚Ėą‚ĖĄ    ‚ĖĄ‚Ėą‚Ėą‚Ėą‚ĖÄ‚ĖÄ‚Ėď‚Ėą      ‚Ėą      ‚Ėď‚Ėą‚Ėď      ‚Ėď‚Ėą      ‚Ėą   ‚Ėą‚Ėą    
                ‚ĖÄ‚Ėą‚Ėą‚Ėą    ‚Ėą‚Ėď‚Ėą‚Ėą‚ĖĄ‚ĖĄ‚Ėą‚Ėą‚Ėą‚Ėď    ‚Ėą      ‚Ėą‚Ėď ‚ĖĄ‚ĖĄ‚ĖĄ‚Ėą‚Ėą‚Ėą‚Ėą‚Ėą‚Ėą‚Ėą‚Ėą‚Ėą‚Ėą‚Ėą‚Ėą‚ĖĄ     ‚Ėą   ‚Ėď‚Ėą‚Ėą   
                  ‚Ėą‚Ėą‚Ėď   ‚Ėą  ‚Ėą‚Ėą‚Ėą‚ĖÄ‚Ėď‚Ėą     ‚Ėą     ‚Ėď‚Ėą‚Ėą‚Ėą‚Ėą‚Ėą‚ĖÄ‚ĖÄ‚ĖÄ‚ĖÄ       ‚ĖÄ‚ĖÄ‚ĖÄ‚Ėą‚Ėą‚Ėą‚ĖĄ‚ĖĄ‚Ėą‚Ėď   ‚Ėą‚Ėď‚Ėą  
                   ‚ĖÄ‚Ėą‚Ėą‚ĖĄ‚Ėď‚Ėą  ‚Ėą‚Ėą‚Ėď  ‚Ėą    ‚Ėď‚Ėą‚Ėď‚ĖĄ‚ĖĄ‚Ėą‚Ėą‚Ėą‚ĖÄ‚ĖÄ                    ‚ĖÄ‚ĖÄ‚ĖÄ‚Ėą‚Ėą‚ĖĄ‚Ėď‚Ėą ‚Ėą‚ĖĆ
                     ‚ĖÄ‚Ėą‚Ėą‚Ėą‚Ėď‚Ėą‚Ėď‚Ėą   ‚Ėą    ‚Ėą‚Ėą‚Ėą‚ĖÄ‚ĖÄ                              ‚Ėą‚Ėą‚Ėą‚Ėď‚Ėą‚Ėą
                       ‚ĖÄ‚Ėą‚Ėą‚Ėď ‚Ėą   ‚Ėą‚Ėď‚ĖĄ‚Ėą‚Ėą‚Ėą‚ĖĄ         G R O U P  i N F O        ‚Ėą‚Ėą‚Ėą‚Ėą
        ‚ĖĄ‚ĖĄ             ‚ĖĄ‚Ėą‚Ėą  ‚Ėą  ‚Ėď‚Ėą‚Ėą‚ĖÄ ‚Ėď‚Ėą‚Ėą‚Ėą‚ĖĄ‚ĖĄ                               ‚ĖĄ‚Ėą‚Ėą‚ĖÄ‚Ėą
       ‚ĖÄ‚Ėą‚Ėą‚ĖÄ          ‚ĖĄ‚Ėą‚ĖÄ‚Ėď‚Ėą  ‚Ėą‚Ėď‚ĖĄ‚Ėą‚ĖÄ    ‚Ėą‚Ėď ‚ĖÄ‚ĖÄ‚Ėą‚Ėą‚Ėą‚ĖĄ‚ĖĄ‚ĖĄ                       ‚ĖĄ‚Ėą‚Ėą‚Ėą ‚Ėź‚Ėą
                   ‚ĖĄ‚Ėą‚Ėą‚Ėą  ‚Ėą ‚Ėď‚Ėą‚Ėą‚Ėą‚ĖĄ     ‚Ėą    ‚Ėď‚Ėą‚Ėď‚ĖÄ‚Ėą‚Ėą‚Ėą‚Ėą‚ĖĄ‚ĖĄ‚ĖĄ‚ĖĄ       ‚ĖĄ‚ĖĄ‚ĖĄ‚ĖĄ‚ĖĄ‚ĖĄ‚ĖĄ‚ĖĄ‚Ėą‚Ėą‚Ėą‚Ėą‚Ėą‚Ėď ‚Ėź‚Ėą
                 ‚ĖĄ‚Ėą‚Ėą‚ĖÄ‚Ėď‚Ėą  ‚Ėą‚Ėď‚Ėą‚Ėą‚ĖÄ‚ĖÄ‚Ėą‚Ėą‚ĖĄ   ‚Ėą     ‚Ėą     ‚ĖÄ‚Ėą‚Ėą‚Ėą‚Ėą‚Ėą‚Ėą‚Ėą‚Ėą‚Ėą‚Ėą‚Ėą‚Ėą‚Ėą‚Ėą‚Ėą‚Ėą‚Ėą‚ĖÄ‚ĖÄ‚ĖÄ  ‚Ėď‚Ėą  ‚Ėź‚Ėą
                ‚Ėą‚Ėą‚ĖÄ‚Ėą  ‚Ėą ‚Ėď‚Ėą‚Ėą‚Ėą     ‚ĖÄ‚Ėą‚ĖĄ‚Ėď‚Ėą     ‚Ėą      ‚Ėą‚Ėď     ‚Ėď‚Ėą‚Ėď     ‚Ėď‚Ėą      ‚Ėą  ‚Ėą‚ĖĆ
               ‚Ėą‚Ėą  ‚Ėą  ‚Ėą‚Ėď‚Ėą‚Ėą‚ĖÄ  ‚ĖĄ‚Ėď‚ĖĄ   ‚ĖÄ‚Ėą‚Ėą‚Ėď    ‚Ėą      ‚Ėą       ‚Ėą       ‚Ėą      ‚Ėą  ‚Ėą‚ĖĆ
              ‚Ėą‚Ėą‚Ėď  ‚Ėą ‚Ėď‚Ėą‚Ėą‚Ėą     ‚ĖÄ      ‚ĖÄ‚Ėą‚Ėą‚ĖĄ‚ĖĄ‚Ėď‚Ėą‚Ėď     ‚Ėą       ‚Ėą       ‚Ėą‚Ėď    ‚Ėď‚Ėą‚Ėď‚Ėą‚ĖÄ 
             ‚Ėź‚Ėą‚Ėą   ‚Ėą‚Ėď‚Ėą‚Ėą‚ĖÄ                ‚ĖÄ‚ĖÄ‚Ėą‚Ėą‚Ėą‚Ėą‚Ėą‚Ėą‚ĖĄ‚Ėď‚Ėą‚Ėď     ‚Ėď‚Ėą‚Ėď     ‚Ėď‚Ėą‚Ėą‚Ėą‚Ėą‚Ėą‚Ėą‚Ėą‚Ėą‚ĖÄ   
             ‚Ėą‚Ėą‚Ėą  ‚Ėď‚Ėą‚Ėą‚Ėą                       ‚ĖÄ‚ĖÄ‚ĖÄ‚ĖÄ‚Ėą‚Ėą‚Ėą‚Ėą‚Ėą‚Ėą‚Ėą‚Ėą‚Ėą‚Ėą‚Ėą‚Ėą‚Ėą‚Ėą‚Ėą‚Ėą‚Ėą‚ĖÄ‚ĖÄ‚ĖÄ‚ĖÄ       
             ‚Ėą‚Ėą‚Ėą‚Ėď‚ĖĄ‚Ėą‚Ėą‚ĖÄ                                  ‚ĖÄ‚ĖÄ‚ĖÄ‚ĖÄ‚ĖÄ‚ĖÄ‚ĖÄ             
             ‚Ėą‚Ėą‚Ėą‚Ėą‚Ėą‚Ėą    RLS.NOTES ...:
             ‚Ėą‚Ėą‚Ėą‚Ėą
             ‚Ėą‚Ėą‚Ėą‚Ėą                                           
      ‚ĖĄ      ‚Ėą‚Ėą‚Ėą‚Ėą                                                             
     ‚ĖÄ‚Ėď‚ĖÄ     ‚Ėą‚Ėą‚Ėď‚Ėą‚ĖĄ                                                            
             ‚Ėź‚Ėą ‚Ėą‚Ėď‚Ėą    Searching ...:                                                   
             ‚Ėź‚Ėą ‚Ėą ‚Ėď‚Ėą‚ĖĄ                         
              ‚Ėą‚Ėď‚Ėą  ‚Ėą‚Ėď‚Ėą                                                     
              ‚ĖÄ‚Ėą‚Ėą  ‚Ėą ‚Ėď‚Ėą‚ĖĄ           Searchin' 4 Nuthin'       
               ‚ĖÄ‚Ėą‚Ėď ‚Ėą  ‚Ėą‚Ėą‚Ėą‚ĖĄ                                                
                ‚Ėź‚Ėą‚Ėď‚Ėą  ‚Ėą‚Ėď‚ĖÄ‚Ėą‚Ėą‚ĖĄ                                     
                 ‚ĖÄ‚Ėą‚Ėą‚Ėď ‚Ėą  ‚Ėď‚Ėą‚Ėą‚Ėą‚ĖĄ‚ĖĄ                                               
                  ‚ĖÄ‚Ėą‚Ėą‚Ėď‚Ėą   ‚Ėą‚Ėď ‚ĖÄ‚ĖÄ‚Ėą‚Ėą‚Ėą‚ĖĄ‚ĖĄ‚ĖĄ           Greetz ..: iMPERiUM - ROCKED           
                    ‚Ėą‚Ėą‚Ėą‚Ėď  ‚Ėą    ‚Ėď‚Ėą‚Ėď‚ĖÄ‚ĖÄ‚Ėą‚Ėą‚Ėą‚Ėą‚ĖĄ‚ĖĄ‚ĖĄ‚ĖĄ                                  
                     ‚ĖÄ‚Ėą‚Ėą‚ĖĄ‚Ėď‚Ėą     ‚Ėą     ‚Ėď‚Ėą‚Ėď‚ĖÄ‚ĖÄ‚ĖÄ‚Ėą‚Ėą‚Ėą‚Ėą‚Ėą‚ĖĄ‚ĖĄ‚ĖĄ‚ĖĄ                         
                       ‚ĖÄ‚Ėą‚Ėą‚Ėą‚Ėď    ‚Ėą      ‚Ėą      ‚Ėď‚Ėą‚Ėď‚ĖÄ‚ĖÄ‚ĖÄ‚Ėą‚Ėą‚Ėą‚Ėą‚Ėą‚ĖĄ Contact.US ..:                
                         ‚ĖÄ‚Ėą‚Ėą‚ĖĄ‚ĖĄ ‚Ėď‚Ėą‚Ėď     ‚Ėą       ‚Ėą     ‚Ėď‚Ėą‚Ėď‚Ėą‚Ėą‚Ėą                  
                           ‚ĖÄ‚ĖÄ‚Ėą‚Ėą‚Ėą‚Ėą‚Ėą‚ĖĄ‚ĖĄ  ‚Ėď‚Ėą       ‚Ėą      ‚Ėą  ‚ĖÄ‚Ėą‚Ėą      qom@hushmail.com                
                               ‚ĖÄ‚ĖÄ‚Ėą‚Ėą‚Ėą‚Ėą‚Ėą‚Ėą‚Ėą‚Ėď     ‚Ėď‚Ėą‚Ėď     ‚Ėą   ‚Ėď‚Ėą‚Ėą                 
                                    ‚ĖÄ‚ĖÄ‚ĖÄ‚ĖÄ‚Ėą‚Ėą‚Ėą‚Ėą‚Ėą‚Ėą‚Ėą‚Ėą‚Ėą‚Ėą‚ĖĄ‚ĖĄ‚ĖĄ‚Ėď‚Ėą‚Ėď   ‚Ėą‚Ėď‚Ėą        ‚ĖĄ‚Ėď‚ĖĄ        
                              ASCII by       ‚ĖÄ‚ĖÄ‚ĖÄ‚ĖÄ‚ĖÄ‚ĖÄ‚ĖÄ‚Ėą‚Ėą‚Ėą‚Ėą‚Ėą‚ĖĄ‚Ėď‚Ėą ‚Ėą         ‚ĖÄ       
                                       QcK & phunck     ‚ĖÄ‚Ėą‚Ėą‚Ėą‚Ėď‚Ėą‚Ėą               
                                                          ‚ĖÄ‚Ėą‚Ėą‚Ėą‚Ėą               
                                                            ‚ĖÄ‚Ėą‚Ėą               
                                                              ‚ĖÄ               
