                                                               ░░
  ░   ░                                                      ░░░▓░░▒░░
 ░▒░  ▒  ░                      ░    ░  ░░     ░        ▒    ▓▒▓▓▀▀█▓▓▒░   ░
░▒▓▒░░▓░░░               ░    ▄ ▒    ▒ ░▒▒░   ░░░      ░▓ ░█▓▀▀      ▀▀▓▒░ ▒
▒▓█▓▓▒▓▓▒▓    ░          ▒ ▄■     ▀ ■▓▄▒▓▓▒░░▒▒▒▒▒▓▓ ▒▀▒█▀▀   ▄▄▓▀       ▀▀▓░░
▓▓▀▀▀▀▀▓▓█▓▓░ ▒░     ░   ▀  ▄ ░    ▄▓▄  ▀▀█▓▓▓▓▓▓█▀   ▄  ▄   ██▓   ▀▄▄
▀      ▄▄  ▀▀░▓▒▓▒  ░▀ ░   ▀▓▓▓▄▄▄▀ ▐█▓▓   ▀██▀   ▄▄▀  ▄▄▄██▄█▓▓▌  █▓█▀
 ▄   ▄▓▀▀▀■▄    ▀   ░    ▄▄█████▓▓▓▄ ▐█▓▓       ▐█▓▌ ▄██▓▀   ▀█▓▓░▐█▓█    ▄
█▓▓ ■▀      ▀▓▄▄▄   ▒  ▄██▀ ▐▓▐▌ ▀█▓▓▄██▓▓     ▄█▓▓▌▐██▓      ██▓▓▐█▓█    ▐▓▄
▐█▓▓       ▄████▓▄  ▓▄▓██▌ ▄█▓▓▓▄  █▓▓████▓   ▀ ▐█▓▓███▌      ▐██▓▓██▓    ▐▓▓▓
 ██▓▓      ▐█▓█▒▌ ▀▓▓▀▐█▓ ▐▓▐▌▐▌   ▐█▓█████▓     ██▓▓█▓▀▓▓█▄▄▄██▓█▓██▓    █▓▓▌
 ███▓▓     ██▓█▓▌     █▓▓  ▀██▓▓▓▄  █████▀██▓▄    ████▌  ▒ ▀▀█████▀▐██▌   ██▓▌
 ▐████▓   ▐█▓▀█▓▓     ██▓▌ ▄ █ █▐▓▌ █████▌ ▀██▓   ▐███▌  ░    ▄▀▀▀  ██▓  ▐██▓
 ▐██ ▀█▓▄ █▓█ ▐█▓▓   ▄▐██▓ ▀▓█▄▓▓▀ ▐██▌██▌   ▀██▄ ▄████        ██▄ ▓ ███▄█▌█▌
 ███   ▀███▓▌  ▐█▓▌▄▓█ ███▓▄ █▀█   ███▐██▌   ░ ▀███████▌       ▐███▓▌ ▀██▀▐▓▌
 ██▌░░ ░░▀█▓ ░░ ██▓ ▄█▓▄▀███████ ▄██▀ ▐██░░▄ ▒   ▀██▀▐██▄ ░░░░░▐███▓▌     █▓
▐██▌ ▐▓▄        ▐█▓▓▓▀▀██████████▀▀   ███▓▀  ▓██▄  ▀█▄▀███▄   ▄██▓▓▀ ▐█  ▐██
▓██   █▓▓▄      ██▀▀    ▀█▓▓▀▀ ░     ▐██▀    ▀██▀▀▄  ▀█▄█▀████▓▓▀▀ ▄▄█▀  ▐███▄▌
▀▀  ▄ ▐█▓▀▀▄▄▄▄▀       ▄█▀          ▄▀▀▒       ░   ░▀  ▀▓▓▓██▄▄▄▄███▀     ▀██▀
▄▄▄▓▀  ▓    ▀▓▌      ▄██▌          ▀   ▓   ▄▓■▄▒   ▒ ▄▓▓  ▀▓▓▓▀▀▀        ▄▓▓
 ▀▀   ▀  ▄▓▓▄ ▀■  ▄■▀ ▀▓█▄    ▄ ■   ▄▄▓▓▄ ▀▓■▄▓▓■ ▄▓▓ ▒▒▀▄   ▀■■▄▄   ▄▄▒▓▒▒▒
    ▀   ▀▀▀▒             ▀▀▀          ▀▀░  ▒  ▀▄▓▓▀   ░░   ▀  ▄ ░▓▀▀▀▓▒░ ░▒░
           ░ cH!SAC & *nights              ░    ▒▒               ▒   ▒░   ░
                                                ░░                   ░
 
                            MONEY PROUDLY PRESENTS:                          
 ┌──────────────────────── ------------------------- ────────────────────────┐
 │                                                                           │
 │         Lord of the Rings - War in the North (c) Feral Interactive        │
 │                                                                           │
 ├─────────────────────────────────────┬─────────────────────────────────────┤
 │                                     │                                     │
 │      Release Date : September 2013  │        Game Type  : Action          │
 │      Release Size : 7 GB            │        Protection : Custom          │
 │                                     │                                     │
 └─────────────────────────────────────┴─────────────────────────────────────┘
 
  GAME INFORMATION:
 -------------------
  In the battle for Middle-earth, a new Fellowship is born.
  
  Sauron's dark forces are marching and a small band of heroes is all that 
  stands before them. Together, Eradan the Ranger, Andriel the Elf and Farin 
  the Dwarf embark on an epic journey across frozen mountain ranges, ancient 
  forests and mighty citadels to protect the North from his terrible power.
  
  The Lord of the Rings: War in the North is the untold story of those heroes 
  and the unbreakable Fellowship they formed. A compelling combination of 
  visceral action and immersive role-playing that can be played in 
  single-player mode or with friends in co-operative multiplayer mode over a 
  local network connection.
 
 
  INSTALLATION INFORMATION:
 ---------------------------
  Unpack, mount and copy to applications.

 
 ┌───────────────────────────────────────────────────────────────────────────┐
 │    MONEY '13    $    INNOVATORS, IMITATORS AND IDIOTS    $    MONEY '13   │
 └───────────────────────────────────────────────────────────────────────────┘
