ÔĽŅ

                    ‚Ėą‚Ėą‚Ėą‚Ėą‚Ėą ‚Ėą‚Ėą‚Ėą‚Ėą‚Ėą ‚Ėą‚Ėą‚Ėą‚Ėą‚Ėą ‚Ėą‚Ėą‚Ėą‚Ėą‚Ėą‚Ėą ‚Ėą‚Ėą‚Ėą‚Ėą‚Ėą ‚Ėą‚Ėą‚Ėą‚Ėą‚Ėą
                    ‚Ėą     ‚Ėą   ‚Ėą ‚Ėą   ‚Ėą ‚Ėą    ‚Ėą ‚Ėą   ‚Ėą ‚Ėą   ‚Ėą
                    ‚Ėą‚Ėą‚Ėą   ‚Ėą   ‚Ėą ‚Ėą   ‚Ėą ‚Ėą    ‚Ėą ‚Ėą   ‚Ėą ‚Ėą‚Ėą‚Ėą‚Ėą‚Ėą
                    ‚Ėą     ‚Ėą   ‚Ėą ‚Ėą   ‚Ėą ‚Ėą‚Ėą‚Ėą‚Ėą‚Ėą‚ĖÄ ‚Ėą‚Ėą‚Ėą‚Ėą‚Ėą ‚Ėą ‚Ėą
                    ‚Ėą     ‚Ėą   ‚Ėą ‚Ėą   ‚Ėą ‚Ėą    ‚Ėą ‚Ėą   ‚Ėą ‚Ėą  ‚Ėą
                    ‚Ėą     ‚Ėą‚Ėą‚Ėą‚Ėą‚Ėą ‚Ėą‚Ėą‚Ėą‚Ėą‚Ėą ‚Ėą‚Ėą‚Ėą‚Ėą‚Ėą‚Ėą ‚Ėą   ‚Ėą ‚Ėą   ‚Ėą
                                   presents
                    Adobe Creative Suite 3 Design Premium
                               *GERMAN*WORKING* 

                            <<< D A T A >>>

                    DATE    : 19.05.2007
                    GENRE   : Design
                    DISCS   : 1 DVD
                    FORMAT  : ISO
                    CRACKER : MAGNITUDE (NICE DUDES)

                            <<< I N F O >>>

                    Die Adobe¬ę Creative Suite¬ę 3 Design
                    Premium ist das ideale Paket f‚ĀŅr 
                    Designer in den Bereichen Print, 
                    Web und mobile Endgerő£te. In einer
                    homogenen, intuitiven Umgebung
                    bietet ihnen die Suite alle
                    wichtigen Werkzeuge f‚ĀŅr ihre
                    Arbeit √Ľ von der Produktion
                    professioneller Layouts bis zur
                    Erstellung vielfő£ltiger
                    interaktiver Anwendungen.

                           <<< N O T I C E >>>

                    NCP your iso got wrong folders and
                    wrong iso title. We just fixxed 
                    that.
                    This release is working properly,
                    have fun with that!

                    Respect to NCP for their work!

                           <<< G R E E T S >>>

                    NO ONE REAL LEFT! BYE...

                    BUT special thanks to:

                    "SOULDRiNKER", you are the best
                    whole world should know that ;-)

                    TEAMKNiGHTZ, what a special
                    place in Hell.

                    Our Siteops who trust us, in
                    hosting us on their boxes, you
                    make whole thing possible.

                          <<< C O N T A C T >>>

                    IRC: #foobar @ efnet
                    WWW: www.foobar.gov
                    POP: foobar@foobar.gov

                     (c) 2007 - FOOBARS^ASCii - DX2
