 %s,...... .  :il$$$$$$$$$$$$ll$                       ______)\              /(_____
 $lllb,      :il$$$$$$$$$$$$$S$lb               _______\      |______________|______\
 $$l$llb    .il$$$$$$$$$$$$b.`Q$lb.           _/     ___\     _\.   _ ________\.  a!b\_
 $$$l$ll:   :il$$$$b└Q$$$$$$$b,`Q$lb.         \      \.      _|_______ _    _|        /
 $$$$$$ll   il$$$$$d. `°Q$$$$$S._)$$llb._    ./______________\_______________\________\.
 $$$$$$ll   il$$$$$$$b. /.°*Q$$$$$$$$$$llls._  .   .  . .d a r k /// s i d e r s .   .
 $$$$$$$l   l$$$$$$$7.`└\'._ `Q$$$$$$$ll7°'                                  :::
 $│$7*┘²'   l$$$$$$$$$b,_`*4$$$$$$$$$l7'    __   ..             .            .::
 '  _.,┌s%#│ll$$$$$$$$$$$$$$$$$$$$$$$l: _.s*-*Ss._             d:          . .::
 %#│$$$$$$$$l$$$$$$$$$$$$$$$$$$$$$$$$l:d$7'  ..             .dll.            :::
 $$$$$$$$$$$$$l$$$$$$$$$$$$$$$$$$$$$$lll$$$Ss. *=-'     _.d$$lli             .::
 $$$$$$$$$$$l$$$$$$$$$$$$$$$$$$$$$$$$$li$$$$$$$b,_  _.s#$$$$l$i:              ::
 $ⁿⁿⁿⁿⁿⁿⁿⁿ$$$$$$$$$$$$$$$$$$$$$$$$$$$$ll$$$$$$$$$$$$$$$$$$$$$l7. .            :: 
 $ b5!SAC $$$$$$$$$$$$$$$$$$$$$$$$$$$$lll$$$$$$$$$$$$$$$$$$$l7' d7            ::  
 $ssssssss$$l$$$$$$$$$$$$$$$$$$$$$$$$$l ll$$$$$$$$$$$$$$$$li7'  '             ::  
 $$$$$$$$$$$$i$$$$$$$$$$$$$$$$$$$$$$$$: ill$$$$$$$$$$l$$li7'                  ::  
 $$$$$$$$$$$$:l$$$$$$$$$$$$$$$$$$$$$$7 :ill$l$$$$$$$llli7'                    ::  
 $$$$$$$$$$$$:i$$$$$$$$└*$$$$$$$*┘²"' .dl$$$$$$l$$lllll7     Smoke Weed       ::  
 $$$$$$$$$$$$b:$$$$$$$$$$s.'4$$$$s._.┌dlll$$$$$$l$$  7           &            ::  
 $$$$$$$$$$$$$$$$$$$$$$$$$$$Ss._"²└*S$7*┘".il$$$$ll7     Inject Amphetamine   ::  
 $$$$$$$$$$$$$$ll$$$$$$$s.`└**$$$      _.┐dl$$$ll7'                           ::  
 $$$$$$$$$$$$$$$$l$$$$$$$$$Ss._ _.-%#S$$$$$$ll7*'   Welcome To The Dark Side  ::  
 $$$$$$$$$$$$$$$$$lll$$$$$$$$$$$$$$$$$$$$$7*┘'                                ::  
  :                                                                            |
  |  Sakura.Spirit-DARKSiDERS    | <3 THESE ViSUAL NOVELS!! |                  :
  .  _______  ___     _.      ___     _______     ___     ___                  |
  ._/ _    /_/ _/___./ |___._/ _/___./    _  \  _/ _/____/ _/___               |
  |  _/  _/   _\   (.  |  (|_ _\   (|    _/   \.\___      _\   (.              |
  |  \    \   \_    |  |    / \_    |    |     |   /    . \_    |              :
  |___\    \________|__    /________|    |_____|________|_      |              |
 -:- - \____/ -   ____)   /___   .__|_____ ______     _ _ )__.__|   ___        |
                _/.__    // _/___|      _//   _  \ ._( _/_./ |___ _/ _/____    :
  r e l e a s e | | /   /  _\   (|      |    _/   \|     (|  |  (.\___    (_   .
  d e t a i l s | |   _.   \_    |      |    |     |      |  |   |   /     /   |
  .             |_____\|_________|______|____|_____|______|__    |________/    .
 _|                                                          )___|             |
 \.    Product:................................................: Sakura Spirit :
  |    Developer:...............................................: Winged Cloud |
  |    Publisher:..............................................: Sekai Project |
  |    Genre:.............................: who we kiddin? its a dating sim <3 |
  |    Protection:...............................................: noooneeeeee |
  :    Number of Players:.......................................: Singleplayer :
  |    Release Date:..............................................: 21.06.2015 |
  |    Original Date:...........................: check .exe if matter so much |
  :    Packet Count:..................................................: 29x5MB .
  |    Supplier:..............................................: someonesomewhr |
  |    Packer...................................................: dadwithwings :
 .   _______  ___     _       ___     _______     ___     ___                  |
  ._/ _    /_/ _/___./ |___._/ _/___./    _  \  _/ _/____/ _/___               :
  |  _/  _/   _\   (.  |  (|  _\   (|    _/   \.\____     _\   (.              |
  |  \    \   \_    |  |   |  \_    |    |     |    /   . \_    |              .
  |___\    \________|__    |________|    |_____|________|       |              |
  :----\____/----------)___|-____-- |    | _____________|_______|----- --- - --:
  |_                   _( /_.)  _\  |    |/   ____/    _  \.                   .
  ./ r e l e a s e    .)    |   |\\ |    |   _/  |     /   |                   |
  |     i n f o       |     .   | \\|   _|   |   |    /    |                   :
  :                   |_____|___|  \____\|___|   |_________|                   |
  |                                                                            |
  |            * This isnt the steam rls so it should be UNCENSORED!! *        |  
  |   *** Game was released in 2014 originally but got major update/dlc ***    |
  |   *** on 6th of June, named: Sakura Dungeon, so it is included ther ***    |
  |                                                                            |
  |  RiPPED: Nothing!                                                          :
  :  ----------------                                                          |
  |                                                                            |
  | Rising Judo Star Gushiken Takahiro was two weeks away from the match that  |
  . would make or break his career -- a championship match where the winner is |
  : then signed up to be a young national athlete for Japan. He was very       |
  | determined to win, in order to fulfill his dreams of finally representing  |
  |  his country                                                               |                                                                   
  |                                                                            |
  |          WE LOVE TO RELEASE AN ViSUAL NOVELS!! <3 SUPPLiES?                |
  |                                                                            |
  .                                                                            :
  :                 http://store.steampowered.com/app/313740/                  |
  |     _ _      .___    ___    __________ ______    __       __               |
  |   _( _/____  |  (. _/ _/____\_      _//   _  \ ./ |____ ./ |____           .
  |_ .)       _\ |   |_\___    (_/      |    _/   \|  |   (.|  |   (.          |
  ./ |        |\\|   |  . /     /       |    |     |  |    |   |    |          :
  |  |        | \    |  |/    _/        |    |     |_ |    |_  |    |          |
  |  |________|  \___|________\_________|____|_____| )_____| )______|          :
  :               ___  |  (. ______ |      __/ _/___ _/ _/____                 |
   i n s t a l l .) _\ |   |/   _  \|       | _\   (.\___    (_                |
  .  n o t e s   |  |\\|   |    /   |       | \_    | . /     /                |
  |              |  | \    |   /    |       |       | |/    _/                 :
  |_             |__|  \___|________|_______|_______|_______\                  |
  _/                                                                           |
  |   1. Unpack                                                                :
  |   2. Install                                                               .
  :   3. While installing, roll a joint!                                       |
  |   4. And Remember to unallow .exe internet access from ur firewall, ty!    .
  |   5. Play!                                                                 |
  |   6. Smoke another spliff and play more!                                   :
  :                                                                            |
  .  iF YOU LiKE THiS GAME, PLEASE SUPPORT THE DEVELOPERS AND BUY iT!!!!!!     |
  |      ___  ____    _____   __    ____       __    ______                    :
  .     /   /\    \./   _   \|  |\\|    |___  |  (./   _    \.                 |
  |    /    /\         _/    |  | \        _\ |   |   _/     |                 |
  :  _/    /  \____.   |     .__|  \___.   |\\|   |   |      |                 .
  |_ \____/        |___|     |         |   | \    |___|      |                 |
  ./                   |_____| ____. __|___|  \___| __| _._  |                 :
  |        w a n n a      _____|   |/   _  \__( _/_.) _\ |   |                 |
  |         j o i n ?     \    |   |    /   |      |  |\\|   |                 :
  |                        \_  |   |   /    |      .  | \    |                 |
  :- -- -                   /______|________|______|__|  \___|                 .
  |                                                                            |
  |                                                                            :
  :  DARKSiDE was founded because there was an immense lack of japanese PC     |
  .  games(commercial or doujin) released.. Also the lack of some GOOD game    :
  |  OST's and underground music in general in the scene.                      |
  |                                                                            |
  |  We specialize in Japanese stuff, be it GAMES(yes ofc we count visual      |
  |  novels) or H-GAMES. Retail unreleased ANiME or even HENTAi. Music too,    :
  |  mostly Japanese but also other ug/unknown, un PRE'd stuff.                |
  |                                                                            |
  :  Were not JapRLS group strictly, no way...                                 :
  |  But heres certain place to fill in teH SCeNe... -GROUP                    .
  :- -- - -- -- -- - -- -- -- - -- -- -- - -- -- -- - -- -- -- - -- -- -- - -- |
  |                                                                            .
  |  We are currently in need of: Steam Crackers, Also we'd like to get some   :
  :  Affil sites that like JAP stuff!!!! Also normal affils as a 0day grp, and |
  |  /or for our MUSiC section!!!!                                             |
  :                                                                            .
  |  CRACKERS trainers etc. Especially a STEAM cracker, we have good supply!!! |
  |  CODERS to code us custom installers,intros,musicdisks etc.                :
  |                                                                            |
  |  Allso lookin for other JAP suppliers.. Some couriers who love JAP.        :
  |  More rare ViNYL/CD suppliers/encoders.. XXX, HENTAi etc supply is also    |
  |  nice, also OST's etc...                                                   .
  :                                                                            |
  |                                                                            :
  :- -- - -- -- -- - -- -- -- - -- -- -- - -- -- -- - -- -- -- - -- -- -- - -- |
  |  CONTACT iNFO:                                                             .
  |                                              ALSO iF U SEE HE**OS ON iRC   |
  |  E-MAiL: DSiNSiDE@protonmail.com             SOMEWHERE U CAN PM HiM TOO!!  :
  |                                                                             \.
  :  iRC: PRiVATE                                UPDATED: 01.06.2016             :
   \    ______________.  ______________._________________.  ____________________ |
     \._)             |_/              |                 |_/                   (_.
      |    ___       __________  ___   |     ___        ____________ ___         |
      |  _/ _/______/ _       /// _/  _____// _/  ______\_        _// _/______   |
      |  |  \__       /     _/   _\._/       _\._/       |        |\______    \_ |
      |  |  . /       \      \   \ |         \ |         |        |    . /     | |
      |  |_ |/         \      \   \|     ._   \|         |        ._   |/     _| |
      |  :/_____________\      \_________| \_____________|________|/__________\  |
      |                  \______/                                      `don/sac  |
      :--[  g  r  e  e  t  i  n  g  s  ]-----------------------------------------:
      |                                                                          |
      | We dont have lotsa friends yet, but greetings to our new friends at:     |
      |                                                                          |
      :               **  VACE - RAiN - PiKMiN - SQsR - WalMarT **               :
      |                                                                          |
      | Also greetings to all the ART & OLDSKOOL GROUPS out there!               |
      | And those for remember this is just for fun and friendly competition...  |
      | All groups who release JAPANESE stuff!!                                  :
      |                                                                          |
      |   Personal greetz to: juanete from megasoft !!                           |
      |                                                                          |
      :- --  --- - ------- ------- --* We love visual novels/dating-sims btw <3  |
      |                                                                          |
      |   NFO: H of DS + a bit of the ASCii ART                                  :
      |   ASCii: b5 & `don of SAC                                                |
      :                                                                          :
      ::::::::::::::::::::::::::::::::::::::::::::::::::::::::::::::::::::::::::::
