
      ▓ ▒ ░  G E R M A N - D O C U M E N T A R Y - A L L I A N C E  ░ ▒ ▓
                                                                  
               proudly presents...                                
                                                                  
 ──────────────────────────────────────────────────────────────────────────
 Wo.ist.die.Mauer.GERMAN.DOKU.WS.dTV.XviD-GDA
 ──────────────────────────────────────────────────────────────────────────
                                                               
                      ░ ▒ ▓  R·E·L·E·A·S·E - I·N·F·O·S  ▓ ▒ ░          
                            ───────────────────────────                
                                                                       
       ▓ RELEASE·DATE........20/10/2009 ── VIDEO.....XviD @ 1455 kbps ▓
                                                                       
       ▓ AiR·DATE............xx/10/2009 ── AUDIO.......MP3 @ 128 kbps ▓
                                                                       
       ▓ GENRE............DOKUMENTATION ── RESOLUTION.......640 x 352 ▓
                                                                       
       ▓ RUN·TIME................85 min ── SIZE................700 MB ▓
                                                                       
       ▓ SOURCE..............DIGITAL TV ──                             
                                                               
                            ───────────────────────────                      
                      ░ ▒ ▓  R·E·L·E·A·S·E - N O T E S  ▓ ▒ ░                
                            ───────────────────────────                      
                                                                             
       ▒ PLOT·LINK..........: -                                                                       
                                                                             
       ▒ PLOT·SUMMARY.......:                                                
     
       Vor gut 20 Jahren fiel die Berliner Mauer. In den Koepfen der aelteren
       Generation mag sie noch praesent sein, doch fuer die Juengeren und 
       fuer heutige Berlinbesucher ist sie nur noch Geschichte.
                                                                    
                                                                    
                            ───────────────────────────             
                      ░ ▒ ▓  R·E·L·E·A·S·E - G R E E·T  ▓ ▒ ░       
                            ───────────────────────────             
                                                                    
       ░ SEARCHING...........AFFIL·SITES·(no .fr .de .at)           
                                                                    
       ░ NEWS................NOTHING                                
                                                                    
       ░ CONTACT.............YOU·WILL·FIND·US !                     
                                                                    
       ░ GREETS TO...........YOUR·NAME·HERE
