╔═──────────────────────────────═══════════════───────────────────────────────═╗
║                                                                              ║
║ :::  :::    :::::    :::     :::   :::::      :::    :::     :::    :::::    ║
║ :::  :::   :::::::   :::    :::   :::::::    :::::   :::     :::   :::::::   ║
║ :::  :::  :::::::::  :::   :::   :::::::::  ::: :::  :::     :::  :::::::::  ║
║ :::  :::  :::   :::  :::  :::    :::   :::  ::: :::  :::     :::  :::   :::  ║
║ :::  :::  :::   :::  :::::::     :::   :::  ::: :::  :::     :::  :::   :::  ║
║ :::  :::  :::   :::  ::::::      :::   :::  ::: :::  :::  :  :::  :::   :::  ║
║ :::  :::  :::   :::  :::::::     :::   :::  ::: :::  ::: ::: :::  :::   :::  ║
║ :::  :::  :::   :::  :::  :::    :::   :::  ::: :::  ::: : : :::  :::   :::  ║
║ :::..:::  :::   :::  :::   :::   :::   :::  ::: :::  ::::: :::::  :::   :::  ║
║  ::::::   :::   :::  :::    :::  :::   :::   :::::   ::::: :::::  :::   :::  ║
║   ::::    :::   :::  :::     ::: :::   :::    :::    ::::   ::::  :::   :::  ║
╠═──────────────────────────────═══════════════───────────────────────────────═╣
║                                                                              ║
│╨ ╨ ╨ ╨ ╨ ╨ ╨ ╨ ╨ ╨ ╨ ╨ ╨ ╨ ╨ ╨ ╨  NOTES  ╨ ╨ ╨ ╨ ╨ ╨ ╨ ╨ ╨ ╨ ╨ ╨ ╨ ╨ ╨ ╨ ╨ ╨ │
│                                                                              │
│╨ ╨ ╨ ╨ ╨ ╨ ╨ ╨ ╨ ╨ ╨ ╨ ╨ ╨ ╨ ╨ ╨  NOTES  ╨ ╨ ╨ ╨ ╨ ╨ ╨ ╨ ╨ ╨ ╨ ╨ ╨ ╨ ╨ ╨ ╨ ╨ │
│                                                                              │
│                  Kevin Hart What Now 2016 HDCAM UnKnOwN                      │ 
│                                                                              │
│ Encoded By .......:UnKnOwN                                                   │
│ Runtime ..........:1:36                                                      │
│ IMDb URL .........: http://www.imdb.com/title/tt4669186/                     │ 
│ Language .........:English                                                   │
│ File Size ........: 1.54Gb                                                   │
│ Release Date ......... 2016                                                  │
│ Source       Mr.Miyagi                                                       │ 
│ File Type    ......... AVI                                                   │ 
│ Genre        ........  Documentary, Comedy                                   │
│                                                                              │
│                                                                              │
│                                                                              │
│                                                                              │ 
│ Video                                                                        │ 
│ ID                                       : 0                                 │ 
│ Format                                   : MPEG-4 Visual                     │ 
│ Format profile                           : Advanced Simple@L4                │ 
│ Format settings, BVOP                    : 2                                 │ 
│ Format settings, QPel                    : No                                │ 
│ Format settings, GMC                     : No warppoints                     │ 
│ Format settings, Matrix                  : Default (H.263)                   │ 
│ Codec ID                                 : DIVX                              │ 
│ Codec ID/Info                            : Project Mayo                      │ 
│ Codec ID/Hint                            : DivX 4                            │ 
│ Duration                                 : 1 h 36 min                        │ 
│ Bit rate                                 : 1 835 kb/s                        │ 
│ Width                                    : 640 pixels                        │ 
│ Height                                   : 272 pixels                        │ 
│ Display aspect ratio                     : 2.35:1                            │ 
│ Frame rate                               : 29.970 (30000/1001) FPS           │ 
│ Color space                              : YUV                               │ 
│ Chroma subsampling                       : 4:2:0                             │ 
│ Bit depth                                : 8 bits                            │ 
│ Scan type                                : Progressive                       │ 
│ Compression mode                         : Lossy                             │ 
│ Bits/(Pixel*Frame)                       : 0.352                             │ 
│ Stream size                              : 1.24 GiB (80%)                    │ 
│ Writing library                          : XviD 64                           │ 
│                                                                              │ 
│ Audio                                                                        │ 
│ ID                                       : 1                                 │ 
│ Format                                   : AC-3                              │ 
│ Format/Info                              : Audio Coding 3                    │ 
│ Mode extension                           : CM (complete main)                │ 
│ Format settings, Endianness              : Big                               │ 
│ Codec ID                                 : 2000                              │ 
│ Duration                                 : 1 h 36 min                        │ 
│ Bit rate mode                            : Constant                          │ 
│ Bit rate                                 : 448 kb/s                          │ 
│ Channel(s)                               : 6 channels                        │ 
│ Channel positions                        : Front: L C R, Side: L R, LFE      │ 
│ Sampling rate                            : 48.0 kHz                          │ 
│ Frame rate                               : 31.250 FPS (1536 spf)             │ 
│ Compression mode                         : Lossy                             │ 
│ Stream size                              : 310 MiB (20%)                     │ 
│ Alignment                                : Aligned on interleaves            │ 
│ Interleave, duration                     : 32  ms (0.96 video frame)         │ 
│                                                                              │ 
│                                                                              │ 
│                                                                              │ 
│                                                                              │ 
│                                                                              │ 
│                                                                              │ 
│                                                                              │ 
│                                                                              │
│                                                                              │
│                                                                              │
│                                                                              │
│                                                                              │
│                                                                              │
│                                                                              │ 
│                                                                              │ 
│                                                                              │
│                     Plot:                                                    │
│                   Check Imdb                                                 │
│                                                                              │
│                                                                              │
│                                                                              │
│                             RELEASE INFO                                     │
│                                                                              │
│                                                                              │
│                              Woot                                            │
│                                                                              │
╚══════════════════════════════════════════════════════════════════════════════╝
╔═╦═══════╗        ╔─╦──╦───╦────╦═───═╦═───═╦────╦───╦──╦─╗         ╔═══════╦═╗
╚╬╝       ╚─═════─═╝═╩══╩═══╩════╩═════╩═════╩════╩═══╩══╩═╚═─═════─═╝       ╚╬╝
 ║                                                                            ║ 
 ║                                LOOKING FOR                                 ║ 
 ║ Supplier                                                                   ║ 
 ║     ________                                                               ║
 ║                                                                            ║
 ║   Cammer wanted                                                            ║
 ║                                                                            ║
 ║  Unrelease Cam/TS/itunes movie/WEB-DL/Screener/DVD/Blueray                 ║ 
 ║   Uk and US cammers wanted                                                 ║
 ║   Need suppliers for audio and video                                       ║
 ║   and people who are good in searching shit from net                       ║
 ║                                                                            ║
 ║          UnKnOwN is back recruiting,if you have anything email us.         ║
 ║                                                                            ║ 
 ║                         unknownreleasegroup@gmail.com                      ║
 ║                                                                            ║
 ║                                                                            ║
╔╬╦══════════════════════════════════════════════════════════════════════════╦╬╗
╚╦╝ ╨ ╨ ╨ ╨ ╨ ╨ ╨ ╨ ╨ ╨ ╨ ╨ ╨ ╨ GREETZ & RESPECT ╨ ╨ ╨ ╨  ╨ ╨ ╨ ╨ ╨ ╨ ╨ ╨ ╨ ╨╚╦╝
 ╚═══════════════════════╦══════════════════════════════╦═════════════════════╝ 
                         ║ NOBODY YET WILL LET YOU KNOW ║                       
                         ║                              ║                       
                         ║ MORE GOODIES COMING REAL SOON║                       
                         ╚══════════════════════════════╝
