                                      ▀▄▄ ▀
                              ▄▄▄▄▄▄▓▌ ▐██▄ ▓█▄ ▀▄
                          ░▓▓███████▀ ▄████▌▐██▌ ▐▓
                ▄▄▄▄▄▄ ▄  █▀██████▓░▄▓█████▄███▓ ░█▌▄▄▄ ▄ ▄▄▄▄▄▄
                █      ▐▌▐▌▐██████▌▐████████████▌ █▌   ▐▌      █
                █       ▓  ▓███████▄████████████▌▐██   ▓       █
                █   ▄  ▐▌  ▐▓███████████████████▄███   ▐▌  ▄   █
                █   ▐▌▐█     ▀▀▀▀▀▓▓█████████▀▀▀  ▓▓░   █▌▐▌   █
                █   █░▓▌  ▄▓▄        █████░       ░█▌   ▐▓░█   █
                ▌▄ ▐▌ ▐█   ▀   ▓▓▄▄▄▄▓▓  █▄▄██████▌ ▀   █▌ ▐▌ ▄▐
                ▐▌  ▓▄ ▀▓▄     ███████    ███████▓▓   ▄▓▀ ▄▓  ▐▌
                ▌▀▄  ▀▀▄▄░▀▄   ▀▀▓▓███▌  ▐█░▄▄▄▄ ▀▀ ▄▀░▄▄▀▀  ▄▀▐
         ▄      █  ▀▀▄▄  ▀▀▄▀▄    ███▀▀▀▀▀▀ ▓███░ ▄▀▄▀▀  ▄▄▀▀  █
         ▐▌     █     ▀▓▓▄ ▐▌▐▌   ▄▄▄ ▐███▌ ▐██▓▌▐▌▐▌ ▄▓▀      █  ▄      ▄
        ▄▀      █   ▄  ▐██▌░█▓   ▐█▓▌ ░▓██▓       ▓█░▐█▄       █  ▐▌     ▐▌
      ▄▀▄▄▀     █   ▐▌ ██▐▓▄▀           ▄▄▀▀▀██▄▄  ▀▄▓▌▐▌      ▀▄▄█░    ▄▀
     ▐▌▓█▌      ▀ ▄▄█░▐█▓▀           ▄███     ██▓▓    ▓▀     ▄▓██▀    ▄▀▄▄▀
     ▓███▓     ▄▓██▀  ██▌           ▓▓██▌    ▐████▌ ▄▀▄▄▀   ▐███▌    ▐▌▓█▌
     ▐████▌   ▐███▌  ▐▓▓           ▐████     █████ ▐▌▓█▌    ░▓███    ▓███▓
      █████   ░▓███ ░██▌    ▄▄▄▄████████    ▐████▌ ▓███▓    ▄▄███▓░  ▐████▌
      ░█████  ▄▄███▓▐██▌ ░███▓▓▀   ▀████▌   █████  ▐████▌░██████▀ ▐███████▓
  ▓▓█▌ ▐████▌▓▓███▀ ███  ▓▓███     ▄████████████▓▓██████▓▐█████▌  ▐███░█████
  ████  █████████▌ ░███ ▐████▌    ▓▓████▌  ▐████████░██████████   ▐█▓▓ ▐████▓
  ████  ▐████████  ▐███░▐████▌   ▐███████   ▓███████ ▐█████████▌  ███▌  █████▌
  ████▌▄█████████▌ ▐███▌▓▓███    ██████▓▓    ▀▀▓▓██▌  ██████████▄▄███▌  ▐████▓
  ▐███████▓▓▀▓████▄▓▓████████    █████▌        ░███▌  ▐████▓ ▀▀▀▓▓███▌ ▄█████▌
  ▐███▓▓███▄▄▄░░▀▀▀██████████▄▄▄███▓▓▀         ▐███▌ ▄█████▌   █ ▐████████▓▓▀
   ████    ▀▀▀████▄▄▄▄▄░░   ▀▀▀▀▀       nERv   ▐████████▓▓▀    █ ▐▓▓████▀▀▀
   ▀▀▀▀         ▄▀▀▀██████                     ▐▓▓████▀▀▀      █
                █     ▓▓██                                     █
                █                                              █
                █    ▄▀▀█ ▄▀▀  ▓   ▄▀▀▄ ▄▀▀▄ ▄▀▄  ▄▀▀  ▄▀▄     █
                █▄▄▄ █▀▓  ▓▀ ▄ █   █  ▓ █▀▀▓ ▓  █ ▓▀ ▄ █  ▓ ▄▄▄█
                       █  ▀▀▀▀ ▀▀▀  ▀▀  ▀    ▀▀▀  ▀▀▀▀ ▀▀▀
            Blood Bowl Update 1.1.2.1 and Dark Elf Addon (c) Cyanide

                                                           Securom+Triggers+
        09/2009 :..... RELEASE.DATE .. PROTECTION .......: Custom+DFE+Serial
              1 :.......... DISC(S) .. GAME.TYPE ........: Sports/Strategy
   
                   ▄▀▀  ▄▀▀▄ ▄▀▄▀▄ ▄▀▀  ▀ ▄▀▀▄ ▄▀▀▄ ▄▀▀▄ ▄▀
  ▀▀▀▀▀▀▀▀▀▀▀▀▀▀▀▀ █ ▀▓ █▀▀▓ █   ▓ ▓▀ ▄ █ █  ▓ ▓▀   █  ▓ ▀▀▀█ ▀▀▀▀▀▀▀▀▀▀▀▀▀▀▀▀
                    ▀▀  ▀    ▀   ▀ ▀▀▀▀ ▀ ▀    ▀     ▀▀   ▀▀


  Changelog 1.1.2.1
  - Dark Elves are now playable

  Changelog 1.0.2.0
  - Matchmaking is available
  - Reduced match loading time
  - Public sounds are lower
  - Fixed wrong team displayed in GUI when playing with two exported teams
  - Fixed a crash when loading a replay where a team bought extra rerolls
  - Added interception hints when using Dump-Off
  - Fixed misplaced passing arrow when using Dump-Off
  - Fixed misplaced passing arrow after using Multiple Block
  - Ball & Chain: Can't use Multiple Block and Juggernaut, can't be blocked by Tentacles
  - Fixed Break Tackle, Dauntless, Take Root



             ▀ ▄▀▀▄ ▄▀   ▓▄▄  ▄▀▀▄ ▓   ▓   ▄▀▀▄ ▄▀▀▄ ▓▄▄  ▄▀▀  ▄▀
  ▀▀▀▀▀▀▀▀▀▀ █ █  ▓ ▀▀▀█ █  ▄ █▀▀▓ █   █   █  ▓ █  ▓ █  ▄ ▓▀ ▄ ▀▀▀█ ▀▀▀▀▀▀▀▀▀▀
             ▀ ▀     ▀▀   ▀▀▀ ▀    ▀▀▀ ▀▀▀ ▀     ▀▀   ▀▀▀ ▀▀▀▀  ▀▀

  

  1. Unrar.
  2. Install the update. 
  3. Copy over the cracked content.
  4. Play the game.
  5. Support the software developers. If you like this game, BUY IT!

               ▄▀▀  ▄▀▀█ ▄▀▀▄ ▓  ▄ ▄▀▀█ ▄▀▀▄ ▄▀▀▄ ▓▄▄  ▄▀▀  ▄▀
  ▀▀▀▀▀▀▀▀▀▀▀▀ █ ▀▓ █▀▓  █  ▓ █  ▓ █▀▀  █  ▓ █  ▓ █  ▄ ▓▀ ▄ ▀▀▀█ ▀▀▀▀▀▀▀▀▀▀▀▀▀
                ▀▀    █   ▀▀   ▀▀  ▀    ▀     ▀▀   ▀▀▀ ▀▀▀▀  ▀▀
