                                      ▀▄▄ ▀▄▄
                              ▄▄▄▄▄▄▓▌ ▐██▄ ▓█▄ ▀▄
                          ░▓▓███████▀ ▄████▌▐██▌ ▐▓
                ▄▄▄▄▄▄ ▄  █▀██████▓░▄▓█████▄███▓ ░█▌▄▄▄ ▄ ▄▄▄▄▄▄
                █      ▐▌▐▌▐██████▌▐████████████▌ █▌   ▐▌      █
                █       ▓  ▓███████▄████████████▌▐██   ▓       █
                █   ▄  ▐▌  ▐▓███████████████████▄███   ▐▌  ▄   █
                █   ▐▌▐█     ▀▀▀▀▀▓▓█████████▀▀▀  ▓▓░   █▌▐▌   █
                █   █░▓▌  ▄▓▄        █████░       ░█▌   ▐▓░█   █
                ▌▄ ▐▌ ▐█   ▀   ▓▓▄▄▄▄▓▓  █▄▄██████▌ ▀   █▌ ▐▌ ▄▐
                ▐▌  ▓▄ ▀▓▄     ███████    ███████▓▓   ▄▓▀ ▄▓  ▐▌
                ▌▀▄  ▀▀▄▄░▀▄   ▀▀▓▓███▌  ▐█░▄▄▄▄ ▀▀ ▄▀░▄▄▀▀  ▄▀▐
         ▄      █  ▀▀▄▄  ▀▀▄▀▄    ███▀▀▀▀▀▀ ▓███░ ▄▀▄▀▀  ▄▄▀▀  █
         ▐▌     █     ▀▓▓▄ ▐▌▐▌   ▄▄▄ ▐███▌ ▐██▓▌▐▌▐▌ ▄▓▀      █  ▄      ▄
        ▄▀      █   ▄  ▐██▌░█▓   ▐█▓▌ ░▓██▓       ▓█░▐█▄       █  ▐▌     ▐▌
      ▄▀▄▄▀     █   ▐▌ ██▐▓▄▀           ▄▄▀▀▀██▄▄  ▀▄▓▌▐▌      ▀▄▄█░    ▄▀
     ▐▌▓█▌      ▀ ▄▄█░▐█▓▀           ▄███     ██▓▓    ▓▀     ▄▓██▀    ▄▀▄▄▀
     ▓███▓     ▄▓██▀  ██▌           ▓▓██▌    ▐████▌ ▄▀▄▄▀   ▐███▌    ▐▌▓█▌
     ▐████▌   ▐███▌  ▐▓▓           ▐████     █████ ▐▌▓█▌    ░▓███    ▓███▓
      █████   ░▓███ ░██▌    ▄▄▄▄████████    ▐████▌ ▓███▓    ▄▄███▓░  ▐████▌
      ░█████  ▄▄███▓▐██▌ ░███▓▓▀   ▀████▌   █████  ▐████▌░██████▀ ▐███████▓
  ▓▓█▌ ▐████▌▓▓███▀ ███  ▓▓███     ▄████████████▓▓██████▓▐█████▌  ▐███░█████
  ████  █████████▌ ░███ ▐████▌    ▓▓████▌  ▐████████░██████████   ▐█▓▓ ▐████▓
  ████  ▐████████  ▐███░▐████▌   ▐███████   ▓███████ ▐█████████▌  ███▌  █████▌
  ████▌▄█████████▌ ▐███▌▓▓███    ██████▓▓    ▀▀▓▓██▌  ██████████▄▄███▌  ▐████▓
  ▐███████▓▓▀▓████▄▓▓████████    █████▌        ░███▌  ▐████▓ ▀▀▀▓▓███▌ ▄█████▌
  ▐███▓▓███▄▄▄░░▀▀▀██████████▄▄▄███▓▓▀         ▐███▌ ▄█████▌   █ ▐████████▓▓▀
   ████    ▀▀▀████▄▄▄▄▄░░   ▀▀▀▀▀       nERv   ▐████████▓▓▀    █ ▐▓▓████▀▀▀
   ▀▀▀▀         ▄▀▀▀██████                     ▐▓▓████▀▀▀      █
                █     ▓▓██                                     █
                █                                              █
                █    ▄▀▀█ ▄▀▀  ▓   ▄▀▀▄ ▄▀▀▄ ▄▀▄  ▄▀▀  ▄▀▄     █
                █▄▄▄ █▀▓  ▓▀ ▄ █   █  ▓ █▀▀▓ ▓  █ ▓▀ ▄ █  ▓ ▄▄▄█
                       █  ▀▀▀▀ ▀▀▀  ▀▀  ▀    ▀▀▀  ▀▀▀▀ ▀▀▀
     
                          Empire Earth III  (C) Sierra
                       
       11/2007 :..... RELEASE.DATE .. PROTECTION .......: Securom
             1 :.......... DISC(S) .. GAME.TYPE ........: Strategy
    
    
                   ▄▀▀  ▄▀▀▄ ▄▀▄▀▄ ▄▀▀  ▀ ▄▀▀▄ ▄▀▀▄ ▄▀▀▄ ▄▀
  ▀▀▀▀▀▀▀▀▀▀▀▀▀▀▀▀ █ ▀▓ █▀▀▓ █   ▓ ▓▀ ▄ █ █  ▓ ▓▀   █  ▓ ▀▀▀█ ▀▀▀▀▀▀▀▀▀▀▀▀▀▀▀▀
                    ▀▀  ▀    ▀   ▀ ▀▀▀▀ ▀ ▀    ▀     ▀▀   ▀▀
                      
  Empire Earth III takes the legendary real-time strategy franchise and gaming
  genre to new heights. The ground breaking new game truly puts the EARTH into
  Empire Earth by introducing a spectacular global perspective to conquering
  the world. The globe will serve as the battleground between the 3 unique
  factions (Western, Middle-Eastern, and Eastern) that have been created with 
  a stunning new artistic vision. All of human history and beyond - across the
  entire globe - Empire Earth III commands all!
     
             ▀ ▄▀▀▄ ▄▀   ▓▄▄  ▄▀▀▄ ▓   ▓   ▄▀▀▄ ▄▀▀▄ ▓▄▄  ▄▀▀  ▄▀
  ▀▀▀▀▀▀▀▀▀▀ █ █  ▓ ▀▀▀█ █  ▄ █▀▀▓ █   █   █  ▓ █  ▓ █  ▄ ▓▀ ▄ ▀▀▀█ ▀▀▀▀▀▀▀▀▀▀
             ▀ ▀     ▀▀   ▀▀▀ ▀    ▀▀▀ ▀▀▀ ▀     ▀▀   ▀▀▀ ▀▀▀▀  ▀▀
   
  1. Unrar.
  2. Burn or mount with Daemon tools.
  3. When asked for a serial enter one of the following serials or use the
     keygen located in the /Crack directory on the DVD:
     
     
     
     
     
     
     
  4. Copy the cracked executable from the /Crack directory on the DVD to your
     installation directory.
  5. Play the game
   
               ▄▀▀  ▄▀▀█ ▄▀▀▄ ▓  ▄ ▄▀▀█ ▄▀▀▄ ▄▀▀▄ ▓▄▄  ▄▀▀  ▄▀
  ▀▀▀▀▀▀▀▀▀▀▀▀ █ ▀▓ █▀▓  █  ▓ █  ▓ █▀▀  █  ▓ █  ▓ █  ▄ ▓▀ ▄ ▀▀▀█ ▀▀▀▀▀▀▀▀▀▀▀▀▀
                ▀▀    █   ▀▀   ▀▀  ▀    ▀     ▀▀   ▀▀▀ ▀▀▀▀  ▀▀
