
  ╔════════╗          ╔═════════════════════════════════════════════════════╗
 ╔╝ ▓█▓▓▓▒ ╚════╗     ║ Gnomes.And.Trolls.The.Secret.Chamber.R5.XViD-RUSTLE ║
 ║ ██    ▒███▒░ ╚═════╩═════════════════════════════════════════════════════╩══╗
 ║ █         ████▓▒██████▓▓█▓                                                  ║
 ║ █         █   ▒█▒     ░███                                                  ║
 ║ █        ▓▒          ▓████                        ▓░                        ║                        
 ║ █░   ▒██▓█          ▒▒░▒██▓▒░                 ░▓▓▓██                        ║                        
 ║ █▓   ███████░             ░▓████▓▒▒░     ░▒▓██▓░░███                        ╚╗                       
 ║ ██  ░███████                   ░▒▓▓███████▓▒   ▒████                       ░ ║                       
 ║ ██▓  ██████      ████▒░                      ░█████▓                      ░░ ║                       
 ║ ███░ ▓███▓ ▒▓▓░▒█████████▒                 ▒████████                      ▓░ ║                       
 ║ ▓███░▒███     ▒██████████░              ▒▓█████████░                      █░ ║                       
 ║ ░█████▒▓░    ░████▓▓░              ▒▒█████████████                        █  ║                       
 ╚╗ ██████▓     ░▒           ░▒▒▓▓█████████████████▓                        ░█░ ║                       
  ╚╗ ███░              ▓██████████████████████████                          ░█░ ║                       
   ║ ▒█████                ░░▓▓█████████████████░                           ░█▒ ║                       
   ╚╗ █████▓      ███▓░          ▒███████████▓                              ▒█▓ ║                       
    ║ ▓█████▓      ░██████▓░      ▓██████▓▒                                 ░██ ║                       
    ║ ███████▓        ▓█████▒      █▓░                                       ██ ╚╗                      
    ║ ░████████▒        ▒████      ▓▒           RelaseDate: 2008-11-04       ██▒ ║                      
    ╚═╗ ▒▓██████▓░░▒▒▒▒▒▒████▒      █░                                       ███ ║                      
      ╚══╗ ██████▒        ▒███      ▒█              Source: DVD R5            ██ ╚╗                     
         ║ ▒█████████▓▓▓▓▓▓███▓      ██                                      ▒██▓ ║                     
         ╚╗ ░██████████████████       █▒           Genre: Animation          ░███ ╚╗                    
          ╚═╗ █████████████████▓      ░█                                      ███▒ ║                    
            ║ ░█████████████████░      ▓█          FileSize: 49x15MB          ████ ╚╗                   
            ╚═╗ █████████████████       ▓█                                    ▓███▓ ║                   
              ╚═╗ ▓█████▓▓▒▒░░███▒ ░░░░▒▓█         RunTime: 1:15:38s          ░████ ╚╗                  
                ╚╗        ░░  ▓███▒▒▓█████▓▓▓                                  █████ ╚╗                 
                 ║    ░▓▓▓██░  ████        ░▓█▒                                █████░ ║                 
              ╔══╝ ▒██▓░▒▓██░  ▓█████▒░       ██░                              ▓█████ ╚╗                
           ╔══╝ ▒██▓░  ▓████░   ████████▓▒      ██                             ░█████▓ ╚╗               
          ╔╝ ░███░    ██████░   ▒████████████▓░  ░▓▒                            ██████░ ║               
         ╔╝ ▓█▒      ███████░    ████████████████▓▓██░                          ███████ ╚╗              
         ║ ▓█       ▒███████      ▓██████████████████▒                          ▒██████▓ ║              
        ╔╝ █▒       ██████▓    ▒▓▓▓██████████████████▒                          ░███████ ╚╗             
        ║ ░█       ░████▓  ░▓██▓▒░    ░▓█████████████░                           ████████ ╚╗            
        ║ ▒█       ▓███░ ▓██▒             ███████████▒                           ████████▓ ╚╗           
        ║ ▓█       ███  █▓              ░█████▓░▓████░                           ▒████████▒ ╚╗          
        ║ ▓█       ██▓ █▒         ░▒▓█▓███████▓     ░                            ░█████████░ ║          
        ║ █▓      ░██  █░      ▓██████████████░                                   ██████████ ╚╗         
        ║ █▒      ▒██  █▓     ▒█████████████▓                                     ▓██████████ ╚╗        
       ╔╝ █░      ▓█▓  ██      ████████████▓                                      ▒██████████▓ ╚╗       
      ╔╝ ░█       ██░  ██▒     ▓██████████▒                                       ░███████████▒ ╚╗      
    ╔═╝ ▓██       ██   ███   ░░▒█████████░                  ViDEO                  ████████████▒ ╚╗     
   ╔╝ ▓█▒ █       ██   ███▓ ░░  ▓█▓▒▒░                                             █████████████░ ╚╗    
   ║ ██  ░█      ░█▓   ▓███      █░                   Resolution: 640x352          ▓███▒█████████░ ╚╗   
   ║ █▒  ▓█      ░█░    ████     ░█▓▓█▓                                            ░███░▒█████████▒ ╚╗  
   ║ █░  ▓█       █▓    ████▓     ░▒░ ▓█              AspectRatio: 1.82:1           ███▒ ██▒▒██████▒ ╚╗ 
  ╔╝ █   ██        ▓▓█▓▓▒░             ░█░                                          ████ ▓██ ▓██████▓ ╚═╗
  ║ ▒█   ██                          ▓▓▓██            BitRate: ~1098 Kbit           ████ ░██░ ████████░ ║
  ║ ▒█   ██                          █████                                          ████  ███  ████████ ║
  ║ ▓█   ▓█             ░ ░▒▓██       ████               FPS: 25.000                ▓███  ▒██░  ██████ ╔╝
  ║ ▓█    ██▓▓▓▓▓▓▓▓▒▒▒▒▓████████▓▓▒░  ▓██                                          ▒███   ███  ░████ ╔╝
  ║ ▒█     ▒██▓▒▒  ░▒▓████████████████████▓                                         ▒███   ███   ░██ ╔╝ 
  ║ ▒█▓         ▒▓████████████████████████▓                                         ▒███   ░██▓ ╔════╝  
  ║ ░███▓▒▓▓▓█████████████████████████████▓                                         ░███    ███ ╚╗      
  ║ ░█████████████████████████████████████▓                                         ░███    ▓██▒ ║      
  ║ ▒██████████████████████▓░ ▒████████████▓██                                      ░███    ░███ ║      
  ╚╗ ██████████████████▓▒         ░▒▒▓█████░ ██                                     ░██▓     ███ ╚╗     
   ║ ███████████████▒                ██       █▓                                    ▒██▒     ▓██▒ ║     
   ╚╗ ▓████████▓▒░         ▒▓█████▓█▓██▒      ░█                                    ▒██░     ▒███ ║     
    ╚═╗ ░▒▒░ ╔═══╗     ░████▓░        ░█░      ██                                   ▓██      ░███ ╚╗    
      ╚══════╝  ╔╝  ░███▒              ▒█       █                                   ███       ███▒ ║    
               ╔╝ ░██▓                  ▒       █▓                                  ██▒       ███▓ ║    
   ╔═══════════╝ ██▒          ░▒▓▓▓███▓▓▓█▓▓▒▒░ ▓█                                 ░██        ████ ║    
   ║ ██▓▓▓▓░   ░██        ▓██████████████████████▓                                 ▒██        ▓███ ╚╗   
   ║ ███▓ ░▓████▓       ██████████████▓▓▒▒░░▒▓▓▓█▓                                 ▓█░        ▒███▒ ║   
   ║ █████▒             ▓██████▓▓▒░             ▓█                                 ██         ▒███▓ ║   
   ║ ███████▒                       ▒▓███▓      █▓                                 █▒         ░████ ║   
   ║ █████████▓               ▒▓█████████      ██▒                                ▓█          ░████ ║   
   ║ ▒███████████▓▒      ▒▓████████████      ▒███▒                                █░          ░████ ╚╗  
   ╚╗ ░█████████████████████▒  ▓█████░▒▒   ░█████▒                                            ░████░ ║  
    ╚═╗ ▓█████████████████▓    ███▓     ▓▓▓██████▓                                            ▒████░ ║  
      ╚╗ ░███████████████               ▒████████▒                                            ▒████░ ║  
       ╚═╗ ▒███████████▒              ░█████████▓                                             ▒████▒ ║  
         ╚═╗ ░████████               ▓█████████▓            AUDiO                             ▓████▒ ║  
           ╚══╗ ░▓██▒              ▓██████████▒                                               ▓████░ ║  
             ╔╝  ▒█              ░██████████▓          Language: English                      █████ ╔╝  
            ╔╝ ░██             ░██████████▓                                                   █████ ║   
          ╔═╝ ██░         ░▒▓████████████░              192Kbps CBR AC3                      ░█████ ║   
         ╔╝ ░██        ▓███████████████▓                                                     ▒█████ ║   
       ╔═╝ ▓█▒      ▒████████████████▓                                                       ██████ ║   
      ╔╝ ░██       ▓████████████████▒                                                        ██████ ║   
     ╔╝ ▓█▒       ▒███████████████▓                                                         ▒█████▒ ║   
   ╔═╝ █▓    ▒▓█████████████████▓                                                           ██████░ ║   
  ╔╝ ▒█░ ▒▓█████████████████▓▒░                                                            ░██████ ╔╝   
  ║ ▓█▓█████████████████▒                                                                  ▓██████ ║    
  ║ ▓████████████████▒            ░░░░▒▒▒▒▒▒░░░░                                          ░██████▓ ║    
  ║ ▓███████████████    ░▓▓▓██▓█▓▓▓▓▓▓▓▓▒▒▒░▒███▓▒▓█▓                                     ███████░ ║    
  ║ ▓██████████████▓▒▓█▓▓▒░                ░██▓   ███                                    ▒███████ ╔╝    
  ║ ▓████████▓▓▓▓▓▒░░                     ███   ▓███▓                                    ████████ ║     
  ║ ██████▒ ░▒▓▒                        ▓██▒  ▒██████                                   ████████░ ║     
  ║ ░█▓░   ▓▓░               ▒▓██████████▓   ████████                                  █████████ ╔╝     
  ╚══╗  ░█▓          ▒▓      █████▓▒▒░░    ▒████████░                                  ▓████████ ╚╗     
    ╔╝ ██        ░▓█████     ██████████▓▒▒████████▒                                     ████████▒ ║     
   ╔╝ █▓       ░████████     ▒██████████████████▓                                       ▒████████ ║     
   ║ ░█  ░░░░▒░▓████████░  ░░▓█████████████████                                          ████████ ╚╗    
   ║ ▒█          ▓███████▒▓▒░░█▓█████████████▒                                           ▓███████▒ ║    
   ║ ░██           ▓█▓▒██     ▓▒░▒▒▓▓██████▓                LiNK                          ████████ ║    
   ║  ███▒        ▒██  ██░    ▒█        ▓▓░                                               ▓███████ ╚╗   
   ║ ░█████▓    ▓████ ░██░     █              http://us.imdb.com/title/tt1124374/          ▓██████░ ║   
   ║  ████████▓██████▒▓        █▓                                                           ▓█████▒ ║   
   ║  ███████████████▓█        ░█                                                           ░██████ ║   
   ╚═╗ ▓████████████▓▒██▒       █▓                                                           ██████ ║   
     ╚═╗ █████████▓  ▒███▓       █                                                           ▓█████ ╚╗  
       ╚═╗ ▓████▓ ╔╗ ▓█████      █▓                                                          ░█████░ ║  
         ╚═╗ ░▒ ╔═╝║ ▓██████░     █                                                           █████░ ║  
           ╚════╝  ╚╗ ▓██████▒    ██                                                          █████▒ ║  
                    ╚═╗ ██████▒    █                                                          ▓████▒ ║  
                      ╚╗ ▓█████▓   ▓█                                                         ▒████▓ ║  
                       ╚╗ ▒█████▓   █                                                         ░████▓ ║  
                        ╚╗ ░█████▓  █▓                                                         █████ ║  
                         ╚═╗ █████▒ ░█                                                         ████▓ ║  
                           ╚╗ █████░ █░                                                        ████▓ ║  
                       ╔════╝  █████ ▓▒                                                        ████▒ ║  
                 ╔═════╝ ░▒▒▒▒▒▒████▓▒▓                                           ▓▓           ████░ ║  
             ╔═══╝ ░▒▓▓▓▓▓▓▓▒░░  ▓███▓▓                  GRP NEWS                 ░█           ████░ ║  
         ╔═══╝ ░▓███████████████  ████▓                                            ██          ████ ╔╝  
      ╔══╝ ░▓█████▓▓▒░       ██▓  ▒███▒        We are currently looking for:       ▓█          ████ ║   
    ╔═╝ ░▓███▓░              ██  ░████▓           100 Mbit+ AFFiL SiTES            ▒█▓        ░███▓ ║   
   ╔╝ ▒█▓░                  ██▓  █████▓                                             ██        ▒███▒ ║   
   ║ █▓   ▒▓▓██████▓       ▒██  ████░█▓                                             ██▒       ▒███ ╔╝   
   ║ ███████████████░      ██  ████▓ ▓░                                             ███       ▓███ ║    
   ║ ██████████████▒      ██ ░█████                   rustle@hush.ai                ▓██       ███▓ ║    
   ║ █████████████░     ░█▓ ▒█████░                                                 ░██░      ███░ ║    
   ║ ████ ███████      ▓█▒ ▓█████▒                                                  ░██▒     ░███ ╔╝    
   ║ ███  █▓▒▒█▓      ██ ░██████▒                                                    ██▓     ▓██▓ ║     
   ╚╗ ▓█  █  █▓      █▓ ▒██████▒                                                     ███     ███░ ║     
    ║ ▓▓  ▓██░     ▒█▒░███████▒ ▒▓▓▓▓▒▒▒▓▓                                           ███     ███ ╔╝     
    ║ █▓   ▓      ▓██▓████████▒▓▒░   ░▒▓██                                           ███    ▒██▒ ║      
    ║ ▓█         ██████████▒      ░███████                                           ███    ███  ╚═══╗  
    ║ ▓█        ░█████████▒       ████████                                           ███   ░██▓   ▒░ ╚╗ 
    ║ ▓██         ██████▓██       ████████                                          ░███   ▓██   ▓██▒ ╚╗
    ║ ▓███░        ░███░ ▓█░      ███████▓                                          ░███   ███  ▓████▓ ╚╗
    ║ ▒█████░       ▓█▓░ ██▓       █████▒                                           ▒███  ▒██  ▒███████ ║
    ║ ░███████▒   ▒█░  ▓▓██▓       █▓                                               ▓███  ██▓ ░████████ ║
    ╚╗ █████████▓▓▒                ░█                                               ████ ░██  ███████░ ╔╝
     ╚╗ ██████████▓▒                █▓                                              ████ ██▓ ███████ ╔═╝
      ╚╗ ▓███████████▓░              █                                              ███▒ ██▓███████ ╔╝  
       ╚═╗ ▓████████████▓            ▓█                                            ░███▒▓████████▓ ╔╝   
         ╚═╗ ▓█████████████▓          ▓█                                           ▓███▓████████▓ ╔╝    
           ╚═╗ ░██████████████▒        ▓█░                                         ████████████▓ ╔╝     
             ╚══╗ ▓██████████████▓░      ██░                                       ████████████ ╔╝      
                ╚═╗ ░▓███████████████▓▒░  ░▓▓▒░░                                  ░███████████ ╔╝       
                  ╚══╗ ▒███████████████████▓▓███░                                 ▓██████████ ╔╝        
                     ╚═╗  ▒█████████████████████                                  ██████████░ ║         
          ╔════════╗ ╔═╝     ▒▓█████████████████                                  █████████░ ╔╝         
       ╔══╝ ▒███▓░ ╚═╝ ▒▓▒▒▒░ ░▒▓███████████████                                 ▒████████▒ ╔╝          
     ╔═╝ ▒██▓░ ░▓██▓░▓██▒▒▒▒▒▒░░▒▓▓ ▒▓██████████                                 ▓███████▓ ╔╝           
   ╔═╝ ▒█▓░        ▒█▓        ▒▓███       ░▒▒▒▓▓         ░░                      ████████ ╔╝            
  ╔╝ ▒▓▒                   ▓███████                    ▒▓██                     ░███████░ ║             
  ║ ██▓▓██████▓           ▒████████               ░▒▓█▓▒▓██                     ▒██████▓ ╔╝             
  ║░███████████░              ▒▓▓█████████████████▓▓░  ▓███                     ███████ ╔╝              
  ║ █████████▒                      ░░░░░░░ ░        ░█████                     ██████ ╔╝               
  ║ ███████▓       ▓███▓░                          ░███████                    ░█████▒ ║                
  ║ ███▓         ▓████████▓░                     ░█████████                    ▓█████ ╔╝                
  ║ ████▓       █████████████                 ░▓██████████░                    █████░ ║                 
  ║ █▓███          ▒▓▓███▓▓▓░            ░▒▓█████████████                      ████▓ ╔╝                 
  ╚══╗▓█░     ▓█▒    ███▓▒     ░▒▓▓████████████████████▓                      ░████ ╔╝                  
     ║▓█▓     ░███████████████████████████████████████░                       ▓███░ ║                   
     ║███▒      ████████████████████████████████████▒                         ████ ╔╝                   
     ║████▒      ░████████▒ ▓█████████████████████▒                           ███░ ║                    
     ╚╗▓███▓      ▒█▓██████   ░▓███████████████▓                             ░███ ╔╝                    
      ║▒█████░   ▓█  ░█████▓     ▓███████▓▓▓░                                ▒██░ ║                     
      ║▒███████░▓▓      ▒███      █▓                                         ▓██ ╔╝                     
      ╚╗█████████░                ░█                                         ██▓ ║                      
       ╚╗██████████▒               ▓█                                        ██░ ║                      
        ╚╗███████████▓              █▓                                      ░██ ╔╝                      
         ╚╗▓████████████▒            █▓                                     ▒█▓ ║                       
          ╚╗░█████████████▒           █▓                                    ▒█▒ ║                       
           ╚═╗░████████████▒           ██                                   ░█░ ║                       
             ╚═╗▒███████████            ██                                  ░█ ╔╝                       
               ╚═╗░▓█████████▓           ▓█░                                 █ ║                        
                 ╚══╗▓██████████▒         ░█▓                                █ ║                        
                    ╚═╗░▓██████████▓░       ▓█░                              ▓ ║                        
                      ╚══╗█████████████▓▒░    █▓           ╔════════╗        ▒ ║                        
                         ╚╗█████████████████████▒ ╔════════╣ RUSTLE ╠══════════╝                        
                          ║▓████████████████████░ ║        ╚════════╝
                          ╚═╗▓██████████████████░ ║         
                            ╚═╗░▓███████████████░ ║         
                              ╚═══╗▒▓███████████░ ║
                                  ╚═══════════════╝
