     ▄▄▄▄▄▄▄▄▄▄▄▄▄▄▄▄▄▄▄▄▄▄▄▄▄▄▄▄▄▄▄▄▄▄▄▄▄
    █▀ ▄▄▄▄▄▄ ▀ ▄▄▄▄▄▄ ▀ ▄▄▄▄▄▄ ▀ ▄▄▄▄▄▄ ▀▓
   ▄▓ ██▓  ██▓ ██▓  ██▓ ██▓  ██▓ ██▓  ██▓ █
   █ ▄██▓  ██▓ ██▓  ██▓ ██▓  ██▓ ██▓  ██▓ █
   █▄     ▄██▓ ██▓ ▄██▓ ██▓  ██▓ ██▓  ██▓ █
    ▓ ▄██▀     ██▓  ▄▄▄ ███▄▄▄▄  ██▓  ██▓ █
    ▒ ██▓  ██▓ ██▓  ██▓ ██▓  ██▓ ██▓  ██▓ █ x!FEAR
    ░ ██▓▄▄██▓ ▀█▓▄▄██▀ ██▓  ██▓ ▀█▓▄▄██▀ █
 ▀▄ ▄             ▀   ▄      ██▓▄         ▓▄▄▄█▀▀▀ ▀
 ░▓█▄          ▄▄▀  ▄▓██▄   ▐▀ ▀▌█▄▄        ▄▄▄▄▀▄
 ░███▀ ▄    ▄███░ ▄██▀░▀██▄ ▐█▄█▌▀█████▄██████▓▀ ░█▄        ░  ▄▄▀   ▄▄▄▄▄▄
 ░███░     ▀░███░█▓▀░░   ███ ███░░ ░▀▀███▀░ ▄▀ ▄  ▐█▓        ▄▓█▌ ▄▓██▀▀▀▓██▓▄
 ░███░      ░███░███░    ███░███░     ██▓░    ▀▓▀ ░███▄     ░▐██▌▐▓██░░   ████▌░
 ░███░      ░███░███░    ███░███░     ███░   ░▄▄▄  ████▓▄   ░▐██▌▐██▌░    ▐███▌░
 ░███░      ░███░███▄▄▄▄ ▀██░███░     ███░    ▓██░ ███░▀██▄ ░▐██▌▐██▌░    ░░░░░
 ░███░  ▄   ░███░███░░░░ ███░███░     ███░    ███░ ███░ ░▀█▓▄▐██▌▐██▌░   ▄▄▄▄▄
 ░▓██░▄█▀█▄ ░███░███░    ███░███░     ███░   ░███░ ███░  ░ ▀████▌▐██▌░    ▐▓██▌░
 ░▓▓██▀░░░▀▓▄▓██░███░    ███░███░     ███░   ░███░ █▓█░    ░░███▌▐██▌░    ░███▌░
 ░▓█▀░░   ░░▀█▓█░███░    ▓██░█▓█░     █▓█░   ░▓██░ ▓██░     ░▐▓█▌▐█▓▌░    ░███▌░
 ░▀░░       ░░▀█░▓██░   ▄▓▓█░▓██░    ▄▓██▄    █▓█░ █▓█░░    ░▐██▌▐▓██████████▓▌░
  ░ ▄▄▄▄▄▄▄▄▄▄▄  ▀██░ ▄▄▄▄▄▄▄▄▄▄▄▄▄▓ ▄▄▄     ▐▀ ▀▌ ▄▄▄▄▄ ▄▄▄▄▄   ▄▄▄▄▄▄  ▄▄▄▄▄▄
    █              ▀▄              █ ██▓     ▐█▄▓▌██▓  ██▓  ██▓ ██▓  ██▓ █    █
    ▓                              █ ██▓      ██▓ ██▓  ██▓  ██▓ ██▓  ██▓ ▓    ▓
    ▒                              █ ██▓▀▀    ██▓ ██▓  ██▓  ██▓ ██▓ ▄██▓ █    ▒
    ░                              █ ██▓  ▄▄▄ ██▓ ██▓  ██▓  ██▓ ██▓  ▄▄▄ █    ░
    ▄                              █ ██▓  ██▓ ██▓ ██▓  ██▓  ██▓ ██▓  ██▓ █    ▄
                                   ▓ ▀█▓▄▄██▓ ██▓ ██▓  ██▓  ███▄▀█▓▄▄██▀ █
                                   ▀█▄▄▄▄▄▄▄▄▄██▓ ▄▄▄▄▄▄▄▄▄▄▄▄▄▄▄▄▄▄▄▄▄▄▓▀
 ┌────────────────────────────────────────────────────────────────────────────┐
 │■■                        » RELEASE iNFORMATiON «                         ■■│
 └─┬──────────────────────────────────────────────────────────────────────────┘
 │░│ SOFTWARE NAME :        Windows Home Server with Power Pack 1 Connector CD
 │░├──────────────────────────────────────────────────────────────────────────■
 │░│ CRACKER       :        TEAM Z.W.T
 │░├──────────────────────────────────────────────────────────────────────────■
 │░│ SUPPLiER      :        TEAM Z.W.T
 │░├──────────────────────────────────────────────────────────────────────────■
 │░│ PACKER        :        TEAM Z.W.T
 │░├──────────────────────────────────────────────────────────────────────────■
 │░│ RELEASE TYPE  :        SERiAL  
 │░├──────────────────────────────────────────────────────────────────────────■
 │░│ PROTECTiON    :        SERiAL
 │░├──────────────────────────────────────────────────────────────────────────■
 │░│ RELEASE DATE  :        03/28/2009
 │░├──────────────────────────────────────────────────────────────────────────■
 │░│ ZiP NAME      :        ZWHSPP1A.RAR
 │░├──────────────────────────────────────────────────────────────────────────■
 │░│ FORMAT        :        iSO
 │░├──────────────────────────────────────────────────────────────────────────■
 │░│ SiZE          :        1 CD
 ┌─┴──────────────────────────────────────────────────────────────────────────┐
 │■■                        » ADDiTiONAL NOTES «                            ■■│
 └─┬──────────────────────────────────────────────────────────────────────────┘
 │░│ COMPANY       :        Microsoft
 │░├──────────────────────────────────────────────────────────────────────────■
 │░│ PLATFORM      :        WiNALL
 │░├──────────────────────────────────────────────────────────────────────────■
 │░│ SOFTWARE TYPE :        UTiLiTY
 │░├──────────────────────────────────────────────────────────────────────────■
 │░│ LANGUAGE      :        Engish
 │░├──────────────────────────────────────────────────────────────────────────■
 │░│ URL           :        http://www.microsoft.com
 ┌─┴──────────────────────────────────────────────────────────────────────────┐
 │■■                        » RELEASE NOTES «                               ■■│
 └────────────────────────────────────────────────────────────────────────────┘
  Windows Home Server was designed for households and home-based businesses 
  that have more than one personal computer. Your life has gone digital it is 
  time to simplify your life so you can easily access your files, photos, 
  videos and music from any PC or TV in your home, or even while away from home

  CDKey:
  
  
 ┌────────────────────────────────────────────────────────────────────────────┐
 │■■                        » CONTACT iNFORMATiON «                         ■■│
 └─┬────────────────────────────────────────────────────────────────────────┬─┘
 │░│                                                                        │░│
 │░│                                                                        │░│
 │░│  mail: teamzwt[at]land[dot]ru                                          │░│
 │░│                                                                        │░│
 │░│  Looking for software suppliers, proficient crackers & perl coders.    │░│
 │░│                                                                        │░│
 │░│                                                                        │░│
 ┌─┴────────────────────────────────────────────────────────────────────────┴─┐
 │■■ TEAM Z.W.T 2009                                                 x!FEAR ■■│
 └────────────────────────────────────────────────────────────────────────────┘
