████████████████████████▀▀▀▀     ▀██████████████████▀▀▀▀▀▀▀▀▀▀▀▀███████████████
██████████████████████▀ ▄▀▀▄  ▀     ▀▀▀███▓██████                 ▀▀▀██████████
███████████████▓██████ █▓▓  █  ▄██▀▀██▄ ▀███            █    ▄▀       ▀██▓█████
█████████▓██████▀ ▄▄ ▀ █▓  ░█ ▄▀  ▓   ▀█ █▀             █  ▄░           ▀██████
███████████▒▓██  █▓ █   ▀▄▄▀ ▐▌ ▓    ░ █   ▀         ▄░  ■                ▀██▒█
█▓██▀▀▀▀▀▀▀▀██   ▀▄▄▀        ▐▌ ▓▓  ░░ █     ▀ ▀▀▀▀    ■▄  ▀▀▀▀▀▀     ░     ███
██▀ ▄██▀▀██▄ ▀ ░     ▄▀▀▄  ▄  █    ░░▄█▀ ▄▄▄▄▄▄▄     ▄    ■     ▄▀▀▄         ██
█▀ ▄▀  ▓   ▀█       █▓▓  █     ▀▀▄▄▄▀▀  ██████████▄     █ ░    █▓▓  █    ░    █
▀ ▐▌ ▓    ░ █ ███   █▓  ░█             █████████████▄   █      █▓  ░█ ░       █
▀ ▐▌ ▓▓  ░░ █ █████  ▀▄▄▀         ▒░  ███■███████████     ▄▄▄▄  ▀▄▄▀ ▄▄▄▄▄▄▄▄  
   █    ░░▄█▀ ██████    ▄████████▄   ███████  ▀██████   ▄██████▄   ▄█████████  
    ▀▀▄▄▄▀▀ ▄██ █████  ████████████  ██████   ██████▀   █████████ ██████████   
        ▄▄████   ████ █████████████ ██████  ▄███████   ███▀ ▄▄ ▀████████████   
█  ░   ███████    ███ ████▀  ▀█████ ██████████████▀   ████ █▓██ ███████████   ▀
██    ███████     ███  ▄▄▄▄▄▄█████ █████████████▀  ▄██████ ▀▄▄▀ ███■███████   █
██    ██████     ████ ████████████ ███████████▀   █████████▄▄▄▄██■████████   ██
██   ███████    ████ ████████████ ████████████   ███████████████████■█████  ███
██  ███████   █████ ███████ ▄████ ██████ ██████ █████████████████████████   ███
█   ███████  █████ ██████   ████ ██████  ████████████████ ███████████████  ████
█  ██████■███▀▀▀▀▀ ▀▀███   ████████████  ██████████ █████ ████████ █████   ████
█  █████████ ▄██▀▀██▄ ▀███████████████   █████████  ████  ███████ ██████ ░  ███
  █████████ ▄▀  ▓   ▀█ ███████████████    ██████   █████   █████  █████      ▀▀
▄▄▄▄▄▄▄▄▄▄ ▐▌ ▓    ░ █ ▄▄▄▄▄▄▄▄▄▄   ▄▄▄▄▄▄▄▄▄▄▄▄▄▄▄▄▄▄▄▄▄▄▄▄▄▄▄▄▄▄▄▄        ▄▄▄
▄▄▄▄▄▄     ▐▌ ▓▓  ░░ █   ▄▄    ▄  █       ▄▄▄▄▄▄▄▄▄▄▄▄▄▄▄▄▄▄▄▄▄▄▄▄▄ ▄██▀▀██▄  ▄
████▀ ▄▀▀▄  █    ░░▄█▀  █▓ █    ░   ▄    ▀  ▀█████████▀███████████ ▄▀  ▓   ▀█ █
██■█ █▓▓  █  ▀▀▄▄▄▀▀    ▀▄▄▀▄▄▄▄ ▄░░▄▄▄▄▄▄    ▀█████▀   ██████████▐▌ ▓    ░ █ █
████ █▓  ░█ ▄        ▄▀▀▄                       ▀▀▀     ▀█████████▐▌ ▓▓  ░░ █ █
████▄ ▀▄▄▀ ▄        █▓▓  █      ░ █            ▄▄        █████████ █    ░░▄█▀ █
██████▄▄▄▄██        █▓  ░█        █           █▓ █        ████████▄▄▀▀▄▄▄▀▀ ▄██
███████████          ▀▄▄▀         ▄           ▀▄▄▀         ▀█████████▄▄▄▄▄█████
█████████▀                                                   ▀███████████████■█
██████▀▀                                                        ▀▀▀▀▀▀█████████
█████                     Germanys next Showstars                      ████████
█████                                                                    ██████
████                                                                     ▀█████
████  release.date _[...................................... 06.06.2009    █████
████  source _______[............................................. sat     ████
███▌  size _________[......................................... 1400 mb      ███
███▌  rar __________[........................................ 74x20 mb      ███
███   runtime ______[.......................................... 1.38 h      ███
███   genre ________[........................... Reality-TV / Gameshow       ██
███   regie ________[................................... Herbert Bayer       ██
███▌                                                                         ██
███▌  video ________[..................................... XviD 2 Pass       ██
████  audio ________[............................... 128 kbps Lame VBR        █
████                                                                          █
████▌ frame.rate ___[.......................................... 25 fps        █
████▌ resolution ___[......................................... 640x352        █
████▌ imdb _________[ http://www.imdb.de/title/tt1441137/ ]                   █
████▌                                                                         ▄
████                                                                          ▄
███▀                                                                          █
███                                                                          ▀█
██▀                                                                       ▄▀▀▄ 
██                  ▄▄                                                   █▓▓  █
█▀                 █▓ █                                               ▄▄ █▓  ░█
█   ▄██▄  ▄█▀▀█  █ ▀▄▄▀ ▄█▀▀█ ██▀▀█▄ ██▀▀██  ▄█▀▀█ ████████████▀ ▄▄▄████▄ ▀▄▄▀ 
▄  ▄█ ██ ▄█▄    ▄█     ▄█▄     ▄▄▄██ ▀█▄▄▄▄ ▄█▄    █████████■█▀ ██████████▄▄▄▄█
   ██▀▄  ██▄▄██ ██▄▄██ ██▄▄██ ██▄▄██ ▄▄▄▄██ ██▄▄██ ██████████▀ ████████████████
█  ▀▀  ▀■▀▀     ▀▀     ▀▀     ▀▀     ▀▀     ▀▀     ▀▀▀▀▀▀▀▀▀▀ ███■███▀▀▀▀▀▀▀▀██
███         █▀▀█▄ ▄█▀▀█▄ ▄▄▄█▄██ ▄█▀▀█ ██▀▀██ ███████████████▄ █████ ▄██▀▀██▄ ▀
███████    ▄█  ██ ██  ██ ▀▀ █   ▄█▄    ▀█▄▄▄▄ ████████████████▄ ███ ▄▀  ▓   ▀█ 
█▀ ▄▄ ▀██  ██  ██ ▀█▄▄█▀   ██   ██▄▄██ ▄▄▄▄██ ███■█████████████▄▄▄  ▌ ▓    ░ █ 
█ █▓ █ ███ ▀▀              ▀▀   ▀▀     ▀▀     ▀▀▀▀▀▀▀▀▀▀▀▀▀▀▀▀▀▀▀▀▀ ▌ ▓▓  ░░ █ 
█ ▀▄▄▀ ███                                                          █    ░░▄█▀ 
██▄▄▄▄███                                                            ▀▀▄▄▄▀▀ ▄█
▀▀▀▀████                                                                  ▄████
▀▀██▄ ▀                                                                    ▀███
▓   ▀█    Der Traum von der ganz grossen Buehne? Bei Germanys next          ███
▓   ▀█    Showstars wird er wahr! Fuer seine Europa-Tournee im Fruehjahr    ███
▓   ▀█    2010 sucht Popstar DJ BoBo nicht nur Saenger oder Taenzer.        ███
   ░ █                                                                       ██
   ░ █                                                                       ██
  ░░ █                                                                       ██
 ░░▄█▀                                                                        █
▄▄▀▀                                                                          █
▄                                                                             █
█                                                                              
█                                                                             ▀
█                                                                             █
██                                                                           ██
███                                                                         ███
███    ▄▄                                                                  ████
██    █▓ █                                                                 ▀███
█     ▀▄▄▀                                   ▄▄       ▄██▀▀██▄          ▄▀▀▄ ▀▀
 ▄█▀▀██  ▄██▄ ▄█▀▀█▄ ██      ▄██▄ █████████ █▓ █ ███ ▄▀  ▓   ▀█ ██████ █▓▓  █ █
 ██▄▄▄  ▄█ ██ ██  ██ ██  ██ ▄█ ██ █████████ ▀▄▄▀ ███ ▌ ▓    ░ █ ███■██ █▓  ░█ █
 ██▄▄██ ██▀▄  ▀█▄▄█▀ ██  ██ ██▀   ▀▀▀▀▀▀████▄▄▄▄████ ▌ ▓▓  ░░ █ ██████▄ ▀▄▄▀ ▄█
     ▀▀ ▀▀  ▀■        ▀▀▀▀▀ ▀▀   ██▀▀██ ▄▄▄▄▄▄▄▄▄▄▄▄ █    ░░▄█▀ ▄▄▄▄▄▄▄▄▄▄▄▄▄▄▄
 ■        █▀▀█▄  ▄█▀▀█ ██     ▄█ ▀█▄▄▄▄ ████████████▄ ▀▀▄▄▄▀▀ ▄██▀▀▀▀▀▀▀▀██████
  ▄▀▀▄   ▄█  ██ ▄█▄    ██  ▄█ ██ ▄▄▄▄██ ███████████████▄▄▄▄▄████ ▄██▀▀██▄ ▀██■█
 █▓▓  █  ██  ██ ██▄▄██ ██  ██▄██ ▀▀ ▄▄▄▄███████████████████████ ▄▀  ▓   ▀█ ████
 █▓  ░█  ▀▀     ▀▀      ▀▀▀▀▀    ▀▀▀▀▀▀▀▀▀▀▀▀▀▀▀▀▀▀▀▀▀▀▀▀▀▀▀▀▀▀ ▌ ▓    ░ █ ▀▀▀▀
  ▀▄▄▀                                            █ ▀██████████ ▌ ▓▓  ░░ █ ████
                                               ▄█     ▀██▀ ████ █    ░░▄█▀ ████
                                              ▐█            ███▄ ▀▀▄▄▄▀▀ ▄█████
                                              ▐██        ▄▄  ▀████▄▄▄▄▄████▀▀██
                                               ▀▒█▄     █▓ █   ▀▀████████▀   ▀█
                                                ▀███▄   ▀▄▄▀      ▀████▀      █
   The busted ones will never                     ████▄       ▄               █
        leave our hearts                          ████▄       ▄               █
                                                   ▀▒███▄       █▄           ██
                                                     ▀████▄      ██▄        ███
                                                        ▀███▄     ███       ███
                                                          ▒██▓▄   ▒██▌     ████
                           ▄            ██                  ▒██▌  ▒██▌     ████
                          ██       ██   ██  █  ▄▄            ██▌ ▒███▌    █████
 ██    ▄█▀▀█▄        ▄ ██  ▄  █▀▀█▄ █   ██  █  ██ ████████▀ ▒█▀  ███▓     █████
 ██    ██  █▌▄█▀▀█▄ ▄█ ██ ▄█ ▄█  ██     ▀█████ ▄▄ ███████▀ ▒█▀  ████▀    ██████
 ██  ▄▄▀█▄▄█ ██  ██ ██▀▄  ██ ██  ██         █  ██ █████▀  █▀   ████▀    ███████
  ▀▀▀▀▀      ▀█▄▄█▀ ▀▀  ▀■▀▀ ▀▀ ▄▄▄▄▄▄▄▄▄▄▄▄▄▄▄▄▄▄████▀ █     ████▀     ███████
                                                       ▀    █████      ████████
                                                  ■░      ▒███▓▀      █████████
               --- nofffing ---                  ░      ▒███▀▀       ██████████
                                                  █   ▒██▀▀          ██████████
                                                    ███▀    █▀▀▀▀▀▀▀▀▀▀▀▀▀▀▀▀▀█
                                                   ██▀      █ THiS CAME RiGHT █
                                                  ██▓ █     █                 █
  ▄█▀▀██  ▄██▄  ▄█▀▀█  ▄█▀▀█ ▄▄▄█▄██ ██▀▀██ █████ ▀█▄       █  FROM THE DARM  █
  ██▄▄▄  ▄█ ██ ▄█▄    ▄█▄    ▀▀ █    ▀█▄▄▄▄ ████▀█ ▀█   █   █▄▄▄▄▄▄▄▄▄▄▄▄▄▄▄▄██
  ██▄▄██ ██▀▄  ██▄▄██ ██▄▄██   ██    ▄▄▄▄██ ███▌░▐█   ▄█▄        ░    █████████
      ▀▀ ▀▀  ▀■▀▀     ▀▀       ▀▀    ▀▀ ▄▄▄▄███▌■▐███ ███▄      ■ ▄▄   ████████
                                                 ░    ████     ░ █▓ █   ███████
                                                     ██▀ ▄▄▄     ▀▄▄▀     █████
█               ■                                    ▀ ▄█████▄     ▄▄       ███
█                                           ░        ▄█████████   █▓ █       ██
██                            ▄██▀▀██▄       ■░     ████████████  ▀▄▄▀        █
███                          ▄▀  ▓   ▀█           ▄████▀ ▄▄▄▄▄▄ ▄        ░    █
▄ ▀█                         ▌ ▓    ░ █          ██▀ ▄▄▄██████████▄    ░■     █
 █ ██                        ▌ ▓▓  ░░ █         █▀ ▄████████████████▄          
▄▀ ███                       █    ░░▄█▀         ▄▄█████░█████████████          
▄▄█████                       ▀▀▄▄▄▀▀   ▄▄    ▄██████░■███████▀▀▀▀▀▀▀▄█████    
▀▀▀▀▀███                               █▓ █ ▄████████████▀▀▀▀▄██████████████   
▀▀██▄ ▀██ ▀▀██████████ █▀▀█▄  ▄█▀▀▀    ▀▄▄▀ ████████▀▀▀▀▄███████████████████ ▄ 
▓   ▀█ ████ ▀▀███████ ▄█  ██ ▄█▄ ▄█▀▀█▄     ▀█▀▀▀▀▀▄████████████■░███████▀▀▄▄██
   ░ █ ██████ ▀▀▀████ ██  ██ ██  ██  ██     ▄▄▄████████████████░█████▀▀▀▄██████
  ░░ █ █████████ ▀▀▀▀ ▀▀     ▀▀  ▀█▄▄█▀ ▀▀ █████████████████████▀▀▀▀▄██████████
 ░░▄█▀ ███▀▀▀▀█████                       ██████████████████▀▀▀▄███████████████
▄▄▀▀ ▄██▀ ▄▀▀▄ ▀██████                   ███████████████▀▀▀▄███████████████████
▄▄▄█████ █▓▓  █ █████████████             ███████████▀▀▄███████████████████████
████████ █▓  ░█ ██████████████████▄▄▄▄▄▄▄▄▄▄▄▄▄▄▄▄▄▄▄▄█████████████████████████
