                                                                  ▄
                                                 ▄  ▄   ▄▄▀   █  ▐▌
     ▄                                        █▄▄▐▌▐ █ ▀ █  █ ▌  ▀  ▄▄
    █▐▌ ▄                          ▄       ▄   █ ▀█ ▀▀   ▐▌  █  ▐▌  ▓██▄
    ▀  █▄▌  ▄▄▀  ▄ █              ▐▀▓     ▓▀▌   █                   ▐▓▓▀
        ▀    █ ▐▌█ ▀              ▀▓▄▀▄ ▄▀▄▓▀     ▐█  ▄▄▄███▄▄▄      ▀ █
   ▄████▄▄  ▄   ▀  ▀    ▐ ▌▐        ▀█▄█▄█▀        █████████████▄       █▄
  ▀      ▀▀██           ▌▐ ▌         ▄▓█▓▄      ▓██▓█▀▀▀      ▀▀█▌     ▐█▓
          ▐█▀██▓        ▌▐ ▌       ▄▀▓▐█▌▓▀▄   ▓███ █▌           ▀      █▌█
             ▀██▓       ▀█▀      ▐▀▄▓ █◘█ ▓▄▀▌ ███▀                    ▐█  █
              █▌        ▐▓        ▓▀ ▄███▄ ▀▓   ██               ▄██▄  █▓   █
             ▐█         ▐█▌   ▄▄     ▐███▌      ▐█▌     ▄▄ ▄    ▐███▌ ▐█▌    █
       ▄██▄  █▓         ███  ▐███    ▐█┼█▌       ██    ██████    █◘◘▌▄██ ▄▄█
      ▐███▌ ▐█▌     ▄   █▐█▓ ▐◘◘█ ▄▄▓▓▓▓▓▓▓▓▒▒░░ ▐█▌  ▐██████▌   █▀████▌▐███▌ ▌
  ▄    █◘◘▌███  ▄  ▐█▌▐▌█ ██▄ ███▒██████████▓▓▒▒░███▌ ▀███████ ▄██████▌ ▐█┼█▌██
 ▐█▌▐▌ █▀████▌▐██▌ ▄█▄█▐█  ████▄██▓▓███████████▓▒▐███░██▄█▀█▌▀▐███████▓▓████▓▓█
█▄█▄█▄██████▌ ▐█▐▌███▌ ▐▌▓▓▓████████▓▓██████████▓░███░▐██████ ███████▓████████▓
▄▐█▌▐███████▐▓▓▓▓█▓███▓█▓███▓█████████▓█████████▓▓███▒▐█▀▀██ ▒█████████████████
▓▓██▓███████▓▓█████████▓█████▓███████████████████▓████▌██▄▐█▓▓█████████████████
█████████████████████████████▀ ▄███████▓███████████████████████▓███████████████
███████████▓█████▀▀  ██████▀   ███████████████████▓████████████████████████████
███████████████▀     ▐███▀     ████████████████████████████████████████████████
██████████████▄██     ██▄█▌    ████████████▓███████████████████████████████████
█████████████████▌    ▐████    █████▀▀▀▀███████████████████████████████████████
██████████████████     ▐███    ███▀       ▀█████████ ██████████▀███████████████
██████████████████      ███▌   ██░         ░████████▌▐████████ ████████████████
██████████████████▌      ██▌   █▌    ▄█▄    ▐██▀▀▀ ▄▄ ███████ █████████████████
██████████████████▌      ▐█▌  ▐█    ▐███▌    ████ ▐██▌▐█████ ██████████████████
██████████████████▌  ▐▌   █   ▐█    █████    ████ ▐███ ████ ███████████████████
██████████████████▌  ▐█       ▐█    █████    ████ ▐███▌▐██ ████████████████████
██████████████▌███▌  ▐██      ▐█▌   ▐███▌   ▐████ ▄████ █ █████████████████████
███████████████ ██   ▐██▌     ███    ▀█▀    ████▄█████▀   ▀████████████████████
███████████████▌ █   ▐███    ▄████         ██▀▀▀▀▀▀▀▀▌     ▐███████████████████
████████████████     ███▀▄▄███▀▀▀███▄▄  ▄▄██ o n           ▀    ▀██████████████
██████████████▀█▌    █████▀▀       ▀▀████▀▀                      ██████████████
██████████████ ██    █▌                                         ▐██████████████
██████████████ ▐█ ▄▄██▌o t h i n g                              ▐██████████████
██████████████▌▐██▀▀▀                ▄▄▄▄▄▄▄▄▄▄▄▄▄▄▄▄▄▄▄▄       ███████████████
██████████████▌       ▄▄▄▄▄▄▄█████████████████████████████▌     ███████████████
███████████████      █████████████████████████████▓▓░▓█████    ▐███████████████
███████████████     ▐████████████████████████████▓░░ ░▓████    ████████████████
███████████████▌    ▐█████████████████████████████▓▓░▓████▌    ████████████████
███████████████▌    ▐█████████████████████████████████████▌   ▐████████████████
████████████████     █████████████████████████████████████    ▐████████████████
████████████████▌    █████████████████████████████████████    █████████████████
████████████████▌    ████████████████████████████████████▌    █████████████████
█████████████████    ▐███████████████████████████████████▌   ▐█████████████████
█████████████████    ▐███████████████████████████████████    ▐█████████████████
█████████████████▌   ▐███████████████████████████████████    ██████████████████
█████████████████▌   ▐██████████████████████████████████▌    ██████████████████
██████████████████    ██████████████████████████████████▌   ▐██████████████████
██████████████████    ██████████████████████████████████    ▐██████████████████
██████████████████▌   ██████████████████████████████████    ███████████████████
██████████████████▌   ▐████████████████████████████████▌    ███████████████████
███████████████████   ▐████████████████████████████████▌   ▐███████████████████
▓▓▓▓▓▓▓▓▓▓▓▓▓▓▓▓▓██    ████████████████████████████████    ▐█▓▓▓▓▓▓▓▓▓▓▓▓▓▓▓▓▓▓
▒▒▒▒▒▒▒▒▒▒▒▒▒▒▒▒▒▒█▌   ▐██████████████████████████████▀    ██▒▒▒▒▒▒▒▒▒▒▒▒▒▒▒▒▒▒
▒▒▒▒▒▒▒▒▒▒▒▒▒▒▒▒▒▒█▌    ▀███████████▀▀▀▀▀▀▀▀▀              ██▒▒▒▒▒▒▒▒▒▒▒▒▒▒▒▒▒▒
░░░░░░░░░░░░░░░░░░▓█                                      ▐█▒░░░░░░░░░░░░░░░░░░
░░░░░░░░░░░░░░░░░░▒█       ░▒░                            ▐█░░░░░░░░░░░░░░░░░░░
                   ██  ▄█▀▀█         ▄▄▄▄▄▄▄▄▄▄█████████████
                   ▀████ █ ██▀▀██▀███▀▀██▀███▀▀█▀▀▀██▀▀█▀▀▀
                     ▀▀█ ▀▄█░▀▄█░▀▄█▄▄▀█░▀▄█ █░██ ██▄▄▀█
                       █ ███░█▄█░▀▀█▄▀░█░▀▀█▄█░██░██▄▀░█
                       █▄█ ▀▀▀ ▀▀▀▀▀▀▀▀▀▀▀▀▀ ▀▀▀▀▀▀ ▀▀▀▀

                  Ghost.Whisperer.S04E09.HDTV.XviD-NoTV                
        ▄████▄▄  ▄
       ▀      ▀▀██
               ▐█▀██▓   Series.......: Ghost Whisperer         
                  ▀██▓
                   █▌   Release.Date.: 2008-12-06                   
                  ▐█    Length.......: 00:43:18 (349MB)       
            ▄██▄  █▓    Country......: USA             
           ▐███▌ ▐█▌    Type.........: Scripted                   
            █◘◘▌███
            █▀████▌                           ▄▄▄                        ▀
          ▄██████▌ ▄▄▄▄                       █░▀█▄                      █
      ▄▓▓▄███████▄▓▓▓▓██▄                     █░█ █▀▀█▀▀▀█▀██▀█▀█▄█▀▀█   ▄
     ▐▓▓█████████▓▓████████████████████████████░█ █░▀▄█ ██▀ █▀█ ██▄▄▀████▓
     █▓▀▀▀▀▀▀▀▀▀▀▀▀▀▀▀▀▀▀▀▀▀▀▀▀▀▀▀▀▀▀▀▀▀▀▀▀▀▀▀█░█ █░▀▀█░█░▀▄█░█▄▀░▄▀░█▀▀▀▓
     █                                        █▄▄█▀▀▀▀▀▀▀▀▀▀▀▀▀▀▀▀▀▀▀▀   ▒
     ▌   ViDEO:                                            ▄       ▄     ░
                                                          ▐▀▓     ▓▀▌
           Fps............: 23.97                         ▀▓▄▀▄ ▄▀▄▓▀
           Resolution.....: 624x352             ▐ ▌▐        ▀█▄█▄█▀
           Bitrate........: 982Kbps             ▌▐ ▌         ▄▓█▓▄
                                                ▌▐ ▌       ▄▀▓▐█▌▓▀▄
         AUDiO:                                 ▀█▀      ▐▀▄▓ █◘█ ▓▄▀▌
                                                ▐▓        ▓▀ ▄███▄ ▀▓
           Hertz..........: 48KHz               ▐█▌   ▄▄     ▐███▌
           Bitrate........: VBR 128 Kbps        ███  ▐███    ▐█ █▌
                                                █▐█▓ ▐◘◘█ ▄▓▓▓▓▓▓██▄▄
     ▀                                          █ ██▓ ███▒▓▓▓▓▓███████▄
     █         ▄█▀▀█▄▄     ▄█▀▀█               ▐▌  ████▄██▓▓▓▓██████████
     ▄         █ █ █▄██▀▀█ █ █ █▀▀█▀▀▀█▀██▀▀█  ▐▌   ████████▓▓███████████
     ▓██████████ ▀▄█ █ ▀ ███ █░█ █░█ █░▀▄█▄▀██████████████████▓▓█████████▌
     ▓▀▀▀▀▀▀▀▀▀█ █ █░█ █▀▀ █ █ █▄▀░█░█░▀▀▄▀░█▀▀▀▀▀▀▀▀▀▀▀▀▀▀▀▀▀▀▀▀▀▀▀▀▀▀▀██
     ▒         ▀▀█▄█▀▀▀▀   ▀▀█▄█▀▀▀▀▀▀▀▀▀▀▀▀▀                            █
     ░                                                                   ▐

    ▐█  ▄▄▄███▄▄▄
     █████████████▄
  ▓██▓█▀▀▀      ▀▀█▌     .                                              
▄▓███ █▌           ▀                                                    
▀▀██▀                                                                   
  ▐█▌                                                                   
   ██      ▄▄ ▄                                                         
   ▐█▌    ██████                                                        
    ██   ▐██████▌                                                        
    ▐█▌  ▀███████         
    ███▌ ██▄█▀█▌▀         
    ████ ▐██████
    ▐███▌▐█▀▀██
     ████▌██▄▐▌              ▄▄▄                                         ▀
     ▐███████████▄         ▄▓▀▄█                                         █
      ████████████▓        █ ██▄█▀▀██▀███▀█▀▀▀█▀▀█                ▄▄     ▄
      ▐█████████████████████ ▌▀█░▀▄█░▀▄█░▀▄█ █▄▄▀██████████████ ▄██▓ ▐███▓
        ▀▀▀▀▀▀▀▀▀▀▀▀▀▀▀▀▀▀▀█░█ █░█▄█░▀▀█░▀▀█░█▄▀░█▀▀▀▀▀▀▀▀▀▀▀▀  ▀▓▓▌ ▀▀▀▀▓
                           █░▀ █▀▀ ▀▀▀▀▀▀▀▀▀▀▀▀▀▀▀              █ ▀      ▒
                           ▀▀▀▀▀                              ▄█         ░
                                                              ▓█▌
                                                             █▌█
            SiTV -                                          █  █▌
                                                           █   ▓█  ▄██▄
                                                          █    ▐█▌ ▐███▌
                                                            █▄▄ ██▄▐◘◘█
     ▀                                                     ▐███▌▐████▀█
     █                         ▄  ▄  ▄    ▄  ▄ ▄       ▐   ▐█┼█▌ ▐██████▄
     ▄                         ▄ █▐▌█▄▌ ▀█ ▐▌█ ▄       ██ ▓▓████▓▓███████▌
     ▓██████████████████████████▌▀ ▄ ▀ █ ▀▐ ▀ ▐██████████▓████████▓██████▌
     ▓▀▀▀▀▀▀▀▀▀▀▀▀▀▀▀▀▀▀▀▀▀▀▀▀▀▀███▀███▀██▀███▀▀▀▀▀▀▀▀▀▀▀▀▀▀▀▀▀▀▀▀▀▀▀▀▀▀▀
     ▒                                         ascii forged in hell by h8
     ░
