████████████████████████▀▀▀▀     ▀██████████████████▀▀▀▀▀▀▀▀▀▀▀▀███████████████
██████████████████████▀ ▄▀▀▄  ▀     ▀▀▀███▓██████                 ▀▀▀██████████
███████████████▓██████ █▓▓  █  ▄██▀▀██▄ ▀███            █    ▄▀       ▀██▓█████
█████████▓██████▀ ▄▄ ▀ █▓  ░█ ▄▀  ▓   ▀█ █▀             █  ▄░           ▀██████
███████████▒▓██  █▓ █   ▀▄▄▀ ▐▌ ▓    ░ █   ▀         ▄░  ■                ▀██▒█
█▓██▀▀▀▀▀▀▀▀██   ▀▄▄▀        ▐▌ ▓▓  ░░ █     ▀ ▀▀▀▀    ■▄  ▀▀▀▀▀▀     ░     ███
██▀ ▄██▀▀██▄ ▀ ░     ▄▀▀▄  ▄  █    ░░▄█▀ ▄▄▄▄▄▄▄     ▄    ■     ▄▀▀▄         ██
█▀ ▄▀  ▓   ▀█       █▓▓  █     ▀▀▄▄▄▀▀  ██████████▄     █ ░    █▓▓  █    ░    █
▀ ▐▌ ▓    ░ █ ███   █▓  ░█             █████████████▄   █      █▓  ░█ ░       █
▀ ▐▌ ▓▓  ░░ █ █████  ▀▄▄▀         ▒░  ███■███████████     ▄▄▄▄  ▀▄▄▀ ▄▄▄▄▄▄▄▄  
   █    ░░▄█▀ ██████    ▄████████▄   ███████  ▀██████   ▄██████▄   ▄█████████  
    ▀▀▄▄▄▀▀ ▄██ █████  ████████████  ██████   ██████▀   █████████ ██████████   
        ▄▄████   ████ █████████████ ██████  ▄███████   ███▀ ▄▄ ▀████████████   
█  ░   ███████    ███ ████▀  ▀█████ ██████████████▀   ████ █▓██ ███████████   ▀
██    ███████     ███  ▄▄▄▄▄▄█████ █████████████▀  ▄██████ ▀▄▄▀ ███■███████   █
██    ██████     ████ ████████████ ███████████▀   █████████▄▄▄▄██■████████   ██
██   ███████    ████ ████████████ ████████████   ███████████████████■█████  ███
██  ███████   █████ ███████ ▄████ ██████ ██████ █████████████████████████   ███
█   ███████  █████ ██████   ████ ██████  ████████████████ ███████████████  ████
█  ██████■███▀▀▀▀▀ ▀▀███   ████████████  ██████████ █████ ████████ █████   ████
█  █████████ ▄██▀▀██▄ ▀███████████████   █████████  ████  ███████ ██████ ░  ███
  █████████ ▄▀  ▓   ▀█ ███████████████    ██████   █████   █████  █████      ▀▀
▄▄▄▄▄▄▄▄▄▄ ▐▌ ▓    ░ █ ▄▄▄▄▄▄▄▄▄▄   ▄▄▄▄▄▄▄▄▄▄▄▄▄▄▄▄▄▄▄▄▄▄▄▄▄▄▄▄▄▄▄▄        ▄▄▄
▄▄▄▄▄▄     ▐▌ ▓▓  ░░ █   ▄▄    ▄  █       ▄▄▄▄▄▄▄▄▄▄▄▄▄▄▄▄▄▄▄▄▄▄▄▄▄ ▄██▀▀██▄  ▄
████▀ ▄▀▀▄  █    ░░▄█▀  █▓ █    ░   ▄    ▀  ▀█████████▀███████████ ▄▀  ▓   ▀█ █
██■█ █▓▓  █  ▀▀▄▄▄▀▀    ▀▄▄▀▄▄▄▄ ▄░░▄▄▄▄▄▄    ▀█████▀   ██████████▐▌ ▓    ░ █ █
████ █▓  ░█ ▄        ▄▀▀▄                       ▀▀▀     ▀█████████▐▌ ▓▓  ░░ █ █
████▄ ▀▄▄▀ ▄        █▓▓  █      ░ █            ▄▄        █████████ █    ░░▄█▀ █
██████▄▄▄▄██        █▓  ░█        █           █▓ █        ████████▄▄▀▀▄▄▄▀▀ ▄██
███████████          ▀▄▄▀         ▄           ▀▄▄▀         ▀█████████▄▄▄▄▄█████
█████████▀                                                   ▀███████████████■█
██████▀▀                                                        ▀▀▀▀▀▀█████████
█████         African.Race.Die.verrueckte.Jagd.nach.dem.Marakunda      ████████
█████                                                                    ██████
████                                                                     ▀█████
████  RELEASE.DATE _[.......................................15.01.2008    █████
████  DVD.DATE _____[.......................................14.01.2008     ████
███▌  SOURCE _______[..............................................DVD      ███
███▌  SiZE _________[...........................................700 MB      ███
███   RAR __________[.........................................37x20 MB      ███
███   RUNTiME ______[...........................................96 min       ██
███   GENRE ________[.................................Special Interest       ██
███                                                                           █
███▌  ViDEO ________[............................XviD 2 Pass 1010 kbps        █
████  Audio ________[................................128 kbps Lame VBR        █
████                                                                          █
████▌ Frame.Rate ___[...........................................25 fps        █
████▌ Resolution ___[..........................................640x352        █
████▌                                                                         █
████  iMDB.RATiNG __[......................... 4.7/10 (26 Bewertungen)        █
███▀  iMDB.LiNK ____[......... http://german.imdb.com/title/tt0969240/        █
███                                                                          ▀█
██▀                                                                        ▄▀▀▄ 
██                  ▄▄                                                   █▓▓  █
█▀                 █▓ █                                               ▄▄ █▓  ░█
█   ▄██▄  ▄█▀▀█  █ ▀▄▄▀ ▄█▀▀█ ██▀▀█▄ ██▀▀██  ▄█▀▀█ ████████████▀ ▄▄▄████▄ ▀▄▄▀ 
▄  ▄█ ██ ▄█▄    ▄█     ▄█▄     ▄▄▄██ ▀█▄▄▄▄ ▄█▄    █████████■█▀ ██████████▄▄▄▄█
   ██▀▄  ██▄▄██ ██▄▄██ ██▄▄██ ██▄▄██ ▄▄▄▄██ ██▄▄██ ██████████▀ ████████████████
█  ▀▀  ▀■▀▀     ▀▀     ▀▀     ▀▀     ▀▀     ▀▀     ▀▀▀▀▀▀▀▀▀▀ ███■███▀▀▀▀▀▀▀▀██
███         █▀▀█▄ ▄█▀▀█▄ ▄▄▄█▄██ ▄█▀▀█ ██▀▀██ ███████████████▄ █████ ▄██▀▀██▄ ▀
███████    ▄█  ██ ██  ██ ▀▀ █   ▄█▄    ▀█▄▄▄▄ ████████████████▄ ███ ▄▀  ▓   ▀█ 
█▀ ▄▄ ▀██  ██  ██ ▀█▄▄█▀   ██   ██▄▄██ ▄▄▄▄██ ███■█████████████▄▄▄  ▌ ▓    ░ █ 
█ █▓ █ ███ ▀▀              ▀▀   ▀▀     ▀▀     ▀▀▀▀▀▀▀▀▀▀▀▀▀▀▀▀▀▀▀▀▀ ▌ ▓▓  ░░ █ 
█ ▀▄▄▀ ███                                                          █    ░░▄█▀ 
██▄▄▄▄███                                                            ▀▀▄▄▄▀▀ ▄█
▀▀▀▀████                                                                  ▄████
▀▀██▄ ▀                                                                    ▀███
▓   ▀█      Der Koelner Dom droht jeden Moment einzustuerzen! Einzig die    ███
▓   ▀█      Wiederbeschaffung des verschollenen "Marakunda", des groessten  ███
▓   ▀█      Diamanten der Welt, auf welchem der Dom urspruenglich ruhte und ███
▓   ▀█      dessen Diebstahl die allmaehliche Absenkung des Fundaments      ███
▓   ▀█      bewirkt hatte, kann seinen Einsturz noch verhindern. Eilig      ███
▓   ▀█      reist der Dom-Archivar Sebastian Hellmann nach Suedafrika,      ███
▓   ▀█      wo sich der Marakunda befinden soll - ohne jedoch zu ahnen,     ███
▓   ▀█      dass es neben ihm noch einige windige Gestalten auf den         ███
▓   ▀█      Diamanten abgesehen haben. So jagen bald darauf nicht nur       ███
▓   ▀█      Sebastian und seine attraktive Begleiterin durch den            ███
▓   ▀█      afrikanischen Dschungel, sondern auch noch dazu ein ewig        ███
▓   ▀█      streitendes Gangster-Duo mitsamt ihrer Geisel, eine             ███
▓   ▀█      abgebruehte Auftragsdiebin, ein indischer Mogulssohn, eine      ███
▓   ▀█      trunksuechtige Pilotin, ein Koelner Sozialarbeiter sowie ein    ███
▓   ▀█      waschechter Kannibale...                                        ███
   ░ █                                                                       ██
  ░░ █                                                                       ██
 ░░▄█▀                                                                        █
▄▄▀▀                                                                          █
▄                                                                             █
█                                                                              
█                                                                             ▀
█                                                                             █
██                                                                           ██
███                                                                         ███
███    ▄▄                                                                  ████
██    █▓ █                                                                 ▀███
█     ▀▄▄▀                                   ▄▄       ▄██▀▀██▄          ▄▀▀▄ ▀▀
 ▄█▀▀██  ▄██▄ ▄█▀▀█▄ ██      ▄██▄ █████████ █▓ █ ███ ▄▀  ▓   ▀█ ██████ █▓▓  █ █
 ██▄▄▄  ▄█ ██ ██  ██ ██  ██ ▄█ ██ █████████ ▀▄▄▀ ███ ▌ ▓    ░ █ ███■██ █▓  ░█ █
 ██▄▄██ ██▀▄  ▀█▄▄█▀ ██  ██ ██▀   ▀▀▀▀▀▀████▄▄▄▄████ ▌ ▓▓  ░░ █ ██████▄ ▀▄▄▀ ▄█
     ▀▀ ▀▀  ▀■        ▀▀▀▀▀ ▀▀   ██▀▀██ ▄▄▄▄▄▄▄▄▄▄▄▄ █    ░░▄█▀ ▄▄▄▄▄▄▄▄▄▄▄▄▄▄▄
 ■        █▀▀█▄  ▄█▀▀█ ██     ▄█ ▀█▄▄▄▄ ████████████▄ ▀▀▄▄▄▀▀ ▄██▀▀▀▀▀▀▀▀██████
  ▄▀▀▄   ▄█  ██ ▄█▄    ██  ▄█ ██ ▄▄▄▄██ ███████████████▄▄▄▄▄████ ▄██▀▀██▄ ▀██■█
 █▓▓  █  ██  ██ ██▄▄██ ██  ██▄██ ▀▀ ▄▄▄▄███████████████████████ ▄▀  ▓   ▀█ ████
 █▓  ░█  ▀▀     ▀▀      ▀▀▀▀▀    ▀▀▀▀▀▀▀▀▀▀▀▀▀▀▀▀▀▀▀▀▀▀▀▀▀▀▀▀▀▀ ▌ ▓    ░ █ ▀▀▀▀
  ▀▄▄▀                                            █ ▀██████████ ▌ ▓▓  ░░ █ ████
                                               ▄█     ▀██▀ ████ █    ░░▄█▀ ████
                                              ▐█            ███▄ ▀▀▄▄▄▀▀ ▄█████
                                              ▐██        ▄▄  ▀████▄▄▄▄▄████▀▀██
                                               ▀▒█▄     █▓ █   ▀▀████████▀   ▀█
       Fuer den lustigen Logofilter im Bild     ▀███▄   ▀▄▄▀      ▀████▀      █
          koennen wa nix, der is von RTL          ████▄       ▄               █
             original auf DVD gepresst :)          ▀▒███▄       █▄           ██
                                                     ▀████▄      ██▄        ███
                                                        ▀███▄     ███       ███
                                                          ▒██▓▄   ▒██▌     ████
                           ▄            ██                  ▒██▌  ▒██▌     ████
                          ██       ██   ██  █  ▄▄            ██▌ ▒███▌    █████
 ██    ▄█▀▀█▄        ▄ ██  ▄  █▀▀█▄ █   ██  █  ██ ████████▀ ▒█▀  ███▓     █████
 ██    ██  █▌▄█▀▀█▄ ▄█ ██ ▄█ ▄█  ██     ▀█████ ▄▄ ███████▀ ▒█▀  ████▀    ██████
 ██  ▄▄▀█▄▄█ ██  ██ ██▀▄  ██ ██  ██         █  ██ █████▀  █▀   ████▀    ███████
  ▀▀▀▀▀      ▀█▄▄█▀ ▀▀  ▀■▀▀ ▀▀ ▄▄▄▄▄▄▄▄▄▄▄▄▄▄▄▄▄▄████▀ █     ████▀     ███████
                                                       ▀    █████      ████████
                                                  ■░      ▒███▓▀      █████████
            --- secure affil sites ---           ░      ▒███▀▀       ██████████
                                                  █   ▒██▀▀          ██████████
                                                    ███▀    █▀▀▀▀▀▀▀▀▀▀▀▀▀▀▀▀▀█
                                                   ██▀      █ THiS CAME RiGHT █
                                                  ██▓ █     █                 █
  ▄█▀▀██  ▄██▄  ▄█▀▀█  ▄█▀▀█ ▄▄▄█▄██ ██▀▀██ █████ ▀█▄       █  FROM THE DARM  █
  ██▄▄▄  ▄█ ██ ▄█▄    ▄█▄    ▀▀ █    ▀█▄▄▄▄ ████▀█ ▀█   █   █▄▄▄▄▄▄▄▄▄▄▄▄▄▄▄▄██
  ██▄▄██ ██▀▄  ██▄▄██ ██▄▄██   ██    ▄▄▄▄██ ███▌░▐█   ▄█▄        ░    █████████
      ▀▀ ▀▀  ▀■▀▀     ▀▀       ▀▀    ▀▀ ▄▄▄▄███▌■▐███ ███▄      ■ ▄▄   ████████
                                                 ░    ████     ░ █▓ █   ███████
                                                     ██▀ ▄▄▄     ▀▄▄▀     █████
█               ■ ETM                                ▀ ▄█████▄     ▄▄       ███
█                                           ░        ▄█████████   █▓ █       ██
██                            ▄██▀▀██▄       ■░     ████████████  ▀▄▄▀        █
███                          ▄▀  ▓   ▀█           ▄████▀ ▄▄▄▄▄▄ ▄        ░    █
▄ ▀█                         ▌ ▓    ░ █          ██▀ ▄▄▄██████████▄    ░■     █
 █ ██                        ▌ ▓▓  ░░ █         █▀ ▄████████████████▄          
▄▀ ███                       █    ░░▄█▀         ▄▄█████░█████████████          
▄▄█████                       ▀▀▄▄▄▀▀   ▄▄    ▄██████░■███████▀▀▀▀▀▀▀▄█████    
▀▀▀▀▀███                               █▓ █ ▄████████████▀▀▀▀▄██████████████   
▀▀██▄ ▀██ ▀▀██████████ █▀▀█▄  ▄█▀▀▀    ▀▄▄▀ ████████▀▀▀▀▄███████████████████ ▄ 
▓   ▀█ ████ ▀▀███████ ▄█  ██ ▄█▄ ▄█▀▀█▄     ▀█▀▀▀▀▀▄████████████■░███████▀▀▄▄██
   ░ █ ██████ ▀▀▀████ ██  ██ ██  ██  ██     ▄▄▄████████████████░█████▀▀▀▄██████
  ░░ █ █████████ ▀▀▀▀ ▀▀     ▀▀  ▀█▄▄█▀ ▀▀ █████████████████████▀▀▀▀▄██████████
 ░░▄█▀ ███▀▀▀▀█████          (",)         ██████████████████▀▀▀▄███████████████
▄▄▀▀ ▄██▀ ▄▀▀▄ ▀██████                   ███████████████▀▀▀▄███████████████████
▄▄▄█████ █▓▓  █ █████████████             ███████████▀▀▄███████████████████████
████████ █▓  ░█ ██████████████████▄▄▄▄▄▄▄▄▄▄▄▄▄▄▄▄▄▄▄▄█████████████████████████
