                                         ░
                                   ░     ▒
                                   ░  ▀ ▄▓▄  ▀
                                  ░▒ ▄▓▀ ▄ ▀▄█▄   ░
                 ░               ▀▓▓▄▀ ▄▓▀█▄ ▀▄▄▓▄░         ░
                 ▓▄▀         ▀▄ ░▓█▀ ▄███▓▄▀█▄ ▀█▄▓▄ ▀    ▄ ▓
                ▓▓▌  ▀    ▄▓▄ ▐▓▓▀ ▄███▓▀ ▀█▄██▄ ▓▓▌  ▄▓▄ ▐█▓  ▄
             ▄▄████▄▄█▄▄ ▄ █▄▓███ ███▓▀     ▀███▌ ▓█▄▄▄█▄▄█▓▓▄ ▄▄ ▄
     ▄▄▄▄ ▀▀▀▀▀▀▓▓▓██▀▀▀▀▀▀▀▀▀▀▀▀ ███▓   ▄  ▄██▀▀  ▄▄▄▄ ▀▀▀▀▀▀▓▀▀▀▀▀▀▀ ▄▄▄▄
   ▄██████▄▀██▀▄  ▒▀▓ ▀███▀▄█████▄▀█▓▓ ▄▄▀█▄     ▄██████▄▀██▀ ░ ▀▓▓▓▀▄██████▄
 ▄███▀▄▀▌▓██▄█ ▐▌ ░    ▓█▄██▀▄   ▀██▓█████▄▀█▄ ▄███▀ ▐▀███▄▀   ▀▄▓▀▄███▀▄▀▌▓██▄
▓▓██ █  ▌▐██▀█▄▀  ░  ▀▄▓███▄▀    ▐█▀████▀ ▀▓▄████▓   ▐ ▐███▄    ▐█████ █  ▌▐██▀
▀▓▓█▄▀▄ ▌▀▀▄██▌   ░   ▐███████▓ ▄▀▄██▓▀▄    ▀████░   ▐ ▐████  ▌▄▀▐▓███▄▀▄ ▌▀▀
  ░▀▀▓███▄▄▀██▀▄  ▀▄   ████▀   ▐▌ ███▄▀ ▀▄ ▄▀▐███    ▐▄█▀▄██▄▀▌  █▓▄▄▀▀▓███▄▄
  ░    ▀▓▓████    ▄█   ▓███     ▀▄███░   ▐█▌ ▐███   ▀▀█▄ ███▌ ▌▄▀▐▓▓▓    ▀▓▓███
▄▄▄▄▄   ▌▐████ █▄████▄▄▓███▄▀    ▐███   ▄▀ █▄▐███     ▌█████▄▀▌   ▄▄▄▄▄   ▌▐███
▐▓███▌  ▓▄█████▓▀    ▀█████▌    ▄▀███▓▄▀   ▐█▓███▄▓▄  ▀█████▌ ▌  ▐▐████▌  ▓▄███
 ▓███▌  ▌▐████▓ ▄      ██▄▀█▄   ▄█████▌   ▄▀ ████ ▀    █▀░▀██▄▌ ▄███▓▓█▌  ▌▐███
▐▓▓██  ▄▌▓████▌▐▓▓▄▄▄ ▀▀▀▀▀ ▀████▓ ▀███▄▄█▌▄██▓▀▀▀ █▄ ▀▀▀ ▀████████▀▓██  ▄▌▓███
▀▀▀▀▀▀▀▀▀▀▀▀  ▀ ▀▀▀▀▀▀▀▀▀▀▀▀▀ ▀▓▀ ▀▀ ▀█▄▀███▓▀ ▀▀▀▀▀▀▀▀▀▀▀▀  ▀▀▀▀  ▀▀▀▀▀▀▀▀▀▀▀
        .:: ──────────────────   ───── ▀█▄▀█ ────────────────────── ::.
         ││       SWE6RUS Finest XviD    ▀ ▓    Crew presents       ││
         ├──────────────────────────────── ░ ────────────────────────┤
         ││  .                                                   .  ││
         :│  :                  Gangbang My Face 3               :  │:
       ┌─────┴──                                               ──┴─────┐
     ┌─│ ─┤──┘                                                   └──├─ │─┐
     : :  │                                                         │  : :
    .:.:..:.            Company .........: Evil-Angel              .:..:.:.
   ... ::.              Street Date .....: 11/21/2007                .:: ...
     │ :                Source ..........: DVD                         : │
     │                  Sound ...........: 168 kb/s (84/ch, stereo) VBR  │
     │ :                Bitrate .........: 981 kb/s                    : │
   ... ::.              Resolution ......: 448x336                   .:: ...
    .:.:..:.            Genre ...........: Oral                    .:..:.:.
     : :  :             Runtime .........: 169 Min                  :  : :
     └─│  │                                                         │  │─┘
       └──│                .                        .               │──┘
         └────────────── ..: ────────────────────── :.. ─────────────┘
          :               .:. ┌──────────────────┐ .:.              :
       ┌────────────────── : ─┤ .; Movie Info ;. ├─ : ─────────────────┐
     ┌───                  :  └──────────────────┘  :                 ───┐
   ┌─│                                                                   │─┐
   : :                                                                   : :
  .::::.                                                               .::::.
  .::.                                                                   .::.
 .:...:.                                                               .:...:.
   │:                                                                     :│
   │   Story :                                                             │
   │           If you liked Evil Empire oral only lines like Face          │
   │           Fucking Inc., Black Cock Addiction (Joey Silvera), and      │
   │           Suck it Dry (Jonni Darkko), you will love this more         │
   │           aggressive version of the concept from Jake Malone -        │
   │           Gang Bang My Face 3. Each scene features a 4 on 1,          │
   │           oral only, interracial gang bang of one girl followed       │
   │           by a multiple cum shot right in her mouth, which she        │
   │           swallows.                                                   │
   │                                                                       │
   │                                                                       │
   │                                                                       │
   │                                                                       │
   │    Cast :                                                             │
   │           Faith Leon, Madison Young, Dana Dearmond, Trisha Rey,       │
   │           Kitty, Nika, Madison Scott, Andrew Andretti, Lee Bang,      │
   │           Brandon Iron, Anthony Osborne, Steve James, Hooks,          │
   │           Tone Capone, Dsnoop, Joe Blow, Lefty LaRue, Jake Malone     │
   │                                                                       │
   │                                                                       │
   │:                                                                     :│
 .:...:.                                                               .:...:.
  .::.                                                                   .::.
  .::::.                                                               .::::.
   : :   URL :  http://jadedvideo.com/yz_resultJAVA.asp?PRODUCT_ID=252405: :
   └─│                                                                   │─┘
     └───                  .                        .                 ───┘
       └──────────────── ..: ────────────────────── :.. ───────────────┘
          :               .:. ┌──────────────────┐ .:.              :
         ┌──────────────── : ─┤ .; Respect to ;. ├─ : ───────────────┐
       ┌──│                :  └──────────────────┘  :               │──┐
     ┌─│  │                                                         │  │─┐
     : :  │                                                         │  : :
    .:.:..:.                                                       .:..:.:.
   ... ::.                                                           .:: ...
     │ :                                                               : │
     │      LiMiT FLiX Centropy iMMERSiON DMT DiAMOND Replica Chakra     │
     │      CUMSTAiNS RELOADED PROTOCOL CSiSO WDE PMS WAM TDA pHASE      │
     │                                                                   │
     │      We also wanna thank for the competition to these groups:     │
     │                                                                   │
     │        SMuT PORNOLATiON BLUEBALLS RVF Pr0nStarS xDMNx UGN         │
     │                        LDSXXX SPiCE DFA HiV                       │
     │                                                                   │
     │        Without YOU the XXX SCENE wouldnt be were it is NOW.       │
     │                                                                   │
     │                         The gone Legends:                         │
     │                                                                   │
     │          ETERNAL ViNTAGE Playtime DVNVCD hYPNOTiC NovaVCD         │
     │                                                                   │
     │ :                                                               : │
   ... ::.                                                           .:: ...
    .:.:..:.                                                       .:..:.:.
     : :  :                                                         :  : :
     └─│  │                                                         │  │─┘
       └──│                .                        .               │──┘
         └────────────── ..: ────────────────────── :.. ─────────────┘
          :               .:. ┌──────────────────┐ .:.              :
         ┌──────────────── : ─┤    .; News ;.    ├─ : ───────────────┐
       ┌──│                :  └──────────────────┘  :               │──┐
     ┌─│  │                                                         │  │─┐
     : :  │                                                         │  : :
    .:.:..:.                                                       .:..:.:.
   ... ::.                                                           .:: ...
     │ :                                                               : │
     │                   Please Support Our Local Girls                  │
     │                                                                   │
     │                     http://www.passiongirls.dk/                   │
     │                   http://www.cassiopeiastars.dk/                  │
     │                      http://www.romantica.dk/                     │
     │                      http://www.sms-planet.dk/                    │
     │                      http://www.agruppen.com/                     │
     │                                                                   │
     │                      NO IRC/WWW/EMAIL Contact.                    │
     │                  You should know were to find us.                 │
     │ :                                                               : │
   ... ::.                                                           .:: ...
    .:.:..:.                                                       .:..:.:.
     : :  :                                                         :  : :
     └─│  │                       .          .                      │  │─┘
       └──│                     .:: .:.  .:. ::.                    │──┘
          └────────────────── .:.. cpN of cRo ..:. ─────────────────┘
                                :.. . 2oo5 . ..:


                                        _____.
              ._________.____  ___.__  /  __/__  _____._________.
       ._______\\__.    /    \/  /   \/   \    \/    /      .__/_______.
._______\\_.           /         \_      _/)        (              ._//_______.
 \\________.:nYx:.___.(____/\___/.|______|/____/\____).__.:Scripts:.________//
                          nYx GreyLine FTPd Scripts
