
                           █▀▀▀█
                           █ ░ ▀▀█
                           █ ▒ ▌ █                 ▄ ▐▌ ▄
                  █▀▀▀█    █ ▓ █ ▀█▄▄          ▄▄▄  ▄▓▓▄    ▄
           ▓▓██████ ▐ █▄   █ █ ▓█▄ ▀▀██▄▄      ▓ ▄ ▀██▓▒▀ ▄ ▄
           ▓██████▀ █ ██▓▓▓█ █ ▓▓███▄▄ ▀▀██▄▄  ▓ ▐█  █▓  █▌ █▓
           █████▀ ▄██ ▀▀ ▄▄▄▄█ ▀▀▀▀▀▀███▄▄ ▀▀██▀ ██▌ ██ ▐██ ▀█▄
           █▀▀ ▄▄█▀██ █▀▀▀ ▄▄▄▄▀▀███▌░ ▀███▓▄  ▄▓██ ▄██▄ ██▓▄ ▀█▄
           ▄▄██▀ ▄███ ▀ ████▀  ░ ███ ░░ ██▓▓▀ ▓▓███▄ ██ ▄███▓▓▄ ▓█▄
           ▐▓██ ░ ▀███▄ ▀█▓▓ ░░░ ███ ▄▄██▀▀  ▀▓██▄▀█▄  ▄█▀▄██▀ ▄█▀
          ░ ▓██ ░░  ▀███▄ ▀▓ ██▄ ███ ░ ▀████▓▄ ▐██  ▀██▀  ██ █ █▌
          ░ ▓██ ░░ ▀▄ ▀██▓ ▐ ▄ ▀████ ░░ █████▓▌ ██ ░ ▐▌ ░ ██ █ ▐█
          ░ ▓▓█ ░░░  █ ██▓▌ ▄▓▓ ▐███ ░░ ████▓▓ ░██ ░░  ░░ ██ █▌ █▌
          ▒ ▀██▄  ░░░  ██▓▒ █▓▒░ ██▓ ░░ ███▓▀ ░▐██  ░░░░  ██▌██ ▐█
          ▓▒▄▄▄ ▀▀▄▄▄▄██▓▓▓ █▒▒░ █▓▓ ░░ █▀ ▄▄████▓▌  ░░░ ▐████▓▌ █▌
         ▄█▀   ▀▀▄▄▄ ▀▀▀▀▀▄ ▀ ▄▄█▀▀  ░░ ▌ ██████▓▓▓▄ ░░ ▄████▓▓▓▄ █
        ▐▓▌         ▀▀▀▀█▀ ▄▀▀ ▄▄▄▄█▄▄▄▄▄▄▄▄▄▄▄▄▄▄▄▄▄▄▄▄▄▄▄▄▄▄▄▄▄▄█
        ▐▓▌             ▓▄▄▄▄▄█▀                                  ▀█▄
         ▀█▄                                                       ▐█▌
       ▄██▄▀█▄     Es.war.einmal.der.Mensch.E04.Macht.euch.die.    ▐█▌
       ███▓▄▐██▄      Erde.untertan.German.DVDRiP.XviD-DARM       ▄█▀
        ▀▀█▓▐██▓▌                                               ▄█▀▄██▄
         ▀▄▄██▓▓                                              ▄██▌▄▓███
           ▀▀▀▀                                              ▐▓██▌▓█▀▀
            ██                                                ▓▓██▄▄▀
            ██                                                 ▀▀▀▀
            ██  SOURCE .......: DVD                             ██
            ██  RELEASE.DATE .: 02.01.2006                      ██
            ██  DVD.DATE .....: 18.04.2002                      ██
            ██  SiZE .........: 175MB                           ██
            ██  RAR ..........: 13x15MB                         ██
            ██  RUNTIME ......: 25:03min                        ██
            ██  GENRE ........: Animation / Adventure / History ██
            ██  REGiE.........: Albert Barillé                  ██
            ██                                                        ██
            ██  ViDEO ........: XviD 2 Pass 829 kbps            ██
            ██  AUDiO ........: 128 kbps Lame VBR               ██ 
            ██  FRAME.RATE ...: 25 fps                          ██
            ██  RESOLUTiON ...: 512x384                         ██
            ██  IMDB.RATING ..: -----                           ██
            ██  IMDB.LINK ....: -----                           ██
            ██  http://www.imdb.com/title/tt0264244/            ██
            ██                                                  ██
            ██                                                  ██
            ██                                                  ██
            ██                                                  ██
            ██                                                  ██
            ██                                                  ██
            ██                                                  ██
            ██                                              ▄▄▄▄██
            ██                                     ▄▄▄▄▄▀▀▀▀    ██
            ██                           ▄▄▄▄▄▀▀▀▀▀   .:RELEASE ██
            ██                 ▄▄▄▄▄▀▀▀▀▀            (__NOTES:. ██
            ██        ▄▄▄▄▀▀▀▀▀                                 ██
            ██ ▄▄▄▀▀▀▀                                          ██
            ██▀                                                 ██
            █▌                                                  ██
            █  7000 vor Christus: WΣhrend in Europa erst mit dem██
            █  Getreideanbau begonnen wird, hat der Nahe Osten  ██
            █  bereits einen hohen Stand der Zivilisation       ██
            █  erreicht.                                        ██
            █                                                   ██
            █                                                   ██
            ▓                                                   ██
            ▒                                                   ██
            ░                                                   ██
            ░                                                   ██
            ▄                                                  ▄██
          ▄█▀▀▀▀▀▀▀▀▀▀▀▀▀▀▀▀▀▀▀▀▀▀▀▀▀▀▀▀▀▀▀▀▀▀▀▀▀▀▀▀▀▀▀▀▀▀▀▀▀▀▀▀▀█▄
         ▐█▌▐ GROUP:.                                           ▌▐█▌
         ▐█▌▐.NEWS___)                                          ▌▐█▌
          ▀█▄                                                   ▄█▀
            ▀█▄                                               ▄█▀
          ▀▄▌▐██▄                                           ▄██▌▐▄▀
           ▀▌▐██▓▌                                         ▐▓██▌▐▀
          ▀▄▄██▓▓                                           ▓▓██▄▄▀
            ▀▀▀▀                                             ▀▀▀▀
            ██                                                 ██
            ██                                                 ██
            ██                                                 ██
            ██                                                 ██
            ██                                                 ██
            ██                                                 ██
            ██                                                 ██
            ██                                                 █▓
            ██▄▄▄▄                                             ▓▓
            ▄▄    ▀▀▀▀▀▄▄▄▄▄                              ▄▄▄▄▀▀▄
            ▓█ LOOKiNG:.    ▀▀▀▀▀▄▄▄▄▄▄            ▄▄▄▀▀▀▀     ██
            ▓█ .:FOR____)              ▀▀▀▀▀▄▄▄▄▄▀▀            ██
            ██                                                 ██
            ██            100mbit+ SECURE affilsites           ██
            ██         and one fast and talented ripper        ██
            ██                                                 ██
            ██                                                 ██
            ██▄                                               ▄██
            ██▀█▄                                           ▄█▀██
            ██░ █▓                                         ▓█ ░██▌
          ▄█▀▀▀▀██▀▀▀▀▀▀▀▀▀▀▀▀▀▀▀▀▀▀▀▀▀▀▀▀▀▀▀▀▀▀▀▀▀▀▀▀▀▀▀▀▀██▀▀▓▓█▄
         ▐█▌▐█▄█▀      .: GREETINGS FLYING OUT TO :.        ▀█▄█▌▐█▌
         ▐▓▌▐▓▌▀                                             ▀▐▓▌▐▓▌
          ▀█▄ ▀█▄                 GDC - MCO                 ▄█▀ ▄█▀
        ▄██▄▀█▄ ▀█▄                                       ▄█▀ ▄█▀▄██▄
        ███▓▄▐██▄ ▀█                                     █▀ ▄██▌▄▓███
         ▀▀█▓▐██▓▌ █▌                                   ▐█ ▐▓██▌▓█▀▀
          ▀▄▄██▓▓ ░▓█▄▄▄▄▄▄▄▄▄▄▄▄▄▄▄▄▄▄▄▄▄▄▄▄▄▄▄▄▄▄▄▄▄▄▄█▓░ ▓▓██▄▄▀
            ▀▀▀▀ ▄█▀                                     ▀█▄ ▀▀▀▀
             ▓▀▀▀                                           ▀▀▀▓
             ▒                                                 ▒
             ░                                                 ░
