ÔĽŅ   
                                 ‚Ėď‚Ėď‚Ėď‚Ėď‚Ėď‚Ėď‚Ėď‚Ėď‚Ėď‚Ėď‚Ėď   
                                ‚Ėď‚Ėď‚Ėď‚Ėď‚Ėď‚Ėď‚Ėď‚Ėď‚Ėď‚Ėď‚Ėď‚Ėď‚Ėď   
                               ‚Ėď‚Ėď‚Ėď‚Ėď‚Ėď‚Ėď‚Ėď‚Ėď‚Ėď‚Ėď‚Ėď‚Ėď‚Ėď‚Ėď‚Ėď   
                              ‚Ėď‚Ėą‚Ėą‚Ėą‚Ėą‚Ėď‚Ėď‚Ėď‚Ėď‚Ėď‚Ėď‚Ėď‚Ėą‚Ėą‚Ėą‚Ėą‚Ėď   
                             ‚Ėď‚Ėď‚Ėď‚Ėď‚ĖĎ‚Ėą‚Ėď‚Ėď‚Ėď‚Ėď‚Ėď‚Ėď‚Ėď‚Ėą‚ĖĎ‚Ėď‚Ėď‚Ėď‚Ėď   
                            ‚Ėď‚Ėď‚Ėď‚Ėď‚Ėď‚ĖĎ‚Ėą‚Ėą‚Ėą‚Ėą‚Ėą‚Ėą‚Ėą‚Ėą‚Ėą‚ĖĎ‚Ėď‚Ėď‚Ėď‚Ėď‚Ėď   
                           ‚Ėď‚Ėď‚Ėď‚Ėď‚Ėď‚Ėď‚ĖĎ‚Ėą‚ĖĎ‚Ėď‚Ėď‚Ėď‚Ėď‚Ėď‚ĖĎ‚Ėą‚ĖĎ‚Ėď‚Ėď‚Ėď‚Ėď‚Ėď‚Ėď   
            ‚Ėą‚Ėą‚Ėą‚Ėą‚Ėą‚Ėą‚Ėą‚Ėą‚Ėą‚Ėą‚Ėą‚Ėą  ‚Ėď‚Ėď‚Ėď‚Ėď‚Ėď‚Ėď‚Ėď‚ĖĎ‚Ėą‚ĖĎ‚Ėď‚Ėď‚Ėď‚Ėď‚Ėď‚ĖĎ‚Ėą‚ĖĎ‚Ėď‚Ėď‚Ėď‚Ėď‚Ėď‚Ėď‚Ėď  ‚Ėą‚Ėą‚Ėą‚Ėą‚Ėą‚Ėą‚Ėą‚Ėą‚Ėą‚Ėą‚Ėą‚Ėą   
            ‚Ėą‚Ėí‚Ėí‚Ėí‚ĖĎ‚ĖĎ  ‚Ėď‚Ėď‚Ėď‚Ėą  ‚Ėď‚Ėď‚Ėď‚Ėď‚Ėď‚Ėď‚Ėď‚ĖĎ‚ĖĎ‚ĖĎ‚Ėď‚Ėď‚Ėď‚Ėď‚Ėď‚ĖĎ‚ĖĎ‚ĖĎ‚Ėď‚Ėď‚Ėď‚Ėď‚Ėď‚Ėď‚Ėď  ‚Ėą‚Ėď‚Ėď‚Ėď  ‚ĖĎ‚ĖĎ‚Ėí‚Ėí‚Ėí‚Ėą   
            ‚Ėą‚Ėą‚Ėí‚ĖĎ‚ĖĎ    ‚Ėď‚Ėą‚Ėą  ‚Ėď‚Ėď‚Ėď‚Ėď‚Ėď‚Ėď‚Ėď‚Ėď‚Ėď‚Ėď‚Ėď‚Ėď‚Ėď‚Ėď‚Ėď‚Ėď‚Ėď‚Ėď‚Ėď‚Ėď‚Ėď‚Ėď‚Ėď‚Ėď‚Ėď  ‚Ėą‚Ėą‚Ėď    ‚ĖĎ‚ĖĎ‚Ėí‚Ėą‚Ėą   
             ‚Ėą‚ĖÄ‚ĖÄ‚ĖÄ‚ĖÄ‚ĖÄ‚ĖÄ ‚Ėď‚Ėą    ‚Ėď‚Ėď‚Ėď‚Ėď‚Ėď‚Ėď‚Ėď‚Ėď‚Ėí‚Ėí‚Ėí‚Ėí‚Ėí‚Ėí‚Ėí‚Ėď‚Ėď‚Ėď‚Ėď‚Ėď‚Ėď‚Ėď‚Ėď    ‚Ėą‚Ėď ‚ĖÄ‚ĖÄ‚ĖÄ‚ĖÄ‚ĖÄ‚ĖÄ‚Ėą   
             ‚Ėą‚Ėí‚ĖĎ‚ĖĎ    ‚Ėď‚Ėą          ‚Ėí‚Ėí‚Ėí‚Ėí‚Ėí‚Ėí‚Ėí‚Ėí‚Ėí‚Ėí‚Ėí          ‚Ėą‚Ėď    ‚ĖĎ‚ĖĎ‚Ėí‚Ėą   
             ‚Ėą‚Ėí‚ĖĎ‚ĖĎ    ‚Ėď‚Ėą         ‚Ėí‚Ėí‚Ėí‚Ėí‚Ėí‚Ėí‚Ėí‚Ėí‚Ėí‚Ėí‚Ėí‚Ėí‚Ėí         ‚Ėą‚Ėď    ‚ĖĎ‚ĖĎ‚Ėí‚Ėą      
             ‚Ėą‚Ėí‚ĖĎ‚ĖĎ    ‚Ėď‚Ėą       ‚Ėą‚Ėą‚Ėą‚Ėą‚Ėí‚Ėí‚Ėí‚Ėí‚Ėí‚Ėí‚Ėí‚Ėí‚Ėí‚Ėí‚Ėí‚Ėą‚Ėą       ‚Ėą‚Ėď    ‚ĖĎ‚ĖĎ‚Ėí‚Ėą      
   '         ‚Ėą‚Ėí‚ĖĎ‚ĖĎ    ‚Ėď‚Ėą      ‚Ėą‚Ėą‚Ėą‚Ėą‚Ėą‚Ėą‚Ėí‚Ėí‚Ėí‚Ėí‚Ėí‚Ėí‚Ėí‚Ėą‚Ėą‚Ėą‚Ėą‚Ėą‚Ėą      ‚Ėą‚Ėď    ‚ĖĎ‚ĖĎ‚Ėí‚Ėą        '   
   $.        ‚Ėą‚Ėí‚ĖĎ‚ĖĎ    ‚Ėď‚Ėą      ‚ĖÄ‚Ėą‚Ėą‚Ėą‚Ėą‚Ėą‚Ėą‚Ėí‚Ėí‚Ėí‚Ėí‚Ėí‚Ėą‚Ėą‚Ėą‚Ėą‚Ėą‚Ėą‚ĖÄ      ‚Ėą‚Ėď    ‚ĖĎ‚ĖĎ‚Ėí‚Ėą       .$   
   $$        ‚Ėą‚Ėí‚Ėí‚ĖĎ    ‚Ėď‚Ėą       ‚ĖÄ‚ĖÄ‚ĖÄ‚ĖÄ‚ĖÄ‚ĖÄ     ‚ĖÄ‚ĖÄ‚ĖÄ‚ĖÄ‚ĖÄ‚ĖÄ       ‚Ėą‚Ėď    ‚ĖĎ‚ĖĎ‚Ėí‚Ėą       $$   
    $    '  ‚Ėą‚Ėą‚Ėą‚Ėą‚Ėą‚Ėą‚Ėą‚Ėą‚Ėą‚Ėą‚Ėą‚Ėą                          ‚Ėą‚Ėą‚Ėą ‚Ėą‚Ėď    ‚ĖĎ‚Ėí‚Ėí‚Ėą   '   $   
        .$  ‚Ėą-‚Ēī-‚Ē¨--‚Ēī--‚Ėą‚Ėą                          ‚Ėą-‚Ėą ‚Ėą‚Ėď   ‚Ėą‚Ėą‚Ėą‚Ėą‚Ėą‚Ėą  $.       
        $$  ‚Ėą   ‚Ēā‚Ėą‚Ėą‚Ėą‚Ėą‚Ėą‚Ėą‚Ėą                          ‚Ėą ‚Ėą ‚Ėą‚Ėď   ‚ĖÄ‚ĖĄ ‚Ēā ‚Ėą  $$     
        $$$ ‚Ėą-‚Ē¨-‚Ēī‚Ėą-‚Ē¨--‚Ėą‚Ėą‚Ėą‚Ėą‚Ėą‚Ėą‚Ėą‚Ėą‚Ėą‚Ėą‚Ėą‚Ėą‚Ėą‚Ėą‚Ėą‚Ėą‚Ėą‚Ėą‚Ėą‚Ėą‚Ėą‚Ėą ‚Ėą‚Ėą‚Ėą‚Ėą‚Ėą‚Ėą-‚Ėą‚Ėą‚Ėą‚Ėą‚Ėą‚Ėą‚Ėą‚Ėą‚Ėą‚Ėą‚Ēī-‚Ėą $$$        
         $$$‚Ėą ‚Ēā  ‚Ėą ‚Ēā  ‚Ėą‚Ėą    ‚Ēā ‚Ėą‚Ėą    ‚Ēā ‚Ėą‚Ėą ‚Ēā ‚Ėą‚Ėą‚Ėą ‚Ēā ‚Ėą‚Ėą ‚Ēā   ‚Ėą‚Ėą ‚Ēā    ‚Ėą$$$       
          $$‚Ėą-‚Ēī-‚Ē¨‚Ėą-‚Ēī--‚Ėą‚Ėą--‚Ėą-‚Ēī-‚Ėą‚Ėą--‚Ėą-‚Ēī-‚Ėą‚Ėą-‚Ēī--‚Ē¨--‚Ēī-‚Ėą‚Ėą-‚Ēī‚Ėą-‚Ē¨‚Ėą‚Ėą-‚Ēī--‚Ē¨-‚Ėą$$       
      $.   $‚Ėą   ‚Ēā     ‚Ėą‚Ėą  ‚Ėą   ‚Ėą‚Ėą  ‚Ėą   ‚Ėą‚Ėą    ‚Ėą    ‚Ėą‚Ėą  ‚Ėą ‚Ēā‚Ėą‚Ėą  ‚Ėą‚Ėą‚Ēā ‚Ėą$   .$   
       $   $‚Ėą-‚Ē¨-‚Ēī--‚Ē¨--‚Ėą‚Ėą--‚Ēī-‚Ē¨-‚Ėą‚Ėą--‚Ēī-‚Ē¨-‚Ėą‚Ėą-‚Ē¨--‚Ėą--‚Ē¨-‚Ėą‚Ėą-‚Ē¨--‚Ēī‚Ėą‚Ėą-‚Ē¨--‚Ēī-‚Ėą$   $          
         ,$$‚Ėą‚Ėą‚Ėą‚Ėą‚Ėą‚Ėą‚Ėą‚Ėą‚Ėą‚Ėą‚Ėą‚Ėą‚Ėą‚Ėą‚Ėą‚Ėą‚Ėą‚Ėą‚Ėą‚Ėą‚Ėą‚Ėą‚Ėą‚Ėą‚Ėą‚Ėą‚Ėą‚Ėą‚Ėą‚Ėą‚Ėą‚Ėą‚Ėą‚Ėą‚Ėą‚Ėą‚Ėą‚Ėą‚Ėą‚Ėą‚Ėą‚Ėą‚Ėą‚Ėą‚Ėą‚Ėą‚Ėą‚Ėą‚Ėą‚Ėą‚Ėą‚Ėą‚Ėą$$,   
        .$$$$                                                   $$$$.               
         $$$            Rock Band 2 (c) Harmonix                 $$$   
          $$'                                                    '$$   
   ‚Ėą‚Ėą‚Ėą‚Ėą‚Ėą‚Ėą‚Ėą$‚Ėą‚Ėą‚Ėą                                                 ‚Ėą‚Ėą‚Ėą$‚Ėą‚Ėą‚Ėą‚Ėą‚Ėą‚Ėą‚Ėą   
   ‚Ėą‚Ėí‚Ėí‚Ėí‚ĖĎ‚ĖĎ '‚Ėď‚Ėď‚Ėą                ..rELEASE iNFOS!                 ‚Ėą‚Ėď‚Ėď' ‚ĖĎ‚ĖĎ‚Ėí‚Ėí‚Ėí‚Ėą   
   ‚Ėą‚Ėą‚Ėí‚ĖĎ‚ĖĎ   ‚Ėď‚Ėą‚Ėą                                                 ‚Ėą‚Ėą‚Ėď   ‚ĖĎ‚ĖĎ‚Ėí‚Ėą‚Ėą   
    ‚Ėą‚ĖÄ‚ĖÄ‚ĖÄ‚ĖÄ‚ĖÄ ‚Ėď‚Ėą                                                   ‚Ėą‚Ėď ‚ĖÄ‚ĖÄ‚ĖÄ‚ĖÄ‚ĖÄ‚Ėą   
    ‚Ėą‚Ėí‚ĖĎ‚ĖĎ   ‚Ėď‚Ėą  Type........: Music        Platform.: XBOX 360   ‚Ėą‚Ėď   ‚ĖĎ‚ĖĎ‚Ėí‚Ėą   
    ‚Ėą‚Ėí‚ĖĎ‚ĖĎ   ‚Ėď‚Ėą  By..........: Harmonix     Release..: 2008-09-09 ‚Ėą‚Ėď   ‚ĖĎ‚ĖĎ‚Ėí‚Ėą   
    ‚Ėą‚Ėí‚ĖĎ‚ĖĎ   ‚Ėď‚Ėą  Origin......: NTSC/U       Filename.: gmb-rb2    ‚Ėą‚Ėď   ‚ĖĎ‚ĖĎ‚Ėí‚Ėą   
    ‚Ėą‚Ėí‚ĖĎ‚ĖĎ   ‚Ėď‚Ėą  Supply......: GMB          Size.....: 71x100MB   ‚Ėą‚Ėď   ‚ĖĎ‚ĖĎ‚Ėí‚Ėą   
    ‚Ėą‚Ėí‚ĖĎ‚ĖĎ   ‚Ėď‚Ėą  Source......: XBOX360 DVD  Language.: English    ‚Ėą‚Ėď   ‚ĖĎ‚ĖĎ‚Ėí‚Ėą   
    ‚Ėą‚Ėí‚ĖĎ‚ĖĎ   ‚Ėď‚Ėą  Game_Region.: 0x00000FF - NTSC-U ONLY!           ‚Ėą‚Ėď   ‚ĖĎ‚ĖĎ‚Ėí‚Ėą   
    ‚Ėą‚Ėí‚ĖĎ‚ĖĎ   ‚Ėď‚Ėą                                                   ‚Ėą‚Ėď   ‚ĖĎ‚ĖĎ‚Ėí‚Ėą   
    ‚Ėą‚Ėí‚ĖĎ‚ĖĎ   ‚Ėď‚Ėą  Game_infos: http://www.rockband.com/             ‚Ėą‚Ėď   ‚ĖĎ‚ĖĎ‚Ėí‚Ėą   
    ‚Ėą‚Ėí‚ĖĎ‚ĖĎ   ‚Ėď‚Ėą                                                   ‚Ėą‚Ėď   ‚ĖĎ‚ĖĎ‚Ėí‚Ėą   
    ‚Ėą‚Ėí‚ĖĎ‚ĖĎ   ‚Ėď‚Ėą                                                   ‚Ėą‚Ėď   ‚ĖĎ‚ĖĎ‚Ėí‚Ėą   
    ‚Ėą‚Ėí‚ĖĎ‚ĖĎ   ‚Ėď‚Ėą                 ..rELEASE nOTES!                  ‚Ėą‚Ėď   ‚ĖĎ‚ĖĎ‚Ėí‚Ėą   
    ‚Ėą‚Ėí‚ĖĎ‚ĖĎ   ‚Ėď‚Ėą                                                   ‚Ėą‚Ėď   ‚ĖĎ‚ĖĎ‚Ėí‚Ėą   
    ‚Ėą‚Ėí‚ĖĎ‚ĖĎ   ‚Ėď‚Ėą                  Enjoy!                           ‚Ėą‚Ėď   ‚ĖĎ‚ĖĎ‚Ėí‚Ėą   
    ‚Ėą‚Ėí‚ĖĎ‚ĖĎ   ‚Ėď‚Ėą                                                   ‚Ėą‚Ėď   ‚ĖĎ‚ĖĎ‚Ėí‚Ėą   
    ‚Ėą‚Ėí‚ĖĎ‚ĖĎ   ‚Ėď‚Ėą                                                   ‚Ėą‚Ėď   ‚ĖĎ‚ĖĎ‚Ėí‚Ėą   
    ‚Ėą‚Ėí‚ĖĎ‚ĖĎ   ‚Ėď‚Ėą                                                   ‚Ėą‚Ėď   ‚ĖĎ‚ĖĎ‚Ėí‚Ėą   
    ‚Ėą‚Ėí‚ĖĎ‚ĖĎ   ‚Ėď‚Ėą                                                   ‚Ėą‚Ėď   ‚ĖĎ‚ĖĎ‚Ėí‚Ėą   
    ‚Ėą‚Ėí‚ĖĎ‚ĖĎ   ‚Ėď‚Ėą                 ..cONTACT uS!                     ‚Ėą‚Ėď   ‚ĖĎ‚ĖĎ‚Ėí‚Ėą   
    ‚Ėą‚Ėí‚ĖĎ‚ĖĎ   ‚Ėď‚Ėą                                                   ‚Ėą‚Ėď   ‚ĖĎ‚ĖĎ‚Ėí‚Ėą   
    ‚Ėą‚Ėí‚ĖĎ‚ĖĎ   ‚Ėď‚Ėą                  site msg                         ‚Ėą‚Ėď   ‚ĖĎ‚ĖĎ‚Ėí‚Ėą   
    ‚Ėą‚Ėí‚ĖĎ‚ĖĎ   ‚Ėď‚Ėą                                                   ‚Ėą‚Ėď   ‚ĖĎ‚ĖĎ‚Ėí‚Ėą   
    ‚Ėą‚Ėí‚ĖĎ‚ĖĎ   ‚Ėď‚Ėą                                                   ‚Ėą‚Ėď   ‚ĖĎ‚ĖĎ‚Ėí‚Ėą   
    ‚Ėą‚Ėí‚ĖĎ‚ĖĎ   ‚Ėď‚Ėą                                                   ‚Ėą‚Ėď   ‚ĖĎ‚ĖĎ‚Ėí‚Ėą   
    ‚Ėą‚Ėí‚ĖĎ‚ĖĎ   ‚Ėď‚Ėą                                                   ‚Ėą‚Ėď   ‚ĖĎ‚ĖĎ‚Ėí‚Ėą   
    ‚Ėą‚Ėí‚ĖĎ‚ĖĎ   ‚Ėď‚Ėą                 ..gREETINGS!                      ‚Ėą‚Ėď   ‚ĖĎ‚ĖĎ‚Ėí‚Ėą   
    ‚Ėą‚Ėí‚ĖĎ‚ĖĎ   ‚Ėď‚Ėą                                                   ‚Ėą‚Ėď   ‚ĖĎ‚ĖĎ‚Ėí‚Ėą   
    ‚Ėą‚Ėí‚ĖĎ‚ĖĎ   ‚Ėď‚Ėą        aLL THE GOOD CONSOLE GROUPS OUT THERE!     ‚Ėą‚Ėď   ‚ĖĎ‚ĖĎ‚Ėí‚Ėą   
    ‚Ėą‚Ėí‚ĖĎ‚ĖĎ   ‚Ėď‚Ėą                                                   ‚Ėą‚Ėď   ‚ĖĎ‚ĖĎ‚Ėí‚Ėą   
    ‚Ėą‚Ėí‚ĖĎ‚ĖĎ   ‚Ėď‚Ėą                                                   ‚Ėą‚Ėď   ‚ĖĎ‚ĖĎ‚Ėí‚Ėą   
    ‚Ėą‚Ėí‚Ėí‚ĖĎ   ‚Ėď‚Ėą                                                   ‚Ėą‚Ėď   ‚ĖĎ‚Ėí‚Ėí‚Ėą   
    ‚Ėą‚Ėą‚Ėí‚Ėí‚ĖĎ  ‚Ėď‚Ėď‚Ėą‚Ėą‚Ėą‚Ėą‚Ėą‚Ėą‚Ėą‚Ėą‚Ėą‚Ėą‚Ėą‚Ėą‚Ėą‚Ėą‚Ėą‚Ėą‚Ėą‚Ėą‚Ėą‚Ėą‚Ėą‚Ėą‚Ėą‚Ėą‚Ėą‚Ėą‚Ėą‚Ėą‚Ėą‚Ėą‚Ėą‚Ėą‚Ėą‚Ėą‚Ėą‚Ėą‚Ėą‚Ėą‚Ėą‚Ėą‚Ėą‚Ėą‚Ėą‚Ėą‚Ėą‚Ėą‚Ėą‚Ėą‚Ėą‚Ėą‚Ėą‚Ėď‚Ėď  ‚ĖĎ‚Ėí‚Ėí‚Ėą‚Ėą   
     ‚Ėą‚Ėą‚Ėí‚Ėí‚ĖĎ  ‚Ėď‚Ėď‚Ėď‚Ėď‚Ėď‚Ėď‚Ėď‚Ėď‚Ėď‚Ėď‚Ėď‚Ėď‚Ėď‚Ėď‚Ėď‚Ėď‚Ėď‚Ėď‚Ėď‚Ėď‚Ėď‚Ėď‚Ėď‚Ėď‚Ėď‚Ėď‚Ėď‚Ėď‚Ėď‚Ėď‚Ėď‚Ėď‚Ėď‚Ėď‚Ėď‚Ėď‚Ėď‚Ėď‚Ėď‚Ėď‚Ėď‚Ėď‚Ėď‚Ėď‚Ėď‚Ėď‚Ėď‚Ėď‚Ėď‚Ėď‚Ėď‚Ėď‚Ėď  ‚ĖĎ‚Ėí‚Ėí‚Ėą‚Ėą   
      ‚Ėą‚Ėą‚Ėí‚Ėí‚ĖĎ                                                       ‚ĖĎ‚Ėí‚Ėí‚Ėą‚Ėą   
       ‚Ėą‚Ėą‚Ėí‚Ėí‚ĖĎ‚ĖĎ‚ĖĎ‚ĖĎ‚ĖĎ‚ĖĎ‚ĖĎ‚ĖĎ‚ĖĎ‚ĖĎ‚ĖĎ‚ĖĎ‚ĖĎ‚ĖĎ‚ĖĎ‚ĖĎ‚ĖĎ‚ĖĎ‚ĖĎ‚ĖĎ‚ĖĎ‚ĖĎ‚ĖĎ‚ĖĎ‚ĖĎ‚ĖĎ‚ĖĎ‚ĖĎ‚ĖĎ‚ĖĎ‚ĖĎ‚ĖĎ‚ĖĎ‚ĖĎ‚ĖĎ‚ĖĎ‚ĖĎ‚ĖĎ‚ĖĎ‚ĖĎ‚ĖĎ‚ĖĎ‚ĖĎ‚ĖĎ‚ĖĎ‚ĖĎ‚ĖĎ‚ĖĎ‚ĖĎ‚ĖĎ‚ĖĎ‚ĖĎ‚ĖĎ‚ĖĎ‚ĖĎ‚Ėí‚Ėí‚Ėą‚Ėą   
        ‚Ėą‚Ėą‚Ėí‚Ėí‚Ėí‚Ėí‚Ėí‚Ėí‚Ėí‚Ėí‚Ėí‚Ėí‚Ėí‚Ėí‚Ėí‚Ėí‚Ėí‚Ėí‚Ėí‚Ėí‚Ėí‚Ėí‚Ėí‚Ėí‚Ėí‚Ėí‚Ėí‚Ėí‚Ėí‚Ėí‚Ėí‚Ėí‚Ėí‚Ėí‚Ėí‚Ėí‚Ėí‚Ėí‚Ėí‚Ėí‚Ėí‚Ėí‚Ėí‚Ėí‚Ėí‚Ėí‚Ėí‚Ėí‚Ėí‚Ėí‚Ėí‚Ėí‚Ėí‚Ėí‚Ėí‚Ėí‚Ėí‚Ėí‚Ėí‚Ėą‚Ėą   
         ‚ĖÄ‚Ėą‚Ėą‚Ėą‚Ėą‚Ėą‚Ėą‚Ėą‚Ėą‚Ėą‚Ėą‚Ėą‚Ėą‚Ėą‚Ėą‚Ėą‚Ėą‚Ėą‚Ėą‚Ėą‚Ėą‚Ėą‚Ėą‚Ėą‚Ėą‚Ėą‚Ėą‚Ėą‚Ėą‚Ėą‚Ėą‚Ėą‚Ėą‚Ėą‚Ėą‚Ėą‚Ėą‚Ėą‚Ėą‚Ėą‚Ėą‚Ėą‚Ėą‚Ėą‚Ėą‚Ėą‚Ėą‚Ėą‚Ėą‚Ėą‚Ėą‚Ėą‚Ėą‚Ėą‚Ėą‚Ėą‚Ėą‚ĖÄ
