ÔĽŅ                                                                                   
    ‚ĖĄ   ‚Ėď ‚Ėď                  ‚Ėď    ‚Ėí‚Ėí‚Ėí‚Ėí‚Ėí‚Ėą‚Ėí‚Ėí‚Ėí‚Ėí‚Ėí‚Ėí    ‚Ėď                  ‚Ėď ‚Ėď   ‚ĖĄ       
   ‚Ėą‚Ėď‚Ėą           ‚Ėď              ‚Ėą‚Ėí‚Ėí‚Ėí‚Ėí‚ĖĄ‚Ėą‚Ėą‚Ėą‚ĖĄ‚Ėí‚Ėí‚Ėí‚Ėí‚Ėí‚Ėą               ‚Ėď          ‚Ėą‚Ėď‚Ėą      
    ‚ĖÄ                           ‚Ėą‚Ėą‚Ėí‚Ėí‚Ėą‚Ėď‚ĖĎ‚ĖĎ ‚Ėí‚Ėą‚Ėí‚Ėí‚Ėí‚Ėą‚Ėą                           ‚ĖÄ       
                    ‚Ėď‚Ėď‚Ėď          ‚Ėą‚Ėď‚Ėź‚Ėą‚Ėď‚Ėď‚ĖĎ‚ĖĎ‚ĖĎ‚Ėď‚ĖĆ‚Ėí‚Ėą‚Ėą            ‚Ėď‚Ėď‚Ėď‚Ėď  ‚Ėď‚Ėď‚Ėď               
                                  ‚Ėą‚Ėź‚Ėą‚Ėą‚Ėď‚Ėď‚Ėí‚Ėí‚Ėď‚ĖĆ‚Ėą‚Ėą              ‚Ėď‚Ėď                     
                                    ‚Ėą‚Ėą‚Ėą‚Ėď‚Ėď‚Ėď‚Ėą‚Ėą‚Ėą                                      
       ‚Ėď     ‚ĖĄ                        ‚Ėą‚Ėą‚Ėą‚ĖÄ‚ĖĎ‚Ėą                     ‚ĖĄ                 
            ‚Ėą‚Ėď‚Ėą   ‚Ėď        ‚ĖĎ ‚ĖĎ‚ĖĎ‚ĖĎ‚Ėí‚Ėď‚Ėď‚Ėď‚Ėí‚ĖÄ‚ĖÄ‚ĖĎ  ‚Ėď‚Ėď‚Ėí‚ĖĎ‚ĖĎ‚ĖĎ ‚ĖĎ ‚ĖĎ      ‚Ėď     ‚Ėą‚Ėď‚Ėą                
             ‚ĖÄ                   ‚ĖĎ  ‚ĖÄ ‚ĖĄ‚ĖĄ‚Ėą‚Ėď                       ‚ĖÄ                 
 ‚ĖĄ‚Ėą‚Ėą‚ĖĄ ‚ĖĄ               ‚ĖĎ         ‚ĖĄ‚ĖĆ ‚ĖĄ‚Ėą‚Ėą‚Ėą‚ĖÄ‚ĖĎ‚ĖĄ ‚ĖÄ‚ĖĄ                 ‚ĖĄ     ‚ĖĄ   ‚Ėď     ‚ĖĄ‚Ėą‚Ėą‚ĖĄ 
‚Ėź‚Ėą‚Ėď‚ĖĎ‚Ėď‚ĖĆ‚Ėí‚ĖĎ‚ĖĎ‚ĖĎ ‚ĖĎ                ‚ĖĄ     ‚ĖĎ‚Ėí‚Ėą ‚Ėď‚Ėą‚Ėą‚ĖÄ ‚ĖĄ‚Ėą‚Ėą‚Ėď‚ĖĎ ‚Ėą‚Ėí‚ĖĎ ‚ĖĄ  ‚ĖÄ          ‚Ėą‚Ėď‚Ėą       ‚Ėź‚Ėą‚Ėď‚ĖĎ‚Ėď‚ĖĆ
‚Ėź‚Ėą‚Ėď‚Ėí‚Ėď‚ĖĆ            ‚ĖĄ‚ĖĄ‚ĖĄ‚Ėď‚Ėď‚Ėď‚Ėą‚ĖĄ‚ĖĄ  ‚ĖÄ‚ĖÄ‚ĖÄ‚Ėą‚Ėą‚Ėą‚ĖĆ‚ĖÄ‚Ėą ‚ĖĎ‚Ėď‚Ėą‚Ėą‚Ėą‚ĖÄ ‚ĖĄ‚Ėą‚ĖÄ‚ĖÄ‚ĖÄ ‚ĖĄ‚ĖĄ‚Ėą‚Ėď‚Ėď‚Ėď‚ĖĄ‚ĖĄ‚ĖĄ ‚ĖÄ ‚ĖĄ   ‚ĖÄ        ‚Ėź‚Ėą‚Ėď‚Ėí‚Ėď‚ĖĆ
 ‚ĖÄ‚Ėą‚Ėą‚ĖÄ   ‚ĖÄ    ‚Ėí‚Ėą ‚ĖĄ‚Ėď‚Ėď‚Ėď‚Ėą‚Ėą‚Ėą‚Ėą‚Ėą‚Ėą‚Ėą‚Ėą‚Ėą‚Ėď‚Ėď‚ĖĄ‚ĖĄ‚ĖĄ‚ĖĄ ‚ĖÄ ‚ĖĄ‚ĖĄ‚Ėą‚Ėď‚ĖÄ‚ĖÄ ‚ĖĎ‚ĖĄ‚ĖĄ‚ĖĄ‚ĖĄ‚Ėą‚Ėą‚Ėą‚Ėą‚Ėď‚Ėą‚Ėą‚Ėą‚Ėą‚Ėą‚Ėą‚Ėď‚Ėď‚Ėď‚ĖĄ ‚Ėą‚Ėí          ‚ĖÄ‚Ėą‚Ėą‚ĖÄ 
 ‚Ėą‚ēĎ‚ēĎ‚Ėą       ‚ĖĄ‚ĖĄ ‚ĖÄ‚ĖÄ  ‚ĖĄ‚ĖĄ‚ĖĄ‚ĖĄ ‚ĖÄ‚Ė†‚ĖĄ‚ĖĎ‚ĖĄ‚ĖÄ ‚ĖĄ‚Ėď‚Ėď‚Ėą‚ĖĄ‚ĖĄ‚ĖĎ‚Ė†‚ĖĄ‚ĖĄ‚Ėą‚Ėą‚Ėą‚ĖĄ‚ĖĄ‚Ė†‚ĖĎ‚ĖĄ‚ĖĄ‚Ėą‚Ėď‚Ėď‚ĖĄ ‚ĖÄ‚ĖĄ‚ĖĎ‚ĖĄ‚Ė†‚ĖÄ ‚ĖĄ‚ĖĄ‚ĖĄ‚ĖĄ            ‚Ėą‚ēĎ‚Ēā‚Ėą 
 ‚Ėą‚ēĎ‚ēĎ‚Ėą  ‚ĖĄ‚ĖĄ ‚ĖÄ‚ĖÄ‚Ė† ‚ĖĄ‚ĖÄ‚ĖÄ ‚ĖĎ‚ĖÄ‚ĖÄ‚Ėď‚Ėď‚ĖĄ ‚ĖÄ‚ĖĄ‚ĖĄ‚Ėą‚Ėď‚ĖÄ          ‚ĖĄ‚ĖĎ‚ĖĄ‚ĖĄ‚Ėą‚Ėď   ‚ĖÄ‚Ėď‚Ėą‚ĖĄ‚ĖĄ‚ĖÄ ‚ĖĄ‚Ėď‚Ėď‚ĖÄ‚ĖÄ‚ĖĎ     ‚Ė†‚ĖÄ‚ĖÄ ‚ĖĄ‚ĖĄ    ‚Ėą‚ēĎ‚Ēā‚Ėą 
 ‚Ėą‚ēĎ‚ēĎ‚Ėą‚ĖĄ‚Ėą‚Ėą‚Ėď‚Ėď‚ĖÄ                                             ‚ĖÄ‚ĖÄ‚ĖÄ‚ĖÄ            ‚ĖÄ‚Ėď‚Ėď‚Ėą‚Ėą‚ĖĄ‚Ėą‚ēĎ‚Ēā‚Ėą 
 ‚Ėą‚ēĎ‚ēĎ‚Ėą                                                                         ‚Ėą‚ēĎ‚Ēā‚Ėą 
 ‚ēĎ‚Ėź‚ēĎ‚Ėą           ‚Ėą‚Ėą‚Ėą‚Ėą‚Ėą‚Ėą‚Ėą                 ‚Ėą‚Ėą‚Ėą‚Ėą‚Ėą‚Ėą‚Ėą            ‚Ėą‚Ėą‚Ėą‚Ėą‚Ėą‚Ėą‚Ėą‚Ėą‚Ėą‚Ėą‚Ėą‚Ėą‚Ėą‚Ėą‚Ėą    ‚Ėą‚ēĎ‚Ēā‚Ėą 
 ‚Ėą‚ēĎ‚ēĎ‚Ėą          ‚Ėą‚Ėą‚Ėą‚Ėí‚Ėí‚Ėí‚Ėí‚Ėą‚Ėą‚Ėą              ‚Ėą‚Ėą‚Ėą‚Ėí‚Ėí‚Ėí‚Ėí‚Ėą‚Ėą‚Ėą         ‚Ėą‚Ėą‚Ėí‚Ėí‚Ėí‚Ėí‚Ėí‚Ėí‚Ėí‚Ėí‚Ėí‚Ėí‚Ėí‚Ėí‚Ėí‚Ėą‚Ėą   ‚Ėą‚ēĎ‚Ėź‚Ēā 
 ‚ēĎ‚Ėź‚ēĎ‚Ėą        ‚Ėą‚Ėą‚Ėą‚Ėí‚Ėí‚Ėí‚Ėí‚Ėí‚Ėí‚Ėí‚Ėí‚Ėą‚Ėą           ‚Ėą‚Ėą‚Ėą‚Ėí‚Ėí‚Ėí‚Ėí‚Ėí‚Ėí‚Ėí‚Ėí‚Ėą‚Ėą        ‚Ėą‚Ėí‚Ėí‚Ėí‚Ėí‚Ėí‚Ėí‚Ėí‚Ėí‚Ėí‚Ėí‚Ėí‚Ėí‚Ėí‚Ėí‚Ėí‚Ėą   ‚Ėą‚ēĎ‚Ēā‚Ėą 
 ‚Ėą‚ēĎ‚ēĎ‚Ėą       ‚Ėą‚Ėą‚Ėí‚Ėí‚Ėí‚Ėí‚Ėí‚Ėí‚Ėí‚Ėí‚Ėí‚Ėí‚Ėí‚Ėą‚Ėą         ‚Ėą‚Ėą‚Ėí‚Ėí‚Ėí‚Ėí‚Ėí‚Ėí‚Ėí‚Ėí‚Ėí‚Ėí‚Ėí‚Ėą‚Ėą       ‚Ėą‚Ėí‚Ėí‚Ėí‚Ėí‚Ėí‚Ėí‚Ėí‚Ėí‚Ėí‚Ėí‚Ėí‚Ėí‚Ėí‚Ėí‚Ėí‚Ėą   ‚Ėą‚ēĎ‚Ėź‚Ēā 
 ‚ēĎ‚Ėź‚ēĎ‚Ėą      ‚Ėą‚Ėą‚Ėí‚Ėí‚Ėí‚Ėí‚Ėí‚Ėí‚Ėą‚Ėą‚Ėí‚Ėí‚Ėí‚Ėí‚Ėí‚Ėą‚Ėą       ‚Ėą‚Ėą‚Ėí‚Ėí‚Ėí‚Ėí‚Ėí‚Ėí‚Ėą‚Ėą‚Ėí‚Ėí‚Ėí‚Ėí‚Ėí‚Ėą‚Ėą      ‚Ėą‚Ėí‚Ėí‚Ėí‚Ėí‚Ėą‚Ėą‚Ėą‚Ėą‚Ėą‚Ėą‚Ėą‚Ėą‚Ėą‚Ėą‚Ėą‚Ėą   ‚Ėą‚ēĎ‚Ēā‚Ėą 
 ‚Ėą‚ēĎ‚ēĎ‚Ėą      ‚Ėą‚Ėí‚Ėí‚Ėí‚Ėí‚Ėą‚Ėą‚Ėą‚Ėą‚Ėą‚Ėą‚Ėą‚Ėí‚Ėí‚Ėí‚Ėí‚Ėą‚Ėą      ‚Ėą‚Ėí‚Ėí‚Ėí‚Ėí‚Ėą‚Ėą‚Ėą‚Ėą‚Ėą‚Ėą‚Ėą‚Ėí‚Ėí‚Ėí‚Ėí‚Ėą‚Ėą     ‚Ėą‚Ėí‚Ėí‚Ėí‚Ėí‚Ėą              ‚Ėą‚ēĎ‚Ėź‚Ēā 
 ‚ēĎ‚Ėź‚ēĎ‚Ėą      ‚Ėą‚Ėí‚Ėí‚Ėí‚Ėí‚Ėą‚Ėą    ‚Ėą‚Ėą‚Ėí‚Ėí‚Ėí‚Ėí‚Ėą      ‚Ėą‚Ėí‚Ėí‚Ėí‚Ėí‚Ėą‚Ėą    ‚Ėą‚Ėą‚Ėí‚Ėí‚Ėí‚Ėí‚Ėą     ‚Ėą‚Ėí‚Ėí‚Ėí‚Ėą‚Ėą              ‚Ėą‚ēĎ‚Ēā‚Ėą 
 ‚Ėą‚ēĎ‚ēĎ‚Ėą      ‚Ėą‚Ėí‚Ėí‚Ėí‚Ėí‚Ėą‚Ėą‚Ėą    ‚Ėą‚Ėą‚Ėí‚Ėí‚Ėí‚Ėą      ‚Ėą‚Ėí‚Ėí‚Ėí‚Ėí‚Ėą‚Ėą‚Ėą    ‚Ėą‚Ėą‚Ėí‚Ėí‚Ėí‚Ėą     ‚Ėą‚Ėí‚Ėí‚Ėí‚Ėą‚Ėą              ‚Ėą‚ēĎ‚Ėź‚Ēā 
 ‚ēĎ‚Ėź‚ēĎ‚Ėą      ‚Ėą‚Ėą‚Ėí‚Ėí‚Ėí‚Ėí‚Ėí‚Ėą‚Ėą‚Ėą   ‚Ėą‚Ėą‚Ėą‚Ėą‚Ėą      ‚Ėą‚Ėą‚Ėí‚Ėí‚Ėí‚Ėí‚Ėí‚Ėą‚Ėą‚Ėą   ‚Ėą‚Ėą‚Ėą‚Ėą‚Ėą     ‚Ėą‚Ėí‚Ėí‚Ėí‚Ėí‚Ėą              ‚Ėą‚ēĎ‚Ēā‚Ėą 
 ‚Ėą‚ēĎ‚ēĎ‚Ėą       ‚Ėą‚Ėą‚Ėí‚Ėí‚Ėí‚Ėí‚Ėí‚Ėí‚Ėą‚Ėą              ‚Ėą‚Ėą‚Ėí‚Ėí‚Ėí‚Ėí‚Ėí‚Ėí‚Ėą‚Ėą            ‚Ėą‚Ėí‚Ėí‚Ėí‚Ėí‚Ėą              ‚Ėą‚ēĎ‚Ėź‚Ēā 
 ‚ēĎ‚Ėź‚ēĎ‚Ėą        ‚Ėą‚Ėą‚Ėí‚Ėí‚Ėí‚Ėí‚Ėí‚Ėí‚Ėą‚Ėą‚Ėą             ‚Ėą‚Ėą‚Ėí‚Ėí‚Ėí‚Ėí‚Ėí‚Ėí‚Ėą‚Ėą           ‚Ėą‚Ėí‚Ėí‚Ėí‚Ėí‚Ėą‚Ėą‚Ėą‚Ėą‚Ėą‚Ėą‚Ėą‚Ėą‚Ėą‚Ėą‚Ėą‚Ėą   ‚Ėą‚ēĎ‚Ēā‚Ėą 
 ‚Ėą‚ēĎ‚ēĎ‚Ėą         ‚Ėą‚Ėą‚Ėí‚Ėí‚Ėí‚Ėí‚Ėí‚Ėí‚Ėí‚Ėą‚Ėą             ‚Ėą‚Ėą‚Ėí‚Ėí‚Ėí‚Ėí‚Ėí‚Ėí‚Ėí‚Ėą‚Ėą         ‚Ėą‚Ėí‚Ėí‚Ėí‚Ėí‚Ėí‚Ėí‚Ėí‚Ėí‚Ėí‚Ėí‚Ėí‚Ėí‚Ėí‚Ėí‚Ėí‚Ėą   ‚Ėą‚ēĎ‚Ėź‚Ēā 
 ‚ēĎ‚Ėź‚ēĎ‚Ėą          ‚Ėą‚Ėą‚Ėą‚Ėí‚Ėí‚Ėí‚Ėí‚Ėí‚Ėí‚Ėą‚Ėą             ‚Ėą‚Ėą‚Ėą‚Ėí‚Ėí‚Ėí‚Ėí‚Ėí‚Ėí‚Ėą‚Ėą        ‚Ėą‚Ėí‚Ėí‚Ėí‚Ėí‚Ėí‚Ėí‚Ėí‚Ėí‚Ėí‚Ėí‚Ėí‚Ėí‚Ėí‚Ėí‚Ėí‚Ėą   ‚Ėą‚ēĎ‚Ēā‚Ėą 
 ‚Ėą‚ēĎ‚ēĎ‚Ėą            ‚Ėą‚Ėą‚Ėą‚Ėí‚Ėí‚Ėí‚Ėí‚Ėí‚Ėą‚Ėą              ‚Ėą‚Ėą‚Ėą‚Ėí‚Ėí‚Ėí‚Ėí‚Ėí‚Ėą‚Ėą       ‚Ėą‚Ėí‚Ėí‚Ėí‚Ėí‚Ėí‚Ėí‚Ėí‚Ėí‚Ėí‚Ėí‚Ėí‚Ėí‚Ėí‚Ėí‚Ėí‚Ėą   ‚Ėą‚ēĎ‚Ėź‚Ēā 
 ‚ēĎ‚Ėź‚ēĎ‚Ėą              ‚Ėą‚Ėą‚Ėí‚Ėí‚Ėí‚Ėí‚Ėí‚Ėą‚Ėą               ‚Ėą‚Ėą‚Ėí‚Ėí‚Ėí‚Ėí‚Ėí‚Ėą‚Ėą      ‚Ėą‚Ėí‚Ėí‚Ėí‚Ėí‚Ėą‚Ėą‚Ėą‚Ėą‚Ėą‚Ėą‚Ėą‚Ėą‚Ėą‚Ėą‚Ėą‚Ėą   ‚Ėą‚ēĎ‚Ēā‚Ėą 
 ‚Ėą‚ēĎ‚ēĎ‚Ėą     ‚Ėą‚Ėą‚Ėą‚Ėą‚Ėą     ‚Ėą‚Ėą‚Ėí‚Ėí‚Ėí‚Ėí‚Ėí‚Ėą      ‚Ėą‚Ėą‚Ėą‚Ėą‚Ėą     ‚Ėą‚Ėą‚Ėí‚Ėí‚Ėí‚Ėí‚Ėí‚Ėą      ‚Ėą‚Ėí‚Ėí‚Ėí‚Ėí‚Ėą              ‚Ėą‚ēĎ‚Ėź‚Ēā 
 ‚ēĎ‚Ėź‚ēĎ‚Ėą     ‚Ėą‚Ėí‚Ėí‚Ėí‚Ėą‚Ėą     ‚Ėą‚Ėą‚Ėí‚Ėí‚Ėí‚Ėí‚Ėą      ‚Ėą‚Ėí‚Ėí‚Ėí‚Ėą‚Ėą     ‚Ėą‚Ėą‚Ėí‚Ėí‚Ėí‚Ėí‚Ėą      ‚Ėą‚Ėí‚Ėí‚Ėí‚Ėą‚Ėą              ‚Ėą‚ēĎ‚Ēā‚Ėą 
 ‚Ėą‚ēĎ‚ēĎ‚Ėą     ‚Ėą‚Ėí‚Ėí‚Ėí‚Ėí‚Ėą‚Ėą    ‚Ėą‚Ėą‚Ėí‚Ėí‚Ėí‚Ėí‚Ėą      ‚Ėą‚Ėí‚Ėí‚Ėí‚Ėí‚Ėą‚Ėą   ‚Ėą‚Ėą‚Ėą‚Ėí‚Ėí‚Ėí‚Ėí‚Ėą      ‚Ėą‚Ėí‚Ėí‚Ėí‚Ėą‚Ėą              ‚Ėą‚ēĎ‚Ėź‚Ēā 
 ‚ēĎ‚Ėź‚ēĎ‚Ėą     ‚Ėą‚Ėą‚Ėí‚Ėí‚Ėí‚Ėí‚Ėą‚Ėą  ‚Ėą‚Ėą‚Ėí‚Ėí‚Ėí‚Ėí‚Ėí‚Ėą      ‚Ėą‚Ėą‚Ėí‚Ėí‚Ėí‚Ėí‚Ėą‚Ėą ‚Ėą‚Ėą‚Ėą‚Ėí‚Ėí‚Ėí‚Ėí‚Ėí‚Ėą      ‚Ėą‚Ėí‚Ėí‚Ėí‚Ėí‚Ėą              ‚Ėą‚ēĎ‚Ēā‚Ėą 
 ‚Ėą‚ēĎ‚ēĎ‚Ėą      ‚Ėą‚Ėą‚Ėí‚Ėí‚Ėí‚Ėí‚Ėą‚Ėą‚Ėą‚Ėą‚Ėí‚Ėí‚Ėí‚Ėí‚Ėí‚Ėą‚Ėą       ‚Ėą‚Ėą‚Ėí‚Ėí‚Ėí‚Ėí‚Ėą‚Ėą‚Ėą‚Ėą‚Ėí‚Ėí‚Ėí‚Ėí‚Ėí‚Ėą‚Ėą      ‚Ėą‚Ėí‚Ėí‚Ėí‚Ėí‚Ėą              ‚Ėą‚ēĎ‚Ėź‚Ēā 
 ‚ēĎ‚Ėź‚ēĎ‚Ėą       ‚Ėą‚Ėą‚Ėí‚Ėí‚Ėí‚Ėí‚Ėí‚Ėí‚Ėí‚Ėí‚Ėí‚Ėí‚Ėí‚Ėą‚Ėą         ‚Ėą‚Ėą‚Ėí‚Ėí‚Ėí‚Ėí‚Ėí‚Ėí‚Ėí‚Ėí‚Ėí‚Ėí‚Ėí‚Ėą‚Ėą       ‚Ėą‚Ėí‚Ėí‚Ėí‚Ėí‚Ėą              ‚Ėą‚ēĎ‚Ēā‚Ėą 
 ‚Ėą‚ēĎ‚ēĎ‚Ėą        ‚Ėą‚Ėą‚Ėí‚Ėí‚Ėí‚Ėí‚Ėí‚Ėí‚Ėí‚Ėí‚Ėí‚Ėą‚Ėą           ‚Ėą‚Ėą‚Ėí‚Ėí‚Ėí‚Ėí‚Ėí‚Ėí‚Ėí‚Ėí‚Ėí‚Ėą‚Ėą        ‚Ėą‚Ėí‚Ėí‚Ėí‚Ėí‚Ėą              ‚Ėą‚ēĎ‚Ėź‚Ēā 
 ‚ēĎ‚Ėź‚ēĎ‚Ėą         ‚Ėą‚Ėą‚Ėą‚Ėí‚Ėí‚Ėí‚Ėí‚Ėí‚Ėą‚Ėą‚Ėą             ‚Ėą‚Ėą‚Ėą‚Ėí‚Ėí‚Ėí‚Ėí‚Ėí‚Ėą‚Ėą‚Ėą         ‚Ėą‚Ėí‚Ėí‚Ėí‚Ėí‚Ėą              ‚Ėą‚ēĎ‚Ēā‚Ėą 
 ‚Ėą‚ēĎ‚ēĎ‚Ėą          ‚Ėą‚Ėą‚Ėą‚Ėą‚Ėą‚Ėą‚Ėą‚Ėą‚Ėą               ‚Ėą‚Ėą‚Ėą‚Ėą‚Ėą‚Ėą‚Ėą‚Ėą‚Ėą          ‚Ėą‚Ėą‚Ėą‚Ėą‚Ėą‚Ėą              ‚Ėą‚ēĎ‚Ėź‚Ēā 
 ‚ēĎ‚Ėź‚ēĎ‚Ėą                                                                         ‚Ėą‚ēĎ‚Ēā‚Ėą 
 ‚Ėą‚ēĎ‚ēĎ‚Ėą                                                                         ‚Ėą‚ēĎ‚Ėź‚Ēā 
 ‚ēĎ‚Ėź‚ēĎ‚Ėą                                                                         ‚Ėą‚ēĎ‚Ēā‚Ėą 
 ‚Ėą‚ēĎ‚ēĎ‚Ėą                              Team   SSF                                 ‚Ėą‚ēĎ‚Ėź‚Ēā 
 ‚ēĎ‚Ėź‚ēĎ‚Ėą                                                                         ‚Ėą‚ēĎ‚Ēā‚Ėą 
 ‚Ėą‚ēĎ‚ēĎ‚Ėą                    Silent & Sleeping Forest Presents                    ‚Ėą‚ēĎ‚Ėź‚Ēā 
 ‚ēĎ‚Ėź‚ēĎ‚Ėą                                                                         ‚Ėą‚ēĎ‚Ēā‚Ėą 
 ‚Ėą‚ēĎ‚ēĎ‚Ėą                                                                         ‚Ėą‚ēĎ‚Ėź‚Ēā 
 ‚ēĎ‚Ėź‚ēĎ‚Ėą‚ĖÄ‚Ėą‚Ėą‚ĖĄ                                                                  ‚ĖĄ‚ĖĄ ‚Ėą‚ēĎ‚Ēā‚Ėą 
 ‚Ėą‚ēĎ‚ēĎ‚Ėą  ‚ĖÄ‚Ėą‚Ėą‚ĖĄ‚ĖĄ       ‚ĖĄ‚ĖĄ‚ĖĄ‚ĖĄ ‚ĖÄ‚Ė†‚ĖĄ‚ĖĎ‚ĖĄ‚ĖÄ ‚ĖĄ‚Ėď‚Ėď‚Ėą‚ĖĄ‚ĖĄ‚ĖĎ‚Ė†‚ĖĄ‚ĖĄ‚Ėą‚Ėą‚Ėą‚ĖĄ‚ĖĄ‚Ė†‚ĖĎ‚ĖĄ‚ĖĄ‚Ėą‚Ėď‚Ėď‚ĖĄ ‚ĖÄ‚ĖĄ‚ĖĎ‚ĖĄ‚Ė†‚ĖÄ ‚ĖĄ‚ĖĄ‚ĖĄ‚ĖĄ    ‚ĖĄ‚ĖĄ‚Ėą‚Ėą‚Ėą‚Ėą  ‚Ėą‚ēĎ‚Ėź‚Ēā 
 ‚ēĎ‚Ėź‚ēĎ‚Ėą    ‚ĖĄ‚ĖĄ ‚ĖÄ‚ĖÄ‚Ė† ‚ĖĄ‚ĖÄ‚ĖÄ ‚ĖĎ‚ĖÄ‚ĖÄ‚Ėď‚Ėď‚ĖĄ ‚ĖÄ‚ĖĄ‚ĖĄ‚Ėą‚Ėď‚ĖÄ ‚ĖÄ‚ĖÄ‚Ėď‚Ėą‚ĖĄ‚ĖĄ‚ĖĎ‚ĖĄ ‚ĖĄ‚ĖĎ‚ĖĄ‚ĖĄ‚Ėą‚Ėď‚ĖÄ‚ĖÄ ‚ĖÄ‚Ėď‚Ėą‚ĖĄ‚ĖĄ‚ĖÄ ‚ĖĄ‚Ėď‚Ėď‚ĖÄ‚ĖÄ‚ĖĎ ‚ĖÄ‚ĖÄ‚ĖĄ ‚ĖÄ ‚ĖĄ‚ĖĄ    ‚Ėą‚ēĎ‚Ēā‚Ėą 
 ‚Ėą‚ēĎ‚ēĎ‚Ėą ‚ĖĄ‚Ėą‚Ėą‚Ėď‚Ėď‚ĖÄ             ‚ĖÄ‚ĖÄ‚ĖÄ‚ĖÄ‚ĖÄ        ‚ĖÄ‚ĖÄ‚ĖÄ   ‚ĖÄ‚ĖÄ‚ĖÄ        ‚ĖÄ‚ĖÄ‚ĖÄ‚ĖÄ‚ĖÄ           ‚ĖÄ‚Ėď‚Ėď‚Ėą‚Ėą‚ĖĄ ‚Ėą‚ēĎ‚Ėź‚Ēā 
 ‚ēĎ‚Ėź‚ēĎ‚Ėą‚ĖĄ‚Ėą                                                                     ‚Ėą‚ĖĄ‚Ėą‚ēĎ‚Ēā‚Ėą 
 ‚Ėą‚ēĎ‚ēĎ‚Ėą             ‚ĖĄ‚Ėí‚Ė†  ‚ĖĄ‚Ėą‚ĖĄ                              ‚ĖĄ‚Ėą‚ĖĄ  ‚Ė†‚Ėí‚ĖĄ              ‚Ėą‚ēĎ‚Ėź‚Ēā 
 ‚ēĎ‚Ėź‚ēĎ‚Ėą     ‚ĖĄ  ‚Ėź‚ĖĎ‚ĖĄ‚Ėď‚Ė†‚Ėí‚Ėą‚Ėď‚ĖĄ‚Ėź‚Ėą‚Ėí‚ĖĎ‚ĖÄ‚ĖÄ‚ĖÄ‚ĖÄ‚ĖÄ‚ĖÄ‚ĖÄ‚ĖÄ‚ĖÄ‚ĖÄ‚ĖÄ‚ĖÄ‚ĖÄ‚ĖÄ‚ĖÄ‚ĖÄ‚ĖÄ‚ĖÄ‚ĖÄ‚ĖÄ‚ĖÄ‚ĖÄ‚ĖÄ‚ĖÄ‚ĖÄ‚ĖÄ‚ĖÄ‚ĖÄ‚ĖÄ‚ĖÄ‚ĖĎ‚Ėí‚Ėą‚ĖĆ‚ĖĄ‚Ėď‚Ėą‚Ėí‚Ė†‚Ėď‚ĖĄ‚ĖĎ‚ĖĆ  ‚ĖĄ      ‚Ėą‚ēĎ‚Ēā‚Ėą 
 ‚Ėą‚ēĎ‚ēĎ‚Ėą    ‚Ėď‚Ėď‚Ėą‚Ėą‚Ė†‚Ė†‚Ėď‚Ėą‚Ėď‚Ėą‚Ėď‚Ėą‚Ėď‚Ėą‚ĖĆ‚ĖĎ      RELEASE INFORMATION       ‚ĖĎ‚Ėź‚Ėą‚Ėď‚Ėą‚Ėď‚Ėą‚Ėď‚Ėą‚Ėď‚Ė†‚Ė†‚Ėą‚Ėą‚Ėď‚Ėď     ‚Ėą‚ēĎ‚Ėź‚Ēā 
 ‚ēĎ‚Ėź‚ēĎ‚Ėą     ‚ĖÄ  ‚Ėź‚ĖĎ‚ĖÄ‚Ėď‚Ė†‚Ėď‚Ėą‚Ėí‚ĖÄ‚Ėź‚Ėą‚Ėí‚ĖĎ‚ĖĄ‚ĖĄ‚ĖĄ‚ĖĄ‚ĖĄ‚ĖĄ‚ĖĄ‚ĖĄ‚ĖĄ‚ĖĄ‚ĖĄ‚ĖĄ‚ĖĄ‚ĖĄ‚ĖĄ‚ĖĄ‚ĖĄ‚ĖĄ‚ĖĄ‚ĖĄ‚ĖĄ‚ĖĄ‚ĖĄ‚ĖĄ‚ĖĄ‚ĖĄ‚ĖĄ‚ĖĄ‚ĖĄ‚ĖĄ‚ĖĎ‚Ėí‚Ėą‚ĖĆ‚ĖÄ‚Ėí‚Ėą‚Ėď‚Ė†‚Ėď‚ĖÄ‚ĖĎ‚ĖĆ  ‚ĖÄ      ‚Ėą‚ēĎ‚Ēā‚Ėą 
 ‚Ėą‚ēĎ‚ēĎ‚Ėą             ‚ĖÄ‚Ėí‚Ė†  ‚ĖÄ‚Ėą‚ĖÄ                              ‚ĖÄ‚Ėą‚ĖÄ  ‚Ė†‚Ėí‚ĖÄ              ‚Ėą‚ēĎ‚Ėź‚Ēā 
 ‚ēĎ‚Ėź‚ēĎ‚Ėą‚ĖÄ‚Ėą‚Ėą‚ĖĄ                                                                  ‚ĖĄ‚ĖĄ ‚Ėą‚ēĎ‚Ēā‚Ėą 
 ‚Ėą‚ēĎ‚ēĎ‚Ėą  ‚ĖÄ‚Ėą‚Ėą‚ĖĄ‚ĖĄ       ‚ĖĄ‚ĖĄ‚ĖĄ‚ĖĄ ‚ĖÄ‚Ė†‚ĖĄ‚ĖĎ‚ĖĄ‚ĖÄ                         ‚ĖÄ‚ĖĄ‚ĖĎ‚ĖĄ‚Ė†‚ĖÄ ‚ĖĄ‚ĖĄ‚ĖĄ‚ĖĄ    ‚ĖĄ‚ĖĄ‚Ėą‚Ėą‚Ėą‚Ėą  ‚Ėą‚ēĎ‚Ėź‚Ēā 
 ‚ēĎ‚Ėź‚ēĎ‚Ėą    ‚ĖĄ‚ĖĄ ‚ĖÄ‚ĖÄ‚Ė† ‚ĖĄ‚ĖÄ‚ĖÄ ‚ĖĎ‚ĖÄ‚ĖÄ‚Ėď‚Ėď‚ĖĄ ‚ĖÄ‚ĖĄ‚ĖĄ‚Ėą‚Ėď‚ĖÄ                   ‚ĖÄ‚Ėď‚Ėą‚ĖĄ‚ĖĄ‚ĖÄ ‚ĖĄ‚Ėď‚Ėď‚ĖÄ‚ĖÄ‚ĖĎ ‚ĖÄ‚ĖÄ‚ĖĄ ‚ĖÄ ‚ĖĄ‚ĖĄ    ‚Ėą‚ēĎ‚Ēā‚Ėą 
 ‚Ėą‚ēĎ‚ēĎ‚Ėą ‚ĖĄ‚Ėą‚Ėą‚Ėď‚Ėď‚ĖÄ             ‚ĖÄ‚ĖÄ‚ĖÄ‚ĖÄ‚ĖÄ                         ‚ĖÄ‚ĖÄ‚ĖÄ‚ĖÄ‚ĖÄ           ‚ĖÄ‚Ėď‚Ėď‚Ėą‚Ėą‚ĖĄ ‚Ėą‚ēĎ‚Ėź‚Ēā 
 ‚ēĎ‚Ėź‚ēĎ‚Ėą‚ĖĄ‚Ėą                                                                     ‚Ėą‚ĖĄ‚Ėą‚ēĎ‚Ēā‚Ėą 
 ‚Ėą‚ēĎ‚ēĎ‚Ėą                                                                         ‚Ėą‚ēĎ‚Ėź‚Ēā 
 ‚ēĎ‚Ėź‚ēĎ‚Ėą  ‚ĖĎ ‚ĖĎ ‚ĖĎ ‚ĖĎ ‚ĖĎ                                                              ‚Ėą‚Ėą‚Ėą‚Ėą 
 ‚Ėą‚ēĎ‚ēĎ‚Ėą   ‚ĖĎ ‚ĖĎ ‚ĖĎ                 Wild.Blood.2008.DVDRip.XviD-SSF                 ‚ĖĄ‚Ėą‚Ėą‚ĖĄ 
 ‚ēĎ‚Ėź‚ēĎ‚Ėą  ‚ĖĎ ‚ĖĎ                                                                   ‚Ėź‚Ėą‚Ėď‚ĖĎ‚Ėď‚ĖĆ
 ‚Ėą‚ēĎ‚ēĎ‚Ėą                                                                        ‚Ėź‚Ėą‚Ėď‚Ėí‚Ėď‚ĖĆ
 ‚ēĎ‚Ėź‚ēĎ‚Ėą                                                                         ‚ĖÄ‚Ėą‚Ėą‚ĖÄ 
 ‚Ėą‚ēĎ‚ēĎ‚Ėą                  Supplier : SSF TEAM                                         
 ‚ēĎ‚Ėź‚ēĎ‚Ėą                    Ripper : SSF TEAM                                         
 ‚Ėą‚ēĎ‚ēĎ‚Ėą                     Genre : Drama | History 
 ‚ēĎ‚Ėź‚ēĎ‚Ėą                      iMDB : http://www.imdb.com/title/tt1073624/
 ‚Ėą‚ēĎ‚ēĎ‚Ėą               iMDB Rating : 6.8/10   125 votes          
 ‚ēĎ‚Ėź‚ēĎ‚Ėą              DVD Rel Date : XX/XX/XXXX                                    
 ‚Ėą‚ēĎ‚ēĎ‚Ėą              Release Date : 02/18/2009                                      
 ‚ēĎ‚Ėź‚ēĎ‚Ėą              Theater Date : 05/23/2008                                    
 ‚Ėą‚ēĎ‚ēĎ‚Ėą                    Source : DVD                                              
 ‚ēĎ‚Ėź‚ēĎ‚Ėą              Aspect Ratio : 1.85 : 1                                         
 ‚Ėą‚ēĎ‚ēĎ‚Ėą              Video Format : XviD                                             
 ‚ēĎ‚Ėź‚ēĎ‚Ėą          Video Resolution : 576 X 304 (25 fps)                          
 ‚Ėą‚ēĎ‚ēĎ‚Ėą             Video Bitrate : 2 Pass @ 863 kb/s AVG                            
 ‚ēĎ‚Ėź‚ēĎ‚Ėą             Audio Bitrate : AC3 48KHz @ 384Kbp/s AVG                               
 ‚Ėą‚ēĎ‚ēĎ‚Ėą                   Runtime : 148 mins                                           
 ‚ēĎ‚Ėź‚ēĎ‚Ėą                      Size : CD1=15MB X 49  CD2=15MB X 49                               
 ‚Ėą‚ēĎ‚ēĎ‚Ėą                  Language : Italian | French                                              
 ‚ēĎ‚Ėź‚ēĎ‚Ėą                 Substitle : English / Italian
 ‚Ėą‚ēĎ‚ēĎ‚Ėą                                                          
 ‚ēĎ‚Ėź‚ēĎ‚Ėą                                                       
 ‚Ėą‚ēĎ‚ēĎ‚Ėą                        ‚ĖĄ‚Ėą‚ĖĄ                    ‚ĖĄ‚Ėą‚ĖĄ                            
 ‚ēĎ‚Ėź‚ēĎ‚Ėą                 ‚ĖĄ  ‚Ėź‚ĖĎ‚ĖĄ‚Ėď‚Ėą‚Ėí‚ĖĎ‚ĖÄ‚ĖÄ‚ĖÄ‚ĖÄ‚ĖÄ‚ĖÄ‚ĖÄ‚ĖÄ‚ĖÄ‚ĖÄ‚ĖÄ‚ĖÄ‚ĖÄ‚ĖÄ‚ĖÄ‚ĖÄ‚ĖÄ‚ĖÄ‚ĖÄ‚ĖÄ‚ĖĎ‚Ėí‚Ėą‚Ėď‚ĖĄ‚ĖĎ‚ĖĆ  ‚ĖĄ                     
 ‚Ėą‚ēĎ‚ēĎ‚Ėą                ‚Ėď‚Ėď‚Ėą‚Ėą‚Ė†‚Ė†‚Ėď‚Ėą‚ĖĆ‚ĖĎ     Plot Summary     ‚ĖĎ‚Ėź‚Ėą‚Ėď‚Ė†‚Ė†‚Ėą‚Ėą‚Ėď‚Ėď                    
 ‚ēĎ‚Ėź‚ēĎ‚Ėą                 ‚ĖÄ  ‚Ėź‚ĖĎ‚ĖÄ‚Ėď‚Ėą‚Ėí‚ĖĎ‚ĖĄ‚ĖĄ‚ĖĄ‚ĖĄ‚ĖĄ‚ĖĄ‚ĖĄ‚ĖĄ‚ĖĄ‚ĖĄ‚ĖĄ‚ĖĄ‚ĖĄ‚ĖĄ‚ĖĄ‚ĖĄ‚ĖĄ‚ĖĄ‚ĖĄ‚ĖĄ‚ĖĎ‚Ėí‚Ėą‚Ėď‚ĖÄ‚ĖĎ‚ĖĆ  ‚ĖÄ                     
 ‚Ėą‚ēĎ‚ēĎ‚Ėą                        ‚ĖÄ‚Ėą‚ĖÄ                    ‚ĖÄ‚Ėą‚ĖÄ                            
 ‚ēĎ‚Ėź‚ēĎ‚Ėą                                                                                      
 ‚Ėą‚ēĎ‚ēĎ‚Ėą                                                             
 ‚ēĎ‚Ėź‚ēĎ‚Ėą                                                
 ‚Ėą‚ēĎ‚ēĎ‚Ėą 
 ‚ēĎ‚Ėź‚ēĎ‚Ėą                                                              
 ‚Ėą‚ēĎ‚ēĎ‚Ėą                                                                            
 ‚ēĎ‚Ėź‚ēĎ‚Ėą                                                                                
 ‚Ėą‚ēĎ‚ēĎ‚Ėą                                                                            
 ‚ēĎ‚Ėź‚ēĎ‚Ėą                                                                                  
 ‚Ėą‚ēĎ‚ēĎ‚Ėą                                                                                      
 ‚ēĎ‚Ėź‚ēĎ‚Ėą                                                                                  
 ‚Ėą‚ēĎ‚ēĎ‚Ėą                                                                                 
 ‚ēĎ‚Ėź‚ēĎ‚Ėą                                                                                 
 ‚Ėą‚ēĎ‚ēĎ‚Ėą                                                                        
 ‚ēĎ‚Ėź‚ēĎ‚Ėą                                                                                  
 ‚Ėą‚ēĎ‚ēĎ‚Ėą                        ‚ĖĄ‚Ėą‚ĖĄ                    ‚ĖĄ‚Ėą‚ĖĄ                            
 ‚ēĎ‚Ėź‚ēĎ‚Ėą                 ‚ĖĄ  ‚Ėź‚ĖĎ‚ĖĄ‚Ėď‚Ėą‚Ėí‚ĖĎ‚ĖÄ‚ĖÄ‚ĖÄ‚ĖÄ‚ĖÄ‚ĖÄ‚ĖÄ‚ĖÄ‚ĖÄ‚ĖÄ‚ĖÄ‚ĖÄ‚ĖÄ‚ĖÄ‚ĖÄ‚ĖÄ‚ĖÄ‚ĖÄ‚ĖÄ‚ĖÄ‚ĖĎ‚Ėí‚Ėą‚Ėď‚ĖĄ‚ĖĎ‚ĖĆ  ‚ĖĄ                     
 ‚Ėą‚ēĎ‚ēĎ‚Ėą                ‚Ėď‚Ėď‚Ėą‚Ėą‚Ė†‚Ė†‚Ėď‚Ėą‚ĖĆ‚ĖĎ         Cast         ‚ĖĎ‚Ėź‚Ėą‚Ėď‚Ė†‚Ė†‚Ėą‚Ėą‚Ėď‚Ėď                    
 ‚ēĎ‚Ėź‚ēĎ‚Ėą                 ‚ĖÄ  ‚Ėź‚ĖĎ‚ĖÄ‚Ėď‚Ėą‚Ėí‚ĖĎ‚ĖĄ‚ĖĄ‚ĖĄ‚ĖĄ‚ĖĄ‚ĖĄ‚ĖĄ‚ĖĄ‚ĖĄ‚ĖĄ‚ĖĄ‚ĖĄ‚ĖĄ‚ĖĄ‚ĖĄ‚ĖĄ‚ĖĄ‚ĖĄ‚ĖĄ‚ĖĄ‚ĖĎ‚Ėí‚Ėą‚Ėď‚ĖÄ‚ĖĎ‚ĖĆ  ‚ĖÄ                     
 ‚Ėą‚ēĎ‚ēĎ‚Ėą                        ‚ĖÄ‚Ėą‚ĖÄ                    ‚ĖÄ‚Ėą‚ĖÄ                            
 ‚ēĎ‚Ėź‚ēĎ‚Ėą                                                                               
 ‚Ėą‚ēĎ‚ēĎ‚Ėą                                                                               
 ‚ēĎ‚Ėź‚ēĎ‚Ėą         Directed by.....: Marco Tullio Giordana
 ‚Ėą‚ēĎ‚ēĎ‚Ėą                                                     
 ‚ēĎ‚Ėź‚ēĎ‚Ėą         Writed by.......: Marco Tullio Giordana
 ‚Ėą‚ēĎ‚ēĎ‚Ėą                           Leone Colonna
 ‚ēĎ‚Ėź‚ēĎ‚Ėą                                                                               
 ‚Ėą‚ēĎ‚ēĎ‚Ėą         Cast overview...: Monica Bellucci ...  Luisa Ferida 
 ‚ēĎ‚Ėź‚ēĎ‚Ėą                           Alessio Boni ...  Golfiero Goffredi / Taylor 
 ‚Ėą‚ēĎ‚ēĎ‚Ėą                           Luca Zingaretti ...  Osvaldo Valenti 
 ‚ēĎ‚Ėź‚ēĎ‚Ėą                           Maurizio Donadoni ...  Vero Marozin 
 ‚Ėą‚ēĎ‚ēĎ‚Ėą                           Tresy Taddei ...  Irene 
 ‚ēĎ‚Ėź‚ēĎ‚Ėą                           Luigi Diberti ...  Cardi 
 ‚Ėą‚ēĎ‚ēĎ‚Ėą                           Massimo Sarchielli ...  Guercio 
 ‚ēĎ‚Ėź‚ēĎ‚Ėą                           Mattia Sbragia ...  Alfiero Corazza 
 ‚Ėą‚ēĎ‚ēĎ‚Ėą                           Alessandro Di Natale ...  Dalmazio 
 ‚ēĎ‚Ėź‚ēĎ‚Ėą                           Giovanni Visentin ...  Sturla                  
 ‚Ėą‚ēĎ‚ēĎ‚Ėą                                                                         
 ‚ēĎ‚Ėź‚ēĎ‚Ėą                                                                              
 ‚Ėą‚ēĎ‚ēĎ‚Ėą                         ‚ĖĄ‚Ėą‚ĖĄ                    ‚ĖĄ‚Ėą‚ĖĄ                           
 ‚ēĎ‚Ėź‚ēĎ‚Ėą                  ‚ĖĄ  ‚Ėź‚ĖĎ‚ĖĄ‚Ėď‚Ėą‚Ėí‚ĖĎ‚ĖÄ‚ĖÄ‚ĖÄ‚ĖÄ‚ĖÄ‚ĖÄ‚ĖÄ‚ĖÄ‚ĖÄ‚ĖÄ‚ĖÄ‚ĖÄ‚ĖÄ‚ĖÄ‚ĖÄ‚ĖÄ‚ĖÄ‚ĖÄ‚ĖÄ‚ĖÄ‚ĖĎ‚Ėí‚Ėą‚Ėď‚ĖĄ‚ĖĎ‚ĖĆ  ‚ĖĄ                    
 ‚Ėą‚ēĎ‚ēĎ‚Ėą                 ‚Ėď‚Ėď‚Ėą‚Ėą‚Ė†‚Ė†‚Ėď‚Ėą‚ĖĆ‚ĖĎ    Release's notes   ‚ĖĎ‚Ėź‚Ėą‚Ėď‚Ė†‚Ė†‚Ėą‚Ėą‚Ėď‚Ėď                   
 ‚ēĎ‚Ėź‚ēĎ‚Ėą                  ‚ĖÄ  ‚Ėź‚ĖĎ‚ĖÄ‚Ėď‚Ėą‚Ėí‚ĖĎ‚ĖĄ‚ĖĄ‚ĖĄ‚ĖĄ‚ĖĄ‚ĖĄ‚ĖĄ‚ĖĄ‚ĖĄ‚ĖĄ‚ĖĄ‚ĖĄ‚ĖĄ‚ĖĄ‚ĖĄ‚ĖĄ‚ĖĄ‚ĖĄ‚ĖĄ‚ĖĄ‚ĖĎ‚Ėí‚Ėą‚Ėď‚ĖÄ‚ĖĎ‚ĖĆ  ‚ĖÄ                    
 ‚Ėą‚ēĎ‚ēĎ‚Ėą                         ‚ĖÄ‚Ėą‚ĖÄ                    ‚ĖÄ‚Ėą‚ĖÄ                           
 ‚ēĎ‚Ėź‚ēĎ‚Ėą                                                                              
 ‚Ėą‚ēĎ‚ēĎ‚Ėą                                                                         
 ‚ēĎ‚Ėź‚ēĎ‚Ėą                                                                      
 ‚Ėą‚ēĎ‚ēĎ‚Ėą                                                                              
 ‚ēĎ‚Ėź‚ēĎ‚Ėą                                                                            
 ‚Ėą‚ēĎ‚ēĎ‚Ėą                                                                              
 ‚ēĎ‚Ėź‚ēĎ‚Ėą  ‚ĖĎ                                                                      ‚ĖĄ‚Ėą‚Ėą‚ĖĄ 
 ‚Ėą‚ēĎ‚ēĎ‚Ėą                                                                        ‚Ėź‚Ėą‚Ėď‚Ėí‚Ėď‚ĖĆ
 ‚ēĎ‚Ėź‚ēĎ‚Ėą  ‚ĖĎ ‚ĖĎ                                                                   ‚Ėź‚Ėą‚Ėď‚ĖĎ‚Ėď‚ĖĆ
 ‚Ėą‚ēĎ‚ēĎ‚Ėą   ‚ĖĎ ‚ĖĎ ‚ĖĎ                                                                 ‚ĖÄ‚Ėą‚Ėą‚ĖÄ 
 ‚ēĎ‚Ėź‚ēĎ‚Ėą  ‚ĖĎ ‚ĖĎ ‚ĖĎ ‚ĖĎ ‚ĖĎ                                                              ‚Ėą‚Ėą‚Ėą‚Ėą 
 ‚Ėą‚ēĎ‚ēĎ‚Ėą                                                                         ‚Ėą‚ēĎ‚Ėź‚Ēā 
 ‚ēĎ‚Ėź‚ēĎ‚Ėą‚ĖÄ‚Ėą‚Ėą‚ĖĄ                                                                  ‚ĖĄ‚ĖĄ ‚Ėą‚ēĎ‚Ēā‚Ėą 
 ‚Ėą‚ēĎ‚ēĎ‚Ėą  ‚ĖÄ‚Ėą‚Ėą‚ĖĄ‚ĖĄ       ‚ĖĄ‚ĖĄ‚ĖĄ‚ĖĄ ‚ĖÄ‚Ė†‚ĖĄ‚ĖĎ‚ĖĄ‚ĖÄ ‚ĖĄ‚Ėď‚Ėď‚Ėą‚ĖĄ‚ĖĄ‚ĖĎ‚Ė†‚ĖĄ‚ĖĄ‚Ėą‚Ėą‚Ėą‚ĖĄ‚ĖĄ‚Ė†‚ĖĎ‚ĖĄ‚ĖĄ‚Ėą‚Ėď‚Ėď‚ĖĄ ‚ĖÄ‚ĖĄ‚ĖĎ‚ĖĄ‚Ė†‚ĖÄ ‚ĖĄ‚ĖĄ‚ĖĄ‚ĖĄ    ‚ĖĄ‚ĖĄ‚Ėą‚Ėą‚Ėą‚Ėą  ‚Ėą‚ēĎ‚Ėź‚Ēā 
 ‚ēĎ‚Ėź‚ēĎ‚Ėą    ‚ĖĄ‚ĖĄ ‚ĖÄ‚ĖÄ‚Ė† ‚ĖĄ‚ĖÄ‚ĖÄ ‚ĖĎ‚ĖÄ‚ĖÄ‚Ėď‚Ėď‚ĖĄ ‚ĖÄ‚ĖĄ‚ĖĄ‚Ėą‚Ėď‚ĖÄ ‚ĖÄ‚ĖÄ‚Ėď‚Ėą‚ĖĄ‚ĖĄ‚ĖĎ‚ĖĄ ‚ĖĄ‚ĖĎ‚ĖĄ‚ĖĄ‚Ėą‚Ėď‚ĖÄ‚ĖÄ ‚ĖÄ‚Ėď‚Ėą‚ĖĄ‚ĖĄ‚ĖÄ ‚ĖĄ‚Ėď‚Ėď‚ĖÄ‚ĖÄ‚ĖĎ ‚ĖÄ‚ĖÄ‚ĖĄ ‚ĖÄ ‚ĖĄ‚ĖĄ    ‚Ėą‚ēĎ‚Ēā‚Ėą 
 ‚Ėą‚ēĎ‚ēĎ‚Ėą ‚ĖĄ‚Ėą‚Ėą‚Ėď‚Ėď‚ĖÄ             ‚ĖÄ‚ĖÄ‚ĖÄ‚ĖÄ‚ĖÄ        ‚ĖÄ‚ĖÄ‚ĖÄ   ‚ĖÄ‚ĖÄ‚ĖÄ        ‚ĖÄ‚ĖÄ‚ĖÄ‚ĖÄ‚ĖÄ           ‚ĖÄ‚Ėď‚Ėď‚Ėą‚Ėą‚ĖĄ ‚Ėą‚ēĎ‚Ėź‚Ēā 
 ‚ēĎ‚Ėź‚ēĎ‚Ėą‚ĖĄ‚Ėą                                                                     ‚Ėą‚ĖĄ‚Ėą‚ēĎ‚Ēā‚Ėą 
 ‚Ėą‚ēĎ‚ēĎ‚Ėą             ‚ĖĄ‚Ėí‚Ė†  ‚ĖĄ‚Ėą‚ĖĄ                              ‚ĖĄ‚Ėą‚ĖĄ  ‚Ė†‚Ėí‚ĖĄ              ‚Ėą‚ēĎ‚Ėź‚Ēā 
 ‚ēĎ‚Ėź‚ēĎ‚Ėą     ‚ĖĄ  ‚Ėź‚ĖĎ‚ĖĄ‚Ėď‚Ė†‚Ėí‚Ėą‚Ėď‚ĖĄ‚Ėź‚Ėą‚Ėí‚ĖĎ‚ĖÄ‚ĖÄ‚ĖÄ‚ĖÄ‚ĖÄ‚ĖÄ‚ĖÄ‚ĖÄ‚ĖÄ‚ĖÄ‚ĖÄ‚ĖÄ‚ĖÄ‚ĖÄ‚ĖÄ‚ĖÄ‚ĖÄ‚ĖÄ‚ĖÄ‚ĖÄ‚ĖÄ‚ĖÄ‚ĖÄ‚ĖÄ‚ĖÄ‚ĖÄ‚ĖÄ‚ĖÄ‚ĖÄ‚ĖÄ‚ĖĎ‚Ėí‚Ėą‚ĖĆ‚ĖĄ‚Ėď‚Ėą‚Ėí‚Ė†‚Ėď‚ĖĄ‚ĖĎ‚ĖĆ  ‚ĖĄ      ‚Ėą‚ēĎ‚Ēā‚Ėą 
 ‚Ėą‚ēĎ‚ēĎ‚Ėą    ‚Ėď‚Ėď‚Ėą‚Ėą‚Ė†‚Ė†‚Ėď‚Ėą‚Ėď‚Ėą‚Ėď‚Ėą‚Ėď‚Ėą‚ĖĆ‚ĖĎ        Group Information       ‚ĖĎ‚Ėź‚Ėą‚Ėď‚Ėą‚Ėď‚Ėą‚Ėď‚Ėą‚Ėď‚Ė†‚Ė†‚Ėą‚Ėą‚Ėď‚Ėď     ‚Ėą‚ēĎ‚Ėź‚Ēā 
 ‚ēĎ‚Ėź‚ēĎ‚Ėą     ‚ĖÄ  ‚Ėź‚ĖĎ‚ĖÄ‚Ėď‚Ė†‚Ėď‚Ėą‚Ėí‚ĖÄ‚Ėź‚Ėą‚Ėí‚ĖĎ‚ĖĄ‚ĖĄ‚ĖĄ‚ĖĄ‚ĖĄ‚ĖĄ‚ĖĄ‚ĖĄ‚ĖĄ‚ĖĄ‚ĖĄ‚ĖĄ‚ĖĄ‚ĖĄ‚ĖĄ‚ĖĄ‚ĖĄ‚ĖĄ‚ĖĄ‚ĖĄ‚ĖĄ‚ĖĄ‚ĖĄ‚ĖĄ‚ĖĄ‚ĖĄ‚ĖĄ‚ĖĄ‚ĖĄ‚ĖĄ‚ĖĎ‚Ėí‚Ėą‚ĖĆ‚ĖÄ‚Ėí‚Ėą‚Ėď‚Ė†‚Ėď‚ĖÄ‚ĖĎ‚ĖĆ  ‚ĖÄ      ‚Ėą‚ēĎ‚Ēā‚Ėą 
 ‚Ėą‚ēĎ‚ēĎ‚Ėą             ‚ĖÄ‚Ėí‚Ė†  ‚ĖÄ‚Ėą‚ĖÄ                              ‚ĖÄ‚Ėą‚ĖÄ  ‚Ė†‚Ėí‚ĖÄ              ‚Ėą‚ēĎ‚Ėź‚Ēā 
 ‚ēĎ‚Ėź‚ēĎ‚Ėą‚ĖÄ‚Ėą‚Ėą‚ĖĄ                                                                  ‚ĖĄ‚ĖĄ ‚Ėą‚ēĎ‚Ēā‚Ėą 
 ‚Ėą‚ēĎ‚ēĎ‚Ėą  ‚ĖÄ‚Ėą‚Ėą‚ĖĄ‚ĖĄ       ‚ĖĄ‚ĖĄ‚ĖĄ‚ĖĄ ‚ĖÄ‚Ė†‚ĖĄ‚ĖĎ‚ĖĄ‚ĖÄ                         ‚ĖÄ‚ĖĄ‚ĖĎ‚ĖĄ‚Ė†‚ĖÄ ‚ĖĄ‚ĖĄ‚ĖĄ‚ĖĄ    ‚ĖĄ‚ĖĄ‚Ėą‚Ėą‚Ėą‚Ėą  ‚Ėą‚ēĎ‚Ėź‚Ēā 
 ‚ēĎ‚Ėź‚ēĎ‚Ėą    ‚ĖĄ‚ĖĄ ‚ĖÄ‚ĖÄ‚Ė† ‚ĖĄ‚ĖÄ‚ĖÄ ‚ĖĎ‚ĖÄ‚ĖÄ‚Ėď‚Ėď‚ĖĄ ‚ĖÄ‚ĖĄ‚ĖĄ‚Ėą‚Ėď‚ĖÄ                   ‚ĖÄ‚Ėď‚Ėą‚ĖĄ‚ĖĄ‚ĖÄ ‚ĖĄ‚Ėď‚Ėď‚ĖÄ‚ĖÄ‚ĖĎ ‚ĖÄ‚ĖÄ‚ĖĄ ‚ĖÄ ‚ĖĄ‚ĖĄ    ‚Ėą‚ēĎ‚Ēā‚Ėą 
 ‚Ėą‚ēĎ‚ēĎ‚Ėą ‚ĖĄ‚Ėą‚Ėą‚Ėď‚Ėď‚ĖÄ             ‚ĖÄ‚ĖÄ‚ĖÄ‚ĖÄ‚ĖÄ                         ‚ĖÄ‚ĖÄ‚ĖÄ‚ĖÄ‚ĖÄ           ‚ĖÄ‚Ėď‚Ėď‚Ėą‚Ėą‚ĖĄ ‚Ėą‚ēĎ‚Ėź‚Ēā 
 ‚ēĎ‚Ėź‚ēĎ‚Ėą‚ĖĄ‚Ėą                                                                     ‚Ėą‚ĖĄ‚Ėą‚ēĎ‚Ēā‚Ėą 
 ‚Ėą‚ēĎ‚ēĎ‚Ėą                                                                         ‚Ėą‚ēĎ‚Ėź‚Ēā 
 ‚ēĎ‚Ėź‚ēĎ‚Ėą  ‚ĖĎ ‚ĖĎ ‚ĖĎ ‚ĖĎ ‚ĖĎ                                                              ‚Ėą‚Ėą‚Ėą‚Ėą 
 ‚Ėą‚ēĎ‚ēĎ‚Ėą   ‚ĖĎ ‚ĖĎ ‚ĖĎ                                                                 ‚ĖĄ‚Ėą‚Ėą‚ĖĄ 
 ‚ēĎ‚Ėź‚ēĎ‚Ėą  ‚ĖĎ ‚ĖĎ                                                                   ‚Ėź‚Ėą‚Ėď‚ĖĎ‚Ėď‚ĖĆ
 ‚Ėą‚ēĎ‚ēĎ‚Ėą                                                                        ‚Ėź‚Ėą‚Ėď‚Ėí‚Ėď‚ĖĆ
 ‚ēĎ‚Ėź‚ēĎ‚Ėą                                                                         ‚ĖÄ‚Ėą‚Ėą‚ĖÄ                                                                                                                                                                                                                                                                                                                    
 ‚Ėą‚ēĎ‚ēĎ‚Ėą                                                                              
 ‚ēĎ‚Ėź‚ēĎ‚Ėą         We are currently looking for -->                                     
 ‚Ėą‚ēĎ‚ēĎ‚Ėą                                                                              
 ‚ēĎ‚Ėź‚ēĎ‚Ėą                                                                              
 ‚Ėą‚ēĎ‚ēĎ‚Ėą                   -100 Mbit+     Sites Affil                                 
 ‚ēĎ‚Ėź‚ēĎ‚Ėą                                                                              
 ‚Ėą‚ēĎ‚ēĎ‚Ėą                   -Pre DVD and GOOD Classics Suppliers                       
 ‚ēĎ‚Ėź‚ēĎ‚Ėą                                                                              
 ‚Ėą‚ēĎ‚ēĎ‚Ėą                   -Experienced DIVX Rippers                                  
 ‚ēĎ‚Ėź‚ēĎ‚Ėą                                                                              
 ‚Ėą‚ēĎ‚ēĎ‚Ėą                                CONTACT: ssf@hush.com                         
 ‚ēĎ‚Ėź‚ēĎ‚Ėą                                                                                                                                                                                                                                                                                                                                                                                                                                                                                                                                                                                         
 ‚Ėą‚ēĎ‚ēĎ‚Ėą                                                                              
 ‚ēĎ‚Ėź‚ēĎ‚Ėą  ‚ĖĎ                                                                      ‚ĖĄ‚Ėą‚Ėą‚ĖĄ 
 ‚Ėą‚ēĎ‚ēĎ‚Ėą                                                                        ‚Ėź‚Ėą‚Ėď‚Ėí‚Ėď‚ĖĆ
 ‚ēĎ‚Ėź‚ēĎ‚Ėą  ‚ĖĎ ‚ĖĎ                                                                   ‚Ėź‚Ėą‚Ėď‚ĖĎ‚Ėď‚ĖĆ
 ‚Ėą‚ēĎ‚ēĎ‚Ėą   ‚ĖĎ ‚ĖĎ ‚ĖĎ                                                                 ‚ĖÄ‚Ėą‚Ėą‚ĖÄ 
 ‚ēĎ‚Ėź‚ēĎ‚Ėą  ‚ĖĎ ‚ĖĎ ‚ĖĎ ‚ĖĎ ‚ĖĎ                                                              ‚Ėą‚Ėą‚Ėą‚Ėą 
 ‚Ėą‚ēĎ‚ēĎ‚Ėą                                                                         ‚Ėą‚ēĎ‚Ėź‚Ēā 
 ‚ēĎ‚Ėź‚ēĎ‚Ėą‚ĖÄ‚Ėą‚Ėą‚ĖĄ                                                                  ‚ĖĄ‚ĖĄ ‚Ėą‚ēĎ‚Ēā‚Ėą 
 ‚Ėą‚ēĎ‚ēĎ‚Ėą  ‚ĖÄ‚Ėą‚Ėą‚ĖĄ‚ĖĄ       ‚ĖĄ‚ĖĄ‚ĖĄ‚ĖĄ ‚ĖÄ‚Ė†‚ĖĄ‚ĖĎ‚ĖĄ‚ĖÄ ‚ĖĄ‚Ėď‚Ėď‚Ėą‚ĖĄ‚ĖĄ‚ĖĎ‚Ė†‚ĖĄ‚ĖĄ‚Ėą‚Ėą‚Ėą‚ĖĄ‚ĖĄ‚Ė†‚ĖĎ‚ĖĄ‚ĖĄ‚Ėą‚Ėď‚Ėď‚ĖĄ ‚ĖÄ‚ĖĄ‚ĖĎ‚ĖĄ‚Ė†‚ĖÄ ‚ĖĄ‚ĖĄ‚ĖĄ‚ĖĄ    ‚ĖĄ‚ĖĄ‚Ėą‚Ėą‚Ėą‚Ėą  ‚Ėą‚ēĎ‚Ėź‚Ēā 
 ‚ēĎ‚Ėź‚ēĎ‚Ėą    ‚ĖĄ‚ĖĄ ‚ĖÄ‚ĖÄ‚Ė† ‚ĖĄ‚ĖÄ‚ĖÄ ‚ĖĎ‚ĖÄ‚ĖÄ‚Ėď‚Ėď‚ĖĄ ‚ĖÄ‚ĖĄ‚ĖĄ‚Ėą‚Ėď‚ĖÄ ‚ĖÄ‚ĖÄ‚Ėď‚Ėą‚ĖĄ‚ĖĄ‚ĖĎ‚ĖĄ ‚ĖĄ‚ĖĎ‚ĖĄ‚ĖĄ‚Ėą‚Ėď‚ĖÄ‚ĖÄ ‚ĖÄ‚Ėď‚Ėą‚ĖĄ‚ĖĄ‚ĖÄ ‚ĖĄ‚Ėď‚Ėď‚ĖÄ‚ĖÄ‚ĖĎ ‚ĖÄ‚ĖÄ‚ĖĄ ‚ĖÄ ‚ĖĄ‚ĖĄ    ‚Ėą‚ēĎ‚Ēā‚Ėą 
 ‚Ėą‚ēĎ‚ēĎ‚Ėą ‚ĖĄ‚Ėą‚Ėą‚Ėď‚Ėď‚ĖÄ             ‚ĖÄ‚ĖÄ‚ĖÄ‚ĖÄ‚ĖÄ        ‚ĖÄ‚ĖÄ‚ĖÄ   ‚ĖÄ‚ĖÄ‚ĖÄ        ‚ĖÄ‚ĖÄ‚ĖÄ‚ĖÄ‚ĖÄ           ‚ĖÄ‚Ėď‚Ėď‚Ėą‚Ėą‚ĖĄ ‚Ėą‚ēĎ‚Ėź‚Ēā 
 ‚ēĎ‚Ėź‚ēĎ‚Ėą‚ĖĄ‚Ėą                                                                     ‚Ėą‚ĖĄ‚Ėą‚ēĎ‚Ēā‚Ėą 
 ‚Ėą‚ēĎ‚ēĎ‚Ėą             ‚ĖĄ‚Ėí‚Ė†  ‚ĖĄ‚Ėą‚ĖĄ                              ‚ĖĄ‚Ėą‚ĖĄ  ‚Ė†‚Ėí‚ĖĄ              ‚Ėą‚ēĎ‚Ėź‚Ēā 
 ‚ēĎ‚Ėź‚ēĎ‚Ėą     ‚ĖĄ  ‚Ėź‚ĖĎ‚ĖĄ‚Ėď‚Ė†‚Ėí‚Ėą‚Ėď‚ĖĄ‚Ėź‚Ėą‚Ėí‚ĖĎ‚ĖÄ‚ĖÄ‚ĖÄ‚ĖÄ‚ĖÄ‚ĖÄ‚ĖÄ‚ĖÄ‚ĖÄ‚ĖÄ‚ĖÄ‚ĖÄ‚ĖÄ‚ĖÄ‚ĖÄ‚ĖÄ‚ĖÄ‚ĖÄ‚ĖÄ‚ĖÄ‚ĖÄ‚ĖÄ‚ĖÄ‚ĖÄ‚ĖÄ‚ĖÄ‚ĖÄ‚ĖÄ‚ĖÄ‚ĖÄ‚ĖĎ‚Ėí‚Ėą‚ĖĆ‚ĖĄ‚Ėď‚Ėą‚Ėí‚Ė†‚Ėď‚ĖĄ‚ĖĎ‚ĖĆ  ‚ĖĄ      ‚Ėą‚ēĎ‚Ēā‚Ėą 
 ‚Ėą‚ēĎ‚ēĎ‚Ėą    ‚Ėď‚Ėď‚Ėą‚Ėą‚Ė†‚Ė†‚Ėď‚Ėą‚Ėď‚Ėą‚Ėď‚Ėą‚Ėď‚Ėą‚ĖĆ‚ĖĎ  G R O U P  G R E E T I N G S  ‚ĖĎ‚Ėź‚Ėą‚Ėď‚Ėą‚Ėď‚Ėą‚Ėď‚Ėą‚Ėď‚Ė†‚Ė†‚Ėą‚Ėą‚Ėď‚Ėď     ‚Ėą‚ēĎ‚Ėź‚Ēā 
 ‚ēĎ‚Ėź‚ēĎ‚Ėą     ‚ĖÄ  ‚Ėź‚ĖĎ‚ĖÄ‚Ėď‚Ė†‚Ėď‚Ėą‚Ėí‚ĖÄ‚Ėź‚Ėą‚Ėí‚ĖĎ‚ĖĄ‚ĖĄ‚ĖĄ‚ĖĄ‚ĖĄ‚ĖĄ‚ĖĄ‚ĖĄ‚ĖĄ‚ĖĄ‚ĖĄ‚ĖĄ‚ĖĄ‚ĖĄ‚ĖĄ‚ĖĄ‚ĖĄ‚ĖĄ‚ĖĄ‚ĖĄ‚ĖĄ‚ĖĄ‚ĖĄ‚ĖĄ‚ĖĄ‚ĖĄ‚ĖĄ‚ĖĄ‚ĖĄ‚ĖĄ‚ĖĎ‚Ėí‚Ėą‚ĖĆ‚ĖÄ‚Ėí‚Ėą‚Ėď‚Ė†‚Ėď‚ĖÄ‚ĖĎ‚ĖĆ  ‚ĖÄ      ‚Ėą‚ēĎ‚Ēā‚Ėą 
 ‚Ėą‚ēĎ‚ēĎ‚Ėą             ‚ĖÄ‚Ėí‚Ė†  ‚ĖÄ‚Ėą‚ĖÄ                              ‚ĖÄ‚Ėą‚ĖÄ  ‚Ė†‚Ėí‚ĖÄ              ‚Ėą‚ēĎ‚Ėź‚Ēā 
 ‚ēĎ‚Ėź‚ēĎ‚Ėą‚ĖÄ‚Ėą‚Ėą‚ĖĄ                                                                  ‚ĖĄ‚ĖĄ ‚Ėą‚ēĎ‚Ēā‚Ėą 
 ‚Ėą‚ēĎ‚ēĎ‚Ėą  ‚ĖÄ‚Ėą‚Ėą‚ĖĄ‚ĖĄ       ‚ĖĄ‚ĖĄ‚ĖĄ‚ĖĄ ‚ĖÄ‚Ė†‚ĖĄ‚ĖĎ‚ĖĄ‚ĖÄ                         ‚ĖÄ‚ĖĄ‚ĖĎ‚ĖĄ‚Ė†‚ĖÄ ‚ĖĄ‚ĖĄ‚ĖĄ‚ĖĄ    ‚ĖĄ‚ĖĄ‚Ėą‚Ėą‚Ėą‚Ėą  ‚Ėą‚ēĎ‚Ėź‚Ēā 
 ‚ēĎ‚Ėź‚ēĎ‚Ėą    ‚ĖĄ‚ĖĄ ‚ĖÄ‚ĖÄ‚Ė† ‚ĖĄ‚ĖÄ‚ĖÄ ‚ĖĎ‚ĖÄ‚ĖÄ‚Ėď‚Ėď‚ĖĄ ‚ĖÄ‚ĖĄ‚ĖĄ‚Ėą‚Ėď‚ĖÄ                   ‚ĖÄ‚Ėď‚Ėą‚ĖĄ‚ĖĄ‚ĖÄ ‚ĖĄ‚Ėď‚Ėď‚ĖÄ‚ĖÄ‚ĖĎ ‚ĖÄ‚ĖÄ‚ĖĄ ‚ĖÄ ‚ĖĄ‚ĖĄ    ‚Ėą‚ēĎ‚Ēā‚Ėą 
 ‚Ėą‚ēĎ‚ēĎ‚Ėą ‚ĖĄ‚Ėą‚Ėą‚Ėď‚Ėď‚ĖÄ             ‚ĖÄ‚ĖÄ‚ĖÄ‚ĖÄ‚ĖÄ                         ‚ĖÄ‚ĖÄ‚ĖÄ‚ĖÄ‚ĖÄ           ‚ĖÄ‚Ėď‚Ėď‚Ėą‚Ėą‚ĖĄ ‚Ėą‚ēĎ‚Ėź‚Ēā 
 ‚ēĎ‚Ėź‚ēĎ‚Ėą‚ĖĄ‚Ėą                                                                     ‚Ėą‚ĖĄ‚Ėą‚ēĎ‚Ēā‚Ėą 
 ‚Ėą‚ēĎ‚ēĎ‚Ėą                                                                         ‚Ėą‚ēĎ‚Ėź‚Ēā 
 ‚ēĎ‚Ėź‚ēĎ‚Ėą  ‚ĖĎ ‚ĖĎ ‚ĖĎ ‚ĖĎ ‚ĖĎ                                                   ‚ĖĎ ‚ĖĎ ‚ĖĎ ‚ĖĎ ‚ĖĎ  ‚Ėą‚ēĎ‚Ēā‚Ėą 
 ‚Ėą‚ēĎ‚ēĎ‚Ėą   ‚ĖĎ ‚ĖĎ ‚ĖĎ                                                         ‚ĖĎ ‚ĖĎ ‚ĖĎ   ‚Ėą‚ēĎ‚Ėź‚Ēā 
 ‚ēĎ‚Ėź‚ēĎ‚Ėą  ‚ĖĎ ‚ĖĎ                                                               ‚ĖĎ ‚ĖĎ  ‚Ėą‚ēĎ‚Ēā‚Ėą 
 ‚Ėą‚ēĎ‚ēĎ‚Ėą                                                                         ‚Ėą‚ēĎ‚Ėź‚Ēā 
 ‚ēĎ‚Ėź‚ēĎ‚Ėą  ‚ĖĎ                                                                   ‚ĖĎ  ‚Ėą‚ēĎ‚Ēā‚Ėą 
 ‚Ėą‚ēĎ‚ēĎ‚Ėą                   Special greets:                                       ‚Ėą‚ēĎ‚Ėź‚Ēā 
 ‚ēĎ‚Ėź‚ēĎ‚Ėą                                                                         ‚Ėą‚ēĎ‚Ēā‚Ėą 
 ‚Ėą‚ēĎ‚ēĎ‚Ėą                            CarVeR   AsiSter                             ‚Ėą‚ēĎ‚Ėź‚Ēā 
 ‚Ėą‚Ėą‚Ėą‚Ėą                                                                         ‚Ėą‚Ėą‚Ėą‚Ėą 
 ‚ĖĄ‚Ėą‚Ėą‚ĖĄ                                                                         ‚ĖĄ‚Ėą‚Ėą‚ĖĄ 
‚Ėź‚Ėą‚Ėď‚ĖĎ‚Ėď‚ĖĆ                                                                       ‚Ėź‚Ėą‚Ėď‚ĖĎ‚Ėď‚ĖĆ
‚Ėź‚Ėą‚Ėď‚Ėí‚Ėď‚ĖĆ                                                                       ‚Ėź‚Ėą‚Ėď‚Ėí‚Ėď‚ĖĆ
 ‚ĖÄ‚Ėą‚Ėą‚ĖÄ                                                                         ‚ĖÄ‚Ėą‚Ėą‚ĖÄ 
     ‚ĖÄ‚Ėą‚Ėą‚ĖĄ                                                                   ‚ĖĄ‚ĖĄ‚Ėą‚Ėą   
       ‚ĖÄ‚Ėą‚Ėą‚ĖĄ‚ĖĄ       ‚ĖĄ‚ĖĄ‚ĖĄ‚ĖĄ ‚ĖÄ‚Ė†                                 ‚Ė†‚ĖÄ ‚ĖĄ‚ĖĄ‚ĖĄ‚ĖĄ       ‚ĖĄ‚ĖĄ‚Ėą‚Ėą‚ĖÄ     
         ‚ĖĄ‚ĖĄ ‚ĖÄ‚ĖÄ‚Ė† ‚ĖĄ‚ĖÄ‚ĖÄ ‚ĖĎ‚ĖÄ‚ĖÄ‚Ėď‚Ėď‚ĖĄ ‚ĖÄ‚ĖĄ‚ĖĄ‚Ėą  -Layout by ball163- ‚Ėą‚ĖĄ‚ĖĄ‚ĖÄ ‚ĖĄ‚Ėď‚Ėď‚ĖÄ‚ĖÄ‚ĖĎ ‚ĖÄ‚ĖÄ‚ĖĄ ‚Ė†‚ĖÄ‚ĖÄ ‚ĖĄ‚ĖĄ        
      ‚ĖĄ‚Ėą‚Ėą‚Ėď‚Ėď‚ĖÄ             ‚ĖÄ‚ĖÄ‚ĖÄ‚ĖÄ‚ĖÄ                        ‚ĖÄ‚ĖÄ‚ĖÄ‚ĖÄ‚ĖÄ             ‚ĖÄ‚Ėď‚Ėď‚Ėą‚Ėą‚ĖĄ     
                   ‚ĖĄ‚Ėí‚Ė†  ‚ĖĄ‚Ėą‚ĖĄ                              ‚ĖĄ‚Ėą‚ĖĄ  ‚Ė†‚Ėí‚ĖĄ                  
           ‚ĖĄ  ‚Ėź‚ĖĎ‚ĖĄ‚Ėď‚Ė†‚Ėí‚Ėą‚Ėď‚ĖĄ‚Ėź‚Ėą‚Ėí‚ĖĎ‚ĖÄ‚ĖÄ‚ĖÄ‚ĖÄ‚ĖÄ‚ĖÄ‚ĖÄ‚ĖÄ‚ĖÄ‚ĖÄ‚ĖÄ‚ĖÄ‚ĖÄ‚ĖÄ‚ĖÄ‚ĖÄ‚ĖÄ‚ĖÄ‚ĖÄ‚ĖÄ‚ĖÄ‚ĖÄ‚ĖÄ‚ĖÄ‚ĖÄ‚ĖÄ‚ĖÄ‚ĖÄ‚ĖÄ‚ĖÄ‚ĖĎ‚Ėí‚Ėą‚ĖĆ‚ĖĄ‚Ėď‚Ėą‚Ėí‚Ė†‚Ėď‚ĖĄ‚ĖĎ‚ĖĆ  ‚ĖĄ          
          ‚Ėď‚Ėď‚Ėą‚Ėą‚Ė†‚Ė†‚Ėď‚Ėą‚Ėď‚Ėą‚Ėď‚Ėą‚Ėď‚Ėą‚ĖĆ‚ĖĎ    Silent & Sleeping Forest    ‚ĖĎ‚Ėź‚Ėą‚Ėď‚Ėą‚Ėď‚Ėą‚Ėď‚Ėą‚Ėď‚Ė†‚Ė†‚Ėą‚Ėą‚Ėď‚Ėď         
           ‚ĖÄ  ‚Ėź‚ĖĎ‚ĖÄ‚Ėď‚Ė†‚Ėď‚Ėą‚Ėí‚ĖÄ‚Ėź‚Ėą‚Ėí‚ĖĎ‚ĖĄ‚ĖĄ‚ĖĄ‚ĖĄ‚ĖĄ‚ĖĄ‚ĖĄ‚ĖĄ‚ĖĄ‚ĖĄ‚ĖĄ‚ĖĄ‚ĖĄ‚ĖĄ‚ĖĄ‚ĖĄ‚ĖĄ‚ĖĄ‚ĖĄ‚ĖĄ‚ĖĄ‚ĖĄ‚ĖĄ‚ĖĄ‚ĖĄ‚ĖĄ‚ĖĄ‚ĖĄ‚ĖĄ‚ĖĄ‚ĖĎ‚Ėí‚Ėą‚ĖĆ‚ĖÄ‚Ėí‚Ėą‚Ėď‚Ė†‚Ėď‚ĖÄ‚ĖĎ‚ĖĆ  ‚ĖÄ          
                   ‚ĖÄ‚Ėí‚Ė†  ‚ĖÄ‚Ėą‚ĖÄ                              ‚ĖÄ‚Ėą‚ĖÄ  ‚Ė†‚Ėí‚ĖÄ                  
                        ‚ĖÄ‚Ė†‚ĖĄ‚ĖĎ‚ĖĄ‚ĖÄ ‚ĖĄ‚Ėď‚Ėď‚Ėą‚ĖĄ‚ĖĄ‚ĖĎ‚Ė†‚ĖĄ‚ĖĄ‚Ėą‚Ėą‚Ėą‚ĖĄ‚ĖĄ‚Ė†‚ĖĎ‚ĖĄ‚ĖĄ‚Ėą‚Ėď‚Ėď‚ĖĄ ‚ĖÄ‚ĖĄ‚ĖĎ‚ĖĄ‚Ė†‚ĖÄ                      
                           ‚ĖÄ‚ĖĄ‚ĖĄ‚Ėą‚Ėď‚ĖÄ ‚ĖÄ‚ĖÄ‚Ėď‚Ėą‚ĖĄ‚ĖĄ‚ĖĎ‚ĖĄ ‚ĖĄ‚ĖĎ‚ĖĄ‚ĖĄ‚Ėą‚Ėď‚ĖÄ‚ĖÄ ‚ĖÄ‚Ėď‚Ėą‚ĖĄ‚ĖĄ‚ĖÄ
