
     |-------|               |---------------|      |-------|
     |       |               |               |      |       |
     |       |               |               |      |       |
     |       |               |               |      |       |
     |       |               |               |      |       |
     |       |               |     |---|     |      |       |
     |       |               |     |   |     |      |       |
     |       |________       |     |   |     |      |       |________
     |                |      |     |---|     |      |                |
     |                |      |               |      |                |
     |                |      |               |      |                |
     |                |      |               |      |                |
     |________________|      |_______________|      |________________|
       <o>   o    o>                \o/               <o    o   \o
        |   <|>  <|                  |                 \    X    |.
       /<   /<   /<                 / \                >\   >\   >\

                                    LOL
                                 PRESENTS

          ∞∞∞∞∞∞∞∞∞∞∞∞∞∞∞∞∞∞∞∞∞∞∞∞∞∞∞∞∞∞∞∞∞∞∞∞∞∞∞∞∞∞∞∞∞∞∞∞∞∞∞∞∞
          8                                                   8
          8                       Heroes                      8
          8                       S03E12                      8
          8                                                   8
          8                                                   8
          ∞∞∞∞∞∞∞∞∞∞∞∞∞∞∞∞∞∞∞∞∞∞∞∞∞∞∞∞∞∞∞∞∞∞∞∞∞∞∞∞∞∞∞∞∞∞∞∞∞∞∞∞∞

  ∞∞∞∞∞∞∞∞∞∞∞∞∞∞∞∞∞∞∞∞∞∞∞∞∞
  8  General Information  8
 ∞∞∞∞∞∞∞∞∞∞∞∞∞∞∞∞∞∞∞∞∞∞∞∞∞∞∞∞∞∞∞∞∞∞∞∞∞∞∞∞∞∞∞∞∞∞∞∞∞∞∞∞∞∞∞∞∞∞∞∞∞∞∞∞∞∞∞∞∞∞∞∞∞
 8                                                                       8
 8  LOL Release :  12/08/2008                                            8
 8      Runtime :                                                        8
 8         Link :  http://www.tvrage.com/Heroes                          8
 8                                                                       8
 ∞∞∞∞∞∞∞∞∞∞∞∞∞∞∞∞∞∞∞∞∞∞∞∞∞∞∞∞∞∞∞∞∞∞∞∞∞∞∞∞∞∞∞∞∞∞∞∞∞∞∞∞∞∞∞∞∞∞∞∞∞∞∞∞∞∞∞∞∞∞∞∞∞

  ∞∞∞∞∞∞∞∞∞∞∞∞∞∞∞∞∞∞∞∞∞∞∞∞∞
  8  Encode Information   8
 ∞∞∞∞∞∞∞∞∞∞∞∞∞∞∞∞∞∞∞∞∞∞∞∞∞∞∞∞∞∞∞∞∞∞∞∞∞∞∞∞∞∞∞∞∞∞∞∞∞∞∞∞∞∞∞∞∞∞∞∞∞∞∞∞∞∞∞∞∞∞∞∞∞
 8                                                                       8
 8        Video :  XviD at      kbps                                     8
 8        Audio :  MP3    kbps 2ch 48khz                                 8
 8 Aspect Ratio :  16:9                                                  8
 8   Resolution :  624x352                                               8
 8   Frame Rate :  23.976024 fps                                         8
 8     RAR Size :  350MB: 25x15MB                                        8
 8    Byte Size :                                                        8
 8                                                                       8
 ∞∞∞∞∞∞∞∞∞∞∞∞∞∞∞∞∞∞∞∞∞∞∞∞∞∞∞∞∞∞∞∞∞∞∞∞∞∞∞∞∞∞∞∞∞∞∞∞∞∞∞∞∞∞∞∞∞∞∞∞∞∞∞∞∞∞∞∞∞∞∞∞∞

  ∞∞∞∞∞∞∞∞∞∞∞∞∞∞∞∞∞∞∞∞∞∞∞∞∞
  8  Greets               8
 ∞∞∞∞∞∞∞∞∞∞∞∞∞∞∞∞∞∞∞∞∞∞∞∞∞∞∞∞∞∞∞∞∞∞∞∞∞∞∞∞∞∞∞∞∞∞∞∞∞∞∞∞∞∞∞∞∞∞∞∞∞∞∞∞∞∞∞∞∞∞∞∞∞
 8                                                                       8
 8               MDX              FFN               TV                   8
 8                                                                       8
 ∞∞∞∞∞∞∞∞∞∞∞∞∞∞∞∞∞∞∞∞∞∞∞∞∞∞∞∞∞∞∞∞∞∞∞∞∞∞∞∞∞∞∞∞∞∞∞∞∞∞∞∞∞∞∞∞∞∞∞∞∞∞∞∞∞∞∞∞∞∞∞∞∞

  ∞∞∞∞∞∞∞∞∞∞∞∞∞∞∞∞∞∞∞∞∞∞∞∞∞
  8  News                 8
 ∞∞∞∞∞∞∞∞∞∞∞∞∞∞∞∞∞∞∞∞∞∞∞∞∞∞∞∞∞∞∞∞∞∞∞∞∞∞∞∞∞∞∞∞∞∞∞∞∞∞∞∞∞∞∞∞∞∞∞∞∞∞∞∞∞∞∞∞∞∞∞∞∞
 8                                                                       8
 8  if you have anything VERY useful (and legal) please contact us :)    8
 8                                                                       8
 ∞∞∞∞∞∞∞∞∞∞∞∞∞∞∞∞∞∞∞∞∞∞∞∞∞∞∞∞∞∞∞∞∞∞∞∞∞∞∞∞∞∞∞∞∞∞∞∞∞∞∞∞∞∞∞∞∞∞∞∞∞∞∞∞∞∞∞∞∞∞∞∞∞
                             [unfo-maker 2.
