             ▀▀▀▓▄▄
                ░  ▀█▄                 ▄▄▄▓▀▀▀
       ▄▄█ ▄█▄▄     ▐█▌             ▄██▀  ▒
     ▄▀███░███▓▓▄  ▄█▀             ▐██▌   ░
    ▐▌▐███▒████▓▓▌▀▀         ▄▄▀    ▀██▄
     ▓▄███▓███▓▓▀      ▄ ▄██▄█▌       ▀▀▓▀ ▄████▄ ███▄▄
     ░  ▀▀▀▀▄▄  ▄▄  ▄███▀███▓█▌ ▄       ░▄███████▀███████▄ ▄▄▄▄
   ▄▄▄ ▄▄█▓███ █▓█  ▐██▓██▓▓▓█▌ ▐▄▀▄   ▄██████████████████     ▀▀▓▄▄
 ▄██▀▓ ▐█▓▓▓▓█▀▓▓█   █▓▓█▓▓▓██▄▄█▓▌▐▌ █▓██▓████▓█▀      ▀▓       ▒▀██▄
▐██▌ ░  █▓▓▓▓▓▓▓▓█   █▓▓▓▓▓▓█▓██▓█▄▀  █▓▓█▒▓▓█▓█▌        ▒       ░ ▐██▌
 ▀██▄   █▒▓▓▓▒▒▒▒█   █▓▓▒▓▒▓▒█▀▀▀     █▓▓▓▒▒▓▓▓█         ░       ▄▄██▀
    ▀▀▀ █▒▓▒▒▒░▒▒█   █▓▒▒▓▒▒▒█▄▄▄████ █▒▓▒▒▓▒▓▒█        ▄▄▄▄▄▄█▀▀▀▀
     ▄  █▒▒▒░░░▒░█   █▒▒▒▒▒░▒█▀▀▀▓    █░▒▒▒▒▒▒▒█   ▄▄▄▄▄▄▄▄    ▄
  ▄█▀▄  █░░▒░░░░░▀▄  █░░░░▒░░█   ░    █░░▒▒░▒░▒█     █▒░▒▒░▐▌  ▄▀█▄
 ▐█▌▀▓▀ ▐▌░░  ░░   ▀▄▀▄░░ ░░░█        █░ ░░░ ░░▀     █░░▒░ ▐▌ ▀▓▀▐█▌
  ▓█▄ ▀ ▐▌░     ░   ▐▌▐▌░  ░ ▐▌  ▀▄▀▄ █   ░  ░      ▐▌  ░  ▐▌ ▀ ▄█▓
  ▒▄▀█▄ ▐▌          ▐▌▐▌      ▀▄  ▐▌▐▌▐▌           ▄▀      ▐▌ ▄█▀▄▒
  ░▐▌▐█▌▐▌          ▐▌▐▌        ▀▀▀▄█▌▐▌        ▄▄▀        ▐▌▐█▌▐▌░
   ▀▄█▀ ▀▀▀▀▀▀▀▀▀▀▀▀▀  ▀▀▀▀▀▀▀▀▀▀▀▀▀▀  ▀▀▀▀▀▀▀▀▀▀▀▀▀▀▀▀▀▀▀▀▀  ▀█▄▀
  ▀▓ ▄ ▀ ▀▀ ▀▀▀▀▀▀▀▀▀▀▀▀▀▀▀▀▀▀▀▀▀▀▀▀▀▀▀▀▀▀▀▀▀▀▀▀▀▀▀▀▀▀▀▀▀ ▀▀ ▀ ▄ ▓▀

                           Die Sopranos
                         
        Episode .........: 2x13 (Soprano Home Movies)
        URL .............: http://www.serienjunkies.de/TheSopranos/
        
        Release Date ....: 07.12.2007 
        AIR Date ........: 30.11.2007
        Resolution ......: 640x352
        Audio ...........: ABR MP3 48 kHz
        Genre ...........: Crime
        INFO ............: None
