ÔĽŅ                     ‚ĖĎ‚ĖĎ‚ĖĎ‚ĖĎ‚ĖĎ‚ĖĎ‚Ėą                                                       
                   ‚ĖĎ‚ĖĎ ‚ĖĎ‚ĖĎ‚ĖĎ‚ĖĎ‚ĖĎ‚ĖĎ‚Ėą                          ‚ĖĎ‚ĖĎ‚ĖĎ‚ĖĎ‚ĖĎ‚ĖĎ                      
                  ‚Ėą  ‚ĖĎ‚ĖĎ‚ĖĎ‚Ėą‚Ėą‚ĖĎ‚ĖĎ‚ĖĎ‚Ėą                       ‚ĖĎ‚ĖĎ‚ĖĎ‚ĖĎ‚Ėą‚Ėą‚Ėą‚Ėą‚ĖĎ‚ĖĎ‚ĖĎ                   
                 ‚Ėą‚Ėą ‚ĖĎ‚ĖĎ‚Ėą‚Ėď‚Ėď‚Ėď‚Ėą‚Ėą‚ĖĎ‚ĖĎ‚Ėą                    ‚ĖĎ‚ĖĎ‚ĖĎ‚Ėą‚Ėą‚Ėą‚Ėą‚Ėą‚Ėą‚Ėą‚Ėą‚Ėą‚Ėą‚ĖĎ                  
                 ‚Ėą ‚ĖĎ‚ĖĎ‚Ėą‚Ėď‚Ėď‚Ėď‚Ėď‚Ėď‚Ėą‚ĖĎ‚ĖĎ‚ĖĎ‚Ėą                 ‚ĖĎ‚ĖĎ‚ĖĎ‚Ėą‚Ėą‚Ėą‚Ėą‚Ėą‚Ėď‚Ėď‚Ėď‚Ėď‚Ėą‚Ėą‚Ėą‚Ėą‚ĖĎ                 
                ‚Ėą‚Ėą ‚ĖĎ‚Ėą‚Ėď‚Ėď‚Ėď‚Ėď‚Ėď‚Ėď‚Ėď‚ĖĎ‚ĖĎ‚ĖĎ‚Ėą                ‚ĖĎ‚ĖĎ‚Ėą‚Ėą‚Ėą‚Ėą‚Ėą‚Ėď‚Ėď‚Ėď‚Ėď‚Ėď‚Ėď‚Ėď‚Ėą‚Ėą‚Ėą‚Ėą‚ĖĎ                
                ‚Ėą ‚ĖĎ‚Ėą‚Ėą‚Ėď‚Ėď‚Ėď‚Ėď‚Ėď‚ĖĎ‚ĖĎ‚Ėí‚ĖĎ‚ĖĎ‚Ėą               ‚ĖĎ‚ĖĎ‚Ėą‚Ėą‚Ėą‚Ėď‚Ėď‚Ėď‚Ėď‚Ėď‚Ėď‚Ėď‚Ėď‚Ėď‚Ėď‚Ėď‚Ėą‚Ėą‚Ėą‚Ėą‚ĖĎ               
                ‚Ėą ‚ĖĎ‚Ėą‚Ėď‚Ėď‚Ėď‚Ėď‚Ėď‚Ėď‚ĖĎ‚ĖĎ‚Ėí‚ĖĎ‚ĖĎ‚Ėą              ‚ĖĎ‚ĖĎ‚Ėą‚Ėą‚Ėą‚Ėď‚Ėď‚Ėď‚Ėď‚Ėď‚Ėď‚Ėď‚Ėď‚Ėď‚Ėď‚Ėď‚Ėď‚Ėď‚Ėą‚Ėą‚Ėą‚Ėą               
               ‚Ėą  ‚ĖĎ‚Ėą‚Ėď‚Ėď‚Ėď‚Ėď‚Ėď‚Ėď‚ĖĎ‚ĖĎ‚Ėď‚ĖĎ‚ĖĎ‚Ėą             ‚ĖĎ‚ĖĎ‚Ėą‚Ėą‚Ėą‚Ėď‚Ėď‚Ėď‚Ėď‚Ėď‚Ėď‚Ėď‚Ėď‚Ėď‚Ėď‚Ėď‚Ėď‚Ėď‚Ėď‚Ėď‚ĖĎ‚Ėą‚Ėą               
               ‚Ėą ‚ĖĎ‚Ėą‚Ėď‚Ėď‚Ėď‚Ėď‚Ėď‚ĖĎ‚ĖĎ‚ĖĎ‚ĖĎ‚ĖĎ‚ĖĎ‚Ėą‚ĖĎ           ‚ĖĎ‚ĖĎ‚ĖĎ‚Ėą‚Ėą‚Ėď‚Ėď‚Ėď‚Ėď‚Ėď‚Ėď‚Ėď‚Ėď‚Ėď‚Ėď‚Ėď‚Ėď‚Ėď‚Ėď‚Ėď‚Ėď‚Ėď‚ĖĎ‚Ėą‚Ėą               
               ‚Ėą ‚ĖĎ‚Ėą‚Ėď‚Ėď‚Ėď‚Ėď‚Ėď‚Ėď‚ĖĎ‚ĖĎ‚Ėí‚ĖĎ‚ĖĎ‚Ėą           ‚ĖĎ‚ĖĎ‚Ėą‚Ėą‚ĖĎ‚Ėď‚Ėď‚Ėď‚Ėď‚Ėď‚Ėď‚Ėď‚Ėď‚Ėď‚Ėď‚Ėď‚Ėď‚Ėď‚Ėď‚Ėď‚Ėď‚Ėď‚Ėď‚ĖĎ‚Ėą‚Ėą               
               ‚Ėą ‚ĖĎ‚Ėď‚Ėď‚Ėď‚Ėď‚Ėď‚Ėď‚ĖĎ‚ĖĎ‚ĖĎ‚Ėí‚ĖĎ‚Ėą‚Ėą          ‚ĖĎ‚ĖĎ‚ĖĎ‚Ėą‚ĖĎ‚Ėď‚Ėď‚Ėď‚Ėď‚Ėď‚Ėď‚Ėď‚Ėď‚Ėď‚Ėď‚Ėď‚Ėď‚Ėď‚Ėď‚Ėď‚Ėď‚Ėď‚Ėď‚Ėď‚ĖĎ‚Ėą‚Ėą               
               ‚Ėą ‚ĖĎ‚Ėď‚Ėď‚Ėď‚Ėď‚Ėď‚Ėď‚ĖĎ‚ĖĎ‚ĖĎ‚Ėď‚ĖĎ‚Ėą‚ĖĎ          ‚ĖĎ‚ĖĎ‚ĖĎ‚Ėą‚ĖĎ‚Ėď‚Ėď‚Ėď‚Ėď‚Ėď‚Ėď‚Ėď‚Ėď‚Ėď‚Ėď‚Ėď‚Ėď‚Ėď‚Ėď‚Ėď‚Ėď‚Ėď‚Ėď‚ĖĎ‚ĖĎ‚Ėą                
               ‚Ėą ‚ĖĎ‚Ėď‚Ėď‚Ėď‚Ėď‚Ėď‚ĖĎ‚ĖĎ‚ĖĎ‚ĖĎ‚ĖĎ‚ĖĎ‚Ėą          ‚ĖĎ‚ĖĎ‚ĖĎ‚Ėą‚Ėą‚ĖĎ‚Ėď‚Ėď‚Ėď‚Ėď‚Ėď‚Ėď‚Ėď‚Ėď‚Ėď‚Ėď‚Ėď‚Ėď‚Ėď‚Ėď‚Ėď‚Ėď‚Ėď‚Ėď‚ĖĎ‚Ėą‚ĖĎ                
               ‚Ėą ‚ĖĎ‚Ėď‚Ėď‚Ėď‚Ėď‚Ėď‚ĖĎ‚ĖĎ‚ĖĎ‚ĖĎ‚ĖĎ‚Ėą‚ĖĎ          ‚ĖĎ‚ĖĎ‚ĖĎ‚Ėą‚Ėą‚ĖĎ‚Ėď‚Ėď‚Ėď‚Ėď‚Ėď‚Ėď‚Ėď‚Ėď‚Ėď‚Ėď‚Ėď‚Ėď‚Ėď‚Ėď‚Ėď‚Ėď‚Ėď‚ĖĎ‚Ėą‚Ėą                 
               ‚Ėą ‚ĖĎ‚Ėď‚Ėď‚Ėď‚Ėď‚Ėď‚ĖĎ‚ĖĎ‚ĖĎ‚ĖĎ‚ĖĎ‚Ėą‚ĖĎ         ‚ĖĎ‚ĖĎ‚ĖĎ‚Ėí ‚Ėą‚ĖĎ‚Ėď‚Ėď‚Ėď‚Ėď‚Ėď‚Ėď‚Ėď‚Ėď‚Ėď‚Ėď‚Ėď‚Ėď‚Ėď‚Ėď‚Ėď‚ĖĎ‚ĖĎ‚Ėą‚Ėą                  
               ‚Ėą ‚ĖĎ‚Ėą‚Ėď‚Ėď‚Ėď‚ĖĎ‚ĖĎ‚ĖĎ‚Ėą‚ĖĎ‚Ėą‚Ėą‚ĖĎ         ‚ĖĎ‚ĖĎ‚ĖĎ‚Ėí‚Ėí‚ĖĎ‚Ėď‚Ėď‚Ėď‚Ėď‚Ėď‚Ėď‚Ėď‚Ėď‚Ėď‚Ėď‚Ėď‚Ėď‚Ėď‚Ėď‚Ėď‚ĖĎ‚Ėą‚Ėą‚ĖĎ                   
               ‚Ėą ‚ĖĎ‚Ėą‚Ėď‚Ėď‚ĖĎ‚ĖĎ‚ĖĎ‚ĖĎ‚Ėď‚ĖĎ‚Ėą‚Ėą         ‚ĖĎ‚ĖĎ‚ĖĎ‚ĖĎ‚Ėí‚ĖĎ‚Ėď‚Ėď‚Ėď‚Ėď‚Ėď‚Ėď‚Ėď‚Ėď‚Ėď‚Ėď‚Ėď‚ĖĎ‚ĖĎ‚ĖĎ‚Ėą‚ĖĎ                       
               ‚Ėą ‚ĖĎ‚Ėą‚Ėď‚Ėď‚ĖĎ‚ĖĎ‚ĖĎ‚ĖĎ‚ĖĎ‚ĖĎ‚Ėą‚ĖĎ         ‚ĖĎ‚ĖĎ‚ĖĎ‚ĖĎ‚Ėí‚ĖĎ‚Ėď‚Ėď‚Ėď‚Ėď‚Ėď‚Ėď‚Ėď‚Ėď‚Ėď‚ĖĎ‚ĖĎ‚ĖĎ‚Ėą‚ĖĎ                         
               ‚Ėą ‚ĖĎ‚Ėą‚Ėď‚Ėď‚ĖĎ‚ĖĎ‚ĖĎ ‚ĖĎ‚ĖĎ‚Ėą          ‚ĖĎ‚ĖĎ‚ĖĎ‚ĖĎ‚Ėí‚Ėí‚ĖĎ‚Ėď‚Ėď‚Ėď‚Ėď‚Ėď‚Ėď‚Ėď ‚ĖĎ‚ĖĎ‚ĖĎ                           
                ‚Ėą ‚ĖĎ‚Ėą‚Ėď‚Ėď‚ĖĎ‚ĖĎ‚Ėď‚ĖĎ ‚Ėą         ‚ĖĎ‚ĖĎ‚ĖĎ ‚ĖĎ‚Ėí‚Ėí‚ĖĎ‚Ėď‚Ėď‚Ėď‚Ėď‚Ėď ‚ĖĎ‚ĖĎ‚ĖĎ                             
                ‚Ėą ‚ĖĎ‚Ėą‚Ėď‚Ėď‚ĖĎ‚ĖĎ‚Ėď‚ĖĎ ‚Ėą         ‚ĖĎ‚ĖĎ   ‚ĖĎ‚ĖĎ‚Ėí‚Ėí‚Ėí‚Ėí‚ĖĎ ‚ĖĎ‚ĖĎ‚Ėą                              
                ‚Ėą‚Ėą ‚Ėą‚Ėą‚Ėď‚ĖĎ‚Ėď‚Ėą‚Ėą ‚Ėą‚Ėą‚Ėą‚Ėą‚Ėą‚Ėą‚Ėą‚Ėą‚Ėą‚Ėą       ‚ĖĎ ‚ĖĎ  ‚ĖĎ‚ĖĎ                                
                 ‚Ėą ‚Ėą‚Ėą‚Ėą‚Ėą‚Ėą‚Ėą ‚Ėą              ‚Ėą      ‚ĖĎ‚Ėą                                 
                 ‚Ėą  ‚Ėą‚Ėą‚Ėą                   ‚Ėą    ‚ĖĎ‚Ėą                                  
                 ‚Ėą‚Ėą                           ‚Ėą‚ĖĎ                    ‚ĖĎ‚ĖĎ             
                 ‚Ėą                             ‚ĖĎ‚Ėą                 ‚ĖĎ‚ĖĎ‚Ėď‚Ėď‚ĖĎ‚ĖĎ           
                ‚Ėą                                ‚ĖĎ‚Ėą              ‚ĖĎ‚Ėí‚Ėí‚ĖĎ‚ĖĎ‚Ėď‚ĖĎ‚ĖĎ‚ĖĎ‚ĖĎ         
               ‚Ėą                        ‚ĖĎ‚Ėí‚ĖĎ‚Ėí‚ĖĎ‚ĖĎ    ‚ĖĎ‚Ėą           ‚ĖĎ‚Ėď‚ĖĎ‚Ėí‚ĖĎ‚ĖĎ‚ĖĎ‚ĖĎ‚ĖĎ‚Ėí‚Ėď‚ĖĎ‚ĖĎ        
               ‚Ėą                      ‚ĖĎ‚Ėí‚Ėą‚Ėď‚Ėą‚ĖĎ‚ĖĎ‚Ėí‚Ėí‚Ėí‚ĖĎ  ‚ĖĎ‚Ėą         ‚ĖĎ‚ĖĎ‚ĖĎ‚ĖĎ‚ĖĎ‚Ėď‚Ėí‚ĖĎ‚ĖĎ‚Ėí‚ĖĎ‚ĖĎ‚Ėí‚Ėí‚ĖĎ‚ĖĎ      
               ‚ĖÄ                     ‚ĖĎ‚Ėí‚Ėą‚Ėą‚Ėą‚Ėą ‚ĖĎ‚ĖĎ‚Ėí‚Ėí‚Ėí‚ĖĎ ‚ĖĎ‚Ėą        ‚ĖĎ‚ĖĎ‚Ėď‚Ėď‚Ėď‚ĖĎ‚ĖĎ‚ĖĎ‚ĖĎ‚ĖĎ‚ĖĎ‚Ėí‚ĖĎ‚ĖĎ‚Ėď‚Ėí‚ĖĎ‚ĖĎ     
            ‚Ėí‚Ėí‚Ėí‚Ėí‚Ėí‚Ėí‚ĖĎ                  ‚ĖĎ‚Ėą‚Ėą ‚Ėą‚Ėą‚Ėą ‚ĖĎ‚ĖĎ‚Ėí‚Ėí‚ĖĎ  ‚ĖĎ‚Ėą      ‚ĖĎ‚Ėď‚ĖĎ‚Ėí‚ĖĎ‚ĖĎ‚ĖĎ‚ĖĎ‚ĖĎ‚Ėí‚Ėď‚ĖĎ‚ĖĎ‚ĖĎ‚ĖĎ‚Ėí‚Ėď‚ĖĎ‚ĖĎ‚Ėď    
          ‚ĖĎ‚Ėą‚Ėą‚Ėą‚Ėí‚ĖĎ‚ĖĎ‚Ėí‚Ėí‚Ėí                 ‚Ėí‚Ėą‚Ėą‚Ėą‚Ėą‚Ėą‚ĖĎ‚ĖĎ‚ĖĎ‚ĖĎ‚Ėí‚Ėí‚Ėí  ‚ĖĎ‚Ėą     ‚ĖĎ‚Ėí‚ĖĎ‚ĖĎ‚Ėď‚ĖĎ‚ĖĎ‚Ėí‚Ėď‚ĖĎ‚Ėí‚ĖĎ‚ĖĎ‚Ėí‚Ėď‚ĖĎ‚ĖĎ‚ĖĎ‚ĖĎ‚ĖĎ‚Ėí‚ĖĎ   
          ‚Ėą‚Ėą‚Ėą‚Ėą‚Ėą‚ĖĎ‚ĖĎ‚ĖĎ‚Ėí‚ĖĎ                  ‚ĖĎ‚Ėą‚Ėą‚Ėą‚ĖĎ‚ĖĎ‚ĖĎ‚ĖĎ‚ĖĎ‚Ėí‚Ėí‚ĖĎ  ‚ĖĎ‚Ėą    ‚ĖĎ‚ĖĎ‚ĖĎ‚ĖĎ‚ĖĎ‚Ėď‚ĖĎ‚ĖĎ‚Ėď‚ĖĎ‚Ėí‚ĖĎ‚ĖĎ‚ĖĎ‚ĖĎ‚ĖĎ‚Ėí‚ĖĎ‚Ėď‚ĖĎ‚Ėď‚ĖĎ    
          ‚Ėą ‚Ėą‚Ėą‚Ėą ‚ĖĎ‚ĖĎ‚ĖĎ‚Ėí‚ĖĎ                ‚Ėí‚Ėí‚Ėą‚Ėď‚Ėí‚ĖĎ‚ĖĎ‚ĖĎ ‚ĖĎ‚Ėí‚Ėą‚ĖĎ  ‚ĖĎ‚Ėą   ‚ĖĎ‚ĖĎ‚Ėď‚ĖĎ‚ĖĎ‚Ėí‚Ėí‚ĖĎ‚ĖĎ‚Ėí‚ĖĎ‚Ėí‚Ėď‚ĖĎ‚Ėď‚Ėí‚ĖĎ‚ĖĎ‚ĖĎ‚ĖĎ‚ĖĎ‚ĖĎ     
          ‚Ėą‚Ėą‚Ėą‚Ėą‚ĖĎ‚ĖĎ‚ĖĎ‚ĖĎ‚ĖĎ‚Ėí                  ‚Ėą‚ĖĎ‚ĖĎ‚Ėí‚Ėí‚ĖĎ‚ĖĎ‚Ėí‚Ėí‚Ėí‚Ėą‚ĖĎ  ‚ĖĎ‚Ėą  ‚ĖĎ‚ĖĎ‚Ėí‚Ėď‚ĖĎ‚ĖĎ‚Ėí‚ĖĎ‚ĖĎ‚Ėí‚Ėď‚ĖĎ‚Ėď‚Ėď‚ĖĎ‚ĖĎ‚ĖĎ‚ĖĎ‚ĖĎ‚Ėď‚ĖĎ‚ĖĎ      
         ‚Ėą‚Ėí‚Ėí‚Ėí‚Ėí‚Ėí‚Ėí‚ĖĎ‚Ėí‚Ėí‚Ėí‚ĖĎ                 ‚Ėí‚Ėą‚Ėą‚Ėí‚Ėí‚Ėí‚Ėí‚Ėą‚Ėą‚Ėą‚Ėą‚ĖĎ  ‚ĖĎ‚Ėą  ‚Ėí‚ĖĎ‚ĖĎ‚Ėí‚ĖĎ‚ĖĎ‚Ėí‚ĖĎ‚Ėí‚Ėď‚ĖĎ‚Ėď‚Ėí‚ĖĎ‚Ėí‚ĖĎ‚ĖĎ‚Ėď‚ĖĎ‚ĖĎ‚ĖĎ       
         ‚Ėą‚Ėą‚Ėí‚ĖĎ‚Ėí‚Ėí‚Ėí‚ĖĎ‚Ėí‚Ėí‚Ėí‚ĖĎ                  ‚Ėą‚Ėď‚Ėď‚Ėď‚Ėď‚Ėď‚Ėď‚Ėą‚Ėą‚ĖĎ   ‚ĖĎ‚Ėą ‚ĖĎ‚ĖĎ‚ĖĎ‚ĖĎ‚ĖĎ‚ĖĎ‚ĖĎ‚ĖĎ‚Ėí‚ĖĎ‚Ėí‚ĖĎ‚ĖĎ‚ĖĎ‚ĖĎ‚ĖĎ‚Ėď‚ĖĎ‚ĖĎ‚Ėí‚ĖĎ        
         ‚ĖĎ‚Ėą‚Ėą‚Ėí‚Ėí‚ĖĎ‚Ėí‚Ėí‚Ėí‚Ėą‚Ėí‚ĖĎ                   ‚Ėą‚Ėą‚Ėą‚Ėą‚Ėą‚Ėą‚Ėą‚ĖĎ    ‚ĖĎ‚Ėą  ‚ĖĎ‚Ėí‚Ėď‚ĖĎ‚ĖĎ‚Ėď‚Ėí‚Ėď‚ĖĎ‚ĖĎ‚ĖĎ‚Ėí‚ĖĎ‚Ėí‚ĖĎ‚ĖĎ‚ĖĎ‚Ėď‚ĖĎ         
          ‚Ėą‚Ėą‚Ėą‚Ėą‚Ėą‚Ėą‚Ėą‚Ėą‚Ėą‚Ėí‚ĖĎ                      ‚Ėí‚Ėí‚Ėí‚ĖĎ     ‚ĖĎ‚Ėą    ‚ĖĎ‚ĖĎ‚ĖĎ‚Ėí‚ĖĎ‚ĖĎ‚Ėí‚ĖĎ‚Ėí‚ĖĎ‚Ėí‚ĖĎ‚ĖĎ‚ĖĎ‚ĖĎ‚ĖĎ       
             ‚Ėí‚Ėą‚Ėą‚Ėí‚Ėí‚ĖĎ       ‚ĖĎ‚ĖĎ‚ĖĎ‚ĖĎ‚ĖĎ‚ĖĎ‚ĖĎ                   ‚ĖĎ‚Ėą      ‚ĖĎ‚Ėą‚Ėą‚ĖĎ‚Ėď‚ĖĎ‚ĖĎ‚ĖĎ‚ĖĎ‚Ėí‚ĖĎ‚ĖĎ            
              ‚ĖĎ‚ĖĎ‚ĖĎ‚ĖĎ      ‚ĖĎ‚Ėí‚Ėí‚Ėď‚Ėď‚Ėď‚Ėď‚Ėď‚Ėí‚Ėí‚ĖĎ‚ĖĎ                ‚ĖĎ‚Ėą      ‚ĖĎ‚Ėą‚Ėą‚Ėą‚Ėí‚ĖĎ‚Ėď‚ĖĎ‚ĖĎ‚ĖĎ‚ĖĎ             
              ‚Ėą       ‚ĖĎ‚Ėí‚Ėď‚Ėď‚Ėď‚Ėď‚Ėď‚Ėď‚Ėď‚Ėď‚Ėď‚Ėď‚Ėď‚Ėí‚ĖĎ‚ĖĎ             ‚ĖĎ‚Ėą       ‚Ėą‚Ėą‚Ėą‚ĖĎ  ‚ĖĎ‚Ėí‚ĖĎ‚ĖĎ‚Ėď              
              ‚Ėą      ‚Ėí‚Ėď‚Ėď‚Ėď‚Ėď‚Ėď‚Ėď‚Ėď‚Ėď‚Ėď‚Ėď‚Ėď‚Ėď‚Ėď‚Ėď‚Ėď‚Ėí‚ĖĎ‚ĖĎ           ‚ĖĎ‚Ėą     ‚ĖĎ‚Ėą‚Ėą‚Ėą    ‚Ėď‚Ėí‚ĖĎ               
              ‚Ėą     ‚Ėí‚Ėď‚Ėď‚Ėď‚Ėď‚Ėď‚Ėď‚Ėď‚Ėď‚Ėď‚Ėď‚Ėď‚Ėď‚Ėď‚Ėď‚Ėď‚Ėď‚Ėď‚Ėď‚Ėí‚ĖĎ          ‚ĖĎ‚Ėą    ‚ĖĎ‚Ėą‚Ėą‚Ėą‚ĖĎ                      
               ‚Ėą    ‚ĖĎ‚Ėď‚Ėą‚Ėď‚Ėď‚Ėď‚Ėď‚Ėď‚Ėď‚Ėď‚Ėď‚Ėď‚Ėď‚Ėą‚Ėą‚Ėą‚Ėď‚Ėď‚Ėď‚Ėí‚ĖĎ‚ĖĎ         ‚ĖĎ‚Ėą   ‚ĖĎ‚Ėą‚Ėą‚Ėą‚ĖĎ                       
               ‚Ėą   ‚ĖĎ‚ĖĎ‚Ėď‚Ėď‚Ėą‚Ėą‚Ėą‚Ėď‚Ėď‚Ėď‚Ėď‚Ėą‚Ėą‚Ėą‚Ėď‚Ėď‚Ėď‚Ėď‚Ėď‚Ėď‚Ėí‚ĖĎ         ‚ĖĎ‚Ėą‚ĖĎ   ‚Ėą‚Ėą‚Ėą                         
               ‚Ėą    ‚ĖĎ‚Ėď‚Ėď‚Ėď‚Ėď‚Ėď‚Ėą‚Ėą‚Ėą‚Ėą‚Ėą‚Ėą‚Ėď‚Ėď‚Ėď‚Ėď‚Ėď‚Ėď‚Ėď‚Ėí‚ĖĎ         ‚ĖĎ‚Ėą  ‚ĖĎ‚Ėą‚Ėą‚Ėą‚ĖĎ                         
                ‚Ėą   ‚ĖĎ‚Ėď‚Ėď‚Ėď‚Ėď‚Ėď‚Ėď‚Ėą‚Ėą‚Ėą‚Ėď‚Ėď‚Ėď‚Ėď‚Ėď‚Ėď‚Ėď‚Ėď‚Ėď‚Ėí‚ĖĎ         ‚ĖĎ‚Ėą ‚ĖĎ‚Ėą‚Ėą‚Ėą‚ĖĎ                          
                 ‚Ėą   ‚ĖĎ‚Ėí‚Ėď‚Ėď‚Ėď‚Ėď‚Ėď‚Ėď‚Ėď‚Ėď‚Ėď‚Ėď‚Ėď‚Ėď‚Ėď‚Ėď‚Ėď‚Ėí‚ĖĎ         ‚ĖĎ‚Ėą  ‚Ėą‚Ėą‚Ėą‚ĖĎ                           
                  ‚Ėą     ‚ĖĎ‚Ėí‚Ėď‚Ėď‚Ėď‚Ėď‚Ėď‚Ėď‚Ėď‚Ėď‚Ėď‚Ėí‚ĖĎ          ‚ĖĎ‚Ėą   ‚Ėą‚Ėą‚Ėą‚ĖĎ                            
                   ‚Ėą      ‚ĖĎ‚ĖĎ‚Ėí‚Ėí‚Ėí‚Ėí‚ĖĎ‚ĖĎ‚ĖĎ           ‚ĖĎ‚Ėą‚ĖĄ ‚ĖĎ‚Ėą‚Ėą‚Ėą                             
                   ‚Ėą                         ‚ĖĎ‚Ėą ‚ĖĎ‚ĖÄ‚ĖĄ‚Ėą‚Ėą‚ĖĎ                             
                    ‚Ėą                      ‚ĖĎ‚ĖÄ      ‚ĖĎ‚ĖÄ‚ĖĄ                              
                  ‚ĖĄ‚ĖÄ   ‚ĖÄ             ‚ĖĄ   ‚ĖĎ‚ĖÄ          ‚ĖĎ‚ĖÄ‚ĖĄ                            
                 ‚Ėą        ‚ĖÄ‚ĖÄ‚ĖĄ‚ĖĄ‚ĖĄ‚ĖĄ  ‚ĖÄ‚ĖÄ‚ĖÄ                 ‚ĖĎ‚ĖÄ‚ĖĄ                          
                ‚ĖĄ‚ĖÄ                                      ‚ĖĎ‚Ėą                          
                ‚Ėą                                        ‚ĖĎ‚Ėą                        
                ‚Ėą                                ‚ĖĎ‚Ėą       ‚ĖĎ‚Ėą                        
                 ‚Ėą   ‚Ėą                           ‚ĖĎ‚ĖĎ‚Ėą      ‚ĖĎ‚Ėą                     
    ‚ĖĄ‚ĖĄ‚ĖĄ‚ĖĄ          ‚Ėą ‚Ėą            ‚ĖĎ‚ĖĎ‚ĖĎ              ‚ĖĎ‚ĖĎ‚Ėą     ‚Ėą                      
   ‚Ėą‚Ėí   ‚Ėą‚Ėí         ‚Ėą‚Ėą       ‚ĖĎ‚Ėí‚Ėď‚Ėď‚Ėď‚Ėď‚Ėď‚Ėď‚Ėď‚Ėď‚Ėď‚Ėí‚ĖĎ           ‚ĖĎ‚ĖĎ‚Ėą  ‚Ėą          ‚ĖĄ‚ĖĄ‚ĖĄ‚ĖĄ‚ĖĄ‚ĖĄ‚ĖĄ‚ĖĄ       
   ‚Ėą‚Ėí   ‚Ėą‚Ėí          ‚Ėą      ‚ĖĎ‚Ėí‚Ėď‚Ėď‚Ėď‚Ėď‚Ėď‚Ėď‚Ėď‚Ėď‚Ėď‚Ėď‚Ėď‚Ėď‚Ėď‚Ėď‚Ėí‚ĖĎ         ‚ĖĎ‚ĖĎ‚Ėí‚Ėą         ‚Ėą‚Ėď‚Ėí      ‚ĖÄ‚ĖÄ‚ĖĄ    
   ‚Ėą‚ĖĎ   ‚Ėą‚Ėď         ‚Ėą   ‚ĖĄ‚ĖĄ‚ĖĄ‚ĖĄ‚Ėí‚Ėď‚Ėď‚Ėď‚Ėď‚Ėď‚Ėď‚Ėď‚Ėď‚Ėď‚Ėď‚Ėď‚Ėď‚Ėď‚Ėď‚Ėď‚Ėď‚Ėí‚ĖĎ         ‚ĖĎ‚Ėą          ‚Ėą‚ĖĎ         ‚Ėí‚Ėą   
   ‚Ėą    ‚Ėą‚Ėď         ‚Ėą  ‚Ėą‚Ėí  ‚ĖĎ‚Ėą‚Ėď‚Ėď‚Ėď‚Ėď‚Ėď‚Ėď‚Ėą‚ĖÄ‚ĖÄ‚Ėą‚Ėď‚Ėď‚Ėď‚Ėď‚Ėď‚Ėď‚Ėď‚Ėí‚ĖĎ      ‚ĖĄ‚ĖĄ‚ĖĄ‚Ėą‚ĖĄ‚ĖĄ       ‚Ėą‚Ėď    ‚ĖĄ‚ĖĄ‚ĖĄ     ‚Ėą  
   ‚Ėď‚Ėą   ‚Ėą‚Ėą         ‚Ėą ‚Ėą‚Ėí   ‚ĖĎ‚Ėą‚Ėď‚Ėď‚Ėď‚Ėď‚Ėď‚Ėą    ‚Ėą‚Ėď‚Ėď‚Ėď‚Ėď‚Ėď‚Ėď‚Ėď‚Ėí‚ĖĎ    ‚Ėą‚Ėď‚Ėí    ‚ĖÄ‚ĖÄ‚ĖÄ‚ĖĄ   ‚Ėą‚ĖĎ  ‚ĖĎ‚Ėą   ‚Ėą    ‚Ėą  
   ‚Ėí‚Ėą‚ĖĎ  ‚Ėď‚Ėą‚Ėí        ‚Ėą ‚Ėą‚Ėí   ‚Ėą‚Ėď‚Ėď‚Ėď‚Ėď‚Ėď‚Ėď‚Ėď‚ĖĄ‚ĖĄ‚ĖĄ‚Ėą‚Ėď‚Ėď‚Ėď‚Ėď‚Ėď‚Ėď‚Ėď‚Ėď‚Ėď‚Ėí‚ĖĎ  ‚Ėą‚Ėď         ‚ĖÄ‚ĖĄ ‚Ėą‚Ėď   ‚Ėą   ‚ĖĎ‚Ėą   ‚ĖĎ‚Ėą  
    ‚Ėą‚Ėí  ‚Ėí‚Ėą‚Ėí         ‚Ėą‚Ėí‚ĖĎ  ‚Ėí‚Ėą‚Ėď‚Ėą‚ĖÄ‚ĖÄ‚Ėą‚Ėď‚Ėď‚Ėď‚Ėď‚Ėď‚Ėď‚Ėď‚Ėď‚Ėď‚ĖÄ‚ĖÄ‚ĖÄ‚ĖÄ‚ĖÄ‚ĖÄ‚ĖÄ‚ĖÄ‚ĖĄ ‚Ėą‚Ėí   ‚ĖĄ‚ĖÄ‚ĖÄ‚ĖĄ  ‚ĖĎ‚Ėą‚ĖĎ‚Ėą‚ĖĎ  ‚ĖĎ‚Ėą   ‚Ėą‚Ėď   ‚ĖĎ‚Ėą  
    ‚Ėą‚Ėď   ‚Ėą‚Ėď        ‚Ėą‚Ėď‚ĖĎ  ‚ĖĎ‚Ėą‚Ėď‚Ėą‚ĖĄ‚ĖĄ‚ĖĄ‚Ėą‚ĖÄ‚ĖÄ‚ĖÄ‚Ėď‚Ėď‚Ėď‚Ėď‚Ėď‚Ėą‚Ėď        ‚Ėą‚Ėď   ‚ĖĎ‚Ėą‚ĖĄ‚ĖĄ‚ĖÄ   ‚Ėď‚Ėą‚Ėď   ‚Ėą   ‚ĖĎ‚Ėą‚ĖĎ   ‚Ėą   
    ‚Ėą‚Ėď‚ĖĎ  ‚Ėď‚Ėą‚Ėí   ‚ĖĄ‚ĖĄ ‚Ėą‚Ėď‚ĖĎ   ‚Ėą‚Ėď‚Ėď‚Ėď‚Ėď‚Ėď‚Ėď‚Ėą‚ĖĎ  ‚Ėą‚Ėď‚Ėď‚Ėď‚Ėą‚Ėď‚ĖĎ       ‚Ėą‚Ėą‚Ėí          ‚ĖĄ‚ĖÄ‚Ėą‚ĖĎ  ‚ĖĎ‚Ėą   ‚Ėą‚ĖĎ   ‚ĖĎ‚Ėą   
     ‚Ėą‚Ėí   ‚Ėą‚Ėď  ‚Ėą‚Ėď ‚Ėą‚Ėď‚ĖĎ  ‚ĖĎ‚Ėą‚ĖĄ‚ĖÄ‚ĖÄ‚ĖÄ‚Ėą‚Ėď‚Ėą‚Ėď  ‚ĖĎ‚Ėą‚Ėď‚Ėď‚Ėą‚Ėď‚ĖĎ   ‚ĖĄ‚ĖĄ‚ĖĄ‚ĖĄ‚Ėą‚Ėą‚Ėď          ‚ĖĄ‚ĖÄ‚Ėą‚Ėď   ‚Ėą   ‚Ėą‚Ėď    ‚Ėą    
     ‚Ėą‚Ėď   ‚Ėď‚Ėą‚Ėí ‚Ėą‚Ėí      ‚Ėą ‚Ėą   ‚Ėą‚Ėď‚Ėą‚Ėí  ‚Ėí‚Ėą‚Ėď‚Ėą‚Ėď   ‚ĖĎ‚Ėą‚Ėď‚Ėď‚Ėď‚Ėď‚Ėď‚Ėą‚Ėí   ‚Ėą‚ĖĄ    ‚ĖÄ‚ĖĄ ‚Ėą‚ĖĎ  ‚ĖĎ‚Ėą  ‚ĖĄ‚ĖÄ   ‚ĖĎ‚Ėą     
     ‚Ėą‚Ėď‚ĖĎ  ‚Ėí‚Ėą ‚Ėą‚Ėď     ‚ĖĎ‚Ėą ‚Ėą‚Ėď  ‚ĖĎ‚Ėą‚Ėď‚Ėą‚Ėí  ‚Ėą‚Ėď‚Ėą‚Ėď‚ĖĎ       ‚Ėą‚Ėď‚Ėą‚Ėď   ‚ĖĎ‚Ėą‚ĖĎ‚Ėą    ‚ĖĎ‚Ėą‚Ėď   ‚Ėą‚ĖĎ ‚ĖĄ‚ĖÄ    ‚Ėą      
      ‚Ėą‚Ėí  ‚ĖĎ‚Ėą‚Ėą‚ĖĎ   ‚Ėą  ‚Ėą ‚Ėą‚Ėď   ‚Ėą‚Ėď‚Ėą‚Ėď   ‚Ėą‚Ėą‚Ėď‚ĖĎ   ‚ĖĎ‚Ėą‚Ėď‚Ėď‚Ėď‚Ėď‚Ėď‚Ėą‚Ėí   ‚Ėą ‚ĖĎ‚Ėą‚Ėą    ‚ĖĎ‚Ėą   ‚ĖÄ‚ĖÄ‚ĖÄ    ‚ĖĎ‚Ėą   
      ‚Ėą‚Ėď   ‚Ėą‚Ėď   ‚Ėą ‚Ėą‚Ėí‚Ėą ‚Ėą‚Ėď  ‚Ėą‚Ėď‚Ėď‚Ėą‚Ėď  ‚ĖĎ‚Ėą‚Ėď‚ĖĎ    ‚ĖĎ‚Ėą‚ĖÄ‚ĖÄ‚ĖÄ‚Ėď‚Ėď‚ĖÄ‚ĖĄ‚ĖĄ‚ĖĄ‚ĖÄ  ‚ĖĎ‚Ėą ‚ĖÄ‚ĖĄ‚ĖĄ‚ĖĄ‚ĖÄ‚ĖĎ         ‚ĖĄ‚ĖÄ  
       ‚Ėą‚Ėí   ‚ĖĎ  ‚Ėą  ‚ĖĎ‚Ėą ‚Ėą‚Ėď   ‚Ėą‚Ėď‚Ėď‚Ėą‚Ėí  ‚Ėí‚Ėą‚Ėí         ‚ĖĎ‚Ėą        ‚ĖĎ‚Ėą    ‚Ėą‚ĖĎ        ‚ĖĄ‚ĖÄ  
       ‚Ėą‚Ėď     ‚Ėí‚Ėą     ‚Ėą‚Ėí    ‚Ėą‚Ėí‚Ėą‚ĖĎ   ‚Ėą‚ĖĎ        ‚ĖĎ‚Ėą         ‚ĖĎ‚Ėą     ‚ĖÄ‚ĖÄ‚ĖĄ‚ĖĄ‚ĖĄ‚ĖĄ‚ĖĄ‚ĖÄ‚ĖÄ   
        ‚Ėą‚Ėí    ‚Ėą‚Ėď     ‚Ėą‚ĖĎ   ‚Ėí‚Ėą ‚ĖÄ‚ĖĄ‚ĖĄ‚ĖĄ‚Ėď‚Ėď‚Ėą‚Ėď      ‚ĖĎ‚Ėą         ‚ĖĎ‚Ėą  
        ‚Ėą‚Ėď  ‚Ėí‚Ėď‚Ėą       ‚ĖÄ‚ĖĄ‚ĖĄ‚ĖĄ‚ĖÄ‚ĖÄ‚ĖÄ‚ĖÄ   ‚Ėď‚Ėď‚Ėď‚Ėą‚ĖĄ‚ĖĄ‚ĖĄ‚ĖĄ‚ĖĄ‚ĖÄ‚ĖÄ         ‚ĖĎ‚Ėą   
         ‚ĖÄ‚ĖÄ‚ĖÄ‚ĖÄ‚ĖÄ         ‚Ėą     ‚Ėí‚ĖÄ‚ĖÄ‚ĖÄ‚ĖĄ‚ĖĎ‚ĖĎ‚ĖĎ‚ĖĎ‚ĖĎ‚ĖĎ             ‚ĖĎ‚Ėą  
                        ‚Ėą      ‚Ėí‚Ėí‚Ėí ‚ĖÄ‚ĖÄ‚Ėą‚ĖÄ‚ĖÄ‚ĖĄ           ‚ĖĎ‚Ėą   
                         ‚Ėą          ‚ĖĎ‚Ėą   ‚Ėą          ‚ĖĎ‚Ėą  
                          ‚Ėą         ‚ĖĎ‚Ėą    ‚Ėą        ‚ĖĎ‚Ėą   
 ‚ĖĄ‚ĖÄ‚ĖÄ‚ĖÄ‚ĖÄ‚ĖÄ‚ĖÄ‚ĖÄ‚ĖÄ‚ĖÄ‚ĖÄ‚ĖÄ‚ĖÄ‚ĖÄ‚ĖÄ‚ĖÄ‚ĖÄ‚ĖÄ‚ĖÄ‚ĖÄ‚ĖÄ‚ĖÄ‚ĖÄ‚ĖÄ‚ĖÄ‚ĖÄ‚ĖĄ    ‚ĖĄ‚ĖĄ‚ĖĄ‚ĖĄ‚ĖÄ‚ĖÄ‚ĖÄ‚ĖÄ‚ĖÄ‚ĖÄ‚ĖÄ‚ĖÄ‚ĖÄ‚ĖÄ‚ĖÄ‚ĖÄ‚ĖÄ‚ĖÄ‚ĖÄ‚ĖÄ‚ĖÄ‚ĖÄ‚ĖÄ‚ĖÄ‚ĖÄ‚ĖÄ‚ĖÄ‚ĖÄ‚ĖÄ‚ĖÄ‚ĖÄ‚ĖÄ‚ĖÄ‚ĖÄ‚ĖÄ‚ĖÄ‚ĖÄ‚ĖÄ‚ĖÄ‚ĖÄ‚ĖÄ‚ĖÄ‚ĖÄ‚ĖÄ‚ĖÄ‚ĖĄ  
‚Ėą‚Ėď‚Ėď‚Ėí‚Ėí‚ĖĎ                      ‚ĖÄ‚ĖÄ‚ĖÄ‚ĖÄ  W i i E R D                            ‚ĖĎ‚Ėí‚Ėí‚Ėď‚Ėď‚Ėą  
‚Ėą‚Ėď‚Ėď‚Ėí‚Ėí‚ĖĎ                          Presents to you:                         ‚ĖĎ‚Ėí‚Ėí‚Ėď‚Ėď‚Ėą  
‚Ėą‚Ėď‚Ėď‚Ėí‚Ėí‚ĖĎ                                                                   ‚ĖĎ‚Ėí‚Ėí‚Ėď‚Ėď‚Ėą  
‚Ėą‚Ėď‚Ėď‚Ėí‚Ėí‚ĖĎ                             Space Chimps                          ‚ĖĎ‚Ėí‚Ėí‚Ėď‚Ėď‚Ėą  
 ‚ĖÄ‚ĖĄ‚ĖĄ‚ĖĄ‚ĖĄ‚ĖĄ‚ĖĄ‚ĖĄ‚ĖĄ‚ĖĄ‚ĖĄ‚ĖĄ‚ĖĄ‚ĖĄ‚ĖĄ‚ĖĄ‚ĖĄ‚ĖĄ‚ĖĄ‚ĖĄ‚ĖĄ‚ĖĄ‚ĖĄ‚ĖĄ‚ĖĄ‚ĖĄ‚ĖĄ‚ĖĄ‚ĖĄ‚ĖĄ‚ĖĄ‚ĖĄ‚ĖĄ‚ĖĄ‚ĖĄ‚ĖĄ‚ĖĄ‚ĖĄ‚ĖĄ‚ĖĄ‚ĖĄ‚ĖĄ‚ĖĄ‚ĖĄ‚ĖĄ‚ĖĄ‚ĖĄ‚ĖĄ‚ĖĄ‚ĖĄ‚ĖĄ‚ĖĄ‚ĖĄ‚ĖĄ‚ĖĄ‚ĖĄ‚ĖĄ‚ĖĄ‚ĖĄ‚ĖĄ‚ĖĄ‚ĖĄ‚ĖĄ‚ĖĄ‚ĖĄ‚ĖĄ‚ĖĄ‚ĖĄ‚ĖĄ‚ĖĄ‚ĖĄ‚ĖĄ‚ĖĄ‚ĖĄ‚ĖĄ‚ĖĄ‚ĖÄ   
   ‚Ėą‚Ėď‚Ėď‚Ėí‚Ėí‚ĖĎ                                                             ‚ĖĎ‚Ėí‚Ėí‚Ėď‚Ėď‚Ėą  
   ‚Ėą‚Ėď‚Ėď‚Ėí‚Ėí‚ĖĎ                    ‚Ėď‚Ėí‚ĖĎ    GENERAL    ‚ĖĎ‚Ėí‚Ėď                    ‚ĖĎ‚Ėí‚Ėí‚Ėď‚Ėď‚Ėą   
 ‚ĖĄ‚ĖÄ‚ĖÄ‚ĖÄ‚ĖÄ‚ĖÄ‚ĖÄ‚ĖÄ‚ĖÄ‚ĖÄ‚ĖÄ‚ĖÄ‚ĖÄ‚ĖÄ‚ĖÄ‚ĖÄ‚ĖÄ‚ĖÄ‚ĖÄ‚ĖÄ‚ĖÄ‚ĖÄ‚ĖÄ‚ĖÄ‚ĖÄ‚ĖÄ‚ĖÄ‚Ėą‚Ėď‚Ėí‚ĖĎ     iNFO      ‚ĖĎ‚Ėí‚Ėď‚Ėą‚ĖÄ‚ĖÄ‚ĖÄ‚ĖÄ‚ĖÄ‚ĖÄ‚ĖÄ‚ĖÄ‚ĖÄ‚ĖÄ‚ĖÄ‚ĖÄ‚ĖÄ‚ĖÄ‚ĖÄ‚ĖÄ‚ĖÄ‚ĖÄ‚ĖÄ‚ĖÄ‚ĖÄ‚ĖÄ‚ĖÄ‚ĖÄ‚ĖÄ‚ĖÄ‚ĖĄ  
‚Ėą‚Ėď‚Ėď‚Ėí‚Ėí‚ĖĎ                                                                   ‚ĖĎ‚Ėí‚Ėí‚Ėď‚Ėď‚Ėą  
‚Ėą‚Ėď‚Ėď‚Ėí‚Ėí‚ĖĎ                 Release Date..........: 01/08/2008                ‚ĖĎ‚Ėí‚Ėí‚Ėď‚Ėď‚Ėą  
‚Ėą‚Ėď‚Ėď‚Ėí‚Ėí‚ĖĎ                 Platform..............: Wii                       ‚ĖĎ‚Ėí‚Ėí‚Ėď‚Ėď‚Ėą  
‚Ėą‚Ėď‚Ėď‚Ėí‚Ėí‚ĖĎ                 Genre.................: Platform, Adventure       ‚ĖĎ‚Ėí‚Ėí‚Ėď‚Ėď‚Ėą  
‚Ėą‚Ėď‚Ėď‚Ėí‚Ėí‚ĖĎ                 Developer.............: Brash Entertainment       ‚ĖĎ‚Ėí‚Ėí‚Ėď‚Ėď‚Ėą  
‚Ėą‚Ėď‚Ėď‚Ėí‚Ėí‚ĖĎ                 Origin................: PAL                       ‚ĖĎ‚Ėí‚Ėí‚Ėď‚Ėď‚Ėą  
‚Ėą‚Ėď‚Ėď‚Ėí‚Ėí‚ĖĎ                 Languages.............: EN/ES                     ‚ĖĎ‚Ėí‚Ėí‚Ėď‚Ėď‚Ėą  
‚Ėą‚Ėď‚Ėď‚Ėí‚Ėí‚ĖĎ                 Filename..............: wiierd-sc.rxx             ‚ĖĎ‚Ėí‚Ėí‚Ėď‚Ėď‚Ėą  
‚Ėą‚Ėď‚Ėď‚Ėí‚Ėí‚ĖĎ                 Files.................: 90x50MB                   ‚ĖĎ‚Ėí‚Ėí‚Ėď‚Ėď‚Ėą  
‚Ėą‚Ėď‚Ėď‚Ėí‚Ėí‚ĖĎ                                                                   ‚ĖĎ‚Ėí‚Ėí‚Ėď‚Ėď‚Ėą  
‚Ėą‚Ėď‚Ėď‚Ėí‚Ėí‚ĖĎ                                                                   ‚ĖĎ‚Ėí‚Ėí‚Ėď‚Ėď‚Ėą  
 ‚ĖÄ‚ĖĄ‚ĖĄ‚ĖĄ‚ĖĄ‚ĖĄ‚ĖĄ‚ĖĄ‚ĖĄ‚ĖĄ‚ĖĄ‚ĖĄ‚ĖĄ‚ĖĄ‚ĖĄ‚ĖĄ‚ĖĄ‚ĖĄ‚ĖĄ‚ĖĄ‚ĖĄ‚ĖĄ‚ĖĄ‚ĖĄ‚ĖĄ‚ĖĄ‚ĖĄ‚ĖĄ‚ĖĄ‚ĖĄ‚ĖĄ‚ĖĄ‚ĖĄ‚ĖĄ‚ĖĄ‚ĖĄ‚ĖĄ‚ĖĄ‚ĖĄ‚ĖĄ‚ĖĄ‚ĖĄ‚ĖĄ‚ĖĄ‚ĖĄ‚ĖĄ‚ĖĄ‚ĖĄ‚ĖĄ‚ĖĄ‚ĖĄ‚ĖĄ‚ĖĄ‚ĖĄ‚ĖĄ‚ĖĄ‚ĖĄ‚ĖĄ‚ĖĄ‚ĖĄ‚ĖĄ‚ĖĄ‚ĖĄ‚ĖĄ‚ĖĄ‚ĖĄ‚ĖĄ‚ĖĄ‚ĖĄ‚ĖĄ‚ĖĄ‚ĖĄ‚ĖĄ‚ĖĄ‚ĖĄ‚ĖĄ‚ĖÄ  
   ‚Ėą‚Ėď‚Ėď‚Ėí‚Ėí‚ĖĎ                                                             ‚ĖĎ‚Ėí‚Ėí‚Ėď‚Ėď‚Ėą   
   ‚Ėą‚Ėď‚Ėď‚Ėí‚Ėí‚ĖĎ                    ‚Ėď‚Ėí‚ĖĎ    RELEASE    ‚ĖĎ‚Ėí‚Ėď                    ‚ĖĎ‚Ėí‚Ėí‚Ėď‚Ėď‚Ėą   
 ‚ĖĄ‚ĖÄ‚ĖÄ‚ĖÄ‚ĖÄ‚ĖÄ‚ĖÄ‚ĖÄ‚ĖÄ‚ĖÄ‚ĖÄ‚ĖÄ‚ĖÄ‚ĖÄ‚ĖÄ‚ĖÄ‚ĖÄ‚ĖÄ‚ĖÄ‚ĖÄ‚ĖÄ‚ĖÄ‚ĖÄ‚ĖÄ‚ĖÄ‚ĖÄ‚ĖÄ‚Ėą‚Ėď‚Ėí‚ĖĎ     NOTES     ‚ĖĎ‚Ėí‚Ėď‚Ėą‚ĖÄ‚ĖÄ‚ĖÄ‚ĖÄ‚ĖÄ‚ĖÄ‚ĖÄ‚ĖÄ‚ĖÄ‚ĖÄ‚ĖÄ‚ĖÄ‚ĖÄ‚ĖÄ‚ĖÄ‚ĖÄ‚ĖÄ‚ĖÄ‚ĖÄ‚ĖÄ‚ĖÄ‚ĖÄ‚ĖÄ‚ĖÄ‚ĖÄ‚ĖÄ‚ĖĄ  
‚Ėą‚Ėď‚Ėď‚Ėí‚Ėí‚ĖĎ                                                                   ‚ĖĎ‚Ėí‚Ėí‚Ėď‚Ėď‚Ėą  
‚Ėą‚Ėď‚Ėď‚Ėí‚Ėí‚ĖĎ             http://wii.ign.com/objects/142/14231749.html          ‚ĖĎ‚Ėí‚Ėí‚Ėď‚Ėď‚Ėą  
‚Ėą‚Ėď‚Ėď‚Ėí‚Ėí‚ĖĎ                                                                   ‚ĖĎ‚Ėí‚Ėí‚Ėď‚Ėď‚Ėą  
 ‚ĖÄ‚ĖĄ‚ĖĄ‚ĖĄ‚ĖĄ‚ĖĄ‚ĖĄ‚ĖĄ‚ĖĄ‚ĖĄ‚ĖĄ‚ĖĄ‚ĖĄ‚ĖĄ‚ĖĄ‚ĖĄ‚ĖĄ‚ĖĄ‚ĖĄ‚ĖĄ‚ĖĄ‚ĖĄ‚ĖĄ‚ĖĄ‚ĖĄ‚ĖĄ‚ĖĄ‚ĖĄ‚ĖĄ‚ĖĄ‚ĖĄ‚ĖĄ‚ĖĄ‚ĖĄ‚ĖĄ‚ĖĄ‚ĖĄ‚ĖĄ‚ĖĄ‚ĖĄ‚ĖĄ‚ĖĄ‚ĖĄ‚ĖĄ‚ĖĄ‚ĖĄ‚ĖĄ‚ĖĄ‚ĖĄ‚ĖĄ‚ĖĄ‚ĖĄ‚ĖĄ‚ĖĄ‚ĖĄ‚ĖĄ‚ĖĄ‚ĖĄ‚ĖĄ‚ĖĄ‚ĖĄ‚ĖĄ‚ĖĄ‚ĖĄ‚ĖĄ‚ĖĄ‚ĖĄ‚ĖĄ‚ĖĄ‚ĖĄ‚ĖĄ‚ĖĄ‚ĖĄ‚ĖĄ‚ĖĄ‚ĖĄ‚ĖÄ  
   ‚Ėą‚Ėď‚Ėď‚Ėí‚Ėí‚ĖĎ                                                             ‚ĖĎ‚Ėí‚Ėí‚Ėď‚Ėď‚Ėą  
   ‚Ėą‚Ėď‚Ėď‚Ėí‚Ėí‚ĖĎ                    ‚Ėď‚Ėí‚ĖĎ    SPECiAL    ‚ĖĎ‚Ėí‚Ėď                    ‚ĖĎ‚Ėí‚Ėí‚Ėď‚Ėď‚Ėą   
 ‚ĖĄ‚ĖÄ‚ĖÄ‚ĖÄ‚ĖÄ‚ĖÄ‚ĖÄ‚ĖÄ‚ĖÄ‚ĖÄ‚ĖÄ‚ĖÄ‚ĖÄ‚ĖÄ‚ĖÄ‚ĖÄ‚ĖÄ‚ĖÄ‚ĖÄ‚ĖÄ‚ĖÄ‚ĖÄ‚ĖÄ‚ĖÄ‚ĖÄ‚ĖÄ‚ĖÄ‚Ėą‚Ėď‚Ėí‚ĖĎ     NOTES     ‚ĖĎ‚Ėí‚Ėď‚Ėą‚ĖÄ‚ĖÄ‚ĖÄ‚ĖÄ‚ĖÄ‚ĖÄ‚ĖÄ‚ĖÄ‚ĖÄ‚ĖÄ‚ĖÄ‚ĖÄ‚ĖÄ‚ĖÄ‚ĖÄ‚ĖÄ‚ĖÄ‚ĖÄ‚ĖÄ‚ĖÄ‚ĖÄ‚ĖÄ‚ĖÄ‚ĖÄ‚ĖÄ‚ĖÄ‚ĖĄ   
‚Ėą‚Ėď‚Ėď‚Ėí‚Ėí‚ĖĎ                                                                   ‚ĖĎ‚Ėí‚Ėí‚Ėď‚Ėď‚Ėą  
‚Ėą‚Ėď‚Ėď‚Ėí‚Ėí‚ĖĎ                     RVL P RP9X - RVL-RP9X-SCN                     ‚ĖĎ‚Ėí‚Ėí‚Ėď‚Ėď‚Ėą  
‚Ėą‚Ėď‚Ėď‚Ėí‚Ėí‚ĖĎ                                                                   ‚ĖĎ‚Ėí‚Ėí‚Ėď‚Ėď‚Ėą  
 ‚ĖÄ‚ĖĄ‚ĖĄ‚ĖĄ‚ĖĄ‚ĖĄ‚ĖĄ‚ĖĄ‚ĖĄ‚ĖĄ‚ĖĄ‚ĖĄ‚ĖĄ‚ĖĄ‚ĖĄ‚ĖĄ‚ĖĄ‚ĖĄ‚ĖĄ‚ĖĄ‚ĖĄ‚ĖĄ‚ĖĄ‚ĖĄ‚ĖĄ‚ĖĄ‚ĖĄ‚ĖĄ‚ĖĄ‚ĖĄ‚ĖĄ‚ĖĄ‚ĖĄ‚ĖĄ‚ĖĄ‚ĖĄ‚ĖĄ‚ĖĄ‚ĖĄ‚ĖĄ‚ĖĄ‚ĖĄ‚ĖĄ‚ĖĄ‚ĖĄ‚ĖĄ‚ĖĄ‚ĖĄ‚ĖĄ‚ĖĄ‚ĖĄ‚ĖĄ‚ĖĄ‚ĖĄ‚ĖĄ‚ĖĄ‚ĖĄ‚ĖĄ‚ĖĄ‚ĖĄ‚ĖĄ‚ĖĄ‚ĖĄ‚ĖĄ‚ĖĄ‚ĖĄ‚ĖĄ‚ĖĄ‚ĖĄ‚ĖĄ‚ĖĄ‚ĖĄ‚ĖĄ‚ĖĄ‚ĖĄ‚ĖĄ‚ĖÄ  
   ‚Ėą‚Ėď‚Ėď‚Ėí‚Ėí‚ĖĎ                                                             ‚ĖĎ‚Ėí‚Ėí‚Ėď‚Ėď‚Ėą  
   ‚Ėą‚Ėď‚Ėď‚Ėí‚Ėí‚ĖĎ                    ‚Ėď‚Ėí‚ĖĎ    CLiNiCAL   ‚ĖĎ‚Ėí‚Ėď                    ‚ĖĎ‚Ėí‚Ėí‚Ėď‚Ėď‚Ėą   
 ‚ĖĄ‚ĖÄ‚ĖÄ‚ĖÄ‚ĖÄ‚ĖÄ‚ĖÄ‚ĖÄ‚ĖÄ‚ĖÄ‚ĖÄ‚ĖÄ‚ĖÄ‚ĖÄ‚ĖÄ‚ĖÄ‚ĖÄ‚ĖÄ‚ĖÄ‚ĖÄ‚ĖÄ‚ĖÄ‚ĖÄ‚ĖÄ‚ĖÄ‚ĖÄ‚ĖÄ‚Ėą‚Ėď‚Ėí‚ĖĎ     NOTES     ‚ĖĎ‚Ėí‚Ėď‚Ėą‚ĖÄ‚ĖÄ‚ĖÄ‚ĖÄ‚ĖÄ‚ĖÄ‚ĖÄ‚ĖÄ‚ĖÄ‚ĖÄ‚ĖÄ‚ĖÄ‚ĖÄ‚ĖÄ‚ĖÄ‚ĖÄ‚ĖÄ‚ĖÄ‚ĖÄ‚ĖÄ‚ĖÄ‚ĖÄ‚ĖÄ‚ĖÄ‚ĖÄ‚ĖÄ‚ĖĄ   
‚Ėą‚Ėď‚Ėď‚Ėí‚Ėí‚ĖĎ                                                                   ‚ĖĎ‚Ėí‚Ėí‚Ėď‚Ėď‚Ėą  
‚Ėą‚Ėď‚Ėď‚Ėí‚Ėí‚ĖĎ  We seek:                                                         ‚ĖĎ‚Ėí‚Ėí‚Ėď‚Ėď‚Ėą  
‚Ėą‚Ėď‚Ėď‚Ėí‚Ėí‚ĖĎ   - PAL pre-retail suppliers.                                     ‚ĖĎ‚Ėí‚Ėí‚Ėď‚Ėď‚Ėą  
‚Ėą‚Ėď‚Ėď‚Ėí‚Ėí‚ĖĎ   - NTSC pre-retail suppliers.                                    ‚ĖĎ‚Ėí‚Ėí‚Ėď‚Ėď‚Ėą  
‚Ėą‚Ėď‚Ėď‚Ėí‚Ėí‚ĖĎ                                                                   ‚ĖĎ‚Ėí‚Ėí‚Ėď‚Ėď‚Ėą  
‚Ėą‚Ėď‚Ėď‚Ėí‚Ėí‚ĖĎ                               Enjoy!                              ‚ĖĎ‚Ėí‚Ėí‚Ėď‚Ėď‚Ėą  
‚Ėą‚Ėď‚Ėď‚Ėí‚Ėí‚ĖĎ                                                                   ‚ĖĎ‚Ėí‚Ėí‚Ėď‚Ėď‚Ėą  
‚Ėą‚Ėď‚Ėď‚Ėí‚Ėí‚ĖĎ             We greet our friends at ACCiDENT - STRANGE            ‚ĖĎ‚Ėí‚Ėí‚Ėď‚Ėď‚Ėą  
‚Ėą‚Ėď‚Ėď‚Ėí‚Ėí‚ĖĎ                                                                   ‚ĖĎ‚Ėí‚Ėí‚Ėď‚Ėď‚Ėą  
 ‚ĖÄ‚ĖĄ‚ĖĄ‚ĖĄ‚ĖĄ‚ĖĄ‚ĖĄ‚ĖĄ‚ĖĄ‚ĖĄ‚ĖĄ‚ĖĄ‚ĖĄ‚ĖĄ‚ĖĄ‚ĖĄ‚ĖĄ‚ĖĄ‚ĖĄ‚ĖĄ‚ĖĄ‚ĖĄ‚ĖĄ‚Ėą‚Ėď * LEECH * PLAY * ENJOY * ‚Ėď‚Ėą‚ĖĄ‚ĖĄ‚ĖĄ‚ĖĄ‚ĖĄ‚ĖĄ‚ĖĄ‚ĖĄ‚ĖĄ‚ĖĄ‚ĖĄ‚ĖĄ‚ĖĄ‚ĖĄ‚ĖĄ‚ĖĄ‚ĖĄ‚ĖĄ‚ĖĄ‚ĖĄ‚ĖĄ‚ĖĄ‚ĖĄ‚ĖÄ
