                                                ██▄▄                                                                           
                                                ██████▄▄▄                                                                      
                                               ▄██░ ▀▀█████▄▄▄▄                                                                
                                               ██▀░     ▀▀▀██████▄▄▄▄▄                                                         
                                             ▄▄██░           ▀▀▀▀████████████░                                                 
                                            ████░                   ▀▀▀▀▀▀▀██░                                                 
                                           ███▀░                          ██▀░                                                 
                                           ██░                            ██░                                                  
                                           ███░         ▄▄░             ▄▄██░                                                  
                                            ██░         ████▄▄░     ▄█████▀░                                                   
                     ▄▄▄▄░              ███▄▄▀░         ████████▄▄▄██▀▀░                                                       
                     ▀███████████▄▄▄░  █████████▄▄▄▄░   ██▀▀████████▄▄░                                                        
                      ██▀▀▀▀▀▀▀▀████░ ███▀░ ▀▀▀████▀░           ▀▀███▀░                                                        
                      ██░        ██▀░███░     ▄██▀░              ▄██░                                                          
                      ██▄░       ██░██▀░    ▄███▀░              ██▀░                                                           
                      ████░     ██▀░██░     ██▀░               ██▀░                                                            
                        ██▄░    ██░ ███░    ██░               ██▀░                                                             
                        ▀██░    █▀░ ███░    ██▄░         █▄ ▄██▀░                                                              
                        ▄██░   ██▄████░     ▀██░         █████▀░                                                               
            ▄▄█▀░       ██▀░   ███▀▀▀░       ███░        ████▀░               ▀█▄▄░                                            
          ▄██▀░         ██▄░    ▀░    ▄█░     ███░        ██░                   ▀██▄░                                          
         ▄██▀░          ███░      ▄▄████░      ███▄░      ██░                    ▀██▄░                                         
        ████░           ▀██▄░  ▄▄████▀███░   ▄████▀░      ██░                     ████░                                        
       ██████▄░          ▀███████▀▀▀░  ██▄▄████▀▀ ▄▄▄▄▄▄▄▄██░                   ▄██████░                                       
       ████████▄░                       █████████████████████▄░               ▄████████░                                       
        █████████░                       ▀▀                                  █████████░                                        
       ▄▄█████████░                   Is Proud To Present..                 █████████▄▄░                                       
    ▄█████▓██████▀░                                                         ▀██████▓█████▄░                                    
  ▄██████▓░▓████▀░  ┌─[Release Date]──────────┬─[Language]────────────────┐  ▀████▓ ▓██████▄░                                  
 ▄█████▓░  ▓█▓▀░    │                         │                           │    ▀▓█▓░  ▓█████▄░                                 
▄█████░             │   25/06/09              │    [x] English            │            ░█████▄░                                
██████░             │                         │    [ ] German             │             ██████░                                
██████▓░        █░  ├─[Genre]─────────────────┤    [ ] French             │  █░        ▓██████░                                
███████▄░      ▒█░  │                         │    [ ] Spanish            │  █▒░      ▄███████░                                
▀████████▄▄▄▄████░  │   Pop                   │    [ ] Other              │  ████▄▄▄▄████████▀░                                
 ▀██████████████░   │                         │                           │   ██████████████▀░                                 
  ▀████████████▀░   ├─[Region]────────────────┼─[Source]──────────────────┤   ▀████████████▀░                                  
    ▀█████████▀░    │                         │                           │    ▀█████████▀░                                    
      ▀▀████▀▀░     │  [x] NTSC               │    [ ] DVD9               │     ▀▀████▀▀░                                      
                    │  [ ] PAL                │    [x] DVD5               │                                                    
                    │  [x] Region Free        │    [ ] Other              │                                                    
                    │                         │                           │                                                    
                    ├─[Audio]─────────────────┼─[DVD Extras]──────────────┤                                                    
                    │                         │                           │                                                    
                    │  [ ] English 5.1 DTS    │    [x] All included       │                                                    
                    │  [ ] English 5.1 DD     │    [ ] Partial stripped   │                                                    
                    │  [ ] English 2.0 DD     │    [ ] All removed        │                                                    
                    │  [x] English 2.0 LPCM   │    [ ] None on Source     │                                                    
                    │  [ ] French  5.1 DD     │    [ ] Other              │                                                    
                    │                         │                           │                                                    
                    ├-[Aspect Ratio]──────────┼─[Video]───────────────────┤                                                    
                    │                         │                           │                                                    
                    │  [ ] 16:9               │   [x] Untouched           │                                                    
                    │  [x] 4:3                │   [ ] Re-encoded          │                                                    
                    │  [ ] Other              │       Passes...[ ]        │                                                    
                    │                         │       Bitrate..[     Kbs] │                                                    
                    └─────────────────────────┴───────────────────────────┘                                                    
                                                                                                                               
                          uFoolz Is An Underground Fusion Division                                                             
                                                                                                                               
                      Pink.A.Life.Less.Ordinary.2009.NTSC.MDVDR-uFoolz
                                                  
                                                                 ▄     ▄██▄░                                                   
                    ██░     ▄                           ▄██▄  ▄███▄  █████░                                                    
                   █████░  ███░   ██░      TRACKLiST    ███████████████████░                                                   
                   ████████████████████░               ███████████████████▀░                                                   
                    ▀██████▀██████▀▀ ▀▀████▀░     ▀████▀▀ ▀▀██████▀██████▀░                                                    
                      ▀██▀░  ▀█▀▀░      ▀▀░         ▀▀       ▀▀█▀   ▀██▀░                                                      
                                                                                                                               
                   
                   True female icons are hard to come by in the modern 
                   music industry, and for every Patti Smith or Madonna 
                   there are 100 starlets whose strengths and talents 
                   dont live up to the hype. But Pink has all the pieces 
                   in place and has forged a career that has allowed her 
                   to rise above the competition and attract critical 
                   acclaim from all quarters of the media. This DVD is a 
                   review and critique of Pinks incredible career and 
                   exceptional music across the past 10 years.
                   Featuring rare and classic footage of Pink, video clips 
                   and live performances, exclusive interviews from those
                   who have known her best plus the finest critics and 
                   broadcasters, this documentary review contains everything 
                   any fan would wish to know about the girl from Pennsylvania 
                   who got the party started.
                   
                   Enjoy!
                                                                                                      
                                                                                                                               
                   URL..: http://www.dvdsource.co.uk/dvd_13531677
