ÔĽŅ
                                                          ‚ĖĎ‚Ėí‚Ėą‚Ėą‚Ėą‚Ėą‚Ėí‚ĖĎ
                                                      ‚ĖĎ‚Ėí‚Ėą‚Ėą‚Ėą‚Ėą‚Ėą‚Ėą‚Ėą‚Ėą‚Ėą‚Ėą‚Ėą‚Ėą‚Ėą
                                                   ‚ĖĎ‚Ėí‚Ėą‚Ėą‚Ėą‚Ėą‚Ėď   ‚ĖĎ‚ĖĎ   ‚Ėą‚Ėą‚Ėą‚Ėą
                                            ‚ĖĎ‚ĖĎ‚Ėí‚Ėď‚Ėą‚Ėď‚Ėą‚Ėą‚Ėą‚Ėą‚Ėą‚Ėą‚Ėą‚Ėí  ‚ĖĎ‚ĖĎ‚ĖĎ‚ĖĎ‚ĖĎ  ‚Ėą‚Ėą‚Ėą‚Ėą
                                        ‚ĖĎ‚ĖĎ‚Ėą‚Ėď‚Ėí‚Ėí     ‚Ėí‚Ėą‚Ėą‚Ėď‚Ėď‚Ėą‚Ėą‚Ėí  ‚ĖĎ‚ĖĎ‚ĖĎ‚ĖĎ‚ĖĎ  ‚Ėą‚Ėą‚Ėą‚Ėą
                                ‚ĖĎ‚Ėí‚Ėď‚Ėą‚Ėą‚Ėą‚Ėą‚Ėą‚Ėą‚Ėą‚Ėą‚Ėą   ‚ĖĎ‚ĖĎ‚ĖĎ  ‚Ėď‚Ėą‚Ėą‚Ėď‚Ėď‚Ėą‚Ėą‚Ėí  ‚ĖĎ‚ĖĎ‚ĖĎ‚ĖĎ‚ĖĎ  ‚Ėą‚Ėą‚Ėą‚Ėď
                             ‚Ėí‚Ėď‚Ėą‚Ėď    ‚ĖĎ‚Ėą‚Ėą‚Ėď‚Ėď‚Ėą‚Ėą‚Ėą  ‚ĖĎ‚ĖĎ‚ĖĎ‚ĖĎ  ‚Ėď‚Ėą‚Ėą‚Ėď‚Ėď‚Ėą‚Ėą‚Ėí  ‚ĖĎ‚ĖĎ‚ĖĎ‚ĖĎ‚ĖĎ  ‚Ėí‚Ėą‚Ėą
                    ‚ĖĎ‚Ėď‚Ėą‚Ėą‚Ėą‚Ėą‚Ėą‚Ėą‚Ėą‚Ėą‚Ėą   ‚ĖĎ‚ĖĎ‚ĖĎ ‚ĖĎ‚Ėą‚Ėą‚Ėď‚Ėď‚Ėą‚Ėą‚Ėď  ‚ĖĎ‚ĖĎ‚ĖĎ‚ĖĎ  ‚Ėď‚Ėą‚Ėą‚Ėď‚Ėď‚Ėą‚Ėą‚ĖĎ        ‚ĖĎ‚Ėą‚Ėą‚ĖĎ
             ‚ĖĎ‚Ėí‚Ėď‚Ėą‚Ėą‚Ėą‚Ėą‚Ėą     ‚Ėą‚Ėą‚Ėí‚Ėí‚Ėą‚Ėą  ‚ĖĎ‚ĖĎ‚ĖĎ‚ĖĎ ‚ĖĎ‚Ėą‚Ėą‚Ėď‚Ėď‚Ėą‚Ėą‚Ėď  ‚ĖĎ‚ĖĎ‚ĖĎ‚ĖĎ  ‚Ėí‚Ėą‚Ėą‚Ėď‚Ėď‚Ėą‚Ėą‚ĖĎ‚Ėí‚Ėą‚Ėą‚Ėą‚Ėą‚Ėą‚Ėą‚Ėą‚Ėą‚Ėą‚Ėí
       ‚ĖĎ‚Ėď‚Ėą‚Ėą‚Ėą‚Ėą‚Ėą‚Ėą‚Ėą‚Ėą‚Ėą‚Ėą‚Ėą  ‚ĖĎ‚ĖĎ‚ĖĎ  ‚Ėą‚Ėą‚Ėí‚Ėí‚Ėą‚Ėą  ‚ĖĎ‚ĖĎ‚ĖĎ‚ĖĎ ‚ĖĎ‚Ėą‚Ėą‚Ėď‚Ėď‚Ėą‚Ėą‚Ėí        ‚Ėď‚Ėą‚Ėą‚Ėą‚Ėą‚Ėą‚Ėą‚Ėą‚Ėą‚Ėą‚Ėą‚Ėď‚Ėí
   ‚ĖĎ‚Ėď‚Ėą‚Ėą‚Ėą‚Ėą‚Ėą     ‚Ėí‚Ėą‚Ėą‚Ėą‚Ėą‚Ėą  ‚ĖĎ‚ĖĎ‚ĖĎ  ‚Ėą‚Ėą‚Ėí‚Ėí‚Ėą‚Ėą   ‚ĖĎ‚ĖĎ  ‚ĖĎ‚Ėą‚Ėą‚Ėď‚Ėď‚Ėą‚Ėą‚ĖĎ‚Ėí‚Ėą‚Ėą‚Ėą‚Ėą‚Ėą‚Ėą‚Ėą‚Ėą‚Ėą‚Ėą‚Ėí‚ĖĎ
  ‚Ėą‚Ėą‚Ėą      ‚Ėí‚Ėą  ‚ĖĎ‚ĖĎ‚Ėí‚Ėď‚Ėą‚Ėą‚Ėą  ‚ĖĎ‚ĖĎ‚ĖĎ  ‚Ėą‚Ėą‚Ėí‚Ėí‚Ėą‚Ėą‚Ėí      ‚Ėď‚Ėą‚Ėą‚Ėą‚Ėą‚Ėą‚Ėą‚Ėą‚Ėą‚Ėą‚Ėą‚Ėí
  ‚Ėą   ‚ĖĎ‚Ėí‚Ėď‚Ėą‚Ėą‚Ėą‚Ėą‚Ėą  ‚ĖĎ‚ĖĎ‚Ėí‚Ėď‚Ėą‚Ėą‚Ėą  ‚ĖĎ‚ĖĎ‚ĖĎ  ‚Ėą‚Ėą‚Ėí‚Ėí‚Ėą‚Ėą‚Ėą‚Ėą‚Ėą‚Ėą‚Ėą‚Ėą‚Ėą‚Ėą‚Ėą‚Ėą‚Ėď‚ĖĎ
  ‚Ėą  ‚ĖĎ‚Ėí‚Ėď‚Ėą‚Ėą‚Ėą‚Ėą‚Ėď‚ĖĎ   ‚ĖĎ‚ĖĎ‚Ėí‚Ėď‚Ėą‚Ėą‚Ėą     ‚Ėď‚Ėą‚Ėą‚Ėą‚Ėą‚Ėą‚Ėą‚Ėď‚Ėí‚ĖĎ
  ‚Ėą ‚ĖĎ‚Ėí‚Ėď‚Ėą‚Ėą‚Ėą‚Ėą‚Ėď‚Ėí     ‚ĖĎ‚ĖĎ ‚Ėí‚Ėą‚Ėą‚Ėą‚Ėą‚Ėą‚Ėą‚Ėą‚Ėą‚Ėą‚Ėď‚Ėí‚ĖĎ
  ‚Ėą ‚Ėí‚Ėď‚Ėą‚Ėą‚Ėą‚Ėą‚Ėą‚ĖĎ  ‚Ėą‚Ėą‚Ėą‚Ėą‚Ėą‚Ėď‚ĖĎ ‚Ėď‚Ėą‚Ėď‚Ėí
  ‚Ėą ‚Ėď‚Ėą‚Ėą‚Ėą‚Ėą‚Ėą‚Ėą‚ĖĎ  ‚Ėą‚Ėą‚Ėą‚Ėą‚Ėą‚Ėą‚Ėą‚Ėą‚Ėą‚Ėą‚Ėí‚Ėí‚Ėď‚Ėď‚Ėí‚Ėí‚Ėą‚Ėą‚Ėą‚Ėą‚Ėą‚Ėą‚Ėí‚Ėí‚Ėď‚Ėď‚Ėí‚Ėí‚Ėą‚Ėą‚Ėą‚Ėą‚Ėą‚Ėą‚Ėí‚Ėí‚Ėď‚Ėď‚Ėí‚Ėí‚Ėą‚Ėą‚Ėą‚Ėą‚Ėą‚Ėą‚Ėí‚Ėí‚Ėď‚Ėď‚Ėí‚Ėí‚Ėą‚Ėą‚Ėą‚Ėą‚Ėą‚Ėą‚Ėą‚Ėą‚Ėą‚ĖĄ
  ‚Ėą ‚Ėą‚Ėą‚Ėą‚Ėą‚Ėą‚Ėą‚Ėą‚Ėí           ‚ĖĎ‚Ėą‚Ėą‚Ėą‚Ėą‚Ėą‚Ėą‚ĖĎ    ‚ĖĎ‚Ėą‚Ėą‚Ėą‚Ėą‚Ėą‚Ėą‚ĖĎ    ‚ĖĎ‚Ėą‚Ėą‚Ėą‚Ėą‚Ėą‚Ėą‚ĖĎ    ‚ĖĎ‚Ėą‚Ėą‚Ėą‚Ėą‚Ėą‚Ėą‚ĖĎ        ‚Ėą‚Ėą
  ‚Ėą ‚Ėą‚Ėą‚Ėą‚Ėą‚Ėą‚Ėą‚Ėą‚Ėď‚Ėí‚ĖĎ                                                              ‚Ėą‚Ėą
  ‚Ėą ‚Ėą‚Ėą‚Ėą‚Ėą‚Ėą‚Ėą‚Ėą‚Ėą‚Ėą‚Ėą‚Ėą‚Ėą‚Ėą‚Ėą‚Ėą‚Ėą‚Ėą‚Ėą‚Ėą‚Ėą‚Ėą‚Ėą‚Ėą‚Ėą‚Ėą‚Ėą‚Ėą‚Ėą‚Ėą‚Ėą‚Ėą‚Ėą‚Ėą‚Ėą‚Ėą‚Ėą‚Ėą‚Ėą‚Ėą‚Ėą‚Ėą‚Ėą‚Ėą‚Ėą‚Ėą‚Ėą‚Ėą‚Ėą‚Ėą‚Ėą‚Ėą‚Ėą‚Ėą‚Ėą‚Ėą‚Ėą‚Ėą‚Ėą‚Ėą‚Ėą‚Ėą‚Ėą‚Ėą‚Ėą‚Ėą‚Ėą‚Ėą‚Ėą‚Ėą‚Ėą‚Ėą‚Ėą‚Ėą‚Ėą
  ‚Ėą ‚Ėą‚Ėď‚Ėí‚Ėí‚Ėí‚Ėí‚Ėí‚Ėí‚Ėí‚Ėí‚Ėí‚Ėí‚Ėí‚Ėí‚Ėí‚Ėí‚Ėí‚Ėí‚Ėí‚Ėí‚Ėí‚Ėí‚Ėí‚Ėí‚Ėí‚Ėí‚Ėí‚Ėí‚Ėí‚Ėí‚Ėí‚Ėí‚Ėí‚Ėí‚Ėí‚Ėí‚Ėí‚Ėí‚Ėí‚Ėí‚Ėí‚Ėí‚Ėí‚Ėí‚Ėí‚Ėí‚Ėí‚Ėí‚Ėí‚Ėí‚Ėí‚Ėí‚Ėí‚Ėí‚Ėí‚Ėí‚Ėí‚Ėí‚Ėí‚Ėí‚Ėí‚Ėí‚Ėí‚Ėí‚Ėí‚Ėí‚Ėí‚Ėí‚Ėí‚Ėí   ‚Ėą
  ‚Ėą ‚Ėď‚Ėí‚Ėí‚Ėí‚Ėí‚Ėí‚Ėí‚Ėí‚Ėí‚Ėí     ‚Ėí‚Ėí‚Ėí‚Ėí     ‚Ėí‚Ėí‚Ėí‚Ėí‚Ėí‚Ėí‚Ėí‚Ėí‚Ėí‚Ėí‚Ėí‚Ėí‚Ėí‚Ėí‚Ėí‚Ėí‚Ėí‚Ėí‚Ėí‚Ėí‚Ėí‚Ėí‚Ėí   ‚Ėí    ‚Ėí‚Ėí‚Ėí   ‚Ėí‚Ėí‚Ėí‚Ėí    ‚ĖĄ‚ĖĄ‚Ėą ‚Ėą
  ‚Ėą ‚Ėí‚Ėí‚Ėí ‚ĖĄ ‚Ėí‚Ėí‚Ėí  ‚Ėą‚Ėą‚Ėą‚ĖĆ ‚Ėí‚Ėí  ‚Ėą‚Ėą‚Ėą‚ĖĆ ‚Ėí‚Ėí‚Ėí‚Ėí ‚ĖĄ ‚Ėí‚Ėí‚Ėí‚Ėí‚Ėí‚Ėí‚Ėí ‚ĖĄ ‚Ėí‚Ėí‚Ėí‚Ėí ‚Ėź‚Ėą‚ĖĄ  ‚Ėą‚Ėą ‚Ėí  ‚ĖĄ‚Ėą‚ĖĄ  ‚Ėí‚Ėí ‚Ėą‚Ėą‚Ėą‚Ėą‚Ėą‚Ėą ‚Ėą
  ‚Ėą ‚Ėí‚Ėí ‚Ėź‚Ėą‚ĖĆ ‚Ėí‚Ėí‚Ėí ‚Ėź‚Ėą‚Ėą ‚Ėí‚Ėí‚Ėí‚Ėí ‚Ėź‚Ėą‚Ėą ‚Ėí‚Ėí‚Ėí‚Ėí ‚Ėź‚Ėą‚ĖĆ ‚Ėí‚Ėí‚Ėí‚Ėí‚Ėí ‚Ėź‚Ėą‚ĖĆ ‚Ėí‚Ėí‚Ėí ‚Ėź‚Ėą‚Ėą‚ĖĆ ‚Ėą‚Ėą ‚Ėí ‚Ėą‚Ėą‚Ėą‚Ėą‚Ėą   ‚Ėź‚Ėą‚Ėą‚ĖÄ‚Ėą‚Ėą‚ĖĆ ‚Ėą
  ‚Ėą ‚Ėí  ‚Ėą‚Ėą‚Ėą ‚Ėí‚Ėí‚Ėí ‚Ėź‚Ėą‚Ėą ‚Ėí‚Ėí‚Ėí‚Ėí ‚Ėź‚Ėą‚Ėą ‚Ėí‚Ėí‚Ėí‚Ėí‚Ėí ‚ĖÄ ‚Ėí‚Ėí‚Ėí‚Ėí‚Ėí  ‚Ėą‚Ėą‚Ėą ‚Ėí‚Ėí‚Ėí ‚Ėź‚Ėą‚Ėą‚Ėą ‚Ėą‚Ėą  ‚Ėź‚Ėą‚Ėą ‚ĖÄ‚Ėą‚ĖĆ  ‚Ėź‚Ėą‚Ėą  ‚ĖÄ  ‚Ėą
  ‚Ėą   ‚Ėą‚Ėą‚Ėą‚Ėą ‚Ėí‚Ėí‚Ėí ‚Ėź‚Ėą‚Ėą ‚Ėí‚Ėí‚Ėí‚Ėí ‚Ėź‚Ėą‚Ėą ‚Ėí‚Ėí‚Ėí‚Ėí ‚Ėź‚Ėą‚ĖĆ ‚Ėí‚Ėí‚Ėí‚Ėí ‚Ėą‚Ėą‚Ėą‚Ėą ‚Ėí‚Ėí‚Ėí ‚Ėź‚Ėą‚Ėą‚Ėą‚Ėą‚Ėą‚Ėą  ‚Ėą‚Ėą‚ĖĆ  ‚Ėź ‚Ėí ‚Ėź‚Ėą‚Ėą ‚ĖĄ‚ĖĆ‚Ėí ‚Ėą
  ‚Ėą  ‚Ėź‚Ėą‚Ėą‚Ėą‚Ėą‚ĖĆ ‚Ėí‚Ėí ‚Ėź‚Ėą‚Ėą ‚Ėí‚Ėí‚Ėí‚Ėí ‚Ėź‚Ėą‚Ėą ‚Ėí‚Ėí‚Ėí‚Ėí ‚Ėą‚Ėą‚Ėą ‚Ėí‚Ėí‚Ėí ‚Ėź‚Ėą‚Ėą‚Ėą‚Ėą‚ĖĆ ‚Ėí‚Ėí ‚Ėą‚Ėą‚Ėą‚Ėą‚Ėą‚Ėą‚Ėą  ‚Ėą‚Ėą‚ĖĆ ‚Ėí ‚Ėí‚Ėí ‚Ėź‚Ėą‚Ėą‚Ėą‚Ėą‚ĖĆ‚Ėí ‚Ėą
  ‚Ėą  ‚Ėą‚Ėą‚Ėą ‚Ėą‚Ėą ‚Ėí‚Ėí ‚Ėź‚Ėą‚Ėą ‚Ėí‚Ėí‚Ėí‚Ėí ‚Ėź‚Ėą‚Ėą ‚Ėí‚Ėí‚Ėí‚Ėí ‚Ėź‚Ėą‚ĖĆ ‚Ėí‚Ėí‚Ėí ‚Ėą‚Ėą‚Ėą ‚Ėą‚Ėą ‚Ėí‚Ėí ‚Ėą‚Ėą‚Ėą‚Ėą‚Ėą‚Ėą‚Ėą  ‚Ėą‚Ėą‚ĖĆ ‚Ėí‚Ėí‚Ėí‚Ėí ‚Ėź‚Ėą‚Ėą‚Ėą‚Ėą‚ĖĆ‚Ėí ‚Ėą
  ‚Ėą ‚Ėź‚Ėą‚Ėą‚ĖĆ ‚Ėź‚Ėą ‚Ėí‚Ėí ‚Ėź‚Ėą‚Ėą ‚Ėí‚Ėí‚Ėí‚Ėí ‚Ėź‚Ėą‚Ėą ‚Ėí‚Ėí‚Ėí‚Ėí ‚Ėź‚Ėą‚ĖĆ ‚Ėí‚Ėí ‚Ėź‚Ėą‚Ėą‚ĖĆ ‚Ėź‚Ėą ‚Ėí‚Ėí ‚Ėą‚Ėą‚Ėź‚Ėą‚Ėą‚Ėą‚Ėą  ‚Ėą‚Ėą‚Ėą ‚Ėí‚Ėí   ‚Ėź‚Ėą‚Ėą ‚ĖÄ‚ĖĆ‚Ėí ‚Ėą
  ‚Ėą ‚Ėą‚Ėą‚Ėą‚Ėą‚Ėą‚Ėą‚Ėą‚ĖĆ ‚Ėí ‚Ėź‚Ėą‚Ėą ‚Ėí  ‚Ėí ‚Ėź‚Ėą‚Ėą ‚Ėí  ‚Ėí ‚Ėź‚Ėą‚ĖĆ ‚Ėí‚Ėí ‚Ėą‚Ėą‚Ėą‚Ėą‚Ėą‚Ėą‚Ėą‚ĖĆ ‚Ėí ‚Ėą‚Ėą ‚Ėą‚Ėą‚Ėą‚Ėą‚ĖĆ ‚Ėą‚Ėą‚Ėą‚ĖĆ ‚Ėí‚Ėź‚ĖĆ ‚Ėź‚Ėą‚Ėą ‚Ėí‚Ėí‚Ėí ‚Ėą
  ‚Ėą‚Ėź‚Ėą‚Ėą‚Ėą‚Ėą‚Ėą‚Ėą‚Ėą‚Ėą   ‚Ėą‚Ėą‚Ėą‚ĖĆ  ‚ĖĆ  ‚Ėą‚Ėą‚Ėą‚ĖĆ  ‚ĖĆ  ‚Ėź‚Ėą‚ĖĆ ‚Ėí ‚Ėź‚Ėą‚Ėą‚Ėą‚Ėą‚Ėą‚Ėą‚Ėą‚Ėą  ‚Ėź‚Ėą‚Ėą ‚Ėź‚Ėą‚Ėą‚Ėą‚ĖĆ ‚Ėą‚Ėą‚Ėą‚Ėą‚ĖĄ ‚Ėą‚Ėą ‚Ėź‚Ėą‚Ėą ‚Ėí‚Ėí‚Ėí ‚Ėą
  ‚Ėą‚Ėą‚Ėą‚Ėą‚Ėą‚Ėą‚Ėą‚Ėą‚Ėą‚Ėą‚ĖĆ  ‚Ėą‚Ėą‚Ėą‚ĖĆ  ‚Ėą  ‚Ėą‚Ėą‚Ėą‚ĖĆ  ‚Ėą‚ĖĆ ‚Ėź‚Ėą‚ĖĆ ‚Ėí ‚Ėą‚Ėą‚Ėą‚Ėą‚Ėą‚Ėą‚Ėą‚Ėą‚Ėą‚ĖĆ ‚Ėź‚Ėą‚Ėą  ‚Ėą‚Ėą‚Ėą‚ĖĆ ‚Ėą‚Ėą‚Ėą‚Ėą‚Ėą‚Ėą‚Ėą‚Ėą ‚Ėź‚Ėą‚Ėą ‚Ėí ‚Ėź ‚Ėą
  ‚Ėą‚Ėą‚Ėą‚Ėą‚ĖÄ ‚ĖÄ‚Ėą‚Ėą‚Ėą‚Ėą  ‚Ėą‚Ėą‚Ėą‚ĖĆ ‚Ėź‚Ėą‚ĖĆ ‚Ėą‚Ėą‚Ėą‚ĖĆ ‚Ėź‚Ėą‚ĖĆ ‚Ėź‚Ėą‚ĖĆ  ‚Ėź‚Ėą‚Ėą‚Ėą‚ĖÄ ‚ĖÄ‚Ėą‚Ėą‚Ėą‚Ėą ‚Ėź‚Ėą‚Ėą ‚ĖĆ‚Ėź‚Ėą‚Ėą‚Ėą ‚Ėź‚Ėą‚Ėą‚Ėą‚Ėą‚Ėą‚Ėą‚Ėą ‚Ėź‚Ėą‚Ėą‚ĖĆ ‚ĖĄ‚Ėą ‚Ėą
  ‚Ėą‚Ėą‚Ėą‚Ėą ‚Ėí ‚Ėą‚Ėą‚Ėą‚Ėą ‚Ėź‚Ėą‚Ėą‚Ėą‚Ėą‚Ėą‚Ėą‚Ėą‚ĖĆ‚Ėź‚Ėą‚Ėą‚Ėą‚Ėą‚Ėą‚Ėą‚Ėą‚ĖĆ ‚Ėź‚Ėą‚ĖĆ  ‚Ėą‚Ėą‚Ėą‚Ėą ‚Ėí ‚Ėą‚Ėą‚Ėą‚Ėą ‚Ėź‚Ėą‚Ėą ‚Ėą ‚Ėą‚Ėą‚Ėą ‚Ėź‚Ėą‚Ėą‚Ėą‚Ėą‚Ėą‚Ėą‚ĖĆ ‚Ėą‚Ėą‚Ėą‚Ėą‚Ėą‚Ėą‚Ėą ‚Ėą
 ‚Ėź‚Ėą‚Ėą‚Ėą‚Ėą‚ĖĆ ‚Ėź‚Ėą‚Ėą‚Ėą‚Ėą‚ĖĆ‚Ėź‚Ėą‚Ėą‚Ėą‚Ėą‚Ėą‚Ėą‚Ėą‚ĖĆ‚Ėź‚Ėą‚Ėą‚Ėą‚Ėą‚Ėą‚Ėą‚Ėą‚ĖĆ ‚Ėź‚Ėą‚ĖĆ ‚Ėź‚Ėą‚Ėą‚Ėą‚Ėą‚ĖĆ ‚Ėź‚Ėą‚Ėą‚Ėą‚Ėą‚ĖĆ‚Ėź‚Ėą‚Ėą ‚Ėą‚ĖĆ‚Ėź‚Ėą‚Ėą  ‚Ėą‚Ėą‚Ėą‚Ėą‚Ėą‚Ėą‚ĖĆ‚Ėź‚Ėą‚Ėą‚Ėą‚Ėą‚Ėą‚Ėą‚Ėą ‚Ėą
 ‚Ėź‚Ėą‚Ėą‚Ėą‚Ėą ‚Ėí ‚Ėą‚Ėą‚Ėą‚Ėą‚ĖĆ‚Ėź‚Ėą‚Ėą‚Ėą‚Ėą‚Ėą‚Ėą‚Ėą‚ĖĆ‚Ėź‚Ėą‚Ėą‚Ėą‚Ėą‚Ėą‚Ėą‚Ėą‚ĖĆ ‚Ėą‚Ėą‚Ėą ‚Ėź‚Ėą‚Ėą‚Ėą‚Ėą ‚Ėí ‚Ėą‚Ėą‚Ėą‚Ėą‚ĖĆ‚Ėź‚Ėą‚ĖĆ‚Ėź‚ĖĆ‚Ėą ‚Ėź‚Ėą‚ĖĆ ‚Ėź‚Ėą‚Ėą‚Ėą‚Ėą‚Ėą ‚Ėą‚Ėą‚Ėą‚Ėą‚Ėą‚Ėą‚Ėą‚Ėą ‚Ėą
 ‚ĖÄ‚ĖÄ‚Ėą‚Ėą‚ĖÄ   ‚ĖÄ‚Ėą‚Ėą‚ĖÄ‚ĖÄ ‚ĖÄ‚ĖÄ‚ĖÄ‚ĖÄ‚Ėą‚Ėą‚Ėą‚ĖĆ ‚ĖÄ‚ĖÄ‚ĖÄ‚ĖÄ‚Ėą‚Ėą‚Ėą‚ĖĆ ‚ĖÄ‚ĖÄ‚ĖÄ ‚ĖÄ‚ĖÄ‚Ėą‚Ėą‚ĖÄ   ‚ĖÄ‚Ėą‚Ėą‚ĖÄ‚ĖÄ ‚ĖÄ ‚Ėą ‚ĖÄ‚Ėą ‚ĖÄ ‚Ėą ‚ĖÄ‚Ėą‚Ėą‚Ėą  ‚ĖÄ‚ĖÄ‚ĖÄ‚ĖÄ‚ĖÄ‚ĖÄ‚ĖÄ‚ĖÄ ‚Ėą
 ‚Ėą‚ĖĄ‚ĖĄ‚ĖĄ‚ĖĄ‚Ėą‚ĖÄ‚Ėą‚ĖĄ‚ĖĄ‚ĖĄ‚ĖĄ‚Ėą‚ĖÄ‚ĖÄ‚ĖÄ‚Ėą‚ĖĄ‚ĖĄ ‚ĖÄ‚ĖĆ‚Ėź‚ĖÄ‚ĖÄ‚Ėą‚ĖĄ‚ĖĄ ‚ĖÄ‚ĖĆ‚Ėź‚ĖÄ‚ĖÄ‚ĖÄ‚ĖÄ‚Ėą‚ĖĄ‚ĖĄ‚ĖĄ‚ĖĄ‚Ėą‚ĖÄ‚Ėą‚ĖĄ‚ĖĄ‚ĖĄ‚ĖĄ‚Ėą‚ĖÄ‚ĖÄ‚ĖÄ‚ĖÄ  ‚ĖÄ‚ĖÄ‚ĖÄ‚ĖÄ‚ĖÄ‚Ėą‚ĖĄ ‚ĖÄ ‚ĖĄ‚Ėą‚ĖÄ‚ĖÄ‚ĖÄ‚ĖÄ‚ĖÄ‚ĖÄ‚ĖÄ‚ĖÄ‚ĖÄ‚ĖÄ
                   ‚ĖÄ‚Ėą‚ĖĄ‚ĖĄ‚Ėą    ‚ĖÄ‚Ėą‚ĖĄ‚ĖĄ‚Ėą                              ‚ĖÄ‚ĖÄ‚ĖÄ‚ĖÄ‚ĖÄ WIDE

  ‚Ėď‚ĖÄ‚ĖÄ‚ĖÄ‚ĖÄ‚ĖÄ‚ĖÄ‚ĖÄ‚ĖÄ‚ĖÄ‚ĖÄ‚ĖÄ‚ĖÄ‚ĖÄ‚ĖÄ‚ĖÄ‚ĖÄ‚ĖÄ‚ĖÄ‚ĖÄ‚ĖÄ‚ĖÄ  R E L E A S E   -   I N F O ‚ĖÄ‚ĖÄ‚ĖÄ‚ĖÄ‚ĖÄ‚ĖÄ‚ĖÄ‚ĖÄ‚ĖÄ‚ĖÄ‚ĖÄ‚ĖÄ‚ĖÄ‚ĖÄ‚ĖÄ‚ĖÄ‚ĖÄ‚ĖÄ‚ĖÄ‚ĖÄ‚ĖÄ‚ĖÄ‚ĖÄ‚ĖÄ
  ‚Ėą
  ‚Ėą Movie Name   : The X Files: I Want to Believe (2008)
  ‚Ėą Release Date : November 3, 2008
  ‚Ėą Theatre Date : July 25, 2008
  ‚Ėą Runtime      : 104 min
  ‚Ėą CD info      : R4,624x256
  ‚Ėą Subs         : PT,EN,ES,CN,TH
  ‚Ėą Rating       : User Rating: 6.2/10   19,085 votes 
  ‚Ėą IMDB         : http://www.imdb.com/title/tt0443701/
  ‚Ėą
  ‚Ėď‚ĖÄ‚ĖÄ‚ĖÄ‚ĖÄ‚ĖÄ‚ĖÄ‚ĖÄ‚ĖÄ‚ĖÄ‚ĖÄ‚ĖÄ‚ĖÄ‚ĖÄ‚ĖÄ‚ĖÄ‚ĖÄ‚ĖÄ‚ĖÄ‚ĖÄ‚ĖÄ‚ĖÄ‚ĖÄ‚ĖÄ  E X T R A   -   N O T E S  ‚ĖÄ‚ĖÄ‚ĖÄ‚ĖÄ‚ĖÄ‚ĖÄ‚ĖÄ‚ĖÄ‚ĖÄ‚ĖÄ‚ĖÄ‚ĖÄ‚ĖÄ‚ĖÄ‚ĖÄ‚ĖÄ‚ĖÄ‚ĖÄ‚ĖÄ‚ĖÄ‚ĖÄ‚ĖÄ‚ĖÄ
  ‚Ėą 
  ‚Ėą Opening Weekend
  ‚Ėą $10,021,753 (USA) (27 July 2008) (3,185 Screens)
  ‚Ėą √ļ887,209 (UK) (3 August 2008) (402 Screens)
  ‚Ėą 
  ‚Ėď‚ĖÄ‚ĖÄ‚ĖÄ‚ĖÄ‚ĖÄ‚ĖÄ‚ĖÄ‚ĖÄ‚ĖÄ‚ĖÄ‚ĖÄ‚ĖÄ‚ĖÄ‚ĖÄ‚ĖÄ‚ĖÄ‚ĖÄ‚ĖÄ‚ĖÄ‚ĖÄ‚ĖÄ‚ĖÄ‚ĖÄ  CONTACT  -   N O T E S  ‚ĖÄ‚ĖÄ‚ĖÄ‚ĖÄ‚ĖÄ‚ĖÄ‚ĖÄ‚ĖÄ‚ĖÄ‚ĖÄ‚ĖÄ‚ĖÄ‚ĖÄ‚ĖÄ‚ĖÄ‚ĖÄ‚ĖÄ‚ĖÄ‚ĖÄ‚ĖÄ‚ĖÄ‚ĖÄ‚ĖÄ 
  ‚Ėą
  ‚Ėą Please contact us only if you have the following:
  ‚Ėą 
  ‚Ėą 1) Access to LINE or DIRECT audio streams
  ‚Ėą 2) Access to unreleased VHS/DVDScreeners
  ‚Ėą 3) Access to pre/retail/R5 unreleased movies
  ‚Ėą 
  ‚Ėą If you have acces to these mail: recrutings@hush.ai
  ‚Ėą  
  ‚ĖÄ‚ĖÄ‚ĖÄ‚ĖÄ‚ĖÄ‚ĖÄ‚ĖÄ‚ĖÄ‚ĖÄ‚ĖÄ‚ĖÄ‚ĖÄ‚ĖÄ‚ĖÄ‚ĖÄ‚ĖÄ‚ĖÄ‚ĖÄ‚ĖÄ‚ĖÄ‚ĖÄ‚Ėą
                ‚ĖĎ‚ĖĎ‚Ėí    ‚Ėą  We would like to send out big greets out to our 
      ‚Ėą‚Ėą‚Ėą‚Ėą‚Ėą‚Ėą‚Ėą‚Ėą‚Ėą‚Ėą   ‚Ėí‚Ėą  ‚Ėą  friends and/or competitors in the following groups.
     ‚Ėí       ‚Ėą‚Ėą‚Ėą‚Ėą‚Ėą‚Ėą  ‚Ėą‚Ėą‚Ėą  past and present.
                ‚Ėą‚Ėą‚Ėą‚Ėą‚Ėą  ‚Ėą‚Ėą      
      ‚Ėą‚Ėą‚Ėą‚Ėą‚Ėą‚Ėą‚Ėą‚Ėď     ‚Ėą‚Ėą‚Ėą‚Ėą  ‚Ėą‚Ėą    DiAMOND  -  BAVARIA  -  XPD  -  RELOADED         
 ‚Ėí  ‚ĖĎ‚Ėą‚Ėą‚Ėą‚Ėą‚Ėą‚Ėą‚Ėą‚Ėą‚Ėą‚Ėą‚Ėą    ‚ĖĎ‚Ėą‚Ėą‚Ėą‚Ėą ‚Ėą‚Ėą      
‚Ėí‚ĖĎ  ‚Ėą‚Ėą‚Ėą‚Ėą‚Ėą‚Ėą‚Ėą‚Ėą‚Ėą‚Ėą‚Ėą‚Ėą‚Ėą‚Ėą    ‚Ėą‚Ėą‚Ėą‚Ėą  ‚Ėą    XPD  -  BURGER  -  TWCiSO -  DoNE 
‚Ėą   ‚Ėą‚Ėą‚Ėą‚Ėą‚Ėą‚Ėą‚Ėą‚Ėą‚Ėą‚Ėą‚Ėą‚Ėą‚Ėą  ‚Ėď‚Ėí   ‚Ėą‚Ėą‚Ėą‚ĖĎ ‚Ėą‚Ėą           
‚Ėą   ‚Ėą‚Ėą‚Ėą‚Ėą‚Ėą‚Ėą‚Ėą‚Ėą‚Ėą‚Ėą‚Ėą‚Ėą‚Ėí  ‚Ėą‚Ėą‚Ėą   ‚Ėą‚Ėą‚Ėą‚Ėą ‚Ėą‚Ėą       rSE  -  LiGHTNING  -  NiKKi  -  HLS
‚Ėą   ‚Ėą‚Ėą‚Ėą‚Ėą‚Ėą‚Ėą‚Ėą‚Ėą‚Ėą‚Ėą‚Ėą‚Ėą   ‚Ėą‚Ėą‚Ėą‚Ėą   ‚Ėą‚Ėą‚Ėą‚Ėą ‚Ėď‚Ėą                  
‚Ėą    ‚Ėą‚Ėą‚Ėą‚Ėą‚Ėą‚Ėą‚Ėą‚Ėą‚Ėą‚Ėą‚Ėą   ‚Ėą‚Ėą‚Ėą‚Ėą‚Ėą   ‚Ėą‚Ėą‚Ėą‚Ėą ‚Ėí‚Ėą  ‚ĖĎ ‚Ėí‚Ėą‚Ėą‚Ėą‚Ėą‚ĖĄ‚ĖĄ‚ĖĄ      COALiTiON - ANXiETY
‚Ėą       ‚Ėí‚Ėą‚Ėą‚Ėą‚Ėą‚Ėą‚Ėą    ‚Ėą‚Ėą‚Ėą‚Ėą‚Ėą‚Ėą   ‚Ėą‚Ėą‚Ėą‚Ėą ‚Ėď‚Ėą  ‚ĖĄ‚Ėą  ‚Ėą‚Ėą‚Ėą‚Ėą‚Ėą‚Ėą‚Ėą‚ĖĎ
‚Ėą‚Ėą  ‚Ėď‚Ėą     ‚Ėí‚Ėą‚Ėą‚Ėą    ‚Ėą‚Ėą‚Ėą‚Ėą‚Ėą‚Ėą‚Ėą   ‚Ėą‚Ėą‚Ėą‚Ėą ‚Ėí ‚Ėą‚Ėą‚Ėą‚Ėą‚Ėą‚Ėą‚Ėą‚Ėí ‚Ėą‚Ėą‚Ėą‚Ėą‚Ėą‚Ėą
 ‚Ėą   ‚Ėą‚Ėą‚Ėí           ‚Ėą‚Ėą‚Ėą‚Ėą‚Ėą‚Ėą‚Ėą‚Ėą   ‚Ėą‚Ėą‚Ėą‚Ėą ‚Ėą‚Ėą‚ĖĎ ‚Ėą‚Ėą ‚Ėą‚Ėą‚Ėą‚Ėą   ‚Ėą‚Ėą‚Ėą‚Ėą‚Ėď    
 ‚Ėą‚Ėą  ‚Ėď‚Ėą‚Ėą‚Ėą‚Ėą     ‚Ėą‚Ėď  ‚Ėą‚Ėą‚Ėą‚Ėą‚Ėą‚Ėą‚Ėą‚Ėą   ‚Ėď‚Ėą‚Ėą  ‚Ėą ‚Ėą‚Ėą  ‚Ėď‚Ėą‚ĖĎ      ‚Ėí‚Ėí‚Ėą‚Ėą‚Ėą‚Ėą
  ‚Ėą‚Ėď  ‚Ėą‚Ėą‚Ėą‚Ėą‚Ėą‚Ėą  ‚Ėą‚Ėą‚Ėą‚Ėą  ‚Ėą‚Ėą‚Ėą‚Ėą‚Ėą‚Ėą‚Ėą‚Ėą   ‚Ėą‚Ėą ‚Ėą‚Ėą‚Ėą‚Ėą‚Ėą‚Ėą‚Ėą‚Ėą   ‚ĖĎ‚ĖĎ‚ĖĎ   ‚Ėą‚Ėą ‚Ėą‚Ėą‚Ėą
  ‚Ėą‚Ėą   ‚Ėą‚Ėą‚Ėą‚Ėą‚Ėą‚Ėą  ‚Ėą‚Ėą‚Ėą‚Ėą   ‚Ėą‚Ėą‚Ėą‚Ėą‚Ėą‚Ėą‚Ėą  ‚Ėą‚Ėą ‚Ėą ‚Ėą‚Ėą ‚Ėí‚Ėą   ‚ĖĎ‚ĖĎ     ‚Ėą‚Ėą‚Ėą‚Ėí‚Ėí‚Ėą‚Ėą
   ‚Ėą‚Ėą   ‚Ėą‚Ėą‚Ėą‚Ėą‚Ėą‚Ėą  ‚Ėą‚Ėą‚ĖĎ     ‚Ėí‚Ėą‚Ėą‚Ėą‚Ėą  ‚ĖĎ‚ĖĎ ‚Ėą‚Ėą‚Ėą‚Ėą‚Ėą‚Ėą   ‚ĖĎ‚ĖĎ      ‚ĖĎ‚Ėą ‚Ėą‚Ėą‚Ėą‚Ėą
‚Ėí   ‚Ėą‚Ėą  ‚ĖĎ‚Ėą‚Ėą‚Ėą‚Ėą‚Ėą            ‚ĖĎ‚Ėą‚Ėą‚Ėą    ‚Ėą‚Ėą‚Ėą‚ĖĎ‚Ėą‚Ėą  ‚ĖĎ‚ĖĎ       ‚ĖĎ‚Ėą‚Ėď   ‚Ėí‚Ėą
‚ĖĎ‚Ėí   ‚Ėą‚Ėą   ‚Ėą‚Ėą‚Ėą‚Ėą‚Ėď    ‚Ėą‚Ėą‚Ėą‚Ėą‚ĖĎ     ‚Ėą‚Ėą   ‚Ėą‚Ėą‚Ėą‚Ėí‚Ėą   ‚ĖĎ        ‚ĖĎ‚Ėą‚Ėí‚Ėą‚Ėą‚Ėą‚Ėą‚Ėą
 ‚Ėí‚Ėą   ‚Ėą‚Ėą  ‚Ėí‚Ėą‚Ėą‚Ėą‚Ėą    ‚Ėą‚Ėą‚Ėą‚Ėą‚Ėą‚Ėą‚Ėą‚Ėą       ‚Ėą‚Ėą‚Ėą‚Ėą‚Ėą            ‚Ėą‚Ėą ‚Ėą‚Ėą‚Ėą ‚Ėą
  ‚Ėí‚Ėą   ‚Ėą‚Ėą  ‚ĖĎ‚Ėą‚Ėą‚Ėą   ‚Ėď‚Ėą‚Ėą‚Ėą‚Ėą‚Ėą‚Ėą‚Ėą‚Ėą‚Ėą‚Ėą‚Ėí    ‚Ėą‚Ėą ‚Ėą‚Ėí  ‚ĖĎ         ‚Ėą‚Ėą‚Ėą‚Ėą‚Ėą‚Ėą‚Ėą‚Ėą‚Ėí
   ‚Ėď‚Ėą   ‚Ėą‚Ėą   ‚Ėą‚Ėą   ‚Ėą‚Ėą‚Ėą‚Ėą‚Ėą‚Ėą‚Ėą‚Ėą‚Ėą‚Ėą‚Ėą‚Ėą‚Ėą   ‚Ėą‚Ėą‚Ėą‚Ėą             ‚Ėą ‚ĖĎ‚Ėą‚Ėą‚Ėą  ‚Ėď
    ‚Ėą‚Ėą   ‚Ėą‚Ėą‚ĖĎ  ‚Ėą‚ĖĎ  ‚Ėą‚Ėą‚Ėą‚Ėą‚Ėą‚Ėą‚Ėą‚Ėą‚Ėą‚Ėą‚Ėą‚Ėą‚Ėą   ‚Ėą‚Ėą‚Ėą‚Ėą            ‚Ėą‚Ėą‚Ėą‚Ėą‚Ėą‚Ėą‚Ėą‚Ėą‚Ėą‚Ėą
     ‚Ėą‚Ėą   ‚Ėď‚Ėą‚Ėą    ‚Ėą‚Ėą‚Ėą‚Ėą‚Ėą‚Ėą‚Ėą‚Ėą‚Ėą‚Ėą‚Ėą‚Ėą‚Ėą‚Ėą   ‚Ėą‚Ėą‚Ėą‚Ėą            ‚Ėą‚ĖĎ‚Ėí‚Ėą‚Ėą‚Ėą‚Ėą  ‚Ėą
      ‚Ėď‚Ėą‚Ėą   ‚Ėą‚Ėą    ‚Ėą‚Ėą‚Ėą‚Ėą‚Ėą‚Ėą‚Ėą‚Ėą‚Ėą‚Ėą‚Ėą‚Ėą‚Ėą   ‚Ėą‚Ėą‚Ėą            ‚Ėą‚Ėą    ‚Ėą‚Ėą‚Ėą ‚Ėą
        ‚Ėą‚Ėą   ‚ĖĎ‚Ėą‚Ėą   ‚Ėą‚Ėą‚Ėą‚Ėą‚Ėą‚Ėą‚Ėą‚Ėą‚Ėą‚Ėą‚Ėą   ‚Ėď‚Ėą‚Ėą            ‚Ėą ‚ĖĎ‚Ėą‚Ėą‚Ėą‚ĖĎ ‚Ėą‚Ėą‚Ėą‚Ėą
         ‚Ėą‚Ėą‚Ėď   ‚Ėą‚Ėą‚Ėą    ‚Ėą‚Ėą‚Ėą‚Ėą‚Ėą‚Ėą‚Ėą    ‚Ėą‚Ėą            ‚Ėą‚Ėą‚Ėą‚Ėą‚Ėą‚Ėą‚Ėą‚Ėą‚Ėą‚Ėą ‚Ėą‚Ėą
          ‚Ėą‚Ėą‚Ėą‚ĖĎ   ‚Ėą‚Ėą‚Ėą           ‚Ėą‚Ėą             ‚Ėą‚Ėą  ‚Ėą‚Ėą‚Ėą‚Ėą‚Ėą‚Ėą  ‚Ėą
            ‚Ėą‚Ėą‚Ėą‚Ėą    ‚Ėą‚Ėą‚Ėą‚Ėď          ‚Ėí‚ĖĎ        ‚Ėą‚Ėą‚Ėą  ‚Ėą‚Ėą‚Ėą‚Ėą‚Ėą‚Ėą‚Ėą‚Ėą‚Ėą‚Ėą
              ‚Ėą‚Ėą‚Ėą‚Ėą‚ĖĎ            ‚Ėą‚Ėą‚Ėą        ‚Ėą‚Ėą‚Ėą ‚Ėą‚Ėą‚Ėą‚Ėą‚Ėą‚Ėą‚Ėą‚Ėą‚Ėą  ‚Ėą‚Ėď
                ‚Ėď‚Ėą‚Ėą‚Ėą‚Ėą‚Ėą‚Ėą‚Ėą‚Ėą‚Ėą‚Ėą‚Ėą‚Ėą‚Ėą‚Ėą‚Ėą       ‚Ėą‚Ėą‚Ėą‚Ėą‚Ėą  ‚ĖĎ‚Ėą‚Ėą‚Ėą‚Ėą‚Ėą‚Ėą‚Ėą‚Ėą‚Ėą‚Ėą‚Ėą
                    ‚Ėą‚Ėą‚Ėą‚Ėą‚Ėą‚Ėą‚Ėą‚Ėą‚ĖĎ              ‚Ėą‚Ėą‚Ėą‚Ėą‚Ėą‚Ėą‚Ėą‚Ėą‚Ėą‚Ėą  ‚Ėą‚Ėą
                                  ‚Ėí‚Ėą‚Ėą‚Ėą‚Ėą      ‚Ėď‚Ėą‚Ėą‚Ėą‚Ėą‚Ėą‚Ėą  ‚Ėą‚Ėą
                                  ‚Ėą‚Ėą‚Ėą‚Ėą‚Ėą‚Ėą‚Ėą‚Ėą‚Ėą‚Ėą     ‚Ėą‚Ėí‚Ėą‚Ėą‚Ėą‚Ėą
                                           ‚Ėí‚Ėą‚Ėą‚Ėą‚Ėí
                                                ‚Ėą‚Ėą‚Ėą
