ÔĽŅ                                                 ‚Ėď
      ‚Ėď   ‚Ė† ‚Ėď    ‚Ė†                 ‚ĖĄ        ‚ĖĄ   ‚ĖĄ ‚ĖĎ ‚Ėď‚ĖĎ
     ‚ĖĎ     ‚ĖĎ        ‚ĖÄ‚ĖÄ‚Ėą‚ĖĎ‚ĖĄ‚ĖĄ‚ĖĄ     ‚ĖĄ       ‚ĖĄ‚ĖĄ‚Ėą‚ĖÄ   ‚Ėď    ‚ĖĄ  ‚Ėď
        ‚ĖĎ‚Ėď      ‚ĖĎ      ‚ĖÄ‚Ėą‚Ėą‚Ėď‚Ėą‚Ėą‚ĖĄ    ‚ĖĎ   ‚ĖĄ‚Ėą‚Ėď‚ĖÄ  ‚ĖĎ   ‚ĖĎ       ‚ĖĎ
      ‚Ė†       ‚ĖĎ     ‚ĖĎ    ‚ĖĎ‚ĖÄ‚Ėą‚ĖĎ‚Ėą‚Ėą‚Ėą‚ĖĄ    ‚Ėą‚ĖĎ‚Ėą‚ĖÄ ‚Ėď     ‚ĖĄ   ‚ĖĎ ‚ĖĄ‚ĖĄ‚ĖĄ‚ĖĄ‚ĖĄ‚ĖĄ‚ĖĄ‚ĖĄ‚Ėą‚ĖĄ  ‚ĖĄ‚ĖĄ‚Ėą‚Ėą‚Ėď‚ĖĄ
               ‚Ė†   ‚Ė†  ‚Ėď  ‚ĖĎ ‚ĖÄ‚Ėą‚Ėą‚Ėď‚ĖĎ‚Ėą‚Ėą‚ĖĄ ‚ĖĎ‚ĖĎ ‚ĖÄ  ‚ĖĎ ‚ĖĄ   ‚ĖĄ‚ĖĄ‚ĖĄ‚ĖĄ‚ĖĄ‚Ėą‚Ėą‚ĖĎ‚ĖĎ‚ĖĎ‚ĖĎ‚ĖĎ‚ĖĎ‚Ėď‚ĖĎ‚Ėą‚ĖĄ ‚ĖÄ‚ĖĎ‚Ėą‚Ėą‚ĖÄ‚Ėą‚Ėď‚ĖĄ
      ‚ĖĎ    ‚ĖĎ ‚ĖĄ‚ĖĎ‚Ėą‚ĖĎ      ‚ĖĎ    ‚Ėď‚Ėą‚Ėą‚Ėą‚Ėą‚Ėď‚Ėą‚Ėą‚ĖĄ  ‚ĖĎ   ‚ĖĄ‚ĖĄ‚ĖĄ‚ĖĄ‚Ėą‚Ėą‚ĖĎ‚ĖĎ‚ĖĎ‚ĖĎ‚ĖĎ‚ĖĎ        ‚ĖĎ‚Ėą‚ĖĄ ‚Ėą‚ĖÄ    ‚ĖÄ‚Ėą‚ĖĄ
   ‚Ė†     ‚Ė†   ‚Ėď‚Ėą‚ĖĎ‚Ėą‚Ėď‚Ė†  ‚Ėď     ‚ĖĎ  ‚ĖÄ‚Ėą‚Ėď‚Ėą‚ĖĎ‚Ėą‚Ėą‚ĖĄ   ‚ĖĄ‚ĖÄ‚Ėď‚ĖĎ‚ĖĎ‚ĖĎ‚ĖĎ‚ĖĎ               ‚Ėď‚Ėą  ‚ĖĎ  ‚Ė†‚ĖĎ  ‚ĖÄ‚ĖĄ
  ‚Ėď  ‚Ėď  ‚ĖĎ     ‚ĖÄ‚Ėď     ‚ĖĎ       ‚Ėď ‚Ėą‚Ėą‚Ėą‚Ėą‚Ėą‚ĖĎ‚Ėą  ‚Ėą‚ĖĎ                       ‚ĖĎ‚Ėą    ‚ĖĎ     ‚Ė†
  ‚ĖĎ ‚ĖĎ        ‚Ėď          ‚Ėą‚Ėą‚Ėą   ‚ĖĎ ‚Ėą‚Ėą‚ĖĎ‚Ėą‚Ėą   ‚Ėą‚ĖĎ                     ‚ĖĎ‚Ėď‚Ėą‚ĖÄ  ‚Ė†    ‚Ė†  ‚ĖĎ
   ‚Ėď    ‚ĖĄ‚Ėą  ‚ĖĎ     ‚ĖĎ    ‚Ėą‚Ėď‚ĖĎ‚Ėď‚Ėą    ‚ĖÄ‚Ėą‚Ėą‚ĖÄ ‚Ėď  ‚Ėą‚Ėď    ‚ĖĄ‚Ėą‚Ėą           ‚ĖĎ‚Ėď‚Ėą‚Ėą‚Ėď‚ĖĎ    ‚ĖĄ   ‚ĖĎ
  ‚ĖĎ   ‚ĖĄ‚Ėą‚Ėą‚Ėą‚Ėą    ‚Ė†  ‚Ėď   ‚Ėą‚Ėą‚ĖĎ ‚ĖĎ‚Ėď‚Ėą‚Ėą     ‚ĖĎ ‚ĖĎ  ‚Ėą‚Ėą‚Ėď‚ĖĎ‚ĖĄ‚Ėą‚ĖÄ‚ĖĎ‚ĖÄ‚Ėą‚ĖĄ ‚ĖĎ‚ĖĎ    ‚ĖĎ‚Ėą‚Ėą‚ĖÄ  ‚Ėí  ‚ĖĄ‚Ėą‚Ėą‚ĖĎ‚Ėą‚ĖĄ
    ‚ĖĄ‚Ėą‚Ėą‚Ėď‚Ėď‚ĖĎ‚Ėą‚Ėą   ‚ĖĎ ‚Ėď‚ĖĎ  ‚Ėą‚Ėď‚ĖĎ    ‚ĖĎ‚Ėď‚Ėą  ‚ĖĎ      ‚ĖĎ‚Ėą‚Ėą‚Ėą‚Ėą‚ĖĎ‚Ėď  ‚ĖĎ‚Ėą‚ĖĄ‚Ėą‚Ėď  ‚ĖĎ‚Ėď‚Ėą‚Ėą    ‚ĖĎ  ‚Ėą‚ĖĎ‚Ėą‚ĖÄ‚Ėą‚Ėď‚Ėą‚ĖĄ  ‚ĖĎ
   ‚Ėą‚Ėą‚Ėď‚Ėď‚ĖĎ  ‚Ėď‚Ėą‚Ėą       ‚Ėą‚Ėą‚ĖĎ      ‚ĖĎ‚Ėď‚Ėą    ‚ĖĄ‚Ėą‚Ėą   ‚ĖĄ‚Ėą‚Ėą‚ĖĄ   ‚Ėď‚Ėą‚Ėą ‚Ėą‚ĖĎ   ‚ĖĎ‚ĖÄ‚Ėą‚Ėą  ‚Ė†   ‚ĖÄ   ‚ĖĎ‚ĖÄ‚Ėď‚ĖĄ
    ‚Ėą‚Ėď‚ĖĎ    ‚Ėď‚Ėą  ‚ĖĎ   ‚Ėą‚Ėď‚ĖĎ      ‚ĖĎ‚Ėą‚Ėą‚ĖĄ‚ĖĄ‚ĖĄ ‚Ėą‚Ėą‚Ėď‚ĖĎ‚Ėą‚ĖĄ‚Ėą‚Ėą‚Ėď‚ĖĎ‚Ėą‚Ėą‚ĖĎ‚ĖĄ‚Ėą‚Ėą   ‚Ėą‚ĖĎ    ‚ĖĎ‚Ėď‚Ėą‚Ėą  ‚ĖĎ  ‚Ė†     ‚ĖÄ‚ĖĄ
    ‚Ėí‚Ėą‚Ėď‚ĖĎ   ‚ĖĎ‚Ėą‚Ėą    ‚Ėą‚Ėą‚ĖĎ      ‚ĖĎ‚Ėď‚Ėą‚Ėď ‚ĖĎ‚Ėą‚ĖĄ‚Ėą‚ĖĎ  ‚Ėď‚Ėą‚Ėą‚ĖĎ  ‚Ėď‚Ėą‚ĖÄ‚ĖÄ ‚ĖĄ ‚ĖĎ ‚Ėą‚Ėď‚ĖĎ     ‚ĖĎ‚ĖÄ‚Ėą‚Ėą  ‚ĖĎ  ‚ĖĎ    ‚ĖÄ‚ĖĄ
    ‚ĖĎ ‚Ėą‚Ėą‚ĖĎ   ‚Ėď‚Ėą   ‚Ėą‚Ėď‚ĖĎ      ‚ĖĎ‚Ėą‚Ėą ‚ĖĎ   ‚Ėď‚Ėą‚ĖĎ   ‚ĖĎ‚Ėą   ‚ĖĎ‚Ėą‚Ėą‚ĖĄ‚Ėą‚Ėą‚ĖĄ ‚ĖĎ ‚Ėą‚ĖĎ       ‚ĖĎ‚Ėą‚Ėą        ‚Ė†  ‚Ė†
    ‚Ė† ‚ĖĎ‚Ėą‚Ėď    ‚Ėď‚Ėą ‚Ėą‚Ėą‚ĖĎ      ‚ĖĎ‚Ėď‚Ėą ‚ĖĎ‚Ėą‚Ėď  ‚ĖĎ‚Ėą‚Ėą    ‚Ėď   ‚ĖĎ‚Ėď‚Ėą‚ĖÄ‚ĖĎ‚Ėď‚Ėą‚ĖĄ  ‚Ėď‚Ėą‚ĖĎ    ‚ĖĎ‚ĖĎ‚Ėą‚ĖÄ  ‚ĖĄ‚ĖĄ‚Ėą‚Ėď‚ĖĄ
    ‚ĖĎ  ‚Ėą‚Ėą‚ĖĎ   ‚ĖĎ‚Ėą‚Ėą‚Ėď‚ĖĎ      ‚ĖĎ‚Ėą‚Ėą ‚ĖĎ‚Ėą‚Ėą‚Ėą‚ĖĎ  ‚ĖĎ‚Ėą ‚Ėď    ‚Ėď  ‚ĖĎ‚Ėą   ‚ĖĎ‚Ėą‚ĖĄ ‚ĖĎ‚Ėą‚Ėď‚ĖĎ  ‚ĖĎ‚Ėď‚Ėą‚ĖÄ ‚ĖĄ‚Ėď‚Ėí‚Ėą‚Ėą‚Ėą‚Ėí‚Ėď   ‚ĖĎ
     ‚Ė†  ‚Ėą‚Ėď    ‚Ėď‚Ėą‚ĖĎ      ‚ĖĎ‚Ėď‚Ėą   ‚Ėď‚Ėą‚Ėď   ‚Ėą‚Ėą ‚Ėą‚ĖĄ‚ĖĎ ‚ĖĎ‚Ėą‚ĖĎ  ‚Ėą    ‚ĖĎ‚Ėą ‚ĖĎ ‚Ėą‚ĖĎ ‚ĖĎ‚Ėą‚ĖÄ ‚ĖĄ‚Ėď‚Ėí‚Ėą‚Ėą‚Ėą‚Ėą‚Ėą‚Ėą‚Ėí‚Ėď  ‚ĖĎ
      ‚ĖĎ ‚Ėą‚Ėď    ‚Ėą‚ĖĎ      ‚ĖĎ‚Ėą‚Ėą‚ĖĎ    ‚ĖĎ   ‚ĖĎ‚Ėą ‚ĖĎ‚Ėą‚ĖÄ‚Ėą‚Ėď‚Ėą‚Ėą‚ĖĄ  ‚Ėą    ‚Ėď‚Ėą‚ĖĄ  ‚Ėą‚Ėą‚Ėď‚Ėą‚ĖÄ‚ĖĄ‚Ėď‚Ėí‚Ėą‚Ėą‚Ėą‚ĖÄ‚ĖĄ‚ĖĄ‚ĖÄ‚Ėą‚Ėą‚Ėí‚ĖĆ
      ‚Ė† ‚ĖĎ‚Ėą‚ĖĎ  ‚Ėą‚Ėď‚ĖĎ     ‚ĖĎ‚Ėď‚Ėą‚ĖÄ‚Ėą‚ĖĎ     ‚ĖĎ‚Ėď‚Ėą‚ĖÄ‚ĖĎ‚Ėď‚Ėą ‚ĖÄ‚Ėą‚ĖÄ ‚Ėą‚ĖĎ‚Ėď‚Ėą‚Ėą‚ĖĎ‚Ėď‚Ėą‚Ėą‚Ėą‚ĖÄ‚Ė†  ‚Ėą‚ĖÄ ‚Ėď‚Ėí‚Ėą‚Ėą‚Ėą‚Ėą‚Ėą‚ĖĄ‚Ėď‚ĖĎ‚ĖĄ‚Ėą‚Ėą‚Ėą‚Ėď
 ‚ĖÄ‚ĖÄ‚Ėď‚Ėą‚ĖĄ‚ĖĄ  ‚Ėą‚ĖĎ  ‚Ėď‚ĖĎ     ‚ĖĎ‚Ėą‚Ėą ‚ĖĎ‚ĖÄ‚Ėą‚Ėď‚ĖĎ‚ĖĎ‚ĖĎ‚Ėď‚Ėą‚Ėą‚ĖÄ‚Ėą‚Ėą‚Ėą‚ĖÄ  ‚ĖĎ  ‚ĖÄ‚Ėą‚Ėą‚ĖÄ‚Ėą‚Ėą‚Ėą‚ĖÄ    ‚ĖĎ  ‚ĖĄ ‚ĖĎ‚ĖÄ‚Ėď‚Ėí‚Ėą‚Ėą‚Ėą‚Ėą‚ĖĄ‚ĖĄ‚Ėą‚Ėą‚Ėą‚Ėą‚Ėí‚ĖĆ
 ‚ĖĎ  ‚ĖÄ‚Ėą‚ĖĎ‚Ėą ‚Ėą‚Ėď  ‚Ėą‚ĖĎ     ‚Ėď‚Ėą ‚ĖĎ‚ĖĎ  ‚ĖÄ‚ĖÄ‚ĖÄ‚ĖÄ‚ĖÄ ‚ĖĄ‚ĖĄ‚ĖĄ‚ĖĄ‚ĖĄ‚ĖĄ‚ĖĄ‚ĖĄ‚ĖĄ‚ĖĄ‚ĖĄ‚ĖĄ‚ĖĄ‚ĖĄ‚ĖĄ    ‚ĖĎ‚ĖĎ ‚ĖĎ ‚ĖĄ‚Ėą‚Ėą‚Ėą‚ĖĄ ‚ĖĎ‚ĖÄ‚Ėď‚Ėí‚Ėą‚Ėą‚Ėą‚Ėą‚Ėą‚Ėą‚Ėą‚Ėą‚Ėą‚Ėď
      ‚Ėą  ‚Ėą‚Ėď  ‚Ėď‚ĖĎ    ‚ĖĎ‚Ėą ‚ĖĎ ‚ĖĎ‚ĖĄ‚Ėą‚Ėą‚Ėą‚Ėą‚Ėą‚Ėą‚Ėą‚Ėą‚Ėą‚ĖÄ‚ĖÄ‚ĖÄ‚ĖÄ‚ĖÄ‚ĖÄ‚ĖÄ‚ĖÄ‚ĖÄ‚ĖÄ‚ĖÄ‚Ėą‚Ėą‚Ėą‚Ėą‚Ėą‚Ėą‚Ėą‚Ėą‚Ėą‚Ėą‚Ėą‚Ėą‚Ėą‚Ėą‚Ėą‚Ėą‚Ėą‚ĖĄ ‚ĖĎ‚ĖÄ‚Ėď‚Ėą‚Ėą‚Ėą‚ĖÄ‚ĖÄ‚Ėď‚Ėą‚Ėą‚Ėí‚ĖĆ
   ‚Ė† ‚ĖĎ  ‚ĖĎ ‚Ėą‚ĖĎ ‚Ėď‚ĖĎ   ‚ĖĎ‚Ėą  ‚ĖĄ‚ĖĄ‚Ėď‚Ėą‚Ėą‚Ėą‚Ėą‚Ėą‚Ėą‚ĖÄ‚ĖĎ    PROUDLY    ‚ĖĎ‚ĖÄ‚Ėą‚Ėą‚Ėą‚Ėą‚Ėą‚Ėą‚Ėď‚ĖĄ‚ĖĄ‚ĖÄ‚Ėď‚Ėą‚Ėą‚Ėą‚Ėą‚ĖĄ ‚ĖĎ‚ĖÄ   ‚ĖĎ‚ĖÄ‚Ėí‚Ėą‚Ėą‚Ėď
 ‚ĖĎ     ‚ĖĄ  ‚Ėą‚ĖĎ     ‚ĖĎ‚Ėą‚Ėą‚ĖĎ‚ĖĄ‚Ėą‚Ėą‚Ėą‚Ėą‚ĖÄ‚ĖĎ     PRESENTS TO YOU     ‚ĖĎ‚ĖÄ‚Ėą‚Ėą‚Ėą‚Ėą‚ĖĄ‚ĖĎ‚Ėď‚Ėą‚Ėą‚Ėą‚Ėą‚Ėą‚ĖĄ     ‚ĖĎ‚Ėď‚Ėą‚Ėą‚Ėí
    ‚ĖĄ‚ĖĄ‚Ėą‚ĖĎ‚Ėą ‚Ėą‚Ėď‚ĖĎ    ‚ĖĎ‚Ėą  ‚Ėą‚Ėą‚ĖÄ‚ĖĎ   ‚ĖĄ‚Ėď‚Ėą‚ĖĄ‚ĖĎ     ‚ĖĄ‚ĖĄ‚ĖĄ‚ĖĄ‚ĖĄ     ‚ĖĎ‚ĖĄ‚Ėą‚Ėď‚ĖĄ   ‚ĖĎ‚ĖÄ‚Ėą‚Ėą‚ĖĆ‚ĖĎ‚Ėí‚Ėą‚Ėą‚Ėí‚Ėď‚ĖÄ‚ĖĎ   ‚ĖĎ‚ĖĄ‚Ėí‚Ėą‚Ėą‚Ėí
  ‚ĖĄ‚Ėą‚Ėą‚Ėď‚Ėą‚ĖÄ  ‚ĖÄ‚Ėą‚Ėď‚ĖĎ   ‚Ėď‚Ėą ‚Ėą‚Ėą‚ĖĆ‚ĖĎ  ‚ĖĄ‚Ėď‚ĖĎ‚Ėą‚Ėą‚Ėą‚Ėą‚ĖĄ‚ĖĎ ‚ĖÄ‚Ėą‚Ėą‚Ėą‚Ėą‚Ėą‚Ėą‚Ėą‚ĖÄ ‚ĖĎ‚ĖĄ‚Ėą‚Ėą‚Ėą‚Ėą‚ĖĎ‚Ėď‚ĖĄ  ‚ĖĎ‚Ėź‚Ėą‚Ėą ‚Ėź‚Ėí‚Ėď‚ĖÄ‚ĖĎ  ‚ĖĄ‚ĖĄ‚ĖĄ‚Ėą‚Ėď‚Ėą‚Ėą‚Ėą‚Ėą
 ‚Ėą‚ĖÄ‚ĖÄ    ‚ĖĎ ‚ĖĎ‚ĖÄ‚Ėą‚Ėď‚ĖĎ‚ĖĎ‚Ėď‚Ėą‚Ėą‚ĖĎ‚Ėą‚Ėą‚ĖĎ  ‚Ėą‚Ėď‚ĖĎ‚Ėą‚Ėą‚Ėą‚Ėą‚Ėą‚Ėą‚Ėą‚ĖĄ‚ĖĎ ‚ĖÄ‚Ėą‚Ėą‚Ėą‚ĖÄ ‚ĖĎ‚ĖĄ‚Ėą‚Ėą‚Ėą‚Ėą‚Ėą‚Ėą‚Ėą‚ĖĎ‚Ėď‚Ėą  ‚ĖĎ‚Ėą‚Ėą ‚ĖĎ‚ĖÄ‚ĖĎ  ‚ĖĄ‚Ėą‚Ėą‚Ėą‚Ėą‚Ėą‚ĖÄ‚Ėą‚Ėą‚Ėą‚Ėą
    ‚Ė† ‚ĖĎ‚ĖĄ‚ĖĄ‚ĖĄ‚ĖĄ‚ĖĄ ‚ĖÄ‚ĖÄ‚ĖÄ‚ĖÄ‚ĖÄ ‚ĖĄ‚Ėą‚ĖĆ‚ĖĎ   ‚ĖÄ‚ĖÄ‚ĖÄ‚ĖÄ‚ĖÄ‚ĖÄ‚ĖÄ‚ĖÄ‚ĖÄ‚ĖÄ‚ĖÄ   ‚ĖÄ   ‚ĖÄ‚ĖÄ‚ĖÄ‚ĖÄ‚ĖÄ‚ĖÄ‚ĖÄ‚ĖÄ‚ĖÄ‚ĖÄ‚ĖÄ   ‚ĖĎ‚Ėź‚Ėą‚ĖĄ    ‚ĖĎ‚ĖÄ‚ĖĄ‚ĖĄ‚ĖĄ‚ĖĄ‚ĖĄ‚ĖĄ ‚ĖÄ‚Ėą‚Ėą
  ‚Ė†  ‚ĖĄ‚Ėą‚Ėą‚Ėą‚Ėą‚Ėą‚Ėą‚Ėą‚Ėą‚Ėą‚Ėą‚Ėą‚Ėą‚Ėą‚Ėą‚Ėď‚ĖĎ                                     ‚ĖĎ‚Ėď‚Ėą‚Ėą‚Ėą‚Ėą‚Ėą‚Ėą‚Ėą‚Ėą‚Ėą‚Ėą‚Ėą‚Ėą‚Ėą‚Ėą‚ĖĄ‚ĖÄ‚Ėą
 ‚ĖĎ  ‚ĖĄ‚Ėą‚Ėą‚ĖÄ‚ĖĎ‚ĖĎ‚ĖĎ‚ĖĎ‚ĖĎ‚ĖĎ‚ĖÄ‚Ėą‚Ėą‚Ėą‚Ėą‚ĖÄ‚ĖĎ     The Tale Of Despereaux (2008)     ‚ĖĎ‚ĖÄ‚Ėą‚Ėą‚Ėą‚Ėą‚ĖÄ‚ĖĎ‚ĖĎ‚ĖĎ‚ĖĎ‚ĖĎ‚ĖĎ‚ĖÄ‚Ėą‚Ėą‚ĖĄ‚ĖÄ
   ‚ĖĄ‚Ėą‚ĖÄ‚ĖĎ‚ĖĎ‚Ėą‚Ėą‚Ėą‚Ėą‚Ėą‚Ėą‚Ėą‚Ėą‚Ėą‚Ėą‚ĖĆ                                           ‚Ėź‚Ėą‚Ėą‚Ėą‚Ėą‚Ėą‚Ėą‚Ėą‚Ėą‚Ėą‚Ėą‚ĖĎ‚ĖĎ‚ĖÄ‚Ėą‚ĖĄ
  ‚Ėź‚Ėą‚ĖĆ‚ĖĎ‚Ėą‚Ėą‚Ėą‚Ėą‚Ėą‚Ėą‚Ėą‚Ėą‚Ėą‚ĖÄ‚Ėą‚Ėą‚ĖĎ Video..........: Untouched                ‚ĖĎ‚Ėą‚Ėą‚ĖĄ‚Ėą‚Ėą‚Ėą‚Ėą‚Ėą‚Ėą‚Ėą‚Ėą‚Ėą‚ĖĎ‚Ėź‚Ėą‚ĖĆ
  ‚Ėź‚Ėą‚ĖĎ‚Ėą‚Ėą‚Ėą‚Ėą‚Ėą‚ĖĎ‚ĖÄ‚ĖĎ‚Ėą‚Ėą‚Ėą‚Ėą‚ĖĎ  Aspect Ratio...: 2.35:1 Anamorphic         ‚ĖĎ‚Ėą‚Ėą‚Ėą‚Ėą‚ĖĎ‚ĖÄ‚ĖĎ‚Ėą‚Ėą‚Ėą‚Ėą‚Ėą‚ĖĎ‚Ėą‚ĖĆ
  ‚Ėź‚Ėą‚ĖĆ‚ĖĎ‚Ėą‚Ėą‚Ėą‚ĖÄ ‚ĖĎ ‚ĖÄ‚Ėą‚Ėą‚Ėą‚ĖĆ  Audio..........: 5.1 Dolby Surround        ‚Ėź‚Ėą‚Ėą‚Ėą‚ĖÄ ‚ĖĎ ‚ĖÄ‚Ėą‚Ėą‚Ėą‚ĖĎ‚Ėź‚Ėą‚ĖĆ
  ‚ĖĎ‚Ėą‚Ėą‚ĖĎ‚Ėą‚Ėą‚ĖĎ‚Ėí‚Ėď‚Ėą‚Ėď‚Ėí‚ĖĎ‚Ėą‚ĖĎ   Source.........: R1 Retail                  ‚ĖĎ‚Ėą‚ĖĎ‚Ėí‚Ėď‚Ėą‚Ėď‚Ėí‚ĖĎ‚Ėą‚Ėą‚ĖĎ‚Ėą‚Ėą‚ĖĎ
   ‚ĖĎ‚Ėą‚ĖĆ‚ĖĎ‚Ėą‚Ėą‚ĖĄ ‚ĖĎ ‚ĖĄ‚Ėą‚Ėą‚Ėą‚ĖĆ  Audio Language.: English                   ‚Ėź‚Ėą‚Ėą‚Ėą‚ĖĄ ‚ĖĎ ‚ĖĄ‚Ėą‚Ėą‚ĖĎ‚Ėź‚Ėą‚ĖĎ
    ‚ĖĄ‚Ėą‚ĖĎ‚Ėą‚Ėą‚Ėą‚ĖĎ‚ĖĄ‚ĖĎ‚Ėą‚Ėą‚Ėą‚Ėą‚ĖĎ  Subtitles......: English|French|Spanish    ‚ĖĎ‚Ėą‚Ėą‚Ėą‚Ėą‚ĖĎ‚ĖĄ‚ĖĎ‚Ėą‚Ėą‚Ėą‚ĖĎ‚Ėą‚ĖĄ
   ‚Ėź‚Ėą‚ĖĆ‚ĖĎ‚Ėą‚Ėą‚Ėą‚Ėą‚Ėą‚Ėą‚Ėą‚Ėą‚Ėą‚Ėą‚Ėą  Image Type.....: .img                      ‚Ėą‚Ėą‚Ėą‚Ėą‚Ėą‚Ėą‚Ėą‚Ėą‚Ėą‚Ėą‚Ėą‚ĖĎ‚Ėź‚Ėą‚ĖĆ
   ‚Ėą‚Ėą‚ĖĎ‚Ėą‚Ėą‚Ėą‚Ėą‚Ėą‚Ėą‚Ėą‚Ėą‚Ėą‚Ėą‚Ėą‚Ėą  Menu...........: Reauthored                ‚Ėą‚Ėą‚Ėą‚Ėą‚Ėą‚Ėą‚Ėą‚Ėą‚Ėą‚Ėą‚Ėą‚Ėą‚ĖĎ‚Ėą‚Ėą
  ‚Ėź‚Ėą‚ĖĆ‚ĖĎ‚Ėą‚Ėą‚Ėą‚Ėą‚Ėą‚ĖĄ‚ĖÄ‚ĖĄ‚Ėą‚Ėą‚Ėą‚Ėą  Extras.........: Patrially Stripped        ‚Ėą‚Ėą‚Ėą‚Ėą‚ĖĄ‚ĖÄ‚ĖĄ‚Ėą‚Ėą‚Ėą‚ĖÄ‚Ėą‚ĖĎ‚Ėź‚Ėą‚ĖĆ
  ‚Ėź‚Ėą‚ĖĎ‚Ėą‚Ėą‚Ėą‚Ėą‚Ėą‚Ėą‚Ėą‚Ėą‚Ėą‚Ėą‚Ėą‚Ėą‚Ėą  RAR Count......: 95x50                     ‚Ėą‚Ėą‚Ėą‚Ėą‚Ėą‚Ėą‚Ėą‚Ėą‚Ėą‚Ėą‚Ėą‚Ėą‚Ėą‚ĖĎ‚Ėą‚ĖĆ
  ‚Ėź‚Ėą‚ĖĎ‚Ėą‚Ėą‚Ėą‚Ėą‚Ėą‚Ėą‚Ėą‚Ėą‚Ėą‚ĖĄ‚Ėą‚Ėą‚ĖĎ  Theater Date...: 12.19.2008                ‚ĖĎ‚Ėą‚Ėą‚ĖĄ‚Ėą‚Ėą‚Ėą‚Ėą‚Ėą‚Ėą‚Ėą‚Ėą‚Ėą‚ĖĎ‚Ėą‚ĖĆ
   ‚ĖÄ‚Ėą‚Ėą‚Ėą‚Ėą‚ĖÄ‚ĖĄ‚ĖÄ‚Ėą‚Ėą‚Ėą‚Ėą‚Ėą‚Ėą‚ĖĆ  DVD Date.......: 04.07.2009                ‚Ėź‚Ėą‚Ėą‚Ėą‚Ėą‚Ėą‚Ėą‚Ėą‚Ėą‚Ėą‚Ėą‚Ėą‚Ėą‚Ėą‚ĖÄ
     ‚Ėď‚Ėą‚Ėą‚Ėą‚Ėą‚Ėą‚Ėą‚Ėą‚Ėą‚Ėą‚Ėą‚Ėą‚ĖĆ  Release Date...: 03.29.2009                ‚Ėź‚Ėą‚Ėą‚Ėą‚Ėą‚Ėą‚ĖÄ‚ĖĄ‚ĖÄ‚Ėą‚Ėą‚Ėą‚Ėď
   ‚Ė† ‚ĖĎ‚Ėď‚Ėą‚Ėą‚Ėą‚Ėą‚Ėą‚Ėą‚Ėą‚Ėą‚Ėą‚ĖĎ   Genre..........: Adventure|Animation        ‚ĖĎ‚Ėą‚Ėą‚Ėą‚Ėą‚Ėą‚Ėą‚Ėą‚Ėą‚Ėą‚Ėď‚ĖĎ ‚Ė†
      ‚ĖĎ‚Ėď‚Ėą‚Ėą‚Ėą‚Ėą‚Ėą‚ĖÄ‚Ėą‚Ėą‚Ėą‚ĖĆ  Runtime........: 94 mins                   ‚Ėź‚Ėą‚Ėą‚Ėą‚Ėą‚Ėą‚Ėą‚Ėą‚Ėą‚Ėą‚Ėď‚ĖĎ
     ‚ĖĎ ‚ĖĎ‚Ėď‚Ėą‚Ėą‚Ėą‚Ėą‚Ėą‚Ėą‚Ėą‚Ėą‚ĖĎ  IMDB Rating....: 6.0/10 (2,787 Votes)      ‚ĖĎ‚Ėą‚Ėą‚Ėą‚ĖĄ‚Ėą‚Ėą‚Ėą‚Ėą‚Ėď‚ĖĎ ‚ĖĎ
     ‚ĖĎ  ‚ĖĎ‚Ėď‚Ėą‚Ėą‚Ėą‚ĖĄ‚Ėą‚Ėą‚Ėą‚ĖĎ                                             ‚ĖĎ‚Ėą‚Ėą‚Ėą‚Ėą‚ĖĄ‚Ėą‚Ėą‚Ėď‚ĖĎ ‚ĖĎ
       ‚ĖĎ  ‚ĖĎ‚ĖÄ‚Ėą‚Ėą‚Ėą‚Ėą‚Ėą  ‚Ė†                                         ‚Ė†  ‚Ėą‚Ėą‚Ėą‚Ėą‚Ėą‚Ėą‚ĖĎ ‚ĖĎ
     ‚ĖĎ   ‚ĖĄ‚ĖĄ‚ĖĎ‚Ėą‚Ėą‚Ėą‚Ėą‚ĖĎ‚ĖĄ‚ĖĄ‚ĖĄ‚ĖĄ‚ĖĄ‚ĖĄ ‚Ėą‚Ėą‚ĖÄ‚ĖĄ ‚Ėą‚Ėą  ‚Ėą‚Ėą‚ĖÄ‚ĖÄ   ‚ĖÄ‚ĖÄ ‚Ėą‚Ėą ‚Ėą ‚Ėą‚Ėą‚ĖÄ‚ĖÄ ‚Ėą‚Ėą‚ĖÄ‚Ėą ‚ĖĄ‚ĖĄ‚ĖĄ‚ĖĄ‚ĖĄ‚ĖĄ‚ĖĎ‚Ėą‚Ėą‚Ėą‚Ėą‚ĖĎ‚ĖĄ‚ĖĄ   ‚ĖĎ
        ‚ĖĎ‚Ėą‚Ėą‚Ėą‚Ėą‚Ėą‚Ėą‚Ėą‚Ėą‚Ėą‚ĖÄ‚Ėď‚ĖĎ‚ĖĎ  ‚Ėą‚Ėą ‚Ėą ‚Ėą‚Ėą  ‚Ėą‚Ėą‚ĖĄ‚ĖĄ   ‚Ėą‚Ėą ‚Ėą‚Ėą‚ĖĆ‚Ėą ‚Ėą‚Ėą‚ĖĄ  ‚Ėą‚Ėą ‚Ėą  ‚ĖĎ‚ĖĎ‚Ėď‚ĖÄ‚Ėą‚Ėą‚Ėą‚Ėą‚Ėą‚Ėą‚Ėą‚Ėą‚Ėą‚ĖĎ
      ‚ĖĄ‚ĖĎ‚Ėą‚Ėą‚Ėą‚Ėď‚ĖÄ‚Ėď‚Ėą‚Ėą‚Ėą‚Ėą‚Ėą‚ĖĄ‚ĖĄ‚ĖĄ  ‚Ėą‚Ėą‚ĖÄ‚ĖĄ ‚Ėą‚Ėą‚ĖĄ ‚ĖĄ‚ĖĄ‚Ėą‚Ėą   ‚Ėą‚Ėą ‚Ėą‚Ėą‚Ėź‚Ėą ‚Ėą‚Ėą   ‚Ėą‚Ėą‚ĖĄ‚Ėą  ‚ĖĄ‚ĖĄ‚ĖĄ‚Ėą‚Ėą‚Ėą‚Ėą‚Ėą‚Ėď‚ĖÄ‚Ėď‚Ėą‚Ėą‚Ėą‚ĖĎ‚ĖĄ
     ‚Ėź‚Ėą‚Ėą‚Ėí‚Ėď‚ĖÄ    ‚ĖÄ‚ĖÄ‚ĖÄ   ‚Ė† ‚ĖĄ‚ĖĄ‚ĖĄ‚ĖĄ‚ĖĄ‚ĖĄ‚ĖĄ‚ĖĄ‚ĖĄ‚ĖĄ‚ĖĄ‚ĖĄ‚ĖĄ‚ĖĄ‚ĖĄ‚ĖĄ‚ĖĄ‚ĖĄ‚ĖĄ‚ĖĄ‚ĖĄ‚ĖĄ‚ĖĄ‚ĖĄ‚ĖĄ‚ĖĄ‚ĖĄ‚ĖĄ‚ĖĄ‚ĖĄ‚ĖĄ‚ĖĄ‚ĖĄ‚ĖĄ‚ĖĄ ‚Ė†   ‚ĖÄ‚ĖÄ‚ĖÄ    ‚ĖÄ‚Ėď‚Ėí‚Ėą‚Ėą‚ĖĆ
     ‚Ėą‚Ėď‚ĖÄ                                                                 ‚ĖÄ‚Ėď‚Ėą
     ‚ĖĆ                 http://www.imdb.com/title/tt0420238                 ‚Ėź
     ‚ĖĆ                                                                     ‚Ėź
     ‚ĖĆ                        Awards: 7 Nominations                        ‚Ėź
     ‚ĖĆ        $10,103,675 (USA) (2008-12-21) (2,758 Screens) (Wide)        ‚Ėź
     ‚ĖĆ                                                                     ‚Ėź
     ‚ĖĆ      ‚ĖĄ‚ĖĄ‚ĖĄ‚ĖĄ‚ĖĄ‚ĖĄ‚ĖĄ‚ĖĄ‚ĖĄ‚ĖĄ‚ĖĄ                                   ‚ĖĄ‚ĖĄ‚ĖĄ‚ĖĄ‚ĖĄ‚ĖĄ‚ĖĄ‚ĖĄ‚ĖĄ‚ĖĄ‚ĖĄ      ‚Ėź
     ‚ĖĆ      ‚Ėź‚Ėą‚Ėą‚Ėą‚Ėą‚Ėą‚Ėą‚Ėą‚Ėą‚Ėą‚Ėą‚Ėą‚Ėą‚ĖÄ‚ĖÄ‚ĖÄ  ‚Ė† ‚Ėą‚Ėą‚ĖÄ‚Ėą ‚Ėą‚Ėą  ‚Ėą‚Ėą‚ĖÄ‚Ėą ‚ĖÄ‚Ėą‚Ėą‚ĖÄ ‚Ė† ‚ĖÄ‚ĖÄ‚ĖÄ‚Ėą‚Ėą‚Ėą‚Ėą‚Ėą‚Ėą‚Ėą‚Ėą‚Ėą‚Ėą‚Ėą‚Ėą‚ĖĆ      ‚Ėź
     ‚ĖĆ       ‚ĖÄ‚Ėą‚Ėą‚Ėą‚Ėď‚Ėď‚Ėď‚Ėí‚Ėí‚ĖĎ‚Ėď‚ĖĎ‚ĖĎ‚ĖĄ‚ĖĄ‚ĖĄ   ‚Ėą‚Ėą‚ĖÄ‚ĖÄ ‚Ėą‚Ėą‚ĖĄ ‚Ėą‚Ėą‚ĖĄ‚Ėą  ‚Ėą‚Ėą   ‚ĖĄ‚ĖĄ‚ĖĄ‚ĖĎ‚ĖĎ‚Ėď‚ĖĎ‚Ėí‚Ėí‚Ėď‚Ėď‚Ėď‚Ėą‚Ėą‚Ėą‚ĖÄ       ‚Ėź
     ‚ĖĆ          ‚ĖÄ‚ĖÄ‚ĖÄ‚ĖÄ‚ĖÄ‚ĖÄ‚ĖÄ‚ĖÄ‚ĖÄ‚ĖÄ    ‚ĖĄ‚ĖĄ‚ĖĄ‚ĖĄ‚ĖĄ‚ĖĄ‚ĖĄ‚ĖĄ‚ĖĄ‚ĖĄ‚ĖĄ‚ĖĄ‚ĖĄ‚ĖĄ‚ĖĄ‚ĖĄ‚ĖĄ‚ĖĄ‚ĖĄ‚ĖĄ‚ĖĄ    ‚ĖÄ‚ĖÄ‚ĖÄ‚ĖÄ‚ĖÄ‚ĖÄ‚ĖÄ‚ĖÄ‚ĖÄ‚ĖÄ          ‚Ėź
     ‚ĖĆ                                                                     ‚Ėź
     ‚ĖĆ      The tale of three unlikely heroes - a misfit mouse who         ‚Ėź
     ‚ĖĆ      prefers reading books to eating them, an unhappy rat who       ‚Ėź
     ‚ĖĆ      schemes to leave the darkness of the dungeon, and a            ‚Ėź
     ‚ĖĆ      bumbling servant girl with cauliflower ears - whose fates      ‚Ėź
     ‚ĖĆ      are intertwined with that of the castle's princess.            ‚Ėź
     ‚ĖĆ                                                                     ‚Ėź
     ‚ĖĆ      ‚ĖĄ‚ĖĄ‚ĖĄ‚ĖĄ‚ĖĄ‚ĖĄ‚ĖĄ‚ĖĄ‚ĖĄ‚ĖĄ‚ĖĄ                                   ‚ĖĄ‚ĖĄ‚ĖĄ‚ĖĄ‚ĖĄ‚ĖĄ‚ĖĄ‚ĖĄ‚ĖĄ‚ĖĄ‚ĖĄ      ‚Ėź
     ‚ĖĆ      ‚Ėź‚Ėą‚Ėą‚Ėą‚Ėą‚Ėą‚Ėą‚Ėą‚Ėą‚Ėą‚Ėą‚Ėą‚Ėą‚ĖÄ‚ĖÄ‚ĖÄ ‚Ė† ‚Ėą‚Ėą‚ĖÄ‚ĖÄ ‚Ėą‚Ėą‚ĖÄ‚Ėą ‚Ėą‚Ėą‚ĖÄ‚ĖÄ ‚ĖÄ‚Ėą‚Ėą‚ĖÄ ‚Ė† ‚ĖÄ‚ĖÄ‚ĖÄ‚Ėą‚Ėą‚Ėą‚Ėą‚Ėą‚Ėą‚Ėą‚Ėą‚Ėą‚Ėą‚Ėą‚Ėą‚ĖĆ      ‚Ėź
     ‚ĖĆ       ‚ĖÄ‚Ėą‚Ėą‚Ėą‚ĖĎ‚ĖĎ‚ĖĎ‚Ėí‚Ėí‚ĖĎ‚Ėď‚ĖĎ‚ĖĎ‚ĖĄ‚ĖĄ‚ĖĄ  ‚Ėą‚Ėą‚ĖĄ‚ĖĄ ‚Ėą‚Ėą‚ĖÄ‚Ėą ‚ĖĄ‚ĖĄ‚Ėą‚Ėą  ‚Ėą‚Ėą   ‚ĖĄ‚ĖĄ‚ĖĄ‚ĖĎ‚ĖĎ‚Ėď‚ĖĎ‚Ėí‚Ėí‚ĖĎ‚ĖĎ‚ĖĎ‚Ėą‚Ėą‚Ėą‚ĖÄ       ‚Ėź
     ‚ĖĆ          ‚ĖÄ‚ĖÄ‚ĖÄ‚ĖÄ‚ĖÄ‚ĖÄ‚ĖÄ‚ĖÄ‚ĖÄ‚ĖÄ    ‚ĖĄ‚ĖĄ‚ĖĄ‚ĖĄ‚ĖĄ‚ĖĄ‚ĖĄ‚ĖĄ‚ĖĄ‚ĖĄ‚ĖĄ‚ĖĄ‚ĖĄ‚ĖĄ‚ĖĄ‚ĖĄ‚ĖĄ‚ĖĄ‚ĖĄ‚ĖĄ‚ĖĄ    ‚ĖÄ‚ĖÄ‚ĖÄ‚ĖÄ‚ĖÄ‚ĖÄ‚ĖÄ‚ĖÄ‚ĖÄ‚ĖÄ          ‚Ėź
     ‚ĖĆ                                                                     ‚Ėź
     ‚ĖĆ      Matthew Broderick.......... : .........Despereaux (voice)      ‚Ėź
     ‚ĖĆ      Dustin Hoffman............. : ............Roscuro (voice)      ‚Ėź
     ‚ĖĆ      Emma Watson................ : .......Princess Pea (voice)      ‚Ėź
     ‚ĖĆ      Tracey Ullman.............. : ........Miggery Sow (voice)      ‚Ėź
     ‚ĖĆ      Kevin Kline................ : ..............Andre (voice)      ‚Ėź
     ‚ĖĆ      William H. Macy............ : .............Lester (voice)      ‚Ėź
     ‚ĖĆ      Stanley Tucci.............. : ..............Boldo (voice)      ‚Ėź
     ‚ĖĆ      Ciar√ün Hinds............... : .........Botticelli (voice)      ‚Ėź
     ‚ĖĆ      Robbie Coltrane............ : ............Gregory (voice)      ‚Ėź
     ‚ĖĆ      Tony Hale.................. : ...........Furlough (voice)      ‚Ėź
     ‚ĖĆ      Frances Conroy............. : .........Antoinette (voice)      ‚Ėź
     ‚ĖĆ      Frank Langella............. : ..............Mayor (voice)      ‚Ėź
     ‚ĖĆ      Richard Jenkins............ : ..........Principal (voice)      ‚Ėź
     ‚ĖĆ      Christopher Lloyd.......... : ..............Hovis (voice)      ‚Ėź
     ‚ĖĆ      Charles Shaughnessy........ : .............Pietro (voice)      ‚Ėź
     ‚ĖĆ                                                                     ‚Ėź
     ‚Ėą‚ĖĄ          ‚Ė†                                                 ‚Ė†      ‚ĖĄ‚Ėą
     ‚ĖĆ ‚ĖĎ‚Ėą‚ĖĎ‚ĖĄ‚ĖĄ  ‚Ėą‚Ėą‚ĖÄ‚ĖĄ ‚Ėą‚Ėą  ‚Ėą‚Ėą‚ĖÄ‚ĖĄ ‚Ėą‚Ėą‚ĖÄ‚ĖĄ ‚Ėą‚Ėą‚ĖÄ‚ĖÄ ‚Ėą‚Ėą‚ĖÄ‚ĖĄ ‚Ėą‚Ėą ‚Ėą ‚Ėą‚Ėą‚ĖÄ‚Ėą ‚ĖÄ‚Ėą‚Ėą‚ĖÄ ‚Ėą‚Ėą‚ĖÄ‚ĖÄ ‚Ėą‚Ėą‚ĖÄ‚ĖÄ  ‚ĖĄ‚ĖĄ‚ĖĎ‚Ėą‚ĖĎ‚ĖĎ‚Ėź
     ‚ĖĆ‚ĖĎ‚Ėą‚Ėą‚Ėą‚ĖÄ‚ĖĎ  ‚Ėą‚Ėą ‚Ėą ‚Ėą‚Ėą  ‚Ėą‚Ėą ‚Ėą ‚Ėą‚Ėą ‚Ėą ‚Ėą‚Ėą‚ĖĄ  ‚Ėą‚Ėą ‚Ėą ‚Ėą‚Ėą‚ĖĆ‚Ėą ‚Ėą‚Ėą ‚Ėą  ‚Ėą‚Ėą  ‚Ėą‚Ėą‚ĖĄ  ‚Ėą‚Ėą‚ĖĄ‚ĖĄ  ‚ĖĎ‚ĖÄ‚Ėą‚Ėą‚Ėą‚ĖĎ‚Ėą
    ‚Ėą‚ĖĎ‚Ėą‚Ėď‚Ėą‚Ėď‚Ėą‚ĖĄ  ‚Ėą‚Ėą‚ĖÄ‚ĖĄ ‚Ėą‚Ėą  ‚Ėą‚Ėą‚ĖÄ  ‚Ėą‚Ėą‚ĖÄ  ‚Ėą‚Ėą‚ĖĄ‚ĖĄ ‚Ėą‚Ėą‚ĖÄ‚ĖĄ ‚Ėą‚Ėą‚Ėź‚Ėą ‚Ėą‚Ėą‚ĖĄ‚Ėą  ‚Ėą‚Ėą  ‚Ėą‚Ėą‚ĖĄ‚ĖĄ ‚ĖĄ‚ĖĄ‚Ėą‚Ėą  ‚ĖĄ‚Ėą‚Ėď‚Ėą‚Ėď‚Ėą‚ĖĎ‚Ėą
   ‚Ėź‚Ėą‚Ėą‚Ėí‚Ėď ‚ĖÄ‚ĖÄ  ‚ĖĄ‚ĖĄ‚ĖĄ‚ĖĄ‚ĖĄ‚ĖĄ‚ĖĄ‚ĖĄ‚ĖĄ‚ĖĄ‚ĖĄ‚ĖĄ‚ĖĄ‚ĖĄ‚ĖĄ‚ĖĄ‚ĖĄ‚ĖĄ‚ĖĄ‚ĖĄ‚ĖĄ‚ĖĄ‚ĖĄ‚ĖĄ‚ĖĄ‚ĖĄ‚ĖĄ‚ĖĄ‚ĖĄ‚ĖĄ‚ĖĄ‚ĖĄ‚ĖĄ‚ĖĄ‚ĖĄ‚ĖĄ‚ĖĄ‚ĖĄ‚ĖĄ‚ĖĄ‚ĖĄ‚ĖĄ‚ĖĄ‚ĖĄ‚ĖĄ‚ĖĄ‚ĖĄ‚ĖĄ‚ĖĄ‚ĖĄ‚ĖĄ‚ĖĄ‚ĖĄ‚ĖĄ‚ĖĄ  ‚ĖÄ‚ĖÄ ‚Ėď‚Ėí‚Ėą‚Ėą‚ĖĆ
   ‚Ėą‚Ėď‚ĖÄ                                                                     ‚ĖÄ‚Ėď‚Ėą
   ‚ĖĆ                                                                         ‚Ėź
   ‚ĖĆ                                Stripped:                                ‚Ėź
   ‚ĖĆ                                                                         ‚Ėź
   ‚ĖĆ                               Junk Cells                                ‚Ėź
   ‚ĖĆ                           Studio Intros|Logos                           ‚Ėź
   ‚ĖĆ                                Warnings                                 ‚Ėź
   ‚ĖĆ                Dolby Digital 5.1 Surround French|Spanish                ‚Ėź
   ‚ĖĆ                     Sneak Peak At Curious George 2                      ‚Ėź
   ‚ĖĆ                  The Tale Of "The Tale Of Despereaux"                   ‚Ėź
   ‚ĖĆ                 Interactive Map Of "The Kingdon Of Dor"                 ‚Ėź
   ‚ĖĆ                     Top Ten Uses For Oversized Ears                     ‚Ėź
   ‚ĖĆ                            DVD-ROM Material                             ‚Ėź
   ‚ĖĆ                                                                         ‚Ėź
   ‚ĖĆ                                                                         ‚Ėź
   ‚ĖĆ                                 Intact:                                 ‚Ėź
   ‚ĖĆ                                                                         ‚Ėź
   ‚ĖĆ                    Main Feature Untouched [FOR REAL]                    ‚Ėź
   ‚ĖĆ                16:9 WS [2.35:1] Anamorphic Presentation                 ‚Ėź
   ‚ĖĆ                   Dolby Digital 5.1 Surround: English                   ‚Ėź
   ‚ĖĆ             Optional English[SDH]|French|Spanish Subtitles              ‚Ėź
   ‚ĖĆ                         Despereaux's Quest Game                         ‚Ėź
   ‚ĖĆ                           Build A Boldo Game                            ‚Ėź
   ‚ĖĆ                                                                         ‚Ėź
   ‚ĖĆ                                                                         ‚Ėź
   ‚ĖĆ                                Modified:                                ‚Ėź
   ‚ĖĆ                                                                         ‚Ėź
   ‚ĖĆ                 Removed Marcovision Ripguard Protection                 ‚Ėź
   ‚ĖĆ                 Removed Parental Management Limitations                 ‚Ėź
   ‚ĖĆ                   Removed RCE Enhancement Protection                    ‚Ėź
   ‚ĖĆ                         First Played Main Menu                          ‚Ėź
   ‚ĖĆ                           Edited Menu Buttons                           ‚Ėź
   ‚ĖĆ                    Removed Stripped Audio References                    ‚Ėź
   ‚ĖĆ                  Removed Obsolete Subtitle References                   ‚Ėź
   ‚ĖĆ        Corrected Chain To Play Main Menu Post Feature Over Bonus        ‚Ėź
   ‚ĖĆ                                  Menu                                   ‚Ėź
   ‚ĖĆ                                                                         ‚Ėź
   ‚ĖĆ                                                                         ‚Ėź
   ‚ĖĆ                                                                         ‚Ėź
   ‚ĖĆ             Well Well BERYL And Their R4 UNTOUCHED. Well I              ‚Ėź
   ‚ĖĆ             Decided To Preform A Number Of Tests On BERYLs              ‚Ėź
   ‚ĖĆ             Release And Here Is What I Can Say What I KNOW              ‚Ėź
   ‚ĖĆ             And Can ONLY Speculate On. First I KNOW ULTRA-              ‚Ėź
   ‚ĖĆ             ISO Was Used To Created Their Image File. VTS6              ‚Ėź
   ‚ĖĆ             Is Totally Inaccessible In Their Release Which              ‚Ėź
   ‚ĖĆ             Happens To Be 247 MB I KNOW. There's Some Data              ‚Ėź
   ‚ĖĆ             That's Unreferenced Still In The BERYL Release              ‚Ėź
   ‚ĖĆ             I KNOW. The Video Stream In The BERYL Release               ‚Ėź
   ‚ĖĆ             Also Happens To Be A Meager 1863MB With A Mere              ‚Ėź
   ‚ĖĆ             Average Bitrate Of 2,794 Kbps With 3x5.1 Audio              ‚Ėź
   ‚ĖĆ             Streams And Again, Supposed Untouched Video. I              ‚Ėź
   ‚ĖĆ             KNOW There Are Obsolete Subtitle Streams Still              ‚Ėź
   ‚ĖĆ             Referenced In The Structure. Now For The Final              ‚Ėź
   ‚ĖĆ             Kicker I Decided To Do A Test Re-encode Of Our              ‚Ėź
   ‚ĖĆ             Source As It Contained The Same Extra Features              ‚Ėź
   ‚ĖĆ             And 3 x 5.1 Audios Of Identical Size. So Since              ‚Ėź
   ‚ĖĆ             DVDFab5050 Was Left In The Provider ID And The              ‚Ėź
   ‚ĖĆ             BERYL Release Seems To Be A 1-Click, I Decided              ‚Ėź
   ‚ĖĆ             To Reencode Our Release With The Same Features              ‚Ėź
   ‚ĖĆ               Intact And All 3 Audios. And The Verdict...               ‚Ėź
   ‚ĖĆ                                                                         ‚Ėź
   ‚ĖĆ          Test Results Using DVD Fab v5050 To Backup Of The R1           ‚Ėź
   ‚ĖĆ          Release With All 3 Audios And The Same Extras Made A           ‚Ėź
   ‚ĖĆ          4.16GB Release With The Default DVD5 Output Selected           ‚Ėź
   ‚ĖĆ              The Exact Same As BERYLS R4 "Untouched" ;)                 ‚Ėź
   ‚ĖĆ                                                                         ‚Ėź
   ‚ĖĆ           VOMIT Actually UNTOUCHED Video Bitrate = 4940 Kbps            ‚Ėź
   ‚ĖĆ           BERYL Supposed UNTOUCHED Video Bitrate = 2794 Kbps            ‚Ėź
   ‚ĖĆ                                                                         ‚Ėź
   ‚ĖĆ                                                                         ‚Ėź
   ‚ĖĆ             Theres Just Way Too Many Coincidences Here. We              ‚Ėź
   ‚ĖĆ             Know The Release Was Reencoded In Some Way Our              ‚Ėź
   ‚ĖĆ             DVD9 Was Around 7GB With 3 x 5.1 Audio Streams              ‚Ėź
   ‚ĖĆ             And The Same Extras. They Did Not Get All That              ‚Ėź
   ‚ĖĆ             On A Single Layer With 250 MB To Spare. As You              ‚Ėź
   ‚ĖĆ             Can See The With Their Average Bitrate, + Size              ‚Ėź
   ‚ĖĆ             Of Their Video Stream, What You Got Was A SVCD              ‚Ėź
   ‚ĖĆ                                                                         ‚Ėź
   ‚ĖĆ             Enjoy Another PROPER RETAiL R1 From VoMiT!! :)              ‚Ėź
   ‚ĖĆ                                                                         ‚Ėź
   ‚Ėą‚ĖĄ          ‚Ė†                                             ‚Ė†              ‚ĖĄ‚Ėą
   ‚ĖĆ   ‚ĖĄ‚ĖĄ‚ĖĎ‚Ėą‚Ėą‚Ėą‚Ėą‚ĖĎ‚ĖĄ‚ĖĄ‚ĖĄ  ‚Ėą‚Ėą‚ĖÄ‚Ėą ‚Ėą‚Ėą‚ĖÄ‚ĖĄ ‚Ėą‚Ėą‚ĖÄ‚Ėą   ‚Ėą‚Ėą ‚Ėą ‚Ėą‚Ėą‚ĖÄ‚Ėą ‚ĖÄ‚Ėą‚Ėą‚ĖÄ ‚Ėą‚Ėą‚ĖÄ‚ĖÄ ‚Ėą‚Ėą‚ĖÄ‚ĖÄ  ‚ĖĄ‚ĖĄ‚ĖĄ‚ĖĎ‚Ėą‚Ėą‚Ėą‚Ėą‚ĖĎ‚ĖĄ‚ĖĄ   ‚Ėź
   ‚ĖĆ  ‚ĖĎ‚Ėą‚Ėą‚Ėą‚Ėą‚Ėą‚Ėą‚Ėą‚Ėą‚Ėą‚ĖÄ‚ĖĎ  ‚Ėą‚ĖĆ‚ĖĄ‚ĖĄ ‚Ėą‚Ėą ‚Ėą ‚Ėą‚Ėą ‚Ėą   ‚Ėą‚Ėą‚ĖĆ‚Ėą ‚Ėą‚Ėą ‚Ėą  ‚Ėą‚Ėą  ‚Ėą‚Ėą‚ĖĄ  ‚Ėą‚Ėą‚ĖĄ‚ĖĄ  ‚ĖĎ‚ĖÄ‚Ėą‚Ėą‚Ėą‚Ėą‚Ėą‚Ėą‚Ėą‚Ėą‚Ėą‚ĖĎ  ‚Ėź
   ‚ĖĆ‚ĖĄ‚ĖĎ‚Ėą‚Ėą‚Ėą‚Ėď‚ĖÄ‚Ėď‚Ėą‚Ėą‚Ėą‚Ėď‚Ėą‚ĖĄ  ‚Ėą‚Ėą‚ĖĄ‚Ėą ‚Ėą‚Ėą‚ĖÄ‚ĖĄ ‚Ėą‚Ėą‚ĖÄ‚ĖÄ   ‚Ėą‚Ėą‚Ėź‚Ėą ‚Ėą‚Ėą‚ĖĄ‚Ėą  ‚Ėą‚Ėą  ‚Ėą‚Ėą‚ĖĄ‚ĖĄ ‚ĖĄ‚ĖĄ‚Ėą‚Ėą  ‚ĖĄ‚Ėą‚Ėď‚Ėą‚Ėą‚Ėą‚Ėď‚ĖÄ‚Ėď‚Ėą‚Ėą‚Ėą‚ĖĎ‚ĖĄ‚Ėź
   ‚Ėą‚Ėą‚Ėą‚Ėí‚Ėď‚ĖÄ   ‚ĖÄ‚ĖÄ‚ĖÄ‚ĖÄ  ‚ĖĄ‚ĖĄ‚ĖĄ‚ĖĄ‚ĖĄ‚ĖĄ‚ĖĄ‚ĖĄ‚ĖĄ‚ĖĄ‚ĖĄ‚ĖĄ‚ĖĄ‚ĖĄ‚ĖĄ‚ĖĄ‚ĖĄ‚ĖĄ‚ĖĄ‚ĖĄ‚ĖĄ‚ĖĄ‚ĖĄ‚ĖĄ‚ĖĄ‚ĖĄ‚ĖĄ‚ĖĄ‚ĖĄ‚ĖĄ‚ĖĄ‚ĖĄ‚ĖĄ‚ĖĄ‚ĖĄ‚ĖĄ‚ĖĄ‚ĖĄ‚ĖĄ‚ĖĄ‚ĖĄ‚ĖĄ‚ĖĄ‚ĖĄ‚ĖĄ  ‚ĖÄ‚ĖÄ‚ĖÄ‚ĖÄ   ‚ĖÄ‚Ėď‚Ėí‚Ėą‚Ėą‚Ėą
   ‚Ėą‚Ėď‚ĖÄ                                                                     ‚ĖÄ‚Ėď‚Ėą
   ‚ĖĆ           VoMiT is now looking for:                                     ‚Ėź
   ‚ĖĆ                                                                         ‚Ėź
   ‚ĖĆ            1.50mbit+ EU dump site for release spreading.                ‚Ėź
   ‚ĖĆ            2.100mbit+ affil sites for XviD/DVDR/SVCD.                   ‚Ėź
   ‚ĖĆ            3.10mbit+ 100GB dumps for personal group use.                ‚Ėź
   ‚ĖĆ            4.US/EU pre DVD suppliers.                                   ‚Ėź
   ‚ĖĆ                                                                         ‚Ėź
   ‚ĖĆ           If u can help us with any of those, contact us at:            ‚Ėź
   ‚ĖĆ                                                                         ‚Ėź
   ‚ĖĆ                             v0mit@inbox.ru                              ‚Ėź
   ‚ĖĆ                                                                         ‚Ėź
   ‚ĖĆ                           Have a nice day :P                            ‚Ėź
   ‚ĖĆ                                                                         ‚Ėź
   ‚Ėą‚ĖĄ  ‚ĖĄ‚ĖĄ‚ĖĎ‚Ėą‚Ėą‚Ėą‚Ėą‚ĖĎ‚ĖĄ‚ĖĄ‚ĖĄ‚ĖĄ‚ĖĄ     ‚Ėą‚Ėą‚ĖÄ‚Ėą ‚Ėą‚Ėą‚ĖÄ‚ĖĄ ‚Ėą‚Ėą‚ĖÄ‚ĖÄ ‚Ėą‚Ėą‚ĖÄ‚ĖÄ ‚ĖÄ‚Ėą‚Ėą‚ĖÄ  ‚Ėą‚Ėą‚ĖÄ‚ĖÄ      ‚ĖĄ‚ĖĄ‚ĖĄ‚ĖĄ‚ĖĄ‚ĖĎ‚Ėą‚Ėą‚Ėą‚Ėą‚ĖĎ‚ĖĄ‚ĖĄ  ‚ĖĄ‚Ėą
   ‚ĖĆ  ‚ĖĎ‚Ėą‚Ėą‚Ėą‚Ėą‚Ėą‚Ėą‚Ėą‚Ėą‚Ėą‚ĖÄ‚Ėď‚ĖĎ      ‚Ėą‚ĖĆ‚ĖĄ‚ĖĄ ‚Ėą‚Ėą ‚Ėą ‚Ėą‚Ėą‚ĖĄ  ‚Ėą‚Ėą‚ĖĄ   ‚Ėą‚Ėą   ‚Ėą‚Ėą‚ĖĄ‚ĖĄ       ‚ĖĎ‚Ėď‚ĖÄ‚Ėą‚Ėą‚Ėą‚Ėą‚Ėą‚Ėą‚Ėą‚Ėą‚Ėą‚ĖĎ  ‚Ėź
   ‚ĖĄ‚ĖĎ‚Ėą‚Ėą‚Ėą‚Ėď‚ĖÄ‚Ėď‚Ėą‚Ėą‚Ėą‚Ėď‚Ėą‚ĖĄ‚ĖĄ       ‚Ėą‚Ėą‚ĖĄ‚Ėą ‚Ėą‚Ėą‚ĖÄ‚ĖĄ ‚Ėą‚Ėą‚ĖĄ‚ĖĄ ‚Ėą‚Ėą‚ĖĄ‚ĖĄ  ‚Ėą‚Ėą   ‚ĖĄ‚ĖĄ‚Ėą‚Ėą        ‚ĖĄ‚ĖĄ‚Ėą‚Ėď‚Ėą‚Ėą‚Ėą‚Ėď‚ĖÄ‚Ėď‚Ėą‚Ėą‚Ėą‚ĖĎ‚ĖĄ
   ‚Ėź‚Ėą‚Ėą‚Ėí‚Ėď‚ĖÄ   ‚ĖÄ‚ĖÄ‚ĖÄ‚ĖÄ  ‚ĖĄ‚ĖĄ‚ĖĄ‚ĖĄ‚ĖĄ‚ĖĄ‚ĖĄ‚ĖĄ‚ĖĄ‚ĖĄ‚ĖĄ‚ĖĄ‚ĖĄ‚ĖĄ‚ĖĄ‚ĖĄ‚ĖĄ‚ĖĄ‚ĖĄ‚ĖĄ‚ĖĄ‚ĖĄ‚ĖĄ‚ĖĄ‚ĖĄ‚ĖĄ‚ĖĄ‚ĖĄ‚ĖĄ‚ĖĄ‚ĖĄ‚ĖĄ‚ĖĄ‚ĖĄ‚ĖĄ‚ĖĄ‚ĖĄ‚ĖĄ‚ĖĄ‚ĖĄ‚ĖĄ‚ĖĄ‚ĖĄ‚ĖĄ‚ĖĄ  ‚ĖÄ‚ĖÄ‚ĖÄ‚ĖÄ   ‚ĖÄ‚Ėď‚Ėí‚Ėą‚Ėą‚ĖĆ
   ‚Ėą‚Ėď‚ĖÄ                                                                     ‚ĖÄ‚Ėď‚Ėą
   ‚ĖĆ                HNRDVD DiAMOND DREAMLiGHT JFKDVD FRAGMENT                ‚Ėź
   ‚ĖĆ                                                                         ‚Ėź
   ‚ĖĆ                DoNE DVDR DPiMP SAPHiRE PUKKA CME WRD HLS                ‚Ėź
   ‚ĖĆ                                                                         ‚Ėź
   ‚ĖĆ                HAGGiS IGUANA iMBT BaLD FiCO VH-PROD TNAN                ‚Ėź
   ‚ĖĆ                                                                         ‚Ėź
   ‚ĖĆ ‚ĖĄ‚ĖĄ‚ĖĄ‚ĖĄ        ‚ĖĄ‚ĖĄ‚ĖĄ‚ĖĄ‚ĖĄ                                    ‚ĖĄ‚ĖĄ‚ĖĄ‚ĖĄ‚ĖĄ         ‚ĖĄ‚ĖĄ‚ĖĄ‚ĖĄ ‚Ėź
  ‚ĖĎ‚ĖÄ‚Ėą‚ĖĄ‚ĖĄ‚Ėą‚Ėą‚Ėą‚ĖĎ‚ĖĄ‚ĖĄ‚ĖĄ‚ĖĄ‚ĖĎ‚Ėą‚Ėą‚Ėą‚Ėą‚Ėą‚Ėí‚ĖĎ‚ĖÄ‚ĖÄ‚ĖÄ‚ĖÄ‚ĖÄ‚ĖÄ‚ĖÄ‚ĖÄ‚ĖÄ‚ĖÄ‚ĖÄ‚ĖÄ‚ĖÄ‚ĖÄ‚ĖÄ‚ĖÄ‚ĖÄ‚ĖÄ‚ĖÄ‚ĖÄ‚ĖÄ‚ĖÄ‚ĖÄ‚ĖÄ‚ĖÄ‚ĖÄ‚ĖÄ‚ĖÄ‚ĖÄ‚ĖÄ‚ĖÄ‚ĖÄ‚ĖÄ‚ĖÄ‚ĖĎ‚Ėí‚Ėą‚Ėą‚Ėą‚Ėą‚Ėą‚ĖĎ‚ĖĄ‚ĖĄ‚ĖĄ‚ĖĄ‚ĖĄ‚ĖĎ‚Ėą‚Ėą‚Ėą‚ĖĄ‚ĖĄ‚Ėą‚ĖÄ‚ĖĎ
  ‚Ėď‚Ėą‚Ėą‚Ėą‚Ėą‚Ėą‚Ėą‚Ėą‚Ėą‚Ėą‚Ėą‚Ėą‚Ėą‚Ėą‚Ėą‚Ėą‚Ėą‚Ėą‚Ėí‚Ėď Have you hugged your toilet today? ‚Ėď‚Ėí‚Ėą‚Ėą‚Ėą‚Ėą‚Ėą‚Ėą‚Ėą‚Ėą‚Ėą‚Ėą‚Ėą‚Ėą‚Ėą‚Ėą‚Ėą‚Ėą‚Ėą‚Ėą‚Ėď
   ‚ĖÄ‚ĖÄ‚Ėď‚Ėą‚Ėď‚Ėą‚Ėą‚Ėą‚Ėď‚ĖÄ‚ĖÄ‚Ėď‚Ėą‚Ėą‚Ėą‚Ėą‚Ėą‚Ėą‚Ėí‚ĖĎ‚ĖĄ‚ĖĄ‚ĖĄ‚ĖĄ‚ĖĄ‚ĖĄ‚ĖĄ‚ĖĄ‚ĖĄ‚ĖĄ‚ĖĄ‚ĖĄ‚ĖĄ‚ĖĄ‚ĖĄ‚ĖĄ‚ĖĄ‚ĖĄ‚ĖĄ‚ĖĄ‚ĖĄ‚ĖĄ‚ĖĄ‚ĖĄ‚ĖĄ‚ĖĄ‚ĖĄ‚ĖĄ‚ĖĄ‚ĖĄ‚ĖĄ‚ĖĄ‚ĖĄ‚ĖĄ‚ĖĎ‚Ėí‚Ėą‚Ėą‚Ėą‚Ėą‚Ėą‚Ėą‚Ėď‚ĖÄ‚ĖÄ‚ĖÄ‚Ėď‚Ėą‚Ėą‚Ėą‚Ėď‚Ėą‚Ėď‚ĖÄ‚ĖÄ
   :   ‚ĖÄ‚ĖÄ‚ĖÄ‚ĖÄ    ‚ĖÄ‚ĖÄ‚ĖÄ‚ĖÄ‚ĖÄ‚ĖÄ‚ĖÄ‚ĖÄ‚ĖÄ‚ĖÄ‚ĖÄ‚ĖÄ‚ĖÄ‚ĖÄ‚ĖÄ‚ĖÄ‚ĖÄ‚ĖÄ‚ĖÄ‚ĖÄ‚ĖÄ‚ĖÄ‚ĖÄ‚ĖÄ‚ĖÄ‚ĖÄ‚ĖÄ‚ĖÄ‚ĖÄ‚ĖÄ‚ĖÄ‚ĖÄ‚ĖÄ‚ĖÄ‚ĖÄ‚ĖÄ‚ĖÄ‚ĖÄ‚ĖÄ‚ĖÄ‚ĖÄ‚ĖÄ‚ĖÄ‚ĖÄ‚ĖÄ‚ĖÄ‚ĖÄ‚ĖÄ‚ĖÄ‚ĖÄ     ‚ĖÄ‚ĖÄ‚ĖÄ‚ĖÄ   :
   :.> 2003 <..::..>  Ascii unfortunately made by SlowBeat  <..::..>  2009 <
