                                               ▄▄▄▄▄▄▄▄▄▄
          ███████████████                  ▄▄▄▄██████████▄▄▄▄
        ████████████████████             ██████████████████████
      ████████░░░░░░░░████████         ████████░░░░░░░░░░████████
    ██████░░░░░░░░░░▓█░░░██████       ██████░░░░░░░░░░░░█░░░██████
   █████░░░░░░░███░░░░░█░░░█████     ██████░░░░░░▒███░░░░░██░░█████
  █████░░░░░███████████░░▓░░▓████   █████░░█░░███████████░▓▓█░░█████
 █████░█░░██████▓▓▓▓▓████░░░░█████  ████░░█░░█████▓▓▓▓▓████▓▓█░░█████
 ████░█░░███▓▓▓███████████░░░░████ █████░░░░██▓▓▓████████████░▒░░████
████░░░░███▓▓██████████████░░█░████████░░░░██▓▓██████████████░░░░█████
████░░░▒███████████████████░░█░████████░░░▒███████████████████░░█░████
████░░▓████████████████████░░░░████████░░░████████████████████░░█░████
████░█▓▓███████████████████░░░░████████░█░████████████████████░░░░████
████░█▒▒██▓████████████████░░░░████████░█░░███▓██████████████░░░░░████
█████░█░███▓███████████████░░░█████▒████░░░████▓█████████████░█░░████░
 ████░░▒░█████████████████░█░░████▒ ████░░░░████████████████░░█░░████
 █████░░░░██████████████░░█░░█████   ████░░█▓▓████████████▒░░█░░████▒
  █████░░█▓▓███████████░░█░░█████    █████░░██▓▓████████░░░░░░▒████         ▄
   █████░░███░░░░░░░░░░░░░░█████      ██████▓▓█░░░░░░░░░░░░░░█████         ███
    ███████░░░░░░░░░░░░░░██████        ███████░░░░░░░░░░░░███████        █████▌
     █████████████████████████           ██████████████████████        ▒██████▌
       █████████████████████              ▓██████████████████        ▒█████░██▌
         ████████████████████████████████████████████████          ▒█████░░░██▌
    ███████▒▒▒▒▒▒▒▒▒▒▒▒▒▒▒▒▒▒▒▒▒▒▒▒▒▒▒▒▒▒▒▒▒▒▒▒▒▒▒▒██████         █████░░░█░██▌
    ██████████████████████████████████████████████████████       █████░░░░█░██▌
    ███▒▒▒▒▒▒▒▒█▒▒█████▒▒█▒▒████▒▒▒█▒▒████▒▒▒█▒▒▒▒▒▒▒▒██████████████░░░██░░░██▌
    ███▒▒▒▒▒▒▒▒█▒▒█████▒▒█▒▒███▒▒▒██▒▒███▒▒▒██▒▒▒▒▒▒▒▒█████████████░░░████░░██▌
    ███▒▒████▒▒█▒▒█████▒▒█▒▒██▒▒▒███▒▒██▒▒▒███▒▒████▒▒████▒██████░░░▓█████░░██▌
    ███▒▒████▒▒█▒▒█████▒▒█▒▒█▒▒▒████▒▒█▒▒▒████▒▒████▒▒████▒█▒███░░░███████░░██▌
    ███▒▒████▒▒█▒▒█████▒▒█▒▒▒▒▒█████▒▒▒▒▒█████▒▒████▒▒████▒█▒███░░░███████░░██▌
    ███▒▒▒▒▒▒▒▒█▒▒█████▒▒█▒▒▒▒██████▒▒▒▒██████▒▒▒▒▒▒▒▒████▒█▒███░░░███████░░░█▌
    ███▒▒▒▒▒▒▒▒█▒▒█████▒▒█▒▒▒▒▒█████▒▒▒▒▒█████▒▒▒▒▒▒▒▒████▒█▒███░░░███████░░░█▌
    ███▒▒███████▒▒█████▒▒█▒▒█▒▒▒████▒▒█▒▒▒████▒▒████▒▒██████████░░░███████░░░█▌
    ███▒▒███████▒▒█████▒▒█▒▒██▒▒▒███▒▒██▒▒▒███▒▒████▒▒███████████░░░██████░░░█▌
    ███▒▒███████▒▒▒▒▒▒▒▒▒█▒▒███▒▒▒██▒▒███▒▒▒██▒▒████▒▒████████████░░░░████░░░██▌
    ███▒▒███████▒▒▒▒▒▒▒▒▒█▒▒████▒▒▒█▒▒████▒▒▒█▒▒████▒▒████  ████████░░░░░█░░░██▌
    █████████████████████████████████████████████████████       ██████░▒█░█░░██▌
     ██████▒▒▒▒▒▒▒▒▒▒▒▒▒▒▒▒▒▒▒▒▒▒▒▒▒▒▒▒▒▒▒▒▒▒▒▒▒▒▒▒██████         ██████░██░░██▌
      ██████████████████████████████████████████████████            ▒█████░░░██▌
              █████████████████████████████████                       ▒████████
               ███░░░░███░░░█████░░░░░░░░░████                          ▒██████
                 ████████████████████████████                             ████▌
                  ▀▀▀▀▀▀   ▀▀▀▀▀▀▀    ▀▀▀▀▀▀                               ▀█▀
 █▀▀▀▀▀▀▀▀▀▀▀▀▀▀▀▀▀▀▀▀▀▀▀▀▀▀▀▀▀▀▀▀▀▀▀▀▀▀▀▀▀▀▀▀▀▀▀▀▀▀▀▀▀▀▀▀▀▀▀▀▀▀▀▀▀▀▀▀▀▀▀▀▀▀▀█▄
 █   ■■ Rip Info                                                             ██
 █▄▄▄▄▄▄▄▄▄▄▄▄▄▄▄▄▄▄▄▄▄▄▄▄▄▄▄▄▄▄▄▄▄▄▄▄▄▄▄▄▄▄▄▄▄▄▄▄▄▄▄▄▄▄▄▄▄▄▄▄▄▄▄▄▄▄▄▄▄▄▄▄▄▄▄██
  ▀█▀▀▀▀▀▀▀▀▀▀▀▀▀▀▀▀▀▀▀▀▀▀▀▀▀▀▀▀▀▀▀▀▀▀▀▀▀▀▀▀▀▀▀▀▀▀▀▀▀▀▀▀▀▀▀▀▀▀▀▀▀▀▀▀▀▀▀▀▀▀▀▀██▀
   █                                                                        ██
   █ Title...........: Sex And The City                                     ██
   █ Source..........: R1 NTSC                                              ██
   █ Video Bitrate...: 970                                                  ██
   █ Audio Bitrate...: AC3 5.1                                              ██
   █ Resolution......: 640 x 352                                            ██
   █ FPS.............: 23.976                                               ██
   █ Runtime.........: 145min                                               ██
   █ Release Date....: 10-09-2008                                           ██
   █ Size............: 2cd                                                  ██
   █ Subtitles.......: Eng/Spa                                              ██
   █ IMDB............: http://www.imdb.com/title/tt1000774/                 ██
   █                                                                        ██
   ▀██████████████████████████████████████████████████████████████████████████
 █▀▀▀▀▀▀▀▀▀▀▀▀▀▀▀▀▀▀▀▀▀▀▀▀▀▀▀▀▀▀▀▀▀▀▀▀▀▀▀▀▀▀▀▀▀▀▀▀▀▀▀▀▀▀▀▀▀▀▀▀▀▀▀▀▀▀▀▀▀▀▀▀▀▀▀█▄
 █   ■■ Plot                                                                 ██
 █▄▄▄▄▄▄▄▄▄▄▄▄▄▄▄▄▄▄▄▄▄▄▄▄▄▄▄▄▄▄▄▄▄▄▄▄▄▄▄▄▄▄▄▄▄▄▄▄▄▄▄▄▄▄▄▄▄▄▄▄▄▄▄▄▄▄▄▄▄▄▄▄▄▄▄██
   █                                                                        ██
   █ A New York writer on sex and love is finally getting married to her    ██
   █ Mr. Big. But her three best girlfriends must console her after one of  ██
   █ them inadvertently leads Mr. Big to jilt her.                          ██
   █                                                                        ██
   ▀██████████████████████████████████████████████████████████████████████████
 █▀▀▀▀▀▀▀▀▀▀▀▀▀▀▀▀▀▀▀▀▀▀▀▀▀▀▀▀▀▀▀▀▀▀▀▀▀▀▀▀▀▀▀▀▀▀▀▀▀▀▀▀▀▀▀▀▀▀▀▀▀▀▀▀▀▀▀▀▀▀▀▀▀▀▀█▄
 █   ■■ Group News                                                           ██
 █▄▄▄▄▄▄▄▄▄▄▄▄▄▄▄▄▄▄▄▄▄▄▄▄▄▄▄▄▄▄▄▄▄▄▄▄▄▄▄▄▄▄▄▄▄▄▄▄▄▄▄▄▄▄▄▄▄▄▄▄▄▄▄▄▄▄▄▄▄▄▄▄▄▄▄██
  ▀█▀▀▀▀▀▀▀▀▀▀▀▀▀▀▀▀▀▀▀▀▀▀▀▀▀▀▀▀▀▀▀▀▀▀▀▀▀▀▀▀▀▀▀▀▀▀▀▀▀▀▀▀▀▀▀▀▀▀▀▀▀▀▀▀▀▀▀▀▀▀▀▀██▀
   █                                                                        ██
   █ we are currently only seeking screener and direct audio suppliers -    ██
   █ plz do not email/contact otherwise you will not be replied to          ██
   █                                                                        ██
   ▀██████████████████████████████████████████████████████████████████████████
 █▀▀▀▀▀▀▀▀▀▀▀▀▀▀▀▀▀▀▀▀▀▀▀▀▀▀▀▀▀▀▀▀▀▀▀▀▀▀▀▀▀▀▀▀▀▀▀▀▀▀▀▀▀▀▀▀▀▀▀▀▀▀▀▀▀▀▀▀▀▀▀▀▀▀▀█▄
 █   ■■ Notes                                                                ██
 █▄▄▄▄▄▄▄▄▄▄▄▄▄▄▄▄▄▄▄▄▄▄▄▄▄▄▄▄▄▄▄▄▄▄▄▄▄▄▄▄▄▄▄▄▄▄▄▄▄▄▄▄▄▄▄▄▄▄▄▄▄▄▄▄▄▄▄▄▄▄▄▄▄▄▄██
  ▀█▀▀▀▀▀▀▀▀▀▀▀▀▀▀▀▀▀▀▀▀▀▀▀▀▀▀▀▀▀▀▀▀▀▀▀▀▀▀▀▀▀▀▀▀▀▀▀▀▀▀▀▀▀▀▀▀▀▀▀▀▀▀▀▀▀▀▀▀▀▀▀▀██▀
   █                                                                        ██
   █   Previous release was out of sync.                                    ██
   █   Correct aspect ratio used also (previous had 4% error).              ██
   █                                                                        ██
   ▀██████████████████████████████████████████████████████████████████████████
 █▀▀▀▀▀▀▀▀▀▀▀▀▀▀▀▀▀▀▀▀▀▀▀▀▀▀▀▀▀▀▀▀▀▀▀▀▀▀▀▀▀▀▀▀▀▀▀▀▀▀▀▀▀▀▀▀▀▀▀▀▀▀▀▀▀▀▀▀▀▀▀▀▀▀▀█▄
 █   ■■ Contact                                                              ██
 █▄▄▄▄▄▄▄▄▄▄▄▄▄▄▄▄▄▄▄▄▄▄▄▄▄▄▄▄▄▄▄▄▄▄▄▄▄▄▄▄▄▄▄▄▄▄▄▄▄▄▄▄▄▄▄▄▄▄▄▄▄▄▄▄▄▄▄▄▄▄▄▄▄▄▄██
  ▀█▀▀▀▀▀▀▀▀▀▀▀▀▀▀▀▀▀▀▀▀▀▀▀▀▀▀▀▀▀▀▀▀▀▀▀▀▀▀▀▀▀▀▀▀▀▀▀▀▀▀▀▀▀▀▀▀▀▀▀▀▀▀▀▀▀▀▀▀▀▀▀▀██▀
   █                                                                        ██
   █  Pls do NOT email if you have nothing to offer, also this is not the   ██
   █  p2p helpdesk. We do not put our rls on p2p or want them there.        ██
   █  We don't need anymore affils thx, pls don't email                     ██
   █                           pukka@bk.ru                                  ██
   █                                                                        ██
   ▀██████████████████████████████████████████████████████████████████████████
