
                                            ░█░
                            ░▓▓░           ░██▒
                      ░▒▒▒▒▓▓██▓▓▒░      ░▓████▒░
                    ▒███████████████▓▒░░▒▓██████▓▒░           ░▓██
                    ▒█████████████████████████████████▓▒▒▒░░▓█████
                   ▓▒███████████████████████████████████████████
                 ▒█▓▓▓██████████████████████████████████████████
                 ▒██▓▓█████████████████████████████████████████▓
                 ▓█████████████████████████████████████████████░
                 ▓█████████████████████████████████████████████▒
                ▒██████████████████████████████████████████████▓▓▒▒▒
           ▒▒▒  ████████████████████████████████████████████████████▓
         ▒███████████████████████████████████████████████████████████
        ▒██████████████████████████████████████████████████████████████░
       ▒█████████████████████████████████████████████████████████████████▒
    ▒▒░███████████████████████████████████████████████████████████████████
   ███████████████████████████████████████████████████████████████████████
 ░███████████████████████████████████████████████████████████████████████
 ▓█████████████████████████████████████████████████████████████████████▓░
 ▒████████████████████████████████████████████████████████████████████████
  ████████████████████████████████████████████████████████████████████████▓
  ▓███████████████████████████████████████████████████████████████████████▒
      ▓█▓█████████████████████████████████████████████████████████████████▓
       ░▒▓███████████████████████████▓▒▒▓▓▓▓▓▓▓▓▓███████████████████████████▓▒
       ██████████████████████████████▓▒▒▒▒▒▒▒▓▓▓▓▓▓████████████████████████████
       ███████████████████████████████▓░▒▒▒▒▓▓▓▓▓▓▓▓▓██████████████████████████▓
        ██████████████████████████████▒░░░▒▒▒▒▒▒▒▒▒▒▓▓▓█████████████████████████
         ████████████████████████████▓▒▒▒▒▒░░░▒▒▒▒▒▓▓▓█████████████████████████▓
          ▒██▓███████████████████▓▓▓▓█▓▓▓▓▒▒▒▒░░░▒▓████████████████████████████
           ░▒▓█████████████████▓▓█▓▒▒▒▒▒▒░░▒▒░░▒▒▒▓▒▒▒▓▓▓▓████████████████████▒
            ░██████████████████▓▓▓▒░░░░░░░░░░░░▒▒▒▒▒▒▒▒▒▒▒▓███████████████████▒
            ▒██████████████████▓▓▒▒▒▒▒▒▓▓▒▒▓▒▒▒▒▒▓███████▓▓████████████████████
           ░████████████████▓▓█▓▓▓▓████████▓▓▒░▒▓████▓█████████████████████████
            ▒████████████████▓▓▓▓▓█▓░▓██▒▒▓▒▒▒░░▒██▒ ░██▓░█████████████████████
                  ▓████░▒████▓▓▒▓▓▓░ ▒██▒░▒▒▒▒▒▒▒▓█▓░░▓█▓▒██▓█████████████████
                   ███▒▓▒▓███▓▒▒▒▒▓▓▓▒▒▓▓▓▓▓▓▓▓██████▓▓▓███▓▓█████████████████
                    ███▓▓▓███▓▓▒▒▒▒▒▒▒▒▒▒▓▒▒▓█▓▓▓█████▓▓▓▓▓▓▓████████████████
                     ▒██▒▒▓██▓▓▓▒▒▒▒▒▒▒▒▒▒▒▓▓▒░░░▒▓█▓▓▓█▓▓▓▓████████████████
                        █▒▒▓█▓▓▓▒▒▒▒▒▒▒░░░▒▓▒▓▓▒▒▓▓▓█▓▒▒▓▓▓███████████████░
                         ▓▓▓██▓▓▒▒▒▒░░░░░░▒▓█▓▓▓▓██▓█▓▒▒▒▓█████▓   ▒▓▒░
                          ████▓▓▓▓▒▒▒░░░░░░▒▒▒▒▒▒▒▓▓▓█▓▒▒▓█████
                           ▒▓██▓▓▓▓▓▓▓▓░░▒▒▒▒▒▒▒▒▒▓████▓▓█████
                             ▓██▓▓▓▓▓▓▓▓▒▓▓▓▒▒▒▒▓▓▓▓█████████▒
                              ▓█▓▓▓▓▓▓▓▓▓▓▓▓███████▓████████▓
                               ██▓▓▓▓▓▓▓▓▓███▓▒░░░▒▒▓███████
                                █▓▓▓▓▓▓▒▓▓█▓  ░░░░░  ▓█████
                                ▒█▓▓▓▓▓▓▒▒▒▒░░░░░░░▒▒█████░
                                ▓█▓▓▓▓▓▓▓▒▒▒▒▒▒▒▒▒▒▓██████░
                               ▒███▓▓▓▓▓▓▓▓▓▓▒▒▒▒▒▓███████░
                    ▒▒▒░░░▒▓███████▓▓▓▓▓▓▓▓▓▓▓▓▓▓█████████▓
             ░▒▒▒▓▒▒▒▒▒░▒▒░░░▓█████▓▓▓▒▓▓▓▓▓▓▓▓▓▓▓▓███████▒▒
           ▒▒▒▒░░░▒░░░░░░░░░░░▒░▒▒▓▓▓▓▓▒▒▒▓▓██████████████░░▒███▓▓▓▒▒
         ░▒▒░░░░░░▒▒░░░░▒░░░░░▒░░░░▒▒▒▓▓▓▓▓▓▓▓▓▓▓▓▓▓▓▓██▓▒▒▒▒▒█████▓▓▒
       ░▒▒▒░░▒▒░░░░▒░░░░▒▒░░░░▒▒░░░░░▒▒▓▓▓▓█▓▓▒▒▓▓▓▓▓▒▓▒▒▒▒▒▓▓█▓▒  ▒▒▒▒▒
      ▒▒░▒░░░░▒░░░░░░░░░░▒▒░░▒░▒░░░▒▒░░░▒▒▒▒▓██▓▓▓▒▒░▒▓▒▒▒▒▒▒▒▒ ▒▒▒▒▒▒▒▒▒░
    ▒▒▒▒░░░▒░░░▒░░░░░░░░░░░░░░░░░░░░░▒▒░░░░░░▒▒▒▒▒░░░░░░░▒░░░░▒░▒░░░▒▒░░▒▒▒░
  ░▒▒░░░░░░░▒▒░░░▒░░▒░░░▒░░▒▒▒░░▒▒▒░░░▒▒▒░▒▒▒░░░░▒▒▒░░▒░░░░░░▒░░░░▒░░▒░░▒░▒▒▒
 ░▒░░░░▒▒▒░░░░░▒░░░░░░▒░░░░░░░▒░░░░░░▒░░░░░▒░░░░░░░░░░░░▒░░░▒░░░▒▒▒░░░▒░░░░▒▒▒▒


               ███▒                         ▒▓█▒                       ▒▓█▒
              ████▓░                        ██▒██                      ██▒██
  ▒▓▓█        ▓█▓█▒█▓       ░▒▒▓░           █▒ ██      ░▒▒▓░           █▒ ██
 ▓█████        ▓████▓▒      █████▒          ▓███▓      █████▒          ▓███▓
 ▒█▓█▒▒█░       ▒█▓▓▓█▓     ▓██▓▒▓          ▓▓█▓░      ▓██▓▒▓          ▓▓█▓░
  █▒██░░█▒       ▒█▓█ ░▒    ░███░█          █▓▓▓▓▒▓▒   ░███░█          █▓▓▓▓▒▓▒
  █▒▓█▓░▒█▓       ░██▒▓█    ░▓▓█▒▒    ░ ▒▒▒▒█▓█▓▓▓▓█░  ░▓▓█▒▒    ░ ▒▒▒▒█▓█▓▓▓▓█░
  █▒█▓█▒▓▒▓█▒      ▒██▓▒█  ░▓▓▒█▓▓█████████████▒  ░█░ ░▓▓▒█▓▓█████████████▒  ░█░
 ▒███▓▒█▓██▓█▓      ▓██░█░ ██▓▓██▒▓▓█████████▒  ▓▓█▒  ██▓▓██▒▓▓█████████▒  ▓▓█▒
 ▓██▓▓  ▓████▓█▒    ░██░▓▓ ██▒▓█ ░▒▓░▓▒▒▒▓▒▓   █▒░    ██▒▓█ ░▒▓░▓▒▒▒▓▒▓   █▒░
 ███░▓   ▒█▓▓████▓  ░██░▒█  █▓█▒░▓░░       ▓░▒█▓       █▓█▒░▓░░       ▓░▒█▓
 █▓▒▒▒     ▓█▒▓████▓██▓ ▓▓   ▓█▒░▓        ░█▒▓░         ▓█▒░▓        ░█▒▓░
 █▒ ██      ▒█▓▒▒▓▓█▓░ ░█░  ▒█▓ ▒█        ▓█▓█░        ▒█▓ ▒█        ▓█▓█░
 █████        ▒▓▓▒▒░░░▓█▓    ██▓██        ██▒▓          ██▓██        ██▒▓
                 ▒▓▓▓▓▒       ░▒░         ▓█▓██          ░▒░         ▓█▓██
                                           ░▒░                        ░▒░

                            Proudly Presents You With
┌············································································┐
│ Star.Wars.The.Clone.Wars.2008.NTSC.DVD9-NHH                                │
└············································································┘


██████████████████████████████████████████████████████████████████████████████
█▒══════······ ┌─┐ ┌── ┌   ┌──  ┌┐ ┌──┐┌─── ┌┐ ┌ ┌──┐─┬─┌──┌──┐ ······══════▒█
█▒══════······ │─└┐├─  │   ├─  ┌├└┐└──┐├──  │└┐│ │  │ │ ├─ └──┐ ······══════▒█
█▒══════······ └  └└── └── └───┘  └───┘└─── ─ └┘ └──┘ └ └─────┘ ······══════▒█
█▀▀▀▀▀▀▀▀▀▀▀▀▀▀▀▀▀▀▀▀▀▀▀▀▀▀▀▀▀▀▀▀▀▀▀▀▀▀▀▀▀▀▀▀▀▀▀▀▀▀▀▀▀▀▀▀▀▀▀▀▀▀▀▀▀▀▀▀▀▀▀▀▀▀▀▀█
█  Movie      : Movie                                                        █
█  Source     : [√] Retail R1  [ ] Rental                                    █
█  Bitrate    : [√] Untouched  [ ] Re-Encoded                                █
█  Rating     : 5.3/10   12,968 votes                                        █
█  IMDB       : http://www.imdb.com/title/tt1185834/                         █
█  Runtime    : 98 Mins                                                      █
█  Format     : [√] .iSO [ ] .img                                            █
█  Resolution : [√] Widescreen [ ] Fullscreen                                █
█  Standard   : [√] NTSC [ ] PAL                                             █
█  Audio      : [√] English [√] French [√] Spanish                           █
█  Subs       : [√] English [√] French [√] Spanish                           █
█  Size       : 62 [√] 100mb [ ] 50mb                                        █
█  Extras     : [√] Untouched [ ] No [ ] Stripped                            █
█  Theater    : 10 August 2008                                               █
█  Genre      : Animation | Action | Adventure | Sci-Fi                      █
█  Plot       : As the Clone Wars sweep through the galaxy, the heroic Jedi  █
█               Knights struggle to maintain order and restore peace.        █
█                                                                            █
█└··········································································┘█
██████████████████████████████████████████████████████████████████████████████
█▒══════════════···········   ┌┐ ┌ ┌──┐─┬─┌──┌──┐   ···········═════════════▒█
█▒══════════════···········   │└┐│ │  │ │ ├─ └──┐   ···········═════════════▒█
█▒══════════════···········   ─ └┘ └──┘ └ └─────┘   ···········═════════════▒█
█▀▀▀▀▀▀▀▀▀▀▀▀▀▀▀▀▀▀▀▀▀▀▀▀▀▀▀▀▀▀▀▀▀▀▀▀▀▀▀▀▀▀▀▀▀▀▀▀▀▀▀▀▀▀▀▀▀▀▀▀▀▀▀▀▀▀▀▀▀▀▀▀▀▀▀▀█
█  Enjoy!                                                                    █
█╘∙∙∙∙∙∙∙∙∙∙∙∙∙∙∙∙∙∙∙∙∙∙∙∙∙∙∙∙∙∙∙∙∙∙∙∙∙∙∙∙∙∙∙∙∙∙∙∙∙∙∙∙∙∙∙∙∙∙∙∙∙∙∙∙∙∙∙∙∙∙∙∙∙∙╛█
██████████████████████████████████████████████████████████████████████████████
█▒═════════·········  ┌── ┌─┐ ┌──┌── ─┬─ ─ ┌┐ ┌┌── ┌──┐   ·········═════════▒█
█▒═════════·········  │ ─┐│─└┐├─ ├─   │  │ │└┐││ ─┐└──┐   ·········═════════▒█
█▒═════════·········  └──┘└  └└──└─── └  └ ─ └┘└──┘───┘   ·········═════════▒█
█▀▀▀▀▀▀▀▀▀▀▀▀▀▀▀▀▀▀▀▀▀▀▀▀▀▀▀▀▀▀▀▀▀▀▀▀▀▀▀▀▀▀▀▀▀▀▀▀▀▀▀▀▀▀▀▀▀▀▀▀▀▀▀▀▀▀▀▀▀▀▀▀▀▀▀▀█
█▀ Greets to our friends in EwDp Recycled FRAY SNO & other groups that are  ▀█
█▀ doing their best. Always looking for more affils/sites. Contact us if you▀█
█▀ have something.                                                          ▀█
█└··········································································┘█
██████████████████████████████████████████████████████████████████████████████
▀▀▀██▀███▀║║▀██████▀║║▀███████▀║║▀████████▀║║▀███████▀║║▀████████▀║║▀█████▀█▀▀
   ██▄▄▄▄▄║║▄▄▄▄▄▄▄▄║║▄▄▄▄▄▄▄▄▄║║▄▄▄▄▄▄▄▄▄▄║║▄▄▄▄▄▄▄▄▄║║▄▄▄▄▄▄▄▄▄▄║║▄▄▄▄▄▄▄█
   ▀▀▀▀▀██║║▀▀████▀▀║║▀▀█████▀▀║║▀▀██████▀▀║║▀▀█████▀▀║║▀▀██████▀▀║║██▀▀▀▀▀▀
        ██╚║════════╣╚═════════╠╚══════════╠╚═════════╠╚══════════║╝██
        ██ │   ▀▀   │    ▀▀    │    ▀▀▀▀   │    ▀▀▀   │    ▀▀▀▀   │ ██
    ,-,-.                      ,-_/,.           .       .   ,-_/,.
   ` | |   ,-. ,-. ,-. . .    ' |_|/ ,-. ,-. ,-| ,-. ,-|   ' |_|/ ,-. ,-.
     | |-. ,-| | | | | | |     /| |  |-' ,-| | | |-' | |    /| |  | | `-.
    ,' `-' `-^ |-' |-' `-|     `' `' `-' `-^ `-' `-' `-'    `' `' `-' `-'
               |   |    /|
               '   '   `-'
