                              x▓▓▓▓▓▓▓▓▓▓x        X▓▓▓▓▓▓▓▓X               
                           Xx▓▓▓-,     .=▓x    Xx▓▓▓=-;;-==▓▓X             
                          x▓▓▓=;        .=▓X Xx▓▓▓-,      .-▓▓X            
                        Xx▓▓▓▓=.  .      =▓xx▓▓▓▓=.        .=▓x            
                       Xx▓▓▓▓▓=--==-,...=▓▓▓▓▓▓▓▓=;.,--.   ,=▓▓X           
                       x▓▓▓▓▓▓▓▓▓▓▓▓▓===▓▓▓▓▓▓▓▓▓▓▓▓▓▓▓=---=▓▓▓x           
                      x▓=▓▓▓▓▓▓▓▓▓▓▓▓▓▓▓▓▓▓▓▓▓▓▓▓▓▓▓▓▓▓▓▓▓▓▓▓▓▓▓X          
                     x▓▓▓▓▓▓▓▓▓▓▓▓▓▓▓▓▓▓▓▓▓▓▓▓▓▓▓▓▓==▓▓▓▓▓▓▓▓▓▓▓x          
                    x▓▓▓▓▓▓▓▓▓▓▓▓▓▓▓▓▓▓▓===▓▓▓▓▓▓▓▓▓▓▓▓▓▓▓▓▓▓▓▓▓▓X         
                   x▓▓▓▓▓▓====--=====▓▓=====▓▓▓▓▓▓▓▓▓▓▓▓▓▓▓▓▓▓▓▓▓x         
                  x▓▓▓▓=▓=;..    .;==▓===▓▓▓▓====--==▓▓▓▓▓▓▓▓▓▓▓▓▓X        
                Xx▓▓▓▓▓=.           ;==+===-;.       .;=▓▓▓▓▓▓▓▓▓▓▓X       
               x▓▓▓▓xxXx,             .,,.             .-▓▓▓▓▓▓▓▓▓▓xX      
            Xx▓▓▓▓xxX▓▓Xx-;,;;.                         .-▓▓▓▓▓▓▓▓▓▓xx     
         XXx▓▓▓▓▓x▓▓▓▓▓▓▓▓▓▓#X=          .                -▓▓▓▓▓▓▓▓▓▓▓xX   
        x▓▓▓▓▓▓xX▓▓▓▓▓▓▓▓▓▓▓#Xx-.     .;xx,         ,=.    -▓▓▓▓▓▓▓▓▓▓▓▓X  
       X+=▓▓▓▓xX▓X▓▓▓▓▓▓▓▓▓▓x▓▓▓=▓x++x▓▓▓Xx;      ,=xx=.   .=x▓▓▓▓▓▓▓▓▓▓▓xX
       Xx▓▓▓▓▓xX▓▓▓▓▓▓▓▓Xx▓▓▓▓▓▓▓▓xXX▓▓▓▓▓▓Xx+=▓▓▓x▓▓▓▓=---=▓xxx▓▓▓▓▓▓▓▓▓▓▓
         x▓▓=▓▓xX▓X▓▓▓Xx▓▓▓▓▓▓▓▓▓▓▓xX▓▓▓▓▓▓XXXXxx▓▓▓▓▓▓=▓▓▓▓▓▓▓xxxxx▓▓▓▓▓▓▓
          X▓=▓▓▓xX▓▓Xx▓▓▓▓▓▓▓▓▓▓▓▓x##X▓▓▓▓▓▓▓▓▓▓▓▓▓▓▓▓▓▓▓▓▓▓▓▓▓▓▓xXx▓▓▓▓▓▓x
           X▓▓▓▓▓xXx▓▓▓▓▓▓▓▓▓▓▓▓▓X#Xx▓▓▓▓▓▓▓▓▓▓▓▓▓▓▓▓▓▓▓▓▓▓▓▓▓▓▓xx▓▓▓▓▓▓▓xX
            x▓▓▓▓▓▓▓▓▓▓▓▓=;.-▓▓xXX▓▓▓▓▓▓▓▓▓▓▓▓▓▓▓▓▓=-=▓▓▓▓▓▓▓▓xxx▓▓▓▓▓▓x   
             x▓▓▓▓▓▓▓▓=-. .-▓▓xXx▓▓▓▓▓▓▓▓▓▓▓▓▓▓▓=-. ,=▓▓▓▓▓▓▓xx▓▓▓▓▓▓▓X    
             X▓=▓▓==▓=,  .-=▓xXx▓▓▓▓▓▓▓▓▓▓▓▓▓▓==,  ,===▓▓▓▓▓x▓▓▓▓▓▓▓xX     
             x▓▓▓▓▓==.  .=▓▓x#x▓▓▓▓▓▓▓▓▓▓▓▓▓▓▓-.  ,=▓▓▓▓▓▓xx▓▓▓▓▓▓▓x       
            X▓▓▓▓=▓-.  .-▓▓xXx▓▓▓▓▓▓▓▓▓▓▓▓▓▓▓-   ,=▓▓▓▓▓▓xx▓▓▓▓▓▓▓X        
           X▓▓▓=▓=-    ==▓▓Xx▓▓▓▓▓▓▓▓▓▓▓▓▓▓▓-   ,▓▓▓▓▓▓▓Xx▓▓▓▓▓▓▓X         
          X▓▓▓▓▓=-    -▓▓▓Xx▓▓▓▓▓▓▓▓▓▓▓▓▓▓▓;   ,=▓▓▓▓▓▓Xx▓▓▓▓▓▓▓x          
         X▓▓▓▓==;    -▓▓▓XX▓▓▓▓▓▓▓▓▓▓▓▓▓▓+-   ,=▓▓▓▓▓xXx=▓▓▓▓▓▓x           
         x▓▓==+-    ,=▓▓xXx▓▓▓▓▓▓▓▓▓▓▓▓▓▓=.  .=▓▓▓▓▓▓Xx▓▓▓▓▓▓▓xX           
        x▓▓▓▓==.   .=▓▓▓Xx▓▓▓▓▓▓▓▓▓▓▓▓▓▓=,   -=▓▓▓▓▓Xx▓▓▓▓▓▓▓▓X            
       X▓▓=▓▓=,    -▓▓▓xX▓▓▓▓▓▓▓▓▓▓▓▓▓▓=;   ;=▓▓▓▓▓XX▓▓▓▓▓▓▓▓X             
       x▓▓▓==-    ,▓▓▓▓Xx▓▓▓▓▓▓▓▓▓▓▓▓▓▓-   .=▓▓▓▓▓xXx▓▓▓▓▓▓▓x              
      X▓▓▓▓==.    =▓▓▓xx▓▓▓▓▓▓▓▓▓▓▓▓▓==.   -▓▓▓▓▓▓Xx▓▓▓▓▓▓▓▓X              
      x▓▓▓▓▓-    ;==▓▓Xx▓▓▓▓▓▓▓▓▓▓▓▓▓=;   .▓▓▓▓▓▓xX▓▓▓▓▓▓▓▓x               
     Xx▓▓▓==,    -▓▓▓▓x▓▓▓▓▓▓▓▓▓▓▓▓▓==    ;▓▓▓▓▓x#x▓▓▓▓▓▓▓x                
     X▓▓▓▓▓=.   ,=▓▓▓▓x▓▓▓▓▓▓▓▓▓▓▓▓▓=,    ▓▓▓▓▓▓XX▓▓▓▓▓▓▓▓X                
     x▓▓▓▓▓=    ;▓▓▓▓▓▓▓▓▓▓▓▓▓▓▓▓▓▓=-    ,▓▓▓▓▓xXx▓▓▓▓▓▓▓x
     x▓=▓▓▓=.  .=▓▓▓▓▓▓▓▓▓▓▓▓▓▓▓▓▓▓-.    -▓▓▓▓▓XX▓▓▓▓▓▓▓x 
     ▓▓▓▓▓==;  -▓▓▓▓▓▓▓▓▓▓▓▓▓▓▓▓▓▓▓.    ,=▓▓▓▓xXx▓▓▓▓▓▓▓X 
     ▓▓▓▓=▓▓===▓▓▓▓▓▓▓▓▓▓▓▓▓▓▓▓▓▓▓;     ==▓▓=▓Xx▓▓▓▓▓▓▓X  
     x▓▓▓=▓▓▓▓▓▓▓▓▓▓▓▓▓▓▓▓▓▓▓▓▓▓▓;     ;▓▓▓▓=xXx▓▓▓▓▓▓X   
     x▓▓▓▓▓▓▓▓▓▓▓▓▓▓▓▓▓▓▓▓▓▓▓▓▓▓;     .=▓▓▓▓▓Xx▓▓▓▓▓x     
     X▓▓▓▓▓▓▓▓▓▓▓▓▓▓▓▓▓▓▓▓▓▓▓▓▓-      -▓▓▓▓▓xX▓▓▓▓xX      
      x▓▓▓▓▓▓▓▓▓▓▓▓▓▓▓▓▓▓▓▓▓▓▓▓;     ;=▓▓▓▓x#x▓▓▓x▓       
      X▓▓▓▓▓▓▓▓▓▓▓▓▓▓▓▓▓▓▓▓▓▓▓▓=.  .;=▓▓▓▓xXXxxX ▓▓       
       x▓▓▓▓▓▓▓▓▓▓▓▓▓▓▓▓▓▓▓▓▓▓▓▓▓--=▓▓▓▓▓▓xX     ▓▓       
        x▓▓▓▓▓▓▓▓▓▓▓▓▓▓▓▓▓▓▓▓▓▓▓▓▓▓▓▓▓▓▓▓x       ▓▓       
         x▓▓▓▓▓▓▓▓▓▓▓▓▓▓▓▓▓▓▓▓▓▓▓▓▓▓▓▓▓xX        ▓▓       
          X▓▓▓▓▓▓▓▓▓▓▓▓▓▓▓▓▓▓▓▓▓▓▓▓▓▓▓xX         ▓▓       
           Xx▓▓▓▓▓▓▓▓▓▓▓▓▓▓▓▓▓▓▓▓▓▓▓▓X           ▓▓       
             Xx▓▓▓▓▓▓▓▓▓▓▓▓▓▓▓▓▓▓▓▓xX            ▓▓       
               Xxx▓▓▓▓▓▓▓▓▓▓▓▓▓▓xxX              ▓▓       
                  ▓▓X▓▓▓▓▓▓▓▓▓X                  ▓▓       
                  ▓▓                             ▓▓
                  ▓▓                             ▓▓
                  ▓▓ ▓▓▓▓▓▓▓▓▓▓▓▓▓▓▓▓▓▓▓▓▓▓▓▓▓▓▓▓▓▓▓▓▓▓▓
                  ▓▓ ▓                                 ▓
                  ▓▓ ▓    |  /_)  __|  __|             ▓
                  ▓▓▓▓    . <  |\__ \\__ \             ▓
                     ▓   _|\_\_|____/____/ Presents..  ▓
                     ▓                                 ▓
                     ▓▓▓▓▓▓▓▓▓▓▓▓▓▓▓▓▓▓▓▓▓▓▓▓▓▓▓▓▓▓▓▓▓▓▓


               << IQ.Frequency.2009.BONUS.NTSC.MDVDR-KiSS >>


▓▓▓▓▓▓▓▓▓▓▓▓▓▓▓▓▓▓▓▓▓▓▓▓▓▓▓▓▓▓▓▓▓▓▓▓▓▓▓▓▓▓▓▓▓▓▓▓▓▓▓▓▓▓▓▓▓▓▓▓▓▓▓▓▓▓▓▓▓▓▓▓▓▓▓▓▓▓▓
▓                       T E C H N I C A L   I N F O                           ▓
▓▓▓▓▓▓▓▓▓▓▓▓▓▓▓▓▓▓▓▓▓▓▓▓▓▓▓▓▓▓▓▓▓▓▓▓▓▓▓▓▓▓▓▓▓▓▓▓▓▓▓▓▓▓▓▓▓▓▓▓▓▓▓▓▓▓▓▓▓▓▓▓▓▓▓▓▓▓▓
▓────────────────────────────────────────│────────────────────────────────────▓
▓             G E N E R A L              │             V I D E O              ▓
▓────────────────────────────────────────│────────────────────────────────────▓
▓ Store Date    2009                     │ Status: Untouched              [ ] ▓
▓ Release Date  2009-06-25               │         Touched                [x] ▓
▓ Source        DVD9                     │ Passes  [6]      Bitrate  [ 3659 ] ▓
▓ Genre         PROGRESSIVE ROCK / LIVE  │ Region Free                    [x] ▓
▓ Region        -                        │ Macrovision Free               [x] ▓
▓ Format        .iso                     │ Aspect: 16:9 Anamorphic        [ ] ▓
▓ Rars          95x50mb                  │         16:9 Letterbox         [x] ▓
▓ Playtime      Approx 130 min           │         16:9 Widescreen        [ ] ▓
▓ IMDB          ?/10 (?? votes)          │         4:3  Fullscreen        [ ] ▓
▓                                        │                                    ▓
▓────────────────────────────────────────│────────────────────────────────────▓
▓               A U D I O                │              S U B S               ▓
▓────────────────────────────────────────│────────────────────────────────────▓
▓   DD 2.0 Mono    [ ]  Eng    [X]       │ Eng   [x]    Others                ▓
▓   DD 2.0         [x]  Ger    [ ]       │ Ger   [ ]                          ▓
▓   DD 2.1         [ ]  Fra    [ ]       │ Fra   [ ]    [ ]                   ▓
▓   DD 5.0         [ ]  Spa    [ ]       │ Spa   [ ]                          ▓
▓   DD 5.1         [ ]  Ita    [ ]       │ Ita   [ ]                          ▓
▓   DD 5.1 DTS     [ ]  Net    [ ]       │ Net   [ ]                          ▓
▓   LPCM 2.0       [ ]  Other  [       ] │ Swe   [ ]                          ▓
▓                                        │ Den   [ ]                          ▓
▓────────────────────────────────────────│ Nor   [ ]                          ▓
▓              E X T R A S               │ Fin   [ ]                          ▓
▓────────────────────────────────────────│                                    ▓
▓   All Included               [x]       │                                    ▓
▓   Partially Stripped         [ ]       │                                    ▓
▓   Fully Stripped             [ ]       │                                    ▓
▓                                        │                                    ▓
▓▓▓▓▓▓▓▓▓▓▓▓▓▓▓▓▓▓▓▓▓▓▓▓▓▓▓▓▓▓▓▓▓▓▓▓▓▓▓▓▓▓▓▓▓▓▓▓▓▓▓▓▓▓▓▓▓▓▓▓▓▓▓▓▓▓▓▓▓▓▓▓▓▓▓▓▓▓▓
▓                                                                             ▓
▓                                N O T E S                                    ▓
▓                                                                             ▓
▓▓▓▓▓▓▓▓▓▓▓▓▓▓▓▓▓▓▓▓▓▓▓▓▓▓▓▓▓▓▓▓▓▓▓▓▓▓▓▓▓▓▓▓▓▓▓▓▓▓▓▓▓▓▓▓▓▓▓▓▓▓▓▓▓▓▓▓▓▓▓▓▓▓▓▓▓▓▓

                Ripped with Decrypter and reencoded with CCE.

▓▓▓▓▓▓▓▓▓▓▓▓▓▓▓▓▓▓▓▓▓▓▓▓▓▓▓▓▓▓▓▓▓▓▓▓▓▓▓▓▓▓▓▓▓▓▓▓▓▓▓▓▓▓▓▓▓▓▓▓▓▓▓▓▓▓▓▓▓▓▓▓▓▓▓▓▓▓▓
▓                                                                             ▓
▓                                  U R L                                      ▓
▓                                                                             ▓
▓▓▓▓▓▓▓▓▓▓▓▓▓▓▓▓▓▓▓▓▓▓▓▓▓▓▓▓▓▓▓▓▓▓▓▓▓▓▓▓▓▓▓▓▓▓▓▓▓▓▓▓▓▓▓▓▓▓▓▓▓▓▓▓▓▓▓▓▓▓▓▓▓▓▓▓▓▓▓
                                                                  
http://www.amazon.co.uk/Frequency-CD-DVD-IQ/dp/B001V7UXHG/ref=sr_1_2?ie=UTF8&s=

  http://www.rockserwis.pl/serwis.do?menu=main&pid=106243&cat=17&mcat=17&l=1
                                                                  
▓▓▓▓▓▓▓▓▓▓▓▓▓▓▓▓▓▓▓▓▓▓▓▓▓▓▓▓▓▓▓▓▓▓▓▓▓▓▓▓▓▓▓▓▓▓▓▓▓▓▓▓▓▓▓▓▓▓▓▓▓▓▓▓▓▓▓▓▓▓▓▓▓▓▓▓▓▓▓
▓                                                                             ▓
▓                         R E L E A S E   I N F O                             ▓
▓                                                                             ▓
▓▓▓▓▓▓▓▓▓▓▓▓▓▓▓▓▓▓▓▓▓▓▓▓▓▓▓▓▓▓▓▓▓▓▓▓▓▓▓▓▓▓▓▓▓▓▓▓▓▓▓▓▓▓▓▓▓▓▓▓▓▓▓▓▓▓▓▓▓▓▓▓▓▓▓▓▓▓▓

  [Live in Zoetermeer, December 2007]:○
 
 1. Awake And Nervous○
 2. You Never Will○
 3. Frequency○
 4. The Magic Roundabout○
 5. Harvest Of Souls○
 6. Sleepless Incidental○
 7. Crashed And Burned (Stronger Than Friction)○
 8. The Seventh House○
 9. It All Stops Here○
 10. Guiding Light○
 11. Subterranea○
 12. The Darkest Hour○
 
 
    Peter Nicholls - Vocals
    Mike Holmes - Guitar
    Mark Westworth - Keyboards
    John Jowitt - Bass
    Andy Edwards - Drums
 
   
      
    ENJOY IT?? THEN BUY IT!!  // KiSS CReW 
      
▓▓▓▓▓▓▓▓▓▓▓▓▓▓▓▓▓▓▓▓▓▓▓▓▓▓▓▓▓▓▓▓▓▓▓▓▓▓▓▓▓▓▓▓▓▓
▓                                            ▓
▓      C R E D I T S   &   G R P  N F O      ▓
▓                                            ▓
▓▓▓▓▓▓▓▓▓▓▓▓▓▓▓▓▓▓▓▓▓▓▓▓▓▓▓▓▓▓▓▓▓▓▓▓▓▓▓▓▓▓▓▓▓▓
      
       We would like to thx everyone  
       who's supporting and will      
       support us in the future.      
       Thx you guys!!!                
                                      
       Special Greets Go To:          
                                      
       YARDVID - H0t - TN - USA - DGN
       BWA - VoMiT - HLM - ToMTe 
       ooze - kHzViD - BBF - RiVER    
       ViXEN - VGN - IHQDR - RoME     
       ReG - iSOSPHERE - AMRCMPG 
       ITG - SQUARE - MUSiX - A2 
                                      
       We are actually in need of:    
       -10+mbits archive dumps        
       -50+mbits affils               
       -Fast lines music addicts      
       -Any kind of effective support
