████████████████████████▀▀▀▀     ▀██████████████████▀▀▀▀▀▀▀▀▀▀▀▀███████████████
██████████████████████▀ ▄▀▀▄  ▀     ▀▀▀███▓██████                 ▀▀▀██████████
███████████████▓██████ █▓▓  █  ▄██▀▀██▄ ▀███            █    ▄▀       ▀██▓█████
█████████▓██████▀ ▄▄ ▀ █▓  ░█ ▄▀  ▓   ▀█ █▀             █  ▄░           ▀██████
███████████▒▓██  █▓ █   ▀▄▄▀ ▐▌ ▓    ░ █   ▀         ▄░  ■                ▀██▒█
█▓██▀▀▀▀▀▀▀▀██   ▀▄▄▀        ▐▌ ▓▓  ░░ █     ▀ ▀▀▀▀    ■▄  ▀▀▀▀▀▀     ░     ███
██▀ ▄██▀▀██▄ ▀ ░     ▄▀▀▄  ▄  █    ░░▄█▀ ▄▄▄▄▄▄▄     ▄    ■     ▄▀▀▄         ██
█▀ ▄▀  ▓   ▀█       █▓▓  █     ▀▀▄▄▄▀▀  ██████████▄     █ ░    █▓▓  █    ░    █
▀ ▐▌ ▓    ░ █ ███   █▓  ░█             █████████████▄   █      █▓  ░█ ░       █
▀ ▐▌ ▓▓  ░░ █ █████  ▀▄▄▀         ▒░  ███■███████████     ▄▄▄▄  ▀▄▄▀ ▄▄▄▄▄▄▄▄  
   █    ░░▄█▀ ██████    ▄████████▄   ███████  ▀██████   ▄██████▄   ▄█████████  
    ▀▀▄▄▄▀▀ ▄██ █████  ████████████  ██████   ██████▀   █████████ ██████████   
        ▄▄████   ████ █████████████ ██████  ▄███████   ███▀ ▄▄ ▀████████████   
█  ░   ███████    ███ ████▀  ▀█████ ██████████████▀   ████ █▓██ ███████████   ▀
██    ███████     ███  ▄▄▄▄▄▄█████ █████████████▀  ▄██████ ▀▄▄▀ ███■███████   █
██    ██████     ████ ████████████ ███████████▀   █████████▄▄▄▄██■████████   ██
██   ███████    ████ ████████████ ████████████   ███████████████████■█████  ███
██  ███████   █████ ███████ ▄████ ██████ ██████ █████████████████████████   ███
█   ███████  █████ ██████   ████ ██████  ████████████████ ███████████████  ████
█  ██████■███▀▀▀▀▀ ▀▀███   ████████████  ██████████ █████ ████████ █████   ████
█  █████████ ▄██▀▀██▄ ▀███████████████   █████████  ████  ███████ ██████ ░  ███
  █████████ ▄▀  ▓   ▀█ ███████████████    ██████   █████   █████  █████      ▀▀
▄▄▄▄▄▄▄▄▄▄ ▐▌ ▓    ░ █ ▄▄▄▄▄▄▄▄▄▄   ▄▄▄▄▄▄▄▄▄▄▄▄▄▄▄▄▄▄▄▄▄▄▄▄▄▄▄▄▄▄▄▄        ▄▄▄
▄▄▄▄▄▄     ▐▌ ▓▓  ░░ █   ▄▄    ▄  █       ▄▄▄▄▄▄▄▄▄▄▄▄▄▄▄▄▄▄▄▄▄▄▄▄▄ ▄██▀▀██▄  ▄
████▀ ▄▀▀▄  █    ░░▄█▀  █▓ █    ░   ▄    ▀  ▀█████████▀███████████ ▄▀  ▓   ▀█ █
██■█ █▓▓  █  ▀▀▄▄▄▀▀    ▀▄▄▀▄▄▄▄ ▄░░▄▄▄▄▄▄    ▀█████▀   ██████████▐▌ ▓    ░ █ █
████ █▓  ░█ ▄        ▄▀▀▄                       ▀▀▀     ▀█████████▐▌ ▓▓  ░░ █ █
████▄ ▀▄▄▀ ▄        █▓▓  █      ░ █            ▄▄        █████████ █    ░░▄█▀ █
██████▄▄▄▄██        █▓  ░█        █           █▓ █        ████████▄▄▀▀▄▄▄▀▀ ▄██
███████████          ▀▄▄▀         ▄           ▀▄▄▀         ▀█████████▄▄▄▄▄█████
█████████▀                                                   ▀███████████████■█
██████▀▀                                                        ▀▀▀▀▀▀█████████
█████                        Meet the Feebles                          ████████
█████                                                                    ██████
████                                                                     ▀█████
████  RELEASE.DATE _[.......................................27.02.2008    █████
████  DVD.DATE _____[.......................................01.04.2004     ████
███▌  SOURCE _______[..............................................DVD      ███
███▌  SiZE _________[...........................................700 MB      ███
███   RAR __________[.........................................37x20 MB      ███
███   RUNTiME ______[...........................................94 min       ██
███   GENRE ________[...................................Comedy/Musical       ██
███                                                                           █
███▌  ViDEO ________[......................................XviD 2 Pass        █
████  Audio ________[................................128 kbps Lame VBR        █
████                                                                          █
████▌ Frame.Rate ___[...........................................25 fps        █
████▌ Resolution ___[..........................................512x384        █
████▌                                                                         █
████  iMDB.RATiNG __[...................... 6.5/10 (6,781 Bewertungen)        █
███▀  iMDB.LiNK ____[......... http://german.imdb.com/title/tt0097858/        █
███                                                                          ▀█
██▀                                                                        ▄▀▀▄ 
██                  ▄▄                                                   █▓▓  █
█▀                 █▓ █                                               ▄▄ █▓  ░█
█   ▄██▄  ▄█▀▀█  █ ▀▄▄▀ ▄█▀▀█ ██▀▀█▄ ██▀▀██  ▄█▀▀█ ████████████▀ ▄▄▄████▄ ▀▄▄▀ 
▄  ▄█ ██ ▄█▄    ▄█     ▄█▄     ▄▄▄██ ▀█▄▄▄▄ ▄█▄    █████████■█▀ ██████████▄▄▄▄█
   ██▀▄  ██▄▄██ ██▄▄██ ██▄▄██ ██▄▄██ ▄▄▄▄██ ██▄▄██ ██████████▀ ████████████████
█  ▀▀  ▀■▀▀     ▀▀     ▀▀     ▀▀     ▀▀     ▀▀     ▀▀▀▀▀▀▀▀▀▀ ███■███▀▀▀▀▀▀▀▀██
███         █▀▀█▄ ▄█▀▀█▄ ▄▄▄█▄██ ▄█▀▀█ ██▀▀██ ███████████████▄ █████ ▄██▀▀██▄ ▀
███████    ▄█  ██ ██  ██ ▀▀ █   ▄█▄    ▀█▄▄▄▄ ████████████████▄ ███ ▄▀  ▓   ▀█ 
█▀ ▄▄ ▀██  ██  ██ ▀█▄▄█▀   ██   ██▄▄██ ▄▄▄▄██ ███■█████████████▄▄▄  ▌ ▓    ░ █ 
█ █▓ █ ███ ▀▀              ▀▀   ▀▀     ▀▀     ▀▀▀▀▀▀▀▀▀▀▀▀▀▀▀▀▀▀▀▀▀ ▌ ▓▓  ░░ █ 
█ ▀▄▄▀ ███                                                          █    ░░▄█▀ 
██▄▄▄▄███                                                            ▀▀▄▄▄▀▀ ▄█
▀▀▀▀████                                                                  ▄████
▀▀██▄ ▀                                                                    ▀███
▓   ▀█      Trevor, die Ratte, Drogenhaendler, Pornofilmer und Zyniker.     ███
▓   ▀█      Wynyard, der Frosch, aufgrund seiner Vietnamerfahrungen         ███
▓   ▀█      drogenabhaengig und Trevors bester Kunde. Sid, der Elefant,     ███
▓   ▀█      manisch-depressiv und ausserdem noch mit einer                  ███
▓   ▀█      Vaterschaftsklage eines Huhnes gestraft. Sebastian, der Fuchs,  ███
▓   ▀█      homosexueller Paederast, ist auch gleichzeitig Regisseur der    ███
▓   ▀█      Show. Harry, das Karnickel, voegelt sich durch das ganze        ███
▓   ▀█      Ballet, und da er dabei nicht der einzige ist, zieht er sich    ███
▓   ▀█      schon bald gewisse Krankheiten zu. Heidi, das 400 Pfund         ███
▓   ▀█      schwere Nilpferd, wird von ihrem Mann betrogen und nutzt        ███
▓   ▀█      daraufhin aus, dass er grosskalibrige Waffen schmuggelt. Und    ███
▓   ▀█      dann waere da noch Robert, der Igel, Held dieses Films und      ███
▓   ▀█      unsterblich in die Robbe Lucille verknallt. Trotz allem         ███
▓   ▀█      versuchen diese Charaktere eine Variete∩-Show und Rock n Roll   ███
▓   ▀█      hinter, auf und unter der Buehne kann doch jeder Versuch nur    ███
▓   ▀█      zum Scheitern verurteilt sein. Oder ...?                        ███
   ░ █                                                                       ██
  ░░ █                                                                       ██
 ░░▄█▀                                                                        █
▄▄▀▀                                                                          █
▄                                                                             █
█                                                                              
█                                                                             ▀
█                                                                             █
██                                                                           ██
███                                                                         ███
███    ▄▄                                                                  ████
██    █▓ █                                                                 ▀███
█     ▀▄▄▀                                   ▄▄       ▄██▀▀██▄          ▄▀▀▄ ▀▀
 ▄█▀▀██  ▄██▄ ▄█▀▀█▄ ██      ▄██▄ █████████ █▓ █ ███ ▄▀  ▓   ▀█ ██████ █▓▓  █ █
 ██▄▄▄  ▄█ ██ ██  ██ ██  ██ ▄█ ██ █████████ ▀▄▄▀ ███ ▌ ▓    ░ █ ███■██ █▓  ░█ █
 ██▄▄██ ██▀▄  ▀█▄▄█▀ ██  ██ ██▀   ▀▀▀▀▀▀████▄▄▄▄████ ▌ ▓▓  ░░ █ ██████▄ ▀▄▄▀ ▄█
     ▀▀ ▀▀  ▀■        ▀▀▀▀▀ ▀▀   ██▀▀██ ▄▄▄▄▄▄▄▄▄▄▄▄ █    ░░▄█▀ ▄▄▄▄▄▄▄▄▄▄▄▄▄▄▄
 ■        █▀▀█▄  ▄█▀▀█ ██     ▄█ ▀█▄▄▄▄ ████████████▄ ▀▀▄▄▄▀▀ ▄██▀▀▀▀▀▀▀▀██████
  ▄▀▀▄   ▄█  ██ ▄█▄    ██  ▄█ ██ ▄▄▄▄██ ███████████████▄▄▄▄▄████ ▄██▀▀██▄ ▀██■█
 █▓▓  █  ██  ██ ██▄▄██ ██  ██▄██ ▀▀ ▄▄▄▄███████████████████████ ▄▀  ▓   ▀█ ████
 █▓  ░█  ▀▀     ▀▀      ▀▀▀▀▀    ▀▀▀▀▀▀▀▀▀▀▀▀▀▀▀▀▀▀▀▀▀▀▀▀▀▀▀▀▀▀ ▌ ▓    ░ █ ▀▀▀▀
  ▀▄▄▀                                            █ ▀██████████ ▌ ▓▓  ░░ █ ████
                                               ▄█     ▀██▀ ████ █    ░░▄█▀ ████
                                              ▐█            ███▄ ▀▀▄▄▄▀▀ ▄█████
                                              ▐██        ▄▄  ▀████▄▄▄▄▄████▀▀██
                                               ▀▒█▄     █▓ █   ▀▀████████▀   ▀█
                                                ▀███▄   ▀▄▄▀      ▀████▀      █
                                                  ████▄       ▄               █
                                                   ▀▒███▄       █▄           ██
                                                     ▀████▄      ██▄        ███
                                                        ▀███▄     ███       ███
                                                          ▒██▓▄   ▒██▌     ████
                           ▄            ██                  ▒██▌  ▒██▌     ████
                          ██       ██   ██  █  ▄▄            ██▌ ▒███▌    █████
 ██    ▄█▀▀█▄        ▄ ██  ▄  █▀▀█▄ █   ██  █  ██ ████████▀ ▒█▀  ███▓     █████
 ██    ██  █▌▄█▀▀█▄ ▄█ ██ ▄█ ▄█  ██     ▀█████ ▄▄ ███████▀ ▒█▀  ████▀    ██████
 ██  ▄▄▀█▄▄█ ██  ██ ██▀▄  ██ ██  ██         █  ██ █████▀  █▀   ████▀    ███████
  ▀▀▀▀▀      ▀█▄▄█▀ ▀▀  ▀■▀▀ ▀▀ ▄▄▄▄▄▄▄▄▄▄▄▄▄▄▄▄▄▄████▀ █     ████▀     ███████
                                                       ▀    █████      ████████
                                                  ■░      ▒███▓▀      █████████
            ---                    ---           ░      ▒███▀▀       ██████████
                                                  █   ▒██▀▀          ██████████
                                                    ███▀    █▀▀▀▀▀▀▀▀▀▀▀▀▀▀▀▀▀█
                                                   ██▀      █ THiS CAME RiGHT █
                                                  ██▓ █     █                 █
  ▄█▀▀██  ▄██▄  ▄█▀▀█  ▄█▀▀█ ▄▄▄█▄██ ██▀▀██ █████ ▀█▄       █  FROM THE DARM  █
  ██▄▄▄  ▄█ ██ ▄█▄    ▄█▄    ▀▀ █    ▀█▄▄▄▄ ████▀█ ▀█   █   █▄▄▄▄▄▄▄▄▄▄▄▄▄▄▄▄██
  ██▄▄██ ██▀▄  ██▄▄██ ██▄▄██   ██    ▄▄▄▄██ ███▌░▐█   ▄█▄        ░    █████████
      ▀▀ ▀▀  ▀■▀▀     ▀▀       ▀▀    ▀▀ ▄▄▄▄███▌■▐███ ███▄      ■ ▄▄   ████████
                                                 ░    ████     ░ █▓ █   ███████
                                                     ██▀ ▄▄▄     ▀▄▄▀     █████
█               ■ xXx                                ▀ ▄█████▄     ▄▄       ███
█                                           ░        ▄█████████   █▓ █       ██
██                            ▄██▀▀██▄       ■░     ████████████  ▀▄▄▀        █
███                          ▄▀  ▓   ▀█           ▄████▀ ▄▄▄▄▄▄ ▄        ░    █
▄ ▀█                         ▌ ▓    ░ █          ██▀ ▄▄▄██████████▄    ░■     █
 █ ██                        ▌ ▓▓  ░░ █         █▀ ▄████████████████▄          
▄▀ ███                       █    ░░▄█▀         ▄▄█████░█████████████          
▄▄█████                       ▀▀▄▄▄▀▀   ▄▄    ▄██████░■███████▀▀▀▀▀▀▀▄█████    
▀▀▀▀▀███                               █▓ █ ▄████████████▀▀▀▀▄██████████████   
▀▀██▄ ▀██ ▀▀██████████ █▀▀█▄  ▄█▀▀▀    ▀▄▄▀ ████████▀▀▀▀▄███████████████████ ▄ 
▓   ▀█ ████ ▀▀███████ ▄█  ██ ▄█▄ ▄█▀▀█▄     ▀█▀▀▀▀▀▄████████████■░███████▀▀▄▄██
   ░ █ ██████ ▀▀▀████ ██  ██ ██  ██  ██     ▄▄▄████████████████░█████▀▀▀▄██████
  ░░ █ █████████ ▀▀▀▀ ▀▀     ▀▀  ▀█▄▄█▀ ▀▀ █████████████████████▀▀▀▀▄██████████
 ░░▄█▀ ███▀▀▀▀█████          (",)         ██████████████████▀▀▀▄███████████████
▄▄▀▀ ▄██▀ ▄▀▀▄ ▀██████                   ███████████████▀▀▀▄███████████████████
▄▄▄█████ █▓▓  █ █████████████             ███████████▀▀▄███████████████████████
████████ █▓  ░█ ██████████████████▄▄▄▄▄▄▄▄▄▄▄▄▄▄▄▄▄▄▄▄█████████████████████████
