
    ▒  ░  ░   ░               ░        ▒ ░             ░    ░ x!FEAR
    ░▒░ ░ ░░▒▒  ░   ░      ▒   ░  ░  ▒░░▒░░ ░ ░    ▒    ░▒░░ 
 ░▒░ ░ ░     ░▒░ ▒░░     ░▒   ░▒ ░ ▒░░ ▒ ▒ ░▒░░░ ░▒ ░░▒    ░▒░░ ░▒ ░
 ▒░   ▄▄████▄▄  ░░░  ▒ ░░  ░ ░  ░░░    ▄▄▄▄   ▒░░▒░▒  ▄▄██▄  ▒░░ ░▒ ░ 
▒   ▄██▀▀  ▓██▌  ░▒░ ░▒ ░▒  ░▒ ░░▒  ▄██▓▀▀███▄  ░░  ▄▓█▀ ▀▓█     ▒░ ░▒
░▒ ▓▓█▌ ░░▐█▓█ ▄▄  ░▒    ░░▒  ░   ▄███  ░  █▓██ ▒ ▄▓██     ▓█     ░ 
 ░ ▐█▓█ ░ ▓██▌▐███   ▄█▓▄   ░ ▒░ ▐▓██▌ ░░░▐▓██▌  ▐▓██▌ ░░▒░▐██  ░▒  ░░▒
 ▒░ ▀███▄  ▀▀ █████ ▐▓▓███▄  ▒░░░ ▀▀▀▀ ▒░ ▓▓██ ░ ▓▓██ ░▒░░ ▓▓█▌  ░░  ▒ ░ 
▒  ▄████▀▀▐▓▓███▓██▌█▓█▀▓███  ▒ ▄▄████▄▄ ▐▓██▌  ▐▓██▌  ░  ▐▓██   ░▒░     
░ ▓▓██▀ ░░ █▓██▀ ▓████▌░ ▓███ ▄██▀▀  ███▌▀▀█████▄ ▀█▀▀▀▄▄▄███▌ ░░    ░    
 ▐▓██▌  ▄▄▄▐█▓█▌░▐████ ░▐███▌▓▓█▌ ░ ▐▓██  ░  ▀▓███ ▌▒░   ▐███  ▒ ░ ░▒ ▒ 
 ▓███  ▓▓██ ████  ███▌▒ ████ ▐█▓█   ▓██▌ ░ ░  ▐▓██▌ ░░▒  ▓▓█▌ ░  ▒░ ░░  
▐█▓█▌  ▐▓██▌▐███▌░ ▀  ░▐▓██▌  ▀███▄  ▀▀ █ ░▒░ ▓███  ░ ░ ▐███  ▒░░ ░░▒ ░░ ░  ▒
 ▀███▄  █▓██ ▓███ ░░ ░ ████  ▄████▀▀ ▐█▓█▌▒░ ▐███▌ ░ ▒  ▓▓█▌ ▒░        ░▒ ░▒
 ▒ ▀▀██▓██▀ ░▐▓██▌ ▒░ ▐▓██▌ ▓▓██▀ ░▒░ ▓███ ░ ▓███ ░ ░░ ▐▓██ ▒░▒░ ▄▄███▄▄   ░▒ ░
 ░▒░   ▀▀ ░▒░     ▒░  ▓▓██ ▐▓██▌  ▄▄▄ ▐▓██▌ ▐███▌░▒░▒░ ▀▀█▌ ░░ ▄▓▀▀   ▀███▄  ░▒
  ░ ▒░ ░▒  ▒▒░░▒░    ▐▓██▌ ▓███  ▓▓██       ▓▓██ ░ ▒░ ▐▓█▄ ░▒ ▓▓██ ▒ ░  ▓██▌ ░
 ▒    ▒   ░  ░ ░▒ ░░      ▐█▓█▌  ▐▓██▌ ░░ ▒▐▓██▌   ░  ▓▓█▌    ▐▓▓█▌ ░▒░ ▐█▓█ ▒ ▒
                 ░ ░░ ▒░░▒ ▀███▄  █▓██  ▒░      ░▒   ▐▓██  ░   ████ ▒░  █▓██  ░
                     ░ ░ ░░  ▀▀█████▀  ▒░░ ░░░▒░░  ░ ▓██▌ ░  ▒ ▐▓██▌ ▒░▐███▌  ▒
                          ▒░ ▒   ▀▀  ░░░ ▒░ ▒  ░ ▒░ ▐███ ░▒░░   ████ ░ ████  ░
                                                    ███▌        ▐███▌ ▐███▌ ░  ░
┌───────────────────────────────────────────────── ▐███ ── ▄▄▄▄▄ ▓███ ▓███ ────┐
│░░░░░░░  p r e s e n t s  ░░░░░░░░░░░░░░░░░░░░░░░ ▓▓█▌ ░░ ▐▓██▌ ▐▓█ ▓███ ░░░░░│
└─────────────────────────────────────────────────▐▓██▓▄▄▄▄▄█▓██  ▀▄▓██▓ ──────┘
                                                   ▀▀▀▀▀▀▀▀▀██▀  ▄█▓█▀▀         
                                                           ▄▀   ▀▀▀        
          The.Midnight.Meat.Train.LIMITED.DVDR-EMERALD
 
                                                                          
  » release date  : Jan 28, 2009        » theater date : Aug 01, 2008 (102 screens)
                               
  » retail date   : Feb 24, 2009        » image size   : 4469 MB
                                                              
  » video bitrate : 3750 kbps           » aspect ratio : 2.35:1 anamorphic
 
  » audio         : English 5.1         » subs         : English, Spanish
  
  » runtime       : 1:42:51             » imdb rating  : 6.6/10   7,178 votes  
  
  » genre         : Crime | Horror | Mystery | Thriller 
  
  » imdb url      : http://www.imdb.com/title/tt0805570/
  
  » extras        : * Commentary
                    * Featurettes
                    
  » ripped        : - FBI Warning
                    - English 2.0
                    - Previews
                    - Trail
