                                               ▄▄▄▄▄▄▄▄▄▄
          ███████████████                  ▄▄▄▄██████████▄▄▄▄
        ████████████████████             ██████████████████████
      ████████░░░░░░░░████████         ████████░░░░░░░░░░████████
    ██████░░░░░░░░░░▓█░░░██████       ██████░░░░░░░░░░░░█░░░██████
   █████░░░░░░░███░░░░░█░░░█████     ██████░░░░░░▒███░░░░░██░░█████
  █████░░░░░███████████░░▓░░▓████   █████░░█░░███████████░▓▓█░░█████
 █████░█░░██████▓▓▓▓▓████░░░░█████  ████░░█░░█████▓▓▓▓▓████▓▓█░░█████
 ████░█░░███▓▓▓███████████░░░░████ █████░░░░██▓▓▓████████████░▒░░████
████░░░░███▓▓██████████████░░█░████████░░░░██▓▓██████████████░░░░█████
████░░░▒███████████████████░░█░████████░░░▒███████████████████░░█░████
████░░▓████████████████████░░░░████████░░░████████████████████░░█░████
████░█▓▓███████████████████░░░░████████░█░████████████████████░░░░████
████░█▒▒██▓████████████████░░░░████████░█░░███▓██████████████░░░░░████
█████░█░███▓███████████████░░░█████▒████░░░████▓█████████████░█░░████░
 ████░░▒░█████████████████░█░░████▒ ████░░░░████████████████░░█░░████
 █████░░░░██████████████░░█░░█████   ████░░█▓▓████████████▒░░█░░████▒
  █████░░█▓▓███████████░░█░░█████    █████░░██▓▓████████░░░░░░▒████         ▄
   █████░░███░░░░░░░░░░░░░░█████      ██████▓▓█░░░░░░░░░░░░░░█████         ███
    ███████░░░░░░░░░░░░░░██████        ███████░░░░░░░░░░░░███████        █████▌
     █████████████████████████           ██████████████████████        ▒██████▌
       █████████████████████              ▓██████████████████        ▒█████░██▌
         ████████████████████████████████████████████████          ▒█████░░░██▌
    ███████▒▒▒▒▒▒▒▒▒▒▒▒▒▒▒▒▒▒▒▒▒▒▒▒▒▒▒▒▒▒▒▒▒▒▒▒▒▒▒▒██████         █████░░░█░██▌
    ██████████████████████████████████████████████████████       █████░░░░█░██▌
    ███▒▒▒▒▒▒▒▒█▒▒█████▒▒█▒▒████▒▒▒█▒▒████▒▒▒█▒▒▒▒▒▒▒▒██████████████░░░██░░░██▌
    ███▒▒▒▒▒▒▒▒█▒▒█████▒▒█▒▒███▒▒▒██▒▒███▒▒▒██▒▒▒▒▒▒▒▒█████████████░░░████░░██▌
    ███▒▒████▒▒█▒▒█████▒▒█▒▒██▒▒▒███▒▒██▒▒▒███▒▒████▒▒████▒██████░░░▓█████░░██▌
    ███▒▒████▒▒█▒▒█████▒▒█▒▒█▒▒▒████▒▒█▒▒▒████▒▒████▒▒████▒█▒███░░░███████░░██▌
    ███▒▒████▒▒█▒▒█████▒▒█▒▒▒▒▒█████▒▒▒▒▒█████▒▒████▒▒████▒█▒███░░░███████░░██▌
    ███▒▒▒▒▒▒▒▒█▒▒█████▒▒█▒▒▒▒██████▒▒▒▒██████▒▒▒▒▒▒▒▒████▒█▒███░░░███████░░░█▌
    ███▒▒▒▒▒▒▒▒█▒▒█████▒▒█▒▒▒▒▒█████▒▒▒▒▒█████▒▒▒▒▒▒▒▒████▒█▒███░░░███████░░░█▌
    ███▒▒███████▒▒█████▒▒█▒▒█▒▒▒████▒▒█▒▒▒████▒▒████▒▒██████████░░░███████░░░█▌
    ███▒▒███████▒▒█████▒▒█▒▒██▒▒▒███▒▒██▒▒▒███▒▒████▒▒███████████░░░██████░░░█▌
    ███▒▒███████▒▒▒▒▒▒▒▒▒█▒▒███▒▒▒██▒▒███▒▒▒██▒▒████▒▒████████████░░░░████░░░██▌
    ███▒▒███████▒▒▒▒▒▒▒▒▒█▒▒████▒▒▒█▒▒████▒▒▒█▒▒████▒▒████  ████████░░░░░█░░░██▌
    █████████████████████████████████████████████████████       ██████░▒█░█░░██▌
     ██████▒▒▒▒▒▒▒▒▒▒▒▒▒▒▒▒▒▒▒▒▒▒▒▒▒▒▒▒▒▒▒▒▒▒▒▒▒▒▒▒██████         ██████░██░░██▌
      ██████████████████████████████████████████████████            ▒█████░░░██▌
              █████████████████████████████████                       ▒████████
               ███░░░░███░░░█████░░░░░░░░░████                          ▒██████
                 ████████████████████████████                             ████▌
                  ▀▀▀▀▀▀   ▀▀▀▀▀▀▀    ▀▀▀▀▀▀                               ▀█▀
 █▀▀▀▀▀▀▀▀▀▀▀▀▀▀▀▀▀▀▀▀▀▀▀▀▀▀▀▀▀▀▀▀▀▀▀▀▀▀▀▀▀▀▀▀▀▀▀▀▀▀▀▀▀▀▀▀▀▀▀▀▀▀▀▀▀▀▀▀▀▀▀▀▀▀▀█▄
 █   ■■ Rip Info                                                             ██
 █▄▄▄▄▄▄▄▄▄▄▄▄▄▄▄▄▄▄▄▄▄▄▄▄▄▄▄▄▄▄▄▄▄▄▄▄▄▄▄▄▄▄▄▄▄▄▄▄▄▄▄▄▄▄▄▄▄▄▄▄▄▄▄▄▄▄▄▄▄▄▄▄▄▄▄██
  ▀█▀▀▀▀▀▀▀▀▀▀▀▀▀▀▀▀▀▀▀▀▀▀▀▀▀▀▀▀▀▀▀▀▀▀▀▀▀▀▀▀▀▀▀▀▀▀▀▀▀▀▀▀▀▀▀▀▀▀▀▀▀▀▀▀▀▀▀▀▀▀▀▀██▀
   █                                                                        ██
   █ Title...........: 21                                                   ██
   █ Source..........: R5 LINE                                              ██
   █ Video Bitrate...: 686                                                  ██
   █ Audio Bitrate...: 130 ABR MP3                                          ██
   █ Resolution......: 608 x 336                                            ██
   █ FPS.............: 25                                                   ██
   █ Runtime.........: 01:57:40                                             ██
   █ Release Date....: 12-05-2008                                           ██
   █ Size............: 1cd                                                  ██
   █ IMDB............: http://www.imdb.com/title/tt0478087/                 ██
   █                                                                        ██
   ▀██████████████████████████████████████████████████████████████████████████
 █▀▀▀▀▀▀▀▀▀▀▀▀▀▀▀▀▀▀▀▀▀▀▀▀▀▀▀▀▀▀▀▀▀▀▀▀▀▀▀▀▀▀▀▀▀▀▀▀▀▀▀▀▀▀▀▀▀▀▀▀▀▀▀▀▀▀▀▀▀▀▀▀▀▀▀█▄
 █   ■■ Plot                                                                 ██
 █▄▄▄▄▄▄▄▄▄▄▄▄▄▄▄▄▄▄▄▄▄▄▄▄▄▄▄▄▄▄▄▄▄▄▄▄▄▄▄▄▄▄▄▄▄▄▄▄▄▄▄▄▄▄▄▄▄▄▄▄▄▄▄▄▄▄▄▄▄▄▄▄▄▄▄██
  ▀█▀▀▀▀▀▀▀▀▀▀▀▀▀▀▀▀▀▀▀▀▀▀▀▀▀▀▀▀▀▀▀▀▀▀▀▀▀▀▀▀▀▀▀▀▀▀▀▀▀▀▀▀▀▀▀▀▀▀▀▀▀▀▀▀▀▀▀▀▀▀▀▀██▀
   █                                                                        ██
   █ 21" is the fact-based story about six MIT students who were trained to ██
   █ become experts in card counting and subsequently took Vegas casinos    ██
   █  for millions in winnings.                                             ██
   █                                                                        ██
   ▀██████████████████████████████████████████████████████████████████████████
 █▀▀▀▀▀▀▀▀▀▀▀▀▀▀▀▀▀▀▀▀▀▀▀▀▀▀▀▀▀▀▀▀▀▀▀▀▀▀▀▀▀▀▀▀▀▀▀▀▀▀▀▀▀▀▀▀▀▀▀▀▀▀▀▀▀▀▀▀▀▀▀▀▀▀▀█▄
 █   ■■ Group News                                                           ██
 █▄▄▄▄▄▄▄▄▄▄▄▄▄▄▄▄▄▄▄▄▄▄▄▄▄▄▄▄▄▄▄▄▄▄▄▄▄▄▄▄▄▄▄▄▄▄▄▄▄▄▄▄▄▄▄▄▄▄▄▄▄▄▄▄▄▄▄▄▄▄▄▄▄▄▄██
  ▀█▀▀▀▀▀▀▀▀▀▀▀▀▀▀▀▀▀▀▀▀▀▀▀▀▀▀▀▀▀▀▀▀▀▀▀▀▀▀▀▀▀▀▀▀▀▀▀▀▀▀▀▀▀▀▀▀▀▀▀▀▀▀▀▀▀▀▀▀▀▀▀▀██▀
   █                                                                        ██
   █ we are searching for and recruiting screener suppliers and cammers,    ██
   █ nothing else - ktx                                                     ██
   █                                                                        ██
   ▀██████████████████████████████████████████████████████████████████████████
 █▀▀▀▀▀▀▀▀▀▀▀▀▀▀▀▀▀▀▀▀▀▀▀▀▀▀▀▀▀▀▀▀▀▀▀▀▀▀▀▀▀▀▀▀▀▀▀▀▀▀▀▀▀▀▀▀▀▀▀▀▀▀▀▀▀▀▀▀▀▀▀▀▀▀▀█▄
 █   ■■ Notes                                                                ██
 █▄▄▄▄▄▄▄▄▄▄▄▄▄▄▄▄▄▄▄▄▄▄▄▄▄▄▄▄▄▄▄▄▄▄▄▄▄▄▄▄▄▄▄▄▄▄▄▄▄▄▄▄▄▄▄▄▄▄▄▄▄▄▄▄▄▄▄▄▄▄▄▄▄▄▄██
  ▀█▀▀▀▀▀▀▀▀▀▀▀▀▀▀▀▀▀▀▀▀▀▀▀▀▀▀▀▀▀▀▀▀▀▀▀▀▀▀▀▀▀▀▀▀▀▀▀▀▀▀▀▀▀▀▀▀▀▀▀▀▀▀▀▀▀▀▀▀▀▀▀▀██▀
   █                                                                        ██
   █                                                                        ██
   █                                                                        ██
   ▀██████████████████████████████████████████████████████████████████████████
 █▀▀▀▀▀▀▀▀▀▀▀▀▀▀▀▀▀▀▀▀▀▀▀▀▀▀▀▀▀▀▀▀▀▀▀▀▀▀▀▀▀▀▀▀▀▀▀▀▀▀▀▀▀▀▀▀▀▀▀▀▀▀▀▀▀▀▀▀▀▀▀▀▀▀▀█▄
 █   ■■ Contact                                                              ██
 █▄▄▄▄▄▄▄▄▄▄▄▄▄▄▄▄▄▄▄▄▄▄▄▄▄▄▄▄▄▄▄▄▄▄▄▄▄▄▄▄▄▄▄▄▄▄▄▄▄▄▄▄▄▄▄▄▄▄▄▄▄▄▄▄▄▄▄▄▄▄▄▄▄▄▄██
  ▀█▀▀▀▀▀▀▀▀▀▀▀▀▀▀▀▀▀▀▀▀▀▀▀▀▀▀▀▀▀▀▀▀▀▀▀▀▀▀▀▀▀▀▀▀▀▀▀▀▀▀▀▀▀▀▀▀▀▀▀▀▀▀▀▀▀▀▀▀▀▀▀▀██▀
   █                                                                        ██
   █  Pls do NOT email if you have nothing to offer, also this is not the   ██
   █  p2p helpdesk. We do not put our rls on p2p or want them there.        ██
   █  We don't need anymore affils thx, pls don't email                     ██
   █                           pukka@bk.ru                                  ██
   █                                                                        ██
   ▀██████████████████████████████████████████████████████████████████████████
