                                          
                                        ▄░███████████▄▄▄                    
                                     ▄░███████████████▒▒▄▄                  
                                   ▄███████████▀▀██▓████▒▓█▄▄               
                                 ▒████████████▌▓██▄█▌▀▒███░ ▓█▄             
                               ▒█████████████▀ ██████ ▓██  ██▄▀▀▀▀█▄        
                             ░████████████▓▒███▄▄▀▀░░███   ░▀ ▒  ░░▓█▄      
                             ███████▓█████████████████▄▒▒ ░   ░▄▄██████     
                            █████▒█▓██████████████████▒▒  ▒▄███▀███████▌    
                           ████████▓███████████████████▄▄▀▀▒░ ░░ ███████
                          ████████▓▓▒▒▒████████████████▒   ▒▓░█████▒▓▀█▌
                          █▀▒▒▒█░  ░ ▒▒▒█▀████████████▓  ▄▄▓█▓█▒▓█▀▀  █
                         █ ▒▒█▓ ▒     ▀▒▒█████████████ ░█▒    ▓█
                         ██████▒▒▒░     █████████████░ ▀░   ░ ░              
                        ██▓▓██▒▒██   ▒  ██▒█████████▒ ▒░░░▒▒▒▒▒              
                       ▄███▒█▓█▓▒▒▒▒▒░▒ █▄██████████  ▒ ▒░ ▒▒█               
                       █▄▒▒░░▓ ▓  ▀ ░  ░░██████████░  ░▒ ░░███               
                       ████▒           ░▓█████████ ▒  ░ ▒░████               
                      ▒█████▄            ▒█████▒▀      ░░ ███▓               
                      ████ ▀░             ▒███▀  ░ ▒ ░░   ░███▌              
                     ▓███▒              ░   ▓    ░ ▒  ░     ▀█░              
                      █▓██▒  ▒     ░ ░                        ░░             
                     █▒█▒█░██░      ░                ░   ▒     ░░            
                     ██░▀▀                    ░     ░  ░        ░░           
      SunZero       ▄█▀ ▒                  ░  ░                  ░░          
        !06        ▄█         ░░░               ░          ░ ░    ░░        
                   ██  ▒       ░░ ░     ░      ░    ░              ░░      
                 ▄██░░ ▓        ░ ░ ░  ░       ▒ ░ ▓                ░     
              ▄▄▓▓▓▓       ░    ░▒▒     ░░               ░   ▒      ░░     
            █▒▒█████▄▒          ░ ▒ ▓▒░▒ ▒  ░ ░  ░  ▒░   ░   ░       ░     
          ██░██▀░▓█░░   ░▒░ ▒   ░ ░░█ ░█  ▒▒ ░░              ░       ░░▒   
       ▒███░█▀▄░▒▒▓█▀ ▒ █ ░░   ░░▒   ▒▓▓▓  ░   ▒▒  ░  ░░ ░    ▒       ░░▒ 
     █▓██▒█▒████▄░▄ █      ░ ░ ██ ░    ░  ▒▒░▒▒░  ░  ▒░ ░░ ░ ░        ░░▒▒   
    ███▓██▒██▓░▓░▄▒▒▀ ▒  ░░ ▒  ▒  ▒ ░ ▒   ▒▒░░▒ ░▒   ░   ▒  ▒░        ░░░█▓  
  ░██████▒█████▒▒█▒█░ █▓░░    ░ ░ ▒░▒   ▓▒  ░░      ░ ▒  ▒▒  ▒    ░▒  ░░▒██ 
 ░▒████████▓▒▓████▓▒░ █░░▓  ░░  ▒  █▒▒▒█▒    █    ░ ░   ▒▒▒▒▒▒ ░▒░░▓ ▒██▒█░▄
░░░▒██████████████ █░ ▒▒ ▒▒▒▒░▓ ░░▒█░▓██▒░▒▒▒▓▒  ▒░░      ░░░▒  ▒▒  ▄▒███░█░
░▓▓▓██████▓████████░ ██▒▒█▓ ▒░░▒░ ▒▒▒▒█▒░░░▒▒▒ ░          ▒ ░  █ ▒░░▒░▓█▒▒▒█▄
░▓▒█░█████▓████████░ ████▓▓▓░ ░░░██▓▓▓███▓▓  ▒  ░ ░ ▒ ▓░  ░░░  ▒ ░  █▒██░░▒██
▓▓█ ██████▓██▓▓███ ▓░███░█████████▓▒▒▒██▒▒▒▒ ▒   ▒ ▓ ▒▒ ░     ▒▒   ▓██████▓██▄
▓▒▓██████▓▓███████ ░▒█████░█▒█▒▓██▒▒▒▒▒▒▒░▒▒    ░ ░░ ░   ▒     ▒  ▓███████▓██▓
░▓▓███████▓████████▒██████████▒▒▓▓   ▒▒▀     ▒   ▒  ▒█░▒      ▒██▒██▓█▒▒▒█████
█▓███▓█████▓█████▒▓▓██▓██▒▒▓█▒▒▒▒              ░░  ▒██ ▒▒      ▓░░██████▒▒██ █
█████▓▓████▓▓███▒░▒███████▓▓▓▓▓▓        ▒░▒  ▒ ░ █▒ █▒▒█░  ░     ███████████ █
██████▓████████ █▓▀████████▓███░░░▒░█░░░░  ▒  ▓▓▓█░▒▓▒▒▒▒░ ░  ▒ ████▒███▒▒██ █
██████▓██████████░████▓██████████░███▒▒▒▒▒▒▒▒░░▒▒░░█▓█░▓▓█▒  ▓███████▒█▒█▒██ █
██████▓▓███▒████░░█████▒▓████▒▒█▓████▓█▒░░████▒▒▒▓▓▒▒▒▒▒░█▒▓ ▓███▒██████████ █
█▒████▓▓▓██▒▒█░█░████████▒█████▓▒▒▒███░█▒███▓▓▓▓██▒▒██▓█ ░   ░████▒▒████▓▓██ █
███████▓▓███▒███░███▓██████████▒███▒▒▒▒▒█████▓█████▒█▒▒█▓░░██▓██▒██▒████████ █
████████▓▓█████░░███▒░▒█████████▒████▒░░███▒████████████▒▒▒▒▓▒█████▒██▒█████ █
█▒████████████░░███████▒███▒███▓█████▓████░▓███▒██▒██████▒ ░░▒██▒██████▒▒██░ █
██████▓██████░░███▓████████████▓█▓███▓████▒▒▒██░▒█▓▓██▒▒██▓▓████▒▒█████████▒██
█████████████░████████████████████████████▒███▒▒█████▒████████████████████░ ██
███████████▀░░██████████████▒▒█████████▓█████████▓███▓█████████▒██▒██▓███▓ ███
████████████▄███████▓█████████████████████████████████████████████████████████
████████████▀ ▄▄▄▄▄▄▄▄▄▄▄▄▄▄ ▀█▀ ▄▄▄▄▄▄ ▄████▀▄▄▄▄▄▄▄▄▄ ▀▀▀▀▀▀▀▀▀▀▀▀▀▀▀▀▀▀▀▀██
██████████▀ ▄█▀▀           ▀█  ▄█▀  ▄█ ▄███▀ ██    ▄██▄▄█▀▀▀▀▀▀▀▀▀▀▀▀▀▀▀▀██▄ █
██████████ ██████▄▄▄▄▄     ▓█ ▄█   ██ ▄████ ██    ██                      ▓█ █
██████████▄▄▄▄▄▄▄▄  ▀█     ▄███   ██ ▄████▀ █     █    ██▄▄▄▄▄             █ █
██████████████▀▀▀  ██▀    ▄███   ██ ▄███▀ ▄█▓    ██   ██ ▀▀███████████▄    █ █
█████████▀▀ ▄▄▄██▀▀▀    ▄████  ▄██▄▄▄▄▄▄▄█▀     ██   ▄█             ▀███  ██ █
█████▀▀▀ ▄███▀        ▄██▄█▀                   ██          ▄▄█████████▀  ██  █
███▀ ▄███▀        ▄▄██████▄▄▄▄█████           ██   ▄ ▄▄▄▄▄██▀▀          ██  ██
██ ██▀        ▀ ▀▀▀▀▀▀▀          ██████▀▀ ▀  ██                      ████  ███
█ ▐█                          ▄▄██▀  █      ██▀   ▄▄▄▄▄▄▄▄▄▄▄▄▄▄▄████▀▀   ████
█ ▐████████████████████████████▀ ▄▄▄█████████████████████████████▀▀   ████████
██▄▄▄▄▄▄▄▄▄ ▄▄       ▄▄▄▄▄▄▄▄▄▄▄▄▄▄▄▄▄▄▄▄▄▄▄▄▄▄▄▄▄▄▄▄▄▄▄▄▄▄▄▄▄▄▄▄▄▄▄██████████
███ ▄▄▄▄▄▄▄▄▄▄▄▄▄▄████████████████████████████████████████████████████████████
██▀▄                                                                      ▄▀██
█▓                                                                          ▓█
▀█░▀                                                                      ▀░█▀


 Release Name----- Gossip.Girl.S02E02.HDTV.XviD-2HD
 Release Date----- 09/09/2008
 Release Size----- 350Mb
 Source----------- HDTV
 Play Time-------- 00:42:01
 Resolution------- 624x352
 Frame Rate------- 23.98
 Video Bitrate---- 1023kbps
 Video Codec------ XVID
 Audio -----------       48000 Hz 2ch, 131kbps
 Audio Codec------ MP3


            Think you have what it takes to be a part of 2X?
                          dosequis@cryptomail.org



                            ▄█▄
                           █▀ ▀█                              ▄▄▄▄
              ▄▀▀▄       ▄█▀░  ▀█▄                        ▄▄█▀░  ▀▀▄░▄  ▄
           ▄▀▄▀▀  ▀▄▀▄  ▄█       ▀█▄                   ▄░▀▀  ▀    ▀ ▀ ▀▀ ▀▄▄
        ▄░▀  ▄ ▀▄ ▀  ░▓█▀    ▓     ▀█                 ▀▄▄▄▀   ▄░▄     ▄  ▄▄▄█
       █▀▀▄░  ▀░    ▄█▀       ░▀    ▀█▄     ▀▄  ▄        ▀█▄▄▀▄▄▄▄ ▀▄▄▄▀▄░ ▀
      ▀▄▄▌ ▄    ▀  ▄▌   ▄░    ░       █▄      ▓▀                  ▀▀
         ▀▄▄▀▄▄▀ ▄█▀    ▓      ▓   ▄   █▄
               ▀▀█▀    ░     ▒      ▒▓  ▀█       ▀▄▀
               ▄█▀ ▄▄      █             ▀█                ▄▄▄
              ▄█▒▀▄▀▒█▒  ▄▀▒▀▄  ▄▀█    ▄▀▄▀█▄            ▄▀   ▀▄
             █▀▒▒▒▓▒▒▒█ █▒▓▒▒▀▀█▒▒▒█ ▓█▒▒▒▒▒▀█▄        ▄▀ ░     ▀▄
            ▄█▓▓▓▓▒▒▒▓▓▀▓▓▓▓▒▓▓▓▒▓▓▓█▀▓▓▓▒▒▓▓▒▀▓▄    ▄█▀     ▀    █
          ▄█▀▓▓▓▓▒▒▓▓▓▓▓▓▒▒▓▒▓▓▓▓▒▓▓▓▓▓░▒▒▓▒▓▓▓▒█▄ ▄█▀█ ▄   █   ▄▓▄█
         █▓▓▓▓▒▓▓▓      RESPECT TO       ▓▒░░▓▓▓█▀▓░▒▒█▒▀▄▀▓█ █▒▀▒▀█▄
        ▄█▓▓▓▓▓▓▓▓▓▓▓▓▓▓▓▒▓░▓▓▓▓▓▒▒▓▓▓▒▓▒▒▓▓▓▓░▓▓▀█▄▒▀▒▒▒▒▒▒▒▒▀▒▒▒▓▓▒▀█
       █▀▓▓▓░▓▓░▓▓▓▓▓▓▒▓▒▓▓▒▓▓░░▓▓▓▓▒▒▒▒▒▒▒▓░▓▓▓▓▓▓▀█▒▒▓▒▒▒░▄▒▒▒▒▒▒▒▓▒▒▀▄
      ▄█▓▒▒▒▓▓▓▓▓▓▓▒▓░▓▓▓▓▓▓▓▓▓░░░▓▓▓▓▒▒▓▒▓▓▓▓▓▓▒▓▓▓▀█▒▒▒░▒▒▀░ ▓▓▓░▒▒▒▓▓▒█
    ▒█▀▓▒▒▒▓▓▓▓▓▓▓▒▓░▓     FQM       ▓▓▒▒▓▒▓▓▓▓▓▓▒▓▓▓▀█▒▒▒░▒▒▀░▓▓▒▒▒▓▒▒▒▒▀▄
   ▄█▀▓▓▓▒▓▓▓▓▓▒▒▓▓▓▓▓▓▓▓▓▒▓▓▓▓▓▓▒▒▒▓░▒▒▒▒▒▒▒▒▓▓▒▒▓▒▒▓▓█▒▒▒▒▓▒▒▒▒▓▓▒▒▒▀▒▒▒▒▀▄
   ▓▓▓▓ ▓▓▒▓ ▓▓ ▓▓░▓▓▒▒▒▒▒▒▀▓▒▒▓▓▓▒▒▓▓▓▒▒░▓▓▒▒▒ ▓▓▒▒▓▒▓▓▀▒▒▓▓▓▒▒▒▒▒▀ ▒▒▒▒░▓▒▒█
   ▒▓ ▒▓▓▒▓▓  ▒▒ ▀▒▒ ▓▓▒▓▒  ▒░░▒▒▒▓▓▓▒▒ ▒▒▒░▓▓▀   ▓▒ ▒▒▒▒ ▒▓  ▒▓2x    ▒
       ▀ ▓        ░    ▓░    SunZero 2oo6 ░           ░
