                                                                                                  
                  ▀▀▀▓▄▄                                                                                     
                     ░  ▀█▄                 ▄▄▄▓▀▀▀                         
            ▄▄█ ▄█▄▄     ▐█▌             ▄██▀  ▒                                    
          ▄▀███░███▓▓▄  ▄█▀             ▐██▌   ░                                        
         ▐▌▐███▒████▓▓▌▀▀         ▄▄▀    ▀██▄                                    
          ▓▄███▓███▓▓▀      ▄ ▄██▄█▌       ▀▀▓▀ ▄████▄ ███▄▄                
          ░  ▀▀▀▀▄▄  ▄▄  ▄███▀███▓█▌ ▄       ░▄███████▀███████▄ ▄▄▄▄            
        ▄▄▄ ▄▄█▓███ █▓█  ▐██▓██▓▓▓█▌ ▐▄▀▄   ▄██████████████████     ▀▀▓▄▄      
      ▄██▀▓ ▐█▓▓▓▓█▀▓▓█   █▓▓█▓▓▓██▄▄█▓▌▐▌ █▓██▓████▓█▀      ▀▓       ▒▀██▄   
     ▐██▌ ░  █▓▓▓▓▓▓▓▓█   █▓▓▓▓▓▓█▓██▓█▄▀  █▓▓█▒▓▓█▓█▌        ▒       ░ ▐██▌  
      ▀██▄   █▒▓▓▓▒▒▒▒█   █▓▓▒▓▒▓▒█▀▀▀     █▓▓▓▒▒▓▓▓█         ░       ▄▄██▀
         ▀▀▀ █▒▓▒▒▒░▒▒█   █▓▒▒▓▒▒▒█▄▄▄████ █▒▓▒▒▓▒▓▒█        ▄▄▄▄▄▄█▀▀▀▀
          ▄  █▒▒▒░░░▒░█   █▒▒▒▒▒░▒█▀▀▀▓    █░▒▒▒▒▒▒▒█   ▄▄▄▄▄▄▄▄    ▄            
       ▄█▀▄  █░░▒░░░░░▀▄  █░░░░▒░░█   ░    █░░▒▒░▒░▒█     █▒░▒▒░▐▌  ▄▀█▄
      ▐█▌▀▓▀ ▐▌░░  ░░   ▀▄▀▄░░ ░░░█        █░ ░░░ ░░▀     █░░▒░ ▐▌ ▀▓▀▐█▌
       ▓█▄ ▀ ▐▌░     ░   ▐▌▐▌░  ░ ▐▌  ▀▄▀▄ █   ░  ░      ▐▌  ░  ▐▌ ▀ ▄█▓
       ▒▄▀█▄ ▐▌          ▐▌▐▌      ▀▄  ▐▌▐▌▐▌           ▄▀      ▐▌ ▄█▀▄▒
       ░▐▌▐█▌▐▌          ▐▌▐▌        ▀▀▀▄█▌▐▌        ▄▄▀        ▐▌▐█▌▐▌░
        ▀▄█▀ ▀▀▀▀▀▀▀▀▀▀▀▀▀  ▀▀▀▀▀▀▀▀▀▀▀▀▀▀  ▀▀▀▀▀▀▀▀▀▀▀▀▀▀▀▀▀▀▀▀▀  ▀█▄▀          
       ▀▓ ▄ ▀ ▀▀ ▀▀▀▀▀▀▀▀▀▀▀▀▀▀▀▀▀▀▀▀▀▀▀▀▀▀▀▀▀▀▀▀▀▀▀▀▀▀▀▀▀▀▀▀▀ ▀▀ ▀ ▄ ▓▀       
        ░ ▀                       Lost S03E22                       ▀ ░ 
          ▀                                                         ▀             
          █ ▀ ▄           Release Date ....: 03.08.2007         ▄ ▀ █    
         ▄▓▄   ▀█▄        Format ..........: XviD            ▄█▀   ▄▓▄     
          ▀ ▄▒  ▐▓▌                                         ▐▓▌  ▒▄ ▀    
           ▐▌░ ▄▓▀▄       Resolution ......: 640x352        ▄▀▓▄ ░▐▌                
            ▀▄ ▀ ▀▓▀      Audio ...........: MP3 128kbps   ▀▓▀ ▀ ▄▀      
          ▄▓▀ ▀█▄ █       Language ........: German         █ ▄█▀ ▀▓▄   
       ▄ ▐▓▌   ▐█▌▄       Size ............: 350  Mb        ▄▐█▌   ▐▓▌ ▄
      ▀░▀ ▀█▄ ▄██         Genre ...........: Adventure        ██▄ ▄█▀ ▀░▀
           ▄▓▒█▀                                               ▀█▒▓▄          
    ▄    ▀▀▀▀░  ▀▀▓                                         ▓▀▀  ░▀▀▀▀    ▄
  ▄▓▄   ▄▄████▓▄▄    ▄                                    ▄   ▄▄▓████▄▄   ▄▓▄
   ▀  ▄▀  ▀▀█▓▀  ▀▄  ▄▓▄                                ▄▓▄ ▄▀  ▀▓█▀▀  ▀▄  ▀
     █  █▓▄  ▄ ▄▒█▓█  ▀                                  ▀ █▓█▒▄ ▄  ▄▓█  █
    █ ▄███▀   █▀███▓█                                     █▓███▀█   ▀███  █
   ▐▌  ▒▀ ▀    ▀▒▄▀ ▐▌                                   ▐▌ ▀▄▒▀    ▀ ▀▒▀ ▐▌
 ▀▄ █  ▀▓█▄    ░█▀  █ ▄▀                               ▀▄ █  ▀█░    ▄█▓▀  █ ▄▀
  ▐▌ █  ▀▓▀   ▀▀   █ ▐▌           [ P L O T ]           ▐▌ █   ▀▀   ▀▓▀  █ ▐▌
  ▀ ▄ ▀▄ ▀ ▄▄▓▄  ▄▀   ▀                                 ▀   ▀▄  ▄▓▄▄ ▀ ▄▀ ▄ ▀
 ▀▄  ▓▀ ▀▀▓███▄█▀                                             ▀█▄███▓▀▀ ▀▓  ▄▀
  ▄▓▄▒    ░ ▀▓█ ▀          www.serienjunkies.de/Lost          ▀ █▓▀ ░    ▒▄▓▄
   ▀ ░       ▐▓▌                                               ▐▓▌       ░ ▀
            ▄▀▒                                                 ▒▀▄            
          ▄▄  ░    ▄▄         ▀▄ ▀█▄▄    ▄██▀ ▄▀          ▄▄    ░  ▄▄  
         ▐█▌      ▐██▌         ▐▌ ▐█▓▌  ▐▓█▌ ▐▌          ▐██▌      ▐█▌               
         ▐▓█▄▄  ▓▄█▀▀█▄▄      ▄▀ ▄██▒▀  ▀▒██▄ ▀▄▄      ▄▄█▀▀█▄▓   ▄█▓▌     
          ▒▀▀███▒▀▄▓▄ ▀▀█████▓▀▀▀█▀ ░    ░ ▀█▀▀▀▓██████▀▀ ▄▓▄▀▒███▀▀▒              
          ░     ░ ▄▀         ░  ▐▌  <gDFS>  ▐▌  ░          ▀▄ ░     ░    
                                 ▀▄        ▄▀
