 
                  ▀▀▀▓▄▄
                     ░  ▀█▄                 ▄▄▄▓▀▀▀
            ▄▄█ ▄█▄▄     ▐█▌             ▄██▀  ▒
          ▄▀███░███▓▓▄  ▄█▀             ▐██▌   ░
         ▐▌▐███▒████▓▓▌▀▀         ▄▄▀    ▀██▄
          ▓▄███▓███▓▓▀      ▄ ▄██▄█▌       ▀▀▓▀ ▄████▄ ███▄▄
          ░  ▀▀▀▀▄▄  ▄▄  ▄███▀███▓█▌ ▄       ░▄███████▀███████▄ ▄▄▄▄
        ▄▄▄ ▄▄█▓███ █▓█  ▐██▓██▓▓▓█▌ ▐▄▀▄   ▄██████████████████     ▀▀▓▄▄
      ▄██▀▓ ▐█▓▓▓▓█▀▓▓█   █▓▓█▓▓▓██▄▄█▓▌▐▌ █▓██▓████▓█▀      ▀▓       ▒▀██▄
     ▐██▌ ░  █▓▓▓▓▓▓▓▓█   █▓▓▓▓▓▓█▓██▓█▄▀  █▓▓█▒▓▓█▓█▌        ▒       ░ ▐██▌
      ▀██▄   █▒▓▓▓▒▒▒▒█   █▓▓▒▓▒▓▒█▀▀▀     █▓▓▓▒▒▓▓▓█         ░       ▄▄██▀
         ▀▀▀ █▒▓▒▒▒░▒▒█   █▓▒▒▓▒▒▒█▄▄▄████ █▒▓▒▒▓▒▓▒█        ▄▄▄▄▄▄█▀▀▀▀
          ▄  █▒▒▒░░░▒░█   █▒▒▒▒▒░▒█▀▀▀▓    █░▒▒▒▒▒▒▒█   ▄▄▄▄▄▄▄▄    ▄
       ▄█▀▄  █░░▒░░░░░▀▄  █░░░░▒░░█   ░    █░░▒▒░▒░▒█     █▒░▒▒░▐▌  ▄▀█▄
      ▐█▌▀▓▀ ▐▌░░  ░░   ▀▄▀▄░░ ░░░█        █░ ░░░ ░░▀     █░░▒░ ▐▌ ▀▓▀▐█▌
       ▓█▄ ▀ ▐▌░     ░   ▐▌▐▌░  ░ ▐▌  ▀▄▀▄ █   ░  ░      ▐▌  ░  ▐▌ ▀ ▄█▓
       ▒▄▀█▄ ▐▌          ▐▌▐▌      ▀▄  ▐▌▐▌▐▌           ▄▀      ▐▌ ▄█▀▄▒
       ░▐▌▐█▌▐▌          ▐▌▐▌        ▀▀▀▄█▌▐▌        ▄▄▀        ▐▌▐█▌▐▌░
        ▀▄█▀ ▀▀▀▀▀▀▀▀▀▀▀▀▀  ▀▀▀▀▀▀▀▀▀▀▀▀▀▀  ▀▀▀▀▀▀▀▀▀▀▀▀▀▀▀▀▀▀▀▀▀  ▀█▄▀
       ▀▓ ▄ ▀ ▀▀ ▀▀▀▀▀▀▀▀▀▀▀▀▀▀▀▀▀▀▀▀▀▀▀▀▀▀▀▀▀▀▀▀▀▀▀▀▀▀▀▀▀▀▀▀▀ ▀▀ ▀ ▄ ▓▀
        ░ ▀               Alarm fuer Cobra 11 S19E10                ▀ ░
          ▀                                                         ▀
          █ ▀ ▄           Release Date ....: 01.06.2007         ▄ ▀ █
         ▄▓▄   ▀█▄        Format ..........: Xvid            ▄█▀   ▄▓▄
          ▀ ▄▒  ▐▓▌       Video ...........: 941  kbit      ▐▓▌  ▒▄ ▀
           ▐▌░ ▄▓▀▄       Resolution ......: 512x384        ▄▀▓▄ ░▐▌
            ▀▄ ▀ ▀▓▀      Audio ...........: MP3 128kbps   ▀▓▀ ▀ ▄▀
          ▄▓▀ ▀█▄ █       Language ........: German         █ ▄█▀ ▀▓▄
       ▄ ▐▓▌   ▐█▌▄       Size ............: 350  Mb        ▄▐█▌   ▐▓▌ ▄
      ▀░▀ ▀█▄ ▄██         Genre ...........: Action           ██▄ ▄█▀ ▀░▀
           ▄▓▒█▀                                               ▀█▒▓▄
    ▄    ▀▀▀▀░  ▀▀▓                                         ▓▀▀  ░▀▀▀▀    ▄
  ▄▓▄   ▄▄████▓▄▄    ▄                                    ▄   ▄▄▓████▄▄   ▄▓▄
   ▀  ▄▀  ▀▀█▓▀  ▀▄  ▄▓▄                                ▄▓▄ ▄▀  ▀▓█▀▀  ▀▄  ▀
     █  █▓▄  ▄ ▄▒█▓█  ▀                                  ▀ █▓█▒▄ ▄  ▄▓█  █
    █ ▄███▀   █▀███▓█                                     █▓███▀█   ▀███  █
   ▐▌  ▒▀ ▀    ▀▒▄▀ ▐▌                                   ▐▌ ▀▄▒▀    ▀ ▀▒▀ ▐▌
 ▀▄ █  ▀▓█▄    ░█▀  █ ▄▀                               ▀▄ █  ▀█░    ▄█▓▀  █ ▄▀
  ▐▌ █  ▀▓▀   ▀▀   █ ▐▌           [ P L O T ]           ▐▌ █   ▀▀   ▀▓▀  █ ▐▌
  ▀ ▄ ▀▄ ▀ ▄▄▓▄  ▄▀   ▀                                 ▀   ▀▄  ▄▓▄▄ ▀ ▄▀ ▄ ▀
 ▀▄  ▓▀ ▀▀▓███▄█▀                                             ▀█▄███▓▀▀ ▀▓  ▄▀
  ▄▓▄▒    ░ ▀▓█ ▀    http://www.imdb.com/title/tt0115088/co   ▀ █▓▀ ░    ▒▄▓▄
   ▀ ░       ▐▓▌            mbined                             ▐▓▌       ░ ▀
            ▄▀▒                 ▄            ▄                  ▒▀▄
          ▄▄  ░    ▄▄         ▀▄ ▀█▄▄    ▄██▀ ▄▀          ▄▄    ░  ▄▄
         ▐█▌      ▐██▌         ▐▌ ▐█▓▌  ▐▓█▌ ▐▌          ▐██▌      ▐█▌
         ▐▓█▄▄  ▓▄█▀▀█▄▄      ▄▀ ▄██▒▀  ▀▒██▄ ▀▄▄      ▄▄█▀▀█▄▓   ▄█▓▌
          ▒▀▀███▒▀▄▓▄ ▀▀█████▓▀▀▀█▀ ░    ░ ▀█▀▀▀▓██████▀▀ ▄▓▄▀▒███▀▀▒
          ░     ░ ▄▀         ░  ▐▌  <gDFS>  ▐▌  ░          ▀▄ ░     ░
                                 ▀▄        ▄▀
