ÔĽŅ                   ‚ĖĎ‚ĖĎ‚ĖĎ‚ĖĎ‚ĖĎ‚ĖĎ‚ĖĎ            ‚ĖĎ‚ĖĎ‚ĖĎ‚ĖĎ‚ĖĎ‚ĖĎ‚ĖĎ                                                  
                   ‚ĖĎ‚Ėď‚ĖÄ‚Ėą‚Ėą‚Ėą‚Ėą‚Ėą:        `‚ĖÄ‚ĖÄ‚Ėą‚Ėą‚Ėą‚Ėą‚Ėą:                                                  
                     -‚ĖĎ‚Ėą‚Ėą‚Ėą‚Ėą‚Ėą‚ĖĎ-     ‚ĖÄ‚Ėą‚Ėą‚Ėą‚Ėą‚Ėą‚ĖÄ‚ĖĎ‚ĖĎ```````````                                        
                       ‚ĖĎ‚Ėą‚Ėą‚Ėą‚Ėą‚Ėą‚ĖÄ‚Ėď‚ĖĎ :‚Ėą‚Ėą‚Ėą‚Ėą‚Ėą‚ĖÄ‚ĖÄ‚Ėą‚Ėą‚Ėą‚Ėą‚Ėą‚Ėą‚Ėą‚Ėą‚Ėą‚Ėą‚Ėą‚Ėą‚Ėą‚Ėą‚Ėą‚Ėą‚Ėď-                                   
        ``            ``‚ĖĎ‚ĖĎ‚ĖÄ‚Ėą‚Ėą‚Ėą‚Ėą‚ĖÄ‚ĖĎ‚ĖÄ‚Ėą‚Ėą‚Ėą‚Ėą‚ĖĎ‚ĖĎ‚Ėď‚Ėą‚Ėą‚Ėą‚Ėą‚Ėą‚Ėą‚Ėą‚Ėą‚Ėą‚Ėą‚Ėą‚Ėą‚Ėą‚Ėą‚Ėą‚Ėą‚Ėą‚Ėą‚ĖÄ‚ĖĎ‚ĖĎ                                 
      -‚Ėą‚Ėą‚Ėą‚Ėą‚ĖÄ‚ĖĎ        -‚Ėą‚Ėą‚Ėą‚ĖÄ‚ĖÄ‚ĖÄ‚ĖÄ‚Ėą‚Ėą‚Ėą‚Ėą‚Ėą‚Ėą‚Ėą‚Ėą:`‚Ėą‚Ėą‚Ėą‚Ėą::::::::::::‚ĖÄ‚Ėą‚Ėą‚Ėą‚Ėą‚Ėą‚Ėą                                 
      ‚ĖÄ‚Ėą‚Ėą‚Ėą‚Ėą‚Ėą‚ĖÄ‚Ėď:      -‚Ėą‚Ėą‚Ėą‚Ėą‚Ėą‚ĖĎ‚ĖĎ‚Ėď‚Ėą‚Ėą‚Ėą‚Ėą‚Ėą‚ĖÄ`  ‚Ėą‚Ėą‚Ėą‚Ėą            `‚ĖĎ‚Ėą‚Ėą‚Ėą‚Ėą‚Ėą`        `````                   
      ‚ĖÄ‚Ėą‚Ėą‚Ėą‚Ėą‚Ėą‚Ėą‚Ėą‚ĖÄ‚Ėą‚ĖĎ`   -‚Ėą‚Ėą‚Ėą‚Ėą‚Ėą‚ĖĎ ‚ĖĎ‚Ėą‚Ėą‚Ėą‚Ėą‚ĖÄ    ‚Ėą‚Ėą‚Ėą‚Ėą‚ĖĎ‚ĖĎ‚ĖĎ‚ĖĎ‚ĖĎ‚ĖĎ‚ĖĎ‚ĖĎ‚ĖĎ‚ĖĎ‚ĖĎ‚ĖĎ‚Ėą‚ĖÄ‚Ėą‚Ėą‚Ėą‚Ėą‚ĖĎ        ‚ĖĎ‚Ėą‚Ėą‚Ėą‚Ėą‚ĖÄ                  
      ‚ĖÄ‚Ėą‚Ėą‚Ėą‚Ėą‚Ėą‚Ėą‚Ėą‚Ėą‚Ėą‚Ėą‚Ėą‚ĖĎ- -‚Ėą‚Ėą‚Ėą‚Ėą‚Ėą‚ĖĎ ‚ĖĎ‚Ėą‚Ėą‚Ėą‚Ėą‚ĖÄ    ‚Ėą‚Ėą‚Ėą‚Ėą‚Ėą‚Ėą‚Ėą‚Ėą‚Ėą‚Ėą‚Ėą‚Ėą‚Ėą‚Ėą‚Ėą‚Ėą‚Ėą‚Ėą‚Ėą‚Ėą‚Ėą‚Ėą          ‚Ėą‚Ėą‚Ėą‚Ėą‚Ėą‚ĖĎ                  
      ‚ĖÄ‚Ėą‚Ėą‚Ėą‚Ėą‚Ėą:‚Ėď‚ĖÄ‚Ėą‚Ėą‚Ėą‚Ėą‚ĖÄ‚Ėď‚ĖĎ‚Ėą‚Ėą‚Ėą‚Ėą‚Ėą‚ĖĎ -‚Ėą‚Ėą‚Ėą‚Ėą‚ĖÄ    ‚Ėą‚Ėą‚Ėą‚Ėą‚Ėą‚ĖĎ‚ĖÄ‚ĖÄ‚Ėą‚Ėą‚Ėą‚Ėď‚ĖÄ‚ĖÄ‚ĖÄ‚ĖÄ‚Ėą‚Ėą‚Ėą‚Ėą‚Ėą‚Ėą          ‚Ėą‚Ėą‚Ėą‚Ėą‚Ėą‚ĖĎ                  
      ‚ĖÄ‚Ėą‚Ėą‚Ėą‚Ėą‚Ėą  -‚ĖÄ‚Ėą‚Ėą‚Ėą‚Ėą‚Ėą‚Ėą‚Ėą‚Ėą‚Ėą‚Ėą‚Ėą‚ĖĎ ‚Ėď‚ĖÄ‚Ėą‚Ėą‚ĖÄ‚ĖÄ`   ‚Ėą‚Ėą‚Ėą‚Ėą‚Ėą‚ĖĎ ‚ĖĎ‚ĖÄ‚Ėą‚Ėą‚Ėą‚ĖÄ   ‚ĖÄ‚Ėą‚Ėą‚Ėą‚Ėą‚ĖÄ‚ĖĎ‚ĖĎ‚ĖĎ‚ĖĎ‚ĖĎ‚ĖĎ‚ĖĎ‚ĖĎ‚ĖĎ‚ĖĎ‚ĖÄ‚Ėą‚Ėą‚Ėą‚Ėą‚ĖĎ                  
      ‚ĖÄ‚Ėą‚Ėą‚Ėą‚Ėą‚Ėą    ‚ĖĎ‚ĖĎ‚Ėą‚ĖÄ‚Ėą‚Ėą‚Ėą‚Ėą‚Ėą‚Ėą‚Ėą‚ĖĎ‚ĖÄ‚Ėą‚Ėą‚Ėą‚Ėą‚Ėą‚Ėą‚Ėą‚ĖĎ  ‚ĖĎ‚ĖĎ‚ĖĎ‚ĖĎ‚ĖĎ‚Ėď ‚Ėą‚Ėą‚Ėą‚Ėą‚Ėą‚ĖÄ‚ĖĎ  ‚ĖÄ‚Ėą‚Ėą‚Ėą‚Ėą‚Ėą‚Ėą‚Ėą‚Ėą‚Ėą‚Ėą‚Ėą‚Ėą‚Ėą‚Ėą‚Ėą‚Ėą‚Ėą‚Ėą‚Ėą‚Ėą‚ĖĎ                  
      ‚ĖÄ‚Ėą‚Ėą‚Ėą‚Ėą‚Ėą      `:‚Ėď‚ĖÄ‚Ėą‚Ėą‚Ėą‚Ėą‚Ėą-‚Ėą‚Ėą‚Ėą‚Ėą‚Ėą‚Ėą‚Ėą‚Ėą‚Ėą:    `‚ĖĎ‚Ėą‚Ėą‚Ėą‚Ėą‚Ėą‚Ėą‚Ėą‚Ėą‚Ėď  ‚ĖÄ‚Ėą‚Ėą‚Ėą‚Ėą‚ĖÄ‚ĖÄ‚ĖÄ‚ĖÄ‚ĖÄ‚ĖÄ‚ĖÄ‚ĖÄ‚ĖÄ‚ĖÄ‚ĖÄ‚ĖÄ‚Ėą‚Ėą‚Ėą‚Ėą‚ĖĎ                  
      ‚ĖÄ‚Ėą‚Ėą‚Ėą‚Ėą‚ĖÄ         ‚ĖĎ‚ĖÄ‚ĖĎ‚Ėą‚Ėą‚ĖÄ‚ĖÄ‚Ėą‚Ėą‚Ėą‚Ėą‚Ėą‚Ėą‚Ėą‚Ėą‚Ėą‚ĖÄ‚ĖÄ  `‚Ėď‚Ėą‚Ėą‚Ėą‚Ėą‚Ėą‚Ėą‚Ėą‚Ėą‚Ėą‚Ėą: ‚ĖÄ‚Ėą‚Ėą‚Ėą‚Ėą‚Ėą          ‚Ėą‚Ėą‚Ėą‚Ėą‚Ėą‚ĖĎ                  
                          -‚ĖÄ‚Ėą‚Ėą‚Ėą‚Ėą‚ĖĎ‚Ėď‚Ėą‚Ėą‚Ėą‚Ėą‚Ėą‚ĖÄ-‚Ėą‚Ėą‚Ėą‚Ėą‚Ėą‚ĖÄ‚ĖÄ‚ĖĎ‚Ėą‚Ėą‚Ėą‚Ėą‚Ėą ‚ĖÄ‚Ėą‚Ėą‚Ėą‚Ėą‚Ėą   `‚ĖĎ:‚ĖĎ‚ĖÄ‚ĖÄ‚ĖÄ‚ĖÄ‚Ėą‚Ėą‚Ėą‚Ėą‚Ėą‚Ėą‚ĖĎ‚ĖĎ`              
                          ‚ĖĎ‚Ėą‚Ėą‚Ėą‚Ėą‚Ėą` ‚ĖĎ‚ĖÄ‚Ėą‚Ėą‚Ėą‚Ėą‚ĖÄ‚Ėą‚Ėą‚Ėą‚Ėą‚Ėą: :‚Ėą‚Ėą‚Ėą‚Ėą‚Ėą‚ĖĎ‚ĖÄ‚Ėą‚Ėą‚Ėą‚Ėą‚Ėď`‚ĖĎ‚Ėď‚Ėą‚ĖÄ‚Ėą‚Ėą‚Ėą‚Ėą‚Ėą‚Ėą‚Ėą‚Ėą‚Ėą‚Ėą‚Ėą‚Ėą‚Ėą‚ĖÄ‚Ėą‚Ėď‚ĖĎ`           
                         :‚Ėą‚Ėą‚Ėą‚Ėą‚Ėą‚ĖÄ   ‚ĖĎ‚ĖÄ‚Ėą‚Ėą‚Ėą‚Ėą‚Ėą‚Ėą‚Ėą‚Ėą‚ĖĎ   ‚Ėą‚Ėą‚Ėą‚Ėą‚Ėą‚Ėą`    ‚ĖĎ‚Ėą‚Ėą‚Ėą‚Ėą‚Ėą‚Ėą‚ĖÄ‚Ėą‚Ėą‚Ėą‚Ėą‚Ėą‚Ėą‚Ėą‚Ėą‚Ėą‚ĖÄ‚Ėą‚Ėą‚Ėą‚Ėą‚Ėą:          
                        `‚Ėą‚Ėą‚Ėą‚Ėą‚Ėą‚ĖÄ`    -‚Ėą‚Ėą‚Ėą‚Ėą‚Ėą‚Ėą‚Ėď`    :‚Ėą‚Ėą‚Ėą‚Ėą‚Ėą‚ĖĎ   :‚ĖÄ‚Ėą‚Ėą‚Ėą‚Ėą‚ĖĎ:‚ĖĎ         ‚ĖĎ‚ĖĎ‚Ėą‚Ėą‚Ėą‚Ėą‚Ėą-         
                        -‚Ėď‚Ėď‚Ėď‚Ėď‚Ėď‚ĖĎ      `‚ĖÄ‚Ėď‚ĖĎ‚Ėď‚ĖĎ       ‚ĖÄ‚Ėď‚Ėď‚Ėď‚Ėď‚Ėď`  ‚Ėď‚Ėą‚Ėą‚Ėą‚Ėą‚Ėą             `‚Ėą‚Ėą‚Ėą‚Ėą‚Ėą‚ĖĎ         
                                                           ‚ĖÄ‚Ėą‚Ėą‚Ėą‚Ėą‚Ėą`            `‚Ėą‚Ėą‚Ėą‚Ėą‚Ėą‚Ėą         
                          -- Ask For It By Name --        ‚ĖĎ‚Ėą‚Ėą‚Ėą‚Ėą‚Ėą‚Ėą‚ĖÄ-           ‚ĖĎ‚Ėą‚Ėą‚Ėą‚Ėą‚Ėą`         
                                                           ‚ĖĎ‚Ėď‚ĖÄ‚Ėą‚Ėą‚Ėą‚Ėą‚Ėą‚Ėą‚Ėą‚Ėą‚Ėą‚Ėą‚Ėą‚Ėą‚Ėą‚Ėą‚Ėą‚Ėą‚Ėą‚Ėą‚Ėą‚ĖÄ‚ĖÄ`          
          Big Wet Tits 8                                     ‚ĖĎ‚ĖÄ‚ĖĎ‚ĖÄ‚Ėą‚Ėą‚Ėą‚Ėą‚Ėą‚Ėą‚Ėą‚Ėą‚Ėą‚Ėą‚Ėą‚Ėą‚Ėą‚ĖÄ‚ĖĎ‚ĖÄ‚ĖĎ            
                                                                 ‚ĖĎ-:::::::::-`          
 ‚ĖĎ-::                               ‚ĖĄ    ‚ĖĄ                             :::-
      RELEASEDATE: 04/25/2009       ‚Ėď‚Ėą‚ĖĄ‚ĖĄ‚Ėą‚Ėď       PROD STUDIO: Elegant Angel  
      DVD RELEASE: 04/22/2009       ‚ĖĎ‚ĖĎ‚Ėą‚Ėą‚ĖĎ‚ĖĎ       GENRE         : Busty        
      FORMAT     : XviD            ‚ĖĄ ‚Ėď‚Ėą‚Ėą‚Ėď ‚ĖĄ      VIDEO      : 13006kbps 23.976 fps  
      RUNTIME    : 2hrs 19mins     ‚ĖĄ‚Ėą‚Ėą‚Ėą‚Ėą‚Ėą‚ĖĄ‚ĖĎ      RESOLUTiON : 576*320             
      SiZE       : 2CD           ‚ĖĎ‚ĖĄ‚Ėą‚Ėą‚Ėą‚Ėą‚Ėď‚Ėą‚Ėą‚Ėą‚Ėą‚ĖĄ    DiSK AMOUNT: CD1 49x15  MB     
                    ‚ĖĎ‚Ėď‚Ėą‚Ėą‚Ėą‚ĖÄ‚ĖĎ‚ĖÄ‚Ėą‚ĖĎ ‚ĖĎ‚ĖĄ‚Ėą‚Ėą‚Ėą‚Ėą‚Ėď‚ĖĎ‚ĖĎ‚ĖĎ‚Ėď‚Ėą‚Ėą‚Ėą‚Ėą‚ĖĄ‚ĖĎ  ‚Ėą‚ĖÄ‚ĖĎ‚ĖÄ‚Ėą‚Ėą‚Ėą‚Ėď‚ĖĎ   CD2 49x15  MB 
      ‚ĖÄ     ‚ĖĎ      ‚ĖĎ‚Ėď‚Ėą‚Ėą‚Ėą‚ĖĎ    ‚ĖĎ‚ĖĄ‚Ėą‚Ėą‚Ėą‚Ėą‚Ėą‚Ėď‚ĖĎ   ‚ĖĎ‚Ėď‚Ėą‚Ėą‚Ėą‚Ėą‚Ėą‚ĖĄ ‚ĖĎ   ‚ĖĎ‚Ėą‚Ėą‚Ėą‚Ėď‚ĖĎ            ‚ĖĎ‚ĖĎ
   ‚ĖĎ‚ĖĄ‚Ėą‚Ėą‚ĖĄ‚ĖĎ   ‚ĖĄ ‚ĖĄ‚Ėď‚ĖĄ    ‚ĖĎ‚Ėď‚Ėą‚Ėą‚Ėď‚Ėą‚Ėą‚Ėą‚Ėą‚Ėą‚Ėą‚ĖÄ‚ĖÄ‚ĖĎ‚ĖĎ ‚ĖĄ     ‚ĖĎ‚ĖĎ‚ĖÄ‚ĖÄ‚Ėą‚Ėą‚Ėą‚Ėą‚Ėą‚Ėą‚Ėď‚Ėą‚Ėą‚Ėď‚ĖĎ            ‚ĖĎ‚ĖĄ‚Ėą‚Ėą‚ĖĄ‚ĖĎ
  ‚ĖĎ‚Ėą‚Ėą‚Ėą‚ĖĎ‚ĖÄ‚Ėą ‚ĖĎ‚ĖĄ‚ĖĄ  ‚ĖÄ ‚ĖĎ‚ĖĄ    ‚ĖĎ‚Ėą‚Ėą‚Ėą‚ĖÄ‚ĖÄ‚ĖÄ‚ĖĎ‚ĖĎ    ‚ĖÄ‚Ėď‚ĖÄ  ‚ĖĎ     ‚ĖĎ‚ĖĎ‚ĖÄ‚ĖÄ‚ĖĎ‚Ėą‚Ėą‚Ėą‚ĖĎ   ‚ĖĎ‚ĖĄ ‚ĖÄ‚ĖĄ ‚ĖĎ‚ĖĄ‚ĖĄ‚ĖĎ ‚Ėą‚ĖÄ‚ĖĎ‚Ėą‚Ėą‚Ėą‚ĖĎ
 ‚ĖĎ‚Ėą‚Ėą‚Ėą‚Ėď‚ĖĎ  ‚ĖĎ‚Ėą‚Ėą   ‚ĖĄ‚ĖĄ‚Ėą‚ĖĎ ‚ĖĄ‚Ėą‚ĖÄ ‚ĖĎ‚Ėą‚Ėą‚Ėą‚ĖĎ                     ‚ĖĎ‚Ėą‚Ėą‚Ėą‚Ėď ‚ĖÄ‚Ėą‚ĖĄ ‚ĖĎ‚Ėą‚ĖĄ‚ĖĄ‚ĖĎ‚ĖĎ‚ĖĎ‚Ėą‚Ėą‚ĖĎ   ‚Ėď‚Ėą‚Ėą‚Ėą‚ĖĎ
  ‚ĖĎ‚Ėą‚Ėą‚Ėą‚Ėď‚ĖĎ‚ĖĎ‚Ėą‚Ėą‚ĖĎ ‚Ėď‚Ėą‚Ėą‚ĖÄ‚ĖĎ ‚ĖĄ‚Ėą‚Ėď‚ĖĎ‚ĖĎ‚Ėą‚Ėą‚Ėą‚ĖĎ ‚ĖĎ‚ĖĎ:  Movie Info  :‚ĖĎ‚ĖĎ ‚ĖĎ‚Ėą‚Ėą‚Ėą ‚ĖĎ‚Ėď‚Ėą‚ĖĄ‚ĖĎ ‚ĖÄ‚Ėą‚Ėą‚Ėď ‚ĖĎ‚Ėą‚Ėą‚ĖĎ‚ĖĎ‚Ėď‚Ėą‚Ėą‚Ėą‚ĖĎ
 ‚ĖÄ ‚Ėď‚Ėą‚Ėą‚Ėą‚Ėď‚Ėą‚Ėą‚Ėď‚ĖĎ‚Ėď‚Ėą‚Ėą‚Ėď‚ĖĎ  ‚Ėą‚Ėą‚ĖĎ‚ĖĄ‚Ėą‚Ėą‚Ėą‚ĖĎ     ~~~~~~~~~~~~~~~     ‚ĖĎ‚Ėą‚Ėą‚Ėą‚ĖĄ‚ĖĎ‚Ėą‚Ėą‚ĖĎ ‚ĖĎ‚Ėď‚Ėą‚Ėą‚Ėď‚ĖĎ‚Ėď‚Ėą‚Ėą‚Ėď‚Ėą‚Ėą‚Ėą‚Ėď ‚ĖĄ
 ‚ĖĎ-:‚ĖÄ‚Ėą‚Ėą‚Ėą‚Ėą‚ĖÄ‚ĖĎ ‚ĖĎ‚Ėď‚Ėą‚Ėą‚Ėą‚ĖĎ ‚ĖĎ‚Ėą‚Ėą‚Ėą‚Ėą‚Ėą‚ĖĎ                           ‚ĖĎ‚Ėą‚Ėą‚Ėą‚Ėą‚Ėą‚ĖĎ ‚ĖĎ‚Ėą‚Ėą‚Ėą‚Ėď‚ĖĎ ‚ĖĎ‚ĖÄ‚Ėą‚Ėą‚Ėą‚Ėą‚ĖÄ‚ĖĎ ‚ĖĎ
      ‚ĖÄ‚ĖÄ  ‚ĖÄ   ‚ĖĎ‚ĖÄ‚ĖÄ‚ĖÄ   ‚ĖÄ‚ĖÄ‚ĖÄ                               ‚ĖÄ‚ĖÄ‚ĖÄ   ‚ĖÄ‚ĖÄ‚ĖÄ‚ĖĎ ‚ĖĄ    ‚ĖÄ‚ĖÄ
          ‚ĖĎ            ‚ĖÄ                                ‚ĖÄ              ‚ĖÄ
      Cast:
       Priya Rai, Kagney Linn Karter, Audrey Bitoni, 
       Velicity Von, Avy Scott 


      Plot:
       AVN award winning director, William H.,  
       returns with the eight volume of the best 
       selling series Big Wet Tits, lavishing the 
       breasts of voluptuous superstars with copious 
       amounts of glistening oil. The movie features 
       an incredible all star cast, including the 
       Avy Scott's comeback scene after a 3 year 
       hiatus, Priya Rai, Kagney Lin Karter, Audrey 
       Bitoni, and Velicity Von. Do not miss! 


       http://www.xonair.com/detail.cfm?id=10097224 
                      ‚ĖÄ ‚ĖĄ‚ĖĄ‚ĖĄ‚ĖĄ‚ĖĎ                     ‚ĖĎ‚ĖĄ‚ĖĄ‚ĖĄ‚ĖĄ ‚ĖÄ           
                    ‚ĖĎ‚Ėď‚Ėą‚Ėą‚Ėą‚ĖÄ‚ĖĎ‚ĖÄ‚Ėą‚ĖĎ                   ‚ĖĎ‚Ėą‚ĖÄ‚ĖĎ‚ĖÄ‚Ėą‚Ėą‚Ėą‚Ėď‚ĖĎ
                   ‚ĖĎ‚Ėď‚Ėą‚Ėą‚Ėą‚ĖĎ   ‚Ėď                     ‚Ėď   ‚ĖĎ‚Ėą‚Ėą‚Ėą‚Ėď‚ĖĎ            ‚ĖĎ‚ĖĎ ‚ĖĄ
   ‚ĖĎ‚ĖĄ‚Ėą‚Ėą‚ĖĄ‚ĖĎ ‚ĖĄ  ‚ĖĄ‚Ėď‚ĖĄ  ‚ĖĄ  ‚ĖĎ‚Ėď‚Ėą‚Ėą‚Ėď‚ĖĎ ‚ĖĎ                     ‚ĖĎ ‚ĖĎ‚Ėď‚Ėą‚Ėą‚Ėď‚ĖĎ    ‚ĖĄ‚Ėď‚ĖĄ   ‚ĖĄ ‚ĖĎ‚ĖĄ‚Ėą‚Ėą‚ĖĄ‚ĖĎ
  ‚ĖĎ‚Ėą‚Ėą‚Ėą‚ĖĎ‚ĖÄ‚Ėą ‚ĖĎ‚ĖĄ‚ĖĄ ‚ĖÄ  ‚ĖĎ‚ĖĄ    ‚ĖĎ‚Ėą‚Ėą‚Ėą‚ĖĎ                       ‚ĖĎ‚Ėą‚Ėą‚Ėą‚ĖĎ   ‚ĖĎ‚ĖĄ  ‚ĖÄ ‚ĖĎ‚ĖĄ‚ĖĄ‚ĖĎ ‚Ėą‚ĖÄ‚ĖĎ‚Ėą‚Ėą‚Ėą‚ĖĎ
 ‚ĖĎ‚Ėą‚Ėą‚Ėą‚Ėď‚ĖĎ  ‚ĖĎ‚Ėą‚Ėą ‚ĖĎ ‚ĖĄ‚ĖĄ‚Ėą‚ĖĎ ‚ĖĄ‚Ėą‚ĖÄ ‚ĖĎ‚Ėą‚Ėą‚Ėą‚ĖĎ                      ‚Ėą‚Ėą‚Ėą‚Ėď ‚ĖÄ‚Ėą‚ĖĄ ‚ĖĎ‚Ėą‚ĖĄ‚ĖĄ‚ĖĎ‚ĖĎ‚ĖĎ‚Ėą‚Ėą‚ĖĎ   ‚Ėď‚Ėą‚Ėą‚Ėą‚ĖĎ
  ‚ĖĎ‚Ėą‚Ėą‚Ėą‚Ėď‚ĖĎ‚ĖĎ‚Ėą‚Ėą‚ĖĎ‚ĖĎ‚Ėď‚Ėą‚Ėą‚ĖÄ‚ĖĎ ‚ĖĄ‚Ėą‚Ėď‚ĖĎ‚ĖĎ‚Ėą‚Ėą‚Ėą‚ĖĎ ‚ĖĎ‚ĖĎ:    Notes     :‚ĖĎ‚ĖĎ ‚ĖĎ‚Ėą‚Ėą‚Ėą ‚ĖĎ‚Ėď‚Ėą‚ĖĄ‚ĖĎ ‚ĖÄ‚Ėą‚Ėą‚Ėď ‚ĖĎ‚Ėą‚Ėą‚ĖĎ‚ĖĎ‚Ėď‚Ėą‚Ėą‚Ėą‚ĖĎ
   ‚Ėď‚Ėą‚Ėą‚Ėą‚Ėď‚Ėą‚Ėą‚Ėď‚ĖĎ‚Ėď‚Ėą‚Ėą‚Ėď‚ĖĎ  ‚Ėą‚Ėą‚ĖĎ‚ĖĄ‚Ėą‚Ėą‚Ėą‚ĖĎ     ~~~~~~~~~~~~~~~     ‚ĖĎ‚Ėą‚Ėą‚Ėą‚ĖĄ‚ĖĎ‚Ėą‚Ėą‚ĖĎ ‚ĖĎ‚Ėď‚Ėą‚Ėą‚Ėď‚ĖĎ‚Ėď‚Ėą‚Ėą‚Ėď‚Ėą‚Ėą‚Ėą‚Ėď
   ‚ĖĎ‚ĖÄ‚Ėą‚Ėą‚Ėą‚Ėą‚ĖÄ‚ĖĎ ‚ĖĎ‚Ėď‚Ėą‚Ėą‚Ėą‚ĖĎ ‚ĖĎ‚Ėą‚Ėą‚Ėą‚Ėą‚Ėą‚ĖĎ                            ‚Ėą‚Ėą‚Ėą‚Ėą‚Ėą‚ĖĎ ‚ĖĎ‚Ėą‚Ėą‚Ėą‚Ėď‚ĖĎ ‚ĖĎ‚ĖÄ‚Ėą‚Ėą‚Ėą‚Ėą‚ĖÄ‚ĖĎ
      ‚ĖÄ‚ĖÄ ‚ĖĄ    ‚ĖĎ‚ĖÄ‚ĖÄ‚ĖÄ   ‚ĖÄ‚ĖÄ‚ĖÄ                               ‚ĖÄ‚ĖÄ‚ĖÄ ‚ĖĄ ‚ĖÄ‚ĖÄ‚ĖÄ‚ĖĎ      ‚ĖÄ‚ĖÄ
      ‚ĖĎ‚ĖÄ  ‚ĖĎ           ‚ĖÄ                                 ‚ĖÄ  ‚ĖĎ  ‚ĖÄ
      
             
       

               ‚ĖĎ‚ĖĄ‚ĖĎ                            ‚ĖĄ  ‚ĖĎ
                      ‚ĖÄ ‚ĖĄ‚ĖĄ‚ĖĄ‚ĖĄ‚ĖĎ                     ‚ĖĎ‚ĖĄ‚ĖĄ‚ĖĄ‚ĖĄ ‚ĖÄ          
      ‚ĖĎ             ‚ĖĎ‚Ėď‚Ėą‚Ėą‚Ėą‚ĖÄ‚ĖĎ‚ĖÄ‚Ėą‚ĖĎ                   ‚ĖĎ‚Ėą‚ĖÄ‚ĖĎ‚ĖÄ‚Ėą‚Ėą‚Ėą‚Ėď‚ĖĎ
     ‚ĖÄ             ‚ĖĎ‚Ėď‚Ėą‚Ėą‚Ėą‚ĖĎ   ‚Ėď                     ‚Ėď   ‚ĖĎ‚Ėą‚Ėą‚Ėą‚Ėď‚ĖĎ       ‚ĖĎ  ‚ĖĄ‚ĖÄ‚ĖĎ‚ĖĎ
   ‚ĖĎ‚ĖĄ‚Ėą‚Ėą‚ĖĄ‚ĖĎ   ‚ĖĄ        ‚ĖĎ‚Ėď‚Ėą‚Ėą‚Ėď‚ĖĎ ‚ĖĎ                     ‚ĖĎ ‚ĖĎ‚Ėď‚Ėą‚Ėą‚Ėď‚ĖĎ    ‚ĖĄ‚Ėď‚ĖĄ  ‚ĖÄ  ‚ĖĎ‚ĖĄ‚Ėą‚Ėą‚ĖĄ‚ĖĎ
  ‚ĖĎ‚Ėą‚Ėą‚Ėą‚ĖĎ‚ĖÄ‚Ėą ‚ĖĎ‚ĖĄ‚ĖĄ  ‚ĖĄ ‚ĖĎ‚ĖĄ    ‚ĖĎ‚Ėą‚Ėą‚Ėą‚ĖĎ                       ‚ĖĎ‚Ėą‚Ėą‚Ėą‚ĖĎ   ‚ĖĎ‚ĖĄ  ‚ĖÄ ‚ĖĎ‚ĖĄ‚ĖĄ‚ĖĎ ‚Ėą‚ĖÄ‚ĖĎ‚Ėą‚Ėą‚Ėą‚ĖĎ
 ‚ĖĎ‚Ėą‚Ėą‚Ėą‚Ėď‚ĖĎ  ‚ĖĎ‚Ėą‚Ėą   ‚ĖĄ‚ĖĄ‚Ėą‚ĖĎ ‚ĖĄ‚Ėą‚ĖÄ ‚ĖĎ‚Ėą‚Ėą‚Ėą‚ĖĎ                      ‚Ėą‚Ėą‚Ėą‚Ėď ‚ĖÄ‚Ėą‚ĖĄ ‚ĖĎ‚Ėą‚ĖĄ‚ĖĄ‚ĖĎ‚ĖĎ‚ĖĎ‚Ėą‚Ėą‚ĖĎ   ‚Ėď‚Ėą‚Ėą‚Ėą‚ĖĎ
  ‚ĖĎ‚Ėą‚Ėą‚Ėą‚Ėď‚ĖĎ‚ĖĎ‚Ėą‚Ėą‚ĖĎ‚ĖĎ‚Ėď‚Ėą‚Ėą‚ĖÄ‚ĖĎ ‚ĖĄ‚Ėą‚Ėď‚ĖĎ‚ĖĎ‚Ėą‚Ėą‚Ėą‚ĖĎ ‚ĖĎ‚ĖĎ:  Group Info  :‚ĖĎ‚ĖĎ ‚ĖĎ‚Ėą‚Ėą‚Ėą ‚ĖĎ‚Ėď‚Ėą‚ĖĄ‚ĖĎ ‚ĖÄ‚Ėą‚Ėą‚Ėď ‚ĖĎ‚Ėą‚Ėą‚ĖĎ‚ĖĎ‚Ėď‚Ėą‚Ėą‚Ėą‚ĖĎ
   ‚Ėď‚Ėą‚Ėą‚Ėą‚Ėď‚Ėą‚Ėą‚Ėď‚ĖĎ‚Ėď‚Ėą‚Ėą‚Ėď‚ĖĎ  ‚Ėą‚Ėą‚ĖĎ‚ĖĄ‚Ėą‚Ėą‚Ėą‚ĖĎ     ~~~~~~~~~~~~~~~     ‚ĖĎ‚Ėą‚Ėą‚Ėą‚ĖĄ‚ĖĎ‚Ėą‚Ėą‚ĖĎ ‚ĖĎ‚Ėď‚Ėą‚Ėą‚Ėď‚ĖĎ‚Ėď‚Ėą‚Ėą‚Ėď‚Ėą‚Ėą‚Ėą‚Ėď ‚ĖÄ
   ‚ĖĎ‚ĖÄ‚Ėą‚Ėą‚Ėą‚Ėą‚ĖÄ‚ĖĎ ‚ĖĎ‚Ėď‚Ėą‚Ėą‚Ėą‚ĖĎ ‚ĖĎ‚Ėą‚Ėą‚Ėą‚Ėą‚Ėą‚ĖĎ                            ‚Ėą‚Ėą‚Ėą‚Ėą‚Ėą‚ĖĎ ‚ĖĎ‚Ėą‚Ėą‚Ėą‚Ėď‚ĖĎ ‚ĖĎ‚ĖÄ‚Ėą‚Ėą‚Ėą‚Ėą‚ĖÄ‚ĖĎ
      ‚ĖÄ‚ĖÄ ‚ĖĄ    ‚ĖĎ‚ĖÄ‚ĖÄ‚ĖÄ   ‚ĖÄ‚ĖÄ‚ĖÄ                               ‚ĖÄ‚ĖÄ‚ĖÄ   ‚ĖÄ‚ĖÄ‚ĖÄ‚ĖĎ      ‚ĖÄ‚ĖÄ
      ‚ĖÄ         ‚ĖÄ    ‚ĖÄ                                  ‚ĖÄ     ‚ĖÄ         ‚ĖÄ

      Nympho understands the need and commitment it takes to be the best,  
      therefor we are dedicated in providing only the best in XviD xxx. 
             
      1) NYMPHO will release only quality porn.   
      2) Production year of 2007+. 
      3) Street date will not be older then 8 weeks. 
      4) No Amatuer porn nor 4hr, We Love" or 'Best Of' crap". 

                      ‚ĖÄ ‚ĖĄ‚ĖĄ‚ĖĄ‚ĖĄ‚ĖĎ                     ‚ĖĎ‚ĖĄ‚ĖĄ‚ĖĄ‚ĖĄ ‚ĖÄ           
                    ‚ĖĎ‚Ėď‚Ėą‚Ėą‚Ėą‚ĖÄ‚ĖĎ‚ĖÄ‚Ėą‚ĖĎ                   ‚ĖĎ‚Ėą‚ĖÄ‚ĖĎ‚ĖÄ‚Ėą‚Ėą‚Ėą‚Ėď‚ĖĎ
                   ‚ĖĎ‚Ėď‚Ėą‚Ėą‚Ėą‚ĖĎ   ‚Ėď                     ‚Ėď   ‚ĖĎ‚Ėą‚Ėą‚Ėą‚Ėď‚ĖĎ            ‚ĖĎ‚ĖĎ ‚ĖĄ
   ‚ĖĎ‚ĖĄ‚Ėą‚Ėą‚ĖĄ‚ĖĎ ‚ĖĄ  ‚ĖĄ‚Ėď‚ĖĄ  ‚ĖĄ  ‚ĖĎ‚Ėď‚Ėą‚Ėą‚Ėď‚ĖĎ ‚ĖĎ                     ‚ĖĎ ‚ĖĎ‚Ėď‚Ėą‚Ėą‚Ėď‚ĖĎ    ‚ĖĄ‚Ėď‚ĖĄ   ‚ĖĄ ‚ĖĎ‚ĖĄ‚Ėą‚Ėą‚ĖĄ‚ĖĎ
  ‚ĖĎ‚Ėą‚Ėą‚Ėą‚ĖĎ‚ĖÄ‚Ėą ‚ĖĎ‚ĖĄ‚ĖĄ ‚ĖÄ  ‚ĖĎ‚ĖĄ    ‚ĖĎ‚Ėą‚Ėą‚Ėą‚ĖĎ                       ‚ĖĎ‚Ėą‚Ėą‚Ėą‚ĖĎ   ‚ĖĎ‚ĖĄ  ‚ĖÄ ‚ĖĎ‚ĖĄ‚ĖĄ‚ĖĎ ‚Ėą‚ĖÄ‚ĖĎ‚Ėą‚Ėą‚Ėą‚ĖĎ
 ‚ĖĎ‚Ėą‚Ėą‚Ėą‚Ėď‚ĖĎ  ‚ĖĎ‚Ėą‚Ėą ‚ĖĎ ‚ĖĄ‚ĖĄ‚Ėą‚ĖĎ ‚ĖĄ‚Ėą‚ĖÄ ‚ĖĎ‚Ėą‚Ėą‚Ėą‚ĖĎ                      ‚Ėą‚Ėą‚Ėą‚Ėď ‚ĖÄ‚Ėą‚ĖĄ ‚ĖĎ‚Ėą‚ĖĄ‚ĖĄ‚ĖĎ‚ĖĎ‚ĖĎ‚Ėą‚Ėą‚ĖĎ   ‚Ėď‚Ėą‚Ėą‚Ėą‚ĖĎ
  ‚ĖĎ‚Ėą‚Ėą‚Ėą‚Ėď‚ĖĎ‚ĖĎ‚Ėą‚Ėą‚ĖĎ‚ĖĎ‚Ėď‚Ėą‚Ėą‚ĖÄ‚ĖĎ ‚ĖĄ‚Ėą‚Ėď‚ĖĎ‚ĖĎ‚Ėą‚Ėą‚Ėą‚ĖĎ ‚ĖĎ‚ĖĎ:   Greetings   :‚ĖĎ‚ĖĎ ‚ĖĎ‚Ėą‚Ėą‚Ėą ‚ĖĎ‚Ėď‚Ėą‚ĖĄ‚ĖĎ ‚ĖÄ‚Ėą‚Ėą‚Ėď ‚ĖĎ‚Ėą‚Ėą‚ĖĎ‚ĖĎ‚Ėď‚Ėą‚Ėą‚Ėą‚ĖĎ
   ‚Ėď‚Ėą‚Ėą‚Ėą‚Ėď‚Ėą‚Ėą‚Ėď‚ĖĎ‚Ėď‚Ėą‚Ėą‚Ėď‚ĖĎ  ‚Ėą‚Ėą‚ĖĎ‚ĖĄ‚Ėą‚Ėą‚Ėą‚ĖĎ     ~~~~~~~~~~~~~~~     ‚ĖĎ‚Ėą‚Ėą‚Ėą‚ĖĄ‚ĖĎ‚Ėą‚Ėą‚ĖĎ ‚ĖĎ‚Ėď‚Ėą‚Ėą‚Ėď‚ĖĎ‚Ėď‚Ėą‚Ėą‚Ėď‚Ėą‚Ėą‚Ėą‚Ėď
   ‚ĖĎ‚ĖÄ‚Ėą‚Ėą‚Ėą‚Ėą‚ĖÄ‚ĖĎ ‚ĖĎ‚Ėď‚Ėą‚Ėą‚Ėą‚ĖĎ ‚ĖĎ‚Ėą‚Ėą‚Ėą‚Ėą‚Ėą‚ĖĎ                           ‚Ėą‚Ėą‚Ėą‚Ėą‚Ėą‚ĖĎ ‚ĖĎ‚Ėą‚Ėą‚Ėą‚Ėď‚ĖĎ ‚ĖĎ‚ĖÄ‚Ėą‚Ėą‚Ėą‚Ėą‚ĖÄ‚ĖĎ
      ‚ĖÄ‚ĖÄ ‚ĖĄ    ‚ĖĎ‚ĖÄ‚ĖÄ‚ĖÄ   ‚ĖÄ‚ĖÄ‚ĖÄ      NYMPHO greets those      ‚ĖÄ‚ĖÄ‚ĖÄ ‚ĖĄ ‚ĖÄ‚ĖÄ‚ĖÄ‚ĖĎ      ‚ĖÄ‚ĖÄ
      ‚ĖĎ‚ĖÄ  ‚ĖĎ           ‚ĖÄ   that support quality XXX:     ‚ĖÄ  ‚ĖĎ  ‚ĖÄ

       PLEASURE, FLESHLiGHT, BRABUSTERS 
                
       NYMPHO also greets those that make the scene: 
                
       MEDiAMANiACS, xV, DiAMOND, D0NE. 
                           ‚ĖĎ‚ĖĎ  ‚ĖĄ               ‚ĖĄ ‚ĖĎ‚ĖĎ 
                         ‚ĖĎ‚ĖĄ‚Ėą‚Ėą‚Ėą‚ĖĄ‚ĖĎ               ‚ĖĎ‚ĖĄ‚Ėą‚Ėą‚Ėą‚ĖĄ‚ĖĎ
                       ‚ĖĎ‚Ėď‚Ėą‚Ėą‚ĖÄ‚Ėď‚ĖÄ‚Ėą‚Ėą‚ĖĎ             ‚ĖĎ‚Ėą‚Ėą‚ĖÄ‚Ėď‚ĖÄ‚Ėą‚Ėą‚Ėď‚ĖĎ
         ‚ĖĎ‚ĖĄ             ‚ĖĄ‚ĖĄ‚Ėą‚ĖĄ‚ĖĎ ‚ĖĎ‚Ėą‚Ėď‚ĖĎ     ‚ĖĄ     ‚ĖĎ‚Ėď‚Ėą‚ĖĎ ‚ĖĎ‚ĖĄ‚Ėą‚ĖĄ‚ĖĄ  ‚ĖÄ          ‚ĖĄ‚ĖĎ
    ‚ĖĎ‚ĖĄ   ‚ĖĄ‚ĖĄ‚ĖĄ‚ĖĄ ‚ĖÄ ‚ĖĄ‚Ėď‚ĖĄ ‚ĖĎ‚Ėď‚Ėą‚Ėą‚Ėą‚ĖÄ‚ĖĎ‚ĖÄ‚Ėą‚ĖĎ ‚Ėą‚Ėą‚Ėď‚ĖĎ   ‚ĖÄ‚Ėď‚ĖÄ   ‚ĖĎ‚Ėď‚Ėą‚Ėą ‚ĖĎ‚Ėą‚ĖÄ‚ĖĎ‚ĖÄ‚Ėą‚Ėą‚Ėą‚Ėď‚ĖĎ ‚ĖĄ‚Ėď‚ĖĄ   ‚ĖĄ‚ĖĄ‚ĖĄ‚ĖĄ ‚ĖÄ
      ‚ĖĄ‚Ėą‚Ėą‚Ėą‚Ėą‚Ėą‚Ėą‚Ėą‚Ėą‚ĖĄ ‚ĖÄ ‚ĖĎ‚Ėď‚Ėą‚Ėą‚Ėą‚ĖĎ   ‚Ėď  ‚Ėď‚Ėą‚Ėą‚Ėą‚ĖĄ     ‚ĖÄ ‚ĖĄ‚Ėą‚Ėą‚Ėą‚Ėď  ‚Ėď   ‚ĖĎ‚Ėą‚Ėą‚Ėą‚Ėď‚ĖĎ ‚ĖÄ ‚ĖĄ‚Ėą‚Ėą‚Ėą‚Ėą‚Ėą‚Ėą‚Ėą‚Ėą‚ĖĄ  ‚ĖĎ
    ‚ĖĎ‚Ėą‚Ėą‚Ėą‚Ėą‚Ėď‚ĖĎ‚ĖÄ‚Ėą‚Ėą‚Ėą‚Ėą‚Ėą  ‚ĖĄ ‚ĖĎ‚Ėď‚Ėą‚Ėą‚Ėď‚ĖĎ ‚ĖĎ‚ĖĄ ‚ĖĎ‚ĖÄ‚Ėą‚Ėą‚Ėą‚Ėą‚Ėą‚ĖĄ‚ĖĄ‚Ėą‚Ėą‚Ėą‚Ėą‚Ėą‚Ėą‚ĖÄ‚ĖĎ  ‚ĖĎ ‚ĖĎ‚Ėď‚Ėą‚Ėą‚Ėď‚ĖĎ ‚ĖĄ  ‚Ėą‚Ėą‚Ėą‚Ėą‚Ėą‚ĖÄ‚ĖĎ‚Ėď‚Ėą‚Ėą‚Ėą‚Ėą‚ĖĎ‚ĖÄ
   ‚ĖĎ‚Ėą‚Ėą‚Ėą‚Ėą‚Ėď‚ĖĎ   ‚ĖĎ‚Ėą‚Ėą‚Ėą‚Ėą ‚ĖÄ   ‚ĖĎ‚Ėą‚Ėą‚Ėą‚ĖĎ     ‚ĖĎ‚ĖÄ‚ĖÄ‚Ėą‚Ėą‚Ėą‚Ėą‚Ėą‚Ėą‚ĖÄ‚ĖÄ ‚ĖĄ  ‚ĖĄ  ‚ĖĎ‚Ėą‚Ėą‚Ėą‚ĖĎ   ‚ĖÄ ‚Ėą‚Ėą‚Ėą‚Ėą‚ĖĎ   ‚ĖĎ‚Ėď‚Ėą‚Ėą‚Ėą‚Ėą‚ĖĎ
  ‚ĖĎ‚Ėą‚Ėą‚Ėą‚Ėą‚ĖĎ ‚ĖĎ‚Ėą‚ĖĎ  ‚Ėď‚Ėą‚Ėą‚Ėą‚Ėą ‚ĖĄ‚Ėą‚ĖÄ ‚ĖĎ‚Ėą‚Ėą‚Ėą‚ĖĎ                ‚ĖĎ ‚ĖÄ‚Ėď‚ĖÄ ‚Ėą‚Ėą‚Ėą‚Ėď ‚ĖÄ‚Ėą‚ĖĄ ‚Ėą‚Ėą‚Ėą‚Ėą‚Ėď  ‚Ėą‚ĖĎ  ‚ĖĎ‚Ėą‚Ėą‚Ėą‚Ėą‚ĖĎ
  ‚ĖĎ‚Ėą‚Ėą‚Ėą‚Ėď‚ĖĎ‚ĖĎ‚Ėď‚Ėą‚Ėą‚ĖĎ ‚ĖĎ‚Ėď‚Ėą‚Ėą‚Ėą‚ĖĄ‚Ėą‚Ėď‚ĖĎ‚ĖĎ‚Ėą‚Ėą‚Ėą‚ĖĎ ‚ĖĎiNFO UPDATE:‚ĖĎ        ‚ĖĎ‚Ėą‚Ėą‚Ėą ‚ĖĎ‚Ėď‚Ėą‚ĖĄ‚Ėą‚Ėą‚Ėą‚Ėď‚ĖĎ ‚ĖĎ‚Ėą‚Ėą‚Ėď‚ĖĎ‚ĖĎ‚Ėď‚Ėą‚Ėą‚Ėą‚ĖĎ ‚ĖĎ
  ‚ĖĎ‚Ėą‚Ėą‚Ėą‚Ėą‚Ėď‚Ėď‚Ėą‚Ėą‚Ėą‚ĖĎ ‚ĖĎ‚Ėď‚Ėą‚Ėą‚Ėą‚Ėą‚Ėą‚ĖĎ‚ĖĄ‚Ėą‚Ėą‚Ėą‚ĖĎ       ‚ĖĎ: 08‚ĖĎ11‚ĖĎ2008 :‚ĖĎ  ‚ĖĎ‚Ėą‚Ėą‚Ėą‚ĖĄ‚ĖĎ‚Ėą‚Ėą‚Ėą‚Ėą‚Ėą‚Ėď‚ĖĎ ‚ĖĎ‚Ėą‚Ėą‚Ėą‚Ėď‚Ėď‚Ėą‚Ėą‚Ėą‚Ėą‚ĖĎ
   ‚ĖĎ‚Ėą‚Ėą‚Ėą‚Ėą‚Ėą‚Ėą‚Ėą‚ĖÄ ‚ĖĎ‚Ėď‚Ėą‚Ėą‚Ėą‚Ėą‚ĖĎ‚Ėą‚Ėą‚Ėą‚Ėą‚Ėą‚Ėą‚Ėď    by TEAM NYMPHO        ‚Ėď‚Ėą‚Ėą‚Ėą‚Ėą‚Ėą‚Ėą‚ĖĎ‚Ėą‚Ėą‚Ėą‚Ėą‚Ėď‚ĖĎ ‚ĖÄ‚Ėą‚Ėą‚Ėą‚Ėą‚Ėą‚Ėą‚Ėą‚ĖĎ
    ‚ĖĎ‚Ėą‚Ėą‚Ėą‚Ėą‚Ėą‚ĖÄ ‚ĖĎ‚Ėą‚Ėą‚Ėą‚Ėą‚Ėą‚ĖĎ  ‚ĖÄ‚ĖÄ‚ĖÄ‚ĖĎ‚Ėą‚Ėą‚ĖĎ‚ĖĎ  ascii by obwain   ‚ĖĎ ‚ĖĎ‚Ėą‚Ėą‚ĖĎ‚ĖÄ‚ĖÄ‚ĖÄ ‚ĖĄ ‚Ėą‚Ėą‚Ėą‚Ėą‚Ėą‚ĖĎ ‚ĖÄ‚Ėą‚Ėą‚Ėą‚Ėą‚Ėą‚ĖĎ
     ‚ĖĎ‚ĖÄ‚ĖÄ‚ĖÄ  ‚ĖĎ‚Ėą‚Ėą‚Ėą‚ĖÄ‚ĖÄ    ‚ĖĎ‚ĖÄ  ‚ĖĎ‚Ėą‚Ėą‚ĖĎ‚ĖĎ                   ‚ĖĎ‚ĖĎ‚Ėą‚Ėą‚ĖĎ        ‚ĖÄ‚ĖÄ‚Ėą‚Ėą‚Ėą‚ĖĎ  ‚ĖÄ‚ĖÄ‚ĖÄ ‚ĖĄ
       ‚ĖÄ  ‚ĖÄ‚ĖÄ‚ĖÄ‚ĖÄ  ‚ĖÄ         ‚ĖĎ‚Ėą‚Ėą‚Ėď‚ĖĄ‚Ėą ‚ĖĎ‚ĖĄ         ‚ĖĄ‚ĖĎ ‚Ėą‚ĖĄ‚Ėď‚Ėą‚Ėą‚ĖĎ            ‚ĖÄ‚ĖÄ‚ĖÄ‚ĖÄ  ‚ĖÄ ‚ĖĎ
            ‚ĖÄ‚ĖĎ              ‚ĖÄ‚Ėą‚ĖÄ‚Ėď‚ĖÄ‚ĖÄ           ‚ĖÄ‚ĖÄ‚Ėď‚ĖÄ‚Ėą‚ĖÄ‚ĖĎ              ‚ĖĎ‚ĖÄ
                               ‚ĖĎ               ‚ĖĎ
