▄▀                                     ▀▄                         ▄▄▄▄▀
             PORNOLATiON...              ▌                ▄▄▄▄██▒█▒▒▄▄▄▄▀
                                         ▐              ▄▒▓▓░▒█▓███░░█▀
                                      ▄▄▄▄▄▄▄         ▄█░████▓██░░░██▄▄▄
       GETS...                  ▄▄▄███▒██▓▒▒██░░▄▄  ▄▒░██▒▒░▓█░█▓██▒█▀▀
                            ▄█▒██░██░░███░██░░▓██░▒▐░▐█▓██▒██░██░░░█▒▀▀
                        ▄▄███▓█████░██▒▒████████░▒▒█▄░▀▓░█▒█░░░█▓█▒▒░██▄
           YOU...    ▄▓██░█▒███░░█░░█░██░█░░▓█░▒░▒██▒█▀▄▀▀▀▀ ▀██▒█▒█▀▀  ▀
                   ▄████░█░█▓█░█▓░▓██░▓▒█████░█████████            ▀▀
                 ▄▀▀▓██▒███░█▓▓████░█▓█░▒░▒░▒███░▒█░█░▒▌
   WET!!!         ▄███▒██▓▓▓▓▓▓██▓▓▓▓▓▓██▒███▓███▓█░▒▒██
▄               ▄██▒░█████▓▓░░█▐░░█▓█░▒██▓██▓█▒▒██▒▒█▓██▄                   ▄▄▀
 ▀▀▄▄          ▓▒░░█▒▒░█▓█▒░█▒▌ ░██░███░▀ █▓██░█▓██▒▒░▒███▄▀            ▄▄▀▀▄▄█
     ▀▀▀▀▀▄▄▄▀▄░██▓██▒███▓████  ▒█▀▓▓▓█▓   █▒█▒██▓██▓▒█▓▀           ▄▄▀▀▄▄█████
       ▄▄▄   ▀▀▀▀▀ ▄░░█▓█▓▓██▌  ▐▌ ▐▒▀░░  ▄▄▀█ ██▒░██▒▒█        ▄▄▀▀▄▄█████████
     ▄▀   ▀▄   ▄▄▓███▒▒████▒█    ▌ ▐█  ▌    ▀▀▄ ▀████▄▀▀▀▄  ▄▄▀▀▄▄█████████████
    ▐       ▌     ▀▒██░██▓███ ▄▄▀▀  ▓     ▄▓▄    ▀ ▓█ ▐▀  ▌▀▄▄█████████████████
     ▀▄   ▄▀     ▀▀█▓███▒▒█▒▌▀  ▄        ███▓█     ▓   ▀  ▌████████████████████
       ▀▀▀   ▄▀▀▄       ▀▀▀▒█ ▄▓█▓▄      ▓██▓█         ▄▄▀▄████████████████████
             ▀▄▄▀  ▄▀▄    ▀▐ ▌████▓       ▀▓▀     ▄▄▄▀▀▄▄▀█████████████████████
                    ▀       ▌ ▀██▓▀ ▐           ▄▀       ▀▄▀███████████████████
                            ▐   ▀   ▌          █           ▌███████████████████
                  `high!HoA  ▌    ▄▀          ▐            ▐▐██████████████████
                            ▄▐     ▀          ▌             ▌██████████████████
                        ▄▄▀▀▄ █         ▄▄▀  ▐              ▐▐█████████████████
                    ▄▄▀▀▄▄████▄▀▄            ▌       ▐▄      ▌█████████████████
                ▄▄▀▀▄▄██████████▄▀▀▄▄       █        ▐█▀     ▌█████████████████
            ▄▄▀▀▄▄▄▄▄▄▄▄▄▄▄▄▄▄▄▄▄▄▄▐ ▀▀▄▄▄▄▀▌        ▐▌      ▐ ▄▄▄▄▄▄▄▄▄▄▄▄▄▄▄▄
        ▄▄▀▀▄▄████████████████████▌▌       █         █       ▐▐████████████████
    ▄▄▀▀▄▄████████████████████████▐  ▄▀   ▐▌        ▐▌        ▌████████████████
▄▄▀▀▄▄███████████████████████▀▀▀▄▄█▀▀     █         █         ▌████████████████
▄▄███████████████████████▀▀▄▄▀▀▀         █         ▐▌   ▀▄    ▐ ███████████████
███████████████████████▀▄▀▀            ▄█▌         █      ▀▄▄▄▄█▄▄▀▀▀██████████
█████████████████████▌▄▀            ▄▀▀ █         ▐▌  ▄█▀▀▀       ▀▀▀▄▄▀███████
█████████████████████▐            ▄▀   █          █▄▀▀                 ▀▄▀█████
████████████████████ ▓▌          ▐    █         ▄█▀                      █ ████
███████████████████▌▒▒▓          ▌  ▄▀         █▀                         █ ███
████████████▀▀▀▄▄▄▄▄▄▓▌         ▐  █         ▄▀                            █ ██
█████████▀▄▄▀▀▀      ▀▀▀▀▀▀▀▄▄▄▄█▄█        ▄▀                               █▐█
████████ █                      █▀       ▄▀                                  ▌█
████▀▀▄▄█            ▀▄▄      ▄█       ▄▀                                    ▐▐
█▀▄▄▀▀▄▐▌               ▀▀▄  █▀      ▄▀                                      ▐▐
▄▀▄▄▀▀ █                   ▀█       ▄▀                                        ▌
▄▀     █                   ▐▌      █▀                                         ▌
   ▄▄▀█▐▌                  █      █                                           ▌
▄▄▀▄▄▐  █                 █      █▀▄                                          ▌
▄▄███▄▀▀▀▀▄              ▐▌     ▐▌  ▀▄                                        ▌
██████████▄▀▄            █      █     ▀▄                ▒        ▓           ▐▐
████████████▄▀▀▄▄        █      ▀▄      ▀▄                 ▓   ▒▓            ▐▐
███████████████▄▄▀▀▄▄    █       ▀▄       ▀▄   ▄▄▄▄         ▓▓     ▒         ▌█
███████████████████▄▄▀▀▄▄▐▌        ▀▄       ▀▀▀    ▀▀▄ ▄▄▀▀▀▒▓▓  ▓          █▐█
███████████████████████▄ ██          ▀▄               ▌     ▓▓▀▓           █ ██
█████████████████████████ █▌           ▀▀▄▄▄▄▄▄       ▐▄▄▀▀▀▀▄▄▒▀▄       ▄▀▄███
██████████████████████████ █                   █      ▐▄▄▄▄▄▄▓▄█▄ ▀▄ ▄█▄▀▄█████
███████████████████████████▐▌          █▀▀▀▀▀▀▀       ▐▄▄  ▓▒▓▓▀ ▄    ▀ █ █████
███████████████████████████▌█           ▀▄            ▌  ▀▀▓▀▓▓▒▓   ▓    █▐████
████████████████████████████▐▌      ▄▄    ▀▄          ▌▄▄   ▓▓▀ ▓▒       ▐▌████
████████████████████████████▌█   ▌  ▐ ▀▄    ▀▄       ▐   ▀▀▀ ▓    ▓      ▐▌████
█████████████████████████▀▀▄▄▀█  ▐   ▀▄ ▀▀▄   ▀▄     ▐   ▓  ▓▒   ▓       █▐████
█████████████████████▀▀▄▄▀▀    █  ▀▄   ▀▄  ▀▀▄  ▌     ▌     ▓        ▓  ▐▌█████
█████████████████▀▀▄▄▀▀         ▀▄  ▀▄   ▀▄   ▀▀      ▌                 █▐█████
██████████████▀▄▄▀▀               ▀▄  ▀▄   █          ▐                █ ██████
▀▀▀▀▀▀▀▀▀▀▀▀▀▄▀                     ▀▀▄▄▀█▄▄█         ▐               █ ▀▀▀▀▀▀▀
██████████▀▄▀                           ▀▀ █           ▌            ▄▀▄████████
█████████ █                                █           ▌         ▄▄▀▄██████████
████████▌█                                  █          ▒     ▄▄▀▀▄▄████████████
████████▐                                    █          ▌▄▄▀▀▄▄████████████████
███████▌▌                                     █         ▀▄ ████████████████████
███████▐                                     ▄▓█          █▐███████████████████
███████▐                                ▄▄░▀▀▄▄ █      ▐  █▐███████████████████
██████▌▌                          ▄▄▄▀▀▀▄▄▄█████ ▒▄  ▐  ▀▄▌████████████████████
██████▌▌                    ▄▄▄▒▀▀▄▄▄████████████▄▄▀▄ ▀▄█▀▄████████████████████
██████▐                 ▄▄▀▀▄▄▄▄████████████████████▄▀▀▀▄██████████████████████
██████▐               ▄▀▄▄█████████████████████████████████████████████████████
██████▐              ▐▐████████████████████████████████████████████████████████
██████▐              ▌███████████████████████████████ ▄▄ ▀█████████████████████
▄▄▄▄▄▄▄▄▄▄▄▄▄▄▄▄▄▄▄▄▄▄▄▄▄▄▄▄▄▄▄▄▄▄▄▄▄▄▄▄▄▄▄▄▄▄▄▄▄▄▄▄▄▄▄██▄▄▄▄▄▄▄▄▄▄▄▄▄▄▄▄▄▄▄▄▄▄
▌▄▄▄▄▄▄▄▀█▀▄▄▄▄▀▄▄▄▄▄▄▄▀▄▄▄▄▀▄▄▄▄▀▄▄▄▄▀▀▄▄▄▄▀███▀▄▄▄▄▀████▀▄▄▄▄▀▄▄▄▄▀▄▄▄▄▀▄▄▄▄▐
█▐███▐██▌▌██▐███▐███▐███▐███▌███▌██▐███▐███|███▌██▐███▐███▐█▓█ ██▐███▐███▌███▌█
█▌███|███▐██|███▌███|███▌███▐███▐██|███▌███▐███▐██|███▌███|▀▀▄▐██|███▌███▐███▐█
█▌███|███▐██|███▌███|███▌███|███▐██|███▌███▐███▐██|███▌███▐▀▀▀▐██|███▌███|███▐█
█▌█▓█▐▓█▌▐█▓|██▓▌█▓█▐█▓█|█▓█|▓██▐▓█|██▓▌███▐█▀▀▐█▓|███▌█▓█▐█▓█▐▓█|██▓▌█▓█|███▐█
█▌▒▒▓▀▀▀▐▐▒▒|█▒▒▌▒▒█▀▒▒▄|▒▒▒|▒▒▓▐▒▒|█▒▒▌▓█▓|▄▒▀▐▒▒▀█▓█▌▒▒█|▒▒▓▐▒▒|█▒▒▌▒▒▒|▒█▓▐█
▌▄░▒▒▐███▌░░▐▒▒░|░▒▒|░▒▒▄░░░|░▒▒|░░▐▒▒░|▒▒▒▐▓▒░▐▒░|▒▒▒▌░▒▒|░▒▒|░░▐▒▒░▄░░░|░▒▒▐█
█▄▀░░▄▐███▄▀░░▀▄▀▀░░|▀░░▄▀▀▀▄▀░░▄▄▀░░▀▄▄░░▀▀▀▀▀▄░▀|▀░░▌▀░░▄▀░░▄▄▀░░▀▄▄▀▀▀▄▀░░▄▐
▀▀█▄▄▄█▀▀▀▀█▄▄█▀▀█▄▄██▄▄▄█▀▀▀█▄▄▄██▄▄██▄▄▄▄▀▀▀██▄▄▀▄▄▄▄█▄▄▄█▄▄▄██▄▄█▀▀▀▀▀▀█▄▄▄█
▀▄▄▄▄▄▄▄▀▀▄▄▄▄▄▄▄▄▄▄▄▄▄▄▄▄▄▀▄▄▄▄▄▄▄▄▄▄▄▄▄▄▄▄▀▄▄▄▄▄▄▄▄▄▄▄▄▄▄▄▄▄▄▄▄▄▄▄▄▀▀▀▀▄▄▄▄▄▄
---───────────────────────────────────────────────────> PORNOLATiON PRESENTS...
▀▀▀▀▀▀▀▀▀▀▀▀▀▀▀▀▀▀▀▀▀▀▀▀▀▀▀▀▀▀▀▀▀▀▀▀▀▀▀▀▀▀▀▀▀▀▀▀▀▀▀▀▀▀▀▀▀▀▀▀▀▀▀▀▀▀▀▀▀▀▀▀▀▀▀▀▀▀▀
 
 Title          : Big Mommy Boobs 4 (c) New Sensations
 Release date   : 3.30.09
 Store Release  : 3.23.09

 Size           : 2 CD (2x 49x15mb)
 Source Format  : NTSC DVD
 Format         : XviD
 Resolution     : 512x384
 Audio          : VBR MP3 
 
 Language       : English (US)
 Category       : Big Boob
 
 URL            : http://jadedvideo.com/BigMommyBoobs4



    ▄                ▄        ■▄▄   ■
■▄ ■▌- Release Info -▐■ ▄■░▒▓█▀▀■▀▄■▌---──────────────────────────────────────>
  ▀▀                  ▀▀           ▀
  
 
Starring: Alex Gonz, Austin Kincaid, Ava Lauren, Christian, Cynthia Pendragon,
Devon Lee, Donna Doll, Jerry, Jordan Ash, Mario Rossi, Mikey Butders, Mr Pete, 
Steven French, Tony DeSergio, Victoria Valentino, Lauren Vaughn, Marco 
Banderas, Brandi Edwards, Ralph Long, Abby Rode, Bailey ODare, Felony Foreplay, 
Amber Lynn Bach


    ▄        ▄        ■▄▄   ■
■▄ ■▌- News -▐■ ▄■░▒▓█▀▀■▀▄■▌---──────────────────────────────────────────────>
  ▀▀          ▀▀           ▀

 We Release Movies For Free. We Do It For Fun, And We Do It For No Profit
 Except The Satisfaction Of Spreading The Wealth.

 WE DO NOT ACCEPT MONEY BRIBES
 WE DO NOT GIVE YOU LINKS OR FILL FILES FOR OUR RELEASES !!
 WE DO NOT RUN WWW LINK NOR AN IRC CHANNEL NEVER EVER !!
 WE DO NOT PROVIDE HELP FOR MISSING FILES / BAD FILES
 WE DO NOT CONDONE SELLING MOVIES FOR PROFIT <-- BAD !!
 WE DO NOT NEED COURIERS

 IRC  : NEVER EVER.
 WWW  : NEVER EVER.

    ▄             ▄        ■▄▄   ■
■▄ ■▌- Editorial -▐■ ▄■░▒▓█▀▀■▀▄■▌---─────────────────────────────────────────>
  ▀▀               ▀▀           ▀

 You wish.

    ▄           ▄        ■▄▄   ■
■▄ ■▌- Members -▐■ ▄■░▒▓█▀▀■▀▄■▌---───────────────────────────────────────────>
  ▀▀             ▀▀           ▀

 Nope.

    ▄             ▄        ■▄▄   ■
■▄ ■▌- Greetings -▐■ ▄■░▒▓█▀▀■▀▄■▌---─────────────────────────────────────────>
  ▀▀               ▀▀           ▀

 Nope.

 
    ▄              ▄        ■▄▄   ■
■▄ ■▌- Disclaimer -▐■ ▄■░▒▓█▀▀■▀▄■▌---────────────────────────────────────────>
  ▀▀                ▀▀           ▀


    ▄               ▄        ■▄▄   ■
■▄ ■▌- Final Words -▐■ ▄■░▒▓█▀▀■▀▄■▌---───────────────────────────────────────>
  ▀▀                 ▀▀           ▀

 Preach..

                 ■   ▄▄■        ▄                                         ▄
<─────────────---▐■▄▀ ▀▀█▓▒░■▄ ■▌- ASCii By `high24[7 @ HighOnASCii 2006 -▐■ ▄■
                  ▀           ▀▀                                           ▀▀
