                                               ▄▄▄▄▄▄▄▄▄▄
          ███████████████                  ▄▄▄▄██████████▄▄▄▄
        ████████████████████             ██████████████████████
      ████████░░░░░░░░████████         ████████░░░░░░░░░░████████
    ██████░░░░░░░░░░▓█░░░██████       ██████░░░░░░░░░░░░█░░░██████
   █████░░░░░░░███░░░░░█░░░█████     ██████░░░░░░▒███░░░░░██░░█████
  █████░░░░░███████████░░▓░░▓████   █████░░█░░███████████░▓▓█░░█████
 █████░█░░██████▓▓▓▓▓████░░░░█████  ████░░█░░█████▓▓▓▓▓████▓▓█░░█████
 ████░█░░███▓▓▓███████████░░░░████ █████░░░░██▓▓▓████████████░▒░░████
████░░░░███▓▓██████████████░░█░████████░░░░██▓▓██████████████░░░░█████
████░░░▒███████████████████░░█░████████░░░▒███████████████████░░█░████
████░░▓████████████████████░░░░████████░░░████████████████████░░█░████
████░█▓▓███████████████████░░░░████████░█░████████████████████░░░░████
████░█▒▒██▓████████████████░░░░████████░█░░███▓██████████████░░░░░████
█████░█░███▓███████████████░░░█████▒████░░░████▓█████████████░█░░████░
 ████░░▒░█████████████████░█░░████▒ ████░░░░████████████████░░█░░████
 █████░░░░██████████████░░█░░█████   ████░░█▓▓████████████▒░░█░░████▒
  █████░░█▓▓███████████░░█░░█████    █████░░██▓▓████████░░░░░░▒████         ▄
   █████░░███░░░░░░░░░░░░░░█████      ██████▓▓█░░░░░░░░░░░░░░█████         ███
    ███████░░░░░░░░░░░░░░██████        ███████░░░░░░░░░░░░███████        █████▌
     █████████████████████████           ██████████████████████        ▒██████▌
       █████████████████████              ▓██████████████████        ▒█████░██▌
         ████████████████████████████████████████████████          ▒█████░░░██▌
    ███████▒▒▒▒▒▒▒▒▒▒▒▒▒▒▒▒▒▒▒▒▒▒▒▒▒▒▒▒▒▒▒▒▒▒▒▒▒▒▒▒██████         █████░░░█░██▌
    ██████████████████████████████████████████████████████       █████░░░░█░██▌
    ███▒▒▒▒▒▒▒▒█▒▒█████▒▒█▒▒████▒▒▒█▒▒████▒▒▒█▒▒▒▒▒▒▒▒██████████████░░░██░░░██▌
    ███▒▒▒▒▒▒▒▒█▒▒█████▒▒█▒▒███▒▒▒██▒▒███▒▒▒██▒▒▒▒▒▒▒▒█████████████░░░████░░██▌
    ███▒▒████▒▒█▒▒█████▒▒█▒▒██▒▒▒███▒▒██▒▒▒███▒▒████▒▒████▒██████░░░▓█████░░██▌
    ███▒▒████▒▒█▒▒█████▒▒█▒▒█▒▒▒████▒▒█▒▒▒████▒▒████▒▒████▒█▒███░░░███████░░██▌
    ███▒▒████▒▒█▒▒█████▒▒█▒▒▒▒▒█████▒▒▒▒▒█████▒▒████▒▒████▒█▒███░░░███████░░██▌
    ███▒▒▒▒▒▒▒▒█▒▒█████▒▒█▒▒▒▒██████▒▒▒▒██████▒▒▒▒▒▒▒▒████▒█▒███░░░███████░░░█▌
    ███▒▒▒▒▒▒▒▒█▒▒█████▒▒█▒▒▒▒▒█████▒▒▒▒▒█████▒▒▒▒▒▒▒▒████▒█▒███░░░███████░░░█▌
    ███▒▒███████▒▒█████▒▒█▒▒█▒▒▒████▒▒█▒▒▒████▒▒████▒▒██████████░░░███████░░░█▌
    ███▒▒███████▒▒█████▒▒█▒▒██▒▒▒███▒▒██▒▒▒███▒▒████▒▒███████████░░░██████░░░█▌
    ███▒▒███████▒▒▒▒▒▒▒▒▒█▒▒███▒▒▒██▒▒███▒▒▒██▒▒████▒▒████████████░░░░████░░░██▌
    ███▒▒███████▒▒▒▒▒▒▒▒▒█▒▒████▒▒▒█▒▒████▒▒▒█▒▒████▒▒████  ████████░░░░░█░░░██▌
    █████████████████████████████████████████████████████       ██████░▒█░█░░██▌
     ██████▒▒▒▒▒▒▒▒▒▒▒▒▒▒▒▒▒▒▒▒▒▒▒▒▒▒▒▒▒▒▒▒▒▒▒▒▒▒▒▒██████         ██████░██░░██▌
      ██████████████████████████████████████████████████            ▒█████░░░██▌
              █████████████████████████████████                       ▒████████
               ███░░░░███░░░█████░░░░░░░░░████                          ▒██████
                 ████████████████████████████                             ████▌
                  ▀▀▀▀▀▀   ▀▀▀▀▀▀▀    ▀▀▀▀▀▀                               ▀█▀
 █▀▀▀▀▀▀▀▀▀▀▀▀▀▀▀▀▀▀▀▀▀▀▀▀▀▀▀▀▀▀▀▀▀▀▀▀▀▀▀▀▀▀▀▀▀▀▀▀▀▀▀▀▀▀▀▀▀▀▀▀▀▀▀▀▀▀▀▀▀▀▀▀▀▀▀█▄
 █   ■■ Rip Info                                                             ██
 █▄▄▄▄▄▄▄▄▄▄▄▄▄▄▄▄▄▄▄▄▄▄▄▄▄▄▄▄▄▄▄▄▄▄▄▄▄▄▄▄▄▄▄▄▄▄▄▄▄▄▄▄▄▄▄▄▄▄▄▄▄▄▄▄▄▄▄▄▄▄▄▄▄▄▄██
  ▀█▀▀▀▀▀▀▀▀▀▀▀▀▀▀▀▀▀▀▀▀▀▀▀▀▀▀▀▀▀▀▀▀▀▀▀▀▀▀▀▀▀▀▀▀▀▀▀▀▀▀▀▀▀▀▀▀▀▀▀▀▀▀▀▀▀▀▀▀▀▀▀▀██▀
   █                                                                        ██
   █ Title...........: The Final Season                                     ██
   █ Source..........: DVD SCREENER                                         ██
   █ Video Bitrate...: 1457kbps                                             ██
   █ Audio Bitrate...: AC3 2.0 192kbps                                      ██
   █ Resolution......: 672 x 368                                            ██
   █ FPS.............: 23,97                                                ██
   █ Runtime.........: 119m                                                 ██
   █ Release Date....: 11-02-2008                                           ██
   █ Size............: 1.4gb                                                ██
   █ IMDB............: http://www.imdb.com/title/tt0449018                  ██
   █                                                                        ██
   ▀██████████████████████████████████████████████████████████████████████████
 █▀▀▀▀▀▀▀▀▀▀▀▀▀▀▀▀▀▀▀▀▀▀▀▀▀▀▀▀▀▀▀▀▀▀▀▀▀▀▀▀▀▀▀▀▀▀▀▀▀▀▀▀▀▀▀▀▀▀▀▀▀▀▀▀▀▀▀▀▀▀▀▀▀▀▀█▄
 █   ■■ Plot                                                                 ██
 █▄▄▄▄▄▄▄▄▄▄▄▄▄▄▄▄▄▄▄▄▄▄▄▄▄▄▄▄▄▄▄▄▄▄▄▄▄▄▄▄▄▄▄▄▄▄▄▄▄▄▄▄▄▄▄▄▄▄▄▄▄▄▄▄▄▄▄▄▄▄▄▄▄▄▄██
  ▀█▀▀▀▀▀▀▀▀▀▀▀▀▀▀▀▀▀▀▀▀▀▀▀▀▀▀▀▀▀▀▀▀▀▀▀▀▀▀▀▀▀▀▀▀▀▀▀▀▀▀▀▀▀▀▀▀▀▀▀▀▀▀▀▀▀▀▀▀▀▀▀▀██▀
   █                                                                        ██
   █ Kent Stock (Sean Astin) disrupts his life to become coach of the       ██
   █ Norway High School baseball team and try to lead them to victory. more ██
   █                                                                        ██
   █                                                                        ██
   █                                                                        ██
   ▀██████████████████████████████████████████████████████████████████████████
 █▀▀▀▀▀▀▀▀▀▀▀▀▀▀▀▀▀▀▀▀▀▀▀▀▀▀▀▀▀▀▀▀▀▀▀▀▀▀▀▀▀▀▀▀▀▀▀▀▀▀▀▀▀▀▀▀▀▀▀▀▀▀▀▀▀▀▀▀▀▀▀▀▀▀▀█▄
 █   ■■ Group News                                                           ██
 █▄▄▄▄▄▄▄▄▄▄▄▄▄▄▄▄▄▄▄▄▄▄▄▄▄▄▄▄▄▄▄▄▄▄▄▄▄▄▄▄▄▄▄▄▄▄▄▄▄▄▄▄▄▄▄▄▄▄▄▄▄▄▄▄▄▄▄▄▄▄▄▄▄▄▄██
  ▀█▀▀▀▀▀▀▀▀▀▀▀▀▀▀▀▀▀▀▀▀▀▀▀▀▀▀▀▀▀▀▀▀▀▀▀▀▀▀▀▀▀▀▀▀▀▀▀▀▀▀▀▀▀▀▀▀▀▀▀▀▀▀▀▀▀▀▀▀▀▀▀▀██▀
   █                                                                        ██
   █ We                                                                     ██
   █ have some vacancies.  Syncers (If you know your shit, pm us ASAP)      ██
   █ Audio Suppliers DVD Retail \ Screener sources + Cammers: (Booth access ██
   █ is an advantage. No silver suppliers)                                  ██
   █                                                                        ██
   ▀██████████████████████████████████████████████████████████████████████████
 █▀▀▀▀▀▀▀▀▀▀▀▀▀▀▀▀▀▀▀▀▀▀▀▀▀▀▀▀▀▀▀▀▀▀▀▀▀▀▀▀▀▀▀▀▀▀▀▀▀▀▀▀▀▀▀▀▀▀▀▀▀▀▀▀▀▀▀▀▀▀▀▀▀▀▀█▄
 █   ■■ Notes                                                                ██
 █▄▄▄▄▄▄▄▄▄▄▄▄▄▄▄▄▄▄▄▄▄▄▄▄▄▄▄▄▄▄▄▄▄▄▄▄▄▄▄▄▄▄▄▄▄▄▄▄▄▄▄▄▄▄▄▄▄▄▄▄▄▄▄▄▄▄▄▄▄▄▄▄▄▄▄██
  ▀█▀▀▀▀▀▀▀▀▀▀▀▀▀▀▀▀▀▀▀▀▀▀▀▀▀▀▀▀▀▀▀▀▀▀▀▀▀▀▀▀▀▀▀▀▀▀▀▀▀▀▀▀▀▀▀▀▀▀▀▀▀▀▀▀▀▀▀▀▀▀▀▀██▀
   █                                                                        ██
   █                                                                        ██
   █                                                                        ██
   █                                                                        ██
   █                                                                        ██
   ▀██████████████████████████████████████████████████████████████████████████
 █▀▀▀▀▀▀▀▀▀▀▀▀▀▀▀▀▀▀▀▀▀▀▀▀▀▀▀▀▀▀▀▀▀▀▀▀▀▀▀▀▀▀▀▀▀▀▀▀▀▀▀▀▀▀▀▀▀▀▀▀▀▀▀▀▀▀▀▀▀▀▀▀▀▀▀█▄
 █   ■■ Contact                                                              ██
 █▄▄▄▄▄▄▄▄▄▄▄▄▄▄▄▄▄▄▄▄▄▄▄▄▄▄▄▄▄▄▄▄▄▄▄▄▄▄▄▄▄▄▄▄▄▄▄▄▄▄▄▄▄▄▄▄▄▄▄▄▄▄▄▄▄▄▄▄▄▄▄▄▄▄▄██
  ▀█▀▀▀▀▀▀▀▀▀▀▀▀▀▀▀▀▀▀▀▀▀▀▀▀▀▀▀▀▀▀▀▀▀▀▀▀▀▀▀▀▀▀▀▀▀▀▀▀▀▀▀▀▀▀▀▀▀▀▀▀▀▀▀▀▀▀▀▀▀▀▀▀██▀
   █                                                                        ██
   █  Pls do NOT email if you have nothing to offer, also this is not the   ██
   █  p2p helpdesk. We do not put our rls on p2p or want them there.        ██
   █  We don't need anymore affils thx, pls don't email                     ██
   █                           pukka@bk.ru                                  ██
   █                                                                        ██
   ▀██████████████████████████████████████████████████████████████████████████
