  ┌┌────────────────────────────────────────────────────────────────────────┐┐ 
 ┌─┘████████████████████████████████████████████████████████████████████████└─┐
 │█◘◘◘◘◘◘◘◘◘◘◘◘◘◘◘◘◘◘◘◘◘◘◘◘◘◘◘◘◘◘◘◘◘◘◘◘◘◘◘◘◘◘◘◘◘◘◘◘◘◘◘◘◘◘◘◘◘◘◘◘◘◘◘◘◘◘◘◘◘◘◘◘◘◘█│
 │█◘                                                                        ◘█│
 │█◘                                        ▄███████▄▄▄▄                    ◘█│
 │█◘                                     ▄█████████████▀                    ◘█│
 │█◘  ▐████▌        █████▌        ▄████▄██▀▀▀▀▀▀▀████▀                      ◘█│
 │█◘  ▐████▌       ██████▌       ▄█████▀ ▄███████▄▄▄▄▄                      ◘█│
 │█◘  ▐████▌      ███████▌      ▐██████ ████████████▀                       ◘█│
 │█◘  ▐████▌     ▐███████▌     ▐███████████████████▀                        ◘█│
 │█◘  ▐████▌    ▐████████▌    ▐██████▀▄▄▄▄▄▄▀▀▀▀▀                           ◘█│
 │█◘  ▐████▌   ▐█████████▌    ██████ ▄███████████▀           ▄▄▄███▄▄▄▄▄▄   ◘█│
 │█◘  ▐████▌  ▐██████████▌   ███████████████████▀          ▄████████████    ◘█│
 │█◘  ▐████▌  ██████▐████▌  ██████▀▀▄▄▄▄▄▀▀▀▀▀           ▄████████████▀     ◘█│
 │█◘  ▐████▌ ██████ ▐████▌ ██████▌▄████████████          ▀▀▄▄▄▄▄▄▀▀▀▄▄▌     ◘█│
 │█◘  ▐████▌██████  ▐████▌▐███████████████████          ▄█████████████      ◘█│
 │█◘  ▐██████████   ▐███████████▀▀▀▀▀▀▀▀███▀▀          █████████████▀       ◘█│
 │█◘  ▐█████████    ▐██████████        ▄▄▄▄▄▄▄▄▄      ▀▀▀▄▄▄▀▀▀▀▀▀▀         ◘█│
 │█◘  ▐████████     ▐█████████    ▐██████████████▄    █████████████         ◘█│
 │█◘  ▐███████▌     ▐████████       ██████▀ ▀██████ ▄████████████▀          ◘█│
 │█◘  ▐██████▌      ▐███████        ██████   ██████▐▀▀  ▀▀▀▀▀▀▀▀            ◘█│
 │█◘  ▐██████       ▐██████        ▐█████▌   ██████ ▄███████████▌           ◘█│
 │█◘  ▐█████        ▐█████▌        ██████   ▐██████████████████▀            ◘█│
 │█◘   ▀▀▀▀          ▀▀▀▀▀        ██████▌  ▐██████▀▀▀▀▀▀████▀▀              ◘█│
 │█◘                             ▐██████  ▄█████▀                           ◘█│
 │█◘                             ███████▄█████▀                             ◘█│
 │█◘                            ▐████████▀▀            ▄▄▄▄▄▄▄▄▄▄▄          ◘█│
 │█◘                            ██████▀██           ▐██████████████▄        ◘█│
 │█◘                           ▐█████▌ ███           ▀██████   █████▄       ◘█│
 │█◘                           ██████  ▐███▄▄██      ▐█████▌   ▐█████▌      ◘█│
 │█◘  ______________________   ██████   ▐███████     ██████    ▐█████▌      ◘█│
 │█◘  ═══ We Rip Digital ═══  ▐██████▄   ███████    ▐█████▌    ▐██████      ◘█│
 │█◘  ──────────────────────  ▐███▀▀▀▀    ▀████     ██████     ██████▌      ◘█│
 │█◘                                               ▐█████▌    ▐██████▌      ◘█│
 │█◘     ____________________________              ██████     ███████       ◘█│
 │█◘     Designed By Flyinsea & Miner             ▐█████▌    ▐██████        ◘█│
 │█◘     ────────────────────────────             ██████     ██████         ◘█│
 │█◘                                             ▐█████▌    ██████          ◘█│
 │█◘        _______________________________      ██████    ██████           ◘█│
 │█◘        WRD DivX Group Proudly Presents     ▐█████▌   █████▀            ◘█│
 │█◘        ───────────────────────────────     ███████▄▄████▀              ◘█│
 │█◘                                            ▐████████▀▀                 ◘█│
 │█◘                                                                        ◘█│
 │█◘◘◘◘◘◘◘◘◘◘◘◘◘◘◘◘◘◘◘◘◘◘◘◘◘◘◘◘◘◘◘◘◘◘◘◘◘◘◘◘◘◘◘◘◘◘◘◘◘◘◘◘◘◘◘◘◘◘◘◘◘◘◘◘◘◘◘◘◘◘◘◘◘◘█│
 ├─██████████████████████████████████████████████████████████████████████████─┤
 │░█ ░ ║ ▒ █────────────────────────────────────────────────────────█ ▒ ║ ░ █░│
 │░█ ░ ║ ▒ █                Lou Reed's Berlin (2007)                █ ▒ ║ ░ █░│
 │░█ ░ ║ ▒ █────────────────────────────────────────────────────────█ ▒ ║ ░ █░│
 │░██████████████████████████████████████████████████████████████████████████░│
 ╞══░░:▓▓:▒▒:██═══════════════█░  RELEASE INFO  ░█═══════════════██:▒▒:▓▓:░░══╡
 │░█▓▓▓▓▓▓▓▓▓▓▓▓▓▓▓▓▓▓▓▓▓▓▓▓▓▓▓▓▓▓▓▓▓▓▓▓▓▓▓▓▓▓▓▓▓▓▓▓▓▓▓▓▓▓▓▓▓▓▓▓▓▓▓▓▓▓▓▓▓▓▓▓█░│
 │░█                   Supplier .........: Team WRD                         █░│
 │░█                   DivX Release Date : 2008/10/10                       █░│
 │░█                   DVD Retail Date ..: 2008/09/30                       █░│
 │░█                   Theatre Date .....: 2008/03/07                       █░│
 │░█                   Video Format .....: XviD                             █░│
 │░█                   Video Bitrate ....: 998 Kbps                         █░│
 │░█                   Resolution .......: 640 x 352                        █░│
 │░█                   Aspect Ratio .....: 1.82 : 1                         █░│
 │░█                   Language .........: English                          █░│
 │░█                   Audio Format .....: VBR MP3                          █░│
 │░█                   Audio Bitrate ....: 192 Kbps                         █░│
 │░█                   DVD Runtime ......: 81 Mins                          █░│
 │░█                   Frame Rate .......: 23.976 FPS                       █░│
 │░█                   Subtitle .........: English/Spanish                  █░│
 │░█                   Film Genre .......: Documentary                      █░│
 │░█                   File Size ........: 49 x 15MB                        █░│
 │░█▓▓▓▓▓▓▓▓▓▓▓▓▓▓▓▓▓▓▓▓▓▓▓▓▓▓▓▓▓▓▓▓▓▓▓▓▓▓▓▓▓▓▓▓▓▓▓▓▓▓▓▓▓▓▓▓▓▓▓▓▓▓▓▓▓▓▓▓▓▓▓▓█░│
 ╞══░░:▓▓:▒▒:██═══════════════█░  WEBSITE INFO  ░█═══════════════██:▒▒:▓▓:░░══╡
 │░█▓▓▓▓▓▓▓▓▓▓▓▓▓▓▓▓▓▓▓▓▓▓▓▓▓▓▓▓▓▓▓▓▓▓▓▓▓▓▓▓▓▓▓▓▓▓▓▓▓▓▓▓▓▓▓▓▓▓▓▓▓▓▓▓▓▓▓▓▓▓▓▓█░│
 │░█  ■ IMDB  Vote ......:  8.1/10 (162 votes)                              █░│
 │░█  ■ IMDB  URL .......:  http://www.imdb.com/title/tt1093836/            █░│
 │░█                                                                        █░│
 │░█  ■ Movie Link ......:  N/A                                             █░│
 │░█                                                                        █░│
 │░█▓▓▓▓▓▓▓▓▓▓▓▓▓▓▓▓▓▓▓▓▓▓▓▓▓▓▓▓▓▓▓▓▓▓▓▓▓▓▓▓▓▓▓▓▓▓▓▓▓▓▓▓▓▓▓▓▓▓▓▓▓▓▓▓▓▓▓▓▓▓▓▓█░│
 ╞══░░:▓▓:▒▒:██═══════════════█░  MOVIE   INFO  ░█═══════════════██:▒▒:▓▓:░░══╡
 │░█▓▓▓▓▓▓▓▓▓▓▓▓▓▓▓▓▓▓▓▓▓▓▓▓▓▓▓▓▓▓▓▓▓▓▓▓▓▓▓▓▓▓▓▓▓▓▓▓▓▓▓▓▓▓▓▓▓▓▓▓▓▓▓▓▓▓▓▓▓▓▓▓█░│ 
 │░█▐──────────────────────::::::::[  CAST  ]:::::::───────────────────────▌█░│
 │░█▐▓▓▓▓▓▓▓▓▓▓▓▓▓▓▓▓▓▓▓▓▓▓▓▓▓▓▓▓▓▓▓▓▓▓▓▓▓▓▓▓▓▓▓▓▓▓▓▓▓▓▓▓▓▓▓▓▓▓▓▓▓▓▓▓▓▓▓▓▓▓▌█░│
 │░█▐                                                                      ▌█░│
 │░█▐               Lou Reed ...  Himself                                  ▌█░│
 │░█▐               Fernando Saunders ...  Himself                         ▌█░│
 │░█▐               Sharon Jones ...  Herself                              ▌█░│
 │░█▐               Antony Hegarty ...  Himself (as Antony)                ▌█░│
 │░█▐               Emmanuelle Seigner ...  Caroline                       ▌█░│
 │░█▐                                                                      ▌█░│
 │░█▐                                                                      ▌█░│
 │░█▐                                                                      ▌█░│
 │░█▐                                                                      ▌█░│
 │░█▐▓▓▓▓▓▓▓▓▓▓▓▓▓▓▓▓▓▓▓▓▓▓▓▓▓▓▓▓▓▓▓▓▓▓▓▓▓▓▓▓▓▓▓▓▓▓▓▓▓▓▓▓▓▓▓▓▓▓▓▓▓▓▓▓▓▓▓▓▓▓▌█░│
 │░█▐──────────────────────:::::[ PLOT SUMMARY ]:::::──────────────────────▌█░│
 │░█▐▓▓▓▓▓▓▓▓▓▓▓▓▓▓▓▓▓▓▓▓▓▓▓▓▓▓▓▓▓▓▓▓▓▓▓▓▓▓▓▓▓▓▓▓▓▓▓▓▓▓▓▓▓▓▓▓▓▓▓▓▓▓▓▓▓▓▓▓▓▓▌█░│
 │░█▐                                                                      ▌█░│
 │░█▐  Lou Reed co-founder of The Velvet Underground and the man behind    ▌█░│
 │░█▐  such iconic rock songs as Sweet Jane and Walk on the Wild Side      ▌█░│
 │░█▐  stars in one of the most satisfying concert films (Lee Marshall,    ▌█░│
 │░█▐  Screen International) in decades. Oscar-nominated director Julian   ▌█░│
 │░█▐  Schnabel (The Diving Bell and the Butterfly) captures this          ▌█░│
 │░█▐  historic moment in time, as Reed performed his legendary 1973       ▌█░│
 │░█▐  album, Berlin, live for the first time. Rocking horns, soulful      ▌█░│
 │░█▐  guitar and the angelic voices of the Brooklyn Youth Chorus bring    ▌█░│
 │░█▐  Reed s devastatingly honest lyrics to full life in this             ▌█░│
 │░█▐  exceptionally strong performance.                                   ▌█░│
 │░█▐                                                                      ▌█░│
 │░█▓▓▓▓▓▓▓▓▓▓▓▓▓▓▓▓▓▓▓▓▓▓▓▓▓▓▓▓▓▓▓▓▓▓▓▓▓▓▓▓▓▓▓▓▓▓▓▓▓▓▓▓▓▓▓▓▓▓▓▓▓▓▓▓▓▓▓▓▓▓▓▓█░│
 ╞══░░:▓▓:▒▒:██═══════════════█░  Ripper Notes  ░█═══════════════██:▒▒:▓▓:░░══╡
 │░█▓▓▓▓▓▓▓▓▓▓▓▓▓▓▓▓▓▓▓▓▓▓▓▓▓▓▓▓▓▓▓▓▓▓▓▓▓▓▓▓▓▓▓▓▓▓▓▓▓▓▓▓▓▓▓▓▓▓▓▓▓▓▓▓▓▓▓▓▓▓▓▓█░│
 │░█                                                                        █░│
 │░█   Enjoy it.                                                            █░│
 │░█                                                                        █░│
 │░█                                                                        █░│
 │░█                                                                        █░│
 │░█                                                                        █░│
 │░█▓▓▓▓▓▓▓▓▓▓▓▓▓▓▓▓▓▓▓▓▓▓▓▓▓▓▓▓▓▓▓▓▓▓▓▓▓▓▓▓▓▓▓▓▓▓▓▓▓▓▓▓▓▓▓▓▓▓▓▓▓▓▓▓▓▓▓▓▓▓▓▓█░│
 ╞══░░:▓▓:▒▒:██═══════════════█░  Group   News  ░█═══════════════██:▒▒:▓▓:░░══╡
 │░█▓▓▓▓▓▓▓▓▓▓▓▓▓▓▓▓▓▓▓▓▓▓▓▓▓▓▓▓▓▓▓▓▓▓▓▓▓▓▓▓▓▓▓▓▓▓▓▓▓▓▓▓▓▓▓▓▓▓▓▓▓▓▓▓▓▓▓▓▓▓▓▓█░│
 │░█                                                                        █░│
 │░█     We only offer resourses for communion and study and we won't bear  █░│
 │░█  any legal responsibility for the resources. And we won't answer any   █░│
 │░█  problems about the resources that we offered out.                     █░│
 │░█                                                                        █░│
 │░█     We are looking for the following:                                  █░│
 │░█                                                                        █░│
 │░█        - PRE/Screener/Retails DVD Supplier                             █░│
 │░█        - 100MBit+ Affil Site                                           █░│
 │░█        - 10MBit+ Dumps for exclusion use                               █░│
 │░█                                                                        █░│
 │░█     Contact us:                                                        █░│
 │░█        E-mail ....:  WRD_GRP@hotmail.com                               █░│
 │░█        Website ...:  N/A                                               █░│
 │░█        IRC .......:  Private                                           █░│
 │░█                                                                        █░│
 │░█▓▓▓▓▓▓▓▓▓▓▓▓▓▓▓▓▓▓▓▓▓▓▓▓▓▓▓▓▓▓▓▓▓▓▓▓▓▓▓▓▓▓▓▓▓▓▓▓▓▓▓▓▓▓▓▓▓▓▓▓▓▓▓▓▓▓▓▓▓▓▓▓█░│
 ╞══░░:▓▓:▒▒:██═══════════════█░    Greeting    ░█═══════════════██:▒▒:▓▓:░░══╡
 │░█▓▓▓▓▓▓▓▓▓▓▓▓▓▓▓▓▓▓▓▓▓▓▓▓▓▓▓▓▓▓▓▓▓▓▓▓▓▓▓▓▓▓▓▓▓▓▓▓▓▓▓▓▓▓▓▓▓▓▓▓▓▓▓▓▓▓▓▓▓▓▓▓█░│
 │░█                                                                        █░│
 │░█      Greetings to all of WRD's respects & hello's fly out.             █░│
 │░█                                                                        █░│
 │░█      Greetings to all of groups that offer good quality releases.      █░│
 │░█                                                                        █░│
 │░█      Greetings to all of friends that help us such as:                 █░│
 │░█                                                                        █░│
 │░█                               ROR  VoMiT                               █░│
 │░█                                                                        █░│
 │░██████████████████████████████████████████████████████████████████████████░│
 │░█░░░░░░░░░░░░░░░░░░░░░░ Last Update at  2004.05.11 ░░░░░░░░░░░░░░░░░░░░░░█░│
 └─██████████████████████████████████████████████████████████████████████████─┘
