              ░░       ▄                    
            ░░           ▄        ▄          
         ░░░              ▀▓   ▄                   ▄   ▓▀
      ░▒▓▓▓░   ▄▄   ▄▄▀     ▄▓█▀▀█▄    ▄▀▄▄ ▄▄▄  ▄█▀▀█▀          ▀
    ░▓▀▀▀▀█ █████ ▐▓▀  ▄▄▄ ▐  █  ██▌   ▓██▌ ▐██▌▐█▓ ■▓ ■▌          ▀▄  ░░  ▄██▀
    ▄▄▄██ ▓ ▐████▌ █ ████▓  ▀▓▓▄▄▓▀   ▐███  ▐██▌ ▀█▄▄▓▓▀         ▓██▄ ▄▓▓ ▐██▌
    ▓████ ░ ▐██▀██▄  █████▌    ▀     ▄▓███▀▀███▀▀▀ ▄█▄   ▄▄█▀██▄▄ ▓███▄▀█ ▓██
   ▐▓█ ██▌▄▓▄██▓ ▀██▄▐██▀██▄  █▀█  ▄▓▓█▀██▌▐██▌    █▀█▄██▀ ▓  ▀███▄▓████▄ ▓██
   ▓█▌ ▐██ ▀ ███  ▐█▓███▌ ▀██▄█░█▄▓██▀  ▀▀▀▓██     █░███▌  ▒   ▐██▓▓██▄▀██▄██
  ▓▓█▄▄▄███  ███ ▄▓▓▀▐██▌  ▐███▒████▌      ▓██   ▒▓█▒█▀██▄ ░  ▄█▓▓▀ ███  ▀▓██▌
 ▓▓█▀ ▄ ▀███▄▓██▀▀ ▄ ▐██▌ ▄█▓▀█▓█▀███▄  ▄▄▄▐██▌ ░▒▓█▓█  ▀▀█▄▄▓▀▀ ▄▄ ███ █▄ ▀▓█▄
  ▄ ░▓██▄ ▀▀▀▀ ▄▄██▓ ▐██▓▀▀  ▄█▀▀ ▄ ▀▀▀▀███ ▀▓█▄███▀▀█▄   ▄▄▄▄▄█▓▀ ▄█▀▀ ▓▓█▄ ▀▀
 ▀ ▄█▀▄███▄▄▄█████▄▀▓▄      ▀  ▄▓███▓▄    ▄▓▄  ▀▀██    ▀ ░▓█▓▀█▀  ▀   ▄▓▀▄█▓
 ▄▀▀ ▀   ▀▓▀       ▀  ▀▄          ▀▄ ▀▀▄   ▀              ▄▀ ▀       ▀     ░░
                         ■              ▀                ■  FEED THE ADDICTION

         ┌───────────────────────────────────────────────────────────┐
     ┌───────────────────────────────────────────────────────────────────┐
     │ ░▒▓█          R E L E A S E    I N F O R M A T I O N         █▓▒░ │
     └───────────────────────────────────────────────────────────────────┘
         │    RELEASE SIZE: 1DVD xx/40 @ 50Megs                      │
         │    RELEASE DATE: 09/30/08                                 │
         │    PROTECTION -                                           │
         │                                                           │
         │             HALLMARK CARD STUDIO 2009 (c) SIERRA          │        
         │                                                           │
         │   '09 verse, same as the first, a little bit louder       │
         │   and a little bit worse ...                              │
         │                                                           │
         │                 www.hallmarksoftware.com                  │
         │                                                           │
     ┌───────────────────────────────────────────────────────────────────┐
     │ ░▒▓█          I N S T A L L    I N F O R M A T I O N         █▓▒░ │
     └───────────────────────────────────────────────────────────────────┘
         │                                                           │
         │     EXTRACT, BURN or MOUNT, INSTALL, MAKE CARDS!!!!!      │
         │                                                           │
         │                             KEEPING THE SCENE PRIVATE!    │
         │                                        ▄▄      ▄▄▄        │
         │                             ▄▄▄██   █████    ████▓        │
         │                             ▓████   ▐████▌   █████▌       │
         │                            ▐▓█ ██▌  ▐██▀██▄  ▐██▀██▄      │
     ┌─────────────────────────────── ▓█▌─▐██ ─ ██▒ ▀██▄▐██▌ ▀██▄ ──────┐
     │ ░▒▓█    TEAM ADDICTION        ▓▓█▄▄▄███  ██▓  ▐█████▌  ▐██▌ █▓▒░ │
     └───────────────────────────── ▓▓█▀   ▀███▄███ ▄█▓▀▐██▌ ▄█▓▀ ──────┘
         └──────────────────────── ▓▓█ ───── ▀▀▀███▀▀ ──▐██▓▀▀  ─────┘
