           ▐░░░░▒▒▓▓▓████████████████▒ ▐  ▒████████████████▓▓▓▒▒░░  ▌
           ▒░░▒░░▒███████████████████▒░▐▌░▓███████████████████▓▓░▒░ ░
           ▒▒▒▒▒▓▓▓▓█████████████████▓▒▐▌▒▓█████████████████▓▓▓▓▒▒  ░
          ▒░▒▒  ▀▀▀▓▓▓▓▓▓▓████████████▓▐▌▓████████████▓▓▓▓▓▓▓▀▀▀   ░░▒
          ░▓░░ ░░░    ▀▀▀▀▓▓▓▓▓███████▓░░▓███████▓▓▓▓▓▀▀▀▀    ░░░  ░░░
          ▓ ▄▄▄▄  ░░▒▒▒▒▒▄▄  ▀▀▓▓▓▓▓▓▓▀▒▒▀▓▓▓▓▓▓▓▀▀  ▄▄▒▒▒▒▒░░  ▄▄▄▄ ▓
          ░░░ ▀▀███▄▄▄▄▀▀▓▓ ▀ ▓▄▄ ▀▀▀  ▓▓  ▀▀▀ ▄▄▓ ▀ ▓▓▀▀▄▄▄▄███▀▀  ░░
         ░▒░░░ ▄ ▀▀▀███████▄▄▄▀▀▀▀▀  ▓▓██▓▒  ▀▀▀▀▀▄▄▄███████▀▀▀ ▄  ░▒▒
          ▒▒▒▒▒███▄▄▄▀▀▀███████▀▀▀  ▓█▀  ▀█▓  ▀▀████████▀▀▀▄▄▄███▄░░▒▒
           ▒▒▀▒▓▒▓▓███▄▄ ▀██▀▀   ▄▄▀▀ ▄▌█▄ ▀▀▄▄   ▀▀██▀ ▄▄██▓▓▒▒▒▒▀▒
            ▓▒▒ ▒▒▓▒▓▓████▄▄▄ ▀▀▀▀▀▀▄▀    ▀▄▀▀▀▀▀▀ ▄▄▄███▓▓▒▒▒▒ ▄ ▓
      ▄▄▒▒    ▓▌▄▄ ▒▒▓▒▓▓██████████▄▄▄▄█▄▄▄▄▄█████████▓▓▓▒▒▒ ▄▄▐▓▓  ▒▒▒▄▄
  ▄▄▒▒▒▒░░    ▓▐▌░▒▓▌▄▒▒██▀▀▀▒▌▄ ▀▀▀▒▓▓▓▓▓▒▀▀▀ ▄▐▒▀▀▀██▓▒▄▐▓▒░▐ ▓▓   ░░▒▒▒▒▄▄
▓▓▓▓░░░░░      ░▐ ░▓▌▀████▓▓▒▌ ▓█▓▒░ ▄▄▀▄▄ ░▒▓█▓ ▐▒▓▓████▀▐▓░ ▌░▓     ░░░░░▓▓▓▓
░░░░░          ░   ▒▓▌ ███▓▒░  ▐██▓▌▐█▓ ▓█▌▐▓██▌  ░▒▓███ ▐▓▒  ░░          ░░░░░
░░              ░▒   ░  ▐▓▒█▌    ▐█  █▌ ▐█  █▌    ▐█▒▓▌  ░   ▒░              ░░
  ░░       ░░░░░ ░▌   ▌  ▓▒█▌     █  ▐   ▌  █     ▐█▒▓  ▐   ▐░ ░░░░░       ░░
    ░░░░░░░░░▀▀▀▀░▒       ▓░▌      ▌       ▐      ▐░▓       ▒░▀▀▀▀░░░░░░░░░
▓▓▓▄▄ ▄▄▀▀▀       ░▌▌      ▒▒                     ▒▒      ▐▐░       ▀▀▀▄▄ ▄▄▄▓▓▓
▒▒▒▒▒▒▒▒▒▒▄▄▄     ░▒░ ▐     ▐▌                   ▐▌     ▌ ░▒░     ▄▄▄▀▀▀▒▒▒▒▒▒▒▒
░░░░░░░▒▒▒▒▒▒▒▒░░░ ░▌▒ █                               █ ▒▐░ ░░░▒▒▒▒▒▒▒▒░░░░░░░░
       ░░░▒▒░░░░░  ░▒ ▓▐░▌   ▐                   ▌   ▐░▌▓ ▒░  ░░░░░▒▒░░░
          ░░░░░     ░▌  █░▓   ░     ▌     ▐     ░   ▓░█  ▐░     ░░░░░
           ░        ░▒  ▐░█▒  ▐░▌   ░▌   ▐░   ▐░▌  ▒ ░▌ ▐▒░        ░
▓▓▓▄▄▄▄▄▄▄▄▄         ░█▄▄▀▒░█▄ ▓▒▌  ▓▒   ▒▓  ▐▒▓ ▄█░▒▀▄▄█░▌        ▄▄▄▄▄▄▄▄▄▄▓▓▓
▓▓▓▓▓▓▓▓▓▓▓▓▓█████▄▄▄░▒▓▓▓▄▀ ▓▒▀██▀ █▓▌ ▐▓█ ▀██▀  ▀▀▄▓▓▓▒░▄▄▄████████████████▓▓▓
▓▓▓██████████████████ ▒▒▒▒▓▓▓▀█▀░▄ ▀██▀ ▀██▀ ▄▄▄▓▓▓▓▓▒▒░░ ███████████████████▓▓▓
▓▓████████████████████ ░░▓░▒▒▀▄▄▀█▓▓░░█▀▀▄▀▓▓▓▓▓▒▒▒▒░░░░ █████████████████████▓▓
▓▓█████████████████████▄▄▄▄▀░░░▒▒█▒▓▓░▄▄▀▓▓▓▒▒▒▒░░░▀▄▄▄▄██████████████████████▓▓
▓▓██████████████████████████▄▄▀▀▀▐░▒▒▐▀▀█▒▒▒░░▀▀▀▄▄███████████████████████████▓▓
▒▒▓▓█████████████████████████████▐▄▄▄▐▄▀ ▓▄▄▄▄██████████████████████████████▓▓▒▒
▒▒▒▓█████████████████████████████▌███▐   ▓██████████████████████████████████▓▒▒▒
▒▒▒▓█████████████████████████████▌██▓▐▌  ▓▓█████████████████████████████████▓▒▒▒
▒▒▒▓▓▓███████████████████████████▌▓▓▓▓▌   ▓▓▓█████████████████████████████▓▓▓▒▒▒
▒▒▒▒▒▓▓▓▓▓▓█████████████████████▓▌▓▒▒▀    ▒▒▓▓▓██████████████████████▓▓▓▓▓▓▒▒▒▒░
░▒▒▒▒▒▒▒▒▓▓▓▓▓▓▓▓▓▓▓▓▓▓▓▓▓▓▓▓▓▓▓▒▌▒▒░     ░▒▒▒▒▓▓▓▓▓▓▓▓▓▓▓▓▓▓▓▓▓▓▓▓▓▓▓▓▒▒▒▒▒▒▒░░
░░▒▒▒▒▒▒▒▒▒▒▒▒▓▓▓▓▓▓▓▓▓▓▓▓▓▓▓▓▒▒▒▌▒░░     ░░▒▒▒▒▒▓▓▓▓▓▓▓▓▓▓▓▓▓▓▓▓▒▒▒▒▒▒▒▒▒▒▒▒░░░
░░░░░░▒▒▒▒▒▒▒▒▒▒▒▒▒▒▒▒▒▒▒▒▒▒▒▒▒░▐▒░░       ░░▒▒░▒▒▒▒▒▒▒▒▒▒▒▒▒▒▒▒▒▒▒▒▒▒▒▒▒░░░░░░░
░░░░░▒▒▒▒▒▒▒▒▒▒▒▒▒▒░░▒▒▒▒▒▒▒░░░░░▓░         ░░░░░░░▒▒▒▒▒▒▒░░▒▒▒▒▒▒▒▒▒▒▒▒▒▒░░░░░░
░░░░░░▒▒▒▒▒▒▒▒▒▒▒▒░▒▒░░░▒░░░▒▒░░░░           ░░░░░░░░░░░░░▒▒░▒▒▒▒░▒▒▒▒▒▒▒░░░░░░░
 ░░░░░▒▒▒░░░░▒░░░▒▒▒▒░░░▒▒▒▒░░░░░             ░░░░░░░░░░░░▒▒▒▒░░░▒░░░░▒▒▒░░░░░░
  ▀▀░░░░░▒▒▒▒░░░░░░░░░░░░░░░░░░░ ▐             ░░░░░░░░░░░░░░░░░░░░░░░░░░░░░▀
       ░░░░░░░░░░░░░░░░░░░░░░░▀  ▐              ▀░░░░░░░░░░░░░░░░░░░░░░░░░░
            ░░░░░░░░░▀▀▀▀▀▀      █▌                 ▀▀▀▀▀▀░░░░░░░░░░░░░
                                 ▀
        ▀▄▄                                                          ▄▄▀
          ▓▓█▄▄                                                  ▄▄█▓▓
           ▒▒▒▓█▀▓█▄▄ ▄▄    ▄                      ▄    ▄▄ ▄▄█▓▀█▓▒▒▒
            ░░▒▒▒▀▓▓▐▌▓█▓█▓▓▓▄▄▄▒ ▄▄▒      ▒▄▄ ▒▄▄▄▓▓▓█▓█▓▌▐▓▓▀▒▒▒░░
             ▀░░▐▌▒▒▄▒▒█▓▓ ▓▓ ▓▓██▓█▓▒    ▒▓█▓██▓▓ ▓▓ ▓▓█▒▒▄▒▒▌▐░░▀
               ▀░░░░░░▐▌▒▒▒▒▒▀▓ █▓█▀██    ██▀█▓█▓ ▀▒▒▒▒▒▌▐░░░░░ ▀
                  ▀▀▀░░ ░░░░░▐▒▒░▒▒▐▌░░  ░░▌▐▒▒▓▒▒▐░░░░░ ░░▀▀▀
                  ▄       ▀▀▀░░░▒░░▀▀ ▀  ▀ ▀▀░░▒░░░▀▀▀       ▄
                   ▓▄▄          ▀              ▀          ▄▄▓
                    ▓▓███▄▄▄▄                      ▄▄▄▄███▓▓
                     ▒▓▓▒█▓▓█▄██ ▄ ▄▄      ▄▄ ▄ ██▄█▓▓▒▒▓▓▒
                      ▀▒▒▒▐▀▓▒▓██▓▐▌█▓    ▓█▌▐▓█▓█▒▒▀░░░▀▀
                           ▌▓▒▓▒▒▒▓▄▓█▒  ▒█▓▄▓▒▒▒▒▒▒▌
                           ▀▀░▒▒▀█▒▒▒▒█  ░▒▒▒▒▒▀▒▒░▀▀
                             ░ ▓▐░▒█▓▒▓  ░▒▓░▒░▐▓▓░             
                                ░▀▀▀  ▀  ▀  ▀▀▀░

                           ▓▓░▓█                ▓█░▓▓
                             ▒░░▓█░░        ░░█▓░░▒
                             ▒▓▓░▒▒▓▓▓░  ░▓▓▓▒▒░▓▓▒
    · MrHappy ·                 ▓ ▒  ░▓  ▓░  ▒ ▓
                               ▒                ▒
                                ░             ░
                                       ░


 ▄▄▄▄▄▄▄▄▄▄▄▄▄▄ ▄▄▄▄      ▄▄▄▄ ▄▄▄▄▄  ▄▄▄▄▄          ▄▄▄▄▄    ▄▄▄▄▄▄   ▄▄▄▄▄▄
 ▐████▀▀▀▀██▓▒▌ ▐███▌    ▐███░▐████░▌ ▐████▀        ▐████░▌  ██████▐▌ ██████▐▌
 █████ ░   ▀▀▌░ ▐███░    ▐███▌ ▀▀▀▀▀  █████ ░        ▀▀▀▀▀  ▐▐█▒▀ ██ ▐▐█▒▀  ██ 
 ▐████▒░         ████▒   ████         ▐████▒░               ▐▐█▒     ▐▐█▒▀  ██▌ 
 ▐████▓░         ████░   ███▓ ▄█████▄ ▐████▓░       ▄█████▄  ███▓    ▐▐▒▀   ▐█▌ 
 ▐█████████░     ▐███▒  ▐███░ ▐█████▌ ▐▐████        ▐█████▌  ▐███▌▄  ▐▐▒▀   ▐█▌ 
 ▐████▌▀▀▀▓░     ▐███▌  ▐▐██▌  █████  ▐▐███▌▀        █████    ▀████▌ ▐▐▒▀   ▐█▌ 
 ▐████▌▒  ▀       ████▒ ▐▐██   ███▒▐  ▐▐███▌▒        ███▒▐      ▀███ ▐▐▒▀   ▐█▌ 
 ▐▓███▌▒          ████░ ▌██▓   ███▒▐  ▐▓███▌▒        ███▒▐       ▐██▌▐▐█▒▀  ██▌ 
 ▐▓███▓░  ▄▄▄░    ▐▓███████▌   ███▒▐  ▐▓███▓░  ▄▄▄░  ███▒▐  ██▄ ▄███ ▐▐█▒▀ ▐██ 
 ▐▓██████████▌    ▐▓███████▌  ▐█████▌ ▐▓██████████▌ ▐█████▌  █████▐▌  █████▐█▌ 
 ▐▀▀▀▀▀▀▀▀▀▀██     ▀▀▀▀▀▀▀▀   ▀▀▀▀▀▀▀ ▐▀▀▀▀▀▀▀▀▀▀██ ▀▀▀▀▀▀▀   ▀▀▀▀▀    ▀▀▀▀▀▀

                         (=- Grants You The Following -=)

 ╔═══════════════════════════════════════════════════════════════════════════╗
 ║                          Fallout 2 @ Interplay                            ║
 ╠═════════════════════════════════════╦═════════════════════════════════════╣
 ║Supplier         :mad|max            ║ Kickass RPG           : Program Type║
 ║Packager         :mad|max            ║ 46x15mb               :        Files║
 ║Release Date     :Oct.29.1998        ║ 100%                  :       Rating║
 ╚╤╤╤╤╤╤╤╤╤╤╤╤╤╤╤╤╤╤╤╤╤╤╤╤╤╤╤╤╤╤╤╤╤╤╤╤╤╩╤╤╤╤╤╤╤╤╤╤╤╤╤╤╤╤╤╤╤╤╤╤╤╤╤╤╤╤╤╤╤╤╤╤╤╤╤╝
 ╔╧╧╧╧╧╧╧╧╧╧╧╧╧╧╧╧╧╧╧╧╧╧╧╧╧╧╧╧╧╧╧╧╧╧╧╧╧═╧╧╧╧╧╧╧╧╧╧╧╧╧╧╧╧╧╧╧╧╧╧╧╧╧╧╧╧╧╧╧╧╧╧╧╧╧╗
 ║ ─Release Information─                                                     ║
 ╠════╦═════════════════════════════════════════════════════════════════╦════╣
      Fallout 2, one of the most anticipated games of this year. 
      Emerse yourslef in the world of a Post Apocalyptic Adventure
      that will blow you away. check www.interplay.com, if you've been 
      living in a ditch somewhere.

      Burn the iso with CD Creator Deluxe and/or open with winimage extract
      and burn the files. note don't install the directX5 crap on the CD.                                
 
 ║▓░▓█╚═════════════════════════════════════════════════════════════════╝█▓░▓║
 ╠═══════════════════════════════════════════════════════════════════════════╣
 ║ ─ EViLiSO Doings ─                                                        ║
 ╠════╦═════════════════════════════════════════════════════════════════╦════╣
       Oh ya Fallout 2 ISO, boy we're good.
 ║▓░▓█╚═════════════════════════════════════════════════════════════════╝█▓░▓║
 ╠═══════════════════════════════════════════════════════════════════════════╣
 ║ ─ EViLiSOdoers ─                                                          ║
 ╠════╦═════════════════════════════════════════════════════════════════╦════╣
 ║▓░▓█║                                                                 ║█▓░▓║
 ║▓░▓█║  ╔═══════════════════════════════════════════════════════════╗  ║█▓░▓║
 ║▓░▓█║  ║   Ryche · riv · Panther · BrianBoru · CR[oo]K · ShitmaN   ║  ║█▓░▓║
 ║▓░▓█║  ║|td| · Air · _jell-o_ · Skemah` · IronClaw · AmRoD · stuph ║  ║█▓░▓║
 ║▓░▓█║  ║       Brianda · Maybach · hArleY · MrHappy · Ratler       ║  ║█▓░▓║
 ║▓░▓█║  ║       WPoohBear · |ed| · _Fp_ · DaFunk · Character        ║  ║█▓░▓║
 ║▓░▓█║  ╚════════════════════════════╗ ╔════════════════════════════╝  ║█▓░▓║
 ║▓░▓█║                           ╔═══╝ ╚═══╗                           ║█▓░▓║
 ║▓░▓█╚═══════════════════════════╝ E·V·i·L ╚═══════════════════════════╝█▓░▓║
 ╠═════════════════════════════════╗ Doers ╔═════════════════════════════════╣
 ║▓░▓█                             ╚═══════╝                             █▓░▓║
 ╠═══════════════════════════════════════════════════════════════════════════╣
║ ─ EViLiSO Grins ─                                                    ║
 ╠════╦═════════════════════════════════════════════════════════════════╦════╣
 ║▓░▓█║                                                                 ║█▓░▓║
 ║▓░▓█║    Group: ISOLated, ISOCorp, Certiso, eCGiSO, DEViSO, RiSCISO   ║█▓░▓║
 ║▓░▓█║    Personal: him, her and she                                   ║█▓░▓║ 
 ║▓░▓█║                                                                 ║█▓░▓║
 ║▓░▓█╚═════════════════════════════════════════════════════════════════╝█▓░▓║
 ╠═══════════════════════════════════════════════════════════════════════════╣
 ║ ─ Where EViLiSO Lurks ─                                                   ║
 ╠════╦════════════════════╦═══╦══╦═════╦═══════════════╦═══════════════╦════╣
 ║▓░▓█║ Around Every Corner║xHQ║Tx║xxGiG║xxx.xxx.xxx.xxx║SiteOP:xxxxxxxx║█▓░▓║
 ║▓░▓█║ Dark Data          ║xHQ║Tx║xxGiG║xxx.xxx.xxx.xxx║SiteOP:xxxxxxxx║█▓░▓║
 ║▓░▓█║ PolyFuse           ║xHQ║Tx║xxGiG║xxx.xxx.xxx.xxx║SiteOP:xxxxxxxx║█▓░▓║
 ║▓░▓█║ Crawling Chaos     ║xHQ║Tx║xxGiG║xxx.xxx.xxx.xxx║SiteOP:xxxxxxxx║█▓░▓║
 ║▓░▓█║ ReHab              ║xHQ║Tx║xxGiG║xxx.xxx.xxx.xxx║SiteOP:xxxxxxxx║█▓░▓║
 ║▓░▓█║ Metropolis         ║xHQ║Tx║xxGiG║xxx.xxx.xxx.xxx║SiteOP:xxxxxxxx║█▓░▓║
 ║▓░▓█╚════════════════════╩═══╩══╩═════╩═══════════════╩═══════════════╝█▓░▓║
 ╚╗░▓█████████████████████████████████████████████████████████████████████▓░╔╝
  ║░▓▓▓▓▓▓▓▓▓▓▓▓▓▓▓▓▓▓▓▓▓▓▓▓▓▓▓▓▓▓▓▓▓▓▓▓▓▓▓▓▓▓▓▓▓▓▓▓▓▓▓▓▓▓▓▓▓▓▓▓▓▓▓▓▓▓▓▓▓▓▓░║
  ║░░░░░░░░░░░░░░░░░░░░░░░░░░░░░░░░░░░░░░░░░░░░░░░░░░░░░░░░░░░░░░░░░░░░░░░░░║
 ╔╩══════════════════════╦═══════════════════════════╦══════════════════════╩╗
 ║ Artwork: [Mr--Happy]  │  Updated On:  [09.24.98]  │ Layout:  [Mr--Happy]  ║
 ╚═══════╦═══════════════╩═══════════════════════════╩═══════════════╦═══════╝
 ░▓██████║                E∙V∙i∙L∙i∙S∙O  -  Total EViL               ║██████▓░
 ░▓█╔════╩═══════════════════════════════════════════════════════════╩════╗█▓░
 ░▓█║                                                                     ║█▓░
 ░▓█║                         Wanna be EViLiSO?                           ║█▓░
 ░▓█║                                                                     ║█▓░
 ░▓█║            If you have T3+ access with space, have access           ║█▓░
 ░▓█║           to unreleased software, work for an ISP, or have          ║█▓░
 ░▓█║               other useful talents, contact a member.               ║█▓░
 ░▓█╚╗                                                                   ╔╝█▓░
 ░▓██╚═══════════════════════════════════════════════════════════════════╝██▓░
   █████████████████████████████████████████████████████████████████████████
   
 
 ▄▄▄▄▄▄▄▄▄▄▄▄▄▄ ▄▄▄▄      ▄▄▄▄ ▄▄▄▄▄  ▄▄▄▄▄          ▄▄▄▄▄    ▄▄▄▄▄▄   ▄▄▄▄▄▄
 ▐████▀▀▀▀██▓▒▌ ▐███▌    ▐███░▐████░▌ ▐████▀        ▐████░▌  ██████▐▌ ██████▐▌
 █████ ░   ▀▀▌░ ▐███░    ▐███▌ ▀▀▀▀▀  █████ ░        ▀▀▀▀▀  ▐▐█▒▀ ██ ▐▐█▒▀  ██ 
 ▐████▒░         ████▒   ████         ▐████▒░               ▐▐█▒     ▐▐█▒▀  ██▌ 
 ▐████▓░         ████░   ███▓ ▄█████▄ ▐████▓░       ▄█████▄  ███▓    ▐▐▒▀   ▐█▌ 
 ▐█████████░     ▐███▒  ▐███░ ▐█████▌ ▐▐████        ▐█████▌  ▐███▌▄  ▐▐▒▀   ▐█▌ 
 ▐████▌▀▀▀▓░     ▐███▌  ▐▐██▌  █████  ▐▐███▌▀        █████    ▀████▌ ▐▐▒▀   ▐█▌ 
 ▐████▌▒  ▀       ████▒ ▐▐██   ███▒▐  ▐▐███▌▒        ███▒▐      ▀███ ▐▐▒▀   ▐█▌ 
 ▐▓███▌▒          ████░ ▌██▓   ███▒▐  ▐▓███▌▒        ███▒▐       ▐██▌▐▐█▒▀  ██▌ 
 ▐▓███▓░  ▄▄▄░    ▐▓███████▌   ███▒▐  ▐▓███▓░  ▄▄▄░  ███▒▐  ██▄ ▄███ ▐▐█▒▀ ▐██ 
 ▐▓██████████▌    ▐▓███████▌  ▐█████▌ ▐▓██████████▌ ▐█████▌  █████▐▌  █████▐█▌ 
 ▐▀▀▀▀▀▀▀▀▀▀██     ▀▀▀▀▀▀▀▀   ▀▀▀▀▀▀▀ ▐▀▀▀▀▀▀▀▀▀▀██ ▀▀▀▀▀▀▀   ▀▀▀▀▀    ▀▀▀▀▀▀
