ÔĽŅ  ‚Ėí                                        ‚Ėď                             ‚ĖĎ      
  ‚Ėď     S A P H i R E . . .                ‚Ėą                             ‚Ėí      
  ‚Ėą                                  ‚ĖĎ ‚ĖĎ‚Ėí‚Ėď‚Ėą ‚Ėą‚Ėď‚Ėí‚ĖĎ ‚ĖĄ‚Ėą‚ĖĄ                     ‚Ėď      
‚Ėď‚Ėą ‚Ėą‚Ėď‚Ėí‚ĖĄ‚Ėď‚Ėą‚Ėą‚Ėď‚ĖĄ                 ‚ĖĄ‚Ėą‚Ėą‚Ėą‚Ėď‚ĖĄ    ‚Ėą‚Ėą  ‚Ėą     ‚Ėď‚Ėą‚Ėą        ‚Ėí‚Ėą‚Ėą‚Ėď         ‚Ėą      
  ‚Ėą  ‚Ėą‚Ėą‚Ėą‚Ėą‚Ėą‚Ėą‚Ėą‚Ėą    ‚ĖĎ‚Ėą‚Ėą‚Ėą‚Ėą‚Ėď‚Ėí    ‚Ėą‚Ėą‚Ėą‚Ėą‚Ėą‚Ėą‚Ėą‚Ėą  ‚Ėą‚Ėą‚Ėą‚Ėí ‚Ėď     ‚ĖÄ‚Ėď‚ĖÄ    ‚Ėą‚Ėď ‚ĖĎ‚Ėą‚Ėą‚Ėą‚Ėą‚Ėď  ‚ĖĎ ‚ĖĎ‚Ėí‚Ėď‚Ėą ‚Ėą‚Ėď‚Ėí‚ĖĎ ‚ĖĎ
  ‚Ėď ‚Ėď‚Ėą‚Ėą‚Ėą‚ĖĎ ‚Ėą‚Ėą‚Ėą‚Ėą  ‚Ėą‚Ėą‚Ėą‚Ėď‚Ėą‚Ėą‚Ėą‚Ėą‚Ėą  ‚Ėą‚Ėą‚Ėą‚Ėą‚Ėď‚ĖĎ‚Ėď‚Ėą‚Ėą‚Ėí ‚Ėď‚Ėą‚Ėą‚Ėą ‚Ėí           ‚Ėď‚Ėą‚Ėą‚Ėą‚Ėą‚Ėą‚Ėą‚Ėą‚Ėď         ‚Ėą      
  ‚Ėí ‚Ėą‚Ėą‚Ėď    ‚ĖĎ‚Ėą‚Ėď  ‚Ėą‚Ėą  ‚Ėď‚Ėí‚Ėą‚Ėą‚Ėą‚Ėą  ‚Ėď‚Ėą‚Ėą‚Ėď  ‚Ėą‚Ėą‚Ėą ‚Ėí‚Ėą‚Ėą‚Ėą ‚ĖĎ      ‚ĖĄ    ‚Ėą‚Ėą‚Ėą‚Ėą‚Ėą‚Ėď  ‚ĖĄ‚ĖĄ‚Ėą‚Ėą‚Ėą‚Ėď‚ĖĄ   ‚Ėď      
  ‚ĖĎ ‚Ėď‚Ėą‚Ėą‚Ėď‚Ėí              ‚Ėí‚Ėą‚Ėą‚Ėą ‚Ėí‚Ėą‚Ėą‚ĖĎ  ‚Ėą‚Ėą‚Ėą ‚ĖĎ‚Ėą‚Ėą‚Ėą‚ĖĄ‚Ėď‚Ėą‚Ėą‚Ėí  ‚Ėą‚Ėą‚Ėą  ‚Ėď‚Ėą‚Ėą‚Ėą‚Ėą   ‚Ėą‚Ėą‚Ėą‚Ėą‚Ėą‚Ėą‚Ėą‚Ėą‚Ėą  ‚Ėí      
     ‚Ėą‚Ėą‚Ėą‚Ėą‚Ėą‚Ėą‚Ėą‚Ėď‚Ėí         ‚ĖĎ‚Ėą‚Ėą‚Ėą ‚Ėí‚Ėą‚Ėą  ‚Ėą‚Ėą‚Ėą‚Ėą ‚Ėď‚Ėą‚Ėą‚Ėą‚Ėą‚Ėą‚Ėą‚Ėą‚Ėą‚Ėą ‚Ėď‚Ėą‚Ėą‚Ėą ‚Ėď‚Ėą‚Ėą‚Ėą‚Ėď  ‚Ėí‚Ėą‚Ėą‚Ėď‚Ėí  ‚Ėď‚Ėą‚Ėą‚Ėą ‚ĖĎ      
      ‚ĖÄ‚ĖÄ‚Ėď‚Ėą‚Ėą‚Ėą‚Ėą‚Ėą‚Ėď   ‚Ėą‚Ėą‚Ėą‚Ėą‚Ėą‚Ėą‚Ėą‚Ėą‚Ėą ‚Ėď‚Ėą‚Ėą‚ĖĄ‚Ėą‚Ėą‚Ėą‚Ėą  ‚Ėą‚Ėą‚Ėą‚Ėą‚Ėď‚Ėď‚Ėą‚Ėą‚Ėą‚Ėď  ‚Ėí‚Ėą‚Ėą ‚Ėí‚Ėą‚Ėą‚Ėą‚ĖĎ  ‚Ėď‚Ėą‚Ėą‚Ėí   ‚ĖĎ‚Ėą‚Ėą‚Ėą        
         ‚ĖĎ‚Ėď‚Ėď‚Ėą‚Ėą‚Ėą  ‚Ėď‚Ėą‚Ėą ‚ĖĎ‚Ėí‚Ėď‚Ėą‚Ėą‚Ėď ‚Ėą‚Ėą‚Ėą‚Ėą‚Ėą‚Ėí‚Ėą   ‚Ėą‚Ėą‚Ėą‚Ėą‚ĖĎ‚ĖĎ‚Ėď‚Ėą‚Ėą‚Ėą‚Ėí ‚Ėą‚Ėą‚Ėą  ‚Ėď‚Ėą‚Ėą  ‚Ėď‚Ėą‚Ėą‚Ėą‚ĖĎ   ‚Ėą‚Ėą‚Ėą‚Ėď ‚ĖĎ      
 ‚ĖĎ         ‚Ėď‚Ėą‚Ėą‚Ėą‚ĖĆ ‚Ėą‚Ėą    ‚Ėą‚Ėą‚Ėą‚Ėí ‚Ėą‚Ėą‚Ėą‚Ėď‚Ėď     ‚ĖĎ‚Ėą‚Ėą‚ĖĎ   ‚Ėą‚Ėą‚Ėą‚Ėą ‚Ėą‚Ėą‚Ėą‚Ėí ‚Ėą‚Ėą‚Ėą‚ĖĎ ‚Ėď‚Ėą‚Ėą‚Ėą‚Ėą‚Ėą‚Ėą‚Ėą‚Ėą‚Ėď‚Ėí         
 ‚ĖĎ‚ĖĎ  ‚Ėď‚Ėą‚ĖĎ    ‚Ėą‚Ėą‚Ėą‚ĖĆ ‚Ėą‚Ėą‚ĖĎ ‚Ėď‚Ėą‚Ėą‚Ėą‚Ėą  ‚Ėą‚Ėą‚Ėą‚Ėí      ‚ĖĎ‚Ėą‚Ėą‚Ėą   ‚Ėď‚Ėą‚Ėą‚Ėą ‚Ėą‚Ėą‚Ėą‚Ėď ‚Ėą‚Ėą‚Ėą‚Ėí  ‚Ėą‚Ėą‚Ėą‚Ėí               
 ‚ĖĎ‚ĖĎ ‚Ėď‚Ėą‚Ėą‚Ėą‚Ėď‚ĖĎ‚ĖĄ‚Ėą‚Ėą‚Ėą‚Ėí  ‚Ėď‚Ėą‚Ėą‚Ėą‚Ėą‚Ėą‚Ėą‚Ėí   ‚Ėď‚Ėą‚Ėą       ‚Ėí‚Ėą‚Ėą‚Ėď   ‚Ėą‚Ėą‚Ėą‚Ėí ‚Ėď‚Ėą‚Ėą‚Ėą ‚Ėď‚Ėą‚Ėą‚Ėí  ‚Ėď‚Ėą‚Ėą‚Ėą‚Ėď‚Ėí  ‚Ėí‚Ėą‚ĖĄ        
 ‚ĖĎ‚Ėí‚ĖĄ ‚Ėą‚Ėą‚Ėą‚Ėą‚Ėą‚Ėą‚Ėą‚Ėą‚Ėą‚ĖĎ   ‚Ėą‚Ėď‚Ėą‚Ėą‚Ėą‚Ėď    ‚Ėí‚Ėą‚Ėą‚Ėą      ‚Ėď‚Ėą‚Ėą‚Ėí   ‚Ėď‚Ėą‚Ėą‚Ėí ‚Ėí‚Ėą‚Ėą‚Ėď ‚Ėí‚Ėą‚Ėą‚Ėą   ‚Ėí‚Ėą‚Ėą‚Ėą‚Ėą‚Ėą‚Ėą‚Ėą‚Ėą‚Ėď‚Ėď‚ĖĎ ‚ĖĎ ‚ĖĎ  
 ‚Ėí‚Ėď‚Ėď‚ĖĄ ‚ĖÄ‚ĖĎ‚Ėą‚Ėą‚Ėď‚ĖÄ‚ĖÄ      ‚ĖÄ‚ĖÄ‚ĖÄ       ‚Ėí‚Ėą‚Ėď      ‚ĖÄ‚Ėď‚Ėą‚ĖÄ   ‚ĖÄ‚Ėą‚Ėď‚ĖÄ ‚ĖÄ‚Ėą‚Ėą   ‚ĖÄ‚Ėą‚Ėí     ‚Ėď‚Ėą‚Ėą‚Ėą‚Ėą‚Ėď          
 ‚Ėď‚Ėą‚Ėą‚Ėď ‚ĖĎ                                                               ‚Ėí         
 ‚Ėą‚Ėą‚Ėą‚Ėď      PRESENTS: Fat.Girls.LIMITED.DVDRip.XviD-SAPHiRE 
 ‚Ėą‚Ėą‚Ėą‚Ėí ‚ĖĎ                                                               ‚ĖĎ
 ‚Ėą‚Ėą‚Ėą‚Ėą                                                                 ‚ĖĎ
 ‚Ėą‚Ėą‚Ėą‚Ėą    MOViE iNFORMATiON
 ‚Ėą‚Ėą‚Ėą‚Ėą
 ‚Ėą‚Ėą‚Ėą‚ĖÄ      [ THEATER DATE....: Nov 02, 2007 (2 screens)            ]
 ‚Ėą‚Ėą‚Ėą‚Ėą      [ RELEASE DATE....: Feb 12, 2008                        ]
 ‚Ėą‚Ėą‚Ėą‚Ėą      [ STORE DATE......: Feb 12, 2008                        ]
 ‚Ėą‚Ėą‚Ėą‚Ėą‚ĖĎ     [ GENRE...........: Comedy                              ]
 ‚Ėą‚Ėą‚Ėą‚Ėą      [ RUNTiME.........: 1:22:47                             ]
 ‚ĖÄ‚Ėą‚Ėą‚Ėą      [ iMDB RATiNG.....: 6.3/10 (121 votes)                  ]      
 ‚Ėą‚Ėą‚Ėą‚Ėą‚ĖĎ
 ‚ĖÄ‚Ėą‚Ėą‚Ėą‚ĖĎ     [ ViDEO BiTRATE...: 1020 kbps XviD at 23.976 FPS        ]
 ‚Ėą‚Ėą‚Ėą‚Ėą‚Ėí     [ AUDiO BiTRATE...: 155 kbps stereo MP3                 ]
 ‚Ėą‚Ėą‚Ėą‚Ėą‚Ėí     [ ASPECT RATiO....: 1.78:1                              ]
 ‚Ėą‚Ėą‚Ėą‚Ėą‚Ėď     [ RESOLUTiON......: 624x352                             ]
 ‚Ėą‚Ėą‚Ėą‚Ėą‚Ėď     [ ARCHiVES........: sph-fatgirls.rar = 49x15 MB         ]
 ‚Ėď‚Ėą‚Ėą‚Ėą‚Ėą     [ AVi SiZE........: 700 MB                              ]
 ‚Ėď‚Ėą‚Ėą‚Ėą‚Ėą     [ SUBTiTLES.......: none                                ]
 ‚Ėí‚Ėą‚Ėą‚Ėą‚Ėą‚Ėď
 ‚ĖĎ‚Ėą‚Ėą‚Ėą‚Ėą‚Ėą‚Ėí     MORE iNFORMATiON @ http://www.imdb.com/title/tt0439179/
  ‚Ėď‚Ėą‚Ėą‚Ėą‚Ėą‚Ėď‚Ėí‚ĖĎ   
   ‚Ėí‚Ėą‚Ėą‚Ėą‚Ėą‚Ėą‚Ėď‚ĖĄ‚ĖĄ
    ‚Ėí‚Ėď‚Ėą‚Ėą‚Ėą‚Ėą‚Ėą‚Ėą‚Ėą‚Ėą‚Ėą‚Ėą‚Ėą‚Ėą‚Ėą‚Ėą‚Ėą‚Ėą‚Ėą‚Ėą‚Ėą‚Ėą‚ĖĄ‚Ėą‚ĖĄ‚Ėą‚Ėą‚Ėą‚Ėą‚Ėą‚Ėą‚Ėą‚Ėą‚Ėą‚Ėą‚Ėą‚Ėą‚Ėą‚Ėą‚Ėą‚Ėą‚Ėą‚Ėą‚Ėą‚ĖĄ‚Ėą‚Ėą‚Ėą‚Ėą‚Ėą‚Ėą‚Ėą‚Ėą‚Ėą‚Ėą‚Ėą‚Ėą‚Ėą‚Ėď‚Ėď‚Ėą‚Ėą‚Ėą‚Ėą‚Ėą‚Ėą‚Ėą‚Ėą‚Ėą‚Ėą‚Ėď‚Ėď‚Ėí‚ĖĎ ‚ĖĎ
     ‚ĖÄ‚Ėď‚Ėą‚Ėą‚Ėą‚Ėą‚Ėą‚Ėą‚Ėą‚Ėą‚Ėą‚Ėą‚Ėą‚Ėą‚Ėą‚Ėą‚Ėą‚Ėą‚Ėą‚Ėą‚Ėą‚Ėą‚Ėą‚Ėą‚Ėą‚Ėą‚Ėą‚Ėą‚Ėą‚Ėą‚Ėą‚Ėą‚Ėą‚Ėą‚Ėą‚Ėą‚Ėą‚Ėą‚Ėą‚Ėą‚Ėą‚Ėą‚Ėą‚Ėą‚Ėą‚Ėą‚Ėą‚Ėą‚Ėą‚Ėą‚Ėą‚Ėą‚Ėą‚Ėą‚Ėą‚Ėą‚Ėą‚Ėą‚Ėą‚Ėą‚Ėą‚Ėą‚Ėą‚Ėą‚Ėą‚Ėą‚Ėą‚Ėą‚Ėď‚Ėí‚Ėí‚ĖĎ ‚ĖĎ 
       ‚ĖÄ‚Ėď‚Ėą‚Ėą‚Ėą‚Ėą‚Ėą‚Ėą‚Ėą‚Ėą‚Ėą‚Ėą‚Ėą‚ĖÄ‚Ėą‚Ėą‚Ėą‚Ėą‚Ėą‚Ėą‚Ėą‚Ėą‚Ėą‚Ėą‚Ėą‚Ėą‚Ėą‚Ėą‚Ėą‚Ėą‚Ėą‚Ėą‚Ėą‚Ėą‚Ėą‚Ėą‚Ėą‚ĖÄ‚Ėą‚Ėą‚Ėą‚Ėą‚Ėą‚Ėą‚Ėą‚Ėą‚Ėą‚Ėą‚Ėą‚Ėą‚Ėą‚Ėą‚Ėą‚Ėą‚Ėą‚Ėď‚Ėą‚Ėą‚Ėą‚Ėą‚Ėą‚Ėą‚Ėą‚Ėą‚Ėą‚Ėď‚Ėď‚Ėí‚ĖĎ ‚ĖĎ  
                                              ASCii PROUDLY DONE BY: fumita
