 ▒    ▒     ▒     ▒     ▒      ▒     ▒        ▒   ▒        ▒     ▒    ▒     ▒  ▒
 ▄▄▄▄▄▄▄▄▄   ▄▄    ▄▄▄▄▄▄▄▄▄▄▄ ▒  ▄▄▄  ▒  ▄▄▄    ▄▄  ▒ ▄▄▄▄▄▄▄▄▄▄  ▒ ▄▄▄▄▄▄▄▄▄▄
░▒▓████████ ░▒▓█  ░▒▓██████████  ░▒▓██   █████  ░▒▓█  ░▒▓█████████  ░▒▓█████████
▒░▒▓███████ ▒░▒▓  ▒░▒▓█████████  ▒░▒▓█  ▒█████  ▒░▒▓  ▒░▒▓████████  ▒░▒▓████████
▓▒░▒▓██████ ▓▒░▒ ▒▓▒░▒▓████████  ▓▒░▒▓   █████▒ ▓▒░▒ ▒▓▒░▒▓███████ ▒▓▒░▒▓███████
█▓▒░▒▓█████ █▓▒░  █▓▒░▒▓███████▒ █▓▒░▒ ▒ █████  █▓▒░  █▓▒░▒▓██████  █▓▒░▒▓██████
 ▀▀▒░▒▓█▀▀   ▀▀   ██▓▒░   █████  ██▓▒░   █████▒  ▀▀   ██▓▒░▀▀▀▀▀▀▒  ██▓▒░  █████
 ▒ ▓▒░▒▓    ░▒▓█ ▒███▓▒  ▒█████  ███▓▒   █████  ░▒▓█▒ ███▓▒         ███▓▒  ▓████
▒  █▓▒░▒  ▒ ▒░▒▓  ████▓   ▓████  ████▓▒░▒▓████  ▒░▒▓  ████▓▒░▒▓██▄ ▒████▓  ▒▓███
   ██▓▒░    ▓▒░▒  █████ ▒ ▒▓███   ▀▀▀▀▀▀▀▒▓███  ▓▒░▒   ▀▀▀▀▀▀░▒▓██  █████▒ ░▒▓██
▒  ███▓▒  ▒ █▓▒░▒ █████   ░▒▓██ ▒   ▒    ░▒▓██  █▓▒░ ▒  ▒ ▒  ▒░▒▓█  █████  ▒░▒▓█
 ▒▒████▓ ▒▒ ██▓▒  █████   ▒░▒▓█  ▄██████▓▒░▒▓█  ██▓▒  ▄██████▓▒░▒▓ ▒███████▓▒░▒▓
   █████    ███▓  █████ ▒ ▓▒░▒▓  ████████▓▒░▒▓  ███▓  ████████▓▒░▒  ████████▓▒░▒
 ▒ █████ ▒  ████  █████   █▓▒░▒ ▒█████████▓▒░▒  ████  █████████▓▒░▒ █████████▓▒░
   █████    ████  █████   ██▓▒░  ██████████▓▒░  ████  ██████████▓▒  ██████████▓▒
 ▒  ▀▀▀      ▀▀    ▀▀▀     ▀▀▀    ▀▀▀▀▀▀▀▀▀▀▀ ▒  ▀▀ ▒  ▀▀▀▀▀▀▀▀▀▀    ▀▀▀▀▀▀▀▀▀▀
   ▒                                  ▒               ▒   ▒       ▒          ▒
          ▒                    ▒                ▒                       ▒
      ▒     ▒        ▒      -=- Proudly Presents -=-      ▒         ▒          ▒
                                                        ▒
              Star Trek: D.A.C. (c)  Paramount Digital Entertainment

▄███▓▒░▒▓█████████▓▒░▒▓██████████▓▒░▒▓█████████▓▒░▒▓████████▓▒░▒▓███████▓▒░▒▓██▄
█████▓▒░▒▓█████████▓▒░▒▓██████████▓▒░▒▓█████████▓▒░▒▓████████▓▒░▒▓███████▓▒░▒▓██
▀█████▓▒░▒▓█████████▓▒░▒▓██████████▓▒░▒▓█████████▓▒░▒▓████████▓▒░▒▓███████▓▒░▒▀

   Release On   : 14 November 2009          Disk Amount/Format : 1 CD ISO
   Type of Game : Action                    Media Protection   : Steam
   
▄███▓▒░▒▓█████████▓▒░▒▓██████████▓▒░▒▓█████████▓▒░▒▓████████▓▒░▒▓███████▓▒░▒▓██▄
█████▓▒░▒▓█████████▓▒░▒▓██████████▓▒░▒▓█████████▓▒░▒▓████████▓▒░▒▓███████▓▒░▒▓██
▀█████▓▒░▒▓█████████▓▒░▒▓██████████▓▒░▒▓█████████▓▒░▒▓████████▓▒░▒▓███████▓▒░▒▀
   
   Release Information:

   Star Trek«: D-A-C is a fast-paced, top-down space shooter inspired by the
   new motion picture. This pick-up and play game allows you and your friends
   to choose from five classes of starships (including the all-new U.S.S. 
   Enterprise flagship class) and battle it out online! Command the large and
   durable Flagship, the nimble Fighter, the devastating Bomber, the
   indispensable Support Frigate, or obliterate hostiles with the powerful
   Missile Cruiser. Each ship class has their own unique strengths and
   capabilities. But be careful, as each of these classes also have their 
   weaknesses, and only the best commanders will be able to minimize these 
   shortcomings. Enlist in Starfleet or join the Romulan Empire as you battle
   with up to 11 friends. Engage the enemy in unique game play modes,
   including: Online Versus, Online Co-op, and Survival mode, a single player
   experience that pits the player against wave after wave of Romulan enemies
   and features exciting new Super Special Pickups, unique enemy ship classes,
   and more. Choose your side, fire your weapons, boldly go!

   12 player multiplayer û Featuring 4 gameplay modes and detailed Stat
   Tracking: Survival Mode, Death-match, Assault, Conquest
 
   Play against the computer alone or cooperatively with friends
 
   Variety of Powerups & Special Pickups 

   Five ship classes, Support Frigate, Missile Cruiser, Fighter, Bomber,
   and Flagship
 
   New user-customizable match settings 

   Improved graphics, animations and controls
  
▄███▓▒░▒▓█████████▓▒░▒▓██████████▓▒░▒▓█████████▓▒░▒▓████████▓▒░▒▓███████▓▒░▒▓██▄
█████▓▒░▒▓█████████▓▒░▒▓██████████▓▒░▒▓█████████▓▒░▒▓████████▓▒░▒▓███████▓▒░▒▓██
▀█████▓▒░▒▓█████████▓▒░▒▓██████████▓▒░▒▓█████████▓▒░▒▓████████▓▒░▒▓███████▓▒░▒▀

   Burn/mount, install, copy Crack from TiNYiSO dir on cd to where u have the
   game installed, then play

   Greetz: LARGEiSO and MEDIUMiSO

▄███▓▒░▒▓█████████▓▒░▒▓██████████▓▒░▒▓█████████▓▒░▒▓████████▓▒░▒▓███████▓▒░▒▓██▄
█████▓▒░▒▓█████████▓▒░▒▓██████████▓▒░▒▓█████████▓▒░▒▓████████▓▒░▒▓███████▓▒░▒▓██
▀█████▓▒░▒▓█████████▓▒░▒▓██████████▓▒░▒▓█████████▓▒░▒▓████████▓▒░▒▓███████▓▒░▒▀
                                                                     (C) E/dfs
                            " SIZE DOES NOT MATTER!
