ÔĽŅ                             ‚ĖĎ    ‚Ėď    ‚Ė†‚ĖĄ
     ‚Ė†‚ĖÄ‚Ėą‚ĖĄ‚ĖĄ     -Battery        -      ‚ĖĄ‚ĖĄ ‚Ė†    ‚ĖĎ
       ‚Ėź‚Ėą‚Ėą‚Ėą‚ĖĄ             ‚Ėď     ‚Ėą‚Ėą‚Ėą‚ĖÄ ‚ĖĄ‚Ėą‚Ėą‚Ėď    ‚Ė† ‚Ėď
        ‚Ėą‚Ėą‚Ėą‚Ėď‚ĖĆ     ‚ĖĄ‚ĖÄ     ‚Ė† ‚ĖĎ   ‚Ėď‚Ėą‚Ėą‚ĖÄ ‚ĖÄ‚ĖÄ‚ĖÄ‚ĖÄ ‚ĖĄ‚ĖĄ‚ĖĄ‚ĖĄ ‚ĖĄ‚ĖĄ ‚ĖĄ        ‚Ė†‚ĖÄ ‚ĖĎ
        ‚Ėź‚Ėą‚Ėą‚Ėą‚Ėď    ‚ĖÄ‚ĖÄ‚Ėą‚ĖÄ‚ĖĄ‚ĖĄ‚ĖĄ‚ĖĄ‚ĖĄ‚ĖÄ‚ĖĄ‚ĖĄ‚ĖĄ‚ĖĄ‚ĖĄ‚ĖĄ‚ĖĄ‚ĖĄ‚ĖÄ‚ĖÄ‚ĖÄ‚ĖÄ‚ĖÄ‚ĖÄ   ‚ĖĎ‚ĖÄ             ,      ‚Ė†‚ĖĄ
         ‚Ėą‚Ėą‚Ėą‚Ėď                  ‚ĖĄ‚ĖĄ‚ĖĄ  ‚Ėź‚Ėą‚Ėą‚Ėď             ‚ĖĄ‚Ėą‚Ėą‚Ėą‚Ėą‚ĖĄ ‚Ėď      ‚Ėź‚ĖĆ
         ‚Ėź‚Ėą‚Ėą‚ĖĆ‚ĖĄ‚Ėą‚ĖĄ    ‚ĖĄ‚Ėą‚ĖĄ‚ĖÄ‚Ėą‚Ėą‚Ėď‚ĖĄ   ‚Ėą‚Ėą‚Ėď‚ĖĆ ‚Ėą‚Ėą‚Ėą‚Ėą  ‚ĖĄ‚Ėą‚Ėą‚ĖÄ‚ĖĄ‚Ėą‚ĖĄ   ‚Ėď‚Ėą‚Ėą‚ĖĆ‚ĖÄ‚Ėą‚Ėą‚ĖĆ ‚Ėą‚ĖĄ     ‚Ėď
         ‚Ėą‚Ėą‚Ėą‚ĖĆ ‚Ėą‚Ėą‚Ėď  ‚Ėą‚Ėą‚Ėą  ‚Ėź‚Ėą‚Ėą‚Ėď‚ĖĆ  ‚Ėź‚Ėą‚Ėą‚Ėď ‚Ėą‚Ėą‚Ėą‚ĖĆ ‚Ėą‚Ėą‚Ėą‚ĖĆ  ‚Ėą‚Ėą‚Ėď ‚Ėź‚Ėď‚Ėą‚Ėą  ‚Ėą‚Ėď‚ĖĆ  ‚Ėą‚ĖĆ   ‚Ėź‚ĖĆ
        ‚Ėź‚Ėą‚Ėą‚Ėą  ‚Ėź‚Ėą‚Ėą‚Ėď‚Ėź‚Ėą‚Ėą‚ĖĆ   ‚Ėą‚Ėą‚Ėď‚Ėď  ‚Ėź‚Ėą‚Ėą‚Ėď ‚Ėą‚Ėą‚Ėď‚ĖĆ‚Ėź‚Ėą‚Ėą‚Ėą   ‚Ėź‚Ėą‚Ėď‚ĖĆ‚Ėď‚Ėą‚Ėą‚ĖĆ ‚ĖÄ‚Ėą‚ĖÄ    ‚Ėą‚ĖĄ  ‚Ėą
  ‚Ėź     ‚Ėź‚Ėą‚Ėą‚ĖĆ  ‚Ėź‚Ėą‚Ėď‚ĖĆ‚Ėź‚Ėą‚Ėą‚ĖĆ  ‚Ėź‚Ėą‚Ėą‚Ėď‚ĖĆ  ‚Ėź‚Ėą‚Ėą‚Ėą ‚Ėą‚Ėą‚Ėą‚Ėď‚Ėź‚Ėą‚Ėą‚Ėą‚ĖĆ ‚ĖĄ‚Ėą‚Ėą‚ĖÄ ‚Ėď‚Ėą‚Ėą ‚ĖÄ‚ĖĄ   ‚Ėź   ‚Ėą‚Ėď‚Ėź‚ĖĆ
        ‚Ėą‚Ėą‚Ėą‚ĖĆ  ‚Ėą‚Ėą‚Ėą‚ĖĆ‚Ėź‚Ėą‚Ėą‚Ėą  ‚Ėą‚Ėą‚Ėą‚Ėą ‚ĖĆ ‚Ėą‚Ėą‚Ėď‚ĖĆ ‚Ėą‚Ėą‚Ėą‚Ėď‚Ėź‚Ėą‚Ėą‚Ėą‚Ėą    ‚ĖĄ ‚Ėą‚Ėď‚Ėą‚ĖĆ  ‚Ėą‚ĖĄ ‚ĖĄ   ‚Ėź‚Ėď‚Ėą
  ‚Ėď     ‚Ėź‚Ėą‚Ėą‚Ėą ‚ĖĄ‚Ėą‚Ėą‚ĖÄ  ‚ĖÄ‚Ėą‚Ėą‚ĖĆ‚ĖĄ‚Ėą‚Ėą‚Ėą‚Ėą‚Ėą‚ĖĆ ‚Ėą‚Ėą‚Ėą  ‚Ėź‚Ėą‚Ėą‚Ėą ‚ĖÄ‚Ėą‚Ėą‚Ėą‚ĖĄ ‚ĖĄ‚Ėą‚Ėą‚ĖÄ‚Ėź‚Ėą‚Ėą‚Ėą  ‚Ėź‚Ėą‚Ėą‚Ėď‚ĖĆ  ‚Ėą‚ĖÄ
 ‚Ėą ‚ĖĆ     ‚ĖÄ‚Ėą‚Ėą‚ĖÄ            ‚ĖÄ‚ĖÄ‚ĖÄ‚ĖÄ ‚ĖĄ‚Ėą‚ĖÄ    ‚ĖÄ‚Ėď‚Ėą‚ĖĄ  ‚ĖÄ‚ĖÄ‚ĖÄ‚ĖÄ     ‚ĖÄ‚Ėą‚Ėą‚Ėą‚ĖĄ ‚ĖÄ‚ĖÄ‚ĖÄ  ‚ĖĄ
  ‚ĖÄ ‚ĖÄ‚ĖÄ‚ĖÄ‚ĖĄ‚ĖĄ‚ĖĄ‚ĖĄ‚ĖĄ‚ĖĄ‚ĖĄ‚ĖĄ‚ĖĄ‚ĖĄ‚ĖĄ‚ĖĄ‚ĖĄ‚ĖĄ‚ĖĄ‚ĖĄ‚ĖĄ‚ĖĄ‚ĖĄ‚ĖĄ‚ĖĄ ‚Ė†  ‚ĖĄ‚ĖĄ‚ĖĄ‚ĖĄ‚ĖĄ‚ĖĄ‚ĖĄ‚ĖĄ ‚ĖÄ ‚ĖĄ‚ĖĄ‚ĖĄ‚ĖĄ‚ĖĄ‚ĖĄ‚ĖĄ‚ĖĄ‚ĖĄ‚ĖĄ   ‚ĖÄ ‚ĖĄ ‚Ėą ‚ĖÄ ‚ĖĄ‚ĖĄ‚ĖĄ‚ĖĄ    ‚ĖĄ
 ‚Ė†                            ‚Ėď                      ‚ĖĄ‚Ėď‚ĖÄ‚ĖÄ           ‚ĖÄ‚ĖÄ‚ĖÄ‚Ėź ‚Ėą ‚ĖĄ
   ‚ĖÄ‚Ėď‚ĖĄ     ‚Ėď‚Ėą‚ĖÄ‚Ėą ‚Ėď‚Ėą‚ĖÄ‚Ėą ‚Ėď‚Ėą‚ĖÄ‚Ėą ‚Ėď‚Ėą‚ĖĄ‚ĖĄ ‚ĖÄ‚Ėź‚ĖÄ‚Ėą ‚Ėď‚Ėą‚ĖÄ‚ĖĄ ‚Ėď‚Ėą‚ĖĄ ‚Ėď‚Ėą‚ĖĄ‚ĖĄ ‚ĖĄ ‚ĖÄ‚ĖĄ‚ĖĄ     bumax[BAFH] ‚Ėí
  ‚ĖĄ ‚ĖÄ‚ĖÄ‚Ėą‚ĖĄ   ‚Ėą‚Ėą‚ĖÄ‚ĖÄ ‚Ėą‚Ėą   ‚Ėą‚Ėą‚ĖĄ‚ĖĄ ‚ĖĄ‚ĖĄ‚ĖĄ‚Ėą ‚Ėą‚Ėą‚ĖĄ‚ĖĄ ‚Ėą‚Ėą ‚Ėą ‚Ėą‚Ėą  ‚ĖĄ‚ĖĄ‚ĖĄ‚Ėą ‚ĖĄ    ‚ĖÄ‚ĖÄ‚ĖÄ‚Ėď‚ĖĄ‚ĖĄ
     ‚ĖĄ‚ĖĄ‚ĖĄ‚ĖÄ     ‚ĖĄ‚ĖĄ‚ĖĄ‚ĖĄ‚ĖĄ‚ĖĄ‚ĖĄ‚ĖĄ‚ĖĄ     ‚ĖĄ‚ĖĄ‚ĖĄ‚ĖĄ‚ĖĄ‚ĖĄ‚ĖĄ‚ĖĄ‚ĖĄ‚ĖĄ‚ĖĄ‚ĖÄ‚ĖĄ‚ĖĄ‚ĖĄ‚ĖĄ‚ĖĄ‚ĖĄ‚ĖĄ‚ĖĄ‚ĖĄ‚ĖĄ‚ĖĄ  ‚Ė†       ‚ĖÄ          ‚ĖĆ
    ‚ĖÄ‚ĖĄ‚ĖĄ‚ĖĄ‚ĖĄ‚ĖĄ‚ĖĄ‚Ėď‚ĖÄ‚ĖÄ‚ĖÄ‚ĖÄ    ‚ĖÄ‚ĖÄ‚ĖÄ‚ĖÄ‚Ėą‚Ėą‚Ėą‚ĖĄ‚ĖĄ‚ĖĄ         ‚Ėď          ‚ĖĄ‚ĖĄ‚ĖÄ          ‚ĖÄ
                            ‚ĖÄ‚ĖÄ‚ĖÄ‚ĖÄ‚ĖÄ‚Ėą‚Ėą‚ĖĄ‚ĖĄ‚ĖĄ‚ĖĄ‚ĖĄ  ‚ĖĄ‚ĖĄ‚ĖĄ‚ĖĄ‚ĖÄ‚ĖÄ‚ĖÄ‚ĖÄ               ‚Ė†
   ‚Ė†                                  ‚Ėď‚ĖÄ‚ĖÄ‚ĖÄ
  ‚ĖÄ‚ĖĄ                                                              ‚ĖĆ
              Football Manager 2010 Update 10.1.0 Cracked
     ‚ĖÄ‚ĖÄ ‚ĖĄ‚ĖĄ‚ĖĄ‚ĖĄ                                                     ‚ĖĄ
  ‚Ė† ‚ĖĄ     ‚ĖÄ‚ĖÄ‚ĖÄ‚ĖÄ‚ĖÄ‚ĖÄ‚ĖÄ‚Ėą‚Ėą‚Ėą‚ĖĄ‚ĖĄ‚ĖĄ‚Ėí‚ĖĄ‚ĖĄ‚ĖĄ‚ĖĄ‚ĖĄ‚ĖĄ‚ĖĄ                              ‚ĖĄ‚ĖĄ‚ĖĎ‚ĖÄ
   ‚Ėź ‚Ėď                     ‚ĖÄ‚ĖÄ‚ĖÄ‚ĖÄ‚ĖÄ‚ĖÄ‚ĖÄ‚ĖÄ‚ĖÄ‚ĖÄ‚ĖÄ‚ĖÄ‚ĖÄ‚ĖÄ‚ĖÄ‚Ėď‚ĖĄ‚ĖĄ‚ĖĄ‚ĖĄ‚ĖĄ‚ĖĄ‚ĖĄ‚ĖĄ‚ĖĄ‚ĖĄ‚ĖĄ‚ĖĄ‚ĖĄ‚Ėą‚Ėą‚Ėą‚Ėą‚ĖÄ‚ĖÄ‚ĖÄ
    ‚Ėď
    ‚Ėź‚ĖĆ  Release Date: 06/11/2009        Protection: DVD Check   ‚ĖĆ
     ‚Ėą                                                          ‚Ėď
     ‚Ėď‚ĖĆ Cracked By..: BAT-TEAM          # of Files: few         ‚Ėź
     ‚Ėź‚ĖĆ                                                         ‚Ėź
  ‚ĖĄ‚ĖĄ‚ĖĄ ‚ĖĆ ‚ĖĄ‚ĖĄ‚ĖĄ‚ĖĄ‚ĖĄ‚ĖĄ‚ĖĄ‚ĖĄ‚ĖĄ‚ĖĄ‚ĖĄ‚ĖĄ‚ĖĄ‚ĖĄ‚ĖĄ‚ĖĄ‚ĖĄ‚ĖĄ‚ĖĄ‚ĖĄ‚ĖĄ‚ĖĄ‚ĖĄ‚ĖĄ‚ĖĄ‚ĖĄ‚ĖĄ‚ĖĄ‚ĖĄ‚ĖĄ‚ĖĄ‚ĖĄ‚ĖĄ‚ĖĄ‚ĖĄ‚ĖĄ‚ĖĄ‚ĖĄ‚ĖĄ‚ĖĄ‚ĖĄ‚ĖĄ‚ĖĄ‚ĖĄ‚ĖĄ‚ĖĄ‚ĖĄ‚ĖĄ‚ĖĄ‚ĖĄ‚ĖĄ‚ĖĄ‚ĖĄ‚ĖĄ‚ĖĄ ‚Ėź ‚ĖĄ‚ĖĄ‚ĖĄ‚ĖĄ‚ĖĄ‚ĖĄ
                                                                ‚Ėź
      ‚Ė†  ‚Ėď‚Ėą‚ĖÄ‚Ėą ‚Ėď‚Ėą‚ĖÄ‚Ėą ‚Ėď‚Ėą  ‚Ėď‚Ėą‚ĖÄ‚Ėą ‚Ėď‚Ėą‚ĖÄ‚Ėą ‚Ėď‚Ėą‚ĖĄ‚ĖĄ ‚Ėď‚Ėą‚ĖÄ‚Ėą   ‚Ėď‚Ėą ‚Ėď‚Ėą‚ĖÄ‚ĖĄ ‚Ėď‚Ėą‚ĖÄ‚ĖÄ ‚Ėď‚Ėą‚ĖÄ‚Ėą  ‚Ėź
         ‚Ėą‚Ėą   ‚Ėą‚Ėą‚ĖĄ‚ĖĄ ‚Ėą‚Ėą‚ĖĄ ‚Ėą‚Ėą‚ĖĄ‚ĖĄ ‚Ėą‚Ėą‚ĖÄ‚Ėą ‚ĖĄ‚ĖĄ‚ĖĄ‚Ėą ‚Ėą‚Ėą‚ĖĄ‚ĖĄ   ‚Ėą‚Ėą ‚Ėą‚Ėą ‚Ėą ‚Ėą‚Ėą‚ĖÄ  ‚Ėą‚Ėą‚ĖĄ‚Ėą

        Some people have experienced problems with our previous NoDVD
        crack. Only one reported it to us after almost a week, hence
        the delay ;)

        General
        - Fixed acceptance of international jobs not working.
        - Stephen Carr no longer is retired when a new game is started.
        - Fixed bug where homegrown players at a B team weren't being treated
          as homegrown for the A team.
        - Adjusted filling of empty attributes for non-players.
        - Fixed player listed as 'Unh' no longer will have no evidence that
          they are unhappy on their personal section.
        - Improved selection of feeder clubs offered.
        - Fixed a problem with the days in Britan for players who have played
          in England and Scotland (e.g. Mark Viduka).
        - Fixed a data corruption in the contract offer screen that
          occasionally caused strange low wage requests.
        - Adjusted retirement dates.
        - Adjusted newgen starting attribute levels.
        - Adjusted goalkeeper ability development.
        - Adjusted quality of newgens produced in both active and inactive
          leagues.
        - Fixed highest and lowest league position records not updating
          properly after team has moved between regional divisions.
        - Fixed crash when going to squad screen after retiring

        Interface
        - Fixed bug where clicking on the scouting shortcut would take you to
          the squad page instead of scouting knowledge when the club has no
          scouts employed.
        - Added tooltips to graphics rating stars on Preferences screen.
        - Fixed bug where Match Preview screen was missing team and
          competition links.
        - Latest scores, goals updates and live league table panels on the
          competition screen now update correctly.
        - Added text to indicate that there are no available player interaction
          options instead of just displaying a blank screen.
        - Added ok dialog to job centre panel to show manager that their advert
          has been placed successfully.
        - Fixed 30-second unresponsiveness when going manager chat.
        - Removed option to apply for a job from team action buttons if the
          user has already been offered the job.
        - Fixed player's training panel not displaying any info if club did
          not have a physio.
        - The classic player instructions panel now includes the Wide Play
          instruction.
        - Made it impossible to just search with a key containing just spaces,
          as doing so would cause a very lengthy wait for the search to
          complete.
        - Ensure news respond buttons are properly cleared down when manager
          resigns.
        - Ensured coach reports aren't available for unattached players that
          have been scouted.
        - Show 'Sus' indication on national pool if player has international
          ban.
        - Fixed captain icon being duplicated on the tactics screen when
          substituting your
        - Ensured coach reports aren't available when making an offer for a
          player that isn't attached to your club.
        - Fixed potential crash if user clicked on search icon and then on
          status panel whilst setting up a new game.
        - Player ratings is now the first tab under 'Stats' in a match for
          easier access
        - Extra-time and penalty wins now indicated on team fixture panel
        - Added frosty pitch to 2D Classic match view
        - Removed erroneous advisor highlight when making a substitution
        - Fixed player positions not being shown in Quick Substitution dialog
          in network games
        - Added confirm/undo/cancel buttons to opposition instructions panel
          during a match

        Backroom Advice
        - Stopped staff contradicting themselves when suggesting removing
          offers for players even though they gave them a good scout report.
        - Improved the second opinion advice.
        - Stopped fitness coaches offering advice on tactics unless they also
          have a preference for a normal coaching role.
        - Stopped second opinion always disagreeing with team attribute
          comparison pre-match advice.
        - Using the Training button now links to the teams training section
          correctly.
        - Advice no longer re-appears if you have dismissed the advice by
          going to the screen via the news item and then going by the menu link.
        - Improved the recommended player‚Üďs advice AI.
        - Stopped Assistant Manager disagreeing with possible opposition
          instructions and then suggesting them himself pre-match.
        - Scouting recommendations for immediate signings only recommend
          players the team can currently afford.
        - Backroom advice section now hidden for international matches because
          there was never anything to show.

        Editor
        - The scroll buttons on the tab strip now works correctly.
        - Can now add national team achievements for people in the editor.
        - Adding new clubs, competitions, etc to the database now applies the
          same changes to network clients as well.

        Media
        - Fixed 'interested in job' news item not always knowing whether the
          job the person is interested in is currently filled or not.
        - Fixed comp news item which mentions several teams they could face in
          next round when next round opponents are already known.
        - Fixed over-the-top news strings for winning friendly competitions.
        - Fixed Transfer Centre button displaying on transfer offer news when
          human not involved in transfer.
        - Added 'Make Offer' button to transfer offer news so human can easily
          make counter-bid for players who have just come under offer from
          other clubs.
        - Players no longer complain about been unable to speak to another
          club when a transfer offer is negotiated rather than rejected.
        - Players no longer complain about been unable to speak to another
          club if the buying team keeps delaying the transfer.
        - Fixed "Consortium pull plug" news item stating consortium pulled the
          plug when it was actually the club.
        - Fixed player's bio blaming manager for club's season
          under-performance when manager has only just joined and is
          doing well.
        - Fixed rare instance of player transfer speculation news being
          generated for news where the buying team doesn't have a manager.
        - Fixed View Injury Table button in physio report news occasionally
          taking you to the wrong page for an international manager.
        - Can now appeal straight red card when a player was playing for a
          different squad to the squad he is currently in.
        - Stopped media speculating about managers signing rubbish goalkeepers.
        - Pitch dimensions news item only sent if there are more than one
          pitch size to choose from!
        - Fixed occasional non player bio referring to club join date
          as 1. Jan. 1900.

        Finances
        - Adjusted non-player wages.
        - Adjusted clubs going into administration.
        - Adjusted player wage demands.
        - Adjusted wage budgets for very small teams.
        - Fixed players on very high wages requesting a lot less when renewing
          contract.

        Transfers
        - Prevented board from stepping in and accepting bids just over the
          basic value of the player on behalf of a manager when player was
          transfer listed.
        - Disabled transfer decision deadline option of 'Today' when current
          game time is later on in the day and not possible for clubs to
          respond in time.
        - Loaned out players no longer kept in first team and demoted to
          reserves upon return to club.
        - Removed duplicate news item when a youth player‚Üďs contract expires.
        - Altered contract decision code to prevent low league key players
          from getting early pay rises.
        - Fixed occasional first team player being put in reserves and listed
          for loan in first season.
        - Stopped occasional B Club player from being given first team wages
          due to being a key player in the B Club
        - Prevented big clubs from actively looking to replace their terrible
          third choice goalkeepers
        - Spanish based players no longer demands really high relegation
          release clauses, due to already having really high mandatory minimum
          fee release clauses

        Press Conferences
        - Fixed journalist asking about signing a compatriot for a new signing
          when other club team already contains a player of his nationality.
        - Fixed follow-up question about balancing books appearing in the
          wrong context in new signing conference.
        - Miscellaneous text and press conference question fixes.
        - Fixed press conference questioning team's form due to poor morale
          when team morale is actually very high.
        - Improved selection of the main talking point of press conferences.
        - Give precedence to team-mates of the same nationality over shared
          language when looking for a team-mate who can help a new signing
          settle in.
        - Fixed wrong stadium name being shown in some new signing conference
          questions.

        Board Takeovers
        - Stopped non-players who dislike a club from leading consortiums that
          are interested in taking them over.

        Network Game
        - Now cannot join manager chat until you have completed adding a
          manager.
        - Fixed blank stage in add manager wizard when "Assign Random Clubs"
          has been ticked.
        - "Disconnect" action is now shown again on the game status screen for
          network clients.
        - Fixed other managers watching a match being able to view the playing
          managers feedback widget.

        Competitions
        - Fixed bug where user-named friendly competition gets its name
          changed to Friendly Cup after saving and reloading.

        Match Experience
        - Injury icon now no longer appears above a player in a match if the
          match is rewound to before the injury.
        - Fixed pitch textures been inconsistence between 2D and 3D view.
        - Fixed bug where playmaker and target man roles were not being setup
          correctly in the match.
        - The first team now always uses the first kit when playing in the
          intra squad friendly.
        - Crowds now celebrate shootout goals and all penalty misses
        - Fixed "dead time" not being skipped when players retrieve ball for
          set pieces



     ‚Ėź‚ĖÄ                                                         ‚Ėď
  ‚ĖĄ‚ĖĄ‚ĖĄ ‚ĖĆ ‚ĖĄ‚ĖĄ‚ĖĄ‚ĖĄ‚ĖĄ‚ĖĄ‚ĖĄ‚ĖĄ‚ĖĄ‚ĖĄ‚ĖĄ‚ĖĄ‚ĖĄ‚ĖĄ‚ĖĄ‚ĖĄ‚ĖĄ‚ĖĄ‚ĖĄ‚ĖĄ‚ĖĄ‚ĖĄ‚ĖĄ‚ĖĄ‚ĖĄ‚ĖĄ‚ĖĄ‚ĖĄ‚ĖĄ‚ĖĄ‚ĖĄ‚ĖĄ‚ĖĄ‚ĖĄ‚ĖĄ‚ĖĄ‚ĖĄ‚ĖĄ‚ĖĄ‚ĖĄ‚ĖĄ‚ĖĄ‚ĖĄ‚ĖĄ‚ĖĄ‚ĖĄ‚ĖĄ‚ĖĄ‚ĖĄ‚ĖĄ‚ĖĄ‚ĖĄ‚ĖĄ‚ĖĄ‚ĖĄ ‚Ėź ‚ĖĄ‚ĖĄ‚ĖĄ‚ĖĄ‚ĖĄ‚ĖĄ
                                                                ‚Ėź
      ‚Ė†    ‚Ėď‚Ėą ‚Ėď‚Ėą‚ĖÄ‚ĖĄ ‚Ėď‚Ėą‚ĖĄ‚ĖĄ ‚Ėď‚Ėą‚ĖĄ ‚Ėď‚Ėą‚ĖÄ‚Ėą ‚Ėď‚Ėą  ‚Ėď‚Ėą    ‚Ėď‚Ėą ‚Ėď‚Ėą‚ĖÄ‚ĖĄ ‚Ėď‚Ėą‚ĖÄ‚ĖÄ ‚Ėď‚Ėą‚ĖÄ‚Ėą    ‚Ėź
           ‚Ėą‚Ėą ‚Ėą‚Ėą ‚Ėą ‚ĖĄ‚ĖĄ‚ĖĄ‚Ėą ‚Ėą‚Ėą  ‚Ėą‚Ėą‚ĖÄ‚Ėą ‚Ėą‚Ėą‚ĖĄ ‚Ėą‚Ėą‚ĖĄ   ‚Ėą‚Ėą ‚Ėą‚Ėą ‚Ėą ‚Ėą‚Ėą‚ĖÄ  ‚Ėą‚Ėą‚ĖĄ‚Ėą
         1. Unpack release into your installation directory.
         2. Enjoy! ;)
     ‚Ėź‚ĖÄ                                                         ‚Ėď
  ‚ĖĄ‚ĖĄ‚ĖĄ ‚ĖĆ ‚ĖĄ‚ĖĄ‚ĖĄ‚ĖĄ‚ĖĄ‚ĖĄ‚ĖĄ‚ĖĄ‚ĖĄ‚ĖĄ‚ĖĄ‚ĖĄ‚ĖĄ‚ĖĄ‚ĖĄ‚ĖĄ‚ĖĄ‚ĖĄ‚ĖĄ‚ĖĄ‚ĖĄ‚ĖĄ‚ĖĄ‚ĖĄ‚ĖĄ‚ĖĄ‚ĖĄ‚ĖĄ‚ĖĄ‚ĖĄ‚ĖĄ‚ĖĄ‚ĖĄ‚ĖĄ‚ĖĄ‚ĖĄ‚ĖĄ‚ĖĄ‚ĖĄ‚ĖĄ‚ĖĄ‚ĖĄ‚ĖĄ‚ĖĄ‚ĖĄ‚ĖĄ‚ĖĄ‚ĖĄ‚ĖĄ‚ĖĄ‚ĖĄ‚ĖĄ‚ĖĄ‚ĖĄ‚ĖĄ ‚Ėź ‚ĖĄ‚ĖĄ‚ĖĄ‚ĖĄ‚ĖĄ‚ĖĄ
                                                                ‚Ėź
      ‚Ė†   ‚Ėď‚Ėą‚ĖÄ  ‚Ėď‚Ėą‚ĖÄ‚Ėą ‚Ėď‚Ėą‚ĖÄ‚ĖĄ ‚Ėď‚Ėą‚ĖĄ ‚Ėď‚Ėą‚ĖÄ‚Ėą ‚Ėď‚Ėą‚ĖÄ  ‚Ėď‚Ėą‚ĖĄ   ‚Ėď‚Ėą ‚Ėď‚Ėą‚ĖÄ‚ĖĄ ‚Ėď‚Ėą‚ĖÄ‚ĖÄ ‚Ėď‚Ėą‚ĖÄ‚Ėą  ‚Ėź
          ‚Ėą‚Ėą‚ĖĄ‚ĖĄ ‚Ėą‚Ėą‚ĖĄ‚Ėą ‚Ėą‚Ėą ‚Ėą ‚Ėą‚Ėą  ‚Ėą‚Ėą‚ĖÄ‚Ėą ‚Ėą‚Ėą‚ĖĄ‚ĖĄ ‚Ėą‚Ėą    ‚Ėą‚Ėą ‚Ėą‚Ėą ‚Ėą ‚Ėą‚Ėą‚ĖÄ  ‚Ėą‚Ėą‚ĖĄ‚Ėą
                   WE DONT WANT ANYONE TO CONTACT US!
                       WE CONTACT YOU IF NEEDED!
                WEB: NEVER         - IRC: NEVER         - EMAIL: NEVER
    ‚Ė† ‚Ėď ‚ĖĄ                                                     ‚Ė†   ‚ĖĄ
   ‚ĖĄ ‚Ėź‚ĖÄ   ‚ĖÄ‚ĖĄ                                                    ‚Ėď
  ‚ĖĄ‚ĖĄ‚ĖĄ ‚Ė† ‚ĖĄ‚ĖĄ‚ĖĄ‚ĖĄ‚ĖĄ‚ĖĄ‚ĖĄ‚ĖĄ‚ĖĄ‚ĖĄ‚ĖĄ‚ĖĄ‚ĖĄ‚ĖĄ‚ĖĄ‚ĖĄ‚ĖĄ‚ĖĄ‚ĖĄ‚ĖĄ‚ĖĄ‚ĖĄ‚ĖĄ‚ĖĄ‚ĖĄ‚ĖĄ‚ĖĄ‚ĖĄ‚ĖĄ‚ĖĄ‚ĖĄ‚ĖĄ‚ĖĄ‚ĖĄ‚ĖĄ‚ĖĄ‚ĖĄ‚ĖĄ‚ĖĄ‚ĖĄ‚ĖĄ‚ĖĄ‚ĖĄ‚ĖĄ‚ĖĄ‚ĖĄ‚ĖĄ‚ĖĄ‚ĖĄ‚ĖĄ‚ĖĄ‚ĖĄ‚ĖĄ‚ĖĄ‚ĖĄ ‚Ėź ‚ĖĄ‚ĖĄ‚ĖĄ‚ĖĄ‚ĖĄ‚ĖĄ
      ‚Ėź                                                         ‚Ėź
     ‚Ėź         ‚Ėď‚Ėą‚ĖÄ  ‚Ėď‚Ėą‚ĖÄ‚Ėą ‚Ėď‚Ėą‚ĖÄ‚Ėą ‚Ėď‚Ėą‚ĖÄ‚Ėą ‚Ėď‚Ėą‚ĖĄ ‚Ėď‚Ėą ‚Ėď‚Ėą‚ĖÄ‚ĖĄ ‚Ėď‚Ėą‚ĖÄ  ‚Ėď‚Ėą‚ĖĄ‚ĖĄ        ‚Ėź
      ‚ĖĄ        ‚Ėą‚Ėą‚ĖĄ‚Ėą ‚Ėą‚Ėą   ‚Ėą‚Ėą‚ĖĄ‚ĖĄ ‚Ėą‚Ėą‚ĖĄ‚ĖĄ ‚Ėą‚Ėą  ‚Ėą‚Ėą ‚Ėą‚Ėą ‚Ėą ‚Ėą‚Ėą‚ĖĄ‚Ėą ‚ĖĄ‚ĖĄ‚ĖĄ‚Ėą        ‚ĖĄ
    ‚ĖĄ‚ĖĄ‚ĖĄ‚ĖÄ          ‚Ėź                               ‚Ėź            ‚Ėź ‚Ėď
   ‚ĖÄ‚ĖĄ                                                           ‚ĖĎ ‚Ėź
     ‚Ė†       Greetings to all of our friends around scene!        ‚Ėą‚ĖĆ
     ‚Ėź                                                           ‚Ėą‚Ėď
     ‚ĖĄ                                                    ‚ĖĄ‚ĖÄ‚Ėą‚ĖĄ‚ĖĄ‚ĖĄ‚Ėą‚Ėź
       ‚ĖĄ‚ĖÄ‚ĖÄ‚Ėą‚Ėą‚ĖĄ‚ĖĄ‚ĖĄ‚ĖĄ‚ĖĄ‚ĖĄ‚ĖĄ                  ‚ĖĄ‚ĖĄ‚Ėą‚ĖÄ‚ĖÄ‚ĖÄ‚ĖÄ‚Ėą‚Ėą‚ĖĄ‚ĖĄ‚ĖĄ‚ĖĄ       ‚Ė†   ‚ĖÄ‚ĖÄ‚ĖÄ
      ‚Ė†    ‚Ė†    ‚ĖÄ‚ĖÄ‚ĖÄ‚ĖÄ‚ĖÄ‚ĖĎ‚Ėą‚ĖĄ‚ĖĄ‚ĖĄ‚ĖĄ   ‚ĖĄ‚ĖĄ‚ĖĄ‚ĖĄ‚ĖĄ‚Ė†‚ĖÄ           ‚Ėď‚ĖÄ‚ĖÄ‚ĖÄ‚Ėą  ‚ĖÄ
      ‚Ėź   ‚ĖĄ          ‚Ėď    ‚ĖÄ‚ĖÄ‚ĖÄ‚ĖÄ‚ĖÄ
        ‚ĖÄ                               NFO UPDATED 13/11/2007
