                   ░░░░░░░            ░░░░░░░                                                  
                   ░▓▀█████:        `▀▀█████:                                                  
                     -░█████░-     ▀█████▀░░```````````                                        
                       ░█████▀▓░ :█████▀▀████████████████▓-                                   
        ``            ``░░▀████▀░▀████░░▓██████████████████▀░░                                 
      -████▀░        -███▀▀▀▀████████:`████::::::::::::▀██████                                 
      ▀█████▀▓:      -█████░░▓█████▀`  ████            `░█████`        `````                   
      ▀███████▀█░`   -█████░ ░████▀    ████░░░░░░░░░░░░█▀████░        ░████▀                  
      ▀███████████░- -█████░ ░████▀    ██████████████████████          █████░                  
      ▀█████:▓▀████▀▓░█████░ -████▀    █████░▀▀███▓▀▀▀▀██████          █████░                  
      ▀█████  -▀███████████░ ▓▀██▀▀`   █████░ ░▀███▀   ▀████▀░░░░░░░░░░▀████░                  
      ▀█████    ░░█▀███████░▀███████░  ░░░░░▓ █████▀░  ▀████████████████████░                  
      ▀█████      `:▓▀█████-█████████:    `░████████▓  ▀████▀▀▀▀▀▀▀▀▀▀▀▀████░                  
      ▀████▀         ░▀░██▀▀█████████▀▀  `▓██████████: ▀█████          █████░                  
                          -▀████░▓█████▀-█████▀▀░█████ ▀█████   `░:░▀▀▀▀██████░░`              
                          ░█████` ░▀████▀█████: :█████░▀████▓`░▓█▀█████████████▀█▓░`           
                         :█████▀   ░▀████████░   ██████`    ░██████▀█████████▀█████:          
                        `█████▀`    -██████▓`    :█████░   :▀████░:░         ░░█████-         
                        -▓▓▓▓▓░      `▀▓░▓░       ▀▓▓▓▓▓`  ▓█████             `█████░         
                                                           ▀█████`            `██████         
                          -- Ask For It By Name --        ░██████▀-           ░█████`         
                                                           ░▓▀███████████████████▀▀`          
          Big Phat Wet Natural Titties                       ░▀░▀█████████████▀░▀░            
                                                                 ░-:::::::::-`          
 ░-::                               ▄    ▄                             :::-
      RELEASEDATE: 05/09/2009       ▓█▄▄█▓       PROD STUDIO: Combat Zone  
      DVD RELEASE: 05/06/2009       ░░██░░       GENRE         : Busty        
      FORMAT     : XviD            ▄ ▓██▓ ▄      VIDEO      : 1204kbps 29.970 fps  
      RUNTIME    : 2hrs 30min      ▄█████▄░      RESOLUTiON : 576*320             
      SiZE       : 2CD           ░▄████▓████▄    DiSK AMOUNT: CD1 49x15  MB     
                    ░▓███▀░▀█░ ░▄████▓░░░▓████▄░  █▀░▀███▓░   CD2 49x15  MB 
      ▀     ░      ░▓███░    ░▄█████▓░   ░▓█████▄ ░   ░███▓░            ░░
   ░▄██▄░   ▄ ▄▓▄    ░▓██▓██████▀▀░░ ▄     ░░▀▀██████▓██▓░            ░▄██▄░
  ░███░▀█ ░▄▄  ▀ ░▄    ░███▀▀▀░░    ▀▓▀  ░     ░░▀▀░███░   ░▄ ▀▄ ░▄▄░ █▀░███░
 ░███▓░  ░██   ▄▄█░ ▄█▀ ░███░                     ░███▓ ▀█▄ ░█▄▄░░░██░   ▓███░
  ░███▓░░██░ ▓██▀░ ▄█▓░░███░ ░░:  Movie Info  :░░ ░███ ░▓█▄░ ▀██▓ ░██░░▓███░
 ▀ ▓███▓██▓░▓██▓░  ██░▄███░     ~~~~~~~~~~~~~~~     ░███▄░██░ ░▓██▓░▓██▓███▓ ▄
 ░-:▀████▀░ ░▓███░ ░█████░                           ░█████░ ░███▓░ ░▀████▀░ ░
      ▀▀  ▀   ░▀▀▀   ▀▀▀                               ▀▀▀   ▀▀▀░ ▄    ▀▀
          ░            ▀                                ▀              ▀
      Cast:
       Kristi Klenot, Tammy, Mischel Channson, 
       Daria Flower, Lucy Love, Boby, Choky Ice, 
       George Uhl, Martin Schneider, Joe Monti 


      Plot:
              


       http://www.xonair.com/detail.cfm?id=10097719 
                      ▀ ▄▄▄▄░                     ░▄▄▄▄ ▀           
                    ░▓███▀░▀█░                   ░█▀░▀███▓░
                   ░▓███░   ▓                     ▓   ░███▓░            ░░ ▄
   ░▄██▄░ ▄  ▄▓▄  ▄  ░▓██▓░ ░                     ░ ░▓██▓░    ▄▓▄   ▄ ░▄██▄░
  ░███░▀█ ░▄▄ ▀  ░▄    ░███░                       ░███░   ░▄  ▀ ░▄▄░ █▀░███░
 ░███▓░  ░██ ░ ▄▄█░ ▄█▀ ░███░                      ███▓ ▀█▄ ░█▄▄░░░██░   ▓███░
  ░███▓░░██░░▓██▀░ ▄█▓░░███░ ░░:    Notes     :░░ ░███ ░▓█▄░ ▀██▓ ░██░░▓███░
   ▓███▓██▓░▓██▓░  ██░▄███░     ~~~~~~~~~~~~~~~     ░███▄░██░ ░▓██▓░▓██▓███▓
   ░▀████▀░ ░▓███░ ░█████░                            █████░ ░███▓░ ░▀████▀░
      ▀▀ ▄    ░▀▀▀   ▀▀▀                               ▀▀▀ ▄ ▀▀▀░      ▀▀
      ░▀  ░           ▀                                 ▀  ░  ▀
      
             
       

               ░▄░                            ▄  ░
                      ▀ ▄▄▄▄░                     ░▄▄▄▄ ▀          
      ░             ░▓███▀░▀█░                   ░█▀░▀███▓░
     ▀             ░▓███░   ▓                     ▓   ░███▓░       ░  ▄▀░░
   ░▄██▄░   ▄        ░▓██▓░ ░                     ░ ░▓██▓░    ▄▓▄  ▀  ░▄██▄░
  ░███░▀█ ░▄▄  ▄ ░▄    ░███░                       ░███░   ░▄  ▀ ░▄▄░ █▀░███░
 ░███▓░  ░██   ▄▄█░ ▄█▀ ░███░                      ███▓ ▀█▄ ░█▄▄░░░██░   ▓███░
  ░███▓░░██░░▓██▀░ ▄█▓░░███░ ░░:  Group Info  :░░ ░███ ░▓█▄░ ▀██▓ ░██░░▓███░
   ▓███▓██▓░▓██▓░  ██░▄███░     ~~~~~~~~~~~~~~~     ░███▄░██░ ░▓██▓░▓██▓███▓ ▀
   ░▀████▀░ ░▓███░ ░█████░                            █████░ ░███▓░ ░▀████▀░
      ▀▀ ▄    ░▀▀▀   ▀▀▀                               ▀▀▀   ▀▀▀░      ▀▀
      ▀         ▀    ▀                                  ▀     ▀         ▀

      Nympho understands the need and commitment it takes to be the best,  
      therefor we are dedicated in providing only the best in XviD xxx. 
             
      1) NYMPHO will release only quality porn.   
      2) Production year of 2007+. 
      3) Street date will not be older then 8 weeks. 
      4) No Amatuer porn nor 4hr, We Love" or 'Best Of' crap". 

                      ▀ ▄▄▄▄░                     ░▄▄▄▄ ▀           
                    ░▓███▀░▀█░                   ░█▀░▀███▓░
                   ░▓███░   ▓                     ▓   ░███▓░            ░░ ▄
   ░▄██▄░ ▄  ▄▓▄  ▄  ░▓██▓░ ░                     ░ ░▓██▓░    ▄▓▄   ▄ ░▄██▄░
  ░███░▀█ ░▄▄ ▀  ░▄    ░███░                       ░███░   ░▄  ▀ ░▄▄░ █▀░███░
 ░███▓░  ░██ ░ ▄▄█░ ▄█▀ ░███░                      ███▓ ▀█▄ ░█▄▄░░░██░   ▓███░
  ░███▓░░██░░▓██▀░ ▄█▓░░███░ ░░:   Greetings   :░░ ░███ ░▓█▄░ ▀██▓ ░██░░▓███░
   ▓███▓██▓░▓██▓░  ██░▄███░     ~~~~~~~~~~~~~~~     ░███▄░██░ ░▓██▓░▓██▓███▓
   ░▀████▀░ ░▓███░ ░█████░                           █████░ ░███▓░ ░▀████▀░
      ▀▀ ▄    ░▀▀▀   ▀▀▀      NYMPHO greets those      ▀▀▀ ▄ ▀▀▀░      ▀▀
      ░▀  ░           ▀   that support quality XXX:     ▀  ░  ▀

       PLEASURE, FLESHLiGHT, BRABUSTERS 
                
       NYMPHO also greets those that make the scene: 
                
       MEDiAMANiACS, xV, DiAMOND, D0NE. 
                           ░░  ▄               ▄ ░░ 
                         ░▄███▄░               ░▄███▄░
                       ░▓██▀▓▀██░             ░██▀▓▀██▓░
         ░▄             ▄▄█▄░ ░█▓░     ▄     ░▓█░ ░▄█▄▄  ▀          ▄░
    ░▄   ▄▄▄▄ ▀ ▄▓▄ ░▓███▀░▀█░ ██▓░   ▀▓▀   ░▓██ ░█▀░▀███▓░ ▄▓▄   ▄▄▄▄ ▀
      ▄████████▄ ▀ ░▓███░   ▓  ▓███▄     ▀ ▄███▓  ▓   ░███▓░ ▀ ▄████████▄  ░
    ░████▓░▀█████  ▄ ░▓██▓░ ░▄ ░▀█████▄▄██████▀░  ░ ░▓██▓░ ▄  █████▀░▓████░▀
   ░████▓░   ░████ ▀   ░███░     ░▀▀██████▀▀ ▄  ▄  ░███░   ▀ ████░   ░▓████░
  ░████░ ░█░  ▓████ ▄█▀ ░███░                ░ ▀▓▀ ███▓ ▀█▄ ████▓  █░  ░████░
  ░███▓░░▓██░ ░▓███▄█▓░░███░ ░iNFO UPDATE:░        ░███ ░▓█▄███▓░ ░██▓░░▓███░ ░
  ░████▓▓███░ ░▓█████░▄███░       ░: 08░11░2008 :░  ░███▄░█████▓░ ░███▓▓████░
   ░███████▀ ░▓████░██████▓    by TEAM NYMPHO        ▓██████░████▓░ ▀███████░
    ░█████▀ ░█████░  ▀▀▀░██░░  ascii by obwain   ░ ░██░▀▀▀ ▄ █████░ ▀█████░
     ░▀▀▀  ░███▀▀    ░▀  ░██░░                   ░░██░        ▀▀███░  ▀▀▀ ▄
       ▀  ▀▀▀▀  ▀         ░██▓▄█ ░▄         ▄░ █▄▓██░            ▀▀▀▀  ▀ ░
            ▀░              ▀█▀▓▀▀           ▀▀▓▀█▀░              ░▀
                               ░               ░
