ÔĽŅ                      ‚ĖĄ                     ‚ĖĄ ‚ĖÄ ‚Ė†
      ‚ĖĄ ‚ĖÄ               ‚ĖÄ‚ĖĄ    ‚ĖĄ‚Ė†‚ĖÄ‚ĖÄ‚ĖÄ‚Ė†‚ĖĄ      ‚Ėą                ‚ĖĄ‚Ė†‚ĖÄ‚ĖÄ‚ĖÄ‚Ė†‚ĖĄ
 ‚ĖĎ   ‚Ėą‚ĖĄ     ‚Ėď‚ĖĄ     ‚ĖĎ    ‚ĖĄ‚Ėą‚ĖĆ  ‚ĖÄ       ‚Ėď‚ĖĄ     ‚ĖÄ‚ĖÄ‚Ėą‚Ėą‚Ėą‚ĖĄ‚ĖĄ     ‚ĖĎ ‚ĖĄ‚Ėą‚ĖĄ     ‚Ėď‚Ėą‚ĖĄ
      ‚ĖÄ‚Ėą‚Ėą‚Ėą‚ĖĄ ‚Ėď‚Ėą‚Ėą‚ĖĄ     ‚ĖĄ‚ĖĄ‚Ėą‚Ėą‚Ėą‚ĖĄ‚ĖĄ‚ĖÄ    ‚ĖĎ   ‚Ėď‚Ėą‚Ėą‚ĖĄ‚ĖĄ‚ĖĄ‚ĖĄ‚ĖĄ‚ĖĄ‚ĖĄ‚Ėą‚Ėą‚Ėą‚Ėą‚Ėą‚ĖĄ ‚ĖĎ ‚ĖĄ‚Ėą‚Ėą‚ĖÄ‚Ėą‚Ėą‚ĖĄ ‚ĖĎ ‚Ėď‚Ėą‚Ėą‚Ėď  ‚ĖĎ     ‚ĖĄ
‚ĖĄ‚Ėą‚Ėą‚Ėą‚Ėą‚ĖÄ‚ĖÄ‚ĖÄ‚ĖÄ‚ĖÄ‚ĖÄ ‚Ėď‚Ėą‚Ėą‚Ėď  ‚Ėď‚Ėą‚Ėą‚Ėą‚Ėą‚ĖÄ‚Ėą‚Ėď‚Ėď‚Ėď‚Ėą  ‚ĖĄ‚ĖĄ‚ĖĄ‚ĖĄ‚ĖĄ‚ĖĄ‚Ėď‚Ėą‚Ėą‚Ėď ‚Ėď‚Ėą‚Ėą‚Ėď  ‚Ėď‚Ėą‚Ėą‚Ėď‚ĖÄ ‚ĖĄ‚Ėą‚Ėą‚Ėď   ‚Ėď‚Ėą‚Ėą‚ĖĄ ‚Ėď‚Ėą‚Ėą‚Ėď ‚ĖĎ‚ĖĎ‚ĖĎ  ‚ĖĄ‚Ėą‚Ėď
 ‚ĖÄ‚ĖÄ‚ĖÄ‚ĖÄ‚ĖÄ‚ĖÄ‚Ėď‚Ėď‚Ėď‚Ėď‚ĖĄ‚ĖÄ‚Ėď‚Ėď‚Ėď‚ĖÄ‚ĖÄ‚Ėď‚Ėď‚Ėď‚ĖĄ   ‚ĖÄ‚ĖÄ‚ĖÄ  ‚Ėą‚Ėď‚Ėď‚Ėď‚ĖÄ  ‚Ėď‚Ėď‚Ėď‚Ėď ‚Ėď‚Ėď‚Ėď‚Ėď‚ĖÄ‚ĖÄ‚Ėď‚Ėď‚Ėď‚ĖĄ‚ĖĄ ‚Ėď‚Ėď‚Ėď‚Ėď ‚ĖĎ ‚Ėď‚Ėď‚Ėď‚Ėď ‚Ėď‚Ėď‚Ėď‚Ėď ‚ĖĎ‚ĖĎ‚ĖĎ ‚Ėď‚Ėď‚Ėď‚Ėď
‚Ėí‚Ėí‚Ėí‚Ėí‚Ėí  ‚Ėź‚Ėí‚Ėí‚Ėí‚Ėí‚Ėą‚Ėź‚Ėí‚Ėí  ‚Ėź‚Ėí‚Ėí‚Ėí‚Ėí ‚Ėď‚Ėď‚Ėď‚Ėď‚Ėď‚Ėź‚Ėí‚Ėí‚Ėí‚Ėí ‚ĖĎ ‚Ėí‚Ėí‚Ėí‚Ėí ‚Ėí‚Ėí‚Ėí‚Ėí  ‚Ėź‚Ėí‚Ėí‚Ėí‚Ėí‚Ėą‚ĖĄ‚Ėí‚Ėí‚Ėí ‚ĖĎ ‚Ėí‚Ėí‚Ėí‚Ėí ‚Ėí‚Ėí‚Ėí‚Ėí ‚ĖĎ‚ĖĎ‚ĖĎ ‚Ėí‚Ėí‚Ėí‚Ėí
‚ĖĎ‚ĖĎ‚ĖĎ‚ĖĎ‚ĖĎ ‚ĖĎ ‚ĖĎ‚ĖĎ‚ĖĎ‚ĖĎ‚ĖĎ‚ĖĆ‚ĖĎ‚ĖĎ ‚ĖĎ ‚ĖĎ‚ĖĎ‚ĖĎ‚ĖĎ‚ĖĎ‚ĖĎ‚ĖĎ‚ĖĎ‚ĖĎ‚ĖĎ‚Ėź‚ĖĎ‚ĖĎ‚ĖĎ‚ĖĎ ‚ĖĎ ‚ĖĎ‚ĖĎ‚ĖĎ‚ĖĎ ‚ĖĎ‚ĖĎ‚ĖĎ‚ĖĎ ‚ĖĎ ‚ĖĎ‚ĖĎ‚ĖĎ‚ĖĎ‚ĖĎ‚ĖĎ‚ĖĎ‚ĖĎ‚ĖĎ ‚ĖĎ ‚ĖĎ‚ĖĎ‚ĖĎ‚ĖĎ ‚ĖĎ‚ĖĎ‚ĖĎ‚ĖĎ  ‚ĖĄ  ‚ĖĎ‚ĖĎ‚ĖĎ‚ĖĎ
‚Ėí‚Ėí‚Ėí‚Ėí‚Ėí ‚ĖĎ ‚Ėí‚Ėí‚Ėí‚Ėí‚Ėí‚ĖĆ‚Ėí‚Ėí ‚ĖĎ ‚Ėí‚Ėí‚Ėí‚Ėí‚Ėí‚ĖĄ‚Ėí‚Ėí‚Ėí‚Ėí‚Ėí‚Ėí‚Ėí‚Ėí‚Ėí ‚ĖĎ ‚Ėí‚Ėí‚Ėí‚Ėí ‚Ėí‚Ėí‚Ėí‚Ėí ‚ĖĎ ‚Ėí‚Ėí‚Ėí‚Ėí‚Ėí‚ĖĆ‚Ėí‚Ėí‚Ėí ‚ĖĎ ‚Ėí‚Ėí‚Ėí‚Ėí ‚Ėí‚Ėí‚Ėď‚ĖÄ‚ĖĄ‚Ėą‚Ėą‚Ėą‚ĖĄ‚ĖÄ‚Ėď‚Ėí‚Ėí
‚Ėź‚Ėď‚Ėď‚Ėď‚Ėď ‚ĖĎ‚Ėź‚Ėď‚Ėď‚Ėď‚Ėď‚Ėď‚Ėď‚Ėď‚Ėď ‚ĖĎ‚Ėź‚Ėď‚Ėď‚Ėď‚Ėď‚Ėď‚ĖĆ‚Ėď‚Ėď‚Ėď‚Ėď‚Ėź‚Ėď‚Ėď‚Ėď‚Ėď‚ĖĆ  ‚Ėď‚Ėď‚Ėď‚Ėď ‚Ėď‚Ėď‚Ėď‚Ėď ‚ĖĎ‚Ėź‚Ėď‚Ėď‚Ėď‚Ėď‚Ėď‚Ėď‚Ėď‚Ėď‚Ėď ‚ĖĎ ‚Ėď‚Ėď‚Ėď‚Ėď ‚Ėď‚Ėď‚Ėď‚Ėď‚Ėď‚ĖÄ ‚ĖÄ‚Ėď‚Ėď‚Ėď‚Ėď‚Ėď
 ‚ĖÄ‚Ėą‚Ėą‚Ėď ‚ĖĄ‚Ėą‚Ėď‚Ėą‚Ėą‚ĖÄ‚ĖĄ‚Ėą‚Ėą‚ĖÄ  ‚Ėď‚Ėą‚Ėą‚Ėą‚Ėą‚Ėď‚Ėą‚Ėą‚Ėą‚ĖÄ  ‚Ėď‚Ėą‚Ėą‚Ėą‚Ėď‚ĖĄ‚ĖĄ‚Ėď‚Ėą‚Ėą‚Ėď‚ĖĄ‚Ėď‚Ėą‚ĖÄ   ‚Ėď‚Ėą‚Ėą‚Ėą‚Ėď ‚ĖÄ‚Ėą‚Ėą‚Ėď   ‚Ėď‚Ėą‚Ėą‚ĖÄ ‚Ėď‚Ėą‚Ėą‚ĖÄ ‚ĖĎ ‚ĖĎ ‚ĖÄ‚Ėą‚Ėą‚Ėď
‚ĖĎ  ‚ĖÄ‚ĖĄ‚Ėą‚Ėą‚ĖÄ‚ĖÄ   ‚Ėą‚ĖÄ   ‚ĖĄ‚Ėą‚Ėď‚Ėą‚Ėą‚ĖÄ ‚Ėą‚ĖÄ  ‚ĖĎ  ‚Ėą‚Ėą‚Ėą‚Ėą‚Ėą‚ĖÄ‚ĖÄ‚ĖÄ   ‚ĖÄ  ‚ĖĎ ‚Ėź‚Ėą‚Ėą‚Ėď‚Ėą‚ĖĆ ‚ĖĎ ‚ĖÄ‚Ėą‚Ėą‚ĖĄ‚Ėą‚Ėą‚ĖÄ ‚ĖĎ ‚Ėď‚ĖÄ   ‚ĖĎ     ‚ĖÄ‚Ėą
  ‚ĖĄ‚ĖÄ‚ĖÄ    ‚ĖĎ     ‚ĖĄ‚Ėą‚Ėą‚Ėą‚ĖÄ‚ĖÄ  ‚ĖĎ ‚ĖÄ‚Ė†‚ĖĄ‚ĖĄ‚Ė†‚ĖÄ ‚ĖÄ‚ĖÄ‚Ėą‚Ėą‚Ėą‚Ėą‚ĖĄ‚ĖĄ‚ĖĄ‚Ė†‚ĖÄ  ‚ĖĎ  ‚ĖÄ‚ĖÄ‚Ėą‚Ėą‚Ėą‚ĖĄ‚ĖĄ‚ĖĄ‚ĖĄ‚ĖĄ‚Ėą‚Ėą‚ĖÄ Eboy
  ‚ĖÄ‚ĖĄ‚ĖĄ‚Ė†‚ĖÄ     ‚Ė†‚ĖÄ‚ĖÄ                                     ‚ĖÄ‚ĖÄ‚ĖÄ‚ĖÄ‚ĖÄ‚ĖÄ
                          S   K   i   D   R   O   W

 ‚ĖĄ‚ĖÄ               ->  T H E   L E A D i N G   F O R C E   <-                 ‚ĖÄ‚ĖĄ
 ‚ĖÄ‚ĖĄ                                                                          ‚ĖĄ‚ĖÄ
   ‚ĖÄ‚ĖÄ‚ĖÄ‚ĖÄ‚ĖÄ‚ĖÄ‚ĖÄ‚ĖÄ‚ĖÄ‚ĖÄ‚ĖÄ‚ĖÄ‚ĖÄ‚ĖÄ‚ĖÄ‚ĖÄ‚ĖÄ‚ĖÄ‚ĖÄ ‚ĖÄ‚ĖÄ‚ĖÄ‚ĖÄ‚ĖÄ  ‚ĖÄ proudly presents ‚ĖÄ  ‚ĖÄ‚ĖÄ‚ĖÄ‚ĖÄ‚ĖÄ ‚ĖÄ‚ĖÄ‚ĖÄ‚ĖÄ‚ĖÄ‚ĖÄ‚ĖÄ‚ĖÄ‚ĖÄ‚ĖÄ‚ĖÄ‚ĖÄ‚ĖÄ‚ĖÄ‚ĖÄ‚ĖÄ‚ĖÄ‚ĖÄ‚ĖÄ
  ‚ĖĎ ‚Ėą‚Ėą‚Ėą‚Ėď‚Ėď‚Ėď‚Ėď‚Ėď‚Ėí‚Ėí‚Ėí‚ĖĎ‚ĖĎ           El Matador v1.1 Update            ‚ĖĎ‚ĖĎ‚Ėí‚Ėí‚Ėí‚Ėď‚Ėď‚Ėď‚Ėď‚Ėď‚Ėą‚Ėą‚Ėą‚Ėą‚Ėą ‚ĖĎ
  ‚Ėí‚ĖĄ‚ĖĄ‚ĖĄ‚ĖĄ‚ĖĄ‚ĖĄ‚ĖĄ‚ĖĄ‚ĖĄ‚ĖĄ‚ĖĄ‚ĖĄ‚ĖĄ‚ĖĄ‚ĖĄ‚ĖĄ‚ĖĄ‚ĖĄ‚ĖĄ‚ĖĄ‚ĖĄ‚ĖĄ‚ĖĄ‚ĖĄ‚ĖĄ‚ĖĄ‚ĖĄ‚ĖĄ‚ĖĄ‚ĖĄ‚ĖĄ‚ĖĄ‚ĖĄ‚ĖĄ‚ĖĄ‚ĖĄ‚ĖĄ‚ĖĄ‚ĖĄ‚ĖĄ‚ĖĄ‚ĖĄ‚ĖĄ‚ĖĄ‚ĖĄ‚ĖĄ‚ĖĄ‚ĖĄ‚ĖĄ‚ĖĄ‚ĖĄ‚ĖĄ‚ĖĄ‚ĖĄ‚ĖĄ‚ĖĄ‚ĖĄ‚ĖĄ‚ĖĄ‚ĖĄ‚ĖĄ‚ĖĄ‚ĖĄ‚ĖĄ‚ĖĄ‚ĖĄ‚ĖĄ‚ĖĄ‚ĖĄ‚ĖĄ‚ĖĄ‚ĖĄ‚ĖĄ‚ĖĄ‚ĖĄ‚Ėí
  ‚Ėď                                                                           ‚Ėď
  ‚Ėď   RELEASE DATE : 16-10-2008           PROTECTION : SecuROM                ‚Ėď
  ‚Ėď   GAME TYPE    : Shooter              DISKS      : Patch                  ‚Ėď
  ‚ĖĎ                                                                           ‚ĖĎ
   ‚ĖÄ‚Ėą‚Ėď‚ĖÄ‚ĖÄ‚ĖÄ‚ĖÄ‚ĖÄ‚ĖÄ‚ĖÄ‚ĖÄ‚ĖÄ‚ĖÄ‚ĖÄ‚ĖÄ‚ĖÄ‚ĖÄ‚ĖÄ‚ĖÄ‚Ėą‚Ėą‚ĖÄ‚ĖÄ‚ĖÄ‚ĖÄ‚ĖÄ‚ĖÄ‚ĖÄ‚ĖÄ‚ĖÄ‚ĖÄ‚ĖÄ‚ĖÄ‚ĖÄ‚ĖÄ‚ĖÄ‚ĖÄ‚ĖÄ‚ĖÄ‚ĖÄ‚ĖÄ‚ĖÄ‚ĖÄ‚ĖÄ‚ĖÄ‚ĖÄ‚ĖÄ‚ĖÄ‚ĖÄ‚ĖÄ‚ĖÄ‚ĖÄ‚ĖÄ‚ĖÄ‚ĖÄ‚ĖÄ‚ĖÄ‚ĖÄ‚ĖÄ‚ĖÄ‚ĖÄ‚ĖÄ‚ĖÄ‚ĖÄ‚ĖÄ‚ĖÄ‚ĖÄ‚ĖÄ ‚ĖÄ‚ĖÄ‚ĖÄ  ‚ĖÄ
    ‚ĖÄ‚Ėą‚ĖĆ Release Notes: ‚ĖÄ‚Ėą‚ĖĄ                                               ‚ĖĎ ‚Ėą
 ‚ĖĄ‚Ė†  ‚Ėź‚Ėď ‚ĖĄ‚ĖĄ‚ĖĄ‚ĖĄ‚ĖĄ‚ĖĄ‚ĖĄ‚ĖĄ‚ĖĄ‚ĖĄ‚ĖĄ‚ĖĄ‚ĖĄ‚ĖĄ‚ĖĄ‚ĖĄ‚ĖĄ‚Ėą‚Ėą‚ĖĄ                                             ‚Ėí ‚Ėą
‚Ėą   ‚ĖĄ‚Ėą‚ĖÄ ‚Ėą                                                                ‚Ėď ‚Ėą
 ‚ĖÄ‚ĖÄ‚ĖÄ  ‚ĖĎ ‚Ėą Updated in v1.1                                                ‚Ėą ‚Ėą
      ‚Ėí ‚Ėą ---------------                                                ‚Ėą ‚Ėą
      ‚Ėą ‚Ėą                                                                ‚Ėą ‚Ėą
      ‚Ėą ‚Ėą * Added widescreen displays support                            ‚Ėą ‚Ėą
      ‚Ėą ‚Ėą * Added refresh rate selection to options dialog               ‚Ėą ‚Ėą
      ‚Ėą ‚Ėą * Added some performance optimizations                         ‚Ėą ‚Ėą
      ‚Ėą ‚Ėą * Added anti-aliasing quality selection to options dialog      ‚Ėą ‚Ėą
      ‚Ėą ‚Ėą * Fixed WindowBlinds incompatibility issue                     ‚Ėą ‚Ėą
      ‚Ėą ‚Ėą * Fixed NVidia \ OpenAL performance issue                      ‚Ėą ‚Ėą
      ‚Ėą ‚Ėą * Fixed occasional visibility culling artifacts (does not      ‚Ėą ‚Ėą
      ‚Ėą ‚Ėą   apply if using saved games from non-patched version)         ‚Ėą ‚Ėą
      ‚Ėą ‚Ėą * Fixed task switching                                         ‚Ėą ‚Ėą
      ‚Ėą ‚Ėą * Fixed task switching sound issues                            ‚Ėą ‚Ėą
      ‚Ėą ‚Ėą * Fixed task switching + dual monitor cursor clipping issues   ‚Ėą ‚Ėą
      ‚Ėą ‚Ėą * Fixed occasional camera shake problem after loading of saved ‚Ėą ‚Ėą
      ‚Ėą ‚Ėą   game                                                         ‚Ėą ‚Ėą
      ‚Ėą ‚Ėą * Fixed 'disconnected camera' issue                            ‚Ėą ‚Ėą
      ‚Ėą ‚Ėą * Fixed Win2K DirectInput problem                              ‚Ėą ‚Ėą
      ‚Ėą ‚Ėą * Fixed FOV issues                                             ‚Ėą ‚Ėą
      ‚Ėą ‚Ėą * Fixed music volume option saving \ restoring                 ‚Ėą ‚Ėą
      ‚Ėą ‚Ėą * Fixed minor timer precision issues                           ‚Ėą ‚Ėą
      ‚Ėą ‚Ėą * Fixed UI rendering vs HDR bloom issues                       ‚Ėą ‚Ėą
      ‚Ėą ‚Ėą * Fixed input system smoothness issues                         ‚Ėą ‚Ėą
      ‚Ėą ‚Ėą * Fixed cutscene skip issue in Jungle2 mission                 ‚Ėą ‚Ėą
      ‚Ėą ‚ĖĎ                                                                ‚Ėą ‚ĖĎ
   ‚ĖÄ‚Ėą‚Ėď‚ĖÄ‚ĖÄ‚ĖÄ‚ĖÄ‚ĖÄ‚ĖÄ‚ĖÄ‚ĖÄ‚ĖÄ‚ĖÄ‚ĖÄ‚ĖÄ‚ĖÄ‚ĖÄ‚ĖÄ‚ĖÄ‚Ėą‚Ėą‚ĖÄ‚ĖÄ‚ĖÄ‚ĖÄ‚ĖÄ‚ĖÄ‚ĖÄ‚ĖÄ‚ĖÄ‚ĖÄ‚ĖÄ‚ĖÄ‚ĖÄ‚ĖÄ‚ĖÄ‚ĖÄ‚ĖÄ‚ĖÄ‚ĖÄ‚ĖÄ‚ĖÄ‚ĖÄ‚ĖÄ‚ĖÄ‚ĖÄ‚ĖÄ‚ĖÄ‚ĖÄ‚ĖÄ‚ĖÄ‚ĖÄ‚ĖÄ‚ĖÄ‚ĖÄ‚ĖÄ‚ĖÄ‚ĖÄ‚ĖÄ‚ĖÄ‚ĖÄ‚ĖÄ‚ĖÄ‚ĖÄ‚ĖÄ‚ĖÄ‚ĖÄ‚ĖÄ ‚ĖÄ‚ĖÄ‚ĖÄ  ‚ĖÄ
    ‚ĖÄ‚Ėą‚ĖĆ Install Notes: ‚ĖÄ‚Ėą‚ĖĄ                                               ‚ĖĎ ‚Ėą
 ‚ĖĄ‚Ė†  ‚Ėź‚Ėď ‚ĖĄ‚ĖĄ‚ĖĄ‚ĖĄ‚ĖĄ‚ĖĄ‚ĖĄ‚ĖĄ‚ĖĄ‚ĖĄ‚ĖĄ‚ĖĄ‚ĖĄ‚ĖĄ‚ĖĄ‚ĖĄ‚ĖĄ‚Ėą‚Ėą‚ĖĄ                                             ‚Ėí ‚Ėą
‚Ėą   ‚ĖĄ‚Ėą‚ĖÄ ‚Ėą                                                                ‚Ėď ‚Ėą
 ‚ĖÄ‚ĖÄ‚ĖÄ  ‚ĖĎ ‚Ėą 1. Unpack release                                              ‚Ėą ‚Ėą
      ‚Ėí ‚Ėą 2. Update by running the included el_matador_patch_v_1_1.exe   ‚Ėą ‚Ėą
      ‚Ėą ‚Ėą 3. Copy the content from SKIDROW dir to your distination dir   ‚Ėą ‚Ėą
      ‚Ėą ‚Ėą 4. Play the game                                               ‚Ėą ‚Ėą
      ‚Ėą ‚Ėą                                                                ‚Ėą ‚Ėą
      ‚Ėą ‚Ėą Remember to check our cool tribute to CLASSIC cracktro first!  ‚Ėą ‚Ėą
      ‚Ėą ‚ĖĎ                                                                ‚Ėą ‚ĖĎ
   ‚ĖÄ‚Ėą‚Ėď‚ĖÄ‚ĖÄ‚ĖÄ‚ĖÄ‚ĖÄ‚ĖÄ‚ĖÄ‚ĖÄ‚ĖÄ‚ĖÄ‚ĖÄ‚ĖÄ‚ĖÄ‚ĖÄ‚ĖÄ‚ĖÄ‚Ėą‚Ėą‚ĖÄ‚ĖÄ‚ĖÄ‚ĖÄ‚ĖÄ‚ĖÄ‚ĖÄ‚ĖÄ‚ĖÄ‚ĖÄ‚ĖÄ‚ĖÄ‚ĖÄ‚ĖÄ‚ĖÄ‚ĖÄ‚ĖÄ‚ĖÄ‚ĖÄ‚ĖÄ‚ĖÄ‚ĖÄ‚ĖÄ‚ĖÄ‚ĖÄ‚ĖÄ‚ĖÄ‚ĖÄ‚ĖÄ‚ĖÄ‚ĖÄ‚ĖÄ‚ĖÄ‚ĖÄ‚ĖÄ‚ĖÄ‚ĖÄ‚ĖÄ‚ĖÄ‚ĖÄ‚ĖÄ‚ĖÄ‚ĖÄ‚ĖÄ‚ĖÄ‚ĖÄ‚ĖÄ ‚ĖÄ‚ĖÄ‚ĖÄ  ‚ĖÄ
    ‚ĖÄ‚Ėą‚ĖĆ Greetings:     ‚ĖÄ‚Ėą‚ĖĄ                                               ‚ĖĎ ‚Ėą
 ‚ĖĄ‚Ė†  ‚Ėź‚Ėď ‚ĖĄ‚ĖĄ‚ĖĄ‚ĖĄ‚ĖĄ‚ĖĄ‚ĖĄ‚ĖĄ‚ĖĄ‚ĖĄ‚ĖĄ‚ĖĄ‚ĖĄ‚ĖĄ‚ĖĄ‚ĖĄ‚ĖĄ‚Ėą‚Ėą‚ĖĄ                                             ‚Ėí ‚Ėą
‚Ėą   ‚ĖĄ‚Ėą‚ĖÄ ‚Ėą                                                                ‚Ėď ‚Ėą
 ‚ĖÄ‚ĖÄ‚ĖÄ  ‚ĖĎ ‚Ėą Salutes to our old Amiga friends from:                         ‚Ėą ‚Ėą
      ‚Ėí ‚Ėą                                                                ‚Ėą ‚Ėą
      ‚Ėą ‚Ėą FAIRLIGHT - RAZOR 1911 - VISION FACTORY - PARADOX - QUARTEX    ‚Ėą ‚Ėą
      ‚Ėą ‚Ėą DCS - CRYSTAL - ZENITH - ACCESSSION - ALPHA FLIGHT - PRODIGY   ‚Ėą ‚Ėą
      ‚Ėą ‚Ėą THE COMPANY - LEGEND - TRSI - ORACLE - ANTHROX - CLASSIC       ‚Ėą ‚Ėą
      ‚Ėą ‚Ėą                                                                ‚Ėą ‚Ėą
      ‚Ėą ‚Ėą Salutes to our new friends in:                                 ‚Ėą ‚Ėą
      ‚Ėą ‚Ėą                                                                ‚Ėą ‚Ėą
      ‚Ėą ‚Ėą 0x0007 - UNLEASHED - TiNYiSO - BREWERS - RELOADED - ENiGMA     ‚Ėą ‚Ėą
      ‚Ėą ‚Ėą ELECTRIC DRUGGIES - AVENGED - ADDONiA - HATRED - DAWN          ‚Ėą ‚Ėą
      ‚Ėą‚ĖĄ‚ĖĎ‚ĖĄ‚ĖĄ‚ĖĄ‚ĖĄ‚ĖĄ‚ĖĄ‚ĖĄ‚ĖĄ‚ĖĄ‚ĖĄ‚ĖĄ‚ĖĄ‚ĖĄ‚ĖĄ‚ĖĄ‚ĖĄ‚ĖĄ‚ĖĄ‚ĖĄ‚ĖĄ‚ĖĄ‚ĖĄ‚ĖĄ‚ĖĄ‚ĖĄ‚ĖĄ‚ĖĄ‚ĖĄ‚ĖĄ‚ĖĄ‚ĖĄ‚ĖĄ‚ĖĄ‚ĖĄ‚ĖĄ‚ĖĄ‚ĖĄ‚ĖĄ‚ĖĄ‚ĖĄ‚ĖĄ‚ĖĄ‚ĖĄ‚ĖĄ‚ĖĄ‚ĖĄ‚ĖĄ‚ĖĄ‚ĖĄ‚ĖĄ‚ĖĄ‚ĖĄ‚ĖĄ‚ĖĄ‚ĖĄ‚ĖĄ‚ĖĄ‚ĖĄ‚ĖĄ‚ĖĄ‚ĖĄ‚ĖĄ‚ĖĄ‚ĖĄ‚Ėą‚ĖĄ‚ĖĎ
        ‚ĖÄ‚ĖÄ‚Ėą‚Ėď‚ĖĄ             Logo and layout by: Eboy/SAE               ‚ĖĄ‚Ėď‚Ėą‚ĖÄ‚ĖÄ
  ‚ĖĄ‚ĖÄ‚ĖÄ‚ĖÄ‚Ė†‚ĖĄ  ‚Ėź‚Ėď‚Ėď‚ĖĆ          Last updated 21/07/2007 by [XXX]            ‚Ėź‚Ėď‚Ėď‚ĖĆ  ‚ĖĄ‚Ė†‚ĖÄ‚ĖÄ‚ĖĄ
  ‚ĖÄ‚ĖĄ    ‚ĖÄ‚ĖÄ‚ĖÄ‚ĖÄ‚ĖÄ ‚ĖÄ  ‚ĖÄ‚ĖÄ‚ĖÄ ‚ĖÄ‚ĖÄ‚ĖÄ‚ĖÄ‚ĖÄ‚ĖÄ‚ĖÄ‚ĖÄ‚ĖÄ‚ĖÄ‚ĖÄ‚ĖÄ‚ĖÄ‚ĖÄ‚ĖÄ‚ĖÄ‚ĖÄ‚ĖÄ‚ĖÄ‚ĖÄ‚ĖÄ‚ĖÄ‚ĖÄ‚ĖÄ‚ĖÄ‚ĖÄ‚ĖÄ‚ĖÄ‚ĖÄ‚ĖÄ‚ĖÄ‚ĖÄ‚ĖÄ‚ĖÄ‚ĖÄ‚ĖÄ‚ĖÄ‚ĖÄ‚ĖÄ‚ĖÄ ‚ĖÄ‚ĖÄ‚ĖÄ  ‚ĖÄ ‚ĖÄ‚ĖÄ‚ĖÄ‚ĖÄ‚ĖÄ   ‚ĖĄ‚ĖÄ
    ‚ĖÄ
