
                                                          ░▒████▒░
                                                      ░▒█████████████
                                                   ░▒████▓   ░░   ████
                                            ░░▒▓█▓███████▒  ░░░░░  ████
                                        ░░█▓▒▒     ▒██▓▓██▒  ░░░░░  ████
                                ░▒▓█████████   ░░░  ▓██▓▓██▒  ░░░░░  ███▓
                             ▒▓█▓    ░██▓▓███  ░░░░  ▓██▓▓██▒  ░░░░░  ▒██
                    ░▓█████████   ░░░ ░██▓▓██▓  ░░░░  ▓██▓▓██░        ░██░
             ░▒▓█████     ██▒▒██  ░░░░ ░██▓▓██▓  ░░░░  ▒██▓▓██░▒█████████▒
       ░▓███████████  ░░░  ██▒▒██  ░░░░ ░██▓▓██▒        ▓██████████▓▒
   ░▓█████     ▒█████  ░░░  ██▒▒██   ░░  ░██▓▓██░▒██████████▒░
  ███      ▒█  ░░▒▓███  ░░░  ██▒▒██▒      ▓██████████▒
  █   ░▒▓█████  ░░▒▓███  ░░░  ██▒▒████████████▓░
  █  ░▒▓████▓░   ░░▒▓███     ▓██████▓▒░
  █ ░▒▓████▓▒     ░░ ▒█████████▓▒░
  █ ▒▓█████░  █████▓░ ▓█▓▒
  █ ▓██████░  ██████████▒▒▓▓▒▒██████▒▒▓▓▒▒██████▒▒▓▓▒▒██████▒▒▓▓▒▒█████████▄
  █ ███████▒           ░██████░    ░██████░    ░██████░    ░██████░        ██
  █ ███████▓▒░                                                              ██
  █ ██████████████████████████████████████████████████████████████████████████
  █ █▓▒▒▒▒▒▒▒▒▒▒▒▒▒▒▒▒▒▒▒▒▒▒▒▒▒▒▒▒▒▒▒▒▒▒▒▒▒▒▒▒▒▒▒▒▒▒▒▒▒▒▒▒▒▒▒▒▒▒▒▒▒▒▒▒▒▒▒▒   █
  █ ▓▒▒▒▒▒▒▒▒▒     ▒▒▒▒     ▒▒▒▒▒▒▒▒▒▒▒▒▒▒▒▒▒▒▒▒▒▒▒   ▒    ▒▒▒   ▒▒▒▒    ▄▄█ █
  █ ▒▒▒ ▄ ▒▒▒  ███▌ ▒▒  ███▌ ▒▒▒▒ ▄ ▒▒▒▒▒▒▒ ▄ ▒▒▒▒ ▐█▄  ██ ▒  ▄█▄  ▒▒ ██████ █
  █ ▒▒ ▐█▌ ▒▒▒ ▐██ ▒▒▒▒ ▐██ ▒▒▒▒ ▐█▌ ▒▒▒▒▒ ▐█▌ ▒▒▒ ▐██▌ ██ ▒ █████   ▐██▀██▌ █
  █ ▒  ███ ▒▒▒ ▐██ ▒▒▒▒ ▐██ ▒▒▒▒▒ ▀ ▒▒▒▒▒  ███ ▒▒▒ ▐███ ██  ▐██ ▀█▌  ▐██  ▀  █
  █   ████ ▒▒▒ ▐██ ▒▒▒▒ ▐██ ▒▒▒▒ ▐█▌ ▒▒▒▒ ████ ▒▒▒ ▐██████  ██▌  ▐ ▒ ▐██ ▄▌▒ █
  █  ▐████▌ ▒▒ ▐██ ▒▒▒▒ ▐██ ▒▒▒▒ ███ ▒▒▒ ▐████▌ ▒▒ ███████  ██▌ ▒ ▒▒ ▐████▌▒ █
  █  ███ ██ ▒▒ ▐██ ▒▒▒▒ ▐██ ▒▒▒▒ ▐█▌ ▒▒▒ ███ ██ ▒▒ ███████  ██▌ ▒▒▒▒ ▐████▌▒ █
  █ ▐██▌ ▐█ ▒▒ ▐██ ▒▒▒▒ ▐██ ▒▒▒▒ ▐█▌ ▒▒ ▐██▌ ▐█ ▒▒ ██▐████  ███ ▒▒   ▐██ ▀▌▒ █
  █ ███████▌ ▒ ▐██ ▒  ▒ ▐██ ▒  ▒ ▐█▌ ▒▒ ███████▌ ▒ ██ ████▌ ███▌ ▒▐▌ ▐██ ▒▒▒ █
  █▐████████   ███▌  ▌  ███▌  ▌  ▐█▌ ▒ ▐████████  ▐██ ▐███▌ ████▄ ██ ▐██ ▒▒▒ █
  ██████████▌  ███▌  █  ███▌  █▌ ▐█▌ ▒ █████████▌ ▐██  ███▌ ████████ ▐██ ▒ ▐ █
  ████▀ ▀████  ███▌ ▐█▌ ███▌ ▐█▌ ▐█▌  ▐███▀ ▀████ ▐██ ▌▐███ ▐███████ ▐██▌ ▄█ █
  ████ ▒ ████ ▐███████▌▐███████▌ ▐█▌  ████ ▒ ████ ▐██ █ ███ ▐██████▌ ███████ █
 ▐████▌ ▐████▌▐███████▌▐███████▌ ▐█▌ ▐████▌ ▐████▌▐██ █▌▐██  ██████▌▐███████ █
 ▐████ ▒ ████▌▐███████▌▐███████▌ ███ ▐████ ▒ ████▌▐█▌▐▌█ ▐█▌ ▐█████ ████████ █
 ▀▀██▀   ▀██▀▀ ▀▀▀▀███▌ ▀▀▀▀███▌ ▀▀▀ ▀▀██▀   ▀██▀▀ ▀ █ ▀█ ▀ █ ▀███  ▀▀▀▀▀▀▀▀ █
 █▄▄▄▄█▀█▄▄▄▄█▀▀▀█▄▄ ▀▌▐▀▀█▄▄ ▀▌▐▀▀▀▀█▄▄▄▄█▀█▄▄▄▄█▀▀▀▀  ▀▀▀▀▀█▄ ▀ ▄█▀▀▀▀▀▀▀▀▀▀
                   ▀█▄▄█    ▀█▄▄█                              ▀▀▀▀▀ LIMITED

  ▓▀▀▀▀▀▀▀▀▀▀▀▀▀▀▀▀▀▀▀▀▀  R E L E A S E   -   I N F O ▀▀▀▀▀▀▀▀▀▀▀▀▀▀▀▀▀▀▀▀▀▀▀▀
  █
  █ Movie Name   : Shoot on Sight (2007) PAL
  █ Release Date : December 27th, 2008
  █ Runtime      : 112 min
  █ CD info      : XVID 592 x 320
  █   █ Rating       : User Rating: 6.1/10   129 votes 
  █ IMDB         : http://www.imdb.com/title/tt1038915/
  █
  ▓▀▀▀▀▀▀▀▀▀▀▀▀▀▀▀▀▀▀▀▀▀▀▀  E X T R A   -   N O T E S  ▀▀▀▀▀▀▀▀▀▀▀▀▀▀▀▀▀▀▀▀▀▀▀
  █ 
  █ Opening Weekend
  █ IMDB: Gross
  █ $1,350,000 (USA) (September 2008)
  █
  █ The Numbers screens:
  █ http://www.the-numbers.com/movies/2008/SHOST.php
  █ Theatrical Performance
  █ Total US Gross         $1,350,230
  █ International Gross $1,642,650
  █ Worldwide Gross         $2,992,880
  █
  █ ***NOTES***
  █ Do to the absence of proper group management and quality control we like to
  █ apologize for last years nukes and fuckups. The responable persons for these 
  █ fuckups, have been removed from ALLiANCE. The former founder returned after
  █ 8 months of absence, resulting in Quality Control and proper management.
  █ ALLiANCE will keep bringing you the best movies in the best quality in 2009!
  █
  █ We all wish you a nice Chirstmas and a Happy New Year!
  █ 
  ▓▀▀▀▀▀▀▀▀▀▀▀▀▀▀▀▀▀▀▀▀▀▀▀  CONTACT  -   N O T E S  ▀▀▀▀▀▀▀▀▀▀▀▀▀▀▀▀▀▀▀▀▀▀▀ 
  █
  █ Please contact us only if you have the following:
  █ 
  █ 1) Access to LINE or DIRECT audio streams
  █ 2) Access to unreleased VHS/DVDScreeners
  █ 3) Access to pre/retail/R5 unreleased movies
  █ 
  █ If you have acces to these mail: requestapply@hush.ai
  █
  █ *Only Pleaders and VCF may use our sources in german sector*
  █  
  ▀▀▀▀▀▀▀▀▀▀▀▀▀▀▀▀▀▀▀▀▀█
                ░░▒    █  We would like to send out big greets out to our 
      ██████████   ▒█  █  friends and/or competitors in the following groups.
     ▒       ██████  ███  past and present.
                █████  ██      
      ███████▓     ████  ██    COALiTiON  -  OPTiC  -  XPD  -  RELOADED         
 ▒  ░███████████    ░████ ██      
▒░  ██████████████    ████  █    LMG  -  BURGER  -  TWCiSO -  DoNE 
█   █████████████  ▓▒   ███░ ██           
█   ████████████▒  ███   ████ ██       VCF  -  LiGHTNING  -  NiKKi  -  PCD
█   ████████████   ████   ████ ▓█                  
█    ███████████   █████   ████ ▒█  ░ ▒████▄▄▄
█       ▒██████    ██████   ████ ▓█  ▄█  ███████░
██  ▓█     ▒███    ███████   ████ ▒ ███████▒ ██████
 █   ██▒           ████████   ████ ██░ ██ ████   ████▓    
 ██  ▓████     █▓  ████████   ▓██  █ ██  ▓█░      ▒▒████
  █▓  ██████  ████  ████████   ██ ████████   ░░░   ██ ███
  ██   ██████  ████   ███████  ██ █ ██ ▒█   ░░     ███▒▒██
   ██   ██████  ██░     ▒████  ░░ ██████   ░░      ░█ ████
▒   ██  ░█████            ░███    ███░██  ░░       ░█▓   ▒█
░▒   ██   ████▓    ████░     ██   ███▒█   ░        ░█▒█████
 ▒█   ██  ▒████    ████████       █████            ██ ███ █
  ▒█   ██  ░███   ▓██████████▒    ██ █▒  ░         ████████▒
   ▓█   ██   ██   █████████████   ████             █ ░███  ▓
    ██   ██░  █░  █████████████   ████            ██████████
     ██   ▓██    ██████████████   ████            █░▒████  █
      ▓██   ██    █████████████   ███            ██    ███ █
        ██   ░██   ███████████   ▓██            █ ░███░ ████
         ██▓   ███    ███████    ██            ██████████ ██
          ███░   ███           ██             ██  ██████  █
            ████    ███▓          ▒░        ███  ██████████
              ████░            ███        ███ █████████  █▓
                ▓███████████████       █████  ░███████████
                    ████████░              ██████████  ██
                                  ▒████      ▓██████  ██
                                  ██████████     █▒████
                                           ▒███▒
                                                ███
