                                                  
                                       ▒            
                                      █░            
         ░                           ██             
          █                        ▒██              
          ██                     █████              
          ███░░░              ░███████▓             
          ████▒░▒            █████████▓             
         ░█████░▒▒         ░█████████▓▒             
         ░██████ ▒         ██████████░              
          ███████▒▒       ██████████░░              
          ████████░     ░██████████▒▒░              
          ████████▓░    ██████████▒▒                
          ░████████▒▒  ███████████▓                 
           ████████▒  ██████████▓▓▒                 
           ▒███████▓  █████████▒▒                   
            ███████▒▒▓██▓██████▒              ▒▓████
  ░█▒ ░     ▒██████▒░░█████████        ░█████████▓  
   █████░    ▒██████ ████████▒     █████████████ ░  
    ███████   ██████░▒██████▒   ██████████████▓     
     ███████▒  █████░██████  ███████████████░▒      
      ████████▒ ████░████░ ████████████████▒        
        ████████░██▓▒███░▒██████████████▒▒          
         ░██████████ █▓▒██████████████▒░            
              ▓▓████▒▒██████████░█░                 
             ████████████▓███▓░  ░                  
           ░      ▓▒███████████████                 
                    ░█▒████████████████             
                     █  ▒█████████████████          
                ░           █▓███████░▒             
               ░                                    
              █                                     
             ▓                                      
                                                  
                                                                 ▄▄▄▄███████████▄▄                       
                                               ▄▄▄▄▄▄▄▄▄         ██████████████████▄                ▄▄▄▄▄
            ██████████████▄▄▄              ▄█████████████▄       ███████████████████       ▄▄▄▄██████████
            ██████████████████▄         ▄██████████████████      ███████████████████  ▄██████████████████
            ████████████████████      ▄███████▀▀▀ ▀▀▀██████     ▄██████████████████▀  ██████████████████▀
           █████████████████████    ▄███████▀        ▀█████     ████████▀▀▀▀███████   ███████████████▀▀▀ 
           ██████▀▀▀▀▀▀▀▀███████  ▄████████          ██████     ████████   ▄█████▀    ███████▀▀▀▀        
           ██████         █████▀ ▄█████████▄       ▄██████▀     ████████████████▀     ██████     ▄▄▄▄██  
           █████▀        ▄████▀ ▄████████████▄▄▄▄▄███████▀      █████████████▀        █████████████████  
          ██████       ▄████▀   ████████████████████████▀       ███████▀▀▀            ███████████████▀▀  
          ██████   ▄▄█████▀     ██████████████████████▀        ███████▀               █████              
          █████▄▄██████▀▀       ▀███████████████████▀          ███████                █████▄▄▄▄▄▄▄████   
          ████████▀▀▀            ▀███████████████▀             ███████               ▄███████████████    
         ▀▀▀▀▀▀                     ▀▀▀▀▀▀▀▀▀▀                 ▀▀▀▀▀                   ▀▀▀▀▀▀▀▀▀▀▀▀▀  
                                                                                                  ∙KaHn∙

    Ping.Pong.Playa.2007.DVDSCR.DVDR-D0PE              

    Release Date...: 29-10-2008
    US Theater Date: 2008
    Language.......: English
    Ripped.........: Nothing
    Genre..........: Comedy
    Rating imdb....: 7.6/10
    Url............: http://www.imdb.com/title/tt0991167/
                                                                                                       
                          ▄▄▄▄▄▄▄▄▄▄▄▄▄▄▄▄▄▄▄▄▄▄▄▄▄▄▄▄▄▄▄▄▄▄▄▄▄▄▄▄▄▄▄▄▄▄▄▄▄▄▄▄▄▄        
                        ██████████████▀▄▓▓▒▒░░·Release Info·░░▒▒▓▓▄▀██████████████      
                     ▄▀▀▀▄▄▄▄▄▄▄▄▄▄▄▄▄▄▄▄▄▄▄▄▄▄▄▄▄▄▄▄▄▄▄▄▄▄▄▄▄▄▄▄▄▄▄▄▄▄▄▄▄▄▄▄▄▄▄▄▀▀▀▄   
                      █                                                            █    
                       ▀▀▀▀▀▀▀▀▀▀▀▀▀▀▀▀▀▀▀▀▀▀▀▀▀▀▀▀▀▀▀▀▀▀▀▀▀▀▀▀▀▀▀▀▀▀▀▀▀▀▀▀▀▀▀▀▀▀▀▀    
          
          A kid dreams of playing professional basketball in order to escape his dead-end job,
         living in the suburbs, his bossy older brother and running his Mom's ping pong classes.

                          ▄▄▄▄▄▄▄▄▄▄▄▄▄▄▄▄▄▄▄▄▄▄▄▄▄▄▄▄▄▄▄▄▄▄▄▄▄▄▄▄▄▄▄▄▄▄▄▄▄▄▄▄▄▄        
                        ██████████████▀▄▓▓▒▒░░·   Greets   ·░░▒▒▓▓▄▀██████████████      
                     ▄▀▀▀▄▄▄▄▄▄▄▄▄▄▄▄▄▄▄▄▄▄▄▄▄▄▄▄▄▄▄▄▄▄▄▄▄▄▄▄▄▄▄▄▄▄▄▄▄▄▄▄▄▄▄▄▄▄▄▄▀▀▀▄   
                      █                                                            █    
                       ▀▀▀▀▀▀▀▀▀▀▀▀▀▀▀▀▀▀▀▀▀▀▀▀▀▀▀▀▀▀▀▀▀▀▀▀▀▀▀▀▀▀▀▀▀▀▀▀▀▀▀▀▀▀▀▀▀▀▀▀     
                                                                                                      
                          Only DOMiNO CAN USE OUR SOURCE. WORD 2 ALL!!!


        We need stuff (DVDs/SCR/DVDSCR/Sites/girlz)  - U know where to get us!!!
