        ██████████████                  
      ███▒▒▒▒▒▒▒▒▒▒▒▒█   ███████████   ███████████████████████████████      
      █▒▒▒░░░░▒▒░░░░▒█████▒▒▒▒▒▒▒▒▒█████▒▒▒▒▒▒▒▒▒▒▒▒▒▒▒▒▒▒▒▒▒▒▒▒▒▒▒▒▒████   
     ██▒░░░██░▒░░██░▒▒▒▒▒▒▒░░░░░░░▒▒▒▒▒▒▒░░░░▒▒▒░░░░░░▒▒▒░░░░░░░░░░░▒▒▒▒██  
     █▒▒░████░░░███░▒░░░░▒░░█████░▒▒░░░░▒░██░▒░░░████░▒▒░░█████░███░░░░▒▒██ 
     █▒░░█████░░███░░░██░░░██████░░░░██░▒░██░░░██████░░░░██████░██████░░▒▒██
    ██▒░██████░░███░░███░░███░░░░░░████░░░██░░███░░███░░███░░░░░░░█████░░▒▒█
    █▒▒░██████░░███░░███░░███░░░░░░███░░░███░░██░░░███░░███░░░░░░███░███░░▒█
   ██▒░░██░███░░███░░██░░░███░░░░░░████░░███░███░░░██░░░███░░░░░░███░░███░▒█
   █▒▒░███░███░░███░░██░░░██░░░░░░░████░░███░██░░░░░░░░░██░░░░░░░██░░░███░▒█
   █▒░░██░░███░░░██░░██░░███████░░█████░░██░███░░░░░░░░███████░░░██░░░░██░▒█
   █▒░████████░▒░██░██░░░███████░░██████░██░███░░░░░░░░███████░░░██░░░███░▒█
   █▒░███░░███░▒░█████░▒░███░░░░░░██░███░██░███░░░███░░███░░░░░░░██░░░██░░▒█
   █▒░██░░░███░▒░█████░▒░██░░░░░░░██░░█████░███░░░███░░██░░░░░░░███░░███░░▒█
   █▒░██░▒░██░░▒░░███░░▒░██░░░███░██░░█████░███░░████░░██░░░███░███░░████░▒█ 
   █▒░██░▒░██░▒▒▒░███░▒▒░███████░███░░░███░░█████████░░███████░░██░░████░░▒█
   █▒░░░░▒░██░▒▒▒░██░░▒▒░░████░░░██░░▒░███░▒░████░██░░░░████░░░░██████░░░▒▒█
   █▒▒▒▒▒▒░░░░▒▒▒░░░░▒▒▒▒░░░░░░▒░██░▒▒░░░░░▒░░░░░███░▒▒░░░░░░▒▒░░███░░░▒▒▒██
   ██████▒▒▒▒▒▒▒▒▒▒▒▒▒▒▒▒▒▒▒▒▒▒▒░██░▒▒▒▒▒▒▒▒▒▒▒▒░██░░▒▒▒▒░░░▒▒▒▒░░░░░▒▒▒███   
        ███████████████████████▒░░░░▒██████████▒░░░░▒███▒▒▒▒▒██▒▒▒▒▒▒▒███   
                              █▒▒▒▒▒▒█        █▒▒▒▒▒▒█ ████████████████
                              ████████        ████████                 
 ┌───══════════════════════════════════════════════════════════════════════───┐
 ║─────────────=(*)-           AVENGED PRESENTS...          ─(*)=─────────────║
 └───══════════════════════════════════════════════════════════════════════───┘
 ┌───══════════════════════════════════════════════════════════════════════───┐
 └────────═(*)-        Empire.Earth.III.CLONEDVD-AVENGED        -(*)═─────────┘
   │                                                                        │
   ║  NAME....: Empire Earth III                SIZE.......: 1DVD           ║
   ║  COMPANY.: Mad Doc Software                PROTECTION.: SecuROM        ║
   ║  DATE....: 7 November 2007                 GAME TYPE..: Strategy       ║
   ║                                                                        ║
   ║  URL.....: http://www.empireearth3.com/                                ║
   ║                                                                        ║
   ║                                                                        ║
   │                                                                        │
 ┌───══════════════════════════════════════════════════════════════════════───┐
 └────────────────────────────────────────────────────────────────────────────┘
          ────────────────────────────────────────────────────────────         
              ░▒▓██████████████████████████████████████████████▓▒░              
          ────────────────────────────────────────────────────────────         
 ┌───══════════════════════════════════════════════════════════════════════───┐
 └─────────────────────────═(*)- RELEASE NOTES -(*)═──────────────────────────┘
   │                                                                        │
   ║ Empire Earth III takes the legendary real time strategy franchise to   ║
   ║ new heights. Customize your own civilization based upon one of three   ║
   ║ unique factions; Western, Middle Eastern, Far Eastern. Build an empire ║
   ║ across a fully persistent globe that is yours to conquer as you        ║
   ║ command your armies through the span of human history of beyond.       ║
   ║ In Empire Earth III, the world is yours for the taking.                ║
   ║                                                                        ║
   │                                                                        │
 ┌───══════════════════════════════════════════════════════════════════════───┐
 └────────────────────────────────────────────────────────────────────────────┘
          ────────────────────────────────────────────────────────────
              ░▒▓██████████████████████████████████████████████▓▒░
          ────────────────────────────────────────────────────────────
 ┌───══════════════════════════════════════════════════════════════════════───┐
 └──────────────────────═(*)- INSTALL INSTRUCTIONS -(*)═──────────────────────┘
   │                                                                        │
   ║  1. Unpack                                                             ║
   ║  2. Mount with Daemon Tools v4.06. Install file is in Tools dir        ║
   ║  3. Use the latest YASU version on Daemon Tools website                ║
   ║  4. Install and use this key : ****-****-****-****-****                ║
   ║  5. When asked for part # use this key: *******                        ║
   ║  6. Have fun :D                                                        ║
   │                                                                        │
 ┌───══════════════════════════════════════════════════════════════════════───┐
 └────────────────────────────────────────────────────────────────────────────┘
          ────────────────────────────────────────────────────────────
              ░▒▓██████████████████████████████████████████████▓▒░
          ────────────────────────────────────────────────────────────
 ┌───══════════════════════════════════════════════════════════════════════───┐
 └────────────────────────═(*)- GROUP INFORMATION -(*)═───────────────────────┘
   │                                                                        │
   ║ W00t                                                                   ║
   ║                                                                        ║
   ║                                                                        ║
   ║                                                                        ║
 ┌───═════════════════════════════════════════════════════════════════════────┐
 └────────────────────────═(*)- GROUP GREETINGZ -(*)═─────────────────────────┘
   ║                                                                        ║
   ║                                                                        ║
   ║                 PROCYON - UNLEASHED - CLONECD - iTWINS                 ║
   ║                                                                        ║
   ║                                                                        ║
   │                                                                        │
 ┌───══════════════════════════════════════════════════════════════════════───┐
 └────────────────────────────────────────────────────────────────────────────┘
         ────────────────────────────────────────────────────────────
            -=)∙*∙(=-  -*-      AVENGED  2007      -*-  -=)∙*∙(=-
