                   ░░░░░░░            ░░░░░░░                                                  
                   ░▓▀█████:        `▀▀█████:                                                  
                     -░█████░-     ▀█████▀░░```````````                                        
                       ░█████▀▓░ :█████▀▀████████████████▓-                                   
        ``            ``░░▀████▀░▀████░░▓██████████████████▀░░                                 
      -████▀░        -███▀▀▀▀████████:`████::::::::::::▀██████                                 
      ▀█████▀▓:      -█████░░▓█████▀`  ████            `░█████`        `````                   
      ▀███████▀█░`   -█████░ ░████▀    ████░░░░░░░░░░░░█▀████░        ░████▀                  
      ▀███████████░- -█████░ ░████▀    ██████████████████████          █████░                  
      ▀█████:▓▀████▀▓░█████░ -████▀    █████░▀▀███▓▀▀▀▀██████          █████░                  
      ▀█████  -▀███████████░ ▓▀██▀▀`   █████░ ░▀███▀   ▀████▀░░░░░░░░░░▀████░                  
      ▀█████    ░░█▀███████░▀███████░  ░░░░░▓ █████▀░  ▀████████████████████░                  
      ▀█████      `:▓▀█████-█████████:    `░████████▓  ▀████▀▀▀▀▀▀▀▀▀▀▀▀████░                  
      ▀████▀         ░▀░██▀▀█████████▀▀  `▓██████████: ▀█████          █████░                  
                          -▀████░▓█████▀-█████▀▀░█████ ▀█████   `░:░▀▀▀▀██████░░`              
                          ░█████` ░▀████▀█████: :█████░▀████▓`░▓█▀█████████████▀█▓░`           
                         :█████▀   ░▀████████░   ██████`    ░██████▀█████████▀█████:          
                        `█████▀`    -██████▓`    :█████░   :▀████░:░         ░░█████-         
                        -▓▓▓▓▓░      `▀▓░▓░       ▀▓▓▓▓▓`  ▓█████             `█████░         
                                                           ▀█████`            `██████         
                          -- Ask For It By Name --        ░██████▀-           ░█████`         
                                                           ░▓▀███████████████████▀▀`          
          Racial Profiling                                   ░▀░▀█████████████▀░▀░            
                                                                 ░-:::::::::-`          
 ░-::                               ▄    ▄                             :::-
      RELEASEDATE: 05/09/2009       ▓█▄▄█▓       PROD STUDIO: Darkside Entertainment  
      DVD RELEASE: 05/06/2009       ░░██░░       GENRE         : Interracial  
      FORMAT     : XviD            ▄ ▓██▓ ▄      VIDEO      : 1533kbps 29.970 fps  
      RUNTIME    : 2hrs 54min      ▄█████▄░      RESOLUTiON : 576*320             
      SiZE       : 3CD           ░▄████▓████▄    DiSK AMOUNT: CD1 49x15  MB     
                    ░▓███▀░▀█░ ░▄████▓░░░▓████▄░  █▀░▀███▓░   CD2 49x15  MB 
      ▀     ░      ░▓███░    ░▄█████▓░   ░▓█████▄ ░   ░███▓░  CD3 49x15  MB
   ░▄██▄░   ▄ ▄▓▄    ░▓██▓██████▀▀░░ ▄     ░░▀▀██████▓██▓░            ░▄██▄░
  ░███░▀█ ░▄▄  ▀ ░▄    ░███▀▀▀░░    ▀▓▀  ░     ░░▀▀░███░   ░▄ ▀▄ ░▄▄░ █▀░███░
 ░███▓░  ░██   ▄▄█░ ▄█▀ ░███░                     ░███▓ ▀█▄ ░█▄▄░░░██░   ▓███░
  ░███▓░░██░ ▓██▀░ ▄█▓░░███░ ░░:  Movie Info  :░░ ░███ ░▓█▄░ ▀██▓ ░██░░▓███░
 ▀ ▓███▓██▓░▓██▓░  ██░▄███░     ~~~~~~~~~~~~~~~     ░███▄░██░ ░▓██▓░▓██▓███▓ ▄
 ░-:▀████▀░ ░▓███░ ░█████░                           ░█████░ ░███▓░ ░▀████▀░ ░
      ▀▀  ▀   ░▀▀▀   ▀▀▀                               ▀▀▀   ▀▀▀░ ▄    ▀▀
          ░            ▀                                ▀              ▀
      Cast:
       Charley Chase, Tatiana Kush, Aurora Snow, 
       Andi Anderson, Christina Moure 


      Plot:
       Warning! These Girls May Look Sweet But They 
       Tons Of Bonus Footage Included! 
       Charley Chase Melts On The Dick 4 Real! 
       Christina Amoure's First Black Cock Ever! 
       Aurora Snow, You Know What They Say About White 
       Girls... True Dat! 
       Andi Anderson, Blondes Do Have More Fun! 
       Tatiana Kush Takes On The Foot Long! 
              


       http://www.xonair.com/detail.cfm?id=10097825 
                      ▀ ▄▄▄▄░                     ░▄▄▄▄ ▀           
                    ░▓███▀░▀█░                   ░█▀░▀███▓░
                   ░▓███░   ▓                     ▓   ░███▓░            ░░ ▄
   ░▄██▄░ ▄  ▄▓▄  ▄  ░▓██▓░ ░                     ░ ░▓██▓░    ▄▓▄   ▄ ░▄██▄░
  ░███░▀█ ░▄▄ ▀  ░▄    ░███░                       ░███░   ░▄  ▀ ░▄▄░ █▀░███░
 ░███▓░  ░██ ░ ▄▄█░ ▄█▀ ░███░                      ███▓ ▀█▄ ░█▄▄░░░██░   ▓███░
  ░███▓░░██░░▓██▀░ ▄█▓░░███░ ░░:    Notes     :░░ ░███ ░▓█▄░ ▀██▓ ░██░░▓███░
   ▓███▓██▓░▓██▓░  ██░▄███░     ~~~~~~~~~~~~~~~     ░███▄░██░ ░▓██▓░▓██▓███▓
   ░▀████▀░ ░▓███░ ░█████░                            █████░ ░███▓░ ░▀████▀░
      ▀▀ ▄    ░▀▀▀   ▀▀▀                               ▀▀▀ ▄ ▀▀▀░      ▀▀
      ░▀  ░           ▀                                 ▀  ░  ▀
      
             
       

               ░▄░                            ▄  ░
                      ▀ ▄▄▄▄░                     ░▄▄▄▄ ▀          
      ░             ░▓███▀░▀█░                   ░█▀░▀███▓░
     ▀             ░▓███░   ▓                     ▓   ░███▓░       ░  ▄▀░░
   ░▄██▄░   ▄        ░▓██▓░ ░                     ░ ░▓██▓░    ▄▓▄  ▀  ░▄██▄░
  ░███░▀█ ░▄▄  ▄ ░▄    ░███░                       ░███░   ░▄  ▀ ░▄▄░ █▀░███░
 ░███▓░  ░██   ▄▄█░ ▄█▀ ░███░                      ███▓ ▀█▄ ░█▄▄░░░██░   ▓███░
  ░███▓░░██░░▓██▀░ ▄█▓░░███░ ░░:  Group Info  :░░ ░███ ░▓█▄░ ▀██▓ ░██░░▓███░
   ▓███▓██▓░▓██▓░  ██░▄███░     ~~~~~~~~~~~~~~~     ░███▄░██░ ░▓██▓░▓██▓███▓ ▀
   ░▀████▀░ ░▓███░ ░█████░                            █████░ ░███▓░ ░▀████▀░
      ▀▀ ▄    ░▀▀▀   ▀▀▀                               ▀▀▀   ▀▀▀░      ▀▀
      ▀         ▀    ▀                                  ▀     ▀         ▀

      Nympho understands the need and commitment it takes to be the best,  
      therefor we are dedicated in providing only the best in XviD xxx. 
             
      1) NYMPHO will release only quality porn.   
      2) Production year of 2007+. 
      3) Street date will not be older then 8 weeks. 
      4) No Amatuer porn nor 4hr, We Love" or 'Best Of' crap". 

                      ▀ ▄▄▄▄░                     ░▄▄▄▄ ▀           
                    ░▓███▀░▀█░                   ░█▀░▀███▓░
                   ░▓███░   ▓                     ▓   ░███▓░            ░░ ▄
   ░▄██▄░ ▄  ▄▓▄  ▄  ░▓██▓░ ░                     ░ ░▓██▓░    ▄▓▄   ▄ ░▄██▄░
  ░███░▀█ ░▄▄ ▀  ░▄    ░███░                       ░███░   ░▄  ▀ ░▄▄░ █▀░███░
 ░███▓░  ░██ ░ ▄▄█░ ▄█▀ ░███░                      ███▓ ▀█▄ ░█▄▄░░░██░   ▓███░
  ░███▓░░██░░▓██▀░ ▄█▓░░███░ ░░:   Greetings   :░░ ░███ ░▓█▄░ ▀██▓ ░██░░▓███░
   ▓███▓██▓░▓██▓░  ██░▄███░     ~~~~~~~~~~~~~~~     ░███▄░██░ ░▓██▓░▓██▓███▓
   ░▀████▀░ ░▓███░ ░█████░                           █████░ ░███▓░ ░▀████▀░
      ▀▀ ▄    ░▀▀▀   ▀▀▀      NYMPHO greets those      ▀▀▀ ▄ ▀▀▀░      ▀▀
      ░▀  ░           ▀   that support quality XXX:     ▀  ░  ▀

       PLEASURE, FLESHLiGHT, BRABUSTERS 
                
       NYMPHO also greets those that make the scene: 
                
       MEDiAMANiACS, xV, DiAMOND, D0NE. 
                           ░░  ▄               ▄ ░░ 
                         ░▄███▄░               ░▄███▄░
                       ░▓██▀▓▀██░             ░██▀▓▀██▓░
         ░▄             ▄▄█▄░ ░█▓░     ▄     ░▓█░ ░▄█▄▄  ▀          ▄░
    ░▄   ▄▄▄▄ ▀ ▄▓▄ ░▓███▀░▀█░ ██▓░   ▀▓▀   ░▓██ ░█▀░▀███▓░ ▄▓▄   ▄▄▄▄ ▀
      ▄████████▄ ▀ ░▓███░   ▓  ▓███▄     ▀ ▄███▓  ▓   ░███▓░ ▀ ▄████████▄  ░
    ░████▓░▀█████  ▄ ░▓██▓░ ░▄ ░▀█████▄▄██████▀░  ░ ░▓██▓░ ▄  █████▀░▓████░▀
   ░████▓░   ░████ ▀   ░███░     ░▀▀██████▀▀ ▄  ▄  ░███░   ▀ ████░   ░▓████░
  ░████░ ░█░  ▓████ ▄█▀ ░███░                ░ ▀▓▀ ███▓ ▀█▄ ████▓  █░  ░████░
  ░███▓░░▓██░ ░▓███▄█▓░░███░ ░iNFO UPDATE:░        ░███ ░▓█▄███▓░ ░██▓░░▓███░ ░
  ░████▓▓███░ ░▓█████░▄███░       ░: 08░11░2008 :░  ░███▄░█████▓░ ░███▓▓████░
   ░███████▀ ░▓████░██████▓    by TEAM NYMPHO        ▓██████░████▓░ ▀███████░
    ░█████▀ ░█████░  ▀▀▀░██░░  ascii by obwain   ░ ░██░▀▀▀ ▄ █████░ ▀█████░
     ░▀▀▀  ░███▀▀    ░▀  ░██░░                   ░░██░        ▀▀███░  ▀▀▀ ▄
       ▀  ▀▀▀▀  ▀         ░██▓▄█ ░▄         ▄░ █▄▓██░            ▀▀▀▀  ▀ ░
            ▀░              ▀█▀▓▀▀           ▀▀▓▀█▀░              ░▀
                               ░               ░
