ÔĽŅ    ‚Ėą‚Ėą‚Ėą‚Ėą‚Ėą‚Ėą‚Ėą‚Ėą‚Ėą‚Ėą‚Ėą‚Ėą‚Ėą‚Ėď    ‚Ėď‚Ėą‚Ėą‚Ėą‚Ėą‚Ėą‚Ėą‚Ėą‚Ėď‚Ėą‚Ėą‚Ėą‚Ėą‚Ėą‚Ėą‚Ėď‚Ėí             ‚Ėą‚Ėą‚Ėą‚Ėą‚Ėą‚Ėą‚Ėą‚Ėą‚Ėą‚Ėą‚Ėą        ‚Ėď‚Ėą‚Ėą‚Ėą‚Ėą‚Ėą‚Ėą‚Ėą‚Ėą‚Ėą
   ‚Ėą‚ĖĎ‚ĖĎ‚ĖĎ‚ĖĎ‚ĖĎ‚ĖĎ‚ĖĎ‚ĖĎ‚ĖĎ‚ĖĎ‚ĖĎ‚ĖĎ‚Ėą‚Ėą‚Ėď   ‚Ėą‚ĖĎ ‚ĖĎ‚ĖĎ‚Ėí‚Ėí‚Ėď‚Ėą‚ĖĎ‚ĖĎ‚ĖĎ‚ĖĎ‚ĖĎ‚ĖĎ‚Ėą‚Ėď‚ĖĎ           ‚Ėą‚ĖĎ‚ĖĎ‚ĖĎ‚ĖĎ‚ĖĎ‚ĖĎ‚ĖĎ‚ĖĎ‚ĖĎ‚ĖĎ‚ĖĎ‚Ėą       ‚Ėą‚Ėď‚ĖĎ‚ĖĎ‚ĖĎ‚ĖĎ‚ĖĎ‚Ėď‚Ėą
   ‚Ėą‚ĖĎ        ‚ĖĎ ‚ĖĎ‚ĖĎ‚ĖĎ‚Ėą‚Ėď  ‚Ėą‚ĖĎ‚Ėí‚Ėí‚Ėí‚Ėí‚Ėď‚Ėď‚Ėą‚ĖĎ‚ĖĎ   ‚ĖĎ‚Ėď‚Ėą‚Ėď          ‚Ėą‚ĖĎ        ‚ĖĎ ‚ĖĎ‚Ėą‚Ėď      ‚Ėą‚ĖĎ   ‚ĖĎ ‚Ėď‚Ėą
  ‚Ėď‚Ėą‚ĖĎ ‚ĖĎ‚ĖĎ‚ĖĎ‚Ėą‚Ėą‚Ėą‚Ėą‚ĖĎ‚ĖĎ‚ĖĎ‚ĖĎ‚ĖĎ‚ĖĎ‚Ėą‚Ėą ‚Ėď‚Ėą‚Ėą‚Ėą‚Ėą‚Ėą‚Ėą‚Ėą‚Ėą‚Ėď‚ĖĎ ‚ĖĎ‚ĖĎ‚ĖĎ‚ĖĎ‚Ėą‚Ėď         ‚Ėą‚ĖĎ  ‚ĖĎ‚ĖĎ‚ĖĎ‚ĖĎ‚ĖĎ‚ĖĎ‚ĖĎ‚ĖĎ‚ĖĎ‚ĖĎ‚ĖĎ‚Ėą‚Ėď    ‚Ėą‚ĖĎ ‚ĖĎ‚ĖĎ‚ĖĎ‚ĖĎ‚Ėą‚Ėą‚Ėď
  ‚Ėą‚ĖĎ  ‚ĖĎ‚ĖĎ‚Ėą‚Ėď‚Ėď‚Ėď‚Ėď‚Ėą‚ĖĎ‚ĖĎ‚ĖĎ‚ĖĎ‚ĖĎ‚Ėď‚Ėą‚Ėą ‚Ėď‚Ėď‚Ėď‚Ėď‚Ėď‚Ėď‚Ėď‚Ėą‚Ėí‚ĖĎ ‚ĖĎ‚ĖĎ‚ĖĎ‚ĖĎ‚Ėą‚Ėď        ‚Ėą‚ĖĎ  ‚ĖĎ‚ĖĎ‚ĖĎ‚ĖĎ‚ĖĎ‚ĖĎ‚ĖĎ‚ĖĎ‚ĖĎ‚ĖĎ‚ĖĎ‚ĖĎ‚ĖĎ‚Ėą   ‚Ėą‚ĖĎ ‚ĖĎ‚ĖĎ‚ĖĎ‚ĖĎ‚Ėą‚Ėď‚Ėď‚ĖĎ
  ‚Ėą‚ĖĎ ‚ĖĎ‚ĖĎ‚ĖĎ‚Ėą‚Ėď‚Ėď‚Ėď‚ĖĎ‚Ėď‚Ėą‚ĖĎ‚ĖĎ‚ĖĎ‚ĖĎ‚ĖĎ‚Ėď‚Ėą‚Ėą‚Ėą‚Ėą‚Ėą‚Ėą‚Ėą‚Ėą‚Ėą‚Ėą‚Ėí‚ĖĎ ‚ĖĎ‚ĖĎ‚ĖĎ‚ĖĎ‚Ėą‚Ėď       ‚Ėą‚ĖĎ  ‚ĖĎ‚ĖĎ‚ĖĎ‚ĖĎ‚ĖĎ‚Ėą‚Ėą‚ĖĎ‚ĖĎ‚ĖĎ‚ĖĎ‚ĖĎ‚ĖĎ‚ĖĎ‚Ėą‚Ėď ‚Ėą‚ĖĎ ‚ĖĎ‚ĖĎ‚ĖĎ‚ĖĎ‚Ėą‚Ėď‚Ėď‚ĖĎ 
  ‚Ėą‚ĖĎ ‚ĖĎ‚ĖĎ‚ĖĎ‚Ėą‚Ėď‚Ėď‚ĖĎ  ‚Ėď‚Ėą‚ĖĎ‚ĖĎ‚ĖĎ‚ĖĎ‚ĖĎ‚Ėą‚Ėą‚ĖĎ‚ĖĎ‚ĖĎ‚ĖĎ‚ĖĎ‚Ėí‚ĖĎ‚Ėą‚Ėď‚Ėí ‚ĖĎ‚ĖĎ‚ĖĎ‚ĖĎ‚Ėą‚Ėď‚ĖĎ     ‚Ėą‚ĖĎ  ‚Ėí‚ĖĎ‚ĖĎ‚ĖĎ‚Ėí‚Ėą‚Ėď‚Ėď‚Ėą‚ĖĎ‚ĖĎ‚ĖĎ‚ĖĎ‚ĖĎ‚ĖĎ‚ĖĎ‚Ėą‚Ėą‚ĖĎ ‚ĖĎ‚ĖĎ‚ĖĎ‚Ėď‚Ėą‚Ėď‚Ėď‚ĖĎ  
  ‚Ėą‚ĖĎ ‚ĖĎ‚ĖĎ‚Ėą‚Ėď‚Ėď‚ĖĎ   ‚ĖĎ‚Ėą‚ĖĎ‚ĖĎ‚ĖĎ‚ĖĎ‚ĖĎ‚Ėď‚Ėą‚ĖĎ   ‚Ėí ‚ĖĎ‚Ėą‚Ėď‚ĖĎ ‚Ėí‚Ėí‚ĖĎ‚ĖĎ‚Ėď‚Ėą‚Ėď    ‚Ėą‚Ėí  ‚ĖĎ‚ĖĎ‚ĖĎ‚Ėí‚Ėí‚Ėą‚Ėď‚Ėď‚ĖĎ ‚Ėą‚ĖĎ‚ĖĎ‚ĖĎ‚ĖĎ‚Ėí‚ĖĎ‚ĖĎ‚ĖĎ‚ĖĎ‚ĖĎ‚ĖĎ‚ĖĎ‚Ėą‚Ėą‚Ėď‚Ėď‚ĖĎ   
 ‚Ėď‚Ėą‚ĖĎ ‚ĖĎ‚ĖĎ‚Ėą‚Ėď‚Ėď‚ĖĎ    ‚Ėą‚Ėí‚ĖĎ‚ĖĎ‚Ėí‚ĖĎ‚Ėí‚Ėą‚ĖĎ ‚Ėí‚Ėí‚ĖĎ‚Ėí‚Ėí‚Ėą‚Ėď‚Ėí‚ĖĎ‚Ėí‚ĖĎ‚Ėí‚ĖĎ‚Ėí‚Ėą‚Ėď   ‚Ėą‚Ėí  ‚Ėí‚Ėí‚Ėí‚Ėí‚Ėí‚Ėą‚Ėď‚Ėď‚ĖĎ   ‚Ėą‚Ėí‚ĖĎ‚Ėí‚ĖĎ‚ĖĎ‚ĖĎ‚Ėí‚Ėí‚ĖĎ‚ĖĎ‚Ėą‚Ėď‚Ėď‚Ėď‚ĖĎ    
 ‚Ėą‚Ėí  ‚ĖĎ‚ĖĎ‚Ėą‚Ėď‚Ėď‚ĖĎ   ‚ĖĎ‚Ėą‚ĖĎ ‚Ėí‚ĖĎ‚Ėí‚Ėí‚Ėą‚ĖĎ ‚ĖĎ‚Ėí‚Ėí‚Ėí‚Ėí‚Ėą‚Ėď‚ĖĎ ‚Ėí‚Ėí‚Ėí‚Ėí‚Ėí‚Ėą‚Ėď  ‚Ėą‚Ėí  ‚Ėí‚Ėí‚Ėí‚Ėí‚Ėí‚Ėą‚Ėď‚Ėď‚ĖĎ   ‚Ėą‚Ėí ‚Ėí‚Ėí‚Ėí‚ĖĎ‚Ėí‚ĖĎ‚ĖĎ‚Ėí‚Ėí‚Ėą‚Ėď‚Ėď‚ĖĎ     
 ‚Ėą‚Ėí ‚Ėí‚Ėí‚ĖĎ‚Ėą‚Ėď‚Ėď‚ĖĎ   ‚Ėď‚Ėą‚Ėí‚Ėí‚Ėí‚Ėí‚Ėí‚Ėď‚Ėą‚Ėí ‚ĖĎ‚Ėí‚Ėí‚Ėí‚Ėí‚Ėą‚Ėď‚Ėď‚Ėí‚Ėí‚Ėí‚Ėí‚Ėí‚Ėí‚Ėą‚Ėď ‚Ėą‚Ėí ‚Ėí‚Ėí‚Ėí‚Ėí‚Ėí‚Ėí‚Ėą‚Ėď‚Ėď‚ĖĎ   ‚Ėą‚Ėí‚ĖĎ‚Ėí‚ĖĎ‚Ėí‚Ėí‚Ėí‚ĖĎ‚Ėí‚Ėí‚Ėí‚ĖĎ‚Ėą‚Ėď‚ĖĎ      
 ‚Ėą‚Ėí ‚Ėí‚Ėí‚Ėí‚Ėą‚Ėď‚Ėď‚ĖĎ   ‚Ėą‚Ėď ‚Ėí‚Ėí‚Ėď‚Ėí‚Ėą‚Ėą‚Ėí ‚Ėí‚Ėí‚Ėď‚Ėí‚Ėď‚Ėą‚Ėą‚Ėď‚Ėď‚Ėí‚Ėí‚Ėí‚Ėí‚Ėí‚Ėą‚Ėď‚Ėą‚Ėí‚Ėí‚Ėí‚Ėí‚Ėí‚Ėí‚Ėí‚Ėí‚Ėą‚Ėď‚Ėď‚ĖĎ   ‚Ėą‚Ėí ‚Ėí‚Ėí‚Ėí‚Ėí‚Ėą‚Ėí‚Ėí‚Ėí‚Ėí‚Ėí‚Ėí‚Ėí‚Ėą‚Ėď      
 ‚Ėą‚Ėí ‚Ėď‚Ėí‚Ėą‚Ėď‚Ėď‚ĖĎ   ‚ĖĎ‚Ėą‚Ėí ‚Ėí‚Ėí‚Ėď‚Ėą‚Ėď‚Ėą‚Ėí ‚Ėí‚Ėď‚Ėí‚Ėí‚Ėď‚Ėą‚Ėď‚Ėą‚Ėď‚Ėď‚Ėď‚Ėí‚Ėí‚Ėí‚Ėą‚Ėą‚Ėí ‚Ėí‚Ėí‚Ėí‚Ėí‚Ėď‚Ėď‚Ėą‚Ėď‚Ėď‚ĖĎ   ‚Ėą‚Ėď ‚Ėí‚Ėí‚Ėí‚Ėí‚Ėą‚Ėď‚Ėą‚Ėí‚Ėď‚Ėí‚Ėď‚Ėí‚Ėí‚Ėď‚Ėą‚Ėď     
‚Ėď‚Ėą‚Ėď ‚Ėď‚Ėí‚Ėą‚Ėď‚Ėď‚ĖĎ  ‚ĖĎ‚Ėą‚Ėí  ‚Ėď‚Ėď‚Ėą‚Ėď‚Ėď‚Ėą‚Ėď ‚Ėí‚Ėď‚Ėď‚Ėď‚Ėď‚Ėą‚Ėď‚Ėď‚Ėą‚Ėď‚Ėď‚Ėď‚Ėí‚Ėí‚Ėí‚Ėí‚Ėí‚Ėí‚Ėí‚Ėí‚Ėď‚Ėď‚Ėď‚Ėą‚Ėď‚Ėď‚ĖĎ   ‚Ėą‚Ėí ‚Ėď‚Ėď‚Ėí‚Ėď‚Ėą‚Ėď‚Ėď‚ĖĎ‚Ėą‚Ėí‚Ėí‚Ėď‚Ėď‚Ėí‚Ėí‚Ėą‚Ėď‚ĖĎ    
‚Ėą‚Ėď  ‚Ėď‚Ėď‚Ėą‚Ėď‚Ėď‚ĖĎ ‚Ėď‚Ėą‚Ėď  ‚Ėď‚Ėí‚Ėą‚Ėď‚Ėď ‚Ėą‚Ėí ‚Ėď‚Ėď‚Ėď‚Ėď‚Ėď‚Ėą‚Ėď‚Ėď‚Ėą‚Ėą‚Ėď‚Ėď‚Ėď‚Ėď‚Ėí‚Ėď‚Ėď‚Ėí‚Ėď‚Ėď‚Ėď‚Ėď‚Ėą‚Ėď‚Ėď‚ĖĎ   ‚Ėą‚Ėď ‚Ėí‚Ėď‚Ėď‚Ėď‚Ėą‚Ėď‚Ėď‚ĖĎ ‚Ėą‚Ėď‚Ėď‚Ėď‚Ėí‚Ėď‚Ėď‚Ėí‚Ėą‚Ėď    
‚Ėą‚Ėď ‚Ėď‚Ėď‚Ėď‚Ėď‚Ėą‚Ėą‚Ėą‚Ėą‚Ėą‚Ėď‚Ėď‚Ėď‚Ėď‚Ėą‚Ėą‚Ėď‚Ėď  ‚Ėą‚Ėď‚Ėí‚Ėď‚Ėď‚Ėď‚Ėď‚Ėď‚Ėą‚Ėď‚Ėď ‚Ėą‚Ėď‚Ėď‚Ėď‚Ėď‚Ėď‚Ėď‚Ėď‚Ėď‚Ėď‚Ėď‚Ėď‚Ėą‚Ėď‚Ėď‚ĖĎ   ‚Ėą‚Ėď ‚Ėď‚Ėď‚Ėď‚Ėď‚Ėą‚Ėď‚Ėď‚ĖĎ  ‚ĖĎ‚Ėą‚Ėď‚Ėď‚Ėď‚Ėď‚Ėď‚Ėď‚Ėí‚Ėą‚Ėď   
‚Ėą‚Ėď‚Ėď‚Ėď‚Ėď‚Ėď‚Ėď‚Ėď‚Ėď‚Ėď‚Ėď‚Ėď‚Ėď‚Ėą‚Ėą‚Ėą‚Ėď‚Ėď‚Ėď‚ĖĎ  ‚Ėą‚Ėí ‚Ėď‚Ėď‚Ėď‚Ėď‚Ėď‚Ėą‚Ėď‚Ėď ‚Ėď‚Ėą‚Ėď‚Ėď‚Ėď‚Ėď‚Ėď‚Ėď‚Ėď‚Ėď‚Ėď‚Ėą‚Ėď‚Ėď‚ĖĎ   ‚Ėą‚Ėď ‚Ėď‚Ėď‚Ėď‚Ėď‚Ėą‚Ėď‚Ėď‚ĖĎ    ‚Ėą‚Ėď‚Ėď‚Ėď‚Ėď‚Ėď‚Ėď‚Ėď‚Ėď‚Ėą‚Ėď  
‚Ėą‚Ėď ‚Ėď‚Ėď‚Ėď‚Ėď‚Ėď‚Ėď‚Ėď‚Ėď‚Ėą‚Ėą‚Ėď‚Ėď‚Ėď‚Ėď‚Ėď‚ĖĎ   ‚Ėą‚Ėď‚Ėď‚Ėď‚Ėď‚Ėď‚Ėď‚Ėď‚Ėą‚Ėď‚Ėď  ‚Ėą‚Ėď‚Ėď‚Ėď‚Ėď‚Ėď‚Ėď‚Ėď‚Ėď‚Ėą‚Ėď‚Ėď‚ĖĎ   ‚Ėą‚Ėď‚Ėď‚Ėď‚Ėď‚Ėí‚Ėď‚Ėą‚Ėď‚Ėď‚ĖĎ      ‚Ėą‚Ėď‚Ėď‚Ėď‚Ėď‚Ėď‚Ėď‚Ėď‚Ėą‚Ėď‚ĖĎ 
‚Ėą‚Ėą‚Ėą‚Ėą‚Ėą‚Ėą‚Ėą‚Ėą‚Ėą‚Ėą‚Ėą‚Ėď‚Ėď‚Ėď‚Ėď‚Ėď‚ĖĎ     ‚Ėą‚Ėą‚Ėą‚Ėą‚Ėą‚Ėą‚Ėą‚Ėą‚Ėą‚Ėď‚Ėď  ‚ĖĎ‚Ėą‚Ėą‚Ėą‚Ėą‚Ėą‚Ėą‚Ėą‚Ėą‚Ėď‚Ėď‚ĖĎ  ‚Ėą‚Ėą‚Ėą‚Ėą‚Ėą‚Ėą‚Ėą‚Ėą‚Ėą‚Ėď‚Ėď‚ĖĎ       ‚Ėą‚Ėą‚Ėą‚Ėą‚Ėą‚Ėą‚Ėą‚Ėą‚Ėą‚Ėą‚Ėď 
‚ĖĎ‚Ėď‚Ėď‚Ėď‚Ėď‚Ėď‚Ėď‚Ėď‚Ėď‚Ėď‚Ėď‚Ėď‚Ėď‚Ėď‚ĖĎ       ‚ĖĎ‚Ėď‚Ėď‚Ėď‚Ėď‚Ėď‚Ėď‚Ėď‚Ėď‚Ėď‚ĖĎ    ‚ĖĎ‚Ėď‚Ėď‚Ėď‚Ėď‚Ėď‚Ėď‚Ėď‚ĖĎ    ‚Ėď‚Ėď‚Ėď‚Ėď‚Ėď‚Ėď‚Ėď‚Ėď‚Ėď‚ĖĎ         ‚Ėď‚Ėď‚Ėď‚Ėď‚Ėď‚Ėď‚Ėď‚Ėď‚Ėď‚Ėď‚ĖĎ
 ‚ĖĎ‚Ėą‚Ėą‚Ėą‚Ėą‚Ėą‚Ėą‚Ėą‚Ėą‚Ėą‚Ėď ‚Ėą‚Ėą‚Ėą‚Ėą      ‚ĖĎ‚ĖĎ‚ĖĎ‚Ėď‚Ėą‚Ėą‚Ėď‚ĖĎ‚ĖĎ ‚ĖĎ‚Ėą‚Ėą‚Ėą‚Ėą‚Ėą‚Ėą‚Ėą‚Ėą‚Ėą‚Ėą‚Ėď  ‚ĖĎ‚Ėą‚Ėą‚Ėą‚Ėą‚ĖĎ‚ĖĎ‚ĖĎ‚ĖĎ‚ĖĎ‚ĖĎ‚Ėď‚Ėą‚Ėą‚Ėą‚Ėą‚Ėą‚Ėą‚Ėď   ‚Ėą‚Ėą‚Ėą‚ĖĎ‚ĖĎ‚ĖĎ‚ĖĎ‚Ėą‚Ėą‚Ėą‚ĖĎ
 ‚Ėą‚Ėą‚Ėą‚Ėą‚Ėą‚Ėą‚Ėą‚Ėą‚Ėą‚Ėą‚Ėď ‚Ėą‚Ėą‚Ėą‚Ėą      ‚ĖĎ‚Ėď‚Ėą‚Ėą‚Ėą‚Ėą‚Ėą‚Ėą  ‚Ėą‚Ėą‚Ėą‚Ėą‚Ėą‚Ėą‚Ėą‚Ėą‚Ėą‚Ėą‚Ėď  ‚ĖĎ‚Ėą‚Ėą‚Ėą‚Ėą‚Ėą‚Ėą‚Ėą    ‚Ėą‚Ėą‚Ėą‚Ėą‚Ėą‚Ėą‚Ėą‚Ėą‚Ėď  ‚Ėą‚Ėą‚Ėą    ‚Ėą‚Ėą‚Ėą 
 ‚Ėą‚Ėą‚Ėą‚Ėą‚Ėą‚Ėą‚Ėą‚Ėą‚Ėą‚Ėď ‚Ėď‚Ėą‚Ėą‚Ėą‚Ėą‚Ėď    ‚Ėď‚Ėą‚Ėą‚Ėą‚Ėą‚Ėą‚Ėą‚Ėą‚Ėą  ‚Ėą‚Ėą‚Ėą‚Ėą‚Ėą‚Ėą‚Ėą‚Ėą‚Ėą‚Ėą  ‚Ėď‚Ėą‚Ėą‚Ėą‚Ėą‚Ėą‚Ėą‚Ėą‚Ėą‚Ėď   ‚Ėą‚Ėą‚Ėą‚Ėą‚Ėą‚Ėą‚Ėą‚Ėą‚Ėą  ‚Ėď‚Ėą‚Ėą‚Ėď  ‚Ėď‚Ėą‚Ėą‚ĖĎ 
 ‚Ėą‚Ėą‚Ėą‚Ėą‚Ėď‚Ėď     ‚Ėą‚Ėą‚Ėą‚Ėą‚Ėą‚Ėą    ‚Ėą‚Ėą‚Ėą‚Ėą‚Ėď‚ĖĎ‚Ėą‚Ėą‚Ėą‚Ėď ‚ĖĎ‚ĖĎ‚ĖĎ‚Ėď‚Ėą‚Ėą‚Ėą‚Ėď‚ĖĎ‚ĖĎ  ‚Ėą‚Ėą‚Ėą‚Ėą‚ĖĎ‚ĖĎ‚Ėą‚Ėą‚Ėą‚Ėą  ‚Ėď‚Ėą‚Ėą‚Ėą ‚Ėď‚Ėą‚Ėą‚Ėą‚Ėą  ‚ĖĎ‚Ėą‚Ėą‚Ėą ‚Ėď‚Ėą‚Ėą‚ĖĎ  
 ‚Ėą‚Ėą‚Ėą‚Ėď      ‚ĖĎ‚Ėą‚Ėą‚Ėď‚Ėą‚Ėą‚Ėą   ‚ĖĎ‚Ėą‚Ėą‚Ėą    ‚Ėď      ‚Ėą‚Ėą‚Ėą‚Ėą    ‚Ėď‚Ėą‚Ėą‚Ėď   ‚Ėď‚Ėą‚Ėą‚Ėą  ‚Ėą‚Ėą‚Ėą‚Ėď   ‚Ėą‚Ėą‚Ėą   ‚Ėą‚Ėą‚Ėą‚Ėą‚Ėą‚Ėą‚Ėď   
 ‚Ėą‚Ėą‚Ėą‚Ėą‚Ėą‚Ėą‚Ėą   ‚Ėą‚Ėą‚Ėą ‚Ėą‚Ėą‚Ėą   ‚Ėą‚Ėą‚Ėą‚Ėď           ‚Ėą‚Ėą‚Ėą‚Ėď    ‚Ėą‚Ėą‚Ėą     ‚Ėą‚Ėą‚Ėą  ‚Ėą‚Ėą‚Ėą‚ĖĎ ‚Ėď‚Ėą‚Ėą‚Ėą‚Ėď   ‚Ėď‚Ėą‚Ėą‚Ėą‚Ėą‚Ėą    
 ‚Ėą‚Ėą‚Ėą‚Ėą‚Ėą‚Ėą‚Ėą   ‚Ėą‚Ėą‚Ėď ‚Ėą‚Ėą‚Ėą   ‚Ėą‚Ėą‚Ėą            ‚Ėą‚Ėą‚Ėą     ‚Ėą‚Ėą‚Ėą     ‚Ėą‚Ėą‚Ėą  ‚Ėą‚Ėą‚Ėą‚Ėą‚Ėą‚Ėą‚Ėą‚Ėą‚Ėą     ‚Ėą‚Ėą‚Ėą‚Ėą‚ĖĎ    
 ‚Ėą‚Ėą‚Ėą‚Ėą‚Ėą‚Ėą‚Ėą  ‚Ėď‚Ėą‚Ėą‚Ėď ‚Ėą‚Ėą‚Ėą‚Ėď  ‚Ėą‚Ėą‚Ėą            ‚Ėą‚Ėą‚Ėą     ‚Ėą‚Ėą‚Ėą    ‚Ėď‚Ėą‚Ėą‚Ėą  ‚Ėą‚Ėą‚Ėą‚Ėą‚Ėą‚Ėą‚Ėą‚Ėą‚ĖĎ     ‚Ėą‚Ėą‚Ėą‚Ėą     
‚Ėą‚Ėą‚Ėą‚Ėą‚Ėď     ‚Ėą‚Ėą‚Ėą‚Ėą‚Ėą‚Ėą‚Ėą‚Ėą‚Ėą  ‚Ėą‚Ėą‚Ėą‚ĖĎ   ‚Ėą‚Ėď      ‚Ėą‚Ėą‚Ėą     ‚Ėą‚Ėą‚Ėą    ‚Ėą‚Ėą‚Ėą‚Ėď  ‚Ėą‚Ėą‚Ėą‚Ėą‚Ėą‚Ėą‚Ėą       ‚Ėą‚Ėą‚Ėą‚Ėą     
‚Ėą‚Ėą‚Ėą      ‚Ėą‚Ėą‚Ėą‚Ėą‚Ėą‚Ėą‚Ėą‚Ėą‚Ėą‚Ėą  ‚Ėą‚Ėą‚Ėą‚Ėď  ‚ĖĎ‚Ėą‚Ėą‚Ėą     ‚Ėą‚Ėą‚Ėą     ‚Ėą‚Ėą‚Ėą‚ĖĎ  ‚ĖĎ‚Ėą‚Ėą‚Ėą  ‚ĖĎ‚Ėą‚Ėą‚Ėą ‚Ėą‚Ėą‚Ėą‚Ėą      ‚Ėą‚Ėą‚Ėą‚Ėď     
‚Ėą‚Ėą‚Ėą      ‚Ėą‚Ėą‚Ėą‚Ėą‚Ėą‚Ėą‚Ėą‚Ėą‚Ėą‚Ėą  ‚Ėą‚Ėą‚Ėą‚Ėą‚Ėď‚Ėď‚Ėą‚Ėą‚Ėą‚ĖĎ    ‚Ėď‚Ėą‚Ėą‚Ėą     ‚Ėą‚Ėą‚Ėą‚Ėą‚Ėď‚Ėď‚Ėą‚Ėą‚Ėą‚ĖĎ  ‚Ėą‚Ėą‚Ėą‚Ėą ‚ĖĎ‚Ėą‚Ėą‚Ėą‚Ėď     ‚Ėą‚Ėą‚Ėą      
‚Ėą‚Ėą‚Ėą     ‚Ėď‚Ėą‚Ėą‚Ėą‚Ėď‚ĖĎ‚ĖĎ‚ĖĎ‚Ėą‚Ėą‚Ėą  ‚ĖĎ‚Ėą‚Ėą‚Ėą‚Ėą‚Ėą‚Ėą‚Ėą‚Ėą     ‚Ėą‚Ėą‚Ėą‚Ėď     ‚Ėď‚Ėą‚Ėą‚Ėą‚Ėą‚Ėą‚Ėą‚Ėą‚Ėą   ‚Ėą‚Ėą‚Ėą‚ĖĎ  ‚Ėą‚Ėą‚Ėą‚Ėą     ‚Ėą‚Ėą‚Ėą      
‚Ėą‚Ėą‚Ėą     ‚Ėą‚Ėą‚Ėą‚Ėď    ‚Ėą‚Ėą‚Ėą   ‚Ėą‚Ėą‚Ėą‚Ėą‚Ėą‚Ėą‚Ėą      ‚Ėą‚Ėą‚Ėą       ‚Ėą‚Ėą‚Ėą‚Ėą‚Ėą‚Ėą‚Ėď    ‚Ėą‚Ėą‚Ėą   ‚Ėą‚Ėą‚Ėą‚Ėą     ‚Ėą‚Ėą‚Ėą      
‚Ėď‚Ėď‚Ėď     ‚Ėď‚Ėď‚Ėď     ‚Ėď‚Ėď‚Ėď    ‚Ėď‚Ėď‚Ėď‚Ėď‚Ėď       ‚Ėď‚Ėď‚Ėď        ‚Ėď‚Ėď‚Ėď‚Ėď      ‚Ėď‚Ėď‚Ėď    ‚Ėď‚Ėď‚Ėď     ‚Ėď‚Ėď‚Ėď      
                                                                                
‚ĖĎ ‚ĖĎ‚ĖĎ  ‚ĖĎ‚ĖĎ‚ĖĎ‚ĖĎ‚Ėí‚ĖĎ‚Ėí‚Ėí‚Ėí‚Ėí‚Ėí‚Ėí‚Ėď‚Ėí‚Ėí‚Ėď‚Ėď‚Ėí‚Ėď‚Ėď‚Ėď‚Ėď‚Ėď‚Ėď‚Ėď‚Ėď‚Ėď‚Ėď‚Ėď‚Ėď‚Ėď‚Ėď‚Ėď‚Ėď‚Ėď‚Ėď‚Ėď‚Ėď‚Ėď‚Ėď‚Ėď‚Ėď‚Ėď‚Ėď‚Ėď‚Ėď‚Ėď‚Ėď‚Ėď‚Ėí‚Ėí‚Ėď‚Ėď‚Ėí‚Ėď‚Ėí‚Ėí‚Ėí‚Ėí‚Ėí‚Ėí‚Ėí‚Ėí‚ĖĎ‚Ėí‚ĖĎ‚ĖĎ‚ĖĎ‚ĖĎ ‚ĖĎ‚ĖĎ ‚ĖĎ
                                                                                
[ ... DIVX FACTORY ... ] .......................... [ ... PROUDLY PRESENTS ... ]

                                                                      ‚Ėď‚Ėą‚Ėą‚Ėą‚Ėď     
      ‚Ėď‚Ėą‚Ėą‚Ėą‚Ėą‚Ėą‚Ėą‚Ėą‚Ėą‚Ėą‚Ėą‚Ėą‚Ėą‚Ėą‚Ėą‚Ėą‚Ėą‚Ėą‚Ėą‚Ėą‚Ėą‚Ėą‚Ėą‚Ėą‚Ėą‚Ėą‚Ėą‚Ėą‚Ėą‚Ėą‚Ėą‚Ėą‚Ėą‚Ėą‚Ėą‚Ėą‚Ėą‚Ėą‚Ėą‚Ėą‚Ėą‚Ėą‚Ėą‚Ėą‚Ėą‚Ėą‚Ėą‚Ėą‚Ėą‚Ėą‚Ėą‚Ėą‚Ėą‚Ėą‚Ėą‚Ėą‚Ėď      ‚Ėą‚Ėď  ‚ĖĎ‚Ėą‚Ėą    
   ‚Ėď‚Ėą‚Ėą‚Ėą                                                      ‚Ėą‚Ėą‚Ėď    ‚Ėď‚Ėď ‚Ėí‚Ėą‚Ėą‚Ėą‚Ėą‚Ėď   
  ‚Ėą‚Ėą                                                          ‚Ėą‚Ėď    ‚Ėą ‚Ėí‚Ėą‚Ėą‚Ėą‚ĖĎ‚Ėą‚Ėą   
 ‚Ėď‚Ėą ‚Ėď‚Ėď‚Ėď‚Ėď‚Ėď ‚Ėď‚Ėď‚Ėď‚Ėď  ‚Ėď    ‚Ėď‚Ėď‚Ėď‚Ėď  ‚Ėď‚Ėď‚Ėď‚Ėď ‚Ėď‚Ėď‚Ėď‚Ėď ‚Ėď‚Ėď‚Ėď‚Ėď    ‚Ėď ‚Ėď‚Ėď‚Ėď‚Ėď ‚Ėď‚Ėď‚Ėď‚Ėď ‚Ėď‚Ėď‚Ėď‚Ėď ‚Ėą‚Ėď    ‚Ėď ‚Ėą‚Ėą‚Ėą‚Ėí ‚Ėą‚Ėď   
 ‚Ėą  ‚Ėď   ‚Ėď ‚Ėď     ‚Ėď    ‚Ėď     ‚Ėď  ‚Ėď ‚Ėď    ‚Ėď       ‚Ėď ‚Ėď  ‚Ėď ‚Ėď    ‚Ėď  ‚Ėď ‚Ėą‚Ėď     ‚Ėď‚Ėą‚Ėą‚ĖĎ ‚Ėą‚Ėą    
‚Ėď‚Ėą  ‚Ėď‚Ėď ‚Ėď‚Ėď ‚Ėď‚Ėď‚Ėď   ‚Ėď‚Ėď   ‚Ėď‚Ėď‚Ėď   ‚Ėď‚Ėď‚Ėď‚Ėď ‚Ėď‚Ėď‚Ėď‚Ėď ‚Ėď‚Ėď‚Ėď     ‚Ėď ‚Ėď‚Ėď ‚Ėď ‚Ėď‚Ėď‚Ėď  ‚Ėď‚Ėď ‚Ėď ‚Ėą‚Ėď      ‚Ėď‚Ėą‚Ėą‚Ėą‚Ėď     
‚Ėą   ‚Ėď‚Ėď  ‚Ėď ‚Ėď‚Ėď    ‚Ėď‚Ėď   ‚Ėď‚Ėď    ‚Ėď‚Ėď ‚Ėď    ‚Ėď ‚Ėď‚Ėď      ‚Ėď ‚Ėď‚Ėď ‚Ėď ‚Ėď‚Ėď   ‚Ėď‚Ėď ‚Ėď  ‚Ėą‚Ėď               
‚Ėą   ‚Ėď‚Ėď  ‚Ėď ‚Ėď‚Ėď‚Ėď‚Ėď‚Ėď ‚Ėď‚Ėď‚Ėď‚Ėď ‚Ėď‚Ėď‚Ėď‚Ėď‚Ėď ‚Ėď‚Ėď ‚Ėď ‚Ėď‚Ėď‚Ėď‚Ėď ‚Ėď‚Ėď‚Ėď‚Ėď‚Ėď ‚Ėď ‚Ėď ‚Ėď‚Ėď ‚Ėď ‚Ėď‚Ėď   ‚Ėď‚Ėď‚Ėď‚Ėď   ‚Ėą‚Ėą‚Ėą‚Ėą‚Ėą‚Ėą‚Ėą‚Ėą‚Ėą‚Ėą‚Ėą‚Ėą‚Ėą   
‚Ėą                                                                           ‚Ėą‚Ėą  
‚Ėą                                                                            ‚Ėą‚Ėą‚Ėď
‚Ėą   Mean.Bitches.POV.XXX.DVDRiP.XviD-DivXfacTory                              ‚Ėą‚Ėď
‚Ėą                                                                             ‚Ėą‚Ėď
‚Ėą   RELEASEDATE: 13.10.2008            FORMAT     : XviD                      ‚Ėą‚Ėď
‚Ėą   PROD STUDIO: Kick Ass              RESOLUTiON : 512x384                   ‚Ėą‚Ėď
‚Ėą   DVD RELEASE: 06.10.2008            AUDiO      : VBR MP3                   ‚Ėą‚Ėď
‚Ėą   SiZE       : 1CD                   SUPPLiER   : DivXfacTory               ‚Ėą‚Ėď
‚Ėą   GENRE      : Gonzo                 DiSK AMOUNT: CD1 49x15  MB             ‚Ėą‚Ėď
‚Ėą                                                                             ‚Ėą‚Ėď
‚Ėą                                                                             ‚Ėą‚Ėď
‚Ėą                                                                             ‚Ėą‚Ėď
‚Ėą   http://www.adultdvd69.com/cgi-bin/dvd/67591.html                          ‚Ėą‚Ėď
‚Ėą                                                                             ‚Ėą‚Ėď
‚Ėą                                                                             ‚Ėą‚Ėď
 ‚Ėą                                                                           ‚Ėą‚Ėą‚Ėď
  ‚Ėą‚Ėą‚Ėą‚Ėą‚Ėą‚Ėą‚Ėą‚Ėą‚Ėą‚Ėą‚Ėą‚Ėą‚Ėą‚Ėą‚Ėą‚Ėą‚Ėą‚Ėą‚Ėą‚Ėą‚Ėą‚Ėą‚Ėą‚Ėą‚Ėą‚Ėą‚Ėą‚Ėą‚Ėą‚Ėą‚Ėą‚Ėą‚Ėą‚Ėą‚Ėą‚Ėą‚Ėą‚Ėą‚Ėą‚Ėą‚Ėą‚Ėą‚Ėą‚Ėą‚Ėą‚Ėą‚Ėą‚Ėą‚Ėą‚Ėą‚Ėą‚Ėą‚Ėą‚Ėą‚Ėą‚Ėą‚Ėą‚Ėą‚Ėą‚Ėą‚Ėą‚Ėą‚Ėą‚Ėą‚Ėą‚Ėą‚Ėą‚Ėą‚Ėą‚Ėą‚Ėą‚Ėą‚Ėą‚Ėą‚Ėą‚Ėą‚Ėď 
   ‚Ėď‚Ėď‚Ėď‚Ėď‚Ėď‚Ėď‚Ėď‚Ėď‚Ėď‚Ėď‚Ėď‚Ėď‚Ėď‚Ėď‚Ėď‚Ėď‚Ėď‚Ėď‚Ėď‚Ėď‚Ėď‚Ėď‚Ėď‚Ėď‚Ėď‚Ėď‚Ėď‚Ėď‚Ėď‚Ėď‚Ėď‚Ėď‚Ėď‚Ėď‚Ėď‚Ėď‚Ėď‚Ėď‚Ėď‚Ėď‚Ėď‚Ėď‚Ėď‚Ėď‚Ėď‚Ėď‚Ėď‚Ėď‚Ėď‚Ėď‚Ėď‚Ėď‚Ėď‚Ėď‚Ėď‚Ėď‚Ėď‚Ėď‚Ėď‚Ėď‚Ėď‚Ėď‚Ėď‚Ėď‚Ėď‚Ėď‚Ėď‚Ėď‚Ėď‚Ėď‚Ėď‚Ėď‚Ėď‚Ėď‚Ėď
                                            
                                                                      ‚Ėď‚Ėą‚Ėą‚Ėą‚Ėď     
      ‚Ėď‚Ėą‚Ėą‚Ėą‚Ėą‚Ėą‚Ėą‚Ėą‚Ėą‚Ėą‚Ėą‚Ėą‚Ėą‚Ėą‚Ėą‚Ėą‚Ėą‚Ėą‚Ėą‚Ėą‚Ėą‚Ėą‚Ėą‚Ėą‚Ėą‚Ėą‚Ėą‚Ėą‚Ėą‚Ėą‚Ėą‚Ėą‚Ėą‚Ėą‚Ėą‚Ėą‚Ėą‚Ėą‚Ėą‚Ėą‚Ėą‚Ėą‚Ėą‚Ėą‚Ėą‚Ėą‚Ėą‚Ėą‚Ėą‚Ėą‚Ėą‚Ėą‚Ėą‚Ėą‚Ėą‚Ėą‚Ėď      ‚Ėą‚Ėď  ‚ĖĎ‚Ėą‚Ėą    
   ‚Ėď‚Ėą‚Ėą‚Ėą                                                      ‚Ėą‚Ėą‚Ėď    ‚Ėď‚Ėď ‚Ėí‚Ėą‚Ėą‚Ėą‚Ėą‚Ėď   
  ‚Ėą‚Ėą                                                          ‚Ėą‚Ėď    ‚Ėą ‚Ėí‚Ėą‚Ėą‚Ėą‚ĖĎ‚Ėą‚Ėą   
 ‚Ėď‚Ėą  ‚Ėď‚Ėď‚Ėď  ‚Ėď‚Ėď‚Ėď‚Ėď ‚Ėď‚Ėď‚Ėď‚Ėď ‚Ėď‚Ėď‚Ėď‚Ėď‚Ėď           ‚Ėď‚Ėď‚Ėď‚Ėď‚Ėď ‚Ėď    ‚Ėď‚Ėď‚Ėď‚Ėď ‚Ėď‚Ėď‚Ėď‚Ėď‚Ėď     ‚Ėą‚Ėď    ‚Ėď ‚Ėą‚Ėą‚Ėą‚Ėí ‚Ėą‚Ėď   
 ‚Ėą   ‚Ėď    ‚Ėď  ‚Ėď ‚Ėď      ‚Ėď       ‚Ėď     ‚Ėď   ‚Ėď ‚Ėď    ‚Ėď  ‚Ėď   ‚Ėď       ‚Ėą‚Ėď     ‚Ėď‚Ėą‚Ėą‚ĖĎ ‚Ėą‚Ėą    
‚Ėď‚Ėą   ‚Ėď‚Ėď   ‚Ėď‚Ėď‚Ėď‚Ėď ‚Ėď‚Ėď‚Ėď‚Ėď   ‚Ėď‚Ėď    ‚Ėď‚Ėď‚Ėď‚Ėď‚Ėď   ‚Ėď‚Ėď ‚Ėď‚Ėď ‚Ėď‚Ėď   ‚Ėď‚Ėď ‚Ėď   ‚Ėď‚Ėď      ‚Ėą‚Ėď      ‚Ėď‚Ėą‚Ėą‚Ėą‚Ėď     
‚Ėą    ‚Ėď‚Ėď   ‚Ėď‚Ėď ‚Ėď    ‚Ėď   ‚Ėď‚Ėď      ‚Ėď     ‚Ėď‚Ėď    ‚Ėď‚Ėď   ‚Ėď‚Ėď ‚Ėď   ‚Ėď‚Ėď       ‚Ėą‚Ėď               
‚Ėą    ‚Ėď‚Ėď‚Ėď‚Ėď ‚Ėď‚Ėď ‚Ėď ‚Ėď‚Ėď‚Ėď‚Ėď   ‚Ėď‚Ėď            ‚Ėď‚Ėď    ‚Ėď‚Ėď‚Ėď‚Ėď ‚Ėď‚Ėď‚Ėď‚Ėď   ‚Ėď‚Ėď        ‚Ėą‚Ėą‚Ėą‚Ėą‚Ėą‚Ėą‚Ėą‚Ėą‚Ėą‚Ėą‚Ėą‚Ėą‚Ėą   
‚Ėą                                                                           ‚Ėą‚Ėą  
‚Ėą                                                                            ‚Ėą‚Ėą‚Ėď
‚Ėą    Bree Olson, Faith Leon, Misty Stone, Nyomi Marcela, Erika Vution, Sandra ‚Ėą‚Ėď
‚Ėą    Romain, Lauren Vaughn, Harmony, Cassandra Cruz                           ‚Ėą‚Ėď
‚Ėą                                                                             ‚Ėą‚Ėď
‚Ėą                                                                             ‚Ėą‚Ėď
‚Ėą    Are you ready to DO AS YOU ARE TOLD LIKE A GOOD BOY? These Beautiful     ‚Ėą‚Ėď
‚Ėą    Mistresses will treat you LIKE A LITTLE BITCH! They will use you for     ‚Ėą‚Ėď
‚Ėą    their pleasure, they will degrade you, and they will ORDER YOU TO        ‚Ėą‚Ėď
‚Ėą    MASTURBATE. And there is nothing you can do about it... THESE ARE        ‚Ėą‚Ėď
‚Ėą    SUPERIOR WOMEN AND YOU WILL OBEY! THIS DVD FEATURES POV ASS WORSHIP,     ‚Ėą‚Ėď
‚Ėą    PUSSY SMOTHERING, AND FOOT WORSHIP!                                      ‚Ėą‚Ėď
‚Ėą                                                                             ‚Ėą‚Ėď
‚Ėą                                                                             ‚Ėą‚Ėď
 ‚Ėą                                                                           ‚Ėą‚Ėą‚Ėď
  ‚Ėą‚Ėą‚Ėą‚Ėą‚Ėą‚Ėą‚Ėą‚Ėą‚Ėą‚Ėą‚Ėą‚Ėą‚Ėą‚Ėą‚Ėą‚Ėą‚Ėą‚Ėą‚Ėą‚Ėą‚Ėą‚Ėą‚Ėą‚Ėą‚Ėą‚Ėą‚Ėą‚Ėą‚Ėą‚Ėą‚Ėą‚Ėą‚Ėą‚Ėą‚Ėą‚Ėą‚Ėą‚Ėą‚Ėą‚Ėą‚Ėą‚Ėą‚Ėą‚Ėą‚Ėą‚Ėą‚Ėą‚Ėą‚Ėą‚Ėą‚Ėą‚Ėą‚Ėą‚Ėą‚Ėą‚Ėą‚Ėą‚Ėą‚Ėą‚Ėą‚Ėą‚Ėą‚Ėą‚Ėą‚Ėą‚Ėą‚Ėą‚Ėą‚Ėą‚Ėą‚Ėą‚Ėą‚Ėą‚Ėą‚Ėą‚Ėą‚Ėď 
   ‚Ėď‚Ėď‚Ėď‚Ėď‚Ėď‚Ėď‚Ėď‚Ėď‚Ėď‚Ėď‚Ėď‚Ėď‚Ėď‚Ėď‚Ėď‚Ėď‚Ėď‚Ėď‚Ėď‚Ėď‚Ėď‚Ėď‚Ėď‚Ėď‚Ėď‚Ėď‚Ėď‚Ėď‚Ėď‚Ėď‚Ėď‚Ėď‚Ėď‚Ėď‚Ėď‚Ėď‚Ėď‚Ėď‚Ėď‚Ėď‚Ėď‚Ėď‚Ėď‚Ėď‚Ėď‚Ėď‚Ėď‚Ėď‚Ėď‚Ėď‚Ėď‚Ėď‚Ėď‚Ėď‚Ėď‚Ėď‚Ėď‚Ėď‚Ėď‚Ėď‚Ėď‚Ėď‚Ėď‚Ėď‚Ėď‚Ėď‚Ėď‚Ėď‚Ėď‚Ėď‚Ėď‚Ėď‚Ėď‚Ėď‚Ėď
                                            
                                                                      ‚Ėď‚Ėą‚Ėą‚Ėą‚Ėď     
      ‚Ėď‚Ėą‚Ėą‚Ėą‚Ėą‚Ėą‚Ėą‚Ėą‚Ėą‚Ėą‚Ėą‚Ėą‚Ėą‚Ėą‚Ėą‚Ėą‚Ėą‚Ėą‚Ėą‚Ėą‚Ėą‚Ėą‚Ėą‚Ėą‚Ėą‚Ėą‚Ėą‚Ėą‚Ėą‚Ėą‚Ėą‚Ėą‚Ėą‚Ėą‚Ėą‚Ėą‚Ėą‚Ėą‚Ėą‚Ėą‚Ėą‚Ėą‚Ėą‚Ėą‚Ėą‚Ėą‚Ėą‚Ėą‚Ėą‚Ėą‚Ėą‚Ėą‚Ėą‚Ėą‚Ėą‚Ėą‚Ėď      ‚Ėą‚Ėď  ‚ĖĎ‚Ėą‚Ėą    
   ‚Ėď‚Ėą‚Ėą‚Ėą                                                      ‚Ėą‚Ėą‚Ėď    ‚Ėď‚Ėď ‚Ėí‚Ėą‚Ėą‚Ėą‚Ėą‚Ėď   
  ‚Ėą‚Ėą                                                          ‚Ėą‚Ėď    ‚Ėą ‚Ėí‚Ėą‚Ėą‚Ėą‚ĖĎ‚Ėą‚Ėą   
 ‚Ėď‚Ėą ‚Ėď‚Ėď‚Ėď‚Ėď ‚Ėď‚Ėď‚Ėď‚Ėď‚Ėď ‚Ėď‚Ėď‚Ėď‚Ėď ‚Ėď   ‚Ėď ‚Ėď‚Ėď‚Ėď‚Ėď‚Ėď   ‚Ėď ‚Ėď‚Ėď‚Ėď‚Ėď ‚Ėď‚Ėď‚Ėď‚Ėď ‚Ėď‚Ėď‚Ėď‚Ėď            ‚Ėą‚Ėď    ‚Ėď ‚Ėą‚Ėą‚Ėą‚Ėí ‚Ėą‚Ėď   
 ‚Ėą  ‚Ėď    ‚Ėď   ‚Ėď ‚Ėď  ‚Ėď ‚Ėď   ‚Ėď ‚Ėď   ‚Ėď   ‚Ėď ‚Ėď  ‚Ėď ‚Ėď    ‚Ėď  ‚Ėď            ‚Ėą‚Ėď     ‚Ėď‚Ėą‚Ėą‚ĖĎ ‚Ėą‚Ėą    
‚Ėď‚Ėą  ‚Ėď‚Ėď ‚Ėď ‚Ėď‚Ėď ‚Ėď‚Ėď ‚Ėď‚Ėď ‚Ėď ‚Ėď‚Ėď  ‚Ėď ‚Ėď‚Ėď ‚Ėď‚Ėď   ‚Ėď ‚Ėď‚Ėď ‚Ėď ‚Ėď‚Ėď‚Ėď  ‚Ėď‚Ėď ‚Ėď            ‚Ėą‚Ėď      ‚Ėď‚Ėą‚Ėą‚Ėą‚Ėď     
‚Ėą   ‚Ėď‚Ėď ‚Ėď ‚Ėď‚Ėď  ‚Ėď ‚Ėď‚Ėď ‚Ėď ‚Ėď‚Ėď  ‚Ėď ‚Ėď‚Ėď      ‚Ėď ‚Ėď‚Ėď ‚Ėď ‚Ėď‚Ėď   ‚Ėď‚Ėď ‚Ėď             ‚Ėą‚Ėď               
‚Ėą   ‚Ėď‚Ėď‚Ėď‚Ėď ‚Ėď‚Ėď  ‚Ėď ‚Ėď‚Ėď‚Ėď‚Ėď ‚Ėď‚Ėď‚Ėď‚Ėď‚Ėď ‚Ėď‚Ėď    ‚Ėď ‚Ėď ‚Ėď‚Ėď ‚Ėď ‚Ėď‚Ėď   ‚Ėď‚Ėď‚Ėď‚Ėď              ‚Ėą‚Ėą‚Ėą‚Ėą‚Ėą‚Ėą‚Ėą‚Ėą‚Ėą‚Ėą‚Ėą‚Ėą‚Ėą   
‚Ėą                                                                           ‚Ėą‚Ėą  
‚Ėą                                                                            ‚Ėą‚Ėą‚Ėď
‚Ėą   Its a DivXfacTory - need we say more ??                                   ‚Ėą‚Ėď
‚Ėą                                                                             ‚Ėą‚Ėď
‚Ėą                                                                             ‚Ėą‚Ėď
 ‚Ėą                                                                           ‚Ėą‚Ėą‚Ėď
  ‚Ėą‚Ėą‚Ėą‚Ėą‚Ėą‚Ėą‚Ėą‚Ėą‚Ėą‚Ėą‚Ėą‚Ėą‚Ėą‚Ėą‚Ėą‚Ėą‚Ėą‚Ėą‚Ėą‚Ėą‚Ėą‚Ėą‚Ėą‚Ėą‚Ėą‚Ėą‚Ėą‚Ėą‚Ėą‚Ėą‚Ėą‚Ėą‚Ėą‚Ėą‚Ėą‚Ėą‚Ėą‚Ėą‚Ėą‚Ėą‚Ėą‚Ėą‚Ėą‚Ėą‚Ėą‚Ėą‚Ėą‚Ėą‚Ėą‚Ėą‚Ėą‚Ėą‚Ėą‚Ėą‚Ėą‚Ėą‚Ėą‚Ėą‚Ėą‚Ėą‚Ėą‚Ėą‚Ėą‚Ėą‚Ėą‚Ėą‚Ėą‚Ėą‚Ėą‚Ėą‚Ėą‚Ėą‚Ėą‚Ėą‚Ėą‚Ėą‚Ėď 
   ‚Ėď‚Ėď‚Ėď‚Ėď‚Ėď‚Ėď‚Ėď‚Ėď‚Ėď‚Ėď‚Ėď‚Ėď‚Ėď‚Ėď‚Ėď‚Ėď‚Ėď‚Ėď‚Ėď‚Ėď‚Ėď‚Ėď‚Ėď‚Ėď‚Ėď‚Ėď‚Ėď‚Ėď‚Ėď‚Ėď‚Ėď‚Ėď‚Ėď‚Ėď‚Ėď‚Ėď‚Ėď‚Ėď‚Ėď‚Ėď‚Ėď‚Ėď‚Ėď‚Ėď‚Ėď‚Ėď‚Ėď‚Ėď‚Ėď‚Ėď‚Ėď‚Ėď‚Ėď‚Ėď‚Ėď‚Ėď‚Ėď‚Ėď‚Ėď‚Ėď‚Ėď‚Ėď‚Ėď‚Ėď‚Ėď‚Ėď‚Ėď‚Ėď‚Ėď‚Ėď‚Ėď‚Ėď‚Ėď‚Ėď‚Ėď

                                                                      ‚Ėď‚Ėą‚Ėą‚Ėą‚Ėď     
      ‚Ėď‚Ėą‚Ėą‚Ėą‚Ėą‚Ėą‚Ėą‚Ėą‚Ėą‚Ėą‚Ėą‚Ėą‚Ėą‚Ėą‚Ėą‚Ėą‚Ėą‚Ėą‚Ėą‚Ėą‚Ėą‚Ėą‚Ėą‚Ėą‚Ėą‚Ėą‚Ėą‚Ėą‚Ėą‚Ėą‚Ėą‚Ėą‚Ėą‚Ėą‚Ėą‚Ėą‚Ėą‚Ėą‚Ėą‚Ėą‚Ėą‚Ėą‚Ėą‚Ėą‚Ėą‚Ėą‚Ėą‚Ėą‚Ėą‚Ėą‚Ėą‚Ėą‚Ėą‚Ėą‚Ėą‚Ėą‚Ėď      ‚Ėą‚Ėď  ‚ĖĎ‚Ėą‚Ėą    
   ‚Ėď‚Ėą‚Ėą‚Ėą                                                      ‚Ėą‚Ėą‚Ėď    ‚Ėď‚Ėď ‚Ėí‚Ėą‚Ėą‚Ėą‚Ėą‚Ėď   
  ‚Ėą‚Ėą                                                          ‚Ėą‚Ėď    ‚Ėą ‚Ėí‚Ėą‚Ėą‚Ėą‚ĖĎ‚Ėą‚Ėą   
 ‚Ėď‚Ėą ‚Ėď‚Ėď‚Ėď‚Ėď ‚Ėď‚Ėď‚Ėď‚Ėď ‚Ėď‚Ėď‚Ėď‚Ėď ‚Ėď‚Ėď‚Ėď‚Ėď‚Ėď ‚Ėď‚Ėď‚Ėď‚Ėď ‚Ėď‚Ėď‚Ėď‚Ėď ‚Ėď‚Ėď‚Ėď‚Ėď‚Ėď                      ‚Ėą‚Ėď    ‚Ėď ‚Ėą‚Ėą‚Ėą‚Ėí ‚Ėą‚Ėď   
 ‚Ėą  ‚Ėď    ‚Ėď  ‚Ėď ‚Ėď  ‚Ėď   ‚Ėď   ‚Ėď  ‚Ėď ‚Ėď      ‚Ėď                        ‚Ėą‚Ėď     ‚Ėď‚Ėą‚Ėą‚ĖĎ ‚Ėą‚Ėą    
‚Ėď‚Ėą  ‚Ėď‚Ėď   ‚Ėď‚Ėď ‚Ėď ‚Ėď‚Ėď ‚Ėď   ‚Ėď‚Ėď  ‚Ėď‚Ėď‚Ėď‚Ėď ‚Ėď‚Ėď     ‚Ėď‚Ėď                       ‚Ėą‚Ėď      ‚Ėď‚Ėą‚Ėą‚Ėą‚Ėď     
‚Ėą   ‚Ėď‚Ėď   ‚Ėď‚Ėď ‚Ėď ‚Ėď‚Ėď ‚Ėď   ‚Ėď‚Ėď  ‚Ėď‚Ėď ‚Ėď ‚Ėď‚Ėď     ‚Ėď‚Ėď                        ‚Ėą‚Ėď               
‚Ėą   ‚Ėď‚Ėď‚Ėď‚Ėď ‚Ėď‚Ėď‚Ėď‚Ėď ‚Ėď‚Ėď ‚Ėď   ‚Ėď‚Ėď  ‚Ėď‚Ėď ‚Ėď ‚Ėď‚Ėď‚Ėď‚Ėď   ‚Ėď‚Ėď                         ‚Ėą‚Ėą‚Ėą‚Ėą‚Ėą‚Ėą‚Ėą‚Ėą‚Ėą‚Ėą‚Ėą‚Ėą‚Ėą   
‚Ėą                                                                           ‚Ėą‚Ėą  
‚Ėą                                                                            ‚Ėą‚Ėą‚Ėď
‚Ėą                                                                             ‚Ėą‚Ėď
‚Ėą   Email: if u don't know where to find us, u don't need to contact us       ‚Ėą‚Ėď
‚Ėą                                                                             ‚Ėą‚Ėď
‚Ėą                                                                             ‚Ėą‚Ėď
‚Ėą   ‚Ėď‚Ėď‚Ėď‚Ėď ‚Ėď‚Ėď‚Ėď‚Ėď‚Ėď ‚Ėď‚Ėď‚Ėď‚Ėď  ‚Ėď‚Ėď‚Ėď‚Ėď  ‚Ėď‚Ėď‚Ėď‚Ėď‚Ėď ‚Ėď‚Ėď‚Ėď‚Ėď                                         ‚Ėą‚Ėď
‚Ėą   ‚Ėď    ‚Ėď   ‚Ėď ‚Ėď     ‚Ėď       ‚Ėď   ‚Ėď                                            ‚Ėą‚Ėď
‚Ėą   ‚Ėď‚Ėď ‚Ėď ‚Ėď‚Ėď ‚Ėď‚Ėď ‚Ėď‚Ėď‚Ėď   ‚Ėď‚Ėď‚Ėď     ‚Ėď‚Ėď  ‚Ėď‚Ėď‚Ėď‚Ėď                                         ‚Ėą‚Ėď
‚Ėą   ‚Ėď‚Ėď ‚Ėď ‚Ėď‚Ėď  ‚Ėď ‚Ėď‚Ėď    ‚Ėď‚Ėď      ‚Ėď‚Ėď     ‚Ėď                                         ‚Ėą‚Ėď
‚Ėą   ‚Ėď‚Ėď‚Ėď‚Ėď ‚Ėď‚Ėď  ‚Ėď ‚Ėď‚Ėď‚Ėď‚Ėď‚Ėď ‚Ėď‚Ėď‚Ėď‚Ėď‚Ėď   ‚Ėď‚Ėď  ‚Ėď‚Ėď‚Ėď‚Ėď                                         ‚Ėą‚Ėď
‚Ėą                                                                             ‚Ėą‚Ėď
‚Ėą   PEEPSHOW, Fuqj0, HiV, Pr0nStarS, Sgt-aRt, XCiTE, ORC, REDLiGHT            ‚Ėą‚Ėď
‚Ėą                                                                             ‚Ėą‚Ėď
‚Ėą                                                                             ‚Ėą‚Ėď
‚Ėą                  ‚ĖĎ‚Ėď‚Ėą‚Ėą‚Ėą‚Ėą‚Ėą‚Ėą‚Ėą‚Ėď‚ĖĎ                                                ‚Ėą‚Ėď
‚Ėą                 ‚Ėď‚Ėą‚Ėą‚Ėą‚Ėą‚Ėą‚Ėą‚Ėą‚Ėą‚Ėą‚Ėą‚Ėą‚Ėď‚Ėď                                              ‚Ėą‚Ėď
‚Ėą                ‚Ėď‚Ėą‚Ėą‚Ėą‚Ėą‚Ėď‚Ėď‚Ėď‚Ėď‚Ėď‚Ėď‚Ėą‚Ėą‚Ėą‚Ėą                                              ‚Ėą‚Ėď
‚Ėą                ‚Ėą‚Ėą‚Ėą‚Ėď‚Ėď    ‚Ėď ‚Ėď‚Ėą‚Ėą‚Ėą‚Ėą                                             ‚Ėą‚Ėď
‚Ėą               ‚Ėą‚Ėą‚Ėą‚Ėď‚Ėď  ‚Ėď‚Ėď‚Ėď‚Ėď‚Ėď‚Ėď‚Ėď‚Ėď‚Ėą‚Ėą‚Ėą                                            ‚Ėą‚Ėď
‚Ėą               ‚Ėą‚Ėą‚Ėď‚Ėď ‚Ėď‚Ėď‚Ėď‚Ėď‚Ėď‚Ėď‚Ėď‚Ėď‚Ėď‚Ėď‚Ėą‚Ėą‚Ėą                                            ‚Ėą‚Ėď
‚Ėą              ‚Ėď‚Ėą‚Ėą‚Ėď  ‚Ėď‚Ėď‚Ėď‚Ėď‚Ėď‚Ėď‚Ėď‚Ėď‚Ėď‚Ėď‚Ėď‚Ėą‚Ėą‚Ėď                                           ‚Ėą‚Ėď
‚Ėą              ‚Ėą‚Ėą‚Ėą‚Ėď ‚Ėď‚Ėď‚Ėď‚Ėď‚Ėď‚Ėď‚Ėď‚Ėď‚Ėď‚Ėď‚Ėď‚Ėď‚Ėą‚Ėą‚Ėą‚Ėą‚Ėą‚Ėą‚Ėą‚Ėď                                      ‚Ėą‚Ėď
‚Ėą           ‚ĖĎ‚Ėą‚Ėą‚Ėą‚Ėą‚Ėą‚Ėď‚Ėď‚Ėď‚Ėď‚Ėď‚Ėď‚Ėď‚Ėď‚Ėď‚Ėď‚Ėď‚ĖĎ‚Ėď‚Ėď‚Ėą‚Ėą‚Ėą‚Ėą‚Ėą‚Ėą‚Ėą‚Ėą‚Ėą‚ĖĎ                                    ‚Ėą‚Ėď
‚Ėą           ‚Ėą‚Ėą‚Ėą‚Ėą‚Ėą‚Ėą‚Ėď‚Ėď‚Ėď‚Ėď‚Ėď‚Ėď‚Ėď‚Ėď‚Ėď‚Ėď‚Ėď‚Ėą‚Ėď‚Ėď‚Ėą‚Ėą‚Ėď‚ĖĎ ‚ĖĎ‚Ėď‚Ėą‚Ėą‚Ėą‚Ėď                                   ‚Ėą‚Ėď
‚Ėą          ‚Ėď‚Ėą‚Ėą‚ĖĎ‚ĖĎ‚Ėą‚Ėą‚Ėą‚Ėą‚Ėą‚Ėď‚Ėď‚Ėď‚Ėď‚Ėď‚Ėď‚Ėą‚Ėą‚ĖĎ‚Ėą‚Ėą‚Ėą‚Ėą     ‚ĖĎ‚Ėą‚Ėą‚Ėą                                   ‚Ėą‚Ėď
‚Ėą          ‚Ėą‚Ėą‚Ėą  ‚Ėą‚Ėą‚Ėą  ‚Ėą‚Ėą‚Ėą‚Ėą‚Ėą‚Ėą‚Ėą  ‚Ėą‚Ėą‚Ėą‚Ėď      ‚Ėą‚Ėą‚Ėą                                   ‚Ėą‚Ėď
 ‚Ėą         ‚Ėą‚Ėą‚Ėą   ‚Ėď‚Ėą‚Ėą‚ĖĎ‚ĖĎ ‚Ėď‚Ėď   ‚ĖĎ‚Ėą‚Ėą‚Ėą‚Ėď       ‚Ėď‚Ėą‚Ėą                                 ‚Ėą‚Ėą‚Ėď 
  ‚Ėą‚Ėą‚Ėą‚Ėą‚Ėą‚Ėą ‚Ėą ‚Ėą‚Ėą‚Ėą    ‚Ėą‚Ėą‚Ėą‚Ėą‚Ėď   ‚Ėď‚Ėď‚Ėą‚Ėą‚Ėą‚ĖĎ         ‚Ėą‚Ėą‚Ėď ‚Ėą ‚Ėą‚Ėą‚Ėą‚Ėą‚Ėą‚Ėą‚Ėą‚Ėą‚Ėą‚Ėą‚Ėą‚Ėą‚Ėą‚Ėą‚Ėą‚Ėą‚Ėą‚Ėą‚Ėą‚Ėą‚Ėą‚Ėą‚Ėą‚Ėą‚Ėą‚Ėą‚Ėą‚Ėą‚Ėą‚Ėą‚Ėď  
   ‚Ėď‚Ėď‚Ėď‚Ėď‚Ėď ‚Ėď ‚Ėą‚Ėą‚Ėą    ‚ĖĎ‚ĖĎ‚Ėą‚Ėą‚Ėą‚Ėď  ‚Ėą‚Ėą‚Ėą‚Ėą‚ĖĎ   ‚Ėď      ‚Ėą‚Ėą‚Ėą ‚Ėď ‚Ėď‚Ėď‚Ėď‚Ėď‚Ėď‚Ėď‚Ėď‚Ėď‚Ėď‚Ėď‚Ėď‚Ėď‚Ėď‚Ėď‚Ėď‚Ėď‚Ėď‚Ėď‚Ėď‚Ėď‚Ėď‚Ėď‚Ėď‚Ėď‚Ėď‚Ėď‚Ėď‚Ėď‚Ėď‚Ėď   
           ‚Ėą‚Ėą‚Ėď       ‚Ėą‚Ėą‚Ėą ‚Ėą‚Ėą‚Ėą      ‚Ėą‚Ėą     ‚Ėą‚Ėą‚Ėą                                    
   ‚ĖĎ‚Ėą‚Ėą‚Ėą‚Ėą‚ĖĎ ‚Ėą‚Ėą‚Ėą    ‚Ėď‚Ėą‚ĖĎ  ‚Ėď‚Ėą‚Ėą‚Ėą‚Ėď       ‚Ėą‚Ėą‚Ėď    ‚Ėą‚Ėą‚Ėą                                    
  ‚Ėď‚Ėą‚Ėą‚Ėą‚Ėą‚Ėą‚Ėą‚Ėą‚Ėą‚Ėą‚Ėą    ‚Ėą‚Ėą‚Ėą   ‚ĖĎ‚ĖĎ‚ĖĎ        ‚Ėą‚Ėą‚Ėą    ‚Ėą‚Ėą‚Ėą     ‚Ėď‚Ėď                             
 ‚Ėď‚Ėą‚Ėą‚Ėą‚Ėď ‚Ėď‚Ėą‚Ėą‚Ėą‚Ėą‚Ėą    ‚Ėą‚Ėą‚Ėą‚Ėď             ‚Ėą‚Ėą‚Ėą    ‚ĖĎ‚Ėą‚Ėą‚Ėď ‚Ėď‚Ėď‚Ėď‚Ėą‚Ėą‚Ėď         ‚Ėď‚Ėą‚Ėą‚Ėą‚Ėď              
 ‚Ėą‚Ėą‚Ėą     ‚Ėą‚Ėą‚Ėą‚Ėą    ‚Ėą‚Ėą‚Ėą‚Ėą‚Ėą‚Ėą‚Ėą‚Ėą       ‚Ėą‚Ėą‚Ėą‚Ėą‚Ėą     ‚Ėą‚Ėą‚Ėą‚Ėą‚Ėą‚Ėą‚Ėą‚Ėą‚Ėą‚Ėą‚Ėą    ‚Ėą‚Ėą‚Ėą‚Ėą‚Ėą‚Ėą‚Ėą‚Ėą‚Ėą‚Ėą‚Ėą‚Ėą‚Ėą‚Ėď‚Ėď        
‚Ėą‚Ėą‚Ėą‚Ėď     ‚Ėď‚Ėą‚Ėą‚Ėą    ‚Ėą‚Ėą‚Ėą‚Ėą‚Ėą‚Ėą‚ĖĎ‚Ėą‚Ėď     ‚Ėď‚Ėą‚ĖĎ‚Ėą‚Ėą‚Ėą     ‚Ėą‚Ėą‚Ėą‚Ėą‚Ėď‚Ėď  ‚Ėď‚Ėą‚Ėą‚ĖĎ‚ĖĎ‚Ėą‚Ėą‚Ėą‚Ėą‚Ėą‚Ėą‚Ėą‚Ėą‚Ėą‚ĖĎ‚Ėď‚Ėď‚Ėď‚Ėą‚Ėą‚Ėą‚Ėą‚Ėą‚Ėą‚ĖĎ     
‚Ėą‚Ėą‚Ėą       ‚Ėą‚Ėą‚Ėą    ‚Ėą‚Ėą‚Ėą‚Ėą‚Ėą‚Ėą‚Ėą‚Ėď       ‚Ėď‚Ėď‚Ėą‚Ėą‚Ėą‚Ėď    ‚Ėą‚Ėą‚Ėą‚Ėď     ‚Ėą‚Ėą‚Ėą‚Ėą‚Ėą‚Ėą‚Ėď‚Ėď‚Ėď‚Ėą‚Ėą‚Ėą‚Ėą‚Ėą‚ĖĎ  ‚Ėď‚Ėď‚Ėď‚Ėą‚Ėą‚Ėą‚Ėą‚Ėą‚ĖĎ   
‚Ėą‚Ėą‚Ėą‚Ėď      ‚Ėą‚Ėą‚Ėď   ‚Ėď‚Ėą‚Ėą‚Ėą‚Ėą‚Ėą‚Ėď‚ĖĎ          ‚ĖĎ‚Ėą‚Ėą‚Ėą    ‚Ėą‚Ėą‚Ėą     ‚Ėď‚Ėą‚Ėą‚Ėą‚Ėą‚Ėą‚ĖĎ   ‚Ėą‚Ėą‚Ėą‚Ėą‚Ėą‚Ėą‚Ėď    ‚ĖĎ‚Ėď‚Ėą‚Ėą‚Ėą‚Ėą‚Ėď  
 ‚Ėą‚Ėą‚Ėą      ‚Ėą‚Ėą    ‚Ėą‚Ėą‚Ėą‚Ėą‚Ėą‚Ėą‚Ėą            ‚Ėą‚Ėą‚Ėą    ‚Ėą‚Ėą‚Ėą   ‚Ėą‚Ėą‚Ėą‚Ėą‚Ėą‚Ėą      ‚Ėą‚Ėą‚Ėą ‚Ėą‚Ėą‚Ėą ‚Ėą‚Ėą    ‚Ėď‚Ėą‚Ėą‚Ėą  
 ‚Ėď‚Ėą‚Ėą‚Ėď    ‚Ėď‚Ėą‚Ėą    ‚Ėą‚Ėą‚Ėą‚Ėą‚Ėą‚Ėą‚Ėą            ‚Ėą‚Ėą‚Ėą    ‚Ėď‚Ėą‚Ėą‚ĖĎ‚ĖĎ‚Ėą‚Ėą‚Ėą‚Ėą‚Ėď         ‚Ėą‚Ėą‚Ėą ‚Ėą‚Ėą‚Ėą‚Ėą‚Ėą‚Ėą‚ĖĎ    ‚Ėą‚Ėą‚Ėą 
  ‚Ėą‚Ėą‚Ėą    ‚Ėą‚Ėą‚Ėą    ‚Ėą‚Ėą‚Ėą‚Ėą‚Ėą‚Ėą‚Ėą‚ĖĎ           ‚Ėą‚Ėą‚Ėą     ‚Ėą‚Ėą‚Ėą‚Ėą‚Ėą‚Ėą‚Ėď‚Ėď         ‚ĖĎ‚Ėą‚Ėą‚Ėą ‚Ėď‚Ėą‚Ėą‚Ėą‚Ėą‚Ėą‚Ėą    ‚Ėą‚Ėą‚Ėą 
  ‚Ėą‚Ėą‚Ėą‚Ėď   ‚Ėą‚Ėą‚Ėą    ‚Ėą‚Ėą‚Ėą‚Ėą‚Ėą‚Ėą‚Ėą‚Ėą           ‚ĖĎ‚Ėą‚Ėą     ‚Ėą‚Ėą‚Ėą‚Ėą‚Ėď‚ĖĎ          ‚Ėď‚Ėą‚Ėą‚Ėą‚ĖĎ  ‚Ėą‚Ėą‚Ėą‚Ėą‚Ėą‚Ėą    ‚Ėď‚Ėą‚Ėą‚Ėď
   ‚Ėą‚Ėą‚Ėą   ‚Ėą‚Ėą‚Ėą    ‚Ėą‚Ėą‚Ėą‚Ėą‚Ėą‚Ėą‚Ėą‚Ėą            ‚Ėą‚Ėą     ‚Ėą‚Ėą‚Ėą‚Ėď           ‚Ėą‚Ėą‚Ėą‚Ėą   ‚Ėą‚Ėą‚Ėą ‚Ėą‚Ėą‚Ėą‚Ėą    ‚Ėą‚Ėą‚Ėą
   ‚Ėą‚Ėą‚Ėą   ‚Ėą‚Ėą‚Ėď    ‚Ėą‚Ėą‚Ėď ‚Ėď‚Ėą‚Ėą‚Ėą‚Ėą‚ĖĎ        ‚ĖĎ‚ĖĎ‚Ėą‚Ėą‚Ėď    ‚Ėą‚Ėą‚Ėą           ‚ĖĎ‚Ėą‚Ėą‚Ėď   ‚ĖĎ‚Ėą‚Ėą‚Ėď ‚Ėď‚Ėą‚Ėą‚Ėą‚Ėą‚Ėą‚ĖĎ‚Ėą‚Ėą‚Ėą‚Ėą
   ‚Ėą‚Ėą‚Ėą‚Ėď  ‚Ėą‚Ėą‚Ėď‚ĖĎ‚ĖĎ‚ĖĎ‚Ėď‚Ėą‚Ėą   ‚Ėď‚Ėą‚Ėą‚Ėą‚Ėą‚Ėď‚ĖĎ     ‚ĖĎ‚Ėď‚Ėą‚Ėą‚Ėą‚Ėą    ‚Ėą‚Ėą‚Ėą          ‚ĖĎ‚Ėą‚Ėą‚Ėą   ‚ĖĎ‚Ėą‚Ėą‚Ėą   ‚Ėą‚Ėą‚Ėą‚Ėą‚Ėą‚Ėą‚Ėą‚Ėą‚Ėą‚Ėď
   ‚Ėą‚Ėą‚Ėą‚Ėą  ‚Ėą‚Ėą‚Ėą‚Ėą‚Ėą‚Ėą‚Ėą‚Ėą‚Ėą‚Ėď   ‚ĖĎ‚Ėą‚Ėą‚Ėą‚Ėą‚Ėą‚Ėą‚Ėą‚Ėą‚Ėą‚Ėą‚Ėą‚Ėą‚Ėą‚Ėą‚Ėą‚Ėą    ‚ĖĎ‚Ėą‚Ėą         ‚Ėď‚Ėą‚Ėą‚Ėą‚ĖĎ   ‚Ėą‚Ėą‚Ėą‚ĖĎ   ‚Ėą‚Ėą‚ĖĎ‚ĖĎ‚ĖĎ‚Ėą‚Ėą‚Ėą‚ĖĎ 
   ‚Ėą‚Ėą‚Ėą‚Ėą ‚Ėą‚Ėą‚Ėą‚Ėą‚Ėą‚Ėą‚Ėą‚Ėą‚Ėą‚Ėą‚Ėą‚Ėą    ‚Ėą‚Ėą‚Ėą‚Ėą‚Ėą‚Ėą‚Ėą‚Ėą‚Ėą‚Ėą‚Ėą‚Ėą‚Ėą‚Ėą‚Ėą     ‚Ėą‚Ėą‚Ėď       ‚Ėą‚Ėą‚Ėą‚Ėą    ‚Ėą‚Ėą‚Ėą‚Ėą   ‚Ėą‚Ėą‚Ėą        
   ‚Ėą‚Ėą‚Ėą‚Ėą‚Ėą‚Ėą‚Ėą‚Ėď‚Ėą‚Ėą   ‚Ėď‚Ėď‚Ėą‚Ėą‚Ėą    ‚Ėď‚Ėď‚Ėď ‚ĖĎ‚Ėą‚Ėą‚Ėą‚Ėą‚Ėą‚Ėą‚Ėą‚Ėą‚Ėą     ‚Ėą‚Ėą‚Ėą      ‚ĖĎ‚Ėą‚Ėą‚Ėą    ‚ĖĎ‚Ėą‚Ėą‚Ėď   ‚ĖĎ‚Ėą‚Ėą‚Ėď        
  ‚ĖĎ‚Ėą‚Ėą‚Ėď‚Ėą‚Ėą‚Ėą‚Ėą ‚Ėą‚Ėą     ‚Ėď‚Ėą‚Ėą‚ĖĎ      ‚ĖĎ‚Ėą‚Ėą‚Ėą‚Ėą‚Ėą‚Ėą‚Ėą‚Ėą‚Ėą‚Ėą‚Ėď    ‚Ėą‚Ėą‚Ėą     ‚ĖĎ‚Ėą‚Ėą‚Ėą‚Ėď    ‚Ėą‚Ėą‚Ėą   ‚ĖĎ‚Ėą‚Ėą‚Ėą         
  ‚Ėą‚Ėą‚Ėą ‚Ėą‚Ėą‚Ėą‚Ėą‚Ėď‚Ėą‚Ėď      ‚Ėą‚Ėą‚Ėą     ‚Ėď‚Ėą‚Ėą‚Ėą‚Ėą‚Ėą‚Ėą‚Ėą‚ĖĎ‚Ėą‚Ėą‚Ėą‚Ėď    ‚Ėą‚Ėą‚Ėą    ‚Ėď‚Ėą‚Ėą‚Ėą‚ĖĎ    ‚Ėď‚Ėą‚Ėą‚ĖĎ  ‚Ėď‚Ėą‚Ėą‚Ėą‚ĖĎ         
  ‚Ėą‚Ėą‚Ėą ‚Ėą‚Ėą‚Ėą‚Ėą‚Ėą        ‚Ėą‚Ėą‚Ėą    ‚Ėą‚Ėą‚Ėą‚Ėą   ‚Ėą‚Ėą ‚Ėą‚Ėą‚Ėą‚Ėą    ‚Ėď‚Ėą‚Ėą    ‚Ėą‚Ėą‚Ėą     ‚Ėą‚Ėą‚Ėą‚Ėą ‚Ėą‚Ėą‚Ėą‚Ėą‚Ėą           
  ‚Ėą‚Ėą  ‚Ėą‚Ėą‚Ėą          ‚Ėď‚Ėą‚Ėą   ‚Ėą‚Ėą‚Ėą‚Ėď    ‚Ėď‚Ėą‚Ėą‚Ėą‚Ėą‚Ėą‚Ėą     ‚Ėą‚Ėą‚ĖĎ‚ĖĎ‚ĖĎ‚Ėą‚Ėą‚Ėą     ‚ĖĎ‚Ėą‚Ėą‚Ėą‚ĖĎ‚Ėą‚Ėą‚Ėą‚Ėą‚Ėď            
 ‚ĖĎ‚Ėą‚Ėą  ‚Ėď‚Ėą‚Ėą‚ĖĎ          ‚Ėď‚Ėď   ‚Ėą‚Ėą‚Ėą      ‚Ėď‚Ėď‚Ėď‚Ėď‚Ėą‚Ėą    ‚ĖĎ‚Ėą‚Ėą‚Ėą‚Ėą‚Ėą‚Ėą‚Ėą‚Ėď     ‚Ėą‚Ėą‚Ėą‚Ėą‚Ėą‚Ėą‚Ėą‚Ėď              
 ‚Ėą‚Ėą‚Ėą   ‚Ėą‚Ėą‚Ėą               ‚ĖĎ‚ĖĎ‚ĖĎ          ‚Ėą‚Ėą   ‚ĖĎ‚Ėď‚Ėą‚Ėą‚Ėą‚Ėą‚Ėą‚ĖĎ      ‚Ėď‚Ėą‚Ėą‚Ėą‚Ėą‚Ėą‚Ėą‚ĖĎ               
 ‚Ėą‚Ėą‚Ėą   ‚Ėą‚Ėą‚Ėą‚Ėą                           ‚Ėą‚Ėą‚Ėą‚ĖĎ‚Ėď‚Ėą‚Ėą‚Ėą‚Ėą‚Ėą         ‚Ėą‚Ėą‚Ėą                    
 ‚Ėą‚Ėą‚Ėď    ‚Ėď‚Ėą‚Ėď                          ‚ĖĎ‚Ėą‚Ėą‚Ėą‚Ėą‚Ėą‚Ėą‚Ėď‚ĖĎ         ‚ĖĎ‚Ėą‚Ėą‚Ėą                     
‚ĖĎ‚Ėą‚Ėą      ‚Ėď                         ‚ĖĎ‚ĖĎ‚Ėą‚Ėą‚Ėą‚Ėą‚Ėą‚Ėď           ‚ĖĎ‚Ėą‚Ėą‚Ėą‚Ėď                     
‚Ėą‚Ėą‚Ėą              ‚Ėď‚Ėą‚Ėą              ‚Ėď‚Ėą‚Ėą‚Ėą‚Ėą‚Ėą‚ĖĎ           ‚Ėď‚Ėą‚Ėą‚Ėą‚Ėą‚ĖĎ  ‚ĖĎ                   
‚Ėą‚Ėą‚Ėą        ‚Ėď‚Ėď‚Ėą‚Ėą‚Ėą‚Ėą‚Ėą‚Ėą‚Ėą‚Ėď             ‚Ėą‚Ėą‚Ėą‚Ėą‚ĖĎ           ‚Ėď‚Ėą‚Ėą‚Ėą‚Ėą‚Ėą‚ĖĎ ‚ĖĎ                     
‚Ėą‚Ėą‚Ėď      ‚ĖĎ‚Ėą‚Ėą‚Ėą‚Ėą‚Ėď‚Ėą‚Ėą‚Ėą‚Ėď‚Ėą‚Ėą‚Ėą‚ĖĎ                        ‚ĖĎ‚Ėą‚Ėą‚Ėą‚Ėą‚Ėď    ‚ĖĎ‚ĖĎ                     
‚Ėą‚Ėą      ‚ĖĎ‚Ėą‚Ėą‚Ėą‚Ėď ‚Ėą‚Ėď‚Ėď‚Ėď‚Ėą‚Ėď‚Ėą‚Ėą‚Ėą‚ĖĎ                     ‚ĖĎ‚Ėą‚Ėą‚Ėą‚Ėą‚Ėď    ‚ĖĎ‚ĖĎ   ‚ĖĎ                   
‚Ėą‚Ėą     ‚Ėď‚Ėą‚Ėą‚Ėą‚ĖĎ  ‚Ėą‚Ėď‚Ėď‚Ėď‚Ėą ‚ĖĎ‚Ėą‚Ėą‚Ėą                   ‚Ėď‚Ėą‚Ėą‚Ėą‚Ėą‚ĖĎ    ‚ĖĎ‚ĖĎ‚ĖĎ                        
‚Ėą‚Ėą     ‚Ėą‚Ėą‚Ėą‚ĖĎ   ‚Ėď‚Ėą‚Ėą‚Ėą‚Ėď  ‚ĖĎ‚Ėą‚Ėą‚Ėď                ‚Ėď‚Ėą‚Ėą‚Ėą‚Ėą‚ĖĎ     ‚ĖĎ‚ĖĎ    ‚ĖĎ                     
‚Ėą‚Ėą‚Ėą‚ĖĎ‚ĖĎ‚ĖĎ‚Ėą‚Ėą‚Ėą‚Ėą‚ĖĎ           ‚Ėą‚Ėą‚Ėą            ‚ĖĎ‚Ėą‚Ėą‚Ėą‚Ėą‚Ėą‚Ėď      ‚ĖĎ‚ĖĎ     ‚ĖĎ‚ĖĎ                     
‚Ėď‚Ėą‚Ėą‚Ėą‚Ėą‚Ėą‚Ėą‚Ėą‚Ėą‚Ėą‚Ėą‚Ėą  ‚ĖĎ‚ĖĎ‚ĖĎ‚ĖĎ‚ĖĎ   ‚Ėď‚Ėą‚Ėą           ‚ĖĎ‚Ėą‚Ėą‚Ėą‚Ėą‚Ėď      ‚ĖĎ‚ĖĎ‚ĖĎ    ‚ĖĎ‚ĖĎ‚ĖĎ                      
 ‚ĖĎ‚Ėą‚Ėą‚Ėą‚Ėą‚Ėą‚Ėą‚Ėą‚ĖĎ‚ĖĎ‚ĖĎ  ‚Ėą‚Ėą‚Ėą‚Ėą‚Ėą   ‚Ėď‚Ėą‚Ėą‚Ėď‚Ėď      ‚Ėď‚Ėď‚Ėą‚Ėą‚Ėą‚Ėą‚ĖĎ‚ĖĎ    ‚ĖĎ‚ĖĎ‚ĖĎ‚ĖĎ    ‚ĖĎ‚ĖĎ‚ĖĎ                        
  ‚ĖĎ‚Ėą‚Ėą‚Ėą‚Ėą‚Ėą‚Ėą     ‚ĖĎ‚ĖĎ‚ĖĎ‚ĖĎ‚ĖĎ   ‚Ėą‚Ėą‚Ėą‚Ėą‚Ėą‚Ėą‚Ėą‚Ėą‚Ėą‚Ėą‚Ėą‚Ėą‚Ėą‚Ėą‚Ėą‚ĖĎ‚ĖĎ    ‚ĖĎ        ‚ĖĎ‚ĖĎ                          
   ‚Ėď‚Ėą‚Ėą‚Ėď‚ĖĎ‚Ėą‚Ėą‚ĖĎ‚ĖĎ    ‚ĖĎ‚Ėą‚Ėą‚Ėą‚Ėą‚ĖĎ   ‚Ėą‚Ėą‚Ėą‚Ėą‚ĖďasCii 05 by        ‚ĖĎ                              
   ‚ĖĎ‚Ėą‚Ėą‚ĖĎ‚ĖĎ‚ĖĎ‚Ėď‚Ėą‚Ėą‚Ėą‚ĖĎ‚ĖĎ‚ĖĎ‚Ėą‚Ėą‚Ėą‚ĖĎ‚Ėą‚Ėą   ‚Ėą‚Ėą‚Ėą‚Ėą‚ĖĎnF!/sGt-aRt                                       
   ‚Ėą‚Ėą‚Ėą‚ĖĎ‚ĖĎ ‚ĖĎ‚ĖĎ‚ĖĎ‚Ėą‚Ėą‚Ėą‚Ėą‚Ėą‚Ėą‚Ėą‚ĖĎ‚ĖĎ‚Ėą‚Ėą‚Ėď‚Ėď‚Ėą‚ĖĎ‚Ėą‚Ėą‚Ėą‚Ėď                                                 
  ‚Ėď‚Ėą‚Ėą‚Ėď‚ĖĎ‚ĖĎ‚ĖĎ‚ĖĎ‚ĖĎ‚ĖĎ‚ĖĎ‚ĖĎ‚ĖĎ‚ĖĎ‚ĖĎ‚ĖĎ‚ĖĎ‚ĖĎ‚ĖĎ‚ĖĎ‚Ėą‚Ėą‚Ėą‚ĖĎ‚ĖĎ‚ĖĎ‚Ėą‚Ėą‚Ėą‚Ėď                                                
 ‚ĖĎ‚Ėą‚Ėą‚Ėď‚ĖĎ‚ĖĎ ‚ĖĎ‚ĖĎ‚ĖĎ‚ĖĎ‚ĖĎ‚ĖĎ‚ĖĎ‚ĖĎ‚ĖĎ‚ĖĎ‚ĖĎ‚ĖĎ‚ĖĎ‚ĖĎ‚ĖĎ‚ĖĎ‚ĖĎ‚ĖĎ‚ĖĎ‚ĖĎ‚ĖĎ‚Ėą‚Ėą‚Ėą                                                
 ‚Ėą‚Ėą‚Ėą‚ĖĎ‚ĖĎ ‚ĖĎ‚ĖĎ‚ĖĎ‚ĖĎ‚ĖĎ‚ĖĎ‚ĖĎ‚ĖĎ‚ĖĎ‚ĖĎ‚ĖĎ‚ĖĎ‚ĖĎ‚ĖĎ‚ĖĎ‚ĖĎ‚ĖĎ‚ĖĎ‚ĖĎ‚ĖĎ‚ĖĎ‚ĖĎ‚Ėď‚Ėą‚Ėą‚Ėď                                               
‚Ėď‚Ėą‚Ėą‚Ėď‚ĖĎ  ‚ĖĎ‚ĖĎ‚ĖĎ‚ĖĎ‚ĖĎ‚ĖĎ‚ĖĎ‚ĖĎ‚ĖĎ‚ĖĎ‚ĖĎ‚ĖĎ‚ĖĎ‚ĖĎ‚ĖĎ‚ĖĎ‚ĖĎ‚ĖĎ‚ĖĎ‚ĖĎ‚ĖĎ‚ĖĎ‚ĖĎ‚Ėą‚Ėą‚Ėď                                               
‚Ėą‚Ėą‚Ėą‚ĖĎ‚ĖĎ   ‚ĖĎ‚ĖĎ‚ĖĎ‚ĖĎ‚ĖĎ‚ĖĎ‚ĖĎ‚ĖĎ‚ĖĎ‚ĖĎ‚ĖĎ‚ĖĎ‚ĖĎ‚ĖĎ‚ĖĎ‚ĖĎ‚ĖĎ‚ĖĎ‚ĖĎ‚ĖĎ‚ĖĎ‚Ėď‚Ėą‚Ėą‚Ėď                                               
‚Ėą‚Ėą‚Ėą‚Ėď‚ĖĎ‚ĖĎ‚ĖĎ  ‚ĖĎ‚ĖĎ‚ĖĎ‚ĖĎ‚ĖĎ‚ĖĎ‚ĖĎ‚ĖĎ‚ĖĎ‚ĖĎ‚ĖĎ‚ĖĎ‚ĖĎ‚ĖĎ‚ĖĎ‚ĖĎ‚ĖĎ‚ĖĎ‚ĖĎ‚ĖĎ‚Ėą‚Ėą‚Ėą                                                
 ‚Ėą‚Ėą‚Ėą‚Ėą‚Ėą‚Ėą‚Ėą‚ĖĎ‚ĖĎ‚ĖĎ‚ĖĎ‚ĖĎ‚ĖĎ‚ĖĎ‚ĖĎ‚ĖĎ‚Ėď‚Ėą‚Ėą‚Ėď‚ĖĎ‚ĖĎ‚ĖĎ‚ĖĎ‚ĖĎ‚ĖĎ‚ĖĎ‚Ėą‚Ėą‚Ėą‚Ėď                                                
 ‚ĖĎ‚Ėď‚Ėą‚Ėą‚Ėą‚Ėą‚Ėą‚Ėą‚Ėď‚ĖĎ‚ĖĎ‚ĖĎ‚Ėď‚Ėď‚Ėą‚Ėą‚Ėą‚Ėą‚Ėą‚Ėą‚Ėą‚Ėą‚Ėď‚ĖĎ‚ĖĎ‚Ėď‚Ėď‚Ėą‚Ėą‚Ėą                                                 
  ‚ĖĎ‚ĖĎ‚ĖĎ‚Ėď‚Ėą‚Ėą‚Ėą‚Ėą‚Ėď‚Ėď‚Ėď‚Ėą‚Ėą‚Ėą‚Ėą‚Ėą‚Ėď‚ĖĎ‚ĖĎ‚Ėą‚Ėą‚Ėą‚Ėď‚Ėď‚Ėą‚Ėą‚Ėą‚Ėą‚ĖĎ                                                 
      ‚Ėď‚Ėą‚Ėą‚Ėą‚Ėą‚Ėą‚Ėą‚Ėą‚Ėą‚Ėď     ‚Ėď‚Ėą‚Ėą‚Ėą‚Ėą‚Ėą‚Ėą‚Ėą                                                   
        ‚Ėď‚Ėď‚Ėď‚Ėď‚Ėď‚Ėď        ‚Ėď‚Ėą‚Ėď‚Ėď‚Ėď
