
                           █▀▀▀█
                           █ ░ ▀▀█
                           █ ▒ ▌ █                 ▄ ▐▌ ▄
                  █▀▀▀█    █ ▓ █ ▀█▄▄          ▄▄▄  ▄▓▓▄    ▄
           ▓▓██████ ▐ █▄   █ █ ▓█▄ ▀▀██▄▄      ▓ ▄ ▀██▓▒▀ ▄ ▄
           ▓██████▀ █ ██▓▓▓█ █ ▓▓███▄▄ ▀▀██▄▄  ▓ ▐█  █▓  █▌ █▓
           █████▀ ▄██ ▀▀ ▄▄▄▄█ ▀▀▀▀▀▀███▄▄ ▀▀██▀ ██▌ ██ ▐██ ▀█▄
           █▀▀ ▄▄█▀██ █▀▀▀ ▄▄▄▄▀▀███▌░ ▀███▓▄  ▄▓██ ▄██▄ ██▓▄ ▀█▄
           ▄▄██▀ ▄███ ▀ ████▀  ░ ███ ░░ ██▓▓▀ ▓▓███▄ ██ ▄███▓▓▄ ▓█▄
           ▐▓██ ░ ▀███▄ ▀█▓▓ ░░░ ███ ▄▄██▀▀  ▀▓██▄▀█▄  ▄█▀▄██▀ ▄█▀
          ░ ▓██ ░░  ▀███▄ ▀▓ ██▄ ███ ░ ▀████▓▄ ▐██  ▀██▀  ██ █ █▌
          ░ ▓██ ░░ ▀▄ ▀██▓ ▐ ▄ ▀████ ░░ █████▓▌ ██ ░ ▐▌ ░ ██ █ ▐█
          ░ ▓▓█ ░░░  █ ██▓▌ ▄▓▓ ▐███ ░░ ████▓▓ ░██ ░░  ░░ ██ █▌ █▌
          ▒ ▀██▄  ░░░  ██▓▒ █▓▒░ ██▓ ░░ ███▓▀ ░▐██  ░░░░  ██▌██ ▐█
          ▓▒▄▄▄ ▀▀▄▄▄▄██▓▓▓ █▒▒░ █▓▓ ░░ █▀ ▄▄████▓▌  ░░░ ▐████▓▌ █▌
         ▄█▀   ▀▀▄▄▄ ▀▀▀▀▀▄ ▀ ▄▄█▀▀  ░░ ▌ ██████▓▓▓▄ ░░ ▄████▓▓▓▄ █
        ▐▓▌         ▀▀▀▀█▀ ▄▀▀ ▄▄▄▄█▄▄▄▄▄▄▄▄▄▄▄▄▄▄▄▄▄▄▄▄▄▄▄▄▄▄▄▄▄▄█
        ▐▓▌             ▓▄▄▄▄▄█▀                                  ▀█▄
         ▀█▄                                                       ▐█▌
       ▄██▄▀█▄      Mister.Katzeklo.Helge.Schneider.wird.50        ▐█▌
       ███▓▄▐██▄                                                  ▄█▀
        ▀▀█▓▐██▓▌                                               ▄█▀▄██▄
         ▀▄▄██▓▓                                              ▄██▌▄▓███
           ▀▀▀▀                                              ▐▓██▌▓█▀▀
            ██                                                ▓▓██▄▄▀
            ██                                                 ▀▀▀▀
            ██  SOURCE .......: dTV                             ██
            ██  RELEASE.DATE .: 09.10.2005                      ██
            ██  TV.DATE ......: 01.10.2005                      ██
            ██  SiZE .........: 352MB                           ██
            ██  RAR ..........: 25x15                           ██
            ██  RUNTIME ......: 43:10min                        ██
            ██  GENRE ........: Doku                            ██
            ██  REGiE ........: -----                           ██
            ██                                                        ██
            ██  ViDEO ........: XviD 2 Pass 1003 kbps           ██
            ██  AUDiO ........: 133 kbps Lame VBR               ██ 
            ██  FRAME.RATE ...: 25 fps                          ██
            ██  RESOLUTiON ...: 512x384                         ██
            ██  IMDB.RATING ..: -----                           ██
            ██  IMDB.LINK ....: -----                           ██
            ██                                                  ██
            ██                                                  ██
            ██                                              ▄▄▄▄██
            ██                                     ▄▄▄▄▄▀▀▀▀    ██
            ██                           ▄▄▄▄▄▀▀▀▀▀   .:RELEASE ██
            ██                 ▄▄▄▄▄▀▀▀▀▀            (__NOTES:. ██
            ██        ▄▄▄▄▀▀▀▀▀                                 ██
            ██ ▄▄▄▀▀▀▀                                          ██
            ██▀                                                 ██
            █▌                                                  ██
            █  Eigentlich kann ich nur Klavier spielen... und   ██
            █  Quatsch machen." Das sagt Helge Schneider, einer ██
            █  der schillerndsten und wohl auch skurrilsten     ██
            █  Kuenstler Deutschlands ueber sich selbst. Dabei  ██
            █  ist der Mann, der 1977 mit seiner ersten         ██
            █  abendfuellenden Show als "Singende Herrentorte"  ██
            █  durch die Lande tourte und dann in den 90er      ██
            █  Jahren mit Hits wie "Katzeklo" und Filmen wie    ██
            █  "Texas - Doc Snyder haelt die Welt in Atem"      ██
            █  ganz Deutschland zum Lachen brachte, ein         ██
            █  Multitalent: Helge Schneider ist Komiker,        ██
            █  Komponist, Musiker, Buchautor,                   ██
            █  Drehbuchschreiber, Schauspieler, Regisseur und   ██
            █  Musikclown!                                      ██
            █                                                   ██
            █  Jetzt wird Helge Schneider 50 Jahre alt und das  ██
            █  WDR Fernsehen praesentiert in einem Portraet den ██
            █  "Quatschmacher" auch einmal von einer ganz       ██
            █  anderen Seite. In "Mister Katzeklo" gibt das     ██
            █  Multitalent erstaunlich offene Einblicke in sein ██
            █  Privatleben und beleuchtet Hinter- und Abgruende ██
            █  seiner Karriere: "Ich hab alles gemacht! Ich war ██
            █  Muellmann und Zeitungsaustraeger, alles nur um   ██
            █  meine Musik zu machen".                          ██
            █                                                   ██
            ▓                                                   ██
            ▒                                                   ██
            ░                                                   ██
            ░                                                   ██
            ▄                                                  ▄██
          ▄█▀▀▀▀▀▀▀▀▀▀▀▀▀▀▀▀▀▀▀▀▀▀▀▀▀▀▀▀▀▀▀▀▀▀▀▀▀▀▀▀▀▀▀▀▀▀▀▀▀▀▀▀▀█▄
         ▐█▌▐ GROUP:.                                           ▌▐█▌
         ▐█▌▐.NEWS___)                                          ▌▐█▌
          ▀█▄                                                   ▄█▀
            ▀█▄                                               ▄█▀
          ▀▄▌▐██▄                                           ▄██▌▐▄▀
           ▀▌▐██▓▌                                         ▐▓██▌▐▀
          ▀▄▄██▓▓                                           ▓▓██▄▄▀
            ▀▀▀▀                                             ▀▀▀▀
            ██                                                 ██
            ██                                                 ██
            ██                                                 ██
            ██                                                 ██
            ██                                                 ██
            ██                                                 ██
            ██                                                 ██
            ██                                                 █▓
            ██▄▄▄▄                                             ▓▓
            ▄▄    ▀▀▀▀▀▄▄▄▄▄                              ▄▄▄▄▀▀▄
            ▓█ LOOKiNG:.    ▀▀▀▀▀▄▄▄▄▄▄            ▄▄▄▀▀▀▀     ██
            ▓█ .:FOR____)              ▀▀▀▀▀▄▄▄▄▄▀▀            ██
            ██                                                 ██
            ██             10mbit+ SECURE affilsites           ██
            ██         and one fast and talented ripper        ██
            ██                                                 ██
            ██                                                 ██
            ██▄                                               ▄██
            ██▀█▄                                           ▄█▀██
            ██░ █▓                                         ▓█ ░██▌
          ▄█▀▀▀▀██▀▀▀▀▀▀▀▀▀▀▀▀▀▀▀▀▀▀▀▀▀▀▀▀▀▀▀▀▀▀▀▀▀▀▀▀▀▀▀▀▀██▀▀▓▓█▄
         ▐█▌▐█▄█▀      .: GREETINGS FLYING OUT TO :.        ▀█▄█▌▐█▌
         ▐▓▌▐▓▌▀                                             ▀▐▓▌▐▓▌
          ▀█▄ ▀█▄                 GDC - MCO                 ▄█▀ ▄█▀
        ▄██▄▀█▄ ▀█▄                                       ▄█▀ ▄█▀▄██▄
        ███▓▄▐██▄ ▀█                                     █▀ ▄██▌▄▓███
         ▀▀█▓▐██▓▌ █▌                                   ▐█ ▐▓██▌▓█▀▀
          ▀▄▄██▓▓ ░▓█▄▄▄▄▄▄▄▄▄▄▄▄▄▄▄▄▄▄▄▄▄▄▄▄▄▄▄▄▄▄▄▄▄▄▄█▓░ ▓▓██▄▄▀
            ▀▀▀▀ ▄█▀                                     ▀█▄ ▀▀▀▀
             ▓▀▀▀                                           ▀▀▀▓
             ▒                                                 ▒
             ░                                                 ░
