                                                   ▄        
                                                  █▀█▄
                                                 █ ▄ ▀█▄   ░
                                              ░ ▐▌▐█▓▄ ▀█▄
                                             ░  █ ████▓▄ ▀█▄░     j0h2n!HoA
                                            ░ ░▐▌▐██████▓▄ █  ░
               ░                         ░ ░ ░ █ ██████▓▀ ▄█ ░ ░ ░
              ░ ░                  ░    ░ ░ ░▌▐▌▐█████▓ ▄█▀ ░ ░ ░ ░ ░
 ▄▄▄▄▄▄▄▄█▀▀▀█▄▄▄▄▄▄▄▄▄▄▄▄▄▄▄▄▄▄▄▄▄▄▄▄▄▄▄▄▄▄▄▄▄█ ▀██▓▀ ▄█▄▄▄▄▄▄▄▄▄▄▄▄▄▄▄▄▄▄▄█
█▀ ▄▄▄▄▄▄▄▄▓ ▄▄▄▄▄▄▄▄ ▄▄▄▄▄▄▄▄ ▄▄▄▄▄▄▄ ▄▄▄▄▄▄▄▄ ▀ ▄▄▄  ▄▄▄ ▀ ▄▄▄▄▄ ▄▄▄▄▄▄▄▄ ▐▌
█ █████████▌█████████▓▐██████▌████████▓▐███████▓ ████▌████▌ ▐██████▐███████▓ █
▌▐███▓▀███▓▐███▓▀████▓▌███▀██▐███▓▀████▌█▓▀████▓▌████▓▐████ ███████▌█▓▀█████▌▐▌
▌▐██▓▌ ▐██▓▐██▓▌ ▐████▌██▌ ▐█▐██▓▌ ▐███▌▓▌ ▐████▌████▌█████▌▐██████▌█▌ ▐████▌▐▌
 ███▓   ██▌███▓   ████▓▐█   ████▓   ████▓   ████▓▐██▓▐███▓▐▌ ██████▐▓   ████▓ █
 ███▓   ██▌███▓   ████▓▐█   ████▓   ████▓   ████▓▐██▓▐███▓ ▌ ██████▐▓   ████▓ █
▐███▌   ▐▓▐███▌   ▐███▓▌▌   ▐███▌   ▐███▌   ▐████▌██▌████▌ ▌ ▐████▌█▌   ▐███▓ █
▐███▌    ▀▐██▓▌▓▀▀▐████▌▌▓▀ ▐███▌▓▀ ▐███▓▀▀▀▀▀▀▀▀▐█▓▌████▌ ▓ ▐████▌█▓▀▀▀▀▀▀▀ ▄█
▐███▌    ▄▐███▌   ▐███▓▌▌   ▐███▌   ▐███▌    ▄██████▌████▌ ▐ ▐████▌█▌    ▄▓▄▀█
 ███▓   ▐█▌███▓   ████▓▐▓    ███▓    ███▓   ▐███████▓▐███▓ ▐ █████▓▐▓   ▐███▌▐▌
 ███▓   ██▌███▓   ████▓▐▓    ███▓    ███▓   ████████▓▐███▓ ▐▌█████▓▐▓   ████▓ █
▌▐██▓▌ ▐██▓▐██▓▌ ▐████▌█▓▌   ▐██▓▌   ▐███▌ ▐████████▓▌███▓▌▐███████▌▓▌ ▐████▌▐▌
▌▐███▓▄███▓▐███▓ █████▌██▓   ▐███▓   ▐███▓▄█████▐████▓▐███▓ ██████▓▌█▓▄████▓▌▐▌
█ ████████▓████▌ ▐███████▌    ███▌    ██████████ ████▌████▌ ▐██████████████▓ █
█▄ ▀▀▀▀▀▀▀▀▀▀▀▀ ▄ ▀▀▀▀▀▀▀      ▀▀      ▀▀▀▀▀▀▀▀ ▄ ▀▀▀  ▀▀▀ ▄ ▀▀▀▀▀▀▀▀▀▀▀▀▀▀ ▄█
 ▀▀▀▀▀▀▀▀▀▀▀▀▀▀▀ ▀▀▀▀▀▀▀▀▀▀▀▀▀▀▀▀▀▀▀▀▀▀▀▀▀▀▀▀▀▀▀▀▄▀▀▀▀▀▀▀▀▀▀▀▀▀▀▀▀▀▀▀▀▀▀▀▀▀▀▀ ░
     ▄     C A F F E i N E ( C F E ) (C) ░ ░ ░ ░▐ ▀▄ ░ ░ ░ ░ ░ ░ ░ ░ ░ ░ ░ ░ ░
    ▓▀▀▀▀█      P R E S E N T S . . .     ░ ░ ░ ▌▐ ░░ ░ ░ ░ ░ ░ ░ ░ ░ ░ ░ ░ ░
   ▀▄█   ▓                                                     
    ▓▄▀  ▒░ VTC.Autodesk.AutoCAD.2009.Certified.Associate-CFE
    ▓█   ▒                                              
   ▀▄█                                         
    ▓▄▀     Packager ....... : CFE Team  
    ▓█      
   ▀▄█                                                
    ▓▄▀     Our Rls Date ... : Dec 2008                   
    ▓█      Store Date ..... : 2008
   ▀▄█      Platform ....... : Win/Mac                              
    ▓▄▀     Program Type ... : Training                               
    ▓█                               
   ▀▄█      Protection ..... : Condom                                              
    ▓▄▀     Cracker ........ : N/A         
    ▓█      Size ........... : 29 x 15mb
   ▀▄█      Format ......... : bin/cue
    ▓▄▀                                      
    ▓█                                                
     █▄▄▄▄▄▄▄▄▄▄▄▄▄▄▄▄▄▄▄▄▄▄▄▄▄▄▄▄▄▄▄▄▄▄▄▄▄▄▄▄▄▄▄▄▄▄▄▄▄▄▄▄▄▄▄▄▄▄▄▄▄▄▄▄▄▄▄▄▄▄▄▄▄▄▄▄▄▄▄▄▄▄▓▓▓▓█


        Release Notes .. :

        AutoCAD 2009, written by software vendor Autodesk, is the world's most widely used 
        Computer Aided Design (CAD) package. It lets you design, visualize and communicate 
        your ideas with ease and efficiency. Led by Shaun Bryant, this course provides viewers 
        with the basic essentials needed to take and pass the AutoCAD 2009 Certified Associate exam.

        Link: http://www.vtc.com/products/Autodesk-AutoCAD-2009-Certified-Associate.htm


        Enjoy !


        PS: Few HQs are needed! U know how to find us!


     █▄▄▄▄▄▄▄▄▄▄▄▄▄▄▄▄▄▄▄▄▄▄▄▄▄▄▄▄▄▄▄▄▄▄▄▄▄▄▄▄▄▄▄▄▄▄▄▄▄▄▄▄▄▄▄▄▄▄▄▄▄▄▄▄▄▄▄▄▄▄▄▄▄▄▄▄▄▄▄▄▄▄▓▓▓▓█ 
    ▓█                                                                  
   ▀▄█  ░     We are currently looking for:                                        
    ▓▄▀
    ▓█  
   ▀▄█        [X]  100mbit+ .EU legit affil sites (CZ DK FI HU GR LT NO PL RO RU SE SK UK)
    ▓▄▀
    ▓█        [X]  Suppliers WANTED for unreleased bookware/samplecds/videostock such as:
   ▀▄█  ░          Total Training/Digital Tutors/Digital Juice/Artbeats or anything similar.
    ▓▄▀            Don't hesistate to contact us NOW!
    ▓█
   ▀▄█  ░                                                  
    ▓▄▀                                                               
    ▓█                                               
   ▀▄█ ░                                                               
    ▓▄▀ ░      Greets ......... :            
    ▓█ ░  ░                                                   
    ██▌ ░      AG SoSISO JGTiSO SaG W3D and the ones we forgot.. :)                                                       
    ▐▓ ░ ░         
   ▄██▌ ░ ░                                                        
  ▓███▓  ░      ▄    ▄    ▄    ▄    ▄    ▄    ▄    ▄    ▄    ▄    ▄  
 ▐█████▓▄ ▄▓▀▄▓▓▓▀▄▓▓▓▀▄▓▓▓▀▄▓▓▓▀▄▓▓▓▀▄▓▓▓▀▄▓▓▓▀▄▓▓▓▀▄▓▓▓▀▄▓▓▓▀▄▓▓▓▀▄ ░
  ▀▀█▓▀▀▀▓ ▀▀▀▄▀▀▀▀▄▀▀▀▀▄▀▀▀▀▄▀▀▀▀▄▀▀▀▀▄▀▀▀▀▄▀▀▀▀▄▀▀▀▀▄▀▀▀▀▄▀▀▀▀▄▀▀▀▄  ░ ░ ░  ░
                                                    ░  ░ ░   ░ ░░ ░ ▄▄██▄▄░ ░
             - [ ASCii By j0h2n Of HighOnASCii ] -        ░  ░   ░▄██▓▓▓▓▓█▄ ░
                                                   ░  ░  ░ ░   ░ ██▓ ░   ▓▓▓█ ░
                  - [ Edited By `high!HoA ] -        ░      ░ ░ ▐▓█░░ ░   ▓▓▓▌
                                                    ░ ░ ░ ░  ░  █▓░░░░░ ░░ ▓▓█
                                                     ░   ░ ░  ░ ▓█░░░░░░░ ░ ░█
      Group Info:                                   ░     ░  ░ ░▐▓▒▒▒▒▒▒▒▒░░▓▌░
        Email:                                         ░    ░ ░ ▓██▒▓▒▒░▒▒▒▓█▐
        WWW  : Never                                       ░ ░ ▄▐▓▒█▓▓▒▒▒▓███▌
        IRC  : Not Public                                 ░  ▄▀░█▓▒░▀███▀▀ ▒▓▌░
                                                         ░   ░  ▐▓▒ ░ ▒ ▒  ▒█▌
                                                             ▀▄ ▄█▒░   ▒ ▒▓▒█▌░
                                                          ░   ░▀▐█▒ ░ ▒ ▒▓▓▒█▌
                                                                ▐█▒▒ ▒ ▒▓▓▒░█▌
                                                               ░ ██▒  ▒▓▓▒░▓█
                                                              ░ ░ ▀█▓▓▒░▒▓█▀ ░
                                                               ░ ░  ▀▀██▀   ░
                   Nfo Last Updated: 06-08-2007                   ░  ░
