ÔĽŅ                                       ‚ĖĎ‚Ėą‚Ėą‚Ėą‚Ėą                                
                                     ‚Ėí‚Ėą‚Ėą‚Ėą‚Ėą‚Ėí                                
                                   ‚ĖĎ‚Ėď‚Ėą‚Ėą‚Ėą‚Ėą‚Ėą‚Ėą‚ĖĎ           ‚ĖĎ‚Ėí‚Ėą‚Ėď‚Ėą‚Ėą‚Ėą‚Ėą‚Ėą‚Ėą‚Ėą‚Ėď        
                                   ‚Ėď‚Ėą‚Ėą‚Ėą‚Ėą‚Ėą‚Ėą‚Ėą‚Ėą‚Ėí‚ĖĎ        ‚ĖĎ‚Ėą‚Ėą‚Ėą‚Ėą‚Ėą‚Ėą‚Ėą‚Ėą‚Ėą‚Ėą‚Ėą‚Ėą        
                                  ‚Ėí‚Ėą‚Ėą‚Ėą‚Ėą‚Ėą‚Ėą‚Ėą‚Ėą‚Ėą‚Ėą‚ĖĎ      ‚ĖĎ‚Ėą‚Ėą‚Ėą‚Ėą‚Ėą‚Ėą‚Ėą‚Ėą‚Ėą‚Ėą‚Ėą‚Ėą‚Ėą                
                                   ‚Ėď‚Ėą‚Ėą‚Ėą‚Ėą‚Ėą‚Ėą‚Ėą‚Ėą‚Ėą‚Ėą‚Ėď     ‚ĖĎ‚Ėą‚Ėą‚Ėą‚Ėą‚Ėą‚Ėą‚Ėą‚Ėą‚Ėą‚Ėą‚Ėą‚Ėą‚Ėą‚Ėí        
                                  ‚Ėí‚Ėą‚Ėą‚Ėą‚Ėą‚Ėą‚Ėą‚Ėą‚Ėą‚Ėą‚Ėą‚Ėą‚Ėą‚ĖĎ   ‚ĖĎ‚Ėą‚Ėą‚Ėą‚Ėą‚Ėą‚Ėą‚Ėą‚Ėą‚Ėą‚Ėą‚Ėą‚Ėą‚Ėą‚Ėą‚Ėí        
                                  ‚Ėą‚Ėą‚Ėą‚Ėą‚Ėą‚Ėą‚Ėą‚Ėą‚Ėą‚Ėą‚Ėą‚Ėą‚Ėą‚ĖĎ   ‚Ėď‚Ėą‚Ėą‚Ėą‚Ėą‚Ėą‚Ėą‚Ėí‚ĖĎ‚ĖĎ ‚ĖĎ‚ĖĎ‚Ėí‚Ėď‚ĖĎ        
                                ‚Ėí‚Ėą‚Ėą‚Ėą‚Ėą‚Ėą‚Ėą‚Ėď‚Ėą‚Ėą‚Ėą‚Ėą‚Ėą‚Ėą‚ĖĎ  ‚ĖĎ‚Ėą‚Ėą‚Ėą‚Ėą‚Ėą‚Ėą‚ĖĎ                        
                                ‚ĖĎ‚Ėą‚Ėą‚Ėą‚Ėą‚Ėą‚Ėď  ‚Ėí‚Ėą‚Ėą‚Ėą‚Ėą‚Ėą‚Ėí  ‚Ėď‚Ėą‚Ėą‚Ėą‚Ėą‚Ėą‚ĖĎ                        
                                ‚ĖĎ‚Ėą‚Ėą‚Ėą‚Ėą‚Ėą‚Ėí   ‚Ėď‚Ėą‚Ėą‚Ėą‚Ėą‚Ėď ‚ĖĎ‚Ėą‚Ėą‚Ėą‚Ėą‚Ėą‚Ėď                        
                                ‚Ėí‚Ėą‚Ėą‚Ėą‚Ėą‚Ėą    ‚ĖĎ‚Ėą‚Ėą‚Ėą‚Ėą‚Ėď ‚Ėí‚Ėą‚Ėą‚Ėą‚Ėą‚Ėą‚Ėí                        
                               ‚Ėď‚Ėą‚Ėą‚Ėą‚Ėą‚ĖĎ    ‚ĖĎ‚Ėą‚Ėą‚Ėą‚Ėą‚Ėď ‚Ėí‚Ėą‚Ėą‚Ėą‚Ėą‚Ėą‚ĖĎ                        
                               ‚ĖĎ‚Ėą‚Ėą‚Ėą‚Ėą‚Ėď     ‚ĖĎ‚Ėą‚Ėą‚Ėą‚Ėą‚Ėď ‚Ėí‚Ėą‚Ėą‚Ėą‚Ėą‚Ėą                        
                               ‚Ėí‚Ėą‚Ėą‚Ėą‚Ėą‚ĖĎ      ‚Ėą‚Ėą‚Ėą‚Ėą‚Ėď ‚Ėí‚Ėą‚Ėą‚Ėą‚Ėą‚Ėí                        
                               ‚Ėą‚Ėą‚Ėą‚Ėą‚Ėď       ‚Ėą‚Ėą‚Ėą‚Ėą‚Ėď ‚Ėą‚Ėą‚Ėą‚Ėą‚Ėą‚Ėí                        
                              ‚ĖĎ‚Ėą‚Ėą‚Ėą‚Ėą‚Ėí       ‚Ėą‚Ėą‚Ėą‚Ėą‚Ėď ‚Ėą‚Ėą‚Ėą‚Ėą‚Ėą‚ĖĎ                        
                              ‚ĖĎ‚Ėą‚Ėą‚Ėą‚Ėď        ‚Ėą‚Ėą‚Ėą‚Ėą‚Ėď‚ĖĎ‚Ėą‚Ėą‚Ėą‚Ėą‚Ėą‚ĖĎ      ‚ĖĎ‚ĖĎ‚ĖĎ‚Ėí‚ĖĎ                
                      ‚ĖĎ‚Ėí‚ĖĎ     ‚Ėď‚Ėą‚Ėą‚Ėą‚Ėí        ‚Ėą‚Ėą‚Ėą‚Ėą‚Ėí‚Ėí‚Ėą‚Ėą‚Ėą‚Ėą‚Ėí  ‚ĖĎ‚ĖĎ‚Ėí‚Ėď‚Ėą‚Ėą‚Ėą‚Ėą‚Ėą‚Ėą‚Ėí        
                     ‚Ėí‚Ėą‚Ėą‚Ėą‚Ėí   ‚ĖĎ‚Ėą‚Ėą‚Ėą‚Ėą‚ĖĎ        ‚Ėą‚Ėą‚Ėą‚Ėą‚Ėą‚Ėď‚Ėą‚Ėą‚Ėą‚Ėą‚Ėí‚ĖĎ‚Ėď‚Ėą‚Ėą‚Ėą‚Ėą‚Ėą‚Ėą‚Ėą‚Ėą‚Ėą‚Ėą‚Ėí        
                   ‚ĖĎ‚Ėą‚Ėą‚Ėą‚Ėą‚Ėą‚ĖĎ   ‚Ėí‚Ėą‚Ėą‚Ėą‚Ėď   ‚ĖĎ‚ĖĎ‚ĖĎ‚ĖĎ‚Ėí‚Ėą‚Ėą‚Ėą‚Ėą‚Ėą‚Ėą‚Ėą‚Ėą‚Ėą‚Ėą‚Ėą‚Ėą‚Ėą‚Ėą‚Ėą‚Ėą‚Ėą‚Ėą‚Ėą‚Ėą‚Ėą‚Ėą‚Ėą‚Ėą‚Ėí        
                  ‚Ėí‚Ėą‚Ėą‚Ėą‚Ėą‚Ėą‚ĖĎ    ‚Ėą‚Ėą‚Ėą‚Ėą‚Ėą‚Ėą‚Ėą‚Ėą‚Ėą‚Ėą‚Ėą‚Ėą‚Ėą‚Ėą‚Ėą‚Ėą‚Ėą‚Ėą‚Ėą‚Ėą‚Ėą‚Ėą‚Ėą‚Ėą‚Ėą‚Ėą‚Ėą‚Ėą‚Ėą‚Ėą‚Ėą‚Ėą‚Ėą‚Ėą‚Ėą‚Ėą‚Ėą‚Ėí        
                ‚ĖĎ‚Ėí‚Ėą‚Ėą‚Ėą‚Ėą‚Ėą‚ĖĎ   ‚Ėí‚Ėą‚Ėą‚Ėą‚Ėą‚Ėą‚Ėą‚Ėą‚Ėą‚Ėą‚Ėą‚Ėą‚Ėą‚Ėą‚Ėą‚Ėą‚Ėą‚Ėą‚Ėą‚Ėą‚Ėą‚Ėą‚Ėą‚Ėą‚Ėą‚Ėą‚Ėą‚Ėą‚Ėą‚Ėą‚Ėą‚Ėą‚Ėą‚Ėď‚Ėď‚Ėą‚Ėą‚Ėą‚Ėą‚Ėí        
               ‚ĖĎ‚Ėą‚Ėą‚Ėą‚Ėą‚Ėą‚Ėą‚ĖĎ   ‚Ėí‚Ėą‚Ėą‚Ėą‚Ėą‚Ėą‚Ėą‚Ėą‚Ėą‚Ėą‚Ėą‚Ėą‚Ėą‚Ėą‚Ėą‚Ėą‚Ėď‚Ėą‚Ėą‚Ėą‚Ėą‚Ėą‚Ėą‚Ėą‚Ėą‚Ėą‚Ėą‚Ėą‚Ėą‚Ėď‚Ėí‚ĖĎ‚ĖĎ‚ĖĎ   ‚ĖĎ‚ĖĎ‚Ėí‚ĖĎ        
              ‚Ėí‚Ėą‚Ėą‚Ėą‚Ėą‚Ėą‚Ėą‚ĖĎ   ‚ĖĎ‚Ėą‚Ėą‚Ėą‚Ėą‚Ėą‚Ėą‚Ėą‚Ėą‚Ėą‚Ėą‚Ėą‚Ėą‚Ėí‚ĖĎ‚ĖĎ‚ĖĎ ‚Ėą‚Ėą‚Ėą‚Ėą‚Ėą‚Ėą‚Ėą‚Ėą‚Ėą‚Ėą‚ĖĎ‚ĖĎ                        
             ‚Ėí‚Ėą‚Ėą‚Ėą‚Ėą‚Ėą‚Ėí‚ĖĎ    ‚ĖĎ‚Ėą‚Ėą‚Ėą‚Ėą‚Ėą‚Ėą‚Ėą‚Ėą‚Ėą‚Ėí‚ĖĎ‚ĖĎ     ‚Ėą‚Ėą‚Ėą‚Ėą‚Ėď‚Ėą‚Ėą‚Ėą‚Ėą‚Ėí                        
           ‚ĖĎ‚Ėí‚Ėą‚Ėą‚Ėą‚Ėą‚Ėą‚Ėí  ‚Ėí‚Ėą‚Ėą‚ĖĎ‚ĖĎ‚Ėą‚Ėą‚Ėą‚Ėą‚Ėą‚Ėą‚Ėą‚Ėí         ‚Ėą‚Ėą‚Ėą‚Ėą‚Ėď‚Ėą‚Ėą‚Ėą‚Ėą‚Ėí                        
          ‚ĖĎ‚Ėą‚Ėą‚Ėą‚Ėą‚Ėą‚Ėą‚Ėí  ‚Ėď‚Ėą‚Ėą‚Ėą‚Ėí‚Ėí‚Ėą‚Ėą‚Ėą‚Ėą‚Ėą‚ĖĎ           ‚Ėą‚Ėą‚Ėą‚Ėą‚Ėď‚Ėą‚Ėą‚Ėą‚Ėą‚ĖĎ                        
         ‚ĖĎ‚Ėą‚Ėą‚Ėą‚Ėą‚Ėą‚Ėą‚Ėí  ‚Ėď‚Ėą‚Ėą‚Ėą‚Ėą‚Ėí ‚Ėą‚Ėą‚Ėą‚Ėą‚Ėą            ‚Ėą‚Ėą‚Ėą‚Ėą‚Ėď‚Ėą‚Ėą‚Ėą‚Ėą‚ĖĎ                        
         ‚Ėď‚Ėą‚Ėą‚Ėą‚Ėą‚Ėą‚Ėí  ‚Ėď‚Ėą‚Ėą‚Ėą‚Ėą‚Ėą‚Ėí ‚ĖĎ‚Ėą‚Ėą‚Ėą‚Ėí            ‚Ėą‚Ėą‚Ėą‚Ėď‚Ėí‚Ėą‚Ėą‚Ėą‚Ėą‚ĖĎ                        
       ‚ĖĎ‚Ėą‚Ėą‚Ėą‚Ėą‚Ėą‚Ėą‚Ėí ‚ĖĎ‚Ėą‚Ėą‚Ėą‚Ėą‚Ėą‚Ėą‚Ėą‚Ėí ‚Ėí‚Ėą‚Ėą‚Ėą‚ĖĎ            ‚Ėą‚Ėą‚Ėą‚Ėí‚Ėí‚Ėą‚Ėą‚Ėą‚Ėą‚ĖĎ                        
       ‚Ėą‚Ėą‚Ėą‚Ėą‚Ėą‚Ėą‚Ėą ‚Ėí‚Ėą‚Ėą‚Ėą‚Ėą‚Ėą‚Ėą‚Ėą‚Ėą‚Ėą ‚Ėď‚Ėą‚Ėą‚Ėď             ‚Ėą‚Ėą‚Ėą‚Ėí‚Ėí‚Ėą‚Ėą‚Ėą‚Ėď                        
       ‚Ėą‚Ėą‚Ėą‚Ėą‚Ėą‚Ėą‚ĖĎ‚Ėď‚Ėą‚Ėą‚Ėą‚Ėď‚ĖĎ‚Ėą‚Ėą‚Ėą‚Ėą‚Ėą‚Ėď‚Ėą‚Ėą‚Ėą‚ĖĎ             ‚Ėą‚Ėą‚Ėą‚Ėí‚Ėí‚Ėą‚Ėą‚Ėą‚Ėď                        
       ‚Ėą‚Ėą‚Ėą‚Ėą‚Ėą‚Ėą‚Ėď‚Ėą‚Ėą‚Ėą‚Ėď  ‚Ėď‚Ėą‚Ėą‚Ėą‚Ėą‚Ėą‚Ėą‚Ėą‚Ėą‚ĖĎ             ‚Ėą‚Ėą‚Ėą‚ĖĎ‚Ėí‚Ėą‚Ėą‚Ėą‚Ėď                        
       ‚Ėí‚Ėą‚Ėą‚Ėą‚Ėą‚Ėą‚Ėą‚Ėą‚Ėą‚Ėí   ‚Ėí‚Ėą‚Ėą‚Ėą‚Ėą‚Ėą‚Ėą‚Ėą‚Ėď              ‚Ėą‚Ėą‚Ėą‚ĖĎ‚Ėí‚Ėą‚Ėą‚Ėą‚Ėď                        
       ‚Ėí‚Ėą‚Ėą‚Ėą‚Ėą‚Ėą‚Ėą‚Ėą‚Ėí    ‚ĖĎ‚Ėď‚Ėą‚Ėą‚Ėą‚Ėą‚Ėą‚Ėą‚Ėí              ‚Ėą‚Ėą‚Ėą ‚Ėí‚Ėą‚Ėą‚Ėą‚ĖĎ                        
       ‚Ėí‚Ėą‚Ėą‚Ėą‚Ėą‚Ėą‚Ėą‚ĖĎ       ‚ĖĎ‚Ėď‚Ėą‚Ėą‚Ėą‚Ėą‚ĖĎ              ‚Ėą‚Ėą‚Ėď ‚Ėí‚Ėą‚Ėą‚Ėą‚ĖĎ                        
       ‚ĖĎ‚Ėą‚Ėą‚Ėą‚Ėą‚Ėď           ‚ĖĎ‚Ėą‚Ėą‚Ėď               ‚Ėą‚Ėď  ‚Ėí‚Ėą‚Ėą‚Ėą‚ĖĎ                        
        ‚ĖĎ‚Ėď‚Ėď‚ĖĎ            ‚Ėď‚Ėą‚Ėą‚Ėí               ‚ĖĎ‚ĖĎ  ‚Ėí‚Ėą‚Ėą‚Ėą‚ĖĎ                        
                        ‚ĖĎ‚Ėą‚Ėą‚ĖĎ                   ‚Ėí‚Ėą‚Ėą‚Ėą‚ĖĎ                        
                         ‚ĖĎ‚ĖĎ                    ‚Ėí‚Ėą‚Ėą‚Ėą‚ĖĎ                        
                                               ‚ĖĎ‚Ėą‚Ėą‚Ėą‚ĖĎ                        
                                                ‚Ėď‚Ėą‚Ėí                        
                          AGGRESSIVE ARCHIVE FORCE        
                                                  
                        CBC.Docs.POV.S03E05.720p.WEBRip.x264-aAF       

                                                        
                        Release Date.....: 2019-09-23                     
                        Video Resolution.: 1280x720                      
                        Video Bitrate....: 3 631 Kbps                         
                        Video Framerate..: 23.976                        
                        Length...........: 00:44:07.968                  
                        Size.............: 1.24 GiB

                                        
                    Big Up all scene massive!
