
        BE GOOD CITIZEN
        BE HAPPY CITIZEN --           ░░    ▐▐▐▐▐
                                        ~ ~░░▓4$$$$τ,
        EAT SHIT                                 ░▓$$$τ,
        BU▌ CRAP                                     ▓$$$τ,
        P A ▌  T A X E S !      ▐.,ττ$$$$$ττ.▐          ▓$$τ,
                            ,cτ$$$$$$$$$$$$$$$$τ.         ▓$$τ
                 ,ττ=   ,τ$$$$$$$$$$$$$$$$$$$$$$$$.         ▓$$,
               τ$$▓' ,τ$$$$$$$$$$$$$$$$$$$$$$$$$$$$τ   τ$,   ▓$$,
             ,$$▓  ,τ$$$$$$$$$$$$$$$$$$$$$$$$$$$$$$░   $$$,   ▓$$,
           ,$$▓  ,$$$$$$$$$$$$$$$$$$$$$$$$$$$$$$$$░   $$$$$,   ▓$$,
           $$'  ,$$$$$$$$$$$$$$$$$$$$$$$$$$$$$$$▓    $$$$$$$,   ▓$$
          d$'  ,$$$$$$$$$$$$$$$$$$$$$$$$$$$$$$▓       $$$$$$$,   ▓$d
         ,$$  ,$$$$$$$$$$$$$$$$$$$$$$$$$$$$▓"     .    $$$$$$$    $$,
         d$!  $$$$$$$$$$$$$$$$$$$$$$$$$▓"       ,τ$τ     $$$$$τ   !$d
         $$'  7$$$$$$$$$$$$$$$$$$$$▓"        .τ$$$$$$.    $$$$$,  ░$$
         $$   `▓$$$$$$$$$$$$$$7▓"        ,τ$$$$$$$$$$$τ.   ░$$$$   $$
         $$  ┐,    ~~"▓▓░"~         ,,τ$$$$$$$$$$$$$$$$$$τ.   ░$   $$τ
      ,τ$$$  $$$$τττ,,▐     ,,τττ$$$$$$$$$$$$$$$$$$$$$$$$$$τ,.  ,  $$$τ,
    τ$$▓~░$  '$$$$$$$$$$$$$$$$$$$$$$$$$$$$$$$$$$$$$$$$$$$$$$$$$$┐  $░~▓$$τ
   $$▓    ░   $$$$$$$$$$$$$$$$$$$$$$$$$$$$$$$$$$$$$$$$$$$$$$$$$$$  ░    ▓$$
  !$'         $$$$$$$$$$$$$$$$$$$$$$$$$$$$$$$$$$$$$$$$$$$$$$$$$$'        `$!
  )$          $$$$$$$$$$▓'    ░$$$$$$$$$$$$$$$$░    `▓$$$$$$$$$$          $(
  `$$         )$$$$$$$$'  `÷    9$$$$$$$$$$$$9    ÷'  `$$$$$$$$(         $$'
   `$$        $$$$$$▓',ττd$$$$bτ,$$$$$$$$$$b$,τd$$$$bττ,`▓$$$$$$        $$'
     $$τ     ,$$$$$,d$$$$$$$$$$$$$$$$$$$$$$$$$$$$$$$$$$$$b,$$$$$,     τ$$
      ▓$$τ▐  !$$$$$$$$$$$$$$$$$$$$$$$$$$$$$$$$$$$$$$$$$$$$$$$$$$!  ▐τ$$▓
        ▓$$$  ⌂$$$$$$'$$$$$$$$$$$$$$2▓░░▓2$$$$$$$$$$$$$$`$$$$$$⌂  $$$▓
       ,$$$  )$$'`$$$$$$$$$$$$$$$$$b,τ$$τ.d$$$$$$$$$$$$$$$$$'`$$(  $$$,
       $$$  .$$$τ$$$$$$$$$$$$''$$$$$$$$$$$$$$$$``$$$$$$$$$$$τ$$$$.  $$$
       $$!  $$$$$$' `$$$$$$$$τ   `░▓d$$$$b▓░'   τ$$$$$$$$' `$$$$$$  !$$
       $$   $$$$$$τ,τ$$$$$$$$$$ττ     ░░     ττ$$$$$$$$$$τ,τ$$$$$$   $$
       )$,  !$$$$$$$$$$$$$$$$$$$$$τµ,.▐▐.,µτ$$$$$$$$$$$$$$$$$$$$$!  ,$(
        $$  `$$$$$$$$$$$$$$$$$$$$$$$$$$$$$$$$$$$$$$$$$$$$$$$$$$$$'  $$
         $$  `$$$$$$$$$$$$$$$$$$$$$$$$$$$$$$$$$$$$$$$$$$$$$$$$$$'  $$
          $$  `$$$$$$$$$$$$$$$$$$$$$$$$$$$$$$$$$$$$$$$$$$$$$$$$'  $$
           $$  `$$$$$$$$$$$$$$$$$$$$$$$$$$$$$$$$$$$$$$$$$$$$$$'  $$
            $$, `$$$$$$$$$$$$$$$$$$$$$$$$$$$$$$$$$$$$$$$$$$$$' ,$$
             7$τ  `$$$$$$$$$$$$$$$$$$$$$$$$$$$$$$$$$$$$$$$$'  τ$7
              ░$$τ  `$$$$$$$τ"▓6$$$$$$$$$$$$$$6▓"τ$$$$$$$'  τ$$░
                ▓$$τ  `$$$$$$$$ττ.~""░▓▓░""~.ττ$$$$$$$$'  τ$$▓
                  ▓$$,   ░$$$$$$$$$$$$$$$$$$$$$$$$$$░   ,$$▓
                    ░$$τ▐   `░▓$$$$$$$$$$$$$$$$▓░'   ▐τ$$░
                       ▓$$$τ▐    ``░▓▓¼╕▓▓░''    ▐τ$$$▓
          .               ░▓2$$τττ,▐  ░░  ▐,τττ$$2▓░
        .$$           ,τ$$$τ. ~░▓$$$      $$$▓░~ .τ$$$$τ,     .τ$$$τ,
        $$$         ,$$$▓~░$$$.  $$$      $$$  .$$$▓░░▓$$$, .$$$░~▓$$$,
        $$$         $$$     $$$  $$$      $$$  $$$      $$$ $$$     $$$
        $$$         $$$     $$$  $$$      $$$  $$$      $$$ $$$     $$$
        $$$         ▓░~     $$$  $$$.    ,$$$ ▓$$$▓▓▓░~     $$$     ~░▓
        $$$$$$$$$$'  τ$$$$$ $$$  ,τ$$$$$$$$τ, ~$$$$▓░~      $$$$$$$$$τ
        $$$         $$$▓~   $$$ $$$▓~    ~▓$$$ $$$'               ~▓$$$
        $$$     $$$ $$$     $$$ $$$        $$$ $$$      $$$ $$$     $$$
        $$$    ,$$$ $$$    ,$$$ $$$        $$$ $$$     ,$$$ $$$    ,$$$
        $$$$$$$$$$$ $$$$$$$$$$$ $$$        $$$ $$$$$$$$$$$$ $$$$$$$$$$$
        ▓░~     ~░▓ ▓░~     ~░▓ $$$        $$$ ▓░~      ~░▓ ▓░~     ~░▓
                              ~░▓▓▓        ▓▓▓░~

        Jordskott.S01E02.720p.BluRay.x264-TAXES

        Video...: 1280x720 4922kb/s @ 25.000fps
        Audio...: Swedish 1509kb/s 6ch DTS
        Subs....: English
        Size....: 2709.61mb (2841228262bytes)
        Runtime.: 58mn 53s
        TVMaze..: http://www.tvmaze.com/shows/3404/jordskott

                             ~░▓$$$   ░░   $$$▓░~
                                $▓░        ░▓$
                                ░            ░
                                .            .
