
                                          
                 ░▒▒▓▒          ▒▒▒▒      
                ▒▓███▓         ░████▒     
               ░██████░        ▒████▒     
               ▒██████▒        ▒████▒     
               ▒██████▒        ▒████▒     
               ▒██████▒        ▓████░     
               ▒██████▓       ░▓█▓█▓░     
               ▓███▓██▓░      ░██▓█▓░     
               ▓███▒███░      ▒██▒█▓░     
              ░████░███▒      ▒██▒██▒     
              ▒███▓ ███▒      ▓█▓▒██▓░    
             ▒████▒ ▓██▒      ▓█▒░███▒░   
           ░▒████▓  ▓██▓     ░██▒ ▓███▓░  
         ░▒▓██████▒░▒██▓     ▒██░ ░▓████▒▒░         
        ▒▓██████████▓██▓░    ▒██░  ▒██████▓▒░       
       ░██████▓▒▓███████░    ▒█▓   ▒█▓▓█████▓░      
       ░▓████▒░ ░░██████▒    ▓█▒   ░█▓ ▒▓████░      
        ▓███▒     ▒▒░███▒   ░▓█▒   ▒██░ ░▒██▓                                 
        ▒███░        ▓██▒   ░██░   ░▒█▓░ ▒██▒            ░▒▒▒▒▒           ░░▒▒  
        ░███▒        ▒██▓   ▒██▓░    ██▒ ██▓░           ░▓█████░        ░▒▒▒▒▒▒     
         ▓██▓░░░▒░   ▒██▓   ▒███▓░   ▓█▒░██▒            ▒██████░        ▓████▒▒     
         ▒███████░  ▒ ███░  ▓█▓▓██   ░█████░           ▒██████▓        ▒█████▒      
         ░████████▓██████▒  ▓█▒ ███░  ▒███▓░          ░▓██████▒        ▓████▒       
          ▓██▓░▓█████████▒ ░▓█░  ▓█░   ▒██▓▒░░░░░░░░░▒▓███████▒░     ░▒█████▒       
          ▒███░ ░▓██▓▒███▒ ░██░  ░██   ▓█████████████████▒████▓▓▓▓▓▓▓▓▓█████▒       
          ░███░  ░▒   ▓██▓░▒██    ▒█▓  ██████████████████▒██████████████████▒       
           ▓██▒       ▒███▒▓█▓     ██░░█████████████████░████████████████▒██▒       
           ▒███       ░██████▒     ▒███████████████████▒░███████████████▒▓██▒   S I N C E  
           ▒███░      ▒██████▓       ██████████▓▓▓▓▓▓▒░ ▓██▒▒▒▒▒▒▒▒▒▒▒░  ███▒                   
           ░▓██▒   ▒███████████░░    ▓████              ██▓              ███▒                   
            ▒██▓    █████████░██▓    ▓███▒             ░██▒             ░███▒     2o13          
            ▒███░  ▒██░▓████▓ ▒██    ████░             ▓██░             ▒███▒                   
            ░▓██░  ▓█▓ ▒████▒  ▒███▓▓███▓  ▒█████▓▓▓▒▒▒███  ▒▓▒    ░░▒▒░▓███▒                   
             ▒██▒  ▒██▒░████▒   ░███████░  ▓█████████████▒▒███▓   ▒█████████▒                   
             ▒███  ▓█▒  ████░   ░█░░████   ██████████████░████▒   ▓█████████▒▒▒▒▒▒▒▒▒▒▒▒▒▒▒▒▒   
             ░▓██░▒██▒  ████    ░░ ░███▒  ▒██████████████▓████░   ████▓██████████████████████▒  
              ▓██▒░██▒  ▓██▓      ░████░  ▓██████████████████▓   ░████░▒████████████████████▒▒  
              ▒██▓ ██░  ▒██▒    ░█████▓   ░░░░▒░▒████████████▒   ▒████   ░ ░       ░▒▓██████▒   
              ░██████░  ░██▒ ░█░██████▒         ▒████████████░   ▓████           ▓██████████▒   
               ▓████░  ░▒██░ ▒██▓ ████          ▓████████████    ████▓  ▒▓███▓  ▓███████▒▒▒▒    
               ▒███░ ░▒████ ▓██▒ ▒███▒   ███████████████████▒    ████▒  ██████▒ █████▒▒▒        
               ░███  ███▓█████░  ████░  ▒███████████████████░   ▒████▒  ██████░ ████▒░          
                ▓██ ▓█▓░ ██▒▓▓░ ░███▓   ▓███████████████████    ▓████░ ░██████░ ███▒░           
                ▒█████░  ▓▒     ▒███▒   ███████████████████▓    █████  ░▒█████ ░███▒            
                ▒████▓   ▒▒     ████             ▒█████████▒   ░████▓   ▒████▒ ▒██▒░            
                ░▓██░    ░█▒   ░███▒             ██████████░   ▒████▒    ░ ░   ▓██▒             
                ░▓██░    ░█▒   ▓███░            ░█████████▓    ▓████           ███▒             
                ░███▒    ░█▒   ████▓▓▓▓▓▓▓▓▒▒▒▒ ▓█████████▒ ░░░████▓▒▒▒▒▒▒▒▒▒▒ ███▒             
                ▒███▓    ░█▒  ░████████████████▒██████████░▒██████████████████░███▒             
              ░▒█████    ▒█▒  ░████████████████▓█████████▓▒███████████████████▒███▒             
            ░▒▓██████░   ▓█▓   ▒█████████████████████████▓████████████████████████▒░░░           
          ░▒███████▓█▓░  ██▒    ▒▓█████████████████████████████████████████████████▓▓▓▓▓▓░       
          ▒███████▒░▓█▓  ██       ░▒█▓▒▒▓▓▓▓█▓▓▓▓▓███████████████████████████████████████▒       
       ░█████▓   ░  ▒█▒ ▒█▓        ▓█▒      ▒▓    ░ ░░░▓██░░░░░░░██▓▒▒▓▓▓▓███████████████▒       
      ████████▒▒▒▒▒▒▓█▒ ▒██ ▒▒▒▒▒▒▒██▒▒▒▒▒▒▒▓█▒▒▒▒▒▒▒▒▓███░░░░░░░░█▓▒▒▒▒▒▒▒▓▓▓▓▓██████████░      
    ░█████▓████████████  ▓█░▓███████████████████████████████████████████████████████████████░    
   █████▓  █░ ▒▒▒▒▒▒███   ▓██████████████████████████████████████████████████████████████████▒   
 ░█████            ░▓██░   ▓█████████████████████████████████████████████████████   ▓▒ ░▓█████▒  
 ███████  █▒        ▒███░  ▒██▒                                                      ▓█████████░ 
██████████▓██       ░█████▒██▓░                                                    ███████▒  ▓█▓ 
██░ ░█████████       ▓██▓▒███▒                                                    █████░      █░ 
██      ██████       ▒███▒███▒      PROUDLY PRESENTS :                           ░████       ▒▒  
 █       █████       ░██████▓                                                     █████▓         
       ▒█████░        ▓█████▒                                                     ▒██████▓░      
     ████████         ▒████▓░      Regarding Henry  (US 1991)                       ▓▒ ▓████▓
   ▓█████▓ █░         ░▓███▒                                                        ▓▒ ░█████░   
  ██████ ░█░           ░▒▒▒                                                        ██░████████░  
 ████████████                                                                     ███████▓░ ██▓  
 ███ █████████   RELEASE DATE : 07.04.2021                                        █████░     █▓  
 █▓     ██████                                                                   ▒█████      █   
 ██     ▓█████   GENRE        : Drama                                            ▓██████▓        
      ░███████                                                                   ▒█░▓█████░      
     ██████░██   RUNTIME      : 01:47:28                                          ▒▒  ▓█████░    
   ██████░  █                                                                       ░█  ▓████░   
  █████░ ▓█      IMDB RATING  : 6.7/10 (31.975 votes)                               ▓█▒████████   
 ███████████░                                                                     ▒███████▒ ▓██  
░██░░████████    IMDB LINK    : https://www.imdb.com/title/tt0102768/            ▓████▒     ██  
▓█░    ▒█████▓▄                                                                  ██████▓     ▓▒  
 █     ░████████████████████████████▀ ▄██████████████████████████████████████████████████░       
  ░   ████████                                                                    ██░▓████▓      
    ░█████▓██░                                                                     ▓   ▓████░    
   █████▓  █░    FORMAT       : x264                                                ░░  ▒█████   
 ▓█████   █                                                                        ▓█ ░████████  
█████████ ██░    RESOLUTION   : 1920x1080                                         ░███████▓ ░██▓ 
███ ▓████████                                                                     ▓█████░    ░█▓ 
██     ██████    SOURCE       : BluRay                                            ▒████░      █  
██      █████                                                                     ▓██████        
      ░███████   VIDEO        : 16355kbps (32235kbps source)                       ▒█░▓█████░      
     ██████░██                                                                     ▒▒  ▓█████░   
   ██████░  █    AUDIO        : DTS-MA 5.1 @ 3840kbps                                ░█  ▓████░  
  █████░ ▓█                                                                          ▓█▒████████  
 ███████████░    SUBS         : Eng                                                ▒███████▒ ▓██ 
░██░░████████                                                                      ▓████▒     ██ 
▓█░    ▒█████    SIZE         : 15531mb                                            █████▓     ▓▒  
 █     ░█████▓                                                                   ▄███████░      
  ░   ██████████████████████████████████████████████████████▄ ▀█████████████████████░▓████▓     
    ░█████▓██░                                                                     ▓   ▓████░   
   █████▓  █░                                                                       ░░  ▒█████  
 ▓█████   █      We are currently looking for                                      ▓█ ░████████ 
█████████ ██░                                                                     ░███████▓ ░██▓
███ ▓████████       - nice places in .eu                                          ▓█████░    ░█▓
██     ██████                                                                     ▒████░      █ 
██      █████                                                                     ▓██████       
      ░███████                                                                   ▒█░▓█████░     
     ██████░██                                                                    ▒▒  ▓█████░   
   ██████░  █                                                                       ░█  ▓████░  
  █████░ ▓█                                                                        ▓█▒████████  
 ███████████░                                                                     ▒███████▒ ▓██ 
░██░░████████                                                                     ▓████▒     ██ 
▓█░    ▒█████                                                                     █████▓     ▓▒ 
 █     ░█████▓                                                                   ▄███████░      
 ███████████░                                                                     ▒███████▒ ▓██ 
░██░░████████                                                                     ▓████▒     ██ 
▓█░    ▒█████                                                                     █████▓     ▓▒ 
 █     ░█████▓                                                                   ▄███████░      
    ▓████████          ░                                           █       ██      █████░       
       ██████     ░▒   ▓                   ░░                     ▓█       ▓█▓     ████░        
        █████     █   ▓▓                  ██                      ███████▒ ▓█▓     ██████       
      ███████    ▓█   ████████▓          ██        ░█████▓     ░█████████████▓     █░██████░    
    █████████    ██▒▓████████████       ███       ░░  ▒████  ▒███████████████░     ▓  ░█████▓   
  ░██████   ░    █████████░  ░▓███░     ███░            ██████████▓████▓░▓███▒      ▓▓  ▓█████  
 ██████░ ░ █    ▓█████▓▒████▒▒▒▒███▒▒██████████████▒    ░███████░   ██████████▓▒▒▒░██░▓████████ 
  ██████████████████▓   ▒█████████████████████████████░░███████▓     ▓███████████████████████   
     █████████████▒       ▓█████████████████████████████████▓██▓       ░▓████████████████████   
        ████████▓          ▒██▒▒▒▒██▒▒▒▒▒▒░    ░▒▒▒▓██████▒  ▒██░          ████████████████     
              ▓           ▓██░    █▓             ░▓██████▒    ░███▒        ▓██                  
                         ▓█▒     ▓█░   ░░     ░▓██████▓ █▓                 ▓█▓                  
                                 █▓     ▒██████████▓░    ▓                 ██  XX^NFO 2o13      
                               ░█▓        ░▒▒▒▒▒▒        ▒                █▓
