ÔĽŅ                                       ‚ĖĎ‚Ėą‚Ėą‚Ėą‚Ėą                                
                                     ‚Ėí‚Ėą‚Ėą‚Ėą‚Ėą‚Ėí                                
                                   ‚ĖĎ‚Ėď‚Ėą‚Ėą‚Ėą‚Ėą‚Ėą‚Ėą‚ĖĎ           ‚ĖĎ‚Ėí‚Ėą‚Ėď‚Ėą‚Ėą‚Ėą‚Ėą‚Ėą‚Ėą‚Ėą‚Ėď        
                                   ‚Ėď‚Ėą‚Ėą‚Ėą‚Ėą‚Ėą‚Ėą‚Ėą‚Ėą‚Ėí‚ĖĎ        ‚ĖĎ‚Ėą‚Ėą‚Ėą‚Ėą‚Ėą‚Ėą‚Ėą‚Ėą‚Ėą‚Ėą‚Ėą‚Ėą        
                                  ‚Ėí‚Ėą‚Ėą‚Ėą‚Ėą‚Ėą‚Ėą‚Ėą‚Ėą‚Ėą‚Ėą‚ĖĎ      ‚ĖĎ‚Ėą‚Ėą‚Ėą‚Ėą‚Ėą‚Ėą‚Ėą‚Ėą‚Ėą‚Ėą‚Ėą‚Ėą‚Ėą                
                                   ‚Ėď‚Ėą‚Ėą‚Ėą‚Ėą‚Ėą‚Ėą‚Ėą‚Ėą‚Ėą‚Ėą‚Ėď     ‚ĖĎ‚Ėą‚Ėą‚Ėą‚Ėą‚Ėą‚Ėą‚Ėą‚Ėą‚Ėą‚Ėą‚Ėą‚Ėą‚Ėą‚Ėí        
                                  ‚Ėí‚Ėą‚Ėą‚Ėą‚Ėą‚Ėą‚Ėą‚Ėą‚Ėą‚Ėą‚Ėą‚Ėą‚Ėą‚ĖĎ   ‚ĖĎ‚Ėą‚Ėą‚Ėą‚Ėą‚Ėą‚Ėą‚Ėą‚Ėą‚Ėą‚Ėą‚Ėą‚Ėą‚Ėą‚Ėą‚Ėí        
                                  ‚Ėą‚Ėą‚Ėą‚Ėą‚Ėą‚Ėą‚Ėą‚Ėą‚Ėą‚Ėą‚Ėą‚Ėą‚Ėą‚ĖĎ   ‚Ėď‚Ėą‚Ėą‚Ėą‚Ėą‚Ėą‚Ėą‚Ėí‚ĖĎ‚ĖĎ ‚ĖĎ‚ĖĎ‚Ėí‚Ėď‚ĖĎ        
                                ‚Ėí‚Ėą‚Ėą‚Ėą‚Ėą‚Ėą‚Ėą‚Ėď‚Ėą‚Ėą‚Ėą‚Ėą‚Ėą‚Ėą‚ĖĎ  ‚ĖĎ‚Ėą‚Ėą‚Ėą‚Ėą‚Ėą‚Ėą‚ĖĎ                        
                                ‚ĖĎ‚Ėą‚Ėą‚Ėą‚Ėą‚Ėą‚Ėď  ‚Ėí‚Ėą‚Ėą‚Ėą‚Ėą‚Ėą‚Ėí  ‚Ėď‚Ėą‚Ėą‚Ėą‚Ėą‚Ėą‚ĖĎ                        
                                ‚ĖĎ‚Ėą‚Ėą‚Ėą‚Ėą‚Ėą‚Ėí   ‚Ėď‚Ėą‚Ėą‚Ėą‚Ėą‚Ėď ‚ĖĎ‚Ėą‚Ėą‚Ėą‚Ėą‚Ėą‚Ėď                        
                                ‚Ėí‚Ėą‚Ėą‚Ėą‚Ėą‚Ėą    ‚ĖĎ‚Ėą‚Ėą‚Ėą‚Ėą‚Ėď ‚Ėí‚Ėą‚Ėą‚Ėą‚Ėą‚Ėą‚Ėí                        
                               ‚Ėď‚Ėą‚Ėą‚Ėą‚Ėą‚ĖĎ    ‚ĖĎ‚Ėą‚Ėą‚Ėą‚Ėą‚Ėď ‚Ėí‚Ėą‚Ėą‚Ėą‚Ėą‚Ėą‚ĖĎ                        
                               ‚ĖĎ‚Ėą‚Ėą‚Ėą‚Ėą‚Ėď     ‚ĖĎ‚Ėą‚Ėą‚Ėą‚Ėą‚Ėď ‚Ėí‚Ėą‚Ėą‚Ėą‚Ėą‚Ėą                        
                               ‚Ėí‚Ėą‚Ėą‚Ėą‚Ėą‚ĖĎ      ‚Ėą‚Ėą‚Ėą‚Ėą‚Ėď ‚Ėí‚Ėą‚Ėą‚Ėą‚Ėą‚Ėí                        
                               ‚Ėą‚Ėą‚Ėą‚Ėą‚Ėď       ‚Ėą‚Ėą‚Ėą‚Ėą‚Ėď ‚Ėą‚Ėą‚Ėą‚Ėą‚Ėą‚Ėí                        
                              ‚ĖĎ‚Ėą‚Ėą‚Ėą‚Ėą‚Ėí       ‚Ėą‚Ėą‚Ėą‚Ėą‚Ėď ‚Ėą‚Ėą‚Ėą‚Ėą‚Ėą‚ĖĎ                        
                              ‚ĖĎ‚Ėą‚Ėą‚Ėą‚Ėď        ‚Ėą‚Ėą‚Ėą‚Ėą‚Ėď‚ĖĎ‚Ėą‚Ėą‚Ėą‚Ėą‚Ėą‚ĖĎ      ‚ĖĎ‚ĖĎ‚ĖĎ‚Ėí‚ĖĎ                
                      ‚ĖĎ‚Ėí‚ĖĎ     ‚Ėď‚Ėą‚Ėą‚Ėą‚Ėí        ‚Ėą‚Ėą‚Ėą‚Ėą‚Ėí‚Ėí‚Ėą‚Ėą‚Ėą‚Ėą‚Ėí  ‚ĖĎ‚ĖĎ‚Ėí‚Ėď‚Ėą‚Ėą‚Ėą‚Ėą‚Ėą‚Ėą‚Ėí        
                     ‚Ėí‚Ėą‚Ėą‚Ėą‚Ėí   ‚ĖĎ‚Ėą‚Ėą‚Ėą‚Ėą‚ĖĎ        ‚Ėą‚Ėą‚Ėą‚Ėą‚Ėą‚Ėď‚Ėą‚Ėą‚Ėą‚Ėą‚Ėí‚ĖĎ‚Ėď‚Ėą‚Ėą‚Ėą‚Ėą‚Ėą‚Ėą‚Ėą‚Ėą‚Ėą‚Ėą‚Ėí        
                   ‚ĖĎ‚Ėą‚Ėą‚Ėą‚Ėą‚Ėą‚ĖĎ   ‚Ėí‚Ėą‚Ėą‚Ėą‚Ėď   ‚ĖĎ‚ĖĎ‚ĖĎ‚ĖĎ‚Ėí‚Ėą‚Ėą‚Ėą‚Ėą‚Ėą‚Ėą‚Ėą‚Ėą‚Ėą‚Ėą‚Ėą‚Ėą‚Ėą‚Ėą‚Ėą‚Ėą‚Ėą‚Ėą‚Ėą‚Ėą‚Ėą‚Ėą‚Ėą‚Ėą‚Ėí        
                  ‚Ėí‚Ėą‚Ėą‚Ėą‚Ėą‚Ėą‚ĖĎ    ‚Ėą‚Ėą‚Ėą‚Ėą‚Ėą‚Ėą‚Ėą‚Ėą‚Ėą‚Ėą‚Ėą‚Ėą‚Ėą‚Ėą‚Ėą‚Ėą‚Ėą‚Ėą‚Ėą‚Ėą‚Ėą‚Ėą‚Ėą‚Ėą‚Ėą‚Ėą‚Ėą‚Ėą‚Ėą‚Ėą‚Ėą‚Ėą‚Ėą‚Ėą‚Ėą‚Ėą‚Ėą‚Ėí        
                ‚ĖĎ‚Ėí‚Ėą‚Ėą‚Ėą‚Ėą‚Ėą‚ĖĎ   ‚Ėí‚Ėą‚Ėą‚Ėą‚Ėą‚Ėą‚Ėą‚Ėą‚Ėą‚Ėą‚Ėą‚Ėą‚Ėą‚Ėą‚Ėą‚Ėą‚Ėą‚Ėą‚Ėą‚Ėą‚Ėą‚Ėą‚Ėą‚Ėą‚Ėą‚Ėą‚Ėą‚Ėą‚Ėą‚Ėą‚Ėą‚Ėą‚Ėą‚Ėď‚Ėď‚Ėą‚Ėą‚Ėą‚Ėą‚Ėí        
               ‚ĖĎ‚Ėą‚Ėą‚Ėą‚Ėą‚Ėą‚Ėą‚ĖĎ   ‚Ėí‚Ėą‚Ėą‚Ėą‚Ėą‚Ėą‚Ėą‚Ėą‚Ėą‚Ėą‚Ėą‚Ėą‚Ėą‚Ėą‚Ėą‚Ėą‚Ėď‚Ėą‚Ėą‚Ėą‚Ėą‚Ėą‚Ėą‚Ėą‚Ėą‚Ėą‚Ėą‚Ėą‚Ėą‚Ėď‚Ėí‚ĖĎ‚ĖĎ‚ĖĎ   ‚ĖĎ‚ĖĎ‚Ėí‚ĖĎ        
              ‚Ėí‚Ėą‚Ėą‚Ėą‚Ėą‚Ėą‚Ėą‚ĖĎ   ‚ĖĎ‚Ėą‚Ėą‚Ėą‚Ėą‚Ėą‚Ėą‚Ėą‚Ėą‚Ėą‚Ėą‚Ėą‚Ėą‚Ėí‚ĖĎ‚ĖĎ‚ĖĎ ‚Ėą‚Ėą‚Ėą‚Ėą‚Ėą‚Ėą‚Ėą‚Ėą‚Ėą‚Ėą‚ĖĎ‚ĖĎ                        
             ‚Ėí‚Ėą‚Ėą‚Ėą‚Ėą‚Ėą‚Ėí‚ĖĎ    ‚ĖĎ‚Ėą‚Ėą‚Ėą‚Ėą‚Ėą‚Ėą‚Ėą‚Ėą‚Ėą‚Ėí‚ĖĎ‚ĖĎ     ‚Ėą‚Ėą‚Ėą‚Ėą‚Ėď‚Ėą‚Ėą‚Ėą‚Ėą‚Ėí                        
           ‚ĖĎ‚Ėí‚Ėą‚Ėą‚Ėą‚Ėą‚Ėą‚Ėí  ‚Ėí‚Ėą‚Ėą‚ĖĎ‚ĖĎ‚Ėą‚Ėą‚Ėą‚Ėą‚Ėą‚Ėą‚Ėą‚Ėí         ‚Ėą‚Ėą‚Ėą‚Ėą‚Ėď‚Ėą‚Ėą‚Ėą‚Ėą‚Ėí                        
          ‚ĖĎ‚Ėą‚Ėą‚Ėą‚Ėą‚Ėą‚Ėą‚Ėí  ‚Ėď‚Ėą‚Ėą‚Ėą‚Ėí‚Ėí‚Ėą‚Ėą‚Ėą‚Ėą‚Ėą‚ĖĎ           ‚Ėą‚Ėą‚Ėą‚Ėą‚Ėď‚Ėą‚Ėą‚Ėą‚Ėą‚ĖĎ                        
         ‚ĖĎ‚Ėą‚Ėą‚Ėą‚Ėą‚Ėą‚Ėą‚Ėí  ‚Ėď‚Ėą‚Ėą‚Ėą‚Ėą‚Ėí ‚Ėą‚Ėą‚Ėą‚Ėą‚Ėą            ‚Ėą‚Ėą‚Ėą‚Ėą‚Ėď‚Ėą‚Ėą‚Ėą‚Ėą‚ĖĎ                        
         ‚Ėď‚Ėą‚Ėą‚Ėą‚Ėą‚Ėą‚Ėí  ‚Ėď‚Ėą‚Ėą‚Ėą‚Ėą‚Ėą‚Ėí ‚ĖĎ‚Ėą‚Ėą‚Ėą‚Ėí            ‚Ėą‚Ėą‚Ėą‚Ėď‚Ėí‚Ėą‚Ėą‚Ėą‚Ėą‚ĖĎ                        
       ‚ĖĎ‚Ėą‚Ėą‚Ėą‚Ėą‚Ėą‚Ėą‚Ėí ‚ĖĎ‚Ėą‚Ėą‚Ėą‚Ėą‚Ėą‚Ėą‚Ėą‚Ėí ‚Ėí‚Ėą‚Ėą‚Ėą‚ĖĎ            ‚Ėą‚Ėą‚Ėą‚Ėí‚Ėí‚Ėą‚Ėą‚Ėą‚Ėą‚ĖĎ                        
       ‚Ėą‚Ėą‚Ėą‚Ėą‚Ėą‚Ėą‚Ėą ‚Ėí‚Ėą‚Ėą‚Ėą‚Ėą‚Ėą‚Ėą‚Ėą‚Ėą‚Ėą ‚Ėď‚Ėą‚Ėą‚Ėď             ‚Ėą‚Ėą‚Ėą‚Ėí‚Ėí‚Ėą‚Ėą‚Ėą‚Ėď                        
       ‚Ėą‚Ėą‚Ėą‚Ėą‚Ėą‚Ėą‚ĖĎ‚Ėď‚Ėą‚Ėą‚Ėą‚Ėď‚ĖĎ‚Ėą‚Ėą‚Ėą‚Ėą‚Ėą‚Ėď‚Ėą‚Ėą‚Ėą‚ĖĎ             ‚Ėą‚Ėą‚Ėą‚Ėí‚Ėí‚Ėą‚Ėą‚Ėą‚Ėď                        
       ‚Ėą‚Ėą‚Ėą‚Ėą‚Ėą‚Ėą‚Ėď‚Ėą‚Ėą‚Ėą‚Ėď  ‚Ėď‚Ėą‚Ėą‚Ėą‚Ėą‚Ėą‚Ėą‚Ėą‚Ėą‚ĖĎ             ‚Ėą‚Ėą‚Ėą‚ĖĎ‚Ėí‚Ėą‚Ėą‚Ėą‚Ėď                        
       ‚Ėí‚Ėą‚Ėą‚Ėą‚Ėą‚Ėą‚Ėą‚Ėą‚Ėą‚Ėí   ‚Ėí‚Ėą‚Ėą‚Ėą‚Ėą‚Ėą‚Ėą‚Ėą‚Ėď              ‚Ėą‚Ėą‚Ėą‚ĖĎ‚Ėí‚Ėą‚Ėą‚Ėą‚Ėď                        
       ‚Ėí‚Ėą‚Ėą‚Ėą‚Ėą‚Ėą‚Ėą‚Ėą‚Ėí    ‚ĖĎ‚Ėď‚Ėą‚Ėą‚Ėą‚Ėą‚Ėą‚Ėą‚Ėí              ‚Ėą‚Ėą‚Ėą ‚Ėí‚Ėą‚Ėą‚Ėą‚ĖĎ                        
       ‚Ėí‚Ėą‚Ėą‚Ėą‚Ėą‚Ėą‚Ėą‚ĖĎ       ‚ĖĎ‚Ėď‚Ėą‚Ėą‚Ėą‚Ėą‚ĖĎ              ‚Ėą‚Ėą‚Ėď ‚Ėí‚Ėą‚Ėą‚Ėą‚ĖĎ                        
       ‚ĖĎ‚Ėą‚Ėą‚Ėą‚Ėą‚Ėď           ‚ĖĎ‚Ėą‚Ėą‚Ėď               ‚Ėą‚Ėď  ‚Ėí‚Ėą‚Ėą‚Ėą‚ĖĎ                        
        ‚ĖĎ‚Ėď‚Ėď‚ĖĎ            ‚Ėď‚Ėą‚Ėą‚Ėí               ‚ĖĎ‚ĖĎ  ‚Ėí‚Ėą‚Ėą‚Ėą‚ĖĎ                        
                        ‚ĖĎ‚Ėą‚Ėą‚ĖĎ                   ‚Ėí‚Ėą‚Ėą‚Ėą‚ĖĎ                        
                         ‚ĖĎ‚ĖĎ                    ‚Ėí‚Ėą‚Ėą‚Ėą‚ĖĎ                        
                                               ‚ĖĎ‚Ėą‚Ėą‚Ėą‚ĖĎ                        
                                                ‚Ėď‚Ėą‚Ėí                        
                          AGGRESSIVE ARCHIVE FORCE        
                                                  
                        Heavy.Rescue.401.S04E12.HDTV.x264-aAF       

                                                        
                        Release Date.....: 2020-03-25                     
                        Video Resolution.: 720x402                      
                        Video Bitrate....: 1 131 Kbps                         
                        Video Fr
