 ,,`|                                                                      | ,,`
 .  |        .    .    .    . .       . .    .       . .       . .         | .
` , |     .+'|  .'|  .'| .+'|=|`+. .+'|=|`+.=|`+. .+'|=|`+. .+'| |`+.      |` ,
  - |     |  |  | |  | | |  | |  | |.+' |  | `+.| |  | `+.| |  | |  |      |  -
 ,,`|     |  |  | |  | | |  |=|  |      |  |      |  |      |  |=|  |      | ,,`
 .  |     |  |  | |  | | |  | |  |      |  |      |  |      |  | |  |      | .
` , |     |  |  | |  | | |  | |  |      |  |      |  |    . |  | |  |      |` ,
  - |     |  | .+ | .+ | |  | |  |      |  |      |  | .+'| |  | |  |      |  -
 ,,`|     `+.|=|.+'=|.+' `+.| |..|      |.+'      `+.|=|.+' `+.| |..|      | ,,`
 .  |                . .       . .       .         . .                     | .
` , |             .+'|=|`+. .+'|=|`+. .+'|      .+'|=|`+.                  |` ,
  - |             |  | |  | |  | |  | |  |      |  | `+.|                  |  -
 ,,`|             |  |=|  | |  |'. '. |  |      |  |=|`.                   | ,,`
 .  |             |  | |  | |  | |  | |  |      |  | `.|                   | .
`,,`|             |  | |  | |  | |  | |  |    . |  |    .                  |`,,`
 .- |             |  | |  | |  | |  | |  | .+'| |  | .+'|                  | .-
` , |             `+.| |..| `+.|=|.+' `+.|=|.+' `+.|=|.+'                  |` ,
  - |                                               ... you ain't classic  |  -
--------------------------------------------------------------------------------
 ,,`|A.Thousand.and.One.Nights.1969.GERMAN.SUBBED.720P.BLURAY.X264-WATCHABLE ,,`
 .  |----------------------------------------------------------------------| .
` , |                                                                      |` ,
  - |----------------------------------------------------------------------|  -
 ,,`|                              RiPiNFO                                 | ,,`
 .  |----------------------------------------------------------------------| .
` , |    Codec: X264      Resolution: 1280x544     Bitrate: 4088 (crf20)   |` ,
  - |    Audio: DTS       Language: JP/ENG         Subtitles: GER          |  -
 ,,`|----------------------------------------------------------------------| ,,`
 .  |                             FiLMiNFO                                 | .
` , |----------------------------------------------------------------------|` ,
  - |    Director: Eiichi Yamamoto                 Runtime: 130min         |  -
 ,,`|                https://www.imdb.com/title/tt0064961/                 | ,,`
 .  |                           6.6/10  445 votes                          | ,,`
   .|     Aldin, ein armer WasserverkΣufer, kommt nach einem langen        | .
 ` ,|     Marsch durch die Wⁿste in Bagdad an. Auf einem Sklavenmarkt      |` ,
   -|     verliebt er sich in Milliam, die gerade vom Sohn des             |  -
 ,,`|     Polizeichefs gekauft wird. Bei einem aufkommenden Sandsturm      | ,,`
 .  |     entfⁿhrt er die Sch÷nheit, woraus sich ein mΣrchenhaft           |` - 
` , |     erotisches Liebesabenteuer in Episoden entspinnt, das sich       | ,,`
  - |     um Sindbad ⁿber Ali Baba und die vierzig RΣuber bis hin zu       | .
 ,,`|     fliegenden Teppichen, Djinns, Riesen und Schlangenfrauen         |` , 
 .  |     rankt, bei dem die erzΣhlerischen FΣden zu einem kunstvollen     |  - 
   .|     Teppich verwoben werden.                                         | ,,`
--------------------------------------------------------------------------------
    |                                 NOTES                                |
    |----------------------------------------------------------------------|
    |                                                                      |
    \----------------------------------------------------------------------/
                           Releasedate: 2020/07/15
