 ,,`|                                                                      | ,,`
 .  |        .    .    .    . .       . .    .       . .       . .         | .
` , |     .+'|  .'|  .'| .+'|=|`+. .+'|=|`+.=|`+. .+'|=|`+. .+'| |`+.      |` ,
  - |     |  |  | |  | | |  | |  | |.+' |  | `+.| |  | `+.| |  | |  |      |  - 
 ,,`|     |  |  | |  | | |  |=|  |      |  |      |  |      |  |=|  |      | ,,`
 .  |     |  |  | |  | | |  | |  |      |  |      |  |      |  | |  |      | .
` , |     |  |  | |  | | |  | |  |      |  |      |  |    . |  | |  |      |` ,
  - |     |  | .+ | .+ | |  | |  |      |  |      |  | .+'| |  | |  |      |  - 
 ,,`|     `+.|=|.+'=|.+' `+.| |..|      |.+'      `+.|=|.+' `+.| |..|      | ,,`
 .  |                . .       . .       .         . .                     | .
` , |             .+'|=|`+. .+'|=|`+. .+'|      .+'|=|`+.                  |` ,
  - |             |  | |  | |  | |  | |  |      |  | `+.|                  |  - 
 ,,`|             |  |=|  | |  |'. '. |  |      |  |=|`.                   | ,,`
 .  |             |  | |  | |  | |  | |  |      |  | `.|                   | .
`,,`|             |  | |  | |  | |  | |  |    . |  |    .                  |`,,`
 .- |             |  | |  | |  | |  | |  | .+'| |  | .+'|                  | .-
` , |             `+.| |..| `+.|=|.+' `+.|=|.+' `+.|=|.+'                  |` ,
  - |                                                                      |  -
--------------------------------------------------------------------------------
 ,,`|                               TiTLE                                  | ,,`
 .  |----------------------------------------------------------------------| .
` , |   Eine.japanische.Tragoedie.1953.GERMAN.SUBBED.DVDRiP.XViD-WATCHABLE |` ,
  - |----------------------------------------------------------------------|  -
 ,,`|                              RiPiNFO                                 | ,,`
 .  |----------------------------------------------------------------------| .
` , |    Codec: XViD      Resolution: 576x416       Bitrate: 1546          |` ,
  - |    Audio: AC3       Language: GER             Subs: GER(hard)        |  - 
 ,,`|----------------------------------------------------------------------| ,,`
 .  |                             FiLMiNFO                                 | .
` , |----------------------------------------------------------------------|` ,
  - |    Director: Keisuke Kinoshita               Runtime: 101min         |  -
 ,,`|               http://www.imdb.com/title/tt0046127/                   | ,,`
 .  |                      8.2/10   28,631 votes                           | .
` , |         Noch waehrend des Krieges muss sich die verwitwete           | ,,`
  - |         Haruko prostituieren, um fuer sich und ihre beiden           | .
 ,,`|         Kinder sorgen zu koennen. Als diese nach dem Krieg           |` ,
 .  |         Karriere machen wollen, schΣmen sie sich fuer die            |  -
` , |         Taten ihrer Mutter und wollen nichts mehr mit ihr            | ,,`
  - |         zu tun haben. Muss Haruko tatenlos zusehen, wie              | .
 ,,`|         ihre Familie unter den Schatten der Vergangenheit            |` ,
 .  |         auseinander bricht?                                          |  -
--------------------------------------------------------------------------------
    |                                 NOTES                                |
    |----------------------------------------------------------------------|
    |                       Looking for something.                         |
    \----------------------------------------------------------------------/
                           Releasedate: 2010/08/10
