                                                            Genres: Shooter - Spiel
                                                            Rollenspiel
                                                            Actionspiel
                                                            Add-On
                                                            Xbox Live
                                                            Action-Rollenspiel 

                                                            USK: 18 

                                                            Produktion: 2010 

                                                            Anbieter: Take 2 

                                                            Label: 2K Games 
  
Inhalt: Die Jakobs Corporation lΣdt sie herzlich ein zu einem Besuch von Dr. Ned┤s Zombieinsel, damit sie selbst die Idylle des Konzern eigenen Dorfes
Jakobs Grove erleben k÷nnen. SΣmtliche Gerⁿchte ⁿber Untote die auf den Strassen herumschlurfen sind selbstverstΣndlich v÷lliger Schwachsinn und wir
streiten die Zombifizierung von Jacobs Grove vehement ab. Sollten sich diese Gerⁿchte, entgegen unseren Aussagen dennoch als wahr erweisen, kaufen 
sie sich eine Knarre ihrer Wahl vom ideal gelegenen Jacobs SchusswaffenhΣndler und ballern sie den Zombies genau zwischen die Augen. Eine Bitte der
Jacobs Corporation: Wenn m÷glich verschonen sie unsere Angestellten.

Sind sie ein von Gott gesegneter Revolverheld? Glauben sie, sie sind der beste? Stellen sie ihr K÷nnen unter Beweis bei der gro▀en Er÷ffnung der
Marcus Bank (Ein Tochterunternehmen der Marcus Corp)! Knallen sie hunderte von Gegner ab in Mad Moxxi┤s Underdome Riot der einzigen Arena weit und
breit die sie entweder als lebende Legende verlassen.. oder auch gar nicht.


Features:
* The Zombie Island of Dr. Ned: Umfangreiche Erweiterung mit neuen Gegenden, neuen Quests und seltenen GegenstΣnden.
  Neue Feinde: Verschiedenste Zombiearten und sogar fliegende Bestien wollen ihnen ans Leder.
  Erweiterter Koop Modus: Springen sie nahtlos vom Singleplayer in den Koop Modus.

* Mad Moxxi's Underdome Riot: 3 neue Riot Mode Arenen in denen sich die Spieler mit den ⁿbelsten Kreaturen Pandoras messen k÷nnen. Gemeinsam wehren sie
  Welle um Welle an Feinden ab auf der Suche nach Ruhm, Ehre und natⁿrlich Items.

* Neues Banken Feature: Jeder Spieler erhΣlt zusΣtzlichen Stauraum fⁿr seine liebsten Waffen.

* Erhalten sie 2 zusΣtzliche Skill Punkte als Quest Belohnung um ihren Charakter noch stΣrker zu machen.

* Achtung: Add-On funktioniert nur mit entsprechender USK Vollversion!
