
                                                __________
                                               /         |
                             ______________   /__________|
                            |             /               ____
                            |            /_______        i    :
           /\_____          |   /\______/       /        |____|
    ______/      /_____________/       /       /___________________________
    \                                                                     /
     \__      ________      __      __      ___    ___      ___      ____/
       /      /     _       /       /       /       |        |        \
     _/     _/      /     _/       /       /        |        |         \_
     \ ____________________________       /|___________________________ /
      \/   __ _                  /       /             ___________    \/
._______ .'    `:.   ...  __    /       /______________)         /_____________
|      . `.      : .'::::   |  /       /    _____________       /     ________
|      `._       : : ::::   | /       /                        /              |
|       .        : : ::'    |/       /      __________      __/|________      |
|       `.__.'   : : '      /       /       |        \       \                |
|___________.    : ' .____________.'|________________|\       \ ______________|
             `.  '          .                          \       \
                .           |                           \
                            |____________________________\

                               t a t t o__O l o v e r s
                             _________________  __________
                            |                 | \        |
                            |                 |  \_______|
                            |_________________|

           Les.Parisiennes.Libertines.FRENCH.XXX.DVDRiP.x264-TattooLovers



                             Release Date..: 28.04.2016            
                             Store Date....: 29.07.2014           
    
                             Runtime.......: 90 Mins                
   
     
                             Studio........: Marc Dorcel                 
                             Source........: DVD                           
                             Resolution....: 720x394 (29.970 FPS)         
                             Bitrate.......: 876 @ CRF-19  
  
                             Language......: French
                             Audio.........: AAC-LC Stereo @ VBR 128 kbps   

                             Extras........: Making Of     
     
       
                             Cast..........: 
  
                             Max Casanova, Pascal St. James, Ricky Mancini, Joss Lescaf, 
                             Cecilia De Lys, Amel Annoga, Kimber Delice, Fabrice Triple X,
                             Miguel Zayas, Anissa Kate, Anna Polina, Lucy Heart, Michael
                             Cheritto, Phil Holiday, Josh, Pascal Saint James, Juan Lucho, 
                             Cecilia de Lys, Phil Hollyday
   
                                              
                             Link..........: 

                             http://www.dorcelstore.com/fr/les-parisiennes-libertines.html?


                             Release.Notes.: -


                             Si Anna, CΘcilia, Lucy et Anissa sont α premiΦre vue de jeunes et
                             belles parisiennes comme il en existe tant, le moins que l'on puisse
                             dire c'est qu'elles ont des m£urs trΦs particuliΦres concernant leurs
                             activitΘs nocturnes. En effet, une fois par semaine, les quatre 
                             insΘparables amies partent assouvir ensemble des fantasmes α peine
                             croyables dans les endroits les plus chauds de Paris. Ce soir, elles
                             vous invitent α passer avec elles une extraordinaire nuit de libertinage
                             et de dΘbauche mondaine. Une nuit comme jamais encore vous n'en avez vΘcueà

                             MΩme si elle a dΘjα passΘ une aprΦs-midi torride en compagnie de son mari
                             et de son amant qui lui ont offert un trio anal sauvage, Anissa n'y coupera
                             pas : ce soir, comme chaque semaine, c'est la soirΘe entre filles ! Une
                             fois les quatre parisiennes rΘunies, elles partent pour une vΘritable nuit
                             de folie au cours de laquelle Anna commencera par faire jouir un chauffeur 
                             de taxi avec sa bouche dans un parking souterrain.

                             Ensuite, une fois entrΘes dans un club libertin trΦs select, CΘcilia se fera
                             une joie de go√ter aux dΘlices du glory hole en suτant deux inconnus et
                             en buvant leur semence. Mais ce n'est encore rien en comparaison avec 
                             l'initiation qui attend Lucyà

                             Sodomies, gang bangs, doubles pΘnΘtrations et orgies, avec ces quatre 
                             libertines, vous n'Ωtes pas au bout de vos surprises.




                             Searching.For.: - Money Suppliers for DVD┤s / BD┤s

                                             - Suppliers for DVD┤s / BD┤s

                                             - Affil Sites with XXX Archive






                             _____________________________
                            |                            |
                            | S!'                        |
                            | '                          :
                            |
                            :
                                       .
                                        `:::'
                                          `        .
                                   .:::::. .::::::'
                                  '   ..    ...
            t  a  t  t  o  o          ::    ::          l  o  v  e  r  s
                                     .::    ::
                                    ::::    `:.
                                     ''
                            _                            _  '
          .            . '    "`::::..         ..::::'"
              ........ :              `       ' .: .:::
                 ' ''' :  :            .        `:..::'
                       `: :
                        `:: :         :
                          `:::.:.....'
                             """"""
