Transformers.3.Dark.Of.The.Moon.2011.German.AC3D.DVDRip.Xvid-HOR

Format                           : AVI
Format/Info                      : Audio Video Interleave
Dateigr÷▀e                       : 1,64 GiB
Dauer                            : 2h 34min
Gesamte Bitrate                  : 1 522 Kbps
Kodierendes Programm             : Nandub v1.0rc2
verwendete Encoder-Bibliothek    : Nandub build 1853/release

Video
ID                               : 0
Format                           : MPEG-4 Visual
Format-Profil                    : Advanced Simple@L5
Format-Einstellungen fⁿr BVOP    : 2
Format-Einstellungen fⁿr Qpel    : Nein
Format-Einstellungen fⁿr GMC     :  Keine warppoints
Format-Einstellungen fⁿr Matrix  : Default (H.263)
Muxing-Modus                     : Packed bitstream
Codec-ID                         : XVID
Codec-ID/Hinweis                 : XviD
Dauer                            : 2h 34min
Bitrate                          : 1 128 Kbps
Breite                           : 624 Pixel
H÷he                             : 256 Pixel
BildseitenverhΣltnis             : 2,40:1
Bildwiederholungsrate            : 23,976 FPS
ColorSpace                       : YUV
ChromaSubsampling                : 4:2:0
BitDepth/String                  : 8 bits
Scantyp                          : progressiv
Bits/(Pixel*Frame)               : 0.295
Stream-Gr÷▀e                     : 1,22 GiB (74%)
verwendete Encoder-Bibliothek    : XviD 63

Audio
ID                               : 1
Format                           : AC-3
Format/Info                      : Audio Coding 3
Format_Settings_ModeExtension    : CM (complete main)
Codec-ID                         : 2000
Dauer                            : 2h 34min
Bitraten-Modus                   : konstant
Bitrate                          : 384 Kbps
KanΣle                           : 2 KanΣle
Kanal-Positionen                 : Front: L R
Samplingrate                     : 48,0 KHz
BitDepth/String                  : 16 bits
Stream-Gr÷▀e                     : 424 MiB (25%)
Ausrichtung                      : Aufteilung ⁿber Interleaves
Interleave, Dauer                : 42 ms (1,00 Video-Frame)
Interleave, Vorlaufsdauer        : 500 ms

Video : Transformers.Dark.Of.The.Moon.2011.DVDRip.XviD-TWiZTED, Thanks

Audio : Transformers.3.German.2011.AC3D.TELESYNC.Xvid-FDL, Thanks

http://www.filmstarts.de/kritiken/101803-Transformers-3.html

http://www.imdb.com/title/tt1399103/


In letzter Sekunde konnten Sam Witwicky (Shia LaBeouf), Ex-Agent Seymour Simmons (John Turturro) und ihre Autobot-Verbⁿndeten um Optimus Prime ihren bisher fⁿrchterlichsten Gegner äThe Fallenô daran hindern, die Sonne als Energiequelle anzuzapfen und damit fⁿr immer auszuknipsen. Optimus' Erzfeind Megatron jedoch konnte entkommen und sinnt nun auf Rache. Nach einer kurzen Verschnaufpause muss sich das bunt aus Mensch und Maschine zusammengewⁿrfelte Team auf seinen letzten Kampf mit den niedertrΣchtigen Decepticons vorbereiten: Auf dem Mond wurde ein gigantisches Alien-Raumschiff entdeckt, dessen Geheimnis ⁿber das Schicksal nicht nur der Erde, sondern des ganzen Universums entscheiden k÷nnte...
