 ,,`|                                                                      | ,,`
 .  |        .    .    .    . .       . .    .       . .       . .         | .
` , |     .+'|  .'|  .'| .+'|=|`+. .+'|=|`+.=|`+. .+'|=|`+. .+'| |`+.      |` ,
  - |     |  |  | |  | | |  | |  | |.+' |  | `+.| |  | `+.| |  | |  |      |  - 
 ,,`|     |  |  | |  | | |  |=|  |      |  |      |  |      |  |=|  |      | ,,`
 .  |     |  |  | |  | | |  | |  |      |  |      |  |      |  | |  |      | .
` , |     |  |  | |  | | |  | |  |      |  |      |  |    . |  | |  |      |` ,
  - |     |  | .+ | .+ | |  | |  |      |  |      |  | .+'| |  | |  |      |  - 
 ,,`|     `+.|=|.+'=|.+' `+.| |..|      |.+'      `+.|=|.+' `+.| |..|      | ,,`
 .  |                . .       . .       .         . .                     | .
` , |             .+'|=|`+. .+'|=|`+. .+'|      .+'|=|`+.                  |` ,
  - |             |  | |  | |  | |  | |  |      |  | `+.|                  |  - 
 ,,`|             |  |=|  | |  |'. '. |  |      |  |=|`.                   | ,,`
 .  |             |  | |  | |  | |  | |  |      |  | `.|                   | .
`,,`|             |  | |  | |  | |  | |  |    . |  |    .                  |`,,`
 .- |             |  | |  | |  | |  | |  | .+'| |  | .+'|                  | .-
` , |             `+.| |..| `+.|=|.+' `+.|=|.+' `+.|=|.+'                  |` ,
  - |                                                                      |  -
--------------------------------------------------------------------------------
 ,,`|                               TiTLE                                  | ,,`
 .  |----------------------------------------------------------------------| .
` , |          Die.glaeserne.Zelle.1978.GERMAN.DVDRiP.XViD-WATCHABLE       |` ,
  - |----------------------------------------------------------------------|  -
 ,,`|                              RiPiNFO                                 | ,,`
 .  |----------------------------------------------------------------------| .
` , |    Codec: XViD      Resolution: 560x336       Bitrate: 984           |` ,
  - |    Audio: MP3       Language: GER                                    |  - 
 ,,`|----------------------------------------------------------------------| ,,`
 .  |                             FiLMiNFO                                 | . 
` , |----------------------------------------------------------------------|` ,
  - |    Director: Hans W. Geissendoerfer          Runtime:  89min         | ,,`
 ,,`|                     imdb.com/title/tt0077615                         | . `
 .  |                      6.9/10   34 votes                               |`.
` , |          Architekt Phillip Braun wird nach fuenf Jahren aus          |`,-`
 ,,`|          der Haft entlassen. In Freiheit erwarten ihn Gattin         | ,,`
 .  |          Lisa, Freund und Anwalt David und Bauunternehmer            | .
` , |          Lasky, der die eigentliche Schuld an dem Baufehler          |` 
  - |          traegt, durch den ein Kind zu Tode kam. Phillip             |  - 
 ,,`|          glaubt, Lisa liebe ihn nicht mehr und habe mit              | ,,`
 .  |          David geschlafen. Auf ihrer Geburtstagsfeier                | .
` , |          erschlaegt er David mit einem Frauenkopf aus Gips.          |` ,
  - |          Lasky erpresst Phillip, der ihn auf einem Volksfest         |  - 
` , |          ersticht. Kommissar ╓sterreicher muss nach endlosen         | ,,`
` , |          Verhoeren aufgeben, weil Lisa ihrem Mann ein Alibi          | .
  - |          liefert.                                                    |`,,`
--------------------------------------------------------------------------------
    |                                 NOTES                                |
    |----------------------------------------------------------------------|
    |           .... Still looking for a site to release on.               |
    \----------------------------------------------------------------------/
                           Releasedate: 2010/06/19
