                    
  ░█████████████████████████████████████████████████████████████████████████████
   ▒████████████████▒▒▒                                                    ▒███ 
    ░███████████████▒                                                      ▒██  
       ███      ▓███                         ░▒                            ▓█▓    
       ███     ▒███▒                         ██▒                           ▓█▓    
       ███     ▓███               █▒         ██▓                           ▓█▓    
       ███    ████               ▓█▓▒        ██▒                           ▓█▓    
       ███   ▒███▒               █▓▓█▒       ██▓                           ▒█▒    
       ███   ███▓               ▒█ ██▒       ██▓                           ▒█▓    
       ███  ▓███                ██ ▓█        ██▒                           ▒█▓    
       ███ ▒███▒                █▓           ██▒                           ▓█▓    
       ██▓ ████                 █▓           ██▒                           ▒██    
       ██▓▓███░                ░█▓           ▓█▒               ░▒          ▓█▓    
       ██████▒                 ▒█▓           ██▒           ▒█░ ▓█▒         ▓█▓    
       ██████                  ▒██           ██▒           ▓█▓ ██▓         ▓█▓    
       █████░                  ▒██           ██▓           ▒█░ ▒█▒ ██      ▓█▓    
       ████▒                   ░██▒          ██▓        ██        ░██      ▓█▒ █▒ 
      ▒████                     ███          ██▓        ██   ▒▓██▒ █▓      ▓█▒▒█▓ 
      ▒███░                ▓    ███          ██▓        ▒▒ ░███████        ██▓███ 
      ▒███                 █▓   ███▒         ██▓          ░████████▓ ▒█    █████▓ 
      ███▒                ░▓█░  ▒███         ██▓          ██████████░▓█    █████  
     ████▒               ░█▒█▓  ▒███  ░▒▒▓▓██████████    ████████████░▒    █████  
    ░████▒  ░█░         ░███░█   ███▒ ███████████████   ░█████▒░▒████░     ████   
    █████▒   ██        ░████▓▒   ███▓ ███████████████   ▓███▓    ▒███▒     ███░   
   ▒█████▒   ███      ▒██████    ████ ▓█████████▓▓▓▓    ████       ██▓    ▒███    
  ░██████▒   ░███▒░ ░███████     ████  ░   ░ ██▓▓░░█▒  ▒███▒      ░██▒    ███▓    
  ███▒▓██░    █████████████▒     ▓███ ░█▓░██▒████████  ▓████▒   ░▓███░   ████▒    
 ░███ ▓██░    ░███████████▒      ████ ██████▓██████▒░  █████████████▒   ▒████▓    
 ███░ ▓██▒     ░█████████        ████ ▓ ▓█▒  ██▒ ░▒   ░██▓░████████░    █████▓    
▓██▒  ▒███       ███████        ▒████    ░   ██░      ▓██▒ ░█████▒     ▓█████░    
▓██   ▓███▒       ▒░█▒         ░████▒        ▓█▒      ▓██░   ▒▒░      ░███▒██▓    
░█▒   ▓████                   ░█████         ██░      ███░            ████ ██▒    
 ▒    ▓████░                 ██████░         ▒█▒      ▓███▒          ▒███  ██▒    
      ▓████▓                 ██████          ██▒      ░█████▒░       ████  ██▒    
      ▒██▓██                 █████           ██▒       ▓████████▓    ████▓ ██▒    
      ▓██▒██▓                ████░           ██▒        ▓████████    ░███████▒    
       ██▒▒██                ███▒            ██▒         ▓██████▓      ▓█████▒    
      ░██▓ ██▒               ░█░             ██▒           ▒████░       ▒████▒    
      ▓██▒ ▓██                               ██░             ░▒░         ▒████    
      ▒██▒  ██░                                                           ░████   
      ▒██▒  ▓█▓                                                            █████  
      ▓██▒  ░██                 RUSTED proudly presents....                █████▒ 
      ▒██▒   ▓█▒                                                           █████░ 
      ▓██▒                       Zombie Shark    (USA 2015)                ██░    
      ▓██▒                                                                 ██░    
      ▒██▒                                                                 ██░    
       ██▒                                                                 ██░    
       ██▒                                                                 ██░
       ██▒   Releasedate ....: 27.04.2016                                  ██░
       ██▒   Runtime ........: 85 min                                      ██░
       ██▒   Genre ..........: Horror                                      ██░
       ██▒   Source..........: BluRay                                      ██░
       ██▒   Resolution .....: 1280 x 720                                  ██░
       ██▒   Video ..........: x264 @ crf19                                ██░
       ██▒   Audio ..........: EN-DTS 1509kbps                             ██░
       ██▒   Subs ...........: -                                           ██░
       ██▒   Size ...........: 28x15 MB                                    ██░
       ██▒                                                                 ██░
       ██▒                                                                 ██░
       ██▒   Imdb Rating ....: 3.0/10 (399 VOTES)                          ██░
       ██▒   Imdb Link ......: http://www.imdb.com/title/tt4704918/        ██░
       ██▒                                                               ██  
        ██                                                             ██    
          ██               ▒███████████▓██████████▓░                 ██          
            ██          ▒██████████████▓███████████████▒           ██             
              ██     ▒▓████████████████▒███████████████████▒     ██               
                ██  ███████████████████░█████████████████████  ██         ██      
     █            █████████████████████░███████████████████████          █        
      ██          ████▒    ░▒▒▒▓███████░▓███████▓▒▒▒░     ▓████        ██         
        █         ███▓            ▓████░▓█████░            ▓███       █           
         ██       ███              ▒███ ▓████░              ███                   
                  ██▒               ▓██░▓███▒               ███░                  
                 ░██░               ▒██░▓███▒               ▓██▒                  
                 ▒██                ███░█████               ░██▒                  
    ███████      ░██                ███░█████░               ██▒       ██████     
                 ▒██               ▓███ ██████               ██▓                  
                 ▒██               ████░██████░              ██▓                  
                 ▒██              █████░███████              ██▓                  
                 ▒██            ░██████ ▓███████            ░██▓                  
                  ██            ███████ ▓████████           ▓██▒                  
           █      ███         ░████████ ▓█████████          ███       █           
         ██       ▒███░    ░▓██████████ ▓██████████▓       ███▒        ██         
        █          ▓███████████████████░▓████████████▓▒▒▒▓████           █        
       █            ▒██████████████████░▓███████████████████▒             ██      
                      █████████████████ ▒██████████████████                       
              ░▓▒     █████████████▒       ░██████████████▓     ▓▒░               
           ░██████░   ▒█████████▒ ▒█████████▒ ░███████████    ███████             
      ▒ ██▓ ▒██████▓  ▒████████ ░█████████████▒ ██████████   ███████░ ██ ░        
  ▒█████ ░██ ▓████████████████░▓████████████████ ▒█████████████████ ▒█▓ ▓████▓░   
  ▒██████ ░██ ███████████████ ▓██████▓▓▓▓████████ ▓███████████████░ ██ ░█████▓░   
    █████▓ ▓█░ █████████████▒░███████▓██▓▓▓██████▓ ██████████████▒ ██ ░█████▒     
     ██████ ▓█░ ████████████ ████████▓████▓███████░▓█████████████ ▓█▒ █████▒      
      █████▒ ██ ▒██████████▒▒████████▓██▓▓▓████████ ████████████ ▒█▓ █████▓       
      ▒█████ ▒█▓ ██████████ ▓████████▓▓▓▓██████████ ███████████▒ ██ ▓█████        
       ▒█████ ██▒ █████████ ▓████████▓█▓▓██████████ ███████████ ▓█░ █████░        
        █████░▒██ █████████ ▓████████▓██▓▓█████████ ██████████ ▒██ █████▓         
        ▒█████ ▓█▓ ████████▓▒████████▓███▓▓███████▓▒██████████ ██ ░█████          
         █████▓ ██ ▓████████ █████████████████████░██████████░░██ █████▒          
    █░   ▒█████ ▓█░ ████████▓░███████████████████▓ ██████████ ██ ▓█████    ▓█     
    ██    █████▒░██ █████████ ▒██████████████████ ██████████░▓█▓ █████    ▒██     
    ▓█░   ▒█████ ██░▒█████████░░████████████████ ▓██████████ ▓█▒ █████    ██░     
    ░██    █████▒ ██ ██████      ▒████████████      ▒███████ ██ █████▓   ▓██      
     ▒█    ▓████▓ ██ ▓█████        ▓███████▓         ██████░░█▓ █████    ██░      
      ▓    ▒█████ ██ ▓█████░                         ██████ ▓█░▒█████    ▒░       
            █████ ██░▒█████░                         ██████ ██ ▓████▓             
            █████░▓█▒▒█████        XX^Nf0 2o13       ██████ ██ ▓████▒     
            █████ ██  ████░                          ░█████ ██ █████░             
           ██████ ██▒ ███░                            ░████ ██ █████           
           █████ ███  ▒▒                                 ▒▒ ██ █████           
           ▓███  ▒░                                         ░▒ ▓███▓           
           ███▒                                                ▒████           
           ▒                                                       ▒
