Alien 3 (USA 1992)                                              
                                                                           

Release Date .... : 26.10.2010  

Genre ........... : Horror | Sci-Fi
Runtime ......... : 144 Min 
Rating .......... : FSK 16

IMDB-Url ........ : http://www.imdb.com/title/tt0103644
IMDB-Rating ..... : 6.3/10 (79,657 votes)

Source .......... : 1080P (MOViESTARS THX)
Size ............ : 1400MB 
Video ........... : 720x304 @ 1216 kbps (2-Pass 68%)                               
Audio ........... : German MP3 2.0 @ 128 kbps
AC3-Addon ....... : German AC3 5.1 @ 448 kbps                                  
Subs-Addon ...... : German
Forced-Subs ..... : Yes

Fassung ......... : http://www.schnittberichte.com/schnittbericht.php?ID=1405


Der Raumgleiter mit Ripley an Bord muss auf dem GefΣngnisplaneten 
Fiorina 161 notlanden. In voelliger Abgeschiedenheit fristet hier
eine Gemeinde von Straftaetern ihr Dasein. Als aus dem toten Koerper
eines Hundes ein Alien ausschluepft, entbrennt innerhalb des 
Gebaeudekomplexes eine ungleichgewichtige Hetzjagd, da es auf dem 
Planeten keine Waffen gibt...


Notes:

wir haben keine permission um die source von den jeweiligen groups zu nutzen.
tun es jedoch trotzdem der grund ist. die archiv sind unvollstaendig oder haben
so eine minderwertige qualitaet.
