
ARTiST      : Donots
TiTLE       : Karacho
GENRE       : Rock
LABEL       : Vertigo Berlin (Universal Music)
RiPDATE     : Feb-19-2015
STOREDATE   : Feb-20-2015
ENCODER     : LAME 3.98.4 V0: preset extreme
QUALiTY     : VBRkbps - 44,1Hz - Joint-Stereo
SiZE/LENGTH : 85,0 MB / 44:22 min
TYPE/SOURCE : Album   / CDDA




TRACK LiST

            [#]  [Name]                                                                                   [Time]

            01   Ich Mach Nicht Mehr Mit                                                                  03:22
            02   Dann Ohne Mich                                                                           03:29
            03   Junger Mann Zum Mitleiden Gesucht                                                        03:20
            04   Problem Kein Problem                                                                     03:03
            05   Du Darfst Niemals Glⁿcklich Sein                                                         03:16
            06   Kaputt                                                                                   01:59
            07   Weiter                                                                                   03:14
            08   Kopf Bleibt Oben                                                                         03:37
            09   Hier Also Weg                                                                            02:56
            10   Strassenk÷ter                                                                            03:47
            11   Das Ende Der Welt Ist LΣngst Vorbei                                                      03:17
            12   Besser Als Das                                                                           03:34
            13   Immer Noch                                                                               03:56
            14   Hansaring, 2:10uhr                                                                       01:32


            TRACKS: 14                                                                        TOTAL TiME: 44:22




REL.NOTES



Im 21. Karrierejahr legen die DONOTS mit "Karacho" ihr 
vielleicht bestes Album vor. Es ist ihr erstes in deutscher 
Sprache.

Die DONOTS haben Konzerte auf der ganzen Welt gegeben. 
Sie waren mehrere Male in Japan, den USA, tourten vielfach 
durch Europa und waren auf Einladung von den Toten Hosen, 
Die ─rzte, Billy Talent, Anti Flag und anderen befreundeten 
Bands immer wieder unterwegs. All diese Erfahrungen haben 
sie zusammengeschwei▀t, sie dahin gebracht, wo sie heute sind. 
Das gr÷▀te Abenteuer der Bandgeschichte kommt aber erst jetzt: 
Mit "Karacho" legen die DONOTS zum ersten Mal in ihrer 
Karriere ein komplettes Album auf deutsch vor.

Geplant war das Album in dieser Form allerdings nicht, ganz 
im Gegenteil. Aber es machte pl÷tzlich riesigen Spa▀. 
Alles fⁿhlte sich frisch und neu an. Die Musik ballerte 
unbeschwert nach vorn. Deutsche Texte, fⁿr alle direkt 
verstΣndliche Worte. Nichts zu verlieren. Go-for-it-Attitⁿde.

Deutsch ist nicht unbedingt die ideale Popsprache. 
Es wird ganz schnell ganz unangenehm. Zu verkopft, zu kitschig, 
zu steif û die Fallstricke der deutschen Sprache sind im 
Zusammenhang mit Punkrock mannigfaltig. So blieb die Last 
vor allem an SΣnger Ingo Knollmann hΣngen: In nΣchtelangen 
Sessions nΣherte er sich seiner eigenen Sprache und 
Ausdrucksweise. Nicht zuletzt h÷rte er in einer Art 
Schocktherapie viel von dem, was er auf keinen Fall wollte, 
um Klischees und Kitsch zu vermeiden: "Ich hab mir freiwillig 
im Radio so Sachen wie Pur und Rosenstolz angeh÷rt. Einfach, 
damit der Shit-Detector geeicht ist".

Die Donots sind sich einig, dass der Wechsel der Sprache 
ungeheure KreativitΣt beim Songwriting freisetzte. 
Die neuen Songs mit den deutschen Texten û das sei so gewesen 
wie nach Hause zu kommen und gleichzeitig neu anzufangen. 
Im Frⁿhjahr geht's mit den neuen Songs auf die Stra▀e, dann 
kommt endgⁿltig die Stunde der Wahrheit. Mit ╗Karacho½ haben 
sie sich praktisch neu erfunden, ohne sich neu erfunden zu haben. 
Ein wichtiges Album, das eine Lⁿcke schlie▀t, die dringend 
geschlossen werden musste. Die besten DONOTS aller Zeiten sind 
bereit fⁿr die nΣchsten 20 Jahre.



proper reason: -UBE release has no proof 


www.donots.de
