x.X.RIDDICK.X.x

p r e s e n t s

Borderlands Double Feature Teil 1 + 2 (Game of the Year Editions) MULTI - 2

Genre........: Action / Shooter
Kopierschutz.: STEAM + CEG
Crack:.......: SKIDROW & "cs.rin.ru" & TRiViUM
Sprache......: Deutsch, Englisch
Game Version.: Update 16 (v1.5.0)
Groe▀e.......: 18410 MB
Getestet auf.: Windows 7 (SP1) / Windows 8
Date.........: 23.07.2013

INFO:
Beschreibung:
Dieses Borderlands Double Feature enthΣlt bei Borderlands Spiele Plus allen DLCs. Beide Spiele sind auf dem aktuellsten Stand.

Infos zu Borderlands:
Borderlands ist der erste 4 Personen Co-op Rollenspiel Shooter der das intuitive Belohnungssystem eines Rollenspiels mit den actiongeladenen KΣmpfen eines First Person Shooters verbindet. Die Games of the Year Edition beinhaltet 4 Download Tokens fⁿr alle 4 Add On Packs, damit du eines der am meisten gefeierten Games 2009 in vollen Zⁿgen genie▀en kannst.

Features:
BAZILLIONEN VON WAFFEN:
Der Waffengenerator von Borderlands sorgt fⁿr endlose Waffenvielfalt.
KO-OP WAHNSINN:
KΣmpfe mit bis zu 3 deiner Freunde gegen die erbarmungslosen Monster von Pandora.
ERBITTERTE FAHRZEUG GEFECHTE:
Schwing dich hinter das Steuer und kΣmpfe in temporeichen Schlachten Fahrzeug gegen Fahrzeug.

DLCs von Borderlands:
The Zombie Island of Doctor Ned:
Begib dich in die Firmensiedlung Jacobs Cove und klΣre die Gerⁿchte um herumgeisternde Untote. Neue Areale, neue Gegner, neue Missionen - Mann oh Mann!
Mad Moxxi's Underdome Riot:
Bist du der Heilsbringer einer jeden Schie▀erei? Glaubst du du bist der Beste? Willst du es beweisen? Dann mach mit bei der Er÷ffnung der Marcus Bank indem du hunderte Gegner in der einzigen Arena der Gegend abservierst. Deine Angeh÷rigen k÷nnen sicher sein, dass du als Held zurⁿckkehrst.... oder gar nicht.
The Secret Armory of General Knoxx:
Willst du mehr von der Borderlands Story? Willst du mehr Beute als du je gebrauchen kannst? Klar willst du das! Jetzt gibt┤s mehr Kanonen, mehr Missionen, mehr Fahrzeuge und erh÷htes Level Cap!
Claptrap's New Robot Revolution:
Dieses actionreiche Abenteuer fⁿhrt dich zurⁿck in die unwirtlichen Gegenden von Pandora, wo du einer neuen t÷dlichen Bedrohung begegnest: einem massiven Aufstand deiner ehemaligen Freunde: Den Claptraps.

Infos zu Borderlands 2:
Borderlands 2 kombiniert wieder das Beste aus Genres. Krachende First Person Shooter Action und die umfassende Charakterentwicklung eines Rollenspieles vereinigen sich zur Weiterfⁿhrung der Revolution eines neuen Genres: Des Role Playing Shooters. Spielen Sie zusammen mit bis zu 3 Ihrer Freunde im 4 Spieler Koop Modus oder spielen Sie im altbewΣhrten Split Screen Modus gemeinsam mit einem Freund um die gigantische Welt von Pandora zu erforschen, Ihren Charakter hochzuleveln und Milliarden verschiedener Waffen, Rⁿstungen und vieles mehr abzustauben.

Borderlands 2 bietet einen einzigartigen Grafik Stil den es so kein zweites Mal gibt. Ein spezieller Generator erzeugt eine unglaubliche Vielfalt an verschiedensten Items, darunter Waffen, Schilde, Artifakte, Geger und vieles mehr. WΣhlen Sie eine von 4 Charakterklassen um einen bis ins kleinste Detail erdachten Planeten mit unzΣhligen verschiedenen Szenarien zu erkunden und eine packende Storyline zu erleben die Sie als Spieler fⁿr viele Stunden fesseln wird. Laden Sie Ihre Freunde ein, bewaffnen Sie sich bis zu den ZΣhnen und kΣmpfen Seite an Seite auf Ihrem unerbittlichen Kreuzzug fⁿr Gerechtigkeit und Rache.

Features:
Brandneue Charaktere und Charakterklassen inklusive neuer FΣhigkeiten:
Treten Sie in die Fu▀stapfen des Gunzerkers, eines muskelbepackten Kampfzwerges dessen t÷dliche Talente es ihm erlauben 2 Waffen gleichzeitig zu tragen. Ob Pistolen oder sogar Raketenwerfer spielt dabei keine Rolle, der Gunzerker macht sie alle platt. Nicht nur das. Bauen Sie Ihren Skill aus um noch mehr Schabernack mit 2 Waffen gleichzeitig treiben zu k÷nnen. 2 Maschinengewehre? Cool. 2 Raketenwerfer? Aber ja! 2 Sniper Gewehre gleichzeitig? Wenn das Ihr Ding ist, klar! Vielleicht etwas anderes probieren mit etwas mehr Taktik? Die unterschiedlichen Klassen warden jedes Bedⁿrfnis nach Action befriedigen.
Dynamischer Online Koop Modus, Split Screen und LAN FΣhigkeit:
Teilen Sie Ihr Abenteuer mit Ihren Freunden Online oder via LAN. Borderlands 2 bietet die M÷glichkeit nahtlos in Spiele ein oder auszusteigen ohne das Spiel neu starten zu mⁿssen. Darⁿber hinaus k÷nnen Sie all Ihre Items in jedes Spiel mitnehmen!
Riesige, packende Story:
Sie wachsen halbtot und zum Sterben zurⁿckgelassen in einer Eiswⁿste auf und das erste was Ihnen in den Kopf schie▀t ist Rache und Vergeltung. Enthⁿllen Sie die ⁿblen Machenschaften der Hyperion Corporation und entlarven Sie wer wirklich hinter einer Planetenweiten Verschw÷rung steckt û der hinterlistige CEO von Hyperion: Handsome Jack. (Ach ja und ⁿbrigens: Der Typ behauptet au▀erdem die Kammer selbst ge÷ffnet zu haben).
Neues Waffensystem:
Der komplett ⁿberarbeitete prozedurale Itemgenerator kann Millionen ⁿber Millionen unterschiedlicher Waffen, Schilde und noch viel mehr Items erstellen als Sie jemals tragen k÷nnen. Die Vielfalt der Waffen in Borderlands 2 wird die Kinnlade runterfallen lassen und darⁿber hinaus gibt es tonnenweise neue Kombinationsm÷glichkeiten um den Gegner auf Pandora eines auf die Mⁿtze zu geben. Feuer, ElektrizitΣt, alles zersetzende SΣure und noch vieles mehr steht Ihnen zur Verfⁿgung um den Mitgliedern der Hyperion Corporation so richtig einzuheizen!
87 Bazillionen.... Von allem!
ZusΣtzlich zu tonnenweise verschiedener Waffen werden Sie auch nach Schilden, Granaten, Alien Artefakten, Klassen Modifizierungen, etc. Lechzen. Keine Sorge, es ist alles da was der KammerjΣger von heute so braucht um sich auf Pandora zu behaupten.
Brandneue Umgebungen:
Erforschen Sie brandneue Umgebungen auf Pandora die allesamt vor Leben nur so strotzen! Entdecken Sie die arktische Tundra, gefΣhrliche Steppen, mysteri÷se, dunkle H÷hlen und noch vieles mehr. Sie werden ⁿberrascht sein wieviel Abwechslung das neue Pandora bietet.
Brandneue Feinde:
Eine ganze Armee neuer Feinde wartet in Borderlands 2 darauf Sie vor die Flinte zu bekommen. Monstr÷se, Gorilla Σhnliche Bullymongs, hinterlistige Stalker und die mechanische Armee der Hyperion Corporation, angefⁿhrt von Handsome Jack, sind nur ein paar der vielen neuen Feinde denen Sie auf Pandora begegnen werden. Neue Strategien sind von N÷ten, denn die Feinde sind schlauer als je zuvor um Ihnen das Leben auf Pandora schwer zu machen.

DLCs von Borderlands 2:
Borderlands 2: Season Pass
Borderlands 2: Tiny Tina's Assault on Dragon Keep
Borderlands 2: Sir Hammerlock's Big Game Hunt
Borderlands 2: Mr. Torgue's Campaign of Carnage
Borderlands 2: Captain Scarlett and her Pirate's Booty

Charakterklassen DLCs:
Borderlands 2: Psycho Pack
Borderlands 2: Mechromancer Pack

Upgrade DLCs:
Borderlands 2: Ultimate Vault Hunters Upgrade Pack
Borderlands 2: Collector's Edition Pack
Borderlands 2: Creature Slaughterdome

Charakter Skins DLCs:
Borderlands 2: Commando Madness Pack
Borderlands 2: Commando Supremacy Pack
Borderlands 2: Commando Domination Pack
Borderlands 2: Siren Madness Pack
Borderlands 2: Siren Supremacy Pack
Borderlands 2: Siren Domination Pack
Borderlands 2: Gunzerker Madness Pack
Borderlands 2: Gunzerker Supremacy Pack
Borderlands 2: Gunzerker Domination Pack
Borderlands 2: Mechromancer Madness Pack
Borderlands 2: Mechromancer Supremacy Pack
Borderlands 2: Mechromancer Domination Pack
Borderlands 2: Assassin Madness Pack
Borderlands 2: Assassin Supremacy Pack
Borderlands 2: Assassin Domination Pack
Borderlands 2: Mechromancer Steampunk Slayer Pack
Borderlands 2: Gunzerker Dapper Gent Pack
Borderlands 2: Psycho Dark Psyche Pack
Borderlands 2: Psycho Madness Pack
Borderlands 2: Psycho Supremacy Pack
Borderlands 2: Psycho Domination Pack
Borderlands 2: Siren Glitter and Gore Pack
Borderlands 2: Commando Haggard Hunter Pack
Borderlands 2: Assassin Stinging Blade Pack

Viel Spa▀ beim Spielen.

MfG
x.X.RIDDICK.X.x

ZusΣtzliche-Hinweise fⁿr Borderlands:

Um die Sprache zu Σndern:
Einfach die "LanguageChanger" Batch Datei ausfⁿhren im Borderlands 1 GOTY Edition MULTI-2 Ordner.
Und die Taste "E" fⁿr Englisch drⁿcken oder "G" fⁿr Deutsch.

ZusΣtzliche-Hinweise fⁿr Borderlands 2:
Das Borderlands 2 Update v1.7.0 (inoffiziell) ist auch dabei:
Dieses inoffizielle Update v1.7.0 ist fⁿr die Leute gedacht die Borderlands 2 Online zocken wollen ⁿber Tunngle.
Warum "inoffiziell" weil eigentlich im Spiel selber die Versionsnummer 1.5.0 angezeigt wird. (Auch im Original Borderlands 2).
Ich habe es nur angepasst da es wohl viele gibt bei Tunngle die mit der Versionsnummer 1.7.0 spielen. (obwohl es die eigentlich nicht gibt)
Es wird ein Ordner mit installiert "Crack fⁿr Version 1.7.0" diesen Inhalt einfach in den Borderlands 2 Ordner kopieren und schon wird euch die Versionsnummer 1.7.0 angezeigt.

Um den Spielernamen & die Sprache zu Σndern:
Einfach den SKIDROW Datei bearbeiten.


Installations Hinweise:

1) Entpacken.
2) Setup ausfⁿhren.
3) Spielen!

Gruesse:
Persia.King - QfG - TokZic - RAF - ZKY - HMH
