
 
[W4F PRESENTS]: Machete.Maidens.Unleashed.WS.PDTV.XviD-W4F

 
[RELEASE DATE]: 2011/05/13
[AIR DATE]: 2011/05/12

 
Genre: Documentary

 
Description:
Machete Maidens Unleashed! is the first detailed examination
and celebration of Filipino genre filmmaking. From the early
'70s well into the '90s the Philippines was a back-lot for a bevy
of renegade B movie makers and cinema visionaries alike. The
country was utilised for its inexpensive labour, exotic locations
and distinct lack of rules. A tidal schlock-wave of genre work
emerged that somehow managed to capture the raw, chaotic
energy of contemporary Filipino culture. These productions (a
cavalcade of monster movies, jungle prison films,
blaxploitation and kung fu hybrids) were miraculously made at
a time when the country's political situation was repressive at
best. This was a revolution that even the Marcos dictatorship
couldn't crush!

http://www.abc.net.au/arts/stories/s3211436.htm

Wow this was a pretty hectic doco, be sure to check out the
trailer on youtube:
http://www.youtube.com/watch?v=fFMPELmwk7c

 

 ≥_ W4F is looking for _≥
≥ Affil sites 100mbit+ (archives+)
≥ PPV cappers with digital source
≥ Network Cappers (DSR/PDTV/HDTV)
≥ Cappers with HDTV capabilities (HR)
≥ US/Australian/Jap/UK cappers
≥ WWE/MMA/Fighting DVD Suppliers/Rippers
≥ TV DVD Rippers/Suppliers
≥ Dumpsite/Uplink Suppliers


 
 
 Contact us at w4fcrew@gmail.com


 
 
 Releasing TV since 2002
