 ,,`|                                                                      | ,,`
 .  |        .    .    .    . .       . .    .       . .       . .         | .
` , |     .+'|  .'|  .'| .+'|=|`+. .+'|=|`+.=|`+. .+'|=|`+. .+'| |`+.      |` ,
  - |     |  |  | |  | | |  | |  | |.+' |  | `+.| |  | `+.| |  | |  |      |  - 
 ,,`|     |  |  | |  | | |  |=|  |      |  |      |  |      |  |=|  |      | ,,`
 .  |     |  |  | |  | | |  | |  |      |  |      |  |      |  | |  |      | .
` , |     |  |  | |  | | |  | |  |      |  |      |  |    . |  | |  |      |` ,
  - |     |  | .+ | .+ | |  | |  |      |  |      |  | .+'| |  | |  |      |  - 
 ,,`|     `+.|=|.+'=|.+' `+.| |..|      |.+'      `+.|=|.+' `+.| |..|      | ,,`
 .  |                . .       . .       .         . .                     | .
` , |             .+'|=|`+. .+'|=|`+. .+'|      .+'|=|`+.                  |` ,
  - |             |  | |  | |  | |  | |  |      |  | `+.|                  |  - 
 ,,`|             |  |=|  | |  |'. '. |  |      |  |=|`.                   | ,,`
 .  |             |  | |  | |  | |  | |  |      |  | `.|                   | .
`,,`|             |  | |  | |  | |  | |  |    . |  |    .                  |`,,`
 .- |             |  | |  | |  | |  | |  | .+'| |  | .+'|                  | .-
` , |             `+.| |..| `+.|=|.+' `+.|=|.+' `+.|=|.+'                  |` ,
  - |                                                                      |  -
--------------------------------------------------------------------------------
 ,,`|                               TiTLE                                  | ,,`
 .  |----------------------------------------------------------------------| .
` , |  Unternehmen.Feuerguertel.1961.GERMAN.REPACK.DVDRIP.XVID-WATCHABLE   |` ,
  - |----------------------------------------------------------------------|  - 
 ,,`|                              RiPiNFO                                 | ,,`
 .  |----------------------------------------------------------------------| .
` , |    Codec: XVID      Resolution: 656x272       Bitrate: 757           |` ,
  - |    Audio: AC3       Language: GER                                    |  - 
 ,,`|----------------------------------------------------------------------| ,,`
 .  |                             FiLMiNFO                                 | . 
` , |----------------------------------------------------------------------|` ,
  - |    Director: Irwin Allen                     Runtime: 100min         |  - 
 ,,`|                     imdb.com/title/tt0055608                         | ,,`
 .  |                      5.9/10   1,9676votes                            | . 
` , |      Das Atom-U-Boot Seaview befindet sich auf einer Forschungs-     |`.,`
 ,,`|      Expedition zum Nordpol. Alles laeuft nach Plan, bis             |`.,
 .  |      Admiral Nelson (Walter Pidgeon) den Auftauch-Befehl             |  - 
` , |      erteilt, denn ueber dem Meeresspiegel wartet eine               | ,,`
  - |      ungeheuerliche ueberraschung: Ein gluehend-heisser              | .
 ,,`|      Feuergⁿrtel hat den Himmel in ein flammendes                    |` ,
 ,,`|      Inferno verwandelt! Die globale Katastrophe scheint             |` ,
 .  |      unausweichlich und doch gibt es eine winzige Chance:            |  -
`,,`|      Mit Hilfe einer Atomrakete k÷nnte der Feuerguertel im           |`,,`
 .- |      All zerstoert werden û die Welt allerdings auch! Als            | .-
` , |      niemand den entscheidenden Befehl erteilen will,                |` ,
  - |      trifft Admiral Nelson eine riskante Entscheidung ...            |  -
--------------------------------------------------------------------------------
 ,,`|                                 NOTES                                |`,,`
 .  |----------------------------------------------------------------------| .-
 ,,`| On the first release,there was missing 20mins on the end. REPACK.    |`,,`
 ,,`|                    Looking for a site to release on.                 |`,,` 
--------------------------------------------------------------------------------
    |                                 GREETS                               |
    |----------------------------------------------------------------------|
    |                                 haruun                               |
    \----------------------------------------------------------------------/
                           Releasedate: 2010/05/19
