
***********************************************************************************
        
        DOKU
                4

                        yoU

***********************************************************************************                       

       Ekelhafte.Untermieter.Ungeziefer.GERMAN.DOKU.WS.dTV.XviD-D4U

************************************************************************************

Release Date : 21.09.2012
 Air Date ....: 15.09.2012
  Runtime......: 44 min
   Genre .......: Dokumentation

    Source ......: dTV
     Format ......: XviD
      Audio .......: German MP3 128 kb/s VBR

       Encoder .....: XviD 1.2.1 2 Pass
        Avg. Bitrate : 1100 kbps
         Resoloution .: 640 x 352
           Size ........: 350 MB

                 
                                
**************************************************************************************

                                ..::  PLOT  ::..


        
        Es existiert oft unbemerkt in jedem Haus und teilt Kⁿche, Bad und Bett 
        mit dem Menschen: Ungeziefer profitiert davon, dass es so klein ist, 
        dass man es kaum wahrnehmen kann, selbst wenn es in gro▀en Massen auf-
        tritt. Die Dokumentation "Ekelhafte UnN ‼deu ∙♣termieter: Ungeziefer" 
        spⁿrt SchΣdlinge auf, die in jedem noch so sauberen Haushalt vorkommen. 
        In Gro▀aufnahmen sieht man, welche Schmarotzer sich heimlich am Mⁿsli 
        satt fressen, Hautschuppen vertilgen und Blut saugen, wie sie sich ver-
        mehren, kΣmpfen und sterben. èIn 3sat steht der Donnerstagabend im Zei-
        chen der Wissenschaft: Um jeweils 20.15 Uhr beleuchtet eine Dokumenta-
        tion relevante Fragen aus Natur- und Geisteswissenschaften, Kultur und 
        Technik. 



                     imdb: 

**************************************************************************************



                                ..::  GREETZ  ::..

                           all groups in a friendly competition

**************************************************************************************
