   Black.Book.German.2006.DL.PAL.DVDR.iNTERNAL-LoD
   

   SOURCE ...........: DVD                                  
   RELEASE.DATE .....: wenn fertig ist                        
   SiZE .............: 1                                 
   System ...........: PAL                               
   RUNTiME ..........: 97 Min   
   GENRE ............: Drama | Thriller | Kriegsfilm 
   FSK ..............: 16                                             
   iMDB .............: http://german.imdb.com/title/tt0389557/
   IMDB RATING ......: 8.0/10         
   Video-Info........: RE-ENCODED 
   Audio.............: DE 5.1  EN 5.1
   Extras............: Nop



   Holland, gegen Ende des zweiten Weltkriegs: Als das Versteck der attraktiven jⁿdischen SΣngerin 
   Rachel Stein durch eine Streubombe zerst÷rt wird, versucht sie zuammen mit einer Gruppe anderer 
   Juden auf dem Boot in den bereits befreiten Sⁿden der Niederlande zu gelangen.
   Ihr Schiff wird jedoch von einer deutschen Patrouille abgefangen. Alle Flⁿchtlinge werden ermordet 
   und ausgeraubt. Nur Rachel ⁿberlebt.Rachel hat nichts mehr zu verlieren. Sie schlie▀t sich dem 
   niederlΣndischen Widerstand an. Als Ellis de Vries bΣndelt sie mit dem deutschen Offizier des 
   Sicherheitsdienstes Mⁿntze an. Er ist sehr angetan von ihr und bietet ihr eine Stelle als Schreibkraft an. 
   Die Widerstandsgruppe entwickelt durch diese Fⁿgung den Plan, mit Ellis' Hilfe gefangene WiderstandskΣmpfer 
   zu befreien.Rachel verliebt sich allerdings unerwartet in den Bespitzelten und gerΣt so in Lebensgefahr, 
   wird sie doch von ihren MitkΣmpfern pl÷tzlich des Verrats verdΣchtigt...
