 ,,`|                                                                      | ,,`
 .  |        .    .    .    . .       . .    .       . .       . .         | .
` , |     .+'|  .'|  .'| .+'|=|`+. .+'|=|`+.=|`+. .+'|=|`+. .+'| |`+.      |` ,
  - |     |  |  | |  | | |  | |  | |.+' |  | `+.| |  | `+.| |  | |  |      |  - 
 ,,`|     |  |  | |  | | |  |=|  |      |  |      |  |      |  |=|  |      | ,,`
 .  |     |  |  | |  | | |  | |  |      |  |      |  |      |  | |  |      | .
` , |     |  |  | |  | | |  | |  |      |  |      |  |    . |  | |  |      |` ,
  - |     |  | .+ | .+ | |  | |  |      |  |      |  | .+'| |  | |  |      |  - 
 ,,`|     `+.|=|.+'=|.+' `+.| |..|      |.+'      `+.|=|.+' `+.| |..|      | ,,`
 .  |                . .       . .       .         . .                     | .
` , |             .+'|=|`+. .+'|=|`+. .+'|      .+'|=|`+.                  |` ,
  - |             |  | |  | |  | |  | |  |      |  | `+.|                  |  - 
 ,,`|             |  |=|  | |  |'. '. |  |      |  |=|`.                   | ,,`
 .  |             |  | |  | |  | |  | |  |      |  | `.|                   | .
`,,`|             |  | |  | |  | |  | |  |    . |  |    .                  |`,,`
 .- |             |  | |  | |  | |  | |  | .+'| |  | .+'|                  | .-
` , |             `+.| |..| `+.|=|.+' `+.|=|.+' `+.|=|.+'                  |` ,
  - |                                               ... you ain't classic  |  -
--------------------------------------------------------------------------------
 ,,`|                               TiTLE                                  | ,,`
 .  |----------------------------------------------------------------------| .
` , |        Das.schwarze.Buch.1949.GERMAN.DL.DVDRIP.X264-WATCHABLE        |` ,
  - |----------------------------------------------------------------------|  -
 ,,`|                              RiPiNFO                                 | ,,`
 .  |----------------------------------------------------------------------| .
` , |    Codec: X264      Resolution: 640 x 468       Bitrate: 1111 kbps   |` ,
  - |    Audio: AC3       Language: GER / ENG          Subtitles: none     |  - 
 ,,`|----------------------------------------------------------------------| ,,`
 .  |                             FiLMiNFO                                 | .
` , |----------------------------------------------------------------------|` ,
  - |    Director: Anthony Mann                  Runtime:  86min           |  -
 ,,`|              http://www.imdb.com/title/tt0041796/                    | ,,`
 ,,`|                      7.1/10    836 votes                             | ,,`
 .  |   Patriot Charles d'Aubigny gerΣt zwischen die Fronten               | .
` , |   postrevolutionΣrer Nachwehen, nachdem er in die Rolle eines        |` ,
  - |   loyalen Zuarbeiters Robespierres geschlⁿpft ist. Dessen            |  -
 ,,`|   verschwundenes schwarzes Buch soll nΣmlich zum Schlⁿssel seiner    | ,,`
 .  |   Machtergreifung werden, fⁿr die der Jakobiner ⁿber Leichen zu      | .
` , |   gehen bereit ist. Oder aber auf's Schaffottà                       |`,,`
--------------------------------------------------------------------------------
    |                                 NOTES                                |
    |----------------------------------------------------------------------|
    |                                                                      |
    \----------------------------------------------------------------------/
                           Releasedate: 2015/12/08
