 ,,`|                                                                      | ,,`
 .  |        .    .    .    . .       . .    .       . .       . .         | .
` , |     .+'|  .'|  .'| .+'|=|`+. .+'|=|`+.=|`+. .+'|=|`+. .+'| |`+.      |` ,
  - |     |  |  | |  | | |  | |  | |.+' |  | `+.| |  | `+.| |  | |  |      |  - 
 ,,`|     |  |  | |  | | |  |=|  |      |  |      |  |      |  |=|  |      | ,,`
 .  |     |  |  | |  | | |  | |  |      |  |      |  |      |  | |  |      | .
` , |     |  |  | |  | | |  | |  |      |  |      |  |    . |  | |  |      |` ,
  - |     |  | .+ | .+ | |  | |  |      |  |      |  | .+'| |  | |  |      |  - 
 ,,`|     `+.|=|.+'=|.+' `+.| |..|      |.+'      `+.|=|.+' `+.| |..|      | ,,`
 .  |                . .       . .       .         . .                     | .
` , |             .+'|=|`+. .+'|=|`+. .+'|      .+'|=|`+.                  |` ,
  - |             |  | |  | |  | |  | |  |      |  | `+.|                  |  - 
 ,,`|             |  |=|  | |  |'. '. |  |      |  |=|`.                   | ,,`
 .  |             |  | |  | |  | |  | |  |      |  | `.|                   | .
`,,`|             |  | |  | |  | |  | |  |    . |  |    .                  |`,,`
 .- |             |  | |  | |  | |  | |  | .+'| |  | .+'|                  | .-
` , |             `+.| |..| `+.|=|.+' `+.|=|.+' `+.|=|.+'                  |` ,
  - |                                               ... you ain't classic  |  -
--------------------------------------------------------------------------------
 ,,`|                               TiTLE                                  | ,,`
 .  |----------------------------------------------------------------------| .
` , |   Wu.Kung.Herr.der.blutigen.Messer.1973.GERMAN.DVDRiP.XViD-WATCHABLE |` ,
  - |----------------------------------------------------------------------|  -
 ,,`|                              RiPiNFO                                 | ,,`
 .  |----------------------------------------------------------------------| .
` , |    Codec: XViD      Resolution: 656x256       Bitrate: 1189 (67%)    |` ,
  - |    Audio: MP3       Language: GER                                    |  - 
 ,,`|----------------------------------------------------------------------| ,,`
 .  |                             FiLMiNFO                                 | .
` , |----------------------------------------------------------------------|` ,
  - |    Director: Lieh Lo                         Runtime: 073min         |  -
 ,,`|              http://www.imdb.com/title/tt0070400/                    | ,,`
 .  |                      4.5/10   11 votes                               | .
` , |      Sie wollten den Coup gemeinsam durchziehen, aber dann           | ,,`
  - |      wurde er von seinem Kumpanen bei dem Autodiebstahl sitzen       | .
 ,,`|      gelassen und von der Polizei erwischt. Also wandert er in       |` ,
 .  |      den Knast - und kennt nur ein Ziel: Rache! Akribisch bereitet   |  -
` , |      er sich auf seine Zeit nach der Entlassung vor. Als er wieder   | ,,`
  - |      frei kommt, spⁿrt er seine MittΣter von damals der Reihe nach   | .
 ,,`|      auf und fordert seinen Anteil an der Beute. Danach vollzieht    |` ,
 .  |      er seine Rache ... Ein knallharter Rachefeldzug mit allen       |  -
` , |      Tugenden des asiatischen Actionfilms!                           | ,,`
--------------------------------------------------------------------------------
    |                                 NOTES                                |
    |----------------------------------------------------------------------|
    |                           nothing.                                   |
    \----------------------------------------------------------------------/
                           Releasedate: 2010/01013
