
                                                 ▐░  ▄▄▌▓  ▓▓     
                             ▓▄▄▄    ▄▓     ░░▄▄██▄███████████▓▓░░
              Drunk,        ██████  ▐█▌░     ▓▓▀███████▀▓▓▓
                          ░███████▌▐███   ██    ██ ▐███    
                but       ▐███▀▐▀▀▄████░▐██▌░  ▐█▌ ███▌    
                still.. ▐███▓     █████░████▌  ██ ▐██▌     
                        ███▓    ░▐██▐██▐█████ ▐██ ███     
             ▄▄▄▄▄▄▄▄▄ ▐██▌░   ░▐██▌▐██▐██▐██▌██▌▐██▌░ ▄▄▄▄▄▄
            ▐░░░░░░░░░ ███    ▓▓███▄█████  █████▌▐██▓  ░░░░░░▌
            ▐░        ▐██▓  ▄████████████  ▐████ ▐█▌        ░▌
            ▐░        ▐██░▄██  ██   ▐█▌█▓   ▐██▌ ▐█▓        ░▌
            ▐░        ▐██▄██   █▌    ██     ▓▀▀  ██░     ▄▄░░▌
            ▐░         ▀██▀░▄▄██████▄▄▄▄▄▄▄▄▓ ▓▓ ░   ░▓▀▀▀▀ ░▌
            ▐░             ▓  ▓▓█▀▀▀████████████▓░░         ░▌
            ▐░ C B F M        ▄██░  ▐██▀███▀▓▓▓             ░▌
            ▐░              ░▐███░▓▄██▌▐███                 ░▌    
            ▐░ Presenting   ░▐███████▀░▐██                  ░▌
            ▐░             ▓███████▀ ▓████▄▄▄▄              ░▌
            ▐░             ░▐███████▄▓▐█████▀▀▓▓            ░▌
            ▐░              ▐██ ▀█████▐██                   ░▌
            ▐░              ██▓ ▄▄██████▄▄▄▄▄▄▓▄▄▄          ░▌
            ▐░             ▐█████████████████████▀▀▀        ░▌
         ░▓▓▄▄▄▄▄▄▄██▄▄▄█▄▄███▀▀▀▓  ▀███▀▀▀▀▓       
          ░██████████████▀▀▀▓▓░  ░    ▄██▄    ▄    ▄▄▄▄▄▄▄▄▓▓▄█████▄▄    
            ▀▀▀▀███▌     ▄▄▓    █    █████▌ ▄██   █████████████▓██████▄  
               ▐███▓    ▐██▌   ██  ▐████▀█▌▐███ ▄███▀▓▐███▓▓    ▐██████▄ 
              ░███▌     ▐█▌   ███ ▄████▓▐█▌███▌▄███▀  ▐██▌   ▌  ▐██▌ ███▌ 
              ░███░     ██░   ██▌▄████▓ ▀▀ ███████▓   ███       ███   ██▌
           ▄▄███████▄█████   ▐███████▌  ▄▄▄█████▓   ▄████▄▄▄▓  ▐██▌  ███▓
           ▐██████████▀██▌   ███▓███▀  ▓▐█████▄▓     ██████▀▀▓ ███ ▄███▌ 
            ░███▓     ▐██   ▐███▐██▌     █████████▄  ██▌      ▐██░▄███▀  
            ░██▌      ▐██   ███▌▐██    ▄████▀▀▀███████▌▄▓▄▄▄▄▄██████▀▓   
           ▓▐█▌        ██▓ ▄███ ███ ▄▄██▌▐██    ░ ███████████████▀▀▓     
            ██▌        ▐██████▓ ▐██████▀  ██     ▓ ▀██▀▀▀▀▀▓████▀        
            ██          ▓▀██▀▓   ▀███▀░      ▐▄▄▓▓  ▓▓▓                  
           ▐█                   ▄██▌  ░███▄▄███████████▓░░░ ░▌           
           ▐            ░       ███▌  ▐███████████▓▓▓▄ ▓░   ░▌
           ▓           ▐█▌      ███  ▐███   █████████████▓▓░░▌    
          ░ ▐░        ▄███     ███▌ ▓████  ▐███ ▓███▀▓      ░▌           
            ▐░       ░████    ████  █████  ▐██▌  ███        ░▌           
            ▐░       ░████▌ ▄████▌  █████  ███  ▐██▌        ░▌
            ▐░       ░████▌▐█████  ▐██▐██ ▐███ ████▄▄▄▄     ░▌
            ▐░  ░    ▐██████████▌ ▐██▌▐██ ▐██ ▓▐█████▀▀▓░   ░▌
            ▐░      ░▐██▀███▀▐██▓▓███▄███▄███  ▐██░         ░▌      
            ▐░       ██▌ ▐█▀ ▐███████████▀██▌  ██▓▄▄▄▄▄▓▄▄▄▓        
            ▐░      ░██▌ ░▓  ██░ ██    ██ ██▀█████████████▀▀▀░  ░   
            ▐░      ░█▀      █▌  █▌    ██ ██▓▀███▀▀▀▀▀              
            ▐░       ▓       █  ▓▀     ▐█ ██  ▓             ░▌      
            ▐░           ▄██▄░          ▌ █▓                ░▌      
            ▐░   ░     ▄░ ▓  ░▀█▄▄▄▄▄░    ▌        ░        ░▌               
            ▐░       ▄▀▓▄▄▄▄▄▄▄▄▄▄▄▄▄▄▓░ \/░           ░    ░▌
            ▐░      ▄▓ ███████████████▓▄ /         ░        ░▌                
            ▐░     ░  █████████████████▓█          ▒        ░▌                
            ▐░     ▐ ███████████████████▓         ░▓░       ░▌                
            ▐░     ░░██████▌░▓▀░░▀██████▓▌    ░ ░▒▓▓▓▒░ ░   ░▌                
                    ▓▐██▀░▐█▀░░   ▐█████▌▌        ░▓░       ░▌                
         ▄▀▀░       ▒████░████▄   ▐█████▌▌         ▒        ░▌                
       ▓█▓▄▓        ▐████▒▀████░░░▒▄████▓░         ░        ░▌                
    ▄▄▒▓░▐▓░▐░    ░███████▄▓█▄▬ ░▒██████▓                   ░▌                
  ░▀▓▀░▄█▓░ ▐░    █████████▄░░ ░▒▒▒████▀   ░       ░        ░▌                
 ░   ▓██▌█▓ ▐░   ▐███████████████▌ ███▌                ░    ░▌                
 █▒  ▓▀▀▀█▌ ▐░    ░█████████████▀░ ░▒▓                      ░▌     ▄▄▓▄       
▐██▌░  ▓▄█▌ ▐░      ░▀█████████░    ░░▓▓▓▓▒▀▀▀▄             ░▌    █▓ ░░▓▄     
▐███▄   ░▌  ▐░ ░       ░░███▀▀ ░░    ░   ██▒█▌ ░░ ▀▄▄░      ░▌  ░▄█▓░ ░░░▓    
▐████████▓  ▐░         ▄▄██░░  ░ ░░  ░░ ░████▌  ░░░  ▓▄░    ░▌  ▒██▄▓▀▒▓▄▓    
▐███████░   ▐░     ░▄▄█▓█▀░░   ░░░░░  ░ ▐▒████ ░░    ░ ▀    ░▌ ▐█████████░▄▄  
▐███████    ▐░  ░▄▒▀▀█▒█▓▓ ░░    ░░     ▐▒████▌ ░░░    ░░▄▄ ░▌ ▒██████▀░ ░ ▓▀░
▐█████▀██   ▐░ ▄░     █▓▓▒▓░ ░░░  ░  ░  ▐▒▒▒███░▄░░   ░ ░░▒▄░ ▒█████░░░ ▓▀▓░░▄
▐█████ ▓█▌  ▄▓   ░   ░░██░██░ ░       ░ █▓▒▒███▌▐██▒   ░   ░▀░▓█████████▄▄▄░▒▒
 █████▒▓▀█▄▓▓ ░       ▓█▒▓▓▒█▄     ░  ░██▓▓█████░███▄░▒░░░░ ░  ███▀▀█████▀░ ░▒
 ██████▓░    ░     ░ ░▓██▒██░██▄▄░░░░▒████▓█▒███████████▄     ░▀████████▓▀▓ ▓▓
 ▐█████▓▓░░      ░▓▓▓▄███▒▒███████████████████████████████▄▄░░░░████████████▓░
░ ▓█████▒▒░    ░▒▄███████▓▓████████▓███████████████▌▐████████▄▄█████████████▓ 
   ███████░░ ▒▒▓███████████▓▓██████████████████████▓ ▒▒████████████████████▓  
  ░████████▄▄█████████████████████▓████████████▒███▌   ░▓▀█▀█████████████▒    
   ░█████████████▀█████████████████████████████████▓        ░▓▓▀▀██▀▀▀▀▓      
     ▀▀█████████░ ▀██████████████████████████░█████▒                          
        ░░░░░ ░    ░██████████▒███████▒▒████████▒███░       ░▌                
                    ░▒█████████████████████████████▓▓ ░     ░▌                
            ▐░       ░▐████████████████████████▒█▒▒█░       ░▌                
            ▐░        ▓▐████████████████████████▒▓▓▒░░      ░▌                
            ▐░        ░████████████████████████████░░░      ░▌                
            ▐░   ░     ▐████████████████████████▒██▒▒░      ░▌                
            ▐░         ▓████████████████████████████░░░     ░▌                
            ▐░          ████████████████████████▒████░▒░    ░▌                
            ▐░          ██████████████████████████████▒░    ░▌                
            ▐░       ░  ████████████████████████████▀       ░▌                
            ▐░   ░     ▐████████████████████████▀▀▀         ░▌                
            ▐░         ▄███████████████████▀▀░░ 100+        ░▌                
            ▐░         ▓▀▀▀▀█████████▀▀░░                   ░▌                
            ▐░               ▓░▀▀▀▀░             ░          ░▌                
            ▐░    ░                                        ░░▌
            ▐░                                ░             ░▌
         ──────────────────────────────────────────────────────────
        ▓                                                          ▓
                     Marmalade.2024.1080p.WEB.H264-CBFM           
        ▓                                                          ▓
         ──────────────────────────────────────────────────────────
            ▐░                                              ░▌
            ▐░                    info                      ░▌
         ──────────────────────────────────────────────────────────
        ▓                                                          ▓
          Duration ..........: 01h 39m 36s                         
          Size ..............: 3.91 GB                             
          Quality ...........: 23.976 FPS / 4985 kbps              
          Resolution ........: 1920x1080                           
          Audio .............: EAC3 Audio 6ch                      
          Bitrate ...........: 48.0 kHz / 640 kbps                 
          Subtitles .........: English                             
        ▓                                                          ▓
         ──────────────────────────────────────────────────────────
            ▐░    ░                                        ░░▌
            ▐░                    notes                     ░▌
         ──────────────────────────────────────────────────────────
        ▓                                                          ▓
        
                       www.imdb.com/title/tt21275544              
                  
                                                                  
        
                             -----------------
        
        ▓                 ..                   ..                  ▓
         ──────────────────────────────────────────────────────────
            ▐░                                              ░▌
            ▐░░░░░░░░░░░░░░░░░░░░░░░░░░░░░░░░░░░░░░░░░░░░░░░░▌
             ▀▀▀▀▀▀▀▀▀▀▀▀▀▀▀▀▀▀▀▀▀▀▀▀▀▀▀▀▀▀▀▀▀▀▀▀▀▀▀▀▀▀▀▀▀▀▀▀
           ░▓▄▄▄▄▄▄▄▄░                                       ▄   
           ░█████▀▀▀▀▓▓  ░▓  ▄███  ▄▌ ░██▄   ▄  ▄██████▄▄▄  ░█▓  
             ▓▐█▌   ▐█▌  █▌░▄████▓██▌▄██▀   ██▓ ██▓▐██▀▓░  ▄██▓  
             ░██░  ░█▌  ██ ▄██▀▐█▐█████▀    ▐█▓██▌ ▐█▌    ▐███▌  
           ▄▄███▄▄███▓ ░██▐██▌ ▓▓████▀       ███▌ ▄██▄▄▓  ▐███   
            ▀██▀▀▓▓██  ▐████▀  ▀████▄▓░     ░███ ░▐██▀▀▀░▐█▌▐█   
            ▐█▌   ░█▌  ██▌██  ░▓███▀███▄▄   ░██▓ ░██  ▓▓▄█████▓░ 
           ░█▌     ██ ▄██▐█▌░▄█▀▐█▓   ▓▀▀▓▓ ▐█▌ ▓█████████▀▀▐█   
           ░█      ░████  ████▀ ▐█         ▓█▌▓  ▐▀▀▓▓ ░▐▀   █   
           ▐▓       ░▓▓    ▓     ▓         ▐█▓          ▓    ▐   
          ░▓                  C B F M 2o17 ▐▌          ░     ▓   
