
          ░░░░░░░░░░░░░░░░░░░░░░░░░░░░░░░░░░░░░░░░░░░░░░░░░░░░░░░░░░░░  ░░░░░░ 
       ░░░████████████████████████████████████████████████████████████░ ██████░
      ░████░░░░░░░░░░░░░░░░░░░░░░░░░░░░░░░░░░░░░░░░░░░░░░░░░░░░░░░░███░ █░░░░█░
     ░██░░░░░░░░░░░░░░░░░░░░░░░░░░░░░░░░░░░░░░░░░░░░░░░░░░░░░░░░░░░███░ █░░░░█░
    ░██░░░░░░░░░░░░░░░░░░░░░░░░░░░░░░░░░░░░░░░░░░░░░░░░░░░░░░░░░░████░ ██░░░██░
   ░██░░░░░░░░░░░░░░░░░░░░░░░░░░░░░░░░░░░░░░░░░░░░░░░░░░░░░░░░░████▓ ██░░░░██░ 
   ░█░░░░░░░░░░░░░░░░░░░░░░░░░░░░░░░░░░░░░░░░░░░░░░░░░░░░░░░░░███▓ ██░░░░░██░
  ░█░░░░░░░░░██████████████████████████████████████████████████▓ █████████░░
  ░█░░░░░░░██▓▓▓▓▓▓▓▓▓▓▓▓▓▓▓▓▓▓▓▓▓▓▓▓▓▓▓▓▓▓▓▓▓▓▓▓▓▓▓▓▓▓▓▓▓▓▓▓▓   ▓▓▓▓▓▓▓▓▓
  ░█░░░░░██▓▓                                     ▓▓▓▓█████████▓▓▓
 ░█░░░░░░█▓          ======================      ▓█████░░░░░░░████▓▓
 ░█░░░░░░█▓         ==System of Revolution==    ▓██░░░░░░░░░░░░░░███▓
 ░█░░░░░░█▓          ======================    ▓██░░░░░░██░░░░░░░░░██░
 ░█░░░░░░██▓                      █            ▓█░░░░░░██ ████░░░░░░█░
 ░█░░░░░░███▓▓▓▓▓▓               ▓▓▓▓▓▓▓▓▓▓    ▓█░░░░░██     ██░░░░░█░
  ▓██░░░░░████████▓▓        ▓▓▓▓▓██████████▓▓▓▓▓██░░░██     ██░░░░░░█░
   ▓██░░░░░░░░░░░░██▓▓     ▓██████░░░░░░░░█████▓▓█░░░░░███ ██░░░░░░░█░
    ▓███░░░░░░░░░░░░██▓   ▓██░░░░░░░░░░░░░░░░█████░░░░░░░███░░░░░░███░
      ▓███░░░░░░░░░░░██▓ ▓██░░░░░░░░░░░░░░░░░░░░██░░░░░░░░░░░░░░░██░░
       ▓▓████░░░░░░░░░█▓▓██░░░░░░░░░░█░█░░░░░░░░░██░░░░░░░░░░░░██░░
 ▓████▓  ▓▓▓███░░░░░░░██▓█░░░░░░░░░░░░█░░░░░░░░░░░██░░░░░░░░░░██░
▓█░░░░█     ▓███░░░░░░░█▓█░░░░░░░░░░░███░░░░░░░░░░░█░░░░░░░░░░██░░
▓█░░░░█▓     ▓▓█░░░░░░░░██░░░░░░░░█░██ ██░░░░░░░░░░██░░░░░░░░░░███░░
▓█░░░░█▓      ▓█░░░░░░░░░█░░░░░░░░░██   ██░█░░░░░░░░█░░░░░░░░░░░░███░░
▓██░░░██▓▓▓▓▓▓██░░░░░░░░░█░░░░░░░░█░██   ██░░░░░░░░░█░░░░░░░░░░░░░░███░
 ▓█░░░░████████░░░░░░░░░░█░░░░░░░░░░░██ ██░█░░░░░░░░█░░░░░█░░░░░░░░░░██░
 ▓█░░░░░░░░░░░░░░░░░░░░░░█░░░░░░░░░░░░███░░░░░░░░░░░█░░░░░██░░░░░░░░░░██░
 ▓█░░░░░░░░░░░░░░░░░░░░░██░░░░░░░░░░░░░█░░░░░░░░░░░██░░░░░███░░░░░░░░░░██░
  ▓█░░░░░░░░░░░░░░░░░░░░██░░░░░░░░░░░░█░█░░░░░░░░░██░░░░░░█▓██░░░░░░░░░░█░
  ▓█░░░░░░░░░░░░░░░░░░████░░░░░░░░░░░░░░░░░░░░░░░██░░░░░░██▓▓██░░░░░░░░░█░
   ▓███░░░░░░░░░░░░░███▓▓██░░░░░░░░░░░░░░░░░░░░░█▓█░░░░░░██▓ ▓██░░░░░░░░█░
    ▓▓████░░░░░░█████▓▓  ▓▓█████░░░░░░░░░░░░░░░█▓▓█░░░░░██▓   ▓██░░░░░░░█░
      ▓▓▓████████▓▓▓▓      ▓▓▓▓▓████████████████▓▓██████▓▓     ▓████████▓
         ▓▓▓▓▓▓▓▓               ▓▓▓▓▓▓▓▓▓▓▓▓▓▓▓▓  ▓▓▓▓▓▓       ▓▓▓▓▓▓▓▓▓

                                                                            ░░ 
  ░                                                                        ░██░
 ░█░                                                                      ░███░
 ░██░                           Proudly Presents                        ░░████░
 ░███░░░                                                                ██████░
 ░██████░   44.Minuten.German.2003.SE.UNCUT.COMPLETE.PAL.DVDR-SOR     ░░██████░
 ░███████░░░                                                       ░░░████  ██░
 ░██  ██ ███░░░░                                               ░░░░███  ██  ██░
 ░██  ██    ████░░░░░                                     ░░░░░████     ██████░
 ░██████        █████░░░░░░░░░░                 ░░░░░░░░░░█████         ██████░
 ░██████             ██████████░░░░░░░░░░░░░░░░░██████████              ██████░
 ░██████                       █████████████████                        ██  ██░
 ░██  ██                                                                ██  ██░
 ░██  ██                                                                ██████░
 ░██████                                                                ██████░
 ░██████                                                                ██████░
 ░██████              Release.Date......: 19/08/05                      ██  ██░
 ░██  ██              Theater.date......: xx/xx/03                      ██  ██░
 ░██  ██              DVD.Date..........: n/a                           ██████░
 ░██████              Source............: Retail DVD                    ██████░
 ░██████              Runtime...........: 1h 23 Min                     ██████░
 ░██████                                                                ██  ██░
 ░██  ██              Videot.Bitrate....: 4069 kbps                     ██  ██░
 ░██  ██              Audio.Bitrate.....: AC3 384 kbps                  ██████░
 ░██████              Resolution........: 720x576                       ██████░
 ░██████              Format............: Pal DVD                       ██████░
 ░██████              Genere............: Drama / Action                ██  ██░
 ░██  ██              Files.............: 91 x 45MB                     ██  ██░
 ░██  ██              IMDB.Rating.......: 6.6/10                        ██████░
 ░██████                                                                ██████░
 ░██████              http://german.imdb.com/title/tt0362389/           ██████░
 ░██████                                                                ██  ██░
 ░██  ██                                                                ██  ██░
 ░██  ██                                                                ██████░
 ░██████                                                                ██████░
 ░██████                                                                ██████░
 ░██████                                                                ██  ██░
 ░██  ██                       ░░░░░░░░░░░░░░░░░                        ██  ██░
 ░██  ██             ░░░░░░░░░░█████████████████░░░░░░░░░░              ██████░
 ░██████         ░░░░██████████▓▓▓▓▓▓▓▓▓▓▓▓▓▓▓▓▓██████████░░░░░         ██████░
 ░██████    ░░░░█████▓▓▓▓▓▓▓▓▓▓                 ▓▓▓▓▓▓▓▓▓▓█████░░░░     ██████░
 ░██████ ░░░████▓▓▓▓▓            ░███████ ░██             ▓▓▓▓▓████░░░  ██  ██░
 ░██  ██░███▓▓▓▓                ░███ ███ ░███                  ▓▓▓▓███░░██  ██░
 ░██  ███▓▓▓                    ░██  ██  ░██        ░███           ▓▓▓████████░
 ░██████▓                      ░███ ███ ░██         ░██               ▓▓██████░
 ░████▓▓                      ░███ ███ ░███        ░███                 ▓▓████░
 ░███▓                        ░██████  ░██ ░█████████████                 ▓███░
 ░██▓                        ░███     ░██ ░██  ██░███                      ▓██░
 ░██▓                        ░██      ░█ ░███ ███░███                      ▓██░
 ░██▓                       ░██      ░██░███ ███░███                       ▓██░
 ░██▓                      ░███     ░██ ░██ ███ ░██                        ▓██░
 ░███▓                     ░██      ░█ ░██  ██  ░██                       ▓███░
 ░████▓▓                 ████      ███░██████  ░████                    ▓▓████░
 ░██████                                                                ██████░
 ░██  ██              ▄▄▄▄▄▄▄▄▄▄▄▄▄▄▄▄▄▄▄▄▄▄▄▄▄▄▄▄▄▄▄▄▄▄▄▄▄▄            ██  ██░
 ░██  ██              ▀▀▀▀▀▀▀▀▀▀▀▀▀▀▀▀▀▀▀▀▀▀▀▀▀▀▀▀▀▀▀▀▀▀▀▀▀▀            ██  ██░
 ░██████                                                                ██████░
 ░██████                                                                ██████░
 ░██████                                                                ██████░
 ░██  ██    Nord-Hollywood, 1997: An einem ganz normalen Tag stⁿrmen    ██  ██░
 ░██  ██    zwei schwer bewaffnete Gangster in die Bank of America.     ██  ██░
 ░██  ██    WΣhrend sich drau▀en die Polizei formiert, hΣlt das         ██████░
 ░██████    BankrΣuberduo ihre Geiseln in Schach. Es kommt zu einer     ██████░
 ░██████    blutigen Schie▀erei mit den Cops. Das S.W.A.T.-Team von     ██████░
 ░██  ██    Donnie Anderson (Ron Livingston) soll den Terror beenden.   ██  ██░
 ░██  ██    - Effektvoll inszeniertes, knⁿppelhartes TV-Dokudrama,      ██  ██░
 ░██  ██    das in den USA Einschaltrekorde erzielte.                   ██████░
 ░██████                                                                ██████░
 ░██████                                                                ██████░
 ░██████                                                                ██████░
 ░██  ██                                                                ██  ██░
 ░██  ██                                                                ██  ██░
 ░██████                                                                ██████░
 ░██████      = Regie: =                              = Starring: =     ██████░
 ░██████                                                                ██████░
 ░██  ██       Yves Simoneau                         Michael Madsen     ██  ██░
 ░██  ██                                             Ron Livingston     ██  ██░
 ░██████                                             Ray Baker          ██████░
 ░██████                                             Douglas Spain      ██████░
 ░██████                                             Andrew Bryniarski  ██████░
 ░██  ██                                                                ██  ██░
 ░██  ██                                                                ██  ██░
 ░██████                                                                ██████░
 ░██████                                                                ██████░
 ░██████                                                                ██████░
 ░██  ██                  ░██████████                                   ██  ██░
 ░██  ██                 ░███░███                                       ██  ██░
 ░██████                 ░██ ░██          ███                           ██████░
 ░██████                ░███░███          ██                            ██████░
 ░██████               ░███░███          ███                            ██████░
 ░██  ██               ░██ ░██  ░█████████████  ░█████ ░██████          ██  ██░
 ░██  ██              ░███░██  ░██  ██░███     ░██ ███░██               ██  ██░
 ░██████              ░██░███ ░███ ███░███    ░██ ███░███               ██████░
 ░██████      ░███   ░██░███ ░███ ███░███    ░██ ███░███████   ░███     ██████░
 ░██████     ░███░  ░██ ░██  ░██ ███ ░██    ░██ █      ░███   ░███░     ██████░
 ░██  ██    ░███░   ░██░███ ░██  ██  ░██   ░███        ░██   ░███░      ██  ██░
 ░██  ██   ░███░ ░████░███ ░██████  ░████ ░█████   ░█████   ░███░       ██  ██░
 ░██████                                                                ██████░
 ░██████       ▄▄▄▄▄▄▄▄▄▄▄▄▄▄▄▄▄▄▄▄▄▄▄▄▄▄▄▄▄▄▄▄▄▄▄▄▄▄▄▄▄▄▄▄▄▄▄▄▄▄       ██████░
 ░██████       ▀▀▀▀▀▀▀▀▀▀▀▀▀▀▀▀▀▀▀▀▀▀▀▀▀▀▀▀▀▀▀▀▀▀▀▀▀▀▀▀▀▀▀▀▀▀▀▀▀▀       ██████░
 ░██  ██                                                                ██  ██░
 ░██  ██                                                                ██  ██░
 ░██████      We are curently looking for :                             ██████░
 ░██████                                                                ██████░
 ░██████      - 100 Mbit + in EU                                        ██████░                                           ██████░
 ░██  ██                                                                ██  ██░
 ░██  ██                                                                ██  ██░
 ░██████                                                                ██████░
 ░██████                                                                ██████░
 ░██████                                                                ██████░
 ░██  ██                                                                ██  ██░
 ░██  ██                                                                ██  ██░
 ░██████                ░██████         ███████ ███████                 ██████░
 ░██████               ░███             ██ ░██  ██ ░██                  ██████░
 ░██████               ░██                ░███    ░███░███              ██████░
 ░██  ██              ░██                ░███    ░███ ░██               ██  ██░
 ░██  ██             ░███               ░███    ░███ ░███               ██  ██░
 ░██████             ░██      ░█████ ██████  ████████████████████       ██████░
 ░██████            ░██  ██  ░██  ██   ░███    ░███░███      ░███       ██████░
 ░██████            ░██ ███ ░███ ███  ░███    ░███░░███     ░██         ██████░
 ░██  ██    ░███   ░██ ███ ░███ █     ░██     ░██ ░███    ░░██    ░███  ██  ██░
 ░██  ██   ░███░  ░██  ██  ░██       ░███    ░███░███    ░███    ░███░  ██  ██░
 ░██████  ░███░   ░██ ███ ░███      ░███    ░███ ░███   ░███    ░███░   ██████░
 ░██████ ░███░ ░████████ ░███░█████████████████  ░████ ░█████  ░███░    ██████░
 ░██████     ▄▄▄▄▄▄▄▄▄▄▄▄▄▄▄▄▄▄▄▄▄▄▄▄▄▄▄▄▄▄▄▄▄▄▄▄▄▄▄▄▄▄▄▄▄▄▄▄▄▄▄▄▄▄▄    ██████░
 ░██  ██     ▀▀▀▀▀▀▀▀▀▀▀▀▀▀▀▀▀▀▀▀▀▀▀▀▀▀▀▀▀▀▀▀▀▀▀▀▀▀▀▀▀▀▀▀▀▀▀▀▀▀▀▀▀▀▀    ██  ██░
 ░██  ██                                                                ██  █░░
 ░░█████                                                                █████░░
  ░█████                                                                █████░ 
   ░████           Documania          SOF            CDD                ████░
   ░████                                                                ████░
   ░████           Cinemaniacs        RAF            ACR                ████░
    ░███                                                                ███░
    ░███                 und natuerlich alle anderen :)                 ███░
     ░██                                                                ██░
     ░██▀▀▀▀▀▀▀▀▀▀▀▀▀▀▀▀▀▀▀▀▀▀▀▀▀▀▀▀▀▀▀▀▀▀▀▀▀▀▀▀▀▀▀▀▀▀▀▀▀▀▀▀▀▀▀▀▀▀▀▀▀▀▀▀██░
     ░██  ASC!! by syOnic                            Last Update 01/05  ██░
      ░█▄▄▄▄▄▄▄▄▄▄▄▄▄▄▄▄▄▄▄▄▄▄▄▄▄▄▄▄▄▄▄▄▄▄▄▄▄▄▄▄▄▄▄▄▄▄▄▄▄▄▄▄▄▄▄▄▄▄▄▄▄▄▄▄█░
