████████████████████████████████████████████████████████████████████████████████
████████████████████████████████████████████████████████████████████████████████
███████████████       ██████████████████████████████████████████████████████████
█████████████   █████   ████████████████████████████████████████████████████████
███████████   █████████  ███████████████████████████████████████████████████████
███████████ ████▓██ ▓███   █████████████████████████████████████████████████████
███████████ ██▓▓▓▓ ▓▓ ▓▒▓▓ █████████████████████████████████████████████████████
███████████ ██▓▓▓   ▓ ▒▒▒▒▓ ████████████████████████████████████████████████████
███████████ ▓▓▓▓  ▒▒▒  ▒▒▒▓  ███████████████████████████████████████████████████
███████████  ▒▒▒  ▒▓▒ ▓▒▒  ░ ███████████████████████████████████████████████████
████████████ ▒▓▒▒      ▓▒▓    ██████████████████████████████████████████████████
█████████████ ▓▒▒▓      ░     ████████████████████████████          ████████████
██████████████ ▓▒▒▓▓  ░░       ██████████████████████      ████████ ████████████
██████████████   ░░░  ░░░      ███████████████████    █▓▓██████ ██  ████████████
████████████████  ░░    ░░      ███████████████    ▒▒▒▒▒▓▓▓██████  █████████████
█████████████████   ░   ░░░     █████████████       ▒ ▒▒▓   ▓██   ██████████████
███████████████████             ███████████      ░   ▒ ▒ ▓▓▓█   ████████████████
█████████████████████            █████████     ░   ░  ▒▒ ▓    ██████████████████
████████████████████████         ███████             ▒▒    █████████████████████
█████████████████████████████   ████████    ░           ████████████████████████
█████████████████████████████████████▓██       ░    ████████████████████████████
█████████████████████████████████▓███▓██████████████████████████████████████████
█████████████████████████████████▓▒█▒▓██████████████████████████████████████████
███████▓██████████████████████████▒█▒████████████████████████████▓█████▓▓███████
██████▓▒  ██████████████████████████████████████████████████████ ▒▒█▓▓█▓████████
████████  █  ███████████████████████████████████████████████████░  █▒▓██████████
██████▓ ███   █     ██████████    ███████████████   ████  ███  █░░██████▓███████
██████▓▓█▓██  ██░   ██     ██       ███    ██ ██     █░░   ██  █████▒▓█▓▓▓██████
█████████▓ █████░░░░█░     ██        ██    █   █░░   ██░  ███░██  ██ ▓█▓▓███████
███ ████▒▒░█   ███████░░   ██        ██░   ██   █░░  ██░ ███████   █░▒██████████
███ ████████▒  ██   ███░░░███░░      ██░░░███░░ ███░░█████    ██  ░█████████████
████  ██ ██▒▒░░█     █████████░░░   ██████████░░██████   █░░  ██░░░█████████████
████  ▒█████████░░   ██    █████░░████   ███ ███   ██    ██░░ ██░███████████████
████   ░  ████  █░░░░██     ██  █████    ██    █░   █ ░  ███░██ ████████████████
█████  █░▒     █████  ░      █░   ███    █     ██░░ ██░░░██████ █   ▒███████████
█████  ██▒░    █████ █░░░░░░░██░   █░    █░░   ███░░███████████    ▒████████████
█████  ███░ ██   ██  ██████████░░  █░   ████░░████████████   ░    ▒█████████████
██████ ███░ ███  ██ ████████████░░░█░░░░████████████        ██▒▒   █████████████
██████ ██   ███ ███  ███ ███████████░░██████████          █████░ ▒██████████████
██████ █  █ ████████  ██  ▒ ██████████████        ██████  █████░ ███████████████
██████   ██░ ███████       ▒     ██████    ██░░  ███████  █████░ ████████████  █
██████  ████ ███████       █░░             ███░░████████ ███████ ████████████░ █
██████  ████ ██████         █▒▒░      ░   █████░ ███████ ███████░███████████████
██████ █████ █████  ▄████  ████░     █░░  ██████  █████  ███████░█████████   ███
██████ █████ ████  ███████  ███░    ▄███ ████████   ███ █████████████████     ██
████████████ ███  █████████ ████   ███████████████▄     █████████████████░░░  ██
██████ ████  ███ ██████████ ████   █████████████████▄   ████████ █████████░░ ███
██████ ████  ██ ███████████  ███  ████████████████████  ████████ ███████████████
███████████  █ ████████████  ██   ████████████████████   ████████████████████ ██
███████████    ████████████  █    █████████████  ██████   ██████████████████████
███████████   ████████████     █  █████████████░ ███████  ██████████████████████
███████████   ████████████   ▄██  ██████████████████████  ██████████████████████
███████████  █████████████  ███░  ████████     █████████  ██████ ██████████     
███████████  ████████████  ████░  ███████       ████████  ████████████████      
██████████   ████████████  ████░  ███████       ███████   ███████████████       
██████████   ████████████ █████░  ███████░░     ███ ███   ███████████████       
██████████   ████████████ ████░░   ███████░░░░▄████████   ███████████████       
██████████   ████████████ ███░░     ███████████████████   ███████████████ ░░    
█████████     ███████████ ███░░░   ████████████████████   ███████████████ ░░░░  
█████████     ███████████ █████░░░░███████████████████    ████████████████ ░░░░ 
████████      ███████████ ███████████████████████████      ████████████████  ░░░
████████      ███████████ ███████████████████████████       ███████████████     
███████        ██████████ █████████████ ████████████     █  ██████████████    ██
███████        ██████████  ██████████    ██████████          █████████████   ███
███████ ░      ██████████   ████████░░    ████████     ████    ███████████  ████
███████ ░░    ███████████    ████████░░  ████████     ██████     ████████   ████
███████▄ ░░ ▄████████████      ███████░░███████       ███████               ████
█████████▄▄██████████████       █████████████         ████████  ███        █████
██████████████████████████  ██     ███                 ████████  ███       █████
██████████████████████████   ███       ██       ░░            █  ██        █████
██████████████████████████   ███████████ ██████▄ ░  █████████▄              ████
██████████████████████████   ██████████ █████████   ████████████            ████
███████      ██████████████   ████████ ███████████  █████████████ ░         ████
█████  ▄▄      ████████████    █████ █████████████  █████████████ ░░       █████
████ ▄████      ████████████    █   ██████████████   ████████████ ░░░░     █████
███████████      ███████████       ██████████  ███   █████████████ ░░░░░░ ██████
███████████        ████████       █████████  ▄███     █████████████▄ ░░░ ███████
████████████       ████████       ███████   ████      ███████████████▄▄▄████████
████████████        ███████       ██████    ███        █████████████████████████
████████████         █████         █████   ████ ░      ███████████████ █████████
███████████          █████         █████   ████ ░░      █████████████   ████████
██████████     ▄█    ████          █████    ████ ░░░░   █████████████░░  ███████
█████████     ███     ███           ████    █████ ░░░░ ███ ███████████░░░███████
█████████   ▄█████    ███           █████    █████▄ ░▄████ █████████████████████
████████   ███████    ███            ████    ████████████   ████████████████████
████████  █████████    ██ ░          ████     ██████████    ████████████████████
███████  ██████████    ██ ░░░        ████       ██████      ████████████████████
███████  ███████████   ███ ░░░░░░    ███                    ████████████████████
███████  ███████████    ███  ░░░░░  ████                     ███████████████████
████████  ███████████    ████▄    ▄████                      ████████  █████████
████████   ███████████    ████████████    ▄▄                 █████████  ████████
█████████   ███████████    █████████▀  ▄█████                 █████████  ███████
█████████   ████████████    ▀█████▀  ▄████████                 ▀███████  ███████
██████████  █████████████           ██████████               ▄   ▀████▀   ██████
██████████  ██████████████         ███████████              ███▄          ██████
██████████  █████▀█████████       ████████████             ██████▄         █████
██████████  █████  ▀████████▄     ███████████▀            █████████▄       █████
██████████  █████    ▀████████▄    ████████▀             ████████████▄      ████
██████████  █████      ▀████████    ████▀               ███████████████▄    ████
██████████  █████        ▀▀██████    ▀▀                ██████████████████   ████
██████████   █████          ██████      ▄███████      ███████████████████  █████
██████████   █████        ▄█████▀ █████████████      ███████████████▀      █████
███  █████   ██████     ▄████▀    ███████████▀      ██████████▀▀████       █████
██  ██████   ██████   ▄████▀       ▀█████████      █████████▀    ████     ██████
██  ███████   █████▄███████          ████████     ▄███████▀       ███     ██████
█   ███████   ██████████████         ████████     ███████         ████    ██████
█    ██████    ███████▀██████▄       ████████    ███████           ███     █████
█     █████  ▄██████▀   ███████▄     ████████    ██████            ████    █████
█      ███  ████████     █████████▄  ████████   ██████             ████     ████
█           ███▀█████     ██████████ ████████ █ ██████ ▄▄▄         ████      ███
██          ▀▀  █████      █████████ ████████ █ ██████  ███▄       ███       ███
██    ██        █████       ████████ ████████ █ ███████ ██████▄   ████        ██
██   ████       ██████       ███████ ████████   ███████ ▀███████ ████         ██
██   █████     ███████        █████  ████████   ████████  ▀████ █████          █
██   ▀█████▄ ▄███████               ▄████████    ████████     ▄█████           █
███   ▀██████████████       █████████████████    █████████▄ ▄██████ █▄         █
████   ▀████████████       ███████████████████▄   ████████████████ ███        ██
█████    ████████▀  ███    ███████████████████▀    ██████████████  ████       ██
█████     ████▀  █████      ███████████████▀        ▀███████████    ▀██       ██
██████     █▀ ██████▀ █      ██████████▀▀             █████████       ██      ██
███████      █████▀ ███       █████▀▀                   ▀▀▀▀▀          █     ███
████████    █████▀ ██          ██▀          ▄▄▄▄                       █    ████
█████████    ██▀ ███                     ▄████████▄                        █████
██████████      ███     ▄██▄         ▄████████████████▄                   ██████
███████████     ██     ██████▄    ▄██████████████████████▄              ▄███████
████████████         ▄█████████████████████████████████████████▄▄    ▄▄█████████
█████████████      ▄██████████████████████████▀▀████████████████████████████████
██████████████▄  ▄██████████████████████████     █████▀ ▀███████████████████████
█████████████████████████████████████████████     ▀▀▀  ▄▄ ▀█████████████████████
█████▀ ▀████████████████████████▀█████████████        ████ ▀██████████▀▀▀███████
██▓█     ███████████████▀ ████▀   ▀███████████   ▄█▄  ▀██▀  █████████▀    ▀▀█▓██
█▓▒  ▄▄   █████████████▀   ▀▀       ██████████  █████        ████████        ▒▓█
█▓░ ████   ██████████▀               ████████   █████         ██████   ▄██▄  ░▓█
█▓░ ▀██▀    ███████▀                  ▀█████     ███           ▀▀▀▀    ▀██▀  ░▓█
█▒            ▀▀▀                       ▀▀▀       ▀                           ▒█
█▒                                                                            ▒█
█░                                                                            ░█
█░                                                                            ░█
█                                                                              █
▓                 *  R i d e   i n t o   O b s e s s i o n  *                  ▓
▓                                                                              ▓
░                                                                              ░
                                                                                
                             *  p r e s e n t s  *                              
                                                                                
                                                                                
                                                                                
                 StarTalk.S03E18.GERMAN.DOKU.720p.HDTV.x264-RiO
                                                                                
░░                                                                            ░░
░░░░                                                                        ░░░░
░ ▒▒▒             *  Releasedatum: 28.02.2017                              ▒▒▒ ░
░  ▒▒                                                                      ▒▒  ░
▓  ▒▒▒            *  Source:       HDTV                                   ▒▒▒  ▓
▓   ▒▒                                                                    ▒▒   ▓
█   ▓▓▓           *  Videospur:    1280 x 720 x264                       ▓▓▓   █
█░   ▓▓                                                                  ▓▓   ░█
█░   ▓▓           *  Audiospur:    AC3 5.1 384 kbps                      ▓▓   ░█
█▒   ▓▓                                                                  ▓▓   ▒█
█▒   ▓▓ ░         *  Notes:        heute nicht                         ░ ▓▓   ▒█
█▓░  ▓▓ ░                                                              ░ ▓▓  ░▓█
█▓░  ▓▓ ░                                                              ░ ▓▓  ░▓█
█▓▒  ▓▓ ▒                                                              ▒ ▓▓  ▒▓█
█▓█  ▓▓ ▒                                                              ▒ ▓▓  █▓█
█▓█  ▓▓ ▒                                                              ▒ ▓▓  █▓█
█▓█  ▓▓ ▒                                                              ▒ ▓▓  █▓█
█▓█  ▓▓ ▒                                                              ▒ ▓▓  █▓█
█▓█  ▓▓ ▓                                                              ▓ ▓▓  █▓█
█▓█  ▓▓ ▓                                                              ▓ ▓▓  █▓█
█▓█  ▓▓ ▓                                                              ▓ ▓▓  █▓█
█▓█  ▓▓                                                                  ▓▓  █▓█
█▓█  ▓▓▒                                                                ▒▓▓  █▓█
█▓█  ▒▒▒░                                                              ░▒▒▒  █▓█
█▓█   ▒▒░                                                              ░▒▒   █▓█
█▓██   ░░                                                              ░░   ██▓█
█████   ░                                                              ░   █████
 ▀████                                                                    ████▀ 
   ████                                                                  ████   
    █████████████████                                      █████████████████    
     █████████████████                                    █████████████████ 
       ▒▒▒▒▒▓▓▓▓▓▓▓████                                  ████▓▓▓▓▓▓▓▒▒▒▒▒
       ░▒▒▒▒▒▒▓▓▓▓▓▓████                                ████▓▓▓▓▓▓▒▒▒▒▒▒░
      ░░░▒▒▒▒▒▒▒▓▓▓▓▓████                              ████▓▓▓▓▓▒▒▒▒▒▒▒░░░     
 ░ ░░░░░░░▒▒▒▒▒▒▒▓▓▓▓▓████                            ████▓▓▓▓▓▒▒▒▒▒▒▒░░░░░░░ ░ 
        ░░░▒▒▒▒▒▒▒▓▓▓▓▓██████████████████████████████████▓▓▓▓▓▒▒▒▒▒▒▒░░░        
░░░░░░ ░░░░░▒▒▒▒▒▒▒▓▓▓▓▓████████████████████████████████▓▓▓▓▓▒▒▒▒▒▒▒░░░░░ ░░░░░░
