 ■       ░         ░
       ▒░       ░▒                        ░               ░             ░
       ▓▒░     ░▒▓                        ▓░               ▒░          ▒░
       █▓▒░   ░▓▓█ ░      ░ ░             ░▓          ░     ▓▒        ▓▒
       ██▓▓░ ░▓▓██ ▒░    ░▒ ▒░  ░▒▓████▓▒░ ░░▒▓███▓▒░ ▒░     ▓▓      ▓▓
       ██░▓▓░▓▓░██ ▓▒    ▒▓ ▓▒      ██    ░  ░    ░█▓ ▓▒      ▓▓░  ░▓▓
       ██ ░▓▓▓░ ██ █▓    ▓█ █▓      ██    ▒░ ▒░   ░█▓ █▓       ▓▓░░▓▓
       ██  ░▓░  ██ ██    ██ ██      ██    ▓▒ ▓▒▓██▓▒░ ██        ▓██▓
       ██   ░   ██ ▓█    █▓ ▓█      ██    █▓ █▓       ▓█         ▓▓
       ██       ▓█ ▒▓░  ░▓▒ ▒▓░     ██    ██ ██       ▒▓░ 7r4X  ▓▓
       ██       ▒▓ ░▒▓██▓▒░ ░▒▓█▓▒░ █▓    █▓ ▓█       ░▒▓██▓▒░ █▓
       █▓       ░▒                  █▒    ▓▒ ▒▓               ▓▒
       ▓▒        ░                  ▒░    ▒░ ░▒              ▒░
       ▒░                           ░     ░   ░             ░
       ░

      ░ INFO: 
      ▒▓███████████████████████████████████▒▒░░
      Beethoven (1992)
      87 min  |  Comedy, Drama, Family  
      Ratings: 5,5/10 from 41 948 users    
      http://www.imdb.com/title/tt0103786/
      Subs: English, French, Portugues, German, Netherlands, Czech, Polish, 
      Danish, Swedish, Finnish, Norwegian
      
                                                            ▄▄▄▄▓▓▓▓▓▓▓▓▓▓▒▒▓▒▒▒░
      MULTiPLY As in multiplying our releases!         ▄▄▓██████████▓██▓██▓▓▓▒▓▒░
                                                   ▄▄████████████▓██▓▓██▓▓▓██▓▓▒░
                                                 ▄████████████████████████▓▓█▓▒▒▒
                                               ▄█████████████████████▓████▓█▓▓▓▓▓
     █   ░░                         ░         ▓████████████████████████▓▓▓▓▓▓▓███
     █     ░░   ░ ░      ░   ░     ░▒     ░  ▓████████████████████████▓█▓█▓▓██▀▓▓
    ██░ ░     ░     ░ ░░  ▄  ▒░         ░   ▓███████████████████████████▓███▀▒▒▓▓
     ██            ░   ░   █    ▄▄▄██  ░▒░ ▐██████████████████████████████▀░▒▒▒▓▓
      ▄█▀            ▄▄▄▄███▌ █▀   ▀██▄ ░  █▓███████████████▓███████████  ░░░▒▒▒▓
      █▀███████████▀▀▀▀▀▀▓█▓ ▐▄■    ▓█▓  ▒█▒▓████████▓████▓▓▓▓████████▒  ░░░░░▒▒
                ▄▄▄▄▄▄▄  ░▐█▌    ░  ▐█▌ ▒████████▓▓█▓▒▓████▓███████████▄  ░░░░░▒
            ▄▀▀█▓███▀  ▀  ▒█▓   ░▒░  ▓ ▐█████████████▓███████████████████▄   ░░░
          ░  ░░   ▀▀▀█▄▄▄▄█████▄▄   ▄█▓ ▀████▓▀▀▀▀▀▀▀▀█████▓█▓▓▓▓▀▀▀▀▀▀██████▄▄▄ 
     ░  ░   ■        ■▀      ▀▀█████▀    ▒░           ▀███▓▓▒▒▀         ▀▀▓██▓▒ 
    ░▒░ ░▓▄▄█▄▄     ▄█    ░░   ▐▒█▓   ░  ▓             ██▓▓▒                ▀▀▓ 
     ░ ▄▀▀    ▀██▄█▀███▄▄▄   ▄▄█▓▓   ░▒ ▐▓▌           ▄  ██▓░                  ▓
      ■ ░       ▀█   ▀█▓████▀  ██▌ ░  ░  ▀█▄      ▄▄▄▒     █▓                  ▓
      ░░▒░       ■    ▐▒ ▀██▄   █     ▒░ ▄█████████▓▒▌  ▄   ▓▓▄▄▄         ▄▄▄▄██
      ▄■▀▀██▄    ░   ▄██▀▀▀█████▌  ░  ░  ▒███▓██████▓▌  ▐   ▐▓▓▓██████████████▓▓
     ■      ▀██▄▄▄▄██▀   ░   ▒█▓▌ ░░░▒▒░  ▓█▓▓▓▓██▓██▌  ▐▌   █▓█████████████▓▓▒▒
    ▒         ▀▀██▄▄█░   ▒░   ▓█     ▒░ ░   ▀▀▒▒▒▒▓▓█▌   ▓    ███████▓▓█▓▓▓▒▒▒░ 
   ░           ░▀  ▀▀▄▄   ▄▄██▓ ░   ░   ░▒▒░  ░░░░▒▓█▄▄█▓█▄▄█▓▓██▓▀▀▀ ░   ▄░░  
               ░▒▄     ███████▓▒▌       ░░░▒░░    ░▒▓▓█▒█▒█░██▒███▓░░ ░░ ░▒░░▒  
   ░  ▄▄▄███▄▄  ▄███▄▄█▀▀▀▀▀▀██▓▌  ░   ░  ░ ░▒ ░▒  ▐▓█▓▒█▓█▓▓█▓▓█▓▒▒  ░▄▄▀░▒▒░░
    ■▀      ▀▀█▀▀ ▀▒▒▀ ░      ▀██  ░░▒▒░     ░ ░░  █▓██▓█▓█▓███▓███▓▓█▀░ ░▒▒▓   
   ▀          ■  ▄█▓  ░▒░     ░██▓   ░░ ░   ░░░  ░ ▐▓▌▀█▌ ██▀ ▐█▀ ▐▓  ░▒ ░▒▓█▓  
        ▄▀▀▀█▄▄▀   ▀▄  ░     ▄████▓  ░    ░  ░   ░  ▓  █  ▐▓   ▓░  ▒▌▄▒ ▒ ▒███▓ 
       ■      ▀█▄▄▄█████▄▄▄████████▓  ░  ░▒     ░▒░ ▀▒▄░ ░▐▌▄ ▄■░▄▀░█ ▓ ▓█▓▓███▀
      ░     ▄▀■  ██▓▀▀▀▀▓█▀██▓▓▀   ▀██▄    ░  ░░  ░░ ▓  ▒ ▀▌ ░▐▒  ▓  █ ▄███▒▀ ▄█  
        ░ ▐█   ▐▀       █▒█▒▓█    ░▓███▄      ░ ░░  █░▐▓  █  ▐▒  ▓▄███▓██▀  ▀▓▀█ 
       ░▓  █▌  ■ ▒░    ▐███  ██▄▄▄█▀ ▀████▄▄     ░ █████▒▄▀▄▄▄▀▄██████▒▀  ░▄█▄▄█
░  █▀▀██████████████████████████████████████████████████████████████████ ███ ██
 ■▀                                                  ▀▓██▓██▓██▓███▓           █ 
    ■ CONTACT.......... find us..                         ██████      2011     █
  ▄▀▀▀▀▀▀▀▀▀▀▀▀▀▀▀▀▀▀▀▀▀▀▀▀▀▀▀▀▀▀▀▀▀▀▀▀▀▀▀▀▀▀▀▀▀▀▀▀▀▀▀▀▀▀▀  ▀▀  ▀▀▀▀▀▀▀▀▀▀▀▀▀▀▀▀ 
 ■ ░       ██▀▀ ▀████▄▄   █▌    ░ ██▄▄██▓        ░  █▓▄▄ ▀▀ ▄▄▄▄ ▀▀▀ ▄▓██▌░    ▐▌
          ▓█     █▀  ██▀▀▀██      ▓██████░      ░▒  ▓▀▀██▓███████▓▒▓██▓███▄▄▄▄█▓█
   ■▄   ▄█▀▀■  ■▀    ■     ██▄▄▄▄██▓█▓   ▀▄▄▄     ▄▓    █▒▓█▀▀  ▀█▓████▀ ▀█▓█▀  ▀
     ▀▀▀▒      ░    ░▒ ■▄███▓▀▀▀▀▓█▓█       ▀██████░   ░█▓████▄▄▀▄   █▌   ▐▓    ▒
        ░            ░ ▓█▀         ▒█ ░       ▓█▓██▄   ▓█▀▀   ▀▀█▓▌  ▐▓▄▄▄██▄   ▄
  ░                    ▐█ ░        ░█▌▒░     ░██▀  ▀███▌░    ░▒ ▐▒▓▄ ▄▓█▀▀▀  ▀▀█▌
 ░▒░   ░  GREETINGS     █▌▒░        █▌░      ▄▓  ░▒░ █▓       ░ ▐▓▀ ▀█▌▒░       █
  ░    ░░              ▄▀ ░       ▄█▀       ▐▓    ░   ▀▄       ▄█ ░ ▄█ ░      ░▐▀
    ░               ■▀▀         ▐▀          ▐▌          ░  ░▒▀▀ ▀███▀▀▀■ ░░    █▒
 ▓█                                                                            █▒
  ▓▓ ░  ░                                                                      ▒▓
   ▓   ░                        U know who u are!..                            ▓█
   ▓█  ░░                                                                      █▓
    ▒▒  ░  Looking for? Nothing.                                               ▓█
