
                                                           ▌
              ▓                                     ▀      ▓      ▀
                       ░ ▓
  █                      █▒ ▓                 ▀            ▌            ▀
        ░               ▒▒█░                    ▀▄     ▀   ▌   ▀     ▄▀
        █             ▄ ▓             █            ▓▄   ▀  █  ▀   ▄▓
                       █▀           ▄█▓▄            ▀█▄    █    ▄█▀
                                      ▀▓              ▀▓▄  ▓  ▄▓▀
            XCiTE                                       ▀█▄ ▄█▀
                                                     ▀▀▀  ▀▓▀  ▀▀▀           ▒
█         ▄████████▄      ▄███████▄▓        ████████████████  ▀            █░░
        ▄██▀▀▀▀▀▀▀▀██▌  ▐██▀▀▀▀▀▀▀██▄     ▒██▀▀▀▀▀▀▀▀▀▀▀▀▀▀██   ▓           ░▒
        █▌▄████████▄▐█  █▌▄███████▄▐█▄▄▄▄▒▐█▌██████████████▐█▌  ▄▄▄▄▄▄       █▀
        █▌██████████▌█▌▐█▐█████████▐███████▌████████████████▐█▄████████▄
        ██▄▀█████████▐██▌█████████▀▄▄▄▄▄▄▀█▐████████████████▌██▀▄▄▄▄▄▄▀██
         ▀██▄▀███████▌██▐███████▀▄███████▓░██████████████████░▄███████▓▐█▌
   █       ▀██▄▀██████▐▌██████▀▄██████████▓▐█████████████████▌█████████▓▐█
    ▓  ▄     ▀██▄▀████▌▐████▀░████████████▓▌█████▐▓███▌███████▐████████▓▌█▌
   ▒░▒▀    ▄   ▀██▄▀██████▀░░▐████████████▓▌█████░▓███▌███████▐████████▓▌█▌
    ░     ▓     ▄██▀▄████▄░░░▐████████████▓▌▀▀▀▀▀▄▐▓███░▀▀▀▄▄▄█████████▓▌█▌ ▒
     █        ▄██▀▄███▓▓███▄░▐███████▌▓▓▓▓▓▌██████▌▓████▄░░███████▌▓▓▓▓▓▌█▌  ▀
            ▄██▀▄████▓▌▐▓████▄▀██████░░░░░░░███████▐▓█████▄░██████▄▄▄▄▄░▐█
          ▄██▀▄██████▓▐▌▓██████▄▀████▌░░░░░░░▀███▀▄▌▓███████▄▀█████████▌███▄
 ▄▀     ▄██▀▄███████▓▌██▐▓███████▄▀███░░░░░░░░░▀▄██▓▐▓████████▄▀███████▌▀▀▀██▄
▓     ▄██▀▄█████████▓▐██▌▓█████████▄▀█▌░░░▄███▄▐███▓▌▓██████████▄▀████▀▄███▄▀█▌
    ▄██▀▄██████████▓▌█▌▐█▐▓██████████▄▀▄░▐█████▌████▓▐▓███████████▄▀▄░▐█████▌█▌
  ▄██▀▄████████████▓▐█  █▌▓████████████▄▀█████▓▌████▓▌▓█████████████▄▀█████▓▌█▌
 ▐█▀▄█████████████▓▌█▌  ▐█▐▓█████████████▄▀███▓▌█████▓▐▓██████████████▄▀███▓▌█▌
 ▐█▐▓█████████████▓▐█▒   █▌▓█████████████▓▌███▓▌█████▓▌▓██████████████▓▌███▓▌█▌
 ▐█▐▓▓██████████▓▓▌█▌    ▐█▐▓▓██████████▓▓▌███▓▌██████▓▐▓▓███████████▓▓▌███▓▌█▌
 ▐█▄▀▓▓▓▓▓▓▓▓▓▓▓▓▀▄█▌    ▐█▄▀▓▓▓▓▓▓▓▓▓▓▓▓▀▄███▓▌██████▓▌▀▓▓▓▓▓▓▓▓▓▓▓▓▓▀▄███▓▌█▌
  ▀██▄▄▄▄▄▄▄▄▄▄▄▄██▀ ▓    ▀██▄▄▄▄▄░▄▄▄▄▄▄████▓▓▌███████▓░▄▄▄▄▄▄░▄▄▄▄▄▄████▓▓▌█▌
    ▀████████████▀ ▄        ▀██████▄▄▀▀▓▓▓▓▓▓▓▀▄▄▀████▀▄████████▄▄▀▀▓▓▓▓▓▓▓▀▄█▌
          ▄▄▄  ▄▓▄  ▄▄▄     ░  ▒░▒▀████▄▄▄▄▄▄▄████▄▄▄▄██▀▒▒▒▒▒▒▀████▄▄▄▄▄▄▄██▀
             ▄█▀ ▀█▄          ▒░    ▄█████████▀ ▒▀███████▄▄  ▒    █████████▀
           ▄▓▀  ▓  ▀▓▄         ▒  ▄▀▄▄▀▌▐▀▄▄▀▄   ▄▀▄▄▀▌▐▀▄▄▀▄   ▄▀▄▄▀▌▐▀▄▄▀▄
         ▄█▀    █    ▀█▄          ▌███▌▌▐▐███▐   ▌███▌▌▐▐███▐   ▌███▌▌▐▐███▐
        ▓▀   ▀  █  ▄   ▀▓         ▌▀███▐▌███▀▐   ▌▀███▐▌███▀▐   ▌▀███▐▌███▀▐
     ▄          ▐   ▄     ▀▄      ▀▀▄▀█▌▐█▀▄▀▀   ▀▀▄▀█▌▐█▀▄▀▀   ▀▀▄▀█▌▐█▀▄▀▀
                ▐            ▄      ▄▀▄██▄▀▄       ▄▀▄██▄▀▄       ▄▀▄██▄▀▄
                                  ▄▀▄██▌▐██▄▀▄   ▄▀▄██▌▐██▄▀▄   ▄▀▄██▌▐██▄▀▄
         ▄      ▓      ▄        ▄▀▄████▐▌████▄▀▄▀▄████▐▌████▄▀▄▀▄████▐▌████▄▀▄
                ▐               ▌█▒▓██▌▌▐▐██▓▒█ █▒▓██▌▌▐▐██▓▒█ █▒▓██▌▌▐▐██▓▒█▐
                                ▌▀▒▒▒▀▐  ▌▀▒▒▒▀▄▀▒▒▒▀▐  ▌▀▒▒▒▀▄▀▒▒▒▀▐  ▌▀▒▒▒▀▐
                                ▀▀▄▄▄▀▀  ▀▀▄▄▄▀ ▀▄▄▄▀▀  ▀▀▄▄▄▀ ▀▄▄▄▀▀  ▀▀▄▄▄▀▀
▄▄▄▄▄▄▄▄▄▄▄▄▄▄▄▄▄▄▄▄   ▄▄▄
░░░░░░░░░░░░░░░░░░░░  █████
░▒▒▒▒▒▒▒▒▒▒▒▒▒▒▒▒▒▒▒  ██  █▌
░▒▓▓▓▓▓▓▓▓▓▓▓▓▓▓▓▓▓  ▐█▌ ▐█▌
░▒▓▓▓▓▓▓▓▓▓▓▓▓▓▓▓▓   █████▀
░▒▓▓▓▓▓▓▓▓▓▓▓▓▓▓   ▄██▌▀▀▄██▄ ▄██▄ ▄███▄  ▄██▄  ▄██▄ ▐█▌   ▄███▄
░▒▓▓▓▓▓▓▓▓▓▓▓▓   ▄████  ██▀▀▀██▀▀█▐█▄▄▀▀▄██▀▀█ ██▀▐█▌██▄▄ ▐█▄▄▀▀
░▒▓▓▓▓▓▓▓▓▓▓▓▓  █████▌ ██▌ ▐██▀▄▄▀▄▀▀██▐██▀▄▄▀██▀ ██▐█▌▀▀ ▄▀▀██
░▒▓▓▓▓▓▓▓▓▓▓▓▓  ████▀ ▐██  ███▄▄ ▐████▌███▄▄ ▐██ ▐█▌███▄█▐████▌
░▒▓▓▓▓▓▓▓▓▓▓▓▓   ▀▀    ▀    ▀▀▀   ▀▀▀▀  ▀▀▀   ▀   ▀  ▀▀▀  ▀▀▀▀
░▒▓█████████████▄▄▄▄██▄▄▄██▄▄▄▄▄█▄▄▄▄▄▄▄▄▄▄▄█▄▄▄█▄▄▄▄▄▄▄▄▄▄▄▄▄▄█
░▒▓█
░▒▓█   ╔══════╗
░▒▓█  ╔╣ INFO ╠═════════════════════════════════════════════════════════════╗
░▒▓█  ║╚══════╝                                                             ║
░▒▓█  ║                        King James The Second                        ║
░▒▓█  ║                                                                     ║
░▒▓█  ║                           Zero Tolerance                            ║
░▒▓█  ║                                                                     ║
░▒▓█  ║          Size ..... 25/50mb      |      Audio . AAC-LC vbr          ║
░▒▓█  ║          Video ... 1783 kbs      |      CRF ........... 19          ║
░▒▓█  ║          Store ... 04.27.16      |      Runtime ... 93 min          ║
░▒▓█  ║          Source ....... DVD      |      Format ...... x264          ║
░▒▓█  ║          Category ... Gonzo      |      Resolution 720x400          ║
░▒▓█  ║                                                                     ║
░▒▓█  ║          LINK                                                       ║
░▒▓█  ║  http://www.cduniverse.com/productinfo.asp?pid=10292304&style=ice   ║
░▒▓█  ╠╗                                                                   ╔╣
░▒▓█  ╚╝                                                                   ╚╝
░▒▓██▄
░▒▓██  ╔══════╗                                                     ╔══════╗
░▒▓█  ╔╣ PLOT ╠═════════════════════════════════════════════════════╣ CAST ╠╗
░▒▓█  ║╚══════╝                                                     ╚══════╩╝
░▒▓█  ║       Long live the king! James Deen has famously dipped into 
░▒▓█  ║       Hollywood's cool waters, and also gets to steam it up 
░▒▓█  ║       daily with the hottest adult stars in XXX! The envy of 
░▒▓█  ║       every man, he gets more pussy than any man! With perfect 
░▒▓█  ║       asses lined up in a row for his doggy style pleasure and 
░▒▓█  ║       a swarm of hot mouths all trying to suck him at once, 
░▒▓█  ║       Deen's fine performance proves once again that it's good 
░▒▓█  ║       to be king!

░▒▓█  ║
░▒▓█  ║                    
░▒▓█  ║         James Deen          Casey Calvert      Abella Danger
░▒▓█  ║         Rachael Madori      Alexa Grace        Trisha Parks
░▒▓█  ║                                                                    ╔╗
░▒▓█  ╚════════════════════════════════════════════════════════════════════╩╝
░▒▓██▄
░▒▓██  ╔══════╗                                                     ╔══════╗
░▒▓█  ╔╣ NOTE ╠═════════════════════════════════════════════════════╣ NOTE ╠╗
░▒▓█  ║╚══════╝                                                     ╚══════╩╝
░▒▓█  ║                                                                     ║
░▒▓█  ║                                                                     ║
░▒▓█  ║                                                                     ║
░▒▓█  ║                                                                     ║
░▒▓█  ║                                                                     ║
░▒▓█  ╠╗                                                                   ╔╣
░▒▓█  ╚╝                                                                   ╚╝
