ÔĽŅ        ‚ĖĄ‚Ėą                ‚ĖÄ‚Ėą‚Ėą‚Ėą‚Ėą‚Ėą‚Ėą‚Ėą‚Ėą‚Ėą‚Ėą‚Ėą‚Ėą‚Ėą‚Ėą‚ĖĄ                               ‚ĖĄ‚Ėď‚ĖĄ   
       ‚Ėą‚Ėą‚Ėą‚Ėí              ‚ĖĄ‚Ėą‚Ėą‚Ėą‚Ėą‚Ėą‚Ėą‚Ėą‚Ėą‚Ėą‚Ėą‚Ėą‚Ėą‚Ėą‚Ėą‚Ėą‚Ėą‚Ėą‚ĖĎ                              ‚ĖÄ   
 ‚Ėí‚ĖĄ    ‚Ėą‚Ėą‚Ėą‚Ėą             ‚Ėď‚Ėą‚Ėą‚Ėą‚ĖĄ‚ĖÄ‚Ėą‚Ėą‚Ėą‚Ėą‚Ėą‚Ėą‚Ėą‚Ėą‚Ėą‚Ėą‚Ėą‚Ėą‚Ėą‚Ėą‚Ėí               ‚ĖĄ‚Ėď‚ĖĄ               
‚Ėď‚Ėą‚Ėą‚Ėą   ‚Ėď‚Ėą‚Ėą‚Ėą      ‚ĖĄ      ‚Ėą‚Ėą‚Ėą‚Ėí‚ĖĄ‚ĖÄ‚ĖĄ‚Ėą‚Ėą‚Ėą‚Ėą‚Ėą‚Ėą‚Ėą‚Ėą‚Ėą‚Ėą‚Ėą‚Ėą‚Ėą‚Ėą‚Ėą‚ĖĄ‚ĖĄ‚ĖĄ‚ĖĄ‚ĖĄ‚ĖĄ‚ĖĄ‚ĖĄ‚ĖĎ      ‚ĖÄ                
‚Ėí‚Ėą‚Ėą‚Ėą‚ĖĄ  ‚Ėí‚Ėą‚Ėą‚Ėą‚ĖĎ    ‚ĖÄ‚Ėď‚ĖÄ     ‚Ėą‚Ėą‚Ėą‚ĖĄ‚Ėą‚Ėą‚ĖÄ‚Ėą‚Ėą‚Ėą‚Ėą‚Ėą‚Ėą‚Ėą‚Ėą‚Ėą‚Ėą‚Ėą‚Ėą‚Ėą‚Ėą‚Ėą‚Ėą‚ĖÄ‚ĖÄ‚ĖÄ‚ĖÄ‚ĖÄ‚ĖÄ‚Ėą‚Ėą‚ĖĄ               ‚ĖĄ‚ĖĄ      
‚Ėď‚Ėą‚Ėą‚Ėą‚Ėą‚ĖĎ ‚ĖĎ‚Ėą‚Ėą‚Ėą‚Ėí            ‚Ėą‚Ėą‚Ėą‚Ėą‚Ėą‚Ėą‚Ėą‚Ėą‚Ėą‚Ėą‚Ėą‚Ėą‚Ėą‚Ėą‚Ėą‚Ėą‚Ėą‚Ėą‚Ėą‚Ėą‚Ėą‚Ėą‚Ėą‚Ėą‚Ėď‚Ėí‚Ėď‚Ėď‚Ėď‚Ėď‚Ėď‚Ėą‚Ėą             ‚Ėď‚Ėď‚Ėď‚Ėď     
 ‚ĖÄ‚Ėą‚Ėą‚Ėą‚ĖĄ‚Ėí‚Ėí‚Ėą‚Ėą‚Ėą‚Ėą‚Ėď        ‚Ėď  ‚ĖĎ‚Ėą‚Ėą‚Ėą‚Ėą‚Ėą‚Ėą‚Ėą‚Ėą‚Ėą‚Ėą‚Ėą‚Ėą‚Ėą‚Ėą‚Ėą‚Ėą‚Ėą‚Ėą‚Ėą‚Ėą‚Ėą‚Ėą‚Ėą‚Ėą‚ĖĎ‚ĖĎ‚Ėí‚Ėď‚Ėď‚Ėď‚Ėď‚Ėą‚Ėą             ‚ĖÄ‚ĖÄ      
  ‚Ėą‚Ėą‚Ėą‚Ėą‚Ėą‚Ėą‚Ėą‚Ėą‚Ėą‚Ėą‚ĖĎ     ‚Ėí      ‚ĖĎ‚ĖÄ‚Ėą‚Ėą‚Ėą‚Ėą‚Ėą‚Ėą‚Ėą‚Ėą‚Ėą‚Ėą‚Ėą‚Ėą‚Ėą‚Ėą‚Ėą‚Ėą‚Ėą‚Ėą‚Ėą‚Ėą‚Ėą‚Ėą‚Ėą‚Ėą‚ĖĎ‚Ėí‚Ėď‚Ėď‚Ėď‚Ėď‚Ėď‚Ėą‚ĖĄ                  
 ‚Ėą‚Ėą‚Ėą‚Ėą‚Ėą‚Ėą‚Ėą‚Ėą‚Ėą‚Ėą‚Ėą‚Ėí         ‚Ėí      ‚ĖĎ‚ĖĎ‚ĖĎ‚Ėą‚Ėą‚Ėą‚Ėą‚Ėą‚Ėą‚Ėą‚Ėą‚Ėą‚Ėą‚Ėą‚Ėą‚Ėą‚Ėą‚Ėą‚Ėą‚Ėą‚Ėą‚Ėą‚Ėą‚ĖĎ‚Ėí‚Ėí‚Ėď‚Ėď‚Ėď‚Ėď‚Ėą‚Ėą‚ĖĎ                 
‚Ėą‚Ėą‚ĖÄ‚Ėą‚Ėą‚Ėą‚Ėą‚ĖĎ‚Ėď‚Ėą‚Ėą‚Ėą‚Ėą‚ĖĎ‚ĖĎ‚Ėí               ‚Ėą‚Ėą‚Ėą‚Ėą‚Ėą‚Ėą‚Ėą‚Ėą‚Ėą‚Ėą‚Ėą‚Ėą‚Ėą‚Ėą‚Ėą‚Ėą‚Ėą‚Ėą‚Ėą‚Ėą‚Ėą‚Ėą‚ĖĎ‚Ėí‚Ėí‚Ėď‚Ėď‚Ėď‚Ėď‚Ėą‚Ėą‚ĖĄ               
   ‚ĖĎ‚Ėą‚Ėą‚Ėą‚Ėą‚Ėí‚Ėą‚Ėą‚Ėą‚Ėą‚Ėď‚Ėą‚Ėą‚ĖĄ              ‚Ėą‚Ėą‚Ėą‚Ėą‚Ėą‚Ėą‚Ėą‚Ėą‚Ėą‚Ėą‚Ėą‚Ėą‚Ėą‚Ėą‚Ėą‚Ėą‚Ėą‚Ėą‚Ėą‚Ėą‚Ėą‚Ėą‚Ėą‚ĖĎ‚Ėí‚Ėí‚Ėď‚Ėď‚Ėď‚Ėą‚Ėą‚Ėą‚ĖĄ             
    ‚ĖÄ‚Ėą‚Ėą‚Ėą‚ĖĎ‚ĖÄ‚Ėą‚Ėą‚Ėą‚Ėą‚Ėą‚Ėą‚Ėą‚Ėą ‚ĖĎ        ‚Ėď  ‚ĖĎ‚Ėą‚Ėą‚Ėą‚Ėą‚Ėą‚Ėą‚Ėą‚Ėą‚Ėą‚Ėą‚Ėą‚Ėą‚Ėą‚Ėą‚Ėą‚Ėą‚Ėą‚Ėą‚Ėą‚Ėą‚Ėą‚Ėą‚Ėą‚ĖĎ‚Ėí‚Ėí‚Ėí‚Ėą‚Ėą‚Ėí‚Ėí‚Ėą‚ĖĄ         ‚ĖĄ  
    ‚Ėí‚Ėą‚ĖÄ  ‚Ėí‚Ėą‚Ėą‚Ėą‚Ėą‚Ėą‚Ėą‚Ėą‚Ėą‚Ėą‚Ėą‚Ėí            ‚Ėď‚Ėą‚ĖÄ‚Ėí‚ĖÄ‚Ėą‚Ėą‚Ėą‚Ėą‚Ėą‚Ėą‚Ėą‚Ėą‚Ėą‚Ėą‚Ėą‚Ėą‚Ėą‚Ėą‚Ėą‚Ėą‚Ėą‚Ėą‚ĖĎ‚Ėą‚Ėą‚Ėą‚Ėí‚Ėď‚Ėď‚Ėď‚Ėą‚ĖĄ       ‚ĖÄ‚Ėď‚ĖÄ 
         ‚ĖĎ‚Ėą‚Ėą‚Ėą‚Ėą‚ĖÄ‚Ėď‚ĖÄ‚Ėą‚Ėą‚Ėď    ‚Ėí             ‚ĖÄ‚Ėą‚Ėą‚Ėą‚Ėą‚Ėą‚Ėą‚Ėą‚Ėą‚Ėą‚Ėą‚Ėą‚Ėą‚Ėą‚Ėą‚Ėą‚Ėą‚Ėą‚Ėą‚Ėą‚Ėą‚Ėí‚Ėď‚Ėď‚Ėď‚Ėď‚Ėď‚Ėą‚ĖĄ          
          ‚Ėď‚Ėą‚Ėą‚Ėď                         ‚ĖÄ‚Ėą‚Ėą‚Ėą‚Ėą‚Ėą‚Ėą‚Ėą‚Ėą‚Ėą‚Ėą‚Ėą‚Ėą‚Ėą‚Ėą‚Ėą‚Ėą‚Ėą‚Ėą‚Ėą‚Ėí‚Ėí‚Ėď‚Ėď‚Ėď‚Ėď‚Ėď‚Ėą‚ĖĄ         
               ‚ĖĎ          ‚Ėí           ‚Ėď‚Ėą‚Ėí‚Ėą‚Ėą‚Ėą‚Ėą‚Ėą‚Ėą‚Ėą‚Ėą‚Ėą‚Ėą‚Ėą‚Ėą‚Ėą‚Ėą‚Ėą‚Ėą‚Ėą‚Ėą‚Ėą‚Ėí‚Ėí‚Ėď‚Ėď‚Ėď‚Ėď‚Ėď‚Ėą‚ĖĄ       
       ‚ĖĎ‚Ėí‚Ėí‚Ėď‚Ėď‚Ėď‚ĖĄ‚ĖĄ‚ĖĄ‚Ėą‚Ėí              ‚ĖĎ‚ĖĄ‚Ėą  ‚Ėď‚Ėą   ‚ĖÄ‚Ėą‚Ėą‚Ėą‚Ėą‚Ėą‚Ėą‚Ėą‚Ėą‚Ėą‚Ėą‚Ėą‚Ėą‚Ėą‚Ėą‚Ėą‚Ėą‚Ėą‚Ėą‚Ėí‚Ėí‚Ėď‚Ėď‚Ėď‚Ėď‚Ėď‚Ėą‚Ėą      
‚Ėď‚ĖĄ ‚Ėď‚ĖĄ‚ĖĄ‚ĖĄ‚Ėą‚Ėą‚Ėą‚Ėą‚Ėą‚Ėą‚Ėą‚Ėą‚Ėą‚Ėą‚Ėď     ‚ĖĎ        ‚ĖĄ‚Ėą‚Ėą‚ĖĎ‚Ėí‚ĖÄ‚ĖĎ    ‚ĖÄ‚Ėą‚Ėą‚Ėą‚Ėą‚Ėą‚Ėą‚Ėą‚Ėą‚Ėą‚Ėą‚Ėą‚Ėą‚Ėą‚Ėą‚Ėą‚Ėą‚Ėą‚Ėą‚Ėí‚Ėí‚Ėď‚Ėď‚Ėď‚Ėď‚Ėą‚Ėą      
‚Ėą‚Ėą‚Ėą‚Ėą‚Ėą‚Ėą‚Ėą‚Ėą‚Ėą‚ĖÄ‚ĖÄ‚ĖÄ‚Ėą‚Ėą‚Ėą‚Ėą‚Ėą‚ĖĎ             ‚Ėí‚Ėď‚ĖÄ‚Ėą‚Ėď‚Ėą‚ĖĎ    ‚Ėď ‚ĖÄ‚Ėą‚Ėą‚Ėą‚Ėą‚Ėą‚Ėą‚Ėą‚Ėą‚Ėą‚Ėą‚Ėą‚Ėą‚Ėą‚Ėą‚Ėą‚Ėą‚Ėą‚Ėą‚Ėą‚Ėí‚Ėď‚Ėď‚Ėď‚Ėą‚Ėą       
‚ĖÄ‚Ėą‚Ėą‚Ėą‚Ėą‚Ėą‚Ėą‚Ėą‚Ėď   ‚ĖĄ‚Ėą‚Ėą‚Ėą‚Ėą‚Ėí          ‚Ėí‚ĖĄ‚Ėą‚Ėą‚Ėą‚Ėą‚Ėą‚Ėą‚ĖĎ        ‚Ėí‚Ėą‚Ėą‚Ėą‚Ėą‚Ėą‚Ėą‚Ėą‚Ėą‚Ėą‚Ėą‚Ėą‚Ėą‚Ėą‚Ėą‚Ėą‚Ėą‚Ėą‚Ėą‚Ėą‚ĖĎ‚ĖĎ‚ĖĎ‚Ėą‚Ėą       
 ‚Ėď‚Ėą‚Ėą‚Ėą‚Ėą‚Ėą‚Ėą‚Ėą  ‚Ėď‚Ėą‚Ėą‚Ėą‚Ėą‚Ėą‚ĖĎ‚ĖĎ    ‚ĖĎ    ‚Ėď‚Ėą‚Ėą‚Ėą‚Ėą‚Ėą‚Ėą‚Ėą           ‚ĖÄ‚Ėą‚Ėą‚Ėą‚Ėą‚Ėą‚Ėą‚Ėą‚Ėą‚Ėą‚Ėą‚Ėą‚Ėą‚Ėą‚Ėą‚Ėą‚Ėą‚Ėą‚Ėą‚ĖĎ‚ĖĄ‚Ėą‚Ėą       
  ‚ĖÄ‚Ėą‚Ėą‚Ėą‚Ėą‚Ėą‚Ėą‚ĖĄ‚Ėą‚Ėą‚Ėą‚Ėą‚Ėą‚Ėą‚Ėą‚Ėą‚ĖÄ        ‚ĖĎ‚Ėď‚Ėą‚Ėą‚Ėą‚Ėí‚ĖÄ‚Ėą‚Ėą‚ĖĎ           ‚Ėą‚Ėą‚Ėą‚Ėą‚Ėą‚Ėą‚Ėą‚Ėą‚Ėą‚Ėą‚Ėą‚Ėą‚Ėą‚Ėą‚Ėą‚Ėą‚Ėą‚Ėą‚Ėą‚Ėą‚Ėą‚Ėą     
  ‚Ėď‚ĖÄ‚Ėą‚Ėą‚Ėą‚Ėą‚Ėą‚Ėą‚Ėą‚Ėą‚Ėą‚Ėą‚Ėą‚Ėą‚Ėą‚Ėď        ‚Ėí‚Ėď‚Ėą‚Ėą‚Ėą‚Ėą‚Ėď‚Ėź‚Ėą‚Ėą‚ĖĄ            ‚Ėą‚Ėą‚Ėą‚Ėą‚Ėą‚Ėą‚Ėą‚Ėą‚Ėą‚Ėą‚Ėą‚Ėą‚Ėą‚Ėą‚Ėą‚Ėą‚Ėą‚Ėą‚Ėą‚Ėą‚Ėą     
   ‚Ėď‚Ėą‚Ėą‚Ėą‚Ėą‚Ėą‚Ėą‚Ėď‚Ėí‚Ėą‚Ėą‚Ėą‚Ėą‚Ėą‚Ėí        ‚Ėď‚Ėą‚Ėą‚Ėą‚Ėą‚ĖÄ‚Ėď‚Ėź‚Ėą‚Ėą‚Ėą    ‚Ėí   ‚Ėď    ‚Ėą‚Ėą‚Ėą‚Ėą‚Ėą‚Ėą‚Ėą‚Ėą‚Ėą‚Ėą‚Ėą‚Ėą‚Ėą‚Ėą‚Ėą‚Ėą‚Ėą‚Ėą‚Ėą‚Ėą     
    ‚ĖĎ‚Ėą‚Ėą‚Ėą‚ĖÄ‚ĖĎ  ‚Ėą‚Ėą‚Ėą‚Ėą‚Ėą‚ĖĎ  ‚ĖĎ    ‚Ėí‚Ėź‚Ėą‚Ėą‚Ėą‚Ėą‚Ėí‚ĖĎ‚Ėď‚Ėą‚Ėą‚Ėą‚ĖĆ             ‚ĖÄ‚Ėą‚Ėą‚Ėą‚Ėą‚Ėą‚Ėą‚Ėą‚Ėą‚Ėą‚Ėą‚Ėą‚Ėą‚Ėą‚Ėą‚Ėą‚Ėą‚Ėą‚Ėą‚Ėí     
     ‚Ėď‚ĖÄ‚Ėď    ‚Ėź‚Ėą‚Ėą‚Ėą‚Ėą‚Ėí       ‚Ėí‚Ėą‚Ėą‚Ėą‚Ėą‚ĖĆ‚ĖĎ‚ĖĎ‚Ėí‚Ėź‚Ėą‚Ėą       ‚Ėí       ‚Ėą‚Ėą‚Ėą‚Ėą‚Ėą‚Ėą‚Ėą‚Ėą‚Ėą‚Ėą‚Ėą‚Ėą‚Ėą‚Ėą‚Ėą‚Ėą‚Ėą‚Ėą‚Ėą‚Ėď    
            ‚Ėí‚Ėą‚Ėą‚Ėą‚Ėą‚ĖĎ       ‚Ėď‚Ėą‚Ėą‚Ėą‚Ėą‚Ėí‚ĖĎ‚ĖĎ‚Ėí                  ‚Ėą‚Ėą‚Ėą‚Ėą‚Ėą‚Ėą‚Ėą‚Ėą‚Ėą‚Ėą‚Ėą‚Ėą‚Ėą‚Ėą‚Ėą‚Ėą‚Ėą‚Ėą‚Ėą‚Ėą‚Ėď   
            ‚ĖĎ‚Ėą‚Ėą‚Ėą‚Ėą‚ĖĆ       ‚Ėď‚Ėą‚Ėą‚Ėą‚Ėą‚Ėą‚Ėą‚Ėą‚Ėď                 ‚ĖĎ‚Ėą‚Ėą‚Ėą‚ĖÄ‚ĖĄ‚Ėą‚Ėą‚Ėą‚Ėą‚Ėą‚Ėą‚Ėą‚Ėą‚Ėą‚Ėą‚Ėą‚Ėą‚Ėą‚Ėą‚Ėą‚Ėą‚Ėí    
             ‚ĖĎ‚Ėą‚Ėą‚Ėą‚Ėą‚Ėí      ‚Ėą‚Ėą‚Ėą‚Ėą‚Ėą‚Ėą‚Ėą‚Ėą‚Ėą        ‚ĖĎ         ‚Ėą‚Ėą‚ĖĆ‚Ėź‚Ėą‚Ėą‚Ėą‚Ėą‚Ėą‚Ėą‚Ėą‚Ėą‚Ėą‚Ėą‚Ėą‚Ėą‚Ėą‚Ėą‚Ėą‚Ėą‚Ėą‚Ėą‚Ėď   
       ‚ĖĎ             ‚ĖĎ    ‚Ėą‚Ėą‚Ėą‚Ėą‚Ėą‚Ėą‚Ėą‚Ėą                  ‚Ėą‚Ėą‚Ėď‚Ėą‚Ėą‚Ėą‚ĖĄ‚ĖĎ‚Ėď‚Ėą‚Ėą‚Ėą‚Ėą‚Ėą‚Ėą‚Ėą‚Ėą‚Ėą‚Ėą‚Ėą‚Ėą‚Ėą‚Ėą‚Ėí   
 ‚ĖĎ         ‚ĖĎ‚ĖĄ‚Ėą‚Ėą‚Ėą‚ĖĆ        ‚ĖĎ‚Ėą‚Ėą‚Ėą‚ĖĎ‚ĖÄ‚Ėą‚Ėą‚Ėą    HaNc0cK     ‚Ėí   ‚Ėď‚Ėą‚Ėą‚ĖÄ‚ĖĄ‚ĖĄ‚Ėą‚ĖÄ‚Ėą‚Ėą‚Ėą‚Ėą‚Ėą‚Ėą‚Ėą‚Ėą‚Ėą‚Ėą‚Ėą‚Ėą‚Ėą‚Ėą‚Ėď  
         ‚ĖĄ‚Ėą‚Ėą‚Ėą‚Ėą‚Ėą‚Ėą‚ĖĎ        ‚Ėą‚Ėą‚Ėą‚ĖÄ  ‚Ėą‚Ėą‚Ėą                    ‚Ėď‚Ėą‚Ėą‚Ėą‚ĖĄ‚ĖÄ‚ĖÄ‚Ėą‚Ėą‚Ėą‚Ėą‚Ėą‚Ėą‚Ėą‚Ėą‚Ėą‚Ėą‚Ėą‚Ėą‚Ėą‚Ėą‚Ėą‚Ėą‚ĖĄ 
        ‚Ėź‚Ėą‚Ėą‚Ėą‚Ėď‚Ėď‚Ėą‚ĖĆ        ‚Ėí‚Ėą‚Ėą‚Ėą  ‚ĖĎ‚Ėą‚Ėą‚Ėą       ‚ĖĄ‚ĖĄ           ‚ĖĎ‚Ėą‚Ėą‚Ėą‚Ėą‚ĖÄ‚Ėą‚Ėą‚Ėą‚Ėą‚Ėą‚Ėą‚Ėą‚Ėą‚Ėą‚Ėą‚Ėą‚Ėą‚Ėą‚Ėą‚Ėą‚Ėą‚Ėą‚Ėą‚Ėí
  ‚ĖĎ‚ĖĄ‚Ėí   ‚ĖĎ‚Ėą‚Ėą‚ĖĆ‚ĖĎ‚Ėď‚Ėą‚ĖĎ        ‚Ėą‚Ėą‚Ėą‚Ėí   ‚Ėź‚Ėą‚Ėą      ‚Ėź‚ĖÄ‚ĖÄ‚ĖĆ    ‚ĖĎ      ‚Ėí‚Ėą‚Ėą‚Ėą‚Ėą‚Ėą‚Ėą‚Ėą‚ĖĆ‚Ėą‚Ėą‚Ėą‚Ėą‚Ėą‚Ėą‚Ėą‚Ėą‚Ėą‚Ėą‚Ėą‚Ėą‚Ėą‚Ėą‚ĖĆ
  ‚Ėź‚Ėą‚Ėą‚ĖĄ‚Ėí  ‚Ėí‚Ėą‚Ėą‚ĖĄ‚Ėź‚ĖĆ   ‚ĖĎ    ‚ĖĎ‚Ėą‚Ėą‚Ėą‚ĖĎ   ‚Ėą‚Ėą‚ĖÄ      ‚Ėą‚Ėą‚Ėą‚Ėą             ‚ĖÄ‚Ėą‚Ėą‚Ėą‚Ėą‚ĖÄ  ‚ĖÄ‚Ėą‚Ėą‚Ėą‚Ėą‚Ėą‚Ėą‚Ėą‚Ėą‚Ėą‚Ėą‚Ėą‚Ėą‚Ėí
  ‚Ėď‚Ėą‚Ėą‚Ėą‚Ėą‚ĖĄ‚ĖĎ ‚ĖÄ‚Ėą‚Ėą‚ĖĆ‚Ėď        ‚Ėź‚Ėą‚Ėą‚ĖÄ   ‚ĖĎ‚Ėą‚Ėą‚Ėí      ‚Ėź‚Ėą‚Ėą‚ĖĆ        ‚ĖĎ             ‚ĖĎ‚Ėą‚Ėą‚Ėą‚Ėą‚Ėą‚Ėą‚Ėą‚Ėą‚Ėą‚Ėą‚Ėą
   ‚ĖÄ‚Ėą‚Ėą‚Ėą‚Ėą‚Ėą‚ĖĄ‚ĖĎ‚Ėą‚Ėą‚Ėą‚ĖĎ       ‚ĖĎ‚Ėą‚Ėą‚Ėą    ‚Ėą‚Ėą‚ĖĆ       ‚ĖĄ‚ĖÄ‚ĖÄ‚ĖĄ                  ‚Ėď     ‚ĖÄ‚Ėą‚Ėą‚Ėą‚Ėą‚Ėą‚Ėą‚Ėą‚Ėą‚ĖĎ
    ‚ĖÄ‚Ėą‚Ėą‚Ėą‚Ėą‚Ėą‚Ėą‚Ėą‚Ėą‚Ėą‚ĖĄ       ‚Ėď‚Ėą‚Ėą‚ĖĎ   ‚ĖĄ‚Ėą‚Ėą‚ĖĄ     ‚ĖĄ‚ĖÄ‚ĖÄ‚ĖÄ‚ĖÄ‚ĖÄ‚ĖÄ‚ĖĄ                       ‚Ėď‚Ėą‚Ėą‚Ėą‚Ėą‚Ėą‚Ėą
    ‚ĖĎ‚Ėą‚Ėą‚Ėą‚Ėą‚Ėą‚Ėą‚Ėą‚Ėą‚Ėą‚Ėą       ‚ĖĎ‚Ėą‚Ėą    ‚Ėí‚Ėą‚Ėą‚Ėą‚Ėą  ‚ĖĄ‚ĖÄ‚ĖÄ‚ĖÄ‚ĖÄ‚ĖÄ‚ĖÄ‚ĖÄ‚ĖÄ‚ĖÄ‚ĖÄ‚ĖĄ           ‚Ėí           ‚ĖÄ‚Ėą‚Ėą‚Ėą‚Ėą‚ĖĎ
     ‚Ėí‚Ėą‚Ėą‚Ėą‚ĖÄ‚Ėą‚Ėą‚Ėą‚Ėą‚Ėą‚ĖĆ      ‚ĖĎ‚ĖÄ‚ĖÄ         ‚ĖĄ‚Ėą‚ĖÄ‚ĖÄ‚ĖÄ‚ĖÄ‚ĖÄ‚ĖÄ‚ĖÄ‚ĖÄ‚ĖÄ‚ĖÄ‚ĖÄ‚ĖÄ‚Ėą‚ĖĄ               ‚ĖĎ      ‚ĖĎ‚Ėą‚Ėą‚Ėą
     ‚ĖĎ‚Ėą‚Ėą‚Ėą ‚Ėď‚Ėą‚Ėą‚Ėą‚Ėą‚Ėą‚ĖĄ               ‚ĖĄ‚Ėą‚ĖÄ‚ĖÄ‚ĖÄ‚ĖÄ‚ĖÄ‚ĖÄ‚ĖÄ‚ĖÄ‚ĖÄ‚ĖÄ‚ĖÄ‚ĖÄ‚ĖÄ‚ĖÄ‚ĖÄ‚ĖÄ‚Ėą‚ĖĄ     ‚ĖĎ                  
     ‚ĖĎ‚Ėą‚Ėą‚Ėą ‚ĖĎ‚Ėí‚Ėą‚Ėą‚Ėą‚Ėą‚ĖĎ             ‚ĖĄ‚Ėą‚Ėą‚ĖĄ‚ĖĄ‚ĖĄ‚ĖĄ‚ĖĄ‚ĖĄ‚ĖĄ‚ĖĄ‚ĖĄ‚ĖĄ‚ĖĄ‚ĖĄ‚ĖĄ‚ĖĄ‚ĖĄ‚ĖĄ‚ĖĄ‚ĖĄ‚Ėą‚Ėą‚ĖĄ                      
      ‚Ėą‚Ėą‚ĖĎ    ‚Ėí‚ĖÄ‚Ėí            ‚ĖĄ‚Ėą‚ĖÄ                      ‚ĖÄ‚Ėą‚ĖĄ                   
                          ‚ĖĄ‚Ėą‚Ėą‚Ėą‚Ėą‚Ėą‚Ėą‚Ėą‚Ėą‚Ėą‚Ėą‚Ėą‚Ėą‚Ėą‚Ėą‚Ėą‚Ėą‚Ėą‚Ėą‚Ėą‚Ėą‚Ėą‚Ėą‚Ėą‚Ėą‚Ėą‚Ėą‚Ėą‚Ėą‚Ėą‚Ėą‚ĖĄ                 
    ‚ĖĎ‚ĖĄ‚Ėą‚ĖĄ‚Ėď‚Ėí              ‚ĖĄ‚Ėą‚ĖÄ                              ‚ĖÄ‚Ėą‚ĖĄ               
   ‚ĖĎ‚Ėą‚Ėą‚Ėą‚Ėą‚Ėą‚Ėą‚Ėą‚Ėą‚ĖĄ         ‚ĖĄ‚Ėą‚ĖÄ                                  ‚ĖÄ‚Ėą‚ĖĄ             
    ‚Ėź‚Ėą‚Ėą‚Ėą‚Ėą‚Ėą‚Ėą‚Ėą‚Ėą‚ĖĄ      ‚ĖĄ‚Ėą‚Ėą‚Ėą‚Ėą‚Ėą‚Ėą‚Ėą‚Ėą‚Ėą‚Ėą‚Ėą‚Ėą‚Ėą‚Ėą‚Ėą‚Ėą‚Ėą‚Ėą‚Ėą‚Ėą‚Ėą‚Ėą‚Ėą‚Ėą‚Ėą‚Ėą‚Ėą‚Ėą‚Ėą‚Ėą‚Ėą‚Ėą‚Ėą‚Ėą‚Ėą‚Ėą‚Ėą‚Ėą‚Ėą‚Ėą‚Ėą‚Ėą‚ĖĄ           
    ‚Ėď‚Ėą‚Ėą‚Ėą‚ĖĎ‚Ėź‚Ėą‚Ėą‚Ėą‚Ėą‚Ėď   ‚ĖĄ‚Ėą‚Ėą‚ĖÄ                                        ‚ĖÄ‚Ėą‚Ėą‚ĖĄ         
    ‚Ėď‚Ėą‚Ėą‚Ėą‚ĖĎ‚Ėą‚Ėą‚Ėą‚Ėą‚Ėą ‚ĖĎ‚ĖĄ‚Ėď‚Ėź‚Ėą‚ĖÄ  ‚Ėą‚ĖÄ‚Ėą‚Ėą ‚Ėą‚ĖÄ‚Ėą‚ĖĆ ‚Ėą‚Ėą‚ĖĆ ‚Ėź‚Ėą‚Ėą‚ĖĆ ‚Ėą‚Ėą‚ĖĆ‚Ėź‚Ėą‚ĖĄ‚Ėź‚Ėą ‚Ėź‚Ėą‚Ėą‚Ėą‚ĖĆ ‚Ėą‚Ėą‚Ėą‚ĖĆ   ‚ĖÄ‚Ėą‚Ėą‚ĖĄ        
    ‚Ėź‚Ėą‚Ėą‚ĖĆ‚Ėí‚Ėą‚Ėą‚Ėą‚Ėą ‚Ėí‚Ėą‚Ėą‚Ėą    ‚Ėą‚Ėą‚ĖĄ‚Ėą ‚Ėź‚Ėą‚ĖĄ‚ĖÄ ‚Ėź‚Ėą‚Ė†  ‚ĖÄ‚Ė†‚ĖĄ  ‚Ėą‚Ė†  ‚Ėą‚ĖĆ‚ĖÄ‚Ėą‚ĖĆ  ‚Ėą‚ĖĆ   ‚ĖÄ‚Ė†‚ĖĄ     ‚ĖÄ‚Ėą‚Ėą‚ĖĄ      
   ‚ĖĎ‚Ėą‚Ėą‚Ėą‚Ėí‚Ėź‚Ėą‚Ėą‚Ėą‚ĖĎ ‚Ėą‚Ėą‚Ėą‚ĖĆ   ‚ĖÄ‚ĖÄ‚ĖÄ   ‚ĖÄ‚ĖÄ ‚ĖÄ ‚ĖÄ‚ĖÄ‚ĖÄ ‚ĖÄ‚ĖÄ‚ĖÄ‚ĖÄ  ‚ĖÄ‚ĖÄ‚ĖÄ ‚ĖÄ‚ĖÄ  ‚ĖÄ   ‚ĖÄ    ‚ĖÄ‚ĖÄ‚ĖÄ      ‚ĖÄ‚Ėą‚Ėą‚ĖĄ     
   ‚Ėď‚Ėą‚Ėą‚Ėą‚ĖĎ‚Ėą‚Ėą‚Ėą‚Ėą  ‚Ėą‚Ėą‚Ėą‚ĖĆ‚Ėź‚Ėą‚Ėą‚Ėą‚Ėą‚Ėą‚Ėą‚Ėą‚Ėą‚Ėą‚Ėą‚Ėą‚Ėą‚Ėą‚Ėą‚Ėą‚Ėą‚Ėą‚Ėą‚Ėą‚Ėą‚Ėą‚Ėą‚Ėą‚Ėą‚Ėą‚Ėą‚Ėą‚Ėą‚Ėą‚Ėą‚Ėą‚Ėą‚Ėą‚Ėą‚Ėą‚Ėą‚Ėą‚Ėą‚Ėą‚Ėą‚Ėą‚Ėą‚Ėą‚Ėą‚Ėą‚Ėą‚Ėą‚Ėą‚Ėą‚Ėą‚Ėą‚Ėą‚Ėą‚Ėą‚ĖĄ   ‚Ėą‚Ėą
   ‚Ėą‚Ėą‚Ėą‚ĖÄ‚ĖĎ‚Ėą‚Ėą‚Ėą‚ĖÄ  ‚Ėą‚Ėą‚Ėą‚ĖĆ ‚ĖÄ‚ĖÄ‚ĖÄ‚ĖÄ‚ĖÄ‚ĖÄ‚ĖÄ‚ĖÄ‚ĖÄ‚ĖÄ‚ĖÄ‚ĖÄ‚ĖÄ‚ĖÄ‚ĖÄ‚ĖÄ‚ĖÄ‚ĖÄ‚ĖÄ‚ĖÄ‚ĖÄ‚ĖÄ‚ĖÄ‚ĖÄ‚ĖÄ‚ĖÄ‚ĖÄ‚ĖÄ‚ĖÄ‚ĖÄ‚ĖÄ‚ĖÄ‚ĖÄ‚ĖÄ‚ĖÄ‚ĖÄ‚ĖÄ‚ĖÄ‚ĖÄ‚ĖÄ‚ĖÄ‚ĖÄ‚ĖÄ‚ĖÄ‚ĖÄ‚ĖÄ‚ĖÄ‚ĖÄ‚ĖÄ‚ĖÄ‚ĖÄ‚ĖÄ‚ĖÄ‚Ėą‚Ėą‚Ėą‚ĖĄ ‚Ėą‚Ėą
  ‚ĖĄ‚Ėą‚Ėą‚Ėą‚Ėď ‚ĖÄ‚ĖÄ    ‚Ėą‚Ėą‚Ėą‚Ėą                                                       ‚ĖÄ‚Ėą‚Ėą‚Ėą‚Ėą‚Ėą
 ‚ĖĎ‚Ėą‚Ėą‚Ėą‚Ėď‚Ėí       ‚ĖÄ‚Ėą‚Ėą‚Ėą‚ĖĆ                                                        ‚ĖÄ‚Ėą‚Ėą‚Ėą
‚ĖĎ‚Ėą‚Ėą‚Ėą‚Ėą‚Ėą‚Ėą‚Ėą‚Ėą‚Ėą‚Ėą‚Ėą‚Ėą‚ĖĄ‚ĖĄ‚Ėą‚Ėą‚Ėą‚Ėą         Planet Wissen - Essen wir uns krank? -           ‚Ėą‚Ėą
‚Ėď‚Ėą‚Ėą‚Ėą‚Ėą‚Ėą‚Ėą‚Ėą‚Ėą‚Ėą‚Ėą‚Ėą‚Ėą‚Ėą‚Ėą‚Ėą‚Ėą‚Ėą‚Ėą       Durchblick durch den Ernaehrungsdschungel          ‚Ėą‚Ėą
            ‚ĖĎ‚Ėí‚Ėď‚ĖÄ‚ĖÄ‚ĖÄ‚ĖĎ                                                          ‚Ėą‚Ėą
                                                                             ‚Ėą‚Ėą
  ‚ĖĄ‚ĖĄ‚ĖĄ    ‚ĖĄ‚ĖĄ‚Ėą‚Ėą‚Ėą‚Ėą‚Ėą‚Ėď                                                           ‚ĖĄ‚Ėą‚Ėą
 ‚Ėą‚Ėą‚Ėą‚Ėą‚Ėą‚Ėą‚Ėą‚Ėą‚Ėą‚Ėą‚Ėą‚Ėą‚Ėą‚Ėą‚Ėą‚ĖĆ‚ĖĎ‚Ėź‚Ėą‚Ėą‚Ėą‚Ėą‚Ėą‚Ėą‚Ėą‚Ėą‚Ėą‚Ėą‚Ėą‚Ėą‚Ėą‚Ėą‚Ėą‚Ėą‚Ėą‚Ėą‚Ėą‚Ėą‚Ėą‚Ėą‚Ėą‚Ėą‚Ėą‚Ėą‚Ėą‚Ėą‚Ėą‚Ėą‚Ėą‚Ėą‚Ėą‚Ėą‚Ėą‚Ėą‚Ėą‚Ėą‚Ėą‚Ėą‚Ėą‚Ėą‚Ėą‚Ėą‚Ėą‚Ėą‚Ėą‚Ėą‚Ėą‚Ėą‚Ėą‚Ėą‚Ėą‚Ėą‚Ėą‚Ėą‚Ėą‚Ėą‚Ėą‚Ėą
 ‚Ėź‚Ėą‚Ėą‚Ėą‚Ėą‚Ėą‚Ėą‚Ėą‚ĖÄ‚ĖÄ‚Ėą‚Ėą‚Ėą‚Ėą‚Ėą‚Ėą‚Ėí ‚Ėą‚Ėą‚Ėą‚Ėą‚Ėą‚Ėą‚Ėą‚Ėą‚Ėą‚Ėą‚Ėą‚Ėą‚Ėą‚Ėą‚Ėą‚Ėą‚Ėą‚Ėą‚Ėą‚Ėą‚Ėą‚Ėą‚Ėą‚Ėą‚Ėą‚Ėą‚Ėą‚Ėą‚Ėą‚Ėą‚Ėą‚Ėą‚Ėą‚Ėą‚Ėą‚Ėą‚Ėą‚Ėą‚Ėą‚Ėą‚Ėą‚Ėą‚Ėą‚Ėą‚Ėą‚Ėą‚Ėą‚Ėą‚Ėą‚Ėą‚Ėą‚Ėą‚Ėą‚Ėą‚Ėą‚Ėą‚Ėą‚Ėą‚Ėą‚Ėą
  ‚Ėą‚Ėą‚Ėą‚Ėą‚Ėą‚Ėą‚Ėą‚Ėí‚ĖĎ ‚Ėź‚Ėą‚Ėą‚Ėą‚Ėą‚Ėď                                                          ‚ĖÄ‚Ėą‚Ėą
  ‚Ėź‚Ėą‚Ėą‚Ėą‚Ėą‚Ėą‚Ėą‚Ėď  ‚Ėí‚Ėą‚Ėą‚Ėą‚Ėą‚ĖĆ‚Ėí  RELEASE DATE ............. : 07.05.2009                 ‚Ėą‚Ėą
   ‚Ėą‚Ėą‚Ėą‚Ėą‚Ėą‚Ėą‚Ėź‚Ėą‚ĖĆ‚ĖĎ‚Ėą‚Ėą‚Ėą‚Ėą‚Ėą‚Ėď  TV DATE .................. : 04.05.2009                 ‚Ėą‚Ėą
   ‚Ėą‚Ėą‚Ėą‚Ėą‚Ėą‚Ėą ‚Ėą‚Ėą‚ĖĎ‚ĖÄ‚Ėą‚Ėą‚Ėą‚Ėą‚ĖĆ  GENRE .................... : DOKU                       ‚Ėą‚Ėą
    ‚Ėą‚Ėą‚Ėą‚Ėą‚ĖÄ‚ĖĎ   ‚ĖĎ‚Ėą‚Ėą‚Ėą‚Ėą‚Ėą‚Ėí SOURCE ................... : SATRiP                     ‚Ėą‚Ėą
    ‚Ėą‚Ėą‚Ėą‚Ėą‚Ėí‚ĖĎ   ‚ĖĎ‚Ėź‚Ėą‚Ėą‚Ėą‚Ėą‚Ėď LANGUAGE ................. : German                     ‚Ėą‚Ėą
    ‚Ėą‚Ėą‚Ėą‚Ėą‚Ėí‚ĖĎ   ‚Ėí‚Ėź‚Ėą‚Ėą‚Ėą‚Ėą‚Ėą BiTRATE .................. : ~1000 Kbps                 ‚Ėą‚Ėą
   ‚Ėź‚Ėą‚Ėą‚Ėą‚ĖĆ‚ĖĎ‚ĖĄ‚Ėą‚Ėą‚Ėą‚Ėą‚Ėą‚Ėą‚Ėą‚Ėą‚Ėí  RESOLUTiON ............... : 640 X 352                  ‚Ėą‚Ėą
   ‚Ėą‚Ėą‚Ėą‚Ėą‚Ėą‚Ėą‚Ėą‚Ėą‚Ėą‚Ėą‚ĖÄ‚ĖÄ‚Ėď‚Ėí‚ĖĎ   AUDiO .................... : MP3 ABR 128 Kbps           ‚Ėą‚Ėą
  ‚Ėź‚Ėą‚Ėą‚Ėą‚Ėą‚Ėą‚ĖÄ‚ĖÄ           RUNTiME .................. : ~58 Minutes                ‚Ėą‚Ėą
  ‚Ėą‚Ėą‚ĖÄ‚ĖĎ               SiZE ..................... : ~525 MB                    ‚Ėą‚Ėą
                                                                             ‚Ėą‚Ėą
    ‚ĖĎ‚ĖĄ‚Ėą‚ĖĄ‚Ėď‚Ėí           iMDB..RATiNG ..: ************                           ‚Ėą‚Ėą
   ‚ĖĎ‚Ėą‚Ėą‚Ėą‚Ėą‚Ėą‚Ėą‚Ėą‚Ėą‚ĖĄ        iMDB..LiNK ....: ************                           ‚Ėą‚Ėą
    ‚Ėź‚Ėą‚Ėą‚Ėą‚ĖÄ‚Ėą‚Ėą‚Ėą‚Ėą‚ĖĄ                                                              ‚ĖĄ‚Ėą‚Ėą
    ‚Ėď‚Ėą‚Ėą‚Ėą ‚Ėź‚Ėą‚Ėą‚Ėą‚Ėą‚Ėď‚Ėź‚Ėą‚Ėą‚Ėą‚Ėą‚Ėą‚Ėą‚Ėą‚Ėą‚Ėą‚Ėą‚Ėą‚Ėą‚Ėą‚Ėą‚Ėą‚Ėą‚Ėą‚Ėą‚Ėą‚Ėą‚Ėą‚Ėą‚Ėą‚Ėą‚Ėą‚Ėą‚Ėą‚Ėą‚Ėą‚Ėą‚Ėą‚Ėą‚Ėą‚Ėą‚Ėą‚Ėą‚Ėą‚Ėą‚Ėą‚Ėą‚Ėą‚Ėą‚Ėą‚Ėą‚Ėą‚Ėą‚Ėą‚Ėą‚Ėą‚Ėą‚Ėą‚Ėą‚Ėą‚Ėą‚Ėą‚Ėą‚Ėą‚Ėą‚Ėą‚Ėą‚Ėą‚Ėą‚Ėą
    ‚Ėď‚Ėą‚Ėą‚Ėą ‚Ėą‚Ėą‚Ėą‚Ėą‚Ėą ‚ĖĎ‚ĖĄ‚ĖÄ‚Ėą‚Ėą‚Ėą‚Ėą‚Ėą‚Ėą‚Ėą‚Ėą‚Ėą‚Ėą‚Ėą‚Ėą‚Ėą‚Ėą‚Ėą‚Ėą‚Ėą‚Ėą‚Ėą‚Ėą‚Ėą‚Ėą‚Ėą‚Ėą‚Ėą‚Ėą‚Ėą‚Ėą‚Ėą‚Ėą‚Ėą‚Ėą‚Ėą‚Ėą‚Ėą‚Ėą‚Ėą‚Ėą‚Ėą‚Ėą‚Ėą‚Ėą‚Ėą‚Ėą‚Ėą‚Ėą‚Ėą‚Ėą‚Ėą‚Ėą‚Ėą‚Ėą‚Ėą‚Ėą‚Ėą‚Ėą‚Ėą‚Ėą‚Ėą‚Ėą‚Ėą
    ‚Ėź‚Ėą‚Ėą‚ĖĆ‚Ėí‚Ėą‚Ėą‚Ėą‚Ėą ‚Ėí‚Ėą‚Ėą ‚Ėź‚Ėą‚Ėą‚Ėą‚Ėą‚Ėą‚Ėą‚Ėą‚Ėą‚Ėą‚Ėą‚Ėą‚Ėą‚Ėą‚Ėą‚Ėą‚Ėą‚Ėą‚Ėą‚Ėą‚Ėą‚Ėą‚Ėą‚Ėą‚Ėą‚Ėą‚Ėą‚Ėą‚Ėą‚Ėą‚Ėą‚Ėą‚Ėą‚Ėą‚Ėą‚Ėą‚Ėą‚Ėą‚Ėą‚Ėą‚Ėą‚Ėą‚Ėą‚Ėą‚Ėą‚Ėą‚Ėą‚Ėą‚Ėą‚Ėą‚Ėą‚Ėą‚Ėą‚Ėą‚Ėą‚Ėą‚Ėą‚Ėą‚Ėą‚Ėą‚Ėą
   ‚ĖĎ‚Ėą‚Ėą‚Ėą‚Ėí‚Ėź‚Ėą‚Ėą‚Ėą‚ĖĎ ‚Ėą‚Ėą‚Ėą‚ĖĆ                                                          ‚ĖÄ‚Ėą‚Ėą
   ‚Ėď‚Ėą‚Ėą‚Ėą ‚Ėą‚Ėą‚Ėą‚Ėą  ‚Ėą‚Ėą‚Ėą‚ĖĆ                                                           ‚Ėą‚Ėą
   ‚Ėą‚Ėą‚Ėą‚ĖÄ ‚Ėą‚Ėą‚Ėą‚ĖÄ  ‚Ėą‚Ėą‚Ėą‚ĖĆ      PlOT ......: http://tinyurl.com/dnga7q               ‚Ėą‚Ėą
  ‚ĖĄ‚Ėą‚Ėą‚Ėą  ‚ĖÄ‚Ėď‚Ėí   ‚Ėą‚Ėą‚Ėą‚Ėą                                                           ‚Ėą‚Ėą
 ‚ĖĎ‚Ėą‚Ėą‚Ėą‚Ėď   ‚ĖĎ‚ĖĎ   ‚ĖÄ‚Ėą‚Ėą‚Ėą‚ĖĆ                                                          ‚Ėą‚Ėą
‚ĖĎ‚Ėą‚Ėą‚Ėą‚Ėą‚Ėą‚Ėą‚Ėą‚Ėą‚Ėą‚Ėą‚Ėą‚Ėą‚ĖĄ‚ĖĄ‚Ėą‚Ėą‚Ėą‚Ėą     NOTES .....:                                         ‚Ėą‚Ėą
‚Ėď‚Ėą‚Ėą‚Ėą‚Ėą‚Ėą‚Ėą‚Ėą‚Ėą‚Ėą‚Ėą‚Ėą‚Ėą‚Ėą‚Ėą‚Ėą‚Ėą‚Ėą‚Ėą‚ĖĆ                                                         ‚Ėą‚Ėą
            ‚ĖĎ‚Ėí‚Ėď‚ĖÄ‚ĖÄ‚ĖÄ‚ĖĎ                                                          ‚Ėą‚Ėą
          ‚Ėí‚ĖĄ                                                                 ‚Ėą‚Ėą
  ‚ĖĎ‚ĖĄ‚Ėí    ‚Ėź‚Ėą‚ĖĆ        SEARCHiNG : NiCE AFFiLSiTE ( .NL .CZ .HU .SE .UK .RU >   ‚Ėą‚Ėą
 ‚Ėí‚Ėą‚Ėą‚Ėą‚ĖĄ   ‚Ėą‚Ėą‚Ėí  ‚ĖĄ‚Ėą                NO ........... < .NL .DE .AT _etc rented >   ‚Ėą‚Ėą
 ‚Ėí‚Ėą‚Ėą‚Ėą‚Ėą‚ĖĄ ‚Ėź‚Ėą‚ĖĆ ‚ĖĄ‚Ėą‚Ėą‚Ėą‚Ėď               TALENTED RiPPER  < DiGiTAL CABLE TV >        ‚Ėą‚Ėą
 ‚ĖĄ‚Ėą‚Ėą‚Ėą‚Ėą‚Ėą‚ĖĄ‚Ėą‚Ėą‚ĖĄ‚Ėą‚Ėą‚Ėą‚Ėą‚Ėą‚Ėď               TALENTED RiPPER  < RETAiL DVD,SUPPLiER >     ‚Ėą‚Ėą
‚ĖĄ‚Ėą‚Ėą‚ĖÄ‚Ėą‚Ėą‚Ėą‚Ėą‚Ėą‚Ėą‚Ėą‚Ėą‚ĖÄ‚Ėą‚Ėą‚Ėą‚Ėí                                                            ‚Ėą‚Ėą
‚Ėą‚Ėą‚ĖÄ ‚Ėď‚Ėą‚Ėą‚Ėą‚Ėą‚Ėą‚ĖÄ  ‚Ėą‚Ėą‚Ėą‚Ėí ‚ĖĎ‚ĖĎ            YOU DONT FiND US, WE FiND YOU !!             ‚Ėą‚Ėą
‚Ėí‚Ėí  ‚Ėí‚Ėą‚Ėą‚Ėą‚Ėą‚ĖĆ   ‚Ėą‚Ėą‚Ėą‚Ėí‚Ėď‚Ėą‚Ėď                                                         ‚Ėą‚Ėą
     ‚Ėď‚Ėą‚Ėą‚Ėą‚Ėą   ‚Ėą‚Ėą‚Ėą‚Ėí‚Ėą‚Ėą‚ĖĆ                    hanc0ck@hush.ai                      ‚Ėą‚Ėą
     ‚Ėí‚ĖÄ‚Ėą‚Ėą‚Ėą‚Ėď  ‚Ėą‚Ėą‚Ėą‚Ėď‚Ėą‚Ėą‚Ėą‚Ėď                                                        ‚Ėą‚Ėą
      ‚ĖĎ‚Ėą‚Ėą‚ĖÄ‚ĖĎ  ‚Ėą‚Ėą‚Ėą‚Ėí‚Ėą‚Ėą‚Ėą‚Ėą‚Ėď                                                       ‚Ėą‚Ėą
       ‚Ėí‚Ėí    ‚Ėą‚Ėą‚Ėą‚Ėď ‚Ėą‚Ėą‚Ėą‚Ėą‚ĖĆ    GREETS FLY OUT TO :  -FDL-STARS-                  ‚Ėą‚Ėą
             ‚Ėź‚Ėą‚Ėą‚Ėď  ‚Ėą‚Ėą‚Ėą‚Ėą‚Ėą                                                     ‚Ėą‚Ėą
             ‚Ėź‚Ėą‚Ėą‚ĖĄ‚ĖĎ‚ĖĄ‚Ėą‚Ėą‚Ėą‚Ėą‚ĖĆ                                                     ‚Ėą‚Ėą
             ‚Ėź‚Ėą‚Ėą‚Ėą‚Ėą‚Ėą‚Ėą‚Ėą‚ĖÄ‚ĖĎ   QCK FOR THiS NiCE ASCII...YOU ROXX                ‚ĖĄ‚Ėą‚Ėą
‚Ėą‚Ėą‚Ėą‚Ėą‚Ėą‚Ėą‚Ėą‚Ėą‚Ėą‚Ėą‚Ėą‚ĖĆ ‚Ėź‚Ėą‚Ėą‚Ėą‚ĖÄ‚ĖÄ‚ĖĄ‚ĖĄ‚ĖĄ‚Ėą‚Ėą‚Ėą‚Ėą‚Ėą‚Ėą‚Ėą‚Ėą‚Ėą‚Ėą‚Ėą‚Ėą‚Ėą‚Ėą‚Ėą‚Ėą‚Ėą‚Ėą‚Ėą‚Ėą‚Ėą‚Ėą‚Ėą‚Ėą‚Ėą‚Ėą‚Ėą‚Ėą‚Ėą‚Ėą‚Ėą‚Ėą‚Ėą‚Ėą‚Ėą‚Ėą‚Ėą‚Ėą‚Ėą‚Ėą‚Ėą‚Ėą‚Ėą‚Ėą‚Ėą‚Ėą‚Ėą‚Ėą‚Ėą‚Ėą‚Ėą‚Ėą‚Ėą‚Ėą‚Ėą‚Ėą‚Ėą
‚Ėą‚ĖąASCII BY‚Ėą‚Ėą‚ĖĄ ‚ĖÄ‚ĖÄ ‚ĖĄ‚Ėą‚Ėą‚Ėą‚Ėą‚Ėą‚Ėą‚Ėą‚Ėą‚Ėą‚Ėą‚Ėą‚Ėą‚Ėą‚Ėą‚Ėą‚Ėą‚Ėą‚Ėą‚Ėą‚Ėą‚Ėą‚Ėą‚Ėą‚Ėą‚Ėą‚Ėą‚Ėą‚Ėą‚Ėą‚Ėą‚Ėą‚Ėą‚Ėą‚Ėą‚Ėą‚Ėą‚Ėą‚Ėą‚Ėą‚Ėą‚Ėą‚Ėą‚Ėą‚Ėą‚Ėą‚Ėą‚Ėą‚Ėą‚Ėą‚Ėą‚Ėą‚Ėą‚Ėą‚Ėą‚Ėą‚Ėą‚Ėą‚Ėą‚Ėą‚Ėą‚Ėą
‚Ėą‚Ėą‚Ėą‚ĖąQCK‚Ėą‚Ėą‚Ėą‚Ėą‚Ėą‚Ėą‚Ėą‚Ėą‚Ėą‚Ėą‚Ėą‚Ėą‚Ėą‚Ėą‚Ėą‚Ėą‚Ėą‚Ėą‚Ėą‚Ėą‚Ėą‚Ėą‚Ėą‚Ėą‚Ėą‚Ėą‚Ėą‚Ėą‚Ėą‚Ėą‚Ėą‚Ėą‚Ėą‚Ėą‚Ėą‚Ėą‚Ėą‚Ėą‚Ėą‚Ėą‚Ėą‚Ėą‚Ėą‚Ėą‚Ėą‚Ėą‚Ėą‚Ėą‚Ėą‚Ėą‚Ėą‚Ėą‚Ėą‚Ėą‚Ėą‚Ėą‚Ėą‚Ėą‚Ėą‚Ėą‚Ėą‚Ėą‚Ėą‚Ėą‚Ėą‚Ėą‚Ėą‚Ėą‚Ėą‚Ėą‚Ėą‚Ėą
‚Ėą‚Ėą‚Ėą‚Ėą‚Ėą‚Ėą‚Ėą‚Ėą‚Ėą‚Ėą‚Ėą‚Ėą‚Ėą‚Ėą‚Ėą‚Ėą‚Ėą‚Ėą‚Ėą‚Ėą‚Ėą‚Ėą‚Ėą‚Ėą‚Ėą‚Ėą‚Ėą‚Ėą‚Ėą‚Ėą‚Ėą‚Ėą‚Ėą‚Ėą‚Ėą‚Ėą‚Ėą‚Ėą‚Ėą‚Ėą‚Ėą‚Ėą‚Ėą‚Ėą‚Ėą‚Ėą‚Ėą‚Ėą‚Ėą‚Ėą‚Ėą‚Ėą‚Ėą‚Ėą‚Ėą‚Ėą‚Ėą‚Ėą‚Ėą‚Ėą‚Ėą‚Ėą‚Ėą‚Ėą‚Ėą‚Ėą‚Ėą‚Ėą‚Ėą‚Ėą‚Ėą‚Ėą‚Ėą‚Ėą‚Ėą‚Ėą‚Ėą‚Ėą‚Ėą
