
                            ▒▒▒░░░█████▓▒▒ ░░
                        ▒▒███████████████████████
                       █████████████████████████████
                     ▒███████████████████  █▓▓███████▒
                     █████████████████████▒███████████
                   ▒███████████████████▒███████████████
                   █████████████████████▒██████████████▓
                   ▒████████████████████████████████████
                   █████████████████████████████████████░
                   ███████████████████████████░▒  █▒█████
                   ██████████▒███████▓███░       ▒███████
                   █████▒▒                       ████████
                   ██████▒▒▒▒ ▒             ▒ ▒▒▒████████
                   ██████ ▒▒▒ ▒             ▒ ▒▒▓▓███████
                   ▒█████ ▒▒▒                 ▒▒▒ ██████
                    █████ ▒                    ▒  ██████
                    ███            ░     ███      ░█████
                   ████     █   ▒███   ███▒    ▒▒  ▓█████
                   ░▓█   ▒ █████░▒██   ▒█▓ █████░  ░████▓
                   ▓░█    ███ ▒    ▓   ░ ░          ███▒▒
                   ▓░█      ▓█    █                 ███ ▓
                   ▓ █▓▓         ██    ░          ▒███░░▓
                   ▓░▒█▓░░       ██             ░░░███ ░▓
                   ░▓██▓░░░      ██            ░░░░▒▓█ ▓ 
                    ▓██▓░░░     ▒███████       ░░░ █▒█▓▓
                     ██▓▓░░     ▒███░          ░░░ ███
                      █▓ ░░     ▓              ░░░██▒█
                      ██▓▓░     █  ░   ░░░ ▒   ░░░███
                       ██▒░   ░██████████▒ ▓   ░░░▓██
                        ███     ▒▒░             ░▒███
                         ▓██     ░█████▓        ░█████
                          ▒██               ░░▒█████████ ░
                            ███            ░▒█████░██████▒
                            ███            ░▒████ ██████████░
                           ░██████░▒▒     ██████  ██████████████░▒
                  ░  ░████▓███████████████████   ▒██████████████████░
           ░ ▒▒ ▒████████████████████████████░░░▒▒████████████████████▒░
           ▒██▓██████████████ ██████████████▓▓   ████████████████████████▒
         ▒▓██████████████████ ████████████▒ ░   ███████████████████████▓░░ ░
        ▒████████████████████  ▓█████████▒▒    ████████▀   ▀███████████░█▒
       ▒▓████████████████▓███    ████████░     ██████▀─═════─▀█████████▒▒▒
      ░██████████████████████      ████       ██████▌  J·F·K  ▐████████▓▓▒
      ░▒█████████████████████    ▓█████      ███████─═════════─███████▓▓▒
     ░▒▒█████████████████████   ▒███████    ░███████    for    ████████▓▒
      ███████████████████████   ██████ █▓   ████████▌  Pres.  ▐███████▒  ░
      ▒█▓███████████████████    ░████  ▓█▓ ██████████▌─═════─▐███████▓▒
       █████████████████████    ████     ▒█████████████▄   ▄█████████▓▒░░
      ▒▓████████████████████   █████      ████████████████████████▒█▒▓ ░
       ░███████████████████▓  ██████      ████████████████████████░█░░
        ░█▓████████████████   ██████     ██████████████████████████▒
       ░▓██████████████████  ▒██████    ▒█████████████████████████▒
        ▒▒█████████████████  ███████    █████▒███████████████████░▒
         ▒▒▒██████████████▓  ███████   ▓█▒███████████████████████▒░
         █████████████████  ████████   █▒███████████████████████▒█▒
           ▒██████████████  ████████   ███▒█████████████████████▒▒
           ▓█▓█▓██████████ ▒████████  ███▒███▒█████████▓██████▓█
          ░ ▓█░███████████ ████████▒  ██▒▓██▓███████████████▒░█░
           ░ ▒████████████ ████████  ██▓░████████████████████░░
              ▒██████▓▒██ █████████  █░▓████████████████████▓
               ▒█▓█▓█▒▓██ ████▓████ ██▓▒████████████████▓█▓
                ▒░▒▓▓ ▒░█ ██████▒██ █░▒▒███████▒█████▓█▒░█▒
                 ▒     ░▒█████░████░██ ░▒▒████▓████▒███░ ▒
                   ░    ░███▒▒▒░▓███ ▒ ▒▒███▒▒▓█▒▒▓▒▒ ░
                 ▒       ▒▓▓▓ ▒░ ▓░░░░ ░░░░░█      ░
                         ░        ░     ▒░░ ░
 ▓▓▓▓▓▓▓▓▓▓▓▓▓▓▓▓▓▓▓▓▓▓▓▓▓▓▓▓▓▓▓▓▓▓▓▓▓▓▓▓▓▓▓▓▓▓▓▓▓▓▓▓▓▓▓▓▓▓▓▓▓▓▓▓▓▓▓▓▓▓▓▓▓▓▓▓▓▓
 ▓░░░░░░░░░░░░░░░░░░░░░░░░░░░░░░░░░░░░░░░░░░░░░░░░░░░░░░░░░░░░░░░░░░░░░░░░░░░░▓
 ▓░░███▓░█▓░█▓░░██▓░░███▓░░░░███▓░███▓░░███▓░░░░█▓░█▓░███▓░░███▓░░█▓░█▓░░██▓░░▓
 ▓░░░█▓░░█▓░█▓░█▓░█▓░░█▓░░░░█▓░░░█▓░░█▓░█▓░█▓░░░█▓█▓░░░█▓░░█▓░░█▓░█▓█▓░░█▓░█▓░▓
 ▓░░░█▓░░█▓░█▓░░█▓░░░░█▓░░░░█▓░░░█▓░░█▓░█▓░█▓░░░██▓░░░░█▓░░█▓░░░░░██▓░░░░█▓░░░▓
 ▓░░░█▓░░█▓░█▓░░░█▓░░░█▓░█░░███▓░█▓░░█▓░███▓░░█░██▓░░░░█▓░░█▓░░░░░██▓░░░░░█▓░░▓
 ▓░░░█▓░░█▓░█▓░█▓░█▓░░█▓░░░░█▓░░░█▓░░█▓░█▓░█▓░░░█▓█▓░░░█▓░░█▓░░█▓░█▓█▓░░█▓░█▓░▓
 ▓░██▓░░░░██▓░░░██▓░░░█▓░░░░█▓░░░░███▓░░█▓░█▓░░░█▓░█▓░███▓░░███▓░░█▓░█▓░░██▓░░▓
 ▓░░░░░░░░░░░░░░░░░░░░░░░░░░░░░░░░░░░░░░░░░░░░░░░░░░░░░░░░░░░░░░░░░░░░░░░░░░░░▓
 ▓▓▓▓▓▓▓░░░░░░░░░░░░░░░░░░░░▓▓▓▓▓▓▓▓▓▓▓▓▓▓▓▓▓▓▓▓▓▓▓▓░░░░░░░░░░░░░░░░░░░░▓▓▓▓▓▓▓
       ▓▓▓░░░░░░░░░░░▓▓▓▓▓▓▓▓                      ▓▓▓▓▓▓▓▓░░░░░░░░░░░▓▓▓      
███▓▓▒   ▓▓▓▓░░▓▓▓▓▓▓▓        ▓▓▓▓▓▓▓▓▓▓▓▓▓▓▓▓▓▓▓▓        ▓▓▓▓▓▓▓░░▓▓▓▓   ▒▓▓███
██████▓▒    ▓▓▓▓       ▒▒▒▓▓▓▓████████████████████▓▓▓▓▒▒▒       ▓▓▓▓    ▒▓██████
▓███████▓▓▒      ▒▒▓▓▓▓████████╔╧══════════════╧╗████████▓▓▓▓▒▒      ▒▓▓███████▓
 ▓█████████▓▓▒▒▓▓██████████████║  Release Info  ║██████████████▓▓▒▒▓▓█████████▓
  ▓██████████████████████████████████████████████████████████████████████████▓
   ▓███████████████████████████▓▓▓▓▓▓▓▓▓▓▓▓▓▓▓▓▓▓███████████████████████████▓
   ▓████████████████████▓▓▓▓▒░                    ░▒▓▓▓▓████████████████████▓
  ▓███████████████▓▓▓▒░                                  ░▒▓▓▓███████████████▓
 ▓███████████▓▓▒░         The Goldbergs - Season 1 Disc 2      ░▒▓▓███████████▓
▓████████▓▒░      ╤══════════════════════════════════════════╤      ░▒▓████████▓
██████▓░                                                                ░▓██████
████▓                                                                      ▓████
███▓         Release Date..: 09/12/14       Genre.......: TV Comedy          ███
██▓          Retail Date...: 09/09/14       IMDB Rating.: 7.7                ▓██
█▓           Theater Date..: TV                                               ▓█
█                                                                              █
             Disc Size.....: 4.36 GB        RAR Count...: 95                      
█            IMDB URL......: http://www.imdb.com/title/tt2712740/              █
██▓          Secondary URL.:                                                 ▓██
███▓▒                                                                      ▒▓███
█████▓▓▒                                                                ▒▓▓█████
▓███████▓▓▓▓▓▓▓▓▓▓▓▓▓▓▓▓▓▓▓▓▓▓▓▓▓▓▓▓▓▓▓▓▓▓▓▓▓▓▓▓▓▓▓▓▓▓▓▓▓▓▓▓▓▓▓▓▓▓▓▓▓▓▓▓███████▓
 ▓████████████████████████████████████████████████████████████████████████████▓
  ▓████████████████████████████╔╧══════════════╧╗████████████████████████████▓
  ▓████████████████████████████║    DVD Info    ║████████████████████████████▓
 ▓████████████████████████████████████████████████████████████████████████████▓
▓███████▓▓▓▓▓▓▓▓▓▓▓▓▓▓▓▓▓▓▓▓▓▓▓▓▓▓▓▓▓▓▓▓▓▓▓▓▓▓▓▓▓▓▓▓▓▓▓▓▓▓▓▓▓▓▓▓▓▓▓▓▓▓▓▓███████▓
█████▓▓▒                                                                ▒▓▓█████
███▓▒                                Source                                ▒▓███
██▓                           ┬──────────────────┬                           ▓██
█         [X] Retail            [ ] Rental            [ ] PDVD                 █
          [ ] Other: 
          [X] Region 1          [ ] Region 2          [ ] Region 3
          [ ] Region 4          [ ] Region 5          [ ] Region 6
          [ ] Region 7          [ ] Region 8
          [ ] DVD5              [X] DVD9              [ ] Double-Sided

                                    Standard
                              ┬──────────────────┬
          [X] NTSC              [ ] PAL
          [X] Widescreen        [ ] Fullscreen
          [X] Color             [ ] Black and White

                                     Video
                              ┬──────────────────┬
          [ ] Untouched         [X] Re-encoded        [9] Passes
                                [x] B=trate: 3045 Kbps        

                                     Audio
                              ┬──────────────────┬
          [ ] Untouched         [X] Partial Strip
          [ ] DTS               [X] Dolby 5.1         [ ] Dolby 2.0
          [ ] Mono              [ ] Commentary        [ ] Other: 

          [X] English           [ ] Spanish           [ ] French
          [ ] German            [ ] Dutch             [ ] Italian
          [ ] Russian           [ ] Japanese          [ ] Mandarin
          [ ] Other: 

                                   Subtitles
                              ┬──────────────────┬
          [X] English           [ ] Spanish           [X] French
          [ ] swedish           [ ] finnish           [ ] norwegian
          [ ] danish            [ ] polish            [ ] hungarian
          [ ] german            [ ] dutch             [ ] italian
          [ ] hebrew            [ ] greek             [ ] croatian
          [ ] portugese         [ ] russian           [ ] czeck
          [ ] icelandic         [ ] turkish           [ ] slovenia
          [ ] arabic            [ ] hindi             [ ] thai
          [ ] chinese           [ ] korean            [ ] japanese
          [ ] None
          [X] English SDH
                                  Extras
                              ┬──────────────────┬
          [ ] All Kept          [ ] Partial Strip     [X] None    
          [ ] Re-encoded        [ ] Passes            [ ] Bitrate:      Kbps


█                                                                              █
██▓                                                                          ▓██
███▓▒                                                                      ▒▓███
█████▓▓▒                                                                ▒▓▓█████
▓███████▓▓▓▓▓▓▓▓▓▓▓▓▓▓▓▓▓▓▓▓▓▓▓▓▓▓▓▓▓▓▓▓▓▓▓▓▓▓▓▓▓▓▓▓▓▓▓▓▓▓▓▓▓▓▓▓▓▓▓▓▓▓▓▓███████▓
 ▓████████████████████████████████████████████████████████████████████████████▓
  ▓████████████████████████████╔╧══════════════╧╗████████████████████████████▓
  ▓████████████████████████████║   Movie Info   ║████████████████████████████▓
 ▓████████████████████████████████████████████████████████████████████████████▓
▓███████▓▓▓▓▓▓▓▓▓▓▓▓▓▓▓▓▓▓▓▓▓▓▓▓▓▓▓▓▓▓▓▓▓▓▓▓▓▓▓▓▓▓▓▓▓▓▓▓▓▓▓▓▓▓▓▓▓▓▓▓▓▓▓▓███████▓
█████▓▓▒                                                                ▒▓▓█████
███▓▒                               Tagline                                ▒▓███
██▓                           ┬──────────────────┬                           ▓██
█                                                                              █
                               

                                  Plot Outline
                              ┬──────────────────┬


   Before there were parenting blogs, trophies for showing up, and peanut 
   allergies, there was a simpler time called the '80s. For geeky 11-year old 
   Adam these were his wonder years and he faced them armed with a video 
   camera to capture all the crazy.


█                                                                              █
██▓                                                                          ▓██
███▓▒                                                                      ▒▓███
█████▓▓▒                                                                ▒▓▓█████
▓███████▓▓▓▓▓▓▓▓▓▓▓▓▓▓▓▓▓▓▓▓▓▓▓▓▓▓▓▓▓▓▓▓▓▓▓▓▓▓▓▓▓▓▓▓▓▓▓▓▓▓▓▓▓▓▓▓▓▓▓▓▓▓▓▓███████▓
 ▓████████████████████████████████████████████████████████████████████████████▓
  ▓████████████████████████████╔╧══════════════╧╗████████████████████████████▓
  ▓████████████████████████████║  Ripper Notes  ║████████████████████████████▓
 ▓████████████████████████████████████████████████████████████████████████████▓
▓███████▓▓▓▓▓▓▓▓▓▓▓▓▓▓▓▓▓▓▓▓▓▓▓▓▓▓▓▓▓▓▓▓▓▓▓▓▓▓▓▓▓▓▓▓▓▓▓▓▓▓▓▓▓▓▓▓▓▓▓▓▓▓▓▓███████▓
█████▓▓▒                                                                ▒▓▓█████
███▓▒                                                                      ▒▓███
██▓                                                                          ▓██
█                                                                              █


           Ripped: FBI, commentary and other extras


                           
█                                                                              █
██▓                                                                          ▓██
███▓▒                                                                      ▒▓███
█████▓▓▒                                                                ▒▓▓█████
▓███████▓▓▓▓▓▓▓▓▓▓▓▓▓▓▓▓▓▓▓▓▓▓▓▓▓▓▓▓▓▓▓▓▓▓▓▓▓▓▓▓▓▓▓▓▓▓▓▓▓▓▓▓▓▓▓▓▓▓▓▓▓▓▓▓███████▓
 ▓████████████████████████████████████████████████████████████████████████████▓
  ▓████████████████████████████╔╧══════════════╧╗████████████████████████████▓
  ▓████████████████████████████║   Group Info   ║████████████████████████████▓
 ▓████████████████████████████████████████████████████████████████████████████▓
▓███████▓▓▓▓▓▓▓▓▓▓▓▓▓▓▓▓▓▓▓▓▓▓▓▓▓▓▓▓▓▓▓▓▓▓▓▓▓▓▓▓▓▓▓▓▓▓▓▓▓▓▓▓▓▓▓▓▓▓▓▓▓▓▓▓███████▓
█████▓▓▒                                                                ▒▓▓█████
███▓▒                  JFK is dedicated to releasing high                  ▒▓███
██▓                    quality DVDs for the enjoyment of                     ▓██
██░                      all movie buffs out there :-)                       ░██
██                             Enjoy the releases!                            ██
██                                                                            ██
██░             Buy them if you like them... some are worth it ;)            ░██
██▓                                                                          ▓██
███▓▒                               Needed                                 ▒▓███
▓████▓▒                         ┬────────────┬                           ▒▓████▓
 ▓█████▓▓▒                                                            ▒▓▓█████▓
  ▓███████▓▓▓▒▒                                                  ▒▒▓▓▓███████▓
   ▓███████████▓▓▓▓▓▓▒▒▒▒                              ▒▒▒▒▓▓▓▓▓▓███████████▓
    ▓████████████████████▓▓▓▓▓▓▓▓▓▓▓▓▓▓▓▓▓▓▓▓▓▓▓▓▓▓▓▓▓▓████████████████████▓
    ▓██████████████████████████████████████████████████████████████████████▓
    ▓██████████████████████████╔╧══════════════╧╗██████████████████████████▓
   ▓███████████████████████████║     Greets     ║███████████████████████████▓
  ▓███████████▓▓▓▓▓▓▓▒▒▒▒██████████████████████████████▒▒▒▒▓▓▓▓▓▓▓███████████ 
  ██████▓▓▓▒▒           ▒▒▒▒▒▒▒▓▓▓▓▓▓▓▓▓▓▓▓▓▓▓▓▒▒▒▒▒▒▒           ▒▒▓▓▓███████ 
 ████▓▓▒                                                              ▒▓▓█████▓
▒████▓▒                             ToF    OSiTV                       ▒▓█████▓
█████▓▒                                                                ▒▓██████▓
████▓▒              ▒▒▒▒▓▓▓▓▓▓▓▓▓▓▓▓▓▓▓▓▓▓▓▓▓▓▓▓▓▓▓▓▓▓▓▓▒▒▒▒              ▒▓████
███▓           ▒▒▓▓▓████████████████████████████████████████▓▓▓▒▒           ▓███
██▓          ▒▓██████ ┌──────────────────────────────────┐ ██████▓▒          ▓██
█▌       ▄▄▄█████████╒╪══╡ To Those Who Do It Right ! ╞══╪╕█████████▄▄▄       ▐█
█             ▀▀▀█████└──────────────────────────────────┘█████▀▀▀             █
▌                   ▀▀████████████████████████████████████▀▀                   ▐
▌                                                                              ▐
