        
                                                 ▐░  ▄▄▌▓  ▓▓                  
                             ▓▄▄▄    ▄▓     ░░▄▄██▄███████████▓▓░░             
              Drunk,        ██████  ▐█▌░     ▓▓▀███████▀▓▓▓                    
                          ░███████▌▐███   ██    ██ ▐███                        
                but       ▐███▀▐▀▀▄████░▐██▌░  ▐█▌ ███▌                        
                still.. ▐███▓     █████░████▌  ██ ▐██▌                         
                        ███▓    ░▐██▐██▐█████ ▐██ ███                          
             ▄▄▄▄▄▄▄▄▄ ▐██▌░   ░▐██▌▐██▐██▐██▌██▌▐██▌░ ▄▄▄▄▄▄                  
            ▐░░░░░░░░░ ███    ▓▓███▄█████  █████▌▐██▓  ░░░░░░▌                 
            ▐░        ▐██▓  ▄████████████  ▐████ ▐█▌        ░▌                 
            ▐░        ▐██░▄██  ██   ▐█▌█▓   ▐██▌ ▐█▓        ░▌                 
            ▐░        ▐██▄██   █▌    ██     ▓▀▀  ██░     ▄▄░░▌                 
            ▐░         ▀██▀░▄▄██████▄▄▄▄▄▄▄▄▓ ▓▓ ░   ░▓▀▀▀▀ ░▌                 
            ▐░             ▓  ▓▓█▀▀▀████████████▓░░         ░▌                 
            ▐░ C B F M        ▄██░  ▐██▀███▀▓▓▓             ░▌                 
            ▐░              ░▐███░▓▄██▌▐███                 ░▌                 
            ▐░ Presenting   ░▐███████▀░▐██                  ░▌                 
            ▐░             ▓███████▀ ▓████▄▄▄▄              ░▌                 
            ▐░             ░▐███████▄▓▐█████▀▀▓▓            ░▌                 
            ▐░              ▐██ ▀█████▐██                   ░▌                 
            ▐░              ██▓ ▄▄██████▄▄▄▄▄▄▓▄▄▄          ░▌                 
            ▐░             ▐█████████████████████▀▀▀        ░▌                 
         ░▓▓▄▄▄▄▄▄▄██▄▄▄█▄▄███▀▀▀▓  ▀███▀▀▀▀▓                                  
          ░██████████████▀▀▀▓▓░  ░    ▄██▄    ▄    ▄▄▄▄▄▄▄▄▓▓▄█████▄▄          
            ▀▀▀▀███▌     ▄▄▓    █    █████▌ ▄██   █████████████▓██████▄        
               ▐███▓    ▐██▌   ██  ▐████▀█▌▐███ ▄███▀▓▐███▓▓    ▐██████▄       
              ░███▌     ▐█▌   ███ ▄████▓▐█▌███▌▄███▀  ▐██▌   ▌  ▐██▌ ███▌      
              ░███░     ██░   ██▌▄████▓ ▀▀ ███████▓   ███       ███   ██▌      
           ▄▄███████▄█████   ▐███████▌  ▄▄▄█████▓   ▄████▄▄▄▓  ▐██▌  ███▓      
           ▐██████████▀██▌   ███▓███▀  ▓▐█████▄▓     ██████▀▀▓ ███ ▄███▌       
            ░███▓     ▐██   ▐███▐██▌     █████████▄  ██▌      ▐██░▄███▀        
            ░██▌      ▐██   ███▌▐██    ▄████▀▀▀███████▌▄▓▄▄▄▄▄██████▀▓         
           ▓▐█▌        ██▓ ▄███ ███ ▄▄██▌▐██    ░ ███████████████▀▀▓           
            ██▌        ▐██████▓ ▐██████▀  ██     ▓ ▀██▀▀▀▀▀▓████▀              
            ██          ▓▀██▀▓   ▀███▀░      ▐▄▄▓▓  ▓▓▓                        
           ▐█                   ▄██▌  ░███▄▄███████████▓░░░ ░▌                 
           ▐            ░       ███▌  ▐███████████▓▓▓▄ ▓░   ░▌                 
           ▓           ▐█▌      ███  ▐███   █████████████▓▓░░▌                 
          ░ ▐░        ▄███     ███▌ ▓████  ▐███ ▓███▀▓      ░▌                 
            ▐░       ░████    ████  █████  ▐██▌  ███        ░▌                 
            ▐░       ░████▌ ▄████▌  █████  ███  ▐██▌        ░▌                 
            ▐░       ░████▌▐█████  ▐██▐██ ▐███ ████▄▄▄▄     ░▌                 
            ▐░  ░    ▐██████████▌ ▐██▌▐██ ▐██ ▓▐█████▀▀▓░   ░▌                 
            ▐░      ░▐██▀███▀▐██▓▓███▄███▄███  ▐██░         ░▌                 
            ▐░       ██▌ ▐█▀ ▐███████████▀██▌  ██▓▄▄▄▄▄▓▄▄▄▓                   
            ▐░      ░██▌ ░▓  ██░ ██    ██ ██▀█████████████▀▀▀░  ░              
            ▐░      ░█▀      █▌  █▌    ██ ██▓▀███▀▀▀▀▀                         
            ▐░       ▓       █  ▓▀     ▐█ ██  ▓             ░▌                 
            ▐░           ▄██▄░          ▌ █▓                ░▌                 
            ▐░   ░     ▄░ ▓  ░▀█▄▄▄▄▄░    ▌        ░        ░▌                 
            ▐░       ▄▀▓▄▄▄▄▄▄▄▄▄▄▄▄▄▄▓░ \/░           ░    ░▌                 
            ▐░      ▄▓ ███████████████▓▄ /         ░        ░▌                 
            ▐░     ░  █████████████████▓█          ▒        ░▌                 
            ▐░     ▐ ███████████████████▓         ░▓░       ░▌                 
            ▐░     ░░██████▌░▓▀░░▀██████▓▌    ░ ░▒▓▓▓▒░ ░   ░▌                 
                    ▓▐██▀░▐█▀░░   ▐█████▌▌        ░▓░       ░▌                 
         ▄▀▀░       ▒████░████▄   ▐█████▌▌         ▒        ░▌                 
       ▓█▓▄▓        ▐████▒▀████░░░▒▄████▓░         ░        ░▌                 
    ▄▄▒▓░▐▓░▐░    ░███████▄▓█▄▬ ░▒██████▓                   ░▌                 
  ░▀▓▀░▄█▓░ ▐░    █████████▄░░ ░▒▒▒████▀   ░       ░        ░▌                 
 ░   ▓██▌█▓ ▐░   ▐███████████████▌ ███▌                ░    ░▌                 
 █▒  ▓▀▀▀█▌ ▐░    ░█████████████▀░ ░▒▓                      ░▌     ▄▄▓▄        
▐██▌░  ▓▄█▌ ▐░      ░▀█████████░    ░░▓▓▓▓▒▀▀▀▄             ░▌    █▓ ░░▓▄      
▐███▄   ░▌  ▐░ ░       ░░███▀▀ ░░    ░   ██▒█▌ ░░ ▀▄▄░      ░▌  ░▄█▓░ ░░░▓     
▐████████▓  ▐░         ▄▄██░░  ░ ░░  ░░ ░████▌  ░░░  ▓▄░    ░▌  ▒██▄▓▀▒▓▄▓     
▐███████░   ▐░     ░▄▄█▓█▀░░   ░░░░░  ░ ▐▒████ ░░    ░ ▀    ░▌ ▐█████████░▄▄   
▐███████    ▐░  ░▄▒▀▀█▒█▓▓ ░░    ░░     ▐▒████▌ ░░░    ░░▄▄ ░▌ ▒██████▀░ ░ ▓▀░ 
▐█████▀██   ▐░ ▄░     █▓▓▒▓░ ░░░  ░  ░  ▐▒▒▒███░▄░░   ░ ░░▒▄░ ▒█████░░░ ▓▀▓░░▄ 
▐█████ ▓█▌  ▄▓   ░   ░░██░██░ ░       ░ █▓▒▒███▌▐██▒   ░   ░▀░▓█████████▄▄▄░▒▒ 
 █████▒▓▀█▄▓▓ ░       ▓█▒▓▓▒█▄     ░  ░██▓▓█████░███▄░▒░░░░ ░  ███▀▀█████▀░ ░▒ 
 ██████▓░    ░     ░ ░▓██▒██░██▄▄░░░░▒████▓█▒███████████▄     ░▀████████▓▀▓ ▓▓ 
 ▐█████▓▓░░      ░▓▓▓▄███▒▒███████████████████████████████▄▄░░░░████████████▓░ 
░ ▓█████▒▒░    ░▒▄███████▓▓████████▓███████████████▌▐████████▄▄█████████████▓  
   ███████░░ ▒▒▓███████████▓▓██████████████████████▓ ▒▒████████████████████▓   
  ░████████▄▄█████████████████████▓████████████▒███▌   ░▓▀█▀█████████████▒     
   ░█████████████▀█████████████████████████████████▓        ░▓▓▀▀██▀▀▀▀▓       
     ▀▀█████████░ ▀██████████████████████████░█████▒                           
        ░░░░░ ░    ░██████████▒███████▒▒████████▒███░       ░▌                 
                    ░▒█████████████████████████████▓▓ ░     ░▌                 
            ▐░       ░▐████████████████████████▒█▒▒█░       ░▌                 
            ▐░        ▓▐████████████████████████▒▓▓▒░░      ░▌                 
            ▐░        ░████████████████████████████░░░      ░▌                 
            ▐░   ░     ▐████████████████████████▒██▒▒░      ░▌                 
            ▐░         ▓████████████████████████████░░░     ░▌                 
            ▐░          ████████████████████████▒████░▒░    ░▌                 
            ▐░          ██████████████████████████████▒░    ░▌                 
            ▐░       ░  ████████████████████████████▀       ░▌                 
            ▐░   ░     ▐████████████████████████▀▀▀         ░▌                 
            ▐░         ▄███████████████████▀▀░░ 100+        ░▌                 
            ▐░         ▓▀▀▀▀█████████▀▀░░                   ░▌                 
            ▐░               ▓░▀▀▀▀░             ░          ░▌                 
            ▐░    ░                                        ░░▌                 
            ▐░                                ░             ░▌                 
         ──────────────────────────────────────────────────────────            
        ▓                                                          ▓           
                The.Front.Bar.2017.05.11.720p.HDTV.x264-CBFM                   
        ▓                                                          ▓           
         ──────────────────────────────────────────────────────────            
            ▐░                                              ░▌                 
            ▐░                    info                      ░▌                 
         ──────────────────────────────────────────────────────────            
        ▓                                                          ▓           
          Duration ..........: 44mn 5s 
          Size ..............: 1.13 GiB 
          Quality ...........: x264 50.000 FPS / 3 285 Kbps (crf=20) 
          Resolution ........: 1280x720 
          Audio .............: AC-3 2.0 
          Bitrate ...........: 48.0 KHz / 384 Kbps 
        ▓                                                          ▓           
         ──────────────────────────────────────────────────────────            
            ▐░    ░                                        ░░▌                 
            ▐░                    notes                     ░▌                 
         ──────────────────────────────────────────────────────────            
        ▓                                                          ▓           
        
        
         Interested in Ripping Australian TV?  (Free To Air/Foxtel)            
            Have at least ~200kbs upload? (cable/hfc/nbn/4g etc)               
        ▓        Then let us know at.. cbfmate @ tuta.io           ▓           
         ──────────────────────────────────────────────────────────            
            ▐░                                              ░▌                 
            ▐░░░░░░░░░░░░░░░░░░░░░░░░░░░░░░░░░░░░░░░░░░░░░░░░▌                 
             ▀▀▀▀▀▀▀▀▀▀▀▀▀▀▀▀▀▀▀▀▀▀▀▀▀▀▀▀▀▀▀▀▀▀▀▀▀▀▀▀▀▀▀▀▀▀▀▀                  
           ░▓▄▄▄▄▄▄▄▄░                                       ▄                 
           ░█████▀▀▀▀▓▓  ░▓  ▄███  ▄▌ ░██▄   ▄  ▄██████▄▄▄  ░█▓                
             ▓▐█▌   ▐█▌  █▌░▄████▓██▌▄██▀   ██▓ ██▓▐██▀▓░  ▄██▓                
             ░██░  ░█▌  ██ ▄██▀▐█▐█████▀    ▐█▓██▌ ▐█▌    ▐███▌                
           ▄▄███▄▄███▓ ░██▐██▌ ▓▓████▀       ███▌ ▄██▄▄▓  ▐███                 
            ▀██▀▀▓▓██  ▐████▀  ▀████▄▓░     ░███ ░▐██▀▀▀░▐█▌▐█                 
            ▐█▌   ░█▌  ██▌██  ░▓███▀███▄▄   ░██▓ ░██  ▓▓▄█████▓░               
           ░█▌     ██ ▄██▐█▌░▄█▀▐█▓   ▓▀▀▓▓ ▐█▌ ▓█████████▀▀▐█                 
           ░█      ░████  ████▀ ▐█         ▓█▌▓  ▐▀▀▓▓ ░▐▀   █                 
           ▐▓       ░▓▓    ▓     ▓         ▐█▓          ▓    ▐                 
          ░▓                  C B F M 2o17 ▐▌          ░     ▓   
