███████████████████████████████████████████████████████████████████████████████
██████████████████████████████████████████████████████████████████▀████████████
█████████████████████████████████████████▀███████████████▀███████▄ ▄███████████
████████████████████████████████████████▄ ▄████████████████████████████████████
███████████████████████████████████████████████▀███████████████████████████████
███████████████████████████████████████████████████████████████████████████████
█████████████████████████▀█████████████████████████████████████████▀███████████
████████████████████████████████████████████████▀▀▀ ▄▄▄ ▀▀█████████████████████
██████████████████████████████████████████▀▀ ▄▄▄▄████████▄ ▀▀██████████████████
██████████████████████████████████████▀▀ ▄▄█████████████████▄ ▀████████████████
███▀████████████████████████████████▀ ▄███████████████████████  ▀██████████████
███████████████████████████████████▀ ███████████▓██████████████▄ ████████▀█████
██████████████████████████████████▀ █████████▓██████████▒███████ ▐██████▄ ▄████
████████████████▀█████████████████ █████▓███▒▒▒██████████▓▒█████▌ █████████████
█████████████████████████████████▌ ████▓███▓▓▓████████▀  ████████ ▐████████████
██████████▀██████████████████████▌ ███▓▓██▓▓███████▓█▌    ▀██████▌▐████████████
█████████▄░▄██████████████████████ ██████▓▓████▒█████▌  ▄▄▄▐█████▌▐████████████
██████████████████████████████████ ▐████▓▓███████████  ██▀▀▀█████▌▐████████▀███
██████████████████████████████████▌ ████▓███████████  ▀ ▄▄███████ ▐████████████
███████████████████████████████████▌ ▀███████▓████▀   █▀██▄█▐███▌ ████▀████████
█████████████████████████████████████ ▐█▓███▒███▀    ▐█▌ ▀▀▄████▌ ███▄ ▄███████
█████████████████████████████████████▌ ███████    ░ ░  ▀█████████ ▐████████████
██████████████████████████████▀██████ ▐██▓██▒     ▀ ▀     ▐██████▌ ████████████
█████████████████████████████████████▌  ███▄      ▄▄▄▄     ███████ ▄ ██████████
█████▀█████████████████████████████████▄▐▀▌▀▄    ▀ ▄▄ ▀   ▄██████     █████████
█████████████████████████████████████▀▀  ▄▄▄██▄  ▀▄▄ ▀  ▄███▀▀▀   █████████████
███████████████████████████▀████████▌ ▄█▀▀░ ░ ██▄  ▀ ▄█████▄▓▀▀█▄ ▐████████████
████████████████████▀█████▄░▄███████▌▐█ ░  ░░▐▌█▌▀▀▀██▀▓█▓▓▓   ▓█▌ ███████▀████
████████████████████████████████████ █░   ░  ▐▒▀█▄▄▄█░▄█▓▓      ▓█ ▐███████████
████████████████████████████████████ █ ░  ░ ▒▄█▄▄ ▀▀ ▄▓▓▓        ▓▌▐███████████
████████████████████████████████████▌▐░ ▐▄▄████████████ ▓         ▌ ███████████
████████████████████████████████████ ░█▄██████▀ ░▐█████▌ ▄        █ ███████████
██████████████████████████████████▀ ▄▄██▓██▀   ░░███▓███▌▀▄       █ ███████████
█████████████████████████████████ ▄███▓██▀  ░ █▀ ▐█▓█████░ █      ▌ ███████████
████████████████████████████████▌ ███▓█▀░   ░█ ░ ▐███▒█▓██░ █    ▐▌▐███████████
███▀█████████████████████████████ ▓███▀░    ▐▌░  ▐█▒███▓▒█▌ ▐▓   █ ▐███████████
██▄░▄████████████████████████████ ▐██▌      ▐     █▓▓███▓█▌ ▐▒  ▄█ ████████████
███████▀█████████████████████████▌ ██       ▐▌    █▒█▓▓███▌ █▒ ▓█▌ ████████████
██████████████████████████████████ ▐█░  ▄    █░░   ██▓█▓▓███▒  ▓█ ▐████████████
▀▀▀▀▀█████████████████████▀███████▌ ▐███▀    ░█▄░ ░░█▓▒▓▓██▌▒ ▓█▌ █████████████
█▀██▄▄▄ ▀▀█████████████████████████▌ ▐█      ░ ▀▀▄▄░░████▀▒   ▓█ ▐█████████████
░░    ▀██▄▄▄ ▀▀█████████████████████▄ ▐▌  ░   ░    ▒▀▀  █▒    ░█ ▐█████████████
░░░░░░     ▀██▄▄▄ ▀▀█████████████████▌▐▌ ░█░ ▄░         █▒    ▐▌ ██████████████
░░░░░░░░░░░     ▀██▄ ▀▀██████████████ ▐█▀░█░░ ▀▒     ░░▐█▒▒   ▐ ▐██████████████
░░░░░░░░░░░░░░░░░ ▀███▄ ▀███████████▌ █  ▐▌     ▀▄▄    ██▄▒░  █ ███████████████
░░░░░░░░░░░░░░░░▄██▀▒░▓█▄ ▀▀███████▌ █   ▀            ▄████▒░▐▌▐███████████████
░░░░░░░░░░░░░░░░▀░░▄██▀▀▀▀█▄ ▀████▀ ▐▌ ▄▀            ▄███▒▒░ █ ▐███████████████
░░░░░░░░░░░░░░░░░▄█        ▒█▄ ▀▀ ▄█▀ ▄▀           ▄███▒▒░░  █ ████▀███████████
░░▄░░░░░░░░░░░░░█▌            ▀▄ █           ▄▄▄▄███░█▒▒░░   █ ███▄░▄██████████
░░░█▄░░░░░░░░░░░█               ▀██      ▄▄█▀░░░░░░░░█▒░░   ▐▌▐████████████████
▄░░░▀█▄░░░░░░░░▐▌               ▐░██▄▄█▀▀░░░░██████░▐█░░    ▐▌▐████████████████
██▄░░▀██▄░░░▄█░▐█       ░      ▐█░░░▀░░░░░██▀▀    ██▐▒▒     █ █████████████▀███
▀▀▀▀▀▀▀ ▀██████▄█       ░      █░░░░░░░██▀▀       ░██▒░    ▐▌ ████████████▄░▄██
████████▄▄▄▄▄ ▀▀▀▀▀▄▄▄▄▄▒   ░ ▐█░░░░░░█▀           ▐█▒░    █ ▀█████████████████
██████████████████▄▄▄▄ ▀▀█▄▄▄  █░░██▀▀             ▒█▒    ▐█▄▄▄ ▀▀▀▀▀▀▀████████
████████████████████████▄▄▄ ▀▀ ▐██▀                ▒█    ▄▌    ▀▀▀▀▀▓█▄▄▄ ▀▀███
██████████████████████████████ ▐░                  ▒█    █              ▀▀█ ▀██
▀▀▀▀▀████████████████████████ ▐▌                   ██   █▌                ▐█▄ ▀
▀▀▀▀▄▄▄▄▄▄▄▄▄ ▀▀████████████▌ █      ░         ▄ ▄███  ▐▌             ▄█ ░ ███▄
           ▀▀▀▀▄▄▄▄▄ ▀▀█████ █                 █▀▀ █▒  █            ▄▓▀   ▐█▀▀▀
  ▄  ▄   ░        ▓██▀ ▄██▀▀▐▌                ▐▌ ▄▄█   ▌             ▄▄▄█▀▀    
 █▄█ ▄▄▄ ▄▄▄  ░   ▀█▄▄ ▀▀▀ ▓█                 ▐▀██▄    █         ▄▄█▀▀         
 █ █ █▄  █▄ ▄ ▄  ▄    ▀▀▀▀ █              ░   █ ▄ ▀▌ ▀  █      ▄█▀             
 ░ ░ █   █  ▄ █▀▄█ ▄ ▄▄▄  ▐█▄█▀▀▀██▄▄▒       █ ▐██ █ ▐  ▐▌  ▄▄█▀              ▒
     ░   ░  █ ░  █ ▄  █ ▄ █░░░░░░░░░▀██▄  ▒ ▐▌ ███▌▐▌▐█ █ ▄█▀█░                
  ░    ▄    ░    ░ █  █  ▐█▀▀▀▀▀▀▄▄░░░▀▀█▄ ▄▌▄████▌ ▌▐█▌█ ▄▄ ▐██▄      ░    ▒  
▄         ▐█▄▄▄▄      ░  █▄▄▄▄▄▄▄ ░▀░░░░░█▄█ █▀ ▀██ █▐▌██ ███ █▄ ▀▀▄▄    ░   ▒ 
 ▀▀▀▄▄▄    █ ▄▄ ▀▀▀▀▄▄▄ ▐█▀    ░░▀▀▄░░░▐█▄█ ▐█ ▀▄▄  ▐█ ▐▌▄███ █ ▀▀▄  █    ░    
███▄▄ ▀▀▀▀▀█▌ █████▄▄▄▄ ▐   ░░░░░▀░░░░░░░█ ▄███▄ ▀▀█▄▄   █▀██ █▀▄▄ ▀▀█▌▄▄   ░  
██████████▄ ▀ █████████ █  ░░░░░░░░░░░░▐█ ▐█ ▄▄       ▀█▄▄  ▀ ▐▄  ▀▀▄█▌▓██▄    
█████████████▄▄████████ █ ░░░░░░░░░░░░░█  ██▄ ▀▀▀▄▄▄▄    ▀▀▀  █ ▀█▄▄▄█▌░▓▓██   
██████████████████████▌ ▌ ░░░░░░░░░░░░█  ███████▄▄▄ ▀▀▀▄▄ ▄█▌ █▄    ▀█▌░▒▓▓██  
██████████████████████▌▐▌ ░░░░░░░░░░░█  ██████████████▄▄▄ █▌ █▀ ▀▀▀▄██▌ ░▒▓███ 
▄▄▄ ▀▀▀▀██████████████▌▐▌ ░░░░░░░░░▄█  █▀▀ ▄▄▄▄▄▄ ▀▀▀█████▀ ██▀▀▄▄  ██  ░▒▓▓██▌
▄ ▀▀▀▀▀▄▄▄▄ ▀▀▀▀██████ ▐ ░░░░░░░░░░█  ▀▒▄▀▀▀▀▀▀▀▀▀██▄▄ ▀▀▀ ██     ▀██▌░▒▓██████
█████▀    ▀▀▀▀▀▄▄▄▄ ▀▀ █ ░░░░░░░░░█ ▄▌█▀             ▀▀▀█░▐▀▀▀█▄▄▄██▌░▒▓▓█████▀
█████ ▓█▀▀▀▀█▓ ▄▄ ▀▀▀▀ █ ░░░░░░░░▐ ▐█▌█ ▀▄               ▀██▄▄▄▄▄▄█▌▄▓▓█████▀  
████▌ █      █ ▐█████ ▐▌ ░░░░░░░▐█ ▀▀ ▀█▄ ▀▄░  ░       ▀█▓▀█▒           ▀▀    ░
████ ▐▌      ▐▌ ███▓██▐▌ ░░░░░░░█▀█ ▀▄▄ ▀█▄▄▀▄          ░▀█ ▀█▄           ░  ░ 
███  █        █ ▐██░▀▓▐▌▒░░░░░░░▐▌░▀▄  ▀▀▄▄████▄               ▀▄▄▄            
█ █ ▐▌        ▐▌ ██  ░ █▒░░░░░░░░▀░░ █▄       ░▀██▄▄               ▀▀▄▄▄       
█ ░ █          █  █ ▄▄▄▄█▒░░░░░░░░░░░░▀█ ▀█        ▀▀█▄▄▄         ░  ▐████▄    
▓  ▐▌          ▐▌ ▓ █████▄▒░░░░░░░░░░░▓░█ ▀▐████▄ ██▌   ▀▀▀▀█▒█▄▄▄▄▄▄█▀▀▀▀ ▄███
░  █            █ ░ ███████▄░░░░░░░░░░░░░█ ▐█████▌███ ▀ ███▄▄▄▄▄▄▄▄ ▄▄▄██▌█████
  ▐▌    ▄       ▐▌  ████████▌▒░░░░░░░▒░░░▀█▐█████████ █ ▐█████████▌ ▐█████████▌
  █    ▐█▄       █  ████████▌█▒░░░░░░░░░░░▐██████████ █▌▐█████████▌  ▀███████▀ 
 ▐▌    █ █       ▐▌ ▐█████▄▄▄ █▒░░░░░░░░░░░██████████ ██ ▄ █████    ░ ▐█████▌  
 █     ▀▀         █ ▐████████▌ █░░░░░▒░░░░░▒█████████ ████ █████  ░ ░  █████   
 ▓                ▐▌ █████▀   ▄ ▀▄░░░░░░░░░░▐███▐████ ████ ▐███▌  ░    ▐███▌ ░ 
▐▌                 ▓ █████    ██▄ █░░░░░░▒░░░███ ▀███ ████▌▐███▌  ▒    ▐███▌ ░ 
████▀ ▀ ▀▀██████████ ████▌ ░  ███▌ █░░░░░░░░▒▐██   ▀█ ████▌▐███▌  ▓    ▐███▌ ░ 
    ▄████▄                 ▄        █▄░░▒░░░░▒█       ████▌       █          ▓ 
  ▓▒████████████████     ▄████▄      █▒░░░▒░░░▒█  e!  ▓████ ▀     ▄  ▄▄     ▄▄ 
 ▐▒███████████████ █▌   ▓███████      █▒░░▒▓▒░░█▌     ░▒     ▐▌▀ ▀█▀ ▐███████▌ 
 ▓█▓██████████████▌▐█  ▐▒███████▌      █▒▒▒▒▒░▒▒█      ░    █▐▌█     ▐█░█████▌ 
 ▓████████████████▌▐█  ▓▒▒███████ ▓▓▒░  ▀█░▒▓▒▓░▓█▄      ▄█▌█▐▌█  █  ▐█░█████▌ 
 ▐▒███████████████ █▌  ▐▒▒▓█████▌        ▀█░▒▒▒░▒████▄  ███▌█▐▌█  █   █░█████  
  ▓▒█████████████▀██    ▓▒██████          ▀█░▒▓▒▒▓█▓▓██ ▀▀█▌█  █  █   █░█████  
   ▓▒██████████████  ▄   ▀████▀   ▄▄▄▄▄▄   ▐██▓▀▄██▒█▓█▌    █  █  █   █░█████  
  ▄  ▓███████████  ▄████▄   ▀   ▓▒░▄██████  ███▓▓▒▓▓▄▓██▄   ▓  █  ▓   █░█████  
 ▀▓▀   ▀▀████▀▀   ▓███████     ▓▒░█████████  ▀██▒▓▓▓▓▓▓▓█▄  ░  █  ░   █░█████  
       ▄  ▄      ▓▒████████   ▓▒░███████████   ▀██▓█▓▓██▓█▌    █      █░█████  
      ▀▓▀ █     ▐▒▒▓███████▌ ▐▓▒░███████████▌    ▀███▓▀██▓█    ▓      █░█████  
          █      ▓▒▒███████  ▐▒░██████████▄█▌      ▀██▓█▀▓█▌   ▒      █░█████  
          ▓       ▓▒██████   ▐▓▒░███████████▌        ▀█▓▓▓██   ░      █░█████  
          ░    █▄  ▀▓███▀  ▄  ▓▒░███████████           ▀███    ░      █░█████  
 ▄▄██████▄ ▄██████▄▄    ▄███▓  ▓▒░█████████  ▄█▀▀ ▀  ▀    ▀    ░      █░█████  
███████████████ ▀▀████████▀██▄  ▓▒░▀██████  █▀                        █░█████  
███                 ▀▀▀▀    ▀██▄▄ ▀▀▀▀▀▀  ▄██                         █░█████  
██▌                           ▀▀███████████▀                          █░█████  
██  ENLIGHTEN YOURSELF WITH:      ▀▀▀▀▀▀                              █░███░█  
██                                                                    ▐█░███▌  
██  Casualty.S22E32.WS.PDTV.XviD-AFFiNiTY                              ▀█▓█▀   
██                                                                   ░   ░   ░ 
██▌                                                                  ▒       ▒ 
███                                                                  ▓       ▓ 
█▓██▄                                                                ▄▄     ▄▄ 
 ▒███▄ ▄▄▄ ▄▄▄ ▄   ▄▄▄ ▄▄▄ ▄▄  ▄▄▄                                   ▐███████▌ 
 ░████ █ █ █▄  █   █▄  █▄█ █▄▄ █▄                                    ▐█░█████▌ 
 ░████ █▀▄ █▄▄ █▄▄ █▄▄ █ █ ▄▄█ █▄▄                                   ▐█░█████▌ 
 ░███▌      ▄  ▄ ▄▄▄ ▄▄▄ ▀                                            █░█████  
 ░███▌░▒▒▓▓ █▀▄█ █▄  █ █ ▀▀▀▀▀▀▀▀▀▀▀▀▀▀▀▀▀▀▀▀▀ ▀                      █░█████  
 ░███▌      █  █ █   █▄█                                              █░█████  
 ░████                                                                █░█████  
 ░████  --Release Details                                             █░█████  
 ░████                                                                █░█████  
 ░████  Release Date ....:  05/04/2008                                █░█████  
 ░████  Air Date ........:  05/04/2008                                █░█████  
 ░████                                                                █░█████  
 ░████  Duration ........:  ~50 mins (350MB)                          █░█████  
 ░████                                                                █░█████  
 ░████  Info/URL ........:  http://www.tvrage.com/                    █░█████  
 ░████                                                                █░█████  
 ░████                                                                █░█████  
 ░████                                                                █░███░█  
 ░████▌                                                               ▐█░███▌  
 ░▀▀▀██▄                                                          ▄    ▀█▓█▀   
       ▀▀▀▀▀▀▀▀▀▀▀▀▀▀▀▀▀▀▀▀▀▀▀▀▀▀▀▀▀▀▀▀▀▀▀▀▀▀▀▀▀▀▀▀▀▀▀▀▀▀▀▀▀▀▀▀▀▀▀██ ░   ░     
       ▄▄▄ ▄                                                      ▐█ ░         
  ▄▄▄██▀                                                           █ ▒       ░ 
 ▓████                                                             ▓ ▒         
 ▒████  --Release Notes                                            ▒ ▒       ░ 
 ░████                                                             ░ ▓       ▒ 
 ░████    We're still looking for a couple of sites, find us if      ▓       ▓ 
 ░████    you have anything to offer.                                ▄▄     ▄▄ 
 ░████                                                               ▐███████▌ 
 ░████                                                               ▐█░█████▌ 
 ░████                                                               ▐█░█████▌ 
 ░████                                                                █░█████  
 ░████                                                                █░█████  
 ░████                                                                █░█████  
 ░████                                                                █░█████  
 ░████                                                                █░█████  
 ░████                                                                █░█████  
 ░████                                                                █░█████  
 ░████                                                                █░█████  
 ░████     We're looking for the usual.. the moon on a stick. Find    █░█████  
 ░████     us if you think you're good enough.                        █░█████  
 ░████                                                                █░█████  
 ░████                                                                █░█████  
 ░████▌                                                               █░█████  
 ░▀▀▀██▄                                                              █░█████  
       ▀▀▀▀  ▄▄▄     ▄▄▄                                              █░█████  
       ▄▄▀   ▌ ▀▀███▄▄▄ ▀▀▀▄▄                                         █░█████  
  ▄▄▄██▀     █▓▄██████████▄▄                                          █░█████  
 ▓████       █████████████████▄▄                                      █░███░█  
 ▒████       ▐▓█████████████▀ ▄██▄                                    ▐█░███▌  
 ░████       ▐█▓██████████▀ ▄███████▄                                  ▀█▓█▀   
 ░████        █▓▒███████▀ ▄███████████▄                         ▄        ░     
 ░████        ▐█▒░████▀ ▄███████████████▄                     ▄████▄           
 ░████         █▓▒░░█  ███████████████████▄                  ▓█▀█████          
 ░████          █▓▒▐ █▄█████████████████████▄               ▓▒████████         
 ░████          ▐▓▓█░░▀████████████▀▀█████████▄         ░▒▓▐▒▒▓███████▌▓▒░     
 ░████▌          █▐▌░░░░████████▀      ▀████████▓           ▓▒▒███████         
  ░████     ▄    ▐█▓▒░░░░▀████▀    ▄    ▐████████▄           ▓▒██████          
   ░████  ▄████▄  ▐█▓▒░░░░░░██  █▄ ▀█▄   ██████████▄   ▄      ▀▓███▀           
         ▓█▀█████  ▐█▓▒░░░░░▐▌   ▀█▄ ▀█  ▐███████████▄  ▀▄                     
        ▓▒████████  ▀█▓▒░░░░▐▌     ▀█▄   ▐███████████▀█▄                       
    ░▒▓▐▒▒▓███████▌▓ ▐█▓▒░░░░█▄ ▄    ▀   ██████████ ▄████▄▄▄▄▄                 
        ▓▒▒███████    ▐█▓▒░░░░█▄▄     ▄▄███████████ █▓   ░▒▀▀▀█▄               
         ▓▒██████      ▀█▓▒░░░░░███▄███████████████▌ █▓        ░█▄             
          ▀▓███▀        ▀█▄▒░░░░░░░░████████████████ ▐▓        ░ ██            
                          ▀█▒░░░░░░░░████████████████ █▓          ▀█           
                            ▀█▒░░░░░░░▀███████████████ █▓          ▒█▄         
                              █▄░░░░░░░░▀█████████████▌▐███▓██▄    ░▒█▄        
                               ▀█▄░░░░░░░░████████████▄█    ▓▒▀█▄    ▒█        
                                 ▀█▄░░░░░░░▀█████████▄█▓    ▐▌  ██░  ░█▌       
   ▄▄▄ ▄▄▄ ▄▄▄ ▄ ▄  ▄ ▄ ▄▄▄ ▄  █   ▀█░░░░░░░░████████▀▀█    ▐▌   ▀█   ▐▌       
   █▄█ █▄  █▄  ▄ █▀▄█ ▄  █  █▐▌█     ▀████▄░░░░█████▓   ▀▄  ▓█     █▄▄█▌       
   █ █ █   █   █ █  █ █  █   ▐▌        █▓ ▀██▄░░░██▓     ▓█▓██       ▀██       
                                       █░    ▓█▄▀▓▀█▄   ▓██  █          ▄      
                                       █░     ▓█▓░   ▀█▓█  ▄█▌▄ ▄▄             
              in 2oo7                █ █░     ░█▓▒▓▓█▄▄▓████ ▄ ░▒▓█            
                                     █ ▐▌      █▀▒▀▀▀▀▀▀▀   ▄ ░ ▓▓██           
            -----------              ▐▌ ▓▄     ▐█░          ▒░ ▓▓██▀           
                                      █ ▀█░     ██     ▄▓▄   ▓▓▓██▀            
        SHOCK AND AWESKEE BY           ▀  █▄     ▀█▄    ▀                      
                                           ▀█▄     ▀█▄                         
           elle of VANDALs                   ▀█▄▄   ▓█▌                        
                                                ▀██▄▄▓█              ▄         
                                                     ▀▀▀            ▀▓▀        
                                                        ▀                      
                             
