   █░░   ░   ░░░░░ ██░ ░██▒█████▒▄▄█▄▒▒█████████▀████████████████▒▀██████░██▒░ ░                 ██░                  
   ██░      █░░▒░░  ████ █▒▒  ███████▒▄█████████████████████████ ▒ ▒▀██████▒░░     ░            ███                   
   ░▓░░      █░░  ▒▒▓ █░░ ██████████████████████████████████████▄ ░   ███████░·▒▀  ▀░ ░       ░██░                    
    ▓▓░    ░░ █▒ ░▄█ ▒████ ███▒▒███████████▄███████████████████████░ ░▄██████████▄▒░░        ░███                     
    █▓        ██▒▓██░ ███ ▄████████████████████████████████████████░░░▓▒▀█████▒░▒██░ ░░      ███▒                     
     ▓▒░       ███▄░░▒ ████████████████████████████████████████████▒░░░▒▒████░▒████▒░ ▀     ███                       
     █▒        ███░░█████▓████████████▄████████████████████████████▀█▒░░▒▓███▒█████▀ ░     ░██     █▒                 
     █▓▒ ░    ████▒▒███▄ ░██████▄██████████████████████████████████▒█▄▒░█▓▓████▄▓▓░ ░      ███    ▒▒                  
     ▓█▒▒     ███ ███ █▒▒███ █████████████████████████████▀░███████▄█▒ ░░▒▒██████▓▓████   ███    ██▒                  
      █▓▒▒ ▄  ██████░░█▒███ ▒▒████████████████████████▀▀█▀▒ ██████████ ▒░█  █████▒██▓▓██ ███ ░  ▒██▓                  
       █▓▒▓▓████████████████ ▒▀▒▀█████████████████████ ▒░▄  ▀░████████▒█▒▒▀ █████▒░ ░ ▒███ ░░  ██░██                  
        ▓░████░░█████▓█ ████▒▒▄▄▀█████████████████▒▀░ █░░ ▀▄░∙▀██████▀██ ▒▒ █████▄░    ▒░░ ░ ███  ░██                 
        ██ ██░███████ █░  ░ ░██  ████████████████▒▒  ▀██▄ ░▀▓ ░░▄████▒█▓▒█▒▄██████▒▄██▄░  ▒▄██   ░ ███                
      ██ ███████▄▀█     ░   ░▒▒██ ▀▒███████████▒█▒░ ░ ▒███ ▒█ █▒▄███ █ ▒▄█ ████░▀░░▓▀▀▀▀█████▒  █ ██▓                 
     █   ███  █▀ ▄█   ▒░░    ░▒▒ █▒  █▀░████▒▒▒▒░▒     ▒██▒░█░ ██████▓█▀██████████ ░  ▒  ░▀██   ███                   
       ████████▄█░███   ░ ░ ▒░ ░░ ▒▒██ ██▀█░░░░░░      ░▒██▒ ░░▀░█████▀███▀▀▀▀ ▒░▀█▄░    ░ ░▒█                        
      █████▒█░████▓██  ▒ ░   ░ █░░█▒▒▄██ ████▒            ▀   ▄░ ░░▒███▀░ ░░▄▄▄▄░▄██▀     ░░ ██    █                  
       ▀████████████▓   ▒░░ ░░ █▒░██▒█▀█ ██▓░              ▄█░ ▀█▀░▀▀▀  ▄███▀▀▀███▀░░      ░░░██  █▓                  
      ░ ▒████████▓██▀█  ▒   ░░░█▒░██▒ █ █▀█▒              █▀█▓████▄█   ▀▀██▄    ▀    ░█▄      ▒▒███▒                  
     ▓  ▄███████▓▄▓  ██       ░▄█▒█▄▒█▒ ███░░    ░ ░█   ░█ █▀░ ▒▀▀▀     ▄ █████▄▄ ░░▓▄████      ▒▒▒                   
    ▄██▒████▄████░░░  ██     ░▄███▓███▓█▒███▒     █ ▒█ ▄█░             ▄██▄▒░▒██████████████   ░                      
  ░███ ████████▀█░    ░█    ░  ▒▄██▒██▒▄█████    ░▀█▒████▄            ░ ▀████▄░░  ░▄█▀██████░  ░                      
  ███ ▓████████▓█▓▒░    ▀█    ▄░░▄▓▒█▓███████▄   ██████████░        ▄██░ ░█████▄▓▓██     ▀███░                        
  ████▓███████████▒░░     █ ░█▒█▀▄▓▄████▀██████▄██████████████░ ███░████░░░▀██████▄▓░░░   ░███░                       
  ▒▀▀█▓▒██████████▒░      ░█░█▄▄ ▄█ █▒██▓█████████████████████░ ███  ░███▒░ ░▀██████▄  ░    ████░                     
 ▒░░ █████▒███████▒░        ▀█▒█▀▀█▒█▓▀██▄███████████████▒████  ███▒  ████▒  ░░████████▄▒    ████░                    
  ▒ ▄████  ███████▓░░░        ▀██▓▀▓▀▓▄▓▄▓██████████▀▀██▀ ████  ████  ▒████▄▒ ░░▀█████████▓   ████░                   
  ▄█████▀ █████████░░░  ░ ███▄   █▀░ ▄▓▒██▒███████▀  ░██░▒ ██░  ████▒  ▒████▄▒ ░░ ▀█████████   ░███░                  
 ██████ █████ █████▓ ░  ░░██▓▓█▄█▒▒▓▓▓▓█▄█░█  ▒▀██ ░ ████████░  █████░░ █████▄░  ░  █████████  ░ ███▒  █              
███▒█▀ ████████████▓▓░ ░  ▒▒▓▓▓▒▒▒▒▒▒▒▓███████ ░▓█▀▄ ░██░████   █████   ▒██████░░  ░ ▀███████    ░██░▒█▓              
███   ░██████████████ ▒▒░░▒█▓▓▒▒   ░  ▒█████████▄▓░ ▄███▓███░ ░▄█████▒ ░░▀██████░░░ ░░▒▀█████░    ░███▓               
█████ ▒░▀▀███████████  ░█░ █▓▒▒       ▒██████████▄▓█████ ███ ░█▀▒░████  ▄▒███████░▒  ░░ ░█████      ██▒               
 ▓██████▄ ░▀████ ███▓  ░█ ▒▓▒▒ ░░ ░███▒███████████▓▀██▀▓▒███ █ ░▒ ████▄█░█▒██▀ ░██ ░░ ░ ░▒█████      ▒                
  ▀███████▄░████████▓  ░█  █▒▒▒░ ░░████████████████  ▓░ ████ █▒░▒▒▒████▒▀ ▄▒█░ ▄███░   ░░ ░▀███░░                     
 ░ ░░█▀█████████████▓░  █  █▒   █░░████████░░█░████░░   ▀███▄█░░ ░░███░  █  ▓█▄█████░   ░░ ░░████░                    
 ░   █  ███▀████████▓   ▓░ █▒░  ████████░░░░   ░████░    ▒░░▀▄    ░███░░█▀░ ▓▀███████░ ░ ░░█ ██████                   
   ░ █  ▒█░▒░░█████▓▓  ▄░ ▄░▓▓ ░████████░      ▒████░    ▒▒▒       ███░▒█▄░_█▓▒█▀█████▄ ██  ██▀████▒                  
  ░▒ ▒   █░█▄▄████▓▓█ ▓ ▓▄░▓   ░███░██▒       ░▒▒▒███░ █████   ░  ▄███░░████▒▓ ░▒▓██████░       ███▒▒                 
   ▒░▒  ██░██████████▄█▒▓▓▒   ▒███░███         ░▒▒███░██████▒█  ▀██████░▒▒ ░█░░▄█████████░  █    ███▒▒                
     █▄█▓░▄███████████▒█▓    ▒▒██░██▒░            ▒██████░░███▒ ▒▒█████ ▒▒░██░████████████░ ███░  ███▒                
 ▒░▒▄███████████████████▄  ░▒ ▒██░██░▒░░         ░▒█████  ░░██▒  ▒▒▒▒██   ██  █████████████  █░░░  ███                
  ░███████████████████████░▒▒▒ ██░███▒░░          ░████░  ▒███▒  ░░░▒▒█   ██░░░▀███▒▒▒██████    ░░  ███               
 █▒████ ███████████████████▒ ▒▒██████▒▒░░         ▒████▒  ████  ░░░░░ ▒▄   ██   ░▓█░▒▒███▀███         █               
  ████████████████████████  ▄▄▓▓██████░░░░     ░░ ▒█░██▒  ░  ░ ░░   ░░  █   ██▓  ░ █░▒▒▒░░░███  ░                     
   ▀░████████████████████░ ████▓████░░▒░░░░░  ░░ ▒██░░██▒  ░░░░░░     ░    ░  ▀▀▀▄▄██░▒▒░░░▒███     ░                 
       █░▀██████████████░░░▒▀█~▓▓███░███▒░░░░ ░ ░██░░░░███▒   ░░ ████    ▒▒▒░░░░ ░░ █∙░░▒ ▒ ████  ░░                  
          ██████████████▓▒░░░█▒░░▓▓██████▒▒▒▒░░███░ ░████████ ░ ██░ █████░▒▒██████░░░░ ░▒▒▒ ▒████  ░                  
          ▄█████████████▒▓▓▓▄█░░▄▓▓▓▓████████████░░░██░░██████  ██░░██▒▒█▒██████████  ░░ ░░ ▒▒████                    
         █████████████████▓██░▓▀▀█▓▓████████████░   ███░█░░████  ████  ██████████████░ ░░░░░ ▒░░███                   
       ▒████████████████████░░▓░▄███▒▒████▓▓▓░        ███ ░░░███ ███░  █████░░ ▒░░███░ ░░░░░ ▒░▒▒░██                  
       ████████████████████▄▄▄▄██████▄▒░░ ░░  ▄█           ░░███ ██░░  █████░▒ ░░░███░ ░░░ ░   ▒▒░░██                 
     ░ ▒▀█████████████████████████████▄░░ ▄████  █░▒ ░   ░░░███▒ ██░   ████░ ▒   ░ ███ ░░░  ░█████░░█▓                
        ░░ ▓░▀▀███████████████▀░▀██████████▀▀▀   ██▒▒▒█▒ ░  ███▒ ███  █████░   █   ░██  ░░ ░█████████▓                
      ░░   ▒ ░▒ ▒██████████████▒█████▀░▒▒     ░░ ▒░█████▒  ░███▒ ▒██  ████▒░ ██     ░█    ░██████████░                
        ░▒░░ ░▓▄███████████████████▒▒▒▒▒ ░   ░░  ░▒██████▒░████▒ ▒██  ▒█░█▒▒ ██ ▒  ██░    ░███  ████░░                
       ▒ ░  ▓██████████████▀▒▀██░█░░░░   ░░░░░     ░███████████  ▒██  ▒████▒▒ ██▒▒██░    ░░██░   ██░░                 
      ░ ░░ ░░███████░▀▀░░░▄▄░░▀▀▒▒░ ░▒    ░░  ░░   ░░████████▓▓ ▒███ ▒▒█████████████░ ████ ██▒▒ ██░░                  
        ░ ▒ ▓▒███████▄▄▄██████▒░▒░░▒▒░ ▒▒  ▄░░█▄░   ░██████▓▓▓  ▒███ ▒███░█████████░ ██░ █████▒░                      
      ░ ▀  ░ ▒░▒▓▀██████████████▒▒▒▒▒▒▒▒ ████▀  ▒░    ░████▓▓  ▒███░ ▒████ ███████   ██░░██░██▒▒                      
      ▀    ░  ░  ░  ▀████████████████▄ ▄███▀     ░     ░░░░░   ████░ ▒████     ███    ████   ████▒▒                   
              ▀  ▀  ▓██████████▒▒░▒ε█████▀█     ░▒░ ░   ░░░    ████  ▒█░██▒    ███░   ███  ████████▒▒░                
             ░    ░░█████████▒▒░░▒▒░░██░    ▀  ░▒ ░    ░░    ██▓▓░   ▒████░░▒  ████░  ▒██ ██░░██▒████░░               
               ░  ░ ▒█████▓▓▓▒▒▒▒▒▒░░▒ ░░ ░   ▒░    ░░░     ████    ░█████░░▒░  ███░░ ▒██ ███░█▒▒  ███░               
             ░       ▓▓█████▒▒░░▒▒▒░░░ ░░░░░       ░   ░    ██░    ░░█████░░▒██ ████░ ▒██   ███▒   ▒▒█░▓              
              ░    ▒  ▒░  ▀██▒▒░░░░▒▒░░▒░░░░░░        ░░  ░█░     ░░░▒░████░██▒██████░███ ░         ▒██▓              
              ░            ▒███▄▒▒░░▒▒▒▒░▒░░ ░░░░ ░░░░░ ░        ░░ ░██████▒▒▒░░████████░░░███▒     ▒▒█               
                       ░ ██████▀█▓▒░░▒▒░▒▒▒▒▒▒░░░░░░░░░░ ███░░██░█▓█ █████▒▒▀░░░█████████▒████░    ▒███               
                         █▄  ░░▒ ▒▀█▄▄▒▒▒░▒▒░░▒▒▒▒░░░░░░░░░█████▓░░░▄█████████████░███████████░░ ▒▒▒███               
                       ░░▀▒██░▄░  ░░▒▀▀██▄▄░▒░░░░▒▒▒░▒▒▒ █░░▒░▒▄▄███████▒▒▒▒▀▀▓▓▓▓░░░███▀░░████▒▒ ▒██▓▓               
                     █  ░▒░   █       ▒ ░ ▓▀▀▄▄▄ ░░▒▒▒▒▒▒░░▄███████▒ ▒▒▒▒           ░███░░░░████████▓                 
                         ░     █     ░ ░ ▒░ ░░░▒▓▓▓▓▒▒▒▒▄▒██████▒                   ███▓     █████▓▓                  
                        ░░           ▀░ ░ε▀░ ░░░░ ░▒███████░                      ████▓▓                              
                        ▒            ░   ░ ░  ░                                  ████▓▓                               
                               ░  ░░▒▀                                  ▀▒░░  ░▄░███▀░ 


                                     Proudly Presents:
                                  
                            Three.Sheets.S03D02.NTSC.DVDR-OSiTV           

  ▌▌▒▐    ▀██▄ ▀▀▀▀▀▀▀▀▀▀ ▄█ ▀▀▀▀▀▀▀▀▀▀▀ ██ ▀▀▀▀ ██ ▀▀▀▀▀▀▀▀▀▀▀▀▀▀▀▀▀▀▀▀▀▀▀▀▀▀▀▀▀▀▀▀▀▀▀▀▀                                            
   ▌▓▐     ████▄░░▄███▄░░░██░░░░░░▄███▄░░██▀▀▀██░██▀▀▀██░▄███▄░░░░░████▄░░░██▀▀▀██░░▄███▄                                  
   ▌ ▐▀▄   ██░▀██░██░▀██░░██░░░░░░██░▀██░▀░▄█▀██░░░▀█▄░▀░██░▀██░░░░██░▀██░░██░░░▀░░█▀░░██                         
   ▌▓▐ ▐▌  ██▄█▀░░██▄█▀▄░░██░░░▄░░██▄█▀▄░░██▄░██░██░▄██░░██▄█▀▄░░░░██░░██░░███▀░░░██░░░██  
   ▌ ▐▄▀   ██░░██░██▄▄▄██░██▄▄▄██░██▄▄▄██░▀████▀░▀████▀░░██▄▄▄██░░░██░░███░██░░░░░██▄▄▄█▀
   ▄▓▀    ▄▄▄▄▄▄▄▄▄▄▄▄ ██ ▄▄▄▄▄▄▄▄▄▄▄▄▄▄▄▄▄▄▄▄▄▄▄▄▄▄▄▄▄▄▄▄▄▄▄▄▄▄▄▄▄▄▄▄▄▄▄▄ ▀█ ▄▄▄▄▄▄▄▄▄▄▄                            
  █▓▀▐                                                                
 ▐▓▌░▐     Release Date..: 12-20-2008                                                       
  ▓▓ ▐     Runtime.......: 24Min Per Episode                               
   ▀▓▄     Genre.........: Documentary / Cooking / Food                                                
   ▌ ▐▀▄   MPAA Rating...: TV-G 
   ▌▓▐ ▐▌  Directed By...: Unknown 
   ▌▒▐▄▀   IMDB-Link.....: http://www.imdb.com/title/tt0818464/ 
 ▐▌▌░▐     RAR-Names.....: three.sheets.s03d02-ositv.* 
  ▌▌▒▐     DVD-Source....: R1 DVD9 
   ▌▓▐      
   ▌ ▐▀▄  ════════════════════════════════════════════════════════════                                     
   ▌▓▐ ▐▌                                                           
   ▌ ▐▄▀                 ..: ASPECT & STANDARD :..                                               
   ▄▓▀                                                       
  █▓▀▐    [x] Widescreen         [x] NTSC         [ ] iSO                                
 ▐▓▌░▐    [ ] Fullscreen         [ ] PAL          [x] iMG                                                          
  ▓▓ ▐                                                  
   ▀▓▄    ════════════════════════════════════════════════════════════                                      
   ▌ ▐▀▄                                               
   ▌▓▐ ▐▌                      ..: AUDiO :..                              
   ▌▒▐▄▀                                                            
  ▌▌▒▐    [x] English    [ ] Spanish     [ ] Cantonese    [ ] Polish
   ▌▓▐    [ ] French     [ ] Korean      [ ] Chinese      [ ] Italian 
   ▌ ▐▀▄  [ ] German     [ ] Thai        [ ] Japanese     [ ] Hebrew     
   ▌▓▐ ▐▌                                      
   ▌ ▐▄▀  [ ] Dolby Digital 5.1          [x] Dolby Digital 2.0       
   ▄▓▀    [ ] DTS 6.1                    [ ] Directors Commentary         
  █▓▀▐                                                        
 ▐▓▌░▐    ════════════════════════════════════════════════════════════                                                        
  ▓▓ ▐                                                   
   ▀▓▄                        ..: SUBTiTLES :..                                            
   ▌ ▐▀▄                                                           
   ▌▓▐ ▐▌ [ ] English    [ ] Spanish     [ ] Cantonese    [ ] Polish                                                
   ▌▒▐▄▀  [ ] French     [ ] Korean      [ ] Chinese      [ ] Italian                                                   
 ▐▌▌░▐    [ ] German     [ ] Thai        [ ] Japanese     [x] None            
  ▌▌▒▐      
   ▌▓▐    ════════════════════════════════════════════════════════════          
   ▌ ▐▀▄                                        
   ▌▓▐ ▐▌ ..: ViDEO :..       ..: MENU :..           ..: EXTRAS :..                                                     
   ▌ ▐▄▀                                                             
   ▄▓▀    [ ] Untouched       [x] Untouched          [ ] Untouched                                           
  █▓▀▐    [x] Re-Encoded      [ ] Menu Edit          [ ] Stripped                            
 ▐▓▌░▐    [9] Passes                                 [ ] Re-Encoded                                                   
  ▓▓ ▐    [2,696] Avg. Bitrate                       [x] None                                  
   ▀▓▄                                                                                                         
   ▌ ▐▀▄                                                           
   ▌▓▐ ▐▌ ════════════════════════════════════════════════════════════                                                  
   ▌▒▐▄▀                                                           
 ▐▌▌░▐                  
  ▌▌▒▐                                                           
   ▌▓▐    ▀▀▀▀▀▀▀▀▀▀▀▀▀▀▀▀▀▀▀▀▀▀▀▀▀▀▀▀▀▀▀▀ ██ ▀▀▀▀▀                                              
   ▌ ▐▀▄   ████▄░░░░░▄███▄▀██▀▀▀██░▄███▄░░░██▀▀▀██░       
   ▌▓▐ ▐▌  ██░▀██░░░█▀░░██░██░░░▀░░██░▀██░░░░▀█▄░▀░               
   ▌ ▐▄▀   ██░░██░░██░░░██░██░░░░░░██▄█▀▄░░██░▄██░░     
   ▄▓▀     ██░░███░██▄▄▄█▀░██░░░░░░██▄▄▄██░▀████▀░░
  █▓▀▐    ▄▄▄▄▄▄▄▄▄▄▄▄▄▄▄▄ ▀█ ▄▄▄▄▄▄▄▄▄▄▄▄▄▄▄▄▄▄▄▄▄
 ▐▓▌░▐    ════════════════════════════════════════════════════════════ 
  ▓▓ ▐    
   ▀▓▄                               
   ▌ ▐▀▄            
   ▌▓▐ ▐▌        
   ▌▒▐▄▀         
 ▐▌▌░▐                                            
  ▌▌▒▐     removed warningsand extras. bitrate is a                          
   ▌▓▐     little low but highest possible on this disc.      
   ▌ ▐▀▄   
   ▌▓▐ ▐▌                             
   ▌ ▐▄▀        
   ▄▓▀    ════════════════════════════════════════════════════════════   
  █▓▀▐              
 ▐▓▌░▐            
  ▓▓ ▐    ▀▀▀▀▀▀▀▀▀▀▀▀▀▀▀▀▀▀▀▀▀▀▀▀▀▀▀▀▀▀▀▀ ██ ▀▀▀▀ ▀▀▀▀▀▀▀▀▀▀▀▀▀▀▀▀      
   ▀▓▄     ▄███▄░░░░░▄███▄░████▄░░▀██▀▀▀██░██▀▀▀██░▄███▄░░▀██▀▀▀██░                        
   ▌ ▐▀▄   ██░▀██░░░█▀░░██░██░▀██░░██░░░▀░░▀░▄█▀██░██░▀██░░██░░░▀░░      
   ▌▓▐ ▐▌  ██░░░▄░░██░░░██░██░░██░░██░░░░░░░██▄░██░██░░░▄░░██░░░░░░       
   ▌▒▐▄▀   ██▄▄▄██░██▄▄▄█▀░██░░███░██░░░░░░░▀████▀░██▄▄▄██░██░░░░░░     
 ▐▌▌░▐    ▄▄▄▄▄▄▄▄▄▄▄▄▄▄▄▄▄▄▄▄▄▄▄▄ ▀█ ▄▄▄▄▄▄▄▄▄▄▄▄▄▄▄▄▄▄▄▄ ▀█ ▄▄▄▄▄                        
  ▌▌▒▐    ════════════════════════════════════════════════════════════         
   ▌▓▐              
   ▌ ▐▀▄               ..: Currently Seeking :..                   
   ▌▓▐ ▐▌         
   ▌ ▐▄▀          
   ▄▓▀    *                                                  *
  █▓▀▐                         Affils
 ▐▓▌░▐    *                                                  *                                      
  ▓▓ ▐                    TV-DVD Suppliers  
   ▀▓▄    *                                                  *                                        
   ▌ ▐▀▄                       
   ▌▓▐ ▐▌ *                                                  *
   ▌▒▐▄▀              
 ▐▌▌░▐                                 
  ▌▌▒▐                   ..: Contact iNFO :..
   ▌▓▐              
   ▌ ▐▀▄                    OSiTV@hush.com                        
   ▌▓▐ ▐▌         
   ▌ ▐▄▀          
   ▄▓▀    ════════════════════════════════════════════════════════════         
  █▓▀▐            
 ▐▓▌░▐                                                              
  ▓▓ ▐    ▀▀▀▀▀▀▀▀  █▄ ▀▀▀▀▀▀▀▀▀▀▀▀▀▀▀▀▀ ▀▀▀▀▀▀▀▀ ██ ▀▀▀▀▀               
   ▀▓▄     ▄███▄░░░████▄░░▄███▄░░░▄███▄░░▀██▀▀▀██░██▀▀▀██░                                                    
   ▌ ▐▀▄   ██░▀██░░██░▀██░██░▀██░░██░▀██░░██░░░▀░░░░▀█▄░▀░                 
   ▌▓▐ ▐▌  ██░▄▄▄░░██▄█▀░░██▄█▀▄░░██▄█▀▄░░██░░░░░░██░▄██░░       
   ▌▒▐▄▀   ██▄▄▄██░██░░██░██▄▄▄██░██▄▄▄██░██░░░░░░▀████▀░░                            
 ▐▌▌░▐    ▄▄▄▄▄ ██ ▄▄▄▄▄▄▄▄▄▄▄▄▄▄▄▄▄▄▄▄▄▄ ▀█ ▄▄▄▄▄▄▄▄▄▄▄▄▄                                  
  ▌▌▒▐    ════════════════════════════════════════════════════════════               
   ▌▓▐              
   ▌ ▐▀▄                                                        
   ▌▓▐ ▐▌         
   ▌ ▐▄▀    
   ▄▓▀             
  █▓▀▐    
 ▐▓▌░▐     DPiMP - PRiDE - OSiRiS - OSiDivX - OSiDVD - ToF - MSD                                       
  ▓▓ ▐                
   ▀▓▄                                                             
   ▌ ▐▀▄                     
   ▌▓▐ ▐▌            
   ▌▒▐▄▀  ════════════════════════════════════════════════════════════
