ÔĽŅ   ‚Ėą‚ĖĎ‚ĖĎ   ‚ĖĎ   ‚ĖĎ‚ĖĎ‚ĖĎ‚ĖĎ‚ĖĎ ‚Ėą‚Ėą‚ĖĎ ‚ĖĎ‚Ėą‚Ėą‚Ėí‚Ėą‚Ėą‚Ėą‚Ėą‚Ėą‚Ėí‚ĖĄ‚ĖĄ‚Ėą‚ĖĄ‚Ėí‚Ėí‚Ėą‚Ėą‚Ėą‚Ėą‚Ėą‚Ėą‚Ėą‚Ėą‚Ėą‚ĖÄ‚Ėą‚Ėą‚Ėą‚Ėą‚Ėą‚Ėą‚Ėą‚Ėą‚Ėą‚Ėą‚Ėą‚Ėą‚Ėą‚Ėą‚Ėą‚Ėą‚Ėí‚ĖÄ‚Ėą‚Ėą‚Ėą‚Ėą‚Ėą‚Ėą‚ĖĎ‚Ėą‚Ėą‚Ėí‚ĖĎ ‚ĖĎ                 ‚Ėą‚Ėą‚ĖĎ                  
   ‚Ėą‚Ėą‚ĖĎ      ‚Ėą‚ĖĎ‚ĖĎ‚Ėí‚ĖĎ‚ĖĎ  ‚Ėą‚Ėą‚Ėą‚Ėą ‚Ėą‚Ėí‚Ėí  ‚Ėą‚Ėą‚Ėą‚Ėą‚Ėą‚Ėą‚Ėą‚Ėí‚ĖĄ‚Ėą‚Ėą‚Ėą‚Ėą‚Ėą‚Ėą‚Ėą‚Ėą‚Ėą‚Ėą‚Ėą‚Ėą‚Ėą‚Ėą‚Ėą‚Ėą‚Ėą‚Ėą‚Ėą‚Ėą‚Ėą‚Ėą‚Ėą‚Ėą‚Ėą ‚Ėí ‚Ėí‚ĖÄ‚Ėą‚Ėą‚Ėą‚Ėą‚Ėą‚Ėą‚Ėí‚ĖĎ‚ĖĎ     ‚ĖĎ            ‚Ėą‚Ėą‚Ėą                   
   ‚ĖĎ‚Ėď‚ĖĎ‚ĖĎ      ‚Ėą‚ĖĎ‚ĖĎ  ‚Ėí‚Ėí‚Ėď ‚Ėą‚ĖĎ‚ĖĎ ‚Ėą‚Ėą‚Ėą‚Ėą‚Ėą‚Ėą‚Ėą‚Ėą‚Ėą‚Ėą‚Ėą‚Ėą‚Ėą‚Ėą‚Ėą‚Ėą‚Ėą‚Ėą‚Ėą‚Ėą‚Ėą‚Ėą‚Ėą‚Ėą‚Ėą‚Ėą‚Ėą‚Ėą‚Ėą‚Ėą‚Ėą‚Ėą‚Ėą‚Ėą‚Ėą‚Ėą‚Ėą‚Ėą‚ĖĄ ‚ĖĎ   ‚Ėą‚Ėą‚Ėą‚Ėą‚Ėą‚Ėą‚Ėą‚ĖĎ¬∑‚Ėí‚ĖÄ  ‚ĖÄ‚ĖĎ ‚ĖĎ       ‚ĖĎ‚Ėą‚Ėą‚ĖĎ                    
    ‚Ėď‚Ėď‚ĖĎ    ‚ĖĎ‚ĖĎ ‚Ėą‚Ėí ‚ĖĎ‚ĖĄ‚Ėą ‚Ėí‚Ėą‚Ėą‚Ėą‚Ėą ‚Ėą‚Ėą‚Ėą‚Ėí‚Ėí‚Ėą‚Ėą‚Ėą‚Ėą‚Ėą‚Ėą‚Ėą‚Ėą‚Ėą‚Ėą‚Ėą‚ĖĄ‚Ėą‚Ėą‚Ėą‚Ėą‚Ėą‚Ėą‚Ėą‚Ėą‚Ėą‚Ėą‚Ėą‚Ėą‚Ėą‚Ėą‚Ėą‚Ėą‚Ėą‚Ėą‚Ėą‚Ėą‚Ėą‚Ėą‚Ėą‚ĖĎ ‚ĖĎ‚ĖĄ‚Ėą‚Ėą‚Ėą‚Ėą‚Ėą‚Ėą‚Ėą‚Ėą‚Ėą‚Ėą‚ĖĄ‚Ėí‚ĖĎ‚ĖĎ        ‚ĖĎ‚Ėą‚Ėą‚Ėą                     
    ‚Ėą‚Ėď        ‚Ėą‚Ėą‚Ėí‚Ėď‚Ėą‚Ėą‚ĖĎ ‚Ėą‚Ėą‚Ėą ‚ĖĄ‚Ėą‚Ėą‚Ėą‚Ėą‚Ėą‚Ėą‚Ėą‚Ėą‚Ėą‚Ėą‚Ėą‚Ėą‚Ėą‚Ėą‚Ėą‚Ėą‚Ėą‚Ėą‚Ėą‚Ėą‚Ėą‚Ėą‚Ėą‚Ėą‚Ėą‚Ėą‚Ėą‚Ėą‚Ėą‚Ėą‚Ėą‚Ėą‚Ėą‚Ėą‚Ėą‚Ėą‚Ėą‚Ėą‚Ėą‚Ėą‚ĖĎ‚ĖĎ‚ĖĎ‚Ėď‚Ėí‚ĖÄ‚Ėą‚Ėą‚Ėą‚Ėą‚Ėą‚Ėí‚ĖĎ‚Ėí‚Ėą‚Ėą‚ĖĎ ‚ĖĎ‚ĖĎ      ‚Ėą‚Ėą‚Ėą‚Ėí                     
     ‚Ėď‚Ėí‚ĖĎ       ‚Ėą‚Ėą‚Ėą‚ĖĄ‚ĖĎ‚ĖĎ‚Ėí ‚Ėą‚Ėą‚Ėą‚Ėą‚Ėą‚Ėą‚Ėą‚Ėą‚Ėą‚Ėą‚Ėą‚Ėą‚Ėą‚Ėą‚Ėą‚Ėą‚Ėą‚Ėą‚Ėą‚Ėą‚Ėą‚Ėą‚Ėą‚Ėą‚Ėą‚Ėą‚Ėą‚Ėą‚Ėą‚Ėą‚Ėą‚Ėą‚Ėą‚Ėą‚Ėą‚Ėą‚Ėą‚Ėą‚Ėą‚Ėą‚Ėą‚Ėą‚Ėą‚Ėą‚Ėí‚ĖĎ‚ĖĎ‚ĖĎ‚Ėí‚Ėí‚Ėą‚Ėą‚Ėą‚Ėą‚ĖĎ‚Ėí‚Ėą‚Ėą‚Ėą‚Ėą‚Ėí‚ĖĎ ‚ĖÄ     ‚Ėą‚Ėą‚Ėą                       
     ‚Ėą‚Ėí        ‚Ėą‚Ėą‚Ėą‚ĖĎ‚ĖĎ‚Ėą‚Ėą‚Ėą‚Ėą‚Ėą‚Ėď‚Ėą‚Ėą‚Ėą‚Ėą‚Ėą‚Ėą‚Ėą‚Ėą‚Ėą‚Ėą‚Ėą‚Ėą‚ĖĄ‚Ėą‚Ėą‚Ėą‚Ėą‚Ėą‚Ėą‚Ėą‚Ėą‚Ėą‚Ėą‚Ėą‚Ėą‚Ėą‚Ėą‚Ėą‚Ėą‚Ėą‚Ėą‚Ėą‚Ėą‚Ėą‚Ėą‚Ėą‚Ėą‚Ėą‚Ėą‚Ėą‚Ėą‚ĖÄ‚Ėą‚Ėí‚ĖĎ‚ĖĎ‚Ėí‚Ėď‚Ėą‚Ėą‚Ėą‚Ėí‚Ėą‚Ėą‚Ėą‚Ėą‚Ėą‚ĖÄ ‚ĖĎ     ‚ĖĎ‚Ėą‚Ėą     ‚Ėą‚Ėí                 
     ‚Ėą‚Ėď‚Ėí ‚ĖĎ    ‚Ėą‚Ėą‚Ėą‚Ėą‚Ėí‚Ėí‚Ėą‚Ėą‚Ėą‚ĖĄ ‚ĖĎ‚Ėą‚Ėą‚Ėą‚Ėą‚Ėą‚Ėą‚ĖĄ‚Ėą‚Ėą‚Ėą‚Ėą‚Ėą‚Ėą‚Ėą‚Ėą‚Ėą‚Ėą‚Ėą‚Ėą‚Ėą‚Ėą‚Ėą‚Ėą‚Ėą‚Ėą‚Ėą‚Ėą‚Ėą‚Ėą‚Ėą‚Ėą‚Ėą‚Ėą‚Ėą‚Ėą‚Ėą‚Ėą‚Ėą‚Ėą‚Ėą‚Ėą‚Ėí‚Ėą‚ĖĄ‚Ėí‚ĖĎ‚Ėą‚Ėď‚Ėď‚Ėą‚Ėą‚Ėą‚Ėą‚ĖĄ‚Ėď‚Ėď‚ĖĎ ‚ĖĎ      ‚Ėą‚Ėą‚Ėą    ‚Ėí‚Ėí                  
     ‚Ėď‚Ėą‚Ėí‚Ėí     ‚Ėą‚Ėą‚Ėą ‚Ėą‚Ėą‚Ėą ‚Ėą‚Ėí‚Ėí‚Ėą‚Ėą‚Ėą ‚Ėą‚Ėą‚Ėą‚Ėą‚Ėą‚Ėą‚Ėą‚Ėą‚Ėą‚Ėą‚Ėą‚Ėą‚Ėą‚Ėą‚Ėą‚Ėą‚Ėą‚Ėą‚Ėą‚Ėą‚Ėą‚Ėą‚Ėą‚Ėą‚Ėą‚Ėą‚Ėą‚Ėą‚Ėą‚ĖÄ‚ĖĎ‚Ėą‚Ėą‚Ėą‚Ėą‚Ėą‚Ėą‚Ėą‚ĖĄ‚Ėą‚Ėí ‚ĖĎ‚ĖĎ‚Ėí‚Ėí‚Ėą‚Ėą‚Ėą‚Ėą‚Ėą‚Ėą‚Ėď‚Ėď‚Ėą‚Ėą‚Ėą‚Ėą   ‚Ėą‚Ėą‚Ėą    ‚Ėą‚Ėą‚Ėí                  
      ‚Ėą‚Ėď‚Ėí‚Ėí ‚ĖĄ  ‚Ėą‚Ėą‚Ėą‚Ėą‚Ėą‚Ėą‚ĖĎ‚ĖĎ‚Ėą‚Ėí‚Ėą‚Ėą‚Ėą ‚Ėí‚Ėí‚Ėą‚Ėą‚Ėą‚Ėą‚Ėą‚Ėą‚Ėą‚Ėą‚Ėą‚Ėą‚Ėą‚Ėą‚Ėą‚Ėą‚Ėą‚Ėą‚Ėą‚Ėą‚Ėą‚Ėą‚Ėą‚Ėą‚Ėą‚Ėą‚ĖÄ‚ĖÄ‚Ėą‚ĖÄ‚Ėí ‚Ėą‚Ėą‚Ėą‚Ėą‚Ėą‚Ėą‚Ėą‚Ėą‚Ėą‚Ėą ‚Ėí‚ĖĎ‚Ėą  ‚Ėą‚Ėą‚Ėą‚Ėą‚Ėą‚Ėí‚Ėą‚Ėą‚Ėď‚Ėď‚Ėą‚Ėą ‚Ėą‚Ėą‚Ėą ‚ĖĎ  ‚Ėí‚Ėą‚Ėą‚Ėď                  
       ‚Ėą‚Ėď‚Ėí‚Ėď‚Ėď‚Ėą‚Ėą‚Ėą‚Ėą‚Ėą‚Ėą‚Ėą‚Ėą‚Ėą‚Ėą‚Ėą‚Ėą‚Ėą‚Ėą‚Ėą‚Ėą ‚Ėí‚ĖÄ‚Ėí‚ĖÄ‚Ėą‚Ėą‚Ėą‚Ėą‚Ėą‚Ėą‚Ėą‚Ėą‚Ėą‚Ėą‚Ėą‚Ėą‚Ėą‚Ėą‚Ėą‚Ėą‚Ėą‚Ėą‚Ėą‚Ėą‚Ėą ‚Ėí‚ĖĎ‚ĖĄ  ‚ĖÄ‚ĖĎ‚Ėą‚Ėą‚Ėą‚Ėą‚Ėą‚Ėą‚Ėą‚Ėą‚Ėí‚Ėą‚Ėí‚Ėí‚ĖÄ ‚Ėą‚Ėą‚Ėą‚Ėą‚Ėą‚Ėí‚ĖĎ ‚ĖĎ ‚Ėí‚Ėą‚Ėą‚Ėą ‚ĖĎ‚ĖĎ  ‚Ėą‚Ėą‚ĖĎ‚Ėą‚Ėą                  
        ‚Ėď‚ĖĎ‚Ėą‚Ėą‚Ėą‚Ėą‚ĖĎ‚ĖĎ‚Ėą‚Ėą‚Ėą‚Ėą‚Ėą‚Ėď‚Ėą ‚Ėą‚Ėą‚Ėą‚Ėą‚Ėí‚Ėí‚ĖĄ‚ĖĄ‚ĖÄ‚Ėą‚Ėą‚Ėą‚Ėą‚Ėą‚Ėą‚Ėą‚Ėą‚Ėą‚Ėą‚Ėą‚Ėą‚Ėą‚Ėą‚Ėą‚Ėą‚Ėą‚Ėí‚ĖÄ‚ĖĎ ‚Ėą‚ĖĎ‚ĖĎ ‚ĖÄ‚ĖĄ‚ĖĎ‚ąô‚ĖÄ‚Ėą‚Ėą‚Ėą‚Ėą‚Ėą‚Ėą‚ĖÄ‚Ėą‚Ėą ‚Ėí‚Ėí ‚Ėą‚Ėą‚Ėą‚Ėą‚Ėą‚ĖĄ‚ĖĎ    ‚Ėí‚ĖĎ‚ĖĎ ‚ĖĎ ‚Ėą‚Ėą‚Ėą  ‚ĖĎ‚Ėą‚Ėą                 
        ‚Ėą‚Ėą ‚Ėą‚Ėą‚ĖĎ‚Ėą‚Ėą‚Ėą‚Ėą‚Ėą‚Ėą‚Ėą ‚Ėą‚ĖĎ  ‚ĖĎ ‚ĖĎ‚Ėą‚Ėą  ‚Ėą‚Ėą‚Ėą‚Ėą‚Ėą‚Ėą‚Ėą‚Ėą‚Ėą‚Ėą‚Ėą‚Ėą‚Ėą‚Ėą‚Ėą‚Ėą‚Ėí‚Ėí  ‚ĖÄ‚Ėą‚Ėą‚ĖĄ ‚ĖĎ‚ĖÄ‚Ėď ‚ĖĎ‚ĖĎ‚ĖĄ‚Ėą‚Ėą‚Ėą‚Ėą‚Ėí‚Ėą‚Ėď‚Ėí‚Ėą‚Ėí‚ĖĄ‚Ėą‚Ėą‚Ėą‚Ėą‚Ėą‚Ėą‚Ėí‚ĖĄ‚Ėą‚Ėą‚ĖĄ‚ĖĎ  ‚Ėí‚ĖĄ‚Ėą‚Ėą   ‚ĖĎ ‚Ėą‚Ėą‚Ėą                
      ‚Ėą‚Ėą ‚Ėą‚Ėą‚Ėą‚Ėą‚Ėą‚Ėą‚Ėą‚ĖĄ‚ĖÄ‚Ėą     ‚ĖĎ   ‚ĖĎ‚Ėí‚Ėí‚Ėą‚Ėą ‚ĖÄ‚Ėí‚Ėą‚Ėą‚Ėą‚Ėą‚Ėą‚Ėą‚Ėą‚Ėą‚Ėą‚Ėą‚Ėą‚Ėí‚Ėą‚Ėí‚ĖĎ ‚ĖĎ ‚Ėí‚Ėą‚Ėą‚Ėą ‚Ėí‚Ėą ‚Ėą‚Ėí‚ĖĄ‚Ėą‚Ėą‚Ėą ‚Ėą ‚Ėí‚ĖĄ‚Ėą ‚Ėą‚Ėą‚Ėą‚Ėą‚ĖĎ‚ĖÄ‚ĖĎ‚ĖĎ‚Ėď‚ĖÄ‚ĖÄ‚ĖÄ‚ĖÄ‚Ėą‚Ėą‚Ėą‚Ėą‚Ėą‚Ėí  ‚Ėą ‚Ėą‚Ėą‚Ėď                 
     ‚Ėą   ‚Ėą‚Ėą‚Ėą  ‚Ėą‚ĖÄ ‚ĖĄ‚Ėą   ‚Ėí‚ĖĎ‚ĖĎ    ‚ĖĎ‚Ėí‚Ėí ‚Ėą‚Ėí  ‚Ėą‚ĖÄ‚ĖĎ‚Ėą‚Ėą‚Ėą‚Ėą‚Ėí‚Ėí‚Ėí‚Ėí‚ĖĎ‚Ėí     ‚Ėí‚Ėą‚Ėą‚Ėí‚ĖĎ‚Ėą‚ĖĎ ‚Ėą‚Ėą‚Ėą‚Ėą‚Ėą‚Ėą‚Ėď‚Ėą‚ĖÄ‚Ėą‚Ėą‚Ėą‚Ėą‚Ėą‚Ėą‚Ėą‚Ėą‚Ėą‚Ėą ‚ĖĎ  ‚Ėí  ‚ĖĎ‚ĖÄ‚Ėą‚Ėą   ‚Ėą‚Ėą‚Ėą                   
       ‚Ėą‚Ėą‚Ėą‚Ėą‚Ėą‚Ėą‚Ėą‚Ėą‚ĖĄ‚Ėą‚ĖĎ‚Ėą‚Ėą‚Ėą   ‚ĖĎ ‚ĖĎ ‚Ėí‚ĖĎ ‚ĖĎ‚ĖĎ ‚Ėí‚Ėí‚Ėą‚Ėą ‚Ėą‚Ėą‚ĖÄ‚Ėą‚ĖĎ‚ĖĎ‚ĖĎ‚ĖĎ‚ĖĎ‚ĖĎ      ‚ĖĎ‚Ėí‚Ėą‚Ėą‚Ėí ‚ĖĎ‚ĖĎ‚ĖÄ‚ĖĎ‚Ėą‚Ėą‚Ėą‚Ėą‚Ėą‚ĖÄ‚Ėą‚Ėą‚Ėą‚ĖÄ‚ĖÄ‚ĖÄ‚ĖÄ ‚Ėí‚ĖĎ‚ĖÄ‚Ėą‚ĖĄ‚ĖĎ    ‚ĖĎ ‚ĖĎ‚Ėí‚Ėą                        
      ‚Ėą‚Ėą‚Ėą‚Ėą‚Ėą‚Ėí‚Ėą‚ĖĎ‚Ėą‚Ėą‚Ėą‚Ėą‚Ėď‚Ėą‚Ėą  ‚Ėí ‚ĖĎ   ‚ĖĎ ‚Ėą‚ĖĎ‚ĖĎ‚Ėą‚Ėí‚Ėí‚ĖĄ‚Ėą‚Ėą ‚Ėą‚Ėą‚Ėą‚Ėą‚Ėí            ‚ĖÄ   ‚ĖĄ‚ĖĎ ‚ĖĎ‚ĖĎ‚Ėí‚Ėą‚Ėą‚Ėą‚ĖÄ‚ĖĎ ‚ĖĎ‚ĖĎ‚ĖĄ‚ĖĄ‚ĖĄ‚ĖĄ‚ĖĎ‚ĖĄ‚Ėą‚Ėą‚ĖÄ     ‚ĖĎ‚ĖĎ ‚Ėą‚Ėą    ‚Ėą                  
       ‚ĖÄ‚Ėą‚Ėą‚Ėą‚Ėą‚Ėą‚Ėą‚Ėą‚Ėą‚Ėą‚Ėą‚Ėą‚Ėą‚Ėď   ‚Ėí‚ĖĎ‚ĖĎ ‚ĖĎ‚ĖĎ ‚Ėą‚Ėí‚ĖĎ‚Ėą‚Ėą‚Ėí‚Ėą‚ĖÄ‚Ėą ‚Ėą‚Ėą‚Ėď‚ĖĎ              ‚ĖĄ‚Ėą‚ĖĎ ‚ĖÄ‚Ėą‚ĖÄ‚ĖĎ‚ĖÄ‚ĖÄ‚ĖÄ  ‚ĖĄ‚Ėą‚Ėą‚Ėą‚ĖÄ‚ĖÄ‚ĖÄ‚Ėą‚Ėą‚Ėą‚ĖÄ‚ĖĎ‚ĖĎ      ‚ĖĎ‚ĖĎ‚ĖĎ‚Ėą‚Ėą  ‚Ėą‚Ėď                  
      ‚ĖĎ ‚Ėí‚Ėą‚Ėą‚Ėą‚Ėą‚Ėą‚Ėą‚Ėą‚Ėą‚Ėď‚Ėą‚Ėą‚ĖÄ‚Ėą  ‚Ėí   ‚ĖĎ‚ĖĎ‚ĖĎ‚Ėą‚Ėí‚ĖĎ‚Ėą‚Ėą‚Ėí ‚Ėą ‚Ėą‚ĖÄ‚Ėą‚Ėí              ‚Ėą‚ĖÄ‚Ėą‚Ėď‚Ėą‚Ėą‚Ėą‚Ėą‚ĖĄ‚Ėą   ‚ĖÄ‚ĖÄ‚Ėą‚Ėą‚ĖĄ    ‚ĖÄ    ‚ĖĎ‚Ėą‚ĖĄ      ‚Ėí‚Ėí‚Ėą‚Ėą‚Ėą‚Ėí                  
     ‚Ėď  ‚ĖĄ‚Ėą‚Ėą‚Ėą‚Ėą‚Ėą‚Ėą‚Ėą‚Ėď‚ĖĄ‚Ėď  ‚Ėą‚Ėą       ‚ĖĎ‚ĖĄ‚Ėą‚Ėí‚Ėą‚ĖĄ‚Ėí‚Ėą‚Ėí ‚Ėą‚Ėą‚Ėą‚ĖĎ‚ĖĎ    ‚ĖĎ ‚ĖĎ‚Ėą   ‚ĖĎ‚Ėą ‚Ėą‚ĖÄ‚ĖĎ ‚Ėí‚ĖÄ‚ĖÄ‚ĖÄ     ‚ĖĄ ‚Ėą‚Ėą‚Ėą‚Ėą‚Ėą‚ĖĄ‚ĖĄ ‚ĖĎ‚ĖĎ‚Ėď‚ĖĄ‚Ėą‚Ėą‚Ėą‚Ėą      ‚Ėí‚Ėí‚Ėí                   
    ‚ĖĄ‚Ėą‚Ėą‚Ėí‚Ėą‚Ėą‚Ėą‚Ėą‚ĖĄ‚Ėą‚Ėą‚Ėą‚Ėą‚ĖĎ‚ĖĎ‚ĖĎ  ‚Ėą‚Ėą     ‚ĖĎ‚ĖĄ‚Ėą‚Ėą‚Ėą‚Ėď‚Ėą‚Ėą‚Ėą‚Ėď‚Ėą‚Ėí‚Ėą‚Ėą‚Ėą‚Ėí     ‚Ėą ‚Ėí‚Ėą ‚ĖĄ‚Ėą‚ĖĎ             ‚ĖĄ‚Ėą‚Ėą‚ĖĄ‚Ėí‚ĖĎ‚Ėí‚Ėą‚Ėą‚Ėą‚Ėą‚Ėą‚Ėą‚Ėą‚Ėą‚Ėą‚Ėą‚Ėą‚Ėą‚Ėą‚Ėą   ‚ĖĎ                      
  ‚ĖĎ‚Ėą‚Ėą‚Ėą ‚Ėą‚Ėą‚Ėą‚Ėą‚Ėą‚Ėą‚Ėą‚Ėą‚ĖÄ‚Ėą‚ĖĎ    ‚ĖĎ‚Ėą    ‚ĖĎ  ‚Ėí‚ĖĄ‚Ėą‚Ėą‚Ėí‚Ėą‚Ėą‚Ėí‚ĖĄ‚Ėą‚Ėą‚Ėą‚Ėą‚Ėą    ‚ĖĎ‚ĖÄ‚Ėą‚Ėí‚Ėą‚Ėą‚Ėą‚Ėą‚ĖĄ            ‚ĖĎ ‚ĖÄ‚Ėą‚Ėą‚Ėą‚Ėą‚ĖĄ‚ĖĎ‚ĖĎ  ‚ĖĎ‚ĖĄ‚Ėą‚ĖÄ‚Ėą‚Ėą‚Ėą‚Ėą‚Ėą‚Ėą‚ĖĎ  ‚ĖĎ                      
  ‚Ėą‚Ėą‚Ėą ‚Ėď‚Ėą‚Ėą‚Ėą‚Ėą‚Ėą‚Ėą‚Ėą‚Ėą‚Ėď‚Ėą‚Ėď‚Ėí‚ĖĎ    ‚ĖÄ‚Ėą    ‚ĖĄ‚ĖĎ‚ĖĎ‚ĖĄ‚Ėď‚Ėí‚Ėą‚Ėď‚Ėą‚Ėą‚Ėą‚Ėą‚Ėą‚Ėą‚Ėą‚ĖĄ   ‚Ėą‚Ėą‚Ėą‚Ėą‚Ėą‚Ėą‚Ėą‚Ėą‚Ėą‚Ėą‚ĖĎ        ‚ĖĄ‚Ėą‚Ėą‚ĖĎ ‚ĖĎ‚Ėą‚Ėą‚Ėą‚Ėą‚Ėą‚ĖĄ‚Ėď‚Ėď‚Ėą‚Ėą     ‚ĖÄ‚Ėą‚Ėą‚Ėą‚ĖĎ                        
  ‚Ėą‚Ėą‚Ėą‚Ėą‚Ėď‚Ėą‚Ėą‚Ėą‚Ėą‚Ėą‚Ėą‚Ėą‚Ėą‚Ėą‚Ėą‚Ėą‚Ėí‚ĖĎ‚ĖĎ     ‚Ėą ‚ĖĎ‚Ėą‚Ėí‚Ėą‚ĖÄ‚ĖĄ‚Ėď‚ĖĄ‚Ėą‚Ėą‚Ėą‚Ėą‚ĖÄ‚Ėą‚Ėą‚Ėą‚Ėą‚Ėą‚Ėą‚ĖĄ‚Ėą‚Ėą‚Ėą‚Ėą‚Ėą‚Ėą‚Ėą‚Ėą‚Ėą‚Ėą‚Ėą‚Ėą‚Ėą‚Ėą‚ĖĎ ‚Ėą‚Ėą‚Ėą‚ĖĎ‚Ėą‚Ėą‚Ėą‚Ėą‚ĖĎ‚ĖĎ‚ĖĎ‚ĖÄ‚Ėą‚Ėą‚Ėą‚Ėą‚Ėą‚Ėą‚ĖĄ‚Ėď‚ĖĎ‚ĖĎ‚ĖĎ   ‚ĖĎ‚Ėą‚Ėą‚Ėą‚ĖĎ                       
  ‚Ėí‚ĖÄ‚ĖÄ‚Ėą‚Ėď‚Ėí‚Ėą‚Ėą‚Ėą‚Ėą‚Ėą‚Ėą‚Ėą‚Ėą‚Ėą‚Ėą‚Ėí‚ĖĎ      ‚ĖĎ‚Ėą‚ĖĎ‚Ėą‚ĖĄ‚ĖĄ ‚ĖĄ‚Ėą ‚Ėą‚Ėí‚Ėą‚Ėą‚Ėď‚Ėą‚Ėą‚Ėą‚Ėą‚Ėą‚Ėą‚Ėą‚Ėą‚Ėą‚Ėą‚Ėą‚Ėą‚Ėą‚Ėą‚Ėą‚Ėą‚Ėą‚Ėą‚Ėą‚Ėą‚Ėą‚ĖĎ ‚Ėą‚Ėą‚Ėą  ‚ĖĎ‚Ėą‚Ėą‚Ėą‚Ėí‚ĖĎ ‚ĖĎ‚ĖÄ‚Ėą‚Ėą‚Ėą‚Ėą‚Ėą‚Ėą‚ĖĄ  ‚ĖĎ    ‚Ėą‚Ėą‚Ėą‚Ėą‚ĖĎ                     
 ‚Ėí‚ĖĎ‚ĖĎ ‚Ėą‚Ėą‚Ėą‚Ėą‚Ėą‚Ėí‚Ėą‚Ėą‚Ėą‚Ėą‚Ėą‚Ėą‚Ėą‚Ėí‚ĖĎ        ‚ĖÄ‚Ėą‚Ėí‚Ėą‚ĖÄ‚ĖÄ‚Ėą‚Ėí‚Ėą‚Ėď‚ĖÄ‚Ėą‚Ėą‚ĖĄ‚Ėą‚Ėą‚Ėą‚Ėą‚Ėą‚Ėą‚Ėą‚Ėą‚Ėą‚Ėą‚Ėą‚Ėą‚Ėą‚Ėą‚Ėą‚Ėí‚Ėą‚Ėą‚Ėą‚Ėą  ‚Ėą‚Ėą‚Ėą‚Ėí  ‚Ėą‚Ėą‚Ėą‚Ėą‚Ėí  ‚ĖĎ‚ĖĎ‚Ėą‚Ėą‚Ėą‚Ėą‚Ėą‚Ėą‚Ėą‚Ėą‚ĖĄ‚Ėí    ‚Ėą‚Ėą‚Ėą‚Ėą‚ĖĎ                    
  ‚Ėí ‚ĖĄ‚Ėą‚Ėą‚Ėą‚Ėą  ‚Ėą‚Ėą‚Ėą‚Ėą‚Ėą‚Ėą‚Ėą‚Ėď‚ĖĎ‚ĖĎ‚ĖĎ        ‚ĖÄ‚Ėą‚Ėą‚Ėď‚ĖÄ‚Ėď‚ĖÄ‚Ėď‚ĖĄ‚Ėď‚ĖĄ‚Ėď‚Ėą‚Ėą‚Ėą‚Ėą‚Ėą‚Ėą‚Ėą‚Ėą‚Ėą‚Ėą‚ĖÄ‚ĖÄ‚Ėą‚Ėą‚ĖÄ ‚Ėą‚Ėą‚Ėą‚Ėą  ‚Ėą‚Ėą‚Ėą‚Ėą  ‚Ėí‚Ėą‚Ėą‚Ėą‚Ėą‚ĖĄ‚Ėí ‚ĖĎ‚ĖĎ‚ĖÄ‚Ėą‚Ėą‚Ėą‚Ėą‚Ėą‚Ėą‚Ėą‚Ėą‚Ėą‚Ėď   ‚Ėą‚Ėą‚Ėą‚Ėą‚ĖĎ                   
  ‚ĖĄ‚Ėą‚Ėą‚Ėą‚Ėą‚Ėą‚ĖÄ ‚Ėą‚Ėą‚Ėą‚Ėą‚Ėą‚Ėą‚Ėą‚Ėą‚Ėą‚ĖĎ‚ĖĎ‚ĖĎ  ‚ĖĎ ‚Ėą‚Ėą‚Ėą‚ĖĄ   ‚Ėą‚ĖÄ‚ĖĎ ‚ĖĄ‚Ėď‚Ėí‚Ėą‚Ėą‚Ėí‚Ėą‚Ėą‚Ėą‚Ėą‚Ėą‚Ėą‚Ėą‚ĖÄ  ‚ĖĎ‚Ėą‚Ėą‚ĖĎ‚Ėí ‚Ėą‚Ėą‚ĖĎ  ‚Ėą‚Ėą‚Ėą‚Ėą‚Ėí  ‚Ėí‚Ėą‚Ėą‚Ėą‚Ėą‚ĖĄ‚Ėí ‚ĖĎ‚ĖĎ ‚ĖÄ‚Ėą‚Ėą‚Ėą‚Ėą‚Ėą‚Ėą‚Ėą‚Ėą‚Ėą   ‚ĖĎ‚Ėą‚Ėą‚Ėą‚ĖĎ                  
 ‚Ėą‚Ėą‚Ėą‚Ėą‚Ėą‚Ėą ‚Ėą‚Ėą‚Ėą‚Ėą‚Ėą ‚Ėą‚Ėą‚Ėą‚Ėą‚Ėą‚Ėď ‚ĖĎ  ‚ĖĎ‚ĖĎ‚Ėą‚Ėą‚Ėď‚Ėď‚Ėą‚ĖĄ‚Ėą‚Ėí‚Ėí‚Ėď‚Ėď‚Ėď‚Ėď‚Ėą‚ĖĄ‚Ėą‚ĖĎ‚Ėą  ‚Ėí‚ĖÄ‚Ėą‚Ėą ‚ĖĎ ‚Ėą‚Ėą‚Ėą‚Ėą‚Ėą‚Ėą‚Ėą‚Ėą‚ĖĎ  ‚Ėą‚Ėą‚Ėą‚Ėą‚Ėą‚ĖĎ‚ĖĎ ‚Ėą‚Ėą‚Ėą‚Ėą‚Ėą‚ĖĄ‚ĖĎ  ‚ĖĎ  ‚Ėą‚Ėą‚Ėą‚Ėą‚Ėą‚Ėą‚Ėą‚Ėą‚Ėą  ‚ĖĎ ‚Ėą‚Ėą‚Ėą‚Ėí  ‚Ėą              
‚Ėą‚Ėą‚Ėą‚Ėí‚Ėą‚ĖÄ ‚Ėą‚Ėą‚Ėą‚Ėą‚Ėą‚Ėą‚Ėą‚Ėą‚Ėą‚Ėą‚Ėą‚Ėą‚Ėď‚Ėď‚ĖĎ ‚ĖĎ  ‚Ėí‚Ėí‚Ėď‚Ėď‚Ėď‚Ėí‚Ėí‚Ėí‚Ėí‚Ėí‚Ėí‚Ėí‚Ėď‚Ėą‚Ėą‚Ėą‚Ėą‚Ėą‚Ėą‚Ėą ‚ĖĎ‚Ėď‚Ėą‚ĖÄ‚ĖĄ ‚ĖĎ‚Ėą‚Ėą‚ĖĎ‚Ėą‚Ėą‚Ėą‚Ėą   ‚Ėą‚Ėą‚Ėą‚Ėą‚Ėą   ‚Ėí‚Ėą‚Ėą‚Ėą‚Ėą‚Ėą‚Ėą‚ĖĎ‚ĖĎ  ‚ĖĎ ‚ĖÄ‚Ėą‚Ėą‚Ėą‚Ėą‚Ėą‚Ėą‚Ėą    ‚ĖĎ‚Ėą‚Ėą‚ĖĎ‚Ėí‚Ėą‚Ėď              
‚Ėą‚Ėą‚Ėą   ‚ĖĎ‚Ėą‚Ėą‚Ėą‚Ėą‚Ėą‚Ėą‚Ėą‚Ėą‚Ėą‚Ėą‚Ėą‚Ėą‚Ėą‚Ėą ‚Ėí‚Ėí‚ĖĎ‚ĖĎ‚Ėí‚Ėą‚Ėď‚Ėď‚Ėí‚Ėí   ‚ĖĎ  ‚Ėí‚Ėą‚Ėą‚Ėą‚Ėą‚Ėą‚Ėą‚Ėą‚Ėą‚Ėą‚ĖĄ‚Ėď‚ĖĎ ‚ĖĄ‚Ėą‚Ėą‚Ėą‚Ėď‚Ėą‚Ėą‚Ėą‚ĖĎ ‚ĖĎ‚ĖĄ‚Ėą‚Ėą‚Ėą‚Ėą‚Ėą‚Ėí ‚ĖĎ‚ĖĎ‚ĖÄ‚Ėą‚Ėą‚Ėą‚Ėą‚Ėą‚Ėą‚ĖĎ‚ĖĎ‚ĖĎ ‚ĖĎ‚ĖĎ‚Ėí‚ĖÄ‚Ėą‚Ėą‚Ėą‚Ėą‚Ėą‚ĖĎ    ‚ĖĎ‚Ėą‚Ėą‚Ėą‚Ėď               
‚Ėą‚Ėą‚Ėą‚Ėą‚Ėą ‚Ėí‚ĖĎ‚ĖÄ‚ĖÄ‚Ėą‚Ėą‚Ėą‚Ėą‚Ėą‚Ėą‚Ėą‚Ėą‚Ėą‚Ėą‚Ėą  ‚ĖĎ‚Ėą‚ĖĎ ‚Ėą‚Ėď‚Ėí‚Ėí       ‚Ėí‚Ėą‚Ėą‚Ėą‚Ėą‚Ėą‚Ėą‚Ėą‚Ėą‚Ėą‚Ėą‚ĖĄ‚Ėď‚Ėą‚Ėą‚Ėą‚Ėą‚Ėą ‚Ėą‚Ėą‚Ėą ‚ĖĎ‚Ėą‚ĖÄ‚Ėí‚ĖĎ‚Ėą‚Ėą‚Ėą‚Ėą  ‚ĖĄ‚Ėí‚Ėą‚Ėą‚Ėą‚Ėą‚Ėą‚Ėą‚Ėą‚ĖĎ‚Ėí  ‚ĖĎ‚ĖĎ ‚ĖĎ‚Ėą‚Ėą‚Ėą‚Ėą‚Ėą      ‚Ėą‚Ėą‚Ėí               
 ‚Ėď‚Ėą‚Ėą‚Ėą‚Ėą‚Ėą‚Ėą‚ĖĄ ‚ĖĎ‚ĖÄ‚Ėą‚Ėą‚Ėą‚Ėą ‚Ėą‚Ėą‚Ėą‚Ėď  ‚ĖĎ‚Ėą ‚Ėí‚Ėď‚Ėí‚Ėí ‚ĖĎ‚ĖĎ ‚ĖĎ‚Ėą‚Ėą‚Ėą‚Ėí‚Ėą‚Ėą‚Ėą‚Ėą‚Ėą‚Ėą‚Ėą‚Ėą‚Ėą‚Ėą‚Ėą‚Ėď‚ĖÄ‚Ėą‚Ėą‚ĖÄ‚Ėď‚Ėí‚Ėą‚Ėą‚Ėą ‚Ėą ‚ĖĎ‚Ėí ‚Ėą‚Ėą‚Ėą‚Ėą‚ĖĄ‚Ėą‚ĖĎ‚Ėą‚Ėí‚Ėą‚Ėą‚ĖÄ ‚ĖĎ‚Ėą‚Ėą ‚ĖĎ‚ĖĎ ‚ĖĎ ‚ĖĎ‚Ėí‚Ėą‚Ėą‚Ėą‚Ėą‚Ėą      ‚Ėí                
  ‚ĖÄ‚Ėą‚Ėą‚Ėą‚Ėą‚Ėą‚Ėą‚Ėą‚ĖĄ‚ĖĎ‚Ėą‚Ėą‚Ėą‚Ėą‚Ėą‚Ėą‚Ėą‚Ėą‚Ėď  ‚ĖĎ‚Ėą  ‚Ėą‚Ėí‚Ėí‚Ėí‚ĖĎ ‚ĖĎ‚ĖĎ‚Ėą‚Ėą‚Ėą‚Ėą‚Ėą‚Ėą‚Ėą‚Ėą‚Ėą‚Ėą‚Ėą‚Ėą‚Ėą‚Ėą‚Ėą‚Ėą  ‚Ėď‚ĖĎ ‚Ėą‚Ėą‚Ėą‚Ėą ‚Ėą‚Ėí‚ĖĎ‚Ėí‚Ėí‚Ėí‚Ėą‚Ėą‚Ėą‚Ėą‚Ėí‚ĖÄ ‚ĖĄ‚Ėí‚Ėą‚ĖĎ ‚ĖĄ‚Ėą‚Ėą‚Ėą‚ĖĎ   ‚ĖĎ‚ĖĎ ‚ĖĎ‚ĖÄ‚Ėą‚Ėą‚Ėą‚ĖĎ‚ĖĎ                     
 ‚ĖĎ ‚ĖĎ‚ĖĎ‚Ėą‚ĖÄ‚Ėą‚Ėą‚Ėą‚Ėą‚Ėą‚Ėą‚Ėą‚Ėą‚Ėą‚Ėą‚Ėą‚Ėą‚Ėą‚Ėď‚ĖĎ  ‚Ėą  ‚Ėą‚Ėí   ‚Ėą‚ĖĎ‚ĖĎ‚Ėą‚Ėą‚Ėą‚Ėą‚Ėą‚Ėą‚Ėą‚Ėą‚ĖĎ‚ĖĎ‚Ėą‚ĖĎ‚Ėą‚Ėą‚Ėą‚Ėą‚ĖĎ‚ĖĎ   ‚ĖÄ‚Ėą‚Ėą‚Ėą‚ĖĄ‚Ėą‚ĖĎ‚ĖĎ ‚ĖĎ‚ĖĎ‚Ėą‚Ėą‚Ėą‚ĖĎ  ‚Ėą  ‚Ėď‚Ėą‚ĖĄ‚Ėą‚Ėą‚Ėą‚Ėą‚Ėą‚ĖĎ   ‚ĖĎ‚ĖĎ ‚ĖĎ‚ĖĎ‚Ėą‚Ėą‚Ėą‚Ėą‚ĖĎ                    
 ‚ĖĎ   ‚Ėą  ‚Ėą‚Ėą‚Ėą‚ĖÄ‚Ėą‚Ėą‚Ėą‚Ėą‚Ėą‚Ėą‚Ėą‚Ėą‚Ėď   ‚Ėď‚ĖĎ ‚Ėą‚Ėí‚ĖĎ  ‚Ėą‚Ėą‚Ėą‚Ėą‚Ėą‚Ėą‚Ėą‚Ėą‚ĖĎ‚ĖĎ‚ĖĎ‚ĖĎ   ‚ĖĎ‚Ėą‚Ėą‚Ėą‚Ėą‚ĖĎ    ‚Ėí‚ĖĎ‚ĖĎ‚ĖÄ‚ĖĄ    ‚ĖĎ‚Ėą‚Ėą‚Ėą‚ĖĎ‚ĖĎ‚Ėą‚ĖÄ‚ĖĎ ‚Ėď‚ĖÄ‚Ėą‚Ėą‚Ėą‚Ėą‚Ėą‚Ėą‚Ėą‚ĖĎ ‚ĖĎ ‚ĖĎ‚ĖĎ‚Ėą ‚Ėą‚Ėą‚Ėą‚Ėą‚Ėą‚Ėą                   
   ‚ĖĎ ‚Ėą  ‚Ėí‚Ėą‚ĖĎ‚Ėí‚ĖĎ‚ĖĎ‚Ėą‚Ėą‚Ėą‚Ėą‚Ėą‚Ėď‚Ėď  ‚ĖĄ‚ĖĎ ‚ĖĄ‚ĖĎ‚Ėď‚Ėď ‚ĖĎ‚Ėą‚Ėą‚Ėą‚Ėą‚Ėą‚Ėą‚Ėą‚Ėą‚ĖĎ      ‚Ėí‚Ėą‚Ėą‚Ėą‚Ėą‚ĖĎ    ‚Ėí‚Ėí‚Ėí       ‚Ėą‚Ėą‚Ėą‚ĖĎ‚Ėí‚Ėą‚ĖĄ‚ĖĎ_‚Ėą‚Ėď‚Ėí‚Ėą‚ĖÄ‚Ėą‚Ėą‚Ėą‚Ėą‚Ėą‚ĖĄ ‚Ėą‚Ėą  ‚Ėą‚Ėą‚ĖÄ‚Ėą‚Ėą‚Ėą‚Ėą‚Ėí                  
  ‚ĖĎ‚Ėí ‚Ėí   ‚Ėą‚ĖĎ‚Ėą‚ĖĄ‚ĖĄ‚Ėą‚Ėą‚Ėą‚Ėą‚Ėď‚Ėď‚Ėą ‚Ėď ‚Ėď‚ĖĄ‚ĖĎ‚Ėď   ‚ĖĎ‚Ėą‚Ėą‚Ėą‚ĖĎ‚Ėą‚Ėą‚Ėí       ‚ĖĎ‚Ėí‚Ėí‚Ėí‚Ėą‚Ėą‚Ėą‚ĖĎ ‚Ėą‚Ėą‚Ėą‚Ėą‚Ėą   ‚ĖĎ  ‚ĖĄ‚Ėą‚Ėą‚Ėą‚ĖĎ‚ĖĎ‚Ėą‚Ėą‚Ėą‚Ėą‚Ėí‚Ėď ‚ĖĎ‚Ėí‚Ėď‚Ėą‚Ėą‚Ėą‚Ėą‚Ėą‚Ėą‚ĖĎ       ‚Ėą‚Ėą‚Ėą‚Ėí‚Ėí                 
   ‚Ėí‚ĖĎ‚Ėí  ‚Ėą‚Ėą‚ĖĎ‚Ėą‚Ėą‚Ėą‚Ėą‚Ėą‚Ėą‚Ėą‚Ėą‚Ėą‚Ėą‚ĖĄ‚Ėą‚Ėí‚Ėď‚Ėď‚Ėí   ‚Ėí‚Ėą‚Ėą‚Ėą‚ĖĎ‚Ėą‚Ėą‚Ėą         ‚ĖĎ‚Ėí‚Ėí‚Ėą‚Ėą‚Ėą‚ĖĎ‚Ėą‚Ėą‚Ėą‚Ėą‚Ėą‚Ėą‚Ėí‚Ėą  ‚ĖÄ‚Ėą‚Ėą‚Ėą‚Ėą‚Ėą‚Ėą‚ĖĎ‚Ėí‚Ėí ‚ĖĎ‚Ėą‚ĖĎ‚ĖĎ‚ĖĄ‚Ėą‚Ėą‚Ėą‚Ėą‚Ėą‚Ėą‚Ėą‚Ėą‚Ėą‚ĖĎ  ‚Ėą    ‚Ėą‚Ėą‚Ėą‚Ėí‚Ėí                
     ‚Ėą‚ĖĄ‚Ėą‚Ėď‚ĖĎ‚ĖĄ‚Ėą‚Ėą‚Ėą‚Ėą‚Ėą‚Ėą‚Ėą‚Ėą‚Ėą‚Ėą‚Ėą‚Ėí‚Ėą‚Ėď    ‚Ėí‚Ėí‚Ėą‚Ėą‚ĖĎ‚Ėą‚Ėą‚Ėí‚ĖĎ            ‚Ėí‚Ėą‚Ėą‚Ėą‚Ėą‚Ėą‚Ėą‚ĖĎ‚ĖĎ‚Ėą‚Ėą‚Ėą‚Ėí ‚Ėí‚Ėí‚Ėą‚Ėą‚Ėą‚Ėą‚Ėą ‚Ėí‚Ėí‚ĖĎ‚Ėą‚Ėą‚ĖĎ‚Ėą‚Ėą‚Ėą‚Ėą‚Ėą‚Ėą‚Ėą‚Ėą‚Ėą‚Ėą‚Ėą‚Ėą‚ĖĎ ‚Ėą‚Ėą‚Ėą‚ĖĎ  ‚Ėą‚Ėą‚Ėą‚Ėí                
 ‚Ėí‚ĖĎ‚Ėí‚ĖĄ‚Ėą‚Ėą‚Ėą‚Ėą‚Ėą‚Ėą‚Ėą‚Ėą‚Ėą‚Ėą‚Ėą‚Ėą‚Ėą‚Ėą‚Ėą‚Ėą‚Ėą‚Ėą‚Ėą‚ĖĄ  ‚ĖĎ‚Ėí ‚Ėí‚Ėą‚Ėą‚ĖĎ‚Ėą‚Ėą‚ĖĎ‚Ėí‚ĖĎ‚ĖĎ         ‚ĖĎ‚Ėí‚Ėą‚Ėą‚Ėą‚Ėą‚Ėą  ‚ĖĎ‚ĖĎ‚Ėą‚Ėą‚Ėí  ‚Ėí‚Ėí‚Ėí‚Ėí‚Ėą‚Ėą   ‚Ėą‚Ėą  ‚Ėą‚Ėą‚Ėą‚Ėą‚Ėą‚Ėą‚Ėą‚Ėą‚Ėą‚Ėą‚Ėą‚Ėą‚Ėą  ‚Ėą‚ĖĎ‚ĖĎ‚ĖĎ  ‚Ėą‚Ėą‚Ėą                
  ‚ĖĎ‚Ėą‚Ėą‚Ėą‚Ėą‚Ėą‚Ėą‚Ėą‚Ėą‚Ėą‚Ėą‚Ėą‚Ėą‚Ėą‚Ėą‚Ėą‚Ėą‚Ėą‚Ėą‚Ėą‚Ėą‚Ėą‚Ėą‚Ėą‚ĖĎ‚Ėí‚Ėí‚Ėí ‚Ėą‚Ėą‚ĖĎ‚Ėą‚Ėą‚Ėą‚Ėí‚ĖĎ‚ĖĎ          ‚ĖĎ‚Ėą‚Ėą‚Ėą‚Ėą‚ĖĎ  ‚Ėí‚Ėą‚Ėą‚Ėą‚Ėí  ‚ĖĎ‚ĖĎ‚ĖĎ‚Ėí‚Ėí‚Ėą   ‚Ėą‚Ėą‚ĖĎ‚ĖĎ‚ĖĎ‚ĖÄ‚Ėą‚Ėą‚Ėą‚Ėí‚Ėí‚Ėí‚Ėą‚Ėą‚Ėą‚Ėą‚Ėą‚Ėą    ‚ĖĎ‚ĖĎ  ‚Ėą‚Ėą‚Ėą               
 ‚Ėą‚Ėí‚Ėą‚Ėą‚Ėą‚Ėą ‚Ėą‚Ėą‚Ėą‚Ėą‚Ėą‚Ėą‚Ėą‚Ėą‚Ėą‚Ėą‚Ėą‚Ėą‚Ėą‚Ėą‚Ėą‚Ėą‚Ėą‚Ėą‚Ėą‚Ėí ‚Ėí‚Ėí‚Ėą‚Ėą‚Ėą‚Ėą‚Ėą‚Ėą‚Ėí‚Ėí‚ĖĎ‚ĖĎ         ‚Ėí‚Ėą‚Ėą‚Ėą‚Ėą‚Ėí  ‚Ėą‚Ėą‚Ėą‚Ėą  ‚ĖĎ‚ĖĎ‚ĖĎ‚ĖĎ‚ĖĎ ‚Ėí‚ĖĄ   ‚Ėą‚Ėą   ‚ĖĎ‚Ėď‚Ėą‚ĖĎ‚Ėí‚Ėí‚Ėą‚Ėą‚Ėą‚ĖÄ‚Ėą‚Ėą‚Ėą         ‚Ėą               
  ‚Ėą‚Ėą‚Ėą‚Ėą‚Ėą‚Ėą‚Ėą‚Ėą‚Ėą‚Ėą‚Ėą‚Ėą‚Ėą‚Ėą‚Ėą‚Ėą‚Ėą‚Ėą‚Ėą‚Ėą‚Ėą‚Ėą‚Ėą‚Ėą  ‚ĖĄ‚ĖĄ‚Ėď‚Ėď‚Ėą‚Ėą‚Ėą‚Ėą‚Ėą‚Ėą‚ĖĎ‚ĖĎ‚ĖĎ‚ĖĎ     ‚ĖĎ‚ĖĎ ‚Ėí‚Ėą‚ĖĎ‚Ėą‚Ėą‚Ėí  ‚ĖĎ  ‚ĖĎ ‚ĖĎ‚ĖĎ   ‚ĖĎ‚ĖĎ  ‚Ėą   ‚Ėą‚Ėą‚Ėď  ‚ĖĎ ‚Ėą‚ĖĎ‚Ėí‚Ėí‚Ėí‚ĖĎ‚ĖĎ‚ĖĎ‚Ėą‚Ėą‚Ėą  ‚ĖĎ                     
   ‚ĖÄ‚ĖĎ‚Ėą‚Ėą‚Ėą‚Ėą‚Ėą‚Ėą‚Ėą‚Ėą‚Ėą‚Ėą‚Ėą‚Ėą‚Ėą‚Ėą‚Ėą‚Ėą‚Ėą‚Ėą‚Ėą‚Ėą‚ĖĎ ‚Ėą‚Ėą‚Ėą‚Ėą‚Ėď‚Ėą‚Ėą‚Ėą‚Ėą‚ĖĎ‚ĖĎ‚Ėí‚ĖĎ‚ĖĎ‚ĖĎ‚ĖĎ‚ĖĎ  ‚ĖĎ‚ĖĎ ‚Ėí‚Ėą‚Ėą‚ĖĎ‚ĖĎ‚Ėą‚Ėą‚Ėí  ‚ĖĎ‚ĖĎ‚ĖĎ‚ĖĎ‚ĖĎ‚ĖĎ     ‚ĖĎ    ‚ĖĎ  ‚ĖÄ‚ĖÄ‚ĖÄ‚ĖĄ‚ĖĄ‚Ėą‚Ėą‚ĖĎ‚Ėí‚Ėí‚ĖĎ‚ĖĎ‚ĖĎ‚Ėí‚Ėą‚Ėą‚Ėą     ‚ĖĎ                 
       ‚Ėą‚ĖĎ‚ĖÄ‚Ėą‚Ėą‚Ėą‚Ėą‚Ėą‚Ėą‚Ėą‚Ėą‚Ėą‚Ėą‚Ėą‚Ėą‚Ėą‚Ėą‚ĖĎ‚ĖĎ‚ĖĎ‚Ėí‚ĖÄ‚Ėą~‚Ėď‚Ėď‚Ėą‚Ėą‚Ėą‚ĖĎ‚Ėą‚Ėą‚Ėą‚Ėí‚ĖĎ‚ĖĎ‚ĖĎ‚ĖĎ ‚ĖĎ ‚ĖĎ‚Ėą‚Ėą‚ĖĎ‚ĖĎ‚ĖĎ‚ĖĎ‚Ėą‚Ėą‚Ėą‚Ėí   ‚ĖĎ‚ĖĎ ‚Ėą‚Ėą‚Ėą‚Ėą    ‚Ėí‚Ėí‚Ėí‚ĖĎ‚ĖĎ‚ĖĎ‚ĖĎ ‚ĖĎ‚ĖĎ ‚Ėą‚ąô‚ĖĎ‚ĖĎ‚Ėí ‚Ėí ‚Ėą‚Ėą‚Ėą‚Ėą  ‚ĖĎ‚ĖĎ                  
          ‚Ėą‚Ėą‚Ėą‚Ėą‚Ėą‚Ėą‚Ėą‚Ėą‚Ėą‚Ėą‚Ėą‚Ėą‚Ėą‚Ėą‚Ėď‚Ėí‚ĖĎ‚ĖĎ‚ĖĎ‚Ėą‚Ėí‚ĖĎ‚ĖĎ‚Ėď‚Ėď‚Ėą‚Ėą‚Ėą‚Ėą‚Ėą‚Ėą‚Ėí‚Ėí‚Ėí‚Ėí‚ĖĎ‚ĖĎ‚Ėą‚Ėą‚Ėą‚ĖĎ ‚ĖĎ‚Ėą‚Ėą‚Ėą‚Ėą‚Ėą‚Ėą‚Ėą‚Ėą ‚ĖĎ ‚Ėą‚Ėą‚ĖĎ ‚Ėą‚Ėą‚Ėą‚Ėą‚Ėą‚ĖĎ‚Ėí‚Ėí‚Ėą‚Ėą‚Ėą‚Ėą‚Ėą‚Ėą‚ĖĎ‚ĖĎ‚ĖĎ‚ĖĎ ‚ĖĎ‚Ėí‚Ėí‚Ėí ‚Ėí‚Ėą‚Ėą‚Ėą‚Ėą  ‚ĖĎ                  
          ‚ĖĄ‚Ėą‚Ėą‚Ėą‚Ėą‚Ėą‚Ėą‚Ėą‚Ėą‚Ėą‚Ėą‚Ėą‚Ėą‚Ėą‚Ėí‚Ėď‚Ėď‚Ėď‚ĖĄ‚Ėą‚ĖĎ‚ĖĎ‚ĖĄ‚Ėď‚Ėď‚Ėď‚Ėď‚Ėą‚Ėą‚Ėą‚Ėą‚Ėą‚Ėą‚Ėą‚Ėą‚Ėą‚Ėą‚Ėą‚Ėą‚ĖĎ‚ĖĎ‚ĖĎ‚Ėą‚Ėą‚ĖĎ‚ĖĎ‚Ėą‚Ėą‚Ėą‚Ėą‚Ėą‚Ėą  ‚Ėą‚Ėą‚ĖĎ‚ĖĎ‚Ėą‚Ėą‚Ėí‚Ėí‚Ėą‚Ėí‚Ėą‚Ėą‚Ėą‚Ėą‚Ėą‚Ėą‚Ėą‚Ėą‚Ėą‚Ėą  ‚ĖĎ‚ĖĎ ‚ĖĎ‚ĖĎ ‚Ėí‚Ėí‚Ėą‚Ėą‚Ėą‚Ėą                    
         ‚Ėą‚Ėą‚Ėą‚Ėą‚Ėą‚Ėą‚Ėą‚Ėą‚Ėą‚Ėą‚Ėą‚Ėą‚Ėą‚Ėą‚Ėą‚Ėą‚Ėą‚Ėď‚Ėą‚Ėą‚ĖĎ‚Ėď‚ĖÄ‚ĖÄ‚Ėą‚Ėď‚Ėď‚Ėą‚Ėą‚Ėą‚Ėą‚Ėą‚Ėą‚Ėą‚Ėą‚Ėą‚Ėą‚Ėą‚Ėą‚ĖĎ   ‚Ėą‚Ėą‚Ėą‚ĖĎ‚Ėą‚ĖĎ‚ĖĎ‚Ėą‚Ėą‚Ėą‚Ėą  ‚Ėą‚Ėą‚Ėą‚Ėą  ‚Ėą‚Ėą‚Ėą‚Ėą‚Ėą‚Ėą‚Ėą‚Ėą‚Ėą‚Ėą‚Ėą‚Ėą‚Ėą‚Ėą‚ĖĎ ‚ĖĎ‚ĖĎ‚ĖĎ‚ĖĎ‚ĖĎ ‚Ėí‚ĖĎ‚ĖĎ‚Ėą‚Ėą‚Ėą                   
       ‚Ėí‚Ėą‚Ėą‚Ėą‚Ėą‚Ėą‚Ėą‚Ėą‚Ėą‚Ėą‚Ėą‚Ėą‚Ėą‚Ėą‚Ėą‚Ėą‚Ėą‚Ėą‚Ėą‚Ėą‚Ėą‚ĖĎ‚ĖĎ‚Ėď‚ĖĎ‚ĖĄ‚Ėą‚Ėą‚Ėą‚Ėí‚Ėí‚Ėą‚Ėą‚Ėą‚Ėą‚Ėď‚Ėď‚Ėď‚ĖĎ        ‚Ėą‚Ėą‚Ėą ‚ĖĎ‚ĖĎ‚ĖĎ‚Ėą‚Ėą‚Ėą ‚Ėą‚Ėą‚Ėą‚ĖĎ  ‚Ėą‚Ėą‚Ėą‚Ėą‚Ėą‚ĖĎ‚ĖĎ ‚Ėí‚ĖĎ‚ĖĎ‚Ėą‚Ėą‚Ėą‚ĖĎ ‚ĖĎ‚ĖĎ‚ĖĎ‚ĖĎ‚ĖĎ ‚Ėí‚ĖĎ‚Ėí‚Ėí‚ĖĎ‚Ėą‚Ėą                  
       ‚Ėą‚Ėą‚Ėą‚Ėą‚Ėą‚Ėą‚Ėą‚Ėą‚Ėą‚Ėą‚Ėą‚Ėą‚Ėą‚Ėą‚Ėą‚Ėą‚Ėą‚Ėą‚Ėą‚Ėą‚ĖĄ‚ĖĄ‚ĖĄ‚ĖĄ‚Ėą‚Ėą‚Ėą‚Ėą‚Ėą‚Ėą‚ĖĄ‚Ėí‚ĖĎ‚ĖĎ ‚ĖĎ‚ĖĎ  ‚ĖĄ‚Ėą           ‚ĖĎ‚ĖĎ‚Ėą‚Ėą‚Ėą ‚Ėą‚Ėą‚ĖĎ‚ĖĎ  ‚Ėą‚Ėą‚Ėą‚Ėą‚Ėą‚ĖĎ‚Ėí ‚ĖĎ‚ĖĎ‚ĖĎ‚Ėą‚Ėą‚Ėą‚ĖĎ ‚ĖĎ‚ĖĎ‚ĖĎ ‚ĖĎ   ‚Ėí‚Ėí‚ĖĎ‚ĖĎ‚Ėą‚Ėą                 
     ‚ĖĎ ‚Ėí‚ĖÄ‚Ėą‚Ėą‚Ėą‚Ėą‚Ėą‚Ėą‚Ėą‚Ėą‚Ėą‚Ėą‚Ėą‚Ėą‚Ėą‚Ėą‚Ėą‚Ėą‚Ėą‚Ėą‚Ėą‚Ėą‚Ėą‚Ėą‚Ėą‚Ėą‚Ėą‚Ėą‚Ėą‚Ėą‚Ėą‚ĖĄ‚ĖĎ‚ĖĎ ‚ĖĄ‚Ėą‚Ėą‚Ėą‚Ėą  ‚Ėą‚ĖĎ‚Ėí ‚ĖĎ   ‚ĖĎ‚ĖĎ‚ĖĎ‚Ėą‚Ėą‚Ėą‚Ėí ‚Ėą‚Ėą‚ĖĎ   ‚Ėą‚Ėą‚Ėą‚Ėą‚ĖĎ ‚Ėí   ‚ĖĎ ‚Ėą‚Ėą‚Ėą ‚ĖĎ‚ĖĎ‚ĖĎ  ‚ĖĎ‚Ėą‚Ėą‚Ėą‚Ėą‚Ėą‚ĖĎ‚ĖĎ‚Ėą‚Ėď                
        ‚ĖĎ‚ĖĎ ‚Ėď‚ĖĎ‚ĖÄ‚ĖÄ‚Ėą‚Ėą‚Ėą‚Ėą‚Ėą‚Ėą‚Ėą‚Ėą‚Ėą‚Ėą‚Ėą‚Ėą‚Ėą‚Ėą‚Ėą‚ĖÄ‚ĖĎ‚ĖÄ‚Ėą‚Ėą‚Ėą‚Ėą‚Ėą‚Ėą‚Ėą‚Ėą‚Ėą‚Ėą‚ĖÄ‚ĖÄ‚ĖÄ   ‚Ėą‚Ėą‚Ėí‚Ėí‚Ėí‚Ėą‚Ėí ‚ĖĎ  ‚Ėą‚Ėą‚Ėą‚Ėí ‚Ėą‚Ėą‚Ėą  ‚Ėą‚Ėą‚Ėą‚Ėą‚Ėą‚ĖĎ   ‚Ėą   ‚ĖĎ‚Ėą‚Ėą  ‚ĖĎ‚ĖĎ ‚ĖĎ‚Ėą‚Ėą‚Ėą‚Ėą‚Ėą‚Ėą‚Ėą‚Ėą‚Ėą‚Ėď                
      ‚ĖĎ‚ĖĎ   ‚Ėí ‚ĖĎ‚Ėí ‚Ėí‚Ėą‚Ėą‚Ėą‚Ėą‚Ėą‚Ėą‚Ėą‚Ėą‚Ėą‚Ėą‚Ėą‚Ėą‚Ėą‚Ėą‚Ėí‚Ėą‚Ėą‚Ėą‚Ėą‚Ėą‚ĖÄ‚ĖĎ‚Ėí‚Ėí     ‚ĖĎ‚ĖĎ ‚Ėí‚ĖĎ‚Ėą‚Ėą‚Ėą‚Ėą‚Ėą‚Ėí  ‚ĖĎ‚Ėą‚Ėą‚Ėą‚Ėí ‚Ėí‚Ėą‚Ėą  ‚Ėą‚Ėą‚Ėą‚Ėą‚Ėí‚ĖĎ ‚Ėą‚Ėą     ‚ĖĎ‚Ėą    ‚ĖĎ‚Ėą‚Ėą‚Ėą‚Ėą‚Ėą‚Ėą‚Ėą‚Ėą‚Ėą‚Ėą‚ĖĎ                
        ‚ĖĎ‚Ėí‚ĖĎ‚ĖĎ ‚ĖĎ‚Ėď‚ĖĄ‚Ėą‚Ėą‚Ėą‚Ėą‚Ėą‚Ėą‚Ėą‚Ėą‚Ėą‚Ėą‚Ėą‚Ėą‚Ėą‚Ėą‚Ėą‚Ėą‚Ėą‚Ėą‚Ėą‚Ėí‚Ėí‚Ėí‚Ėí‚Ėí ‚ĖĎ   ‚ĖĎ‚ĖĎ  ‚ĖĎ‚Ėí‚Ėą‚Ėą‚Ėą‚Ėą‚Ėą‚Ėą‚Ėí‚ĖĎ‚Ėą‚Ėą‚Ėą‚Ėą‚Ėí ‚Ėí‚Ėą‚Ėą  ‚Ėí‚Ėą‚ĖĎ‚Ėą‚Ėí‚Ėí ‚Ėą‚Ėą ‚Ėí  ‚Ėą‚Ėą‚ĖĎ    ‚ĖĎ‚Ėą‚Ėą‚Ėą  ‚Ėą‚Ėą‚Ėą‚Ėą‚ĖĎ‚ĖĎ                
       ‚Ėí ‚ĖĎ  ‚Ėď‚Ėą‚Ėą‚Ėą‚Ėą‚Ėą‚Ėą‚Ėą‚Ėą‚Ėą‚Ėą‚Ėą‚Ėą‚Ėą‚Ėą‚ĖÄ‚Ėí‚ĖÄ‚Ėą‚Ėą‚ĖĎ‚Ėą‚ĖĎ‚ĖĎ‚ĖĎ‚ĖĎ   ‚ĖĎ‚ĖĎ‚ĖĎ‚ĖĎ‚ĖĎ     ‚ĖĎ‚Ėą‚Ėą‚Ėą‚Ėą‚Ėą‚Ėą‚Ėą‚Ėą‚Ėą‚Ėą‚Ėą  ‚Ėí‚Ėą‚Ėą  ‚Ėí‚Ėą‚Ėą‚Ėą‚Ėą‚Ėí‚Ėí ‚Ėą‚Ėą‚Ėí‚Ėí‚Ėą‚Ėą‚ĖĎ    ‚ĖĎ‚ĖĎ‚Ėą‚Ėą‚ĖĎ   ‚Ėą‚Ėą‚ĖĎ‚ĖĎ                 
      ‚ĖĎ ‚ĖĎ‚ĖĎ ‚ĖĎ‚ĖĎ‚Ėą‚Ėą‚Ėą‚Ėą‚Ėą‚Ėą‚Ėą‚ĖĎ‚ĖÄ‚ĖÄ‚ĖĎ‚ĖĎ‚ĖĎ‚ĖĄ‚ĖĄ‚ĖĎ‚ĖĎ‚ĖÄ‚ĖÄ‚Ėí‚Ėí‚ĖĎ ‚ĖĎ‚Ėí    ‚ĖĎ‚ĖĎ  ‚ĖĎ‚ĖĎ   ‚ĖĎ‚ĖĎ‚Ėą‚Ėą‚Ėą‚Ėą‚Ėą‚Ėą‚Ėą‚Ėą‚Ėď‚Ėď ‚Ėí‚Ėą‚Ėą‚Ėą ‚Ėí‚Ėí‚Ėą‚Ėą‚Ėą‚Ėą‚Ėą‚Ėą‚Ėą‚Ėą‚Ėą‚Ėą‚Ėą‚Ėą‚Ėą‚ĖĎ ‚Ėą‚Ėą‚Ėą‚Ėą ‚Ėą‚Ėą‚Ėí‚Ėí ‚Ėą‚Ėą‚ĖĎ‚ĖĎ                  
        ‚ĖĎ ‚Ėí ‚Ėď‚Ėí‚Ėą‚Ėą‚Ėą‚Ėą‚Ėą‚Ėą‚Ėą‚ĖĄ‚ĖĄ‚ĖĄ‚Ėą‚Ėą‚Ėą‚Ėą‚Ėą‚Ėą‚Ėí‚ĖĎ‚Ėí‚ĖĎ‚ĖĎ‚Ėí‚Ėí‚ĖĎ ‚Ėí‚Ėí  ‚ĖĄ‚ĖĎ‚ĖĎ‚Ėą‚ĖĄ‚ĖĎ   ‚ĖĎ‚Ėą‚Ėą‚Ėą‚Ėą‚Ėą‚Ėą‚Ėď‚Ėď‚Ėď  ‚Ėí‚Ėą‚Ėą‚Ėą ‚Ėí‚Ėą‚Ėą‚Ėą‚ĖĎ‚Ėą‚Ėą‚Ėą‚Ėą‚Ėą‚Ėą‚Ėą‚Ėą‚Ėą‚ĖĎ ‚Ėą‚Ėą‚ĖĎ ‚Ėą‚Ėą‚Ėą‚Ėą‚Ėą‚Ėí‚ĖĎ                      
      ‚ĖĎ ‚ĖÄ  ‚ĖĎ ‚Ėí‚ĖĎ‚Ėí‚Ėď‚ĖÄ‚Ėą‚Ėą‚Ėą‚Ėą‚Ėą‚Ėą‚Ėą‚Ėą‚Ėą‚Ėą‚Ėą‚Ėą‚Ėą‚Ėą‚Ėí‚Ėí‚Ėí‚Ėí‚Ėí‚Ėí‚Ėí‚Ėí ‚Ėą‚Ėą‚Ėą‚Ėą‚ĖÄ  ‚Ėí‚ĖĎ    ‚ĖĎ‚Ėą‚Ėą‚Ėą‚Ėą‚Ėď‚Ėď  ‚Ėí‚Ėą‚Ėą‚Ėą‚ĖĎ ‚Ėí‚Ėą‚Ėą‚Ėą‚Ėą ‚Ėą‚Ėą‚Ėą‚Ėą‚Ėą‚Ėą‚Ėą   ‚Ėą‚Ėą‚ĖĎ‚ĖĎ‚Ėą‚Ėą‚ĖĎ‚Ėą‚Ėą‚Ėí‚Ėí                      
      ‚ĖÄ    ‚ĖĎ  ‚ĖĎ  ‚ĖĎ  ‚ĖÄ‚Ėą‚Ėą‚Ėą‚Ėą‚Ėą‚Ėą‚Ėą‚Ėą‚Ėą‚Ėą‚Ėą‚Ėą‚Ėą‚Ėą‚Ėą‚Ėą‚ĖĄ ‚ĖĄ‚Ėą‚Ėą‚Ėą‚ĖÄ     ‚ĖĎ     ‚ĖĎ‚ĖĎ‚ĖĎ‚ĖĎ‚ĖĎ   ‚Ėą‚Ėą‚Ėą‚Ėą‚ĖĎ ‚Ėí‚Ėą‚Ėą‚Ėą‚Ėą     ‚Ėą‚Ėą‚Ėą    ‚Ėą‚Ėą‚Ėą‚Ėą   ‚Ėą‚Ėą‚Ėą‚Ėą‚Ėí‚Ėí                   
              ‚ĖÄ  ‚ĖÄ  ‚Ėď‚Ėą‚Ėą‚Ėą‚Ėą‚Ėą‚Ėą‚Ėą‚Ėą‚Ėą‚Ėą‚Ėí‚Ėí‚ĖĎ‚ĖíőĶ‚Ėą‚Ėą‚Ėą‚Ėą‚Ėą‚ĖÄ‚Ėą     ‚ĖĎ‚Ėí‚ĖĎ ‚ĖĎ   ‚ĖĎ‚ĖĎ‚ĖĎ    ‚Ėą‚Ėą‚Ėą‚Ėą  ‚Ėí‚Ėą‚ĖĎ‚Ėą‚Ėą‚Ėí    ‚Ėą‚Ėą‚Ėą‚ĖĎ   ‚Ėą‚Ėą‚Ėą  ‚Ėą‚Ėą‚Ėą‚Ėą‚Ėą‚Ėą‚Ėą‚Ėą‚Ėí‚Ėí‚ĖĎ                
             ‚ĖĎ    ‚ĖĎ‚ĖĎ‚Ėą‚Ėą‚Ėą‚Ėą‚Ėą‚Ėą‚Ėą‚Ėą‚Ėą‚Ėí‚Ėí‚ĖĎ‚ĖĎ‚Ėí‚Ėí‚ĖĎ‚ĖĎ‚Ėą‚Ėą‚ĖĎ    ‚ĖÄ  ‚ĖĎ‚Ėí ‚ĖĎ    ‚ĖĎ‚ĖĎ    ‚Ėą‚Ėą‚Ėď‚Ėď‚ĖĎ   ‚Ėí‚Ėą‚Ėą‚Ėą‚Ėą‚ĖĎ‚ĖĎ‚Ėí  ‚Ėą‚Ėą‚Ėą‚Ėą‚ĖĎ  ‚Ėí‚Ėą‚Ėą ‚Ėą‚Ėą‚ĖĎ‚ĖĎ‚Ėą‚Ėą‚Ėí‚Ėą‚Ėą‚Ėą‚Ėą‚ĖĎ‚ĖĎ               
               ‚ĖĎ  ‚ĖĎ ‚Ėí‚Ėą‚Ėą‚Ėą‚Ėą‚Ėą‚Ėď‚Ėď‚Ėď‚Ėí‚Ėí‚Ėí‚Ėí‚Ėí‚Ėí‚ĖĎ‚ĖĎ‚Ėí ‚ĖĎ‚ĖĎ ‚ĖĎ   ‚Ėí‚ĖĎ    ‚ĖĎ‚ĖĎ‚ĖĎ     ‚Ėą‚Ėą‚Ėą‚Ėą    ‚ĖĎ‚Ėą‚Ėą‚Ėą‚Ėą‚Ėą‚ĖĎ‚ĖĎ‚Ėí‚ĖĎ  ‚Ėą‚Ėą‚Ėą‚ĖĎ‚ĖĎ ‚Ėí‚Ėą‚Ėą ‚Ėą‚Ėą‚Ėą‚ĖĎ‚Ėą‚Ėí‚Ėí  ‚Ėą‚Ėą‚Ėą‚ĖĎ               
             ‚ĖĎ       ‚Ėď‚Ėď‚Ėą‚Ėą‚Ėą‚Ėą‚Ėą‚Ėí‚Ėí‚ĖĎ‚ĖĎ‚Ėí‚Ėí‚Ėí‚ĖĎ‚ĖĎ‚ĖĎ ‚ĖĎ‚ĖĎ‚ĖĎ‚ĖĎ‚ĖĎ       ‚ĖĎ   ‚ĖĎ    ‚Ėą‚Ėą‚ĖĎ    ‚ĖĎ‚ĖĎ‚Ėą‚Ėą‚Ėą‚Ėą‚Ėą‚ĖĎ‚ĖĎ‚Ėí‚Ėą‚Ėą ‚Ėą‚Ėą‚Ėą‚Ėą‚ĖĎ ‚Ėí‚Ėą‚Ėą   ‚Ėą‚Ėą‚Ėą‚Ėí   ‚Ėí‚Ėí‚Ėą‚ĖĎ‚Ėď              
              ‚ĖĎ    ‚Ėí  ‚Ėí‚ĖĎ  ‚ĖÄ‚Ėą‚Ėą‚Ėí‚Ėí‚ĖĎ‚ĖĎ‚ĖĎ‚ĖĎ‚Ėí‚Ėí‚ĖĎ‚ĖĎ‚Ėí‚ĖĎ‚ĖĎ‚ĖĎ‚ĖĎ‚ĖĎ‚ĖĎ        ‚ĖĎ‚ĖĎ  ‚ĖĎ‚Ėą‚ĖĎ     ‚ĖĎ‚ĖĎ‚ĖĎ‚Ėí‚ĖĎ‚Ėą‚Ėą‚Ėą‚Ėą‚ĖĎ‚Ėą‚Ėą‚Ėí‚Ėą‚Ėą‚Ėą‚Ėą‚Ėą‚Ėą‚ĖĎ‚Ėą‚Ėą‚Ėą ‚ĖĎ         ‚Ėí‚Ėą‚Ėą‚Ėď              
              ‚ĖĎ            ‚Ėí‚Ėą‚Ėą‚Ėą‚ĖĄ‚Ėí‚Ėí‚ĖĎ‚ĖĎ‚Ėí‚Ėí‚Ėí‚Ėí‚ĖĎ‚Ėí‚ĖĎ‚ĖĎ ‚ĖĎ‚ĖĎ‚ĖĎ‚ĖĎ ‚ĖĎ‚ĖĎ‚ĖĎ‚ĖĎ‚ĖĎ ‚ĖĎ        ‚ĖĎ‚ĖĎ ‚ĖĎ‚Ėą‚Ėą‚Ėą‚Ėą‚Ėą‚Ėą‚Ėí‚Ėí‚Ėí‚ĖĎ‚ĖĎ‚Ėą‚Ėą‚Ėą‚Ėą‚Ėą‚Ėą‚Ėą‚Ėą‚ĖĎ‚ĖĎ‚ĖĎ‚Ėą‚Ėą‚Ėą‚Ėí     ‚Ėí‚Ėí‚Ėą               
                       ‚ĖĎ ‚Ėą‚Ėą‚Ėą‚Ėą‚Ėą‚Ėą‚ĖÄ‚Ėą‚Ėď‚Ėí‚ĖĎ‚ĖĎ‚Ėí‚Ėí‚ĖĎ‚Ėí‚Ėí‚Ėí‚Ėí‚Ėí‚Ėí‚ĖĎ‚ĖĎ‚ĖĎ‚ĖĎ‚ĖĎ‚ĖĎ‚ĖĎ‚ĖĎ‚ĖĎ‚ĖĎ ‚Ėą‚Ėą‚Ėą‚ĖĎ‚ĖĎ‚Ėą‚Ėą‚ĖĎ‚Ėą‚Ėď‚Ėą ‚Ėą‚Ėą‚Ėą‚Ėą‚Ėą‚Ėí‚Ėí‚ĖÄ‚ĖĎ‚ĖĎ‚ĖĎ‚Ėą‚Ėą‚Ėą‚Ėą‚Ėą‚Ėą‚Ėą‚Ėą‚Ėą‚Ėí‚Ėą‚Ėą‚Ėą‚Ėą‚ĖĎ    ‚Ėí‚Ėą‚Ėą‚Ėą               
                         ‚Ėą‚ĖĄ  ‚ĖĎ‚ĖĎ‚Ėí ‚Ėí‚ĖÄ‚Ėą‚ĖĄ‚ĖĄ‚Ėí‚Ėí‚Ėí‚ĖĎ‚Ėí‚Ėí‚ĖĎ‚ĖĎ‚Ėí‚Ėí‚Ėí‚Ėí‚ĖĎ‚ĖĎ‚ĖĎ‚ĖĎ‚ĖĎ‚ĖĎ‚ĖĎ‚ĖĎ‚ĖĎ‚Ėą‚Ėą‚Ėą‚Ėą‚Ėą‚Ėď‚ĖĎ‚ĖĎ‚ĖĎ‚ĖĄ‚Ėą‚Ėą‚Ėą‚Ėą‚Ėą‚Ėą‚Ėą‚Ėą‚Ėą‚Ėą‚Ėą‚Ėą‚Ėą‚ĖĎ‚Ėą‚Ėą‚Ėą‚Ėą‚Ėą‚Ėą‚Ėą‚Ėą‚Ėą‚Ėą‚Ėą‚ĖĎ‚ĖĎ ‚Ėí‚Ėí‚Ėí‚Ėą‚Ėą‚Ėą               
                       ‚ĖĎ‚ĖĎ‚ĖÄ‚Ėí‚Ėą‚Ėą‚ĖĎ‚ĖĄ‚ĖĎ  ‚ĖĎ‚ĖĎ‚Ėí‚ĖÄ‚ĖÄ‚Ėą‚Ėą‚ĖĄ‚ĖĄ‚ĖĎ‚Ėí‚ĖĎ‚ĖĎ‚ĖĎ‚ĖĎ‚Ėí‚Ėí‚Ėí‚ĖĎ‚Ėí‚Ėí‚Ėí ‚Ėą‚ĖĎ‚ĖĎ‚Ėí‚ĖĎ‚Ėí‚ĖĄ‚ĖĄ‚Ėą‚Ėą‚Ėą‚Ėą‚Ėą‚Ėą‚Ėą‚Ėí‚Ėí‚Ėí‚Ėí‚ĖÄ‚ĖÄ‚Ėď‚Ėď‚Ėď‚Ėď‚ĖĎ‚ĖĎ‚ĖĎ‚Ėą‚Ėą‚Ėą‚ĖÄ‚ĖĎ‚ĖĎ‚Ėą‚Ėą‚Ėą‚Ėą‚Ėí‚Ėí ‚Ėí‚Ėą‚Ėą‚Ėď‚Ėď               
                     ‚Ėą  ‚ĖĎ‚Ėí‚ĖĎ   ‚Ėą       ‚Ėí ‚ĖĎ ‚Ėď‚ĖÄ‚ĖÄ‚ĖĄ‚ĖĄ‚ĖĄ ‚ĖĎ‚ĖĎ‚Ėí‚Ėí‚Ėí‚Ėí‚Ėí‚Ėí‚ĖĎ‚ĖĎ‚ĖĄ‚Ėą‚Ėą‚Ėą‚Ėą‚Ėą‚Ėą‚Ėą‚Ėí ‚Ėí‚Ėí‚Ėí‚Ėí           ‚ĖĎ‚Ėą‚Ėą‚Ėą‚ĖĎ‚ĖĎ‚ĖĎ‚ĖĎ‚Ėą‚Ėą‚Ėą‚Ėą‚Ėą‚Ėą‚Ėą‚Ėą‚Ėď                 
                         ‚ĖĎ     ‚Ėą     ‚ĖĎ ‚ĖĎ ‚Ėí‚ĖĎ ‚ĖĎ‚ĖĎ‚ĖĎ‚Ėí‚Ėď‚Ėď‚Ėď‚Ėď‚Ėí‚Ėí‚Ėí‚Ėí‚ĖĄ‚Ėí‚Ėą‚Ėą‚Ėą‚Ėą‚Ėą‚Ėą‚Ėí                   ‚Ėą‚Ėą‚Ėą‚Ėď     ‚Ėą‚Ėą‚Ėą‚Ėą‚Ėą‚Ėď‚Ėď                  
                        ‚ĖĎ‚ĖĎ           ‚ĖÄ‚ĖĎ ‚ĖĎőĶ‚ĖÄ‚ĖĎ ‚ĖĎ‚ĖĎ‚ĖĎ‚ĖĎ ‚ĖĎ‚Ėí‚Ėą‚Ėą‚Ėą‚Ėą‚Ėą‚Ėą‚Ėą‚ĖĎ                      ‚Ėą‚Ėą‚Ėą‚Ėą‚Ėď‚Ėď                              
                        ‚Ėí            ‚ĖĎ   ‚ĖĎ ‚ĖĎ  ‚ĖĎ                                  ‚Ėą‚Ėą‚Ėą‚Ėą‚Ėď‚Ėď                               
                               ‚ĖĎ  ‚ĖĎ‚ĖĎ‚Ėí‚ĖÄ                                  ‚ĖÄ‚Ėí‚ĖĎ‚ĖĎ  ‚ĖĎ‚ĖĄ‚ĖĎ‚Ėą‚Ėą‚Ėą‚ĖÄ‚ĖĎ 






                         Proudly Presents:               
    ‚ĖĄ‚Ė†                            
   ‚Ėź‚ĖĆ                       

   ‚Ėą‚ēĎ              

   ‚Ėą‚ēĎ      I.Dream.Of.Jeannie.S05E20.REPACK.DVDRip.XviD-OSiTV

    ‚ēĎ‚Ėą‚ĖĄ         

    ‚ēĎ‚Ėź‚Ėą‚Ėą               

    ‚ēĎ ‚Ėą‚Ėą‚ĖĆ  

    ‚ēĎ‚Ėź‚Ėą‚Ėą‚ĖĆ‚ĖÄ‚Ėą‚Ėą‚ĖĄ ‚ĖÄ‚ĖÄ‚ĖÄ‚ĖÄ‚ĖÄ‚ĖÄ‚ĖÄ‚ĖÄ‚ĖÄ‚ĖÄ ‚ĖĄ‚Ėą ‚ĖÄ‚ĖÄ‚ĖÄ‚ĖÄ‚ĖÄ‚ĖÄ‚ĖÄ‚ĖÄ‚ĖÄ‚ĖÄ‚ĖÄ ‚Ėą‚Ėą ‚ĖÄ‚ĖÄ‚ĖÄ‚ĖÄ ‚Ėą‚Ėą ‚ĖÄ‚ĖÄ‚ĖÄ‚ĖÄ‚ĖÄ‚ĖÄ‚ĖÄ‚ĖÄ‚ĖÄ‚ĖÄ‚ĖÄ‚ĖÄ‚ĖÄ‚ĖÄ‚ĖÄ‚ĖÄ‚ĖÄ‚ĖÄ‚ĖÄ‚ĖÄ‚ĖÄ‚ĖÄ‚ĖÄ‚ĖÄ‚ĖÄ‚ĖÄ‚ĖÄ‚ĖÄ‚ĖÄ‚ĖÄ‚ĖÄ‚ĖÄ‚ĖÄ‚ĖÄ‚ĖÄ‚ĖÄ‚ĖÄ     

    ‚ēĎ‚Ėą‚Ėą‚Ėą  ‚Ėą‚Ėą‚Ėą‚Ėą‚ĖĄ‚ĖĎ‚ĖĎ‚ĖĄ‚Ėą‚Ėą‚Ėą‚ĖĄ‚ĖĎ‚ĖĎ‚ĖĎ‚Ėą‚Ėą‚ĖĎ‚ĖĎ‚ĖĎ‚ĖĎ‚ĖĎ‚ĖĎ‚ĖĄ‚Ėą‚Ėą‚Ėą‚ĖĄ‚ĖĎ‚ĖĎ‚Ėą‚Ėą‚ĖÄ‚ĖÄ‚ĖÄ‚Ėą‚Ėą‚ĖĎ‚Ėą‚Ėą‚ĖÄ‚ĖÄ‚ĖÄ‚Ėą‚Ėą‚ĖĎ‚ĖĄ‚Ėą‚Ėą‚Ėą‚ĖĄ‚ĖĎ‚ĖĎ‚ĖĎ‚ĖĎ‚ĖĎ‚Ėą‚Ėą‚Ėą‚Ėą‚ĖĄ‚ĖĎ‚ĖĎ‚ĖĎ‚Ėą‚Ėą‚ĖÄ‚ĖÄ‚ĖÄ‚Ėą‚Ėą‚ĖĎ‚ĖĎ‚ĖĄ‚Ėą‚Ėą‚Ėą‚ĖĄ 

    ‚Ėą‚Ėą‚Ėą   ‚Ėą‚Ėą‚ĖĎ‚ĖÄ‚Ėą‚Ėą‚ĖĎ‚Ėą‚Ėą‚ĖĎ‚ĖÄ‚Ėą‚Ėą‚ĖĎ‚ĖĎ‚Ėą‚Ėą‚ĖĎ‚ĖĎ‚ĖĎ‚ĖĎ‚ĖĎ‚ĖĎ‚Ėą‚Ėą‚ĖĎ‚ĖÄ‚Ėą‚Ėą‚ĖĎ‚ĖÄ‚ĖĎ‚ĖĄ‚Ėą‚ĖÄ‚Ėą‚Ėą‚ĖĎ‚ĖĎ‚ĖĎ‚ĖÄ‚Ėą‚ĖĄ‚ĖĎ‚ĖÄ‚ĖĎ‚Ėą‚Ėą‚ĖĎ‚ĖÄ‚Ėą‚Ėą‚ĖĎ‚ĖĎ‚ĖĎ‚ĖĎ‚Ėą‚Ėą‚ĖĎ‚ĖÄ‚Ėą‚Ėą‚ĖĎ‚ĖĎ‚Ėą‚Ėą‚ĖĎ‚ĖĎ‚ĖĎ‚ĖÄ‚ĖĎ‚ĖĎ‚Ėą‚ĖÄ‚ĖĎ‚ĖĎ‚Ėą‚Ėą      

   ‚Ėą‚Ėą‚Ėą    ‚Ėą‚Ėą‚ĖĄ‚Ėą‚ĖÄ‚ĖĎ‚ĖĎ‚Ėą‚Ėą‚ĖĄ‚Ėą‚ĖÄ‚ĖĄ‚ĖĎ‚ĖĎ‚Ėą‚Ėą‚ĖĎ‚ĖĎ‚ĖĎ‚ĖĄ‚ĖĎ‚ĖĎ‚Ėą‚Ėą‚ĖĄ‚Ėą‚ĖÄ‚ĖĄ‚ĖĎ‚ĖĎ‚Ėą‚Ėą‚ĖĄ‚ĖĎ‚Ėą‚Ėą‚ĖĎ‚Ėą‚Ėą‚ĖĎ‚ĖĄ‚Ėą‚Ėą‚ĖĎ‚ĖĎ‚Ėą‚Ėą‚ĖĄ‚Ėą‚ĖÄ‚ĖĄ‚ĖĎ‚ĖĎ‚ĖĎ‚ĖĎ‚Ėą‚Ėą‚ĖĎ‚ĖĎ‚Ėą‚Ėą‚ĖĎ‚ĖĎ‚Ėą‚Ėą‚Ėą‚ĖÄ‚ĖĎ‚ĖĎ‚ĖĎ‚Ėą‚Ėą‚ĖĎ‚ĖĎ‚ĖĎ‚Ėą‚Ėą  

  ‚Ėą‚Ėą‚Ėą     ‚Ėą‚Ėą‚ĖĎ‚ĖĎ‚Ėą‚Ėą‚ĖĎ‚Ėą‚Ėą‚ĖĄ‚ĖĄ‚ĖĄ‚Ėą‚Ėą‚ĖĎ‚Ėą‚Ėą‚ĖĄ‚ĖĄ‚ĖĄ‚Ėą‚Ėą‚ĖĎ‚Ėą‚Ėą‚ĖĄ‚ĖĄ‚ĖĄ‚Ėą‚Ėą‚ĖĎ‚ĖÄ‚Ėą‚Ėą‚Ėą‚Ėą‚ĖÄ‚ĖĎ‚ĖÄ‚Ėą‚Ėą‚Ėą‚Ėą‚ĖÄ‚ĖĎ‚ĖĎ‚Ėą‚Ėą‚ĖĄ‚ĖĄ‚ĖĄ‚Ėą‚Ėą‚ĖĎ‚ĖĎ‚ĖĎ‚Ėą‚Ėą‚ĖĎ‚ĖĎ‚Ėą‚Ėą‚Ėą‚ĖĎ‚Ėą‚Ėą‚ĖĎ‚ĖĎ‚ĖĎ‚ĖĎ‚ĖĎ‚Ėą‚Ėą‚ĖĄ‚ĖĄ‚ĖĄ‚Ėą‚ĖÄ

 ‚Ėą‚Ėą‚Ėą‚ēĎ    ‚ĖĄ‚ĖĄ‚ĖĄ‚ĖĄ‚ĖĄ‚ĖĄ‚ĖĄ‚ĖĄ‚ĖĄ‚ĖĄ‚ĖĄ‚ĖĄ ‚Ėą‚Ėą ‚ĖĄ‚ĖĄ‚ĖĄ‚ĖĄ‚ĖĄ‚ĖĄ‚ĖĄ‚ĖĄ‚ĖĄ‚ĖĄ‚ĖĄ‚ĖĄ‚ĖĄ‚ĖĄ‚ĖĄ‚ĖĄ‚ĖĄ‚ĖĄ‚ĖĄ‚ĖĄ‚ĖĄ‚ĖĄ‚ĖĄ‚ĖĄ‚ĖĄ‚ĖĄ‚ĖĄ‚ĖĄ‚ĖĄ‚ĖĄ‚ĖĄ‚ĖĄ‚ĖĄ‚ĖĄ‚ĖĄ‚ĖĄ‚ĖĄ‚ĖĄ‚ĖĄ‚ĖĄ‚ĖĄ‚ĖĄ‚ĖĄ‚ĖĄ‚ĖĄ‚ĖĄ‚ĖĄ‚ĖĄ ‚ĖÄ‚Ėą ‚ĖĄ‚ĖĄ‚ĖĄ‚ĖĄ‚ĖĄ‚ĖĄ‚ĖĄ‚ĖĄ‚ĖĄ‚ĖĄ‚ĖĄ    

‚Ėź‚Ėą‚Ėą‚ĖĆ‚ēĎ  ‚ēź‚ēź‚ēź‚ēź‚ēź‚ēź‚ēź‚ēź‚ēź‚ēź‚ēź‚ēź‚ēź‚ēź‚ēź‚ēź‚ēź‚ēź‚ēź‚ēź‚ēź‚ēź‚ēź‚ēź‚ēź‚ēź‚ēź‚ēź‚ēź‚ēź‚ēź‚ēź‚ēź‚ēź‚ēź‚ēź‚ēź‚ēź‚ēź‚ēź‚ēź‚ēź‚ēź‚ēź‚ēź‚ēź‚ēź‚ēź‚ēź‚ēź‚ēź‚ēź‚ēź‚ēź‚ēź‚ēź‚ēź‚ēź‚ēź‚ēź‚ēź‚ēź‚ēź‚ēź‚ēź‚ēź‚ēź‚ēź‚ēź‚ēź‚ēź‚ēź‚ēź‚ēź‚ēź‚ēź‚ēź‚ēź‚ēź‚ēź‚ēź‚ēź‚ēź‚ēź     

‚Ėź‚Ėą‚Ėą‚ĖĆ‚ēĎ       

‚Ėź‚Ėą‚Ėą‚ĖĆ‚ēĎ       

‚Ėź‚Ėą‚Ėą‚ĖĆ‚ēĎ       Release Date...: 08-31-2008 

‚Ėź‚Ėą‚Ėą‚Ėą‚ēĎ       Runtime........: 24Min 

 ‚Ėą‚Ėą‚Ėą‚ēĎ‚Ėą      Genre..........: Comedy / Fantasy / Romance

  ‚Ėą‚Ėą‚ēĎ‚Ėą‚Ėą     Link...........: http://www.tvrage.com/shows/id-3941

   ‚Ėą‚ēĎ‚Ėą‚Ėą‚Ėą    Language.......: English

   ‚Ėź‚ēĎ‚Ėą‚Ėą‚Ėą‚Ėą   Codec..........: XviD

    ‚ēĎ‚Ėą‚Ėą‚Ėą‚Ėą‚ĖĆ  Files..........: 13x15MB

    ‚ēĎ‚Ėą‚Ėą‚Ėą‚Ėą‚Ėą  RAR-Names......: i.dream.of.jeannie.520r.dvdrip.xvid-ositv.*            

    ‚ēĎ‚Ėź‚Ėą‚Ėą‚Ėą‚Ėą‚ĖĆ 

    ‚ēĎ ‚Ėą‚Ėą‚Ėą‚Ėą‚ĖĆ                 

    ‚ēĎ‚Ėź‚Ėą‚Ėą‚Ėą‚Ėą‚ĖĆ‚ēź‚ēź‚ēź‚ēź‚ēź‚ēź‚ēź‚ēź‚ēź‚ēź‚ēź‚ēź‚ēź‚ēź‚ēź‚ēź‚ēź‚ēź‚ēź‚ēź‚ēź‚ēź‚ēź‚ēź‚ēź‚ēź‚ēź‚ēź‚ēź‚ēź‚ēź‚ēź‚ēź‚ēź‚ēź‚ēź‚ēź‚ēź‚ēź‚ēź‚ēź‚ēź‚ēź‚ēź‚ēź‚ēź‚ēź‚ēź‚ēź‚ēź‚ēź‚ēź‚ēź‚ēź‚ēź‚ēź‚ēź‚ēź‚ēź‚ēź‚ēź

    ‚ēĎ‚Ėą‚Ėą‚Ėą‚Ėą‚Ėą ‚ĖÄ‚Ėą‚Ėą‚ĖĄ ‚ĖÄ‚ĖÄ ‚ĖĄ‚Ėą ‚ĖÄ‚ĖÄ‚ĖÄ‚ĖÄ‚ĖÄ‚ĖÄ‚ĖÄ‚ĖÄ‚ĖÄ‚ĖÄ‚ĖÄ‚ĖÄ‚ĖÄ‚ĖÄ‚ĖÄ‚ĖÄ‚ĖÄ‚ĖÄ‚ĖÄ‚ĖÄ‚ĖÄ‚ĖÄ

    ‚Ėą‚Ėą‚Ėą‚Ėą‚Ėą   ‚Ėą‚Ėą‚Ėą‚Ėą‚ĖĄ‚ĖĎ‚ĖĎ‚Ėą‚Ėą‚ĖĎ‚ĖĎ‚ĖĎ‚ĖĎ‚ĖĎ‚ĖĎ‚ĖĎ‚ĖĎ‚ĖĄ‚Ėą‚Ėą‚Ėą‚ĖĄ‚ĖĎ‚ĖÄ‚Ėą‚Ėą‚ĖÄ‚ĖÄ‚ĖÄ‚Ėą‚Ėą‚ĖĎ     

   ‚Ėą‚Ėą‚Ėą‚Ėą‚Ėą    ‚Ėą‚Ėą‚ĖĎ‚ĖÄ‚Ėą‚Ėą‚ĖĎ‚Ėą‚Ėą‚ĖĎ‚ĖĎ‚ĖĎ‚ĖĎ‚ĖĎ‚ĖĎ‚ĖĎ‚Ėą‚ĖÄ‚ĖĎ‚ĖĎ‚Ėą‚Ėą‚ĖĎ‚ĖĎ‚Ėą‚Ėą‚ĖĎ‚ĖĎ‚ĖĎ‚ĖÄ‚ĖĎ‚ĖĎ    

  ‚Ėą‚Ėą‚Ėą‚Ėą‚Ėą     ‚Ėą‚Ėą‚ĖĄ‚Ėą‚ĖÄ‚ĖĎ‚ĖĎ‚Ėą‚Ėą‚ĖĎ‚ĖĎ‚ĖĎ‚ĖĄ‚ĖĎ‚ĖĎ‚Ėą‚Ėą‚ĖĎ‚ĖĎ‚ĖĎ‚Ėą‚Ėą‚ĖĎ‚ĖĎ‚Ėą‚Ėą‚ĖĎ‚ĖĎ‚ĖĎ‚ĖĎ‚ĖĎ‚ĖĎ 

 ‚Ėą‚Ėą‚Ėą‚Ėą‚Ėą      ‚Ėą‚Ėą‚ĖĎ‚ĖĎ‚ĖĎ‚ĖĎ‚ĖĎ‚Ėą‚Ėą‚ĖĄ‚ĖĄ‚ĖĄ‚Ėą‚Ėą‚ĖĎ‚Ėą‚Ėą‚ĖĄ‚ĖĄ‚ĖĄ‚Ėą‚ĖÄ‚ĖĎ‚ĖĎ‚Ėą‚Ėą‚ĖĎ‚ĖĎ‚ĖĎ‚ĖĎ‚ĖĎ‚ĖĎ               

‚Ėź‚Ėą‚Ėą‚Ėą‚Ėą      ‚ĖĄ‚ĖĄ‚ĖĄ‚ĖĄ‚ĖĄ‚ĖĄ‚ĖĄ‚ĖĄ‚ĖĄ‚ĖĄ‚ĖĄ‚ĖĄ‚ĖĄ‚ĖĄ‚ĖĄ‚ĖĄ‚ĖĄ‚ĖĄ‚ĖĄ‚ĖĄ‚ĖĄ‚ĖĄ‚ĖĄ‚ĖĄ ‚ĖÄ‚Ėą ‚ĖĄ‚ĖĄ‚ĖĄ‚ĖĄ‚ĖĄ   

‚Ėź‚Ėą‚Ėą‚Ėą‚ēĎ       

‚Ėź‚Ėą‚Ėą‚Ėą‚ēĎ       

 ‚ĖÄ‚Ėą‚Ėą‚ēĎ‚ĖĄ      

   ‚ĖÄ‚ēĎ‚Ėą‚Ėą‚ĖĄ    

    ‚ēĎ‚Ėź‚Ėą‚Ėą‚ĖĆ  This show is about a Genie that is found by a pilot and 

    ‚ēĎ ‚Ėą‚Ėą‚Ėą  the pilot becomes her Master. When the pilot wishes for 

    ‚ēĎ ‚Ėą‚Ėą‚Ėą  things they normally go wrong and when Jeannie trys to 

    ‚ēĎ‚Ėź‚Ėą‚Ėą‚ĖĆ  help her Master, it tends to goes wrong as well.                

    ‚ēĎ‚Ėą‚Ėą‚ĖÄ                                 

   ‚ĖĄ‚Ėą‚Ėą                    

 ‚ĖĄ‚Ėą‚Ėą‚Ėą                           

‚Ėź‚Ėą‚Ėą‚Ėą‚ēĎ      

‚Ėą‚Ėą‚Ėą‚ĖĆ‚ēĎ    ‚ēź‚ēź‚ēź‚ēź‚ēź‚ēź‚ēź‚ēź‚ēź‚ēź‚ēź‚ēź‚ēź‚ēź‚ēź‚ēź‚ēź‚ēź‚ēź‚ēź‚ēź‚ēź‚ēź‚ēź‚ēź‚ēź‚ēź‚ēź‚ēź‚ēź‚ēź‚ēź‚ēź‚ēź‚ēź‚ēź‚ēź‚ēź‚ēź‚ēź‚ēź‚ēź‚ēź‚ēź‚ēź‚ēź‚ēź‚ēź‚ēź‚ēź‚ēź‚ēź‚ēź‚ēź‚ēź‚ēź‚ēź‚ēź‚ēź‚ēź‚ēź 

‚Ėą‚Ėą‚Ėą ‚ēĎ     ‚ĖÄ‚ĖÄ‚ĖÄ‚ĖÄ‚ĖÄ‚ĖÄ‚ĖÄ‚ĖÄ‚ĖÄ‚ĖÄ‚ĖÄ‚ĖÄ‚ĖÄ‚ĖÄ‚ĖÄ‚ĖÄ‚ĖÄ‚ĖÄ‚ĖÄ‚ĖÄ‚ĖÄ‚ĖÄ‚ĖÄ‚ĖÄ‚ĖÄ‚ĖÄ‚ĖÄ‚ĖÄ‚ĖÄ‚ĖÄ‚ĖÄ‚ĖÄ ‚Ėą‚Ėą ‚ĖÄ‚ĖÄ‚ĖÄ‚ĖÄ‚ĖÄ    

‚Ėź‚Ėą‚Ėą‚ĖĆ‚ēĎ      ‚Ėą‚Ėą‚Ėą‚Ėą‚ĖĄ‚ĖĎ‚ĖĎ‚ĖĎ‚ĖĎ‚ĖĎ‚ĖĄ‚Ėą‚Ėą‚Ėą‚ĖĄ‚ĖÄ‚Ėą‚Ėą‚ĖÄ‚ĖÄ‚ĖÄ‚Ėą‚Ėą‚ĖĎ‚ĖĄ‚Ėą‚Ėą‚Ėą‚ĖĄ‚ĖĎ‚ĖĎ‚ĖĎ‚Ėą‚Ėą‚ĖÄ‚ĖÄ‚ĖÄ‚Ėą‚Ėą‚ĖĎ                

 ‚Ėą‚Ėą‚Ėą‚ēĎ      ‚Ėą‚Ėą‚ĖĎ‚ĖÄ‚Ėą‚Ėą‚ĖĎ‚ĖĎ‚ĖĎ‚Ėą‚ĖÄ‚ĖĎ‚ĖĎ‚Ėą‚Ėą‚ĖĎ‚Ėą‚Ėą‚ĖĎ‚ĖĎ‚ĖĎ‚ĖÄ‚ĖĎ‚ĖĎ‚Ėą‚Ėą‚ĖĎ‚ĖÄ‚Ėą‚Ėą‚ĖĎ‚ĖĎ‚ĖĎ‚ĖĎ‚ĖÄ‚Ėą‚ĖĄ‚ĖĎ‚ĖÄ‚ĖĎ       

  ‚Ėą‚Ėą‚ēĎ‚Ėą     ‚Ėą‚Ėą‚ĖĎ‚ĖĎ‚Ėą‚Ėą‚ĖĎ‚ĖĎ‚Ėą‚Ėą‚ĖĎ‚ĖĎ‚ĖĎ‚Ėą‚Ėą‚ĖĎ‚Ėą‚Ėą‚ĖĎ‚ĖĎ‚ĖĎ‚ĖĎ‚ĖĎ‚ĖĎ‚Ėą‚Ėą‚ĖĄ‚Ėą‚ĖÄ‚ĖĄ‚ĖĎ‚ĖĎ‚Ėą‚Ėą‚ĖĎ‚ĖĄ‚Ėą‚Ėą‚ĖĎ‚ĖĎ 

   ‚Ėą‚ēĎ‚Ėą‚Ėą    ‚Ėą‚Ėą‚ĖĎ‚ĖĎ‚Ėą‚Ėą‚Ėą‚ĖĎ‚Ėą‚Ėą‚ĖĄ‚ĖĄ‚ĖĄ‚Ėą‚ĖÄ‚ĖĎ‚Ėą‚Ėą‚ĖĎ‚ĖĎ‚ĖĎ‚ĖĎ‚ĖĎ‚ĖĎ‚Ėą‚Ėą‚ĖĄ‚ĖĄ‚ĖĄ‚Ėą‚Ėą‚ĖĎ‚ĖÄ‚Ėą‚Ėą‚Ėą‚Ėą‚ĖÄ‚ĖĎ‚ĖĎ   

    ‚ēĎ‚Ėą‚Ėą‚Ėą  ‚ĖĄ‚ĖĄ‚ĖĄ‚ĖĄ‚ĖĄ‚ĖĄ‚ĖĄ‚ĖĄ‚ĖĄ‚ĖĄ‚ĖĄ‚ĖĄ‚ĖĄ‚ĖĄ‚ĖĄ‚ĖĄ ‚ĖÄ‚Ėą ‚ĖĄ‚ĖĄ‚ĖĄ‚ĖĄ‚ĖĄ‚ĖĄ‚ĖĄ‚ĖĄ‚ĖĄ‚ĖĄ‚ĖĄ‚ĖĄ‚ĖĄ‚ĖĄ‚ĖĄ‚ĖĄ‚ĖĄ‚ĖĄ‚ĖĄ‚ĖĄ‚ĖĄ              

    ‚ēĎ‚Ėą‚Ėą‚Ėą‚Ėą                        

    ‚ēĎ‚Ėź‚Ėą‚Ėą‚Ėą‚ĖĆ  
    ‚ēĎ ‚Ėą‚Ėą‚Ėą‚Ėą  

    ‚ēĎ ‚Ėą‚Ėą‚Ėą‚Ėą‚ĖĆ     

    ‚ēĎ‚Ėź‚Ėą‚Ėą‚Ėą‚Ėą‚ĖĆ            

    ‚ēĎ‚Ėą‚Ėą‚Ėą‚Ėą‚Ėą     

    ‚Ėą‚Ėą‚Ėą‚Ėą‚Ėą‚ĖĆ  The Fifth And Final Season.        

   ‚Ėą‚Ėą‚Ėą‚Ėą‚Ėą‚ĖÄ   after much debate heres the rips with mono!    

  ‚Ėą‚Ėą‚Ėą‚Ėą‚ĖÄ     to satisfy the nukers. i still say they are stereo       

 ‚Ėź‚Ėą‚Ėą‚Ėą       even the official press release says remastered audio.

 ‚Ėź‚Ėą‚Ėą‚ēĎ       

 ‚Ėź‚Ėą‚ĖĆ‚ēĎ     http://www.tvshowsondvd.com/news/Dream-Jeannie-Season-5/9524

  ‚Ėą‚Ėą‚ēĎ            

   ‚Ėą‚ēĎ  ‚ēź‚ēź‚ēź‚ēź‚ēź‚ēź‚ēź‚ēź‚ēź‚ēź‚ēź‚ēź‚ēź‚ēź‚ēź‚ēź‚ēź‚ēź‚ēź‚ēź‚ēź‚ēź‚ēź‚ēź‚ēź‚ēź‚ēź‚ēź‚ēź‚ēź‚ēź‚ēź‚ēź‚ēź‚ēź‚ēź‚ēź‚ēź‚ēź‚ēź‚ēź‚ēź‚ēź‚ēź‚ēź‚ēź‚ēź‚ēź‚ēź‚ēź‚ēź‚ēź‚ēź‚ēź‚ēź‚ēź‚ēź‚ēź‚ēź‚ēź‚ēź            

   ‚Ėź‚ēĎ  ‚ĖÄ‚ĖÄ‚ĖÄ‚ĖÄ‚ĖÄ‚ĖÄ‚ĖÄ‚ĖÄ  ‚Ėą‚ĖĄ ‚ĖÄ‚ĖÄ‚ĖÄ‚ĖÄ‚ĖÄ‚ĖÄ‚ĖÄ‚ĖÄ‚ĖÄ‚ĖÄ‚ĖÄ‚ĖÄ‚ĖÄ‚ĖÄ‚ĖÄ‚ĖÄ‚ĖÄ ‚ĖÄ‚ĖÄ‚ĖÄ‚ĖÄ‚ĖÄ‚ĖÄ‚ĖÄ‚ĖÄ ‚Ėą‚Ėą ‚ĖÄ‚ĖÄ‚ĖÄ‚ĖÄ‚ĖÄ      

    ‚ēĎ   ‚ĖĄ‚Ėą‚Ėą‚Ėą‚ĖĄ‚ĖĎ‚ĖĎ‚ĖĎ‚Ėą‚Ėą‚Ėą‚Ėą‚ĖĄ‚ĖĎ‚ĖĎ‚ĖĄ‚Ėą‚Ėą‚Ėą‚ĖĄ‚ĖĎ‚ĖĎ‚ĖĎ‚ĖĄ‚Ėą‚Ėą‚Ėą‚ĖĄ‚ĖĎ‚ĖĎ‚ĖÄ‚Ėą‚Ėą‚ĖÄ‚ĖÄ‚ĖÄ‚Ėą‚Ėą‚ĖĎ‚Ėą‚Ėą‚ĖÄ‚ĖÄ‚ĖÄ‚Ėą‚Ėą‚ĖĎ      

    ‚ēĎ   ‚Ėą‚Ėą‚ĖĎ‚ĖÄ‚Ėą‚Ėą‚ĖĎ‚ĖĎ‚Ėą‚Ėą‚ĖĎ‚ĖÄ‚Ėą‚Ėą‚ĖĎ‚Ėą‚Ėą‚ĖĎ‚ĖÄ‚Ėą‚Ėą‚ĖĎ‚ĖĎ‚Ėą‚Ėą‚ĖĎ‚ĖÄ‚Ėą‚Ėą‚ĖĎ‚ĖĎ‚Ėą‚Ėą‚ĖĎ‚ĖĎ‚ĖĎ‚ĖÄ‚ĖĎ‚ĖĎ‚ĖĎ‚ĖĎ‚ĖÄ‚Ėą‚ĖĄ‚ĖĎ‚ĖÄ‚ĖĎ     

    ‚ēĎ   ‚Ėą‚Ėą‚ĖĎ‚ĖĄ‚ĖĄ‚ĖĄ‚ĖĎ‚ĖĎ‚Ėą‚Ėą‚ĖĄ‚Ėą‚ĖÄ‚ĖĎ‚ĖĎ‚Ėą‚Ėą‚ĖĄ‚Ėą‚ĖÄ‚ĖĄ‚ĖĎ‚ĖĎ‚Ėą‚Ėą‚ĖĄ‚Ėą‚ĖÄ‚ĖĄ‚ĖĎ‚ĖĎ‚Ėą‚Ėą‚ĖĎ‚ĖĎ‚ĖĎ‚ĖĎ‚ĖĎ‚ĖĎ‚Ėą‚Ėą‚ĖĎ‚ĖĄ‚Ėą‚Ėą‚ĖĎ‚ĖĎ

    ‚ēĎ   ‚Ėą‚Ėą‚ĖĄ‚ĖĄ‚ĖĄ‚Ėą‚Ėą‚ĖĎ‚Ėą‚Ėą‚ĖĎ‚ĖĎ‚Ėą‚Ėą‚ĖĎ‚Ėą‚Ėą‚ĖĄ‚ĖĄ‚ĖĄ‚Ėą‚Ėą‚ĖĎ‚Ėą‚Ėą‚ĖĄ‚ĖĄ‚ĖĄ‚Ėą‚Ėą‚ĖĎ‚Ėą‚Ėą‚ĖĎ‚ĖĎ‚ĖĎ‚ĖĎ‚ĖĎ‚ĖĎ‚ĖÄ‚Ėą‚Ėą‚Ėą‚Ėą‚ĖÄ‚ĖĎ‚ĖĎ     

    ‚ēĎ  ‚ĖĄ‚ĖĄ‚ĖĄ‚ĖĄ‚ĖĄ ‚Ėą‚Ėą ‚ĖĄ‚ĖĄ‚ĖĄ‚ĖĄ‚ĖĄ‚ĖĄ‚ĖĄ‚ĖĄ‚ĖĄ‚ĖĄ‚ĖĄ‚ĖĄ‚ĖĄ‚ĖĄ‚ĖĄ‚ĖĄ‚ĖĄ‚ĖĄ‚ĖĄ‚ĖĄ‚ĖĄ‚ĖĄ ‚ĖÄ‚Ėą ‚ĖĄ‚ĖĄ‚ĖĄ‚ĖĄ‚ĖĄ‚ĖĄ‚ĖĄ‚ĖĄ‚ĖĄ‚ĖĄ‚ĖĄ‚ĖĄ‚ĖĄ 

    ‚ēĎ         

    ‚ēĎ

    ‚ēĎ         

    ‚ēĎ

    ‚ēĎ                     OSiRiS

    ‚ēĎ                     

    ‚ēĎ         

    ‚ēĎ

    ‚ēĎ               ... Contact iNFO ...

    ‚ēĎ                       

    ‚ēĎ                  OSiTV@Hush.com
    ‚ēź‚ēź‚ēź‚ēź‚ēź‚ēź‚ēź‚ēź‚ēź‚ēź‚ēź‚ēź‚ēź‚ēź‚ēź‚ēź‚ēź‚ēź‚ēź‚ēź‚ēź‚ēź‚ēź‚ēź‚ēź‚ēź‚ēź‚ēź‚ēź‚ēź‚ēź‚ēź‚ēź‚ēź‚ēź‚ēź‚ēź‚ēź‚ēź‚ēź‚ēź‚ēź‚ēź‚ēź‚ēź‚ēź‚ēź‚ēź‚ēź‚ēź‚ēź‚ēź‚ēź‚ēź‚ēź‚ēź‚ēź‚ēź‚ēź‚ēź‚ēź‚ēź‚ēź
