ÔĽŅ                                        ‚ĖĄ‚ĖĎ‚Ėą‚Ėą‚Ėą‚Ėą‚Ėą‚Ėą‚Ėą‚Ėą‚Ėą‚Ėą‚Ėą‚ĖĄ‚ĖĄ‚ĖĄ                    
                                     ‚ĖĄ‚ĖĎ‚Ėą‚Ėą‚Ėą‚Ėą‚Ėą‚Ėą‚Ėą‚Ėą‚Ėą‚Ėą‚Ėą‚Ėą‚Ėą‚Ėą‚Ėą‚Ėí‚Ėí‚ĖĄ‚ĖĄ                  
                                   ‚ĖĄ‚Ėą‚Ėą‚Ėą‚Ėą‚Ėą‚Ėą‚Ėą‚Ėą‚Ėą‚Ėą‚Ėą‚ĖÄ‚ĖÄ‚Ėą‚Ėą‚Ėď‚Ėą‚Ėą‚Ėą‚Ėą‚Ėí‚Ėď‚Ėą‚ĖĄ‚ĖĄ               
                                 ‚Ėí‚Ėą‚Ėą‚Ėą‚Ėą‚Ėą‚Ėą‚Ėą‚Ėą‚Ėą‚Ėą‚Ėą‚Ėą‚ĖĆ‚Ėď‚Ėą‚Ėą‚ĖĄ‚Ėą‚ĖĆ‚ĖÄ‚Ėí‚Ėą‚Ėą‚Ėą‚ĖĎ ‚Ėď‚Ėą‚ĖĄ             
                               ‚Ėí‚Ėą‚Ėą‚Ėą‚Ėą‚Ėą‚Ėą‚Ėą‚Ėą‚Ėą‚Ėą‚Ėą‚Ėą‚Ėą‚ĖÄ ‚Ėą‚Ėą‚Ėą‚Ėą‚Ėą‚Ėą ‚Ėď‚Ėą‚Ėą  ‚Ėą‚Ėą‚ĖĄ‚ĖÄ‚ĖÄ‚ĖÄ‚ĖÄ‚Ėą‚ĖĄ        
                             ‚ĖĎ‚Ėą‚Ėą‚Ėą‚Ėą‚Ėą‚Ėą‚Ėą‚Ėą‚Ėą‚Ėą‚Ėą‚Ėą‚Ėď‚Ėí‚Ėą‚Ėą‚Ėą‚ĖĄ‚ĖĄ‚ĖÄ‚ĖÄ‚ĖĎ‚ĖĎ‚Ėą‚Ėą‚Ėą   ‚ĖĎ‚ĖÄ ‚Ėí  ‚ĖĎ‚ĖĎ‚Ėď‚Ėą‚ĖĄ      
                             ‚Ėą‚Ėą‚Ėą‚Ėą‚Ėą‚Ėą‚Ėą‚Ėď‚Ėą‚Ėą‚Ėą‚Ėą‚Ėą‚Ėą‚Ėą‚Ėą‚Ėą‚Ėą‚Ėą‚Ėą‚Ėą‚Ėą‚Ėą‚Ėą‚Ėą‚ĖĄ‚Ėí‚Ėí ‚ĖĎ   ‚ĖĎ‚ĖĄ‚ĖĄ‚Ėą‚Ėą‚Ėą‚Ėą‚Ėą‚Ėą     
                            ‚Ėą‚Ėą‚Ėą‚Ėą‚Ėą‚Ėí‚Ėą‚Ėď‚Ėą‚Ėą‚Ėą‚Ėą‚Ėą‚Ėą‚Ėą‚Ėą‚Ėą‚Ėą‚Ėą‚Ėą‚Ėą‚Ėą‚Ėą‚Ėą‚Ėą‚Ėą‚Ėí‚Ėí  ‚Ėí‚ĖĄ‚Ėą‚Ėą‚Ėą‚ĖÄ‚Ėą‚Ėą‚Ėą‚Ėą‚Ėą‚Ėą‚Ėą‚ĖĆ    
                           ‚Ėą‚Ėą‚Ėą‚Ėą‚Ėą‚Ėą‚Ėą‚Ėą‚Ėď‚Ėą‚Ėą‚Ėą‚Ėą‚Ėą‚Ėą‚Ėą‚Ėą‚Ėą‚Ėą‚Ėą‚Ėą‚Ėą‚Ėą‚Ėą‚Ėą‚Ėą‚Ėą‚Ėą‚ĖĄ‚ĖĄ‚ĖÄ‚ĖÄ‚Ėí‚ĖĎ ‚ĖĎ‚ĖĎ ‚Ėą‚Ėą‚Ėą‚Ėą‚Ėą‚Ėą‚Ėą
                          ‚Ėą‚Ėą‚Ėą‚Ėą‚Ėą‚Ėą‚Ėą‚Ėą‚Ėď‚Ėď‚Ėí‚Ėí‚Ėí‚Ėą‚Ėą‚Ėą‚Ėą‚Ėą‚Ėą‚Ėą‚Ėą‚Ėą‚Ėą‚Ėą‚Ėą‚Ėą‚Ėą‚Ėą‚Ėą‚Ėí   ‚Ėí‚Ėď‚ĖĎ‚Ėą‚Ėą‚Ėą‚Ėą‚Ėą‚Ėí‚Ėď‚ĖÄ‚Ėą‚ĖĆ
                          ‚Ėą‚ĖÄ‚Ėí‚Ėí‚Ėí‚Ėą‚ĖĎ  ‚ĖĎ ‚Ėí‚Ėí‚Ėí‚Ėą‚ĖÄ‚Ėą‚Ėą‚Ėą‚Ėą‚Ėą‚Ėą‚Ėą‚Ėą‚Ėą‚Ėą‚Ėą‚Ėą‚Ėď  ‚ĖĄ‚ĖĄ‚Ėď‚Ėą‚Ėď‚Ėą‚Ėí‚Ėď‚Ėą‚ĖÄ‚ĖÄ  ‚Ėą
                         ‚Ėą ‚Ėí‚Ėí‚Ėą‚Ėď ‚Ėí     ‚ĖÄ‚Ėí‚Ėí‚Ėą‚Ėą‚Ėą‚Ėą‚Ėą‚Ėą‚Ėą‚Ėą‚Ėą‚Ėą‚Ėą‚Ėą‚Ėą ‚ĖĎ‚Ėą‚Ėí    ‚Ėď‚Ėą
                         ‚Ėą‚Ėą‚Ėą‚Ėą‚Ėą‚Ėą‚Ėí‚Ėí‚Ėí‚ĖĎ     ‚Ėą‚Ėą‚Ėą‚Ėą‚Ėą‚Ėą‚Ėą‚Ėą‚Ėą‚Ėą‚Ėą‚Ėą‚Ėą‚ĖĎ ‚ĖÄ‚ĖĎ   ‚ĖĎ ‚ĖĎ              
                        ‚Ėą‚Ėą‚Ėď‚Ėď‚Ėą‚Ėą‚Ėí‚Ėí‚Ėą‚Ėą   ‚Ėí  ‚Ėą‚Ėą‚Ėí‚Ėą‚Ėą‚Ėą‚Ėą‚Ėą‚Ėą‚Ėą‚Ėą‚Ėą‚Ėí ‚Ėí‚ĖĎ‚ĖĎ‚ĖĎ‚Ėí‚Ėí‚Ėí‚Ėí‚Ėí              
                       ‚ĖĄ‚Ėą‚Ėą‚Ėą‚Ėí‚Ėą‚Ėď‚Ėą‚Ėď‚Ėí‚Ėí‚Ėí‚Ėí‚Ėí‚ĖĎ‚Ėí ‚Ėą‚ĖĄ‚Ėą‚Ėą‚Ėą‚Ėą‚Ėą‚Ėą‚Ėą‚Ėą‚Ėą‚Ėą  ‚Ėí ‚Ėí‚ĖĎ ‚Ėí‚Ėí‚Ėą               
                       ‚Ėą‚ĖĄ‚Ėí‚Ėí‚ĖĎ‚ĖĎ‚Ėď ‚Ėď  ‚ĖÄ ‚ĖĎ  ‚ĖĎ‚ĖĎ‚Ėą‚Ėą‚Ėą‚Ėą‚Ėą‚Ėą‚Ėą‚Ėą‚Ėą‚Ėą‚ĖĎ  ‚ĖĎ‚Ėí ‚ĖĎ‚ĖĎ‚Ėą‚Ėą‚Ėą               
                       ‚Ėą‚Ėą‚Ėą‚Ėą‚Ėí           ‚ĖĎ‚Ėď‚Ėą‚Ėą‚Ėą‚Ėą‚Ėą‚Ėą‚Ėą‚Ėą‚Ėą ‚Ėí  ‚ĖĎ ‚Ėí‚ĖĎ‚Ėą‚Ėą‚Ėą‚Ėą               
                      ‚Ėí‚Ėą‚Ėą‚Ėą‚Ėą‚Ėą‚ĖĄ            ‚Ėí‚Ėą‚Ėą‚Ėą‚Ėą‚Ėą‚Ėí‚ĖÄ      ‚ĖĎ‚ĖĎ ‚Ėą‚Ėą‚Ėą‚Ėď               
                      ‚Ėą‚Ėą‚Ėą‚Ėą ‚ĖÄ‚ĖĎ             ‚Ėí‚Ėą‚Ėą‚Ėą‚ĖÄ  ‚ĖĎ ‚Ėí ‚ĖĎ‚ĖĎ   ‚ĖĎ‚Ėą‚Ėą‚Ėą‚ĖĆ              
                     ‚Ėď‚Ėą‚Ėą‚Ėą‚Ėí              ‚ĖĎ   ‚Ėď    ‚ĖĎ ‚Ėí  ‚ĖĎ     ‚ĖÄ‚Ėą‚ĖĎ              
                      ‚Ėą‚Ėď‚Ėą‚Ėą‚Ėí  ‚Ėí     ‚ĖĎ ‚ĖĎ                        ‚ĖĎ‚ĖĎ             
                     ‚Ėą‚Ėí‚Ėą‚Ėí‚Ėą‚ĖĎ‚Ėą‚Ėą‚ĖĎ      ‚ĖĎ                ‚ĖĎ   ‚Ėí     ‚ĖĎ‚ĖĎ            
                     ‚Ėą‚Ėą‚ĖĎ‚ĖÄ‚ĖÄ                    ‚ĖĎ     ‚ĖĎ  ‚ĖĎ        ‚ĖĎ‚ĖĎ           
      SunZero       ‚ĖĄ‚Ėą‚ĖÄ ‚Ėí                  ‚ĖĎ  ‚ĖĎ                  ‚ĖĎ‚ĖĎ          
        !06        ‚ĖĄ‚Ėą         ‚ĖĎ‚ĖĎ‚ĖĎ               ‚ĖĎ          ‚ĖĎ ‚ĖĎ    ‚ĖĎ‚ĖĎ        
                   ‚Ėą‚Ėą  ‚Ėí       ‚ĖĎ‚ĖĎ ‚ĖĎ     ‚ĖĎ      ‚ĖĎ    ‚ĖĎ              ‚ĖĎ‚ĖĎ      
                 ‚ĖĄ‚Ėą‚Ėą‚ĖĎ‚ĖĎ ‚Ėď        ‚ĖĎ ‚ĖĎ ‚ĖĎ  ‚ĖĎ       ‚Ėí ‚ĖĎ ‚Ėď                ‚ĖĎ     
              ‚ĖĄ‚ĖĄ‚Ėď‚Ėď‚Ėď‚Ėď       ‚ĖĎ    ‚ĖĎ‚Ėí‚Ėí     ‚ĖĎ‚ĖĎ               ‚ĖĎ   ‚Ėí      ‚ĖĎ‚ĖĎ     
            ‚Ėą‚Ėí‚Ėí‚Ėą‚Ėą‚Ėą‚Ėą‚Ėą‚ĖĄ‚Ėí          ‚ĖĎ ‚Ėí ‚Ėď‚Ėí‚ĖĎ‚Ėí ‚Ėí  ‚ĖĎ ‚ĖĎ  ‚ĖĎ  ‚Ėí‚ĖĎ   ‚ĖĎ   ‚ĖĎ       ‚ĖĎ     
          ‚Ėą‚Ėą‚ĖĎ‚Ėą‚Ėą‚ĖÄ‚ĖĎ‚Ėď‚Ėą‚ĖĎ‚ĖĎ   ‚ĖĎ‚Ėí‚ĖĎ ‚Ėí   ‚ĖĎ ‚ĖĎ‚ĖĎ‚Ėą ‚ĖĎ‚Ėą  ‚Ėí‚Ėí ‚ĖĎ‚ĖĎ              ‚ĖĎ       ‚ĖĎ‚ĖĎ‚Ėí   
       ‚Ėí‚Ėą‚Ėą‚Ėą‚ĖĎ‚Ėą‚ĖÄ‚ĖĄ‚ĖĎ‚Ėí‚Ėí‚Ėď‚Ėą‚ĖÄ ‚Ėí ‚Ėą ‚ĖĎ‚ĖĎ   ‚ĖĎ‚ĖĎ‚Ėí   ‚Ėí‚Ėď‚Ėď‚Ėď  ‚ĖĎ   ‚Ėí‚Ėí  ‚ĖĎ  ‚ĖĎ‚ĖĎ ‚ĖĎ    ‚Ėí       ‚ĖĎ‚ĖĎ‚Ėí 
     ‚Ėą‚Ėď‚Ėą‚Ėą‚Ėí‚Ėą‚Ėí‚Ėą‚Ėą‚Ėą‚Ėą‚ĖĄ‚ĖĎ‚ĖĄ ‚Ėą      ‚ĖĎ ‚ĖĎ ‚Ėą‚Ėą ‚ĖĎ    ‚ĖĎ  ‚Ėí‚Ėí‚ĖĎ‚Ėí‚Ėí‚ĖĎ  ‚ĖĎ  ‚Ėí‚ĖĎ ‚ĖĎ‚ĖĎ ‚ĖĎ ‚ĖĎ        ‚ĖĎ‚ĖĎ‚Ėí‚Ėí   
    ‚Ėą‚Ėą‚Ėą‚Ėď‚Ėą‚Ėą‚Ėí‚Ėą‚Ėą‚Ėď‚ĖĎ‚Ėď‚ĖĎ‚ĖĄ‚Ėí‚Ėí‚ĖÄ ‚Ėí  ‚ĖĎ‚ĖĎ ‚Ėí  ‚Ėí  ‚Ėí ‚ĖĎ ‚Ėí   ‚Ėí‚Ėí‚ĖĎ‚ĖĎ‚Ėí ‚ĖĎ‚Ėí   ‚ĖĎ   ‚Ėí  ‚Ėí‚ĖĎ        ‚ĖĎ‚ĖĎ‚ĖĎ‚Ėą‚Ėď  
  ‚ĖĎ‚Ėą‚Ėą‚Ėą‚Ėą‚Ėą‚Ėą‚Ėí‚Ėą‚Ėą‚Ėą‚Ėą‚Ėą‚Ėí‚Ėí‚Ėą‚Ėí‚Ėą‚ĖĎ ‚Ėą‚Ėď‚ĖĎ‚ĖĎ    ‚ĖĎ ‚ĖĎ ‚Ėí‚ĖĎ‚Ėí   ‚Ėď‚Ėí  ‚ĖĎ‚ĖĎ      ‚ĖĎ ‚Ėí  ‚Ėí‚Ėí  ‚Ėí    ‚ĖĎ‚Ėí  ‚ĖĎ‚ĖĎ‚Ėí‚Ėą‚Ėą 
 ‚ĖĎ‚Ėí‚Ėą‚Ėą‚Ėą‚Ėą‚Ėą‚Ėą‚Ėą‚Ėą‚Ėď‚Ėí‚Ėď‚Ėą‚Ėą‚Ėą‚Ėą‚Ėď‚Ėí‚ĖĎ ‚Ėą‚ĖĎ‚ĖĎ‚Ėď  ‚ĖĎ‚ĖĎ  ‚Ėí  ‚Ėą‚Ėí‚Ėí‚Ėí‚Ėą‚Ėí    ‚Ėą    ‚ĖĎ ‚ĖĎ   ‚Ėí‚Ėí‚Ėí‚Ėí‚Ėí‚Ėí ‚ĖĎ‚Ėí‚ĖĎ‚ĖĎ‚Ėď ‚Ėí‚Ėą‚Ėą‚Ėí‚Ėą‚ĖĎ‚ĖĄ
‚ĖĎ‚ĖĎ‚ĖĎ‚Ėí‚Ėą‚Ėą‚Ėą‚Ėą‚Ėą‚Ėą‚Ėą‚Ėą‚Ėą‚Ėą‚Ėą‚Ėą‚Ėą‚Ėą ‚Ėą‚ĖĎ ‚Ėí‚Ėí ‚Ėí‚Ėí‚Ėí‚Ėí‚ĖĎ‚Ėď ‚ĖĎ‚ĖĎ‚Ėí‚Ėą‚ĖĎ‚Ėď‚Ėą‚Ėą‚Ėí‚ĖĎ‚Ėí‚Ėí‚Ėí‚Ėď‚Ėí  ‚Ėí‚ĖĎ‚ĖĎ      ‚ĖĎ‚ĖĎ‚ĖĎ‚Ėí  ‚Ėí‚Ėí  ‚ĖĄ‚Ėí‚Ėą‚Ėą‚Ėą‚ĖĎ‚Ėą‚ĖĎ
‚ĖĎ‚Ėď‚Ėď‚Ėď‚Ėą‚Ėą‚Ėą‚Ėą‚Ėą‚Ėą‚Ėď‚Ėą‚Ėą‚Ėą‚Ėą‚Ėą‚Ėą‚Ėą‚Ėą‚ĖĎ ‚Ėą‚Ėą‚Ėí‚Ėí‚Ėą‚Ėď ‚Ėí‚ĖĎ‚ĖĎ‚Ėí‚ĖĎ ‚Ėí‚Ėí‚Ėí‚Ėí‚Ėą‚Ėí‚ĖĎ‚ĖĎ‚ĖĎ‚Ėí‚Ėí‚Ėí ‚ĖĎ          ‚Ėí ‚ĖĎ  ‚Ėą ‚Ėí‚ĖĎ‚ĖĎ‚Ėí‚ĖĎ‚Ėď‚Ėą‚Ėí‚Ėí‚Ėí‚Ėą‚ĖĄ
‚ĖĎ‚Ėď‚Ėí‚Ėą‚ĖĎ‚Ėą‚Ėą‚Ėą‚Ėą‚Ėą‚Ėď‚Ėą‚Ėą‚Ėą‚Ėą‚Ėą‚Ėą‚Ėą‚Ėą‚ĖĎ ‚Ėą‚Ėą‚Ėą‚Ėą‚Ėď‚Ėď‚Ėď‚ĖĎ ‚ĖĎ‚ĖĎ‚ĖĎ‚Ėą‚Ėą‚Ėď‚Ėď‚Ėď‚Ėą‚Ėą‚Ėą‚Ėď‚Ėď  ‚Ėí  ‚ĖĎ ‚ĖĎ ‚Ėí ‚Ėď‚ĖĎ  ‚ĖĎ‚ĖĎ‚ĖĎ  ‚Ėí ‚ĖĎ  ‚Ėą‚Ėí‚Ėą‚Ėą‚ĖĎ‚ĖĎ‚Ėí‚Ėą‚Ėą
‚Ėď‚Ėď‚Ėą ‚Ėą‚Ėą‚Ėą‚Ėą‚Ėą‚Ėą‚Ėď‚Ėą‚Ėą‚Ėď‚Ėď‚Ėą‚Ėą‚Ėą ‚Ėď‚ĖĎ‚Ėą‚Ėą‚Ėą‚ĖĎ‚Ėą‚Ėą‚Ėą‚Ėą‚Ėą‚Ėą‚Ėą‚Ėą‚Ėą‚Ėď‚Ėí‚Ėí‚Ėí‚Ėą‚Ėą‚Ėí‚Ėí‚Ėí‚Ėí ‚Ėí   ‚Ėí ‚Ėď ‚Ėí‚Ėí ‚ĖĎ     ‚Ėí‚Ėí   ‚Ėď‚Ėą‚Ėą‚Ėą‚Ėą‚Ėą‚Ėą‚Ėď‚Ėą‚Ėą‚ĖĄ
‚Ėď‚Ėí‚Ėď‚Ėą‚Ėą‚Ėą‚Ėą‚Ėą‚Ėą‚Ėď‚Ėď‚Ėą‚Ėą‚Ėą‚Ėą‚Ėą‚Ėą‚Ėą ‚ĖĎ‚Ėí‚Ėą‚Ėą‚Ėą‚Ėą‚Ėą‚ĖĎ‚Ėą‚Ėí‚Ėą‚Ėí‚Ėď‚Ėą‚Ėą‚Ėí‚Ėí‚Ėí‚Ėí‚Ėí‚Ėí‚Ėí‚ĖĎ‚Ėí‚Ėí    ‚ĖĎ ‚ĖĎ‚ĖĎ ‚ĖĎ   ‚Ėí     ‚Ėí  ‚Ėď‚Ėą‚Ėą‚Ėą‚Ėą‚Ėą‚Ėą‚Ėą‚Ėď‚Ėą‚Ėą‚Ėď
‚ĖĎ‚Ėď‚Ėď‚Ėą‚Ėą‚Ėą‚Ėą‚Ėą‚Ėą‚Ėą‚Ėď‚Ėą‚Ėą‚Ėą‚Ėą‚Ėą‚Ėą‚Ėą‚Ėą‚Ėí‚Ėą‚Ėą‚Ėą‚Ėą‚Ėą‚Ėą‚Ėą‚Ėą‚Ėą‚Ėą‚Ėí‚Ėí‚Ėď‚Ėď   ‚Ėí‚Ėí‚ĖÄ     ‚Ėí   ‚Ėí  ‚Ėí‚Ėą‚ĖĎ‚Ėí      ‚Ėí‚Ėą‚Ėą‚Ėí‚Ėą‚Ėą‚Ėď‚Ėą‚Ėí‚Ėí‚Ėí‚Ėą‚Ėą‚Ėą‚Ėą‚Ėą
‚Ėą‚Ėď‚Ėą‚Ėą‚Ėą‚Ėď‚Ėą‚Ėą‚Ėą‚Ėą‚Ėą‚Ėď‚Ėą‚Ėą‚Ėą‚Ėą‚Ėą‚Ėí‚Ėď‚Ėď‚Ėą‚Ėą‚Ėď‚Ėą‚Ėą‚Ėí‚Ėí‚Ėď‚Ėą‚Ėí‚Ėí‚Ėí‚Ėí              ‚ĖĎ‚ĖĎ  ‚Ėí‚Ėą‚Ėą ‚Ėí‚Ėí      ‚Ėď‚ĖĎ‚ĖĎ‚Ėą‚Ėą‚Ėą‚Ėą‚Ėą‚Ėą‚Ėí‚Ėí‚Ėą‚Ėą ‚Ėą
‚Ėą‚Ėą‚Ėą‚Ėą‚Ėą‚Ėď‚Ėď‚Ėą‚Ėą‚Ėą‚Ėą‚Ėď‚Ėď‚Ėą‚Ėą‚Ėą‚Ėí‚ĖĎ‚Ėí‚Ėą‚Ėą‚Ėą‚Ėą‚Ėą‚Ėą‚Ėą‚Ėď‚Ėď‚Ėď‚Ėď‚Ėď‚Ėď        ‚Ėí‚ĖĎ‚Ėí  ‚Ėí ‚ĖĎ ‚Ėą‚Ėí ‚Ėą‚Ėí‚Ėí‚Ėą‚ĖĎ  ‚ĖĎ     ‚Ėą‚Ėą‚Ėą‚Ėą‚Ėą‚Ėą‚Ėą‚Ėą‚Ėą‚Ėą‚Ėą ‚Ėą
‚Ėą‚Ėą‚Ėą‚Ėą‚Ėą‚Ėą‚Ėď‚Ėą‚Ėą‚Ėą‚Ėą‚Ėą‚Ėą‚Ėą‚Ėą ‚Ėą‚Ėď‚ĖÄ‚Ėą‚Ėą‚Ėą‚Ėą‚Ėą‚Ėą‚Ėą‚Ėą‚Ėď‚Ėą‚Ėą‚Ėą‚ĖĎ‚ĖĎ‚ĖĎ‚Ėí‚ĖĎ‚Ėą‚ĖĎ‚ĖĎ‚ĖĎ‚ĖĎ  ‚Ėí  ‚Ėď‚Ėď‚Ėď‚Ėą‚ĖĎ‚Ėí‚Ėď‚Ėí‚Ėí‚Ėí‚Ėí‚ĖĎ ‚ĖĎ  ‚Ėí ‚Ėą‚Ėą‚Ėą‚Ėą‚Ėí‚Ėą‚Ėą‚Ėą‚Ėí‚Ėí‚Ėą‚Ėą ‚Ėą
‚Ėą‚Ėą‚Ėą‚Ėą‚Ėą‚Ėą‚Ėď‚Ėą‚Ėą‚Ėą‚Ėą‚Ėą‚Ėą‚Ėą‚Ėą‚Ėą‚Ėą‚ĖĎ‚Ėą‚Ėą‚Ėą‚Ėą‚Ėď‚Ėą‚Ėą‚Ėą‚Ėą‚Ėą‚Ėą‚Ėą‚Ėą‚Ėą‚Ėą‚ĖĎ‚Ėą‚Ėą‚Ėą‚Ėí‚Ėí‚Ėí‚Ėí‚Ėí‚Ėí‚Ėí‚Ėí‚ĖĎ‚ĖĎ‚Ėí‚Ėí‚ĖĎ‚ĖĎ‚Ėą‚Ėď‚Ėą‚ĖĎ‚Ėď‚Ėď‚Ėą‚Ėí  ‚Ėď‚Ėą‚Ėą‚Ėą‚Ėą‚Ėą‚Ėą‚Ėą‚Ėí‚Ėą‚Ėí‚Ėą‚Ėí‚Ėą‚Ėą ‚Ėą
‚Ėą‚Ėą‚Ėą‚Ėą‚Ėą‚Ėą‚Ėď‚Ėď‚Ėą‚Ėą‚Ėą‚Ėí‚Ėą‚Ėą‚Ėą‚Ėą‚ĖĎ‚ĖĎ‚Ėą‚Ėą‚Ėą‚Ėą‚Ėą‚Ėí‚Ėď‚Ėą‚Ėą‚Ėą‚Ėą‚Ėí‚Ėí‚Ėą‚Ėď‚Ėą‚Ėą‚Ėą‚Ėą‚Ėď‚Ėą‚Ėí‚ĖĎ‚ĖĎ‚Ėą‚Ėą‚Ėą‚Ėą‚Ėí‚Ėí‚Ėí‚Ėď‚Ėď‚Ėí‚Ėí‚Ėí‚Ėí‚Ėí‚ĖĎ‚Ėą‚Ėí‚Ėď ‚Ėď‚Ėą‚Ėą‚Ėą‚Ėí‚Ėą‚Ėą‚Ėą‚Ėą‚Ėą‚Ėą‚Ėą‚Ėą‚Ėą‚Ėą ‚Ėą
‚Ėą‚Ėí‚Ėą‚Ėą‚Ėą‚Ėą‚Ėď‚Ėď‚Ėď‚Ėą‚Ėą‚Ėí‚Ėí‚Ėą‚ĖĎ‚Ėą‚ĖĎ‚Ėą‚Ėą‚Ėą‚Ėą‚Ėą‚Ėą‚Ėą‚Ėą‚Ėí‚Ėą‚Ėą‚Ėą‚Ėą‚Ėą‚Ėď‚Ėí‚Ėí‚Ėí‚Ėą‚Ėą‚Ėą‚ĖĎ‚Ėą‚Ėí‚Ėą‚Ėą‚Ėą‚Ėď‚Ėď‚Ėď‚Ėď‚Ėą‚Ėą‚Ėí‚Ėí‚Ėą‚Ėą‚Ėď‚Ėą ‚ĖĎ   ‚ĖĎ‚Ėą‚Ėą‚Ėą‚Ėą‚Ėí‚Ėí‚Ėą‚Ėą‚Ėą‚Ėą‚Ėď‚Ėď‚Ėą‚Ėą ‚Ėą
‚Ėą‚Ėą‚Ėą‚Ėą‚Ėą‚Ėą‚Ėą‚Ėď‚Ėď‚Ėą‚Ėą‚Ėą‚Ėí‚Ėą‚Ėą‚Ėą‚ĖĎ‚Ėą‚Ėą‚Ėą‚Ėď‚Ėą‚Ėą‚Ėą‚Ėą‚Ėą‚Ėą‚Ėą‚Ėą‚Ėą‚Ėą‚Ėí‚Ėą‚Ėą‚Ėą‚Ėí‚Ėí‚Ėí‚Ėí‚Ėí‚Ėą‚Ėą‚Ėą‚Ėą‚Ėą‚Ėď‚Ėą‚Ėą‚Ėą‚Ėą‚Ėą‚Ėí‚Ėą‚Ėí‚Ėí‚Ėą‚Ėď‚ĖĎ‚ĖĎ‚Ėą‚Ėą‚Ėď‚Ėą‚Ėą‚Ėí‚Ėą‚Ėą‚Ėí‚Ėą‚Ėą‚Ėą‚Ėą‚Ėą‚Ėą‚Ėą‚Ėą ‚Ėą
‚Ėą‚Ėą‚Ėą‚Ėą‚Ėą‚Ėą‚Ėą‚Ėą‚Ėď‚Ėď‚Ėą‚Ėą‚Ėą‚Ėą‚Ėą‚ĖĎ‚ĖĎ‚Ėą‚Ėą‚Ėą‚Ėí‚ĖĎ‚Ėí‚Ėą‚Ėą‚Ėą‚Ėą‚Ėą‚Ėą‚Ėą‚Ėą‚Ėą‚Ėí‚Ėą‚Ėą‚Ėą‚Ėą‚Ėí‚ĖĎ‚ĖĎ‚Ėą‚Ėą‚Ėą‚Ėí‚Ėą‚Ėą‚Ėą‚Ėą‚Ėą‚Ėą‚Ėą‚Ėą‚Ėą‚Ėą‚Ėą‚Ėą‚Ėí‚Ėí‚Ėí‚Ėí‚Ėď‚Ėí‚Ėą‚Ėą‚Ėą‚Ėą‚Ėą‚Ėí‚Ėą‚Ėą‚Ėí‚Ėą‚Ėą‚Ėą‚Ėą‚Ėą ‚Ėą
‚Ėą‚Ėí‚Ėą‚Ėą‚Ėą‚Ėą‚Ėą‚Ėą‚Ėą‚Ėą‚Ėą‚Ėą‚Ėą‚Ėą‚ĖĎ‚ĖĎ‚Ėą‚Ėą‚Ėą‚Ėą‚Ėą‚Ėą‚Ėą‚Ėí‚Ėą‚Ėą‚Ėą‚Ėí‚Ėą‚Ėą‚Ėą‚Ėď‚Ėą‚Ėą‚Ėą‚Ėą‚Ėą‚Ėď‚Ėą‚Ėą‚Ėą‚Ėą‚ĖĎ‚Ėď‚Ėą‚Ėą‚Ėą‚Ėí‚Ėą‚Ėą‚Ėí‚Ėą‚Ėą‚Ėą‚Ėą‚Ėą‚Ėą‚Ėí ‚ĖĎ‚ĖĎ‚Ėí‚Ėą‚Ėą‚Ėí‚Ėą‚Ėą‚Ėą‚Ėą‚Ėą‚Ėą‚Ėí‚Ėí‚Ėą‚Ėą‚ĖĎ ‚Ėą
‚Ėą‚Ėą‚Ėą‚Ėą‚Ėą‚Ėą‚Ėď‚Ėą‚Ėą‚Ėą‚Ėą‚Ėą‚Ėą‚ĖĎ‚ĖĎ‚Ėą‚Ėą‚Ėą‚Ėď‚Ėą‚Ėą‚Ėą‚Ėą‚Ėą‚Ėą‚Ėą‚Ėą‚Ėą‚Ėą‚Ėą‚Ėą‚Ėď‚Ėą‚Ėď‚Ėą‚Ėą‚Ėą‚Ėď‚Ėą‚Ėą‚Ėą‚Ėą‚Ėí‚Ėí‚Ėí‚Ėą‚Ėą‚ĖĎ‚Ėí‚Ėą‚Ėď‚Ėď‚Ėą‚Ėą‚Ėí‚Ėí‚Ėą‚Ėą‚Ėď‚Ėď‚Ėą‚Ėą‚Ėą‚Ėą‚Ėí‚Ėí‚Ėą‚Ėą‚Ėą‚Ėą‚Ėą‚Ėą‚Ėą‚Ėą‚Ėą‚Ėí‚Ėą‚Ėą
‚Ėą‚Ėą‚Ėą‚Ėą‚Ėą‚Ėą‚Ėą‚Ėą‚Ėą‚Ėą‚Ėą‚Ėą‚Ėą‚ĖĎ‚Ėą‚Ėą‚Ėą‚Ėą‚Ėą‚Ėą‚Ėą‚Ėą‚Ėą‚Ėą‚Ėą‚Ėą‚Ėą‚Ėą‚Ėą‚Ėą‚Ėą‚Ėą‚Ėą‚Ėą‚Ėą‚Ėą‚Ėą‚Ėą‚Ėą‚Ėą‚Ėą‚Ėą‚Ėí‚Ėą‚Ėą‚Ėą‚Ėí‚Ėí‚Ėą‚Ėą‚Ėą‚Ėą‚Ėą‚Ėí‚Ėą‚Ėą‚Ėą‚Ėą‚Ėą‚Ėą‚Ėą‚Ėą‚Ėą‚Ėą‚Ėą‚Ėą‚Ėą‚Ėą‚Ėą‚Ėą‚Ėą‚Ėą‚Ėą‚Ėą‚ĖĎ ‚Ėą‚Ėą
‚Ėą‚Ėą‚Ėą‚Ėą‚Ėą‚Ėą‚Ėą‚Ėą‚Ėą‚Ėą‚Ėą‚ĖÄ‚ĖĎ‚ĖĎ‚Ėą‚Ėą‚Ėą‚Ėą‚Ėą‚Ėą‚Ėą‚Ėą‚Ėą‚Ėą‚Ėą‚Ėą‚Ėą‚Ėą‚Ėí‚Ėí‚Ėą‚Ėą‚Ėą‚Ėą‚Ėą‚Ėą‚Ėą‚Ėą‚Ėą‚Ėď‚Ėą‚Ėą‚Ėą‚Ėą‚Ėą‚Ėą‚Ėą‚Ėą‚Ėą‚Ėď‚Ėą‚Ėą‚Ėą‚Ėď‚Ėą‚Ėą‚Ėą‚Ėą‚Ėą‚Ėą‚Ėą‚Ėą‚Ėą‚Ėí‚Ėą‚Ėą‚Ėí‚Ėą‚Ėą‚Ėď‚Ėą‚Ėą‚Ėą‚Ėď ‚Ėą‚Ėą‚Ėą
‚Ėą‚Ėą‚Ėą‚Ėą‚Ėą‚Ėą‚Ėą‚Ėą‚Ėą‚Ėą‚Ėą‚Ėą‚ĖĄ‚Ėą‚Ėą‚Ėą‚Ėą‚Ėą‚Ėą‚Ėą‚Ėď‚Ėą‚Ėą‚Ėą‚Ėą‚Ėą‚Ėą‚Ėą‚Ėą‚Ėą‚Ėą‚Ėą‚Ėą‚Ėą‚Ėą‚Ėą‚Ėą‚Ėą‚Ėą‚Ėą‚Ėą‚Ėą‚Ėą‚Ėą‚Ėą‚Ėą‚Ėą‚Ėą‚Ėą‚Ėą‚Ėą‚Ėą‚Ėą‚Ėą‚Ėą‚Ėą‚Ėą‚Ėą‚Ėą‚Ėą‚Ėą‚Ėą‚Ėą‚Ėą‚Ėą‚Ėą‚Ėą‚Ėą‚Ėą‚Ėą‚Ėą‚Ėą‚Ėą‚Ėą‚Ėą‚Ėą‚Ėą‚Ėą
‚Ėą‚Ėą‚Ėą‚Ėą‚Ėą‚Ėą‚Ėą‚Ėą‚Ėą‚Ėą‚Ėą‚Ėą‚ĖÄ ‚ĖĄ‚ĖĄ‚ĖĄ‚ĖĄ‚ĖĄ‚ĖĄ‚ĖĄ‚ĖĄ‚ĖĄ‚ĖĄ‚ĖĄ‚ĖĄ‚ĖĄ‚ĖĄ ‚ĖÄ‚Ėą‚ĖÄ ‚ĖĄ‚ĖĄ‚ĖĄ‚ĖĄ‚ĖĄ‚ĖĄ ‚ĖĄ‚Ėą‚Ėą‚Ėą‚Ėą‚ĖÄ‚ĖĄ‚ĖĄ‚ĖĄ‚ĖĄ‚ĖĄ‚ĖĄ‚ĖĄ‚ĖĄ‚ĖĄ ‚ĖÄ‚ĖÄ‚ĖÄ‚ĖÄ‚ĖÄ‚ĖÄ‚ĖÄ‚ĖÄ‚ĖÄ‚ĖÄ‚ĖÄ‚ĖÄ‚ĖÄ‚ĖÄ‚ĖÄ‚ĖÄ‚ĖÄ‚ĖÄ‚ĖÄ‚ĖÄ‚Ėą‚Ėą
‚Ėą‚Ėą‚Ėą‚Ėą‚Ėą‚Ėą‚Ėą‚Ėą‚Ėą‚Ėą‚ĖÄ ‚ĖĄ‚Ėą‚ĖÄ‚ĖÄ           ‚ĖÄ‚Ėą  ‚ĖĄ‚Ėą‚ĖÄ  ‚ĖĄ‚Ėą ‚ĖĄ‚Ėą‚Ėą‚Ėą‚ĖÄ ‚Ėą‚Ėą    ‚ĖĄ‚Ėą‚Ėą‚ĖĄ‚ĖĄ‚Ėą‚ĖÄ‚ĖÄ‚ĖÄ‚ĖÄ‚ĖÄ‚ĖÄ‚ĖÄ‚ĖÄ‚ĖÄ‚ĖÄ‚ĖÄ‚ĖÄ‚ĖÄ‚ĖÄ‚ĖÄ‚ĖÄ‚Ėą‚Ėą‚ĖĄ ‚Ėą
‚Ėą‚Ėą‚Ėą‚Ėą‚Ėą‚Ėą‚Ėą‚Ėą‚Ėą‚Ėą ‚Ėą‚Ėą‚Ėą‚Ėą‚Ėą‚Ėą‚ĖĄ‚ĖĄ‚ĖĄ‚ĖĄ‚ĖĄ     ‚Ėď‚Ėą ‚ĖĄ‚Ėą   ‚Ėą‚Ėą ‚ĖĄ‚Ėą‚Ėą‚Ėą‚Ėą ‚Ėą‚Ėą    ‚Ėą‚Ėą                      ‚Ėď‚Ėą ‚Ėą
‚Ėą‚Ėą‚Ėą‚Ėą‚Ėą‚Ėą‚Ėą‚Ėą‚Ėą‚Ėą‚ĖĄ‚ĖĄ‚ĖĄ‚ĖĄ‚ĖĄ‚ĖĄ‚ĖĄ‚ĖĄ  ‚ĖÄ‚Ėą     ‚ĖĄ‚Ėą‚Ėą‚Ėą   ‚Ėą‚Ėą ‚ĖĄ‚Ėą‚Ėą‚Ėą‚Ėą‚ĖÄ ‚Ėą     ‚Ėą    ‚Ėą‚Ėą‚ĖĄ‚ĖĄ‚ĖĄ‚ĖĄ‚ĖĄ             ‚Ėą ‚Ėą
‚Ėą‚Ėą‚Ėą‚Ėą‚Ėą‚Ėą‚Ėą‚Ėą‚Ėą‚Ėą‚Ėą‚Ėą‚Ėą‚Ėą‚ĖÄ‚ĖÄ‚ĖÄ  ‚Ėą‚Ėą‚ĖÄ    ‚ĖĄ‚Ėą‚Ėą‚Ėą   ‚Ėą‚Ėą ‚ĖĄ‚Ėą‚Ėą‚Ėą‚ĖÄ ‚ĖĄ‚Ėą‚Ėď    ‚Ėą‚Ėą   ‚Ėą‚Ėą ‚ĖÄ‚ĖÄ‚Ėą‚Ėą‚Ėą‚Ėą‚Ėą‚Ėą‚Ėą‚Ėą‚Ėą‚Ėą‚Ėą‚ĖĄ    ‚Ėą ‚Ėą
‚Ėą‚Ėą‚Ėą‚Ėą‚Ėą‚Ėą‚Ėą‚Ėą‚Ėą‚ĖÄ‚ĖÄ ‚ĖĄ‚ĖĄ‚ĖĄ‚Ėą‚Ėą‚ĖÄ‚ĖÄ‚ĖÄ    ‚ĖĄ‚Ėą‚Ėą‚Ėą‚Ėą  ‚ĖĄ‚Ėą‚Ėą‚ĖĄ‚ĖĄ‚ĖĄ‚ĖĄ‚ĖĄ‚ĖĄ‚ĖĄ‚Ėą‚ĖÄ     ‚Ėą‚Ėą   ‚ĖĄ‚Ėą             ‚ĖÄ‚Ėą‚Ėą‚Ėą  ‚Ėą‚Ėą ‚Ėą
‚Ėą‚Ėą‚Ėą‚Ėą‚Ėą‚ĖÄ‚ĖÄ‚ĖÄ ‚ĖĄ‚Ėą‚Ėą‚Ėą‚ĖÄ        ‚ĖĄ‚Ėą‚Ėą‚ĖĄ‚Ėą‚ĖÄ                   ‚Ėą‚Ėą          ‚ĖĄ‚ĖĄ‚Ėą‚Ėą‚Ėą‚Ėą‚Ėą‚Ėą‚Ėą‚Ėą‚Ėą‚ĖÄ  ‚Ėą‚Ėą  ‚Ėą
‚Ėą‚Ėą‚Ėą‚ĖÄ ‚ĖĄ‚Ėą‚Ėą‚Ėą‚ĖÄ        ‚ĖĄ‚ĖĄ‚Ėą‚Ėą‚Ėą‚Ėą‚Ėą‚Ėą‚ĖĄ‚ĖĄ‚ĖĄ‚ĖĄ‚Ėą‚Ėą‚Ėą‚Ėą‚Ėą           ‚Ėą‚Ėą   ‚ĖĄ ‚ĖĄ‚ĖĄ‚ĖĄ‚ĖĄ‚ĖĄ‚Ėą‚Ėą‚ĖÄ‚ĖÄ          ‚Ėą‚Ėą  ‚Ėą‚Ėą
‚Ėą‚Ėą ‚Ėą‚Ėą‚ĖÄ        ‚ĖÄ ‚ĖÄ‚ĖÄ‚ĖÄ‚ĖÄ‚ĖÄ‚ĖÄ‚ĖÄ          ‚Ėą‚Ėą‚Ėą‚Ėą‚Ėą‚Ėą‚ĖÄ‚ĖÄ ‚ĖÄ  ‚Ėą‚Ėą                      ‚Ėą‚Ėą‚Ėą‚Ėą  ‚Ėą‚Ėą‚Ėą
‚Ėą ‚Ėź‚Ėą                          ‚ĖĄ‚ĖĄ‚Ėą‚Ėą‚ĖÄ  ‚Ėą      ‚Ėą‚Ėą‚ĖÄ   ‚ĖĄ‚ĖĄ‚ĖĄ‚ĖĄ‚ĖĄ‚ĖĄ‚ĖĄ‚ĖĄ‚ĖĄ‚ĖĄ‚ĖĄ‚ĖĄ‚ĖĄ‚ĖĄ‚ĖĄ‚Ėą‚Ėą‚Ėą‚Ėą‚ĖÄ‚ĖÄ   ‚Ėą‚Ėą‚Ėą‚Ėą
‚Ėą ‚Ėź‚Ėą‚Ėą‚Ėą‚Ėą‚Ėą‚Ėą‚Ėą‚Ėą‚Ėą‚Ėą‚Ėą‚Ėą‚Ėą‚Ėą‚Ėą‚Ėą‚Ėą‚Ėą‚Ėą‚Ėą‚Ėą‚Ėą‚Ėą‚Ėą‚Ėą‚Ėą‚Ėą‚Ėą‚ĖÄ ‚ĖĄ‚ĖĄ‚ĖĄ‚Ėą‚Ėą‚Ėą‚Ėą‚Ėą‚Ėą‚Ėą‚Ėą‚Ėą‚Ėą‚Ėą‚Ėą‚Ėą‚Ėą‚Ėą‚Ėą‚Ėą‚Ėą‚Ėą‚Ėą‚Ėą‚Ėą‚Ėą‚Ėą‚Ėą‚Ėą‚Ėą‚Ėą‚Ėą‚ĖÄ‚ĖÄ   ‚Ėą‚Ėą‚Ėą‚Ėą‚Ėą‚Ėą‚Ėą‚Ėą
‚Ėą‚Ėą‚ĖĄ‚ĖĄ‚ĖĄ‚ĖĄ‚ĖĄ‚ĖĄ‚ĖĄ‚ĖĄ‚ĖĄ ‚ĖĄ‚ĖĄ       ‚ĖĄ‚ĖĄ‚ĖĄ‚ĖĄ‚ĖĄ‚ĖĄ‚ĖĄ‚ĖĄ‚ĖĄ‚ĖĄ‚ĖĄ‚ĖĄ‚ĖĄ‚ĖĄ‚ĖĄ‚ĖĄ‚ĖĄ‚ĖĄ‚ĖĄ‚ĖĄ‚ĖĄ‚ĖĄ‚ĖĄ‚ĖĄ‚ĖĄ‚ĖĄ‚ĖĄ‚ĖĄ‚ĖĄ‚ĖĄ‚ĖĄ‚ĖĄ‚ĖĄ‚ĖĄ‚ĖĄ‚ĖĄ‚ĖĄ‚ĖĄ‚ĖĄ‚ĖĄ‚ĖĄ‚ĖĄ‚ĖĄ‚ĖĄ‚ĖĄ‚ĖĄ‚ĖĄ‚Ėą‚Ėą‚Ėą‚Ėą‚Ėą‚Ėą‚Ėą‚Ėą‚Ėą‚Ėą
‚Ėą‚Ėą‚Ėą ‚ĖĄ‚ĖĄ‚ĖĄ‚ĖĄ‚ĖĄ‚ĖĄ‚ĖĄ‚ĖĄ‚ĖĄ‚ĖĄ‚ĖĄ‚ĖĄ‚ĖĄ‚ĖĄ‚Ėą‚Ėą‚Ėą‚Ėą‚Ėą‚Ėą‚Ėą‚Ėą‚Ėą‚Ėą‚Ėą‚Ėą‚Ėą‚Ėą‚Ėą‚Ėą‚Ėą‚Ėą‚Ėą‚Ėą‚Ėą‚Ėą‚Ėą‚Ėą‚Ėą‚Ėą‚Ėą‚Ėą‚Ėą‚Ėą‚Ėą‚Ėą‚Ėą‚Ėą‚Ėą‚Ėą‚Ėą‚Ėą‚Ėą‚Ėą‚Ėą‚Ėą‚Ėą‚Ėą‚Ėą‚Ėą‚Ėą‚Ėą‚Ėą‚Ėą‚Ėą‚Ėą‚Ėą‚Ėą‚Ėą‚Ėą‚Ėą‚Ėą‚Ėą‚Ėą
‚Ėą‚Ėą‚ĖÄ‚ĖĄ                                                                      ‚ĖĄ‚ĖÄ‚Ėą‚Ėą
‚Ėą‚Ėď                                                                          ‚Ėď‚Ėą
‚ĖÄ‚Ėą‚ĖĎ‚ĖÄ                                                                      ‚ĖÄ‚ĖĎ‚Ėą‚ĖÄ


 Release Name----- Saving.Hope.S01E02.PROPER.HDTV.x264-2HD
 Release Date----- 2012-06-15
 Release Size----- 309.6MB
 Play Time-------- 00:42:59.946
 Resolution------- 720x404
 Frame Rate------- 23.976 fps
 Video Bitrate---- 866Kbps
 Video Codec------ x264
 Audio ----------- 137Kbps
 Audio Codec------ AAC

 TLA's pre contains audio encoded with the AAC-LTP instead of AAC-LC
 profile which as per SD.x264 rules is invalid.
 
 AAC-LTP audio can cause playback problems with some decoders and as
 such the release doesn't play properly in some players leading to 
 reports of no sound.

 ¬¨                                                                             ¬¨
 ¬¨  Audio:                                                                     ¬¨
 ¬¨   - Allowed audio formats are VBR AAC LC (Low Complexity).                  ¬¨

 
            Think you have what it takes to be a part of 2X?
                          dosequis@cryptomail.org



                            ‚ĖĄ‚Ėą‚ĖĄ
                           ‚Ėą‚ĖÄ ‚ĖÄ‚Ėą                              ‚ĖĄ‚ĖĄ‚ĖĄ‚ĖĄ
              ‚ĖĄ‚ĖÄ‚ĖÄ‚ĖĄ       ‚ĖĄ‚Ėą‚ĖÄ‚ĖĎ  ‚ĖÄ‚Ėą‚ĖĄ                        ‚ĖĄ‚ĖĄ‚Ėą‚ĖÄ‚ĖĎ  ‚ĖÄ‚ĖÄ‚ĖĄ‚ĖĎ‚ĖĄ  ‚ĖĄ
           ‚ĖĄ‚ĖÄ‚ĖĄ‚ĖÄ‚ĖÄ  ‚ĖÄ‚ĖĄ‚ĖÄ‚ĖĄ  ‚ĖĄ‚Ėą       ‚ĖÄ‚Ėą‚ĖĄ                   ‚ĖĄ‚ĖĎ‚ĖÄ‚ĖÄ  ‚ĖÄ    ‚ĖÄ ‚ĖÄ ‚ĖÄ‚ĖÄ ‚ĖÄ‚ĖĄ‚ĖĄ
        ‚ĖĄ‚ĖĎ‚ĖÄ  ‚ĖĄ ‚ĖÄ‚ĖĄ ‚ĖÄ  ‚ĖĎ‚Ėď‚Ėą‚ĖÄ    ‚Ėď     ‚ĖÄ‚Ėą                 ‚ĖÄ‚ĖĄ‚ĖĄ‚ĖĄ‚ĖÄ   ‚ĖĄ‚ĖĎ‚ĖĄ     ‚ĖĄ  ‚ĖĄ‚ĖĄ‚ĖĄ‚Ėą
       ‚Ėą‚ĖÄ‚ĖÄ‚ĖĄ‚ĖĎ  ‚ĖÄ‚ĖĎ    ‚ĖĄ‚Ėą‚ĖÄ       ‚ĖĎ‚ĖÄ    ‚ĖÄ‚Ėą‚ĖĄ     ‚ĖÄ‚ĖĄ  ‚ĖĄ        ‚ĖÄ‚Ėą‚ĖĄ‚ĖĄ‚ĖÄ‚ĖĄ‚ĖĄ‚ĖĄ‚ĖĄ ‚ĖÄ‚ĖĄ‚ĖĄ‚ĖĄ‚ĖÄ‚ĖĄ‚ĖĎ ‚ĖÄ
      ‚ĖÄ‚ĖĄ‚ĖĄ‚ĖĆ ‚ĖĄ    ‚ĖÄ  ‚ĖĄ‚ĖĆ   ‚ĖĄ‚ĖĎ    ‚ĖĎ       ‚Ėą‚ĖĄ      ‚Ėď‚ĖÄ                  ‚ĖÄ‚ĖÄ
         ‚ĖÄ‚ĖĄ‚ĖĄ‚ĖÄ‚ĖĄ‚ĖĄ‚ĖÄ ‚ĖĄ‚Ėą‚ĖÄ    ‚Ėď      ‚Ėď   ‚ĖĄ   ‚Ėą‚ĖĄ
               ‚ĖÄ‚ĖÄ‚Ėą‚ĖÄ    ‚ĖĎ     ‚Ėí      ‚Ėí‚Ėď  ‚ĖÄ‚Ėą       ‚ĖÄ‚ĖĄ‚ĖÄ
               ‚ĖĄ‚Ėą‚ĖÄ ‚ĖĄ‚ĖĄ      ‚Ėą             ‚ĖÄ‚Ėą                ‚ĖĄ‚ĖĄ‚ĖĄ
              ‚ĖĄ‚Ėą‚Ėí‚ĖÄ‚ĖĄ‚ĖÄ‚Ėí‚Ėą‚Ėí  ‚ĖĄ‚ĖÄ‚Ėí‚ĖÄ‚ĖĄ  ‚ĖĄ‚ĖÄ‚Ėą    ‚ĖĄ‚ĖÄ‚ĖĄ‚ĖÄ‚Ėą‚ĖĄ            ‚ĖĄ‚ĖÄ   ‚ĖÄ‚ĖĄ
             ‚Ėą‚ĖÄ‚Ėí‚Ėí‚Ėí‚Ėď‚Ėí‚Ėí‚Ėí‚Ėą ‚Ėą‚Ėí‚Ėď‚Ėí‚Ėí‚ĖÄ‚ĖÄ‚Ėą‚Ėí‚Ėí‚Ėí‚Ėą ‚Ėď‚Ėą‚Ėí‚Ėí‚Ėí‚Ėí‚Ėí‚ĖÄ‚Ėą‚ĖĄ        ‚ĖĄ‚ĖÄ ‚ĖĎ     ‚ĖÄ‚ĖĄ
            ‚ĖĄ‚Ėą‚Ėď‚Ėď‚Ėď‚Ėď‚Ėí‚Ėí‚Ėí‚Ėď‚Ėď‚ĖÄ‚Ėď‚Ėď‚Ėď‚Ėď‚Ėí‚Ėď‚Ėď‚Ėď‚Ėí‚Ėď‚Ėď‚Ėď‚Ėą‚ĖÄ‚Ėď‚Ėď‚Ėď‚Ėí‚Ėí‚Ėď‚Ėď‚Ėí‚ĖÄ‚Ėď‚ĖĄ    ‚ĖĄ‚Ėą‚ĖÄ     ‚ĖÄ    ‚Ėą
          ‚ĖĄ‚Ėą‚ĖÄ‚Ėď‚Ėď‚Ėď‚Ėď‚Ėí‚Ėí‚Ėď‚Ėď‚Ėď‚Ėď‚Ėď‚Ėď‚Ėí‚Ėí‚Ėď‚Ėí‚Ėď‚Ėď‚Ėď‚Ėď‚Ėí‚Ėď‚Ėď‚Ėď‚Ėď‚Ėď‚ĖĎ‚Ėí‚Ėí‚Ėď‚Ėí‚Ėď‚Ėď‚Ėď‚Ėí‚Ėą‚ĖĄ ‚ĖĄ‚Ėą‚ĖÄ‚Ėą ‚ĖĄ   ‚Ėą   ‚ĖĄ‚Ėď‚ĖĄ‚Ėą
         ‚Ėą‚Ėď‚Ėď‚Ėď‚Ėď‚Ėí‚Ėď‚Ėď‚Ėď      RESPECT TO       ‚Ėď‚Ėí‚ĖĎ‚ĖĎ‚Ėď‚Ėď‚Ėď‚Ėą‚ĖÄ‚Ėď‚ĖĎ‚Ėí‚Ėí‚Ėą‚Ėí‚ĖÄ‚ĖĄ‚ĖÄ‚Ėď‚Ėą ‚Ėą‚Ėí‚ĖÄ‚Ėí‚ĖÄ‚Ėą‚ĖĄ
        ‚ĖĄ‚Ėą‚Ėď‚Ėď‚Ėď‚Ėď‚Ėď‚Ėď‚Ėď‚Ėď‚Ėď‚Ėď‚Ėď‚Ėď‚Ėď‚Ėď‚Ėď‚Ėí‚Ėď‚ĖĎ‚Ėď‚Ėď‚Ėď‚Ėď‚Ėď‚Ėí‚Ėí‚Ėď‚Ėď‚Ėď‚Ėí‚Ėď‚Ėí‚Ėí‚Ėď‚Ėď‚Ėď‚Ėď‚ĖĎ‚Ėď‚Ėď‚ĖÄ‚Ėą‚ĖĄ‚Ėí‚ĖÄ‚Ėí‚Ėí‚Ėí‚Ėí‚Ėí‚Ėí‚Ėí‚Ėí‚ĖÄ‚Ėí‚Ėí‚Ėí‚Ėď‚Ėď‚Ėí‚ĖÄ‚Ėą
       ‚Ėą‚ĖÄ‚Ėď‚Ėď‚Ėď‚ĖĎ‚Ėď‚Ėď‚ĖĎ‚Ėď‚Ėď‚Ėď‚Ėď‚Ėď‚Ėď‚Ėí‚Ėď‚Ėí‚Ėď‚Ėď‚Ėí‚Ėď‚Ėď‚ĖĎ‚ĖĎ‚Ėď‚Ėď‚Ėď‚Ėď‚Ėí‚Ėí‚Ėí‚Ėí‚Ėí‚Ėí‚Ėí‚Ėď‚ĖĎ‚Ėď‚Ėď‚Ėď‚Ėď‚Ėď‚Ėď‚ĖÄ‚Ėą‚Ėí‚Ėí‚Ėď‚Ėí‚Ėí‚Ėí‚ĖĎ‚ĖĄ‚Ėí‚Ėí‚Ėí‚Ėí‚Ėí‚Ėí‚Ėí‚Ėď‚Ėí‚Ėí‚ĖÄ‚ĖĄ
      ‚ĖĄ‚Ėą‚Ėď‚Ėí‚Ėí‚Ėí‚Ėď‚Ėď‚Ėď‚Ėď‚Ėď‚Ėď‚Ėď‚Ėí‚Ėď‚ĖĎ‚Ėď‚Ėď‚Ėď‚Ėď‚Ėď‚Ėď‚Ėď‚Ėď‚Ėď‚ĖĎ‚ĖĎ‚ĖĎ‚Ėď‚Ėď‚Ėď‚Ėď‚Ėí‚Ėí‚Ėď‚Ėí‚Ėď‚Ėď‚Ėď‚Ėď‚Ėď‚Ėď‚Ėí‚Ėď‚Ėď‚Ėď‚ĖÄ‚Ėą‚Ėí‚Ėí‚Ėí‚ĖĎ‚Ėí‚Ėí‚ĖÄ‚ĖĎ ‚Ėď‚Ėď‚Ėď‚ĖĎ‚Ėí‚Ėí‚Ėí‚Ėď‚Ėď‚Ėí‚Ėą
    ‚Ėí‚Ėą‚ĖÄ‚Ėď‚Ėí‚Ėí‚Ėí‚Ėď‚Ėď‚Ėď‚Ėď‚Ėď‚Ėď‚Ėď‚Ėí‚Ėď‚ĖĎ‚Ėď     FQM       ‚Ėď‚Ėď‚Ėí‚Ėí‚Ėď‚Ėí‚Ėď‚Ėď‚Ėď‚Ėď‚Ėď‚Ėď‚Ėí‚Ėď‚Ėď‚Ėď‚ĖÄ‚Ėą‚Ėí‚Ėí‚Ėí‚ĖĎ‚Ėí‚Ėí‚ĖÄ‚ĖĎ‚Ėď‚Ėď‚Ėí‚Ėí‚Ėí‚Ėď‚Ėí‚Ėí‚Ėí‚Ėí‚ĖÄ‚ĖĄ
   ‚ĖĄ‚Ėą‚ĖÄ‚Ėď‚Ėď‚Ėď‚Ėí‚Ėď‚Ėď‚Ėď‚Ėď‚Ėď‚Ėí‚Ėí‚Ėď‚Ėď‚Ėď‚Ėď‚Ėď‚Ėď‚Ėď‚Ėď‚Ėď‚Ėí‚Ėď‚Ėď‚Ėď‚Ėď‚Ėď‚Ėď‚Ėí‚Ėí‚Ėí‚Ėď‚ĖĎ‚Ėí‚Ėí‚Ėí‚Ėí‚Ėí‚Ėí‚Ėí‚Ėí‚Ėď‚Ėď‚Ėí‚Ėí‚Ėď‚Ėí‚Ėí‚Ėď‚Ėď‚Ėą‚Ėí‚Ėí‚Ėí‚Ėí‚Ėď‚Ėí‚Ėí‚Ėí‚Ėí‚Ėď‚Ėď‚Ėí‚Ėí‚Ėí‚ĖÄ‚Ėí‚Ėí‚Ėí‚Ėí‚ĖÄ‚ĖĄ
   ‚Ėď‚Ėď‚Ėď‚Ėď ‚Ėď‚Ėď‚Ėí‚Ėď ‚Ėď‚Ėď ‚Ėď‚Ėď‚ĖĎ‚Ėď‚Ėď‚Ėí‚Ėí‚Ėí‚Ėí‚Ėí‚Ėí‚ĖÄ‚Ėď‚Ėí‚Ėí‚Ėď‚Ėď‚Ėď‚Ėí‚Ėí‚Ėď‚Ėď‚Ėď‚Ėí‚Ėí‚ĖĎ‚Ėď‚Ėď‚Ėí‚Ėí‚Ėí ‚Ėď‚Ėď‚Ėí‚Ėí‚Ėď‚Ėí‚Ėď‚Ėď‚ĖÄ‚Ėí‚Ėí‚Ėď‚Ėď‚Ėď‚Ėí‚Ėí‚Ėí‚Ėí‚Ėí‚ĖÄ ‚Ėí‚Ėí‚Ėí‚Ėí‚ĖĎ‚Ėď‚Ėí‚Ėí‚Ėą
   ‚Ėí‚Ėď ‚Ėí‚Ėď‚Ėď‚Ėí‚Ėď‚Ėď  ‚Ėí‚Ėí ‚ĖÄ‚Ėí‚Ėí ‚Ėď‚Ėď‚Ėí‚Ėď‚Ėí  ‚Ėí‚ĖĎ‚ĖĎ‚Ėí‚Ėí‚Ėí‚Ėď‚Ėď‚Ėď‚Ėí‚Ėí ‚Ėí‚Ėí‚Ėí‚ĖĎ‚Ėď‚Ėď‚ĖÄ   ‚Ėď‚Ėí ‚Ėí‚Ėí‚Ėí‚Ėí ‚Ėí‚Ėď  ‚Ėí‚Ėď2x    ‚Ėí
       ‚ĖÄ ‚Ėď        ‚ĖĎ    ‚Ėď‚ĖĎ    SunZero 2oo6 ‚ĖĎ           ‚ĖĎ
