   █░░   ░   ░░░░░ ██░ ░██▒█████▒▄▄█▄▒▒█████████▀████████████████▒▀██████░██▒░ ░                 ██░                  
   ██░      █░░▒░░  ████ █▒▒  ███████▒▄█████████████████████████ ▒ ▒▀██████▒░░     ░            ███                   
   ░▓░░      █░░  ▒▒▓ █░░ ██████████████████████████████████████▄ ░   ███████░·▒▀  ▀░ ░       ░██░                    
    ▓▓░    ░░ █▒ ░▄█ ▒████ ███▒▒███████████▄███████████████████████░ ░▄██████████▄▒░░        ░███                     
    █▓        ██▒▓██░ ███ ▄████████████████████████████████████████░░░▓▒▀█████▒░▒██░ ░░      ███▒                     
     ▓▒░       ███▄░░▒ ████████████████████████████████████████████▒░░░▒▒████░▒████▒░ ▀     ███                       
     █▒        ███░░█████▓████████████▄████████████████████████████▀█▒░░▒▓███▒█████▀ ░     ░██     █▒                 
     █▓▒ ░    ████▒▒███▄ ░██████▄██████████████████████████████████▒█▄▒░█▓▓████▄▓▓░ ░      ███    ▒▒                  
     ▓█▒▒     ███ ███ █▒▒███ █████████████████████████████▀░███████▄█▒ ░░▒▒██████▓▓████   ███    ██▒                  
      █▓▒▒ ▄  ██████░░█▒███ ▒▒████████████████████████▀▀█▀▒ ██████████ ▒░█  █████▒██▓▓██ ███ ░  ▒██▓                  
       █▓▒▓▓████████████████ ▒▀▒▀█████████████████████ ▒░▄  ▀░████████▒█▒▒▀ █████▒░ ░ ▒███ ░░  ██░██                  
        ▓░████░░█████▓█ ████▒▒▄▄▀█████████████████▒▀░ █░░ ▀▄░∙▀██████▀██ ▒▒ █████▄░    ▒░░ ░ ███  ░██                 
        ██ ██░███████ █░  ░ ░██  ████████████████▒▒  ▀██▄ ░▀▓ ░░▄████▒█▓▒█▒▄██████▒▄██▄░  ▒▄██   ░ ███                
      ██ ███████▄▀█     ░   ░▒▒██ ▀▒███████████▒█▒░ ░ ▒███ ▒█ █▒▄███ █ ▒▄█ ████░▀░░▓▀▀▀▀█████▒  █ ██▓                 
     █   ███  █▀ ▄█   ▒░░    ░▒▒ █▒  █▀░████▒▒▒▒░▒     ▒██▒░█░ ██████▓█▀██████████ ░  ▒  ░▀██   ███                   
       ████████▄█░███   ░ ░ ▒░ ░░ ▒▒██ ██▀█░░░░░░      ░▒██▒ ░░▀░█████▀███▀▀▀▀ ▒░▀█▄░    ░ ░▒█                        
      █████▒█░████▓██  ▒ ░   ░ █░░█▒▒▄██ ████▒            ▀   ▄░ ░░▒███▀░ ░░▄▄▄▄░▄██▀     ░░ ██    █                  
       ▀████████████▓   ▒░░ ░░ █▒░██▒█▀█ ██▓░              ▄█░ ▀█▀░▀▀▀  ▄███▀▀▀███▀░░      ░░░██  █▓                  
      ░ ▒████████▓██▀█  ▒   ░░░█▒░██▒ █ █▀█▒              █▀█▓████▄█   ▀▀██▄    ▀    ░█▄      ▒▒███▒                  
     ▓  ▄███████▓▄▓  ██       ░▄█▒█▄▒█▒ ███░░    ░ ░█   ░█ █▀░ ▒▀▀▀     ▄ █████▄▄ ░░▓▄████      ▒▒▒                   
    ▄██▒████▄████░░░  ██     ░▄███▓███▓█▒███▒     █ ▒█ ▄█░             ▄██▄▒░▒██████████████   ░                      
  ░███ ████████▀█░    ░█    ░  ▒▄██▒██▒▄█████    ░▀█▒████▄            ░ ▀████▄░░  ░▄█▀██████░  ░                      
  ███ ▓████████▓█▓▒░    ▀█    ▄░░▄▓▒█▓███████▄   ██████████░        ▄██░ ░█████▄▓▓██     ▀███░                        
  ████▓███████████▒░░     █ ░█▒█▀▄▓▄████▀██████▄██████████████░ ███░████░░░▀██████▄▓░░░   ░███░                       
  ▒▀▀█▓▒██████████▒░      ░█░█▄▄ ▄█ █▒██▓█████████████████████░ ███  ░███▒░ ░▀██████▄  ░    ████░                     
 ▒░░ █████▒███████▒░        ▀█▒█▀▀█▒█▓▀██▄███████████████▒████  ███▒  ████▒  ░░████████▄▒    ████░                    
  ▒ ▄████  ███████▓░░░        ▀██▓▀▓▀▓▄▓▄▓██████████▀▀██▀ ████  ████  ▒████▄▒ ░░▀█████████▓   ████░                   
  ▄█████▀ █████████░░░  ░ ███▄   █▀░ ▄▓▒██▒███████▀  ░██░▒ ██░  ████▒  ▒████▄▒ ░░ ▀█████████   ░███░                  
 ██████ █████ █████▓ ░  ░░██▓▓█▄█▒▒▓▓▓▓█▄█░█  ▒▀██ ░ ████████░  █████░░ █████▄░  ░  █████████  ░ ███▒  █              
███▒█▀ ████████████▓▓░ ░  ▒▒▓▓▓▒▒▒▒▒▒▒▓███████ ░▓█▀▄ ░██░████   █████   ▒██████░░  ░ ▀███████    ░██░▒█▓              
███   ░██████████████ ▒▒░░▒█▓▓▒▒   ░  ▒█████████▄▓░ ▄███▓███░ ░▄█████▒ ░░▀██████░░░ ░░▒▀█████░    ░███▓               
█████ ▒░▀▀███████████  ░█░ █▓▒▒       ▒██████████▄▓█████ ███ ░█▀▒░████  ▄▒███████░▒  ░░ ░█████      ██▒               
 ▓██████▄ ░▀████ ███▓  ░█ ▒▓▒▒ ░░ ░███▒███████████▓▀██▀▓▒███ █ ░▒ ████▄█░█▒██▀ ░██ ░░ ░ ░▒█████      ▒                
  ▀███████▄░████████▓  ░█  █▒▒▒░ ░░████████████████  ▓░ ████ █▒░▒▒▒████▒▀ ▄▒█░ ▄███░   ░░ ░▀███░░                     
 ░ ░░█▀█████████████▓░  █  █▒   █░░████████░░█░████░░   ▀███▄█░░ ░░███░  █  ▓█▄█████░   ░░ ░░████░                    
 ░   █  ███▀████████▓   ▓░ █▒░  ████████░░░░   ░████░    ▒░░▀▄    ░███░░█▀░ ▓▀███████░ ░ ░░█ ██████                   
   ░ █  ▒█░▒░░█████▓▓  ▄░ ▄░▓▓ ░████████░      ▒████░    ▒▒▒       ███░▒█▄░_█▓▒█▀█████▄ ██  ██▀████▒                  
  ░▒ ▒   █░█▄▄████▓▓█ ▓ ▓▄░▓   ░███░██▒       ░▒▒▒███░ █████   ░  ▄███░░████▒▓ ░▒▓██████░       ███▒▒                 
   ▒░▒  ██░██████████▄█▒▓▓▒   ▒███░███         ░▒▒███░██████▒█  ▀██████░▒▒ ░█░░▄█████████░  █    ███▒▒                
     █▄█▓░▄███████████▒█▓    ▒▒██░██▒░            ▒██████░░███▒ ▒▒█████ ▒▒░██░████████████░ ███░  ███▒                
 ▒░▒▄███████████████████▄  ░▒ ▒██░██░▒░░         ░▒█████  ░░██▒  ▒▒▒▒██   ██  █████████████  █░░░  ███                
  ░███████████████████████░▒▒▒ ██░███▒░░          ░████░  ▒███▒  ░░░▒▒█   ██░░░▀███▒▒▒██████    ░░  ███               
 █▒████ ███████████████████▒ ▒▒██████▒▒░░         ▒████▒  ████  ░░░░░ ▒▄   ██   ░▓█░▒▒███▀███         █               
  ████████████████████████  ▄▄▓▓██████░░░░     ░░ ▒█░██▒  ░  ░ ░░   ░░  █   ██▓  ░ █░▒▒▒░░░███  ░                     
   ▀░████████████████████░ ████▓████░░▒░░░░░  ░░ ▒██░░██▒  ░░░░░░     ░    ░  ▀▀▀▄▄██░▒▒░░░▒███     ░                 
       █░▀██████████████░░░▒▀█~▓▓███░███▒░░░░ ░ ░██░░░░███▒   ░░ ████    ▒▒▒░░░░ ░░ █∙░░▒ ▒ ████  ░░                  
          ██████████████▓▒░░░█▒░░▓▓██████▒▒▒▒░░███░ ░████████ ░ ██░ █████░▒▒██████░░░░ ░▒▒▒ ▒████  ░                  
          ▄█████████████▒▓▓▓▄█░░▄▓▓▓▓████████████░░░██░░██████  ██░░██▒▒█▒██████████  ░░ ░░ ▒▒████                    
         █████████████████▓██░▓▀▀█▓▓████████████░   ███░█░░████  ████  ██████████████░ ░░░░░ ▒░░███                   
       ▒████████████████████░░▓░▄███▒▒████▓▓▓░        ███ ░░░███ ███░  █████░░ ▒░░███░ ░░░░░ ▒░▒▒░██                  
       ████████████████████▄▄▄▄██████▄▒░░ ░░  ▄█           ░░███ ██░░  █████░▒ ░░░███░ ░░░ ░   ▒▒░░██                 
     ░ ▒▀█████████████████████████████▄░░ ▄████  █░▒ ░   ░░░███▒ ██░   ████░ ▒   ░ ███ ░░░  ░█████░░█▓                
        ░░ ▓░▀▀███████████████▀░▀██████████▀▀▀   ██▒▒▒█▒ ░  ███▒ ███  █████░   █   ░██  ░░ ░█████████▓                
      ░░   ▒ ░▒ ▒██████████████▒█████▀░▒▒     ░░ ▒░█████▒  ░███▒ ▒██  ████▒░ ██     ░█    ░██████████░                
        ░▒░░ ░▓▄███████████████████▒▒▒▒▒ ░   ░░  ░▒██████▒░████▒ ▒██  ▒█░█▒▒ ██ ▒  ██░    ░███  ████░░                
       ▒ ░  ▓██████████████▀▒▀██░█░░░░   ░░░░░     ░███████████  ▒██  ▒████▒▒ ██▒▒██░    ░░██░   ██░░                 
      ░ ░░ ░░███████░▀▀░░░▄▄░░▀▀▒▒░ ░▒    ░░  ░░   ░░████████▓▓ ▒███ ▒▒█████████████░ ████ ██▒▒ ██░░                  
        ░ ▒ ▓▒███████▄▄▄██████▒░▒░░▒▒░ ▒▒  ▄░░█▄░   ░██████▓▓▓  ▒███ ▒███░█████████░ ██░ █████▒░                      
      ░ ▀  ░ ▒░▒▓▀██████████████▒▒▒▒▒▒▒▒ ████▀  ▒░    ░████▓▓  ▒███░ ▒████ ███████   ██░░██░██▒▒                      
      ▀    ░  ░  ░  ▀████████████████▄ ▄███▀     ░     ░░░░░   ████░ ▒████     ███    ████   ████▒▒                   
              ▀  ▀  ▓██████████▒▒░▒ε█████▀█     ░▒░ ░   ░░░    ████  ▒█░██▒    ███░   ███  ████████▒▒░                
             ░    ░░█████████▒▒░░▒▒░░██░    ▀  ░▒ ░    ░░    ██▓▓░   ▒████░░▒  ████░  ▒██ ██░░██▒████░░               
               ░  ░ ▒█████▓▓▓▒▒▒▒▒▒░░▒ ░░ ░   ▒░    ░░░     ████    ░█████░░▒░  ███░░ ▒██ ███░█▒▒  ███░               
             ░       ▓▓█████▒▒░░▒▒▒░░░ ░░░░░       ░   ░    ██░    ░░█████░░▒██ ████░ ▒██   ███▒   ▒▒█░▓              
              ░    ▒  ▒░  ▀██▒▒░░░░▒▒░░▒░░░░░░        ░░  ░█░     ░░░▒░████░██▒██████░███ ░         ▒██▓              
              ░            ▒███▄▒▒░░▒▒▒▒░▒░░ ░░░░ ░░░░░ ░        ░░ ░██████▒▒▒░░████████░░░███▒     ▒▒█               
                       ░ ██████▀█▓▒░░▒▒░▒▒▒▒▒▒░░░░░░░░░░ ███░░██░█▓█ █████▒▒▀░░░█████████▒████░    ▒███               
                         █▄  ░░▒ ▒▀█▄▄▒▒▒░▒▒░░▒▒▒▒░░░░░░░░░█████▓░░░▄█████████████░███████████░░ ▒▒▒███               
                       ░░▀▒██░▄░  ░░▒▀▀██▄▄░▒░░░░▒▒▒░▒▒▒ █░░▒░▒▄▄███████▒▒▒▒▀▀▓▓▓▓░░░███▀░░████▒▒ ▒██▓▓               
                     █  ░▒░   █       ▒ ░ ▓▀▀▄▄▄ ░░▒▒▒▒▒▒░░▄███████▒ ▒▒▒▒           ░███░░░░████████▓                 
                         ░     █     ░ ░ ▒░ ░░░▒▓▓▓▓▒▒▒▒▄▒██████▒                   ███▓     █████▓▓                  
                        ░░           ▀░ ░ε▀░ ░░░░ ░▒███████░                      ████▓▓                              
                        ▒            ░   ░ ░  ░                                  ████▓▓                               
                               ░  ░░▒▀                                  ▀▒░░  ░▄░███▀░ 






                         Proudly Presents:               
    ▄■                            
   ▐▌                       

   █║              

   █║          Extreme.Trains.S01E05.DVDRip.XviD-OSiTV

    ║█▄         

    ║▐██               

    ║ ██▌  

    ║▐██▌▀██▄ ▀▀▀▀▀▀▀▀▀▀ ▄█ ▀▀▀▀▀▀▀▀▀▀▀ ██ ▀▀▀▀ ██ ▀▀▀▀▀▀▀▀▀▀▀▀▀▀▀▀▀▀▀▀▀▀▀▀▀▀▀▀▀▀▀▀▀▀▀▀▀     

    ║███  ████▄░░▄███▄░░░██░░░░░░▄███▄░░██▀▀▀██░██▀▀▀██░▄███▄░░░░░████▄░░░██▀▀▀██░░▄███▄ 

    ███   ██░▀██░██░▀██░░██░░░░░░██░▀██░▀░▄█▀██░░░▀█▄░▀░██░▀██░░░░██░▀██░░██░░░▀░░█▀░░██      

   ███    ██▄█▀░░██▄█▀▄░░██░░░▄░░██▄█▀▄░░██▄░██░██░▄██░░██▄█▀▄░░░░██░░██░░███▀░░░██░░░██  

  ███     ██░░██░██▄▄▄██░██▄▄▄██░██▄▄▄██░▀████▀░▀████▀░░██▄▄▄██░░░██░░███░██░░░░░██▄▄▄█▀

 ███║    ▄▄▄▄▄▄▄▄▄▄▄▄ ██ ▄▄▄▄▄▄▄▄▄▄▄▄▄▄▄▄▄▄▄▄▄▄▄▄▄▄▄▄▄▄▄▄▄▄▄▄▄▄▄▄▄▄▄▄▄▄▄▄ ▀█ ▄▄▄▄▄▄▄▄▄▄▄    

▐██▌║  ════════════════════════════════════════════════════════════════════════════════════     

▐██▌║       

▐██▌║       

▐██▌║       Release Date...: 07-06-2009

▐███║       Runtime........: 44Min 

 ███║█      Genre..........: Doc

  ██║██     Link...........: http://www.tvrage.com/shows/id-20337

   █║███    Language.......: English

   ▐║████   Codec..........: XviD

    ║████▌  Files..........: 25x15MB

    ║█████  RAR-Names......: extreme.trains.105.dvrip.xvid-ositv.*              

    ║▐████▌ 

    ║ ████▌                 

    ║▐████▌═════════════════════════════════════════════════════════════

    ║█████ ▀██▄ ▀▀ ▄█ ▀▀▀▀▀▀▀▀▀▀▀▀▀▀▀▀▀▀▀▀▀▀

    █████   ████▄░░██░░░░░░░░▄███▄░▀██▀▀▀██░     

   █████    ██░▀██░██░░░░░░░█▀░░██░░██░░░▀░░    

  █████     ██▄█▀░░██░░░▄░░██░░░██░░██░░░░░░ 

 █████      ██░░░░░██▄▄▄██░██▄▄▄█▀░░██░░░░░░               

▐████      ▄▄▄▄▄▄▄▄▄▄▄▄▄▄▄▄▄▄▄▄▄▄▄▄ ▀█ ▄▄▄▄▄   

▐███║       

▐███║       

 ▀██║▄      

   ▀║██▄    

    ║▐██▌  Train conductor Matt Bown lends his expertise to this series  

    ║ ███  that profiles the history of the longest, strongest, 

    ║ ███  highest, fastest, and just plain coolest trains on the planet! 

    ║▐██▌                  

    ║██▀                                 

   ▄██                    

 ▄███                           

▐███║      

███▌║    ═════════════════════════════════════════════════════════════ 

███ ║     ▀▀▀▀▀▀▀▀▀▀▀▀▀▀▀▀▀▀▀▀▀▀▀▀▀▀▀▀▀▀▀▀ ██ ▀▀▀▀▀    

▐██▌║      ████▄░░░░░▄███▄▀██▀▀▀██░▄███▄░░░██▀▀▀██░                

 ███║      ██░▀██░░░█▀░░██░██░░░▀░░██░▀██░░░░▀█▄░▀░       

  ██║█     ██░░██░░██░░░██░██░░░░░░██▄█▀▄░░██░▄██░░ 

   █║██    ██░░███░██▄▄▄█▀░██░░░░░░██▄▄▄██░▀████▀░░   

    ║███  ▄▄▄▄▄▄▄▄▄▄▄▄▄▄▄▄ ▀█ ▄▄▄▄▄▄▄▄▄▄▄▄▄▄▄▄▄▄▄▄▄              

    ║████                        

    ║▐███▌  
    ║ ████  

    ║ ████▌     

    ║▐████▌            

    ║█████     

    █████▌            

   █████▀             

  ████▀             

 ▐███       

 ▐██║       

 ▐█▌║      

  ██║            

   █║  ═════════════════════════════════════════════════════════════            

   ▐║  ▀▀▀▀▀▀▀▀  █▄ ▀▀▀▀▀▀▀▀▀▀▀▀▀▀▀▀▀ ▀▀▀▀▀▀▀▀ ██ ▀▀▀▀▀      

    ║   ▄███▄░░░████▄░░▄███▄░░░▄███▄░░▀██▀▀▀██░██▀▀▀██░      

    ║   ██░▀██░░██░▀██░██░▀██░░██░▀██░░██░░░▀░░░░▀█▄░▀░     

    ║   ██░▄▄▄░░██▄█▀░░██▄█▀▄░░██▄█▀▄░░██░░░░░░██░▄██░░

    ║   ██▄▄▄██░██░░██░██▄▄▄██░██▄▄▄██░██░░░░░░▀████▀░░     

    ║  ▄▄▄▄▄ ██ ▄▄▄▄▄▄▄▄▄▄▄▄▄▄▄▄▄▄▄▄▄▄ ▀█ ▄▄▄▄▄▄▄▄▄▄▄▄▄ 

    ║         

    ║

    ║         

    ║

    ║              OSiRiS - ToF - ANiPUNK

    ║                     

    ║         

    ║

    ║               ... Contact iNFO ...

    ║                       

    ║                  OSiTV@Hush.com
    ═══════════════════════════════════════════════════════════════
