ÔĽŅ

                                       
                                                
                               C i N E               
                               .  _  _  F i L E .    
                                                         
                        
                                                                               
                             ‚ĖĄ‚Ėď‚Ėď‚Ėď‚Ėą‚Ėď‚Ėą‚ĖÄ ‚ĖÄ ‚ĖĄ‚ĖĄ‚ĖĄ‚ĖĄ‚ĖĄ                                  
                          ‚ĖĄ‚Ėď‚Ėď‚Ėď‚Ėí‚Ėí   ‚ĖĄ‚ĖĄ‚Ėą‚Ėą‚Ėą‚Ėą‚Ėą‚Ėą‚Ėą‚Ėą‚Ėą‚Ėą‚ĖĄ‚ĖĄ                              
                       ‚ĖĄ‚Ėď‚Ėď‚Ėď‚Ėí‚Ėí   ‚ĖĄ‚Ėí‚Ėą‚Ėą‚Ėą‚Ėą‚Ėą‚Ėą‚Ėą‚Ėą‚Ėą‚Ėą‚Ėą‚Ėą‚Ėą‚Ėą‚Ėą‚Ėą‚Ėď‚ĖĄ                           
                      ‚Ėď‚Ėď‚Ėí‚Ėí    ‚ĖĄ‚Ėď‚Ėą‚Ėą‚Ėą‚Ėą‚Ėą‚Ėą‚Ėď‚Ėď‚Ėą‚ĖÄ‚ĖÄ  ‚ĖĄ     ‚Ėí‚ĖÄ‚ĖĄ                         
                   ‚ĖĄ‚Ėď‚Ėď‚Ėí‚Ėí    ‚ĖĄ‚Ėď‚Ėď‚Ėą‚Ėą‚Ėą‚Ėą‚Ėą‚Ėď‚ĖÄ        ‚ĖĎ‚ĖĄ‚Ėí‚Ėď‚Ėď‚Ėď‚Ėí‚Ėď‚Ėą‚Ėď‚ĖĄ                      
                 ‚ĖĄ‚Ėď‚Ėď‚Ėí‚Ėí    ‚ĖĄ‚Ėą‚Ėď‚Ėí‚Ėą‚Ėą‚Ėą‚Ėą‚Ėď‚ĖÄ  ‚ĖĎ       ‚Ėí‚Ėí‚Ėí‚Ėí‚Ėď‚Ėí‚Ėí‚Ėď‚Ėí‚Ėď‚Ėď‚Ėą‚ĖĄ                    
                ‚Ėí‚Ėď‚Ėí‚Ėí     ‚Ėí‚Ėď‚Ėď‚Ėď‚Ėí‚Ėą‚Ėą‚Ėď‚ĖÄ     ‚ĖĎ  ‚Ėď‚ĖĎ  ‚Ėí‚Ėí‚Ėí‚Ėí‚Ėí‚Ėí‚Ėí‚Ėí‚Ėď‚Ėď‚Ėď‚Ėď‚Ėą‚Ėí                   
               ‚Ėď‚Ėď‚Ėí   ‚ĖĎ  ‚Ėą‚Ėď‚Ėď‚Ėą‚Ėą‚Ėą‚Ėď‚ĖÄ       ‚ĖĎ  ‚Ėď‚Ėí‚Ėí‚ĖĎ‚Ėí‚Ėí‚Ėí‚Ėí‚Ėď‚Ėď‚Ėí‚Ėí‚Ėď‚Ėą‚Ėď‚Ėď‚Ėą‚Ėą‚ĖĆ                  
              ‚Ėď‚ĖÄ‚Ėí      ‚Ėí‚Ėď‚Ėí‚Ėí‚Ėą‚Ėą‚Ėď            ‚Ėď‚Ėď  ‚Ėí‚Ėď‚Ėą‚Ėí ‚Ėí‚Ėí‚Ėí‚Ėď‚Ėí‚Ėď‚Ėď‚Ėą‚Ėą‚Ėą                  
             ‚Ėď‚ĖĆ‚Ėí   ‚ĖĎ  ‚Ėą‚Ėď‚Ėď‚Ėď‚Ėď‚Ėď‚Ėď             ‚Ėď‚Ėď  ‚ĖĎ‚Ėď‚Ėí‚Ėď‚Ėí ‚Ėí‚Ėď‚Ėí‚Ėí‚Ėď‚Ėí‚Ėď‚Ėą‚Ėą‚Ėą                 
            ‚Ėď‚ĖĆ‚Ėí      ‚Ėź‚Ėď‚Ėď‚Ėď‚Ėą‚Ėą‚Ėď    ‚ĖĎ         ‚Ėď   ‚Ėí‚Ėí‚Ėí‚Ėą‚Ėí ‚Ėí‚Ėď‚Ėí‚ĖĎ‚ĖĎ‚ĖĎ‚Ėí ‚Ėą‚Ėą‚Ėą                
            ‚Ėď    ‚ĖĎ ‚ĖĎ ‚Ėď‚Ėď‚ĖĎ ‚Ėď‚Ėď ‚ĖĎ            ‚Ėď‚Ėď  ‚Ėí‚Ėí ‚Ėą‚Ėí ‚Ėí‚Ėď‚Ėí‚ĖĎ‚Ėą‚Ėą‚Ėą‚ĖĎ‚Ėí ‚Ėą‚Ėą‚ĖĆ               
           ‚Ėď‚ĖĆ‚Ėí     ‚ĖĎ ‚Ėď‚Ėď ‚Ėď‚Ėď  ‚ĖĎ           ‚Ėď‚Ėď ‚Ėí‚Ėí  ‚Ėź‚Ėą ‚Ėí‚Ėď ‚ĖĎ‚Ėą‚Ėą‚Ėą‚Ėą‚Ėą‚Ėí‚Ėď ‚ĖÄ‚Ėą               
           ‚Ėď‚ĖĆ  ‚ĖĎ  ‚ĖĎ  ‚Ėď‚ĖĎ‚Ėí‚Ėď‚Ėí ‚ĖĎ    ‚ĖĎ‚ĖĎ     ‚Ėí‚Ėď ‚Ėí    ‚Ėą ‚Ėí‚Ėď  ‚Ėą‚Ėą‚ĖĎ ‚ĖĄ‚ĖÄ‚Ėą‚Ėď‚ĖĆ  ‚ĖÄ              
           ‚Ėď‚ĖĆ    ‚ĖĎ  ‚ĖĎ  ‚Ėď‚Ėď ‚ĖĎ ‚ĖĎ ‚ĖĎ‚ĖĎ      ‚Ėď‚Ėí‚Ėí    ‚ĖĄ‚Ėą ‚Ėď ‚ĖĄ‚ĖĄ‚Ėą‚Ėą‚ĖĎ ‚Ėą‚Ėą‚ĖĆ‚Ėź‚Ėą‚Ėď                 
           ‚Ėď‚ĖĆ   ‚ĖĎ  ‚ĖĎ ‚Ėí ‚Ėď ‚Ėí ‚ĖĎ         ‚Ėď‚Ėí    ‚ĖĄ‚Ėą‚ĖÄ ‚Ėď‚ĖĄ‚Ėą‚Ėą‚Ėą‚Ėą‚ĖĎ ‚Ėą‚Ėą‚Ėą‚Ėą‚ĖĆ‚Ėź‚Ėď           ‚Ėą     
          ‚Ėź‚ĖĆ   ‚ĖĎ‚ĖĎ ‚ĖĎ‚ĖĎ  ‚Ėí‚Ėí‚Ėí           ‚Ėď‚Ėí‚ĖĄ‚ĖÄ‚ĖÄ‚ĖÄ‚ĖÄ‚Ėą ‚Ėď‚Ėď‚Ėź‚Ėą‚Ėą‚Ėą‚Ėą‚Ėą ‚Ėą‚Ėą‚Ėź‚ĖÄ‚ĖĄ‚Ėą ‚Ėą‚Ėď          ‚Ėź‚ĖĆ    
          ‚Ėź‚ĖĆ   ‚ĖĎ  ‚ĖĎ    ‚ĖĎ‚Ėí ‚ĖĎ     ‚ĖĄ ‚Ėď‚Ėď‚Ėí‚ĖÄ‚Ėą‚Ėą‚Ėą‚ĖĄ‚ĖÄ ‚Ėą‚Ėą‚Ėą‚Ėą‚ĖÄ‚Ėą‚Ėą‚Ėą‚Ėą‚Ėą‚Ėą‚ĖÄ  ‚ĖÄ‚ĖĄ‚ĖĆ‚Ėź‚Ėď          ‚Ėź‚Ėą‚ĖĆ   
          ‚Ėź‚ĖĆ   ‚ĖĎ  ‚ĖĎ    ‚ĖĎ      ‚Ėď‚Ėď‚Ėą‚Ėď‚Ėą‚ĖÄ‚Ėą‚Ėą‚ĖĄ‚ĖÄ‚Ėą‚Ėą‚Ėą‚ĖĄ ‚Ėą‚Ėą‚Ėą‚Ėą‚Ėą‚Ėą‚Ėą‚Ėą‚Ėą‚Ėď‚Ėź‚Ėą‚Ėą ‚Ėź‚Ėą‚Ėź‚Ėą‚Ėď‚ĖĄ‚ĖÄ       ‚Ėź‚Ėą‚Ėą   
           ‚Ėď‚ĖĆ   ‚ĖĎ ‚ĖĎ    ‚ĖĎ‚Ėí    ‚Ėď‚Ėą‚Ėą‚Ėą‚ĖĄ‚ĖÄ‚Ėą‚ĖĄ  ‚ĖĄ‚ĖĄ‚ĖĄ‚Ėą‚ĖÄ‚Ėą‚ĖĄ‚Ėą‚Ėą‚Ėą‚Ėą‚Ėą‚Ėą‚Ėą‚Ėą‚ĖĆ‚Ėą‚Ėą‚Ėą‚Ėą ‚Ėą ‚Ėą          ‚Ėź‚Ėď‚Ėą‚ĖĆ  
           ‚Ėď‚ĖĆ      ‚ĖĎ    ‚ĖĎ‚Ėí ‚ĖĎ ‚Ėď‚Ėą‚Ėą‚ĖĄ‚ĖÄ‚Ėą‚ĖĄ  ‚ĖĄ‚ĖĄ‚ĖĄ‚ĖÄ‚Ėą‚Ėą‚Ėą‚Ėą‚Ėą‚Ėą‚Ėą‚Ėą‚Ėą‚Ėą‚Ėą‚Ėą‚ĖĆ‚Ėą‚Ėą‚Ėą‚Ėą‚ĖĆ‚Ėź‚Ėź‚ĖĆ          ‚Ėą‚Ėą‚ĖĄ‚Ėď  
            ‚Ėď    ‚ĖĎ      ‚ĖĎ‚Ėí    ‚Ėď‚Ėą‚Ėą‚Ėą‚ĖĄ  ‚Ėą‚Ėą‚Ėą‚Ėą‚Ėą‚Ėą‚ĖĆ‚Ėź‚Ėą‚Ėą‚Ėą‚Ėą‚Ėą‚Ėą‚Ėą‚Ėą‚Ėď ‚Ėą‚ĖÄ  ‚ĖÄ‚Ėź‚ĖĆ           ‚Ėą‚Ėą‚Ėą‚Ėď‚ĖĆ 
            ‚Ėí‚ĖĆ   ‚ĖĎ  ‚ĖĎ  ‚ĖĄ‚Ėą‚ĖĄ‚Ėď   ‚Ėď‚Ėą‚Ėą‚Ėą‚Ėď ‚Ėą‚Ėą‚Ėą‚Ėą‚Ėą‚Ėą‚Ėą‚Ėą ‚Ėą‚Ėą‚Ėą‚Ėą‚Ėą‚Ėą‚Ėą‚Ėą‚Ėď ‚ĖĆ‚ĖĎ   ‚Ėą‚ĖĆ           ‚Ėą‚Ėď‚Ėą‚Ėą‚Ėď 
             ‚Ėí    ‚ĖĎ   ‚Ėź‚ĖÄ‚ĖĄ‚ĖĎ ‚ĖĎ  ‚Ėď‚Ėą‚Ėą‚Ėą‚Ėď ‚Ėą‚Ėą‚Ėą‚Ėą‚Ėą‚Ėą‚Ėą‚ĖĎ  ‚Ėą‚Ėą‚Ėą‚Ėą‚Ėą‚Ėą‚Ėą‚Ėą‚Ėď‚Ėą‚ĖĄ‚ĖÄ‚ĖĄ‚Ėą‚Ėą           ‚Ėź‚Ėą‚ĖĄ‚Ėą‚Ėą‚Ėď 
         ‚ĖĄ‚ĖĆ   ‚ĖĎ    ‚ĖĎ  ‚Ėź‚Ėą‚Ėą‚ĖĎ     ‚Ėď‚Ėą‚Ėď‚ĖĆ ‚Ėą‚Ėą‚Ėą‚Ėą‚Ėą‚Ėą‚ĖĎ ‚ĖĄ ‚Ėź‚Ėą‚Ėą‚Ėą‚Ėą‚Ėą‚Ėą‚Ėą‚Ėą‚ĖÄ‚ĖĄ‚Ėą‚Ėą‚Ėą‚Ėą           ‚Ėź‚Ėą‚Ėą‚Ėą‚Ėí‚Ėď 
        ‚Ėź‚Ėą     ‚ĖĎ‚ĖĎ      ‚Ėą‚Ėą‚ĖĆ‚ĖĎ  ‚ĖĎ ‚Ėď‚Ėą‚Ėą‚Ėą‚Ėď ‚ĖÄ‚Ėą‚Ėą‚Ėą‚Ėą‚ĖĄ‚ĖÄ  ‚Ėź‚Ėą‚Ėą‚Ėą‚Ėą‚Ėą‚Ėď‚Ėą‚Ėą‚Ėą‚Ėą‚Ėą‚Ėď‚Ėą‚ĖĆ           ‚Ėą‚Ėą‚Ėą‚Ėď‚Ėď‚ĖĆ 
        ‚Ėą‚Ėą       ‚ĖĎ‚ĖĎ    ‚Ėź‚Ėą ‚ĖĎ     ‚Ėď‚Ėą‚Ėą‚Ėą‚Ėą‚Ėą‚ĖĄ‚ĖĄ‚Ėą‚Ėą‚ĖĄ‚ĖĄ‚ĖĄ‚ĖĄ‚ĖĄ‚Ėą‚Ėą‚Ėą‚Ėą‚Ėą‚Ėą‚ĖĄ‚ĖÄ‚Ėą‚Ėą‚Ėą‚Ėą‚Ėą‚ĖĆ          ‚Ėď‚Ėą‚Ėą‚Ėą‚ĖĄ‚Ėď‚ĖĆ 
       ‚Ėź‚Ėą‚Ėą         ‚ĖĎ‚ĖĎ   ‚Ėą‚Ėą‚ĖĆ‚ĖĎ    ‚Ėď‚Ėą‚Ėą‚Ėą‚Ėą‚Ėą‚Ėą‚Ėď‚Ėą‚Ėą‚Ėą‚Ėď‚Ėą‚Ėą‚Ėą‚Ėą‚Ėą‚Ėą‚Ėą‚Ėą‚Ėą‚Ėą‚ĖĆ‚Ėź‚Ėą‚Ėą‚Ėą‚Ėą          ‚Ėď‚Ėą‚Ėď‚Ėą‚Ėą‚Ėą‚Ėď  
       ‚Ėź‚ĖÄ‚Ėą‚ĖĆ          ‚ĖĎ‚ĖĎ  ‚ĖÄ‚Ėą‚Ėą‚ĖĎ    ‚Ėď‚Ėą‚Ėą‚Ėą‚Ėą‚Ėą‚Ėą‚Ėą‚Ėą‚Ėą‚Ėą‚Ėą‚Ėą‚Ėą‚Ėą‚Ėą‚ĖĆ‚Ėź‚Ėą‚Ėą‚Ėą‚ĖÄ‚Ėą‚Ėą‚Ėą‚Ėą‚ĖĆ         ‚Ėď‚Ėą‚Ėą‚ĖĄ‚Ėą‚Ėą‚Ėď‚ĖĆ  
       ‚Ėź‚Ėď‚Ėą‚Ėď            ‚ĖĎ   ‚ĖÄ‚Ėď‚ĖĎ    ‚Ėą‚Ėą‚Ėą‚Ėą‚Ėą‚Ėą‚Ėą‚Ėą‚Ėď‚Ėą‚Ėą‚Ėą‚Ėą‚Ėą‚Ėą‚Ėą‚ĖĄ‚Ėą‚ĖĄ‚Ėą‚Ėą‚Ėą‚Ėą‚Ėą‚Ėą  ee!    ‚Ėď‚Ėą‚Ėą‚Ėą‚Ėą‚Ėą‚Ėí‚Ėď‚ĖĆ  
        ‚Ėą‚ĖÄ‚Ėą‚ĖĆ            ‚ĖĎ    ‚Ėí‚ĖĎ    ‚Ėą‚Ėą‚Ėą‚Ėą‚Ėą‚Ėą‚Ėą‚Ėą‚Ėą‚Ėą‚Ėą‚Ėą‚Ėą‚Ėą‚Ėą‚Ėą‚Ėą‚ĖÄ‚Ėą‚ĖÄ‚Ėź‚Ėą‚Ėą         ‚Ėď‚Ėą‚Ėą‚Ėď‚Ėą‚Ėą‚Ėą‚Ėí‚Ėď   
        ‚Ėď‚Ėą‚Ėď‚Ėą‚ĖĆ            ‚ĖĎ    ‚Ėí‚ĖĎ   ‚Ėź‚Ėą‚Ėą‚Ėą‚Ėą‚Ėą‚Ėą‚Ėą‚Ėą‚Ėą‚Ėą‚Ėą‚Ėą‚Ėą‚Ėď  ‚ĖĎ  ‚Ėą‚Ėą ‚ĖĎ      ‚ĖĄ‚Ėď‚Ėą‚Ėą‚Ėą‚ĖĄ‚Ėą‚Ėą‚Ėí‚Ėď    
        ‚Ėź‚Ėď‚ĖĄ‚Ėą‚Ėď‚ĖĆ            ‚ĖĎ   ‚ĖĎ‚Ėí‚ĖĎ   ‚Ėą‚Ėą‚Ėą‚Ėą‚Ėą‚Ėą‚Ėą‚Ėą‚Ėą‚Ėą‚Ėą‚Ėą‚ĖÄ  ‚ĖĎ‚ĖĄ‚ĖĄ‚Ėą‚Ėą ‚ĖĎ‚Ėí‚ĖĆ    ‚Ėď‚Ėą‚Ėą‚Ėď‚Ėą‚Ėą‚Ėą‚Ėą‚Ėď‚Ėď     
         ‚Ėź‚Ėď‚Ėą‚ĖĄ‚Ėą‚ĖĄ           ‚Ėí    ‚ĖĎ‚Ėí‚ĖĎ   ‚Ėą‚ĖÄ‚Ėą‚Ėą‚Ėą‚Ėą‚Ėą‚Ėą‚Ėą‚Ėą‚Ėą‚Ėą‚Ėą‚Ėą‚Ėą‚Ėą‚Ėą‚Ėą  ‚Ėź‚Ėď‚Ėď   ‚Ėď‚Ėą‚Ėą‚Ėą‚ĖĄ‚Ėą‚Ėą‚Ėą‚Ėď‚Ėď      
          ‚Ėź‚Ėď‚Ėď‚ĖĄ‚Ėą‚ĖÄ ‚ĖĄ‚ĖĄ‚ĖĄ‚ĖĄ‚ĖĄ‚ĖĄ‚ĖĄ ‚Ėď      ‚ĖĎ‚Ėď‚ĖĎ   ‚Ėą‚ĖĄ‚ĖĄ‚ĖÄ‚ĖÄ‚Ėą‚Ėą‚Ėą‚Ėą‚Ėą‚Ėą‚Ėą‚Ėą‚Ėą‚Ėą‚ĖÄ   ‚ĖĄ ‚ĖÄ‚ĖÄ ‚ĖÄ‚Ėą‚Ėą‚Ėą‚Ėą‚Ėą‚Ėą‚ĖÄ‚Ėď‚Ėď       
           ‚Ėź‚Ėď‚ĖÄ ‚ĖĄ‚Ėą‚Ėą‚Ėą‚Ėą‚Ėą‚Ėą‚Ėď‚Ėą‚ĖĆ‚ĖĎ‚ĖĄ     ‚ĖĎ‚Ėź‚Ėą‚ĖĎ  ‚Ėź‚Ėą‚Ėą‚Ėą‚Ėą‚ĖĄ‚ĖĄ‚ĖĄ‚ĖÄ‚ĖÄ‚ĖÄ‚ĖÄ‚ĖÄ    ‚ĖĎ‚Ėź‚Ėą‚Ėď‚Ėą‚Ėą‚Ėą‚ĖĄ‚ĖĄ‚ĖĄ ‚ĖÄ‚ĖÄ‚Ėą‚Ėď‚ĖÄ        
            ‚ĖÄ ‚Ėą‚Ėą‚Ėą‚Ėą‚Ėą‚Ėą‚Ėą‚Ėą‚Ėą‚Ėď‚ĖĆ‚ĖĎ‚ĖĎ‚Ėź ‚ĖĆ  ‚ĖĎ‚Ėź‚Ėą‚Ėą‚ĖĎ  ‚Ėź‚Ėą‚Ėą‚Ėą‚Ėą‚Ėą‚Ėą‚Ėą‚ĖĆ     ‚Ėď‚ĖĎ‚ĖĎ‚Ėź‚Ėď‚Ėą‚Ėą‚Ėą‚Ėą‚Ėą‚Ėą‚Ėą‚Ėą‚Ėą‚ĖĄ ‚ĖÄ         
             ‚Ėź‚Ėą‚Ėą‚Ėą‚Ėą‚Ėą‚Ėą‚Ėą‚Ėą‚Ėą‚Ėď ‚Ėź‚Ėí‚Ėą‚Ėź‚ĖĆ ‚ĖĎ‚Ėź‚ĖĆ‚Ėą‚Ėą‚Ėą‚ĖĎ‚ĖĎ ‚Ėą‚Ėą‚Ėą‚Ėą‚Ėą‚Ėą‚Ėą‚ĖĆ‚Ėź‚Ėą‚Ėď‚Ėď‚Ėď‚Ėą‚Ėí‚ĖĆ ‚Ėď‚Ėą‚Ėą‚Ėą‚Ėą‚Ėą‚Ėą‚Ėą‚Ėą‚Ėą‚Ėą‚ĖĆ          
             ‚Ėą‚Ėą‚Ėą‚Ėą‚Ėą‚Ėą‚Ėą‚Ėą‚Ėą‚Ėą‚Ėď ‚Ėą‚Ėď‚ĖĆ‚Ėą ‚ĖĎ‚Ėą‚Ėą‚Ėą‚Ėą‚Ėą‚Ėą‚Ėą‚Ėą‚ĖĎ‚ĖĄ‚Ėą‚Ėą‚Ėą‚Ėą‚Ėą‚Ėą‚ĖĆ ‚Ėą‚Ėą‚Ėą‚Ėą‚Ėą‚Ėď‚Ėą ‚Ėď‚Ėą‚Ėą‚Ėą‚Ėą‚Ėą‚Ėą‚Ėą‚Ėą‚Ėą‚Ėą‚Ėą          
            ‚Ėź‚Ėą‚Ėą‚Ėą‚Ėą‚Ėą‚Ėą‚Ėą‚Ėą‚Ėą‚Ėď‚ĖĆ‚Ėź‚Ėí‚Ėź‚Ėą‚ĖĆ‚ĖĎ‚Ėą‚Ėą‚Ėą‚Ėą‚Ėą‚Ėą‚Ėą‚Ėą‚Ėą‚Ėą‚Ėą‚Ėą‚Ėą‚Ėą‚Ėą‚Ėą‚Ėą‚Ėą‚Ėą‚Ėą‚Ėą‚Ėą‚Ėą‚Ėą‚ĖĆ‚Ėí‚ĖĆ‚Ėź‚Ėď‚Ėą‚Ėą‚Ėą‚Ėą‚Ėą‚Ėą‚Ėą‚Ėą‚Ėą‚Ėą‚ĖĆ         
            ‚Ėą‚Ėą‚Ėą‚Ėą‚Ėą‚Ėą‚Ėą‚Ėą‚Ėą‚Ėą‚Ėď ‚Ėą‚Ėď‚Ėź‚Ėą‚ĖĄ‚Ėą‚Ėą‚Ėą‚Ėą‚Ėą‚Ėą‚Ėą‚Ėą‚Ėą‚Ėą‚Ėą‚Ėą‚Ėą‚Ėą‚Ėą‚Ėą‚Ėą‚Ėą‚Ėą‚Ėą‚Ėą‚Ėą‚Ėą‚Ėą‚Ėą‚ĖĆ‚Ėď‚Ėą ‚Ėď‚Ėą‚Ėą‚Ėą‚Ėą‚Ėą‚Ėą‚Ėą‚Ėą‚Ėą‚Ėą‚ĖĆ         
           ‚Ėź‚Ėą‚Ėą‚Ėą‚Ėą‚Ėą‚Ėą‚Ėą‚Ėą‚Ėą‚Ėď ‚Ėź‚Ėą ‚Ėą‚Ėą‚Ėą‚Ėą‚Ėą‚Ėą‚Ėą‚Ėą‚Ėą‚Ėą‚Ėą‚Ėą‚Ėą‚Ėą‚Ėą‚Ėą‚Ėą‚Ėą‚Ėą‚Ėą‚Ėą‚Ėą‚Ėą‚Ėą‚Ėą‚Ėą‚Ėą‚Ėą‚Ėą ‚Ėą‚ĖĆ ‚Ėď‚Ėą‚Ėą‚Ėą‚Ėą‚Ėą‚Ėą‚Ėą‚Ėą‚Ėą‚Ėą         
           ‚Ėź‚Ėą‚Ėą‚Ėą‚Ėą‚Ėą‚Ėą‚Ėą‚Ėą‚Ėą‚Ėď ‚Ėą‚ĖĎ ‚Ėą‚Ėą‚Ėą‚Ėą‚Ėą‚Ėą‚Ėą‚Ėą‚Ėą‚Ėą‚Ėą‚Ėą‚Ėą ‚Ėą‚Ėą‚Ėą‚Ėą‚Ėą‚Ėą‚Ėą‚Ėą‚Ėą‚Ėą‚Ėą‚Ėą‚Ėą‚Ėą‚Ėą ‚ĖĎ‚Ėą ‚Ėď‚Ėą‚Ėą‚Ėą‚Ėą‚Ėą‚Ėą‚Ėą‚Ėą‚Ėą‚Ėą         
         ‚ĖĎ ‚Ėą‚Ėą‚Ėą‚Ėą‚Ėą‚Ėą‚Ėą‚Ėą‚Ėą‚Ėď ‚Ėź‚Ėą‚Ėí ‚ĖĎ‚Ėą‚Ėą‚Ėą‚Ėą‚Ėą‚Ėą‚Ėą‚Ėą‚Ėą‚Ėą‚Ėą‚Ėą‚Ėą‚ĖĄ‚ĖÄ‚ĖÄ‚ĖĄ‚Ėą‚Ėą‚Ėą‚Ėą‚Ėą‚Ėą‚Ėą‚Ėą‚Ėą‚Ėą‚ĖĎ ‚Ėí‚Ėą‚ĖĆ ‚Ėď‚Ėą‚Ėą‚Ėą‚Ėą‚Ėą‚Ėą‚Ėą‚Ėą‚Ėą‚ĖĆ‚ĖĎ       
           ‚Ėą‚Ėą‚Ėą‚Ėą‚Ėą‚Ėą‚Ėą‚Ėą‚Ėą‚Ėď ‚Ėą‚Ėą‚Ėď ‚ĖĎ‚Ėą‚Ėą‚Ėą‚Ėą‚Ėą‚Ėą‚Ėą‚Ėą‚Ėą‚Ėą‚Ėą‚Ėą‚Ėą‚Ėą‚Ėą‚ĖĄ‚Ėą‚Ėą‚Ėą‚Ėą‚Ėą‚Ėą‚Ėą‚Ėą‚Ėą‚Ėą‚Ėą‚ĖĎ ‚Ėď‚Ėą‚Ėą ‚Ėď‚Ėą‚Ėą‚Ėą‚Ėą‚Ėą‚Ėą‚Ėą‚Ėą‚Ėą‚ĖĆ        
         ‚ĖĎ ‚Ėą‚Ėą‚Ėą‚Ėą‚Ėą‚Ėą‚Ėą‚Ėą‚Ėď ‚Ėą‚Ėą‚Ėą‚Ėą‚Ėď ‚ĖĎ‚Ėą‚Ėą‚Ėą‚Ėą‚Ėą‚Ėą‚Ėą‚Ėą‚Ėą‚Ėą‚Ėą‚Ėą‚Ėą‚Ėą‚Ėą‚Ėą‚Ėą‚Ėą‚Ėą‚Ėą‚Ėą‚Ėą‚Ėą‚Ėą‚Ėą‚ĖĎ ‚Ėď‚Ėą‚Ėą‚Ėą‚Ėą ‚Ėď‚Ėą‚Ėą‚Ėą‚Ėą‚Ėą‚Ėą‚Ėą‚Ėą‚ĖĆ‚ĖĎ       
         ‚Ėí ‚Ėą‚Ėą‚Ėą‚Ėą‚Ėą‚Ėą‚Ėą‚Ėď ‚Ėą‚Ėą‚Ėą‚Ėą‚Ėą‚Ėď ‚ĖĎ‚Ėą‚Ėą‚Ėą‚Ėą‚Ėą‚Ėą‚Ėą‚Ėą‚Ėą‚Ėą‚Ėą‚Ėą‚Ėą‚Ėą‚Ėą‚Ėą‚Ėą‚Ėą‚Ėą‚Ėą‚Ėą‚Ėą‚Ėą‚Ėą‚Ėą‚ĖĎ ‚Ėď‚Ėą‚Ėą‚Ėą‚Ėą‚Ėą ‚Ėď‚Ėą‚Ėą‚Ėą‚Ėą‚Ėą‚Ėą‚Ėą‚ĖĆ‚Ėí       
         ‚Ėď ‚Ėą‚Ėą‚Ėą‚Ėą‚Ėą‚Ėą‚Ėď ‚Ėą‚Ėą‚Ėą‚Ėą‚Ėą‚Ėą‚Ėą‚Ėď ‚ĖĎ‚Ėą‚Ėą‚Ėą‚Ėą‚Ėą‚Ėą‚Ėą‚Ėą‚Ėą‚Ėą‚Ėą‚Ėą‚Ėą‚Ėą‚Ėą‚Ėą‚Ėą‚Ėą‚Ėą‚Ėą‚Ėą‚Ėą‚Ėą‚ĖĎ ‚Ėď‚Ėą‚Ėą‚Ėą‚Ėą‚Ėą‚Ėą‚Ėą ‚Ėď‚Ėą‚Ėą‚Ėą‚Ėą‚Ėą‚Ėą‚ĖĆ‚Ėď       
       ‚ĖĄ‚Ėą‚Ėą‚Ėź‚Ėą‚Ėą‚Ėą‚Ėą‚Ėą‚Ėď ‚Ėą‚ĖÄ‚ĖĄ‚ĖÄ‚Ėą‚Ėą‚Ėą‚Ėą‚Ėą‚Ėď ‚ĖĎ‚Ėą‚Ėą‚Ėą‚Ėą‚Ėą‚Ėą‚Ėą‚Ėą‚Ėą‚Ėą‚Ėą‚Ėą‚Ėą‚Ėą‚Ėą‚Ėą‚Ėą‚Ėą‚Ėą‚Ėą‚Ėą‚ĖĎ ‚Ėď‚Ėą‚Ėą‚Ėą‚Ėą‚Ėą‚ĖÄ‚ĖĄ‚ĖÄ‚Ėą ‚Ėď‚Ėą‚Ėą‚Ėą‚Ėą‚Ėą‚ĖĆ‚Ėą‚Ėą‚ĖĄ     
     ‚ĖĄ‚ĖÄ‚ĖĄ‚Ėą‚ĖĆ‚Ėź‚Ėą‚Ėą‚Ėą‚Ėą‚Ėď ‚Ėą ‚Ėą‚Ėą‚ĖĎ‚Ėą‚Ėą‚Ėą‚Ėą‚Ėą‚Ėą‚Ėď ‚ĖĎ‚Ėą‚Ėą‚Ėą‚Ėą‚Ėą‚Ėą‚Ėď‚ĖÄ‚Ėą‚Ėą‚Ėą‚Ėą‚ĖÄ‚Ėą‚Ėą‚Ėą‚Ėą‚Ėą‚Ėą‚ĖĎ ‚Ėď‚Ėą‚Ėą‚Ėą‚Ėą‚Ėą‚Ėą‚ĖĎ‚Ėą‚Ėą ‚Ėą ‚Ėď‚Ėą‚Ėą‚Ėą‚Ėą ‚Ėą‚ĖĄ‚ĖÄ‚Ėą‚ĖĄ   
   ‚ĖĄ‚Ėą‚ĖĎ‚Ėą‚Ėą‚Ėď‚ĖĆ‚Ėź‚Ėą‚Ėą‚Ėą‚Ėď ‚Ėą‚ĖĆ‚Ėź‚Ėą‚ĖĆ‚Ėź‚Ėą‚Ėą‚Ėą‚ĖÄ‚ĖĄ‚ĖÄ‚Ėą‚Ėď ‚ĖĎ‚Ėą‚Ėą‚Ėą‚Ėą‚Ėą‚Ėą‚Ėď ‚Ėą‚ĖĆ‚ĖĎ‚Ėą‚Ėą‚Ėą‚Ėą‚Ėą‚Ėą‚ĖĎ ‚Ėď‚Ėą‚ĖÄ‚ĖĄ‚ĖÄ‚Ėą‚Ėą‚Ėą‚ĖĆ‚Ėź‚Ėą‚ĖĆ‚Ėź‚ĖĆ‚Ėź‚Ėď‚Ėą‚Ėą‚Ėą ‚Ėą‚Ėą‚Ėą‚ĖĎ‚Ėą‚Ėď  
  ‚Ėď‚Ėą‚ĖĎ‚Ėą‚Ėą‚Ėą‚ĖĄ‚ĖĆ‚Ėź‚Ėą‚Ėą‚Ėď ‚Ėą‚Ėą ‚Ėď‚Ėą ‚Ėą‚Ėą‚Ėą‚ĖĆ‚Ėź‚Ėą‚ĖĆ‚Ėź‚Ėą‚ĖĄ ‚ĖÄ‚Ėą‚Ėą‚Ėą‚Ėą‚Ėą‚Ėď‚ĖĆ‚Ėź ‚Ėą‚Ėą‚Ėą‚Ėą‚Ėą‚Ėą‚ĖÄ ‚ĖĄ‚Ėą‚ĖĆ‚Ėź‚Ėą‚ĖĆ‚Ėź‚Ėą‚Ėą‚Ėą ‚Ėą‚Ėď ‚Ėą ‚Ėď‚Ėą‚Ėą‚Ėą ‚Ėą‚Ėď‚Ėą‚Ėą‚ĖĎ‚Ėą‚Ėď 
 ‚Ėď‚Ėą‚ĖĎ‚Ėą‚Ėď‚Ėą‚Ėą‚Ėą‚ĖĆ‚Ėź‚Ėą‚Ėą‚Ėď ‚Ėą‚ĖĆ‚Ėź‚Ėą‚ĖĆ‚Ėź‚Ėą‚Ėą‚Ėą ‚Ėą‚Ėą ‚Ėą‚Ėą‚Ėą‚Ėď‚ĖĄ ‚ĖÄ‚Ėą‚Ėą‚Ėą‚Ėą‚Ėď ‚Ėź‚Ėą‚Ėą‚Ėą‚Ėą‚ĖÄ ‚ĖĄ‚Ėď‚Ėą‚Ėą‚Ėą ‚Ėą‚Ėď ‚Ėą‚Ėą‚Ėą‚ĖĆ‚Ėź‚Ėą‚ĖĆ‚Ėź‚ĖĆ ‚Ėď‚Ėą‚Ėą ‚Ėą‚ĖĄ‚Ėą‚Ėą‚Ėą‚ĖĎ‚Ėą‚Ėď
‚Ėď‚Ėą‚ĖĎ‚Ėą‚Ėą‚ĖĄ‚Ėą‚ĖĎ‚Ėą‚ĖĆ‚Ėź‚Ėą‚Ėď ‚Ėą‚Ėą ‚Ėą‚Ėą ‚Ėą‚Ėą‚Ėą‚ĖĆ‚Ėź‚Ėď‚ĖĆ‚Ėź‚Ėą‚Ėą‚Ėą‚Ėą‚Ėď‚Ėď‚ĖĄ‚ĖĄ‚ĖÄ‚ĖÄ‚Ėą‚Ėď ‚Ėź‚Ėą‚ĖÄ‚ĖÄ‚ĖĄ‚ĖĄ‚Ėď‚Ėď‚Ėą‚Ėą‚Ėą‚Ėą‚ĖĆ‚Ėź‚Ėą‚ĖĆ‚Ėź‚Ėą‚Ėą‚Ėą ‚Ėą‚Ėď ‚Ėą ‚Ėź‚Ėď‚ĖĆ ‚Ėą‚ĖĎ‚Ėą‚Ėď‚Ėą‚Ėą‚ĖĎ‚Ėď
‚Ėď‚ĖĎ‚Ėą‚Ėą‚Ėą‚Ėą‚Ėą‚Ėą‚Ėą‚ĖĎ‚Ėź‚Ėď‚ĖĆ ‚Ėą ‚Ėź‚Ėď‚ĖĆ‚Ėź‚Ėą‚Ėą‚Ėą ‚Ėą‚Ėą ‚Ėą‚Ėą‚Ėą‚Ėą‚Ėą‚Ėą‚Ėą‚Ėą‚Ėą‚Ėą‚Ėą‚ĖĄ‚ĖĄ‚Ėą‚ĖĄ‚ĖĄ‚Ėą‚Ėą‚Ėą‚Ėą‚Ėą‚Ėą‚Ėą‚Ėą‚Ėą‚Ėą‚Ėą ‚Ėą‚Ėą ‚Ėą‚Ėą‚Ėą‚ĖĆ‚Ėź‚Ėą‚ĖĆ‚Ėď ‚Ėź‚Ėď‚ĖĆ ‚Ėą‚Ėą‚Ėą‚ĖĄ‚Ėą‚Ėą‚ĖĎ‚Ėź
‚ĖĆ‚ĖĎ‚Ėą‚Ėą‚Ėą‚Ėď‚Ėą‚Ėą‚ĖĆ‚ĖĎ‚Ėź‚Ėď‚ĖĆ ‚Ėď‚Ėź‚Ėą‚Ėą ‚Ėą‚Ėą‚Ėą‚ĖĆ‚Ėź‚Ėą‚ĖĆ‚Ėź‚Ėą‚Ėą‚Ėą‚Ėą‚Ėą‚Ėą‚Ėą‚Ėą‚Ėą‚Ėą‚Ėď‚Ėą‚Ėą‚Ėą‚Ėą‚Ėą‚Ėą‚Ėą‚Ėą‚Ėď‚Ėą‚Ėą‚Ėą‚Ėą‚Ėą‚Ėą‚Ėą‚ĖĆ‚Ėź‚Ėď‚ĖĆ‚Ėź‚Ėą‚Ėą‚Ėą ‚Ėą‚Ėą  ‚Ėď‚Ėą‚ĖĆ‚ĖĎ‚Ėą‚Ėď‚Ėą‚Ėą‚ĖĎ‚Ėą‚Ėą 
‚ĖĆ‚Ėź‚Ėą‚ĖĎ‚Ėą‚ĖĄ‚Ėą‚Ėą‚ĖĎ ‚Ėź‚Ėą‚Ėď ‚Ėź‚Ėą‚Ėą ‚Ėź‚Ėą‚Ėą‚Ėą ‚Ėď‚Ėą ‚Ėą‚Ėą‚Ėą‚Ėą‚Ėą‚Ėď‚Ėą‚Ėą‚Ėą‚Ėą‚Ėą‚Ėą‚Ėą‚Ėą‚Ėą‚Ėą‚Ėą‚Ėą‚Ėą‚Ėą‚Ėą‚Ėą‚Ėą‚Ėą‚Ėą‚Ėą‚Ėą‚Ėą‚Ėą ‚Ėą‚Ėą ‚Ėą‚ĖÄ‚Ėą‚ĖĆ ‚Ėą‚Ėą ‚Ėď‚Ėą‚ĖĆ‚ĖĎ‚Ėź‚ĖĄ‚Ėą‚Ėą‚Ėą‚Ėą‚ĖĎ 
 ‚Ėą‚Ėą‚Ėą‚Ėą‚Ėą‚Ėą‚ĖĎ ‚ĖĄ‚ĖĄ‚Ėą‚Ėď ‚Ėą‚ĖÄ‚ĖĄ‚Ėą‚ĖĆ‚ĖÄ‚ĖĄ‚ĖÄ‚Ėź‚Ėą‚ĖĆ‚Ėź‚Ėą‚Ėď‚Ėą‚Ėą‚Ėą‚Ėą‚Ėą‚Ėą‚Ėą‚Ėď‚Ėą‚Ėď‚Ėą‚Ėą‚Ėą‚Ėą‚Ėą‚Ėď‚Ėą‚Ėą‚Ėą‚Ėą‚Ėą‚Ėą‚Ėą‚Ėą‚Ėą‚Ėą‚Ėą‚ĖĆ‚Ėź‚Ėą‚ĖĆ ‚ĖĄ ‚ĖĄ‚Ėą‚ĖĄ‚Ėą‚ĖĆ‚Ėź‚Ėą‚ĖĄ ‚ĖĎ‚Ėą‚ĖĎ‚Ėą‚Ėď‚Ėą‚Ėą 
 ‚Ėą‚Ėą‚Ėď‚Ėą‚Ėą‚Ėą‚Ėą‚ĖÄ ‚ĖĄ‚ĖĄ‚ĖĄ‚Ėą‚ĖĄ‚ĖÄ‚Ėą‚ĖÄ‚ĖĄ‚Ėą‚Ėą‚ĖĆ‚Ėą‚Ėą ‚Ėą‚Ėą‚Ėą‚Ėą‚Ėą‚Ėą‚Ėą‚Ėą‚Ėą‚Ėą‚Ėą‚Ėą‚Ėí‚Ėą‚Ėą‚Ėą‚Ėą‚Ėą‚Ėą‚Ėą‚Ėą‚Ėď‚Ėą‚Ėą‚Ėą‚Ėą‚Ėą‚Ėď‚Ėą‚Ėą‚Ėą ‚Ėą‚Ėą‚Ėź‚Ėą‚Ėą‚ĖĄ‚ĖÄ‚Ėą‚Ėą‚Ėą ‚ĖĄ‚ĖĄ‚ĖĄ ‚ĖĎ‚Ėą‚Ėą‚ĖĄ‚Ėą‚Ėą 
 ‚Ėą‚Ėą‚ĖĄ‚Ėą‚Ėą‚Ėą ‚Ėą‚ĖÄ‚ĖÄ‚Ėą‚Ėą‚Ėą‚ĖĄ‚Ėď‚ĖĄ‚Ėą‚Ėą‚Ėą‚ĖĆ‚ĖÄ‚Ėą‚ĖĆ ‚Ėą‚Ėą‚Ėď‚Ėą‚Ėą‚Ėą‚Ėď‚Ėą‚Ėą‚Ėą‚Ėď‚Ėą‚Ėí‚Ėą‚Ėď‚Ėą‚Ėą‚Ėą‚Ėď‚Ėą‚Ėą‚Ėí‚Ėą‚Ėą‚Ėą‚Ėď‚Ėą‚Ėą‚Ėą‚Ėą‚Ėą ‚Ėą‚Ėą‚ĖÄ‚Ėź‚Ėą‚Ėą‚Ėą‚ĖĄ‚ĖÄ‚ĖĄ‚Ėď‚Ėą‚Ėą‚Ėą‚ĖĆ‚Ėź‚Ėą‚Ėą‚Ėą‚Ėą‚ĖĎ‚Ėź
‚ĖĆ‚Ėź‚Ėą‚ĖĎ‚Ėą‚Ėą‚Ėď‚ĖĆ‚Ėą‚Ėą‚ĖĄ ‚ĖĄ‚ĖĄ ‚ĖÄ‚ĖĄ‚Ėą‚Ėą‚ĖÄ‚ĖĄ‚Ėą‚Ėď ‚Ėź‚Ėą‚Ėą‚Ėí‚Ėď‚Ėą‚Ėą‚Ėí‚Ėą‚Ėď‚Ėď‚Ėí‚Ėď‚Ėí‚Ėď‚Ėí‚Ėď‚Ėď‚Ėą‚Ėí‚Ėą‚Ėą‚Ėí‚Ėď‚Ėą‚Ėą‚Ėą‚Ėą‚Ėď‚Ėą‚Ėą‚Ėą‚ĖĆ‚Ėź‚Ėď‚Ėą‚ĖĄ‚ĖÄ‚Ėą‚Ėą‚Ėą‚ĖĆ‚ĖĄ‚ĖÄ‚ĖÄ ‚ĖĄ‚Ėą ‚Ėą‚Ėď‚Ėą‚Ėą‚ĖĎ‚Ėď
‚ĖĆ‚ĖĎ‚Ėą‚Ėą‚Ėą‚Ėą‚ĖĄ‚Ėą ‚Ėą‚Ėą‚ĖĆ‚Ėź‚ĖĆ ‚Ėą‚Ėą‚ĖÄ ‚Ėď‚Ėą‚Ėą‚Ėď ‚Ėą‚Ėą‚Ėď‚Ėí‚Ėí‚Ėď‚Ėď‚Ėí‚Ėď‚Ėí‚Ėí‚Ėí‚Ėí‚Ėí‚Ėí‚Ėí‚Ėí‚Ėí‚Ėď‚Ėí‚Ėď‚Ėď‚Ėí‚Ėí‚Ėď‚Ėą‚Ėď‚Ėą‚Ėí‚Ėď‚Ėą‚Ėď‚ĖĆ ‚Ėď‚Ėą‚Ėą‚Ėď ‚ĖÄ‚Ėą‚Ėą ‚Ėą‚ĖĆ‚Ėź‚Ėą‚Ėą‚Ėź‚Ėą‚ĖĄ‚Ėą‚ĖĎ‚Ėą‚Ėď
‚Ėď‚ĖĎ‚Ėą‚Ėą‚Ėą‚Ėą‚Ėą‚Ėą‚ĖĆ‚Ėź‚Ėą‚Ėą‚ĖĄ‚ĖÄ‚ĖĆ‚Ėź‚Ėą‚ĖĆ‚ĖĄ‚Ėď‚Ėą‚Ėď‚ĖĆ ‚Ėą‚Ėď‚Ėí‚Ėí‚Ėí‚Ėí‚Ėí‚Ėí‚Ėí‚Ėí‚Ėí‚Ėí‚Ėí‚Ėí‚Ėí‚Ėí‚Ėí‚Ėí‚Ėí‚Ėí‚Ėí‚Ėí‚Ėí‚Ėí‚Ėí‚Ėď‚Ėí‚Ėď‚Ėí‚Ėí‚Ėď‚Ėí‚Ėą ‚Ėź‚Ėď‚Ėą‚Ėď‚ĖĄ‚Ėź‚Ėą‚ĖĆ‚Ėź‚ĖÄ‚ĖĄ‚Ėą‚Ėą‚ĖĆ‚Ėź‚Ėą‚Ėą‚ĖĎ‚Ėą‚Ėď 
‚Ėď‚Ėą‚ĖĎ‚Ėą‚Ėą‚Ėď‚Ėą‚Ėą‚Ėą ‚Ėą‚Ėą‚Ėą‚Ėą‚ĖĄ ‚Ėą‚Ėą‚ĖÄ‚ĖĄ‚Ėą‚Ėď ‚Ėź‚Ėí‚Ėí‚Ėí‚Ėí‚Ėí‚Ėí‚Ėí‚Ėí‚Ėí‚Ėí‚ĖÄ‚ĖÄ ‚ĖĄ ‚ĖÄ‚ĖÄ‚Ėí‚Ėí‚Ėí‚Ėí‚Ėí‚Ėí‚Ėí‚Ėí‚Ėí‚Ėí‚Ėí‚Ėí‚Ėí‚Ėí‚Ėí‚Ėď‚ĖĆ ‚Ėď‚Ėą‚ĖĄ‚ĖÄ‚Ėą‚Ėą ‚ĖĄ‚Ėą‚Ėą‚Ėą‚Ėą ‚Ėą‚Ėą‚ĖĎ‚Ėą‚Ėď  
 ‚Ėď‚Ėą‚ĖĎ‚Ėą‚ĖĄ‚Ėą‚ĖĎ‚Ėą‚ĖĆ‚ĖÄ‚Ėą‚Ėą‚Ėą‚Ėą‚Ėą‚ĖĄ‚ĖĄ‚Ėą‚Ėą‚Ėď‚ĖĆ ‚ĖÄ‚ĖÄ‚ĖÄ‚ĖÄ‚ĖÄ‚ĖÄ ‚ĖĄ‚ĖĄ‚ĖĄ‚ĖĄ‚ĖĄ‚Ėą‚Ėą‚Ėą‚ĖÄ‚Ėą‚ĖĄ‚ĖĄ‚ĖĄ‚ĖĄ‚ĖĄ ‚ĖÄ‚ĖÄ‚ĖÄ‚Ėí‚Ėí‚Ėí‚Ėí‚Ėí‚Ėí‚Ėí‚Ėí‚Ėď ‚Ėź‚Ėď‚Ėą‚Ėą‚ĖĄ‚ĖĄ‚Ėą‚Ėą‚Ėą‚Ėą‚Ėą ‚Ėą‚ĖÄ‚ĖĄ‚Ėą‚Ėą   
  ‚Ėď‚Ėą‚ĖĎ‚Ėą‚Ėą‚Ėą‚Ėą‚Ėď‚ĖĄ‚ĖĄ‚ĖÄ‚Ėą‚Ėą‚ĖÄ‚Ėą‚Ėą‚Ėą‚Ėď‚ĖÄ ‚ĖĄ‚ĖĄ‚ĖĄ‚Ėą‚Ėą‚Ėą‚Ėď‚Ėą‚Ėą‚ĖĄ‚Ėą‚Ėą‚Ėą‚ĖĄ‚Ėą‚ĖÄ‚ĖÄ‚ĖÄ‚ĖÄ‚ĖĄ‚ĖĄ‚ĖĄ‚ĖĄ‚ĖÄ‚ĖÄ‚ĖÄ‚ĖĄ‚ĖĄ ‚ĖÄ‚ĖÄ‚Ėí‚Ėí‚Ėí‚Ėí‚Ėí‚ĖĆ ‚ĖÄ‚Ėď‚Ėą‚Ėą‚Ėą‚ĖÄ‚Ėą‚Ėą‚ĖÄ ‚Ėą‚ĖĄ‚Ėą‚Ėą‚ĖÄ    
   ‚Ėď‚Ėď‚ĖĄ‚ĖÄ‚Ėą‚Ėą‚ĖĄ‚Ėą‚Ėą‚Ėď ‚Ėą‚Ėą‚ĖĄ‚ĖĄ‚ĖÄ ‚ĖĄ‚Ėą‚Ėą‚Ėą‚Ėą‚Ėď‚Ėą‚Ėą‚ĖĄ‚Ėą‚Ėą‚ĖÄ‚ĖÄ‚ĖÄ‚ĖĄ‚ĖĄ‚ĖĄ‚Ėą‚Ėą‚Ėą‚Ėą‚Ėą‚Ėą‚Ėą‚Ėą‚Ėą‚Ėď‚Ėď‚ĖĄ ‚ĖÄ‚ĖÄ‚ĖĄ ‚ĖÄ‚Ėí‚Ėí‚Ėí‚Ėď   ‚ĖÄ‚ĖĄ‚ĖĄ‚Ėą‚Ėą ‚Ėď‚Ėź‚Ėą‚ĖÄ‚ĖÄ      
    ‚ĖÄ‚Ėď‚Ėď‚ĖĄ‚ĖÄ‚Ėą‚Ėą‚Ėą‚Ėą‚Ėď ‚Ėą‚Ėą‚Ėą‚Ėą‚Ėď‚ĖÄ‚Ėą‚Ėą‚Ėą‚Ėą‚ĖĄ‚ĖÄ‚ĖÄ‚ĖĄ‚ĖĄ‚ĖĄ‚Ėą‚Ėą‚Ėą‚Ėą‚Ėą‚Ėą‚Ėą‚Ėą‚Ėą‚Ėą‚Ėą‚Ėą‚Ėą‚Ėą‚Ėą‚Ėą‚Ėą‚Ėď‚Ėą‚Ėą‚Ėď ‚ĖÄ‚ĖĄ ‚ĖÄ‚Ėí‚Ėí‚ĖĆ ‚Ėď‚Ėą‚Ėą‚Ėą‚Ėą ‚Ėď‚Ėą          
      ‚ĖÄ‚Ėď‚Ėď‚ĖĄ‚ĖĄ‚ĖÄ‚ĖÄ‚Ėą‚Ėď ‚Ėą‚Ėą‚Ėą‚Ėą‚Ėď ‚ĖÄ‚Ėą‚ĖĄ‚ĖĄ‚Ėą‚Ėą‚Ėď‚Ėą‚Ėą‚Ėą‚Ėą‚Ėą‚Ėą‚Ėą‚Ėą‚Ėą‚Ėą‚Ėą‚Ėą‚Ėą‚Ėą‚Ėą‚Ėą‚Ėą‚Ėą‚Ėą‚Ėą‚Ėď‚Ėą‚Ėď‚Ėí‚Ėď‚Ėí‚ĖÄ‚ĖĄ ‚ĖÄ ‚Ėď‚Ėą‚Ėą‚Ėą‚Ėą ‚Ėď‚Ėą‚Ėą‚ĖĆ         
      ‚Ėą‚ĖĄ‚ĖÄ‚ĖÄ‚Ėď‚Ėď‚Ėď‚Ėď‚Ėą‚Ėď ‚Ėą‚Ėą‚Ėą‚Ėą‚Ėď ‚ĖÄ‚Ėą‚Ėą‚Ėą‚Ėą‚Ėą‚Ėą‚Ėą‚Ėą‚Ėą‚Ėą‚Ėą‚Ėą‚Ėą‚Ėą‚Ėą‚Ėą‚Ėą‚Ėą‚Ėą‚Ėą‚Ėą‚Ėą‚Ėą‚Ėą‚Ėą‚Ėď‚Ėď‚Ėď‚Ėí‚Ėí‚Ėí‚ĖĎ‚ĖĎ‚ĖÄ ‚Ėď‚Ėą‚Ėą‚Ėą‚Ėą ‚Ėď‚Ėą‚Ėą‚Ėą‚ĖĆ         
     ‚Ėź‚Ėą‚Ėą‚Ėą‚Ėą‚ĖĄ‚ĖĄ‚ĖÄ‚ĖÄ‚Ėď‚Ėí‚Ėď ‚Ėą‚Ėą‚Ėą‚Ėą‚Ėď‚ĖĄ ‚ĖÄ‚Ėą‚Ėą‚Ėą‚Ėą‚Ėą‚Ėą‚Ėą‚Ėą‚Ėą‚Ėą‚Ėą‚Ėą‚Ėą‚Ėą‚Ėą‚Ėą‚Ėą‚Ėą‚Ėą‚Ėą‚Ėą‚Ėą‚Ėą‚Ėď‚Ėď‚Ėí‚Ėí‚ĖĎ‚ĖĎ  ‚ĖĄ‚Ėď‚Ėą‚Ėą‚Ėą‚Ėą‚ĖĆ‚ĖÄ‚Ėď‚Ėą‚Ėą‚Ėą‚Ėą         
     ‚Ėź‚Ėą‚Ėą‚Ėą‚Ėą‚Ėą‚Ėą‚Ėą‚Ėą‚ĖĄ‚ĖĄ‚ĖÄ‚ĖÄ‚Ėď‚Ėą‚Ėą‚Ėą‚Ėą‚Ėą‚Ėď‚ĖĄ ‚ĖÄ‚Ėď‚Ėď‚Ėď‚Ėí‚Ėą‚Ėą‚Ėą‚Ėą‚Ėą‚Ėą‚Ėą‚Ėą‚Ėą‚Ėą‚Ėą‚Ėą‚Ėą‚Ėą‚Ėą‚Ėą‚Ėď‚Ėď‚Ėí‚ĖĎ‚ĖĎ  ‚ĖĄ‚Ėď‚Ėą‚Ėą‚Ėą‚Ėą‚Ėą‚Ėď ‚Ėď‚ĖĄ‚ĖÄ‚ĖÄ‚Ėą‚Ėą         
     ‚Ėą‚Ėą‚Ėą‚Ėą‚Ėą‚Ėą‚Ėą‚Ėą‚Ėą‚Ėą‚Ėď   ‚Ėď‚Ėą‚Ėą‚Ėą‚Ėą‚Ėą‚Ėą‚Ėď‚ĖĄ‚ĖĄ ‚ĖÄ‚Ėď‚Ėď‚Ėď‚Ėí‚Ėą‚Ėą‚Ėą‚Ėą‚Ėą‚Ėą‚Ėą‚Ėą‚Ėą‚Ėą‚Ėą‚Ėą‚Ėą‚Ėď‚Ėí‚ĖĎ  ‚ĖĄ‚Ėď‚Ėą‚Ėą‚Ėą‚Ėą‚Ėą‚Ėą‚Ėď ‚ĖĎ‚Ėí‚Ėí‚Ėą‚Ėď‚ĖĄ‚ĖÄ‚ĖĆ        
     ‚Ėą‚Ėą‚Ėą‚Ėą‚Ėą‚Ėą‚Ėą‚Ėą‚Ėą‚Ėď  ‚ĖĎ  ‚Ėď‚Ėą‚Ėą‚Ėą‚Ėą‚Ėą‚Ėą‚Ėą‚Ėď‚Ėď ‚ĖÄ‚ĖÄ‚Ėď‚Ėď‚Ėď‚Ėí‚Ėí‚Ėą‚Ėą‚Ėą‚Ėą‚Ėą‚Ėą‚Ėą‚Ėą‚Ėą‚Ėď‚ĖĎ ‚ĖĄ‚Ėď‚Ėď‚Ėą‚Ėą‚Ėą‚Ėą‚Ėą‚Ėą‚Ėą‚Ėď ‚ĖĎ‚Ėí‚Ėí‚Ėď‚Ėą‚Ėą‚Ėą‚ĖÄ‚ĖĄ        
    ‚Ėź‚Ėą‚Ėą‚Ėą‚Ėą‚Ėą‚Ėą‚Ėą‚Ėą‚Ėď  ‚ĖĎ‚Ėí‚ĖĎ  ‚Ėď‚Ėą‚Ėą‚Ėą‚Ėą‚Ėą‚Ėą‚Ėą‚Ėą‚Ėą‚Ėď ‚ĖÄ‚ĖÄ‚Ėď‚Ėď‚Ėď‚Ėď‚Ėď‚Ėí‚Ėí‚Ėą‚Ėą‚Ėí‚Ėď‚Ėď‚ĖĎ ‚Ėď‚Ėą‚Ėą‚Ėą‚Ėą‚Ėą‚Ėą‚Ėą‚Ėą‚Ėą‚Ėď ‚ĖĎ‚Ėí‚Ėí‚Ėí‚Ėí‚Ėď‚Ėą‚Ėą‚Ėą‚Ėą‚Ėą‚ĖĄ ‚ĖĄ    
  ‚ĖÄ ‚ĖÄ‚ĖÄ‚ĖÄ‚ĖÄ‚ĖÄ‚ĖÄ‚ĖÄ‚ĖÄ‚Ėď  ‚Ėď‚Ėď‚Ėď‚Ėí‚Ėí  ‚Ėď‚Ėą‚Ėą‚Ėą‚Ėą‚Ėą‚Ėą‚Ėą‚Ėą‚Ėą‚Ėď ‚ĖĎ‚ĖĄ ‚ĖÄ‚ĖÄ‚Ėď‚Ėď‚Ėď‚Ėď‚Ėą‚Ėą‚Ėí‚ĖĎ ‚Ėď‚Ėą‚Ėą‚Ėą‚Ėą‚Ėą‚Ėą‚Ėą‚Ėą‚Ėą‚Ėď ‚ĖĎ‚Ėí‚Ėí‚Ėď‚Ėď‚Ėą‚ĖÄ‚ĖÄ‚ĖÄ ‚ĖĄ‚ĖĄ‚ĖĄ‚ĖĄ     
‚ĖĄ‚Ėą‚Ėą‚Ėą‚Ėą‚Ėą‚Ėą‚Ėď‚Ėď‚Ėď‚Ėď‚ĖĄ‚ĖĄ ‚ĖÄ‚ĖÄ‚Ėą‚Ėą‚Ėď‚Ėď‚Ėď  ‚Ėď‚Ėą‚Ėą‚Ėą‚Ėą‚Ėą‚Ėą‚Ėą‚Ėą‚Ėą‚Ėď ‚ĖĎ‚Ėí‚ĖĎ‚ĖĄ‚ĖĄ ‚ĖÄ‚ĖÄ‚Ėď‚ĖĎ‚ĖĎ ‚Ėď‚Ėą‚Ėą‚Ėą‚Ėą‚Ėą‚Ėą‚Ėą‚Ėą‚Ėą‚Ėď ‚ĖĎ‚Ėí‚Ėď‚Ėą‚ĖÄ ‚ĖĄ‚ĖĄ‚Ėď‚Ėď‚Ėď‚Ėą‚Ėą‚Ėą‚Ėą‚Ėą‚Ėą‚ĖĄ  
‚Ėą‚Ėą‚Ėą‚Ėą‚Ėą‚Ėď‚Ėď‚Ėą‚Ėą‚Ėą‚Ėą‚Ėą‚Ėą‚Ėą‚Ėą‚ĖĄ‚ĖĄ ‚ĖÄ‚ĖÄ‚Ėą‚Ėď‚ĖĄ ‚ĖÄ‚Ėď‚Ėą‚Ėą‚Ėą‚Ėą‚Ėą‚Ėą‚Ėą‚Ėą‚Ėą‚ĖĄ  ‚Ėí‚Ėí‚ĖĎ‚Ėí‚ĖĄ  ‚ĖĄ‚Ėą‚Ėą‚Ėą‚Ėą‚Ėą‚Ėą‚Ėą‚Ėą‚Ėą‚Ėď‚ĖÄ ‚ĖĎ‚Ėí‚Ėď‚ĖÄ ‚ĖĄ‚Ėą‚Ėą‚Ėą‚Ėą‚Ėą‚Ėą‚Ėď‚Ėď‚Ėą‚Ėą‚Ėą‚Ėą‚Ėą‚Ėą‚ĖĆ
‚Ėą‚Ėą‚Ėą‚Ėď‚Ėď‚Ėą‚Ėą‚Ėą‚Ėą‚Ėą‚Ėą‚Ėą‚Ėą‚Ėą‚Ėą‚Ėą‚Ėą‚Ėą‚Ėą‚ĖĄ‚ĖĄ ‚ĖÄ‚ĖÄ‚ĖĄ ‚ĖÄ‚Ėą‚Ėą‚Ėą‚ĖÄ‚Ėą‚Ėą‚Ėą‚Ėą‚Ėą‚Ėą‚ĖĄ ‚Ėď‚Ėď‚Ėď ‚ĖĄ‚Ėą‚Ėą‚Ėą‚Ėą‚Ėą‚Ėą‚Ėą‚ĖÄ‚Ėą‚Ėą‚ĖÄ‚ĖĄ‚ĖĎ‚ĖĎ‚Ėí‚Ėď‚ĖĄ‚ĖĄ‚Ėą‚Ėą‚Ėą‚Ėą‚Ėą‚Ėą‚Ėą‚Ėą‚Ėą‚Ėą‚Ėď‚Ėď‚Ėą‚Ėą‚Ėą‚Ėą‚Ėą
‚Ėą‚Ėą‚Ėď‚Ėą‚Ėą‚Ėą‚Ėą‚Ėą‚Ėą‚Ėą‚Ėą‚Ėą‚Ėą‚Ėą‚Ėą‚Ėą‚Ėą‚Ėą‚Ėą‚Ėą‚Ėą‚Ėą‚Ėą‚ĖĄ ‚ĖÄ  ‚ĖĄ‚ĖĄ‚Ėą‚Ėą‚Ėą‚Ėą‚Ėą‚Ėą‚Ėď‚Ėą ‚Ėí‚Ėí‚Ėí‚Ėź‚Ėą‚Ėď‚Ėą‚Ėą‚Ėą‚Ėą‚Ėą‚Ėą‚Ėą‚ĖĄ‚ĖĄ  ‚ĖĄ‚ĖĄ‚Ėą‚Ėą‚Ėą‚Ėą‚Ėą‚Ėą‚Ėą‚Ėą‚Ėą‚Ėą‚Ėą‚Ėą‚Ėą‚Ėą‚Ėą‚Ėą‚Ėď‚Ėą‚Ėą‚Ėą‚Ėą
‚Ėą‚Ėď‚Ėą‚Ėą‚Ėą‚Ėą‚Ėą‚Ėą‚Ėą‚Ėą‚Ėą‚Ėą‚Ėą‚Ėą‚Ėą‚Ėą‚Ėą‚Ėą‚Ėą‚Ėą‚Ėą‚Ėą‚Ėą‚Ėą‚ĖÄ‚ĖĄ‚Ėą‚Ėą‚Ėą‚Ėą‚Ėą‚Ėą‚Ėą‚Ėą‚Ėą‚Ėď‚ĖÄ‚ĖÄ ‚Ėí‚Ėí‚Ėí ‚ĖÄ‚ĖÄ‚Ėď‚Ėą‚Ėą‚Ėą‚Ėą‚Ėą‚Ėą‚Ėą‚Ėą‚Ėą‚ĖĄ  ‚Ėą‚Ėą‚Ėą‚Ėą‚Ėą‚Ėą‚Ėą‚Ėą‚Ėą‚Ėą‚Ėą‚Ėą‚Ėą‚Ėą‚Ėą‚Ėą‚Ėą‚Ėď‚Ėą‚Ėą‚Ėą
‚Ėď‚Ėą‚Ėą‚Ėą‚Ėą‚Ėą‚Ėą‚Ėą‚Ėą‚Ėą‚Ėą‚Ėą‚Ėą‚Ėą‚Ėą‚Ėą‚Ėą‚Ėą‚Ėą‚ĖÄ‚Ėí‚Ėą‚ĖÄ‚ĖĄ‚Ėą‚Ėą‚Ėą‚Ėą‚Ėą‚Ėą‚Ėą‚Ėď‚Ėą‚Ėď‚Ėď‚ĖÄ ‚Ėí‚Ėí‚Ėí‚ĖĎ‚Ėí‚Ėí‚Ėí‚Ėí ‚Ėď‚Ėď‚Ėą‚Ėą‚Ėą‚Ėą‚Ėą‚Ėą‚Ėą‚Ėą‚Ėą‚ĖĄ  ‚ĖÄ‚Ėą‚Ėą‚Ėą‚Ėą‚Ėą‚Ėą‚Ėą‚Ėą‚Ėą‚Ėą‚Ėą‚Ėą‚Ėą‚Ėą‚Ėą‚Ėď‚Ėą‚Ėą
‚Ėą‚Ėą‚Ėą‚Ėą‚Ėą‚Ėą‚Ėą‚Ėą‚Ėą‚Ėą‚Ėą‚Ėą‚Ėą‚Ėą‚Ėą‚Ėą‚Ėą‚Ėą‚ĖĆ  ‚ĖĄ‚Ėą‚Ėą‚Ėą‚Ėą‚Ėą‚Ėą‚Ėą‚Ėą‚Ėą‚Ėď‚Ėď  ‚ĖĎ‚Ėí‚ĖĎ‚Ėí‚Ėí‚ĖĎ‚ĖĎ‚Ėí‚Ėí‚Ėí‚Ėí‚ĖĎ ‚Ėď‚Ėď‚Ėą‚Ėą‚Ėą‚Ėą‚Ėą‚Ėą‚Ėą‚Ėą‚Ėą‚ĖĄ ‚Ėź‚Ėą‚Ėą‚Ėą‚Ėą‚Ėą‚Ėą‚Ėą‚Ėą‚Ėą‚Ėą‚Ėą‚Ėą‚Ėą‚Ėą‚Ėą‚Ėą‚Ėą
‚Ėą‚Ėą‚Ėą‚Ėą‚Ėą‚Ėą‚Ėą‚Ėą‚Ėą‚Ėą‚Ėą‚Ėą‚Ėą‚Ėą‚Ėą‚Ėą‚Ėą‚Ėą ‚Ėď‚Ėď‚Ėą‚Ėą‚Ėą‚Ėď‚Ėą‚Ėą‚Ėą‚Ėą‚Ėď‚Ėď  ‚ĖĎ‚Ėí‚ĖĎ‚ĖĎ‚ĖĎ‚Ėí‚ĖĎ‚ĖĎ‚ĖĎ‚ĖĎ‚ĖĎ‚ĖĎ‚Ėí‚ĖĎ‚ĖĎ‚Ėí ‚Ėď‚Ėď‚Ėą‚Ėą‚Ėą‚Ėą‚Ėď‚Ėą‚Ėą‚Ėą‚Ėą ‚Ėą‚Ėą‚Ėą‚Ėą‚Ėą‚Ėą‚Ėą‚Ėą‚Ėą‚Ėą‚Ėą‚Ėą‚Ėą‚Ėą‚Ėą‚Ėą‚Ėą
‚Ėą‚Ėą‚Ėą‚Ėą‚Ėą‚Ėą‚Ėą‚Ėą‚Ėą‚Ėą‚Ėą‚Ėą‚Ėą‚Ėą‚Ėą‚Ėą‚Ėą‚Ėą‚Ėź‚ĖĆ‚Ėď‚Ėą‚Ėď‚Ėą‚Ėą‚Ėą‚Ėď‚Ėď‚Ėď  ‚ĖĎ‚Ėí‚ĖĎ‚ĖĎ‚ĖĎ‚ĖĎ‚ĖĎ‚ĖĎ‚ĖĎ‚ĖĎ‚ĖĎ‚Ėí‚ĖĎ‚ĖĎ‚ĖĎ‚ĖĎ‚ĖĎ‚ĖĎ‚ĖĎ ‚Ėź‚Ėď‚Ėď‚Ėď‚Ėą‚Ėą‚Ėą‚Ėď‚Ėą‚Ėą‚ĖĆ‚Ėą‚Ėą‚Ėď‚ĖÄ‚Ėą‚Ėą‚Ėą‚Ėą‚Ėą‚Ėą‚Ėą‚Ėą‚Ėą‚Ėą‚Ėą‚Ėą‚Ėą
‚Ėą‚Ėą‚Ėą‚Ėą‚Ėą‚Ėą‚Ėą‚Ėą‚Ėą‚Ėą‚Ėą‚Ėą‚Ėą‚Ėą‚Ėą‚Ėą‚Ėą‚Ėą‚Ėí‚ĖĄ‚Ėď‚Ėď‚Ėď‚Ėď‚Ėď‚ĖÄ‚ĖÄ‚ĖÄ‚Ėď ‚ĖĎ‚ĖĎ‚ĖĎ‚ĖĎ‚ĖĎ‚ĖĎ‚Ėí‚ĖĎ‚ĖĎ‚ĖĎ‚ĖĎ‚ĖĎ‚ĖĎ‚ĖĎ‚ĖĎ‚ĖĎ‚ĖĎ‚ĖĎ‚ĖĎ‚ĖĎ ‚Ėď‚Ėď‚ĖĄ ‚ĖÄ‚Ėď‚Ėď‚Ėď‚Ėď‚Ėď‚Ėą‚Ėź‚Ėď‚Ėď‚Ėí ‚Ėą‚Ėą‚Ėą‚Ėą‚Ėą‚Ėą‚Ėą‚Ėą‚Ėą‚Ėą‚Ėą‚Ėą
‚Ėą‚Ėą‚Ėą‚Ėą‚Ėą‚Ėą‚Ėą‚Ėą‚Ėą‚Ėą‚Ėą‚Ėą‚Ėą‚Ėą‚Ėą‚Ėą‚Ėą‚Ėą‚ĖĆ‚Ėą‚Ėď‚Ėď‚ĖÄ ‚ĖĄ‚Ėą‚Ėą‚Ėą‚ĖĄ ‚ĖĎ‚ĖĎ‚ĖĎ‚ĖĎ‚ĖĎ‚ĖĎ‚ĖĎ‚ĖĎ‚ĖĎ ‚ĖĎ‚ĖĎ‚ĖĎ‚ĖĎ‚ĖĎ ‚ĖĎ‚ĖĎ‚ĖĎ  ‚Ėď‚Ėź‚Ėą‚Ėą ‚ĖÄ‚ĖÄ‚Ėą‚Ėď‚Ėď‚Ėą‚Ėź‚Ėą‚Ėą‚Ėď ‚Ėź‚Ėą‚Ėą‚Ėą‚Ėą‚Ėą‚Ėą‚Ėą‚Ėą‚Ėą‚Ėą‚Ėą
‚Ėą‚Ėą‚Ėą‚Ėą‚Ėą‚Ėą‚Ėą‚Ėą‚Ėą‚Ėą‚Ėą‚Ėą‚Ėą‚Ėą‚Ėą‚Ėą‚Ėą‚Ėą‚ĖĆ‚Ėď    ‚Ėą‚Ėą‚Ėą‚Ėą‚Ėď‚ĖĆ ‚ĖĎ‚ĖĎ ‚ĖĎ‚ĖĎ ‚ĖĎ‚ĖĎ ‚ĖĎ‚ĖĎ ‚ĖĎ‚ĖĎ ‚ĖĎ ‚ĖĎ ‚Ėď‚Ėą‚Ėą‚Ėą‚Ėą‚ĖĆ   ‚ĖÄ‚ĖĆ‚Ėď‚Ėą‚Ėą‚Ėą‚Ėą‚Ėď ‚Ėą‚Ėą‚Ėą‚Ėą‚Ėą‚Ėą‚Ėą‚Ėą‚Ėą‚Ėą‚Ėą
‚Ėď‚Ėď‚Ėď‚Ėą‚Ėą‚Ėą‚Ėą‚Ėą‚Ėą‚Ėą‚Ėą‚Ėą‚ĖĄ‚Ėą‚Ėą‚Ėą‚Ėą‚Ėą‚Ėą ‚Ėď  ‚Ėź‚Ėą‚Ėą‚Ėą‚Ėą‚Ėą‚Ėď ‚ĖĎ  ‚ĖĎ   ‚ĖĎ ‚ĖĎ  ‚ĖĎ  ‚ĖĎ   ‚Ėď‚Ėą‚Ėą‚Ėą‚Ėą‚Ėą    ‚Ėď‚Ėź‚Ėą‚Ėą‚Ėą‚Ėą‚Ėď ‚Ėź‚Ėą‚Ėą‚Ėą‚Ėą‚Ėą‚Ėą‚Ėą‚Ėď‚Ėď‚Ėď
‚ĖÄ‚ĖÄ‚ĖÄ‚ĖÄ‚Ėď‚Ėď‚Ėď‚Ėą‚Ėą‚Ėą‚Ėą‚Ėą‚ĖĆ‚Ėź‚Ėą‚Ėą‚Ėą‚Ėą‚Ėą‚Ėą‚ĖĄ ‚ĖĄ‚Ėą‚Ėą‚Ėą‚Ėą‚Ėą‚Ėą‚Ėď ‚Ėď  ‚ĖĎ           ‚ĖĎ   ‚Ėď‚Ėą‚Ėą‚Ėą‚Ėą‚Ėą‚Ėą‚ĖĄ ‚ĖĄ‚Ėą‚Ėą‚Ėą‚Ėą‚Ėą‚Ėď  ‚Ėą‚Ėą‚Ėą‚Ėą‚Ėď‚Ėď‚Ėď‚ĖÄ‚ĖÄ‚ĖÄ 
      ‚ĖÄ‚Ėď‚Ėď‚Ėą‚Ėą‚Ėą‚Ėą ‚Ėď‚Ėą‚Ėą‚Ėą‚Ėą‚Ėą‚Ėą‚Ėą‚Ėą‚Ėą‚Ėą‚Ėą‚Ėą‚Ėą‚Ėą‚Ėď ‚ĖĄ      ‚ĖĎ           ‚Ėď‚Ėą‚Ėą‚Ėą‚Ėą‚Ėą‚Ėą‚Ėą‚Ėą‚Ėą‚Ėą‚Ėą‚Ėą‚Ėą‚Ėď  ‚Ėź‚Ėą‚Ėą‚Ėď‚Ėď       
         ‚Ėď‚Ėď‚Ėą‚Ėą‚Ėą‚ĖĄ ‚ĖÄ‚Ėą‚Ėą‚Ėą‚Ėą‚Ėą‚Ėą‚Ėą‚Ėą‚Ėą‚Ėą‚Ėą‚Ėą‚Ėď                ‚ĖĎ    ‚Ėď‚Ėą‚Ėą‚Ėą‚Ėą‚Ėą‚Ėą‚Ėą‚Ėą‚Ėą‚Ėą‚Ėą‚Ėą‚Ėď ‚Ėą‚Ėą‚Ėď‚Ėď         
     ‚ĖĄ‚Ėą‚Ėď‚ĖĄ  ‚Ėď‚Ėą‚Ėą‚Ėď ‚ĖĄ‚Ėą‚Ėą‚Ėą‚Ėą‚Ėą‚Ėą‚Ėą‚Ėą‚Ėą‚Ėą‚Ėą‚Ėď        ‚ĖĄ‚ĖĎ‚ĖĄ           ‚Ėď‚Ėą‚Ėą‚Ėą‚Ėą‚Ėą‚Ėą‚Ėą‚Ėą‚Ėą‚Ėą‚Ėą‚Ėą‚Ėď ‚Ėą‚Ėď   ‚ĖĄ‚Ėď‚Ėą‚ĖĄ    
    ‚Ėź‚Ėą‚Ėą‚ĖĎ‚Ėď‚ĖĆ ‚Ėí‚Ėą‚Ėą‚ĖĆ‚Ėź‚Ėą‚Ėą‚Ėą‚Ėą‚Ėą‚Ėą‚Ėą‚Ėą‚Ėą‚Ėą‚Ėą‚Ėą‚Ėď         ‚ĖÄ      ‚ĖĄ‚ĖĎ‚ĖĄ    ‚Ėď‚Ėą‚Ėą‚Ėą‚Ėą‚Ėą‚Ėą‚Ėą‚Ėą‚Ėą‚ĖĆ‚Ėď ‚Ėź‚Ėą‚Ėí  ‚Ėź‚Ėď‚ĖĎ‚Ėą‚Ėą‚ĖĆ   
     ‚Ėą‚Ėą‚Ėą‚Ėď  ‚Ėą‚Ėą‚Ėą ‚Ėď‚Ėą‚Ėą‚Ėą‚Ėą‚Ėą‚Ėą‚Ėą‚Ėą‚Ėą‚Ėą‚Ėą‚Ėď ‚ĖĄ                ‚ĖÄ     ‚Ėď‚Ėą‚Ėą‚Ėą‚Ėą‚Ėą‚Ėą‚Ėą‚Ėą‚Ėď‚Ėą   ‚Ėą‚Ėą   ‚Ėď‚Ėą‚Ėą‚Ėą    
‚ĖĎ     ‚ĖÄ‚ĖÄ  ‚Ėď‚Ėą‚Ėą‚Ėą‚ĖĆ ‚Ėď‚Ėą‚Ėą‚Ėą‚Ėą‚Ėą‚Ėą‚Ėą‚Ėą‚Ėą‚Ėą‚Ėď                         ‚Ėď‚Ėą‚Ėą‚Ėą‚Ėą‚Ėą‚Ėą‚Ėą‚Ėď‚Ėí   ‚Ėą‚Ėą‚Ėď   ‚ĖÄ‚ĖÄ    ‚Ėď
‚Ėą‚ĖĄ       ‚Ėď‚Ėą‚Ėą‚Ėą‚Ėą‚Ėą  ‚Ėď‚Ėą‚Ėą‚Ėą‚Ėą‚ĖÄ‚Ėą‚Ėą‚Ėą‚Ėď                          ‚Ėď‚Ėą‚Ėď  ‚Ėą‚Ėď‚Ėď    ‚Ėź‚Ėą‚Ėą‚Ėą‚Ėď       ‚ĖĄ‚Ėí
‚Ėą‚Ėą‚Ėą‚Ėą‚ĖĄ‚ĖĄ‚ĖĄ‚ĖĎ‚Ėď‚Ėď‚Ėď‚ĖĎ‚Ėą‚Ėą‚Ėą‚Ėą‚ĖĄ ‚ĖÄ‚Ėą‚Ėą‚ĖÄ‚Ėď‚Ėą‚ĖÄ‚Ėď ‚ĖĄ‚Ėď‚ĖĄ         ‚ĖĄ‚Ėď‚ĖĄ            ‚Ėď‚Ėą‚Ėď       ‚Ėą‚Ėą‚Ėą‚ĖĎ‚Ėď‚Ėď‚Ėď‚ĖĎ‚ĖĄ‚ĖĄ‚ĖĄ‚Ėą‚Ėą‚Ėą‚Ėą
‚Ėí‚Ėď  ‚ĖÄ‚ĖÄ‚ĖÄ‚ĖÄ‚ĖÄ‚Ėą‚Ėą‚Ėą‚Ėą‚Ėď‚Ėď‚Ėď      ‚ĖĄ‚Ėď‚Ėď   ‚ĖÄ           ‚ĖÄ             ‚Ėź‚Ėď‚Ėď‚ĖĄ     ‚Ėď‚Ėď‚Ėď‚Ėą‚Ėą‚Ėą‚Ėą‚Ėą‚ĖÄ‚ĖÄ‚ĖÄ‚ĖÄ  ‚Ėď‚Ėí
‚Ėą‚Ėą‚Ėą‚Ėą‚Ėď‚ĖĎ‚ĖĎ     ‚ĖÄ‚ĖÄ‚ĖÄ     ‚ĖĎ ‚Ėą‚Ėď                               ‚Ėź‚Ėď‚Ėą ‚ĖĎ    ‚ĖÄ‚ĖÄ‚ĖÄ     ‚ĖĎ‚ĖĎ‚Ėď‚Ėą‚Ėą‚Ėą‚Ėą
‚Ėą‚Ėą‚Ėą‚Ėą‚Ėą‚Ėą‚Ėą‚Ėą‚Ėą‚ĖÄ   ‚ĖÄ ‚Ėď     ‚Ėą‚Ėď  ‚ĖĄ‚Ėď‚ĖĄ                            ‚ĖÄ‚Ėď‚Ėą     ‚Ėď ‚ĖÄ   ‚ĖÄ‚Ėą‚Ėą‚Ėą‚Ėą‚Ėą‚Ėą‚Ėą‚Ėą
‚Ėą‚Ėą‚Ėą‚Ėą‚Ėą‚Ėą‚Ėą‚Ėą     ‚ĖĎ‚Ėď‚ĖĎ   ‚ĖĄ‚Ėą‚ĖÄ    ‚ĖÄ                               ‚ĖÄ‚Ėą‚ĖĄ   ‚ĖĎ‚Ėď‚ĖĎ     ‚Ėą‚Ėą‚Ėą‚Ėą‚Ėą‚Ėą‚Ėą
‚Ėą‚Ėď‚Ėą‚Ėď‚Ėą‚Ėď‚Ėą     ‚ĖĎ‚Ėď   ‚ĖĄ                                            ‚ĖÄ   ‚Ėď‚ĖĎ     ‚Ėą‚Ėď‚Ėą‚Ėď‚Ėą‚Ėď
‚Ėą‚ĖÄ‚Ėą‚ĖÄ‚Ėą‚ĖĎ ‚ĖĎ   ‚Ėď‚Ėą                                                      ‚Ėą‚Ėď   ‚ĖĎ‚ĖĄ‚ĖÄ‚Ėą‚ĖÄ‚Ėą‚ĖÄ
‚Ėą‚ĖĎ‚Ėą‚ĖĎ‚ĖÄ     ‚ĖĎ‚Ėď                                                        ‚Ėď‚ĖĎ   ‚ĖÄ‚ĖĎ‚Ėą‚ĖĎ‚Ėą‚ĖĎ
     ‚ĖĎ  ‚ĖĄ‚ĖÄ      ‚ĖĄ‚ĖĄ‚ĖĄ‚ĖĄ                                                  ‚ĖÄ‚ĖĄ‚ĖĎ      
‚ĖĄ‚ĖĎ‚ĖĄ‚ĖĎ ‚Ėí‚ĖĄ‚ĖĎ      ‚ĖĄ‚Ėą‚Ėą‚Ėą‚Ėą‚Ėą‚Ėą‚ĖĄ                             ‚ĖĄ‚ĖĄ‚ĖĄ‚ĖĄ    ‚Ėď      ‚ĖĄ     ‚Ėą‚Ėď‚ĖĎ ‚ĖĎ ‚ĖĎ
‚Ėą‚Ėí‚Ėą‚Ėí‚Ėą‚Ėď‚Ėď      ‚Ėą‚Ėą‚Ėą‚Ėą‚Ėą‚Ėď‚Ėď‚Ėą‚Ėą‚ĖĆ  ‚ĖĄ‚ĖĄ‚Ėą ‚ĖĄ‚Ėď         ‚ĖÄ‚Ėď‚Ėą‚Ėą‚Ėą    ‚ĖĄ‚Ėą‚Ėą‚Ėą‚Ėą‚Ėą‚Ėą‚ĖĄ  ‚ĖĄ     ‚Ėź‚Ėď‚ĖĆ      ‚Ėď‚Ėą‚ĖĄ‚Ėą‚ĖĄ
            ‚Ėą‚Ėą‚Ėą‚Ėą‚ĖÄ‚ĖÄ‚ĖÄ‚Ėď‚Ėď‚Ėą‚Ėą‚Ėź‚Ėą‚Ėą‚Ėą‚Ėď ‚Ėď‚Ėď‚Ėą‚Ėą‚ĖĎ      ‚Ėď‚Ėď‚Ėą‚Ėą‚Ėą   ‚Ėą‚Ėą‚Ėą‚Ėą‚Ėą‚Ėď‚Ėď‚Ėą‚Ėą‚ĖĆ ‚Ėą‚Ėą     ‚Ėź‚Ėą‚ĖĆ      ‚Ėą‚Ėí‚Ėą‚Ėí
           ‚Ėź‚Ėą‚Ėą‚Ėą     ‚Ėď‚Ėą‚Ėą‚Ėź‚Ėď‚Ėą‚Ėą‚Ėď ‚Ėď‚Ėď‚Ėą‚Ėą‚ĖĎ‚ĖĄ    ‚Ėź‚Ėď‚Ėď‚Ėą‚Ėą‚ĖĆ‚ĖÄ ‚Ėą‚Ėą‚Ėą‚Ėą‚ĖÄ‚ĖÄ‚ĖÄ‚Ėď‚Ėď‚Ėą‚Ėą ‚Ėź‚Ėď‚ĖĆ     ‚Ėą‚Ėą       ‚Ėď‚Ėą‚Ėď
           ‚Ėź‚Ėď‚Ėą‚Ėą     ‚Ėď‚Ėą‚Ėą‚ĖĆ‚Ėą‚Ėą‚Ėą ‚Ėź‚Ėą‚Ėď‚Ėą‚Ėą‚Ėą‚Ėą‚Ėą‚ĖĄ  ‚Ėź‚Ėď‚Ėď‚Ėą‚Ėą‚ĖĆ ‚Ėź‚Ėą‚Ėą‚Ėą     ‚Ėď‚Ėą‚Ėą‚ĖĆ ‚Ėą‚Ėą      ‚Ėą‚Ėą     ‚ĖÄ‚ĖÄ  
           ‚Ėą‚Ėą‚Ėą‚Ėą     ‚Ėą‚Ėą‚Ėď‚ĖĆ‚Ėą‚Ėď‚Ėą ‚Ėź‚Ėą‚Ėą‚Ėą‚Ėą‚Ėą‚Ėą‚Ėą‚Ėą‚Ėď‚ĖĄ ‚Ėď‚Ėą‚Ėą‚Ėą‚ĖĆ ‚Ėą‚Ėď‚Ėą‚Ėą     ‚Ėź‚Ėą‚Ėą‚ĖĆ ‚Ėź‚Ėą‚ĖĆ ‚ĖĄ ‚ĖĄ‚Ėą‚ĖĄ‚Ėą‚ĖĆ        
          ‚Ėź‚Ėą‚Ėą‚Ėď‚ĖĆ     ‚Ėď‚Ėď‚Ėí‚Ėź‚Ėď‚Ėď‚Ėą ‚Ėź‚Ėą‚Ėď‚Ėą‚Ėą‚Ėą‚Ėą‚Ėą‚Ėą‚Ėą‚Ėą‚Ėď‚ĖĄ‚ĖÄ‚Ėą‚Ėą‚ĖĆ ‚Ėą‚Ėą‚Ėą‚Ėą      ‚Ėą‚Ėą‚Ėą  ‚Ėą‚Ėą‚Ėź‚Ėą‚Ėą‚ĖĄ‚ĖÄ‚Ėą‚Ėą‚Ėą ‚ĖĄ‚ĖĄ‚ĖĄ    
          ‚Ėź‚Ėą‚Ėď‚Ėď‚ĖĆ       ‚ĖĎ‚Ėą‚Ėď‚Ėą‚Ėą  ‚Ėď‚Ėą‚Ėą‚Ėą‚Ėą ‚ĖÄ‚Ėą‚Ėą‚Ėą‚Ėź‚Ėď‚Ėď‚ĖĄ‚ĖÄ‚Ėą‚Ėź‚Ėą‚Ėą‚Ėď‚Ėą      ‚Ėź‚Ėą‚Ėą‚ĖĆ ‚Ėą‚Ėą‚ĖÄ‚Ėź‚Ėą‚Ėą‚Ėą‚ĖĄ‚ĖÄ‚ĖĄ‚Ėď‚Ėą‚Ėą‚Ėą‚ĖĆ   
          ‚Ėź‚Ėą‚Ėď‚Ėą‚ĖĆ        ‚Ėď‚Ėą‚Ėą‚Ėď‚ĖĆ ‚Ėď‚Ėą‚Ėď‚Ėą‚Ėą   ‚ĖÄ‚Ėą‚Ėą‚Ėą‚Ėą‚Ėď‚ĖĆ‚Ėź‚ĖĆ‚Ėą‚Ėď‚Ėď‚Ėą      ‚Ėź‚Ėą‚Ėą‚ĖĆ ‚Ėź‚Ėď‚Ėą‚ĖĄ‚ĖÄ‚Ėą‚Ėą‚Ėą‚ĖĆ‚ĖĄ‚ĖÄ‚ĖÄ ‚ĖĄ‚Ėą   
           ‚Ėď‚Ėą‚Ėą‚Ėą        ‚Ėď‚Ėď‚Ėą‚Ėą‚ĖĆ ‚Ėď‚Ėď‚Ėď‚Ėą‚Ėą     ‚Ėą‚Ėą‚Ėď‚ĖÄ‚ĖĄ‚ĖÄ‚Ėź‚Ėą‚Ėď‚Ėą‚Ėą‚ĖĄ    ‚Ėą‚Ėą‚Ėą‚Ėą ‚ĖÄ ‚Ėď‚Ėą‚Ėą‚Ėď ‚ĖÄ‚Ėą‚Ėą ‚Ėą‚ĖĆ‚Ėź‚Ėą‚Ėą
           ‚Ėď‚Ėď‚Ėą‚Ėą‚ĖĆ       ‚ĖĄ‚Ėď‚Ėď‚Ėą‚Ėą ‚Ėď‚Ėď‚Ėą‚Ėą‚Ėą     ‚Ėą‚Ėď‚Ėą‚Ėą‚Ėą‚ĖĆ‚Ėď‚Ėď‚Ėą‚Ėą‚Ėą‚Ėą‚ĖÄ‚ĖÄ‚ĖÄ‚ĖÄ‚ĖÄ‚ĖÄ     ‚Ėź‚Ėď‚Ėą‚Ėď‚ĖĄ‚Ėź‚Ėą‚ĖĆ‚Ėź‚ĖÄ‚ĖĄ‚Ėą‚Ėą‚ĖĆ
            ‚Ėď‚Ėď‚Ėą‚Ėą‚ĖĄ   ‚ĖĄ‚Ėď‚Ėą‚Ėď ‚Ėď‚Ėď‚Ėą‚Ėź‚Ėď‚Ėą‚Ėą‚Ėą‚Ėą‚ĖĆ   ‚Ėź‚Ėď‚Ėą‚Ėą‚Ėą‚Ėą‚ĖĆ ‚Ėď‚Ėď‚Ėą‚Ėą‚ĖĆ       ‚ĖĄ    ‚Ėď‚Ėą‚ĖĄ‚ĖÄ‚Ėą‚Ėą ‚ĖĄ‚Ėą‚Ėą‚Ėą‚Ėą 
             ‚Ėď‚Ėď‚Ėą‚Ėą‚Ėą‚Ėď‚Ėď‚Ėď‚Ėą‚ĖÄ‚ĖÄ‚ĖÄ‚ĖĄ‚ĖÄ‚Ėď‚Ėź‚Ėď‚Ėď‚Ėą‚Ėą‚Ėą‚ĖĆ  ‚ĖĄ‚Ėą‚Ėď‚Ėď‚ĖÄ‚ĖĄ‚ĖĄ‚ĖÄ  ‚Ėď‚Ėď‚Ėą‚Ėą‚ĖĄ   ‚ĖĄ‚Ėď‚Ėą‚Ėď    ‚Ėź‚Ėď‚Ėą‚Ėą‚ĖĄ‚ĖĄ‚Ėą‚Ėą‚Ėą‚Ėą‚Ėą  
              ‚ĖÄ‚Ėď‚Ėď‚Ėą‚Ėą‚ĖÄ‚ĖÄ    ‚Ėź‚ĖĆ‚ĖĄ‚Ėą‚Ėď‚Ėď‚Ėď‚Ėą‚Ėą‚Ėą ‚ĖĄ‚Ėą‚Ėą‚Ėď‚ĖĄ‚Ėą‚Ėą‚Ėď‚Ėď‚Ėď‚ĖĄ ‚Ėď‚Ėď‚Ėą‚Ėą‚Ėą‚Ėď‚Ėď‚Ėď‚Ėą‚Ėą‚Ėą‚ĖĄ    ‚ĖÄ‚Ėď‚Ėą‚Ėą‚Ėą‚ĖÄ‚Ėą‚Ėą‚ĖÄ   
                         ‚ĖÄ ‚ĖĄ‚ĖĄ‚ĖĄ‚ĖĄ ‚ĖĄ ‚ĖĄ‚ĖĄ   ‚ĖĄ‚ĖĄ‚ĖĄ       ‚ĖÄ‚Ėď‚Ėď‚Ėą‚Ėą‚Ėď‚Ėď‚Ėď‚Ėą‚Ėí‚Ėď‚ĖĄ     ‚ĖÄ‚ĖĄ‚ĖĄ‚Ėą‚Ėď     
         ‚Ėď   ‚ĖĄ ‚ĖĄ‚Ėą‚ĖĄ ‚ĖĄ‚Ėą‚Ėą‚ĖĄ ‚ĖĄ‚Ėą ‚Ėą‚Ėď‚ĖĄ  ‚ĖĄ ‚Ėą‚Ėď  ‚Ėą‚Ėď‚ĖĄ           ‚ĖÄ‚ĖÄ‚ĖÄ  ‚Ėď‚Ėą‚Ėď‚Ėď‚ĖĄ  ‚ĖĄ‚ĖĄ‚ĖĄ‚ĖĄ ‚ĖÄ‚Ėď ‚ĖĎ      
  ‚ĖĄ‚Ėą‚Ėą‚ĖĄ ‚Ėą‚Ėą‚Ėď‚ĖĆ‚Ėď    ‚ĖÄ  ‚ĖÄ‚Ėą‚Ėď‚ĖÄ ‚ĖÄ‚Ėď ‚Ėą‚Ėď  ‚Ėą‚Ėď ‚Ėą‚Ėď‚ĖĄ‚ĖĄ ‚Ėď‚ĖĄ‚ĖĄ ‚ĖĄ ‚ĖĄ ‚ĖĄ          ‚Ėď‚Ėą‚Ėí‚Ėď‚Ėď‚ĖÄ   ‚ĖÄ‚ĖÄ‚ĖĄ  ‚ĖĄ‚Ėą‚Ėą‚ĖĄ   
  ‚ĖÄ‚Ėą‚Ėď‚ĖÄ‚Ėź‚Ėą‚Ėą‚Ėď ‚Ėą                                              ‚Ėź‚Ėą‚Ėą‚Ėď‚ĖÄ‚ĖĄ     ‚Ėź‚ĖĆ ‚ĖÄ‚Ėą‚Ėď‚ĖÄ   
     ‚ĖĄ‚Ėď‚Ėą‚Ėď ‚Ėź‚ĖĆ ‚ĖĄ‚ĖĄ‚ĖĄ‚ĖĄ ‚ĖĄ‚ĖĄ‚ĖĄ ‚ĖĄ‚ĖĄ‚ĖĄ  ‚ĖĄ‚ĖĄ‚ĖĄ  ‚ĖĄ‚ĖĄ‚ĖĄ‚ĖĄ ‚ĖĄ‚ĖĄ‚ĖĄ  ‚ĖĄ‚ĖĄ‚ĖĄ              ‚Ėą‚Ėą‚ĖĄ‚Ėą‚Ėą ‚ĖĎ  ‚ĖĄ‚ĖÄ         
   ‚ĖĄ‚Ėď‚Ėí‚Ėą‚Ėď  ‚ĖÄ  ‚Ėą‚Ėď ‚Ėď ‚Ėą‚Ėď‚ĖĄ  ‚Ėą‚Ėď  ‚Ėą‚Ėď‚ĖĄ  ‚Ėą‚Ėď ‚Ėď ‚Ėą‚Ėď‚ĖĄ‚ĖĄ ‚Ėą‚Ėď‚ĖĄ              ‚Ėą‚Ėą‚Ėď‚Ėą‚Ėą ‚Ėí     ‚ĖĄ‚Ėą‚Ėą‚ĖĄ    
  ‚ĖĄ‚Ėď‚Ėď‚Ėą‚Ėď  ‚ĖÄ   ‚Ėą‚Ėď‚ĖÄ‚ĖĄ ‚Ėą‚Ėď‚ĖĄ‚ĖĄ ‚Ėą‚Ėď‚ĖĄ ‚Ėą‚Ėď‚ĖĄ‚ĖĄ ‚Ėą‚Ėď‚ĖÄ‚Ėą  ‚ĖĄ‚ĖĄ‚Ėą ‚Ėą‚Ėď‚ĖĄ‚ĖĄ           ‚ĖĄ‚ĖÄ‚ĖÄ‚Ėą‚Ėą‚Ėą‚Ėą ‚Ėď  ‚ĖÄ  ‚ĖÄ‚Ėą‚Ėď‚ĖÄ    
 ‚Ėď‚Ėď‚Ėí‚Ėą‚Ėą   ‚ĖĄ  ‚ĖĄ ‚ĖĄ‚ĖĄ‚ĖĄ ‚ĖĄ‚ĖĄ‚ĖĄ ‚ĖĄ‚ĖĄ‚ĖĄ ‚ĖĄ‚ĖĄ  ‚ĖĄ                      ‚ĖĄ‚ĖĄ‚ĖÄ‚ĖÄ     ‚ĖÄ‚Ėď               
‚Ėź‚Ėą‚Ėď‚Ėą‚Ėą‚ĖĆ   ‚Ėď‚ĖÄ‚ĖĄ‚Ėď ‚Ėď ‚Ėď  ‚Ėď  ‚Ėď‚ĖĄ  ‚Ėď‚ĖĄ‚ĖĄ ‚Ėď  ‚ĖĄ‚Ėą‚Ėą‚ĖĄ ‚ĖĄ‚Ėą‚Ėą‚ĖĄ ‚ĖĄ‚Ėď‚ĖĄ                                 
‚Ėą‚Ėď‚Ėď‚Ėí‚Ėą‚Ėą   ‚Ėď  ‚Ėą ‚Ėď‚ĖĄ‚Ėą  ‚Ėď  ‚Ėď‚ĖĄ‚ĖĄ  ‚ĖĄ‚Ėą ‚ĖĄ  ‚ĖÄ‚Ėą‚Ėď‚ĖÄ ‚ĖÄ‚Ėą‚Ėď‚ĖÄ  ‚ĖÄ                                  
‚Ėą‚Ėą‚Ėď‚Ėą‚Ėą‚ĖĆ                                                                         
‚Ėą‚Ėą‚Ėą‚Ėą‚Ėą                                                                          
‚Ėą‚Ėą‚Ėď‚Ėą‚Ėą          Dragon.Ball.Z.S06E24.720p.WS.BluRay.x264-CiNEFiLE
‚Ėą‚Ėą‚Ėą‚Ėą‚Ėą‚ĖÄ‚ĖÄ‚ĖĄ‚ĖĄ                                                                      
‚Ėą‚Ėą‚ĖÄ      ‚ĖÄ‚ĖÄ                                                                    
‚Ėď  ‚ĖĄ‚Ėď‚ĖĄ ‚ĖĄ‚Ėą‚Ėą‚ĖĄ        Release Date ......: 06/15/14
  ‚ĖĄ ‚ĖÄ  ‚ĖÄ‚Ėď‚Ėą‚ĖÄ                                                                    
  ‚Ėď ‚Ėď              Video .............. x264 @ 5967
  ‚Ėď‚Ėź‚Ėď‚Ėą‚ĖĆ‚ĖĄ‚Ėą‚Ėą‚ĖĄ        Audio .............. English AC3 384kbit/s Japanese AC3 96kbps
  ‚Ėą ‚Ėď‚Ėą‚Ėą‚ĖÄ‚Ėď‚Ėą‚ĖÄ        Subtitles .......... English English Forced
  ‚Ėź‚ĖĆ ‚Ėď‚Ėą‚Ėď‚ĖĄ          Length ............. 24 min 13 sec
   ‚ĖÄ ‚Ėź‚Ėď‚Ėą‚Ėí‚Ėď‚ĖĄ        Size ............... 1.09 gigs
    ‚ĖÄ  ‚Ėď‚Ėą‚Ėď‚Ėď‚ĖĄ  ‚ĖĄ                                                                
        ‚Ėą‚Ėą‚Ėí‚Ėď‚Ėď‚ĖÄ ‚ĖĄ‚ĖĄ  ‚ĖĄ ‚ĖĄ ‚ĖĄ  ‚ĖĄ ‚ĖĄ‚ĖĄ‚ĖĄ ‚ĖĄ‚ĖĄ‚ĖĄ ‚ĖĄ‚ĖĄ  ‚ĖĄ ‚ĖĄ‚ĖĄ  ‚ĖĄ‚Ėą‚Ėą‚ĖĄ ‚ĖĄ‚Ėą‚Ėą‚ĖĄ ‚ĖĄ‚Ėď‚ĖĄ ‚ĖĄ                  
        ‚Ėź‚Ėą‚Ėą‚Ėď‚ĖÄ‚ĖĄ ‚Ėď‚ĖĄ‚ĖĄ ‚ĖÄ‚Ėď‚ĖÄ ‚Ėď‚ĖÄ‚ĖĄ‚Ėď ‚Ėď ‚Ėď ‚Ėď ‚Ėď ‚Ėď‚ĖĄ‚ĖĄ ‚Ėď ‚Ėď‚ĖĄ‚ĖĄ ‚ĖÄ‚Ėą‚Ėď‚ĖÄ ‚ĖÄ‚Ėą‚Ėď‚ĖÄ  ‚ĖÄ                     
         ‚Ėą‚Ėą‚ĖĄ‚Ėą‚Ėą  ‚ĖĄ‚Ėą  ‚Ėą  ‚Ėď  ‚Ėą ‚Ėď‚ĖĄ‚Ėą ‚Ėď‚ĖÄ   ‚ĖĄ‚Ėą ‚ĖĄ  ‚ĖĄ‚Ėą                                  
         ‚Ėą‚Ėą‚Ėď‚Ėą‚Ėą                                                                 
       ‚ĖĄ‚ĖÄ‚ĖÄ‚Ėą‚Ėą‚Ėą‚Ėą                                                                 
   ‚ĖĄ‚ĖĄ‚ĖÄ‚ĖÄ     ‚ĖÄ‚Ėď     http://www.imdb.com/title/tt0214341/
     ‚ĖĄ‚Ėď‚ĖĄ ‚ĖĄ‚Ėą‚Ėą‚ĖĄ                                                                  
    ‚ĖĄ ‚ĖÄ  ‚ĖÄ‚Ėď‚Ėą‚ĖÄ      IMDB Rating.: 8.8/10   42,012 votes
    ‚Ėď ‚Ėď                                                    ‚ĖĄ‚Ėą‚Ėą‚ĖĄ ‚ĖĄ‚Ėď‚ĖĄ            
    ‚Ėď‚Ėź‚Ėď‚Ėą‚ĖĆ‚ĖĄ‚Ėą‚Ėą‚ĖĄ                                              ‚ĖÄ‚Ėą‚Ėď‚ĖÄ  ‚ĖÄ ‚ĖĄ           
    ‚Ėą ‚Ėď‚Ėą‚Ėą‚ĖÄ‚Ėď‚Ėą‚ĖÄ                                                  ‚ĖÄ ‚Ėď ‚Ėď           
    ‚Ėź‚ĖĆ ‚Ėď‚Ėą‚Ėď‚ĖĄ                                               ‚ĖĄ‚Ėą‚Ėą‚ĖĄ ‚Ėą‚Ėą‚Ėď‚ĖĆ‚Ėď     
     ‚ĖÄ ‚Ėź‚Ėď‚Ėą‚Ėí‚Ėď‚ĖĄ                                             ‚ĖÄ‚Ėą‚Ėď‚ĖÄ‚Ėź‚Ėą‚Ėą‚Ėď ‚Ėą        
      ‚ĖÄ  ‚Ėď‚Ėą‚Ėď‚Ėď‚ĖĄ  ‚ĖĄ    ‚ĖĄ                                       ‚ĖĄ‚Ėď‚Ėą‚Ėď ‚Ėź‚ĖĆ           
          ‚Ėą‚Ėą‚Ėí‚Ėď‚Ėď‚ĖÄ   ‚ĖĄ‚Ėď‚Ėą‚ĖĄ                                    ‚ĖĄ‚Ėď‚Ėí‚Ėą‚Ėď  ‚ĖÄ            
          ‚Ėź‚Ėą‚Ėą‚Ėď‚ĖÄ‚ĖĄ ‚ĖĄ‚ĖÄ‚Ėď‚Ėą‚Ėą‚Ėą‚ĖÄ‚ĖĄ                              ‚ĖĄ  ‚ĖĄ‚Ėď‚Ėď‚Ėą‚Ėď  ‚ĖÄ             
           ‚Ėą‚Ėą‚ĖĄ‚Ėą‚Ėą   ‚Ėď‚Ėą‚Ėą‚ĖĆ‚ĖĄ‚ĖĄ‚ĖĄ‚ĖĄ ‚ĖĄ ‚ĖĄ‚ĖĄ‚ĖĄ                       ‚ĖÄ‚Ėď‚Ėď‚Ėí‚Ėą‚Ėą                 
           ‚Ėą‚Ėą‚Ėď‚Ėą‚Ėą  ‚Ėź‚Ėą‚Ėď‚Ėą ‚Ėą‚Ėď ‚Ėď ‚Ėď ‚Ėď ‚Ėď ‚ĖĄ‚Ėą‚Ėą‚ĖĄ ‚ĖĄ‚Ėą‚Ėą‚ĖĄ ‚ĖĄ‚Ėď‚ĖĄ         ‚Ėą‚ĖÄ‚Ėď‚Ėą‚Ėą‚ĖĆ    ‚ĖĎ            
         ‚ĖĄ‚ĖÄ‚ĖÄ‚Ėą‚Ėą‚Ėą‚Ėą  ‚Ėď‚Ėą‚Ėą‚Ėą ‚Ėą‚Ėď‚ĖÄ‚ĖĄ ‚ĖĄ ‚Ėď‚ĖÄ  ‚ĖÄ‚Ėą‚Ėď‚ĖÄ ‚ĖÄ‚Ėą‚Ėď‚ĖÄ  ‚ĖÄ          ‚Ėą‚Ėą‚ĖĄ‚Ėą‚Ėą     ‚Ėí            
     ‚ĖĄ‚ĖĄ‚ĖÄ‚ĖÄ     ‚ĖÄ‚Ėď  ‚Ėď‚Ėď‚Ėą‚Ėą   ‚ĖĄ  ‚ĖĄ ‚ĖĄ‚ĖĄ‚ĖĄ ‚ĖĄ‚ĖĄ‚ĖĄ ‚ĖĄ‚ĖĄ‚ĖĄ ‚ĖĄ‚ĖĄ            ‚Ėą‚Ėą‚Ėď‚Ėą‚Ėą    ‚Ėą‚Ėď            
           ‚Ėď       ‚ĖÄ‚ĖÄ‚Ėą‚ĖĆ  ‚Ėď‚ĖÄ‚ĖĄ‚Ėď ‚Ėď ‚Ėď  ‚Ėď  ‚Ėď‚ĖĄ  ‚Ėď‚ĖĄ‚ĖĄ ‚ĖĄ‚Ėą‚Ėą‚ĖĄ ‚ĖĄ‚Ėď‚ĖĄ  ‚Ėą‚Ėą‚Ėą‚Ėą‚Ėą‚ĖÄ‚ĖÄ‚ĖĄ‚ĖĄ              
                   ‚ĖÄ  ‚ĖÄ  ‚Ėď  ‚Ėą ‚Ėď‚ĖĄ‚Ėą  ‚Ėď  ‚Ėď‚ĖĄ‚ĖĄ  ‚ĖĄ‚Ėą ‚ĖÄ‚Ėą‚Ėď‚ĖÄ  ‚ĖÄ ‚ĖĄ ‚Ėą‚Ėą‚ĖÄ      ‚ĖÄ‚ĖÄ            
          ‚ĖĄ‚Ėď‚ĖĄ ‚ĖĄ‚Ėą‚Ėą‚ĖĄ‚Ėź‚Ėď                                    ‚Ėď     ‚ĖÄ ‚Ėď ‚Ėď            
         ‚ĖĄ ‚ĖÄ  ‚ĖÄ‚Ėď‚Ėą‚ĖÄ‚Ėź‚Ėď     Enjoy another nice release      ‚ĖĄ‚Ėą‚Ėą‚ĖĄ ‚Ėą‚Ėą‚Ėď‚ĖĆ‚Ėď            
         ‚Ėď ‚Ėď      ‚Ėź‚Ėď     from CiNEFiLE                   ‚ĖÄ‚Ėą‚Ėď‚ĖÄ‚Ėź‚Ėą‚Ėą‚Ėď ‚Ėą            
         ‚Ėď‚Ėź‚Ėď‚Ėą‚ĖĆ‚ĖĄ‚Ėą‚Ėą‚ĖĄ ‚Ėď                                        ‚ĖĄ‚Ėď‚Ėą‚Ėď ‚Ėź‚ĖĆ            
         ‚Ėą ‚Ėď‚Ėą‚Ėą‚ĖÄ‚Ėď‚Ėą‚ĖÄ ‚Ėď                                      ‚ĖĄ‚Ėď‚Ėí‚Ėą‚Ėď  ‚ĖÄ             
         ‚Ėź‚ĖĆ ‚Ėď‚Ėą‚Ėď‚ĖĄ   ‚Ėď                                  ‚ĖĄ  ‚ĖĄ‚Ėď‚Ėď‚Ėą‚Ėď  ‚ĖÄ              
          ‚ĖÄ ‚Ėź‚Ėď‚Ėą‚Ėí‚Ėď‚ĖĄ                                     ‚ĖÄ‚Ėď‚Ėď‚Ėí‚Ėą‚Ėą                  
           ‚ĖÄ  ‚Ėď‚Ėą‚Ėď‚Ėď‚ĖĄ  ‚ĖĄ                                 ‚Ėą‚ĖÄ‚Ėď‚Ėą‚Ėą‚ĖĆ                  
               ‚Ėą‚Ėą‚Ėí‚Ėď‚Ėď‚ĖÄ                                 ‚Ėź‚Ėą‚Ėą‚ĖĄ‚Ėą‚Ėą                   
               ‚Ėź‚Ėą‚Ėą‚Ėď‚ĖÄ‚ĖĄ                                 ‚Ėź‚Ėą‚Ėą‚Ėď‚Ėą‚Ėą                   
                ‚Ėą‚Ėą‚ĖĄ‚Ėą‚Ėą      ‚ĖĄ                          ‚Ėą‚Ėą‚Ėą‚Ėą‚Ėą‚Ėą‚ĖÄ‚ĖÄ‚ĖĄ‚ĖĄ               
                ‚Ėą‚Ėą‚Ėď‚Ėą‚Ėą‚ĖĆ   ‚ĖĄ‚Ėď‚Ėą‚ĖĄ                        ‚Ėź‚Ėą‚Ėą‚Ėą‚ĖÄ      ‚ĖÄ‚ĖÄ             
              ‚ĖĄ‚ĖÄ‚ĖÄ‚Ėą‚Ėą‚Ėą‚Ėą‚ĖĆ ‚ĖĄ‚ĖÄ‚Ėď‚Ėą‚Ėą‚Ėą‚ĖÄ‚ĖĄ   ‚ĖĄ                 ‚ĖĄ‚Ėą‚Ėą‚Ėď                       
          ‚ĖĄ‚ĖĄ‚ĖÄ‚ĖÄ     ‚ĖÄ‚Ėď‚Ėą   ‚Ėď‚Ėą‚Ėą‚ĖĆ   ‚ĖĄ‚Ėď‚Ėą‚ĖĄ                 ‚ĖÄ                         
                        ‚Ėź‚Ėą‚Ėď‚Ėą  ‚ĖĄ‚ĖÄ‚Ėď‚Ėą‚Ėą‚Ėą‚ĖÄ‚ĖĄ              ‚ĖÄ                          
          .asc proudly  ‚Ėď‚Ėą‚Ėą‚Ėą    ‚Ėď‚Ėą‚Ėą‚ĖĆ                                           
                        ‚Ėď‚Ėď‚Ėą‚Ėą   ‚Ėź‚Ėą‚Ėď‚Ėą                                            
             by e\\e     ‚ĖÄ‚ĖÄ‚Ėą‚ĖĆ  ‚Ėď‚Ėą‚Ėą‚Ėą ‚Ėď‚Ėď‚Ėď‚Ėď‚Ėď‚Ėď‚Ėď‚Ėď‚Ėď‚Ėď‚Ėď‚Ėď‚Ėí‚Ėí‚Ėí‚ĖĎ‚ĖĎ ‚ĖĎ                        
                         ‚ĖÄ  ‚ĖÄ  ‚Ėď‚Ėď‚Ėą‚Ėą                                            
                                ‚ĖÄ‚ĖÄ‚Ėą‚ĖĆ                                           
                                ‚ĖÄ  ‚ĖÄ
