   █░░   ░   ░░░░░ ██░ ░██▒█████▒▄▄█▄▒▒█████████▀████████████████▒▀██████░██▒░ ░                 ██░                  
   ██░      █░░▒░░  ████ █▒▒  ███████▒▄█████████████████████████ ▒ ▒▀██████▒░░     ░            ███                   
   ░▓░░      █░░  ▒▒▓ █░░ ██████████████████████████████████████▄ ░   ███████░·▒▀  ▀░ ░       ░██░                    
    ▓▓░    ░░ █▒ ░▄█ ▒████ ███▒▒███████████▄███████████████████████░ ░▄██████████▄▒░░        ░███                     
    █▓        ██▒▓██░ ███ ▄████████████████████████████████████████░░░▓▒▀█████▒░▒██░ ░░      ███▒                     
     ▓▒░       ███▄░░▒ ████████████████████████████████████████████▒░░░▒▒████░▒████▒░ ▀     ███                       
     █▒        ███░░█████▓████████████▄████████████████████████████▀█▒░░▒▓███▒█████▀ ░     ░██     █▒                 
     █▓▒ ░    ████▒▒███▄ ░██████▄██████████████████████████████████▒█▄▒░█▓▓████▄▓▓░ ░      ███    ▒▒                  
     ▓█▒▒     ███ ███ █▒▒███ █████████████████████████████▀░███████▄█▒ ░░▒▒██████▓▓████   ███    ██▒                  
      █▓▒▒ ▄  ██████░░█▒███ ▒▒████████████████████████▀▀█▀▒ ██████████ ▒░█  █████▒██▓▓██ ███ ░  ▒██▓                  
       █▓▒▓▓████████████████ ▒▀▒▀█████████████████████ ▒░▄  ▀░████████▒█▒▒▀ █████▒░ ░ ▒███ ░░  ██░██                  
        ▓░████░░█████▓█ ████▒▒▄▄▀█████████████████▒▀░ █░░ ▀▄░∙▀██████▀██ ▒▒ █████▄░    ▒░░ ░ ███  ░██                 
        ██ ██░███████ █░  ░ ░██  ████████████████▒▒  ▀██▄ ░▀▓ ░░▄████▒█▓▒█▒▄██████▒▄██▄░  ▒▄██   ░ ███                
      ██ ███████▄▀█     ░   ░▒▒██ ▀▒███████████▒█▒░ ░ ▒███ ▒█ █▒▄███ █ ▒▄█ ████░▀░░▓▀▀▀▀█████▒  █ ██▓                 
     █   ███  █▀ ▄█   ▒░░    ░▒▒ █▒  █▀░████▒▒▒▒░▒     ▒██▒░█░ ██████▓█▀██████████ ░  ▒  ░▀██   ███                   
       ████████▄█░███   ░ ░ ▒░ ░░ ▒▒██ ██▀█░░░░░░      ░▒██▒ ░░▀░█████▀███▀▀▀▀ ▒░▀█▄░    ░ ░▒█                        
      █████▒█░████▓██  ▒ ░   ░ █░░█▒▒▄██ ████▒            ▀   ▄░ ░░▒███▀░ ░░▄▄▄▄░▄██▀     ░░ ██    █                  
       ▀████████████▓   ▒░░ ░░ █▒░██▒█▀█ ██▓░              ▄█░ ▀█▀░▀▀▀  ▄███▀▀▀███▀░░      ░░░██  █▓                  
      ░ ▒████████▓██▀█  ▒   ░░░█▒░██▒ █ █▀█▒              █▀█▓████▄█   ▀▀██▄    ▀    ░█▄      ▒▒███▒                  
     ▓  ▄███████▓▄▓  ██       ░▄█▒█▄▒█▒ ███░░    ░ ░█   ░█ █▀░ ▒▀▀▀     ▄ █████▄▄ ░░▓▄████      ▒▒▒                   
    ▄██▒████▄████░░░  ██     ░▄███▓███▓█▒███▒     █ ▒█ ▄█░             ▄██▄▒░▒██████████████   ░                      
  ░███ ████████▀█░    ░█    ░  ▒▄██▒██▒▄█████    ░▀█▒████▄            ░ ▀████▄░░  ░▄█▀██████░  ░                      
  ███ ▓████████▓█▓▒░    ▀█    ▄░░▄▓▒█▓███████▄   ██████████░        ▄██░ ░█████▄▓▓██     ▀███░                        
  ████▓███████████▒░░     █ ░█▒█▀▄▓▄████▀██████▄██████████████░ ███░████░░░▀██████▄▓░░░   ░███░                       
  ▒▀▀█▓▒██████████▒░      ░█░█▄▄ ▄█ █▒██▓█████████████████████░ ███  ░███▒░ ░▀██████▄  ░    ████░                     
 ▒░░ █████▒███████▒░        ▀█▒█▀▀█▒█▓▀██▄███████████████▒████  ███▒  ████▒  ░░████████▄▒    ████░                    
  ▒ ▄████  ███████▓░░░        ▀██▓▀▓▀▓▄▓▄▓██████████▀▀██▀ ████  ████  ▒████▄▒ ░░▀█████████▓   ████░                   
  ▄█████▀ █████████░░░  ░ ███▄   █▀░ ▄▓▒██▒███████▀  ░██░▒ ██░  ████▒  ▒████▄▒ ░░ ▀█████████   ░███░                  
 ██████ █████ █████▓ ░  ░░██▓▓█▄█▒▒▓▓▓▓█▄█░█  ▒▀██ ░ ████████░  █████░░ █████▄░  ░  █████████  ░ ███▒  █              
███▒█▀ ████████████▓▓░ ░  ▒▒▓▓▓▒▒▒▒▒▒▒▓███████ ░▓█▀▄ ░██░████   █████   ▒██████░░  ░ ▀███████    ░██░▒█▓              
███   ░██████████████ ▒▒░░▒█▓▓▒▒   ░  ▒█████████▄▓░ ▄███▓███░ ░▄█████▒ ░░▀██████░░░ ░░▒▀█████░    ░███▓               
█████ ▒░▀▀███████████  ░█░ █▓▒▒       ▒██████████▄▓█████ ███ ░█▀▒░████  ▄▒███████░▒  ░░ ░█████      ██▒               
 ▓██████▄ ░▀████ ███▓  ░█ ▒▓▒▒ ░░ ░███▒███████████▓▀██▀▓▒███ █ ░▒ ████▄█░█▒██▀ ░██ ░░ ░ ░▒█████      ▒                
  ▀███████▄░████████▓  ░█  █▒▒▒░ ░░████████████████  ▓░ ████ █▒░▒▒▒████▒▀ ▄▒█░ ▄███░   ░░ ░▀███░░                     
 ░ ░░█▀█████████████▓░  █  █▒   █░░████████░░█░████░░   ▀███▄█░░ ░░███░  █  ▓█▄█████░   ░░ ░░████░                    
 ░   █  ███▀████████▓   ▓░ █▒░  ████████░░░░   ░████░    ▒░░▀▄    ░███░░█▀░ ▓▀███████░ ░ ░░█ ██████                   
   ░ █  ▒█░▒░░█████▓▓  ▄░ ▄░▓▓ ░████████░      ▒████░    ▒▒▒       ███░▒█▄░_█▓▒█▀█████▄ ██  ██▀████▒                  
  ░▒ ▒   █░█▄▄████▓▓█ ▓ ▓▄░▓   ░███░██▒       ░▒▒▒███░ █████   ░  ▄███░░████▒▓ ░▒▓██████░       ███▒▒                 
   ▒░▒  ██░██████████▄█▒▓▓▒   ▒███░███         ░▒▒███░██████▒█  ▀██████░▒▒ ░█░░▄█████████░  █    ███▒▒                
     █▄█▓░▄███████████▒█▓    ▒▒██░██▒░            ▒██████░░███▒ ▒▒█████ ▒▒░██░████████████░ ███░  ███▒                
 ▒░▒▄███████████████████▄  ░▒ ▒██░██░▒░░         ░▒█████  ░░██▒  ▒▒▒▒██   ██  █████████████  █░░░  ███                
  ░███████████████████████░▒▒▒ ██░███▒░░          ░████░  ▒███▒  ░░░▒▒█   ██░░░▀███▒▒▒██████    ░░  ███               
 █▒████ ███████████████████▒ ▒▒██████▒▒░░         ▒████▒  ████  ░░░░░ ▒▄   ██   ░▓█░▒▒███▀███         █               
  ████████████████████████  ▄▄▓▓██████░░░░     ░░ ▒█░██▒  ░  ░ ░░   ░░  █   ██▓  ░ █░▒▒▒░░░███  ░                     
   ▀░████████████████████░ ████▓████░░▒░░░░░  ░░ ▒██░░██▒  ░░░░░░     ░    ░  ▀▀▀▄▄██░▒▒░░░▒███     ░                 
       █░▀██████████████░░░▒▀█~▓▓███░███▒░░░░ ░ ░██░░░░███▒   ░░ ████    ▒▒▒░░░░ ░░ █∙░░▒ ▒ ████  ░░                  
          ██████████████▓▒░░░█▒░░▓▓██████▒▒▒▒░░███░ ░████████ ░ ██░ █████░▒▒██████░░░░ ░▒▒▒ ▒████  ░                  
          ▄█████████████▒▓▓▓▄█░░▄▓▓▓▓████████████░░░██░░██████  ██░░██▒▒█▒██████████  ░░ ░░ ▒▒████                    
         █████████████████▓██░▓▀▀█▓▓████████████░   ███░█░░████  ████  ██████████████░ ░░░░░ ▒░░███                   
       ▒████████████████████░░▓░▄███▒▒████▓▓▓░        ███ ░░░███ ███░  █████░░ ▒░░███░ ░░░░░ ▒░▒▒░██                  
       ████████████████████▄▄▄▄██████▄▒░░ ░░  ▄█           ░░███ ██░░  █████░▒ ░░░███░ ░░░ ░   ▒▒░░██                 
     ░ ▒▀█████████████████████████████▄░░ ▄████  █░▒ ░   ░░░███▒ ██░   ████░ ▒   ░ ███ ░░░  ░█████░░█▓                
        ░░ ▓░▀▀███████████████▀░▀██████████▀▀▀   ██▒▒▒█▒ ░  ███▒ ███  █████░   █   ░██  ░░ ░█████████▓                
      ░░   ▒ ░▒ ▒██████████████▒█████▀░▒▒     ░░ ▒░█████▒  ░███▒ ▒██  ████▒░ ██     ░█    ░██████████░                
        ░▒░░ ░▓▄███████████████████▒▒▒▒▒ ░   ░░  ░▒██████▒░████▒ ▒██  ▒█░█▒▒ ██ ▒  ██░    ░███  ████░░                
       ▒ ░  ▓██████████████▀▒▀██░█░░░░   ░░░░░     ░███████████  ▒██  ▒████▒▒ ██▒▒██░    ░░██░   ██░░                 
      ░ ░░ ░░███████░▀▀░░░▄▄░░▀▀▒▒░ ░▒    ░░  ░░   ░░████████▓▓ ▒███ ▒▒█████████████░ ████ ██▒▒ ██░░                  
        ░ ▒ ▓▒███████▄▄▄██████▒░▒░░▒▒░ ▒▒  ▄░░█▄░   ░██████▓▓▓  ▒███ ▒███░█████████░ ██░ █████▒░                      
      ░ ▀  ░ ▒░▒▓▀██████████████▒▒▒▒▒▒▒▒ ████▀  ▒░    ░████▓▓  ▒███░ ▒████ ███████   ██░░██░██▒▒                      
      ▀    ░  ░  ░  ▀████████████████▄ ▄███▀     ░     ░░░░░   ████░ ▒████     ███    ████   ████▒▒                   
              ▀  ▀  ▓██████████▒▒░▒ε█████▀█     ░▒░ ░   ░░░    ████  ▒█░██▒    ███░   ███  ████████▒▒░                
             ░    ░░█████████▒▒░░▒▒░░██░    ▀  ░▒ ░    ░░    ██▓▓░   ▒████░░▒  ████░  ▒██ ██░░██▒████░░               
               ░  ░ ▒█████▓▓▓▒▒▒▒▒▒░░▒ ░░ ░   ▒░    ░░░     ████    ░█████░░▒░  ███░░ ▒██ ███░█▒▒  ███░               
             ░       ▓▓█████▒▒░░▒▒▒░░░ ░░░░░       ░   ░    ██░    ░░█████░░▒██ ████░ ▒██   ███▒   ▒▒█░▓              
              ░    ▒  ▒░  ▀██▒▒░░░░▒▒░░▒░░░░░░        ░░  ░█░     ░░░▒░████░██▒██████░███ ░         ▒██▓              
              ░            ▒███▄▒▒░░▒▒▒▒░▒░░ ░░░░ ░░░░░ ░        ░░ ░██████▒▒▒░░████████░░░███▒     ▒▒█               
                       ░ ██████▀█▓▒░░▒▒░▒▒▒▒▒▒░░░░░░░░░░ ███░░██░█▓█ █████▒▒▀░░░█████████▒████░    ▒███               
                         █▄  ░░▒ ▒▀█▄▄▒▒▒░▒▒░░▒▒▒▒░░░░░░░░░█████▓░░░▄█████████████░███████████░░ ▒▒▒███               
                       ░░▀▒██░▄░  ░░▒▀▀██▄▄░▒░░░░▒▒▒░▒▒▒ █░░▒░▒▄▄███████▒▒▒▒▀▀▓▓▓▓░░░███▀░░████▒▒ ▒██▓▓               
                     █  ░▒░   █       ▒ ░ ▓▀▀▄▄▄ ░░▒▒▒▒▒▒░░▄███████▒ ▒▒▒▒           ░███░░░░████████▓                 
                         ░     █     ░ ░ ▒░ ░░░▒▓▓▓▓▒▒▒▒▄▒██████▒                   ███▓     █████▓▓                  
                        ░░           ▀░ ░ε▀░ ░░░░ ░▒███████░                      ████▓▓                              
                        ▒            ░   ░ ░  ░                                  ████▓▓                               
                               ░  ░░▒▀                                  ▀▒░░  ░▄░███▀░ 


                                     Proudly Presents:

                                  
               Rocky.And.Bullwinkle.And.Friends.S02E34.iNTERNAL.DVDRip.XviD-OSiRiS        


  ▌▌▒▐    ▀██▄ ▀▀▀▀▀▀▀▀▀▀ ▄█ ▀▀▀▀▀▀▀▀▀▀▀ ██ ▀▀▀▀ ██ ▀▀▀▀▀▀▀▀▀▀▀▀▀▀▀▀▀▀▀▀▀▀▀▀▀▀▀▀▀▀▀▀▀▀▀▀▀                                            
   ▌▓▐     ████▄░░▄███▄░░░██░░░░░░▄███▄░░██▀▀▀██░██▀▀▀██░▄███▄░░░░░████▄░░░██▀▀▀██░░▄███▄                                  
   ▌ ▐▀▄   ██░▀██░██░▀██░░██░░░░░░██░▀██░▀░▄█▀██░░░▀█▄░▀░██░▀██░░░░██░▀██░░██░░░▀░░█▀░░██                         
   ▌▓▐ ▐▌  ██▄█▀░░██▄█▀▄░░██░░░▄░░██▄█▀▄░░██▄░██░██░▄██░░██▄█▀▄░░░░██░░██░░███▀░░░██░░░██  
   ▌ ▐▄▀   ██░░██░██▄▄▄██░██▄▄▄██░██▄▄▄██░▀████▀░▀████▀░░██▄▄▄██░░░██░░███░██░░░░░██▄▄▄█▀
   ▄▓▀    ▄▄▄▄▄▄▄▄▄▄▄▄ ██ ▄▄▄▄▄▄▄▄▄▄▄▄▄▄▄▄▄▄▄▄▄▄▄▄▄▄▄▄▄▄▄▄▄▄▄▄▄▄▄▄▄▄▄▄▄▄▄▄ ▀█ ▄▄▄▄▄▄▄▄▄▄▄                            
  █▓▀▐                                                                
 ▐▓▌░▐      Release Date..: 01-15-2011                                                       
  ▓▓ ▐      Runtime.......: 22Min                             
   ▀▓▄      Genre.........: Animation / Children / Comedy                                             
   ▌ ▐▀▄    TV Rating.....: TV-G 
   ▌▓▐ ▐▌   Directed By...: Various 
   ▌▒▐▄▀    Link..........: http://www.tvrage.com/shows/id-6145 
 ▐▌▌░▐      Language......: English 
  ▌▌▒▐      Subtitles.....: None  
   ▌▓▐      Codec.........: XviD
   ▌ ▐▀▄    Files.........: 13x15MB                                
   ▌▓▐ ▐▌   RAR-Names.....: rocky.and.bullwinkle.234.dvdrip.xvid-osiris.*                                                            
   ▌ ▐▄▀                                                             
   ▄▓▀    ════════════════════════════════════════════════════════════                                                         
  █▓▀▐                                        
 ▐▓▌░▐                                                               
  ▓▓ ▐    ▀██▄ ▀▀ ▄█ ▀▀▀▀▀▀▀▀▀▀▀▀▀▀▀▀▀▀▀▀▀▀                                                      
   ▀▓▄     ████▄░░██░░░░░░░░▄███▄░▀██▀▀▀██░                                                
   ▌ ▐▀▄   ██░▀██░██░░░░░░░█▀░░██░░██░░░▀░░                                                
   ▌▓▐ ▐▌  ██▄█▀░░██░░░▄░░██░░░██░░██░░░░░░                                               
   ▌▒▐▄▀   ██░░░░░██▄▄▄██░██▄▄▄█▀░░██░░░░░░                                                                  
  ▌▌▒▐    ▄▄▄▄▄▄▄▄▄▄▄▄▄▄▄▄▄▄▄▄▄▄▄▄ ▀█ ▄▄▄▄▄    
   ▌▓▐    ════════════════════════════════════════════════════════════        
   ▌ ▐▀▄         
   ▌▓▐ ▐▌                                      
   ▌ ▐▄▀             
   ▄▓▀    Animated antics of flying squirrel Rocket J. Squirrel,         
  █▓▀▐    or Rocky, and his dim companion, Bullwinkle J. Moose.                                               
 ▐▓▌░▐    And let's not forget the two spies who always complicate                                                 
  ▓▓ ▐    things for our heroes: Boris Badenov and Natasha Fatale,                              
   ▀▓▄    who incognito try and help Rocky and Bullwinkle then                                                            
   ▌ ▐▀▄  immediately put them in life-threatening situations that                                                            
   ▌▓▐ ▐▌ result in major cliffhangers.                                                         
   ▌▒▐▄▀                                                           
 ▐▌▌░▐                         
  ▌▌▒▐    ════════════════════════════════════════════════════════════                                                       
   ▌▓▐                                                         
   ▌ ▐▀▄                
   ▌▓▐ ▐▌ ▀▀▀▀▀▀▀▀▀▀▀▀▀▀▀▀▀▀▀▀▀▀▀▀▀▀▀▀▀▀▀▀ ██ ▀▀▀▀▀                     
   ▌ ▐▄▀   ████▄░░░░░▄███▄▀██▀▀▀██░▄███▄░░░██▀▀▀██░            
   ▄▓▀     ██░▀██░░░█▀░░██░██░░░▀░░██░▀██░░░░▀█▄░▀░      
  █▓▀▐     ██░░██░░██░░░██░██░░░░░░██▄█▀▄░░██░▄██░░       
 ▐▓▌░▐     ██░░███░██▄▄▄█▀░██░░░░░░██▄▄▄██░▀████▀░░
  ▓▓ ▐    ▄▄▄▄▄▄▄▄▄▄▄▄▄▄▄▄ ▀█ ▄▄▄▄▄▄▄▄▄▄▄▄▄▄▄▄▄▄▄▄▄
   ▀▓▄    ════════════════════════════════════════════════════════════                            
   ▌ ▐▀▄            
   ▌▓▐ ▐▌         
   ▌▒▐▄▀               
 ▐▌▌░▐                                                 
  ▌▌▒▐                       
   ▌▓▐            Nothing.
   ▌ ▐▀▄  
   ▌▓▐ ▐▌                               
   ▌ ▐▄▀           
   ▄▓▀    ════════════════════════════════════════════════════════════             
  █▓▀▐              
 ▐▓▌░▐            
  ▓▓ ▐    ▀▀▀▀▀▀▀▀▀▀▀▀▀▀▀▀▀▀▀▀▀▀▀▀▀▀▀▀▀▀▀▀ ██ ▀▀▀▀ ▀▀▀▀▀▀▀▀▀▀▀▀▀▀▀▀      
   ▀▓▄     ▄███▄░░░░░▄███▄░████▄░░▀██▀▀▀██░██▀▀▀██░▄███▄░░▀██▀▀▀██░                        
   ▌ ▐▀▄   ██░▀██░░░█▀░░██░██░▀██░░██░░░▀░░▀░▄█▀██░██░▀██░░██░░░▀░░      
   ▌▓▐ ▐▌  ██░░░▄░░██░░░██░██░░██░░██░░░░░░░██▄░██░██░░░▄░░██░░░░░░       
   ▌▒▐▄▀   ██▄▄▄██░██▄▄▄█▀░██░░███░██░░░░░░░▀████▀░██▄▄▄██░██░░░░░░     
 ▐▌▌░▐    ▄▄▄▄▄▄▄▄▄▄▄▄▄▄▄▄▄▄▄▄▄▄▄▄ ▀█ ▄▄▄▄▄▄▄▄▄▄▄▄▄▄▄▄▄▄▄▄ ▀█ ▄▄▄▄▄                        
  ▌▌▒▐    ════════════════════════════════════════════════════════════         
   ▌▓▐              
   ▌ ▐▀▄               ..: Currently Seeking :..                   
   ▌▓▐ ▐▌         
   ▌ ▐▄▀          
   ▄▓▀    *                                                  *
  █▓▀▐            
 ▐▓▌░▐    *                                                  *                                        
  ▓▓ ▐                          Affils 
   ▀▓▄    *                                                  *                      
   ▌ ▐▀▄                      
   ▌▓▐ ▐▌ *                                                  *
   ▌▒▐▄▀              
 ▐▌▌░▐                                 
  ▌▌▒▐                   ..: Contact iNFO :..
   ▌▓▐              
   ▌ ▐▀▄                                   
   ▌▓▐ ▐▌                   OSiRiS@Hush.com
   ▌ ▐▄▀          
   ▄▓▀    ════════════════════════════════════════════════════════════         
  █▓▀▐            
 ▐▓▌░▐                                                              
  ▓▓ ▐    ▀▀▀▀▀▀▀▀  █▄ ▀▀▀▀▀▀▀▀▀▀▀▀▀▀▀▀▀ ▀▀▀▀▀▀▀▀ ██ ▀▀▀▀▀               
   ▀▓▄     ▄███▄░░░████▄░░▄███▄░░░▄███▄░░▀██▀▀▀██░██▀▀▀██░                                                    
   ▌ ▐▀▄   ██░▀██░░██░▀██░██░▀██░░██░▀██░░██░░░▀░░░░▀█▄░▀░                 
   ▌▓▐ ▐▌  ██░▄▄▄░░██▄█▀░░██▄█▀▄░░██▄█▀▄░░██░░░░░░██░▄██░░       
   ▌▒▐▄▀   ██▄▄▄██░██░░██░██▄▄▄██░██▄▄▄██░██░░░░░░▀████▀░░                            
 ▐▌▌░▐    ▄▄▄▄▄ ██ ▄▄▄▄▄▄▄▄▄▄▄▄▄▄▄▄▄▄▄▄▄▄ ▀█ ▄▄▄▄▄▄▄▄▄▄▄▄▄                                  
  ▌▌▒▐    ════════════════════════════════════════════════════════════               
   ▌▓▐              
   ▌ ▐▀▄                                                        
   ▌▓▐ ▐▌         
   ▌ ▐▄▀    
   ▄▓▀             
  █▓▀▐    
 ▐▓▌░▐              OSiTV - ANiPUNK - ToF - RUNNER                                                    
  ▓▓ ▐              
   ▀▓▄                                                             
   ▌ ▐▀▄                     
   ▌▓▐ ▐▌            
   ▌▒▐▄▀  ════════════════════════════════════════════════════════════
