████████████████████████████████████▀▀▀▀▀▀▀████████████████████████████████████
██████████████████████████████████ ▄▄█████▄▄ ▀█████████████████████████████████
█████████████████████████████████ ▄▓███████▓▓▄ ▀███████████████████████████████
████████████████████████████████ ▄▓███████▓░▒▓█ ▀██████████████████████████████
█████████████████████████▀▀▀▀▀▀ ▄▓████████▓  ▒▓█ ▀█████████████████████████████
██████████████████▀ ▄▄▄▄▄▄▀▀▀▀██▓████████▓    ▒▓█ ▀████████████████████████████
████████████████▀ ▄███████▓   █▓█████████▓▒    ▒▓█ ▀███████████████████████████
████████████████ ▓█████▄██▓ ▄▓▓███████████▓▒    ▒▓█ ▀██████████████████████████
███████████████▌▐███████▄ ▀▀▓▄█████████████▓▒    ▒▓█ ▀█████████████████████████
███████████████▌▐███████████▄███████████████▓▓▒   ▒▓█ ▀████████████████████████
███████████████▌▐█████████████████████████████▓▓   ▒▓█ ▀███████████████████████
████████████████ ███████████████████████████████▓  ▄█▀█ ▀██████████████████████
████████████████▌███████████████████████████████▓▓█▀   ▀▄ ▀▀███████████▀▀▀▀████
████████████████▌▐████████████████████████████▓▓▄▀       ▀█▄▄ ▀▀▀▀▀▀▀▀ ▄▓█ ████
█████████████████▐██████████████████████████▓▓▄▀         ▄▄  ▀█▀████████ ▐▌▐███
█████████████████ ██████████████████████▓▓▓▓▄▀        ▄████████████████  █ ████
█████████████████▌▐█████████████████▓▓▓▓▄▄▀▀        ▄████████████████   ▐▓ ▐███
█████████████████▌▐███████████▓█▓▓▓▓▄▄▀▀          ▄██████████████████ ▓▄▀ ▄████
█████████████████ █▓▓█████████▄█▄▀▀▀            ▄███████████▀▀▀▀▀▀ ▄▄▄▀ ▄██████
████████████████▌▐▌▀▀▀       ▀▀             ▄▄██▀▀▀▀▀▀▀ ▄▄▄▄▄▓▀▀▀▀▀ ▄▄▄████████
███████████████▀ ▓█▄ e!                   ▄█▀▀ ▄▄▀▀▀▀▀▀▀     ▀▄ ▀██████████████
█████████████▀▀ ██                      ▄█▀ ▄▀▀            ░   ▀▄ ▐████████████
████████████▌ █▓█▌                    ▄███▄▀    ▄▄▄   ▄  ░      ▀▓ ████████████
███████████▌ ████▄                 ▄████▄▀   ▄▀▀   ▀ ▐▌    ░ ░   ▐▌▐███████████
██████████▌ ████████▄▄▄▄     ▄▄▄▄▄█████▀    ▓▀       █▓░░░▒░░     █ ███████████
█████████▌ ███████████████████████████     █   ▄▓▄   █▓▒▒░░░  ░   ▐▌▐██████████
████████▌ ██████████████████████████▀     █  ▄▀   ▓  ▐▓▓░▒░░ ░    ░█ ▓██████▓▓█
███████▌ ██████████████████████████▀    ▄▀  ▓ ▀▀▄ ▐▌  █▓▒░░░   ░  ░█  ▓██▓▀█▓▒ 
██████▌ █████████████████████████▓   ▄▄▀   ██▄   ▓ ▌  █▓▓▒▒ ▌      ▐▌  ▓█▒ ▓▒░ 
▓████  ████████████████████████▓▀ ▓       ██▒█▌  ▐    ▐▓▓▓▄▀      ░▐▌   ▓░ ▒░  
▓██▓▀ ▐███████████████████████▀   ▐▌     ████▀   ▐▌   ▐▓▀          ▐▌   ▒  ░░  
▒█▓▒  ▐███████████████████████▄▄ ▄▓▀▄  ▄▓▓▀▓     ▐▀ ▄  ▀ ▄▄▓▄     ░█    ░   ░  
░█▓░  ▐████████████████████▀▓████ ▓  ▀▀░█▄      ▄▌▄▀    ▓█▓▀      ░▌           
 ░▒    ██████████████████▀  ▀█▄▓█▌█   ▓▀░░▀▀▀▀░▀▀▀     ▓█ ▄      ░█     ▄▄▄  ░ 
  ░     ███████████▀███ ▀█▄▄   █▀▌▒ ▓▐▌          ░    ▓█ ▄▓     ░█▓    ▐█▓▓█   
  ▄      ███████████▀▐▌  ▄ ▀▀▄█  ▌░ ▀▄▀  ░░░░░ ░  ▄   █ ▄▓     ░█▓     █░▓▒█▌  
        ▄▄ ▀▀█████▀  █▓   ▀▀▀▀  ▐▌▓    ▄  ░░░    ▄▓     █▓    ░█▓     ▐▌▀░ █   
      ▓█▓▓█          █▓ ░░      ▐ ▀   ▐▌   ░    ▓▓▀    █▓    ▄█▓  ▄   █░  ▐▌   
      █▓▒▒█▌   ▄  ▓  ▐▓ ░       █▄█▄▄ ▄          ▓    █▓   ▄█▀▓      ▐▌   █    
      ▐▌░░░█          ▀▄▄▄▓▀▀▄ ▀▀▀▀           ▄▀ █   ▐▌  ▄█▀     ░   █░░ ▐▌  ▄ 
       █▄ ▄▐▌  ▄██▄ ░   ▀ ▐▌░ ▀▀ ▀     ▄▄▄▄▀▀▀ ░░▐▌  █ ▓█▀          ▐▌   █  ▀▓▀
   ▄   ▐▌   █  ▀██▀        █ ██▄▄ ░░   ░░   ▄▄▄██ █ ▐▌▀▀      ▄▄▄▀▒▓█   ▐▌     
  ▀▓▀   █ ░░▐▌    ▄        ▐▌ █▓█ ██▄▄ ██▄▄ █▓▓▓█ ▐▌▐        █▓█  ▒█▓░  ▓▓▄▄   
        ▐▌   █  ░           █ █▒█ █▓▓█ █▓▓█ █▒▒▒█  █▐▌      ▐█░▌░░▐▌ ░░ █▒ █▓▄ 
      ▄▄ █   ▐▓▄█▄ ▄     ▄  █ █░█ █▒▒█ █▒▒█ █░░░█  █ █      ▐▌▐▓  █ ░░ ▐▌░░▐▌▓█
    ▐▀▀▓█▓   ▐▌  ▀█░█   ▀▓▀ █ █ ▀ █░░▀ █░░▀ █ ░ ▀ ▐▌ ▓█  ░   █▓  ▐▌    █  ▐█ ▓█
    █ ▓▒ █  ░ █▓░░▐▌▓█      ▓                   █ █  ▒▓▌     ▓▒  ▓     ▀  ▓▌░▐▌
   ▐▌▐▓  ▐▌ ░░▐▌  ▓█ ▓▌       █ █ █  █ ▀ ░█ █░░░█  ░▒▓█▌     █▒  ░░    ▀  █  █ 
   ▐█▓█▌░ █░   █▓  ▓ ▓█     ▓ █▒█ █░░█ ▐▓▄  ▀▀ ▀▀ ░▒▓▓█      ▓▄▄▄      ░░   ▓█ 
    █▓▐▌  ▐▌    ▀     ▓    ▐█ █▓█ ▀▀▀  ████▄▄ █▄▄  ▀▀▀         ▀▀▄▄     ▄▄▄▄▀  
    ▐█▐▓   ▓     ░░  ▐▌    █▓ ▀▀▀ ░░░ ▓████▓▐▐█████▌▄█         ▄  ▓▀▀▀▀▀       
     █▄ ▀    ░      ▄▀     █▓▒   ░░   █████▒▐██████ ▓█ █▄ █▄▄                  
      ▀▓   ░░   ▄▄▀▀       ▐█▓▒░ ▄  ▓▓████████████▌▐▓█ █▐▐████▌▄██▄ ░       ▓  
  ░     ▀▄▄▀▀▀▀▀             ▀▀  █████████████████▌▐██ █▐█████ ▀██▀            
                         ▄█     ▓██████▀    ▓██████ ██ ██████▌    ▄      ▄     
   ▄▄▄▄█ ▄██▄ ░ ▄▄▄▄▄███▓▓█     ▓██████▓     ▓█████▌██ ██████▌  ▓  ▐▓▄         
   ██▓▓█ ▀██▀   ███▓▓██████▓    ███████▓     ▓█████▌██  ▓█████     ████▄▄ █▄▄ ▄
  ▓█████    ▄  ▓████▓██████▓   ▓███████     ▓██████▌▀    ▓████▌   ▓████▓▐▐████▌
 ▓██████  ▓    █████████████   ▓██████▓    ████████      ▓████▌ ▓▌█████▒▐█████ 
 ███████      ▓█████████████▓  ███████▓   ▓███████▌     ▓█████▌▐█▌███████████▌ 
▌████████     ▓█████████████▓  ███████    ▓██████▀    ▄███████ ▐█▌███████████▌ 
▌█████████    ██████████▓████  ██████▓    ▓██▓▀▀  ░    ▓█████▌ ██▌█▀    ▓█████ 
▌█ ▓███████  ▓██████▀  █▓████▓ ██████▓    ▒██▄      ▄▓ ▓████▀ ▐██▌█▓     ▓████▌
 ▓ ░▓██████▌ ▓██████ ▒ █▓████▓ ██████     ░     ▄▄▄ ██ ▀▀▀    ▐██▌█▓     ▓████▌
    ░▓█████▀ ███████ ▓ █▓█████  ██████▓   ▄▄▄▄██▀▀  ▄▄▄███▄   ▐██▌█▒    ▓█████▌
     ░▓████ ▓███████ █ █▓█████▓ ████████▓██████▓ ▄▓███████▓   ▐██▌▓    ███████ 
  ░   ░▓███ ▓██████ ▄█▓█▓█████▓ ████████▓██████ ░█▓▀███████▓   ██▌   ▌▓██████▌▓
       ░▓█▀ ███████  ▄▄█▓██████   ▀▀▀█████▀▀▀   ▓█▓ ▓███████▓  ▐██▄▄▄▌▓█████▀  
        ░▓ ▓███████▀▀▀ █▓██████▓  ▄  ▓        ░███▓  ▓███████▓  ▀████▌▓██▓▀▀   
   ▄  ▓    ▓███████    █▓██████▓              ▓███▓   ▓███████▓       ▒        
           ███████     ▓▓███████  ▄██▄ ░      ▓███▓    ▓███████▓      ░  ▓ ░   
▄ ▄▄██▄   ▓███████     ▒▓█▓█████▓ ▀██▀       ░████▓     ▓███████▓          ░   
   ████   ▓██████▓     ░▓  █         ▄       ░████▓      ▓███████▓     ▄       
   ████                            ▓         ▓████▓      ░▀███████▄   ▀▓▀      
   ▓███   ▄▄▄ ▄▄▄ ▄   ▄▄▄ ▄▄▄ ▄▄  ▄▄▄        ▓████▒                            
   ▓███   ▓ █ █▄  █   █▄  ▓▄█ ▓▄▄ █▄         █████░ ▄ ▄  ▄ ▄▄▄ ▄▄▄  ████▌▓▒░   
   ▓███   █▀▄ ▓▄▄ ▓▄▄ ▓▄▄ █ ▓  ▄▓ ▓▄▄       ▀▀▀▀  ░ ▄ ▓▀▄█ █▄  ▓ █  ███▓       
   ▓███   ▄▄▄▄▄▄▄▄▄▄▄▄▄▄▄▄▄▄▄▄▄▄▄▄▄▄▄ ▄ ░ ▄ ░ ▄ ░ ▄ ▓ █  ▓ ▓   █▄▓  ███▓       
   ▓███                                                             ███▓       
   ▓███    BEHOLD, THROUGH A MACRO LENS: Martin                     ███▓       
   ▓███                                                             ███▓       
   ▓███    Martin.S04E01.DVDRiP.XViD-MACRO                          ███▓       
   ▓███                                                             ███▓
   ▓███    Episode Name .............. Martin in the Corner Pocket  ███▓
   ▓███    Air date .................. 1995                         ███▓       
   ▓███    Retail date ............... 01-04-2008                   ███▓       
   ▓███    Release date .............. 22-03-2008                   ███▓       
   ▓███    Audio ..................... 89kbs Joint Stereo MP3       ███▓       
   ▓███    Video ..................... XViD @ 512x384               ███▓
   ▓███    Screen Format ............. 4:3                          ███▓
   ▓███    Video Bitrate ............. ~1000kbs                     ███▓
   ▓███    Source .................... R1 Retail (NTSC)             ███▓      
   ▓███    Subs ...................... English, Francais, Espanol   ███▓                   
   ▓███                                                             ███▓       
   ▓███ ░ ▄ ░ ▄ ░ ▄ ░ ▄ ░ ▄ ░ ▄ ░ ▄ ░ ▄ ░ ▄ ░ ▄ ░ ▄ ░ ▄ ░ ▄ ░ ▄ ░ ▄ ███▓       
   ▀▀▀▀                                                             ▀▀▀▀       
   ░▒▓███▀▀▀▀▀▀▀▀▀▀▀▀▀▀▀▀▀▀▀▀▀▀▀▀▀▀▀▀▀▀▀▀▀▀▀▀▀▀▀▀▀▀▀▀▀▀▀▀▀▀▀▀▀▀▀▀▀███▓▒░       
   ▄▄▄▄ ▄▄▄ ▄▄▄ ▄▄▄ ▄ ▄ ▄▄▄ ▄▄▄                      ▄ ▄  ▄ ▄▄▄ ▄▄▄ ▄▄▄▄       
   ▓███  ▓  █▄  █▄  ▓ ▓ █▄  █▄                       ▄ ▓▀▄█ █▄  ▓ █ ███▓       
   ▓███  █  ▓▄▄ ▓▄▄ ▀▄▀ ▓▄▄ ▓▄▄  ░ ▄ ░ ▄ ░ ▄ ░ ▄ ░ ▄ ▓ █  ▓ ▓   █▄▓ ███▓       
   ▓███                                                             ███▓       
   ▓███  http://www.tvrage.com/shows/id-4383                        ███▓       
   ▓███                                                             ███▓              
   ▓███  Show Class ..... Scripted                                  ███▓       
   ▓███  Genre .......... Comedy                                    ███▓       
   ▓███                                                             ███▓       
   ▓███  Plot Summary                                               ███▓       
   ▓███                                                             ███▓       
   ▓███  Hollywood high-roller Martin Lawrence takes the title      ███▓       
   ▓███  role in the sassy sitcom Martin, centring on a radio       ███▓       
   ▓███  personality turning his hand to television. His            ███▓       
   ▓███  complicated life is populated with wild characters         ███▓       
   ▓███  including his girlfriend Gina (Tisha Campbell), his        ███▓       
   ▓███  loud-mouthed friend Pam (Tichina Arnold) and of            ███▓       
   ▓███  course his overbearing mother, Mama Payne.                 ███▓       
   ▓███                                                             ███▓        
   ▓███                                                             ███▓ 
   ▓███  Rippers Notes:                                             ███▓       
   ▓███                                                             ███▓       
   ▓███  Enjoy!                                                     ███▓       
   ▓███                                                             ███▓
   ▓███                                                             ███▓
   ▓███                                                             ███▓   
   ▓███                                                             ███▓       
   ▓███ ░ ▄ ░ ▄ ░ ▄ ░ ▄ ░ ▄ ░ ▄ ░ ▄ ░ ▄ ░ ▄ ░ ▄ ░ ▄ ░ ▄ ░ ▄ ░ ▄ ░ ▄ ███▓       
   ▀▀▀▀                                                             ███▓       
   ░▒▓███▀▀▀▀▀▀▀▀▀▀▀▀▀▀▀▀▀▀▀▀▀▀▀▀▀▀▀▀▀▀▀▀▀▀▀▀▀▀▀▀▀▀▀▀▀▀▀▀▀▀▀▀▀▀▀▀▀▀▀███▓       
     ▄                                                              ███▓       
    █▌                                                              ███▓       
   ▐█  Greetings flies out to our pals in NODLABS and furthermore   ███▓       
   ▐█                                                               ██▀        
   ▐█        the ones left that choose quality over quantity!      ▐█▒         
    █▌                                                             █▓          
    ▓█                                                           ▄▀   ░        
  ░   ▀▄                                                         ▀▀▄           
     ▄▀▀                                           . MACRO/2008! ▀ ▐▌ ▀        
  ▀ ▐▌ ▀ 2k8 . asc1i .                                             ▀ ▄█▄       
 ▄█▄ ▀                                                                ▀        
  ▀       elle<VNS>                                                   ░        
  ░                                                                   ▒        
  ▒                                                                   ▓        
  ▓                                                                   ▓        
  ▓
