████████████████████████████████████████████████████████████████████████████████
████████████████████████████████████████████████████████████████████████████████
████████████████████████████████████████████████████████████████████████████████
████████████████████████████████████████████████████████████████████████████████
████████████████████████████████████████████████████████████████████████████████
████████████████████████████████████████████████████████████████████████████████
████████████████████████████████████████████████████████████████████████████████
████████████████████████████████████████████████████████████████████████████████
████████████████████████████████████████████████████████████████████████████████
████████████████████████████████████████████████████████████████████████████████
██████████████████████████▓▓▓▒▒▒▒█▓▓██▒▒▒▒██████████████████████████████████████
████████████████████████▓▓▓▓▒███████████▓▒░░████████████████████████████████████
██████████████████████▓▓▒█████▓▓▓▓▓▓▓▓▓████▒░▓██████████████████████████████████
█████████████████████▓▓▒████▓▓▒▒▒▒▒▒▒▒▓▓▓▓███░▓█████████████████████████████████
████████████████████▓▒▒██▓▓▓▒▒▒▒▒▒▒▒▒▒▒▒░░▓▓███▒████████████████████████████████
███████████████████▓▒███▓▓█▒▒▒▒▒▒▒▒▒▒▒▒▒▒▒░▓▓▓█░▓███████████████████████████████
███████████████████▒▒██▓▒▒▒▒▒▒▒▒▓▓▓▓▓▓▓▒▒▒▒▒▒▓██▒███████████████████████████████
██████████████████▓▒██▓▓█▒▒▒▒▒▓▓▓█████▓▓▒▒▒▒▒▒▓█▒███████████████████████████████
██████████████████▓███▓██▒▒▒▓▓██████████▓▓█▒▒▒▒█▒███████████████████████████████
█████████████████▓▓██▓▓█▒▒▒▒▓████████████▓▓▒▒▒▒█▒███████████████████████████████
█████████████████▓▓██▓▓▒▒▒▒▓██████████████▓▓▒▓▓█▒███████████████████████████████
█████████████████▓▓██▓█▒▒▒▓▓██████████████▓█▒█▓█▓███████████████████████████████
█████████████████▓███▓█▒▓▓▓███████████████▓███▓█▓███████████████████████████████
█████████████████▒███▓█▓▓█▓███████████████▓█████████████████████████████████████
█████████████████▒███▓████▓█████████████████████▓███████████████████████████████
█████████████████▒███▓██████████████████████████████████████████████████████████
█████████████████▒███████████████████████████▓▓▒▒▒▒▒▒▒▒▒▒▒░░░░░░████████████████
█████████████████▓███████████████████▓▓▓▒▒▒▒▒▒▒▒▒██████████████▒░███████████████
████████████████████████████▓▓▓▓▒▒▒▒▒▒▒▒█████████▓▓▓▓▓▓▓▓▓▓▓████▒███████████████
█████████████████████▓▓▓▒▒▒▒▒▒▒▒█████████▓▓█████████████████████████████████████
█████████████▓▓▒▒▒▒▒▒▒▒▒██████████▓█▓▓▓▓▓▓███░░  ██████░░ █░    ████████████████
█████░▒▒▒▒▒▒▒▒▒████████████████████████████░       ███░           ██████████████
█████▒▒██████████████████████████████▓▓▒██░   ██░  ███░░   ████   ██████████████
█████▒███████████████████████░░   █████▒██   ████░  ███░  █████░  ██████████████
█████▒████████████████░█░░░░        █████░  ██████  ███░  ███▓██   █████████████
█████▒███████████████████░     ██    ████░  ██████░ ███░  ██▓▓██   █████████████
███████████░  ████░░    ██░   ████░  ████░  ███▓███ ███   ██▓██░  ██████████████
████████░░░   ████░    ███░   █████   ███   ███▓▓██████    ████   ██████████████
█████████░    ████░░   ███░   █████░  ███   ██▓▓▒▒▓▓███          ███████████████
██████████░  ██████░  ████░   ██████   ██   ██▓▒▒▒▒▒▒██    █████████████████████
██████████░  ██████░  █████  ███████░  ██   ██▓▒▒▒▒▓███   ██████████████████████
██████████░  ██████   █████░ ███████░  ██░  ██▓▓▒▓█████   ████▓▓████████████████
███████████   ████    █████░ ███████   ██░  ██▓▓▓██  ██░  ████▒▓████████████████
███████████           █████  ███████░  ██░  ███▓██░ ███░  ████▒▓████████████████
███████████   ████░   █████░ ███████░  ███   █████  ██░░   ███▒▓████████████████
███████████  ██████   ████░░  ██████░  ███    ███  ██░░     ██▓▓████████████████
███████████  ██████░  ████░   █████░   ████░      ░███░░█  ██▓▓▓████████████████
███████████  ██████░  ████░   █████░  ██████░░░  ████████████▓▓▓████████████████
███████████░ ██████░  ███░░    ███░   ███▓██████████▓███▓▓███▒▓█████████████████
██████████░░  █████░   █░░           ████▓▓████████▓▒▓▓▒▒▓▓▓█▒▓█▓███████████████
██████████░   █████░   ██░░ ███    █████▓▓▒▓▓▓▓▓▓▓▓▒▒▒▒▒▒▒█▓█▒▓█▒▓▓█████████████
█████████░░   ████░░░   ████████████████▓▒▒▒▒▒▒▒▒▒▒▒▒▒▒▒▒▓█▓█▒▓█▒▒▒▒░░▓█████████
████████░░░░   █████████████████████████▒▒▒▒▒▒▒▒▒▒▒▒▒▒▒▓███▓█▒▓█▒█▓▒▒▒▒░░▓██████
███████████████████████████████████████▒▒▓▓▒▒▓██▓▓▓▓▓▓▓▓▓▓▓██░██▒██▓▓▓▒▒▒░░▓████
███████████████████████████████████████████▓▓▓▓▓▓▓▓▓▓████████░█▒▒▒▒▒▒▒▓██▒▒▒▒▓██
████████▒▒████████████████████████████▓▓▓▓▓▓▓█████████▒▒▒▒▒▒░░█▓▓▓▓▓▒▒▒▒▒▓█▒▒░▓█
███▓▒████▓░████████████████████▓█▓▓▒██████████▒▒▒▒▒▒▒▒▒▓▓▓▓█████████▒█▓▓▓▒▒▓▒▒▒█
█▒████████▒░██████████████████████████▒▒▒▒▒▒▒▒▒▓▓▓▓██▒██████████████▒████▓▓▒█▒▒█
██████████▒▒██▒███████████████▒▒▒▒▒▒▒▒▒▓▓▓███████████▒██████████████▒██████▓▒▒▒█
█████████▓▒░██▒▒██████▒▒▒▒▒▒▒▒▒▓▓▓▓██▓▒▓█████████████▓██████████████▒████████▓▒█
████████▓▓▓▒███▒▒▒▒▒▒▒▒▓▓▓▓███████████▒█████████████████████████████▓█████████▒█
█████▓▓▓▒▒▒▒▒████▒████████████████████▒█████████████████████████████▓███████████
███▓▒▒▒▒▓█████▓██▒████████████████████▓█████████████████████████████████████████
██▒▒▓██▒█████████▒████████████████████▓█████████████████████████████████████████
█▒▓████▒█████████▓████████████████████▓█████████████████████████████████████████
███████▒█████████▓██████▒▒░░░░▒░▒██████████████▒▒░░░░░▒▒████████████████████████
███████▓█████████▓████░▒▓▓▓▒▓▒▒▓█▓▒███▓██████▒▓█▓▒▒▓▒▓▓▓▒▒██████████████████████
███████▓██████████████▒█▓▓▒▒▒▒▒▒▒▓▒░████████▒▒▓▒▒▒▒▒▒▒▓▓█▒██████████████████████
███████▓████████████▒▒▓▒▒▒██████▒▒▒▒▒██████▒▒▒▒▒███▒██▒▒▒▓▒▒████████████████████
████████████████████▒▒▒▒██████████▒▒▒██████▒▒▒█████▒████▒▒▒▒████████████████████
████████████████████▒▒▒████████████████████████████▓█████▒▒▒████████████████████
██████████░▒▒▒▒████████▓▓███████▒▒▒▒▒▒░░░░▒▒▒▒▒▒███▓███▓▓████████▒▒▒▒░██████████
███████░░▒▒▓▓█▒▒████░▒▒▒▒▓█████▒██▓▒▒▓▓▓▒▓▓▓▓▓██▒█████▓▒▒▒▒░████▒▒█▓▓▒▒▒░███████
█████░▒▓▒▒▒▒▒▒▒███░▒▒▒▓█▒▓█████▒█▓▓▒▒▒▒▒▒▒▓▓▓▓▓█▒██▓██▓▒█▓▒▒▒░███▒▒▒▒▒▒▒▓░░█████
████░▒▒▒▒▒██████▒▒▓█▒▒▒▓▒▓█████▓▒▒▒▒▒▓▓▒░░▒▒▒▒▒▒▓█████▓▒▓▒▒▒█▓▒░██████▒▒▒▒▒░████
████▒▓▒▒█▒████▒▒██▓▒▒▒▒░░████████████████▒█████████████▒▒▒▒▒▒▓██░░████▒█▒▒▓▒████
███░▒▒▒██▒███▒▒█▓▓▒▒░░███▒▒█████▒▒▒▒▒████▒█▒▒▒▒▒█████▒▒███▒▒▒▒▓▓█▒░███▒██▒▒▒░███
███▒▓▒▒██▓███▓▒███▒░████▒█▓▓▒▒▒▒▒▓█▒█████▓██▒█▓▒▒▒▒▒▓▓█▒████▒▒███▒▓███▓██▒▒▓▒███
███▒▓▒███▓███▓▓▒▒▒███▒▒██▒▒▓▓▒▓▒▓▓▒██████████▒▓▓▒▓▒▓▓▒▒██▒▒███▒▒▒▓▓███████▒▓▒███
███▒█▒█████████▒████▒█▒█████▒▒░░▒████████▓█████▒░░░▒█████▒█▒██████████████▒█▒███
███▒▒▒▒████████▓███▒▓▓▒██████▒████████████████████▒██████▒▓▓▒████████████▒▒▒▒███
████▒███▒▒▓▓██████▒▒▒▒███████▒████████████████████████████▒▒▒▒██████▓▓▒▒███▒████
██████░▒▒█▒▒█████▒▒▒█░███████▒████████████████████▒███████▒█▒▒▒█████▒▒█▒▒░██████
█▓▓██░▒█▒▓▒▒███▒▒▓▒▒░████████▓████████████████████▓████████░▒▒▓▒▒███▒▒▓▒█▒░██▓▓█
█▒██░▒█▓▒▒▒██▒▒█▓▒░░█████████▓██████████████████████████████░▒▒▓█▒▒██▒▒▒▓█▒░██▒█
███░▒█▓▒▒░██▒▒▒▒▒▒████████████████████████████████████████████░▒▒▒▒▒██▒▒▒▓█▒░███
██▒▒█▓▒▒░██████▒████████████████████████████████████████████████▒██████▒▒▒▓█▒░██
██▒▒█▒▒░██▒████▒████████████████████████████████████████████████▒████▒██▒▒▒█▒▒██
██▓▒▒▒▒██▒▒▒███▒████████████████████████████████████████████████▒███▒▒▒██▒▒▒▒▓██
███▓▓████▒█▒███▒████████████████████████████████████████████████▓███▒█▒███▓▓▓███
█████████▒▓▒████████████████████████████████████████████████████▓███▒▓▒█████████
████████▒▒▒░███▒████████████████████████████████████████████████████▒▒▒▒████████
█▓▓▓███▒▒▓▒░███▓████████████████████████████████████████████████████▒▒▓▒▒███▓▓▓█
█▒▒▒▓█▒▒▓▓░██████████████████████████████████████████████████████████░▓▓▒▒█▓▒▒▒█
█▓▓▒█▒▒██▒████████████████████████████████████████████████████████████░██▒▒█▒▓▓█
█▓▒██▒▒▒▒██████████████████████████████████████████████████████████████░▒▒▒██▒▓█
█▒▒█▒▒█▒████████████████████████████████████████████████████████████████▒█▒▒█░▒█
█▒▓████▒███████████████▒▒▒█▒░  ░▓▓▓▓▓▓▓▓▓▒▒▒▒▓▓▓▓▓▒▒▒██▒  ░▓▓█▓░  ▒▒▓███▒████▓▒█
█▒▓████████████████▒▒▒█▓▓█████░███████▒▒▒░░▒▒▒█████░░▓█████████████████▓█████▓▒█
█▒██▒██▓█████████▒░███▓▓▓▓▓▓▓▓░░▓▓▓▓▓▓▓▓▓▓▓▓▓▓▓▓▓▓░░░▓▓▓▓▓▒▒▒░░░░░▒▒▓▓██▓██░██▒█
█▒█▒▒░████████░░░██▓▓▓▓░░░░░░░░░░░░░░░░░░░░░░░░░░░░░░░░░░░░░░░░░░░▓▓▓▓▓███░▒▒█▒█
███▓▒▒██████░░▒▒░█▓▓░░░                                           ░░░░▓▓██░▒▓███
████▒▒▓████░░  ░░█▓░ ─ ─── ──────────────────────────────────  ─── ─ ░░▓█▓▒▒████
████▒▒▓██░░░░░░░▒█▓░                                                 ░░▓█▓▒▒████
████▒▓▓██░█████░▒█▓  ▒█ █▒ ▒▓█▒▒ █▒ █▒ ▓█ █ ▒█ █▒ ▓   █▒ ▓██▒▒ ▒█ █   ░▓█▓▓▒████
███▓▒▓▓█░███████▒█▓  ██ ██ ▒███▒ ██ ▒█ ▒  █ ▒█ ▒█ ██   █ ▒████ █  ▒   ░▓█▓▓▒▓███
██▓▓▒█▓████▓▓▓▓██▓▓  ██  █ ▒█ ██ ██  █ ▓    ██  █ ███  █ ▓ █ █ ▒      ░░█▓█▒▓▓██
███▒▒█▓███▓▓░░▓▓█▓░  ██ ▒█ ██ █  ▒██   ▓███ ███   █ ██ █ ▓ █ █ ▓▒██    ░█▓█▒▒███
███▒█▓███▓▓░░░░░▓▓   ▒█ ▓█ ▒█ █▒ ▒█  █    █ ██  █ █  ▒██   █      █   ░░██▓█▒███
██▒▒▓████▓░░    ░▓   ▓█    ▓█ ██ ▓█ ▒█ ▒  █ ▒█ ▒█ ▒   ▓▒   ▒   ▒  ▓    ░███▓▒▒██
█▓██████▓▓       ░   ▓█    ▓▓  ▒ ▓█ ▓▓ ▓█ ▓ ▓█ ▓█ ▓▒   ▓   ▓   ▓▒ ▓    ░██████▓█
████████▓                                                              ░████████
████████▓ ──   ─── ────────────────────────────────────────────── ────  ████████
████████                                                                ████████
████████      Comedy.Slapdown.S01E03.XviD-HDCPP                         ████████
████████                                                                ████████
████████░                                                               ████████
████████░                                                               ████████
████████░     Format     : XviD                                        ░████████
████████░     Source     : Satellite                                   ░████████
████████░     Air        : 15.11.2008                                  ░████████
████████░     Release    : 15.11.2008                                  ░████████
████████░     Rars       : 25x15mb                                     ░████████
████████░                                                              ░████████
████████░                                                               ████████
████████                                                                ████████
████████      Plot:  Teams compete as comic improvisation hits the      ████████
████████░            wrestling ring. With guest judge Brian McFadden   ░████████    
████████░            and featuring Lliam Amor, Emily Taheny, Russell   ░████████    
████████░            Fletcher, Natalie Garonzi, Damian Callinan and    ░████████    
████████░            Paul McCarthy.                                    ░████████
████████░                                                               ████████
████████░                                                               ████████
████████ http://www.thecomedychannel.com.au/WhatsOn/Detail.aspx?id=303 ░████████
████████                                                               ░████████
████████                                                               ░████████
████████░                                                              ░████████
████████░     ──────────────────────────────────────────────────       ░████████
████████░                                                              ░████████
█▓██████░     Entertaining You And Your Kids In A Non-sexual Way!     ░░██████▓█
████████░                                                             ░▓████████
██▒▒▓███░                                                      ░░    ░░▓███▓▒▒██
███▒█▓██░                                                      ░░░░░░░▓▓██▓█▒███
███▒▒█▓█░░                                                    ░░█▓▓░░▓▓██▓█▒▒███
██▓▓▒█▓█░░░                                                   ░▓██▓▓▓▓███▓█▒▓▓██
███▓▒▓▓█░▓░                                                   ░█▒████████▓▓▒▓███
████▒▓▓█░▓░                                                   ░█▒░█████░█▓▓▒████
████▒▒▓█░▓░░                                                 ░▓█▒░░░░░░░█▓▒▒████
████▒▒▓██▓░░                                                 ░▓█░░  ░░███▓▒▒████
███▓▒▒███▓▓░░░                                             ░░▓▓█░▒▒░░█████▒▒▓███
█▒█▒▒░████▓▓▓▓▓░░░░░░░░░░░░░░░░░░░░░░░░░░░░░░░░░░░░░░░░░░░░░▓▓██░░░███████░▒▒█▒█
█▒██▒██▓███▓▒▒▒░░░░░▒▒▒▓▓▓▓▓░░░▓▓▓░▒▒▒▒▒▒▒▒▒▒▒▒▒▒▒░▓▓▓▓▓▓▓▓███░▒▒███████▓██░██▒█
█▒▓██████▓█████████████████▓░░█████████▓▓▓█▓█▓▓▓████████▓▓█▒▒▒██▒████████████▓▒█
█▒▓████▒████▓▒▒  ░▓█▓▓░  ▒██▒▒▒▓▓▓░▒▒▒▒▒░░░░░░░░▒▒▒▒░▒█▒▒▒██████▒███████▒████▓▒█
█▒▒█▒▒█▒█████████████▒██████████▒████▒██████████▒███████████████████████▒█▒▒█░▒█
█▓▒██▒▒▒▒████████████▒██████████▒████▒██████████▒███████▓██████████████▒▒▒▒██▒▓█
█▓▓▒█▒▒██░███████████▓██████████▓████▓██████████▓█████████████████████░██▒▒█▒▓▓█
█▒▒▒▓█▒▒▓▓░██████████▓██████████████████████████▓████████████████████░▓▓▒▒█▓▒▒▒█
█▓▓▓███▒▒▓▒░█████████▓██████████▓███████████████████████████████████░▒▓▒▒███▓▓▓█
████████▒▒▒░████████████████████████████████████████████████████████▒▒▒▒████████
█████████▒▓▒█████████▓██████████████████████████▓███████████████████▒▓▒█████████
███▓▓▓███▒█▒████████████████████████████████████████████████████████▒█▒████▓▓███
██▓▒▒▒▒██▒▒▒████████████████████████████████████████████████████████▒▒▒██░▒▒▒▓██
██▒▒█▒▒░██▒██████████████████████████████████████████████████████████▒██░▒▒█▒▒██
██▒▒█▓▒▒░██████████████████████████████████████████████████████████████░▒▒▓█▒▒██
███▒▒█▓▒▒░██▒▒▒▒▒▒████████████████████████████████████████████░▒▒▒▒▒██░▒▒▓█▒▒███
█▒██▒▒█▓▒▒░██▒▒█▓▒▒░████████████████████████████████████████░▒▒▓█▒▒██░▒▒▓█▒▒██▒█
█▓▓██▒▒█▒▓▒▒███▒▒▓▒▒░██████████████████████████████████████░▒▒▓▒▒███▒▒▓▒█▒▒██▓▓█
██████▒▒▒█▒▒█████▒▒▒█░████████████████████████████████████░█▒▒▒█████▒▒█▒▒▒██████
████▒███▒▒▓▓██████▒▒▒▒████████████████████████████████████▒▒▒▒██████▓▓▒▒███▒████
███▒▒▒▒██▒█████████▒▓▓░██████████████████████████████████▒▓▓▒████████████▒▒▒▒███
███▒█▒███▒██████████▒█▒█████░▒▒▒░██████████████▒░▒▒░▒████▒█▒██████████████▒█▒███
███▒▓▒███▓███▓▓▒▒▒███▒▒██░▒▓▓▒▓▒▓▓▒██████████▒▓▓▒▓▒▓▓▒▒██▒▒███░▒▒▓▓███████▒▓▒███
███▒▓▒░██████▓▒███▒░████▒█▓▓▒▒▒▒▒▓█▒████████▒█▓▒▒▒▒▒▓▓█▒████░▒███▒▓██████░▒▓▒███
███▒▒▒░██████▒▒█▓▓▒▒░░███▒▒█████▒▒▒▒▒██████▒▒▒▒▒█████▒▒███░▒▒▒▓▓█▒▒██████▒▒▒▒███
████▒▓▒░██████▒▒██▓▒▒▒▒░░██████████████████████████████▒░▒▒▒▒▓██▒▒██████░▒▓▒████
████▒▒▒▒░▒██████▒▒▓█▒▒▒▓▒▓█████▓▒▒▒░░░░▒▒▓▓▒░░▒▒▓█████▓▒▓▒▒▒█▓▒▒██████░▒▒▒▒▒████
█████▒▒▓▒▒░░▒▒▒███▒▒▒▒▓█▒▓█████▒█▓▓▓▓▓▒▒▒▒▒▒▒▓▓█▒█████▓▒█▓▒▒▒▒███░░▒▒▒▒▒▓▒▒█████
███████▒▒▒▒▓▓█▒▒████▒▒▒▒▒▓█████▒██▓▓▓▓▓▒▓▓▓▒▒▓██▒█████▓▒▒▒▒▒████░▒█▓▓▒▒▒▒███████
██████████▒▒▒▒▒████████▓▓███████▒▒▒▒▒▒▒▒▒▒▒▒▒▒▒▒███████▓▓████████▒▒▒▒▒██████████
████████████▒███████▒▒░██████████████████▒███████████████▒▒▒███████▒████████████
████████████▒███████▒▒▒░██████████▒▒▒████▒█▒▒░██████████░▒▒▒███████▒████████████
█████▓██████████████▒▒▓▒▒░██████░▒▒▒▒████▒█▒▒▒▒░██████▒▒▒▓▒▒███████▒████████████
███▓████████▓█████████▒█▓▓▒▒▒▒▒▒▒▓▒▒█████▒██▒▒▓▒▒░░▒▒▒▓▓█▒█████████▓██████▓█████
██▓███████████████████▒▒▓▓▓▒▓▒▒▓█▓▒██████▒███▒▓█▓▒▒▓▒▓▓▓▒▒█████████▓████████▓███
██▓█████████████████████▒▒▒▒▒▒▒▒▒████████▓█████▒▒▒▒▒▒▒▒▒█████████████████████▓██
██▓▓█████████████████████████████████████▓███████████████████████████████████▓██
███▒▒▒█████████████████████████████████████████████████████████████▓████████▓▓██
████▒▒▓███████████████████████████████████████████████████████████████████▓▒▒███
███▒▒▓███████████████████████████████████████████████████████████████████▓▒▒████
██▒▓▓████████████████▒  ░ █  ░  ▒██▒▒▒   ░  ░▒█▒▒▒████████████████████████▓▒▒███
██▒▒▒▓████████████████████████████ ░░█████░█████▓ █▒▒▒█████████████████████▓▓▒██
███░▒▒▒▒▒▓████████ ▒▒▒░░░░░▒▒▒     ░░░   ░░▒▒▒▒▓▓▓▓███░▒██████████████████▓▒▒▒██
██▓█░░░░▒▒▓██████     ░░░░░░░░░░░░░░░░░░░░░░░░░░░░░░▓▓██░░░████████████▒▒▒▒▒░███
███████░░▒▒▒████  ▓▓░░░                           ░░░▓▓█░▒▒░░█████████▒▒░░░░████
█████▓▓██░░▒████ ▓▓░     DSR/PDTV/HDTV Cappers      ░░▓█░░  ░░██████▒▒▒░░███▓███
██████▓▓██░▒████ ▓░      Sites in Europe & Asia      ░▓█▒░░░░░░░████▒░░███▓▓████
███████▒▒██░████ ▓░      Dump Owners with 10Mbit+     ░█▒░█████░████▒░██▓▓██████
████████▒███████ ░       TV-DVD Suppliers and rippers ░█▒███████░███░██▒▒███████
████████░░██████░░                                     ░░░░░░░▓▓░██████░████████
█████████░██████▓░       HDCPTV@lavabit.com            ░░    ░░▓░█████░░████████
█████████░███▓███▓░                                    ░      ░▓░██▓██░█████████
█████████░███████▓░░     Thanks to aenzient for the new NFO!   ▒░█████░█████████
█████████▒▒██████▓▓░░  ░░░                                     ▒░█████░█████████
██████████▒███████▓▓░░▓▓█░                                     ▒░████▒▒█████████
███████████▓███████▓▓▓▓██░░                                    ░░████▒██████████
█████████████▓██░███████▒█░                                    ░ ███▓███████████
█████████████████░█████░▒█░░                                   ░ █▓█████████████
█████████████████░░░░░░░▒█░░                                  ░▓ ███████████████
███████████████████░░  ░░█▓░░                                ░░▓ ███████████████
████████████████████░░▒▒░█▓▓░░░ ──── layout:aenzient ──── ░░░░▓  ███████████████
██████████████████████░░░██▓▓░░░░░░░░░░░░░░░░░░░░░░░░░░░░░░     ████████████████
█████████████████████████▒░███▓▓▓▒▒▒▒░░░   ░░░     ▒▒▒░░░░░▒▒▒ █████████████████
███████████████████████████▒▒▒█  █████░█████░░ █████████████████████████████████
███████████████████████████████▒▒▒█▒░  ░   ▒▒▒██▒  ░  █ ░  ▒▒███████████████████
████████████████████████████████████████████████████████████████████████████████
████████████████████████████████████████████████████████████████████████████████
████████████████████████████████████████████████████████████████████████████████
████████████████████████████████████████████████████████████████████████████████
████████████████████████████████████████████████████████████████████████████████
