█████████████████████████████████████████████████████████▓█████████████████████
███▄▄▄  ███▄▄▄  █  ▄▄▄  █████████▀▀▀▀          ▀▀▀▀▀█████▒█████████████████▀███
█  ▄▄▄  █  ▄▄▄  █  ▄▄███████▀▀                        ▀▀█░██████████▀ ▀████████
█  ▓██  █  ▓██  █  ▓██████▀                               ▀▀▓████████▄█████████
█  ▀▀▀  █  ▀▀▀  █  █▀▀▀▀▀                                     ▀████████████████
█████████████████▀         ▄▄▄▄▄▀                               ▀█████▓████████
█████████▀████▀         ▄███████████▄▄▄▀     ▄                    ▀▓██▒████████
████████████▀         ▄███████████████████▄▄▀                       ▀█░██▄█████
███▀ ▀█████         ▄██████████████████████████▄▄                      ████████
████▄████▀   ▀  ▄  ▄███████████████████████████████▄▄                  ▀███████
████████▀   █  ▄▀  ██████████████████████████████████▓░                 ▀██████
██▄████▀   █▌ ▓▀▄ ▐██████████████████████████████████▓▒░                 ▀█████
██████▀   ██▄██▓  ████████████████████████████████▓▓▒▒░░                  ▀████
██████   ▓▀ ██▓  ▐█████████████████████████████████▓▒░                     ████
█████▌  ▀  ▓██   █████████████████████████████████▓▒░                      ▓███
█████▌ ▀  ▀ ▓   ████████████████████████████████▓▓▒▒░░                     ▒███
█████▌     ▒   ████▀▀       ▀▀█▓▀██▀█████████████▓▓▒▒░░                    ░███
█████▌    ░  ▄███▀               ▀ ▀▓▀███████▀█████▓▒░░░                    ███
█████▌      ███▀    ▀    ▄▓          ██████▓▀▀                              ███
▓██▓██     ▐██▀  ▄▀     ▐█▌ ▀      ■  ▓███▀                                ░███
▒▓▓▒██     ███  ▐▌       ▀▓▄▄    ▄░ ▀▄▄ ▀                                  ▒███
░▒▒░ █ ▄▄▓█▀▀   █           ▀▀▀ ▐█▓  ▐█▓░     ▄▓                           ▓███
 ░░ ▐█▓█▀ ▄▄██  █       ▄      ▄██▀ ▄██      ▐█▌ ▀         ▄              ░████
   ░█▀ █ █████▌  ▄        ▀▀▓███▓▀ ▄██▌       ▀▓▄▄                        ▒████
   ▓▌  ████████▄  ▀     ░▒▓██▓▀▀  ▄███           ▀▀▀      ▐▌              ▓████
  ▐█▌  ██████████▄▄            ▄▄████▌                    ▀              ░█████
  ▐█▓ ▄██████████████▄▄▄     ▄█▀▀████▓░                  ▀               ▓█████
   █▓░████████████████████▀ ▐█▌  ▄█▀ ▀              ▄▄ ▀                ▄██████
   ▐█▒████████████████████████▄▄██▀          ▄                         ▄███████
    █▓██▓████████████████████████▌ █▄       ████▄                      ████████
     ██▓▓████████████████████████▌ ██▓      ▀████▓░                   ▓████▀███
      ▀▀▓▓▓█████████████▓▀▀▀▀    ▀▀   ▄       ▀██▓▒░                 ▓█████████
        ▓▓███████████▀▀  ▄▄▄▄▄▓███▄▄     ▀  ▄   ▀▓░                 ▓██████████
        ▓███████████▄▄██████████████▓▒░      █▄                   ▄████████████
         ▓███████████████████████████▄▄       █▄                 ▄████████████▀
         ▀███████████████████████▄   ▀▀▀▄     ▐█▌               ▀██████▀████ ▀█
          ▀███████████████████████▓▄      ▀                      ████████▀ ▀███
            ▀███████████████████████▓                       ██▄▄███████▀▀█▄████
          ░   ▀▓███████████████▓▀ █▓▒░                      ██████████    █████
         ░▒░ ░   ▀▀▀▓▓████████▀ ▄▀▓▒░                       ███████▀▀▀▀▄▄██████
        ░▒▓▒░▒░░         ▀▀▀                               ███████░ ▄▓▄ ███▄███
        ▒▓█▓▒▓▒▒░░                                      ▄█████████▄  ▀ ▄███████
        ▓██▓▓▓▓▓▒▒░░                                     ████████▄█████████████
        ████▓██▓▓▓▒▒░░  ░░                                █████████████████████
        ▐█████████▓▓▒▒░░▒▓▒░                              ▐█▓▓█▓▓▓███████▄█████
         ███████████▓▓▒▒▓▓▒░                               █▒▓▓▒▒▒▓█▓▓█████████
          ████████████▓▓█▓▒░                               █░░░░░░▓▓▒▒▓▓▓██████
           ███████████████▓▒░                               ▀▀█▄  ░░░░▒▒▒▓▓▓███
            ███████████████▓▒░                                  ▀▀▄▄  ░░░░▒▒▓██
             ██████████████▓▒░                                      ▀▀▄▄  ░░▒▓▓
              ▓█████████████▓▒░                                         ▀▀▄▄░░▒
               ████████████▓▒░                                              ▀▄░
                ▀▓████████▓▒░                                                ▐▌
                  ▀▓███████▓▒░         ▄▄▄ ▀                                   
                    ▀████████▓▄▄▄▄▄▓██▀▀▀                                      
                     ████████████▀▀▀                                           
                     ██▓▀▀▀▀▀                                                  
                       ░                                                       
                                                       ▒                       
                     ░░         ▓     ░             ■  ▀ ▓▓███         ░       
                 ■  ░▓██▓▄▄▄  ░▒▓█▄▄  ▒░▓▓██▄▄▄      ▄▄▓██▄█▀    ▄▄▄██▓▓       
                   ▀▄▀███▀▀▀██▓▄▄ ▀▀██▓ ▓███▀▀▀███▄▄▀▀▓▓▓██▀█▄███▀▀▀███▓░      
                    ▐████ ░▄▄▄ ▀▀█▓▄ ▀█ ████ ▓▄▄▄ ▀▀█▓▄ ▀▄██▀▀ ▄▄▓░ ████       
   ▀    ▄                ░▓▀▀▀▀▀░▓███ █▄▄▄▄▄▄▓▀▀▀▀▀ ████████ █▀█▓▒░            
     ▄▄▀▓▀              ▄▄▄▄█▀▀▀▀▓███ ▓▀▀▀ ▄▄▄▄▓▀▀▀▀████████ ██▓░              
    ▓▓██ ▄         ▄▄▓█▀▀        ████ ▄▄▓█▀▀        ████████ ▀                 
     ▀▀           ████     ░░░   ████████     ░░░   ▀ ▀███▄████▓▒░       ■     
      ■     ▀▀▀▄▄ ████   ░ ▒▒▓ ░ ██▀ ▀███   ░ ▒▒▓ ░ █▄█▓▀▀██        ▀          
              ▄  ▀████  ░▒░▓▓█░▒ ███ ████  ░▒░▓▓█░▒ ▓▄█▄  ▄█   ▄     ▄▓▄       
          ■ ▄▄   ▄▀███ ▒▒▓▓███▓▓ ███░████ ▒▒▓▓███▓▓ ▀   ▀██▀▄▀  ▄▄ ■  ▀        
    ▄         ▀█▄▐████ ▓▓███████ ███▒████ ▓▓█████▌▐ ▄   ▄███▌▄█▀         ▄     
      ▀▄  ▄▓▄  ▐█▌████ ███▀▄ ▀██ ███▓████ █████▓▀▄█ █▀▄   ▀█▐█▌       ▄▀       
       ▐▌  ▀ ▄▄█▀ ████ ███▄░░▄█▓ ████████ ███▀ ▄███ ▌▀▓▀   ▐ ▀█▄▄    ▐▌    ▄   
     ▄▄▀▄▄▓██▀▓▄▀ ▀███▄ ▀▀████▓▓░████▀▓██▄ ▀  ▐███▓░█▄    ▄█ ▀▄▓▀██▓▄▄▀▄▄      
  ▄▀▀▄▓▓█▀█▄██▀ ▄█▄▄ ▀▀▀█▄▄▄▄ ▀▀ ████ ▄ ▀▀▀█▄▄▄▄ ▀▀ █▀███████▄ ▀██▄█▀█▓▓▄▀▀▄   
 ▐▌ ▐▓▓█▌▐█▄█▌ ▐█▀ ▀██▓▄▄▄▄ ▀▀▀▀▀▀▀▀▀░▓██ ▄▄▄▄ ▀▀▀▀▀▀▀▀▀▀█▀ ▀█▌ ▐█▄█▌▐█▓▓▌ ▐▌  
  ▀▄▄▀▓▓▓▄▀▀█▓▄ ▀█▄█████▀ ▀█████████▓▓▓▓█░███████▓▓▓▓██████▄█▀ ▄▓█▀▀▄▓▓▓▀▄▄▀   
 ▀ ▄▄▀▀▀███▓▄▄▄▄▄▄▄█▄███▓▄███████████████▓███████████████▄█▄▄▄▄▄▄▄▓███▀▀▀▄▄ ▀  
   ■▄▀█▄████▄▀▄▓▓▀ ▄▓▄                                  ▄▓▄ ▀▓▓▄▀▄████▄█▀▄■    
    ▐▌▐█████▌▐▓▓▌ ■ ▀      AGGRESSIVE ARCHIVE FORCE      ▀ ■ ▐▓▓▌▐█████▌▐▌     
   ■▀▄█▀████▀▄▀▓█▄ ▀                                      ▀ ▄█▓▀▄▀████▀█▄▀■    
  ▄■▀  ░▓███   ■ ▀▀▀              BRINGS YOU              ▀▀▀ ■   ███▓░  ▀■▄   
 ▐▌ ▄▄█▓██▀▀                                                      ▀▀██▓█▄▄ ▐▌  

               Xam.d.Lost.Memories.S01E13.1080p.BluRay.x264-aAF

 ▀ ▄▄▀▀▀███▓▄▄▄▄▄▄▄█▀▀▀▀▀▀▀▀▀▀▀▀▀▀▀▀▀▀▀▀▀▀▀▀▀▀▀▀▀▀▀▀▀▀▀▀▀▀█▄▄▄▄▄▄▄▓███▀▀▀▄▄ ▀  
   ■▄▀█▄████▄▀▄▓▓▀ ▄▓▄                                  ▄▓▄ ▀▓▓▄▀▄████▄█▀▄■    
    ▐▌▐█████▌▐▓▓▌ ■ ▀        RELEASE INFORMATION         ▀ ■ ▐▓▓▌▐█████▌▐▌     
   ■▀▄█▀████▀▄▀▓█▄ ▀                                      ▀ ▄█▓▀▄▀████▀█▄▀■    
  ▄■▀  ░▓███   ■ ▀▀▀                                      ▀▀▀ ■   ███▓░  ▀■▄   
 ▐▌ ▄▄█▓██▄▄▄▄▄▄▄▄▄▄▄▄▄▄▄▄▄▄▄▄▄▄▄▄▄▄▄▄▄▄▄▄▄▄▄▄▄▄▄▄▄▄▄▄▄▄▄▄▄▄▄▄▄▄▄▄▄▄██▓█▄▄ ▐▌  

       Release Date........: 2011.04.01

       Video Format........: x264
       Video Bitrate.......: 6904 kbit/s
       Video Resolution....: 1920x1080
       Video Length........: 24min 18sec

       Audio Format........: DTS

       Genre...............: Animation | Adventure | Sci-Fi
       URL.................: http://www.imdb.com/title/tt1300170/

 ▀ ▄▄▀▀▀███▓▄▄▄▄▄▄▄█▀▀▀▀▀▀▀▀▀▀▀▀▀▀▀▀▀▀▀▀▀▀▀▀▀▀▀▀▀▀▀▀▀▀▀▀▀▀█▄▄▄▄▄▄▄▓███▀▀▀▄▄ ▀  
   ■▄▀█▄████▄▀▄▓▓▀ ▄▓▄                                  ▄▓▄ ▀▓▓▄▀▄████▄█▀▄■    
    ▐▌▐█████▌▐▓▓▌ ■ ▀                PLOT                ▀ ■ ▐▓▓▌▐█████▌▐▌     
   ■▀▄█▀████▀▄▀▓█▄ ▀                                      ▀ ▄█▓▀▄▀████▀█▄▀■    
  ▄■▀  ░▓███   ■ ▀▀▀                                      ▀▀▀ ■   ███▓░  ▀■▄   
 ▐▌ ▄▄█▓██▄▄▄▄▄▄▄▄▄▄▄▄▄▄▄▄▄▄▄▄▄▄▄▄▄▄▄▄▄▄▄▄▄▄▄▄▄▄▄▄▄▄▄▄▄▄▄▄▄▄▄▄▄▄▄▄▄▄██▓█▄▄ ▐▌  

        Sentan Island exists  in a state  of dreamlike tranquility;  a
        small island, surrounded  by the Yuden  Sea, cut off  from the
        war between the Northern Government and the Southern Continent
        Free Zone. Akiyuki Takehara lives on Sentan Island along  with
        his mother  Fusa. Despite  his mother's  strained relationship
        with  his father,  Ryuzo, the  town doctor,  the bond  between
        father  and   son  remains   strong.  One   day  the  island's
        tranquility is  shattered, when  Akiyuki, along  with his best
        friends Haru and Furuichi, are caught up in an explosion on  a
        school bus.  The explosion  produces a  mysterious light which
        enters  Akiyuki's arm.  With no  time to  understand what  has
        happened,  Akiyuki  is  transformed  into  a  creature  called
        "Xam'd".

 ▀ ▄▄▀▀▀███▓▄▄▄▄▄▄▄█▀▀▀▀▀▀▀▀▀▀▀▀▀▀▀▀▀▀▀▀▀▀▀▀▀▀▀▀▀▀▀▀▀▀▀▀▀▀█▄▄▄▄▄▄▄▓███▀▀▀▄▄ ▀  
   ■▄▀█▄████▄▀▄▓▓▀ ▄▓▄                                  ▄▓▄ ▀▓▓▄▀▄████▄█▀▄■    
    ▐▌▐█████▌▐▓▓▌ ■ ▀          EPISODE SUMMARY           ▀ ■ ▐▓▓▌▐█████▌▐▌     
   ■▀▄█▀████▀▄▀▓█▄ ▀                                      ▀ ▄█▓▀▄▀████▀█▄▀■    
  ▄■▀  ░▓███   ■ ▀▀▀                                      ▀▀▀ ■   ███▓░  ▀■▄   
 ▐▌ ▄▄█▓██▄▄▄▄▄▄▄▄▄▄▄▄▄▄▄▄▄▄▄▄▄▄▄▄▄▄▄▄▄▄▄▄▄▄▄▄▄▄▄▄▄▄▄▄▄▄▄▄▄▄▄▄▄▄▄▄▄▄██▓█▄▄ ▐▌  

        13: Running Barefoot

        Akiyuki notifies Haru about his return to Sentan Island but in
        doing so alerts the military to his presence as well. After  a
        brief visit with Akiyuki's father, He meets Haru only to  have
        their reunion crashed  by a Furuichi  who is eager  to use his
        new found power.

 ▀ ▄▄▀▀▀███▓▄▄▄▄▄▄▄█▀▀▀▀▀▀▀▀▀▀▀▀▀▀▀▀▀▀▀▀▀▀▀▀▀▀▀▀▀▀▀▀▀▀▀▀▀▀█▄▄▄▄▄▄▄▓███▀▀▀▄▄ ▀  
   ■▄▀█▄████▄▀▄▓▓▀ ▄▓▄                                  ▄▓▄ ▀▓▓▄▀▄████▄█▀▄■    
    ▐▌▐█████▌▐▓▓▌ ■ ▀             RIP NOTES              ▀ ■ ▐▓▓▌▐█████▌▐▌     
   ■▀▄█▀████▀▄▀▓█▄ ▀                                      ▀ ▄█▓▀▄▀████▀█▄▀■    
  ▄■▀  ░▓███   ■ ▀▀▀                                      ▀▀▀ ■   ███▓░  ▀■▄   
 ▐▌ ▄▄█▓██▄▄▄▄▄▄▄▄▄▄▄▄▄▄▄▄▄▄▄▄▄▄▄▄▄▄▄▄▄▄▄▄▄▄▄▄▄▄▄▄▄▄▄▄▄▄▄▄▄▄▄▄▄▄▄▄▄▄██▓█▄▄ ▐▌  

                                    Enjoy!

 ▀ ▄▄▀▀▀███▓▄▄▄▄▄▄▄█▀▀▀▀▀▀▀▀▀▀▀▀▀▀▀▀▀▀▀▀▀▀▀▀▀▀▀▀▀▀▀▀▀▀▀▀▀▀█▄▄▄▄▄▄▄▓███▀▀▀▄▄ ▀  
   ■▄▀█▄████▄▀▄▓▓▀ ▄▓▄                                  ▄▓▄ ▀▓▓▄▀▄████▄█▀▄■    
    ▐▌▐█████▌▐▓▓▌ ■ ▀         GROUP INFORMATION          ▀ ■ ▐▓▓▌▐█████▌▐▌     
   ■▀▄█▀████▀▄▀▓█▄ ▀   10 Years of the Force and still    ▀ ▄█▓▀▄▀████▀█▄▀■    
  ▄■▀  ░▓███   ■ ▀▀▀             going strong             ▀▀▀ ■   ███▓░  ▀■▄   
 ▐▌ ▄▄█▓██▄▄▄▄▄▄▄▄▄▄▄▄▄▄▄▄▄▄▄▄▄▄▄▄▄▄▄▄▄▄▄▄▄▄▄▄▄▄▄▄▄▄▄▄▄▄▄▄▄▄▄▄▄▄▄▄▄▄██▓█▄▄ ▐▌  

        What we are looking for:

        * gigabit euro sites for x264 only
        * Fios x264 rippers or cappers
        * Internal 100mbit 1tb+ dump sites for Exlusive group usage
▄                                                                             ▄
▀▀▀▀▀▀▀▀▀▀▀▀▀▀▀▀▀▀▀▀▀▀▀▀▀▀▀▀▀▀▀▀▀▀▀▀▀▀▀▀▀▀▀▀▀▀▀▀▀▀▀▀▀▀▀▀▀▀▀▀▀▀▀▀▀▀▀▀▀▀▀▀▀▀▀▀▀▀▀▀
