             \│/
            ──·──                                        ▄▄▄▄▄   ██▀
     \│/     /│\                                      ████████████▀
    ──·──                                          ▄███████████ ost
     /│\               \│/                     ▌▌▀▀████████▀west         \│/
                      ──·──    █             ▌▌  gemeinschaft           ──·──
                       /│\  ████████░      ▌▌                  ^         /│\
                           ██    ░█████▓ ▌▌▌                   ^
               ▄▓█████▄   ▄█▒   ▓░  ▓████▌  █████▓▄            ^
          ░▓██████   ██▒████░    ░███▒    ░░     ▓████▄        ^
      ▄▒█████      ▒█▓███░ ▓█████▓   ▒█████████▓░  ██░█▓       ^
    ▄███   ▓  ░                  ████████████████████  █      ██
   ▀██     ███████▒░         ▓██▒               ▓███████      ████▄
      ████░  ████████████████▓  ▓█████▄████████▄▄▄▄▄▄▄██▒▄▄   ██ ███
       ██    ░  ░████████████████▀▀▀▀█▄▄▄▄▄▄▄▄▄▄▄████████▀     █  ███▄
        ██    ░███  ▓████  █·░  █·  ██████████████████▓▀    ▄  ██   ███▄
        ▀██████▀     ████   ░     ▄ █████████               ███  █   ▓██
          ▓▓▓▓      ███▄█████▀▀▀▀▀  ▓▒████████              █ █   █    █
               ┌───███████▓▓█═══█░  ███████████            ▄█ ██   █   █
              ┌┘███████████░▒     ▒█████████████        ▄██▒█   ██ █   █
            ┌─┘█████████████████ ██████████████████  ▄████░██    ███   █
          ┌─┘█████████████▒ ░▒ ██▓   \ ███████████████ ██  ████       ██
          │███████▓███▒░    // ██  \\ \\  ░▓▓▓███░    ▓█  ██▓█████████████▄
          ██  █▓░▓▓█   // //// ██▓\  \\ \ \    ██░▒███   ██░███  ██▒     ██▄
         ███   ██  ██ / // / ██▓▓██████  \\\\ ▒████    ██  ██ ██   ░██░▒████■
        ███▓█▓  ██████ / //▓█▒███   ▓█▓██  \ ▒█████████▓ ██▓█▓  ██     ████▀
       ██░   ██░  █▓███ / █████       ▐░▓█  ▒██  █████████▓█ █▓  ▓█▓   ▓██▀
      ██    ██░████▒ ███  ▓██   ██████ ▐█░▓████  ████████ ██▓ ▒▓ ░▓██████▀
     ██   ██  ▒███▒  ██████▒   █▓▓ ▒███ ▐██▒  ██  ████░▓██ ░██    ░███ █▀
    ██ ▓██  ██▓███  ██  ▀█▀    █░   ███  ▀     █  ████▓  ███ ██████ █▓██
    ███▓ ▓█░ ░████  █          ▒███████        █   ██▓      █▓ ▒  █████▀
   ██▒█▒  ▒██████  ██        █  █   ██  █      ██  █████░  ▒  ██    ██▀
   ██████████████  █    ████ ████   ██▓██ ████  █  ███▓▒███▓ █░   ░████
   █   █████ ▓███ ██   ████████▓█   ██▒█▓▓█████  █  ████         ███  █▓
 ┌─█▓   ██  ▓██   █    █░ ▓██ ░ ▒   ▒░░░▓███  ▓▌ █  ████████████████  ██
 │██▓███▒▒▓▒▒███▓ █   ▓██░▒██▒▒░▒    ▒░▓▓██▓ ██▌ ██ █████████████▓██▒  ██
 │█    ▒▓▓█▓▓███  █ \  █████  █ ██  ██ █  █████   █  ████████████ █ █  ██
 │███▒       ▓██  █  \  ███  █████  █████  ███    █  ████████████ █ ██  ██
┌┘████▓▓▓▓██████  █   \      █  ██  ▓█  █      /  █  ████████████ █░▒█  ░█
│██▓█▓▒▒███ ███▓  █ \  \\ \     ██▓░██     ////// █  █████████████▓█ ██  ██
│███████    ███   █  \\\\\\\   ███▓█▓███  / ///   █   ████████████ █  █  ▒█
│███     █   ██   █   \\\\\\\  ██  ▓  ██ ///// // ██  ████████████ ░█ ██  █▓
│██   █    █  █   ██  \\\\\\\\ ██▓▓ ████ //////    █  ████████████▓ █▒ █  ▓█
│██  █   ███  ██   █ \ \\\\\ \  ███████  ///// /   █   ████████████ ██ █████▓
│██     ██     █   █  \\\                  /  /    █   ████████████ ███    ▓█
│██   ██   ██  ██  █ \   the german docuteers! //  ██  █████████████   ▓█████
│██ ███  ███   ██  █  \\ \                    / /   █   ███████████████▒    █
│████  ███     ██  █ \ \\\\   all for one,  /////// █   ████████████████████▀
│████ ██    █▓███  █  \ \  \\ one for all! / / //   █   ██████████████████▀
│▀███      ██████  █   \\                   / //   ▒█   █████████████▀▀
└─▀██████████  ██  ████████████████▄▄▄▄         ░░ ██   ███████████   ──────
   ████        █████▓▓▓▓▒▒░░  ▒▒░ ▒▓▓██████████▓▓▓████████████████  qomaascii.
   ███      ▄   █  ████████████████████████████████████▒██████████     2k13
   ▀██     ████▓▒▒▒▒▒   ░                            ▓▓███████──────────────────
    ██     █████████████████████████████████████████████████████████
    ███     █████████████████████████████████████████████████████████
    ████      ███████████████████████████████████████▄▄▄▄▄▄███████████
     ▀███       ██▄▄▄▄▄▄▄▄█████████████▄▄███████████░░░░░░░░███████████──┐
       ██████████░░░░░░░░░░░███████████░░██████████░  ░░░░░░░░███████████└┐
     ┌─████▄▄▄█░░░░░░░░   ░░░▄████████░░░░▄███████░  ░░░░░░░█████▄▄▄▄▄████└─┐
    ┌┘████▓▓▓▓▓▓▓▓▓▓▓░░░░░░░░░▄██████░░ ░░░██████░  ░░░░░░░████▓▓▓▓▓▓▓▓█████└─┐
   ┌┘███▓▓▓▓▓▓▓▓▓ ▓▓▓▓▓▓░░░░░░░█████░░  ░░░▄████░░░░░░░░░░██▓▓▓  ▓▓▓▓▓▓▓▓▓▓███│
   │███▓▓▓    ▓▓▓▓▓▓▓▓▓▓▓░░░░░░░███░░  ░░░░░███░░░░░░░░░░█▓▓    ▓▓▓▓▓▓▓▓▓▓▓▓▓██
  ┌┘██▓▓   ▓▓▓▓▓▓▓▓▓▓▓▓▓▓▓░░░░░░░█░░  ░░░░░░░█░░░░░░░░░░▓▓▓   ▓▓▓█████████▓▓▓▓█▄
 ┌┘██▓▓   ▓▓▓▓▓▓▓▓▓▓▓▓▓▓▓▓▓░░░░░░░░░░░░░░░░░░░░░░░░░░░░▓▓ ▓  ▓▓█████     ███████
 │██▓▓▓  ▓▓▓██████▓▓▓▓▓▓▓▓▓▓░░░░░░░░░░░░░░░░░░░░░░░░░░▓▓▓▓▓▓▓▓████         ████▀
 │█▓▓▓▓▓▓▓▓████   █▓▓▓▓▓▓▓▓▓░░░░░░░░░░░░░░░░░░░░░░░░░░▓▓▓▓▓▓▓▓███─────────────┐
 ││▓▓▓▓▓▓▓███      █▓▓▓▓▓▓▓▓░░░░░░░░░░░░░░░░░░░░░░░░░█▓▓▓▓▓▓▓██████████████████▄
 ││▓▓▓▓▓▓▓███      █▓▓▓▓▓▓▓▓▓░░░░░░░░░░░░░░░░░░░░░░░█▓▓▓▓▓▓▓▓██▓▓   ▓▓ ▓▓▓▓▓▓▓▓█
 ││▓▓▓▓▓▓▓███─┐    █▓▓▓▓▓▒▒▓░░░░░░░░░░██░░░░░░░░░░░░█▓▓▓▓▓▓▓▓▓█▓▓▓▓▓▓▓▓▓▓▓▓▓▓▓▓█
 └█▓▓▓▓▓▓▓████│   █▓▓▓▓▓▓▒▓▓█░░░░▒▒░░████░░░░░░░░░░░██▓▓▓▓▓▓▓▓██▓▓▓▓▓▓▓▓▓█▓▓▓▓▓█
  ▀█▓▓▓▓▓▓▓███████▓▓▓▓▒▒▓▓▓█░░░░▒▒▒░█████░░░░░░░░░░███▓▓▓▓▓▓▓▓▓███████████▓▓▓▓█▀
   ██▓▓▓▓▓▓▓▓███▓▓▓▓▓▓▒▒▓▓██░░░▒▒▒░███████░░░░░▒░░████▓▓▓▓▓▓▓▓▓▓███   ███▓▓▓▓██
    ██▓▓▓▓▓▓▓▓▓▓▓▓▓▓▓▒▒▓▓████░░▒▒░████  ███░░░▒▒░██████▓▓▓▓▓▓▓▓▓███████▓▓▒▓▓██▀
     ██▓▓▓▓▓▓▓▓▓▓▒▒▒▒▒▓▓▓██ █░░░░████    ██░░▒▒░████ ███▓▓▓▓▓▓▓▓▓▓▓▓▓▓▓▒▒▒▓███
  █    ██▓▓▓▓▓▓▒▒▒▒▒▒▓▓███▀ ██░░████       █░░░███     ███▓▓▓▓▓▓▒▒▒▒▒▒▒▒▓▓███▀
  ██    ▀███▓▓▓▓▓▓▓▓█████▀   ███▀          ██░████      ▀████▓▓▓▓▓▓▓▓▓▓█████
   ██      ▀██████████▀            ▒         ██▀            █████████████▀
    ██        ██████▀       ▒▒▒▒▒▒▒▒     ▒▒      \      ▒▒        ▀██▀        ██
     ██  /  /              ▒▒▒▒▒▒▒        ▒▒▒▒▒▒▒▒\      ▒▒▒▒▒▒▒▒▒           ██
      █// //  ▒▒▒▒▒▒▒         ▒▒          ▒▒▒▒▒▒  \\\      ▒▒▒▒▒▒▒▒         ██ 
      /██/      ▒▒▒                                \█\█                    ██
    // //██            █████        █████         ██\ \\██       \      ████
   /  /   ███       ████   ██████████   ███████████  \\ \█████    \  ████
 ██████     █████████                                \ \ \   ██████\\

    *                    
       *    Fast N' Loud (2012û ) 
 *                          
  * /  /  * Release.Date......: 27.08.2014
   / */     AirDate...........: 08.2014
* // //     Runtime...........: 44 Minutes 
  /  /      Genre.............: Documentary
// //  *    Codec.............: X264
            Resolution........: 1280 x 720
█████    *  Video.Bitrate ....: 3269 kbps  
█ * ██      Audio.Bitrate ....: AC3 5.1 DE 384 kbps 
 █████      

    *       Link..............: http://www.fernsehserien.de/fast-n-loud/     *     
*          *
  ████
 █    █      /                                      \ \ \ \  \    \ \\
 ██ * █    //     *      \│/            *        *   \ \ \ \  \████\ \\
  █████   /             ──·──                         \ \\ \ ██    █\\\\
        // /       *     /│\   *            *          \  \ ██   **  █\\\
       / //    *                                        \\ \█   ***   █\\\
      / //                      *   \│/                *  \ \   ***   █ \\\
     █████      *    *             ──·──         *         \██       ██   \\
    █  * ██                  *      /│\      *               ██     ██   █████ 
    █ *** █   *                                               ███████    █ * ██
    █    ██         *      *          *                *                  █████
    ██████                                  *          
                                                               \  █████
                 // // /   \ \   \             \\  \      \ \\  ██   █
              /// // //     \ \   \             \\  \ ██   \ \ ██ ** ██
            //   /  /        \ \\  \  █████      \\\██ ████ \\ █  **  █
          ███████  /          \\ \ ████   ██       \█ *   █   \██    █
         █      ██/             \ ██   *   █       ██ *** ██    █████
         █  OWG  ██               █   **   █        ██    ██
         ██  ***  ██              ███     ██         ██████
          ███      █                ███████
            █████ ██
                ███
