           ███▄░▓▓██▓████▄▄░▀█▀▄██▀ ▄███▄  ▌▓██▄ ▀███▀░▄▄████▓███▒░▄███         
        ░▄▓▓▓▒▀█▓███████▓███▒▓▐██▌░███▌▌█▐▄▓▓▓███ ▓█▓▒███▓█████████▀▒▓▓▓▄░      
        ▓▓█▓▓░░░▀█████▓▄██▀ ▄█▄▀██▄ ▀██▓██▀▀ ██▀ ▄███▄ ▀██▄▓██████░░░▓▓█▓▄░     
       ░▄▓█▓▓░░░█▓▀█▀▄██▀ ▄██▀█▄▄▀███▄████████▄███▀▄▀██▄ ▀██▄▀▓███░░░▓▓██▓▓▄    
       ▓▓██▓▓▒█░▀░░▓|██▓ ███▓ ▀███████▄██▀▀ ░███████ ▓███ ▓██|▓░██░█▒▓▓███▓▓    
     ░▓▓███▓▓░░░██▓░▄▀██▄ ▀██▄█▄███████▓▌  ▄███████▄▄██▀ ▄██▀▄▓███░░░▓▓███▓▄░   
   ░▄▓▓████▓▓░░░█████▄▄▀███▄██▐███████▀▓▓▄▐█▌█████████▄███▀▄▄█████░░░▓▓████▓▓▄░ 
   ▒▓▓█████▓▓▒░░▓▓██░▀███████░█ ▀█████  ▀▀██▓█████▀ ░███████▀░██▓▓░░▒▓▓█████▓▓▒ 
  ░▒▀▓████████▄░▓█▓███▄███████████▀▄█▀ ▀█▓█▀ ▀█▄▀██████████▄███▓█▓░▄████████▓▀▒░
  ▒▒░██████▓▓▓▀█▄▓▓▀██████████████████████████████████████████▀▓▓▄█▀▓▓▓██████░▒▒
  ▒▒▒▄█████▓▓▓░░▀█▓▓▒ ▀▀██████████████████████████████████▀▀ ▒▓▓█▀░░▓▓▓█████▄▒▒▒
  ▒▒▓▒█████▓▓▓░░▌██▓      ▀▀▀████████████████████████▀▀▀      ▓██▌░░▓▓▓█████▒▓▒▒
  ░▒▓░█████▓▓▓░░▄████▓       ▀▀████████████████████▀▀       ▓████▄░░▓▓▓█████░▓▒░
   ░▓▄█████▓▓▓░■▄████▓          ▀████████████████▀          ▓████▄■░▓▓▓█████▄▓░ 
   ▒▒▓█████▓▓▓░■██████▓           ██████████████▌          ▓██████■░▓▓▓█████▓▒▒ 
    ▒▓▒███████▄░███████▓          ██████████████          ▓███████░▄███████▒▓▒  
      ▀▒███▓▓▒▀███████████▄▄      ██████████████      ▄▄███████████▀▒▓▓███▒▀▒   
       ░███▓▓░░░████████████▓▄   ▄██████████████▄   ▄▓████████████▀░░▓▓███░     
       ░▒░█▓▓░░░████████████████████████████████████████▀░▒▀███████░░▓▓█░▒░     
     ▄▀░.▄█▓▓▒█░▀███████████████████████▀▄▀██████████████▄▄██████▀▀█▒▓▓█▄.░▀▄   
   ▄█ ▄▓▌▀█▓▓░░░█▀░▀█████████████████▀ ▄▓▓█▄ ▀█████████████████▀░▀█░░▓▓█▀ ▓▄ █▄ 
  ██  ▓   █▓▓░░░█▓▀▓▓▓██████████████▌ ▐▓▓███   ██████████████▒▒▀▀ █░░▓▓█   ▓ ▐██
  ▀██▄▀▓█▄█▓▓▒░░▓▒░░▒▒░▓▀▀▓█▓▓███████▄ ▀▓▓█▀ ▄██████████▒▒▒▄▄▀  ░▒░░▒▓▓█▄█▓▀▄██▀
    ▀██▄█▀▀███▄░▓  ▄▓▀▄ ▀▄▄▒░▒▀▀▓██████▄ ▀ ▄███████▒▒▒░▒▄██▀Gr!0s ░▄███▀▀█▄██▀  
      ██  █▓▓▓▀█▄ █   ▄▄▄  ▀▀▄ ▀▒░▒I▓▌███████▌█I▒▒▒▄▄▀            ▄▀▓▓▓█▌▐██▌   
    ▄██▀  █▓▓▓░░▀█▄▄▀▀  ░▓▄  ▌     ▀▒▒▒I▀▓█▓▒▒▒▀▄██▀    ▀▄▄░     █▀░▓▓▓█▄█▀██▄  
   ██▀    █▓▓▓░░▄▀ ▄  ▀      █              ▄▓▓▀▀       ▄░ ▀▓▄  █▌░░▓▓▓█▀   ▀██ 
   █    ░ █▓▓▓░█▐▀ ▀█    ▓▄▄░   ■          ▐▓▓▌        ▐▌   ▐▓  ▀▄░░▓▓▓█     ▐█▌
   ██▄   ▓▄▓▓▓░▓      ▀ ■▄░              █▄ ▀█▓▄        ▀▄▄▄▀▀    ■░▓▓▓▄    ▄██ 
    ▀██ ▄▀█▓▓▓░░▌ 2oo9           ▄▓▓▀▀   ▀██  █▓▓▄              █▌░░▓▓▓█   ██▀  
      █ ▓ █▓▓▓░░▄    ▄▄        ▄█▓▓▄      ▐█▌ ▐█▓▓▌    ▄▓       ▀▄░░▓▓▓█   █▌   
    ▄██▀█▓▄▓▓▓░■█ ▄██▀ ■       ▓▓▓█▓▄    ▄██ ▄█▓▓▀  ▄▄█▓  ██▄    █■░▓▓▓▄▓█▀██▄  
   ██▀   ▀▀███▄░  ▓▓█▐         ▓▓███▓▓   ██▄██▓▓▄▄████▓▌ ▄▐███   ▀░▄███▀▀   ▀██ 
   █      █▓▓▒▀█ ▀ ▀█░▄█   ▄▄ ████████   ▀█████████▓▓▓██  ████   ▄█▀▒▓▓█     ▐█ 
   ██▄    █▓▓░░░██▐█████   ▓▓▄▀███████    ▄███▀░ ▀███▓▀  ████▀ ██▀░░░▓▓█    ▄██ 
  ██▓██▄  █▓▓░░░██▀█████   ▐▓▓█████ ████  ████    ▓████▄ ▓████   █░░░▓▓█  ▄██▓█ 
  █████████▓▓▓░░███▐███▄   ▓▓█▀░▒▀  ▒████ ████  ░█▀░▒▀██▓░▓████  ▀░█▒▓▓███████▀ 
  █████▓█████▓░░██░▓████▌ ▓▓███▄▄█ ░░▒████ ████ ░██▄▄███ ██░░██  █░░██████▓███  
  ████▓░▓███▓▓░██▒░▓████▌ ▓▓██████  ░▒█████████ ▓▓██████ ███ ░▀▄ ████░███▓░▓█   
   ███▀▓███▓▓▓░▓█████████ ▓▓███████ ▒██████████ ▓░░▓▓██  █████ ▐█████████▀▓     
    ▀██████▓▓▓░░ ████ ███  ▓███████████████████  ▓▓████  █████ ████████▀        
     ▀█████▓▓▓░░█████ ▓███  ███▓██████████▀███    ████  ▓█████▓████▀▓▓▓█        
     ▓████▄▓▓▓░■█████ ▓███ ███ ▓█████████  ███   ████  ▓▓█████▓██▀░░▓▓▓█▄       
     ▓████▀███▄░█████   ██ ███ ▓█████████  ████████    ▓▓█████ ██|░░▓▓▓▄▀       
     ▓▓████▓▓▒▀█ ████   █████  ▓█████████  ███ ████    ▓▓█████  █▄░░▓▓▓██▓      
     ▓████████▄  ███    ████▄  ▓███ ██████ ███ ███████  ██████   █■░▓▓▓███▓     
     ▓▓████████▄ ██▀▓▓▄ ████▓▓ ▓██  ░█████ ████ ████▓██▓█████▀   █░▄███████     
     ▓██████████████▄▓█ ████▓▓ ▓██  ▒░█████████  ███▓▓███████    ▄█▀▒▓▓███▓     
     █▓████▀███████▓▓█▀ ███▓▓▀ ███  ░░████████▓█   ██████████   █▀░░░▓▓████     
     ██████▓▓▓████▓▓█   ██▓▓▓  ████ ▒▒██████████     █▀▀▀▀▀▄▄▄██▓█░ ▒▓███▓      
     ▓█████▓▓▓▒▀▌▓▓█▄   ███▓▀  ██████▒█████ ███▓▓▄    ▀▓███░██▀ ░█░░░███        
     ▓▓████▓▓▓░  ▒▓▓█▄  ██▌▀  ▒▓▒█████████ ▄████▓▓     ▐██░░██▄  █░█████▄▀▀▄    
   ▀▀▀█████▓▓▓░██▓▒▓███ ▀██▄  ▒▓▓▓▓██████  ▀▓████▓█    █▀█████▌  ███████▀▄▄ █   
  ▀▓███████▓▓▓░▓█▓▓██▓    ▀██ ▄▀▓▓▀▀▀▄▄░     ▒▀████    ▄████▄██ ██████▓██▓██▓█  
   ▐███████▓▓▒ ██▀ ░▓█▓▄   ▐█      ■▄░ ▀ ▌     ▐██  ▄▄█▓▀  ▀█▓██████▒▓▓█░▓▓▓█   
  ▄█▀█████▌▓▓░░███▄▄████  ▄██   ▄█ ▐▌   ▐▄ ▄▄ ▄▀▀   █▓▀     ▀████▀░█▒▓▓██▓██    
   ▄████▄▀▀▓▓░░▓███████▓     ▄█▓▓▀  ▀▄▄▄▀░▒▓▀▓▓▄▄    ▄ ▀▄ ▀▄▄    █░░░▓▓█▀█▓▄    
      ▀▓▓▄ ▓▓▒░▄▓▓▄▒▀▌       ██▓▌  ▀█▄ ░  ░▒  ▀▓▓   █   ▄▄▄  ▀▀▄ █░░░▓▓█  ▓▓    
        ▄▀█▓▓▓░░▐█▓▀██        ▀██▄▄ ░ ▀▀▄▄ ░   ▐▓   ▄▄▀▀  ░ ▄  ▌▐▓░░▒▓▓█▄▓▓▀    
        █▄█▓▓▓░░▄▀ ▀▌█           ▀▀█▓▄▄  ▀█▄  ▄▓▓ ▄▀ ▄  ▀  ▀  ▄▀ ▓░▄███▀▀       
        ███▓▓▓░■█    ▀█▄   PROUDLY   ▀▀█▓▄██▌▓▀  █▐  ▀█   ░ ▀▀   ▄█▀▓▓▓█        
         ▀████▄░▀ ▒▄▄   ▀▀▄▄             █ █     █▄              ▀░░▓▓▓█        
          █▓▓▒▀█▄  ▀▀█▒▄▄  ▀█▄   ▄▄▀      ███    ▀█   PRESENTS  ▐▄█▓▄▄▓█        
          █▓▓░░░▀█    █▓▓▒▀█▄ ▄██▀ ■▄      ███▄   ▀▄            █▌░░▓▓▓█▀▄      
          █▓▓░░░█▓            ▓▓█▐   ▒ ■    ▀█ █▄▄  ▀▀▀▀▄       ▀▄░░▓▓▓█ ▓      
         ▄█▓▓▒█░▀     ▄        ▀█░▄▒▀▌  ▀▄▄   ▀▀██      ▌██      █■░▓▓▓▄▀  ▀▀▓▓▄
      ▄▓▓▀█▓▓▒░░█   ██▌                   ▀▀█▄▄▄  ▀    ▄████     ▀░▄███▀     ▄▓▓
      █▓  █▓▓▒▒░█  ████▄                      ▀▀███▄▄████▀▀      ▄█▀▒▓▓█    ▄▓█▀
      ▀▓▓▄█▓▓▒▒░▓   ▀▀████▄▄                                    █▀░░░▓▓█  ▄▓▓█  
         ▀████▄░▓                                                █░░░▓▓█  ▓▓█▄  
          █    The.Sopranos.S06E13.iNTERNAL.MULTi.BDRip.x264-HYBRiS    █  ▀▓▓█▄ 
        ▄▀█▓▀▀▀▀▄                                                ▄▀▀▀▀▓███▄▄▓▓██
        █ █▓▓▓░░ █                                              █░░░░▓▓█▓█████▓▀
         ██▓▓▓░░▀         RELEASE DATE   : 12/08/2015            ▀░░▒▓▓███▀ ░▀▓▓
   ▀▄▄░   ████▄░▄         SOURCE         : BluRay                ▓░▄███▀███▄▄██▓
   ▄░ ▀▓▄ █▓▓▒▀▒▄         DUREE          : 00:51:44.769          ▄░░▓▓▓█▓█████▀▀
  ▐▌   ▐▓ █▓▓░░░█         RiPPER         : HYBRiS               █▌░░▓▓▓█▄▓▓▀▄▄▄▀
   ▀▄▄▄▀▀ █▓▓░░░█                                               ▀▄░░▓▓▓█▄▓█     
   ▐▌     █▓▓▒░░█                                                 ■░▓▓▓▄▀▀      
          █▓▓▓░ █      CODEC      : x264       FRAMES   : 23.976  ▄█▓▓▓█        
        ▄██▓▓▓░ ▓  ▄▒  RESOLUTiON : 720x404    A.RATiO  : 16:9    ░ ▒▓▓█        
        ▓ █▓▓░░ ▓ █▐   BiTRATE    : 1 157 Kbps ENCODiNG : CRF     ░░▒▓▓█        
        ▓██▓▓░■▄▓▀ ▀▓█▐                                           █▄▀▓▓█        
         ▀█▓▒░▄ ▀▒▄░▀    AUDiO       : FR AAC 154 Kbps 2.0      ▄▀░▒▓▓▓█        
          █▓▓▀▒▄░▄▄█▄▄▀                EN AAC 132 Kbps 2.0     █  ░▒▓▓▓█        
          █▀▄██▄█▓▀███   SUBS        : FR_Forced FR EN_SDH     ▀▄▄█▓▓▓▓█        
          █▓░███▓▀▀███   ARCHiVES    : 38 * 15 Mo      ▀▄▄      ▄█░▒▒▀▄█        
          █▓████▓ ▐██▀   SiZE        : 535 Mo         ▄■ ▀██▄ ▄█▀ ░░▒▓▓▀        
          █▓▓████▄█▀▄▄                               ▒   ▐█▓▓ █▓▄ ░░▒▓▓▐        
          █▓▓▀███▀█████                              ▌▀▒▄░█▀   ▀▀█▄▄▓▄██        
          █▒▒░▒▀█  ▀▀▀█ ▄▀▀▄ █   ▄▀▀▄ ▄▀▀▄ ▄▀▀  ▄▀▀  ▄ ▀▓█░▄▄▀▄▓▓▀▄▀▓█▀▄        
          █▓▒▒▓░▄▌▀░▄▄▀░█▀▀▄░█  ░█▀▀▄░█▀▀█░▀▀█▄░█▀▄▄▄▒▀▀▀▀      ▐▄█▓▄▄▓█        
     ▄▀   █▓▓▓░░▐█ ▀   ▀ ▀▀   ▀▀  ▀▀ ▀   ▀ ▀▀  ▀ ▀▀  ▀          █▌░░▓▓▓█▀▄      
    █▓    █▓▓▓░░▄▀                                              ▀▄░░▓▓▓█ ▓      
   ▐▓▀    █▓▓▓░■█                     LiEN :                     █■░▓▓▓▄▓█      
   █▌   ▄█████▄░▀      http://www.imdb.com/title/tt0141842/      ▀░▄███▀▀       
  ▓█  ▄█▀ █▓▓▒▀█▄                     NOTE :                     ▄█▀▒▓▓█        
  ██  █▓▄ █▓▓░░░▀█                                              █▀░░░▓▓█        
  ██▌  ▀▀██▓▓░░░█▓                                               █░░░▓▓█        
  █▓▌     █▓▓▒█░▀             ▄▄▀                    ▄▄▀ ▄▀ ▄    ▀░█▒▓▓█▄       
  ▓██     █▓▓▒░░█     ▓▓▀▀ ▄██▀ ■▄                ▄▀▀  ▄▄▄   █   █░░░▓▓█▀█▓▄    
  ▐██▌▄▀▀▄█▓▓▒▒░█    ▓▓▌   ▓▓█▐   ▒       ▄      ▐▌  ▄ ░  ▀▀▄▄   █░░░▓▓█  ▓▓    
   ▐██ ▄▄▀█▓▓▒▒░▓    ▀█▓█   ▀█░▄▒▀▌      ▀▓▀▀     ▀▄  ▀  ▀  ▄ ▀▄ ▓░░▒▓▓█▄▓▓▀    
    █▓██▓█████▄░▓      █▓▓▄  ░█▓▀                   ▀      █▀  ▐█▓░▄███▀▀       
     █▓▓▓░█▓▓▓▀█▄      ▀▀█████▀    GREETS             ▀▄▄■▀      ▀░░▓▓▓█  ▀▄▄░  
      ██▓██▓▓▓░░▐█                                               █░░▓▓▓█  ▄░ ▀▓▄
         ▀█▓▓▓░░▄▀   ██▄    UKDHD    UNSKiLLED   ██              ▀░░▓▓▓█ ▐▌   ▐▓
          █▓▓▒▀▒█    ▐███▄                     ▄████             ██▀▒▓▓█  ▀▄▄▄▀▀
          █▓▓░░░▀    ████▀                 ▄▄████▀▀              █░░░▓▓█  ▐▌    
          █▓▓░░░█  ▄████▓░   ▀▄▄░                                ▓░░░▓▓█        
          █▓▓▒▒░█  █▓████▄   ▄░ ▀▓▄                   ▄ ▀▄ ▀▄▄   ▓░▒▒▓▓█▄       
          █▓▓░░░█▀▄ █▓████  ▐▌   ▐▓                  █   ▄▄▄  ▀▀▄ ░░░▓▓█▀█▓▄    
          █▓▓░░░█ ▓  █░░▀    ▀▄▄▄▀▀                  ▄▄▀▀  ▒ ▄  ▌ ░░░▓▓█▐█▓▓    
          █▄▀▄▄░ ▓█  ▐██▀    ▐▌                  ▀ ▄▀ ▄  ■■■▀  ▄▀ ░▄▄▀▄███▀     
          ▀▀▓▓▀▀▀▀   ░██▒  █▄  ▄ ▄▀▀             ▐ ██ ▀█    ▄▀▀   ▀▀▓▓▀▀▀       
          ▄▀▓█▀█▀▒▄░ ▐██▓  █ ▀▄▓ █▄▄            ▄▓  █   ▀■ ▀     ▄█▀█▓▀▄        
          █▓▄▄▓░▀▀▐█▓▓██▓ ▄▀▄▒▄▀░█░ ▄▀▀▄     ▄▄█▓   ▀███▄▄▄▄███▀▀▒░▓▄▄▓█        
          █▓▓▒▒░     ▀▀█▀▀      ▀▀▀▄█░░▓   ████▓▌ ▄▒▄▄▄▒▀▀▀       ░▒▒▓▓█        
          █▓▓▒░░                     ▀▀▄▄█▓█▓▓▓█▀▀                ░░▒▓▓█        
          █▀▄▒▒░                                                  ░▒▒▓▓██▄      
          █▓▓▒░░Dans la mythologie grecque,Hybris est une divinite░░▒▓▓█ ▀█▄    
          █▓▓▒░░        allegorique personnifiant la hybris       ░░▒▓▓█ ▄▓█    
          █▓▓▓▒ notion grecque que l'on peut traduire par demesure░▒▓▓▓██▀      
          █▓▓▓▒C'est un sentiment violent inspire par les passions░▒▓▓▓█        
          █▓▓▓▓█                                                  █▓▓▓▓█        
          █▓▓▓░░    ▄▄▀                                           ▄▀▓▓▓█▄       
          █▓▓░░░▄▄██▀ ■▄           ▐            ▄▄▀         ▀▄▄  ■░░▓▓▓█ █▄     
         ▄█▓▓░░▄▓▓▓█▐   ▒ ▄■      ▄▓    ▓▓▀▀ ▄██▀             ▀██▄░░░▓▓█▄▓█     
       ▄██▀█▄▀▀▄▄▀▀█░▄▒▀▌▒     ▄▄█▓    ▓▓▌   ▓▓█▐    ascii Art ▐█▓▓▄░░▓▓▄▄▀     
       ▓▓█▐ ▄▄▄▀▀▄▄░█▓▀ ▄▌▀▒ ████▓▌    ▀█▓█   ▀█░▄▒▀    ▄▄ ▀▒▄░█▀▀▄▄▀▀▄█▀██▄    
        ▀███▄▄▄▄▀▀▐███▓▓▄▄▄▀▓█▓▓▓█▀▀█▄   █▓▓▄  ░█▓▀    ▐█▓▌ ▀▓█░▄▄▀▀▄▄▄ ▐█▓▓    
           ▀▀▀▀▀▀▄▄▄▌  ▀▀▀▀▀▀▀█▓▓   ▐█   ▀▀█████▀     ▄██▀▄▓▓███▐▀▀▄▄▄▄███▀     
        ▀▓▓▄    ▀▀▐███▓▓▄▄▄▄       ▄██▀ ▀▓▓    ░▄▄▄▄▄██▀ ▀▀▀     ▄▀▀▀▀▀▀        
         ▄▓▓▄       ■▄░ ▀ ▌       ██▀    ▐▓▄██▓▓▓▀▀▀ █▌     ▓  by GortoS        
        ▄▓█▀     ▄█ ▐▌   ▐▄ ▄▄ ▄  █▌     ▀▀▀▌▓██▄▄   ██▄  ▄▀    ▐     ▄ ░▄▒▀    
       ▓▓█▀   ▄█▓▓▀  ▀▄▄▄▀░▒▓▀▓▓▄ ██▄ ▄▄ ▄▄▓▓▀▀ ▀▄▄░   ██▐▌    ▄▓▄▄▄█▀  █▐      
       ▓█▄    ██▓▌  ▀█▄ ░  ░▒  ▀▓▓ ▀██▐▌▓▓▓▓▌   ▄░ ▀▓▄ ▐█▌▀ ▄▄█▓ ▀▀▀     ▀▓▄    
       ▓▓█▄    ▀██▄▄ ░ ▀▀▄▄ ░   ▐▓  ▐█▌▀▀ ▀█▓▄ ▐▌   ▐▓ ██ ████▓▌    ▄      ▒    
       ▓▓███      ▀▀█▓▄▄  ▀█▄  ▄▓▓▄▄██      █▓▓ ▀▄▄▄▀▀ ██▓█▓▓▓█▀▀    ▒ ░▄▒▀     
       ██▓██      ▄   ▀▀█▓▄██▌▓▀            ▐█▓▓▌▀▓▀ ▄▓█▓▓ ▓▓▓██ ░▄▒▀  █▐▄      
         ▀▒    ▄▄█▓          ▄▓            ▄█▓▓▀  ▄▄█▓  ▀█▄ ▀██▄ █▐▄▄   ▀▓▄     
       ▒▄░   ████▓▌       ▄▄█▓ ▀█▒   ▐█▓▄  █▓▓▄▄████▓▌ ▄  ▀▀   ▀▀   ▀█░▄▒▀      
        ▐█▓▀▓█▓▓▓█▀▀    ████▓▌   ▌▀▒▄░█▀█████████▓▓▓██  ▒           ▐██▐ ░▄▒    
          ▀▄▄  ▀▀▀███▓▓▓█▓▓▓█▀▀▄▀  ▀▓█░▀▐███▀░ ▀███▓▀  ▀        ▌▄▄███▀▀▓█▐     
            ▀▀▓▓▄▄▄▄▄ ▀▀▀▀▀▓██▀         ██▓██▄▄███▓█   ▄▄▄▄▄▓▓███▀▀▀  ▄▄▀       
                   ▄▄▄█▓▀▀▀▀▀             ▀▀█████▓█▀   ▓▀▀▀▀▀ ▄▄▄▄▄▓▓▀▀         
                                                                               →
