                                                ░                             
                                       ▓           ░                          
                                      ▓   ▄▒███▄▄                             
                                 ░       ▄█▒▒█▓███▒   ░                       
                                        ▐█        █▄                          
                       ░   ▄░███░       ▓█ ▄██▒   ▒█                          
                          ███▓█░░█     ▐██▓   █    █▄       ░                 
                         █░       █   ▄█▓     █     ██                        
                        ▐█        ░█  ▒░░▓▓▓▒▓   ██  ██▄          ░           
                        █░ ▄▒▓██ ░▒█▌ █▓        ███  ▄█████▄▒                 
                        █░▒    █  █▓█ ██      ░████▄█      ▒██                
                        █  ░▒▓ ░  █ ██ ███░████████░ ▒▒░     ██▄              
                        █▒       ░██▒█▒  ▒█████████▒░  ██     █░              
                        █        ███ ░█▌    ██████ ▒░▓░█      ░█▄             
                    ░   █▒      ████  ▓█     ███▓           █▒ ██             
                        ▀██▄ ▒█████    ██     ██          ▒██   ██   ░        
                           ███████▓█  █▓█     ███      ▄█████   ▒██           
                           ░███████   ███    ▐█ ████████████     ███          
                   ░        ███░▀     ▒██    █▌   ▒██████████    ▒██          
                            ▓██        ██░  ▐█        ██ ███▒     ███▄▄▄      
                             ██        ███  █▌       ▐██  ▀████░  ███▓███▄    
                             ▐██       ░██ ██        ████░     ▄███     ███  ▓
                              █  ▄░█████████░       ▐████   ▒██▀▀ ░█     ██   
           ░      ▒          █▒ ░▓▒    █▒██████▄    ████   █▀▀▓   ░█     ██▌  
                            ██ ▄███▒░    ▓██▒█████▒████    █▄  ▒▓     ██ ██▌  
  ▒          ▄▒███   ▓      █ ▐▒      ░█▒░ ▒██▒  ▀████      █▄      ▒███ ▒█░  
         ▄▄██▀░█░██░       ▐█ ▌              ░██   ████     ▒██▒███████   ██  
      ░███▀   █  ░██       ▐█   ▄▄█████░▄▄     ▒█▄  ▀▒██    ████▓█████▓   ███ 
  ▄██████     █  ▒██       ██  ▐█  ▌   ▌███▓     ▒▄   ███  ████  ████      ██▌
▄█▀    ██   ▄▄▌  ███       ██▒ ▓   ▌   ▌   ██▄    █▒▄  ▀░▓████ ▓█ ░█████▒█████
█▒░     ██▀▀▀   ███        ██  █   ▓   ▓  ▐  ██    ███░   ██████     ▒▒▒█████ 
█              ███   ░    ▐██  ░█▄██▒▒██ ▐█ ▄███    ███▌   ▀░██        ░████  
█ █          ████         ██▒    ▒██████████████▒   ▒███      ▀█      ░████   
██        ▒█████         ▐██  █░ ▓███████████████    ███       ▀█    █████    
▐█░        ██████        ██▒  █  █████████████████    ██▌       ▀█  █████     
 ██       ████████     ▄███  ▒█ ▐█████████████████▌   ██▌        ███████      
  █▌  ▒████▀▀ █████  █████░  ██ ▐█████████▀▀▀██████   ▐██        ██████    ▒  
  ▐█          █████▒██████ ░██▒ ███▀▀▓▓▓▓▓▓▓▒██████   ▐██▒      ▐█████▌       
   █▌      ▄██▀ ███████▓    ██ █▓▓▓▓▓▒▒▒▒▒██▄██████    ███      ▐█████        
   ▐█      ▒     ███▀       ██▓█▒▒▒▒▒▄████████████░    ███     ▒█████▌        
   ▐█▌            ██      ▓▀██▒▒███████▀▒▒▒▒▒█████     ██▌    ░██████         
░   ██           ▄█     ███▀▓▓▓██▀▒▒▒▒▒▒▒▓▓▓▓▓▓██░    ▓██      █████     ▒    
    ██░          █    ██████▓▓▓▓▓▓▓▓▓▓▓▓▓▒▄██████     █       ▐████▌          
     ███             █▓ ▀█████▄▓▒▒▒▄▄▄██████████     ▐        ▒████           
     ▒███            █  █  ████████████████████               ▒███▌           
 ▓    ████    █░      ██   ░██████████████████                ████   ░        
       ████   █▄       █▒▓█  ████████████████░               ▒███             
        ████   ▀░░░    ▒ ▀▄ █ ░█▀ ███████████                ███▌   ^SunZero  
         ▀███▒  █ ▒    █   ▀▄  █░  █ ▀██████░                ███      '09     
   ▀▄      ███ ▒░██░   ░▒▒   ▀▀█▄  ▒  █ ▀█ █   ▓            ████              
     ▌      ▀██ ▓ ▓█▄░          ▀▀██ ░█░ ██   █░           ▓███▌   ▓          
     ▐       ███ ██ ▒██▄            ▀█████   ██▌           ████▌              
    █▀  ░     ████ █▒▒███████▄▄▄▄▄          ███     █▄    █████               
   ██          ████░░░▓ █████████████▄▄▄▄▄ ████░   ▓ █ ░  █████     ░         
  ██▀  ▀▄       ███▒▓▒ █░ ░ ███████████████████ ░▒█░███  ███████              
 ██▀    ▄ ▓  ░   ███  ████░   ████  ▒█████████ █░██░█   ▓████████             
██▀   ▄█          ████░▒ ██▓▒ ▓▓██▒  ░ █▒▒██▓▒ █ █░    ████ ▒██████▄▄         
█▓   ▄█   ░        ▀███▓  ▓█▒▓██▒█░ ▒▒ █░██░ █ ░█     ████    █████████▄▄     
██▓  ▀██▓ ░░░░       ████░ ░ █ █ █ ███▓████▓██▓     ░████      ▓▒██████████▄  
 ██▄  ▀███▄   ░       ▀██████▓▄     ▓████▀       ▄▄████░           ▀▒████████ 
  ███  ▓█▀██▒   ░        █████████░   ███████████████                  ░▓█████
   ▀▀█  ▓█▓▀██            ▀▀████████▄   ░▒███████▒▓                       ▀███
     ▀█  ▐█▓███         ░    ▀██████████  ░▒░░▒███░                         ░▓
          █▌▓█▄█      ▓        ████████ ▓█░▒▓███▒                           ░▒
    ██▓ ▄███▓▓███      ▀▀▀▀▄     ▀█████▄ ▒██  ▓█████▒                        ▒
   ████████▓▓▓▓██▌  ▓▄████▄▄        ▀████  ███  █████▄                       ▒
  ███████████▄▓██▌ ██▀█▓▓████   ▌   ▄  ███  ░██░    ░▒░  ░█░▄                ▒
  ████ ▀▀█████▓██▄██▀█▓▓▀ ░░██ █   █    ████  ████░        ▒██▄   ░           
 ████ ▐█▄  ▀███████▄▀██▓▌    ▀█   ▐█▄░   ▀███▄  ▀█████▓░     ▀██   ██▄       █
 ████ █████▄▄ ▀▀▀████▄██▄▄█▓  ▒    ████    ░████  █▓▄               ░███▓▄  ██
████ ▐█████████▄  ▐█████████▀       ▀███     ▀███▒ ████████░           ▒██▓░█ 
███  ████████████ ▐█▀ █████████▄▄    ░▄██      ▀███    ██▒  ██▒       ██▒░ ▒██
██  █████▀██████  ██    ▀▀█████████▄▒██░██       ▀██▒    ██    ▓     ▄▓█████  
██ █████   ▀████ ██▌ ██▄▄▄  ███████████▄░██░       ▀██▄   ██▓       ▐████████ 
█ ▐██████▄   ██  ██ ███████   ███▀█████████▄▄▒    ▓  ███    ▒█      ██████████
  █████████  █  ██ ▐████████  ██    ▀▀▀█████████▄▓    ████   ▓█   ░██████████ 
▄  █████████   ██▌ ████  ███ ▐█▌   ██▄  ▀███████████▄  ▀▓███  ▒█ ▓██░ ▀▀█████░
██   ████████  ██ █████ ████ ██   █████   █████████████▄▄  ▀███▓██▀▓██▄  ▒██▄ 
███   ███████ ██▌▐████  ██▀  █▌  ███████  █▀▀   ▀▀▀████████▄     █  ████   ▒██
█████  █████  ██ █████ ██▀  ██  ███▀████  █ ██████▄ ▀▀████████▄▄    ░▒  ▒█    
██████▐████  ██  ████  ██ ▐██  ████  ███ ██ ████████  ▀████████░██▄       ██  
██████████  ██▌ ████      ███ ████  ▐██  █ ▐████▀████  █▀  ▀████▒█████▄▄▄██ █ 
█████████▌ ██▌ ████   █  ███  ███   ▐█▌ ██ ████▌  ███  █ █▄   ▀███████████▄▄ █
 ████████ ███ █████  ██ ███▀ ███▄   ██  ██ ████  ▐███ ▐█ ████▄▄  ▀███████████ 
▄▄   ███  ██ ▐████  ██  ██▀ ███████▄█▌ ██ ▐███   ████ ▐█ ███████▄  █ ▀████████
████  ▄▄▄██  █████████ ██▀ ██████████▌▐██ █████ ███▀  █▌ ████████▌ █ ▄▄▄  ▀███
██████████  █████████  █▀ █████ █████ ██  ███████▄   ▐█▌▐█████████ █ █████▄ ▀█
▓██████████▄▄ ▀▀▀███  █▀ █████  ▐███  ██ █████████▌  ▐█ ▐███▀████▌ █ ███████ █
▓██████▓████████  ▀  ██ █████   ███▌ ██  █████████▌  ██ ████  ▀██ ██ ███████▌█
 ██▓▀██▀███████████ ██▌▐████   ████▌██  █████ ▐████  █▌ █████  ▀▀ ██▐███ ███▌█
 ▐█▌ █ ▐███▓██████████▄  ▀█   █████ ██ █████   ████▌▐█▌▐███████  ▐█ ▐███  ██▌█
 ██▌█▌ ▐██▓█▀ ███▀███████▄▄    ████ █ ▐████   █████▌██ █████████ ▐█ ████  ██▌█
 ██ █▌ ██▓█▌████    ▀█████████▄▄ ▀ ▄█ █████  █████▌ ██ ███▀  ██  ▐█ ███▌  ▐█▌█
 ██ █  ██▓█ ██▄        ▀▀███████████ ▐████  ▐█████  █ ▐████      ██ ███    █▌█
 ██ █   ██▓▓▓▀▀███▄        ▀█████████▄▄      █████ ██ ██████▄ █ ██ ▐███   ██▌█
  ██▓█   ███▓▓▓▓▓▓███▄▒  █▄  ▄███████████▄▄▄    ▀▀▐█  █████████ █  ███▌  ▐██▌█
   ████  ░▀███████▓ ████  ▀███░▓▓▀ ▀███████████▄▄▄█  ██████████ █ ████▌  ███ █
    ▀▀██▄░▄▄  ▀▀▀▀█▓███     ▀▀▀▀     ▀██████████████ ▀▀▀███████ █ ████  ▐███ █
  ░    ▀▀█▀     ▄████    ▄▓▓▄         ▓███████▀████████   ▀▀▀  ▐█▐███▀ ████ ▐█
  ░  ▄█▀▄   ▄▄█████▀  ▄▄██    ░     ▄████▓▒░███▄▓███▓█████▄▄▄▄ █ ▐████████ ▐██
  ░▄██    ███▓▀▀▀   ▄███░     ░ ▄▄█████░░█▄▄▄▓▓████▀ ▀██████████ ▀▀███████ ███
  ██▀    ██▀       ██▀▀   ▄▄ ▄██▀ ▄▄▄██▀▀▀▀█▄██▀▀       ▀▀████████▄  ▀▀▀  ▄██ 
 ████     ▀▀█▄ ▄  ██▌  ▄▓▀ ▄▄▄███▀▀▀  ▄▄█▀▀▀ ▄▄ ▄ ░          ▀▀██████████████ 
  ████▄ ▄██▄    ▄███  ▐▐▄███▓▓▀    ▄▓▓▀   ▄█▀     ░   ▄▄▄▄▄▄      ▀▀▀███████  
   ██▀███▄▄▀█ ███████  ▐███▓▓▌    ▐▓█▌   ▀█▄      ░████▓▓▓█████▄▄      ▀▀▀▀   
    ██▄▀██████▀▄█▀████  ▀███▓▓     ▀▀█▄    ██▄  ▄████▓▀▀▓▓▓▀███████▄▄         
   ███▀▀░▓▓▓▓▓██ ██▄ ██▄  ▀▀██▓▄   ▄▄   ▀   ▀████▀▀            ▀▓▓▓███▓ ▀
  ███ ███████▀█▄   █▄▄▀███▄     ▀▀  ▀█▄        ▀     ▀ ▀▒▄ ▄▓▄    ▓▓▓███  ▀▄
 ███ █████▓ ▀▀███  ░ ███▀▀███▄▄  ▄▄▄████░▒▄▄▄▄   ▄▄████▄▄▓  ▀   ▄  ▀▓▓███▄ ▀█
▐██▌████░     ▄███ ▀   ▀▀█████████▀▀▀▄████████████████▀▓▄      ▀▒▀   ▓▓███▀ █▌
██████▓▓  ▀▄█████▀           ▀▀▀▀▀▀████████▄▄▄░▀▀▀▀▀▀██████▄▄   ▄▄▄▓▓▓███▀ ▄█
██▄▄███      ▀▀▀                          ▀▀▀▀▀▀▀████▄▄▄█▄▀▀▀▀▀▀███████▀  ▓██
█▓██▓█▌                                             ▀▀▀▀▀████████▀▀▀▀ ▄▄█▓█▀ 
█▓██▓█                                                         ▄▄▄███▀▀▀▀▀   
█░██░█   SCARED proudly presents:                
█ ██ █                                           
█ ██ █   Thrasher - Scorchin Summer         
█ ██ █                                           
█ ██ █   Rls.Date....: 13.08.2010                
█ ██ █                                           
█ ██ █   Video.......:                           
█ ██ █
█ ██ █   Genre.......: Skateboarding                          
█ ██ █   Bitrate.....: 1319 kbps                 
█ ██ █   Resolution..: 576 x 432                                   
█ ██ █                                           
█ ██ █   Audio.......:                           
█ ██ █                                           
█ ██ █   Codec.......: mp3 vbr                   
█ ██ █   Bitrate.....: 148 kbps                  
█ ██ █   Channels....: 2                         
█ ██ █   Samplingrate: 48 khz                    
█ ██ █                                           
█ ██ █   Runtime.....: 33 mins.                  
█ ██ █                                           
█ ██ █   Link........: http://tinyurl.com/22oxbwj
█ ██ █                                           
█ ██ █   Contact.....: find us on IRC            
█ ██ █                                                                       
█ ██ █   
█ ██ █   
█ ██ █                                  
█ ██ █   Notes....: Think you can help? 
█ ██ █   
█ ██ █   
█ ██ █                                          
█ ██ █  
█ ██ █   
█ ██ █   
█ ██ █   
█ ██ █
█ ██ █
█ ██ █
█ ██ █
█ ██ █
█ ██ █ 
█ ██ █                                                     
█ ██ █                We are looking for a nice affilsite  
█ ██ █                                                     
█ ██ █                        outside .de .fr              
█ ██ █                                                     
█ ██ █                                                     
█ ██ █                                                     
█ ██ █                                                     
█ ██ █                 If you like this video - go skate!  
█ ██ █                                                     
█ ██ █                                                     
█ ██ █                                                  
█ ██ █                
█ ██ █                                                                 
█ ██ █▌     ▄▄▄▄                                                              
█ ██ █▌  ▄▄██▓███▓▓▄▄▄██▓▓ █▀▀▀ █▓██ █▓██ ███▄ ████ ▓██▄ ▀▓▓█████████▄▄▄▄     
█ ██ █▌ ██▄█▄▄██████████▓  ▓▓▓▓ █    █  █ █▄▄▓ ▓▄   █  █▌  ▓██▓██▀▀▒░░████░   
█ ██ █▌██▒██▀  ▀█▀▀████▓█▄ ▄▄▄█ █▓██ █▀▀█ █ ▀▄ ▓▄▄▄▐█▄█▀ ▄▓██████████▄▄▀████  
█ ██ ███░██     ▄                                                 ▀▀███████   
█ ██ ██░██ ▄▒▄ ▀▓▀                   ▄█▄          ▄█  ▐█▄            ▓███▀    
█ ██ █▄██   ▀      ▄               ▄█▀▄▀          ▌ █ █ ▐          ▄███▀      
█ ██ ███  ▄█▀ ▀  ▄█▐░            ▄▀ ▄█▀           █▌▐▄▌▐█       █   ████      
█ ██ ██▌▄█▓▀    ▐▀░▐            ▐▌  ▀█▀▀▀▀▀▓      ▐▄▀▀█▀▌      ▐▌█   █████▄   
█ ██ █▒███▀    ▐▀░ █ ▄░         █   ▄▄▄▄▄█▀▀       ▓█▀▌░█     ▐█▓▀█   ▀▓████▄ 
█ ██ ████  ░█ ▓█ ░░█▌▌▌        ▄██  ▐▄▄▄▌          ▀█▄ █      █▌▓▒▀█     ▀▀██ 
█ ██ ███▌  █ ▌▌▒ ▒░▐▀ ▐      ▄█▓ ██ █▀ ▄█           ▐▓▀▌    ▄█▀▓▓▒▒▀█       █ 
█ ██ ███   ▐▌▀▄ ▒▒▒▓  █     ▐█░░██▀▀██▀▀            ▐▓▓▌  ▄█▀▓▓▓▒▓▓▓▀█  ▄░▄ █ 
█░██░███   ██ ▒ ░░▒ ░ ▀█░  ▐█ ▐▀▀                   ▐▓▐▌▄█▓▓▓▒▒▒▒▓▓▓▓▀█  ▀  ▓ 
█▓██▓██▌   ░█░ ▒ ░░░░▒░▀█▄██ ░▌                      █▄█▀▓▓▒▓▐▄▓▓▓▓▓▓▓▀█    ▄ 
█▓██▓██  ░ █▌░    ▄ ░ ▄   ▀██▄█▄                    █▀▓▓▓▒▒▒▐██▓▓▄ ▓▓▓▓▀█     
██▀▀███   ██░▒  ░▐██ ██▌   ░░░ █▄▄                 █▀▓▒▒▓▒▓ ██▌▓██▌▓▓▓ ▓█▌    
███████  ▐█░▒░░  ▐██▌▐█▌  ▄▄ ░░▒ █▄               ▐▌▓▄██▓▓▓▓▓▀▓▐██▌▓▓▓▓▓▐▌    
███████▌ █░▀ ░░  ▓█▀ ▀▀ ░ ▄ ▀ ░░  █▄              █▓▓▒█ ▀▄▄▓▓▓▓▓█▀▓▓▓▓▓▓▓█    
███████▌ ▌░   ░   ▄ ░▒░░ ▄▀▌    ░ ░█▌            ▐▓▓▒▒▐▄▄ ▀█▄▄▄▓▓▓▓▓▓▓▓▓▐█    
████████▐█▒ ▀ ░░ ▐▄▄  ▄▄▀░▄▌ ░  ░ ░▒█    ▄▄▄     █▓▒▒▓▓████▄▄ ▀▀▄▄▄▓▓▓▓▓▐█    
████████ ██ ▐  ░ ▌▀▄▀▀▀  ▄▀  ░▒░░ ░██  ▐█▓▓▄█▄   ▐█▒▓▓▓▓███▀░▀█▄▄ █▄█▓▓▓▐▌    
▐████████ ▀█ █▄     ▀▄▄▀▀  ░░▒▒░ ░░█▌  █▓▓▓▓▓█▌   █▒▓▓▓▓▀█▄▒░░▒███ ██▒▒▓█▌▄█  
▐███████████▄▒█▄ ▄█▄  ░░░░░░░░░ ▒░█▀   █░▓▓▓▓██   ▐█▄▓▓▓▓▓▓▀█▄█████▀▒▄▄▒█ █   
 █████████ ▀█▄ ██▀ ▀█▄ ▒ ▄▄██▄   ███▄▄▐█▓░▓▓▓██    ▄██▓▓▓▓▓▓▓▓▀▓▓▓▓▒▐▓▓█▀▐██  
  ▀████████▄░▀█▀   ▌ ▀█░▀█▄░░█▄ ██░░░░████▓▓▓██   ▄█▓▓█▓▓▓▓▓█▄▄▓▓▓▓▓▒▐▓▓▄ ▀██ 
   ▓██████████▀█▄ ▌▀▌▌█░░▀██░░████▀▀███▓█▓▓▓██   ▐█▓▓███▓▓▓█▓▓█▄▓█▓▓▓█▀▓▄█▄ █▌
   ▓███████████ ██▐ ████▄████░ ███▀▀▀▀▀▀▀▀▀▀▀▀▀▀██▓▓█▌▄ ▀▀▀█▓▓█▒ ▄▄▄█▀█ ▌▌▀▌▐█
   █████████▀▀▀▀█▀▀█▀ ▄▄▄▄  █░▄█▄  ██▀▀▀▀▀▀▀▀███ █▀██ ████ ▌▓▓███▀▄ ▀▄▐ ▌█▀▀ █
    ████▀██████████████████ ▐█▓▓██▄ ██████████ ▄█▒▀▄█▌ ██  ██▄█ ████ █▀█▀ ▄███
 ▄   ▀███ ▀████▀██▓██▀████▌ ██▄▄█▒█▄ ████████▌▐▌▒▒▒▒▓█ ██ █▀▄▄█▌ ███▄▄▄ ▄██▀░█
▀░▀  ▄▄██▀   ▀██████▓▓▓███ ██▓▓▓▓▓▐█ ████████▌█▒▒▒▒▒▄█ █▌▐█▒▒▒▒█▌▐████████░░██
    ███▓        ▀▀▀███▓▓▀█ █▓▓▓▓▓▓▓█ █████▄██▌▀█▄▒▒▓▌ ▄█▌█▒▒▒▒▒▒█▐███████░░██▌
   ▒█▀      ▄▓▄     ▀█████▌▐█▓▓▓▓▓▓█ ██████ ██▄▄ ▀▀▀ ███▌██▒▒▒▒██▐█████▄▀▄███ 
   ████▄ ▄   ▀     ▄███▀███ ██▓▓▓▄██ ██▄▀███ ███████████▄ ▀█▒▒▒█ ▐█▀▓██████▀  
    ▀▀██▀  ▄    ▄▄███  ████▄ ▀████▀ ▄████  ██  ▀████████▀█▄ ▀▀▀ ▄██▓███▀▀   ▄ 
   ▄         ▄▄████   ███████▄▄▄▄ ▄███▀ ▄▄█▄███▄  ▀████ ▀██████████▓█▀        
           ▄███▀▀▀  ██████▄▄▄██████████   ▀██████▓   ▀██ ▐████████▄███▄  ▄░▄  
    ▄▒▄   ███ ▄▄██████▀▀▄██▄██▀  ▀▀█░███▄   ▀███████▒   ▄██▌ ██████████   ▀   
     ▀   ██ █████▀▀▀   ██▓▀▀        ▀▓████▄    ▀▀█████ ████   ████████▒       
     ▄  ██▀██▓▓▓     ▄██▓   SunZero   ▓▒████  ▀  ▄▄███████    ▄███████▌       
       ██ ██▓▓    ▄  ▀██▄     2oo9     ▓███    ▄████ ███   ▄████▓ ▀████  ▄    
      ▐████▓▓    ▀▓▀   ▀███▄        ▄▄███▀    ██ █▓▓██    ██▓▀   ▄████   ▓    
      ▐█▀█▓▓▀       the   ▀▀▀ ▀  ▄▄████▀  ▄  ██▒█▓███▄▄▄   ███  ████▀    ▄    
       ███▓▓    ▀ comeback   ▄▄█████▀▀   ▀▒▀  ████▓▓██████▄▄ ▀█ ▀████▓ ▄██    
        ███▓▓▓▄     ;>    ▄▄██▄██▀▓▓   ░         ▀▓▓▓▓▓▓█████  ▀  ▀█████▀     
         ▀████▓▓      ▄  ███▀███▓▓     ▀   ▀       ▀  ▒▓▓▓▒███ ▄▒▄            
             ██████▄   ▄▄ ▀██▄▄▀█▓▓   ▄█  ▄█▄  ▀  ▄▄▄▄█▓▓▓███▌  ▀             
               ▀▀▀███▀▀▀    ▀▀██████▄█▀    ▀███▄▀▓▓▓▓▓▓██████                 
                                ▀▀▀          ▀▀▀████████▀▀▀
