                                                                   
           ░                                                                ░░
         ░▓▒        ██                 ░     ░   ░                       ░   ▓▒░
      ░░     ░██▓ ▒█████▓▓▒░ ▒██░    ▒███▒░ ░██  ██  ░▓██░    █████ ░▒▓███▓      ░░
     ░░    ░██▓█████   ███  ██░▓██░ ░█▒ ░██  █▓  ██  ██ ░██▒ ██░████░ ██▓▒██▒    ░▒
      ░ ░  ▓██   ▓██   ██▓  ██  ▓█░ ░█▒  ██ ░█▒  ██  ██  ░█░ ██ █▒ █▓ ██▒  ░███▒░
           ▓██   ███   ██▓  ██░▓██░ ▒█▓     ░██████  ████ ░     █▓ ▓▒ ██▓   ██▒
           ▓██   ███   ██▓  ██▓▓██  ░█▒      █▓░ ██  ██ ░▒      ██    █████  █▓
           ███   ██▓   ██▒  █▓  ██  ░█▒  █▓  █▒  ██  ██  ░█     ██    ██▓░██
           ██▓   ██▓   ██▒  ██  ██  ▒██  ██ ░█▓  ██  ██░ ░█▒    ██    ▓██  ░░
           ██▓   ██▒   ██▒ ░██ ░██░ ░░▓██▓░▒▒█▓▓▒██▒ ░▒████▒   ▒██    ▓██   ▓▒
       ▒▒▒▓██▒   ██▒  ░██▒  ▒          ▒░░█▒ █▒░█▓ ░▒   ▒▓      ▓█░   ▓██   ███▓▒▒
       ░▓█▓██░  ░▓▒▒░░ ░░    ░▓██▓▒░   █░██ ▒█▓░▓▓▓▓█▓▒▒░░░░░░░    ░▒▒███   ▒██▓▓░
           ██▒▓██▒░            ░     ░░▓▓▓▓█▓▓▓████ ░   ░░     ░ ░   ░░▒███░▒██
          ░████░      ░░   ░░░░░░░▒▓▓▓▓▓▒▓▓▓░▒ ████ ▒ ░▓██░      ░       ░█████
         ▒███░  ░█▓░░░         ░▒▓▓▓▓▒▒▒░▓▓░▒░▓░▒▒▒▓▓▓▓▓▒░        ░░░░▒█▒   ███▓░
       ░   ░▒  ░▒▒░        ░▓███▓▒░    ▒░▓▒▓ ░░▒█░▒   ░░▒███▓▒        ░▒▒▒   ▓   ░
      ░                 ▓███▒          █▒▒▒▓  ▒▓▓▒▓         ▒███▓░                ░
      ░             ▒████░  ░▒██▒▒░░░░ ░ ▒▒█▒░▒▓     ░░▒░██▓░  ░▓███▒░         ░  ░
       ░░░    ░░▒▓███▒░     ░░░░░ ░    ▓▒██▓▒▒▒██▒░     ░░░░░      ▒███▓▒░░░   ░░░░
         ░░░░▒▒▒▒▒                     ▓▒█▓ ▒▒░▒█▓▒                    ░▒▒▒▒░░░░
                                       ▒▒██ ▒▓░▓█▓▓
                                       ▒▒███  ███▓▓
                                       ▒▓███  ███▒▓
                                      ▓▒███▓▒▒▒██▓▓░
                                     ▒▒▓██▒ ▓▓░░████░
                                    ██░█▓▓▓▓▓▓▒▓▒▓█▓██
                                   ██▒▓▒▒▒▒▒▓▒▒▒▒░▒▒▒██░
                                  ░▓░░░░▒█▓▓▓▓▓██▓▒▒▒▓░▓
                              ██████▒██▓░▓▒░███████▓▒▒░
                         ░░▓▓▓▓▒░▒███   ▒▒   ██░     ░▒▒▓██▓▒░
                     ░▒▓▓▒░   ░░  ▒▓█░   ░   ▓██░  ▒▒░░░░  ░▒▓██▓▒░
                  ▒██▓▒   ░▓██████▒▒▒▓▓█▓▒    ░██  █████░       ░▓██▓▒
               ▓██▓░   ▒███████████████▒░█▒   ▒█  █████             ░▒█▓▒
            ░▓█▓        ██████▓▓███████░▓▓ ░▓▓░ ░██████          ▒▓░    ▒▓▓░
          ░█▓░          ████▓▓█▒░█████ ▓▓   █░░█████████        ▒█████▓░  ░██
        ▓█            ▓████░▓▓░▓████░▒█  ░ █ ░███████████▓▓▒▓████████████  █▒
       ▓▓  ▒        ░███████▓▓██████░▒▓▒░▒  ▓░░██████████████████████████  █▒
      ▒█  ███▒   ░▓██████▒▓██████████▓░▓██▓  ▒▒▓██████████████▓▒▒▒▒▒▒▒▒▒▒▒▒█▒
      █▓ ████████████████▓ ███▓████████▓▒██▒▒▓░▓██████████████▒ ▓░░░░▒▒▒▒░░█▒
      █▒ █████████████████▒ ██▒ ▓████████ ███░▓███████████████▓ █  ▓       █▓
      █▒ ███████░░█████████  ██  ▓██████▒░█▓░█████████████████▓ ▓░ ██▓    ██▓
      █░ ██████  ██████████ ░███ ▒██████ █▒░███████████████████ ▒▒ ████▒ ███▓
      █░ █████▓  █████████  ▒██░ ▒█████░▓▓░████████████████████░░▒ █▒ ███████
      █▒ █████▓  ████████░   ██  ▒█████▒▓░█████████████████████░░▒ █   ▓██▓░█
      █▒ █████   ▒███████▒    ██▒███▒███▓██████████████████████▒░▓      ▓█  █
      █▒ ▓███░  ▒█████████▒    █████▓ ░████████████████████████▓ ░▒▒░       ▓▓
      █░ ▓ █░  █████████████░   ▒█████  ▒███████████████████████▓▒░░▒▓░    ░▓█▓
      █░▒▒    ██ ▓███████████░    ░▒▓██  ▓█████████████████████████▓░░▒▒░ ██▒ ▒█
      █░ █▒ ▓█░ ░█████████████▒░        ▒▓▒███████████████████████████▒▓▒▒▓▓█▓ ▒█
     ▒█▓ ▓▒  ██ ███████████████████░     ░▒ ░████████████████████████████▓▒▓███░ ░█▒
    ▒█▓▒▒███░ ░█████▓█▓█▓▓▓▓▓▓▓███████         ▒░      ░░░     ░████████████████▓▓ ▓▓
   ▒█▓  ░▓░░ ▒ ░▓░░          ░      ░ ▓░     ░▓▓ ▒▒▓▒▓░▒▒░░▒▓▓░  ░██████████████████▒▒▒
  ▒███▒▒░░ ▒▒ ▒░ █ ███▒░░▒█▒ ░▓▓░██▓░███       ░██ ██▒▓░█ ░▒░░▒██   ██████████████░▓█▒ ▒█
  ▒▓▒▒▒▒█████▓▓   ░█▓▓░  ░▓▓░░   ▓█▓███░         ▓▓▒▒░ ░ ▒▒  ▒████░ ░█████████████░██▓█ ▓█
        ░█████░░░▒▓▒░▒░▒▒░░▒▓▒▒░▒▒░▒███     ▒▓▓▒  ▒▓░  ░░░▒   ██▒▓██░░ ████████████▒░░░▒░░█▒
       ░▓████▓ ▒▓▓▒▓▓▒ ░░░░▒▒▓▒░░▒█░ ▒█▒░   ░█▓█▒▓▒   ░▒░░  ▒░███████░░ ▓███▓▓▒░  ░░░▒▓█▓▓▒
      ▒█████▓ ▒▒▓▒░░▒░░░░░░▒▒░▒░ ░▒░░░░▒▓██▓▓▓░ ░▒░   ▓▒    ░▒░ ▒░  ░█▒  ░░   ░░▒▓███▓▒
     ▓████▓▓▒▒▒▒▒▒░▒▒░▓▓██▓▓▒▒▓▒░  ▒░░░▒▒▓▒░░ ▓▓░▒▒▓▒░░░░▒░░    ░▒░▒▒▓█▓░▒▒▓▓█▒▓█▓
    ▓████▒▒▒▓▒░░░▒▓▓▓██████▒ ░▒▒▓▓▓▒▓▓▓▒░░░░▒█▒░░░▒▒▒▓▓▓▓▒▒▒▓█░███░ ▒  ▓▓▓▒░▒  ░█
      ░█▓▒░░░░░░▒▓▓  ██▓██▓█ ░█░   ░▒▒▒▓██▓▒░▒░  ▒ ░░░▓▓▒▒▒░░  ▒▓░░▓▓▒░░░  ▒▒▒▒██
      ▓█▒▒▒▒▒▒▓▒░░░ ███▒██▓██ ░   ░ ░   ░░░▓█▓░░▒▒▓▓▒░░░▒▒▒▒▒░ ▒▒▒▓▒▓▓▓▒▒▓███▓▓█▓
      █▒▒▒▒▒▒▒ ░░ ▒███▓ ▒█▓█  ░▓▒▒ ░         ▓▓░░ ░░░▒░░▒▓▓█▓▓██▓███▒░▒▒▒▒▓██░ ▒█
     ░█▓▒▒░▒▒░█▓█▒ ▒█░  ░██▒ ▒▓░█▒███▓▓▓▒░▓█▒  ░▒   █▓▒░  ░░▒ ░█▓░░▓▒▒▓░█▓█▓   █▒
      ▒█▒█▓▓▒░▓█░▒▒  ▒█  ▓▓  ▓  ▓ ▒ ▒░█▓▓█▓▒█▓      ▓▓       ▓  ░ ░▓    ▓▓▓░  █▒
        ░░    ▒▓ ░░░░██     ░░ ░ ░░  ██   ▒░ ▓█▓▒░   ▒    ▒▓  █▓░░█  ░ ▓██▓▓ ░▓▓
              ░█    ░░█▓ ▓ ░░ ░  ░░   ██       █▓███▓▒▒   ▓▓ ▓▓░ █▒▓▓░  ▓█▓▒  ░█
             █▒▒░▓▓▒▓  ░▓ ██ ▓▓ ▒░░▒░░█▒    ▒░▒▒▒▓███    ▒█ ░█▒ █▓█▒▒  ▒█    ▓▒
            ░█░▒▒▒▓░░░ ▓▒█░░▓▒▒▓▓▓█ ░▓ █▒        ▒█▓█     ▒▓ █░ ▓█▓█▒  ░▒ ░▓▒░
            ░▒▒ ▒ ▓  ▓░ ░▓  █░ █░ █░ ▓▒ █         ░░█░    ▓█▒  ▒██▒  ░██ ░█░
            ▒▒▓▓█▓▓█ ██ ░█░▒▒▓█░▒▒█▒▒▓▒▓          ░░█▒    █▓▓  ███   ▒▒▒ █░
                ▓▒▓ █░▓▒▓  ▒  ░  ░     ▓      ░     █▓   ░▓░  ▓▓█▒  ░▒█ ▒▓
                       ▒▒              ▓            ▓▓  ▓▓    ▓▓▓░   ░ ▒░
                                       ▓      ▓░    ▒█▒▓░░ ░▓▓██░   ░ ▒
                                       ▓░     ▓     ▒█▒    ███▓▒░░   █░
                                      ░▓░     ▒     ░██▒▒ ▒░▓▒░░░░  ░█
                              ░ ██▒▓█▒█▒     ▓█ ░   ████████▒▒▒▒░  ▓
                          ░▒ █▒▓▓▒ ░▒██▓     ▒█░▓█▒ █▓▒████▒ ▓█▒  ▓░
                         ▓▓█▒██░░░░█▓ ░█▓      ███▓▓██    █        █░
                        ▓██▓▒▓▒ ░▒▒░▒▒██▓ ▒▓▒░ █░░ ░▓▒░  ▓▓▒       ░▓▓█
                       ▒▓░░░█▒░████▓██▓▒██▓▒░█▓█   ▓  ▓▒▓░        ░  █▓
                       █░░▒ ▓  ▓█▓ ▓██░ ██   ▓  ░░▓░   ░░   ░░ ▒▒▒░ █░
                       ▒█░▓░▓ ░▓█  ▒▓█ ▒ ░▒░▒    ░▒         ▒█▒▒▒▒▒▓░
                        █▒░▓ ▓▒░░  ▒░▓░▓  ▒▓░            ░▓▒▒▒▒▒▒░
                         ▓▒░ ░▒ ▒█▒░░▒▒    ▒      ░████▒▒█▒▒░▒░
                        ░▒█  ▒░ ░▒▒  ▒▒     ░▒▓▓███▒▒█░
                      ░▒░░  ░▒░ ░▒   ░    ░█▒▓▓██▓▒  █░
                    ░▓▓      ▒░          ▒█  ▓▒██▓░  █
                   ░█▓░░░░░  ░ ▒▒░      ▓█░    █▒▒  ▓█
                    ░░░▒█████   ░▓▓ ░░░▓█ ▒    ▓▒░ ░█▒
                          ░ ▒▓▓█▒▓██▓▒▒▒▓ ░    ▓░  ░█
                               ░▒      █      ▒  ░▒▒
  ▓▄                                   █       ░▒█░▄▓
 ▐▓▓▄      ▄▄▄▄▄▄                      █ ░     ░▓▒              ▄▄▄▄▄▄      ▄█▓▌
  ▀█▓▓▓▄▄▄░░▒▒▓████▄                   █      ░▓▒            ▄█▓██▓▒░░░▄▄▄█▓▓▓▀
   ▀█▓▓▒░▒▒░░░▒▒▓██▓▓▄                 ▓▓     ▓▓          ▄██▓██▓▓▓░▒▒▒▒▒▒▓▓▀
      ▀▓▓▒░░▒▒▒░░░▒▓███▓▄              ▓░    ▓▓         ▄▓▓███▓▓▓░░▒▒▒░░▓▓▀
         ▀▀▓░░░▒▒▒░▒▓▓▓███▄            ▓░   █▓        ▄█████▓▓▓░▓▒▒░░▓▀▀
   ▄       ▄   ▀▓░▒░▒▓▓▓▓███▄          ▒▒░░▓▒       ▄▓▓███▓▓▒▓░░░▓▀▄       ▄
 ▄▓         ▓▄     ▀▓▒▓▓▓▓▓███▄        ░█▒█░      ▄▓████▓▓▓▒░░▓▀ ▄▓         ▓▄
▐▓▌         ▐▓▌      ░▒▓▓▓▓▓▓██▓▓▄      ▓░      ▄▓▓████▓▓▓▓░░░  ▐▓▌         ▐▓▌
▐▓▒ ▄▄▓▓▓▄▄ ▒▓▌        ▒▒▓▓▓▓▓█▓▒░▒▓█▓██▓███▓▒░▓▓█▓▓▓▓▓░░       ▐▓▒ ▄▄▓▓▓▄▄ ▒▓▌
 ▒░▓█▓█▒█▓█▓░▒          ▓▒▒▓▓▓▓▓▒▒▓███▓█▓██▓█▓▒░▒▓▓▓▓▓░          ▒░▓█▓█▒█▓█▓░▒
 ░▒▓▓▓▒░▒▓▓▓▒░           ▀▓▒▓▓▓▒░▒█▓█▓██▒█▓███▓▓▒▒▓▓▓░           ░▒▓▓▓▒░▒▓▓▓▒░
 ▓▓▒▀▒▒▓▒▒▀▒▓▓             ░▒▓▒░▒▓█▓▓▓█▒░▒█▓█▓██▓░▒░             ▓▓▒▀▒▒▓▒▒▀▒▓▓
 ▐▌    ▄    ▐▌              ░▒░▒▓███████▒██▓▓▓██▓▒░              ▐▌    ▄    ▐▌
  ▒▄ ▄▓▀▓▄ ▄▒                ░░▓█▀▀▀▀▀▀███▀▀▀▀███▓░               ▒▄ ▄▓▀▓▄ ▄▒
   ▀▓▓▌░▐▓▓▀         ▄▄▄▄▄   ▐▓▀       ░▓░      ▀▓▌   ▄▄▄▄▄        ▀▓▓▌░▐▓▓▀
     █▄▀▄█     ▄▄▓▓▓▓▓▓▒▓▒▒░▒▒▌         ▄        ▐▒▒░▒▒▓▒▓▓▓▓▓▄▄▄    █▄▀▄█
     ■■▀■■   ▒▓▓▓▒▒▒▒▒▒▒▓▒░░▒░        ░▓▀▓░       ░▒░░▒▓▒▒▒▒▒▒▓▓▓▓▒  ■■▀■■
          ▄▓▒▒▒▒▒░░░░░░░▒░░░▒▄       ░▓ ░ ▓░      ▄▒░░░▒░░░░░░▒▒▒▒▒▒▓▄
        ░░░░░░░             ▐▒▓     ▄▒▌ ░ ▐▒▄    ▓▒▌             ░░░░░░░
 ▄   ▒▒▒▒▒▒                 ▐▓▓████▀█▓  ▒  ▓█▀███▓▓▌                ▒▒▒▒▒▒   ▄
 ▀▓▒▓▒▒▓▀                   █▓▓▀▀▀▀ █▓  ▓  ▓█  ▀▀▓▓█                   ▀▓▒▒▓▓▀
  ▐▓▌                    ▀▀        ▓█▀▀▀▀▀▀▀█▓       ▀▀                   ▐▓▌
   ▓█▄ ▀▄                            ░▒▒▓▓░░                          ▄▀ ▄█▓
   ▐▓███▓█▄                                                         ▄█▓███▓▌
    ▀█████▓▌                   MHT Proudly Presents                ▐▓█████▀
       ▀▀███▄▄▄▄▄▄▄▄                                         ▄▄▄▄▄▄███▀▀
      ▄▄███▀▀▀▀▀▀▀▀▀▓▓▓▓▓▄▄▄▄▄         ▄▓▓▄        ▄▄▄▄▄▓▓▓▓▓▀▀▀▀▀▀▀▀██▄▄
   ▄█████▓▌             ▀▀▀▀▀▀▓▓▓▓▓▓▄▄▄ ▀▀ ▄▄▄▓▓▓▓▓▀▀▀▀▀            ▐▓█████▄
  ▐▓███▓█▀                          ▀▀▀████▀▀▀                       ▀█▓███▓▌
  ▓█▀ ▄▀ ▄                                 ▄▄▄                       ▄ ▀▄ ▀█▓
 ▐▓▌    ▀▓▀                       ▄       ▐█▌ █                     ▀▓▀    ▐▓▌
 ▓█    ▄                         ▄▄ ▄▄▄▄▄ ██▄ ▄▄▄▄▄                    ▄    █▓
 ▓▌ ▄▄█▌                        ▐▓▌▐▓▌▐█▌▐▓▌ ▐▓▌▐█▌                    ▐█▄▄ ▐▓
 ▐▓████                         ▓█ ▓█ ██ ▓█  ▓█▄██                      ████▓▌
  ▀ ▀█▌                        ▄▄▄▄▄▄▄▄▄▄▄▄▄▄▄▄▄▄                       ▐█▀ ▀
  ▓▄██                                                                   ██▄▓
  ▓█▀▄▄  ▌ Snowden.2016.MULTi.COMPLETE.BLURAY-MHT                       ▄▄▀█▓
 ▐▓▌▐█▌  ▌ Title ---------: Snowden (2016)                              ▐█▌▐▓▌
 ▐▀▄██   ▌ Region --------: REGiON B                                     ██▄▀▌
 ▄███▌   ▌ Format --------: iSO                                          ▐███▄
 ▀███▌   ▌ Size ----------: 33.9 GB                                      ▐███▀
 ▐▄▀██   ▌ Runtime -------: 02:15:06.681 (h:m:s.ms)                      ██▀▄▌
 ▐▓▌▐█▌  ▌ Aspects -------: 1920x1080 @ 23.976 fps                      ▐█▌▐▓▌
  ▓█▄▀▀  ▌ Video Bitrate -: 23984 kbps                                  ▀▀▄█▓
  ▓███   ▌ Rip Date ------: 26/03/2017                                   ███▓
  ▀ ▀█▌  ▌ Audio Lang ----: iTA/ENG [DTS-HD]                            ▐█▀ ▀
  ▓▄███  ▌ Video ---------: UNTOUCHED                                   ███▄▓
 ▐▓████▌ ▌ Subtitles -----: iTA                                        ▐████▓▌
 ▓▌ ▀▀█▌                                                               ▐█▀▀ ▐▓
 ▓█    ▀                                                               ▀    █▓
 ▐▓▌    ▄▓▄                                                         ▄▓▄    ▐▓▌
  ▓█▄ ▀▄ ▀                                                           ▀ ▄▀ ▄█▓
  ▐▓███▓█▄                         ▄▄▄████▄▄▄                        ▄█▓███▓▌
   ▀█████▓▌             ▄▄▄▄▄▓▓▓▓▓▓▀▀▀    ▀▀▀▓▓▓▓▓▄▄▄▄▄             ▐▓█████▀
      ▀▀███▄▄▄▄▄▄▄▄▓▓▓▓▓▀▀▀▀▀                     ▀▀▀▀▀▓▓▓▓▓▄▄▄▄▄▄▄▄███▀▀
     ▄▄███▀▀▀▀▀▀▀▀▀▓▓▓▓▓▄▄▄▄▄          ▀▀         ▄▄▄▄▄▓▓▓▓▓▀▀▀▀▀▀▀▀▀███▄▄
  ▄█████▓▌              ▀▀▀▀▀▓▓▓▓▓▓▄▄▄    ▄▄▄▓▓▓▓▓▀▀▀▀▀              ▐▓█████▄
 ▐▓███▓█▀                          ▀▀▀████▀▀▀                         ▀█▓███▓▌
 ▓█▀▄▄▀                                           ▐▓▀▄                  ▀▄▄▀█▓
▐▓▌▐█▌                    ▄▄▄▄▄ ▄▄▄▄▄ ▄▄██▄ ▄▄▄▄▄ ▓█▄▄▄                  ▐█▌▐▓▌
▀▀▄██                    ▐▓▌▐█▌▐▓▌▐█▌  ▐▓▌ ▐▓▄▄█▌▄▄ ▐█▌                   ██▄▀▀
▄███▌                    ▓█ ██ ▓█▄██   ▓█  ▓█▄▄  ▓█▄██                    ▐███▄
████                    ▄▄▄▄▄▄▄▄▄▄▄▄▄▄▄▄▄▄▄▄▄▄▄▄▄▄▄▄▄                      ████
████                                                                       ████
████                                                                       ████
████   ▌ iMDb -----: http://www.imdb.com/title/tt3774114/                  ████
████   ▌ Genre ----: Biography, Drama, Thriller                            ████
████   ▌ Rate -----: 7,3/10                                                ████
████                                                                       ████
████                                                                       ████
████                                                                       ████
████                                                                       ████
▐▓███▓█▄                           ▄▄▄████▄▄▄                          ▄█▓███▓▌
   ▀█████▓▌             ▄▄▄▄▄▓▓▓▓▓▓▀▀▀    ▀▀▀▓▓▓▓▓▄▄▄▄▄              ▐▓█████▀
      ▀▀███▄▄▄▄▄▄▄▄▓▓▓▓▓▀▀▀▀▀                     ▀▀▀▀▀▓▓▓▓▓▄▄▄▄▄▄▄▄███▀▀
     ▄▄███▀▀▀▀▀▀▀▀▀▓▓▓▓▓▄▄▄▄▄          ▀▀         ▄▄▄▄▄▓▓▓▓▓▀▀▀▀▀▀▀▀▀███▄▄
  ▄█████▓▌              ▀▀▀▀▀▓▓▓▓▓▓▄▄▄    ▄▄▄▓▓▓▓▓▀▀▀▀▀               ▐▓█████▄
▐▓███▓█▀                           ▀▀▀████▀▀▀                          ▀█▓███▓▌
████                                                                       ████
████      Ti Hanno Detto Che La Scena Era Defunta? Ma Nell'Acciaio         ████
████   Batte Ancora Un Cuore Come Gundam, Come Cassano A Questa Scena      ████
████    Do Una Giunta, Il Flow Miete Come Un MACHETE Nella Giungla.        ████
████   Si Allunga Come Dalsim La Lista Degli Scazzi,e' proporzionale       ████
▀███▌ ai traguardi,e Se Mi Chiedi"Fra Quanti Anni Farai, Il Salto Avanti" ▐███▀
▄▄▀██                So Che Forse Non Lo Faro MAi!                        ██▀▄▄
▐▓▌▐█▌                                                                   ▐█▌▐▓▌
 ▓█▄▀▀▄                                                                 ▄▀▀▄█▓
 ▐▓███▓█▄                          ▄▄▄████▄▄▄                         ▄█▓███▓▌
  ▀█████▓▌              ▄▄▄▄▄▓▓▓▓▓▓▀▀▀    ▀▀▀▓▓▓▓▓▄▄▄▄▄              ▐▓█████▀
     ▀▀███▄▄▄▄▄▄▄▄▄▓▓▓▓▓▀▀▀▀▀          ▄▄         ▀▀▀▀▀▓▓▓▓▓▄▄▄▄▄▄▄▄▄███▀▀
          ▀▀▀▀▀▀▀▀▀      ▄▄▄▄███████▄▄▐██▌▄▄███████▄▄▄▄     ▀▀▀▀▀▀▀▀▀
                   ▄▄████▀▀▀▀ ▄▄▄ ▀▀█▌▓██▓▐█▀▀ ▄▄▄ ▀▀▀▀████▄▄
                ▄██▀▀▀▄▄▄████▀▀▀▀▀██▄ ▓██▓ ▄██▀▀▀▀▀████▄▄▄▀▀▀██▄
               ▀▄▄▄▀▀▀▀             ▀ ▓██▓ ▀             ▀▀▀▀▄▄▄▀
    ▄▄▓▓▓▄▄ ▄▀▀▀        ▄▄█▓█▄▄       ▀▓▓▀       ▄▄█▓█▄▄▄       ▀▀▀▄
  ▄▓▓▓███▀██▄         ▄████▒████▄      ██      ▄████▒███▓███▄▄▄
 ▐▓███████ ███▄     ▄██████▒████▓▌     ▐█▌    █▓████▒████▓▌ ▀▀▀███▄▄▄
 ▓████████▌▐████▄ ▄████████▒█████▓      ▓█    ▓█████▒█████▓       ▀▀▀███▄▄
 ▓███████▀▄██▓ ▀███▀ ▓████▀░▀████▓      ▐▓▌   ▓████▀░▀████▓             ▀▓█▄
 ▓██▀▀   ▀▀██▓  ▐▓▌  ▓██▀██▄█████▓      ▐▓▌   ▓██▀██▄██▀██▓               ▓█▌
 ▓▀   ▄█▄   ▀▓   ▓   ▓█▌▐████████▓      ▓█    ▓█▌▐█████▌▐█▓           ▄█▄ ▐██
       ▀             ▓██▄▀███████▓     ▐█▌    ▓██▄▀███▀▄██▓            ▀  ▐██
                     ▓██▀▀   ▀▀██▓     ▓█     ▓██▀▀   ▀▀██▓▄▄▄▄▄▄▄▄▄▄▄▄▄▄▄██▌
            ascii by ▓▀  hir    ▀▓    ▐█▌     ▓▀   mht   ▀▓▀▀▀▀▀▀▀▀▀▀▀▀▀▀▀▀▀
                                      ▀▀
