ÔĽŅ
                                                                      
                                                                            
             !2o07    ‚ĖĄ‚Ėą‚ĖĄ‚ĖĄ             ‚ĖĄ‚Ėą‚Ėą‚ĖĄ   ‚ĖĄ                             
            SunZero ‚ĖĄ‚Ėą‚Ėą‚Ėą‚Ėą‚Ėą‚Ėą           ‚ĖÄ‚ĖÄ ‚Ėą‚Ėą‚Ėą‚ĖĄ‚Ėą‚Ėą‚Ėą‚ĖĄ‚ĖĄ                          
              ‚ĖĄ    ‚ĖĄ‚Ėą‚Ėą‚ĖÄ ‚ĖÄ‚Ėą‚Ėą‚Ėą       ‚ĖĄ‚ĖĄ‚Ėą‚Ėą‚ĖĄ  ‚Ėą‚Ėą‚Ėą‚Ėą‚Ėą‚Ėą‚Ėą‚Ėą‚Ėą‚ĖĄ                        
             ‚Ėą‚Ėą‚Ėą  ‚Ėą‚Ėą‚Ėą‚ĖĄ‚ĖĄ   ‚Ėą‚Ėą‚Ėą    ‚ĖĄ‚Ėą‚Ėą‚Ėą‚Ėą‚Ėą‚Ėą‚Ėą ‚Ėź‚Ėą‚Ėą‚Ėą‚Ėą‚Ėą‚Ėą‚Ėą‚ĖÄ ‚ĖĄ‚ĖĄ     ‚ĖĄ‚ĖĄ               
            ‚Ėą‚ĖÄ ‚Ėą‚Ėą‚Ėź‚Ėą‚Ėą‚Ėą‚Ėą‚Ėą‚Ėą‚ĖĄ  ‚Ėą    ‚Ėą‚Ėą‚Ėą‚ĖÄ ‚ĖÄ‚ĖÄ‚Ėą‚Ėą‚Ėą ‚Ėą‚Ėą‚Ėą‚Ėą‚Ėą‚Ėą‚ĖÄ ‚Ėą‚Ėą‚Ėą‚Ėą  ‚ĖĄ‚Ėą‚Ėą‚Ėą‚Ėą‚ĖĄ             
            ‚ĖĄ‚ĖĄ‚ĖĄ ‚Ėą‚ĖĆ ‚Ėą‚Ėą‚Ėą‚Ėą‚Ėą‚Ėą‚Ėą‚ĖĄ   ‚ĖĄ‚Ėą‚Ėą‚Ėą      ‚Ėą‚Ėą‚ĖĆ‚Ėą‚Ėą‚Ėź‚Ėą‚Ėą‚Ėą ‚Ėą‚Ėą‚Ėą‚Ėą‚Ėą‚ĖĆ‚ĖĄ‚Ėą‚ĖÄ ‚Ėą‚Ėą‚Ėą‚ĖĄ            
           ‚Ėą‚Ėą‚Ėą‚Ėą‚Ėą‚Ėą‚Ėą ‚ĖÄ‚Ėą‚Ėą‚Ėą‚Ėą‚Ėą‚Ėą‚Ėą‚Ėą ‚Ėź‚Ėą‚Ėą‚Ėą   ‚Ėą    ‚Ėą‚ĖĆ‚Ėź‚Ėą ‚ĖÄ‚Ėą‚ĖĆ‚ĖĄ‚Ėą‚Ėą‚Ėą‚Ėą‚Ėą ‚Ėą‚ĖÄ   ‚Ėą‚Ėą‚Ėą‚ĖĆ           
          ‚Ėź‚Ėą‚Ėą‚Ėą‚Ėą‚Ėą‚Ėą‚ĖÄ‚ĖÄ   ‚ĖÄ‚Ėí‚Ėą‚Ėą‚Ėą‚Ėą‚ĖĆ‚Ėą‚Ėą‚Ėą  ‚ĖĄ‚Ėą‚Ėą‚Ėą‚ĖÄ ‚Ėą‚Ėą‚ĖĆ‚Ėą‚Ėą ‚Ėą‚Ėą‚Ėą‚Ėą‚ĖÄ‚Ėą‚Ėą‚Ėą ‚Ėą‚ĖĎ‚ĖĄ ‚ĖĄ‚Ėą‚Ėą‚Ėą‚Ėą            
          ‚Ėź‚ĖÄ ‚Ėą‚Ėą‚Ėą‚Ėą‚Ėą       ‚ĖÄ‚Ėą‚Ėą‚Ėą‚Ėą‚Ėą‚ĖĄ   ‚Ėí‚ĖÄ  ‚ĖĄ‚Ėą‚ĖĆ‚ĖĄ‚Ėą‚ĖÄ‚Ėź‚Ėą‚Ėą‚Ėą ‚Ėą‚Ėą‚Ėą ‚Ėą‚Ėą‚Ėą‚Ėą‚Ėą‚Ėą‚Ėą‚Ėą‚Ėą ‚ĖĄ           
          ‚Ėź‚Ėą‚ĖĄ ‚Ėą‚Ėą‚Ėą‚Ėą‚Ėą        ‚Ėą‚Ėą‚Ėą‚Ėą‚Ėą‚Ėą‚ĖĄ   ‚ĖĄ‚Ėą‚Ėą‚ĖÄ‚ĖĄ‚Ėą  ‚ĖĄ‚Ėą‚Ėą ‚Ėą‚Ėą‚Ėą ‚Ėą‚Ėą‚Ėą‚ĖÄ‚ĖÄ‚Ėą‚Ėą‚Ėą‚Ėą  ‚Ėą‚Ėą          
           ‚Ėą‚Ėą‚ĖĄ ‚Ėą‚Ėą‚Ėą‚Ėą‚ĖĆ   ‚ĖĄ   ‚Ėź‚Ėą‚Ėą ‚Ėą‚Ėą‚Ėą‚Ėą‚ĖĄ‚Ėą‚Ėą‚Ėą‚Ėą‚ĖÄ‚Ėą  ‚Ėą‚Ėą‚Ėą‚ĖĆ ‚Ėą‚Ėą‚Ėą‚Ėź‚Ėą‚ĖÄ     ‚ĖÄ  ‚Ėď‚Ėą‚Ėą‚ĖĆ         
            ‚ĖÄ‚Ėą‚ĖÄ ‚Ėą‚Ėą‚Ėą‚Ėí‚ĖĄ   ‚Ėą‚ĖĄ ‚Ėą‚Ėą   ‚ĖÄ‚Ėą‚Ėą‚Ėą‚Ėą‚Ėą‚ĖÄ  ‚ĖĄ‚ĖĄ‚ĖĄ ‚ĖÄ‚Ėą ‚Ėą‚Ėą‚Ėą ‚Ėź‚Ėą‚Ėą       ‚ĖĄ‚Ėą‚Ėą‚ĖÄ          
               ‚Ėą‚Ėą‚Ėą‚Ėą‚Ėą‚Ėą‚Ėą‚ĖĄ‚ĖĄ ‚Ėą‚Ėą‚Ėą‚ĖÄ‚ĖĄ‚Ėą‚Ėą‚ĖĄ‚ĖĄ   ‚ĖĄ‚ĖĄ‚Ėą‚Ėą‚Ėą‚Ėą‚Ėą‚Ėą‚ĖĄ ‚ĖĄ‚Ėą‚Ėą‚Ėí ‚Ėą‚Ėą‚Ėą‚Ėą‚ĖĄ   ‚ĖĄ‚Ėą‚Ėą‚Ėą            
    ‚ĖĄ ‚ĖĄ       ‚Ėą‚Ėą‚Ėą‚Ėą‚Ėą‚Ėą‚Ėą‚Ėą‚Ėą‚Ėą‚Ėą‚Ėą‚Ėą‚Ėą‚Ėą‚Ėą‚Ėą‚ĖÄ ‚ĖÄ‚ĖÄ ‚ĖĄ‚Ėą‚Ėą‚Ėą‚ĖÄ  ‚ĖÄ‚Ėą‚Ėą‚Ėą‚Ėą‚Ėą‚Ėą‚ĖĆ  ‚ĖÄ‚Ėą‚Ėą‚Ėą‚Ėą‚Ėą‚Ėą‚Ėą‚Ėą‚ĖÄ             
     ‚Ėą‚Ėí‚ĖĄ     ‚Ėą‚Ėą‚Ėą‚Ėą‚Ėą‚Ėą‚Ėą‚Ėą‚Ėą‚Ėą‚Ėą‚Ėą‚ĖÄ‚ĖÄ      ‚ĖĄ‚Ėą‚Ėą‚Ėą‚Ėą   ‚Ėą‚Ėą  ‚Ėą ‚Ėą‚Ėą‚Ėą    ‚Ėą‚Ėą ‚ĖÄ‚Ėą‚Ėą‚ĖÄ  ‚Ėą‚ĖĄ‚Ėí          
      ‚ĖÄ     ‚Ėą‚Ėą‚Ėą‚Ėą ‚ĖÄ‚Ėą‚Ėą‚Ėą‚Ėą‚ĖÄ    ‚Ėą‚Ėą  ‚ĖĄ‚Ėą‚Ėą‚Ėą‚Ėą‚ĖÄ  ‚Ėą‚Ėą‚Ėą‚Ėą‚ĖĄ‚ĖĄ   ‚Ėą  ‚ĖĄ‚Ėą‚Ėą‚Ėą‚Ėď    ‚ĖĄ‚ĖĎ‚Ėą‚Ėą‚Ėą‚Ėą‚ĖÄ‚ĖÄ        
           ‚Ėą‚ĖÄ ‚Ėą‚Ėą   ‚Ėą‚Ėą‚ĖÄ   ‚Ėą‚Ėą‚Ėą‚Ėą‚Ėą‚ĖĄ‚ĖĄ‚ĖĄ   ‚ĖĄ‚Ėą‚Ėą‚Ėą‚Ėą‚Ėą‚Ėą‚Ėą‚Ėą‚Ėą‚Ėą  ‚ĖÄ‚ĖĄ‚Ėą‚Ėą‚ĖÄ         ‚ĖÄ‚Ėą   ‚Ėą‚Ėą‚Ėą‚Ėą‚Ėą‚Ėą‚Ėą‚Ėą
           BiZON‚ĖĄ‚ĖĄ‚ĖĄ‚ĖĄ‚ĖĄ‚ĖĄ‚Ėą‚Ėą‚Ėą‚Ėą‚Ėą‚Ėą‚Ėą‚Ėą‚Ėą‚Ėą‚Ėą‚Ėą‚Ėą‚Ėą‚Ėą‚Ėą‚Ėą‚Ėą‚Ėą‚Ėą‚ĖĄ ‚Ėą‚Ėą‚Ėą               ‚ĖĄ‚ĖĄ‚ĖĄ‚Ėą‚Ėą‚Ėą‚Ėą‚Ėą‚Ėą‚Ėą‚Ėą‚ĖÄ 
     ‚Ėą‚Ėą‚Ėą‚Ėą‚ĖĄ‚Ėą‚Ėą‚Ėą‚Ėą‚Ėą‚Ėą‚Ėą‚Ėą‚Ėą‚Ėą‚Ėą‚Ėą‚Ėą‚Ėą‚ĖÄ    ‚ĖÄ‚Ėą‚Ėą‚Ėą‚Ėą‚Ėą‚Ėą‚Ėą‚Ėą‚Ėą‚Ėą‚Ėą‚Ėą‚Ėą‚Ėą‚Ėą ‚Ėą‚Ėą    ‚Ėą ‚Ėą ‚ĖĄ    ‚Ėą‚Ėą‚Ėą‚Ėą‚Ėą‚Ėą‚Ėą‚Ėą‚Ėą ‚Ėď‚Ėą‚Ėą  
    ‚Ėą‚Ėą‚Ėą ‚ĖÄ‚Ėą‚Ėą‚Ėą‚Ėą‚Ėą‚Ėą‚Ėą‚Ėą‚Ėą‚Ėď‚ĖÄ   ‚ĖĄ‚ĖĄ‚Ėą‚Ėą‚Ėą‚Ėą‚Ėą‚Ėą‚Ėą‚Ėą‚Ėą‚Ėą‚Ėą‚Ėą‚Ėą‚Ėą‚Ėą‚Ėą‚Ėą‚Ėą‚Ėą‚Ėą‚Ėď‚Ėą‚Ėą     ‚Ėą‚Ėą‚Ėą‚Ėď   ‚Ėą‚Ėą‚Ėą‚Ėą‚Ėą‚Ėą‚Ėą‚Ėą‚Ėą  ‚Ėą‚Ėą‚ĖÄ  
    ‚Ėą‚Ėą             ‚ĖĄ‚ĖĄ‚Ėą‚Ėą‚Ėą‚Ėą‚Ėą‚Ėą‚Ėą‚Ėą‚Ėą‚Ėą‚Ėą‚Ėą‚Ėą‚Ėą‚Ėą‚Ėą‚Ėą‚Ėą‚Ėą‚Ėą‚Ėą‚Ėą‚Ėą‚Ėą‚Ėą‚Ėą‚Ėą   ‚ĖĄ‚Ėź‚Ėą‚ĖĎ‚Ėą‚ĖÄ ‚Ėą‚Ėą‚Ėą‚Ėą‚Ėą‚Ėą‚Ėą‚Ėą‚Ėą‚Ėą‚Ėą ‚Ėą‚Ėą‚Ėą   
     ‚Ėą‚Ėą  ‚ĖĄ‚Ėą‚Ėą‚Ėą‚Ėą‚Ėą‚Ėą‚Ėą‚Ėą‚Ėą‚Ėą‚Ėą‚Ėą‚Ėą‚Ėą‚Ėą‚Ėą‚Ėą‚Ėą‚Ėą‚Ėą‚Ėą‚Ėą‚Ėą‚Ėą‚Ėą‚Ėą‚Ėą‚Ėą‚Ėą‚Ėą‚Ėą‚Ėą‚Ėą‚Ėą‚Ėą‚Ėą‚ĖÄ     ‚Ėą‚Ėą‚ĖÄ  ‚Ėą‚Ėą‚Ėą‚Ėą‚Ėą‚Ėą‚Ėą‚Ėą‚Ėą‚Ėą‚Ėą ‚ĖĄ‚Ėą‚Ėą    
     ‚Ėą‚Ėą  ‚Ėď‚Ėą‚Ėą‚Ėą‚Ėą‚Ėą‚Ėą‚Ėą‚Ėą‚Ėą‚Ėą‚Ėą‚Ėą‚Ėą‚Ėą‚Ėą‚Ėą‚Ėą‚Ėą‚Ėą‚Ėą‚Ėą‚Ėą‚Ėą‚Ėą‚Ėą‚Ėą‚Ėą‚Ėą‚Ėą‚Ėą‚Ėą‚Ėą‚Ėą‚Ėą‚Ėą‚Ėą‚Ėą‚Ėą   ‚ĖĄ‚ĖÄ   ‚Ėą‚Ėą‚Ėą‚Ėą‚Ėą‚Ėą‚Ėą‚Ėą‚Ėą‚Ėą‚ĖÄ ‚ĖĄ‚Ėą‚Ėą     
      ‚Ėą‚Ėą   ‚Ėą‚Ėą‚Ėą‚Ėą‚Ėą‚Ėą‚Ėą‚Ėą‚Ėą‚Ėą‚Ėą‚Ėą‚Ėą‚Ėą‚Ėą‚Ėą‚Ėą‚Ėą‚Ėą‚Ėą‚Ėą‚Ėą‚Ėą‚Ėą‚Ėą‚Ėą‚Ėą‚Ėą‚Ėą‚Ėą‚Ėą‚Ėą‚Ėą‚Ėą‚Ėą‚Ėą        ‚Ėą‚Ėą‚Ėą‚Ėą‚Ėą‚Ėą‚Ėą‚Ėą‚Ėą‚Ėą‚ĖÄ ‚Ėą‚Ėą‚Ėą      
       ‚Ėą‚Ėą‚Ėą‚ĖĄ‚ĖÄ‚Ėą‚Ėą‚Ėą‚Ėą‚Ėą‚Ėą‚Ėą‚Ėą‚Ėą‚Ėą‚Ėą‚Ėą‚Ėą‚Ėą‚Ėą‚Ėą‚Ėą‚Ėą‚Ėą‚Ėą‚Ėą‚Ėą‚Ėą‚Ėą‚ĖÄ ‚Ėą‚Ėą‚Ėą‚Ėą‚Ėą‚Ėą‚Ėą‚Ėą‚Ėą‚Ėą      ‚Ėą‚Ėą‚Ėą‚Ėą‚Ėą‚Ėą‚Ėą‚Ėą‚Ėą‚ĖÄ ‚ĖĄ‚Ėą‚Ėą‚Ėą     ‚ĖĄ‚Ėą
        ‚Ėą‚Ėą‚Ėą‚Ėą‚Ėď‚Ėą‚Ėą‚Ėą‚Ėą‚Ėą‚Ėą‚Ėą‚Ėą‚Ėą‚Ėą‚Ėą‚Ėą‚Ėą‚Ėą‚Ėą‚Ėą‚Ėą‚Ėą‚Ėą‚Ėą‚Ėą‚Ėą‚Ėą‚ĖĄ ‚Ėą‚Ėą‚Ėą‚Ėą‚Ėą‚Ėą‚Ėą‚Ėą‚Ėą‚Ėą‚Ėą    ‚Ėą‚Ėą‚Ėą‚Ėą‚Ėą‚Ėą‚Ėą‚Ėą‚Ėą  ‚Ėą‚Ėą‚Ėą‚Ėą     ‚Ėď‚Ėą 
          ‚Ėą‚Ėą‚Ėą‚Ėą‚Ėą‚Ėą‚Ėą‚Ėą‚Ėą‚Ėą‚Ėą‚Ėą‚Ėą‚Ėą‚Ėą‚Ėą‚Ėą‚Ėą‚Ėą‚Ėą‚Ėą‚Ėą‚Ėą‚Ėą‚Ėą‚Ėą‚Ėą  ‚Ėą‚Ėą‚Ėą‚Ėą‚Ėą‚Ėą‚Ėą‚Ėą‚Ėą‚Ėą‚Ėą ‚Ėą‚Ėą‚Ėą‚Ėą‚Ėą‚Ėą‚Ėą‚Ėą‚Ėą‚ĖÄ ‚ĖĄ‚Ėą‚Ėą‚Ėą‚Ėą         
   ‚ĖĄ ‚ĖĄ     ‚Ėą‚Ėą‚Ėą‚Ėą‚Ėą‚Ėą‚Ėą      ‚Ėą‚Ėą‚Ėą‚Ėą‚Ėą‚Ėą‚Ėą‚Ėą‚Ėą‚Ėą‚Ėą‚Ėą‚Ėą‚Ėą  ‚Ėą‚Ėą‚Ėą‚Ėą‚Ėą‚Ėą‚Ėą‚Ėą‚Ėą‚Ėą‚Ėą‚Ėą‚Ėą‚Ėą‚Ėą‚Ėą‚Ėą‚Ėą‚Ėą‚ĖÄ ‚Ėą‚Ėą‚Ėą‚Ėą‚Ėą          
   ‚Ėí‚Ėą‚Ėą‚Ėą                 ‚Ėą‚Ėą‚Ėą‚Ėą‚Ėą‚Ėą‚Ėą‚Ėą‚Ėą‚Ėą‚Ėą‚Ėą‚Ėą‚Ėą‚ĖĄ ‚Ėą‚Ėą‚Ėą‚Ėą‚Ėą‚Ėą‚Ėą‚Ėą‚Ėą‚Ėą‚Ėą‚Ėą‚Ėą‚Ėą‚Ėą‚Ėą‚Ėą‚Ėą‚Ėą ‚Ėď‚Ėą‚Ėą‚Ėą‚Ėą        ‚Ėí‚ĖĄ 
    ‚ĖÄ‚Ėą‚ĖĄ‚ĖĄ            ‚Ėď    ‚Ėą‚Ėą‚Ėą‚Ėą‚Ėą‚Ėą‚Ėą‚Ėą‚Ėą‚Ėą‚Ėą‚Ėą‚Ėą‚Ėą  ‚Ėą‚Ėą‚Ėą‚Ėą‚Ėą‚Ėą‚Ėą‚Ėą‚Ėą‚Ėą‚Ėą‚Ėą‚Ėą‚Ėą‚Ėą‚Ėą‚ĖÄ ‚ĖĄ‚Ėą‚Ėą‚Ėą      ‚Ėď ‚Ėą ‚Ėą‚Ėą‚ĖÄ
     ‚Ėď‚Ėą‚Ėą‚Ėą‚ĖĄ         ‚ĖÄ‚Ėą‚Ėą   ‚Ėą‚Ėą‚Ėą‚Ėą‚Ėą‚Ėą‚Ėą‚Ėą‚Ėą‚Ėą‚Ėą‚Ėą‚Ėą‚Ėą‚Ėą  ‚Ėą‚Ėą‚Ėą‚Ėą‚Ėą‚Ėą‚Ėą‚Ėą‚Ėą‚Ėą‚Ėą‚Ėą‚Ėą‚Ėą‚Ėą ‚Ėą‚Ėą‚Ėą‚Ėą       ‚Ėą‚Ėą‚Ėą‚Ėą‚Ėą‚ĖĎ 
      ‚ĖÄ  ‚ĖÄ‚ĖÄ        ‚Ėą‚Ėą‚Ėą‚ĖÄ    ‚Ėą‚Ėą‚Ėą‚Ėą‚Ėą‚Ėą‚Ėą‚Ėą‚Ėą‚Ėą‚ĖĄ‚Ėą‚Ėą‚Ėą ‚ĖÄ‚Ėą‚Ėą‚Ėą‚Ėą‚Ėą‚Ėą‚Ėą‚Ėą‚Ėą‚Ėą‚Ėą‚Ėą‚Ėą‚ĖĄ‚Ėą‚Ėą‚Ėą‚Ėą         ‚Ėą‚Ėą‚Ėą   
                  ‚ĖÄ‚Ėą‚Ėą‚Ėą‚Ėą    ‚Ėą‚Ėą‚Ėą‚Ėą‚Ėą‚Ėą‚Ėą‚Ėą‚Ėą‚Ėą  ‚Ėą‚Ėą‚ĖĄ ‚Ėą‚Ėą‚Ėą‚Ėą‚Ėą‚Ėą‚Ėą‚Ėą‚Ėą‚Ėą‚Ėą‚Ėą‚Ėą‚Ėą‚Ėą‚Ėą‚Ėą         ‚Ėą‚Ėą‚Ėď    
                    ‚ĖÄ‚ĖĎ‚Ėą‚Ėą    ‚Ėą‚Ėą‚Ėą‚Ėą‚Ėą‚Ėą‚Ėą‚Ėą‚Ėą‚Ėą ‚Ėą‚Ėą‚Ėą  ‚Ėą‚Ėą‚Ėą‚Ėą‚Ėą‚Ėą‚Ėą‚Ėą‚Ėą‚Ėą‚Ėą‚Ėą‚Ėą‚Ėą          ‚Ėą       
             ‚ĖĄ         ‚ĖÄ     ‚Ėą‚Ėą‚Ėą‚Ėą‚Ėą‚Ėą‚Ėą‚Ėą‚Ėą‚ĖĄ ‚Ėą‚Ėą‚Ėą ‚Ėą‚Ėą‚Ėą‚Ėą‚Ėą‚Ėą‚Ėą‚Ėą‚Ėą‚Ėą‚Ėą‚Ėą‚Ėą‚Ėą    ‚Ėď             
            ‚ĖĆ‚Ėą‚ĖĎ‚ĖĄ             ‚Ėą‚Ėą‚Ėą‚Ėą‚Ėą‚Ėą‚Ėą‚Ėą‚Ėą‚Ėą ‚ĖÄ‚Ėą‚Ėą  ‚Ėą‚Ėą‚Ėą‚Ėą‚Ėą‚Ėą‚Ėą‚Ėą‚Ėą‚Ėą‚Ėą    ‚ĖĎ‚Ėą‚Ėą‚Ėą            
            ‚Ėą‚Ėą‚Ėą               ‚Ėą‚Ėą‚Ėą‚Ėą‚Ėą‚Ėą‚Ėą‚Ėą‚Ėą‚Ėď ‚Ėą‚Ėą‚Ėą  ‚Ėą‚Ėą‚Ėą‚Ėą‚Ėą‚Ėą‚Ėą‚Ėą‚Ėą    ‚Ėą‚Ėą‚Ėą‚Ėą‚Ėą‚ĖÄ           
           ‚Ėą‚Ėą‚Ėą‚Ėą‚Ėą      ‚ĖĄ‚Ėą ‚ĖĄ    ‚Ėą‚Ėą‚Ėą‚Ėą‚Ėą‚Ėą‚Ėą‚Ėą‚Ėą‚Ėą ‚ĖÄ‚Ėą‚Ėą‚Ėą ‚Ėź‚Ėą‚Ėą‚Ėą‚Ėą‚Ėą‚Ėą‚Ėą    ‚Ėą‚Ėą‚Ėą‚Ėą‚Ėą             
            ‚Ėą‚Ėą‚Ėą‚Ėą‚Ėą      ‚Ėą‚Ėą‚Ėą     ‚Ėą‚Ėą‚Ėą‚Ėą‚Ėą‚Ėą‚Ėą‚Ėą‚Ėą‚ĖÄ  ‚Ėą‚Ėą ‚Ėź‚Ėą‚Ėą‚Ėą‚Ėą‚Ėą‚Ėą    ‚Ėą‚Ėą ‚Ėí‚ĖÄ   ‚ĖĄ          
             ‚ĖÄ ‚Ėą‚Ėą‚Ėą‚Ėď     ‚Ėí‚Ėą‚Ėą‚Ėď   ‚Ėą‚Ėą‚Ėą‚Ėą‚Ėą‚ĖÄ    ‚ĖĄ‚Ėą‚Ėą‚Ėą  ‚Ėą‚Ėą‚Ėą‚Ėą‚Ėą    ‚ĖÄ     ‚ĖĄ‚Ėí‚ĖÄ           
                ‚ĖÄ  ‚ĖÄ     ‚ĖÄ‚Ėą‚ĖĄ   ‚Ėą‚Ėą‚Ėą‚Ėą‚Ėą‚Ėď‚Ėą‚Ėą‚Ėą‚Ėą‚Ėą‚Ėą‚Ėą‚Ėą  ‚Ėź‚Ėą‚Ėą‚Ėą        ‚ĖĄ‚Ėą‚Ėą‚Ėą‚ĖÄ            
                                ‚Ėą‚Ėą‚Ėą‚ĖĄ‚Ėą‚Ėą‚ĖÄ‚ĖÄ‚ĖÄ‚ĖÄ‚ĖÄ    ‚Ėź‚Ėą‚Ėą        ‚ĖÄ‚Ėí  ‚ĖÄ‚ĖÄ            
                           ‚ĖĄ‚Ėą   ‚Ėą‚Ėą‚Ėą‚ĖÄ            ‚Ėą‚ĖĆ   ‚Ėą‚ĖĄ                     
        ‚ĖĄ‚ĖĄ‚Ėą‚Ėą‚Ėą‚Ėą‚Ėą‚Ėą‚Ėą‚Ėą‚Ėą‚Ėą‚Ėą‚Ėą‚Ėą‚Ėą‚Ėą‚Ėą‚Ėą‚Ėą‚Ėą‚Ėą  ‚Ėą‚Ėą  ‚Ėą‚Ėą‚Ėą‚Ėą‚Ėą‚Ėą‚Ėą‚Ėą‚Ėą‚Ėą‚Ėą ‚Ėą ‚Ėą‚Ėą‚Ėą‚Ėą‚Ėą‚Ėą‚Ėą‚Ėą‚Ėą‚Ėą‚Ėą‚Ėą‚Ėą‚Ėą‚Ėą‚Ėą‚Ėą‚Ėą‚ĖĄ         
      ‚ĖĄ‚Ėą‚Ėą‚Ėą‚Ėą‚Ėą‚Ėą‚Ėą‚Ėą‚Ėą‚Ėą‚Ėą‚Ėą‚Ėą‚Ėą‚Ėą‚Ėą‚Ėą‚Ėą‚Ėą‚Ėą‚Ėą‚Ėą‚Ėą‚Ėą‚ĖĄ ‚ĖÄ ‚Ėą‚Ėą‚Ėą‚Ėą‚Ėą‚Ėą‚Ėą‚Ėą‚Ėą‚Ėą‚Ėą‚Ėą‚ĖĄ ‚ĖĄ‚Ėą‚Ėą‚Ėą‚Ėą‚Ėą‚Ėą‚Ėą‚Ėą‚Ėą‚Ėą‚Ėą‚Ėą‚Ėą‚Ėą‚Ėą‚Ėą‚Ėą‚Ėą‚Ėą‚Ėą‚Ėą‚ĖĄ‚ĖĄ     
    ‚ĖĄ‚Ėą‚Ėą‚Ėą‚Ėą‚Ėą‚Ėí‚Ėí‚Ėď‚Ėď‚Ėď‚Ėď‚Ėą‚Ėą‚Ėą‚Ėą‚Ėą‚Ėą‚Ėą‚Ėą‚Ėą‚Ėą‚Ėą‚Ėą‚Ėą‚Ėą‚Ėą‚Ėą‚Ėą‚Ėą‚Ėą‚Ėą‚Ėą‚Ėą‚Ėą‚Ėą‚Ėą‚Ėą‚Ėą‚Ėą‚Ėą‚Ėą‚Ėą‚Ėą‚Ėą‚Ėą‚Ėą‚Ėą‚Ėą‚Ėą‚Ėą‚Ėą‚Ėą‚Ėą‚Ėą‚Ėą‚Ėď‚Ėď‚Ėď‚Ėď‚Ėď‚Ėď‚Ėď‚Ėí‚Ėí‚Ėą‚Ėą‚Ėą‚Ėą‚Ėą    
   ‚Ėą‚Ėą‚Ėą‚Ėą‚Ėą‚Ėí‚Ėí‚Ėď‚Ėą‚Ėą‚Ėą‚Ėą‚Ėą‚Ėą‚Ėą‚Ėą‚Ėą‚Ėą‚Ėą‚Ėą‚Ėą‚Ėą‚Ėą‚Ėą‚Ėą‚Ėą‚Ėą‚Ėą‚Ėą‚Ėą‚Ėą‚Ėą‚Ėą‚Ėą‚Ėą‚Ėą‚Ėą‚Ėą‚Ėą‚Ėą‚Ėą‚Ėą‚Ėą‚Ėą‚Ėą‚Ėą‚Ėą‚Ėą‚Ėą‚Ėą‚Ėą‚Ėą‚Ėą‚Ėą‚Ėą‚Ėą‚Ėą‚Ėą‚Ėą‚Ėą‚Ėą‚Ėą‚Ėą‚Ėą‚Ėą‚Ėď‚Ėí‚Ėí‚Ėą‚Ėą‚Ėą‚Ėą‚Ėą  
  ‚Ėą‚Ėą‚Ėą‚Ėą‚Ėą‚Ėí‚ĖĎ‚Ėą‚Ėą‚Ėą‚Ėą‚Ėą‚Ėą‚Ėą‚ĖÄ‚ĖÄ             SomeTV present:               ‚ĖÄ‚ĖÄ‚ĖÄ‚Ėą‚Ėą‚Ėą‚Ėą‚Ėą‚Ėą‚Ėą‚Ėí‚Ėí‚Ėí‚Ėą‚Ėą‚Ėą‚Ėą 
 ‚Ėą‚Ėą‚Ėą‚Ėą‚ĖĎ‚Ėí‚Ėí‚Ėą‚Ėą‚Ėą‚ĖÄ‚ĖÄ                                                     ‚ĖÄ‚Ėą‚Ėą‚Ėą‚Ėą‚Ėą‚ĖĎ‚ĖĎ‚Ėą‚Ėą‚Ėą‚Ėą
 ‚Ėą‚Ėą‚Ėą‚ĖĎ‚ĖĎ‚Ėą‚Ėą‚Ėą‚Ėą‚ĖÄ Discovery.Realtime.Hooked.On.Fishing.Golden.Dorado.PDTV.XviD-SomeTV  ‚Ėą‚Ėą‚Ėą‚Ėą‚ĖĎ‚Ėí‚Ėą‚Ėą‚Ėą
 ‚Ėą‚Ėą‚Ėą‚ĖĎ‚Ėą‚Ėą‚Ėą‚Ėą                                                             ‚Ėą‚Ėą‚Ėą‚Ėą‚ĖĎ‚Ėą‚Ėą‚Ėą
 ‚Ėą‚Ėą‚Ėą ‚Ėą‚Ėą‚Ėą    Title:..........:HOOKED ON FISHING: Golden Dorado          ‚Ėą‚Ėą‚Ėą ‚Ėą‚Ėą‚Ėą
 ‚Ėą‚Ėą‚Ėą‚Ėą‚Ėą‚Ėą     Air Date:.......:10/02/2008                                 ‚Ėą‚Ėą‚Ėą‚Ėą‚Ėą‚Ėą
 ‚Ėą‚Ėą‚Ėą‚Ėą‚Ėą‚Ėą     Release date:...:12/02/2008                                 ‚Ėą‚Ėą‚Ėą‚Ėą‚Ėą‚Ėą
 ‚Ėą‚Ėą‚Ėą‚Ėą‚Ėą‚Ėą     Genre:..........:Documentary                                ‚Ėą‚Ėą‚Ėą‚Ėą‚Ėą‚Ėą
 ‚Ėą‚Ėą‚Ėą‚Ėą‚Ėą‚Ėą     Format:.........:XViD                                       ‚Ėą‚Ėą‚Ėą‚Ėą‚Ėą‚Ėą
 ‚Ėą‚Ėą‚Ėą‚Ėą‚Ėą‚Ėą     Source:.........:DvB-STREAM                                 ‚Ėą‚Ėą‚Ėą‚Ėą‚Ėą‚Ėą
 ‚Ėą‚Ėą‚Ėą‚Ėą‚Ėą‚Ėą                                                                 ‚Ėą‚Ėą‚Ėą‚Ėą‚Ėą‚Ėą
 ‚Ėą‚Ėą‚Ėą‚Ėą‚Ėą‚Ėą     Video Codec:....:XViD                                       ‚Ėą‚Ėą‚Ėą‚Ėą‚Ėą‚Ėą
 ‚Ėą ‚Ėą‚Ėą‚Ėą‚Ėą     Video Bitrate:..:878 kbps                                   ‚Ėą‚Ėą‚Ėą‚Ėą ‚Ėą
 ‚Ėą‚ĖĎ‚Ėą‚Ėą‚Ėą‚Ėą     Video Resoul:...:512x384                                    ‚Ėą‚Ėą‚Ėą‚Ėą‚ĖĎ‚Ėą
 ‚Ėą‚ĖĎ‚Ėą‚Ėą‚Ėą‚Ėą     Audio Bitrate:..:137 kbps VBR MP3                           ‚Ėą‚Ėą‚Ėą‚Ėą‚ĖĎ‚Ėą
 ‚Ėą‚ĖĎ‚Ėą‚Ėą‚Ėą‚Ėą                                                                 ‚Ėą‚Ėą‚Ėą‚Ėą‚ĖĎ‚Ėą
 ‚Ėą‚Ėí‚Ėą‚Ėą‚Ėą‚Ėą     Runtime:........:00:23:49                                   ‚Ėą‚Ėą‚Ėą‚Ėą‚Ėí‚Ėą
 ‚Ėą‚Ėí‚Ėą‚Ėą‚Ėą‚Ėą     Rars:...........:13x15MB                                    ‚Ėą‚Ėą‚Ėą‚Ėą‚Ėí‚Ėą
 ‚Ėą‚Ėí‚Ėą‚Ėą‚Ėą‚Ėą                                                                 ‚Ėą‚Ėą‚Ėą‚Ėą‚Ėí‚Ėą
 ‚Ėą‚Ėí‚Ėą‚Ėą‚Ėą‚Ėą                                                                 ‚Ėą‚Ėą‚Ėą‚Ėą‚Ėí‚Ėą
 ‚Ėą‚Ėď‚Ėą‚Ėą‚Ėą‚Ėą                                                                 ‚Ėą‚Ėą‚Ėą‚Ėą‚Ėď‚Ėą
 ‚Ėą‚Ėď‚Ėą‚Ėą‚Ėą‚Ėą                                                                 ‚Ėą‚Ėą‚Ėą‚Ėą‚Ėď‚Ėą
 ‚Ėą‚Ėď‚Ėą‚Ėą‚Ėą‚Ėą                                                                 ‚Ėą‚Ėą‚Ėą‚Ėą‚Ėď‚Ėą
 ‚Ėą‚Ėď‚Ėą‚Ėą‚Ėą‚Ėą                      ‚ĖĄ‚Ėą‚Ėą‚Ėą‚Ėą‚ĖĄ ‚Ėą‚ĖĄ       ‚ĖĄ‚ĖĄ‚ĖĄ‚ĖĄ‚ĖĄ‚ĖĄ‚ĖĄ‚ĖĄ ‚ĖĄ                 ‚Ėą‚Ėą‚Ėą‚Ėą‚Ėď‚Ėą
 ‚Ėą‚Ėď‚Ėą‚Ėą‚Ėą‚Ėą                     ‚Ėą‚Ėą   ‚ĖÄ‚Ėą ‚Ėą  ‚ĖĄ‚ĖĄ‚Ėą ‚ĖÄ‚Ėą‚Ėą‚ĖÄ‚Ėą‚Ėą‚Ėą‚ĖÄ‚Ėą‚ĖÄ‚ĖÄ‚ĖÄ                 ‚Ėą‚Ėą‚Ėą‚Ėą‚Ėď‚Ėą
 ‚Ėą‚Ėą‚Ėą‚Ėą‚Ėą‚Ėą‚Ėą                    ‚Ėą   ‚Ėď‚Ėą‚Ėą ‚Ėą ‚Ėź‚Ėą‚ĖĎ‚Ėą‚Ėą     ‚Ėą‚Ėą                     ‚Ėą‚Ėą‚Ėą‚Ėą‚Ėą‚Ėą‚Ėą
 ‚Ėą ‚Ėą‚Ėą‚Ėą‚Ėą‚Ėą‚Ėą‚Ėą‚Ėą‚Ėą‚Ėą‚Ėą‚Ėą‚Ėą‚Ėą‚Ėą‚Ėą‚Ėą‚Ėą‚Ėą‚Ėą‚Ėą‚Ėą‚Ėą‚Ėą ‚Ėą‚Ėą‚ĖĄ‚Ėą‚Ėą‚Ėą ‚Ėą‚Ėą ‚Ėą‚Ėą  ‚Ėą‚ĖĆ   ‚Ėą‚Ėą‚Ėí ‚Ėą‚Ėą‚Ėą‚Ėą‚Ėą‚Ėą‚Ėą‚Ėą‚Ėą‚Ėą‚Ėą‚Ėą‚Ėą‚Ėą‚Ėą‚Ėą‚Ėą‚Ėą‚Ėą‚Ėą‚Ėą‚Ėą‚Ėą‚Ėą‚Ėą ‚Ėą
 ‚Ėą‚Ėą‚Ėą‚Ėą‚Ėą‚Ėą‚Ėą‚Ėď‚Ėď‚Ėď‚Ėď‚Ėď‚Ėď‚Ėď‚Ėď‚Ėď‚Ėí‚Ėí‚Ėí‚ĖĎ‚ĖĎ  ‚Ėą‚Ėą‚Ėď ‚Ėą‚Ėą‚ĖĆ ‚ĖÄ ‚ĖĄ‚Ėą   ‚Ėą‚Ėą‚ĖĄ‚Ėź‚Ėą ‚Ėď‚Ėą‚Ėą‚ĖĆ  ‚Ėď‚Ėą‚Ėą  ‚ĖĎ‚ĖĎ‚Ėí‚Ėí‚Ėí‚Ėď‚Ėď‚Ėď‚Ėď‚Ėď‚Ėď‚Ėď‚Ėď‚Ėď‚Ėď‚Ėą‚Ėą‚Ėą‚Ėą‚Ėą‚Ėą‚Ėą
 ‚Ėą‚Ėą‚Ėą‚Ėą‚Ėą‚Ėą‚Ėą‚Ėą‚Ėą‚Ėą‚Ėą‚Ėą‚Ėą‚Ėą‚Ėą‚Ėą‚Ėą‚Ėą‚Ėą‚Ėą‚Ėą‚Ėą‚Ėą‚Ėą‚Ėą‚Ėą  ‚Ėą ‚Ėą‚Ėą‚Ėą‚Ėą‚Ėą‚Ėą‚Ėď  ‚ĖÄ‚Ėą‚Ėą‚ĖÄ  ‚Ėą‚Ėą‚Ėą‚ĖĄ ‚Ėą‚Ėą‚Ėą‚Ėą‚Ėą‚Ėą‚Ėą‚Ėą‚Ėą‚Ėą‚Ėą‚Ėą‚Ėą‚Ėą‚Ėą‚Ėą‚Ėą‚Ėą‚Ėą‚Ėą‚Ėą‚Ėą‚Ėą‚Ėą‚Ėą‚Ėą‚Ėą
 ‚Ėą‚Ėą‚Ėą‚Ėą‚Ėą‚Ėą‚Ėą                     ‚Ėź   ‚ĖÄ‚ĖÄ‚ĖÄ‚Ėą‚Ėą‚Ėą‚ĖĄ‚ĖĄ‚ĖĄ‚ĖĄ ‚ĖÄ‚ĖÄ‚ĖÄ                        ‚Ėą‚Ėą‚Ėą‚Ėą‚Ėą‚Ėą‚Ėą
 ‚Ėą‚Ėą‚Ėą‚Ėą‚Ėą‚Ėą                              ‚Ėą‚Ėą‚ĖÄ‚ĖÄ‚ĖÄ                              ‚Ėą‚Ėą‚Ėą‚Ėą‚Ėą‚Ėą
 ‚Ėą‚Ėą‚Ėą‚Ėą‚Ėą‚Ėą                                                                 ‚Ėą‚Ėą‚Ėą‚Ėą‚Ėą‚Ėą
 ‚Ėą‚Ėą‚Ėą‚Ėą‚Ėą‚Ėą  Paul journeys to a remote area in northern Argentina           ‚Ėą‚Ėą‚Ėą‚Ėą‚Ėą‚Ėą
 ‚Ėą‚Ėą‚Ėą‚Ėą‚Ėą‚Ėą  in search of the freshwater dorado. Sharing its                ‚Ėą‚Ėą‚Ėą‚Ėą‚Ėą‚Ėą
 ‚Ėą‚Ėą‚Ėą‚Ėą‚Ėą‚Ėą  habitat with shoals of razor-toothed piranha,                  ‚Ėą‚Ėą‚Ėą‚Ėą‚Ėą‚Ėą
 ‚Ėą‚Ėą‚Ėą‚Ėą ‚Ėą  dorado can grow to 60 pounds or more but prove                 ‚Ėą ‚Ėą‚Ėą‚Ėą‚Ėą 
 ‚Ėą‚Ėą‚Ėą‚Ėą‚ĖĎ‚Ėą  difficult to catch due their extreme shyness.                  ‚Ėą‚ĖĎ‚Ėą‚Ėą‚Ėą‚Ėą 
 ‚Ėą‚Ėą‚Ėą‚Ėą‚ĖĎ‚Ėą                                                                 ‚Ėą‚ĖĎ‚Ėą‚Ėą‚Ėą‚Ėą 
 ‚Ėą‚Ėą‚Ėą‚Ėą‚ĖĎ‚Ėą                                                                 ‚Ėą‚ĖĎ‚Ėą‚Ėą‚Ėą‚Ėą 
 ‚Ėą‚Ėą‚Ėą‚Ėą‚Ėí‚Ėą                                                                 ‚Ėą‚Ėí‚Ėą‚Ėą‚Ėą‚Ėą 
 ‚Ėą‚Ėą‚Ėą‚Ėą‚Ėí‚Ėą                  ‚ĖĄ‚ĖĄ      ‚ĖĆ  ‚Ėą‚Ėą‚ĖĄ       ‚ĖĄ                         ‚Ėą‚Ėí‚Ėą‚Ėą‚Ėą‚Ėą 
 ‚Ėą‚Ėą‚Ėą‚Ėą‚Ėí‚Ėą                   ‚Ėą‚Ėą‚ĖĄ   ‚Ėą‚ĖĆ ‚Ėą‚Ėą‚ĖÄ‚Ėą‚Ėą‚Ėą‚Ėą‚Ėą‚ĖÄ ‚Ėą‚Ėą‚Ėą‚Ėą‚Ėą‚ĖÄ                     ‚Ėą‚Ėí‚Ėą‚Ėą‚Ėą‚Ėą 
 ‚Ėą‚Ėą‚Ėą‚Ėą‚Ėí‚Ėą‚Ėą                  ‚Ėą‚Ėą‚Ėą‚Ėą ‚Ėź‚Ėą‚ĖĆ‚Ėą‚ĖÄ‚Ėą‚ĖĄ ‚Ėą‚ĖĆ‚Ėí‚ĖÄ ‚Ėą‚Ėą‚ĖĄ‚ĖÄ                       ‚Ėą‚Ėą‚Ėí‚Ėą‚Ėą‚Ėą‚Ėą 
 ‚Ėą‚Ėą‚Ėą‚Ėą‚Ėď‚Ėą‚Ėą‚Ėą‚Ėą‚Ėą‚Ėą‚Ėą‚Ėą‚Ėą‚Ėą‚Ėą‚Ėą‚Ėą‚Ėą‚Ėą‚Ėą‚Ėą‚Ėą‚Ėą ‚Ėą‚Ėą ‚Ėą‚Ėą ‚Ėą‚ĖĆ‚Ėą‚ĖĎ ‚Ėą‚ĖĆ‚Ėą   ‚Ėź‚Ėą‚Ėą‚ĖÄ‚Ėą‚Ėą   ‚Ėą‚Ėą‚Ėą‚Ėą‚Ėą‚Ėą‚Ėą‚Ėą‚Ėą‚Ėą‚Ėą‚Ėą‚Ėą‚Ėą‚Ėą‚Ėą‚Ėą‚Ėą‚Ėą‚Ėą‚Ėą‚Ėď‚Ėą‚Ėą‚Ėą‚Ėą 
 ‚Ėą‚Ėą‚Ėą‚Ėą‚Ėď‚Ėą‚Ėą‚Ėď‚Ėď‚Ėď‚Ėď‚Ėď‚Ėď‚Ėď‚Ėí‚Ėí‚Ėí‚ĖĎ‚ĖĎ  ‚Ėą‚Ėą‚Ėď  ‚Ėą ‚Ėď‚Ėą‚Ėą‚Ėą‚ĖĆ‚ĖÄ‚Ėą‚ĖĄ‚Ėą ‚Ėą‚Ėą  ‚Ėą‚Ėą‚Ėď   ‚ĖĄ‚ĖĄ ‚Ėď‚Ėą‚Ėą  ‚ĖĎ‚ĖĎ‚Ėí‚Ėí‚Ėí‚Ėď‚Ėď‚Ėď‚Ėď‚Ėď‚Ėď‚Ėď‚Ėď‚Ėď‚Ėą‚Ėą‚Ėď‚Ėą‚Ėą‚Ėą‚Ėą 
 ‚Ėą‚Ėą‚Ėą‚Ėą‚Ėď‚Ėą‚Ėą‚Ėą‚Ėą‚Ėą‚Ėą‚Ėą‚Ėą‚Ėą‚Ėą‚Ėą‚Ėą‚Ėą‚Ėą‚Ėą‚Ėą‚Ėą‚Ėą‚Ėą  ‚Ėą   ‚Ėą‚Ėą   ‚ĖÄ   ‚Ėą‚Ėą ‚Ėź‚Ėą‚Ėą‚Ėą‚Ėą‚Ėą‚Ėą  ‚Ėą‚Ėą‚Ėą‚Ėą‚Ėą‚Ėą‚Ėą‚Ėą‚Ėą‚Ėą‚Ėą‚Ėą‚Ėą‚Ėą‚Ėą‚Ėą‚Ėą‚Ėą‚Ėą‚Ėą‚Ėą‚Ėď‚Ėą‚Ėą‚Ėą‚Ėą 
 ‚Ėą‚Ėą‚Ėą‚Ėą‚Ėď‚Ėą                    ‚Ėź    ‚Ėą‚ĖĆ       ‚Ėą‚ĖĎ ‚Ėą‚Ėą‚ĖÄ‚ĖÄ                       ‚Ėą‚Ėą‚Ėď‚Ėą‚Ėą‚Ėą‚Ėą 
 ‚Ėą‚Ėą‚Ėą‚Ėą‚Ėď‚Ėą                                                                 ‚Ėą‚Ėď‚Ėą‚Ėą‚Ėą‚Ėą 
 ‚Ėą‚Ėą‚Ėą‚Ėą‚Ėą‚Ėą                                                                 ‚Ėą‚Ėą‚Ėą‚Ėą‚Ėą‚Ėą 
 ‚Ėą‚Ėą‚Ėą‚Ėą ‚Ėą                                                                 ‚Ėą ‚Ėą‚Ėą‚Ėą‚Ėą 
 ‚Ėą‚Ėą‚Ėą‚Ėą‚Ėą‚Ėą                           Enjoy!                                ‚Ėą‚Ėą‚Ėą‚Ėą‚Ėą‚Ėą 
 ‚Ėą‚Ėą‚Ėą‚Ėą‚Ėą‚Ėą                                                                 ‚Ėą‚Ėą‚Ėą‚Ėą‚Ėą‚Ėą 
 ‚Ėą‚Ėą‚Ėą‚Ėą‚Ėą‚Ėą            Please respect us, and dont add our nfo's            ‚Ėą‚Ėą‚Ėą‚Ėą‚Ėą‚Ėą 
 ‚Ėą‚Ėą‚Ėą‚Ėą‚Ėą‚Ėą      to public www-dupechecks or spread our releases on P2P     ‚Ėą‚Ėą‚Ėą‚Ėą‚Ėą‚Ėą 
 ‚Ėą‚Ėą‚Ėą‚Ėą‚Ėą‚Ėą                                                                 ‚Ėą‚Ėą‚Ėą‚Ėą‚Ėą‚Ėą 
 ‚Ėą‚Ėą‚Ėą‚Ėą‚Ėą‚Ėą                            Thanks!                              ‚Ėą‚Ėą‚Ėą‚Ėą‚Ėą‚Ėą 
 ‚Ėą‚Ėą‚Ėą‚Ėą‚Ėą‚Ėą                                                                 ‚Ėą‚Ėą‚Ėą‚Ėą‚Ėą‚Ėą
 ‚Ėą‚Ėą‚Ėą‚Ėą‚Ėą‚Ėą                                    ‚ĖĄ‚ĖĄ‚ĖĄ                          ‚Ėą‚Ėą‚Ėą‚Ėą‚Ėą‚Ėą
 ‚Ėą ‚Ėą‚Ėą‚Ėą‚Ėą                   ‚ĖĄ      ‚Ėą    ‚Ėą   ‚ĖĆ ‚Ėą‚Ėą‚Ėą‚Ėą‚Ėą‚ĖĄ‚Ėą‚Ėą‚ĖĄ                   ‚Ėą‚Ėą‚Ėą‚Ėą ‚Ėą
 ‚Ėą‚ĖĎ‚Ėą‚Ėą‚Ėą‚Ėą‚Ėą                  ‚Ėą‚ĖĎ ‚ĖĄ‚Ėą  ‚Ėą‚ĖĆ ‚Ėą ‚Ėą‚Ėą  ‚Ėą   ‚Ėą‚Ėď ‚Ėą‚ĖÄ ‚ĖĆ                  ‚Ėą‚Ėą‚Ėą‚Ėą‚Ėą‚ĖĎ‚Ėą
 ‚Ėą‚ĖĎ‚Ėą‚Ėą‚Ėą‚Ėą‚Ėą‚Ėą‚Ėą‚Ėą‚Ėą‚Ėą‚Ėą‚Ėą‚Ėą‚Ėą‚Ėą‚Ėą‚Ėą‚Ėą‚Ėą‚Ėą‚Ėą‚Ėą ‚Ėą‚ĖĆ‚Ėź‚Ėą‚Ėą ‚Ėą‚Ėą ‚Ėą‚Ėą‚ĖĄ‚Ėą‚Ėą‚Ėą‚ĖĄ‚ĖÄ‚Ėą  ‚Ėą ‚Ėź‚Ėą‚Ėą‚ĖĄ ‚Ėą‚Ėą‚Ėą‚Ėą‚Ėą‚Ėą‚Ėą‚Ėą‚Ėą‚Ėą‚Ėą‚Ėą‚Ėą‚Ėą‚Ėą‚Ėą‚Ėą‚Ėą‚Ėą‚Ėą‚Ėą‚Ėą‚Ėą‚ĖĎ‚Ėą
 ‚Ėą‚ĖĎ‚Ėą‚Ėą‚Ėą‚Ėą‚Ėą‚Ėď‚Ėď‚Ėď‚Ėď‚Ėď‚Ėď‚Ėď‚Ėí‚Ėí‚Ėí‚ĖĎ‚ĖĎ  ‚Ėą‚Ėą‚Ėď ‚ĖÄ‚Ėą‚Ėź‚ĖĆ‚Ėą‚Ėź‚Ėą ‚ĖĄ‚Ėą ‚Ėą‚Ėď‚Ėą ‚ĖÄ‚Ėą‚Ėą ‚Ėą‚Ėą‚ĖĄ  ‚Ėą‚Ėą‚ĖĆ‚Ėď‚Ėą‚Ėą  ‚ĖĎ‚ĖĎ‚Ėí‚Ėí‚Ėí‚Ėď‚Ėď‚Ėď‚Ėď‚Ėď‚Ėď‚Ėď‚Ėď‚Ėą‚Ėą‚Ėą‚Ėą‚Ėą‚ĖĎ‚Ėą
 ‚Ėą‚Ėí‚Ėą‚Ėą‚Ėą‚Ėą‚Ėą‚Ėą‚Ėą‚Ėą‚Ėą‚Ėą‚Ėą‚Ėą‚Ėą‚Ėą‚Ėą‚Ėą‚Ėą‚Ėą‚Ėą‚Ėą‚Ėą‚Ėą  ‚ĖÄ‚Ėą ‚Ėą‚Ėą‚Ėí‚Ėź‚Ėą‚ĖÄ‚Ėą‚Ėą‚ĖĄ‚ĖÄ‚Ėą  ‚Ėą‚Ėí‚Ėą‚Ėą ‚Ėą‚ĖĄ‚ĖĄ‚Ėą ‚Ėą‚Ėą‚Ėą‚Ėą‚Ėą‚Ėą‚Ėą‚Ėą‚Ėą‚Ėą‚Ėą‚Ėą‚Ėą‚Ėą‚Ėą‚Ėą‚Ėą‚Ėą‚Ėą‚Ėą‚Ėą‚Ėą‚Ėą‚Ėí‚Ėą
 ‚Ėą‚Ėí‚Ėą‚Ėą‚Ėą‚Ėą‚Ėą                    ‚ĖĆ  ‚Ėą ‚ĖÄ‚ĖĆ  ‚Ėą‚Ėą ‚Ėą‚Ėą ‚ĖÄ‚Ėą‚ĖÄ   ‚ĖÄ‚ĖÄ‚ĖĎ                   ‚Ėą‚Ėą‚Ėą‚Ėą‚Ėą‚Ėí‚Ėą
 ‚Ėą‚Ėí‚Ėą‚Ėą‚Ėą‚Ėą‚Ėą                              ‚ĖÄ  ‚ĖÄ                             ‚Ėą‚Ėą‚Ėą‚Ėą‚Ėą‚Ėí‚Ėą
 ‚Ėą‚Ėí‚Ėą‚Ėą‚Ėą‚Ėą‚Ėą                                                               ‚Ėą‚Ėą‚Ėą‚Ėą‚Ėą‚Ėí‚Ėą
 ‚Ėą‚Ėď‚Ėą‚Ėą‚Ėą‚Ėą‚Ėą                     10Mbit+ Ripboxes                          ‚Ėą‚Ėą‚Ėą‚Ėą‚Ėą‚Ėď‚Ėą
 ‚Ėą‚Ėď‚Ėą‚Ėą‚Ėą‚Ėą‚Ėą                     200Mbit+ .eu sites to affil               ‚Ėą‚Ėą‚Ėą‚Ėą‚Ėą‚Ėď‚Ėą
 ‚Ėą‚Ėď‚Ėą‚Ėą‚Ėą‚Ėą‚Ėą                     PDTV/HDTV-Cappers                         ‚Ėą‚Ėą‚Ėą‚Ėą‚Ėą‚Ėď‚Ėą
 ‚Ėą‚Ėď‚Ėą‚Ėą‚Ėą‚Ėą‚Ėą                                                               ‚Ėą‚Ėą‚Ėą‚Ėą‚Ėą‚Ėď‚Ėą
 ‚Ėą‚Ėď‚Ėą‚Ėą‚Ėą‚Ėą‚Ėą                     Contact Us: sometv@hush.com               ‚Ėą‚Ėą‚Ėą‚Ėą‚Ėą‚Ėď‚Ėą
 ‚Ėą‚Ėą‚Ėą‚Ėą‚Ėą‚Ėą‚Ėą                                                               ‚Ėą‚Ėą‚Ėą‚Ėą‚Ėą‚Ėą‚Ėą
 ‚Ėą ‚Ėą‚Ėą‚Ėą‚Ėą‚Ėą                                                               ‚Ėą‚Ėą‚Ėą‚Ėą‚Ėą ‚Ėą
 ‚Ėą‚Ėą‚Ėą‚Ėą‚Ėą‚Ėą‚Ėą                        ‚ĖĄ‚ĖĄ‚ĖĄ‚ĖĄ‚ĖĄ‚Ėą‚Ėą‚Ėą‚Ėą‚Ėą‚Ėą‚ĖĄ‚ĖĄ‚ĖĄ‚ĖĄ‚ĖĄ                       ‚Ėą‚Ėą‚Ėą‚Ėą‚Ėą‚Ėą‚Ėą
 ‚Ėą‚Ėą‚Ėą‚Ėą‚Ėą‚Ėą‚Ėą                    ‚ĖĄ‚ĖĄ‚Ėą‚Ėą‚Ėą‚Ėą‚Ėą‚Ėą‚ĖÄ‚ĖÄ‚ĖÄ‚ĖÄ‚ĖÄ‚ĖÄ‚ĖÄ‚ĖÄ‚Ėą‚Ėą‚Ėą‚Ėą‚Ėą‚Ėą‚ĖĄ‚ĖĄ                   ‚Ėą‚Ėą‚Ėą‚Ėą‚Ėą‚Ėą‚Ėą
 ‚Ėą‚Ėą‚Ėą‚Ėą‚Ėą‚Ėą‚Ėą    sometv        ‚ĖĄ‚Ėą‚Ėą‚Ėą‚Ėą‚ĖÄ  ‚ĖĄ‚ĖĄ‚ĖĄ‚ĖĄ‚ĖĄ‚ĖĄ‚ĖĄ‚ĖĄ‚ĖĄ‚ĖĄ‚ĖĄ‚ĖĄ‚ĖĄ  ‚ĖÄ‚Ėą‚Ėą‚Ėą‚ĖĄ‚ĖĄ   @hush.com    ‚Ėą‚Ėą‚Ėą‚Ėą‚Ėą‚Ėą‚Ėą
 ‚Ėą‚Ėą‚Ėą‚Ėą‚Ėą‚Ėą‚Ėą‚ĖĄ              ‚ĖĄ‚ĖĄ‚Ėą‚Ėą‚Ėą‚Ėą‚ĖÄ ‚ĖĄ‚Ėą‚Ėą‚Ėą‚ĖÄ‚ĖÄ‚ĖÄ‚ĖÄ‚ĖÄ‚ĖÄ‚ĖÄ‚ĖÄ‚ĖÄ‚ĖÄ‚ĖÄ‚Ėą‚Ėą‚Ėą‚ĖĄ ‚ĖÄ‚Ėą‚Ėą‚Ėą‚Ėą‚ĖĄ             ‚ĖĄ‚Ėą‚Ėą‚Ėą‚Ėą‚Ėą‚Ėą‚Ėą
 ‚Ėą‚Ėą‚Ėą‚Ėą‚Ėą‚Ėą‚Ėą‚Ėą‚Ėą           ‚Ėą‚Ėą‚Ėą‚Ėą‚Ėą‚Ėą‚ĖÄ ‚ĖĄ‚Ėą‚Ėą‚ĖÄ‚ĖĎ‚ĖĎ‚ĖĎ‚ĖĎ‚ĖĎ‚ĖĎ‚ĖĎ‚ĖĎ‚ĖĎ‚ĖĎ‚ĖĎ‚ĖĎ‚ĖĎ‚ĖĎ‚ĖĎ‚ĖÄ‚Ėą‚Ėą‚ĖĄ ‚Ėą‚Ėą‚Ėą‚Ėą‚Ėą           ‚Ėą‚Ėą‚Ėą‚Ėą‚Ėą‚Ėą‚Ėą‚Ėą‚Ėą
 ‚Ėą‚Ėą‚Ėą‚Ėą‚Ėą‚Ėą‚Ėą‚Ėą‚Ėą‚Ėą       ‚Ėą‚Ėą‚Ėą‚Ėą‚Ėą‚Ėą‚Ėą‚ĖÄ  ‚Ėą‚Ėą‚ĖÄ‚ĖĎ‚ĖĎ‚ĖĎ‚ĖĎ‚ĖĎ‚ĖĎ‚ĖĎ‚ĖĎ‚Ėí‚ĖĎ‚ĖĎ‚ĖĎ‚ĖĎ‚ĖĎ‚ĖĎ‚Ėí‚ĖĎ‚ĖĎ‚ĖĎ‚Ėą‚Ėą‚ĖĄ ‚ĖÄ‚Ėą‚Ėą‚Ėą‚Ėą        ‚ĖĄ‚Ėą‚Ėą‚Ėą‚Ėą‚Ėą‚Ėą‚Ėą‚Ėą‚Ėą‚Ėą
  ‚Ėą‚Ėą‚Ėą‚Ėą‚Ėą‚Ėą‚Ėą‚Ėą‚Ėą‚Ėą‚ĖĄ   ‚ĖĄ‚Ėą‚Ėą‚Ėą‚Ėą‚Ėą‚Ėą‚Ėą   ‚Ėą‚Ėą‚ĖĎ‚ĖĎ‚ĖĎ‚ĖĎ‚ĖĎ‚Ėí‚ĖĎ‚ĖĎ‚ĖĎ‚ĖĎ‚ĖĎ‚ĖĎ‚ĖĎ‚ĖĎ‚ĖĎ‚ĖĎ‚ĖĎ‚ĖĎ‚ĖĎ‚ĖĎ‚ĖĎ‚ĖĎ‚ĖÄ‚Ėą‚Ėą ‚Ėź‚Ėą‚Ėą‚Ėą‚Ėą‚ĖĄ  ‚ĖĄ‚Ėą‚Ėą‚Ėą‚Ėą‚Ėą‚Ėą‚Ėą‚Ėą‚Ėą‚Ėą‚Ėą‚Ėą‚Ėą 
   ‚Ėą‚Ėą‚Ėą‚Ėą‚Ėą‚Ėą‚Ėą‚Ėą‚Ėą‚Ėą‚Ėą‚Ėą‚Ėą‚Ėą‚Ėą‚Ėą‚Ėą‚Ėą‚Ėą‚Ėą‚ĖĆ  ‚Ėą‚Ėą‚ĖĎ‚ĖĎ‚ĖĎ‚ĖĎ‚ĖĎ‚ĖĎ‚ĖĎ‚ĖĎ‚ĖĎ‚ĖĎ‚ĖĎ‚ĖĎ‚ĖĎ‚ĖĎ‚ĖĎ‚Ėí‚ĖĎ‚ĖĎ‚ĖĎ‚ĖĎ‚Ėí‚ĖĎ‚ĖĎ‚ĖĎ‚ĖĎ‚Ėą ‚Ėź‚Ėą‚Ėą‚Ėą‚Ėą‚Ėą‚Ėą‚Ėą‚Ėą‚Ėą‚Ėą‚Ėą‚Ėą‚Ėą‚Ėą‚Ėą‚Ėą‚Ėą‚Ėą‚Ėą‚Ėą  
    ‚ĖÄ‚Ėą‚Ėą‚Ėą‚Ėą‚Ėą‚Ėą‚Ėą‚Ėą‚Ėą‚Ėą‚Ėą‚Ėą‚Ėą‚Ėą‚Ėą‚Ėą‚Ėą‚Ėą‚ĖĆ ‚Ėą‚Ėą‚ĖĎ‚ĖĎ‚Ėí‚ĖĎ‚ĖĎ‚ĖĎ‚ĖĎ‚ĖĎ‚ĖĄ‚Ėą‚Ėą‚Ėą‚Ėą‚ĖĄ‚ĖĎ‚ĖĎ‚ĖĎ‚ĖĎ‚ĖĎ‚ĖĎ‚ĖĎ‚ĖĎ‚ĖĎ‚ĖĎ‚ĖĎ‚ĖĎ‚Ėą‚ĖĆ ‚Ėą‚Ėą‚Ėą‚Ėą‚Ėą‚Ėą‚Ėą‚Ėą‚Ėą‚Ėą‚Ėą‚Ėą‚Ėą‚Ėą‚Ėą‚Ėą‚Ėą‚Ėą‚ĖÄ   
      ‚ĖÄ‚Ėą‚Ėą‚Ėą‚Ėą‚Ėą‚Ėą‚Ėą‚Ėą‚Ėą‚Ėą‚Ėą‚Ėą‚Ėą‚Ėą‚Ėą‚Ėą  ‚Ėą‚ĖĎ‚ĖĎ‚ĖĎ‚ĖĎ‚ĖĎ‚Ėí‚ĖĎ‚ĖĎ‚ĖĄ‚Ėą‚Ėą  ‚Ėą‚Ėą‚Ėą‚ĖĎ‚ĖĎ‚ĖĎ‚ĖĎ‚Ėí‚ĖĎ‚ĖĎ‚ĖĎ‚ĖĎ‚ĖĎ‚Ėí‚Ėą‚ĖĆ ‚Ėą‚Ėą‚Ėą‚Ėą‚Ėą‚Ėą‚Ėą‚Ėą‚Ėą‚Ėą‚Ėą‚Ėą‚Ėą‚Ėą‚Ėą‚Ėą‚ĖÄ     
        ‚ĖÄ‚ĖÄ‚Ėą‚Ėą‚Ėą‚Ėą‚Ėą‚Ėą‚Ėą‚Ėą‚Ėą‚Ėą‚Ėą‚Ėą‚Ėą ‚Ėą‚Ėą‚Ėą‚ĖĎ‚ĖĎ‚ĖĎ‚ĖĎ‚ĖĎ‚ĖĎ‚ĖĎ‚Ėą‚Ėą‚ĖĆ    ‚Ėą‚Ėą‚ĖĎ‚ĖĎ‚ĖĎ‚ĖĎ‚ĖĎ‚ĖĎ‚ĖĎ‚ĖĎ‚ĖĎ‚ĖĎ‚Ėą‚ĖĆ ‚Ėą‚Ėą‚Ėą‚Ėą‚Ėą‚Ėą‚Ėą‚Ėą‚Ėą‚Ėą‚Ėą‚Ėą‚Ėą‚ĖÄ        
            ‚ĖÄ‚ĖÄ‚Ėą‚Ėą‚Ėą‚Ėą‚Ėą‚Ėą‚Ėą‚Ėą‚Ėą‚ĖĄ  ‚Ėą‚Ėą‚ĖĎ‚ĖĎ‚ĖĎ‚Ėí‚ĖĎ‚ĖĎ‚ĖĎ‚ĖÄ‚Ėą     ‚Ėą‚Ėą‚ĖĎ‚ĖĎ‚ĖĎ‚ĖĎ‚ĖĎ‚Ėí‚ĖĎ‚ĖĎ‚ĖĎ‚Ėą  ‚Ėą‚Ėą‚Ėą‚Ėą‚Ėą‚Ėą‚Ėą‚ĖÄ‚ĖÄ‚ĖÄ‚ĖÄ       
                ‚ĖÄ‚ĖÄ‚ĖÄ‚Ėą‚Ėą‚Ėą‚Ėą‚Ėą‚Ėą  ‚Ėą‚Ėą‚Ėą‚ĖĎ‚ĖĎ‚ĖĎ‚ĖĎ‚ĖĎ‚ĖĎ‚Ėą‚ĖĆ     ‚Ėą‚ĖĆ‚ĖĎ‚Ėí‚Ėí‚ĖĎ‚ĖĎ‚Ėí‚ĖĎ‚Ėą‚Ėą ‚Ėź‚Ėą‚Ėą‚Ėą‚Ėą‚ĖÄ             
                      ‚Ėą‚Ėą‚Ėą‚Ėą‚ĖĄ  ‚Ėą‚Ėą‚Ėą‚Ėą‚Ėą‚Ėą‚Ėą‚ĖÄ    ‚ĖĄ‚Ėą‚Ėą‚ĖĎ‚ĖĎ‚ĖĎ‚ĖĎ‚Ėí‚ĖĎ‚ĖĎ‚ĖĎ‚Ėą  ‚Ėą‚Ėą‚Ėą‚Ėą               
                         ‚Ėą‚Ėą‚Ėą‚ĖĄ‚ĖĄ  ‚ĖĄ‚ĖĄ‚ĖĄ  ‚ĖĄ‚Ėą‚Ėą‚Ėą‚Ėą‚ĖÄ‚ĖĎ‚Ėí‚ĖĎ‚Ėí‚ĖĎ‚ĖĎ‚ĖĎ‚ĖĄ‚Ėą‚ĖÄ ‚Ėą‚Ėą‚Ėą‚Ėą                
                          ‚ĖÄ‚ĖÄ‚Ėą‚Ėą‚Ėą‚Ėą‚ĖÄ ‚ĖĄ‚ĖĄ‚Ėą‚Ėą‚ĖÄ‚Ėí‚Ėí‚Ėí‚ĖĎ‚Ėí‚Ėí‚Ėí‚ĖĎ‚ĖĄ‚Ėą‚Ėą‚ĖÄ ‚ĖĄ‚Ėą‚ĖÄ‚ĖÄ
                                ‚ĖĄ‚Ėą‚Ėą‚ĖÄ‚Ėí‚Ėí‚Ėí‚Ėď‚Ėí‚Ėí‚Ėď‚ĖĄ‚ĖĄ‚Ėą‚Ėą‚ĖÄ‚ĖÄ     
                               ‚Ėą‚Ėą‚Ėí‚Ėď‚Ėí‚Ėí‚Ėď‚Ėí‚Ėí‚ĖĄ‚Ėą‚Ėą‚Ėą‚ĖÄ         
                              ‚Ėź‚Ėą‚Ėď‚Ėí‚Ėí‚Ėď‚Ėí‚Ėí‚ĖĄ‚Ėą‚ĖÄ‚ĖÄ            
                              ‚Ėź‚Ėą‚Ėí‚Ėď‚Ėď‚Ėí‚Ėď‚Ėď‚Ėą‚ĖĄ                         
                              ‚Ėź‚Ėą‚Ėď‚Ėí‚Ėď‚Ėď‚Ėď‚Ėď‚ĖÄ‚Ėą‚Ėą‚ĖĄ                       
                               ‚Ėą‚Ėą‚Ėď‚Ėď‚Ėď‚Ėď‚Ėď‚Ėď‚Ėď‚ĖÄ‚Ėą‚Ėą‚Ėą‚ĖĄ                    
                                ‚Ėą‚Ėą‚Ėď‚Ėď‚Ėď‚Ėď‚Ėď‚Ėď‚Ėď‚Ėď‚Ėď‚ĖÄ‚Ėą‚Ėą                   
                                 ‚Ėą‚Ėą‚Ėą‚ĖĄ‚Ėď‚Ėď‚Ėď‚Ėď‚ĖĄ‚Ėą‚Ėą‚Ėą‚ĖÄ                   
                                  ‚ĖÄ‚ĖÄ‚Ėą‚Ėą‚Ėą‚Ėą‚Ėą‚Ėą‚Ėą‚ĖÄ                     
                                     ‚ĖĄ‚ĖĄ‚ĖĄ‚ĖĄ‚ĖĄ‚ĖĄ                      
                                    ‚Ėą‚Ėą‚Ėď‚Ėí‚Ėí‚Ėď‚ĖÄ‚Ėą‚ĖĄ                    
                                   ‚Ėą‚Ėą‚Ėď‚Ėí‚Ėď‚Ėď‚Ėí‚Ėď‚Ėď‚Ėą‚ĖĆ                   
                                  ‚Ėź‚Ėą‚Ėď‚Ėď‚Ėď‚Ėď‚Ėí‚Ėď‚Ėď‚Ėď‚Ėď‚Ėą                   
                                  ‚Ėź‚Ėą‚Ėď‚Ėď‚Ėď‚Ėď‚Ėď‚Ėď‚Ėď‚Ėď‚Ėď‚Ėą                   
                                   ‚Ėą‚Ėą‚ĖĄ‚Ėď‚Ėí‚Ėď‚Ėď‚Ėď‚ĖĄ‚Ėą‚ĖĆ                   
                                    ‚ĖÄ‚Ėą‚Ėą‚Ėą‚Ėą‚Ėą‚Ėą‚Ėą‚ĖÄ                    
                                                                 
                                                                 
                                                                
