▄▀                                     ▀▄                         ▄▄▄▄▀
             PORNOLATiON...              ▌                ▄▄▄▄██▒█▒▒▄▄▄▄▀
                                         ▐              ▄▒▓▓░▒█▓███░░█▀
                                      ▄▄▄▄▄▄▄         ▄█░████▓██░░░██▄▄▄
       GETS...                  ▄▄▄███▒██▓▒▒██░░▄▄  ▄▒░██▒▒░▓█░█▓██▒█▀▀
                            ▄█▒██░██░░███░██░░▓██░▒▐░▐█▓██▒██░██░░░█▒▀▀
                        ▄▄███▓█████░██▒▒████████░▒▒█▄░▀▓░█▒█░░░█▓█▒▒░██▄
           YOU...    ▄▓██░█▒███░░█░░█░██░█░░▓█░▒░▒██▒█▀▄▀▀▀▀ ▀██▒█▒█▀▀  ▀
                   ▄████░█░█▓█░█▓░▓██░▓▒█████░█████████            ▀▀
                 ▄▀▀▓██▒███░█▓▓████░█▓█░▒░▒░▒███░▒█░█░▒▌
   WET!!!         ▄███▒██▓▓▓▓▓▓██▓▓▓▓▓▓██▒███▓███▓█░▒▒██
▄               ▄██▒░█████▓▓░░█▐░░█▓█░▒██▓██▓█▒▒██▒▒█▓██▄                   ▄▄▀
 ▀▀▄▄          ▓▒░░█▒▒░█▓█▒░█▒▌ ░██░███░▀ █▓██░█▓██▒▒░▒███▄▀            ▄▄▀▀▄▄█
     ▀▀▀▀▀▄▄▄▀▄░██▓██▒███▓████  ▒█▀▓▓▓█▓   █▒█▒██▓██▓▒█▓▀           ▄▄▀▀▄▄█████
       ▄▄▄   ▀▀▀▀▀ ▄░░█▓█▓▓██▌  ▐▌ ▐▒▀░░  ▄▄▀█ ██▒░██▒▒█        ▄▄▀▀▄▄█████████
     ▄▀   ▀▄   ▄▄▓███▒▒████▒█    ▌ ▐█  ▌    ▀▀▄ ▀████▄▀▀▀▄  ▄▄▀▀▄▄█████████████
    ▐       ▌     ▀▒██░██▓███ ▄▄▀▀  ▓     ▄▓▄    ▀ ▓█ ▐▀  ▌▀▄▄█████████████████
     ▀▄   ▄▀     ▀▀█▓███▒▒█▒▌▀  ▄        ███▓█     ▓   ▀  ▌████████████████████
       ▀▀▀   ▄▀▀▄       ▀▀▀▒█ ▄▓█▓▄      ▓██▓█         ▄▄▀▄████████████████████
             ▀▄▄▀  ▄▀▄    ▀▐ ▌████▓       ▀▓▀     ▄▄▄▀▀▄▄▀█████████████████████
                    ▀       ▌ ▀██▓▀ ▐           ▄▀       ▀▄▀███████████████████
                            ▐   ▀   ▌          █           ▌███████████████████
                  `high!HoA  ▌    ▄▀          ▐            ▐▐██████████████████
                            ▄▐     ▀          ▌             ▌██████████████████
                        ▄▄▀▀▄ █         ▄▄▀  ▐              ▐▐█████████████████
                    ▄▄▀▀▄▄████▄▀▄            ▌       ▐▄      ▌█████████████████
                ▄▄▀▀▄▄██████████▄▀▀▄▄       █        ▐█▀     ▌█████████████████
            ▄▄▀▀▄▄▄▄▄▄▄▄▄▄▄▄▄▄▄▄▄▄▄▐ ▀▀▄▄▄▄▀▌        ▐▌      ▐ ▄▄▄▄▄▄▄▄▄▄▄▄▄▄▄▄
        ▄▄▀▀▄▄████████████████████▌▌       █         █       ▐▐████████████████
    ▄▄▀▀▄▄████████████████████████▐  ▄▀   ▐▌        ▐▌        ▌████████████████
▄▄▀▀▄▄███████████████████████▀▀▀▄▄█▀▀     █         █         ▌████████████████
▄▄███████████████████████▀▀▄▄▀▀▀         █         ▐▌   ▀▄    ▐ ███████████████
███████████████████████▀▄▀▀            ▄█▌         █      ▀▄▄▄▄█▄▄▀▀▀██████████
█████████████████████▌▄▀            ▄▀▀ █         ▐▌  ▄█▀▀▀       ▀▀▀▄▄▀███████
█████████████████████▐            ▄▀   █          █▄▀▀                 ▀▄▀█████
████████████████████ ▓▌          ▐    █         ▄█▀                      █ ████
███████████████████▌▒▒▓          ▌  ▄▀         █▀                         █ ███
████████████▀▀▀▄▄▄▄▄▄▓▌         ▐  █         ▄▀                            █ ██
█████████▀▄▄▀▀▀      ▀▀▀▀▀▀▀▄▄▄▄█▄█        ▄▀                               █▐█
████████ █                      █▀       ▄▀                                  ▌█
████▀▀▄▄█            ▀▄▄      ▄█       ▄▀                                    ▐▐
█▀▄▄▀▀▄▐▌               ▀▀▄  █▀      ▄▀                                      ▐▐
▄▀▄▄▀▀ █                   ▀█       ▄▀                                        ▌
▄▀     █                   ▐▌      █▀                                         ▌
   ▄▄▀█▐▌                  █      █                                           ▌
▄▄▀▄▄▐  █                 █      █▀▄                                          ▌
▄▄███▄▀▀▀▀▄              ▐▌     ▐▌  ▀▄                                        ▌
██████████▄▀▄            █      █     ▀▄                ▒        ▓           ▐▐
████████████▄▀▀▄▄        █      ▀▄      ▀▄                 ▓   ▒▓            ▐▐
███████████████▄▄▀▀▄▄    █       ▀▄       ▀▄   ▄▄▄▄         ▓▓     ▒         ▌█
███████████████████▄▄▀▀▄▄▐▌        ▀▄       ▀▀▀    ▀▀▄ ▄▄▀▀▀▒▓▓  ▓          █▐█
███████████████████████▄ ██          ▀▄               ▌     ▓▓▀▓           █ ██
█████████████████████████ █▌           ▀▀▄▄▄▄▄▄       ▐▄▄▀▀▀▀▄▄▒▀▄       ▄▀▄███
██████████████████████████ █                   █      ▐▄▄▄▄▄▄▓▄█▄ ▀▄ ▄█▄▀▄█████
███████████████████████████▐▌          █▀▀▀▀▀▀▀       ▐▄▄  ▓▒▓▓▀ ▄    ▀ █ █████
███████████████████████████▌█           ▀▄            ▌  ▀▀▓▀▓▓▒▓   ▓    █▐████
████████████████████████████▐▌      ▄▄    ▀▄          ▌▄▄   ▓▓▀ ▓▒       ▐▌████
████████████████████████████▌█   ▌  ▐ ▀▄    ▀▄       ▐   ▀▀▀ ▓    ▓      ▐▌████
█████████████████████████▀▀▄▄▀█  ▐   ▀▄ ▀▀▄   ▀▄     ▐   ▓  ▓▒   ▓       █▐████
█████████████████████▀▀▄▄▀▀    █  ▀▄   ▀▄  ▀▀▄  ▌     ▌     ▓        ▓  ▐▌█████
█████████████████▀▀▄▄▀▀         ▀▄  ▀▄   ▀▄   ▀▀      ▌                 █▐█████
██████████████▀▄▄▀▀               ▀▄  ▀▄   █          ▐                █ ██████
▀▀▀▀▀▀▀▀▀▀▀▀▀▄▀                     ▀▀▄▄▀█▄▄█         ▐               █ ▀▀▀▀▀▀▀
██████████▀▄▀                           ▀▀ █           ▌            ▄▀▄████████
█████████ █                                █           ▌         ▄▄▀▄██████████
████████▌█                                  █          ▒     ▄▄▀▀▄▄████████████
████████▐                                    █          ▌▄▄▀▀▄▄████████████████
███████▌▌                                     █         ▀▄ ████████████████████
███████▐                                     ▄▓█          █▐███████████████████
███████▐                                ▄▄░▀▀▄▄ █      ▐  █▐███████████████████
██████▌▌                          ▄▄▄▀▀▀▄▄▄█████ ▒▄  ▐  ▀▄▌████████████████████
██████▌▌                    ▄▄▄▒▀▀▄▄▄████████████▄▄▀▄ ▀▄█▀▄████████████████████
██████▐                 ▄▄▀▀▄▄▄▄████████████████████▄▀▀▀▄██████████████████████
██████▐               ▄▀▄▄█████████████████████████████████████████████████████
██████▐              ▐▐████████████████████████████████████████████████████████
██████▐              ▌███████████████████████████████ ▄▄ ▀█████████████████████
▄▄▄▄▄▄▄▄▄▄▄▄▄▄▄▄▄▄▄▄▄▄▄▄▄▄▄▄▄▄▄▄▄▄▄▄▄▄▄▄▄▄▄▄▄▄▄▄▄▄▄▄▄▄▄██▄▄▄▄▄▄▄▄▄▄▄▄▄▄▄▄▄▄▄▄▄▄
▌▄▄▄▄▄▄▄▀█▀▄▄▄▄▀▄▄▄▄▄▄▄▀▄▄▄▄▀▄▄▄▄▀▄▄▄▄▀▀▄▄▄▄▀███▀▄▄▄▄▀████▀▄▄▄▄▀▄▄▄▄▀▄▄▄▄▀▄▄▄▄▐
█▐███▐██▌▌██▐███▐███▐███▐███▌███▌██▐███▐███|███▌██▐███▐███▐█▓█ ██▐███▐███▌███▌█
█▌███|███▐██|███▌███|███▌███▐███▐██|███▌███▐███▐██|███▌███|▀▀▄▐██|███▌███▐███▐█
█▌███|███▐██|███▌███|███▌███|███▐██|███▌███▐███▐██|███▌███▐▀▀▀▐██|███▌███|███▐█
█▌█▓█▐▓█▌▐█▓|██▓▌█▓█▐█▓█|█▓█|▓██▐▓█|██▓▌███▐█▀▀▐█▓|███▌█▓█▐█▓█▐▓█|██▓▌█▓█|███▐█
█▌▒▒▓▀▀▀▐▐▒▒|█▒▒▌▒▒█▀▒▒▄|▒▒▒|▒▒▓▐▒▒|█▒▒▌▓█▓|▄▒▀▐▒▒▀█▓█▌▒▒█|▒▒▓▐▒▒|█▒▒▌▒▒▒|▒█▓▐█
▌▄░▒▒▐███▌░░▐▒▒░|░▒▒|░▒▒▄░░░|░▒▒|░░▐▒▒░|▒▒▒▐▓▒░▐▒░|▒▒▒▌░▒▒|░▒▒|░░▐▒▒░▄░░░|░▒▒▐█
█▄▀░░▄▐███▄▀░░▀▄▀▀░░|▀░░▄▀▀▀▄▀░░▄▄▀░░▀▄▄░░▀▀▀▀▀▄░▀|▀░░▌▀░░▄▀░░▄▄▀░░▀▄▄▀▀▀▄▀░░▄▐
▀▀█▄▄▄█▀▀▀▀█▄▄█▀▀█▄▄██▄▄▄█▀▀▀█▄▄▄██▄▄██▄▄▄▄▀▀▀██▄▄▀▄▄▄▄█▄▄▄█▄▄▄██▄▄█▀▀▀▀▀▀█▄▄▄█
▀▄▄▄▄▄▄▄▀▀▄▄▄▄▄▄▄▄▄▄▄▄▄▄▄▄▄▀▄▄▄▄▄▄▄▄▄▄▄▄▄▄▄▄▀▄▄▄▄▄▄▄▄▄▄▄▄▄▄▄▄▄▄▄▄▄▄▄▄▀▀▀▀▄▄▄▄▄▄
---───────────────────────────────────────────────────> PORNOLATiON PRESENTS...
▀▀▀▀▀▀▀▀▀▀▀▀▀▀▀▀▀▀▀▀▀▀▀▀▀▀▀▀▀▀▀▀▀▀▀▀▀▀▀▀▀▀▀▀▀▀▀▀▀▀▀▀▀▀▀▀▀▀▀▀▀▀▀▀▀▀▀▀▀▀▀▀▀▀▀▀▀▀▀
 
 Title          : Viewer.Discretion.Is.Advised Disc 2 @ Evil Angel
 Release date   : 02 September 2013 
 Store Release  : 28 August 2013 

 Size           : 30 x 50 MB 
 Source Format  : NTSC DVD
 Format         : x264 @ crf 20 
 Resolution     : 16:9         
 Audio          : AAC-LC  
 
 Language       : English
 Category       : Big Tits 
 
 URL            : http://www.evilangel.com/en/Viewer-Discretion-Is-Advised/dvd/21631#!prettyPhoto 


    ▄                ▄        ■▄▄   ■
■▄ ■▌- Release Info -▐■ ▄■░▒▓█▀▀■▀▄■▌---──────────────────────────────────────>
  ▀▀                  ▀▀           ▀
   
 
 Director: Aiden Riley
 Starring: Ash Hollywood, Dana DeArmond, Kimberly Kane, Lia Lor, Mischa Brooks, Riley Reid, 
           Sinn Sage, Tori Lux 

 Description: 

 Filmmaker Aiden Riley has developed a unique style of hard-core videography while working
 as smut legend and lesbian aficionado Belladonna's partner in crime. Aiden's special take 
 on ôreality pornö has blossomed into a world of kinky, young alt-girl lovers with a taste
 for explicit, fetishistic foot play, bizarre toys and dyke perversion, intercut with revealing
 backstage footage and soul-baring conversation. ôViewer Discretion Is Advisedö is the director's
 new two-disc, six-and-a-half hour showcase of uninhibited, natural play featuring the current 
 favorites in Belladonna Entertainment's troupe of all-natural, Sapphic sluts. Adorable, young 
 blonde stoners Lia Lor and Ash Hollywood take bong hits while teasing the camera with their smooth,
 gorgeous legs. They peel out of their fragrant socks to suck on pretty, bare feet. Next is a 
 filthy scene starring girlfriends Dana DeArmond and Kimberly Kane. Wearing lacy, crotchless panties
 and knee socks, Dana blows soap bubbles while taunting us with her juicy, fat pussy and winking 
 asshole. Haughty, high-heeled bitch Kimberly masturbates, smoking a cigarette, then dominates Dana's
 soft ass with some spanking, lewd rimming and ferocious anal drilling from fingers and toes. 
 Tattooed, green-haired temptress Tori Lux, wearing stockings and a foxtail butt plug, gets off 
 with sultry domme Sinn Sage. Lastly, longhaired cuties Riley Reid and Mischa Brooks make out and
 petite Riley straddles her girlfriend's face. Riley and Mischa grind against each other in 
 orgasmic bliss. Should anybody watch Aiden Riley's newest display of genuine girl-girl nastiness?
 Unless you're ready for passionate filth, ôViewer Discretion Is Advisedö!

    ▄        ▄        ■▄▄   ■
■▄ ■▌- News -▐■ ▄■░▒▓█▀▀■▀▄■▌---──────────────────────────────────────────────>
  ▀▀          ▀▀           ▀

 We Release Movies For Free. We Do It For Fun, And We Do It For No Profit
 Except The Satisfaction Of Spreading The Wealth.

 WE DO NOT ACCEPT MONEY BRIBES
 WE DO NOT GIVE YOU LINKS OR FILL FILES FOR OUR RELEASES !!
 WE DO NOT RUN WWW LINK NOR AN IRC CHANNEL NEVER EVER !!
 WE DO NOT PROVIDE HELP FOR MISSING FILES / BAD FILES
 WE DO NOT CONDONE SELLING MOVIES FOR PROFIT <-- BAD !!
 WE DO NOT NEED COURIERS

 IRC  : NEVER EVER.
 WWW  : NEVER EVER.

  
■▄ ■▌- Editorial -▐■ ▄■░▒▓█▀▀■▀▄■▌---─────────────────────────────────────────>


 You wish.

■▄ ■▌- Members -▐■ ▄■░▒▓█▀▀■▀▄■▌---───────────────────────────────────────────>


 Nope.


■▄ ■▌- Greetings -▐■ ▄■░▒▓█▀▀■▀▄■▌---─────────────────────────────────────────>


 your mother

 
■▄ ■▌- Disclaimer -▐■ ▄■░▒▓█▀▀■▀▄■▌---────────────────────────────────────────>



■▄ ■▌- Final Words -▐■ ▄■░▒▓█▀▀■▀▄■▌---───────────────────────────────────────>


 Preach..

                 ■   ▄▄■        ▄                                         ▄
<─────────────---▐■▄▀ ▀▀█▓▒░■▄ ■▌- ASCii By `high24[7 @ HighOnASCii 2006 -▐■ ▄■
                  ▀           ▀▀                                           ▀▀
