ÔĽŅ
                                                                     ‚ĖĄ‚Ėą‚ĖĄ
                                                                  ‚ĖĄ‚Ėą‚Ėą‚Ėą‚ĖÄ‚Ėą
                                                                ‚ĖĄ‚Ėą‚Ėą‚Ėą‚ĖÄ‚ĖĎ‚ĖĄ‚Ėą‚ĖĆ
                                                              ‚ĖĄ‚Ėą‚Ėą‚ĖÄ‚ĖÄ‚ĖĎ‚ĖĎ‚ĖĄ‚Ėą‚Ėą‚ĖĆ
                                                            ‚ĖĄ‚Ėą‚Ėą‚ĖÄ‚ĖĎ‚ĖĎ‚ĖĎ‚ĖĄ‚ĖÄ  ‚Ėą‚ĖĆ
                                                          ‚ĖĄ‚Ėą‚Ėą‚ĖÄ‚ĖĎ‚ĖĎ‚ĖĎ‚ĖĄ‚ĖÄ ‚ĖĄ  ‚Ėą‚ĖĆ
                                                        ‚ĖĄ‚Ėą‚Ėą‚ĖÄ‚ĖĎ‚ĖĎ‚ĖĎ‚ĖĄ‚ĖÄ  ‚ĖÄ   ‚Ėź‚ĖĆ
                                                      ‚ĖĄ‚Ėą‚Ėą‚ĖÄ‚ĖĎ‚ĖĎ‚ĖĎ‚ĖĄ‚ĖÄ ‚ĖĄ‚ĖÄ     ‚Ėź‚Ėą
                                                     ‚Ėą‚Ėą‚ĖÄ‚ĖĎ‚ĖĎ‚ĖĎ‚ĖĄ‚ĖÄ  ‚ĖÄ        ‚Ėą‚ĖĆ
                                                   ‚ĖĄ‚Ėą‚Ėą‚ĖĎ‚ĖĎ‚ĖĎ‚ĖĄ‚ĖÄ             ‚Ėą‚ĖĆ
                                                  ‚ĖĄ‚Ėą‚ĖĄ‚ĖĎ‚ĖĎ‚ĖĄ‚ĖÄ    ‚Ėď          ‚Ėą‚ĖĆ
                                                 ‚Ėą‚Ėą‚Ėą‚Ėą‚ĖĄ‚ĖÄ                ‚ĖĄ‚Ėą‚ĖĆ
      ‚ĖĄ‚ĖĄ                                       ‚ĖĄ‚Ėą‚Ėą‚ĖÄ                   ‚ĖĄ‚Ėą‚Ėą‚ĖĆ  
    ‚ĖĄ‚Ėą‚Ėą‚Ėą‚Ėą                                    ‚ĖĄ‚Ėą‚Ėą‚ĖÄ                    ‚Ėą‚Ėą‚Ėą‚Ėą‚ĖĆ    
  ‚ĖĄ‚Ėą‚Ėą‚Ėą‚Ėą‚Ėą‚Ėą‚Ėą‚ĖĄ               ‚ĖĄ                 ‚Ėą‚Ėą‚ĖÄ                    ‚ĖĄ‚Ėą‚Ėą‚ĖÄ‚Ėź‚Ėą     
 ‚ĖĄ‚Ėą‚Ėą‚Ėą‚Ėą‚Ėą‚Ėą‚Ėą‚Ėą‚Ėą‚Ėď‚ĖĄ           ‚ĖĄ‚Ėą‚Ėą‚Ėą‚ĖĄ              ‚Ėą‚Ėą                     ‚Ėą‚Ėą‚Ėą ‚Ėź‚Ėą‚ĖÄ     
‚ĖĄ‚Ėą‚Ėą‚Ėą‚Ėą‚Ėą‚Ėą‚Ėą‚Ėą‚ĖÄ‚Ėď‚ĖĎ‚ĖĎ‚Ėď‚ĖĄ       ‚ĖĄ‚Ėą‚Ėą‚ĖÄ‚Ėď‚ĖÄ‚Ėą‚Ėą‚ĖĄ          ‚ĖĄ‚Ėą‚Ėą ‚Ėď       ‚ĖĄ‚ĖĄ         ‚ĖĄ‚Ėą‚Ėą‚Ėą ‚Ėź‚Ėą      
‚Ėą‚Ėą‚Ėą‚Ėą‚Ėą‚Ėą‚Ėą‚Ėą‚ĖĎ‚ĖĎ‚ĖĎ‚ĖĎ‚ĖĄ‚Ėą‚Ėą‚Ėą‚ĖĄ   ‚ĖĄ‚Ėą‚Ėą‚ĖÄ‚Ėď‚Ėí‚Ėď‚Ėď‚Ėď‚ĖÄ‚Ėą‚Ėą‚ĖĄ      ‚ĖĄ‚Ėą‚Ėą‚ĖÄ         ‚Ėą‚ĖĎ‚ĖÄ‚Ėą       ‚Ėą‚Ėą‚Ėą‚Ėą ‚Ėź‚Ėą       
 ‚ĖÄ‚Ėą‚Ėą‚Ėą‚Ėą‚Ėą‚ĖĎ‚ĖĎ‚ĖĎ‚ĖĎ‚ĖĄ‚Ėą‚Ėą‚Ėą‚Ėą‚Ėą‚Ėą‚ĖĄ‚Ėą‚Ėą‚ĖÄ‚Ėď‚ĖĎ‚Ėí‚Ėď‚Ėą‚Ėď‚Ėď‚Ėď‚Ėď‚ĖÄ‚Ėą‚Ėą‚ĖĄ‚ĖĄ ‚ĖĄ‚Ėą‚Ėą‚Ėą          ‚Ėź‚ĖĆ  ‚Ėź‚ĖĆ    ‚ĖĄ‚Ėą‚Ėą‚Ėą‚ĖÄ ‚Ėź‚Ėą       
  ‚ĖÄ‚Ėą‚Ėą‚ĖÄ‚ĖĎ‚ĖĎ‚ĖĎ‚ĖĎ‚ĖĄ‚Ėą‚Ėą‚Ėą‚Ėą‚Ėą‚Ėą‚Ėą‚Ėą‚Ėą‚Ėď‚ĖĎ‚Ėí‚Ėí‚Ėď‚Ėď‚Ėď‚Ėď‚Ėď‚ĖĄ‚Ėď‚Ėď‚Ėď‚ĖÄ‚Ėą‚Ėą‚Ėą‚Ėą‚Ėą‚ĖÄ            ‚ĖÄ‚Ėą‚Ėą‚ĖÄ    ‚Ėą‚Ėą‚Ėą‚Ėą‚ĖÄ ‚Ėź‚Ėą   
    ‚ĖÄ‚ĖĎ‚ĖĎ‚ĖĎ‚ĖĎ‚Ėą‚Ėą‚Ėą‚Ėą‚Ėą‚Ėą‚Ėą‚Ėą‚Ėą‚ĖĎ‚Ėď‚Ėď‚Ėí‚ĖĄ‚Ėą‚ĖÄ‚Ėą‚ĖĄ‚Ėí‚Ėď‚Ėą‚Ėď‚Ėď‚Ėď‚Ėď‚ĖĄ‚Ėą‚Ėą‚ĖÄ        ‚ĖĄ‚ĖĄ          ‚ĖĄ‚Ėą‚Ėą‚Ėą‚ĖÄ  ‚Ėź‚Ėą   SunZero
      ‚ĖÄ‚ĖĎ‚Ėą‚Ėą‚Ėą‚Ėą‚Ėą‚Ėą‚Ėą‚Ėą‚ĖÄ‚Ėď‚Ėí‚Ėď‚Ėí‚Ėź‚Ėą  ‚ĖĎ‚Ėą‚ĖĆ‚Ėí‚Ėď‚ĖĎ‚Ėď‚ĖĄ‚Ėą‚Ėą‚ĖÄ         ‚Ėą‚ĖĎ‚ĖÄ‚Ėą        ‚Ėą‚Ėą‚Ėą‚Ėą‚ĖÄ  ‚Ėź‚Ėą      ^06
 ‚ĖĄ      ‚ĖÄ‚Ėą‚Ėą‚Ėą‚Ėą‚Ėą‚Ėą‚ĖÄ‚Ėí‚Ėď‚Ėí‚Ėą‚Ėí‚Ėí‚ĖÄ‚Ėą‚ĖĄ‚Ėą‚ĖÄ‚Ėď‚Ėí‚Ėď‚ĖĄ‚Ėą‚Ėą‚ĖÄ          ‚Ėź‚ĖĆ  ‚Ėź‚ĖĆ     ‚ĖĄ‚Ėą‚Ėą‚Ėą‚Ėą   ‚Ėź‚Ėą‚ĖĄ
    ‚Ėí     ‚Ėą‚Ėą‚Ėą‚ĖÄ‚Ėí‚Ėď‚Ėí‚ĖĎ‚Ėí‚Ėď‚Ėď‚Ėí‚Ėí‚Ėď‚Ėí‚Ėí‚Ėď‚Ėí‚ĖĄ‚Ėą‚Ėą‚ĖÄ             ‚ĖÄ‚Ėą‚Ėą‚ĖÄ    ‚ĖĄ‚Ėą‚Ėą‚Ėą‚Ėą‚ĖÄ   ‚Ėź‚Ėą‚Ėí‚Ėą  ‚ĖĄ ‚Ėí
     ‚ĖĄ  ‚ĖĄ‚Ėą‚Ėą‚ĖÄ‚Ėí‚Ėí‚ĖĎ ‚Ėď‚Ėí‚Ėą‚Ėď ‚Ėí‚Ėď‚Ėí‚ĖĎ‚Ėí‚ĖĄ‚Ėą‚Ėą‚ĖÄ         ‚ĖĄ‚ĖĄ          ‚ĖĄ‚Ėą‚Ėą‚Ėą‚Ėą‚ĖÄ    ‚Ėź‚Ėą‚ĖĎ‚ĖĎ‚Ėą‚Ėą‚ĖĄ
   ‚ĖĄ‚ĖÄ‚Ėą‚Ėď‚ĖĄ‚ĖĄ ‚ĖĎ‚Ėď‚ĖĎ‚Ėí‚ĖĎ‚Ėď‚ĖĎ‚Ėí‚Ėí‚ĖĎ‚Ėď‚Ėď‚Ėí‚Ėí‚ĖĄ‚Ėą‚Ėą‚ĖÄ    ‚Ėí ‚ĖĄ‚ĖĄ  ‚Ėą‚ĖÄ‚ĖÄ‚Ėą        ‚ĖĄ‚Ėą‚Ėą‚Ėą‚ĖÄ     ‚ĖĄ‚Ėą‚ĖĎ‚ĖĎ‚ĖĎ‚ĖĎ‚Ėď‚Ėą‚ĖĄ‚ĖÄ  ‚Ėí
     ‚ĖĄ‚Ėą‚ĖÄ‚Ėą‚Ėą‚ĖĄ‚ĖĄ‚ĖĎ‚ĖĎ‚ĖĎ‚Ėí‚ĖĎ‚ĖĄ‚ĖĎ‚ĖĎ‚Ėď‚ĖĎ‚ĖĄ‚Ėą‚Ėď‚ĖÄ    ‚Ėí   ‚ĖĄ‚Ėą‚Ėą‚Ėą‚ĖĆ‚Ėí‚ĖĄ‚Ėź‚ĖĆ  ‚Ėí  ‚ĖĄ‚Ėą‚Ėą‚Ėą‚Ėą‚ĖÄ    ‚ĖĄ‚Ėą‚ĖÄ‚ĖĎ‚ĖĎ‚ĖĎ‚ĖÄ‚ĖĄ‚ĖÄ‚Ėą
  ‚ĖĎ ‚Ėą‚Ėą‚Ėí‚Ėí‚Ėí‚ĖĎ‚ĖÄ‚Ėą‚Ėą‚ĖĄ‚ĖĎ‚ĖĎ‚Ėą‚ĖĄ‚ĖĎ‚ĖĎ‚ĖĎ‚ĖĄ‚Ėą‚Ėą‚ĖÄ ‚ĖĄ‚ĖÄ     ‚Ėą‚ĖÄ‚Ėí‚Ėí‚ĖÄ‚ĖÄ‚ĖÄ‚ĖĎ‚Ėą‚ĖÄ‚ĖĄ‚ĖĄ‚ĖĄ‚ĖĄ‚Ėą‚Ėą‚Ėí‚Ėą‚Ėą‚ĖÄ  ‚Ėí ‚ĖĄ‚Ėą‚ĖĎ‚ĖĎ‚ĖĎ‚ĖĎ‚ĖĎ‚ĖĎ‚ĖĄ‚Ėą   ‚ĖÄ ‚Ėí ‚ĖĄ
 ‚ĖĄ‚ĖĄ‚Ėą‚Ėď‚Ėí‚Ėí‚ĖĎ‚Ėí‚Ėí‚Ėí‚ĖĎ‚Ėí‚ĖÄ‚Ėą‚Ėą‚Ėą‚Ėą‚Ėą‚ĖĄ‚Ėą‚Ėą‚ĖÄ ‚ĖĄ‚ĖÄ‚Ėí‚ĖĄ ‚ĖĄ‚Ėą‚Ėą‚Ėą‚ĖÄ‚Ėí‚Ėí‚Ėí‚Ėí‚Ėí‚Ėí‚Ėí‚Ėí‚Ėď‚Ėí‚Ėí‚Ėą‚ĖÄ‚ĖÄ‚Ėí‚Ėí‚Ėí‚ĖÄ‚ĖÄ‚ĖÄ‚Ėí‚Ėą‚Ėą‚Ėą‚ĖĎ‚ĖĎ‚ĖĎ‚ĖĎ‚ĖĎ‚ĖĄ‚ĖÄ‚ĖÄ‚ĖÄ‚Ėą‚Ėą‚ĖĄ‚Ėí  ‚ĖÄ‚ĖĄ‚ĖĄ
 ‚Ėí‚Ėí‚Ėí‚Ėí‚ĖĎ‚Ėí‚ĖÄ‚ĖÄ‚ĖÄ‚ĖÄ‚ĖĄ‚ĖĄ‚Ėď‚Ėí‚Ėí‚Ėí‚Ėí‚ĖÄ‚Ėą‚Ėą‚Ėą‚Ėą‚ĖÄ‚Ėí‚Ėď‚Ėí‚Ėą‚ĖÄ‚ĖÄ‚ĖÄ‚Ėí‚Ėí‚Ėí‚Ėí‚ĖĄ‚ĖÄ‚ĖÄ‚ĖĄ‚Ėí‚ĖĎ‚Ėí‚ĖĎ‚ĖĎ‚Ėí‚Ėí‚Ėí‚Ėí‚Ėí‚Ėí‚ĖĄ‚Ėí‚Ėí‚Ėí‚Ėí‚Ėí‚Ėí‚ĖÄ‚Ėą‚Ėą‚Ėí‚ĖÄ‚ĖÄ‚ĖĎ‚Ėď‚Ėí‚Ėí‚ĖĎ‚ĖĎ‚ĖÄ‚Ėą‚Ėą‚Ėą‚Ėą‚Ėą‚ĖÄ
  ‚Ėí‚Ėí‚ĖĎ‚Ėí‚Ėí‚ĖĎ‚Ėď‚ĖĎ‚Ėí‚Ėí‚ĖĎ‚Ėí‚Ėí‚Ėí‚Ėí‚Ėď‚Ėí‚Ėí‚Ėí‚ĖĎ‚Ėí‚Ėí‚ĖĄ‚ĖĄ‚ĖĄ ‚Ėí‚Ėí‚Ėí‚Ėí‚ĖĎ‚ĖĎ‚Ėí‚Ėí‚Ėí‚Ėí‚Ėí‚Ėď‚Ėí‚ĖĎ‚Ėí‚Ėí‚ĖĎ‚Ėą‚ĖĎ‚ĖĄ‚ĖĄ‚ĖÄ‚ĖÄ‚ĖÄ‚ĖÄ‚ĖÄ‚Ėą‚Ėí‚Ėí‚Ėí‚Ėí‚Ėí‚Ėí‚Ėí‚Ėí‚Ėí‚Ėí‚Ėí‚Ėí‚Ėí‚Ėí‚Ėí‚Ėď‚Ėí‚Ėí‚Ėí‚Ėí‚Ėí
  ‚Ėí‚Ėí‚ĖĎ‚ĖĎ‚Ėď‚ĖĎ‚Ėí‚ĖĎ‚Ėí‚ĖĎ‚Ėí‚ĖĎ‚ĖĎ‚Ėď‚ĖĎ‚Ėď‚ĖĎ‚Ėí‚Ėí‚Ėí‚Ėí‚ĖĎ‚Ėí‚Ėí‚Ėí‚Ėí‚Ėí‚Ėą‚Ėí‚Ėď‚Ėí‚Ėí‚ĖĎ‚ĖĎ‚ĖĎ‚Ėí‚Ėí‚ĖĎ‚ĖĎ‚Ėí‚Ėí‚Ėí‚Ėí‚Ėď‚ĖĎ‚ĖĎ‚Ėí‚Ėí‚Ėí‚Ėí‚Ėí‚ĖĎ‚Ėí‚Ėí‚Ėď‚Ėí‚ĖĎ‚ĖĎ‚ĖĎ‚ĖĎ‚Ėí‚Ėď‚Ėí‚Ėí‚ĖĎ‚Ėí‚Ėí‚Ėí‚Ėí‚Ėí‚Ėí‚Ėď‚ĖÄ
  ‚Ėí‚Ėí‚Ėí‚Ėí‚Ėí‚Ėí‚Ėí‚Ėí‚ĖĎ‚ĖÄ      ‚ĖÄ‚ĖĎ‚Ėí‚Ėí‚ĖÄ     ‚ĖÄ‚Ėí‚Ėí‚Ėí‚Ėí‚ĖĎ‚ĖĎ‚Ėí‚Ėí‚ĖĎ‚ĖĎ‚ĖÄ    ‚ĖÄ‚Ėí‚Ėí‚ĖĎ‚ĖĎ‚ĖĎ‚ĖĎ‚ĖĎ‚ĖĎ ‚Ėď‚ĖĎ‚ĖĎ   ‚Ėí‚Ėď‚ĖĎ‚ĖĎ   ‚Ėí‚ĖĎ‚Ėą
   ‚ĖÄ‚Ėí‚Ėí‚Ėí‚Ėí‚ĖÄ ‚ĖĄ‚ĖĄ‚Ėą‚Ėą‚Ėą‚Ėą‚Ėą‚Ėą‚ĖĄ‚ĖĄ   ‚ĖĄ‚Ėą‚Ėą‚Ėą‚ĖĄ    ‚ĖÄ‚Ėą‚ĖĎ‚ĖĎ‚ĖĎ‚ĖĎ  ‚Ėą  ‚Ėą ‚ĖÄ‚ĖĎ‚ĖĎ‚Ėď‚Ėí‚ĖÄ       ‚Ėí      ‚Ėą
  ‚Ėí  ‚Ėą   ‚Ėą‚Ėą‚Ėą‚Ėą‚Ėą‚Ėą‚Ėą‚Ėą‚Ėą‚Ėą‚Ėą‚Ėą ‚Ėą‚ĖÄ‚ĖÄ  ‚ĖÄ‚Ėą ‚Ėą   ‚ĖÄ    ‚Ėą‚Ėą  ‚Ėą‚Ėą  ‚Ėą    ‚ĖĄ         ‚ĖĄ‚Ėą‚Ėą‚ĖÄ
   ‚ĖĄ    ‚Ėą‚Ėą‚Ėą‚Ėą‚Ėď‚ĖÄ‚ĖÄ‚ĖÄ   ‚ĖÄ‚Ėą‚Ėą‚Ėą     ‚ĖÄ‚Ėą‚Ėą‚Ėą     ‚Ėí ‚Ėą‚Ėą  ‚Ėą‚Ėą      ‚ĖÄ‚ĖĄ‚ĖÄ     ‚ĖĄ‚Ėą‚Ėą‚Ėą‚ĖÄ
       ‚Ėą‚Ėą‚Ėą‚Ėą          ‚Ėą‚ĖĄ     ‚Ėą‚Ėą ‚Ėą       ‚Ėą‚Ėą  ‚Ėą‚Ėą            ‚ĖĄ‚Ėą‚Ėą‚Ėď‚ĖÄ      ‚ĖĄ‚ĖÄ‚ĖÄ‚ĖĄ
      ‚Ėą‚Ėą‚Ėą‚ĖÄ            ‚ĖÄ‚Ėą‚ĖĄ‚ĖĄ‚ĖĄ‚Ėą‚ĖÄ  ‚Ėą‚Ėą      ‚Ėą‚Ėą‚Ėą ‚Ėą‚Ėą         ‚ĖĄ‚Ėą‚Ėą‚Ėą‚ĖÄ‚ĖÄ        ‚ĖÄ‚ĖĄ‚Ėď‚ĖÄ
  ‚ĖĄ   ‚Ėą‚Ėą‚Ėą               ‚ĖĄ      ‚Ėą‚Ėą      ‚Ėą‚Ėą‚Ėą ‚Ėą‚Ėą       ‚ĖĄ‚Ėą‚Ėą‚Ėą‚ĖÄ
 ‚ĖÄ‚ĖĄ‚ĖÄ  ‚Ėą‚Ėą‚Ėą‚Ėą‚ĖĄ‚ĖĄ            ‚Ėą‚Ėą‚Ėą   ‚Ėą‚Ėą‚Ėą‚Ėą     ‚Ėď‚Ėą‚Ėą ‚Ėą‚Ėą‚ĖĄ   ‚ĖĄ‚Ėą‚Ėą‚Ėą‚ĖÄ‚ĖÄ       ‚ĖĄ‚ĖÄ‚ĖÄ‚ĖĄ
       ‚ĖÄ‚Ėą‚Ėą‚Ėą‚Ėą‚Ėą‚Ėą‚Ėą‚Ėą‚Ėą‚Ėą‚ĖĄ‚ĖĄ    ‚Ėą‚Ėą‚Ėą   ‚Ėą‚Ėą‚Ėą‚Ėą     ‚Ėď‚Ėą‚Ėą ‚Ėą‚Ėą‚Ėą‚Ėą‚ĖĄ‚Ėą‚Ėą‚ĖÄ           ‚ĖÄ‚ĖĄ‚ĖĄ‚ĖÄ
               ‚ĖÄ‚ĖÄ‚Ėą‚Ėą‚Ėą‚Ėą‚ĖĄ ‚Ėą‚Ėą‚Ėą‚Ėą   ‚Ėą ‚Ėą‚Ėą      ‚Ėą‚Ėą‚Ėą‚Ėą‚Ėą‚Ėą‚Ėą‚Ėą‚ĖÄ        ‚ĖÄ
                    ‚Ėą‚Ėą‚Ėą‚Ėą‚Ėą‚Ėą‚Ėą  ‚Ėą‚Ėą  ‚Ėą‚Ėą     ‚Ėą‚Ėą‚Ėą‚Ėą‚Ėą‚Ėą‚Ėą‚Ėą‚Ėą‚Ėą‚Ėą‚ĖĄ‚ĖĄ                 ‚ĖĄ
    ‚ĖĄ‚Ėą‚Ėą‚Ėą‚Ėą‚ĖÄ‚ĖĄ          ‚Ėą‚Ėą‚Ėą‚Ėą‚Ėą‚Ėí  ‚Ėą‚Ėą   ‚Ėą‚Ėą    ‚Ėą‚Ėą ‚Ėą‚Ėą‚ĖÄ  ‚ĖÄ‚Ėą‚Ėą‚Ėą‚Ėą‚Ėą‚Ėą‚ĖĄ‚ĖĄ
   ‚Ėą‚Ėą‚Ėą‚Ėą‚Ėą  ‚ĖÄ‚ĖĄ         ‚Ėą‚Ėą‚Ėą‚Ėą‚Ėą  ‚Ėą‚Ėą    ‚Ėą‚Ėą    ‚Ėą‚Ėą  ‚Ėą        ‚ĖÄ‚Ėą‚Ėą‚Ėą‚Ėą‚Ėą‚ĖĄ‚ĖĄ
  ‚Ėą‚Ėą‚Ėą‚Ėą‚Ėą             ‚Ėą‚Ėą‚Ėą‚Ėą‚Ėą‚Ėą  ‚Ėą‚Ėą    ‚ĖÄ‚Ėą‚Ėą   ‚Ėą‚Ėą  ‚Ėą            ‚ĖÄ‚ĖÄ‚Ėą‚Ėą‚Ėą‚Ėą‚ĖĄ
  ‚Ėą‚Ėą‚Ėą‚Ėą             ‚Ėą‚Ėą‚Ėą‚Ėą‚Ėą‚Ėą‚Ėą ‚Ėą‚Ėą      ‚ĖÄ‚Ėą‚Ėą  ‚Ėą‚Ėą  ‚Ėą                ‚ĖÄ‚ĖÄ‚Ėą‚Ėą‚Ėą‚ĖĄ‚ĖĄ
  ‚Ėą‚Ėą‚Ėą‚Ėą‚ĖĄ           ‚Ėą‚Ėą‚Ėą‚Ėą‚Ėą‚Ėą‚Ėą‚Ėą‚Ėą‚Ėą        ‚Ėą‚Ėą  ‚Ėą‚Ėą  ‚Ėą                    ‚ĖÄ‚ĖÄ‚Ėą‚Ėą‚Ėą‚ĖĄ‚ĖĄ
   ‚Ėą‚Ėą‚Ėą‚Ėą‚Ėą‚ĖĄ        ‚Ėą‚Ėą‚Ėą  ‚Ėą‚Ėą‚Ėą‚Ėą           ‚Ėą‚Ėą ‚Ėą‚Ėą  ‚Ėą                        ‚ĖÄ‚ĖÄ‚Ėą‚Ėą‚Ėą‚ĖĄ
   ‚ĖÄ‚Ėą‚Ėą‚Ėą‚Ėą‚Ėą‚Ėą‚Ėą‚ĖĄ  ‚ĖĄ‚ĖĄ‚Ėą‚Ėą‚Ėą   ‚Ėą‚Ėą‚Ėą‚Ėą            ‚Ėą‚Ėą‚Ėą‚Ėą  ‚Ėą                             ‚ĖÄ‚Ėą‚Ėą‚ĖĄ
     ‚ĖÄ‚ĖÄ‚Ėą‚Ėą‚Ėą‚Ėą‚Ėą‚Ėą‚Ėą‚Ėą‚Ėą‚Ėą‚ĖÄ   ‚ĖĄ‚Ėą‚Ėą‚Ėą‚Ėą             ‚Ėą‚Ėą‚Ėą
         ‚ĖÄ‚ĖÄ‚ĖÄ‚ĖÄ‚ĖÄ‚ĖÄ      ‚Ėą‚Ėą‚Ėą‚Ėą              ‚Ėą‚Ėą‚Ėą
                    ‚ĖĄ‚Ėą‚Ėą                 ‚Ėą‚Ėą
                                         ‚Ėą


            DuckTales.S01E01.Wronguay.In.Ronguay.DVDRip.XviD-SiNK
                                   
                                 - INFO -

            Release Date: 06.11.06          Store Date: 14.11.06 

            Source : NTSC                   Genre: Cartoon                 

            Runtime : 22 minutes            MB Size: 175

            Video Bit: 962 kb/s             Audio: mp3 mono

            Video Res: 576x432              Audio Bit: 93 kb/s
            
            Video Fps: 23.97
        
                                 - IMDB -

                     http://imdb.com/title/tt0092345/


                                
                                 - NOTES -
            The eps ive named S01E01 are part of a 5 episode pilot
            called Treasure of the Golden Suns. Enjoy!
                         

                               - GREETINGS - 
 
            - HNR - NTX - JUKEBOX - VoMiT - eXe - BBF - LUNAR - 


                 Got something to offer us? contact us at:        
               
                             teamsink@hush.com   
                                              
           ‚ĖĄ                                                       ‚ĖĄ   ‚ĖĄ‚Ėą‚ĖÄ‚Ėą‚ĖĄ 
  ‚ĖĄ‚Ėą‚ĖÄ‚Ėą‚ĖĄ   ‚Ėź ‚ĖĆ                                                     ‚Ėź ‚ĖĆ  ‚Ėą  ‚ĖĎ‚Ėą 
  ‚Ėą‚ĖĎ  ‚Ėą    ‚ĖÄ                    ‚ĖĄ‚ĖĄ‚Ėą‚Ėą‚Ėą‚Ėą‚Ėą‚Ėą‚ĖĄ‚ĖĄ‚ĖĄ          ‚Ėí    ‚ĖĄ‚Ėą‚ĖÄ‚Ėą‚ĖĄ    ‚ĖÄ   ‚ĖÄ‚Ėą‚ĖĄ‚Ėą‚ĖÄ 
  ‚ĖÄ‚Ėą‚ĖĄ‚Ėą‚ĖÄ         ‚ĖĄ‚Ėą‚ĖÄ‚Ėą‚ĖĄ         ‚Ėą‚ĖÄ‚Ėą‚Ėą‚Ėą‚Ėą‚Ėą‚Ėą‚Ėą‚Ėą‚Ėą‚Ėą‚Ėą‚Ėą‚Ėą‚Ėą‚ĖĄ‚ĖĄ          ‚Ėą  ‚ĖĎ‚Ėą              
            ‚ĖĄ‚Ėą‚ĖÄ‚Ėą‚Ėą  ‚Ėí‚Ėą         ‚Ėą‚ĖĎ‚Ėď‚Ėď‚Ėď‚ĖÄ‚ĖÄ‚ĖĎ‚ĖĎ‚ĖÄ‚ĖÄ‚Ėą‚Ėą‚Ėą‚Ėą‚Ėą‚Ėą‚Ėą‚Ėą‚Ėą‚Ėą‚ĖĄ‚ĖĄ‚ĖĄ  ‚ĖĄ‚Ėą‚ĖÄ‚Ėą‚ĖĄ‚Ėą‚ĖÄ  ‚ĖĄ‚Ėą‚ĖÄ‚Ėą‚ĖĄ       
       ‚Ėí    ‚Ėą  ‚ĖĎ‚Ėą‚Ėą‚ĖĄ‚Ėą‚ĖÄ         ‚Ėą‚ĖĎ‚Ėď‚ĖĎ‚ĖĎ‚ĖĎ‚Ėď‚ĖĎ‚ĖĎ‚ĖĎ‚Ėď‚Ėď‚ĖĎ‚ĖÄ‚Ėą‚Ėą‚Ėą‚Ėą‚Ėą‚Ėą‚Ėą‚Ėą‚Ėą‚Ėą‚Ėą‚Ėą‚Ėą‚Ėí  ‚Ėą    ‚Ėą  ‚Ėď‚Ėą       
            ‚ĖÄ‚Ėą‚ĖĄ‚Ėą‚ĖÄ             ‚Ėą‚ĖĎ‚Ėď‚Ėď‚ĖĎ‚ĖĎ‚Ėď‚Ėď‚Ėď‚Ėď‚ĖĎ‚Ėď‚ĖĎ‚Ėď‚ĖĎ‚ĖĎ‚Ėď‚Ėď‚Ėď‚ĖÄ‚ĖÄ‚Ėą‚Ėą‚Ėą‚Ėą‚Ėą‚ĖÄ‚Ėą‚ĖĄ‚Ėą‚ĖÄ‚ĖĄ   ‚ĖÄ‚Ėą‚ĖĄ‚Ėą‚ĖÄ       
                     ‚ĖĄ‚Ėą‚ĖÄ‚Ėą‚ĖĄ    ‚Ėą‚ĖĎ‚ĖĎ‚Ėď‚ĖĎ‚ĖĄ‚Ėą‚ĖÄ‚Ėą‚ĖĄ‚ĖĎ‚Ėď‚ĖĎ‚ĖĎ‚Ėď‚ĖĎ‚ĖĎ‚Ėď‚Ėď‚ĖĎ‚ĖĎ‚Ėď‚Ėď‚ĖĎ‚ĖÄ‚Ėą‚Ėą‚Ėą‚Ėą‚Ėą‚Ėą‚Ėą‚Ėą‚Ėą‚Ėą‚ĖĄ      ‚Ėí    
                     ‚Ėą‚ĖÄ ‚Ėď‚Ėą    ‚Ėą‚ĖĎ‚ĖĎ‚Ėď‚ĖĎ‚Ėą‚ĖĎ  ‚Ėą‚ĖĎ‚Ėď‚Ėď‚ĖĎ‚Ėď‚Ėď‚ĖĎ‚ĖĎ‚Ėď‚Ėď‚ĖĎ‚ĖĄ‚Ėą‚ĖÄ‚Ėą‚ĖĄ‚Ėď‚Ėď‚ĖÄ‚Ėą‚Ėą‚Ėí‚Ėí‚Ėí‚Ėí‚Ėą‚Ėą‚Ėą         
            ‚ĖĄ‚Ėą‚ĖÄ‚Ėą‚ĖĄ    ‚ĖÄ‚Ėą‚ĖĄ‚Ėą‚ĖÄ ‚Ėí  ‚Ėą‚ĖĎ‚ĖĎ‚Ėď‚ĖĎ‚ĖÄ‚Ėą‚ĖĄ‚Ėą‚ĖÄ‚ĖĎ‚Ėď‚Ėď‚Ėď‚ĖĎ‚Ėď‚ĖĎ‚ĖĎ‚Ėď‚Ėď‚Ėď‚Ėą  ‚Ėí‚Ėą‚Ėď‚Ėď‚ĖĎ‚Ėď‚Ėą‚Ėí‚ĖĎ‚Ėą‚ĖĄ‚Ėí‚Ėí‚Ėą‚Ėą        
            ‚Ėą‚ĖĎ  ‚Ėą             ‚Ėą‚ĖĎ‚ĖĎ‚Ėď‚ĖĎ‚ĖĎ‚Ėď‚Ėď‚Ėď‚Ėď‚ĖĎ‚Ėď‚Ėď‚Ėď‚ĖĎ‚Ėď‚Ėď‚ĖĎ‚Ėď‚Ėď‚Ėď‚ĖÄ‚Ėą‚ĖĄ‚Ėą‚ĖÄ‚Ėď‚Ėď‚ĖĎ‚Ėď‚Ėą‚Ėí‚Ėą‚Ėą‚Ėą‚Ėą‚ĖĄ‚Ėí‚Ėą‚Ėą       
            ‚ĖÄ‚Ėą‚ĖĄ‚Ėą‚ĖÄ      ‚ĖĄ‚ĖĄ‚ĖĄ‚ĖĄ‚ĖĄ  ‚Ėą‚ĖĎ‚Ėď‚Ėď‚ĖĎ‚ĖĎ‚Ėď‚Ėď‚Ėď‚ĖĄ‚Ėą‚ĖÄ‚Ėą‚ĖĄ‚ĖĎ‚Ėď‚Ėď‚ĖĎ‚Ėď‚Ėď‚Ėď‚ĖĎ‚Ėď‚Ėď‚Ėď‚ĖĎ‚Ėď‚Ėď‚ĖĎ‚ĖĎ‚Ėą‚Ėí‚Ėą‚Ėą‚Ėą‚Ėą‚Ėą‚ĖĄ‚Ėí‚Ėí‚ĖĆ      
                   ‚ĖĄ ‚ĖĄ‚Ėą‚Ėą‚Ėą‚ĖÄ‚Ėą‚Ėą‚Ėą‚ĖĄ‚Ėą‚ĖĎ‚ĖĄ‚Ėą‚ĖÄ‚Ėą‚ĖĄ‚Ėď‚Ėď‚Ėą‚Ėď  ‚Ėą‚Ėď‚Ėď‚Ėď‚ĖĎ‚Ėď‚Ėď‚Ėď‚ĖĎ‚Ėď‚Ėď‚Ėď‚ĖĄ‚Ėą‚ĖÄ‚Ėą‚ĖĄ‚Ėą‚Ėí‚Ėą‚Ėą‚Ėą‚Ėą‚Ėą‚Ėą‚Ėą‚Ėí‚ĖĆ      
                 ‚ĖĄ‚Ėą‚Ėą‚Ėą‚Ėź‚Ėą‚Ėą‚Ėą‚Ėą ‚Ėą‚Ėą‚Ėą‚Ėą‚Ėą‚Ėą  ‚ĖĎ‚Ėą‚ĖĎ‚ĖĎ‚ĖÄ‚Ėą‚ĖĄ‚Ėą‚ĖÄ‚Ėď‚ĖĄ‚Ėą‚ĖÄ‚Ėą‚ĖĄ‚ĖĎ‚ĖĎ‚Ėď‚ĖĄ‚ĖĎ‚Ėą‚ĖĎ  ‚Ėą‚Ėą‚Ėí‚Ėą‚Ėą‚Ėą‚Ėą‚Ėą‚Ėą‚Ėą‚Ėí‚ĖĆ      
                 ‚ĖĎ‚Ėą ‚Ėą‚ĖĎ‚Ėą‚Ėą‚Ėą‚Ėą‚ĖĄ‚ĖĄ‚Ėą‚Ėą‚Ėą‚Ėą‚ĖÄ‚Ėą‚ĖĄ‚Ėą‚ĖÄ‚ĖĄ‚ĖĎ‚ĖĎ‚ĖĎ‚ĖĎ‚ĖĎ‚Ėď‚Ėď‚Ėą‚Ėí  ‚Ėą‚ĖĎ‚ĖĎ‚Ėź ‚ĖĆ‚ĖÄ‚Ėą‚ĖĄ‚Ėą‚ĖÄ‚Ėą‚Ėí‚Ėą‚Ėą‚Ėą‚Ėą‚Ėą‚Ėą‚Ėí‚Ėí‚ĖĆ      
       ‚ĖĄ‚ĖÄ‚ĖÄ‚ĖĄ     ‚ĖĄ‚Ėą‚Ėą‚Ėź‚Ėą‚ĖÄ‚Ėą‚Ėą‚Ėą‚Ėą‚Ėą‚ĖÄ‚Ėą ‚ĖÄ‚Ėą‚ĖĆ‚Ėď ‚ĖĄ‚Ėą‚Ėą‚Ėą‚Ėą‚Ėą‚Ėą‚Ėą‚ĖĄ‚ĖĎ‚ĖÄ‚Ėą‚ĖĄ‚Ėą‚ĖÄ‚ĖĎ‚Ėď‚ĖĎ‚ĖÄ‚ĖĄ‚ĖĄ‚ĖĄ‚Ėď‚Ėď‚ĖĎ‚Ėą‚Ėí‚Ėą‚Ėą‚Ėą‚Ėą‚Ėą‚Ėí‚ĖĄ‚ĖĄ‚ĖĆ      
       ‚ĖÄ‚ĖĄ‚ĖĄ‚ĖÄ    ‚Ėą‚ĖÄ‚Ėą ‚Ėź‚Ėą‚ĖĎ‚ĖÄ‚Ėą‚Ėą‚Ėą ‚Ėą‚Ėą‚Ėą‚ĖĄ‚Ėą‚ĖĆ‚Ėď‚Ėą‚Ėą‚Ėą‚Ėą‚Ėą‚Ėą‚ĖÄ ‚ĖĄ‚Ėą‚Ėą‚ĖĎ‚ĖĄ‚ĖĎ‚ĖĎ‚ĖĎ‚ĖĎ‚ĖĎ‚ĖĎ‚Ėď‚Ėď‚Ėą‚ĖÄ‚Ėą‚Ėď‚Ėď‚Ėą‚Ėí‚Ėą‚Ėą‚ĖÄ‚Ėí‚Ėí‚ĖĄ‚Ėą        
               ‚Ėą‚Ėą‚ĖÄ ‚ĖĄ‚Ėą‚Ėą‚ĖÄ‚ĖĎ‚Ėą‚ĖĄ‚Ėą‚Ėą‚Ėą‚Ėą‚Ėą‚Ėą‚Ėď‚Ėą‚Ėą‚ĖĄ ‚ĖÄ‚ĖĄ‚Ėą‚ĖÄ‚Ėą‚Ėą‚Ėą‚Ėą‚Ėą‚Ėą‚ĖĄ‚Ėą‚ĖÄ‚Ėą‚ĖĄ‚ĖĄ‚ĖĎ‚Ėą‚ĖÄ‚Ėą‚Ėą‚Ėď‚Ėď‚Ėą‚Ėí‚ĖÄ‚ĖÄ‚Ėí‚ĖĄ‚Ėą‚ĖÄ         
              ‚Ėą‚Ėą ‚ĖĄ‚Ėą‚ĖÄ ‚ĖÄ‚Ėą‚Ėą‚ĖĎ‚Ėą‚Ėą‚Ėą‚Ėą‚Ėą‚Ėą‚Ėď‚Ėź‚Ėą‚Ėą‚Ėą‚Ėą‚Ėą‚Ėą‚Ėą‚ĖÄ ‚Ėą‚Ėą‚Ėą‚ĖÄ‚Ėď‚Ėą‚Ėď‚Ėď‚ĖĄ‚ĖĄ‚ĖÄ‚Ėą‚Ėą‚Ėą‚Ėą‚ĖĎ‚ĖĎ‚ĖĄ‚Ėą‚Ėí‚Ėą‚Ėą‚Ėą‚ĖÄ           
             ‚ĖĄ‚Ėą‚Ėą ‚Ėą‚ĖÄ‚Ėą‚Ėą‚ĖĄ ‚ĖÄ‚Ėď‚Ėď‚Ėď‚ĖÄ‚ĖÄ‚ĖÄ‚Ėď‚Ėą ‚Ėą‚ĖÄ‚Ėą‚Ėą‚Ėą‚Ėą‚Ėą‚Ėą‚Ėą‚Ėą‚ĖÄ‚ĖĎ‚ĖĄ‚Ėą‚Ėą‚Ėď‚Ėą‚ĖĎ‚Ėą‚Ėą‚ĖĄ‚Ėď‚Ėą‚ĖÄ‚ĖÄ‚Ėą‚Ėą‚Ėą‚Ėą‚Ėą    ‚ĖĄ‚Ėą‚ĖÄ‚Ėą‚ĖĄ     
           ‚ĖĄ‚ĖĄ‚Ėą‚ĖĄ‚ĖÄ ‚Ėą‚Ėí‚Ėí‚Ėí‚Ėí‚Ėą‚Ėą‚ĖĄ‚ĖĄ‚ĖĄ‚Ėď‚Ėď‚Ėď‚Ėď‚Ėą‚Ėą‚Ėď‚Ėź‚ĖĎ‚ĖĎ‚ĖĆ‚ĖĎ‚ĖĎ‚ĖĆ‚ĖĎ‚ĖĎ‚ĖĆ‚Ėą‚ĖÄ‚Ėď‚Ėď‚Ėą‚ĖĎ‚Ėą‚ĖÄ‚Ėą‚Ėą‚Ėą‚Ėď‚ĖĄ‚Ėą‚ĖÄ‚Ėí‚Ėą‚Ėą     ‚Ėą‚ĖĎ  ‚Ėą     
         ‚ĖĄ‚Ėą‚Ėą‚Ėą‚ĖĄ‚ĖÄ  ‚Ėą‚Ėí‚Ėą‚Ėą‚ĖĄ‚ĖĄ‚Ėí‚Ėí‚Ėí‚Ėí‚Ėą‚Ėą‚ĖĄ‚ĖÄ‚ĖÄ‚Ėď‚Ėď‚ĖÄ‚Ėą‚Ėą‚Ėą‚Ėą‚Ėą‚Ėą‚Ėą‚Ėą‚ĖÄ‚Ėą‚Ėą‚Ėď‚Ėą‚ĖĎ‚Ėą‚Ėą‚Ėą‚ĖÄ‚Ėą‚Ėą‚Ėą‚Ėí‚Ėí‚Ėď‚Ėą‚Ėí‚Ėą     ‚ĖÄ‚Ėą‚ĖĄ‚Ėą‚ĖÄ     
         ‚ĖÄ‚Ėą‚ĖĄ‚Ėą‚ĖÄ   ‚Ėą‚Ėí‚Ėą‚Ėą‚Ėą‚Ėą‚Ėą‚Ėą‚ĖĄ‚Ėí‚Ėí‚Ėí‚Ėí‚Ėą‚Ėą‚ĖĄ‚ĖĄ  ‚ĖĎ‚Ėď‚Ėď‚Ėď‚Ėď‚Ėď‚Ėď‚Ėą‚ĖÄ‚Ėą‚Ėď‚Ėą‚ĖĎ‚Ėą‚Ėą‚ĖÄ‚ĖĄ‚Ėą‚ĖĄ‚Ėí‚Ėí‚Ėą‚Ėą‚Ėą‚Ėí‚Ėą               
                 ‚Ėą‚Ėí‚Ėą‚Ėą‚Ėą‚Ėą‚Ėą‚Ėą‚Ėą‚Ėď‚Ėí‚Ėí‚Ėí‚Ėí‚Ėí‚Ėí‚Ėí‚Ėą‚Ėą‚Ėą‚ĖĄ‚ĖĄ‚ĖĄ  ‚Ėď‚Ėą‚Ėą‚Ėď‚ĖĎ‚ĖĎ ‚ĖÄ‚ĖĄ‚Ėą‚Ėą‚ĖÄ‚Ėą‚Ėí‚Ėą‚Ėą‚Ėą‚Ėą‚Ėí‚Ėą               
                 ‚Ėą‚Ėí‚Ėą‚Ėą‚Ėą‚Ėą‚Ėą‚Ėą‚Ėą‚Ėą‚Ėí‚Ėí‚ĖĄ‚Ėą‚ĖĄ‚Ėí‚Ėí‚Ėí‚Ėí‚Ėí‚Ėí‚Ėí‚Ėí‚Ėą‚Ėą‚Ėą‚ĖĄ‚ĖĄ‚ĖĎ‚Ėą ‚ĖĄ‚Ėą‚ĖÄ‚Ėí‚Ėí‚Ėą‚Ėą‚ĖĎ‚Ėą‚Ėą‚Ėą‚Ėą‚Ėí‚Ėą               
                 ‚Ėą‚Ėí‚Ėą‚Ėą‚Ėą‚Ėą‚Ėą‚Ėą‚Ėą‚Ėą‚ĖĄ‚Ėí‚Ėí‚Ėí‚ĖÄ‚Ėí‚Ėí‚Ėą‚ĖĎ‚Ėą‚Ėą‚ĖĄ‚Ėí‚Ėí‚Ėí‚Ėí‚Ėí‚Ėí‚Ėą‚ĖĄ‚Ėą‚Ėą‚Ėí‚Ėí‚Ėí‚Ėď‚ĖÄ‚Ėą‚ĖĎ‚Ėą‚Ėą‚Ėą‚Ėą‚Ėí‚Ėą               
                ‚ĖĄ‚Ėą‚Ėí‚Ėą‚Ėą‚Ėą‚Ėą‚Ėą‚Ėą‚Ėą‚Ėą‚Ėą‚Ėą‚Ėą‚Ėí‚ĖÄ‚Ėí‚Ėą‚Ėą‚Ėą‚Ėą‚Ėą‚Ėą‚Ėą‚Ėą‚Ėą‚Ėą‚Ėą‚Ėí‚Ėí‚Ėą‚ĖÄ‚Ėí‚Ėí‚Ėą‚Ėą‚Ėď‚Ėą‚Ėą‚ĖĎ‚Ėą‚Ėą‚Ėą‚Ėą‚Ėí‚Ėą               
           ‚ĖĄ‚ĖĄ‚Ėą‚Ėą‚Ėą‚Ėą‚Ėą‚Ėí‚Ėą‚Ėą‚Ėą‚Ėą‚Ėą‚Ėą‚Ėą‚Ėą‚Ėą‚Ėą‚Ėą‚Ėą‚Ėą‚Ėą‚Ėą‚Ėą‚Ėą‚Ėą‚Ėą‚Ėą‚Ėą‚Ėą‚Ėą‚Ėą‚Ėą‚Ėą‚Ėí‚Ėą‚Ėí‚Ėą‚Ėą‚Ėą‚Ėą‚Ėď‚ĖÄ‚Ėą‚ĖĎ‚Ėą‚Ėą‚Ėą‚Ėą‚Ėí‚Ėą               
        ‚ĖĄ‚Ėą‚Ėą‚Ėą‚ĖĄ‚Ėą‚ĖĄ‚ĖÄ ‚Ėą‚Ėí‚Ėą‚Ėą‚Ėą‚Ėą‚Ėą‚Ėą‚Ėą‚Ėą‚Ėą‚Ėą‚Ėą‚Ėą‚Ėą‚Ėą‚Ėą‚Ėą‚Ėą‚Ėą‚Ėą‚Ėą‚Ėą‚Ėą‚Ėą‚Ėą‚Ėą‚Ėą‚Ėí‚Ėą‚Ėí‚Ėą‚Ėą‚Ėą‚Ėą‚Ėď‚Ėą‚Ėą‚ĖĎ‚Ėą‚Ėą‚Ėą‚Ėí‚ĖĄ‚Ėą               
       ‚Ėą‚Ėą‚ĖĄ‚Ėą‚ĖÄ     ‚Ėą‚Ėí‚Ėí‚Ėí‚Ėą‚Ėą‚Ėą‚Ėą‚Ėą‚Ėą‚Ėą‚Ėą‚Ėą‚Ėą‚Ėą‚Ėą‚Ėą‚Ėą‚Ėą‚Ėą‚Ėą‚Ėą‚Ėą‚Ėą‚Ėą‚Ėą‚Ėą‚Ėą‚Ėí‚Ėą‚Ėí‚Ėą‚Ėą‚Ėą‚Ėą‚Ėď‚ĖÄ‚Ėą‚ĖĄ‚ĖĎ‚Ėí‚Ėí‚ĖĄ‚Ėą‚ĖÄ               
       ‚Ėą‚ĖÄ‚Ėą       ‚Ėą‚Ėą‚Ėą‚Ėí‚Ėí‚Ėí‚Ėí‚Ėď‚Ėą‚Ėą‚Ėą‚Ėą‚Ėą‚Ėą‚Ėą‚Ėą‚Ėą‚Ėą‚Ėą‚Ėą‚Ėą‚Ėą‚Ėą‚Ėą‚Ėą‚Ėą‚Ėą‚Ėą‚Ėí‚Ėą‚Ėí‚Ėą‚Ėą‚Ėą‚Ėą‚Ėď‚Ėą‚ĖÄ‚Ėą‚Ėí‚ĖĄ‚Ėą‚ĖÄ                 
       ‚Ėą‚Ėą‚Ėą‚Ėą‚ĖĄ‚ĖĄ‚ĖĄ‚ĖĄ‚ĖĄ‚ĖĄ‚ĖĄ ‚ĖÄ‚ĖÄ‚Ėą‚Ėą‚ĖĄ‚Ėí‚Ėí‚Ėí‚Ėí‚Ėą‚Ėą‚Ėą‚Ėą‚Ėą‚Ėą‚Ėą‚Ėą‚Ėą‚Ėą‚Ėą‚Ėą‚Ėą‚Ėą‚Ėą‚Ėą‚Ėą‚Ėí‚Ėą‚Ėí‚Ėą‚Ėą‚Ėą‚Ėą‚Ėą‚Ėí‚Ėą‚Ėą‚Ėą‚ĖÄ                   
        ‚Ėą‚Ėą‚ĖÄ‚Ėą‚ĖÄ‚Ėą‚ĖÄ‚Ėą‚ĖÄ‚Ėą‚Ėą‚Ėą    ‚ĖÄ‚ĖÄ‚Ėą‚Ėą‚Ėí‚Ėí‚Ėí‚Ėí‚Ėą‚Ėą‚Ėą‚Ėą‚Ėą‚Ėą‚Ėą‚Ėą‚Ėą‚Ėą‚Ėą‚Ėą‚Ėą‚Ėí‚Ėą‚Ėí‚Ėą‚Ėą‚Ėą‚Ėí‚Ėí‚ĖĄ‚Ėą‚ĖĄ‚Ėą‚Ėą‚ĖĄ                  
         ‚ĖÄ‚ĖÄ‚ĖÄ‚Ėą‚Ėą‚Ėą‚Ėą‚Ėą‚Ėą‚ĖÄ         ‚ĖÄ‚Ėą‚Ėą‚ĖĄ‚Ėí‚Ėí‚Ėí‚Ėí‚ĖĎ‚Ėą‚Ėą‚Ėą‚Ėą‚Ėą‚Ėą‚Ėą‚Ėą‚Ėí‚Ėą‚Ėí‚Ėą‚ĖÄ‚Ėí‚ĖĄ‚Ėą‚ĖÄ ‚Ėą‚Ėą‚ĖĄ‚Ėą‚Ėą‚ĖĄ                
                   !SunZero    ‚ĖÄ‚ĖÄ‚Ėą‚Ėą‚Ėą‚Ėí‚Ėí‚Ėí‚Ėí‚Ėí‚Ėí‚Ėí‚Ėą‚Ėą‚Ėí‚Ėą‚Ėí‚Ėí‚Ėí‚Ėą‚ĖÄ    ‚ĖÄ‚Ėą‚Ėą‚ĖĄ‚Ėą‚Ėą‚ĖĄ              
                     2oo6!         ‚ĖÄ‚ĖÄ‚ĖÄ‚Ėą‚Ėą‚Ėą‚Ėí‚Ėí‚Ėí‚Ėí‚Ėą‚Ėí‚Ėą‚ĖÄ        ‚ĖÄ‚Ėą‚Ėą‚Ėą‚ĖÄ‚ĖÄ             
                                         ‚ĖÄ‚ĖÄ‚ĖÄ‚Ėą‚ĖĄ‚Ėą‚Ėą‚ĖÄ                            
                 
