████
███████
███████                                                              █
███████                                  █                           █
█                       ███████        █████   ██████                █
█████████████           ███████        █████   ██████               ▄█▄
█████████████  ████████ ███████        █████   ██████              ▄███▄
███████████    ████████ ███████     ████████   ███████        ▄▄███████████▄▄
█              ████████ ███████     ████████   ███████      ■████iNCEPTiON████■
█  ████████    ████████████████     ████████   ███████         ▀▀█████████▀▀
█  ████████    ████████████████     ████████   ███████              ▀█▀
█  ████████    ████████████████     ████████   ███████               ▀
█████████████████████████████████████████████████████████▓▒░ The Dream is Real!
▄▄▄▄▄▄▄▄▄▄▄▄▄▄▄▄▄▄▄▄▄▄▄▄▄▄▄▄▄▄▄▄▄▄▄▄▄▄▄▄▄▄▄▄▄▄▄▄▄▄▄▄▄▄▄▄▄▄▄▄▄▄▄▄▄▄▄▄▄▄▄▄▄▄▄▄▄▄▄▄
▀▀██▀▀██▀▀██▀▀██▀▀██▀▀██▀▀██▀▀██▀▀██▀▀██▀▀██▀▀██▀▀██▀▀██▀▀██▀▀██▀▀██▀▀██▀▀██▀▀██
▄▄██▄▄██▄▄██▄▄██▄▄██▄▄██▄▄██▄▄██▄▄██▄▄██▄▄██▄▄██▄▄██▄▄██▄▄██▄▄██▄▄██▄▄██▄▄██▄▄██
▀▀▀▀▀▀▀▀▀▀▀▀▀▀▀▀▀▀▀▀▀▀▀▀▀▀▀▀▀▀▀▀▀▀▀▀▀▀▀▀▀▀▀▀▀▀▀▀▀▀▀▀▀▀▀▀▀▀▀▀▀▀▀▀▀▀▀▀▀▀▀▀▀▀▀▀▀▀▀▀
███ ███▄   ███  ▄███████ ████████ ███████▄  █████████ ███   ▄█████▄   ███▄   ███
███ ████▄  ███ ▄████████ ████████ █████████ █████████ ███ ▄████▀████▄ ████▄  ███
    █████▄ ███ ███▀      ███      ███    ███   ███        ███▀   ▀███ █████▄ ███
███ ██████▄███ ███       ███████  ███    ███   ███    ███ ███     ███ ██████▄███
███ ███▀██████ ███       ███████  █████████    ███    ███ ███     ███ ███▀██████
███ ███ ▀█████ ███▄      ███      ███████▀     ███    ███ ███▄   ▄███ ███ ▀█████
███ ███  ▀████ ▀████████ ████████ ███          ███    ███ ▀████▄████▀ ███  ▀████
███ ███   ▀███  ▀███████ ████████ ███          ███    ███   ▀█████▀   ███   ▀███
▄▄▄▄▄▄▄▄▄▄▄▄▄▄▄▄▄▄▄▄▄▄▄▄▄▄▄▄▄▄▄▄▄▄▄▄▄▄▄▄▄▄▄▄▄▄▄▄▄▄▄▄▄▄▄▄▄▄▄▄▄▄▄▄▄▄▄▄▄▄▄▄▄▄▄▄▄▄▄▄
▀▀██▀▀██▀▀██▀▀██▀▀██▀▀██▀▀██▀▀██▀▀██▀▀██▀▀██▀▀██▀▀██▀▀██▀▀██▀▀██▀▀██▀▀██▀▀██▀▀██
▄▄██▄▄██▄▄██▄▄██▄▄██▄▄██▄▄██▄▄██▄▄██▄▄██▄▄██▄▄██▄▄██▄▄██▄▄██▄▄██▄▄██▄▄██▄▄██▄▄██
▀▀▀▀▀▀▀▀▀▀▀▀▀▀▀▀▀▀▀▀▀▀▀▀▀▀▀▀▀▀▀▀▀▀▀▀▀▀▀▀▀▀▀▀▀▀▀▀▀▀▀▀▀▀▀▀▀▀▀▀▀▀▀▀▀▀▀▀▀▀▀▀▀▀▀▀▀▀▀▀
 
 
               ▓           ▄▄  ▄▄ ▄  ▄▄ ▄▄▄ ▄▄▄▄▄ ▄ ▄▄  ▄▄ ▄▄▄  
               ▓░          █ █ █▄ █  █▄ █▄█ █▄ █▄ █ █ █ █▄ █ █   
               ▓░▒         █▀▄ █▄ █▄ █▄ █ █▄▄█ █▄ █ █ █ █  █▄█  ▄
               ▓░█           █▄▄▄▄▄▄▄▄▄▄▄▄▄▄▄▄▄▄▄▄▄▄▄▄▄▄▄▄▄▄▄▄▄█▀
               ▓░█
               ▓░██        Releasename....: xXx - Triple X Dilogie
               ▒░▒█      
               ▒░▒██       Laufzeit.......: 01:59:04 / 01:36:50
               ▒░▒██       Groesse........: 1,91 GB / 1,52 GB
               ▒░▒██       Videocodec.....: XviD
               ░▒░▓██      Framerate......: 25.000 FPS
               ░▒░▓▓█      Bitrate........: 1745 Kbps / 1695 Kbps
               ░▒░▓▓█      Aufloesung.....: 720x304
               ▒░░▓▓██     Audio1.........: Deutsch AC3 5.1 @ 384 Kbps
               ▒░░░▓██     Audio2.........: Englisch MP3 VBR @ 160 Kbps
               ▒░░░▓▓█     Untertitel.....: Deutsch forced hardcoded
               ▒░░░▓▓██    (VOB/PGS)......: Deutsch/Englisch/En.forced
               ▒░░▒▓▓██    Bildquelle.....: Blu-ray
               ░▒░▒▓▓██▄   FSK............: 12
               ░▒░▒▓▓███   Kapitel........: Ja (wie Blu-ray)
               ▒░░▒▓▓▓██   Genre..........: Action, Thriller
               ▒░░░▓▓▓██▄  
               ▒░░▒▓▓▓███  IMDb-Bewertung.: 5.6/4.1/10
               ▒░░░▓▓▓███▄ IMDb-Link......: http://www.imdb.com/title/tt0295701
               ▒░▒░▓░▓▓███▄
               ▒░▒░▓▓▓▓████Infizierung....: 24.05.2012
               ▓░▒░▓▓▓▓█████▄
               ▒░▒░▓▓▓▓▓█████▄
               ░░▒▓▓▓▓▓▓███████▄ 
               ░▒░▓▓▓▓▓▓▓████████▄ 
              ▓░▒░▓▓▓▓▓▓▓▓██████████▄▄▄▄▄▄▄▄
              ▒░▒▓▓▓▓▓▓▓▓▓▓███████████████▓▒▒
              ░░▒▓▓▓▓▓▓▓▓▓▓▓████████████▓▓▒▒▒
             ▓░▒░░▓▓▓██▓▓▓▓▓▓█████████▓░▒▒▒▒
             ░░▒░░▓▓▓██▓▓▓▓▓▓▓▓█████▓░▓▒▒▒▒
            ▓░▒░▓▓▓▓▓█████▓▓▓▓▓▓▓▓▓░▓▒▒▒▒▒
            ▒░▒░▓▓▓▓▓████▓▓▓▓▓░░░░▓▒▒▒▒▒▒
           ▓▒▒░▓▓▓▓▓▓▓▓▓▓▓▓░░░░▓░▒▒░▒▒▒▒
          ▓▒▒░▓▓▓▓▓▓▓▓▓▓░░▒░░▓░▒▒▒▒▒▒▒▒
         ▓░▒░░▓▓░▓▓░░▓░░▒░▓▒░░▒▒▒▒▒▒▒▒   ▄▄  ▄  ▄▄▄ ▄▄▄
        ▓░░░░░░░░░░░░░░▓▓▓░░░░▒▒▒▒▒▒▒    █ █ █  █ █  █
      ▓░░░░░░░░░░░░▓▓▓▓▓░░░░░▒▒▒▒▒▒      █▀  █▄ █▄█  █  ▄
     ▓▒▒▒▒▒▒▒▒▒░▓▓▓▓▓░░▒▒░░░░▒▒▒▒▒      ▄█▄▄▄▄▄▄▄▄▄▄▄▄▄█▀
   ░░▒░░░░▒▒▒░▓▓▓▓░▒▒▒▒░░░▓░░▒▒▒▒▒     ▀▄▀
  ░░▒░▒░░▓▓░░░░░▒▒▒▒▒▒░▓▓▓▓░░▓▒▒▒
▒▓░▒▓░▓▓▒▒░▒▒▒▒▒▒▒▒▒▒▒░▓▓▓▓░░▒▒▒xXx - Triple X ist ein US-amerikanischer    
  ░░░░▒▒░░░▒▒▒▒▒▒▒▒▒▒▒░▓█▓▓░▒▒▒▒Actionfilm von Regisseur Rob Cohen mit      
     ░░░░▒▒▒▒▒▒▒▒▒▒▒▒▒░▓█▓▓░▒▒▒ Vin Diesel in der Titelrolle. Im Jahr       
            ▒▒▒▒▒▒▒▒▒▒░▓▓▓▓▓▒▒▒ 2005 folgte die Fortsetzung                 
               ▒▒▒▒▒▒▒▒▓▓▓▓▓▓▒  xXx 2 - The Next Level von Regisseur        
                 ▒▒▒▒▒▒░▓▓▓▓▒▒  Lee Tamahori mit Ice Cube in der Hauptrolle.
                  ▒▒▒▒▒░▓█▓░░▒                                              
                   ▒▒▒▒░▓█░▒▒   
                    ▒▒▒░▓█▒▒▒   
                     ▒▒░▓█▒▒░   
                     ▒▒░▓█▒▒░   
                      ▒░▓█▒▒▒   
                      ▒░▓█▒▒▒   
                      ▒░▓█▒▒▒   
                       ░▓█▒▒▒   
                       ░▓▓▒▒▒   
                       ░▓▒▒▒▒   
                       ░▓▒▒▒▒   
                        ▓▓░▒░   
                         ▓░░░   
 ▄▄  ▄▄▄ ▄▄▄ ▄▄ ▄▄        ░░    
 █ █ █ █  █  █▄ █▄              
 █ █ █▄█  █  █▄▄▄█  ▄           
   █▄▄▄▄▄▄▄▄▄▄▄▄▄▄▄█▀
 
 
 
 
 
 
 
 
 
 
 
 kontakt: in Deinen Traeumen findest Du uns
  
 
████
███████
███████
███████                                  █                        █████
█                       ███████        █████   ██████             █████
█████████████           ███████        █████   ██████             █████
█████████████  ████████ ███████        █████   ██████             █████ ██████
███████████    ████████ ███████     ████████   ███████            █████ ██████
█              ████████ ███████     ████████   ███████            █████ ██████
█  ████████    ████████████████     ████████   ███████    ██████  █████ ██████
█  ████████    ████████████████     ████████   ███████    ██████  █████ ██████
█  ████████    ████████████████     ████████   ███████    ██████  █████ ██████
████████████████████████████████████████████████████████████████████████████████
▓▓▓▓▓▓▓▓▓▓▓▓▓▓▓▓▓▓▓▓▓▓▓▓▓▓▓▓▓▓▓▓▓▓▓▓▓▓▓▓▓▓▓▓▓▓▓▓▓▓▓▓▓▓▓▓▓▓▓▓▓▓▓▓▓▓▓▓▓▓▓▓▓▓▓▓▓▓▓▓
▓  ▓▓▓▓▓▓▓▓    ▓▓▓▓▓▓▓▓▓▓▓▓▓▓▓▓     ▓▓▓▓▓▓▓▓   ▓▓▓▓▓▓▓    ▓▓▓▓▓▓  ▓▓▓▓▓ ▓▓▓▓▓▓
▓  ▓▓▓▓▓▓▓▓    ▓▓▓▓▓▓▓▓▓▓▓▓▓▓▓▓     ▓▓▓▓▓▓▓▓   ▓▓▓▓▓▓▓    ▓▓▓▓▓▓  ▓▓▓▓▓ ▓▓▓▓▓▓
▓  ▓▓▓▓▓▓▓▓    ▓▓▓▓▓▓▓▓▓▓▓▓▓▓▓▓     ▓▓▓▓▓▓▓▓   ▓▓▓▓▓▓▓    ▓▓▓▓▓▓  ▓▓▓▓▓ ▓▓▓▓▓▓
▓              ▓▓▓▓▓▓▓▓ ▓▓▓▓▓▓▓     ▓▓▓▓▓▓▓▓   ▓▓▓▓▓▓▓            ▓▓▓▓▓ ▓▓▓▓▓▓
▓▓▓▓▓▓▓▓▓▓▓    ▓▓▓▓▓▓▓▓ ▓▓▓▓▓▓▓     ▓▓▓▓▓▓▓▓   ▓▓▓▓▓▓▓            ▓▓▓▓▓ ▓▓▓▓▓▓
▓▓▓▓▓▓▓▓▓▓▓▓▓  ▓▓▓▓▓▓▓▓ ▓▓▓▓▓▓▓        ▓▓▓▓▓   ▓▓▓▓▓▓             ▓▓▓▓▓ ▓▓▓▓▓▓
▓▓▓▓▓▓▓▓▓▓▓▓▓           ▓▓▓▓▓▓▓        ▓▓▓▓▓   ▓▓▓▓▓▓             ▓▓▓▓▓
▓                       ▓▓▓▓▓▓▓        ▓▓▓▓▓   ▓▓▓▓▓▓             ▓▓▓▓▓
▓▓▓▓▓▓▓▓                                 ▓                        ▓▓▓▓▓
▓▓▓▓▓▓▓▓
▓▓▓▓▓▓▓▓                                                                ASCii
▓▓▓▓▓                                                                   TS 2011
