████████████████████████████████████████████████████████████████████████████████
██████████████████████████████████████     █████████████████████████████████████
████████████████████████████████████    ▒   ^███████████████████████████████████
███████████████████████████████████  ▓█▒▒▒    ██████████████████████████████████
███████████████████████████████████ ▒███░      █████████████████████████████████
███████████████████████████████████▒████▒      █████████████████████████████████
███████████████████████████████████▒ ██        █████████████████████████████████
███████████████████████████████████ ▒██▒       █████████████████████████████████
███████████████████████████████████ ████       █████████████████████████████████
███████████████████████████████████▒▒▓██▒     ██████████████████████████████████
████████████████████████████████████ ████     ██████████████████████████████████
█████████████████████████████████████▓▓██    ███████████████████████████████████
███████████████████████████████████████▓█    ███████████████████████████████████
████████████████████████████████████▒▒██     ███████████████████████████████████
███████████████████████████████████▒ ▒        ██████████████████████████████████
█████████████████████████████████                ███████████████████████████████
█████████████████████████████`            ▒          ███████████████████████████
████████████████████████     ▒▒▒▒▒       ░█              ███████████████████████
██████████████████████░      ███         ████              █████████████████████
██████████████████████ ███▒▒████         ████               ████████████████████
█████████████████████ ██████████         ████               ████████████████████
█████████████████████ ▒███████▒      ▒█               ▒▒    ████████████████████
█████████████████████  ████▒██▒▒▒   █                       ████████████████████
██████████████████████▒████▒████▒▒▒███           ▒    ▒     ████████████████████
██████████████████████░▒███▒▒█████████           ▒    ▒▒   ░████████████████████
██████████████████████ █████▒█ ▒████████    ▓    ▓    ▒▒   █████████████████████
██████████████████████ ▒██████ ██████████   ▒    █         █████████████████████
██████████████████████  ████▒ ██▒▓██████▒▓▒▒▒    █         █████████████████████
██████████████████████ ░████▒ ██   ██████████▒  _█         █████████████████████
██████████████████████ ░████▒███    █▓██████▒   ██         █████████████████████
██████████████████████ ▒▒███▒████     ██████▒▒█▒██         █████████████████████
███████████████████████  ███████▒▒▒    ████▒█ ▓██          █████████████████████
███████████████████████   █▓████████    ███▓████▒          █████████████████████
███████████████████████   ▓▒█ █ █████   █▒██████          ░█████████████████████
███████████████████████   ▒█████░██▒███░█▒█▒████ █        ▓█████████████████████
███████████████████████▒     ███  █████████▒███░██       ▒██████████████████████
█████████████████████████    ███  ██████  ███▓████       ███████████████████████
████████████████████████████ ██▒▒▓█████ ████▒      _ ███████████████████████████
███████████████████████████████ █▓█████████▒      ██████████████████████████████
███████████████████████████████░████████████      ██████████████████████████████
███████████████████████████████~▒█   █████ █ ▒     █████████████████████████████
███████████████████████████████▓██▒  ▒███▒ █▒▒▒   ▒█████████████████████████████
██████████████████████████████ █████ ▓███ ▒▒ █▒    █████████████████████████████
██████████████████████████████ █████▒████▒▒▒ ███   █████████████████████████████
██████████████████████████████ ▒█████▒▒███         █████████████████████████████
██████████████████████████████  ████████▓▓▒ ▒██    █████████████████████████████
███████████████████████████████ █████████  ▒███▓   ▒████████████████████████████
████████████████████████████████ ███    ██████▒█   ▒████████████████████████████
██████████████████████████████   ██▓▒░  ██ ▒████    ████████████████████████████
██████████████████████████████ ███▒█▒   ██   ██▒    ████████████████████████████
██████████████████████████████ ███▒█▒    ▓ ▓████    ████████████████████████████
██████████████████████████████   █▒█▓▒ █▒▒  ████   █████████████████████████████
██████████████████████████████ ███▒▓█░ █▓▒ ▓███    █████████████████████████████
██████████████████████████████  ██▓█▒  ██  ███▒    █████████████████████████████
███████████████████████████████ █████  ██▓▒██▒     █████████████████████████████
███████████████████████████████ █████  █ ▒████    ██████████████████████████████
█████████████████████████████████████  █▓ ███     ██████████████████████████████
███████████████████████████████████▒█▒ ▓▓ ██▓█   ░██████████████████████████████
████████████████████████████████████▒  ██▒▒█▓    ███████████████████████████████
█████████████████████████████████████   ▒▒██▓    ███████████████████████████████
█████████████████████████████████▒██▒▒   ███     ███████████████████████████████
█████████████████████████████████▒██▓    ███▓    ███████████████████████████████
█████████████████████████████████ ███   ▒██▒▒    ███████████████████████████████
█████████████████████████████████ ███    ████    ███████████████████████████████
█████████████████████████████████ ▒█     ███     ███████████████████████████████
█████████████████████████████████ ▒█    ▓███     ███████████████████████████████
█████████████████████████████████ ▓███  █████    ███████████████████████████████
█████████████████████████████████ ███▒  ▒████    ███████████████████████████████
█████████████████████████████████ ████   ████    ███████████████████████████████
█████████████████████████████████ ███▒  █████    ███████████████████████████████
█████████████████████████████████ ████  ▒████    ███████████████████████████████
█████████████████████████████████ ███▒  ▒███▓    ███████████████████████████████
█████████████████████████████████ ▒███▒ ████▒   ████████████████████████████████
█████████████████████████████████▓▒███  █████   ████████████████████████████████
██████████████████████████████████▒███  ████▒  _████████████████████████████████
██████████████████████████████████ ██   ███▒▒  █████████████████████████████████
██████████████████████████████████████   ███░  █████████████████████████████████
███████████████████████████████████ ██  ▓███  ▓█████████████████████████████████
███████████████████████████████████ █▓  ▒███  ██████████████████████████████████
█████████████████████████████████████▒   ███  ██████████████████████████████████
██████████████████████████████████████▒  ███ ▒██████████████████████████████████
██████████████████████████████████████   ▒█  ▒██████████████████████████████████
████████████████████████████████████ █    █▒ ███████████████████████████████████
████████████████████████████████████   ▒ ▒▒   ██████████████████████████████████
███████████████████████████████████▓ ▒        ██████████████████████████████████
█████████████████████████████▓       ▒    ▒         ▓▓██████████████████████████
███████████████████▓▓             ▓██▓█ █▓                 ▓████████████████████
██████████████████                  ██▒▓██                    ██████████████████
██████████████████    ▓░             ▒                       ▓██████████████████
████████████████████   █████████████████▓███ ▓█             ████████████████████
████████████████████     ██▒██████████████▒▒▒▒█             ████████████████████
████████████████████ ▒▒▓▓███████▓▓███████▒█▒█ █            ▓████████████████████
████████████████████ ██████████████████████▓ ██       ▓█████████████████████████
████████████████████ █████████████████████████████████████ █████████████████████
████████████████████ █████████████████████████████████████ █████████████████████
████████████████████ █████████████████████████████████████ █████████████████████
████████████████████ █████████████████████████████████████ █████████████████████
████████████████████ █████▀▀▀▀▀█████▀▀▀▀▀▀▀▀▀▀▀▀████████████▀▀▀▀████████████████
███████████████████▀▀▀▀▀   ███░ ▀▄▄▄█▀▀▀███░ ▌█░ ███▀▀▀▀▀▀▀ ███░ ███████████████
██████████████████ ████░  ▌███░ ████░   ███▒ ██░    ████░▄▄▄███░ ███████████████
██████████████████ ████░  ▌███░ ████░  ▄███▓ ██░    ████░  ▌███▒ ███████████████
██████████████████ ████░▄▄▄███▒ ████░▀▀      ██░    ████░▄ ▌█▓   ███████████████
██████████████████ ████▒   ███▓ ████▒       ███░    ████▀▀      ████████████████
██████████████████ ████▓   █▀▌▓ ████▓     ▌███▒  ▌█ ████▓      █████████████████
░░░░░░░░░▒▓███████ ███▀▌     ▌▓ ███▀▌     ▌███▓▄▄██ ███▀▌     █████▓▒░░░░░░░░░░░
          ░▒▓█████ █▀▄████████▒ █▀▄███████ ▀▀▀▀ ██  █▀▄██████████▓▒░            
            ░▒▓████▄██████████░▄▄██████████████ █▌  ▄██████████▓▒░             
               ███████▀▀▀▀▀▀██████▀▀▀▀▀▀▀▀▀▀▀▀█▄▄▄████▀▀▀▀▀▀▀▀▀                
                                                                               
                   ***** HOLLYWOOD PRODUCTIONS FOR FRIENDS *****               
                                                                               
                  ▄▄▄▄▄▄▄▄▄▄▄▄▄▄▄▄▄▄▄▄▄▄▄▄▄▄▄▄▄▄▄▄▄▄▄▄▄▄▄▄▄▄▄▄▄                
   ███▀▀▀▀▀▀▀▀▀▀▀ █                                           █ ▀▀▀▀▀▀▀▀▀▀███  
  ████    ▄▄    ▄▄▀       P R O U D L Y  P R E S E N T S      ▀▄▄    ▄▄   ████
 █████   █▓░▀▀▀▀                                                 ▀▀▀▀░▓█  █████
 ░████   █░█            Quatermain.Der.Schatz.der.Koenige           █░█   ████░
 ░████ ▀▀▀        ▀▀▀▀▀▀▀▀▀▀▀▀▀▀▀▀▀▀▀▀▀▀▀▀▀▀▀▀▀▀▀▀▀▀▀▀▀▀▀▀▀▀▀▀▀        ▀▀ ████░
 ▒████ ▀▀▓█                      █ █ ██ █▀ █▀█                       █▓▀▀ ████▒
 ▒████   ░▓        ░░▒▒▒▓▓▓▓████ █ ██■█ █■ █ █ ████▓▓▓▓▒▒▒░░         ▓░   ████▒
 ▓████    ░ ▄             ░░▓▓██ █░█▀░█░█░░█▄█ ██▓▓░░              ▄ ░    ████▓
 ▓████       ▀▄▄▀▄            ░█▄▄▄▄▄▄▄▄▄▄▄▄▄▄▄█░             ▄▀▄▄▀       ████▓
 ▓████          ▓                                              ▓          ████▓
 █████          ▓      Release Date.......: 15.02.2008         ▓           ████
 █████          ▒      Cinema Date........: xx.xx.xxxx         ▒          █████
 █████          ░      Source.............: DVD 9              ░          █████
 █████         ░       Video..............: 820 kbps            ░         █████    
 █████                 Bildformat.........: 640 x 272                     █████
 █████                 Genre..............: Action                        █████
 █████        ░        Runtime............: 98 mins             ░         █████
 ▒████                 Audio..............: GER VBR 192 kpbs              █████
 ▓▒███                 Files..............: 1*700 MB                      █████ 
 ▓▓███                 IMDB-Rating........: 4,5/10(2,883v                 █████
   ▓██                 FSK................: 12                            █████
  ▓███                                                                    █████
 ▒███                  http://imdb.com/title/tt0089421/                   █████ 
▓███░    ▄                                                                █████
██▀▄▄▀  ▀░▀                                                               █████
█▌▀▓ ▀▄                          █▀█ █  █▀█ ▀█▀                           █████
▀█▄ ▄ █            ░░▒▒▒▓▓▓▓████ █▄█ █  █ █  █ ████▓▓▓▓▒▒▒░░              █████
▄ ▀▀ ▄▌                   ░░▓▓██ █░░░█▄░█▄█░░█ ██▓▓░░                     █████
░▀ ▄█▀                        ░█▄▄▄▄▄▄▄▄▄▄▄▄▄▄▄█░                         █████
 ▄██▌                                                                     █████
▐███▒                                                                     █████
 ████▒                                                                    █████
 ████▓                                                                    █████
 ████▓                                                                    █████
 █████                                                                    █████
 █████                            █▀ █▀█ █▀ ▀█▀                           █████
 █████              ░░▒▒▒▓▓▓▓████ █  █▄█ █▄  █ ████▓▓▓▓▒▒▒░░              █████
 █████                     ░░▓▓██ █▄░█░█░▄█░░█ ██▓▓░░                     █████
 █████                         ░█▄▄▄▄▄▄▄▄▄▄▄▄▄▄█░                         █████
 █████                                                                    █████
 █████                                                                    █████
 █████                                                                    █████
 █████                                                                    █████
 █████                                                                    █████
 █████                                                                    █████
 █████                                                                    █████
 █████                         █ ██ █▀█ ▀█▀ █▀ █▀                         █████
 █████           ░░▒▒▒▓▓▓▓████ ██■█ █ █  █  █▄ █▄ ████▓▓▓▓▒▒▒░░           █████
 █████                  ░░▓▓██ █▀░█░█▄█░░█░░█▄░▄█ ██▓▓░░                  █████
 █████                      ░█▄▄▄▄▄▄▄▄▄▄▄▄▄▄▄▄▄▄▄▄█░                      █████
 █████                                                                    █████                          
 █████                                                                    ████▓
 █████                                                                    ████▓
 █████                                                                    ████▒
 █████                                                                    ████░
 █████                                                                    ███░
 █████                                                                    ████░
 ▓████                                                                   ██▀▄▄▀
 ▓████                                                                   █▌▀▓ ▀▄
 ▒████                                                                   ▀█▄ ▄ █
 ▒████                      Greets: SiGHT Our Friends                  ▄ ▀▀ ▄
 ░████                                                                  ▀░▀ ▄█▀
 ░████                                                                    ▄██▌
 ░████                      Contact: hp4f@hush.ai                        ▐███
  ████    ▄▄▒▓▄                                                 ▄▓▒▄▄    ████
  ████   ▀     ▀█▄                                           ▄█▀     ▀   ████
  ████▄▀ ▄███▄  ▓▀█▄       This fine piece of ASCii Art    ▄█▀▓  ▄███▄ ▀▄████
   ███▌ █▀▄ ▓▀▌ ▒ ▐██▄     was done by Rzwo 2008-01-27   ▄██▌ ▒ ▐▀▓ ▄▀█ ▐███
   ███ ▐█▐▓ ▒   ░ █▀██▌                                 ▐██▀█ ░   ▒ ░▌█▌ ███
   ▓▀█▌▓█▄▀ ░   ▄█▄▀░▀▀▄▄▄▄▄▄▓█▄ ▀▀█▀█▄▄█   █▀█ ▄█▓▄▄▄▄▄▀▀░▀▄█▄   ░ ▀▄█▓▐█▀▓
   ▒  ▀▄ ▀█▄▄▄▄█▀█▒    ░░░▒▒▒▓▓█   █■▄▄▄▀ ■ █ █ █▓▓▒▒▒░░    ▒█▀█▄▄▄▄█▀ ▄▀  ▒
   ░     ▄ ▀▀▀▀▓ █▓       ░░▒▒▓█ ▄▄█ █▄▄▄▄▀▄█▄█ █▓▒▒░░      ▓█ ▓▀▀▀▀ ▄     ░
               ▒ ▓▀▄        ░░▒█▄▄▄▄▄▄▄▄▄▄▄▄▄▄▄▄█▒░░       ▄▀▓ ▒            
               ░ ▒                                           ▒ ░            
                 ░                                           ░
