
                                 ▀▄▄
                                  ▐█▌
                                 ▄█▀
        ▀▄▄                   ▄■▀
         ▐██▌             ▄ ▀   ▄ ■■  ▄▄▄▄  ░
        ▄██▀        ▄▄▄▀▀   ■▀          ▀███▓▄
     ▄▄█▀▀     ▄▄▓▀▀▀ ▄ ▀ ▄▄▄▀▀▀▄        ▐████▌
▄▄▓▓▀▀  ▄ ▄▄███▀ ▄▄█▀ ▄▄▓▓█▌   ▀       ▄▄███▓▀
█▀ ▄▄█▀  █████▌ ▐██▌ ███████▄▄▄▄▄▄▄█████▓▓▀▀░  ▄▄■                      ■▀▀▓▄▄░
▀▓▓██▌  ▐██████▄ ▀██▄ ▀▀▓██████████▓▓▀▀ ▄▄▄▄▓██▀                       ▀   ░▀█▓
██████▄░ ▀██████▓▄ ▀▓▓█▄░ ▀▀▀▀▀▀██▄▄█████▀▓██▀          ▄▄▄▄▀                ▐█
▀██████▓▄▄  ▀▀█████▄ ▀██▓▓██▀░ ▄▄▄▄▄▄ ▀▀▀▀▄   ▀▄▄▄▄▄▓███▀▀                 ▄▄██
░▄█▀▀█████▓▓▄▄  ▀▀▀▓▓▄ ▀███▄▓▓██████▓▓▒▒▒▄▄ ░▓▄▄▄ ▀▀▀█▓▄  ▀  ▄▓▓▄     ▄▄▄▓████▓
▒█████▄█▀▀██▀▓░  ▄▄▄▄▄▄░ ▓██████████████▓▓▓▒▒▄▀███░░▄▄░▀▀█▄ ▄ ▀▀ ▄▄██████████▓░
▓████▀▀▀ ▄▄▄▄█▓███████▓▓░ ▀▒████████████████▓▒▒▀██████▓▒░ ▀■ ░▓▓███████████▓▓▄
██▀ ▄▄███████████████████▌ ▐█████▓░   ▀▀████████████████▒░░  ▓████████████████▌
███▄▄ ▀▓▓██████████████▒▀▄▄████▀▄▄████▄  ▀█████▀▀█████████▓░ ░▀▀▀▀▓█████████▓▀
▒▀▀▀ ▄▄  ▀███████████████████▀▄█████████▄  ▀▓█▌░▓█████████▒  ▄▄░░   ▀███▓▒▀▀▄▄▀
░  ▒▓██▓▓▄▄▀█████████▀▀▀▓▓██████▓▀▀░▄▓▓███▄ ░▀░ ▐█████████ ▄█████▒░░  ▀▀░▄██▓
  ░▓███████████████▀▄▄▄   ▀▓███ ░ ▓▀  ▀▀▓▓██▄  ▄ ████████▓▓████████░░   ▐███▌
  ▐████████████████████▓░  ▐██   ░      ░ ▀█▓░   ▐█████████████████▒░░  ░████▄
  ▓█████████████████████▓░ █▓               ▀  ▀▄ ▀▓███████████████▓▒░   ▐█████
  ▓██████████████████████▌▐█░                 ▀█▓▓░ ██████████████▓▓▒░    ▓▓███
  ▐██████▀██████████████▀▄█▌                   ░▀██ ▐███████████▓▓▒▒░      ░ ▀▀
   ▀▓▀█▄██████████████▀██▀▓░                     ▐█▌▐████████▓▒▒░▀▀░░   ▄▄▄
   ░▄███████████▓▓▀▀▄█████▄ ░                   ▄▀▄█▀█████▒▒░▀▀░ ▄▄▄▄▒▒████▒░
   ▐███████████▀░░▓███████▌ ▓                     ▐████▓▒▀▀▄▄▄▒▓██▄ ▀▀▀▓▓███▌
   ░█████████▓  ▒▓█████████▄██▄░                  ▐████▄▒▓▀▀▀▀░   ▀▓   ░ ███▌
    ▀▒███████▌ ▐████████████▄██▓▓▄▄      ▄        ▓▀ ▓▀▀░          ░▀    ▐█▒░
██▄▄ ░▀▀▓▓███▌ █████████████████████▓▓▄▓▀   ▄    ░                        ▓   ▐
███████▄ ▀██▓▓░▐▓███████████████████▓▓▒▄█▒▒▀ ▄▓   ▄  ░                    ▒   █
████████▓░▐██▓░ ▓▓████████████████▓▓▒▒▀▀▀ ░▄█▀░  ▓▌  ▓                    ░  ▐█
█ ▀██▓▓▀ ▄██▀    ▀▓▒▀▀▄████████▓▓▓▒▒░░▄▄▄███░   ██▌  ▐▌ ▓░                  ▄██
██▄   ▄ ▀▀▄▄▄ ▀▄   ░ ▀▀▓▓█▓▓▓▓▓▒▒▒█████████▄▄▄▄███   ▐▌ ▓▓▄▄           █▄   ▀██
██▌ ▀▄▄▓▓█████ ▐██▄▄▄▄ ░░ ▀▀▀▀▀▄████████████▓▀████▄░ █▓░ ███▒▒▄▄▄      ▐▓▀   ▐█
███ ▐██████████ ▓█████████▒▀ ▄████████▓▓▀▀▀ ▄██████▓▒███▄ ▀██████████▄▄▄▄▄▌   ▒
████▄▀█████████ ░████████▀▄▄████▓▓▀▀▀ ▄▄ ▄▄▓▀▀▀▓▓██▓▓▓█████▓▓█████████████▓░  ░
███████▀███████▀ ▀▓████████▀▀▀▀ ▄ ▄▌░▓█▌▐█▓░▓█▄ ▄░▀██▓▓██████▓▓▓█████████▓▒░
█████████▄▀▓▀▀█ ▐▄░███████▓▀ ▄ ▓▌▐██ ▀▀ ▀▀▀██▓▌▐█▓▄░▀█▒▓█████████▓▓▓▓▓▓▓▓▓░░
██▀ ▄██████ ▀▄▄ ▐███████▓▀░ ▓▌▐▀▀▒░          ░▀▀▓▓▓▐▄ █▓▓▓██████████▓▓▓▓▒▒░
██ ▐████████ ▐▓▌▐█▀████▀▄▌▓▌▀▀▓▀▀                 ██▓▄ █▓▄▀▀▒▒███▓▓▓▓▓▒▒░░
██▓ ▀▓▓███▀ ▄▀▀ ▐█▌▐██▀█▓ ▀░ ▀                     ░▄▌ ██▒▒░ ░  ▀▀▀▒▒░░░
▓▒░  ░▄▀▀   ▄■▀ ░ ▄█▀  ░  ▀                         ▄ ▓ █▀▀
▒░  ■▄▄▄███▌  ▄▄▓   ▄▄▓   ▄▄█ ▀██▄▄         ▄▄▓░ ▄███   ▄▄██▓▓▄▄    ▄▄▓░  ▓▀▄▄
░ ▄███▀█  █■██▀ █ ■█▀ █  █▀░█  ████▀▓▄▄░  ■█▀ ▀▄██▓██■▀████  ▄ ▀█■■▀███   █░ ▄▀
 ▐█▀▓░ █░░█ ▐█░░█  █░░█ ░▓░▓█  ▓███ ▐██▓█■▄▀░░█▀ █▒█▄  ████  █ ░█  ████   █▒░█
 ▐▄░▄  █▓▓█■▀█▒▒█  █▒▒█  ▄█▀▀   ▄██  ████  █▄▒█  █░██  ████  █░▒█  ████   █▓▒█
  ▀▄█  ██▀▀  █▓▓█ ▐█▓▓▀    ▄▄  ░███  ████  █▓▓█  ▀▄██  ████  █▒▓█  ████   ██▓█
    ▀■▄   ▄▓▄█▓▓█▄▀▀ ░   ██▀█  ▒███  ████  ████ ▄██▀ ▄ ▀███  █▓▓█  ████   ████
▀▄▄   ▐██▄ ▀ █▒▒█ ▀█▄▄   █ ░█  ▓███  ██▓█  ██▄▀▀█▄▄ ▀▓▀ ███  █▒▒█  ████   ████
 ████ ▀███▌  █░░█   ███■▄█░▒█  ████  █▓▒█  █▓▓█  ███▄  █▓██  █░░█  ████ ░ ████
 █▓██  ████  ▓  ▓  ░███ ▐█▒▓█  ██▓█  ▓▒░█  ▓  ▓  ████  █▓▓█  █  ▓  ██▓█ ▒ ████
 █▓▓█  █▓██  ▄  ▄  ▒███  █▓█▓░ █▓▓█  ▒░ █  ▄  ▄  ██▓▀▄■█▒▓█  ▄  ▄  █▓▒█ ▓ ████
 █▒▒█  █▒▓█■▄█░░█  ▓███  ███▓  █▓▒█  ░ ▄█  █░░▓  █▓▓█▌ █░▒█  █░░█  █▒░█ █ ██▓█
 █░░█  █░▒█ ▐█▒▒█  ████  ███▒  █▒░█  ▄██▓  █▒▒█  █▒▒█  █ ░▓  █▒▒█  █░ █ █ ██▒█
■█  █  █ ░█  █▓▓█  ███▀▄■██▀░  █░ █▄▓▓▀▀░  █▓▓█  █░░█  ▀ ▄▄  █▓▄█▄■▀▄▄█▄█▄ ▀░█
 ▓▀▀▀■▄█▄ █  ████  ████▌ ███▄  █▄▓▀▀ ░     ██▀▀  █ ▄█■▀▀▀▓▓▄▄█▀▀ ▄ █▓▀▀ ▄ ▀▀▄▓▄
 ░ ▄█▄▄ ▀▀▀■■▀▀ ▄▄▄  ▀▀▀   ▀▀■■▀          ▀ ▄▄   █▀  ▄█▓▄    ▄▄▓▀ ▀ ▄▄    ▄▓▄░▀
  ████████▄▄▄▄ ████▓░▒██▄                ░▓▄▓▀   ░▓██████▌ ▄███▀▄███▓  ▄▓▓█████
 █████████████▌▐██▄▓▀▀▄▀▓▓▄              ▀▄▀░    ▐███████▀██████████ ▄████████▓
░███████▀▀▀▀▀▓▓ ▓████▄▄  ▀▀▓▓▄▄      ▄▄▓▓▀ ▓▄    █████▀████████████▀██████████▒
▒████▀ ▄▄███▄▄  ░▓███████▄▄ ░░▀▀▀▀▀▀▒▒ ░░▄▓▀    ██████▌ ▐█████████████████████░
▓███▌ ▐█████████▄░▀██████████▓▓▄▄▄▄▄▄▄▓▓▀▀░    █████▓▀ ▄██████████████████████
█████▄▓█████▒████▓▄ ▀▓▓▓█▀█████▓▀█▀▀▀░ ▄▄■   ▄██▓▓▀▀░▄██████████████████████▀
█████████▀▀▄████████▄ ░░▀▀█▓▒▄▄▄▄█▓▓▓▀▀   ▄▄██▀▀ ▄▄███████▀████████████████▌
███▀▀▀ ▄▄▓▓███████▀██▄▄▄   ░░ ▀▀▀  ░  ▄▄█▀▀█▄██████▀▀▀█▄████████████████████▄
░▄▄▄██████████▀▀ ▄█▓▀▀ ▄ ▀▀ ▄▄  ■  ▀  ▄▄█▓▓▀▀▀▀   ▄▄████████████▄▀██████████▓▓▄
▓█████▓▓▀▀▀     ▓▀ ░▄▀ ▄▄█▓▀       ▄█▀▀   ░     ▄█▀▀▀       ▀▀▀▓▓█▄ ▀▀▓▓███████
████▀▀░        ▒   ▄  ▐███▌       ▀            ▄                ░ ▀█   ░▀▀█████
██▀                    ▀▓▓█▄                                        ▀       ▀██
█▌                  ▀    ░▀▀▀▄▄                                              ▐█
▀█▄                              ▀                                         ▄■▀▄
    ▀                          S  K  I  D  R  O  W                     ▄■▀   ▄
░░░    ▄                       .the leading force.                    ▐▌    ▀▓▀
▒▒▒    ▐▌                                                              ▀▄  ▄  ▄
▓▓▓   ▄▀                        proudly presents                         ▀■▄▀▓▄
██▀▄■                     Far Cry 4 - Crack Fix (c) Ubisoft                 ▐███
███▌                                                                        ███
███▀                                                                        ███
███    15-11-2014......Release Date <-> Protection...........Ubisoft DRM    ▓██
███    FPS................Game Type <-> Disk(s).................1 BLURAY    ▒██
███                                                                         ░▀█
██▀▄                                                                        ▄▓▀
▀██▌                                                                    ▄ ■▀░
   ▀ ▄ RELEASE NOTES                                                      ▀▄
 ▄▄▀                                                                       ▐██▄
███ Crack Fix note: Found a small bug, casusing saving issues, here is a    ███
███ fix to solve that issue for those having the problem. Old saves wont    ███
███ work after this fix.                                                    ███
███                                                                         ███
███                                                                         ███
███ Hidden in the towering Himalayas lies Kyrat, a country steeped in       ███
███ tradition and violence. You are Ajay Ghale. Traveling to Kyrat to       ███
███ fulfill your mother's dying wish, you find yourself caught up in a      ███
███ civil war to overthrow the oppressive regime of dictator Pagan Min.     ███
███ Explore and navigate this vast open world, where danger and             ███
███ unpredictability lurk around every corner. Here, every decision counts, ███
███ and every second is a story. Welcome to Kyrat.                          ███
███                                                                         ███
███ Features:                                                               ███
███                                                                         ███
███ EXPLORE AN OPEN WORLD FILLED WITH POSSIBILITIES                         ███
███ Discover the most diverse Far Cry world ever created. With terrain      ███
███ spanning from lush forests to the snowcapped Himalayas, the entire      ███
███ world is aliveàand deadly.                                              ███
███ - From leopards, rhinos, black eagles, and vicious honey badgers, Kyrat ███
███ is home to abundant wildlife. As you embark on your hunt for resources, ███
███ know that something may be hunting you...                               ███
███ - Scout enemy territory from above in the all-new gyrocopter and then   ███
███ plummet back to earth in your wing suit. Climb aboard the back of a     ███
███ six-ton elephant and unleash its raw power on your enemies.             ███
███ - Choose the right weapon for the job, no matter how insane or          ███
███ unpredictable that job might be. With a diverse arsenal, you'll be      ███
███ prepared for anything.                                                  ███
███                                                                         ███
███ CO-OP: BRING A FRIEND                                                   ███
███ Not every journey should be taken alone. Far Cry 4 allows for a second  ███
███ player to drop in and drop out at any point, re-imagining the           ███
███ cooperative experience in the true spirit of Far Cry for the next       ███
███ generation. You'll now be able to discover and explore the living open  ███
███ world of Kyrat together.                                                ███
███                                                                         ███
███                                                                     ▄▄▄██▀█
███  ▄▄ ▀                                                         ▄▄▄█▀█▄▓█▀███
██▄█▀ ▄ ■ ▀                                               ▄▄▄▄█▀▀▀▀▄▄██▀▀ ▄██▀█
██▀▄▀                                             ▄▄▄▄█▀▀▀▀  ▄▄▄▓▓▀▀▀ ▄▄█▀ ▄█▓▀
▀██▌                       ▄            ▄▄▄▄▄▓▓▀▀▀▀ ░  ▄▄▄█▀▀▀  ▄▄▄▓▓▀▀ ▄▄▀▀░
   ▀ ▄ INSTALL NOTES      ▀▓▀    ▄▄▄█▀▀▀▀     ░   ▄▄▓▀▀▀  ▄▄ ▀▀▀    ░ ▀    ▄
 ▄▄█▀                      ▄■ ▀▀              ▄ ▀     ▄▓▄                   ██▄
███▌                   ■▀                              ▀ ▄                  ███
███                                                                         ███
███ 1. Unpack the release                                                   ███
███ 2. Mount or burn image                                                  ███
███ 3. Install                                                              ███
███ 4. Copy everything from the SKIDROW folder into the game installation   ███
███ 5. Block the game in your firewall and mark our cracked content as      ███
███    secure/trusted in your antivirus program                             ███
███ 6. Play the game                                                        ███
███ 7. Support the companies, which software you actually enjoy!            ███
███                                                                         ███
███                                                                     ▄▄▄██▀█
███  ▄▄ ▀                                                         ▄▄▄█▀█▄▓█▀███
██▄█▀ ▄ ■ ▀                                               ▄▄▄▄█▀▀▀▀▄▄██▀▀ ▄██▀█
██▀▄▀                                             ▄▄▄▄█▀▀▀▀  ▄▄▄▓▓▀▀▀ ▄▄█▀ ▄█▓▀
▀██▌                       ▄            ▄▄▄▄▄▓▓▀▀▀▀ ░  ▄▄▄█▀▀▀  ▄▄▄▓▓▀▀ ▄▄▀▀░
   ▀ ▄ GREETINGS          ▀▓▀    ▄▄▄█▀▀▀▀     ░   ▄▄▓▀▀▀  ▄▄ ▀▀▀    ░ ▀    ▄
 ▄▄█▀                      ▄■ ▀▀              ▄ ▀     ▄▓▄                   ██▄
███▌                   ■▀                              ▀ ▄                  ███
███                                                                         ███
███ To all friends of the family and honorable rival groups!                ███
███                                                                         ▓██
███                                                                         ▒██
███                                        ▀▄▄▄                             ░▀█
██▀▄                                        ▐██▓░                           ▄▓▀
███▌         ▄▄▀                           ▄██▓░                        ▄ ■▀░
████▀▄▄▄▄█▓▓▀▀   ▄▄▄▀         ▄       ▄▄▄███▀▀                               ██
██████▀▀█▄▄▄▄███▓▀▀      ▄▄▄▓▀ ▄▄▄████▓▓▀▀                          ▄■      ███
███▀▄████████▀██▄▄▄▄▓▓▓██▀█████████▀▀  ░                 ▄     ▄   ▐▌       ▓██
████████▀█▄███████████▀█████████▀   ascii art by the      █▄▄    ▄  ▀▄      ▒██
▀▀▓▓███▌▐████████████▌▐████████▌   godlike & terrific duo  ▓▓██▄▄▄ ■▄ ▀ ▄   ░██
  ░  ▀▀▀▄████▄█▀██████▄█▀███████▄      malodix + irokos     ░██████▓▓▀█▄▄▄▀■▄██
          ▀▄ ▀▀█  ▀▀██████▄▀▀▓▓███▄     titan artdivision    ▀████████████▓▓▄▄█
                ▀    ▀█████▌    ▀▀▀▓░                          ▀███████▄███████
                      ▐█▓▓▀          ▀                            ▀▀▓▓███▄▀████
                     ▄█▀▀                                            ░▀███▌ ▀▀█
                   ▀                                                   ▐█▀
                                                                       ▀
