
                           ▄▄██████████████████▄▄
                        ▄▄██▀▀▀░░░▓▓░ ░░▒░░░▒▒▀████▄
                      ▄███░░▒░░░▓░        ▒▒░░▒░█▓███  ▄▄▄▄▄
               ▄████▄██▒░░▒▒                    ▓▒░████▀▓▒█▀█
              ██░▓██▀ ░▓▓                          █░  ████░█
              █▓█████▒▒▒                            ░░███████
              █░██████   ▄▓░▄                 ▄▄▄▄▄▄  ██████▒
              █▒▒████ ▓▄██████▄             ░████████▓ ████▒█
              ▀██▒▒░ ███████████▒          ███████████░ █ █▀▀
                █▓░ ███████▀█████          ████▄███████  ░▒█
                █▒  ██████████▀██▒        ████████ █████ █░█
                █▒▒ ████▀ ▒███ ██▒        ██▀  █████████ ░░█
                ██░ ▓███░ ███████          ██ ░████████  ░░█
                 █   ███████████           ▒██████████▓ ░░▒█
                 █▓▒  ▒███████▀              ▀███████▀  ▒░█▀
                 ▀█░      ░░                     ░     ▒▒██
                  ██▄ ▓              ▄                ░▒▓█
                   ▀██░                             ▓░▄█▀▀
                     █▓▒            ▄▀▀          ░▓▒▒██
                     ▀██▓   ▒▓▒               ▒▒▒ ▓███
                       ▀██░ ████▄▄▄      ▄▄▄▄███▒▓█▀
                         █▓██████████████████████▒██
                   ░    ██▓██████████████████████▒░█     ░
                   ░   ██▓█████              █████░██
                   ▒   █▒▓████░              ░█████▒█    ░  ▒
                   ▒  ██ █████                █████ ██   ░  ░
                ░  ░  █▒▒█████                ██████▒█   ░
                   ░  █▓█████▓                 █████▒██  ▒  ░
            ░   ░  ░ ██▓█████                  █████▒▓█  ▒  ░
            ░   ▒    █▒▒█████                  ██████▒█  ▒  ░
            ░  ░▒░   █▓█████░                   █████▓█ ░▒  ▒
            ▒  ░▒░ ░ ██▒███▓                    ░███░░█ ░▓ ░▒░
            ▒  ░▓░░▓  ██▒▒░█░                   █ ▒▒██▀ ▒▓ ░▒░
           ░▒░ ▒▓▒▓▓▒  ██▓ ██                 ░██░▒██  ░▒▓▒░▓░ ░
           ░▒░ ▒▓▓░▒▓░  ██░███▄              ▄███▒██  ░░▒▓░▒▓▒ ░
           ░▓░░▒▒░▒▓▒▓▒  █▓█████▄░         ▄█████ █  ▓▒▓▒▓░▒▓▒ ░
           ░▓░▒▓▓▒▓▓▓▒▓░ █░██████████████████████▓█ ░▒▓░▓░▒▓▓▓ ▒ SunZero
       ░   ▒▓░▓▓▒▓▓▒░▓▓░ ████████████▓▓████████████ ░▓▒▓▒░▒▓▓░░▒ +2010
       ░  ▒▓▓▓▓░░▒▓▓▓▒▓▓ █▒ █████████░░█████████▒▓█ ▒▓▓▒▓▓▒▓▓▓▓▓  ░
     ░ ░▒▒▓░▓▓▓▓▓▓▓▓░▓▓▓ ██▓█████████  █████████▓▓█ ▓▓▒▒▒▒▓▓▒▓▓▓▓ ▒  ░
     ░ ▒▓▓▓▓▓▓▓▓▓▓▓▓▓▒▓▒  ██░▒██████▒   ███████▓██▀ ▒▒▓▓▓▓▓▓▓▓▒▓▓▓▒░ ▒▒
    ░▒▓▓▓happyface▓▓▓▓▒▓▒  ███▄▄▄▄▄▄████▄▄▄▄▄▄▄██  ▓▓▓▓▓▓▓▓▒▓▓▓▓▓▓▓▓▓▓▓▓▓░
  ▓▓▓▓▓▓▓▓▓▓▓▓▓or..▓   ▓▓▓                        ▓▓▓▓▒▓▓▓▓▓▒ ▒▓▓▓▓▓▒
    ▄ ▒▓▒▒           █  ▒   ▓▓▒░  ▒▄▄▄▄   ░ █  ▓   ▓▓▓        ▒ ▓▓▓    ▒   ░ ░
 ▒  ▓  ▒  ▄████▄  ░ ░█▌ ▓ █      ▀███████▄  █▌ ░ █  ▓  █ ▓███▄   ▓  ░█     ░
 ▒  ▓    ████▀███   ██▌  ▐██▄░  ▓ ██▀  ▀███▐██  ▐█▌   ██ ███░██▄ ▒  ███   ░▒░
   ░▒░  ▓███  ░█▓ ░████  ▓█████▄  ██  ▓  █▌▐██▓ ▐██  ▐█░ ▓█▒ ███▄  ░█▐██   ▒
  ▒ ░   ███▄   ▀░ ██▌██  ▓█▓ ▀███ ██▓  ░██ █▓██ ███▓ ▐█▌ ▓█   ███  ██ ▓█▌  ▓
    ▓   █████▄▄  ▐██ ██▌ ██░   ▀█░██████▀ ▐█ ██ ████▌ █ ▓██ ░  ██░▒██▌▀██  ▓
      ░  ▀██████ ██▄ ▀█▒ ██  ▓ ░█ ▐███▓  ▐█ ▄██ █▌██▌██░██░ ░ ██  ████▄██▌ ▀
  ░  █▒    ░▀███░████▓█▌ ██▒   ██ ███▓  ███████░█▌ ████ ██  ▄██  ███░ ████  ▒
  ░ ███▄  ▄▄███ ██▀ ████ ██▓▒▄██ ▐██▀ ▄███░ ▀██ █▌ ▐██▌ ██ ██▀  ███    ███▓ ▓
    ██████████ ██▀░ ▐███ ██████  ███ ████   ▓██ █   ██ ▓███▀   ▒██░     ▀██
     ▀█████▀▀ ██▀    ██▓ █▀▀▀▀ ▄███  ▒░▀     ██ ░    █  ██  ░ ▓██░       ▓█▓
        ░▒    ░▀      ▀▒ ░        ▓          █       ░          ▒         ▀▀
                       ░                     ▒


                                  SADPANDA

                                 Brings You

                The.Iron.Rose.1973.720p.BluRay.x264-SADPANDA                 


     * SIZE ...... 3.3 GiB
     * DURATION .. 1h 20mn
     * VIDEO ..... x264 1200x720 4,535Kbps @ 23.976fps
     * AUDIO ..... French AC3 640Kbps 2ch
                   English AC3 640Kbps 2ch
     * SUBS ...... English

     * IMDB ...... http://www.imdb.com/title/tt0126004
     * RATING .... 6.2/10 from 996 users
     * GENRE ..... Fantasy | Horror
     * PLOT ...... A young couple out for a walk decide to take a stroll
                   through a large cemetery. As darkness begins to fall 
                   they realize they can't find their way out, and soon 
                   their fears begin to overtake them.                  




        GREETINGS VOMiT

             ▄█▄▄▄▄                                         ▄▄▄▄█▄
       ░▓▀ ▀▀▀█▓  ▀█▄                                     ▄█▀  ▓█▀▀▀ ▀▓░
       ░      ░█▄   █▄ ░░░ ░░▓ SAD-SAD-SADPANDA! ▓░░ ░░░ ▄█   ▄█░      ░
       ░  ░    ▓█ ░ ▓█                                   █▓ ░ █▓    ░  ░
          ░░    █ ▓  █░                                 ░█  ▓ █    ░░
       ░  ▒   ▒██  ▓ █▒                                 ▒█ ▓  ██▒   ▒  ░
       ░  ▒   ▄█   ▓ █░   ▒                         ░   ░█ ▓   █▄   ▒  ░
     ░ ▒    ▄██   ▒ ██           ▄███▄              ░    ██ ▒   ██▄    ▒ ░
     ▓  ▄▄███▀  ▒▒  █░  ░        ████░                   ░█  ▒▒  ▀███▄▄  ▓
      ▄██▀░    ▒  ▄██   ░  ░    ▄██░▀      ░  ▄██▄  ▒ ░   ██▄  ▒    ░▀██▄
     ███     ▓▓  ██▀    ░  ▒   ░█▀           █████    ░    ▀██  ▓▓     ███
    ██░    ▓▓▓ ▄██░     ▒  ▒  ▄█▀             ███▒       ▒  ░██▄ ▓▓▓    ░██
  ▓██   ▓▓▓▓  ██▀    ▒       ▄█                ▒▀             ▀██  ▓▓▓▓   ██▓
  ██░ ▓▒     ██░       ░     █░                        ░       ░██     ▒▓ ░██
 ▐█   ▒  ░▓ ██     ░   ░    ░█      ██▒                ░   ░     ██ ▓░  ▒   █▌
 ▓██░    ▓  █▓    ░░  ░░░    ██   ▓███    ░█     ░░    ░░  ░░    ▓█  ▓    ░ █▌
  ██▓ ░  ▓  ███  ▒▒░ ░░░░░ ░  ██   ██     ███   ██    ░░░░ ░▒▒  ███  ▓  ░ ▓██▓
  ░██ ░  ▒  ░▒██ ▓▓▒▒░░▒░░░░░  ██▄     ▄  ▒█▒  ██▀   ▒░▒░░▒▒▓▓ ██▒░  ▒  ░  ██▌
  ██░█▒█      ░█   ▓▒▒░▓░▒▒░░░ ▀███▄░ ▀▒     ▄█▀   ▒▒▒▒▓▓▓▓▓▓  █░       ▒████▓
 ▀▀██████▓    ░██▄ ▓▓▓▓▓▓▓▒▒▒▒▒  ▀▀██░░ ░████▀▀ ▒▒▒▒▒▒▒▓▓    ▄██░ ░ ▓███████▀
    ████████▄   ▀█▄    ▓▓▓▓▓▓▓▓▓              ▓▓▓▓▓▓▓▓▓▓    ▄█▀   ▄████████
   ██  ░██████   ▀█░▒         ▓▓▓    ▓ ░ █   ▓▓▓          ▒░█▀   ██████░  ██
   █     ▀████▓   ▀███▒███▄                         ▄███▒███▀   ▓████▀     █ ▀
          ▒████▓         ▓██    ASCii: █ SunZero   ██▓       ▓██████▒
   ▒       ██████▄████░    ██ ▄███▒█████████▒███▄ ██    ░███████ ███       ▒
  ▐░       ██▌  ████████▄   ███▀ 2010▒███▒ ^04 ▀███   ▄████████  ▐██       ░▌
      ▓  ▄███  ▄█████████░  █         ▀█▀         █  ░█████████▄  ███▄  ▓
      ▀████▀   ███▓  █████  ▓  ▄███▄   █   ▄███▄  ▓  █████  ▓███   ▀████▀
               █      ████   ▄███████     ███████▄  █████      █
           ▄▓▄         ███████████████░ ░████████████▐██         ▄▓▄
            ▀         ███ ▀████████████ ████████████  ███         ▀
                     ███   ██  ▀███████ ███████▀  ██   ███
                   ████   ██     ▒█████ █████▒     ██   ████
                 ▄██▀   ░         █████ █████         ░   ▀██▄
                         ▒      ███████ ███████      ▒
                             ░ ███████ ▄ ███████ ░
                               ▀█████  ▓  █████▀
                                 ░████ ▓ ████░
                                   ███ ▓ ███
                                    ██   ██
                                    ██ ▒ ██
                                    ██   ██
                                     █   █
