
                            ▒▒▒░░░█████▓▒▒ ░░
                        ▒▒███████████████████████
                       █████████████████████████████
                     ▒███████████████████  █▓▓███████▒
                     █████████████████████▒███████████
                   ▒███████████████████▒███████████████
                   █████████████████████▒██████████████▓
                   ▒████████████████████████████████████
                   █████████████████████████████████████░
                   ███████████████████████████░▒  █▒█████
                   ██████████▒███████▓███░       ▒███████
                   █████▒▒                       ████████
                   ██████▒▒▒▒ ▒             ▒ ▒▒▒████████
                   ██████ ▒▒▒ ▒             ▒ ▒▒▓▓███████
                   ▒█████ ▒▒▒                 ▒▒▒ ██████
                    █████ ▒                    ▒  ██████
                    ███            ░     ███      ░█████
                   ████     █   ▒███   ███▒    ▒▒  ▓█████
                   ░▓█   ▒ █████░▒██   ▒█▓ █████░  ░████▓
                   ▓░█    ███ ▒    ▓   ░ ░          ███▒▒
                   ▓░█      ▓█    █                 ███ ▓
                   ▓ █▓▓         ██    ░          ▒███░░▓
                   ▓░▒█▓░░       ██             ░░░███ ░▓
                   ░▓██▓░░░      ██            ░░░░▒▓█ ▓
                    ▓██▓░░░     ▒███████       ░░░ █▒█▓▓
                     ██▓▓░░     ▒███░          ░░░ ███
                      █▓ ░░     ▓              ░░░██▒█
                      ██▓▓░     █  ░   ░░░ ▒   ░░░███
                       ██▒░   ░██████████▒ ▓   ░░░▓██
                        ███     ▒▒░             ░▒███
                         ▓██     ░█████▓        ░█████
                          ▒██               ░░▒█████████ ░
                            ███            ░▒█████░██████▒
                            ███            ░▒████ ██████████░
                           ░██████░▒▒     ██████  ██████████████░▒
                  ░  ░████▓███████████████████   ▒██████████████████░
           ░ ▒▒ ▒████████████████████████████░░░▒▒████████████████████▒░
           ▒██▓██████████████ ██████████████▓▓   ████████████████████████▒
         ▒▓██████████████████ ████████████▒ ░   ███████████████████████▓░░ ░
        ▒████████████████████  ▓█████████▒▒    ████████▀   ▀███████████░█▒
       ▒▓████████████████▓███    ████████░     ██████▀─═════─▀█████████▒▒▒
      ░██████████████████████      ████       ██████▌  J·F·K  ▐████████▓▓▒
      ░▒█████████████████████    ▓█████      ███████─═════════─███████▓▓▒
     ░▒▒█████████████████████   ▒███████    ░███████    for    ████████▓▒
      ███████████████████████   ██████ █▓   ████████▌  Pres.  ▐███████▒  ░
      ▒█▓███████████████████    ░████  ▓█▓ ██████████▌─═════─▐███████▓▒
       █████████████████████    ████     ▒█████████████▄   ▄█████████▓▒░░
      ▒▓████████████████████   █████      ████████████████████████▒█▒▓ ░
       ░███████████████████▓  ██████      ████████████████████████░█░░
        ░█▓████████████████   ██████     ██████████████████████████▒
       ░▓██████████████████  ▒██████    ▒█████████████████████████▒
        ▒▒█████████████████  ███████    █████▒███████████████████░▒
         ▒▒▒██████████████▓  ███████   ▓█▒███████████████████████▒░
         █████████████████  ████████   █▒███████████████████████▒█▒
           ▒██████████████  ████████   ███▒█████████████████████▒▒
           ▓█▓█▓██████████ ▒████████  ███▒███▒█████████▓██████▓█
          ░ ▓█░███████████ ████████▒  ██▒▓██▓███████████████▒░█░
           ░ ▒████████████ ████████  ██▓░████████████████████░░
              ▒██████▓▒██ █████████  █░▓████████████████████▓
               ▒█▓█▓█▒▓██ ████▓████ ██▓▒████████████████▓█▓
                ▒░▒▓▓ ▒░█ ██████▒██ █░▒▒███████▒█████▓█▒░█▒
                 ▒     ░▒█████░████░██ ░▒▒████▓████▒███░ ▒
                   ░    ░███▒▒▒░▓███ ▒ ▒▒███▒▒▓█▒▒▓▒▒ ░
                 ▒       ▒▓▓▓ ▒░ ▓░░░░ ░░░░░█      ░
                         ░        ░     ▒░░ ░
 ▓▓▓▓▓▓▓▓▓▓▓▓▓▓▓▓▓▓▓▓▓▓▓▓▓▓▓▓▓▓▓▓▓▓▓▓▓▓▓▓▓▓▓▓▓▓▓▓▓▓▓▓▓▓▓▓▓▓▓▓▓▓▓▓▓▓▓▓▓▓▓▓▓▓▓▓▓▓
 ▓░░░░░░░░░░░░░░░░░░░░░░░░░░░░░░░░░░░░░░░░░░░░░░░░░░░░░░░░░░░░░░░░░░░░░░░░░░░░▓
 ▓░░███▓░█▓░█▓░░██▓░░███▓░░░░███▓░███▓░░███▓░░░░█▓░█▓░███▓░░███▓░░█▓░█▓░░██▓░░▓
 ▓░░░█▓░░█▓░█▓░█▓░█▓░░█▓░░░░█▓░░░█▓░░█▓░█▓░█▓░░░█▓█▓░░░█▓░░█▓░░█▓░█▓█▓░░█▓░█▓░▓
 ▓░░░█▓░░█▓░█▓░░█▓░░░░█▓░░░░█▓░░░█▓░░█▓░█▓░█▓░░░██▓░░░░█▓░░█▓░░░░░██▓░░░░█▓░░░▓
 ▓░░░█▓░░█▓░█▓░░░█▓░░░█▓░█░░███▓░█▓░░█▓░███▓░░█░██▓░░░░█▓░░█▓░░░░░██▓░░░░░█▓░░▓
 ▓░░░█▓░░█▓░█▓░█▓░█▓░░█▓░░░░█▓░░░█▓░░█▓░█▓░█▓░░░█▓█▓░░░█▓░░█▓░░█▓░█▓█▓░░█▓░█▓░▓
 ▓░██▓░░░░██▓░░░██▓░░░█▓░░░░█▓░░░░███▓░░█▓░█▓░░░█▓░█▓░███▓░░███▓░░█▓░█▓░░██▓░░▓
 ▓░░░░░░░░░░░░░░░░░░░░░░░░░░░░░░░░░░░░░░░░░░░░░░░░░░░░░░░░░░░░░░░░░░░░░░░░░░░░▓
 ▓▓▓▓▓▓▓░░░░░░░░░░░░░░░░░░░░▓▓▓▓▓▓▓▓▓▓▓▓▓▓▓▓▓▓▓▓▓▓▓▓░░░░░░░░░░░░░░░░░░░░▓▓▓▓▓▓▓
       ▓▓▓░░░░░░░░░░░▓▓▓▓▓▓▓▓                      ▓▓▓▓▓▓▓▓░░░░░░░░░░░▓▓▓
███▓▓▒   ▓▓▓▓░░▓▓▓▓▓▓▓        ▓▓▓▓▓▓▓▓▓▓▓▓▓▓▓▓▓▓▓▓        ▓▓▓▓▓▓▓░░▓▓▓▓   ▒▓▓███
██████▓▒    ▓▓▓▓       ▒▒▒▓▓▓▓████████████████████▓▓▓▓▒▒▒       ▓▓▓▓    ▒▓██████
▓███████▓▓▒      ▒▒▓▓▓▓████████╔╧══════════════╧╗████████▓▓▓▓▒▒      ▒▓▓███████▓
 ▓█████████▓▓▒▒▓▓██████████████║  Release Info  ║██████████████▓▓▒▒▓▓█████████▓
  ▓██████████████████████████████████████████████████████████████████████████▓
   ▓███████████████████████████▓▓▓▓▓▓▓▓▓▓▓▓▓▓▓▓▓▓███████████████████████████▓
   ▓████████████████████▓▓▓▓▒░                    ░▒▓▓▓▓████████████████████▓
  ▓███████████████▓▓▓▒░                                  ░▒▓▓▓███████████████▓
 ▓███████████▓▓▒░             Catch-22  --   Season 1          ░▒▓▓███████████▓
▓████████▓▒░      ╤══════════════════════════════════════════╤      ░▒▓████████▓
██████▓░                          Disc 1 of 2                           ░▓██████
████▓                                                                      ▓████
███▓         Release Date..: 12/05/19       Genre.......: TV Action          ███
██▓                                         IMDB Rating.: 7.8                ▓██
█▓                                                                            ▓█
█                                                                              █
             Disc Size.....: 4.36 GB        RAR Count...: 95
█            IMDB URL......: http://www.imdb.com/title/tt5056196/              █
██▓          Secondary URL.:                                                 ▓██
███▓▒                                                                      ▒▓███
█████▓▓▒                                                                ▒▓▓█████
▓███████▓▓▓▓▓▓▓▓▓▓▓▓▓▓▓▓▓▓▓▓▓▓▓▓▓▓▓▓▓▓▓▓▓▓▓▓▓▓▓▓▓▓▓▓▓▓▓▓▓▓▓▓▓▓▓▓▓▓▓▓▓▓▓▓███████▓
 ▓████████████████████████████████████████████████████████████████████████████▓
  ▓████████████████████████████╔╧══════════════╧╗████████████████████████████▓
  ▓████████████████████████████║    DVD Info    ║████████████████████████████▓
 ▓████████████████████████████████████████████████████████████████████████████▓
▓███████▓▓▓▓▓▓▓▓▓▓▓▓▓▓▓▓▓▓▓▓▓▓▓▓▓▓▓▓▓▓▓▓▓▓▓▓▓▓▓▓▓▓▓▓▓▓▓▓▓▓▓▓▓▓▓▓▓▓▓▓▓▓▓▓███████▓
█████▓▓▒                                                                ▒▓▓█████
███▓▒                                Source                                ▒▓███
██▓                           ┬──────────────────┬                           ▓██
█         [X] Retail            [ ] Rental            [ ] PDVD                 █
          [ ] Other:
          [X] Region 1          [ ] Region 2          [ ] Region 3
          [ ] Region 4          [ ] Region 5          [ ] Region 6
          [ ] Region 7          [ ] Region 8
          [ ] DVD5              [X] DVD9              [ ] Double-Sided

                                    Standard
                              ┬──────────────────┬

                           [X] NTSC              [ ] PAL
                           [X] Widescreen        [ ] Fullscreen
                           [X] Color             [ ] Black and White


                            Main movie/episode Video
                              ┬──────────────────┬

          [ ] Untouched         [X] Re-encoded        [9] Passes
                                [X] Bitrate: 3425 Kbps


                                  Extras
                              ┬──────────────────┬
          [X] All Kept          [ ] Partial Strip     [ ] None
          [X] Re-encoded        [9] Passes            [X] Bitrate: 2500 Kbps


                                     Audio
                              ┬──────────────────┬

                        [ ] Untouched         [X] Partial Strip

                                Audio on Disc
                                ~ English 5.1


                                   Subtitles
                              ┬──────────────────┬

                                  Subs on Disc
                                  ~ English
                                  ~ French



█                                                                              █
██▓                                                                          ▓██
███▓▒                                                                      ▒▓███
█████▓▓▒                                                                ▒▓▓█████
▓███████▓▓▓▓▓▓▓▓▓▓▓▓▓▓▓▓▓▓▓▓▓▓▓▓▓▓▓▓▓▓▓▓▓▓▓▓▓▓▓▓▓▓▓▓▓▓▓▓▓▓▓▓▓▓▓▓▓▓▓▓▓▓▓▓███████▓
 ▓████████████████████████████████████████████████████████████████████████████▓
  ▓████████████████████████████╔╧══════════════╧╗████████████████████████████▓
  ▓████████████████████████████║   Movie Info   ║████████████████████████████▓
 ▓████████████████████████████████████████████████████████████████████████████▓
▓███████▓▓▓▓▓▓▓▓▓▓▓▓▓▓▓▓▓▓▓▓▓▓▓▓▓▓▓▓▓▓▓▓▓▓▓▓▓▓▓▓▓▓▓▓▓▓▓▓▓▓▓▓▓▓▓▓▓▓▓▓▓▓▓▓███████▓
█████▓▓▒                                                                ▒▓▓█████
███▓▒                               Tagline                                ▒▓███
██▓                           ┬──────────────────┬                           ▓██
█                                                                              █


                                  Plot Outline
                              ┬──────────────────┬

 Limited series adaptation of the classic Joseph Heller novel. Follows Captain
 John Yossarian and airmen in World War II.


█                                                                              █
██▓                                                                          ▓██
███▓▒                                                                      ▒▓███
█████▓▓▒                                                                ▒▓▓█████
▓███████▓▓▓▓▓▓▓▓▓▓▓▓▓▓▓▓▓▓▓▓▓▓▓▓▓▓▓▓▓▓▓▓▓▓▓▓▓▓▓▓▓▓▓▓▓▓▓▓▓▓▓▓▓▓▓▓▓▓▓▓▓▓▓▓███████▓
 ▓████████████████████████████████████████████████████████████████████████████▓
  ▓████████████████████████████╔╧══════════════╧╗████████████████████████████▓
  ▓████████████████████████████║  Ripper Notes  ║████████████████████████████▓
 ▓████████████████████████████████████████████████████████████████████████████▓
▓███████▓▓▓▓▓▓▓▓▓▓▓▓▓▓▓▓▓▓▓▓▓▓▓▓▓▓▓▓▓▓▓▓▓▓▓▓▓▓▓▓▓▓▓▓▓▓▓▓▓▓▓▓▓▓▓▓▓▓▓▓▓▓▓▓███████▓
█████▓▓▒                                                                ▒▓▓█████
███▓▒                                                                      ▒▓███
██▓                                                                          ▓██
█                                                                              █


         Ripped: FBI, trailers, all audio except English 5.1

         Extras: ~ The Cogs of War (Part 1)
                 ~ Deleted Scenes
                 ~ Outtakes




█                                                                              █
██▓                                                                          ▓██
███▓▒                                                                      ▒▓███
█████▓▓▒                                                                ▒▓▓█████
▓███████▓▓▓▓▓▓▓▓▓▓▓▓▓▓▓▓▓▓▓▓▓▓▓▓▓▓▓▓▓▓▓▓▓▓▓▓▓▓▓▓▓▓▓▓▓▓▓▓▓▓▓▓▓▓▓▓▓▓▓▓▓▓▓▓███████▓
 ▓████████████████████████████████████████████████████████████████████████████▓
  ▓████████████████████████████╔╧══════════════╧╗████████████████████████████▓
  ▓████████████████████████████║   Group Info   ║████████████████████████████▓
 ▓████████████████████████████████████████████████████████████████████████████▓
▓███████▓▓▓▓▓▓▓▓▓▓▓▓▓▓▓▓▓▓▓▓▓▓▓▓▓▓▓▓▓▓▓▓▓▓▓▓▓▓▓▓▓▓▓▓▓▓▓▓▓▓▓▓▓▓▓▓▓▓▓▓▓▓▓▓███████▓
█████▓▓▒                                                                ▒▓▓█████
███▓▒                  JFK is dedicated to releasing high                  ▒▓███
██▓                    quality DVDs for the enjoyment of                     ▓██
██░                      all movie buffs out there :-)                       ░██
██                             Enjoy the releases!                            ██
██                                                                            ██
██░             Buy them if you like them... some are worth it ;)            ░██
██▓                                                                          ▓██
███▓▒                               Needed                                 ▒▓███
▓████▓▒                         ┬────────────┬                           ▒▓████▓
▓█████▓▓▒                                                             ▒▓▓█████▓
 ▓█████▓▓▒                                                            ▒▓▓█████▓
  ▓███████▓▓▓▒▒                                                  ▒▒▓▓▓███████▓
   ▓███████████▓▓▓▓▓▓▒▒▒▒                              ▒▒▒▒▓▓▓▓▓▓███████████▓
    ▓████████████████████▓▓▓▓▓▓▓▓▓▓▓▓▓▓▓▓▓▓▓▓▓▓▓▓▓▓▓▓▓▓████████████████████▓
    ▓██████████████████████████████████████████████████████████████████████▓
    ▓██████████████████████████╔╧══════════════╧╗██████████████████████████▓
   ▓███████████████████████████║     Greets     ║███████████████████████████▓
  ▓███████████▓▓▓▓▓▓▓▒▒▒▒██████████████████████████████▒▒▒▒▓▓▓▓▓▓▓███████████
  ██████▓▓▓▒▒           ▒▒▒▒▒▒▒▓▓▓▓▓▓▓▓▓▓▓▓▓▓▓▓▒▒▒▒▒▒▒           ▒▒▓▓▓███████
 ████▓▓▒                                                              ▒▓▓█████▓
▒████▓▒                               ToF                              ▒▓█████▓
█████▓▒                                                                ▒▓██████▓
████▓▒              ▒▒▒▒▓▓▓▓▓▓▓▓▓▓▓▓▓▓▓▓▓▓▓▓▓▓▓▓▓▓▓▓▓▓▓▓▒▒▒▒              ▒▓████
███▓           ▒▒▓▓▓████████████████████████████████████████▓▓▓▒▒           ▓███
██▓          ▒▓██████ ┌──────────────────────────────────┐ ██████▓▒          ▓██
█▌       ▄▄▄█████████╒╪══╡ To Those Who Do It Right ! ╞══╪╕█████████▄▄▄       ▐█
█             ▀▀▀█████└──────────────────────────────────┘█████▀▀▀             █
▌                   ▀▀████████████████████████████████████▀▀                   ▐
▌                                                                              ▐
