████████████████████████████████████████████████████████████████████████▄█▄▄   
█████████████████████████████████████████████████████████████████████████████  
██████████████████████████████████████▀▀▀ ▄▄▄▄▄▄▄▄ ▀▀█████████████████████▓██▌ 
████████████████████████████████▀▀ ▄▄▄▄█████████████ ▀▀▀▀████████████████████▌ 
█████████████████████████████▀ ▄▄███████████████████████ ▀▀▀▀█████████████████ 
███████████████████████████▀ ▄██████████████████████████████▄ ▀▀▀████████▒████ 
██████████████████████████▀ ████████████████████████████████████▄ ▀█████████▓█ 
█████████████████████████▀ ███████████████████▓██████████████████▓▄ ▀█████████ 
███████████████████████▀  ███████████████████▓█████████████████▓████ ▐████████ 
  ████████████████████▀ ▓████████████▀▀▀▀███▓█▌█████ ▄  ▀████▀  ████▌ ▐███████ 
█▄  █████████████████▌ ▓█████████▀        ▀▐▌█    █   ▀▀▄▄  ▀ █▄ ▀███▌ ███████▌
 ▀█▄ ████████████████ ▐███████▀    ▄▄████████▄▄▄          ▀█   ▀█▄▓███ ▐██████▌
  ▓█▄ ▀█████████████▌ ██████▀   ▄████████▄█▄   ▀█▄          ▀█   ▀▓▓██▌ ██████▌
    ▀█ ▀████████████ ▐█████▀ ▓▄███████████████▓▒ ▀█▄         ▓█▄  █ ▓██ ▐█████▌
     ▓█ ▀██████████▌ █████▀ ▓████████████████████▓ ▀█▓   ▄█    ▀█   ▀▐█▌ █████▌
      ▓█ ▀█████████ ▐████▀ ▓██████████████████████▓  █▓  █▓█    ▐▌  ▒▐██ █████▌
       ▐▌ ████████▌ ████▀ ▓████████████████████████▓  █▓  █▓█    ▓▌ ▄▐██ ▐████▌
        █▌ ███████▌▐███▀ ▓██████████████████████████▓  █▓  █▓█   ▐▓ ████▌▐████▌
         █▄ ▀█████ ▐███ ▓████████████████████████████▓ ▐█▓  █▓█   ▓▌▐███▌▐████▌
█▓        █▓▄ ▀███ ████▒▓█████████████████████████████▒▐▌▐▌  ██▌  ▐█ ███▌ ████▌
▀█▓        █░█▄ ▀█ ████▓████████████████▓█████████████▓ █ █  ███▓  ▐▌▐███ ████▌
▌▀█▄        █▓▀█▄  ▐███▓████████████████ ▀█████████████ █ ▐▌ ██▓█   █ ███ ▐███▌
█▄ ▀█▄       █  ▀█ ▐███▓███████████████▓   ▀███████████ ▐▌▓█  ██▐▌  ▐▌▐██▌▐████
███▄ ▀█▓         ▐▌ ██████████▓ ▓██████      ▀ ████████  █▓ ▄▓██▓█  ▐▌▐██▌▐████
████▄ ▀█         ▓█ ▐███▓████▓   ▓█████       ▄█▀██████ ▐█▓▐▌  █▌█▌  █ ██▌▐████
██████ ██▀        ▐▌▐███████▓  ▄▄ ▓████▌    ▄▀   ▐█████▐▐▌ ▐▓  ██▐▌  ▐▌▐█▌▐████
██████▄ ▀█         ▓ ████████▄▀▀▀▀▀█████  ▄█▄██████████▐▐▓ ▄  ▐██ █   █ ▐▌▐████
████████ ▀▓          ▐█████▌███▄▄▄▄▐▌▓███   ▀█████████▌ █     ███▌▐▌   ▓█ █████
█████████ █▌          ██████▐████▀▀▀   ▓██▄   ▀▀▒▓███▌█▌▓    ▐███ ▐█▓  ▐█▌▐████
█████████▄ █▓          ▀████ ███▓        ▀▒▄     ▒▓██▓█     ▒███ ▄█▀█▓  ▌█ ▀███
██████████▄ █▓           ▐█▌  █▓       ▄   ░      ▒▓█      ▒███ ▓▀   █▓▐▌ █▄ ▀█
███████████▄ █▓           █   ▐█▓      ░          ▒▓█     ▒███ ▄█▀▀▀█▄█▓ ▄ ▀▄  
████████████▄ █▓         ▀     █▀█▄    ▄▄█▀▀▀█▄  ▒▒█▌    ▐███ ▄▀     ▀█▄ ▐█▄▄ █
█████████████▄ █▓          ▄ ░▐█  ▀█▒ █▀ ▄▄▄▄ ▐▌ ▒▓█    ▄███▓█         ▀▄  ▐███
██████████████▄ █▓       ▐▌▓  █▌  ███▒▐███▀▀ ▄█ ▒▓█▌   █▀██▓█           ▀█░ ▐██
███████████████▄ █▓      ▓   ██  ██ ██▒▀█▄▄█▀▀  ▒██   ▐▌ █▓█             ▐▒▌▐██
████████████████▄ █▓     █  ▓█▌ ▓█▌  ▐█▒       ▒█▀    ▓ ▐██               ▓▌▐██
▌████████████████▄ █▄▓▄▓▀▀ ▄█▓  █▀ ▀  ▀█▄    ▄█▀     ▐▌ ▐█▌               ▐▌ ██
▌ ████████████████▄ ▀▄▄ ▄█▀▀ ▄▓▀    ▌   ▀▀▀▀▀▀       █  ▐▀                ▐█ ██
█ ▐████████████████▀  ▄▓▀  ▄▓▀    ▄██         ▌  ▌  ▐▌   ▐                 █ ██
█▌ ██████████████▌  ▄▀  ▄▓▀    ▄▄███▓        █▌ ▐▌  ▐▓   ▐ ▄ ▄▄            █ ██
██ ▐█████████████  █▓ ▄▓▀   ▄█████▀▓        ▐█  ▐▌   █   ▓▀ ▄▄ █           █ ██
██▌ ████████████  █▓ ▄▀  ░▄█████▓    ▄▓▄    █   ▓▌  ▐▌  ▓▒▌███ ▐▌          █ ▐█
██▌ ████████████▌▐▌ ▐▌  ▄█████▓    ▄▓██▀   ██▌ ▓██   █  ▓█████▌░█          ▐▌▐█
███ ▐███████████▌ ▄▓▌ ▐██████▓    ▓██▀    ████ ▓██▌   █  ▓█████  ▄          █ █
███▌ ███████████  ▄▒█ ███████    ▐██    ▄█████▓████▌     ▐█████▌▐▌  ▄       ▐▌▐
████ ██████████▌ ▒██▓ ▐█████▓    ██▌  ▄█████████████▌    ▐▓█████ █ ▐▌        █ 
████ ▐████████▌ █████▓ █████    ▐██  ████████████████▌   ▓██████▌▐▒▒░        ▐▌
████▌ ████████ ▐██████▌█████▌   ███▄▓█████████████████  ▓███████▓█▓▒█         █
█████ ▐███████ █████████████▓   ▐█▓▀██████████████████▌▐█████████░█▒▐▌         
█████▌ ███████ ▐█████████████▓   █ ████████████▓██████▓████████▓▌ ▐▌▒█         
██████ ▐██████▌ ████▓█████████▓ ▐░ ███████████████████▀ ██████▓█  ▓█▓▐▌        
██████▌ ███████  ██████████████▓ █ ▐██████████████████▌▐█████▓█  ▓▒█▌▒█▒       
███████ ████████▄ ▀██████ ▄█████▓ █ █▓████████████████ █████▓█  ▓▒█▌▓▄▓▐       
▓██████ ▐█████████▄ ▀▀█▄▓████████▓█▌ ▀██████████████▀ ▄██████  ▓▒█▀ ▄▐▌▓█      
▐██████▌ ████████████▄▄ ▀████████████▄  ▀█████████▀ ▄██████▀  ▓▒█▀ ██ █▓▒      
 ▓██████ ▐██████████████▄ ▀█████████████▄▄ ▀▀▀▀▀ ▄▄███████▀ ▓▓▒█▌ ▄██▌▐▌█   ▀  
▌▐██████▌ ████████████████▌▐█████████████████████████████ ▓▓▓▓▒█ ▐████ █▓ ░    
▌▐███████ █████████████████ ███████████████████████████▀ ▓▓█▓▒▒█▌ ████▌▐▌▒  █  
▌ ███████ ▐████████████████ ██████████████████████████▌▓▓▒▓█▒▒▒▓█ ▐████ █▓  █ ▀
█ ▐██████▌ ███████████████▌▐█████████████████████████▌▓▒▒▒▓██▓▒█▌ █████▌ █ ▐█ █
█▌▐███████ ▐████████████▀▀ ██████████████████████████▓█▀▀█▄█▐▒▄█ ▐██████   ████
█▌ ▓██████▌ ██████████▀ ▄▄██████████████████████████▌▓▌▐▌▐█  ▓█▌ ████████  ████
██ ▐███████ ▐███████▀ ▄█████████████████████████████ ▐▓▄ ▀  ▓█▌ ███████████████
██▌▐███████▌▐█████▀ ▄██▀▀▀██████████████████████████ ▄ ▀ ▄█ ▀▌ ████████████████
██▌ ███████▌ ███▀ ▄█▀        ▀▀███████▀▀▀▀▀▀▀▀██████▌▀██████▄ █████████████████
███ ▐███████  ▀ ▄█▀                             ▀██ █ ▐████████████████████████
███▌▐███████▓ ▄██▌            ▄                   █▌▐█ ▐███████████████████████
████ ▓███████▒▐██▌          ▌█▌                   ▓█ ▐▌ ███████████████████████
████▌▐███████ ▄███          █░                     ▓█ ▐▌ ██████████████████████
████▀ ▓██████▌ ▐███        ▄                ▒       ▓█ █ ▐█████████████████████
██▀ ▄█▐██████▌  ████                      ▓▄▓▄██████▒█▌ █ ▐████████████████████
▀ ▄█▀  ███████  ▐████                 ▄▄▄████▓█████████▄▐▌ ████████████████████
▄█▀    ███████▌ ▐█████▄           ▄▄▄██████████▀     ▀█▒▌█ ▐███████████████████
▀      ▐███████  ████████▄▄  ▄▄████████████ ▀▒░░░░░░  ░██▓▌ ███████████████████
  ▓     ███████▌ ▐██████████████████████▀▀ ░░░░░░░░░░   ███ ▐██████████████████
▓▓▓█▓   ███████▌  ███▒████████████████▀░░░░░░░░░░░░░░░░ ▐██▌ ██████████████████
▓▓▓▓█▓  ▐███████  ████▒█████████████▀          ░░░░░░░░░  ██ ██████████████████
▓▓▓▓▓█▓  ███████▌ ▐███████████████▀             ░░░░░░░░░  █ ██████████████████
▓▓▓▓▓▓█  ▐███████  ██████████████▀               ░░░░░░░░░ ▐ ▐█████████████████
▓▓▓▓▓▓▐█ ▐███████  ▐████████████                  ░░░░░░░░ ▐▌▐█████████████████
▀▓▓▓▓▓▓█▌ ███████▌▒▐█████████▒█                   ░░░░░░░░ ▐▌ █████████████████
 ▐▌▓▓▓▓▓█ ▐██████▌ ▒██████████                     ░░░░░░░  █ █████████████████
░ █▓▓▓▓▓▐▌▐███████   ████████▌ ▒                   ░░░░░░░  █ █████████████████
░  █▓▓▓▓▓█ ███████▌   ▀▓█████ ▒                   ░░░░░░░░░ ▐ ▐████████████████
░░ ▐▌▓▓▓▓▐▌▐██████▌      ▀▀▀▌                    ░░░░░░░░░░ ▐▌▐████████████████
░░░ ▒▓▓▓▓▓█ ███████     ▄░                       ░░░░░░░░░░ ▐▌▐████████████████
░░░ ▐▌▓▓▓▓ ▌███████▌  ▄▀   ▓                     ░░░░░░░░░░  ▌▐████████████████
░░░░ █▓▓▓▓▓ ▐███████▄▀▓ ▄█▄ █▓                    ░░░░░░░░   ▌▐████████████████
░░░░ █ ▓▓▓▓▓ ███████▓▒ ▄███▌▐▌                    ░░░░░░░░  ▐▌▐████████████████
░░░░ ▐▌▄ ▓   ▐██████▌ ▄████▓ █                     ░░░░░░   ▐▌▐████████████████
░░░░░       ▒▐███████ ██████▌▐▌                    ░░░░░░   █ ▐████████████████
░░░░░░ ▒  ▄▒  ███████ ███████ █                     ░░░░    █ █████████████████
░░░░░   ▄██▀  ▐██████▌▐██████▌▐▌                     ░░░   ░▌ █████████████████
░░░░   ▄█▀ ▄█▓ ▀██████ ███████ █                      ░░░  ▐▌▐█████████████████
░░   ▄█▀ ▄█████▄ ▀████▌███████▌▐▌                      ░░  ▐ █████████████████▌
░  ▄█▀ ▄█████████▄ ▀██▌▐███████ █                       ░░ ▐ █████████████████▌
  █▀ ▄█████▓███████▄ ▄▄▄███████▌▐▌           ░          ░░ █ █████████████████▌
 ▄ ▄█████████████████▀██████████ █       SiN ▒ NERS      ░ ▐▌ ████████████████ 
    ████████████████████████████▌▐▌          ▓              █ ███████████████▌ 
    ▐████████████████████████████   ▄        █           ▄░ █ █▀████████████▀  
     ███████▓██████████████▀▀▀▀▀▀█▄ █ █▀     █   ▄▄▄▄▄▄████   █ ██▌ ▀▀▀█▀▀█    
      ▀████▓████████▀               ▓ █ ███████████████████     █▀█▄ ▄ █  ▓    
        ▀▀███▀▀                       ▓ ██████████████▀▀ ▄▄▄    █  ▀   █  ▒    
   ░▄▄█▓▓▄▄                           ▒ █▀▀▀   █   ▓    ▀       ▓              
   ░█▓█▓█████                           ▓      █                ▒              
  ░█▓▓█▓██ ▓▒███▌   ▄▄▄██     `e!              ▓         ░        ▄▄█▓▓▄▄▄     
 ░▐▓▓███   ▓▒███▌ ███████                      ▒       ▀ ▒▄ ░    ░███▓█████    
  ▐▓▓███  ▐▓████  ▓█████▓                 ▄██▄   ░     █ ▓█▄    ░████▓██ ▓▒███▌
  ▐▓▓▓███ ▐▓███▌  ▒████▀▀           ▄▄ ▓  ▀██▀      ████▀▓███  ░ █▓███   ▓▒███▌
   █▓▓▓███ ▓███▌  ░▀ ▄▄▄█       █▓██▐███     ▄ █▓██ ████ ▓█▀█    ▓▓███  ▐▓████ 
   ▓██▓█▓██   ▀▀  ███████▓      ████▐███   ▓   ████ █▓██ ████   █ ▓▓███ ▐▓███▌ 
     ▓███████▄    ▐█▓▓███▐▓▄    ████▐███▓█▄    ███▌ ████   ▀▀ ▓ ██ ▓▓███ ▓███▌ 
       ▓███████   ░▐█▓███████▄  ▓██▌ ███████▄  ███▌ █▓▓█▓   ███▄█▓█▐██▓█▄▄  ▀▀ 
           ▓████  ▒ ████████████▓██▌ █████████ ███▌ █▓███▀  ███████ ▀███████   
  ▐█████ ▓  ▓███▌ ▓ ████▌▀███▓█████  █████▓███████  █▓██    ██▓  ▀▀    ▓▓████  
  ███▀█▀ █  ▓█▓▓█ █ ▐███▌  ▀▓▓█████  ▐███▌▀▓▓█████ ░█▓██    ███  ▀       ▓▓██▌ 
 ▐█▓██▌▐██  ██▓█▌ ▀▀▐███▌     ▓████  ▐███▌   ▓████ ▒█▓██▄   ███ ▐█████ ▓  ▓██▌ 
  ████▌▐▓███████  ▄  ████  ░   ████▌ ▐████ ░  ▒███ ████▓███ █▓█ ███▀█▀ █ ▓████ 
   ▀███▄ ▓█████  ▀▓ ▀█▀▀▀  ░   ████▌ ▀▀▀▀▀ ░  ▓███▌▓█▓█ ██  █▓█▐█▓██▌▐██ █▓▓██ 
   ▄▄▄▄▄        ▄          ▄   ▓███▌  ▄██▄ ▄  ████▌▓▀▀  ▓█      ████▌▐▓███▓██▌ 
  ▐▓██▓██ █████▄▄     ░   ▀█▀  ▓█▓█▌  ▀██▀    ▓█▓█▌▒    ▒    ▄  ▀▀███▄ ▓████▀  
   ▓▓███▌▐▓▓                   ░           ░  ░ ▄  ░        ▀▓▀     ▄▄▄▄▄      
    ▀▀▀ ▄▓▓                                                  ▄ ▄▄▄▄▓▓██▓█▌ ▓   
     ▐██▀                                                          ▀▓▓███▀ ▄   
     ▐█▌   LIKE THE SIN (LOVE THE SiNNERS)                           ▀▀█▓ ▀█▀  
     ▐█▓                                                               ▀█▄     
     ▐█▓   Crash.S01E13.720p.BluRay.x264-SiNNERS                        ▓█▌ 
     ▐█▓                                                                ▓█▌    
     ▐█▓   Release......: 2009.09.13                                    ▓█▌    
     ▐█▓   Airdate......: 2009.01.09                                    ▓█▌    
     ▐█▓   Title........: The Pain Won't Stop                           ▓█▌    
     ▐█▓   Size.........: 2.19 gigs                                     ▓█▌    
     ▐█▓                                                                ▓█▌    
     ▐█▓                                                                ▓█▌    
     ▐█▓                                                                ▓█▌    
     ▐█▓                                                                ▓█▌    
     ▐█▓                  Source.......: Blu Ray                        ▓█▌    
     ▐█▓     ▄ ▄███ ░     Video specs..: x264 @ 6123 kbps               ▓█▌    
     ▐█▓       ██▓█       Audio specs..: English 5.1                    ▓█▌    
     ▐█▓     ███▒▒███              - --> ac3/640 kbps                   ▓█▌    
     ▐█▓     ▀█▓▓▓██▓                                                   ▓█▌    
     ▐█▓       █▒▒█       Subtitles....: English                        ▓█▌    
     ▐█▓  ░▒▓▓ █▓▓█ ▓▒░   Runtime......: 46 min 16 sec                  ▓█▌    
      █▓       █▓██                                                     ▓█▌    
       ▀▄▄   ░ ████                                                     ▓█▌    
     ▐█▄▄▓▀▀▄▄▄ ▀▀█                                                 ░   ▓█▌    
     ▐████░ ▄▄ ▀▀▄▄                                       ▄     ▀   ▒   ▓█▌    
      ███████▒██▄▄▄ ▒▀▀▄▄▄                               ▀█▀        ▓   ▓█▌    
      ▓███▓███▒██████▒▄▄ ▀▀▀▄▄▄                              ▓      █   ▓█▌    
      ▒███████████████████ ▄▄▄ ▀▀▀▀▄▄▄             ░   ▀           ▄▀ ▌ ▓█▌    
      █ ████████▓██████▓██████████▄▄▄▄ ▓ ▄                    ░░ ▀▀ ▄█▌ ▓█▌    
        ▒▒ █████████████████████████ █ ▒  ▀▀▀▀▀▀▀▀▀▀▀▀▀▀▀ ░ ▀▄▄▄████▒█▌ ▓█▌    
       ▀▄▄▄ ▀ ▒▒██▒███████▓██▄████████ █ ████████████████████▓████▒█▒▒▌ ▓█▌    
           ▀▀▄▄  ▀ ██▒███████████████▓ █ ██████▓████ ████████████████▒▌ ▓█▌    
         ▄   ▄ ▀▀▄▄▄  ▀ █████████▓████ █ █████████████████▓████████▒ ▒▌ ▓█▌    
         █▀▄▀█ █▄▄  ▀▀▄▄▄  ▀▀ ████████ █ ███ ████▀████████████▒▒███▒██▌ ▓█▌    
         ▀   █ █ █ ▄   ▄ ▀▀▀▀▄▄░ ▀▀███ █ ▒██████████▓███▀█████▓████▀ ▒▌ ▓█▌    
        ░     ▄█▄█ ▐▌ ▐▌ ▄     ▀▀▀▀▄▄▄ █ █████████████████████ ▀▀ ▄▄▀   ▓█▌    
          ▄██▄ ▄  ▄ █▄█  ▄ █▄▄  ░        ▄▄▄ ▀▀▀▀▀▀▀▀▀▀▒▀ ▄▄░▓ ▀▀▀      ▓█▌    
        ▀ ▀██▀ █▀▄█ ▄▄▄  █ █▄   ▄ ▀         ▀▀▀▀ ▄▒ ▀▀     ▀            ▓█▌    
          ▄▄▄▄ ▀  █ █▄  ▄  █▄▄ ▀█▀ ░            ▀█▀    ░ ▄              ▓█▌    
      ▄█▄▄▄▄▄▄▄▄▄▄▄ █  █ █ ▄▄▄▄▄▄▄▄▄▄▄▄▄▄ ▄                          ▀ ▀▀▀     
     ▐█▓               ▀▄▀                                         ▄ ▄▄▄▄▄     
     ▐█▓                                                                ▓█▌    
     ▐█▓                                                                ▓█▌    
     ▐█▓                                                                ▓█▌    
     ▐█▓                                                                ▓█▌    
     ▐█▓                                                                ▓█▌    
     ▐█▓                                                                ▓█▌    
     ▐█▓                                                                ▓█▌    
     ▐█▓                                                                ▓█▌    
     ▐█▓                                                                ▓█▌    
     ▐█▓                                                                ▓█▌    
     ▐█▓                                                                ▓█▌    
     ▐█▓                                                                ▓█▌    
     ▐█▓                                                                ▓█▌    
     ▐█▓                                                                ▓█▌    
      █▓                                                                ▓█▌    
       ▀▄▄                                                              ▓█▌    
     ▐█▄▄▓▀▀▄▄▄                                              ▄      ░   ▓█▌    
     ▐████░ ▄▄ ▀▀▄▄                                    ░  ▄         ▒   ▓█▌    
      ███████▒██▄▄▄ ▒▀▀▄▄▄                               ▀█▀        ▓   ▓█▌    
      ▓███▓███▒██████▒▄▄ ▀▀▀▄▄▄                             ▓       █   ▓█▌    
      ▒███████████████████ ▄▄▄ ▀▀▀▀▄▄▄             ░   ▀           ▄▀ ▌ ▓█▌    
      █ ████████▓██████▓██████████▄▄▄▄ ▓ ▄                    ░░ ▀▀ ▄█▌ ▓█▌    
        ▒▒ █████████████████████████ █ ▒  ▀▀▀▀▀▀▀▀▀▀▀▀▀▀▀ ░ ▀▄▄▄████▒█▌ ▓█▌    
       ▀▄▄▄ ▀ ▒▒██▒███████▓██▄████████ █ ████████████████████▓████▒█▒▒▌ ▓█▌    
           ▀▀▄▄  ▀ ██▒███████████████▓ █ ██████▓████ ████████████████▒▌ ▓█▌    
         ░ █▄▄ ▀▀▄▄▄  ▀ █████████▓████ █ █████████████████▓████████▒ ▒▌ ▓█▌    
        ░▓ █ █ █▄▄  ▀▀▄▄▄  ▀▀ ████████ █ ███ ████▀████████████▒▒███▒██▌ ▓█▌    
        ▄▄▄█▄█  █  █  ▄  ▀▀▀▀▄▄░ ▀▀███ █ ▒██████████▓███▀█████▓████▀ ▒▌ ▓█▌    
                █  █▄▄█ █▄▄    ▀▀▀▀▄▄▄ █ █████████████████████ ▀▀ ▄▄▀   ▓█▌    
          ▄██▄     █  █ █▄  █▄           ▄▄▄ ▀▀▀▀▀▀▀▀▀▀▒▀ ▄▄░▓ ▀▀▀      ▓█▌    
        ▀ ▀██▀ ▄▄▄    █ █▄▄ █ █ ▓▒░         ▀▀▀▀ ▄▒ ▀▀     ▀            ▓█▌    
          ▄  ▄ █▄  ▄        █▀▄ ░               ▀█▀    ░ ▄              ▓█▌    
      ▄█▄ █▀▄█ █  █ █ ▄ ▄ ▄ ▄ █ ▄▄▄▄▄▄▄▄▄ ▄                          ▀ ▀▀▀     
     ▐█▓  ▀  █    ▀▄▀                                              ▄ ▄▄▄▄▄     
     ▐█▓                                                                ▓█▌    
     ▐█▓  GROUP NEWS .                                                  ▓█▌    
     ▐█▓                                                                ▓█▌    
     ▐█▓  Got our great new nfo. Thanks elle.                           ▓█▌    
     ▐█▓                                                                ▓█▌    
     ▐█▓                                                                ▓█▌    
     ▐█▓                                                                ▓█▌    
     ▐█▓                                                                ▓█▌    
     ▐█▓                                                                ▓█▌    
     ▐█▓                                                                ▓█▌    
      ▀▀▄▄                                                              ▓█▌    
     ▐█▄▄▓▀▀▄▄▄                                                     ░   ▓█▌    
     ▐████░ ▄▄ ▀▀▄▄                        And Sinners              ▒   ▓█▌    
      ███████▒██▄▄▄ ▒▀▀▄▄▄                                          ▓   ▓█▌    
      ▓███▓███▒██████▒▄▄ ▀▀▀▄▄▄            We Shall Be..            █   ▓█▌    
      ▒███████████████████ ▄▄▄ ▀▀▀▀▄▄▄                             ▄▀ ▌ ▓█▌    
      █ ████████▓██████▓██████████▄▄▄▄ ▓ ▄                    ░░ ▀▀ ▄█▌ ▓█▌    
        ▒▒ █████████████████████████ █ ▒  ▀▀▀▀▀▀▀▀▀▀▀▀▀▀▀ ░ ▀▄▄▄████▒█▌ ▓█▌    
        ▄▄▄ ▀ ▒▒██▒███████▓██▄████████ █ ████████████████████▓████▒█▒▒▌ ▓█▌    
       ▄   ▀▀▄▄  ▀ ██▒███████████████▓ █ ██████▓████ ████████████████▒▌ ▓█▌    
         ░░    ▀▀▄▄▄  ▀ █████████▓████ █ █████████████████▓████████▒ ▒▌ ▓█▌    
                    ▀▀▄▄▄  ▀▀ ████████ █ ███ ████▀████████████▒▒███▒██▌ ▓█▌    
     ▀   SiNNERS iN   ▄  ▀▀▀▀▄▄░ ▀▀███ █ ▒██████████▓███▀█████▓████▀ ▒▌ ▓█     
                               ▀▀▀▀▄▄▄ █ █████████████████████ ▀▀ ▄▄▀   ▒      
     ▀      2oo8      ▀         ░        ▄▄▄ ▀▀▀▀▀▀▀▀▀▀▒▀ ▄▄░▓ ▀▀▀ .asc ░      
       ▄       ▄    ▄                       ▀▀▀▀ ▄▒ ▀▀     ▀   executed        
          ▄ █  █ ▄                              ▀█▀    ░ ▄     by  elle        
            ▓  █                                                               
            ▒  ▓                                                               
            ░  ▒                                                               
               ░
