 ▒    ▒     ▒     ▒     ▒      ▒     ▒        ▒   ▒        ▒     ▒    ▒     ▒  ▒
 ▄▄▄▄▄▄▄▄▄   ▄▄    ▄▄▄▄▄▄▄▄▄▄▄ ▒  ▄▄▄  ▒  ▄▄▄    ▄▄  ▒ ▄▄▄▄▄▄▄▄▄▄  ▒ ▄▄▄▄▄▄▄▄▄▄
░▒▓████████ ░▒▓█  ░▒▓██████████  ░▒▓██   █████  ░▒▓█  ░▒▓█████████  ░▒▓█████████
▒░▒▓███████ ▒░▒▓  ▒░▒▓█████████  ▒░▒▓█  ▒█████  ▒░▒▓  ▒░▒▓████████  ▒░▒▓████████
▓▒░▒▓██████ ▓▒░▒ ▒▓▒░▒▓████████  ▓▒░▒▓   █████▒ ▓▒░▒ ▒▓▒░▒▓███████ ▒▓▒░▒▓███████
█▓▒░▒▓█████ █▓▒░  █▓▒░▒▓███████▒ █▓▒░▒ ▒ █████  █▓▒░  █▓▒░▒▓██████  █▓▒░▒▓██████
 ▀▀▒░▒▓█▀▀   ▀▀   ██▓▒░   █████  ██▓▒░   █████▒  ▀▀   ██▓▒░▀▀▀▀▀▀▒  ██▓▒░  █████
 ▒ ▓▒░▒▓    ░▒▓█ ▒███▓▒  ▒█████  ███▓▒   █████  ░▒▓█▒ ███▓▒         ███▓▒  ▓████
▒  █▓▒░▒  ▒ ▒░▒▓  ████▓   ▓████  ████▓▒░▒▓████  ▒░▒▓  ████▓▒░▒▓██▄ ▒████▓  ▒▓███
   ██▓▒░    ▓▒░▒  █████ ▒ ▒▓███   ▀▀▀▀▀▀▀▒▓███  ▓▒░▒   ▀▀▀▀▀▀░▒▓██  █████▒ ░▒▓██
▒  ███▓▒  ▒ █▓▒░▒ █████   ░▒▓██ ▒   ▒    ░▒▓██  █▓▒░ ▒  ▒ ▒  ▒░▒▓█  █████  ▒░▒▓█
 ▒▒████▓ ▒▒ ██▓▒  █████   ▒░▒▓█  ▄██████▓▒░▒▓█  ██▓▒  ▄██████▓▒░▒▓ ▒███████▓▒░▒▓
   █████    ███▓  █████ ▒ ▓▒░▒▓  ████████▓▒░▒▓  ███▓  ████████▓▒░▒  ████████▓▒░▒
 ▒ █████ ▒  ████  █████   █▓▒░▒ ▒█████████▓▒░▒  ████  █████████▓▒░▒ █████████▓▒░
   █████    ████  █████   ██▓▒░  ██████████▓▒░  ████  ██████████▓▒  ██████████▓▒
 ▒  ▀▀▀      ▀▀    ▀▀▀     ▀▀▀    ▀▀▀▀▀▀▀▀▀▀▀ ▒  ▀▀ ▒  ▀▀▀▀▀▀▀▀▀▀    ▀▀▀▀▀▀▀▀▀▀
   ▒                                  ▒               ▒   ▒       ▒          ▒
          ▒                    ▒                ▒                       ▒
      ▒     ▒        ▒      -=- Proudly Presents -=-      ▒         ▒          ▒
                                                        ▒
                          Dyscourse (c) Owlchemy Labs
▄███▓▒░▒▓█████████▓▒░▒▓██████████▓▒░▒▓█████████▓▒░▒▓████████▓▒░▒▓███████▓▒░▒▓██▄
█████▓▒░▒▓█████████▓▒░▒▓██████████▓▒░▒▓█████████▓▒░▒▓████████▓▒░▒▓███████▓▒░▒▓██
▀█████▓▒░▒▓█████████▓▒░▒▓██████████▓▒░▒▓█████████▓▒░▒▓████████▓▒░▒▓███████▓▒░▒▀

   Release On   : 31 March 2015            Disk Amount/Format : 1 CD ISO
   Type of Game : Adventure                Media Protection   : Steam

▄███▓▒░▒▓█████████▓▒░▒▓██████████▓▒░▒▓█████████▓▒░▒▓████████▓▒░▒▓███████▓▒░▒▓██▄
█████▓▒░▒▓█████████▓▒░▒▓██████████▓▒░▒▓█████████▓▒░▒▓████████▓▒░▒▓███████▓▒░▒▓██
▀█████▓▒░▒▓█████████▓▒░▒▓██████████▓▒░▒▓█████████▓▒░▒▓████████▓▒░▒▓███████▓▒░▒▀
 
   Dyscourse is an interactive choose-your-own adventure where you journey
   through a stylized world of choice and consequence. You play as Rita, an
   unfortunate art school grad turned barista, who is now stuck on a desert
   island with a crew of oddball travelers after a plane crash. That last
   choice you just made? It may end up being integral to your group's
   survival, or it may lead you down a path to murder and cannibalism! 

   Stories in Dyscourse are emergent, and choices made in the game directly
   tie to the survival or downfall of the group. As players get to know
   their fellow castaways and make critical and interpersonal decisions,
   drama dynamically unfolds, and your choices author your own unique story. 

   We've designed Dyscourse so that players will end up with vastly
   different stories forged from their choices - everyone's playthrough
   will have a unique story to tell. With over 120,000 words and many hours
   of replayable content, each playthrough allows players to explore more of
   the overall ôstory spaceö and learn more about the crash and their fellow
   survivors. There are no ægood' or æbad' choices and endings to Dyscourse
   - how to best survive the island is a decision left up to the player.
   Choose wisely! 
   
▄███▓▒░▒▓█████████▓▒░▒▓██████████▓▒░▒▓█████████▓▒░▒▓████████▓▒░▒▓███████▓▒░▒▓██▄
█████▓▒░▒▓█████████▓▒░▒▓██████████▓▒░▒▓█████████▓▒░▒▓████████▓▒░▒▓███████▓▒░▒▓██
▀█████▓▒░▒▓█████████▓▒░▒▓██████████▓▒░▒▓█████████▓▒░▒▓████████▓▒░▒▓███████▓▒░▒▀

   Burn/mount, install, copy crack, play!

   Greetz: LARGEiSO and MEDIUMiSO

▄███▓▒░▒▓█████████▓▒░▒▓██████████▓▒░▒▓█████████▓▒░▒▓████████▓▒░▒▓███████▓▒░▒▓██▄
█████▓▒░▒▓█████████▓▒░▒▓██████████▓▒░▒▓█████████▓▒░▒▓████████▓▒░▒▓███████▓▒░▒▓██
▀█████▓▒░▒▓█████████▓▒░▒▓██████████▓▒░▒▓█████████▓▒░▒▓████████▓▒░▒▓███████▓▒░▒▀
                                                                     (C) E/dfs
                            " SIZE DOES NOT MATTER! "
