░░░░   ░█                   ▄▄      ▄███   ▀░░███                               
░░░░░   ░█                ▄█▓▓█▄  ▄█████ ▄▀▀▄░███    ▓███▄                   ▓██
░░░░░░   ░█             ▄█▀░▒▒░▀████████▄ ▀▀░▄██▀   ▓█████            ▓██   ▓██ 
░░░░░░░░  ░█            █  ░░░░░░▀█████▀░▀▄▄████  ▓███     ▓████████▄ ▓██   ▓██ 
▒▒░░░░░░░  ░█           █   ░░░░░░░▀██▀░░░▒▄███▀ ▓██        ▓████████  ▓██ ▓██  
▒▒▒░░░░░░░  ░█          █▀▀▀█▄░░░░░░░░░░░▒█████  ▓██        ▓██         ██ ██   
▒▒▒▒░░░░░░   ░█        ▄▀    ▀▀▀▄▄░░░░░░▒█████    ▓██▄▄▄    ▓██████▄    ▓████   
▒▒▒▒▒░░░░░░░ ░░█ eGo  ▄▀  ░░░░░░░▀█░░░░░▀████▀     ▓██████▄ ▓███████     ▓██▄   
▒▒▒▒▒▒▒░░░░░░░░█     ▄▀ ░░░░░░░░░░░░░░░░░░███          ▓███ ▓██         ▓██ ██  
▒▒▒▒▒▒▒▒░░░░░░░░█  ▄█▀ ░░░░░░░░░░░░░░░░░░░░██           ▓██ ▓██        ▓██  ▓██ 
▒▒▒▒▒▒▒▒▒░░░░░░░█ ▄█▒░░░░░░░░░░░░░░░░░▒█  ░░▀█  ▓█▄     ▓██ ▓██       ▓██   ▓███
▒▒▒▒▒▒▒▒▒▒░░░░░░▀▄█▒▒░░░░░░░░░░░░░░░░░░▒█  ░░░█ ▓█████████▀ ▓██      ▓██     ▓██
▒▒▒▒▒▒▒▒▒▒▒░░░░░░█▒▒▒░░░░░░░░░░░░░░░░░░▒█░  ░░▒█ ▓███████▀  ▓██                 
▒▒▒▒▒▒▒▒▒▒▒░░░░░░░█▒░░░░░░░░░░░░░░░░░░▒▒▒█░ ░▒▓▓█           ▓████████▄          
▒▒▒▒▒▒▒▒▒▒▒▒░░░░░░█▒░░░░░░░■░░░░░░░░░▒▒▒▒█░░░░▒█             ▓████████          
▒▒▒▒▒▒▒▒▒▒▒▒░░░░░█▒▒░░░░░░░░░░░░░░░▒▒▒▒▒▒█░░░░█                                 
▒▒▒▒▒▒▒▒▒▒▒▒▒░░░░███▄░░░░░░░░░░░░▒▒▒▒▒▒█▀▀▀▀▀▀           ▓██     ▓██            
▒▒▒▒▒▒▒▒▒▒▒▒▒░░░░████▄░░░░▄▄▄▄▄▒▒▒▒▒▒█▀    ▓██████▄     ▓███    ▓███ ▓████████▄ 
█▒▒▒▒▒▒▒▒▒▒▒▒░░▓▓█████▀▀▀▀▀░░░░▀▀▀▀▀█▄▄▄▄  ▓███████     ▓████  ▓████  ▓████████ 
 █▒▒▒▒▒▒▒▒▒▒▒▓▓▓██▓▓░░░░░░░  ░░░░░░░░░░░░▀▀▀▀▓██    ▓██ ▓██ ██ ██ ██  ▓██       
  █▄▄▒▒▒▒▒▒▒▓▓███▓▓░░░░░░░░░       ░░░░░░░░░░▓██        ▓██ ██ ██ ██  ▓██████▄  
    ▀█▄▄▒▒▒▒████▓▓▓▒▒▒░░░░░░░░░░░░   ░░░░░░░░▓██        ▓██  █ █▀ ██  ▓███████  
        ▀▀▀▀ ▓██▓▒▒▒▒▒▒▒▒▒▒▒▒░░░░░░░░░░░░░░░░▓██     ▓█ ▓██  ███  ██  ▓██       
              █▓▒▒▒▒▒▒▒▒▒▒▒▒▒▒▒▒▒▒░░░░░░░░░░░▓██    ▓██ ▓██  ██▀  ██  ▓██       
              █▒▒▒▒▒▒▒▒▒▒▒▒▒▒▒▒▒▒▒▒▒▒▒▒▒▒▒▒▒▒▓██    ▓██  ▓█   ▀   ██  ▓██       
               █▒▒▒▒▒▒▒▒▒▒▒▒▒▒▒▒▒▒▒▒▒▒▒▒▒▒▒▒▒▓██    ▓██            █  ▓██       
                █▄▒▒▒▒▒▒▒▒▒▒▒▒▒▒▒▒▒▒▒▒▒▒▒▒▒▒▒▓██                      ▓██       
                 ▀█▄▄▒▒▒▒▒▒▒▒▒▒▒▒▒▒▒▒▒▒▒▒▄▄▀▀▓██                      ▓████████▄
                    ▀▀▀▄▄▄▄▒▒▒▒▒▄▄▄▄▀▀▀▀▀    ▓█▀                       ▓████████
   SEXTiME Presents        ▀▀▀▀▀                                                
   ■■■■■■■■■■■■■■■■                                                             
                                                                                
 ■ Title ─────────:Grandi.Chiavate.Tropicali.iTALiAN.XXX.DVDRip.XviD-SEXTiME                                                        
                                                                                  
 ■ Released ──────:11/09/2009           ■ Resolution  ───:544 x 304 (1.773:1)                       
 ■ Year ──────────:2009                 ■ Aspect Ratio ──:16:9                       
 ■ Production ────:n/a                  ■ Video Codec ───:XviD                                
 ■ Language ──────:iTALiAN              ■ Video Bitrate ─:989 Kbps                          
 ■ Runtime────────:96'                  ■ Audio Codec ───:MP3                               
 ■ File/s Size ───:1CD 49x15MB          ■ Audio Bitrate ─:128 Kbps                          
                                                                                        
 ■ Cast ──────────:Regina Moon, Madison                                          
                                                                                            
                                                                                            
 ■ Link ──────────:http://www.erosdvd.it/index.php?sez=&sub=scheda&id=37488     
                                                                                
                                                                                            
                                                                                            
   We are looking for                                                             
   ■■■■■■■■■■■■■■■■■■                                                             
                                                                                  
 ■ GBits Affils                                                                   
 ■ Prestore Suppliers                                                             
                                                                                  
 █▀█▀▀▀▀ █▀█▀▀▀▀ █▀█▀▀▀▀ █▀█▀▀▀▀ █▀█▀▀▀▀ █▀█▀▀▀▀ █▀█▀▀▀▀ █▀█▀▀▀▀ █▀█▀▀▀▀ █▀█▀▀▀▀  
 ▀▀▀ █▀█ ▀▀▀ █▀█ ▀▀▀ █▀█ ▀▀▀ █▀█ ▀▀▀ █▀█ ▀▀▀ █▀█ ▀▀▀ █▀█ ▀▀▀ █▀█ ▀▀▀ █▀█ ▀▀▀ █▀█  
 ▀▀▀▀▀▀▀ ▀▀▀▀▀▀▀ ▀▀▀▀▀▀▀ ▀▀▀▀▀▀▀ ▀▀▀▀▀▀▀ ▀▀▀▀▀▀▀ ▀▀▀▀▀▀▀ ▀▀▀▀▀▀▀ ▀▀▀▀▀▀▀ ▀▀▀▀▀▀▀
