ÔĽŅ                                                                            ‚ĖĎ‚ĖĎ‚ĖĎ
                 ‚ĖĆ                    ‚ĖĆ            ‚ĖĆ
 ‚ĖĎ‚ĖĎ‚ĖĎ                   ‚ĖĆ                                      ‚Ėź             ‚Ėí‚Ėí‚Ėí
                ‚ĖĆ‚ĖĆ          ‚Ėź
                     ... the future ...            ‚ĖĆ          ‚Ėź             ‚Ėď‚Ėď‚Ėď
 ‚Ėí‚Ėí‚Ėí            ‚ĖĆ‚ĖĆ                    ‚ĖĆ                        ‚Ėź‚ĖÄ‚ĖÄ‚ĖÄ‚ĖÄ‚ĖÄ       ‚Ėą‚Ėą‚Ėď
     ‚ĖĆ          ‚ĖĆ‚ĖĆ     ‚ĖĆ      ... belongs to US ...‚ĖĆ          ‚Ėź‚Ėź ‚Ėą‚Ėą‚Ėą‚Ėą      ‚ĖĆ‚Ėą‚Ėą‚Ėď
 ‚Ėď‚Ėď‚Ėď ‚ĖĆ   ‚Ėź‚ĖÄ‚ĖÄ‚ĖÄ‚ĖÄ‚ĖÄ ‚ĖĆ‚ĖĆ‚ĖÄ‚ĖÄ‚ĖÄ‚ĖÄ‚ĖĆ     ‚Ėź                      ‚ĖĆ           ‚Ėź ‚Ėą‚Ėą‚Ėą‚Ėą      ‚ĖĆ‚Ėą‚Ėą‚Ėď
     ‚ĖĆ   ‚Ėź ‚Ėą‚Ėą‚Ėą‚Ėą ‚ĖĆ‚ĖĆ‚Ėą‚Ėą‚Ėą ‚ĖĆ‚ĖĆ              ‚ĖĆ            ‚ĖĆ          ‚Ėź‚Ėź ‚Ėą‚Ėą‚Ėą‚Ėą      ‚ĖĆ‚Ėą‚Ėą‚Ėď
 ‚Ėą‚Ėą‚Ėą ‚ĖĆ   ‚Ėź ‚Ėą‚Ėą‚Ėą‚Ėą ‚ĖĆ‚ĖĆ‚Ėą‚Ėą‚Ėą ‚ĖĆ‚ĖĆ                 ‚Ėź‚ĖÄ‚ĖÄ‚ĖÄ‚ĖÄ‚ĖÄ‚ĖÄ‚ĖÄ‚ĖÄ ‚ĖĆ‚ĖÄ‚ĖÄ‚ĖÄ‚ĖÄ‚ĖÄ‚ĖĆ    ‚Ėź‚Ėź ‚Ėą‚Ėą‚Ėą‚Ėą       ‚ĖÄ‚Ėą‚Ėď
 ‚Ėą‚Ėą‚Ėď ‚ĖĆ   ‚Ėź ‚Ėą‚Ėą‚Ėą‚Ėą ‚ĖĆ‚ĖĆ‚Ėą‚Ėą‚Ėą ‚ĖĆ     ‚Ėź         ‚ĖĆ  ‚Ėź ‚Ėą‚Ėą‚Ėą‚Ėą‚Ėą‚Ėą‚Ėą ‚ĖĆ‚Ėą‚Ėą‚Ėą‚Ėą ‚ĖĆ    ‚Ėź‚Ėź ‚Ėą‚Ėą‚Ėą‚Ėą ‚Ėą‚ĖÄ‚ĖÄ‚ĖÄ‚ĖÄ‚ĖÄ ‚Ėą‚Ėď
 ‚Ėą‚Ėą‚Ėď ‚ĖĆ   ‚Ėź ‚Ėą‚Ėą‚Ėą‚Ėą ‚ĖĆ‚ĖĆ‚Ėą‚Ėą‚Ėą ‚ĖĆ‚ĖĆ    ‚Ėź         ‚ĖĆ  ‚Ėź ‚Ėą‚Ėą‚Ėą‚Ėą‚Ėą‚Ėą‚Ėą ‚ĖĆ‚Ėą‚Ėą‚Ėą‚Ėą ‚ĖĆ    ‚Ėź‚Ėź ‚Ėą‚Ėą‚Ėą‚Ėą‚Ėź‚Ėą    ‚ĖĆ‚Ėą‚Ėą‚Ėď
 ‚Ėą‚Ėą‚Ėď ‚ĖĆ   ‚Ėź ‚Ėą‚Ėą‚Ėą‚Ėą ‚ĖĆ‚ĖĆ‚Ėą‚Ėą‚Ėą ‚ĖĆ‚ĖĆ    ‚Ėź         ‚ĖĆ  ‚Ėź ‚Ėą‚Ėą      ‚ĖĆ  ‚Ėą‚Ėą ‚ĖĆ    ‚Ėź‚Ėź ‚Ėą‚Ėą‚Ėą‚Ėą‚Ėź‚Ėą    ‚ĖĆ‚Ėą‚Ėą‚Ėď
 ‚Ėą‚Ėą‚Ėď ‚ĖĆ   ‚Ėź ‚Ėą‚Ėą‚Ėą‚Ėą‚ĖĄ‚ĖĄ‚ĖĄ‚Ėą‚Ėą‚Ėą                      ‚Ėą‚Ėą      ‚ĖĆ  ‚Ėą‚Ėą ‚ĖĆ    ‚Ėź‚Ėź ‚Ėą‚Ėą‚Ėą‚Ėą‚Ėź‚Ėą    ‚ĖĆ‚Ėą‚Ėą‚Ėď
 ‚Ėą‚Ėą‚Ėď ‚ĖĆ   ‚Ėź ‚Ėą‚Ėą‚Ėą‚Ėą‚Ėą‚Ėą‚Ėą‚Ėą‚Ėą‚Ėą ‚Ėą‚Ėą‚Ėą‚Ėą‚Ėą ‚Ėą‚Ėą   ‚Ėą ‚Ėą‚Ėą‚Ėą‚Ėą‚Ėą‚Ėą‚Ėą ‚Ėą‚Ėą      ‚ĖĆ  ‚Ėą‚Ėą      ‚Ėź‚Ėź ‚Ėą‚Ėą‚Ėą‚Ėą      ‚ĖĆ‚Ėą‚Ėą‚Ėď
 ‚Ėą‚Ėą‚Ėď ‚ĖĆ   ‚Ėź ‚Ėą‚Ėą‚Ėą‚Ėą‚ĖÄ‚ĖÄ‚ĖÄ‚Ėą‚Ėą‚Ėą ‚Ėą   ‚Ėą ‚Ėą‚ĖÄ‚Ėą  ‚Ėą ‚Ėą       ‚Ėą‚Ėą      ‚ĖĆ  ‚Ėą‚Ėą ‚Ėą‚Ėą‚Ėą‚Ėą‚Ėą‚Ėź‚Ėź ‚Ėą‚Ėą‚Ėą‚Ėą      ‚ĖĆ‚Ėą‚Ėą‚Ėď
 ‚Ėą‚Ėą‚Ėď ‚ĖĆ   ‚Ėź ‚Ėą‚Ėą‚Ėą‚Ėą ‚ĖĆ‚ĖĆ‚Ėą‚Ėą‚Ėą ‚Ėą   ‚Ėą ‚Ėą ‚Ėą‚Ėą ‚Ėą ‚Ėą  ‚ĖĆ    ‚Ėą‚Ėą      ‚ĖĆ  ‚Ėą‚Ėą ‚Ėą    ‚Ėź‚Ėź ‚Ėą‚Ėą‚Ėą‚Ėą      ‚ĖĆ‚Ėą‚Ėą‚Ėď
 ‚Ėą‚Ėą‚Ėď ‚ĖĆ   ‚Ėź ‚Ėą‚Ėą‚Ėą‚Ėą ‚ĖĆ‚ĖĆ‚Ėą‚Ėą‚Ėą ‚Ėą‚Ėą‚Ėą‚Ėą‚Ėą ‚Ėą  ‚Ėą‚Ėą‚Ėą ‚Ėą  ‚ĖĆ    ‚Ėą‚Ėą      ‚ĖĆ  ‚Ėą‚Ėą ‚Ėą    ‚Ėź‚Ėź ‚Ėą‚Ėą‚Ėą‚Ėą‚Ėź‚ĖĄ‚ĖĄ‚ĖĄ‚ĖĄ ‚ĖĆ‚Ėą‚Ėą‚Ėď
 ‚Ėą‚Ėą‚Ėď ‚ĖÄ‚ĖÄ‚ĖÄ‚ĖÄ‚ĖÄ ‚ĖÄ‚ĖÄ‚ĖÄ‚ĖÄ ‚ĖĆ‚ĖĆ‚Ėą‚Ėą‚Ėą ‚Ėą   ‚Ėą ‚Ėą   ‚Ėą‚Ėą ‚Ėą       ‚Ėą‚Ėą‚Ėą‚Ėą‚Ėą‚Ėą‚Ėą ‚ĖĆ‚Ėą‚Ėą‚Ėą‚Ėą ‚Ėą‚Ėą‚Ėą‚Ėą‚Ėą‚Ėź‚Ėź ‚ĖÄ‚ĖÄ‚ĖÄ‚ĖÄ‚ĖÄ‚ĖÄ‚ĖÄ‚ĖÄ‚ĖÄ  ‚Ėą‚Ėą‚Ėď
 ‚Ėą‚Ėą‚Ėď‚Ėď‚Ėď‚Ėď‚Ėď‚Ėď‚Ėď‚Ėď‚Ėď‚Ėą‚Ėą‚Ėą‚ĖĄ‚ĖĄ‚ĖĄ‚ĖĄ‚ĖĄ‚ĖĄ‚ĖĄ‚ĖĄ‚ĖĄ‚ĖĄ ‚ĖÄ ‚ĖÄ   ‚ĖÄ‚Ėą ‚Ėą‚Ėą‚Ėą‚Ėą‚Ėą‚Ėą‚Ėą ‚Ėą‚Ėą‚Ėą‚Ėą‚ĖÄ‚ĖÄ‚ĖÄ  ‚ĖÄ‚ĖÄ‚ĖÄ‚ĖÄ ‚ĖĄ‚ĖĄ‚ĖĄ‚ĖĄ‚ĖĄ‚ĖĄ‚ĖĄ‚ĖĄ‚Ėą‚Ėą‚Ėą‚Ėą‚Ėą‚Ėą‚Ėą‚Ėą‚Ėą‚Ėą‚Ėą‚Ėą‚Ėą‚Ėď
 ‚Ėą‚Ėą‚Ėą‚Ėą‚Ėą‚Ėą‚Ėą‚Ėą‚Ėą‚Ėą‚Ėą‚Ėą‚Ėą‚Ėą‚Ėą‚Ėą‚Ėą‚Ėą‚Ėą‚Ėą‚Ėą‚Ėą‚Ėą‚Ėą‚Ėą‚Ėą‚Ėą‚Ėą‚Ėą‚Ėą‚Ėą‚ĖĄ‚ĖĄ‚ĖĄ‚ĖĄ‚ĖĄ‚ĖĄ‚ĖĄ‚ĖĄ‚ĖĄ‚ĖĄ‚ĖĄ‚ĖĄ‚ĖĄ‚ĖĄ‚ĖĄ‚ĖĄ‚Ėą‚Ėď‚Ėď‚Ėď‚Ėď‚Ėą‚Ėą‚Ėą‚Ėą‚Ėą‚Ėą‚Ėą‚Ėą‚Ėą‚Ėą‚Ėą‚Ėą‚Ėą‚Ėą‚Ėą‚Ėą‚Ėą‚Ėą‚Ėą‚Ėą‚Ėď‚Ėď‚Ėď‚Ėď‚Ėď‚Ėď
 ‚ĖĄ‚ĖĄ‚ĖĄ‚ĖĄ‚ĖĄ‚ĖĄ‚ĖĄ‚ĖĄ‚ĖĄ ‚ĖĄ‚ĖĄ‚ĖĄ‚ĖĄ  ‚ĖĄ‚ĖĄ‚ĖĄ‚ĖĄ‚ĖĄ‚ĖĄ‚ĖĄ‚ĖĄ‚ĖĄ‚ĖĄ‚ĖĄ‚ĖĄ ‚Ėą‚Ėą‚Ėą‚Ėą‚Ėą‚Ėą‚Ėą‚Ėą‚Ėą‚Ėą‚Ėą‚Ėą‚Ėą‚Ėą‚Ėą‚Ėď‚Ėď‚Ėď‚Ėď‚Ėď ‚ĖĄ‚ĖĄ‚ĖĄ‚ĖĄ‚ĖĄ‚ĖĄ‚ĖĄ‚ĖĄ‚ĖĄ‚ĖĄ‚ĖĄ‚ĖĄ  ‚ĖĄ‚ĖĄ‚ĖĄ‚ĖĄ ‚ĖĄ‚ĖĄ‚ĖĄ‚ĖĄ‚ĖĄ‚ĖĄ‚ĖĄ‚ĖĄ‚ĖĄ
         ‚Ėź ‚Ėą‚Ėą‚Ėą‚Ėą ‚ĖĆ‚ĖĆ‚ĖĄ‚ĖĄ‚ĖĄ‚ĖĄ‚ĖĄ‚ĖĄ‚ĖĄ‚ĖĄ‚ĖĄ‚ĖĄ‚Ėź ‚ĖĄ‚ĖĄ‚ĖĄ‚ĖĄ‚ĖĄ‚ĖĄ‚ĖĄ‚ĖĄ‚ĖĄ‚ĖĄ‚ĖĄ‚ĖĄ‚ĖĄ‚ĖĄ‚ĖĄ‚ĖĄ‚ĖĄ‚ĖĄ‚ĖĄ‚ĖĄ ‚ĖĆ‚ĖĄ‚ĖĄ‚ĖĄ‚ĖĄ‚ĖĄ‚ĖĄ‚ĖĄ‚ĖĄ‚ĖĄ‚ĖĄ‚Ėź‚Ėź ‚Ėą‚Ėą‚Ėą‚Ėď ‚ĖĆ
 ‚ĖÄ‚ĖÄ‚ĖÄ‚ĖÄ‚ĖÄ‚ĖÄ‚ĖÄ‚ĖÄ‚ĖÄ ‚Ėą‚Ėą‚Ėą‚Ėď ‚ĖĆ‚ĖĆ‚ĖĆ‚ĖĄ‚ĖĄ‚ĖĄ‚ĖĄ‚ĖĄ‚ĖĄ‚ĖĄ‚ĖĄ‚ĖĄ‚Ėź ‚ĖĄ‚ĖĄ‚ĖĄ‚ĖĄ‚ĖĄ‚ĖĄ‚ĖĄ‚ĖĄ‚ĖĄ‚ĖĄ‚ĖĄ‚ĖĄ‚ĖĄ‚ĖĄ‚ĖĄ‚ĖĄ‚ĖĄ‚ĖĄ‚ĖĄ‚ĖĄ ‚ĖĆ‚ĖĄ‚ĖĄ‚ĖĄ‚ĖĄ‚ĖĄ‚ĖĄ‚ĖĄ‚ĖĄ‚ĖĄ‚Ėź‚Ėź‚Ėź ‚Ėą‚Ėą‚Ėą‚Ėď ‚ĖÄ‚ĖÄ‚ĖÄ‚ĖÄ‚ĖÄ‚ĖÄ‚ĖÄ‚ĖÄ‚ĖÄ
 ‚Ėą‚Ėą‚Ėą‚Ėą‚Ėą‚Ėą‚Ėą‚Ėą‚Ėą‚Ėą‚Ėą‚Ėą‚Ėď‚Ėď ‚ĖĆ‚ĖĆ‚ĖĆ‚ĖĆ       ‚Ėź‚Ėź ‚ĖĄ‚ĖĄ‚ĖĄ‚ĖĄ‚ĖĄ‚ĖĄ‚ĖĄ‚ĖĄ‚ĖĄ‚ĖĄ‚ĖĄ‚ĖĄ‚ĖĄ‚ĖĄ‚ĖĄ‚ĖĄ‚ĖĄ‚ĖĄ‚ĖĄ‚ĖĄ ‚ĖĆ‚ĖĆ       ‚Ėź‚Ėź‚Ėź‚Ėź ‚Ėą‚Ėą‚Ėą‚Ėą‚Ėą‚Ėą‚Ėą‚Ėą‚Ėą‚Ėą‚Ėą‚Ėą‚Ėą‚Ėď
 ‚Ėą‚Ėą‚Ėą ‚ĖĄ‚ĖĄ‚ĖĄ‚ĖĄ‚ĖĄ‚ĖĄ‚ĖĄ‚ĖĄ‚ĖĄ‚ĖĄ‚ĖĄ‚ĖĆ‚ĖĆ‚ĖĆ‚ĖĆ‚Ėź‚ĖÄ‚ĖÄ‚ĖÄ‚ĖÄ‚ĖÄ‚ĖĆ‚Ėź‚Ėź ‚ĖĄ‚ĖĄ‚ĖĄ‚ĖĄ‚ĖĄ‚ĖĄ‚ĖĄ‚ĖĄ‚ĖĄ‚ĖĄ‚ĖĄ‚ĖĄ‚ĖĄ‚ĖĄ‚ĖĄ‚ĖĄ‚ĖĄ‚ĖĄ‚ĖĄ‚ĖĄ ‚ĖĆ‚ĖĆ‚Ėź‚ĖÄ‚ĖÄ‚ĖÄ‚ĖÄ‚ĖÄ‚ĖĆ‚Ėź‚Ėź‚Ėź‚Ėź‚ĖĄ‚ĖĄ‚ĖĄ‚ĖĄ‚ĖĄ‚ĖĄ‚ĖĄ‚ĖĄ‚ĖĄ‚ĖĄ‚ĖĄ ‚Ėą‚Ėą‚Ėď
 ‚Ėą‚Ėą‚Ėď ‚ĖĆ‚ĖĄ‚ĖĄ‚ĖĄ‚ĖĄ‚ĖĄ‚ĖĄ‚ĖĄ‚ĖĄ‚ĖĄ‚ĖĄ‚ĖĄ‚ĖĆ‚ĖĆ‚ĖĆ‚Ėź     ‚ĖĆ‚Ėź‚Ėź ‚ĖĄ‚ĖĄ‚ĖĄ‚ĖĄ‚ĖĄ‚ĖĄ‚ĖĄ‚ĖĄ‚ĖĄ‚ĖĄ‚ĖĄ‚ĖĄ‚ĖĄ‚ĖĄ‚ĖĄ‚ĖĄ‚ĖĄ‚ĖĄ‚ĖĄ‚ĖĄ ‚ĖĆ‚ĖĆ‚Ėź ‚ĖĆ‚ĖĆ  ‚ĖĆ‚Ėź‚Ėź‚Ėź‚ĖĄ‚ĖĄ‚ĖĄ‚ĖĄ‚ĖĄ‚ĖĄ‚ĖĄ‚ĖĄ‚ĖĄ‚ĖĄ‚ĖĄ‚Ėź ‚Ėą‚Ėą‚Ėď
 ‚Ėą‚Ėą‚Ėď ‚ĖĆ‚ĖĆ‚ĖĄ‚ĖĄ‚ĖĄ‚ĖĄ‚ĖĄ‚ĖĄ‚ĖĄ‚ĖĄ‚ĖĄ‚ĖĄ‚ĖĄ‚ĖĆ‚ĖĆ‚Ėź     ‚ĖĆ‚Ėź‚Ėź ‚Ėą‚Ėą‚Ėą‚Ėą‚Ėą‚Ėą‚Ėą‚Ėą‚Ėą‚Ėą‚Ėą‚Ėą‚Ėą‚Ėą‚Ėą‚Ėą‚Ėď‚Ėď‚Ėď‚Ėď ‚ĖĆ‚ĖĆ‚Ėź ‚ĖĆ‚ĖĆ  ‚ĖÄ‚Ėź‚Ėź‚ĖĄ‚ĖĄ‚ĖĄ‚ĖĄ‚ĖĄ‚ĖĄ‚ĖĄ‚ĖĄ‚ĖĄ‚ĖĄ‚ĖĄ‚Ėź‚Ėź ‚Ėą‚Ėą‚Ėď
 ‚Ėą‚Ėą‚Ėď ‚ĖĆ‚ĖĆ‚ĖĆ           ‚ĖĆ‚ĖÄ     ‚ĖĆ‚Ėź  ‚ĖĄ‚ĖĄ‚ĖĄ‚ĖĄ‚ĖĄ‚ĖĄ‚ĖĄ‚ĖĄ‚ĖĄ‚ĖĄ‚ĖĄ‚ĖĄ‚ĖĄ‚ĖĄ‚ĖĄ‚ĖĄ‚ĖĄ‚ĖĄ‚ĖĄ‚ĖĄ  ‚ĖĆ‚Ėź ‚ĖĆ‚ĖĆ  ‚Ėź‚Ėź           ‚Ėź‚Ėź‚Ėź ‚Ėą‚Ėą‚Ėď
 ‚Ėą‚Ėą‚Ėď ‚ĖĆ‚ĖĆ‚ĖĆ‚Ėź‚Ėź      ‚ĖĄ‚ĖĄ ‚ĖĆ‚ĖĄ‚ĖĄ‚ĖĄ‚ĖĄ‚ĖĄ ‚ĖĆ‚Ėź‚Ėź ‚Ėą‚Ėą‚Ėą‚Ėą‚Ėą‚Ėą‚Ėą‚Ėą‚Ėą‚Ėą‚Ėą‚Ėą‚Ėą‚Ėą‚Ėą‚Ėą‚Ėą‚Ėą‚Ėą‚Ėď ‚ĖĆ‚ĖĆ‚Ėź ‚ĖÄ‚ĖÄ‚ĖÄ‚ĖÄ‚ĖÄ‚Ėź ‚ĖÄ‚ĖÄ‚ĖÄ‚ĖÄ‚ĖĆ     ‚Ėź‚Ėź‚Ėź ‚Ėą‚Ėą‚Ėď
 ‚Ėą‚Ėą‚Ėď ‚ĖĆ‚ĖĆ‚ĖĆ‚Ėź‚Ėź‚ĖĄ‚ĖĄ‚ĖĄ   ‚ĖĆ  ‚ĖĆ      ‚ĖĆ‚Ėź‚Ėź ‚Ėą‚Ėą‚Ėą‚Ėą‚Ėą‚Ėą‚Ėą‚Ėą‚Ėą‚Ėą‚Ėą‚Ėą‚Ėą‚Ėď‚Ėď‚Ėď‚Ėď‚Ėď‚Ėď‚Ėď ‚ĖĆ‚ĖĆ‚Ėź  ‚ĖĆ ‚ĖĆ‚Ėź            ‚Ėź‚Ėź‚Ėź ‚Ėą‚Ėą‚Ėď
 ‚Ėą‚Ėą‚Ėď ‚ĖĆ‚ĖĆ‚ĖĆ‚Ėź‚ĖĄ‚ĖĄ‚ĖĄ‚Ėź‚ĖĄ‚ĖĄ‚ĖĄ‚ĖĆ  ‚ĖÄ‚ĖÄ‚ĖÄ‚ĖÄ‚ĖÄ   ‚Ėź  ‚ĖĄ‚ĖĄ‚ĖĄ‚ĖĄ‚ĖĄ‚ĖĄ‚ĖĄ‚ĖĄ‚ĖĄ‚ĖĄ‚ĖĄ‚ĖĄ‚ĖĄ‚ĖĄ‚ĖĄ‚ĖĄ‚ĖĄ‚ĖĄ‚ĖĄ‚ĖĄ  ‚ĖĆ ‚ĖĄ‚ĖĄ‚ĖĆ ‚ĖÄ‚ĖÄ‚ĖÄ‚ĖÄ‚ĖÄ‚ĖÄ‚ĖÄ‚ĖÄ‚ĖÄ‚ĖÄ‚ĖÄ‚ĖÄ‚ĖÄ ‚Ėź‚Ėź‚Ėź ‚Ėą‚Ėą‚Ėď
 ‚Ėą‚Ėą‚Ėď ‚ĖĆ‚ĖĆ‚ĖĆ                   ‚Ėź ‚Ėź‚Ėą‚Ėď‚Ėď‚Ėď‚Ėď‚Ėď‚Ėď‚Ėď‚Ėď‚Ėď‚Ėď‚Ėď‚Ėď‚Ėď‚Ėď‚Ėď‚Ėď‚Ėď‚Ėď‚Ėď‚ĖĆ ‚ĖĆ                   ‚Ėź‚Ėź‚Ėź ‚Ėą‚Ėą‚Ėď
 ‚Ėą‚Ėą‚Ėď ‚ĖĆ‚ĖĆ‚ĖÄ‚ĖÄ‚ĖÄ‚ĖÄ‚ĖÄ‚ĖÄ‚ĖÄ‚ĖÄ‚ĖÄ‚ĖÄ‚ĖÄ‚ĖÄ‚ĖÄ‚ĖÄ‚ĖÄ‚ĖÄ‚ĖÄ‚ĖÄ‚ĖÄ‚ĖÄ‚ĖÄ ‚ĖÄ‚ĖÄ‚ĖÄ‚ĖÄ‚ĖÄ‚ĖÄ‚ĖÄ‚ĖÄ‚ĖÄ‚ĖÄ‚ĖÄ‚ĖÄ‚ĖÄ‚ĖÄ‚ĖÄ‚ĖÄ‚ĖÄ‚ĖÄ‚ĖÄ‚ĖÄ‚ĖÄ‚ĖÄ ‚ĖÄ‚ĖÄ‚ĖÄ‚ĖÄ‚ĖÄ‚ĖÄ‚ĖÄ‚ĖÄ‚ĖÄ‚ĖÄ‚ĖÄ‚ĖÄ‚ĖÄ‚ĖÄ‚ĖÄ‚ĖÄ‚ĖÄ‚ĖÄ‚ĖÄ‚ĖÄ‚ĖÄ‚Ėź‚Ėź ‚Ėą‚Ėą‚Ėď
 ‚Ėą‚Ėą‚Ėď ‚ĖĆ‚ĖĆ    Tarzoon Schande des Dschungels - Directors Cut (1975)         ‚Ėź‚Ėź ‚Ėą‚Ėą‚Ėď
 ‚Ėą‚Ėą‚Ėď ‚ĖĆ‚Ėą‚ĖĄ‚ĖĄ‚ĖĄ‚ĖĄ‚ĖĄ‚ĖĄ‚ĖĄ‚ĖĄ‚ĖĄ‚ĖĄ‚ĖĄ‚ĖĄ‚ĖĄ‚ĖĄ‚ĖĄ‚ĖĄ‚ĖĄ‚ĖĄ‚ĖĄ‚ĖĄ‚ĖĄ‚ĖĄ‚ĖĄ‚ĖĄ‚ĖĄ‚ĖĄ‚ĖĄ‚ĖĄ‚ĖĄ‚ĖĄ‚ĖĄ‚ĖĄ‚ĖĄ‚ĖĄ‚ĖĄ‚ĖĄ‚ĖĄ‚ĖĄ‚ĖĄ‚ĖĄ‚ĖĄ‚ĖĄ‚ĖĄ‚ĖĄ‚ĖĄ‚ĖĄ‚ĖĄ‚ĖĄ‚ĖĄ‚ĖĄ‚ĖĄ‚ĖĄ‚ĖĄ‚ĖĄ‚ĖĄ‚ĖĄ‚ĖĄ‚ĖĄ‚ĖĄ‚ĖĄ‚ĖĄ‚ĖĄ‚ĖĄ‚ĖĄ‚ĖĄ‚ĖĄ‚Ėą‚Ėź ‚Ėą‚Ėą‚Ėď
 ‚ĖĄ‚ĖĄ‚ĖĄ‚ĖĄ‚ĖĄ‚ĖĄ‚ĖĄ‚ĖĄ                                                                 ‚Ėź ‚Ėą‚Ėą‚Ėď
 ‚ĖĄ‚ĖĄ‚ĖĄ    ‚Ėź                  ‚ĖĄ‚ĖĄ‚ĖĄ‚ĖĄ‚ĖĄ‚ĖĄ‚ĖĄ‚ĖĄ‚ĖĄ‚ĖĄ‚ĖĄ‚ĖĄ‚ĖĄ‚ĖĄ‚ĖĄ‚ĖĄ‚ĖĄ‚ĖĄ‚ĖĄ‚ĖĄ‚ĖĄ‚ĖĄ‚ĖĄ‚ĖĄ‚ĖĄ‚ĖĄ‚ĖĄ‚ĖĄ‚ĖĄ‚ĖĄ‚ĖĄ‚ĖĄ‚ĖĄ‚ĖĄ‚ĖĄ‚ĖĄ‚ĖĄ‚ĖĄ‚ĖĄ‚ĖĄ‚ĖĄ‚ĖĄ‚ĖĄ‚ĖĄ   ‚Ėź ‚Ėą‚Ėą‚Ėď
 ‚Ėą‚Ėą‚Ėď ‚ĖĆ‚Ėź ‚Ėź‚ĖĄ‚ĖĄ‚ĖĄ                                                         ‚Ėź     ‚ĖÄ‚ĖÄ‚ĖÄ
 ‚Ėą‚Ėą‚Ėď ‚ĖĆ‚Ėź    ‚Ėź  ‚Ėź RELEASE DATE. 23.07.2009  BiTRATE    . ~1313 Kbps  ‚Ėź‚ĖÄ‚ĖÄ‚Ėź ‚ĖÄ‚ĖÄ‚ĖÄ‚ĖÄ‚ĖÄ‚ĖÄ‚ĖÄ
 ‚Ėą‚Ėą‚Ėď ‚ĖĆ     ‚Ėź  ‚Ėź TV DATE     . 29.05.2009  RESOLUTiON . 640 X 336       ‚ĖĄ‚ĖĄ‚ĖĄ‚ĖĄ‚ĖĄ‚ĖĄ‚ĖĄ‚ĖĄ
 ‚Ėą‚Ėą‚Ėď ‚ĖĆ‚ĖÄ‚ĖÄ‚ĖÄ‚ĖÄ‚ĖĆ‚Ėź  ‚Ėź GENRE       . Cartoon     AUDiO      . MP3 ABR 140 Kbps     ‚ĖĄ‚ĖĄ‚ĖĄ
 ‚Ėą‚Ėą‚Ėď ‚ĖĆ‚Ėź       ‚Ėź SOURCE      . Retail DVD  RUNTiME    . ~75 Minutes       ‚ĖĆ‚Ėź ‚Ėą‚Ėą‚Ėď
 ‚Ėą‚Ėą‚Ėď ‚ĖĆ‚Ėź ‚Ėź‚ĖÄ‚ĖÄ‚ĖÄ‚ĖÄ‚ĖÄ‚ĖÄ LANGUAGE    . German      SiZE       . ~700 MB      ‚ĖĄ‚ĖĄ‚ĖĄ‚ĖĄ‚ĖĄ‚ĖĆ‚Ėź ‚Ėą‚Ėą‚Ėď
 ‚Ėą‚Ėą‚Ėď ‚ĖĆ  ‚Ėź ‚ĖĆ‚Ėź    FORCED SUBS . No                                         ‚ĖĆ‚Ėź ‚Ėą‚Ėą‚Ėď
 ‚Ėą‚Ėą‚Ėď ‚ĖĆ‚ĖÄ‚ĖÄ‚ĖÄ ‚ĖĆ‚Ėź                                                        ‚Ėź ‚Ėź  ‚ĖĆ‚Ėź ‚Ėą‚Ėą‚Ėď
 ‚Ėą‚Ėą‚Ėď ‚ĖĆ‚ĖĄ‚ĖĄ  ‚ĖĆ‚Ėź‚ĖĄ‚ĖĄ‚ĖĄ‚ĖĄ‚ĖĄ‚ĖĄ‚ĖĄ‚ĖĄ‚ĖĄ‚ĖĄ‚ĖĄ‚ĖĄ‚ĖĄ‚ĖĄ‚ĖĄ‚ĖĄ‚ĖĄ‚ĖĄ‚ĖĄ‚ĖĄ‚ĖĄ                             ‚ĖĄ‚ĖĄ‚ĖĄ‚ĖĄ‚ĖĄ‚ĖĄ‚Ėź‚ĖĄ‚ĖĄ‚ĖĄ‚ĖĄ‚ĖĄ‚ĖĄ‚ĖĄ‚ĖĄ‚ĖĄ‚ĖĄ
 ‚Ėą‚Ėą‚Ėď ‚ĖĆ‚ĖĆ‚Ėź  ‚ĖĆ                                                   ‚ĖĆ             ‚ĖĄ‚ĖĄ‚ĖĄ
 ‚Ėą‚Ėą‚Ėď ‚ĖĆ‚ĖĆ‚Ėź  ‚ĖÄ‚ĖÄ‚ĖÄ‚ĖÄ‚ĖĆ iMDB..RATiNG ..: 5.1/10   363 votes           ‚ĖÄ‚ĖÄ‚ĖÄ‚ĖÄ‚ĖÄ‚ĖÄ‚ĖÄ‚ĖĆ‚Ėź  ‚ĖĆ‚Ėź ‚Ėą‚Ėą‚Ėď
 ‚Ėą‚Ėą‚Ėď ‚ĖĆ‚ĖĆ‚Ėź‚ĖĄ‚ĖĄ‚ĖĄ‚ĖĄ‚ĖĄ‚ĖĄ‚ĖĆ iMDB..LiNK ....: http://www.imdb.com/title/tt0073691/‚ĖĆ‚Ėź  ‚ĖĆ‚Ėź ‚Ėą‚Ėą‚Ėď
 ‚Ėą‚Ėą‚Ėď ‚ĖĆ‚ĖĆ                                                              ‚ĖĆ‚Ėź  ‚ĖĆ‚Ėź ‚Ėą‚Ėą‚Ėď
 ‚Ėą‚Ėą‚Ėď ‚ĖĆ‚ĖĆ  ‚ĖĄ‚ĖĄ‚ĖĄ‚ĖĄ‚ĖĄ‚ĖĄ‚ĖĄ‚ĖĄ‚ĖĄ‚ĖĄ‚ĖĄ                                                 ‚ĖĆ‚Ėź  ‚ĖĆ‚Ėź ‚Ėą‚Ėą‚Ėď
 ‚Ėą‚Ėą‚Ėď ‚ĖĆ‚ĖĄ‚ĖĄ ‚ĖĆ‚ĖĄ‚ĖĄ‚ĖĄ‚ĖĄ‚ĖĄ‚ĖĄ‚ĖĄ‚ĖĄ‚ĖĄ‚ĖĄ‚ĖĄ‚ĖĄ‚ĖĄ‚ĖĄ‚ĖĄ‚ĖĄ‚ĖĄ‚ĖĄ‚ĖĄ‚ĖĄ‚ĖĄ‚ĖĄ‚ĖĄ‚ĖĄ‚ĖĄ                     ‚ĖĄ‚ĖĄ‚ĖĄ‚ĖĄ‚ĖĄ‚ĖĄ‚ĖĄ‚ĖĄ‚ĖĄ‚ĖĄ‚ĖĄ‚ĖĄ‚ĖĄ‚ĖĆ‚Ėź‚ĖĄ‚ĖĄ‚ĖĆ‚Ėź ‚Ėą‚Ėą‚Ėď
 ‚ĖĄ‚ĖĄ‚ĖĄ‚ĖĄ‚ĖĄ‚ĖĄ‚ĖĄ‚ĖĄ‚ĖĆ    ‚ĖĄ‚ĖĄ‚ĖĄ                                              ‚ĖĄ‚ĖĄ‚ĖĄ‚ĖĄ‚ĖĄ‚ĖĄ‚ĖĄ‚ĖĄ‚ĖĄ‚ĖĄ ‚Ėź ‚Ėą‚Ėą‚Ėď
 ‚ĖĄ‚ĖĄ‚ĖĄ       ‚ĖĆ  ‚ĖĆ                                          ‚ĖÄ‚ĖÄ‚ĖÄ‚ĖÄ‚ĖĆ ‚ĖĆ        ‚Ėź ‚Ėź ‚Ėą‚Ėą‚Ėď
 ‚Ėą‚Ėą‚Ėď ‚ĖĆ   ‚ĖĄ‚ĖĄ‚ĖĄ‚ĖĄ‚ĖĄ‚ĖĆ PlOT ......:                                 ‚ĖĆ    ‚ĖÄ‚ĖÄ‚ĖÄ‚ĖÄ‚ĖÄ‚ĖĆ‚Ėź‚ĖĄ‚ĖĄ‚ĖĄ‚ĖĄ‚ĖĄ‚ĖĄ
 ‚Ėą‚Ėą‚Ėď ‚ĖĆ   ‚ĖĆ                                                   ‚ĖÄ‚ĖÄ‚ĖÄ‚ĖÄ‚ĖÄ‚ĖÄ‚ĖĆ   ‚ĖĆ    ‚ĖĄ‚ĖĄ‚ĖĄ
 ‚Ėą‚Ėą‚Ėď ‚ĖĆ‚ĖÄ‚ĖÄ ‚ĖĆ‚ĖÄ‚ĖÄ‚ĖÄ‚ĖÄ‚ĖĆ NOTES .....:                                   ‚ĖĆ   ‚ĖĆ      ‚Ėź ‚Ėą‚Ėą‚Ėď
 ‚Ėą‚Ėą‚Ėď ‚ĖĆ   ‚ĖĆ ‚ĖĆ                                                   ‚ĖĆ   ‚ĖÄ‚ĖÄ‚ĖÄ‚ĖÄ‚ĖÄ‚ĖÄ‚ĖÄ‚Ėź ‚Ėą‚Ėą‚Ėď
 ‚Ėą‚Ėą‚Ėď ‚ĖĆ   ‚ĖĆ ‚ĖÄ‚ĖÄ‚ĖÄ‚ĖÄ                                                ‚ĖĆ ‚ĖĄ‚ĖĄ‚ĖĄ‚ĖĄ‚ĖĄ‚ĖĄ‚ĖĆ‚Ėź ‚Ėź ‚Ėą‚Ėą‚Ėď
 ‚Ėą‚Ėą‚Ėď ‚ĖĆ   ‚ĖĆ    ‚ĖĆ         THX yiX  for this nice ASCII !!!       ‚ĖĆ ‚ĖĆ      ‚Ėź ‚Ėź ‚Ėą‚Ėą‚Ėď
 ‚Ėą‚Ėą‚Ėď ‚ĖĆ‚ĖĄ‚ĖĄ ‚ĖĆ ‚ĖĄ‚ĖĄ‚ĖĄ‚ĖĆ                                                ‚ĖĆ ‚ĖĆ      ‚Ėź ‚Ėź ‚Ėą‚Ėą‚Ėď
 ‚Ėą‚Ėą‚Ėď ‚ĖĆ‚ĖĆ  ‚ĖĆ       NiCE AFFiLSiTE ( .NL .CZ .HU .SE .UK .RU >    ‚ĖĆ ‚ĖĆ  ‚Ėź‚ĖÄ‚ĖÄ‚ĖÄ‚ĖÄ ‚Ėź ‚Ėą‚Ėą‚Ėď
 ‚Ėą‚Ėą‚Ėď ‚ĖĆ‚ĖĆ  ‚ĖÄ‚ĖÄ‚ĖÄ‚ĖÄ‚ĖÄ‚ĖÄ‚ĖĆ NO ........... < .NL .DE .AT _etc rented >    ‚ĖĆ ‚ĖÄ‚ĖÄ‚ĖÄ‚Ėź ‚ĖÄ‚ĖÄ‚ĖĆ ‚Ėź ‚Ėą‚Ėą‚Ėď
 ‚Ėą‚Ėą‚Ėď ‚ĖĆ‚ĖĆ        ‚ĖĆ TALENTED RiPPER  < DiGiTAL CABLE TV >         ‚ĖĆ    ‚Ėź   ‚ĖĆ ‚Ėź ‚Ėą‚Ėą‚Ėď
 ‚Ėą‚Ėą‚Ėď ‚ĖĆ‚ĖÄ‚ĖÄ‚ĖÄ‚ĖÄ‚ĖÄ‚ĖÄ‚ĖÄ‚ĖÄ ‚ĖĆ TALENTED RiPPER  < RETAiL DVD,SUPPLiER >  ‚ĖĄ‚ĖĄ‚ĖĄ‚ĖĄ‚ĖĆ    ‚Ėź   ‚ĖĆ ‚Ėź ‚Ėą‚Ėą‚Ėď
 ‚Ėą‚Ėą‚Ėď ‚ĖĆ‚ĖÄ‚ĖÄ‚ĖÄ‚ĖÄ‚ĖÄ‚ĖÄ‚ĖÄ‚ĖĆ                                             ‚ĖĆ        ‚Ėź   ‚ĖĆ ‚Ėź ‚Ėą‚Ėą‚Ėď
 ‚Ėą‚Ėą‚Ėď ‚ĖĆ       ‚ĖĆ            hanc0ck@mac.hush.com          ‚ĖĄ‚ĖĄ‚ĖĄ‚ĖĆ  ‚Ėź‚ĖÄ‚ĖÄ‚ĖÄ‚ĖÄ‚ĖÄ‚ĖÄ   ‚ĖĆ ‚Ėź ‚Ėą‚Ėą‚Ėď
 ‚Ėą‚Ėą‚Ėď ‚ĖĆ    ‚Ėź‚ĖÄ ‚ĖĆ‚ĖÄ                                                      ‚ĖĄ‚ĖĄ‚ĖĄ‚ĖĆ ‚Ėź ‚Ėą‚Ėą‚Ėď
 ‚Ėą‚Ėą‚Ėď ‚ĖĆ    ‚Ėź  ‚ĖÄ‚ĖÄ‚ĖÄ‚ĖÄ‚ĖÄ‚ĖÄ‚ĖÄ‚ĖÄ‚ĖÄ‚ĖÄ‚ĖÄ‚ĖÄ‚ĖÄ‚ĖÄ‚ĖÄ‚ĖÄ‚ĖÄ‚ĖÄ‚ĖÄ‚ĖÄ‚ĖÄ‚ĖÄ‚ĖÄ‚ĖÄ‚ĖÄ‚ĖÄ‚ĖÄ‚ĖÄ‚ĖÄ‚ĖÄ‚ĖÄ‚ĖÄ‚ĖÄ‚ĖÄ‚ĖÄ‚ĖÄ‚ĖÄ‚ĖÄ‚ĖÄ‚ĖÄ‚ĖÄ‚ĖÄ‚ĖÄ‚ĖÄ‚ĖÄ‚ĖÄ‚ĖÄ‚ĖÄ‚ĖÄ‚ĖÄ‚ĖÄ‚ĖÄ‚ĖÄ‚ĖÄ‚ĖĆ ‚ĖĆ    ‚Ėź ‚Ėą‚Ėą‚Ėď
 ‚ĖÄ‚ĖÄ‚ĖÄ  ‚ĖÄ‚ĖÄ‚ĖÄ‚ĖÄ‚Ėź ‚ĖÄ‚ĖÄ‚ĖÄ‚ĖÄ‚ĖÄ‚ĖÄ‚ĖÄ‚ĖÄ‚ĖÄ‚ĖÄ‚ĖÄ‚ĖĆ   ‚Ėź ‚Ėź‚Ėą‚Ėą‚Ėą‚Ėą‚Ėą‚Ėą‚Ėą‚Ėą‚Ėą‚Ėą‚Ėą‚Ėą‚Ėą‚Ėą‚Ėą‚Ėď‚Ėď‚Ėď‚Ėď‚Ėď‚ĖĆ ‚ĖĆ ‚ĖĄ‚ĖĄ‚ĖĄ‚ĖĄ‚ĖĄ‚ĖĄ‚ĖĄ ‚Ėź    ‚ĖĆ ‚ĖÄ‚ĖÄ‚ĖÄ‚ĖÄ‚ĖÄ  ‚ĖÄ‚ĖÄ‚ĖÄ
 ‚ĖÄ‚ĖÄ‚ĖÄ‚ĖÄ‚ĖÄ‚ĖÄ‚ĖÄ‚ĖÄ‚ĖÄ‚ĖÄ  ‚ĖĆ ‚ĖĆ       ‚ĖĆ  ‚Ėź‚ĖÄ ‚ĖÄ‚ĖÄ‚ĖÄ‚ĖÄ‚ĖÄ‚ĖÄ‚ĖÄ‚ĖÄ‚ĖÄ‚ĖÄ‚ĖÄ‚ĖÄ‚ĖÄ‚ĖÄ‚ĖÄ‚ĖÄ‚ĖÄ‚ĖÄ‚ĖÄ‚ĖÄ‚ĖÄ‚ĖÄ ‚ĖÄ‚ĖĆ      ‚Ėź      ‚ĖÄ‚ĖÄ‚ĖÄ‚ĖÄ‚ĖÄ‚ĖÄ‚ĖÄ‚ĖÄ‚ĖÄ‚ĖÄ‚ĖÄ‚ĖÄ
 ‚Ėą‚Ėą‚Ėď ‚ĖĆ ‚ĖĄ‚ĖĄ‚ĖĄ‚ĖĄ‚ĖĄ‚ĖĄ‚ĖĄ‚ĖĄ‚ĖĄ‚ĖĄ‚ĖĄ‚ĖĄ‚ĖĄ‚ĖĄ‚ĖĄ‚ĖĄ‚ĖĆ  ‚Ėź ‚Ėą‚Ėą‚Ėą‚Ėą‚Ėą‚Ėą‚Ėą‚Ėą‚Ėą‚Ėą‚Ėą‚Ėą‚Ėą‚Ėą‚Ėą‚Ėą‚Ėą‚Ėą‚Ėą‚Ėą‚Ėą‚Ėą‚Ėą‚Ėď ‚ĖĆ  ‚ĖĄ‚ĖĄ‚ĖĄ ‚Ėź ‚Ėź‚ĖÄ‚ĖÄ‚ĖÄ‚ĖÄ‚ĖÄ‚ĖÄ‚ĖÄ‚ĖÄ‚ĖÄ‚ĖÄ‚ĖÄ‚Ėź ‚Ėą‚Ėą‚Ėď
 ‚Ėą‚Ėą‚Ėď ‚ĖĆ ‚ĖĆ                 ‚Ėź‚ĖÄ ‚Ėď‚Ėď‚Ėď‚Ėď‚Ėď‚Ėď‚Ėď‚Ėď‚Ėď‚Ėď‚Ėď‚Ėď‚Ėď‚Ėď‚Ėď‚Ėď‚Ėď‚Ėď‚Ėď‚Ėď‚Ėď‚Ėď‚Ėď‚Ėď ‚ĖÄ‚ĖĆ ‚ĖĄ‚ĖĄ‚ĖĄ ‚Ėź‚ĖĄ‚ĖĄ‚ĖĄ‚ĖĄ ‚ĖĄ‚ĖĄ‚ĖĄ‚ĖĄ‚ĖĄ‚ĖĄ‚ĖĄ‚ĖĄ‚Ėź ‚Ėą‚Ėą‚Ėď
 ‚Ėą‚Ėą‚Ėď ‚ĖĆ ‚ĖĆ‚ĖÄ‚ĖÄ‚ĖÄ‚ĖÄ‚ĖÄ‚ĖĆ ‚ĖĆ   ‚Ėź‚ĖÄ‚ĖÄ‚ĖÄ‚ĖÄ ‚Ėź ‚ĖĄ‚ĖĄ‚ĖĄ‚ĖĄ‚ĖĄ‚ĖĄ‚ĖĄ‚ĖĄ‚ĖĄ‚ĖĄ‚ĖĄ‚ĖĄ‚ĖĄ‚ĖĄ‚ĖĄ‚ĖĄ‚ĖĄ‚ĖĄ‚ĖĄ‚ĖĄ‚ĖĄ‚ĖĄ‚ĖĄ‚ĖĄ‚ĖĄ‚ĖĄ ‚ĖĆ ‚ĖĆ       ‚Ėź         ‚Ėź ‚Ėą‚Ėą‚Ėď
 ‚Ėą‚Ėą‚Ėď ‚ĖĆ ‚ĖĆ       ‚ĖÄ‚ĖÄ‚ĖÄ‚ĖÄ‚ĖÄ   ‚Ėź ‚Ėź ‚Ėą‚Ėą‚Ėą‚Ėą‚Ėą‚Ėą‚Ėą‚Ėą‚Ėą‚Ėą‚Ėą‚Ėą‚Ėą‚Ėą‚Ėą‚Ėą‚Ėą‚Ėą‚Ėą‚Ėą‚Ėą‚Ėą‚Ėą‚Ėą‚Ėą‚Ėď ‚ĖĆ ‚ĖĆ  yiX‚Ėź ‚Ėź‚ĖĄ‚ĖĄ‚ĖĄ‚ĖĄ‚ĖĄ‚ĖĄ‚ĖĄ‚ĖĄ‚ĖĄ‚Ėź ‚Ėą‚Ėą‚Ėď
 ‚Ėą‚Ėą‚Ėď ‚ĖĆ ‚ĖÄ‚ĖÄ‚ĖÄ‚ĖÄ‚ĖÄ‚ĖÄ‚ĖÄ‚ĖÄ‚ĖÄ‚ĖÄ‚ĖÄ‚ĖÄ‚ĖÄ‚ĖÄ‚ĖÄ‚ĖÄ‚ĖÄ ‚Ėź ‚Ėď‚Ėď‚Ėď‚Ėď‚Ėď‚Ėď‚Ėď‚Ėď‚Ėď‚Ėď‚Ėď‚Ėď‚Ėď‚Ėď‚Ėď‚Ėď‚Ėď‚Ėď‚Ėď‚Ėď‚Ėď‚Ėď‚Ėď‚Ėď‚Ėď‚Ėď ‚ĖĆ ‚ĖÄ‚ĖÄ‚ĖÄ‚ĖÄ‚ĖÄ‚ĖÄ‚ĖÄ06/09      ‚Ėź ‚Ėą‚Ėą‚Ėď
 ‚Ėą‚Ėą‚Ėď ‚ĖÄ‚ĖÄ‚ĖÄ‚ĖÄ‚ĖÄ‚ĖÄ‚ĖÄ‚ĖÄ‚ĖÄ‚ĖÄ‚ĖÄ‚ĖÄ‚ĖÄ‚ĖÄ‚ĖÄ‚ĖÄ‚ĖÄ‚ĖÄ‚ĖÄ‚ĖÄ‚ĖÄ ‚ĖĄ‚ĖĄ‚ĖĄ‚ĖĄ‚ĖĄ‚ĖĄ‚ĖĄ‚ĖĄ‚ĖĄ‚ĖĄ‚ĖĄ‚ĖĄ‚ĖĄ‚ĖĄ‚ĖĄ‚ĖĄ‚ĖĄ‚ĖĄ‚ĖĄ‚ĖĄ‚ĖĄ‚ĖĄ‚ĖĄ‚ĖĄ‚ĖĄ‚ĖĄ ‚ĖÄ‚ĖÄ‚ĖÄ‚ĖÄ‚ĖÄ‚ĖÄ‚ĖÄ‚ĖÄ‚ĖÄ‚ĖÄ‚ĖÄ‚ĖÄ‚ĖÄ‚ĖÄ‚ĖÄ‚ĖÄ‚ĖÄ‚ĖÄ‚ĖÄ‚ĖÄ‚ĖÄ ‚Ėą‚Ėď‚Ėď
 ‚ĖÄ‚ĖÄ‚ĖÄ‚ĖÄ‚ĖÄ‚ĖÄ‚ĖÄ‚ĖÄ‚ĖÄ‚ĖÄ‚ĖÄ‚ĖÄ‚ĖÄ‚ĖÄ‚ĖÄ‚ĖÄ‚ĖÄ‚ĖÄ‚ĖÄ‚ĖÄ‚ĖÄ‚ĖÄ‚ĖÄ‚ĖÄ‚ĖÄ‚ĖÄ‚ĖÄ‚ĖÄ‚ĖÄ‚ĖÄ‚ĖÄ‚ĖÄ‚ĖÄ‚ĖÄ‚ĖÄ‚ĖÄ‚ĖÄ‚ĖÄ‚ĖÄ‚ĖÄ‚ĖÄ‚ĖÄ‚ĖÄ‚ĖÄ‚ĖÄ‚ĖÄ‚ĖÄ‚ĖÄ‚ĖÄ‚ĖÄ‚ĖÄ‚ĖÄ‚ĖÄ‚ĖÄ‚ĖÄ‚ĖÄ‚ĖÄ‚ĖÄ‚ĖÄ‚ĖÄ‚ĖÄ‚ĖÄ‚ĖÄ‚ĖÄ‚ĖÄ‚ĖÄ‚ĖÄ‚ĖÄ‚ĖÄ‚ĖÄ‚ĖÄ‚ĖÄ‚ĖÄ‚ĖÄ‚ĖÄ‚ĖÄ‚ĖÄ‚ĖÄ
