    ██  █   █░██ █░░███████ ░░████░ ░░████ ████ ░████  ▄▄▄▄▄▄▄▄▄▄▄▄▄▄▄▄▄▄▄  ███
▒  █ ▒ ██ ██░ ██████ ░ ░ ░   ░  ░    ░░░ ████░███████  ██████████████████  ███▓
 ▒    █ ██░  ░████  ░   ▄▄███████████▄▄ ░ ░█████████  █████████▀████████▌  ██▓ 
  ▒█░▒▒ ░  ██ ░░▒░░ ▄████████████████████░ ░████░███  ████████▀▄████████  ███ ▓
 █   ░░█████  ░  ▄████████████████████████▄  ██░███  █████████ ▀▀▀▀▀▀▀▀▀  ██▓▓█
 █▒██░████ ▒░▒ ▄██████▀▄███████████████████ ░██████  ████████▌fallout    ████▓█
████▒░░██  ▒ █████▀▀███████████████████████▌ █ ░██  ███████████████████  ██████
 █░██░██▒░ ▄████▀▄██████▀▀  ░  ░    ▀██████▌ █ ███  ██████████████████▌ ██████ 
██████░░  ████▀▄█████▀  ░ ▓▓▓░▓▓▓▒░░  ██████  ███  ▐████████▀           ████▓█ 
█ ░██  ▒▄███▀▄████▀    ░▓▓▓ ▓  ░▓ ▓ ▒▐██████ ░███  █████████  █████████████▓▓██
███░░░ ███▀ ▄███ ▒  ░▓▓▓  ░▒▒▓ ▓▓▓░░ ▐█████▌ ████ ▐████████  ████▓▓████████▓ ░░
 █ ▒▒ ███  ██▀  ░ ░▓▓▓▓▓ ░░▒  ▓░▓▓▒ ▄██████░ ███  █████████  ████▓██ ▓█▓▓██▓▓█ 
█ ▒  ██▀  ██▀▒  ░░▓▓ ▓░ ▒▒▓▓ ▓░░   ████████░ ██  ▐████████  ███████▓▓░█░▓████▓█
█ ▒ ██▀  ▀ ▒▒▒▓▓▓▓ ░▒▒░  ▓ ▓░░▒  ▄████████ ░██  ▄█████████  ██████▓██████▓█░███
░▒ ██  ░ ░░░▓▓░▓▓ ░▓   ▓▓▓░░▒  ▄█████████ ░ ███            ███▓████▓█▓██▓▓█▓▓█▓
 ▒▄█    ▒░░▓▓░  ▒ ░▓▓▓▓▓▓▒    ███████████ ░ ███████████████████████████████▓██▓
  ▀ ░░ ▒▒▓░▓ ▒░░░▓▓▓▓░ ▒▒  ▄█████████████▌ ░██████████                  ██████▓
░  ░ ▓▓░▓▓░ ▒ ▓▓▓▓▓▒▒   ░▄███████████████▌  ██▓ ▓████  ▄▄▄▄▄▄▄▄▄▄▄▄▄▄▄▄   ████▓
▒░░▓▓▓▓░░▒▒▓▓▓ ▒▒▒ ░  ▄▄█████████████████▌░█ ▓███████ ▐█████████████████  ████░
░ ▓▓▓▓ ▒ ▓▓▓▓░ ▒░░ ▄█████████████████████  █▓██▓▓███  ████████▀▀████████  ████ 
░▓░▓ ░▓▓▓▓▒▒░  ▄▄████████████████████████  █████████ ▐████████ ▐████████  ███░▓
 ░▒▓▓▓▓░░  ██████████████████████▀██████▌ ███▓█████  ████████  ████████▌ ████░ 
 ░▓▓   ░  ▄▄███████████████████▀▄██████▌ ░██▓█ ████ ▐████████ ▐████████  ████ ▓
░▓▓░ ▄█▄▄ ▄██████████████████▀▄███████▌ ░░█ ▓█████  ████████  ████████▌ ████▓█ 
▓▓▒   ▀███████████████████▀░ ██████████ ░░██ █████ ▐████████ █████████  █████░▓
 ▓▒ █▄▄▄ ▄▄▄███████  ▀█▀░ ░▄███████████▌ ░░▓░████  ▐███████  ████████▌ ██████  
▓▓▓▒ ██████████▀▀  ▓▓░░  ▄█████▀ ██████▌ ████████ ▐████████ █████████  █████▓▓░
▓ ▓▓▓  ░ ░░   ▒░▓▓▓▓ ░▄██████▀▄████████▌▓░██████  ▐███████  ████████▌ █████░█ ░
 ▓▓███▓ ░ ▓▓░▓░░░ ▄▄██████▀░ ▄███▀█████ ░▓██████ ▐████████ █████████  ███░▓▓█▓ 
▒▓ ▓▓██▓▓▓▒ ▓▓▓░ ▐███▀▀ ░ ░▄███▀██████▌ ░█░░░██  ██████████████████▀ ███▓░▓██░ 
 ▓ ░ ███▓▓▓░██▓▓░▒▒  ░▓▓█████▀▄██████▌ ▓░█▓▓██  ▄█████████████████   ████▓▓█▓ ▓
   ░█▓█▓ ▓▓███▓█▓▓ ▒▓▓▓░▀▀▀ ░█████████▌ ███░██                      ███████▓▓░ 
▒▓░████░█ ▓░██ █▓░▓▓▓▒░░░  ████████████░ █████████████████████████████▓█▓█▓▓ ▓▓
▓░███▓▓ █████ ░█▓▓░▓▓▒░ ▓▓░  ▀█▀▀▀▄████ ▓█ █████████████████████████▓▒▓███▓▓░▓ 
▓████▓ ░██████▓█ ▒░▓▓▓▒▓█ ░░░  ░░██████ ░▓░ ░█░████░██ ▄▄▄▄▄▄▄▄   ██▓▓███▓░░▓ █
░██░██▓▓▓░▓▓███░█  ▓ ▒▒█▓█ ▓▓░ ▄███████▌ █▓█████ ████ ▐████████  ██▓▓██▓█▓▓░▓█▓
▓░█████▓▓░░█ ███░█████▓ ▓▓█▓▓░▓▀███████▌███░██  █▓███ ████████▀ ███▓██▒▒█▓ ▒░█ 
 ▓██▓███ ▓ ███████▓░░██  ▓███ ░  ▄▄█████▌ █████░████ ▐████████  ██▓█▓▓▓▓ █░ ███
 ▓█████▓▓░▓ ▓████████░█▓ ▒▓░█▓▓░ ▀██ ███▌░░████░ ███ ████████▀  ██▓██▓█▒▓█▓▓███
▓▓▓█████▓ ░█▓▓▓██▓████▓█▓░▓██▓▓░░   ▄████ ░██ █▓███ ▐████████  ██▓░▓█▓▓▓█████▓█
 ░░▓▓▓██░▓██▓░ ▓████▓███░▒░▓████▓▓▓▐█████▄░░██░░██  ████████▀  ██▓▓███▓▓█░█░██ 
▒░▓████▓▓ ▓██░▓ ▓████████▓▒█ ██▓▓▓  ▐█████ ░▓█▓███ ▐████████   ████▓▓███▓██░░██
▓▓░████▓▓░░███▒░▓ ██████░▓░▒▓  ██ ▓ ░▓▀███▌ ▓████  ▐███████▀  ████████████▓▓ ██
▒░ ▓░▓██▓▓▓███▓▒░▓██▓██▒▒▓▓▒▓  ████▓ ░ ▀███▄░ ███ ▐████████            █████░██
░░▓░██████ ░███ ██████▓░░▒▓ ▓██▓██ █▓ █ ████ ░██  ▐███████▀ ████████▌  ████████
░ ░██████░▓▓███▓ ██████▓ ▒ ▒▒▓█▒▓███ ▓ ░▀████ ██ ▄████████  ████████  ███▓████ 
▓ ▓▓██████░▓▓██░░███▓███ ▓▓░▒▓░▒▓▓██▓▓█  ▀▀▐██   █████████▄████████▌  ███▓▓█▒█▓
▓░ ▓ ▓▓█████▓ ▓▓░ █▓███████ ██▓▒▒ ███ █▓▓ ▐████ ▄██████████████████  ███▓█▓█░██
▓▓░▓░▓▓░ ████████░▓ ░▓████████ ▓██████▓▓ ░░ ███▌                     ███████▓░▒
▓ ░ ░▓ ░█  ▓▓▓▓████▓░▓█▓░▓▓█████████████ ░░░████▌ ████████████████████▓▓█▓▓█▓█▓
▓░▒▒░▓░▓████ ▓▓▓█████▓ ▓▓░▓░████▒███ █▓█▓ ░░  ███  ██▓██████████████████▓ █▓█▓█
  ▓▒░ ▓████ ▓▓▓▓██ █░░░███▓▓░████▒▓█████▓█▓░ ░▀███  █▓█████▓▓████████ ███████▓█
░▒▓▓██████▓ ▓░░▓▓████████▓▒▓░█████▒██▓█▓▓█▓▓▓░  ▐██  █▓█▓██▓▓█████▓██▓████ ░███
 ▓▓█████▓█  ░  ▓▓▓▓█████▓▓█▒░ ▓██▒ ▒▓▓▓███▓  ▓▓░ ▐██▄ ▓███▓█▓▒█░██▓█████▓█▓░▓▓█
░▓▓▓▓▓███▓█  ░ ░ ▓▓░▓█████▓█▓▓▓▓▓████▓▓██ ▓ ▓ ▓░░ ███▄ ███▓█░▒░██▓ ▓█░██ ░ █ ▓▓
░ ░▓▓▓▓█████ ░█▓ ░▓▓░▓████▓█  ░ ▓▓████▓██▓▓▓█▓▓▓▓ ░ ▐█▄ ███▓▓ ▓ █▒▓▒█ ░█░▓░█▓█▓
 ▓░▓░▓▓▓████▓▒  ▓  ▓░▓██▓ ▒█░█ ░░▓▓█▓████▓▓▓ █░▓▓▓▓░░▀▀  ███▓░▒▓█▒▓▒ ▓▓█░▓  ▒░░
▓▒▓▓░ ▓██████ ░▒ ░▓▓ ▓▓████▒ ░ ░░ ▓███ ▓▓█ ▓▓███ ███░░ ██▓▓█▓▓▓▓█ ▓ █  █  █ ▓  
▓░ ▒▓█████▓▓░ ░ ▒▓▒░░ █ ░█▓░▓▓▓▓ ▓▓░▓▓░░▓ █▓  ▓█ ▓ ████▓▓▓ ██▓ ▓    █  ▓ ▓█ ▓  
▓ ▒▓▓██▓▓▓▓▓ ▄█▓▓▓ ░ ▓█ ▓░░ ▒▓    ▓    ▓  ██  ▓█ █   ▓▓▓▒    ▓    ▀█▄  ▓███▓░  
▓░▓▓██▓▓▓░  █▌ ▒      ░ ▓█░▒        ▓░   ▒▓    ▒ █   ▒     ▓        ██  ████▓░ 
░▓███▓▒▓░▒▄██            ░          ▓  ░      ▒                      ██▄ ▐███▓░
▓███▓▒░▒▒▐██   FRiENDLiNE iS PROUD TO PRESENT A FiNE RELEASE CALLED   ██▄ ▐███▓
▓█▓▓▓░▒ ▐██                                                           ▐██▌ ▐███
██▒ ▓ ▓▐██▌                  Die Pferdefluesterin                      ▐███ ▀██
█▒▄▄▄  ▀██                                                              ██▀▀▄▄▄
██▓ ▀██▄▄▀                                                              ▄▄██▀▀ 
████   ▀██▄▄            iNFO                                         ▄████▀  ▄█
▓████ ▐█▄▀███▄                                                      ████▄▄█▌▐██
░▓▓███▐██▌ ▀███▄        FDL DATE..........: 13.06.2006            ▄███▀ ███▌▐██
 ▓▓▓██ ███▄  ████       TV DATE...........: 06.06.2006           ████  ▐███ ███
░ ░░▓█▌▐████▄ ▀███      LANGUAGE..........: German              ███▀ ▄████▀ ██▓
 ░░░███ ███████████     SOURCE............: dTV                ███████████ ▐██▓
  ▓▓▓▓█▌▐██ ▀██████▌    GENRE.............: Doku              ███████▀▐██ ▐███▓ 
 ░░▓███▌ ███  ▀████▌    LENGTH............: 29:18 Min         █████▀  ██▌ ▀████ 
░░███▀ ▄  ██▌    ▀▀     SiZE..............: 233 MB             ▀▀    ██▌ ▄▄  ██ 
░ ▓██ ████▄██           ViDEO ENCODE......: 2PasS XVID              ▐██▐████▌ █ 
▓▓███ █████▀██▐▄        ViDEO BITRATE.....: 962  kb/s             ▄▌██ ▀████ ▐█ 
░░▓▓█▌ ███▄ ▀█▌▀█▄      ViDEO RESOLUTION..: 512*384             ██▀██ ▄███▀ ▐██ 
 ▓█▓██  ▀███▄▀██ ▀█▄    AUDiO BiTRATE.....: 131 kb/s VBR      ▄█▀▄█▀▄████  ▐███ 
░░▓█▓██   ████ ▀█▄ ▀                                         ▀▀ ▄█ ▄███▀   ███▓ 
░░▓████▌▀▄ ▀███▄ ▀                                              ▀ ▄███  █▀ ██▓░ 
 ▓░░████ ▀█  ▀███                                                ███▀ ▄█ ▄█▓░▓░ 
 ░ ▓▓████ ▀█▄ ▐███                                             ▄███  ▄█ ▄████▓█ 
 ▓▓███████  █▄ ▀███     PLOT                                  ▄███  ▐▌ ▄██▀ █▓▓ 
▓▓████  ▀██ ▀█▄ ▀███                                          ███  ▐█  ▀▀ ▄▌ ██ 
 ▓▓███▌▀█▄▄  ▀█▌ ▀██▌   Svenja hat alles probiert, das Pony  ▐██   ▀▀ ▄▄██▀ ▐██ 
░▓░▓███▄ ▀▀███▄▄▄███▌   bleibt   stoerrisch.  Auch  Daniela  ▐██▄▄█████▀ ▄▄████ 
░░▓█████▀    ▀██████    Exner  ist  am  Ende ihres Lateins:   ▀█████▀   ▀▀▀███▓ 
▓░████ ▄▄█▄▄ ▐▄▄ ▀▀     Ihr  glueckt  es nicht einmal, ihre     ▀▀▄▄▌  ▄▄▄▄ ▀██ 
▓████ ██████████        Trakehnerstute  Kariba  anzufassen.      ▄██▐███████ ▐▓ 
▓███▌▐████▌▀▐██▌██▄     Sie   zu   satteln   und   mit  ihr    ▄█▌███▐▀▀████ ▐░ 
░▓███ ▀████▄▀██ ▀▀██▄   auszureiten,  ist  fast  undenkbar.  ▄█▀▀ ▐██▌▄████ ▄█▓ 
 ▓████▄ ▀████▄▀     ▀█▄ Daniela   Exner  weiss  nicht  mehr █▀     ████▀█▀ ▄█▓░ 
░ ░▓███  ▄▀████▄        weiter.   Wenn   Pferd  und  Mensch       █▄████▄ ▀████ 
░▓███  ▄███▄▀█████▄▄    einander   nicht   mehr  verstehen,    ▄████▄▀████▄▄ ██ 
▓███ ▄████▀   ▀██████▀  beginnt   die   Arbeit  von  Andrea ▄█████▀▀  ▀█████▀▄█ 
▓████ ▀████▄ ▄█████▀    Kutsch.                              ▀█████▄ ▄████▀ ███ 
░▓████  ▀████████▀                                              ▀████▄▀██ ▄███▓ 
 ░▓▓███  ▄▀████▀      ▄                                    ▄▄      ████▄  ████▓ 
░░░▓██  ███▄████  ▄▄█▀                                      ██▄   ████▐██▄ ▐██  
 ▓▓██▌ ███▀  ▀▄▄███▀                                         ▀███▄▄▀▀ ▀████ ▐██ 
▓░▓██ ▐████▄█████▀                                              ▀██████████▌▐██ 
░▓▓██▌ ██████▀▀▄▄                                               ▐███▀█████▀ ███ 
 ▓▓███▄ ▀▀▀   ▐█▌▄██▄                                        ▄██▄██▀   ▄▄▄▄████ 
░▓░▓▓███▄  ▄██▐█▌████▌                                      ▐███▌██▌██▄ ▀████▓▓ 
░ ░▓███▀ ▄██▀ ██  ▄███  NOTES                                ███ ▀▐█▌▀▀██▄ ████▓ 
▓░░██▀ ▄█▀   ▄█▌  ███                                       ▐███  ██ ▄▄ ▀▌ ██▓░ 
 ▓▓███▄  ▄██ ██  ███                                          ▐███  █▌▀██▄▄███▓  
▓░▓▓███████ ▐█▀ ███                                            ▐███ ▐█ ▀███████▓
░ ▓░▓▓▓███ ▐█▌▄███▀                                             ▀███ ▐█ ▀█████░▓
░░ ▓░▓███ ▐█ ▐███  ▄                                          ▄ ▀███ ▀█▄ ▀████░ 
▓▓░▓▓▓██▌▐▌ ▐███ ▄█                                        ▄▄ ▀█▄ ███▄ ▀▌ ▄██▓  
░ ░▓▓███ ▀▄███▀▄█▌ ▄█▀                                      ▀█▄▀██▄▐███  ▐█████ 
░▓▓ ███▌ ▄███▀▐▀▀▄█▀                                          ██▄▀▀█▐███▄ ███▓█ 
▓ ▓ ▓██ ████ ▄▄███▀                                            ▀███▄ ▄███▄ ███▓ 
▓░ ▓██ ▐████████▀                                                ▀████████▌▐██▓ 
 ░░ ██ ███████▀                                                    ▀▀█████▌ ██░ 
 ░▓▓███ ▀▀▀▄▄▄    ▄▄                                          ▄▄   ▐██▄▀▀▀ ▄██▓ 
  ░ ▓███  ▐██▌ ▄████▌   We are currently searching for        █████▄ ███ ▐███▓▓▓
▓ ▓░▓▓███ ██████████▌        100mbit+ Affil Sites             ██████████▌▐██▓░░░
 ▓▓░ ▓██▌▐█████▀▀███       (no rented .de .at .nl)           ▐███▀▀█████ ███▓▓  
   ▓ ░██ ████   ▐██▌      If you think u can help us          ███▌  ▀███▌███▓░▓ 
  ▓▓░▓█▌ ███   ███▌       contact us @ fdl_@hush.ai            ███▄  ▐██▌▐██▓▓░ 
▓▓░░▓██▌▐██▌ ▄███▀                                              ▀███  ▐██ ███░▓ 
▓ ▓████ ▐█▀▄████▀                                                 ▀██▄▐██ ████▓ 
▓█████▀  ▄███▀                                                      ▀██▄▀  ▀███ 
 ██▀  ▄███▀          RESPECT TO: DR AOE AiiA MFi.. you 0wn :)          ▀███▄ ▀██ 
▓▓▄ ▀▀▀  ▄█▌                                                          ▐▄▄▀▀▀ ▄█ 
 ████░██ ██▌                                                          ▐█▌ █████
▓▓▓█████▌ ▀ ▄▄                 ▐▌     ▐▌     ▐▌       ▄▄▄▄         ▄▄  █ ███▓█▓
 ▓ ▓███▀ ▄██▀     ▄▄███▄      ▐█     ▄██▄     █▌     ████████▄      ▀██▄ ▀███▓
▓ ▓███▀ ██▀    ▄████████▌    ▐█▌    ▄████▄    ▐██   ▐▀███▀██████▄     ▀██▄ ▀██▓
 ▓██▀ ▄██▀  ▄██████▀▀ ██▐▄▄▄▐▀▀    ████████    ██▄████▄▄▄▄  ▀██████▄    ███▄ ██
▓██▀ ███▀ ▄████▀   ▄▄▐██▐███████▄▄████▌▐██▀▄▄██▌██▌█████████▄▄ ▀█████▄   ▐██▄ ▀
▓█▀ ███▌ ████▀ ▄▄████▐██▀▀▀███▀█▄████   ▀▄██████▀██   █▄▄▀▀▀████▄ ▀████▄ ▄████
█▀ ████▄███▀ ▄██▀▀   ██   ▐██▌ ▄████▐█▌▐█████▀▄  ██▌   ██▌     ▀▀█▄ ▀██████████
█ ███████▀ ▄█▀▀     ██    ███▄█████▄███████▌▄███▄███    ▀█▄fallout▀█▄ ▀████████
  ██████▀  ▀      ▄██    ▐███████▀ ▀██████▀  ▀██████▌    ▀██▄2k6    ▀   ▀█████▌ 
   ▀██▀                   ▀████▀     ▀██▀      ▀███▀                      ▀▀▀ 
