████████████████████████████████████████████████████████████████████████████████
████████████████████████████████████████████████████████████████████████████████
██████████    ██   ██    █    █       ██   ░    ██  █    ██   ██     █  ██  ░███
██████████░   ██   ██   ░█    █       █         ██  █    ██   ██     █   █  ░███
███████████   ██   ██   █     █       ░         ██  █    ██    █     █   █  ░███
███████████   █░    █   █     ░░░   ░░    ██    ██  █    █     █  ████   █  ░███
███████████   █     █   █      ██   ██    ██    ██  █          █  ████      ░███
███████████             █      ██   ██   ███        █          █  ████      ░███
████████████     █      █      ██   ██   ███        █       █  █     █      ░███
████████████     █     █   █   ██   ██   ███        █       █  █     █      ░███
████████████     █     █   █   ██   ██   ███        █  █    █  █     █      ░███
████████████     █     █   █    █   ██   ███    ██  █  █    █  █  ████  █   ░███
█  ░ █░  ░██     █     █        █   ██    ██    ██  █  █    █  █  ████  █   ░███
██ █ █░ ████     █     █        █   ██          ██  █  █    █  █     █  █   ░███
██ █  ░  ████    ██        ░░   █   ███         ██  █  █   ░█  █     █  ██  ░███
██ █ █░ █████   ███   █   ░██   █   ████        ██  █  █   ██  █     █  ██  ░███
██ █ █░  ░███   ███   █   ███   ░   █████  █    ██  █  ██  ██  █     █  ██  ░███
████████████████████████████████████████████████████████████████████████████████
██████████████████████████████████████████████████ ██aka Weltmeister 2014 :-)███
██████████████████████████████████████████████████ █████████████████████████████
█████████████████████████  ▀█▀  █▀ ▀█▀ ░█▀ ▀█  ▀█  ░█▀ ░████████████████████████
█████████████████████████ █ █ █▄█ █ █ ███ █ █ █ ██ ██ ██████████████████████████
█████████████████████████ █ █ ███   █▄ ▀█   █ █ ██ ██▄ ▀████████████████████████
█████████████████████████ █ █ ███ █▀███ █ ███ █ ██ ████ ████████████████████████
█████████████████████████ █░█░███▄░░█░░▄█▄░░█░█░██░██░░▄████████████████████████
█████████████████████████ ██████████████████████████████████████████████████████
█████████████████████████ ██████████████████████████████████████████████████████
█████████████████████████░██████████████████████████████████████████████████████
████████████████████████████████████████████████████████████████████████████████
███████                                                                  ███████
███████           Warcraft.The.Beginning.German.DL.PAL.DVDR-WM           ███████
███████                                                                  ███████
████████████████████████████████████████████████████████████████████████████████
██████████████████████████████████████▓▓▓▓██████████████████████████████████████
████████████████████████████████▓▒░░░░░░░░░░░░░▒▓███████████████████████████████
█████████████████████████████▓▓▓▓░░░░░░░░░░░░░░░░░░█████████████████████████████
███████████████████████████▓▓▓▓▓▓▒░░░░░░░░░░░░░░░░░░░███████████████████████████
█████████████████████████▓▓▓▓▓▓▓▓▓░░░░░░░░░░░░░░░░░░░░░█████████████████████████
███████████████████████▓▓▓▓▓▓▓▓▓▓▓░░░░░░░░░░░░░░░░░░░░░░░███████████████████████
███████████████████████▓▓▓▓▓▓▓▓▓▓▓░░░░░░░░░░░░░░░░░░░░░░░░▓█████████████████████
███████████████████████▓▓▓▓▓▓▓▓▓▓▒░░░░░░░░░░░░░░░░░░░░░░░░░▓████████████████████
███████████████████▓▒▓███▓▓▓▓▓▓▓▓░░░░░░░░░░░░░░░░░░░░░░░░░░░▒███████████████████
██████████████████▓▒▒▓▓██▓▓▓▓▓▓▓▓▒░░░░░░▓▓░░░░░░░░░░░░░  ░░░░░██████████████████
█████████████████▓▒▒▒▒▓▓█▓▓▓▓▓█▓▓░░░░░░███░░░░░░░░░░░░     ░░░▒█████████████████
█████████████████▓▒▓▒▓▒▓▓▓▓▓▓▓█▓▓░░▓░░███▓░░░░░░░░░░       ░░░░▓████████████████
████████████████▓▒▒▒▒▒▒▒▓▓▓▓▓▓▓▓▓░▓░░▓███░░░░░░░░░░░         ░░░▓███████████████
███████████████▓▓▒▒▒▒▒▒▒▓▒▓▓▒▓░░▓▒░░░████░░░░░░░░░░░░░        ░░░███████████████
██████████████▓▓▒▒▒▒▒▒▒▒▒░▓░▓░░░░▓░░████░░░░░░░░░░░░░░░        ░░░██████████████
██████████████▓▓▒▒▒▒▒▒▒░░░░░░░░░░▓░▓███▓░░░░░░░░░░░░░░░░        ░░██████████████
█████████████▓▓▒▒▒▒▒▒▒▒░▒░░░░░░░░░▓████░░░░░░░░░░░░░░░░░░        ░░█████████████
█████████████▓▓▒▒▒▒▒▒▒▒░▓░░░░░░░░░█▓██▒░░░░░░░░░░░░░░░░░░        ░░▓████████████
████████████▓▓▒▒▒▒▒▒▒▒░░░░░░░░░░░░█▓██░░░░░░░░░░░░░░░░░░░░       ░░░████████████
████████████▓▓▒▒▒▒▒▒▒▒▒░░░░░░░░░░▓██▓░░░░░░░░░░░░░░░░░░░░░░       ░░████████████
███████████▓▓▓▒▒▒▒▒▒▒▒▒░░░░░░░░░░███▓░░░░░░░░░░░░░░░░░░░░▓▓       ░░░███████████
███████████▓▓▓▒▒▒▒▒▒▒▒▒░░░░░░░░░░██▒▓▓░░░░░░░░░░░░░░░░░░▓▓▓       ░░░███████████
███████████▓▓▓▒▒▒▒▒▒▒▒░░░░░░░░░░░█░░░█▓░░░░░░░░░░░░░░░░▓▓▓▓░       ░░▓██████████
██████████▓▓▓▓▒▒▒▒▒▒▒░░░░░░░░░░░░░░░░▓▓░░░░░░░░░░░░░░░░▓▓▓▒░       ░░▒██████████
██████████▓▓▓▒▒▒▒▒▒▒▒▒░░░░░░░░░░░░░░░▓█▓░░░░░░░░░░░░░░▓▓▓▓░░░      ░░░██████████
██████████▓▓▓▒▒▒▒▒▒▒▒▒▒░░░░░░░░░░░░░░▒▓▓░░░░░░░░░░░░░▓█▓▓▓░░░      ░░░██████████
██████████▓▓▓▒▒▒▒▒▒▒▒▒░▒░░░░░░░░░░░░░░░░░░░░░░░░░░░░░██▓▓░░░░       ░░██████████
██████████▓▓▓▒▒▒▒▒▒▒▒▒░░░░░░░░░░░░░░░░░░░░░░░░░░░░░░▓███▓░░░░       ░░██████████
██████████▓▓▓▒▒▒▒▒▒▒▒▒▒▒░░░░░░░░░░░░░░░░░░░░░░░░░░░░███▓░░░░░       ░░▓█████████
██████████▒▓▓▒▒▒▒▒█████▒░░░░░░░░░░░░░░░░░░░░░░░░░░░████░░░░░░       ░░▒█████████
█████████▓▒▓▓▒▒▒▒▒▓▓█▒▒▒░░░░░░░░░░░░░░░░░░░░░░░░░░░███░░░░░░░       ░░▒█████████
█████████▓▒▓▓▒▒▒▒▒▒▓█▒▒░░░░░░░░░░░░░░░░░░░░░░░░░░░▓██▓░░░░░░░       ░░▒█████████
██████████▒▓▓▓▒▒▒▒▒▒█▒▒▒░░░░░░░░░░░░░░░░░░░░░░░░░░██▓░░░░░░░░       ░░▓█████████
██████████▒▒▓▓▒▒▒▒▒▒██▒▒▒░░░░░░░░░░░░░░░░░░░░░░░░░░░░░░░░░░░░      ░░░▓█████████
██████████▒▒▒▒▒▒▒▒▒▒██▒░░░░░░░░░░░░░░░░░░░░░░░░░░░░░░░░░░░░░░      ░░░██████████
██████████▒▒▒▒▒▒▒▒▒▒▓█▒▒▒░░░░░░░░░░░░░░░░░░░░░░░░░░░░░░░░░░░░      ░░░██████████
██████████▓▒▒▓▒▒▒▒▒▒▒██▒▒░░░░░░░░░░░░░░░░░░░░░░░░░░░░░░░░░░░░     ░░░░██████████
██████████▒▒▒▒▒▒▒▒▒▒▒██▒▒░░░░░░░░░░░░░░░░░░░░░░░░░░░░░░░░░░░      ░░░░██████████
██████████▓▒▒▒▒▒▒▒▒▒▒▒██▒▒░░░░░░░░░░░░░░░░░░░░░░░░░░░░░░░░░░     ░░░░▒██████████
███████████▒▓▒▒▒▒▒▒▒▒▒███▒░░░░░░░░░░░░░░░░░░░░░░░░░░░░░░░░░░     ░░░░▓██████████
███████████▓▓▓▓▒▒▒▒▒▒▒▒██▓▒░░░░░░░░░░░░░░░░░░░░░░░░░░░░░░░░░    ░░░░░███████████
███████████▓▓▓▓▓▒▒▒▒▒▒▒███▒▒░░░░░░░░░░░░░░░░░░░░░░░░░░░░░░░░  ░░░░░░▒███████████
████████████▓▓▓▓▒▒▒▒▒▒▒▒███▒▒░░░░░░░░░░░░░░░░░░░░░░░░░░░░░░░░░░░░░░░▓███████████
████████████▓▓▓▓▒▒▒▒▒▒▒▒▒███▓░░░░░░░░░░░░░░░░░░░░░░░░░░░░░░░░░░░░░░▒████████████
█████████████▓▓▓▓▒▒▒▒▒▒▒▒▒████▒░░░░░░░░░░░░░░░░░░░░░░░░░░░░░░░░░░░░▓████████████
█████████████▓▓▓▓▓▒▒▒▒▒▒▒▒▒████▒░░░░░░░░░░░░░░░░░█░░░░░░░░░░░░░░░░▒█████████████
██████████████▓▓▓▓▒▒▒▒▒▒▒▒▒▒▓████▒░░░░░░░░░░░░░░░█▒░░░░░░░░░░░░░░░██████████████
██████████████▓▓▓▓▒▒▒▒▒▒▒▒▒▒▒▓█████▒░░░░░░░░░░░░░██░░░░░░░░░░░░░░▒██████████████
███████████████▓▓▓▓▒▒▒▒▒▒▒▒▒▒▒▒███████▓▒░░░░░░░▓███░░░░░░░░░░░░░▒███████████████
████████████████▓▓▓▒▒▒▒▒▒▒▒▒▒▒▒▒▒▒██████████████▓░█▒░░░░░░░░░░░▒▓███████████████
█████████████████▓▓▓▓▒▒▒▒▒▒▒▒▒▒▒▒▒▒▒▒▓▓████▓▓░░░░░░▓░░░░░░░░░░░▓████████████████
█████████████████▓▓▓▓▒▒▒▒▒▒▒▒▒▒▒▒▒▒░░░░░░░░░░░░░░░░░░░░░░░░░░░▒█████████████████
██████████████████▓▓▓▓▒▒▒▒▒▒▒▒▒▒▒▒▒▒▒▒░░░░░░░░░░░░░░░░░░░░░░░▒██████████████████
███████████████████▓▓▓▓▒▒▒▒▒▒▒▒▒▒▒▒▒▒▒░▒░░░░░░░░░░░░░░░░░░░▒▒███████████████████
█████████████████████▓▓▓▓▒▒▒▒▒▒▒▒▒▒▒▒▒▒▒▒▒░░░░░░░░░░░░░░░░▒▓████████████████████
██████████████████████▓▓▓▒▒▒▒▒▒▒▒▒▒▒▒▒▒▒▒▒▒▒░░▒░░░░░░░░░░▒▓█████████████████████
███████████████████████▓▓▓▓▒▒▒▒▒▒▒▒▒▒▒▒▒▒▒▒▒▒▒▒▒▒▒▒░▒▒░▒▒███████████████████████
█████████████████████████▓▓▓▓▒▒▒▒▒▒▒▒▒▒▒▒▒▒▒▒▒▒▒▒▒▒▒▒▒▒█████████████████████████
███████████████████████████▓▓▓▒▒▒▒▒▒▒▒▒▒▒▒▒▒▒▒▒▒▒▒▒▒▒███████████████████████████
█████████████████████████████▓▓▓▒▒▒▒▒▒▒▒▒▒▒▒▒▒▒▒▒▒▓█████████████████████████████
████████████████████████████████▓▓▓▓▓▒▒▒▒▒▒▒▒▓▓▓████████████████████████████████
███████████████████████████████████████▓▓▓██████████████████████████████████████
████████████████████████████████████████████████████████████████████████████████
████████████████████████████████████████████████████████████████████████████████
██████████████████████     ▀           ▀   ▀█ █ ████▀    ███████████████████████
███████████████████████ ███ █ ██████ ██ ███ █ █ ████ ███████████████████████████
███████████████████████ ███ █ ██████ ██ ███ █ █ ████ ███████████████████████████
███████████████████████ ███ █   ████ ██     █ █ ████▄   ▀███████████████████████
███████████████████████ ███ █ ██████ ██ ███ █ █ ████████ ███████████████████████
███████████████████████ ███ █ ██████ ██ ███ █ █ ████████ ███████████████████████
██████████████████████     ▄      ██ ██ ███ █ █         ▄███████████████████████
████████████████████████████████████████████████████████████████████████████████
████████████████████████████████████████████████████████████████████████████████
███████                                                                  ███████
███████ Release Date: 23.09.2016                                         ███████
███████ Store Date: 29.09.2016                                           ███████
███████ Cine Date: 26.05.2016                                            ███████
███████                                                                  ███████
███████ Laufzeit: ~118 Minuten                                           ███████
███████ Genre: Action, Fantasy                                           ███████
███████ FSK: ab 12 Jahren                                                ███████
███████ Source: PAL DVD9                                                 ███████
███████ Video: encodet (CCE 2.67 @6pass)                                 ███████
███████ Bitrate: 4.348 Kbps avr                                          ███████
███████ AR: 16:9 (2.40:1 - anamorph)                                     ███████
███████ Audio: AC3 5.1 DE/EN 384kbps                                     ███████
███████ Untertitel: DE/EN/TR/DA/SV/FI/NO/IS/PT/AR/HI                     ███████
███████                                                                  ███████
███████ Menue: ja                                                        ███████
███████                                                                  ███████
███████ Extras/Bonus: -                                                  ███████
███████                                                                  ███████
███████ IMDB Rating.........: 7.2/10 (134.120 votes)                     ███████
███████ http://www.imdb.com/title/tt0803096/                             ███████
███████                                                                  ███████
███████                                                                  ███████
███████                                                                  ███████
███████                                                                  ███████
███████                                                                  ███████
███████                                                                  ███████
███████                                                                  ███████
███████                                                                  ███████
███████                                                                  ███████
███████                                                                  ███████
████████████████████████████████████████████████████████████████████████████████
████████████████████████████████████████████████████████████████████████████████
█████████████████████████████     ██ █████   █     █████████████████████████████
██████████████████████████████ ███ █ ████ ███ ██ ███████████████████████████████
██████████████████████████████ ███ █ ████ ███ ██ ███████████████████████████████
██████████████████████████████    ██ ████ ███ ██ ███████████████████████████████
██████████████████████████████ █████ ████ ███ ██ ███████████████████████████████
██████████████████████████████ █████ ████ ███ ██ ███████████████████████████████
█████████████████████████████   ████     █   ███ ███████████████████████████████
████████████████████████████████████████████████████████████████████████████████
████████████████████████████████████████████████████████████████████████████████
███████                                                                  ███████
███████ Das friedliche Reich Azeroth wird von Krieg bedroht, denn        ███████
███████ besonders schreckliche Eindringlinge stroemen in das Land:       ███████
███████ Ork-Krieger verlassen ihr zum Sterben verdammtes Zuhause, um     ███████
███████ sich neu anzusiedeln, notfalls mit Gewalt. Als sich ein Portal   ███████
███████ oeffnet, das die beiden Welten verbindet, sind sich Untergang    ███████
███████ und Ausloeschung nah wie nie. Zwei Helden aus den beiden Welten  ███████
███████ befinden sich auf Konfrontationskurs. Ihre Auseinandersetzung    ███████
███████ entscheidet ueber den Fortbestand ihrer Familien und ihrer Art.  ███████
███████                                                                  ███████
████████████████████████████████████████████████████████████████████████████████
████████████████████████████████████████████████████████████████████████████████
