ÔĽŅ                                                ‚ĖĎ                             
                                       ‚Ėď           ‚ĖĎ                          
                                      ‚Ėď   ‚ĖĄ‚Ėí‚Ėą‚Ėą‚Ėą‚ĖĄ‚ĖĄ                             
                                 ‚ĖĎ       ‚ĖĄ‚Ėą‚Ėí‚Ėí‚Ėą‚Ėď‚Ėą‚Ėą‚Ėą‚Ėí   ‚ĖĎ                       
                                        ‚Ėź‚Ėą        ‚Ėą‚ĖĄ                          
                       ‚ĖĎ   ‚ĖĄ‚ĖĎ‚Ėą‚Ėą‚Ėą‚ĖĎ       ‚Ėď‚Ėą ‚ĖĄ‚Ėą‚Ėą‚Ėí   ‚Ėí‚Ėą                          
                          ‚Ėą‚Ėą‚Ėą‚Ėď‚Ėą‚ĖĎ‚ĖĎ‚Ėą     ‚Ėź‚Ėą‚Ėą‚Ėď   ‚Ėą    ‚Ėą‚ĖĄ       ‚ĖĎ                 
                         ‚Ėą‚ĖĎ       ‚Ėą   ‚ĖĄ‚Ėą‚Ėď     ‚Ėą     ‚Ėą‚Ėą                        
                        ‚Ėź‚Ėą        ‚ĖĎ‚Ėą  ‚Ėí‚ĖĎ‚ĖĎ‚Ėď‚Ėď‚Ėď‚Ėí‚Ėď   ‚Ėą‚Ėą  ‚Ėą‚Ėą‚ĖĄ          ‚ĖĎ           
                        ‚Ėą‚ĖĎ ‚ĖĄ‚Ėí‚Ėď‚Ėą‚Ėą ‚ĖĎ‚Ėí‚Ėą‚ĖĆ ‚Ėą‚Ėď        ‚Ėą‚Ėą‚Ėą  ‚ĖĄ‚Ėą‚Ėą‚Ėą‚Ėą‚Ėą‚ĖĄ‚Ėí                 
                        ‚Ėą‚ĖĎ‚Ėí    ‚Ėą  ‚Ėą‚Ėď‚Ėą ‚Ėą‚Ėą      ‚ĖĎ‚Ėą‚Ėą‚Ėą‚Ėą‚ĖĄ‚Ėą      ‚Ėí‚Ėą‚Ėą                
                        ‚Ėą  ‚ĖĎ‚Ėí‚Ėď ‚ĖĎ  ‚Ėą ‚Ėą‚Ėą ‚Ėą‚Ėą‚Ėą‚ĖĎ‚Ėą‚Ėą‚Ėą‚Ėą‚Ėą‚Ėą‚Ėą‚Ėą‚ĖĎ ‚Ėí‚Ėí‚ĖĎ     ‚Ėą‚Ėą‚ĖĄ              
                        ‚Ėą‚Ėí       ‚ĖĎ‚Ėą‚Ėą‚Ėí‚Ėą‚Ėí  ‚Ėí‚Ėą‚Ėą‚Ėą‚Ėą‚Ėą‚Ėą‚Ėą‚Ėą‚Ėą‚Ėí‚ĖĎ  ‚Ėą‚Ėą     ‚Ėą‚ĖĎ              
                        ‚Ėą        ‚Ėą‚Ėą‚Ėą ‚ĖĎ‚Ėą‚ĖĆ    ‚Ėą‚Ėą‚Ėą‚Ėą‚Ėą‚Ėą ‚Ėí‚ĖĎ‚Ėď‚ĖĎ‚Ėą      ‚ĖĎ‚Ėą‚ĖĄ             
                    ‚ĖĎ   ‚Ėą‚Ėí      ‚Ėą‚Ėą‚Ėą‚Ėą  ‚Ėď‚Ėą     ‚Ėą‚Ėą‚Ėą‚Ėď           ‚Ėą‚Ėí ‚Ėą‚Ėą             
                        ‚ĖÄ‚Ėą‚Ėą‚ĖĄ ‚Ėí‚Ėą‚Ėą‚Ėą‚Ėą‚Ėą    ‚Ėą‚Ėą     ‚Ėą‚Ėą          ‚Ėí‚Ėą‚Ėą   ‚Ėą‚Ėą   ‚ĖĎ        
                           ‚Ėą‚Ėą‚Ėą‚Ėą‚Ėą‚Ėą‚Ėą‚Ėď‚Ėą  ‚Ėą‚Ėď‚Ėą     ‚Ėą‚Ėą‚Ėą      ‚ĖĄ‚Ėą‚Ėą‚Ėą‚Ėą‚Ėą   ‚Ėí‚Ėą‚Ėą           
                           ‚ĖĎ‚Ėą‚Ėą‚Ėą‚Ėą‚Ėą‚Ėą‚Ėą   ‚Ėą‚Ėą‚Ėą    ‚Ėź‚Ėą ‚Ėą‚Ėą‚Ėą‚Ėą‚Ėą‚Ėą‚Ėą‚Ėą‚Ėą‚Ėą‚Ėą‚Ėą     ‚Ėą‚Ėą‚Ėą          
                   ‚ĖĎ        ‚Ėą‚Ėą‚Ėą‚ĖĎ‚ĖÄ     ‚Ėí‚Ėą‚Ėą    ‚Ėą‚ĖĆ   ‚Ėí‚Ėą‚Ėą‚Ėą‚Ėą‚Ėą‚Ėą‚Ėą‚Ėą‚Ėą‚Ėą    ‚Ėí‚Ėą‚Ėą          
                            ‚Ėď‚Ėą‚Ėą        ‚Ėą‚Ėą‚ĖĎ  ‚Ėź‚Ėą        ‚Ėą‚Ėą ‚Ėą‚Ėą‚Ėą‚Ėí     ‚Ėą‚Ėą‚Ėą‚ĖĄ‚ĖĄ‚ĖĄ      
                             ‚Ėą‚Ėą        ‚Ėą‚Ėą‚Ėą  ‚Ėą‚ĖĆ       ‚Ėź‚Ėą‚Ėą  ‚ĖÄ‚Ėą‚Ėą‚Ėą‚Ėą‚ĖĎ  ‚Ėą‚Ėą‚Ėą‚Ėď‚Ėą‚Ėą‚Ėą‚ĖĄ    
                             ‚Ėź‚Ėą‚Ėą       ‚ĖĎ‚Ėą‚Ėą ‚Ėą‚Ėą        ‚Ėą‚Ėą‚Ėą‚Ėą‚ĖĎ     ‚ĖĄ‚Ėą‚Ėą‚Ėą     ‚Ėą‚Ėą‚Ėą  ‚Ėď
                              ‚Ėą  ‚ĖĄ‚ĖĎ‚Ėą‚Ėą‚Ėą‚Ėą‚Ėą‚Ėą‚Ėą‚Ėą‚Ėą‚ĖĎ       ‚Ėź‚Ėą‚Ėą‚Ėą‚Ėą   ‚Ėí‚Ėą‚Ėą‚ĖÄ‚ĖÄ ‚ĖĎ‚Ėą     ‚Ėą‚Ėą   
           ‚ĖĎ      ‚Ėí          ‚Ėą‚Ėí ‚ĖĎ‚Ėď‚Ėí    ‚Ėą‚Ėí‚Ėą‚Ėą‚Ėą‚Ėą‚Ėą‚Ėą‚ĖĄ    ‚Ėą‚Ėą‚Ėą‚Ėą   ‚Ėą‚ĖÄ‚ĖÄ‚Ėď   ‚ĖĎ‚Ėą     ‚Ėą‚Ėą‚ĖĆ  
                            ‚Ėą‚Ėą ‚ĖĄ‚Ėą‚Ėą‚Ėą‚Ėí‚ĖĎ    ‚Ėď‚Ėą‚Ėą‚Ėí‚Ėą‚Ėą‚Ėą‚Ėą‚Ėą‚Ėí‚Ėą‚Ėą‚Ėą‚Ėą    ‚Ėą‚ĖĄ  ‚Ėí‚Ėď     ‚Ėą‚Ėą ‚Ėą‚Ėą‚ĖĆ  
  ‚Ėí          ‚ĖĄ‚Ėí‚Ėą‚Ėą‚Ėą   ‚Ėď      ‚Ėą ‚Ėź‚Ėí      ‚ĖĎ‚Ėą‚Ėí‚ĖĎ ‚Ėí‚Ėą‚Ėą‚Ėí  ‚ĖÄ‚Ėą‚Ėą‚Ėą‚Ėą      ‚Ėą‚ĖĄ      ‚Ėí‚Ėą‚Ėą‚Ėą ‚Ėí‚Ėą‚ĖĎ  
         ‚ĖĄ‚ĖĄ‚Ėą‚Ėą‚ĖÄ‚ĖĎ‚Ėą‚ĖĎ‚Ėą‚Ėą‚ĖĎ       ‚Ėź‚Ėą ‚ĖĆ              ‚ĖĎ‚Ėą‚Ėą   ‚Ėą‚Ėą‚Ėą‚Ėą     ‚Ėí‚Ėą‚Ėą‚Ėí‚Ėą‚Ėą‚Ėą‚Ėą‚Ėą‚Ėą‚Ėą   ‚Ėą‚Ėą  
      ‚ĖĎ‚Ėą‚Ėą‚Ėą‚ĖÄ   ‚Ėą  ‚ĖĎ‚Ėą‚Ėą       ‚Ėź‚Ėą   ‚ĖĄ‚ĖĄ‚Ėą‚Ėą‚Ėą‚Ėą‚Ėą‚ĖĎ‚ĖĄ‚ĖĄ     ‚Ėí‚Ėą‚ĖĄ  ‚ĖÄ‚Ėí‚Ėą‚Ėą    ‚Ėą‚Ėą‚Ėą‚Ėą‚Ėď‚Ėą‚Ėą‚Ėą‚Ėą‚Ėą‚Ėď   ‚Ėą‚Ėą‚Ėą 
  ‚ĖĄ‚Ėą‚Ėą‚Ėą‚Ėą‚Ėą‚Ėą     ‚Ėą  ‚Ėí‚Ėą‚Ėą       ‚Ėą‚Ėą  ‚Ėź‚Ėą  ‚ĖĆ   ‚ĖĆ‚Ėą‚Ėą‚Ėą‚Ėď     ‚Ėí‚ĖĄ   ‚Ėą‚Ėą‚Ėą  ‚Ėą‚Ėą‚Ėą‚Ėą  ‚Ėą‚Ėą‚Ėą‚Ėą      ‚Ėą‚Ėą‚ĖĆ
‚ĖĄ‚Ėą‚ĖÄ    ‚Ėą‚Ėą   ‚ĖĄ‚ĖĄ‚ĖĆ  ‚Ėą‚Ėą‚Ėą       ‚Ėą‚Ėą‚Ėí ‚Ėď   ‚ĖĆ   ‚ĖĆ   ‚Ėą‚Ėą‚ĖĄ    ‚Ėą‚Ėí‚ĖĄ  ‚ĖÄ‚ĖĎ‚Ėď‚Ėą‚Ėą‚Ėą‚Ėą ‚Ėď‚Ėą ‚ĖĎ‚Ėą‚Ėą‚Ėą‚Ėą‚Ėą‚Ėí‚Ėą‚Ėą‚Ėą‚Ėą‚Ėą
‚Ėą‚Ėí‚ĖĎ     ‚Ėą‚Ėą‚ĖÄ‚ĖÄ‚ĖÄ   ‚Ėą‚Ėą‚Ėą        ‚Ėą‚Ėą  ‚Ėą   ‚Ėď   ‚Ėď  ‚Ėź  ‚Ėą‚Ėą    ‚Ėą‚Ėą‚Ėą‚ĖĎ   ‚Ėą‚Ėą‚Ėą‚Ėą‚Ėą‚Ėą     ‚Ėí‚Ėí‚Ėí‚Ėą‚Ėą‚Ėą‚Ėą‚Ėą 
‚Ėą              ‚Ėą‚Ėą‚Ėą   ‚ĖĎ    ‚Ėź‚Ėą‚Ėą  ‚ĖĎ‚Ėą‚ĖĄ‚Ėą‚Ėą‚Ėí‚Ėí‚Ėą‚Ėą ‚Ėź‚Ėą ‚ĖĄ‚Ėą‚Ėą‚Ėą    ‚Ėą‚Ėą‚Ėą‚ĖĆ   ‚ĖÄ‚ĖĎ‚Ėą‚Ėą        ‚ĖĎ‚Ėą‚Ėą‚Ėą‚Ėą  
‚Ėą ‚Ėą          ‚Ėą‚Ėą‚Ėą‚Ėą         ‚Ėą‚Ėą‚Ėí    ‚Ėí‚Ėą‚Ėą‚Ėą‚Ėą‚Ėą‚Ėą‚Ėą‚Ėą‚Ėą‚Ėą‚Ėą‚Ėą‚Ėą‚Ėą‚Ėí   ‚Ėí‚Ėą‚Ėą‚Ėą      ‚ĖÄ‚Ėą      ‚ĖĎ‚Ėą‚Ėą‚Ėą‚Ėą   
‚Ėą‚Ėą        ‚Ėí‚Ėą‚Ėą‚Ėą‚Ėą‚Ėą         ‚Ėź‚Ėą‚Ėą  ‚Ėą‚ĖĎ ‚Ėď‚Ėą‚Ėą‚Ėą‚Ėą‚Ėą‚Ėą‚Ėą‚Ėą‚Ėą‚Ėą‚Ėą‚Ėą‚Ėą‚Ėą‚Ėą    ‚Ėą‚Ėą‚Ėą       ‚ĖÄ‚Ėą    ‚Ėą‚Ėą‚Ėą‚Ėą‚Ėą    
‚Ėź‚Ėą‚ĖĎ        ‚Ėą‚Ėą‚Ėą‚Ėą‚Ėą‚Ėą        ‚Ėą‚Ėą‚Ėí  ‚Ėą  ‚Ėą‚Ėą‚Ėą‚Ėą‚Ėą‚Ėą‚Ėą‚Ėą‚Ėą‚Ėą‚Ėą‚Ėą‚Ėą‚Ėą‚Ėą‚Ėą‚Ėą    ‚Ėą‚Ėą‚ĖĆ       ‚ĖÄ‚Ėą  ‚Ėą‚Ėą‚Ėą‚Ėą‚Ėą     
 ‚Ėą‚Ėą       ‚Ėą‚Ėą‚Ėą‚Ėą‚Ėą‚Ėą‚Ėą‚Ėą     ‚ĖĄ‚Ėą‚Ėą‚Ėą  ‚Ėí‚Ėą ‚Ėź‚Ėą‚Ėą‚Ėą‚Ėą‚Ėą‚Ėą‚Ėą‚Ėą‚Ėą‚Ėą‚Ėą‚Ėą‚Ėą‚Ėą‚Ėą‚Ėą‚Ėą‚ĖĆ   ‚Ėą‚Ėą‚ĖĆ        ‚Ėą‚Ėą‚Ėą‚Ėą‚Ėą‚Ėą‚Ėą      
  ‚Ėą‚ĖĆ  ‚Ėí‚Ėą‚Ėą‚Ėą‚Ėą‚ĖÄ‚ĖÄ ‚Ėą‚Ėą‚Ėą‚Ėą‚Ėą  ‚Ėą‚Ėą‚Ėą‚Ėą‚Ėą‚ĖĎ  ‚Ėą‚Ėą ‚Ėź‚Ėą‚Ėą‚Ėą‚Ėą‚Ėą‚Ėą‚Ėą‚Ėą‚Ėą‚ĖÄ‚ĖÄ‚ĖÄ‚Ėą‚Ėą‚Ėą‚Ėą‚Ėą‚Ėą   ‚Ėź‚Ėą‚Ėą        ‚Ėą‚Ėą‚Ėą‚Ėą‚Ėą‚Ėą    ‚Ėí  
  ‚Ėź‚Ėą          ‚Ėą‚Ėą‚Ėą‚Ėą‚Ėą‚Ėí‚Ėą‚Ėą‚Ėą‚Ėą‚Ėą‚Ėą ‚ĖĎ‚Ėą‚Ėą‚Ėí ‚Ėą‚Ėą‚Ėą‚ĖÄ‚ĖÄ‚Ėď‚Ėď‚Ėď‚Ėď‚Ėď‚Ėď‚Ėď‚Ėí‚Ėą‚Ėą‚Ėą‚Ėą‚Ėą‚Ėą   ‚Ėź‚Ėą‚Ėą‚Ėí      ‚Ėź‚Ėą‚Ėą‚Ėą‚Ėą‚Ėą‚ĖĆ       
   ‚Ėą‚ĖĆ      ‚ĖĄ‚Ėą‚Ėą‚ĖÄ ‚Ėą‚Ėą‚Ėą‚Ėą‚Ėą‚Ėą‚Ėą‚Ėď    ‚Ėą‚Ėą ‚Ėą‚Ėď‚Ėď‚Ėď‚Ėď‚Ėď‚Ėí‚Ėí‚Ėí‚Ėí‚Ėí‚Ėą‚Ėą‚ĖĄ‚Ėą‚Ėą‚Ėą‚Ėą‚Ėą‚Ėą    ‚Ėą‚Ėą‚Ėą      ‚Ėź‚Ėą‚Ėą‚Ėą‚Ėą‚Ėą        
   ‚Ėź‚Ėą      ‚Ėí     ‚Ėą‚Ėą‚Ėą‚ĖÄ       ‚Ėą‚Ėą‚Ėď‚Ėą‚Ėí‚Ėí‚Ėí‚Ėí‚Ėí‚ĖĄ‚Ėą‚Ėą‚Ėą‚Ėą‚Ėą‚Ėą‚Ėą‚Ėą‚Ėą‚Ėą‚Ėą‚Ėą‚ĖĎ    ‚Ėą‚Ėą‚Ėą     ‚Ėí‚Ėą‚Ėą‚Ėą‚Ėą‚Ėą‚ĖĆ        
   ‚Ėź‚Ėą‚ĖĆ            ‚Ėą‚Ėą      ‚Ėď‚ĖÄ‚Ėą‚Ėą‚Ėí‚Ėí‚Ėą‚Ėą‚Ėą‚Ėą‚Ėą‚Ėą‚Ėą‚ĖÄ‚Ėí‚Ėí‚Ėí‚Ėí‚Ėí‚Ėą‚Ėą‚Ėą‚Ėą‚Ėą     ‚Ėą‚Ėą‚ĖĆ    ‚ĖĎ‚Ėą‚Ėą‚Ėą‚Ėą‚Ėą‚Ėą         
‚ĖĎ   ‚Ėą‚Ėą           ‚ĖĄ‚Ėą     ‚Ėą‚Ėą‚Ėą‚ĖÄ‚Ėď‚Ėď‚Ėď‚Ėą‚Ėą‚ĖÄ‚Ėí‚Ėí‚Ėí‚Ėí‚Ėí‚Ėí‚Ėí‚Ėď‚Ėď‚Ėď‚Ėď‚Ėď‚Ėď‚Ėą‚Ėą‚ĖĎ    ‚Ėď‚Ėą‚Ėą      ‚Ėą‚Ėą‚Ėą‚Ėą‚Ėą     ‚Ėí    
    ‚Ėą‚Ėą‚ĖĎ          ‚Ėą    ‚Ėą‚Ėą‚Ėą‚Ėą‚Ėą‚Ėą‚Ėď‚Ėď‚Ėď‚Ėď‚Ėď‚Ėď‚Ėď‚Ėď‚Ėď‚Ėď‚Ėď‚Ėď‚Ėď‚Ėí‚ĖĄ‚Ėą‚Ėą‚Ėą‚Ėą‚Ėą‚Ėą     ‚Ėą       ‚Ėź‚Ėą‚Ėą‚Ėą‚Ėą‚ĖĆ          
     ‚Ėą‚Ėą‚Ėą             ‚Ėą‚Ėď ‚ĖÄ‚Ėą‚Ėą‚Ėą‚Ėą‚Ėą‚ĖĄ‚Ėď‚Ėí‚Ėí‚Ėí‚ĖĄ‚ĖĄ‚ĖĄ‚Ėą‚Ėą‚Ėą‚Ėą‚Ėą‚Ėą‚Ėą‚Ėą‚Ėą‚Ėą     ‚Ėź        ‚Ėí‚Ėą‚Ėą‚Ėą‚Ėą           
     ‚Ėí‚Ėą‚Ėą‚Ėą            ‚Ėą  ‚Ėą  ‚Ėą‚Ėą‚Ėą‚Ėą‚Ėą‚Ėą‚Ėą‚Ėą‚Ėą‚Ėą‚Ėą‚Ėą‚Ėą‚Ėą‚Ėą‚Ėą‚Ėą‚Ėą‚Ėą‚Ėą               ‚Ėí‚Ėą‚Ėą‚Ėą‚ĖĆ           
 ‚Ėď    ‚Ėą‚Ėą‚Ėą‚Ėą    ‚Ėą‚ĖĎ      ‚Ėą‚Ėą   ‚ĖĎ‚Ėą‚Ėą‚Ėą‚Ėą‚Ėą‚Ėą‚Ėą‚Ėą‚Ėą‚Ėą‚Ėą‚Ėą‚Ėą‚Ėą‚Ėą‚Ėą‚Ėą‚Ėą                ‚Ėą‚Ėą‚Ėą‚Ėą   ‚ĖĎ        
       ‚Ėą‚Ėą‚Ėą‚Ėą   ‚Ėą‚ĖĄ       ‚Ėą‚Ėí‚Ėď‚Ėą  ‚Ėą‚Ėą‚Ėą‚Ėą‚Ėą‚Ėą‚Ėą‚Ėą‚Ėą‚Ėą‚Ėą‚Ėą‚Ėą‚Ėą‚Ėą‚Ėą‚ĖĎ               ‚Ėí‚Ėą‚Ėą‚Ėą             
        ‚Ėą‚Ėą‚Ėą‚Ėą   ‚ĖÄ‚ĖĎ‚ĖĎ‚ĖĎ    ‚Ėí ‚ĖÄ‚ĖĄ ‚Ėą ‚ĖĎ‚Ėą‚ĖÄ ‚Ėą‚Ėą‚Ėą‚Ėą‚Ėą‚Ėą‚Ėą‚Ėą‚Ėą‚Ėą‚Ėą                ‚Ėą‚Ėą‚Ėą‚ĖĆ   ^SunZero  
         ‚ĖÄ‚Ėą‚Ėą‚Ėą‚Ėí  ‚Ėą ‚Ėí    ‚Ėą   ‚ĖÄ‚ĖĄ  ‚Ėą‚ĖĎ  ‚Ėą ‚ĖÄ‚Ėą‚Ėą‚Ėą‚Ėą‚Ėą‚Ėą‚ĖĎ                ‚Ėą‚Ėą‚Ėą      '09     
   ‚ĖÄ‚ĖĄ      ‚Ėą‚Ėą‚Ėą ‚Ėí‚ĖĎ‚Ėą‚Ėą‚ĖĎ   ‚ĖĎ‚Ėí‚Ėí   ‚ĖÄ‚ĖÄ‚Ėą‚ĖĄ  ‚Ėí  ‚Ėą ‚ĖÄ‚Ėą ‚Ėą   ‚Ėď            ‚Ėą‚Ėą‚Ėą‚Ėą              
     ‚ĖĆ      ‚ĖÄ‚Ėą‚Ėą ‚Ėď ‚Ėď‚Ėą‚ĖĄ‚ĖĎ          ‚ĖÄ‚ĖÄ‚Ėą‚Ėą ‚ĖĎ‚Ėą‚ĖĎ ‚Ėą‚Ėą   ‚Ėą‚ĖĎ           ‚Ėď‚Ėą‚Ėą‚Ėą‚ĖĆ   ‚Ėď          
     ‚Ėź       ‚Ėą‚Ėą‚Ėą ‚Ėą‚Ėą ‚Ėí‚Ėą‚Ėą‚ĖĄ            ‚ĖÄ‚Ėą‚Ėą‚Ėą‚Ėą‚Ėą   ‚Ėą‚Ėą‚ĖĆ           ‚Ėą‚Ėą‚Ėą‚Ėą‚ĖĆ              
    ‚Ėą‚ĖÄ  ‚ĖĎ     ‚Ėą‚Ėą‚Ėą‚Ėą ‚Ėą‚Ėí‚Ėí‚Ėą‚Ėą‚Ėą‚Ėą‚Ėą‚Ėą‚Ėą‚ĖĄ‚ĖĄ‚ĖĄ‚ĖĄ‚ĖĄ          ‚Ėą‚Ėą‚Ėą     ‚Ėą‚ĖĄ    ‚Ėą‚Ėą‚Ėą‚Ėą‚Ėą               
   ‚Ėą‚Ėą          ‚Ėą‚Ėą‚Ėą‚Ėą‚ĖĎ‚ĖĎ‚ĖĎ‚Ėď ‚Ėą‚Ėą‚Ėą‚Ėą‚Ėą‚Ėą‚Ėą‚Ėą‚Ėą‚Ėą‚Ėą‚Ėą‚Ėą‚ĖĄ‚ĖĄ‚ĖĄ‚ĖĄ‚ĖĄ ‚Ėą‚Ėą‚Ėą‚Ėą‚ĖĎ   ‚Ėď ‚Ėą ‚ĖĎ  ‚Ėą‚Ėą‚Ėą‚Ėą‚Ėą     ‚ĖĎ         
  ‚Ėą‚Ėą‚ĖÄ  ‚ĖÄ‚ĖĄ       ‚Ėą‚Ėą‚Ėą‚Ėí‚Ėď‚Ėí ‚Ėą‚ĖĎ ‚ĖĎ ‚Ėą‚Ėą‚Ėą‚Ėą‚Ėą‚Ėą‚Ėą‚Ėą‚Ėą‚Ėą‚Ėą‚Ėą‚Ėą‚Ėą‚Ėą‚Ėą‚Ėą‚Ėą‚Ėą ‚ĖĎ‚Ėí‚Ėą‚ĖĎ‚Ėą‚Ėą‚Ėą  ‚Ėą‚Ėą‚Ėą‚Ėą‚Ėą‚Ėą‚Ėą              
 ‚Ėą‚Ėą‚ĖÄ    ‚ĖĄ ‚Ėď  ‚ĖĎ   ‚Ėą‚Ėą‚Ėą  ‚Ėą‚Ėą‚Ėą‚Ėą‚ĖĎ   ‚Ėą‚Ėą‚Ėą‚Ėą  ‚Ėí‚Ėą‚Ėą‚Ėą‚Ėą‚Ėą‚Ėą‚Ėą‚Ėą‚Ėą ‚Ėą‚ĖĎ‚Ėą‚Ėą‚ĖĎ‚Ėą   ‚Ėď‚Ėą‚Ėą‚Ėą‚Ėą‚Ėą‚Ėą‚Ėą‚Ėą             
‚Ėą‚Ėą‚ĖÄ   ‚ĖĄ‚Ėą          ‚Ėą‚Ėą‚Ėą‚Ėą‚ĖĎ‚Ėí ‚Ėą‚Ėą‚Ėď‚Ėí ‚Ėď‚Ėď‚Ėą‚Ėą‚Ėí  ‚ĖĎ ‚Ėą‚Ėí‚Ėí‚Ėą‚Ėą‚Ėď‚Ėí ‚Ėą ‚Ėą‚ĖĎ    ‚Ėą‚Ėą‚Ėą‚Ėą ‚Ėí‚Ėą‚Ėą‚Ėą‚Ėą‚Ėą‚Ėą‚ĖĄ‚ĖĄ         
‚Ėą‚Ėď   ‚ĖĄ‚Ėą   ‚ĖĎ        ‚ĖÄ‚Ėą‚Ėą‚Ėą‚Ėď  ‚Ėď‚Ėą‚Ėí‚Ėď‚Ėą‚Ėą‚Ėí‚Ėą‚ĖĎ ‚Ėí‚Ėí ‚Ėą‚ĖĎ‚Ėą‚Ėą‚ĖĎ ‚Ėą ‚ĖĎ‚Ėą     ‚Ėą‚Ėą‚Ėą‚Ėą    ‚Ėą‚Ėą‚Ėą‚Ėą‚Ėą‚Ėą‚Ėą‚Ėą‚Ėą‚ĖĄ‚ĖĄ     
‚Ėą‚Ėą‚Ėď  ‚ĖÄ‚Ėą‚Ėą‚Ėď ‚ĖĎ‚ĖĎ‚ĖĎ‚ĖĎ       ‚Ėą‚Ėą‚Ėą‚Ėą‚ĖĎ ‚ĖĎ ‚Ėą ‚Ėą ‚Ėą ‚Ėą‚Ėą‚Ėą‚Ėď‚Ėą‚Ėą‚Ėą‚Ėą‚Ėď‚Ėą‚Ėą‚Ėď     ‚ĖĎ‚Ėą‚Ėą‚Ėą‚Ėą      ‚Ėď‚Ėí‚Ėą‚Ėą‚Ėą‚Ėą‚Ėą‚Ėą‚Ėą‚Ėą‚Ėą‚Ėą‚ĖĄ  
 ‚Ėą‚Ėą‚ĖĄ  ‚ĖÄ‚Ėą‚Ėą‚Ėą‚ĖĄ   ‚ĖĎ       ‚ĖÄ‚Ėą‚Ėą‚Ėą‚Ėą‚Ėą‚Ėą‚Ėď‚ĖĄ     ‚Ėď‚Ėą‚Ėą‚Ėą‚Ėą‚ĖÄ       ‚ĖĄ‚ĖĄ‚Ėą‚Ėą‚Ėą‚Ėą‚ĖĎ           ‚ĖÄ‚Ėí‚Ėą‚Ėą‚Ėą‚Ėą‚Ėą‚Ėą‚Ėą‚Ėą 
  ‚Ėą‚Ėą‚Ėą  ‚Ėď‚Ėą‚ĖÄ‚Ėą‚Ėą‚Ėí   ‚ĖĎ        ‚Ėą‚Ėą‚Ėą‚Ėą‚Ėą‚Ėą‚Ėą‚Ėą‚Ėą‚ĖĎ   ‚Ėą‚Ėą‚Ėą‚Ėą‚Ėą‚Ėą‚Ėą‚Ėą‚Ėą‚Ėą‚Ėą‚Ėą‚Ėą‚Ėą‚Ėą                  ‚ĖĎ‚Ėď‚Ėą‚Ėą‚Ėą‚Ėą‚Ėą
   ‚ĖÄ‚ĖÄ‚Ėą  ‚Ėď‚Ėą‚Ėď‚ĖÄ‚Ėą‚Ėą            ‚ĖÄ‚ĖÄ‚Ėą‚Ėą‚Ėą‚Ėą‚Ėą‚Ėą‚Ėą‚Ėą‚ĖĄ   ‚ĖĎ‚Ėí‚Ėą‚Ėą‚Ėą‚Ėą‚Ėą‚Ėą‚Ėą‚Ėí‚Ėď                       ‚ĖÄ‚Ėą‚Ėą‚Ėą
     ‚ĖÄ‚Ėą  ‚Ėź‚Ėą‚Ėď‚Ėą‚Ėą‚Ėą         ‚ĖĎ    ‚ĖÄ‚Ėą‚Ėą‚Ėą‚Ėą‚Ėą‚Ėą‚Ėą‚Ėą‚Ėą‚Ėą  ‚ĖĎ‚Ėí‚ĖĎ‚ĖĎ‚Ėí‚Ėą‚Ėą‚Ėą‚ĖĎ                         ‚ĖĎ‚Ėď
          ‚Ėą‚ĖĆ‚Ėď‚Ėą‚ĖĄ‚Ėą      ‚Ėď        ‚Ėą‚Ėą‚Ėą‚Ėą‚Ėą‚Ėą‚Ėą‚Ėą ‚Ėď‚Ėą‚ĖĎ‚Ėí‚Ėď‚Ėą‚Ėą‚Ėą‚Ėí                           ‚ĖĎ‚Ėí
    ‚Ėą‚Ėą‚Ėď ‚ĖĄ‚Ėą‚Ėą‚Ėą‚Ėď‚Ėď‚Ėą‚Ėą‚Ėą      ‚ĖÄ‚ĖÄ‚ĖÄ‚ĖÄ‚ĖĄ     ‚ĖÄ‚Ėą‚Ėą‚Ėą‚Ėą‚Ėą‚ĖĄ ‚Ėí‚Ėą‚Ėą  ‚Ėď‚Ėą‚Ėą‚Ėą‚Ėą‚Ėą‚Ėí                        ‚Ėí
   ‚Ėą‚Ėą‚Ėą‚Ėą‚Ėą‚Ėą‚Ėą‚Ėą‚Ėď‚Ėď‚Ėď‚Ėď‚Ėą‚Ėą‚ĖĆ  ‚Ėď‚ĖĄ‚Ėą‚Ėą‚Ėą‚Ėą‚ĖĄ‚ĖĄ        ‚ĖÄ‚Ėą‚Ėą‚Ėą‚Ėą  ‚Ėą‚Ėą‚Ėą  ‚Ėą‚Ėą‚Ėą‚Ėą‚Ėą‚ĖĄ                       ‚Ėí
  ‚Ėą‚Ėą‚Ėą‚Ėą‚Ėą‚Ėą‚Ėą‚Ėą‚Ėą‚Ėą‚Ėą‚ĖĄ‚Ėď‚Ėą‚Ėą‚ĖĆ ‚Ėą‚Ėą‚ĖÄ‚Ėą‚Ėď‚Ėď‚Ėą‚Ėą‚Ėą‚Ėą   ‚ĖĆ   ‚ĖĄ  ‚Ėą‚Ėą‚Ėą  ‚ĖĎ‚Ėą‚Ėą‚ĖĎ    ‚ĖĎ‚Ėí‚ĖĎ  ‚ĖĎ‚Ėą‚ĖĎ‚ĖĄ                ‚Ėí
  ‚Ėą‚Ėą‚Ėą‚Ėą ‚ĖÄ‚ĖÄ‚Ėą‚Ėą‚Ėą‚Ėą‚Ėą‚Ėď‚Ėą‚Ėą‚ĖĄ‚Ėą‚Ėą‚ĖÄ‚Ėą‚Ėď‚Ėď‚ĖÄ ‚ĖĎ‚ĖĎ‚Ėą‚Ėą ‚Ėą   ‚Ėą    ‚Ėą‚Ėą‚Ėą‚Ėą  ‚Ėą‚Ėą‚Ėą‚Ėą‚ĖĎ        ‚Ėí‚Ėą‚Ėą‚ĖĄ   ‚ĖĎ           
 ‚Ėą‚Ėą‚Ėą‚Ėą ‚Ėź‚Ėą‚ĖĄ  ‚ĖÄ‚Ėą‚Ėą‚Ėą‚Ėą‚Ėą‚Ėą‚Ėą‚ĖĄ‚ĖÄ‚Ėą‚Ėą‚Ėď‚ĖĆ    ‚ĖÄ‚Ėą   ‚Ėź‚Ėą‚ĖĄ‚ĖĎ   ‚ĖÄ‚Ėą‚Ėą‚Ėą‚ĖĄ  ‚ĖÄ‚Ėą‚Ėą‚Ėą‚Ėą‚Ėą‚Ėď‚ĖĎ     ‚ĖÄ‚Ėą‚Ėą   ‚Ėą‚Ėą‚ĖĄ       ‚Ėą
 ‚Ėą‚Ėą‚Ėą‚Ėą ‚Ėą‚Ėą‚Ėą‚Ėą‚Ėą‚ĖĄ‚ĖĄ ‚ĖÄ‚ĖÄ‚ĖÄ‚Ėą‚Ėą‚Ėą‚Ėą‚ĖĄ‚Ėą‚Ėą‚ĖĄ‚ĖĄ‚Ėą‚Ėď  ‚Ėí    ‚Ėą‚Ėą‚Ėą‚Ėą    ‚ĖĎ‚Ėą‚Ėą‚Ėą‚Ėą  ‚Ėą‚Ėď‚ĖĄ               ‚ĖĎ‚Ėą‚Ėą‚Ėą‚Ėď‚ĖĄ  ‚Ėą‚Ėą
‚Ėą‚Ėą‚Ėą‚Ėą ‚Ėź‚Ėą‚Ėą‚Ėą‚Ėą‚Ėą‚Ėą‚Ėą‚Ėą‚Ėą‚ĖĄ  ‚Ėź‚Ėą‚Ėą‚Ėą‚Ėą‚Ėą‚Ėą‚Ėą‚Ėą‚Ėą‚ĖÄ       ‚ĖÄ‚Ėą‚Ėą‚Ėą     ‚ĖÄ‚Ėą‚Ėą‚Ėą‚Ėí ‚Ėą‚Ėą‚Ėą‚Ėą‚Ėą‚Ėą‚Ėą‚Ėą‚ĖĎ           ‚Ėí‚Ėą‚Ėą‚Ėď‚ĖĎ‚Ėą 
‚Ėą‚Ėą‚Ėą  ‚Ėą‚Ėą‚Ėą‚Ėą‚Ėą‚Ėą‚Ėą‚Ėą‚Ėą‚Ėą‚Ėą‚Ėą ‚Ėź‚Ėą‚ĖÄ ‚Ėą‚Ėą‚Ėą‚Ėą‚Ėą‚Ėą‚Ėą‚Ėą‚Ėą‚ĖĄ‚ĖĄ    ‚ĖĎ‚ĖĄ‚Ėą‚Ėą      ‚ĖÄ‚Ėą‚Ėą‚Ėą    ‚Ėą‚Ėą‚Ėí  ‚Ėą‚Ėą‚Ėí       ‚Ėą‚Ėą‚Ėí‚ĖĎ ‚Ėí‚Ėą‚Ėą
‚Ėą‚Ėą  ‚Ėą‚Ėą‚Ėą‚Ėą‚Ėą‚ĖÄ‚Ėą‚Ėą‚Ėą‚Ėą‚Ėą‚Ėą  ‚Ėą‚Ėą    ‚ĖÄ‚ĖÄ‚Ėą‚Ėą‚Ėą‚Ėą‚Ėą‚Ėą‚Ėą‚Ėą‚Ėą‚ĖĄ‚Ėí‚Ėą‚Ėą‚ĖĎ‚Ėą‚Ėą       ‚ĖÄ‚Ėą‚Ėą‚Ėí    ‚Ėą‚Ėą    ‚Ėď     ‚ĖĄ‚Ėď‚Ėą‚Ėą‚Ėą‚Ėą‚Ėą  
‚Ėą‚Ėą ‚Ėą‚Ėą‚Ėą‚Ėą‚Ėą   ‚ĖÄ‚Ėą‚Ėą‚Ėą‚Ėą ‚Ėą‚Ėą‚ĖĆ ‚Ėą‚Ėą‚ĖĄ‚ĖĄ‚ĖĄ  ‚Ėą‚Ėą‚Ėą‚Ėą‚Ėą‚Ėą‚Ėą‚Ėą‚Ėą‚Ėą‚Ėą‚ĖĄ‚ĖĎ‚Ėą‚Ėą‚ĖĎ       ‚ĖÄ‚Ėą‚Ėą‚ĖĄ   ‚Ėą‚Ėą‚Ėď       ‚Ėź‚Ėą‚Ėą‚Ėą‚Ėą‚Ėą‚Ėą‚Ėą‚Ėą 
‚Ėą ‚Ėź‚Ėą‚Ėą‚Ėą‚Ėą‚Ėą‚Ėą‚ĖĄ   ‚Ėą‚Ėą  ‚Ėą‚Ėą ‚Ėą‚Ėą‚Ėą‚Ėą‚Ėą‚Ėą‚Ėą   ‚Ėą‚Ėą‚Ėą‚ĖÄ‚Ėą‚Ėą‚Ėą‚Ėą‚Ėą‚Ėą‚Ėą‚Ėą‚Ėą‚ĖĄ‚ĖĄ‚Ėí    ‚Ėď  ‚Ėą‚Ėą‚Ėą    ‚Ėí‚Ėą      ‚Ėą‚Ėą‚Ėą‚Ėą‚Ėą‚Ėą‚Ėą‚Ėą‚Ėą‚Ėą
  ‚Ėą‚Ėą‚Ėą‚Ėą‚Ėą‚Ėą‚Ėą‚Ėą‚Ėą  ‚Ėą  ‚Ėą‚Ėą ‚Ėź‚Ėą‚Ėą‚Ėą‚Ėą‚Ėą‚Ėą‚Ėą‚Ėą  ‚Ėą‚Ėą    ‚ĖÄ‚ĖÄ‚ĖÄ‚Ėą‚Ėą‚Ėą‚Ėą‚Ėą‚Ėą‚Ėą‚Ėą‚Ėą‚ĖĄ‚Ėď    ‚Ėą‚Ėą‚Ėą‚Ėą   ‚Ėď‚Ėą   ‚ĖĎ‚Ėą‚Ėą‚Ėą‚Ėą‚Ėą‚Ėą‚Ėą‚Ėą‚Ėą‚Ėą 
‚ĖĄ  ‚Ėą‚Ėą‚Ėą‚Ėą‚Ėą‚Ėą‚Ėą‚Ėą‚Ėą   ‚Ėą‚Ėą‚ĖĆ ‚Ėą‚Ėą‚Ėą‚Ėą  ‚Ėą‚Ėą‚Ėą ‚Ėź‚Ėą‚ĖĆ   ‚Ėą‚Ėą‚ĖĄ  ‚ĖÄ‚Ėą‚Ėą‚Ėą‚Ėą‚Ėą‚Ėą‚Ėą‚Ėą‚Ėą‚Ėą‚Ėą‚ĖĄ  ‚ĖÄ‚Ėď‚Ėą‚Ėą‚Ėą  ‚Ėí‚Ėą ‚Ėď‚Ėą‚Ėą‚ĖĎ ‚ĖÄ‚ĖÄ‚Ėą‚Ėą‚Ėą‚Ėą‚Ėą‚ĖĎ
‚Ėą‚Ėą   ‚Ėą‚Ėą‚Ėą‚Ėą‚Ėą‚Ėą‚Ėą‚Ėą  ‚Ėą‚Ėą ‚Ėą‚Ėą‚Ėą‚Ėą‚Ėą ‚Ėą‚Ėą‚Ėą‚Ėą ‚Ėą‚Ėą   ‚Ėą‚Ėą‚Ėą‚Ėą‚Ėą   ‚Ėą‚Ėą‚Ėą‚Ėą‚Ėą‚Ėą‚Ėą‚Ėą‚Ėą‚Ėą‚Ėą‚Ėą‚Ėą‚ĖĄ‚ĖĄ  ‚ĖÄ‚Ėą‚Ėą‚Ėą‚Ėď‚Ėą‚Ėą‚ĖÄ‚Ėď‚Ėą‚Ėą‚ĖĄ  ‚Ėí‚Ėą‚Ėą‚ĖĄ 
‚Ėą‚Ėą‚Ėą   ‚Ėą‚Ėą‚Ėą‚Ėą‚Ėą‚Ėą‚Ėą ‚Ėą‚Ėą‚ĖĆ‚Ėź‚Ėą‚Ėą‚Ėą‚Ėą  ‚Ėą‚Ėą‚ĖÄ  ‚Ėą‚ĖĆ  ‚Ėą‚Ėą‚Ėą‚Ėą‚Ėą‚Ėą‚Ėą  ‚Ėą‚ĖÄ‚ĖÄ   ‚ĖÄ‚ĖÄ‚ĖÄ‚Ėą‚Ėą‚Ėą‚Ėą‚Ėą‚Ėą‚Ėą‚Ėą‚ĖĄ     ‚Ėą  ‚Ėą‚Ėą‚Ėą‚Ėą   ‚Ėí‚Ėą‚Ėą
‚Ėą‚Ėą‚Ėą‚Ėą‚Ėą  ‚Ėą‚Ėą‚Ėą‚Ėą‚Ėą  ‚Ėą‚Ėą ‚Ėą‚Ėą‚Ėą‚Ėą‚Ėą ‚Ėą‚Ėą‚ĖÄ  ‚Ėą‚Ėą  ‚Ėą‚Ėą‚Ėą‚ĖÄ‚Ėą‚Ėą‚Ėą‚Ėą  ‚Ėą ‚Ėą‚Ėą‚Ėą‚Ėą‚Ėą‚Ėą‚ĖĄ ‚ĖÄ‚ĖÄ‚Ėą‚Ėą‚Ėą‚Ėą‚Ėą‚Ėą‚Ėą‚Ėą‚ĖĄ‚ĖĄ    ‚ĖĎ‚Ėí  ‚Ėí‚Ėą    
‚Ėą‚Ėą‚Ėą‚Ėą‚Ėą‚Ėą‚Ėź‚Ėą‚Ėą‚Ėą‚Ėą  ‚Ėą‚Ėą  ‚Ėą‚Ėą‚Ėą‚Ėą  ‚Ėą‚Ėą ‚Ėź‚Ėą‚Ėą  ‚Ėą‚Ėą‚Ėą‚Ėą  ‚Ėą‚Ėą‚Ėą ‚Ėą‚Ėą ‚Ėą‚Ėą‚Ėą‚Ėą‚Ėą‚Ėą‚Ėą‚Ėą  ‚ĖÄ‚Ėą‚Ėą‚Ėą‚Ėą‚Ėą‚Ėą‚Ėą‚Ėą‚ĖĎ‚Ėą‚Ėą‚ĖĄ       ‚Ėą‚Ėą  
‚Ėą‚Ėą‚Ėą‚Ėą‚Ėą‚Ėą‚Ėą‚Ėą‚Ėą‚Ėą  ‚Ėą‚Ėą‚ĖĆ ‚Ėą‚Ėą‚Ėą‚Ėą      ‚Ėą‚Ėą‚Ėą ‚Ėą‚Ėą‚Ėą‚Ėą  ‚Ėź‚Ėą‚Ėą  ‚Ėą ‚Ėź‚Ėą‚Ėą‚Ėą‚Ėą‚ĖÄ‚Ėą‚Ėą‚Ėą‚Ėą  ‚Ėą‚ĖÄ  ‚ĖÄ‚Ėą‚Ėą‚Ėą‚Ėą‚Ėí‚Ėą‚Ėą‚Ėą‚Ėą‚Ėą‚ĖĄ‚ĖĄ‚ĖĄ‚Ėą‚Ėą ‚Ėą 
‚Ėą‚Ėą‚Ėą‚Ėą‚Ėą‚Ėą‚Ėą‚Ėą‚Ėą‚ĖĆ ‚Ėą‚Ėą‚ĖĆ ‚Ėą‚Ėą‚Ėą‚Ėą   ‚Ėą  ‚Ėą‚Ėą‚Ėą  ‚Ėą‚Ėą‚Ėą   ‚Ėź‚Ėą‚ĖĆ ‚Ėą‚Ėą ‚Ėą‚Ėą‚Ėą‚Ėą‚ĖĆ  ‚Ėą‚Ėą‚Ėą  ‚Ėą ‚Ėą‚ĖĄ   ‚ĖÄ‚Ėą‚Ėą‚Ėą‚Ėą‚Ėą‚Ėą‚Ėą‚Ėą‚Ėą‚Ėą‚Ėą‚ĖĄ‚ĖĄ ‚Ėą
 ‚Ėą‚Ėą‚Ėą‚Ėą‚Ėą‚Ėą‚Ėą‚Ėą ‚Ėą‚Ėą‚Ėą ‚Ėą‚Ėą‚Ėą‚Ėą‚Ėą  ‚Ėą‚Ėą ‚Ėą‚Ėą‚Ėą‚ĖÄ ‚Ėą‚Ėą‚Ėą‚ĖĄ   ‚Ėą‚Ėą  ‚Ėą‚Ėą ‚Ėą‚Ėą‚Ėą‚Ėą  ‚Ėź‚Ėą‚Ėą‚Ėą ‚Ėź‚Ėą ‚Ėą‚Ėą‚Ėą‚Ėą‚ĖĄ‚ĖĄ  ‚ĖÄ‚Ėą‚Ėą‚Ėą‚Ėą‚Ėą‚Ėą‚Ėą‚Ėą‚Ėą‚Ėą‚Ėą 
‚ĖĄ‚ĖĄ   ‚Ėą‚Ėą‚Ėą  ‚Ėą‚Ėą ‚Ėź‚Ėą‚Ėą‚Ėą‚Ėą  ‚Ėą‚Ėą  ‚Ėą‚Ėą‚ĖÄ ‚Ėą‚Ėą‚Ėą‚Ėą‚Ėą‚Ėą‚Ėą‚ĖĄ‚Ėą‚ĖĆ ‚Ėą‚Ėą ‚Ėź‚Ėą‚Ėą‚Ėą   ‚Ėą‚Ėą‚Ėą‚Ėą ‚Ėź‚Ėą ‚Ėą‚Ėą‚Ėą‚Ėą‚Ėą‚Ėą‚Ėą‚ĖĄ  ‚Ėą ‚ĖÄ‚Ėą‚Ėą‚Ėą‚Ėą‚Ėą‚Ėą‚Ėą‚Ėą
‚Ėą‚Ėą‚Ėą‚Ėą  ‚ĖĄ‚ĖĄ‚ĖĄ‚Ėą‚Ėą  ‚Ėą‚Ėą‚Ėą‚Ėą‚Ėą‚Ėą‚Ėą‚Ėą‚Ėą ‚Ėą‚Ėą‚ĖÄ ‚Ėą‚Ėą‚Ėą‚Ėą‚Ėą‚Ėą‚Ėą‚Ėą‚Ėą‚Ėą‚ĖĆ‚Ėź‚Ėą‚Ėą ‚Ėą‚Ėą‚Ėą‚Ėą‚Ėą ‚Ėą‚Ėą‚Ėą‚ĖÄ  ‚Ėą‚ĖĆ ‚Ėą‚Ėą‚Ėą‚Ėą‚Ėą‚Ėą‚Ėą‚Ėą‚ĖĆ ‚Ėą ‚ĖĄ‚ĖĄ‚ĖĄ  ‚ĖÄ‚Ėą‚Ėą‚Ėą
‚Ėą‚Ėą‚Ėą‚Ėą‚Ėą‚Ėą‚Ėą‚Ėą‚Ėą‚Ėą  ‚Ėą‚Ėą‚Ėą‚Ėą‚Ėą‚Ėą‚Ėą‚Ėą‚Ėą  ‚Ėą‚ĖÄ ‚Ėą‚Ėą‚Ėą‚Ėą‚Ėą ‚Ėą‚Ėą‚Ėą‚Ėą‚Ėą ‚Ėą‚Ėą  ‚Ėą‚Ėą‚Ėą‚Ėą‚Ėą‚Ėą‚Ėą‚ĖĄ   ‚Ėź‚Ėą‚ĖĆ‚Ėź‚Ėą‚Ėą‚Ėą‚Ėą‚Ėą‚Ėą‚Ėą‚Ėą‚Ėą ‚Ėą ‚Ėą‚Ėą‚Ėą‚Ėą‚Ėą‚ĖĄ ‚ĖÄ‚Ėą
‚Ėď‚Ėą‚Ėą‚Ėą‚Ėą‚Ėą‚Ėą‚Ėą‚Ėą‚Ėą‚Ėą‚ĖĄ‚ĖĄ ‚ĖÄ‚ĖÄ‚ĖÄ‚Ėą‚Ėą‚Ėą  ‚Ėą‚ĖÄ ‚Ėą‚Ėą‚Ėą‚Ėą‚Ėą  ‚Ėź‚Ėą‚Ėą‚Ėą  ‚Ėą‚Ėą ‚Ėą‚Ėą‚Ėą‚Ėą‚Ėą‚Ėą‚Ėą‚Ėą‚Ėą‚ĖĆ  ‚Ėź‚Ėą ‚Ėź‚Ėą‚Ėą‚Ėą‚ĖÄ‚Ėą‚Ėą‚Ėą‚Ėą‚ĖĆ ‚Ėą ‚Ėą‚Ėą‚Ėą‚Ėą‚Ėą‚Ėą‚Ėą ‚Ėą
‚Ėď‚Ėą‚Ėą‚Ėą‚Ėą‚Ėą‚Ėą‚Ėď‚Ėą‚Ėą‚Ėą‚Ėą‚Ėą‚Ėą‚Ėą‚Ėą  ‚ĖÄ  ‚Ėą‚Ėą ‚Ėą‚Ėą‚Ėą‚Ėą‚Ėą   ‚Ėą‚Ėą‚Ėą‚ĖĆ ‚Ėą‚Ėą  ‚Ėą‚Ėą‚Ėą‚Ėą‚Ėą‚Ėą‚Ėą‚Ėą‚Ėą‚ĖĆ  ‚Ėą‚Ėą ‚Ėą‚Ėą‚Ėą‚Ėą  ‚ĖÄ‚Ėą‚Ėą ‚Ėą‚Ėą ‚Ėą‚Ėą‚Ėą‚Ėą‚Ėą‚Ėą‚Ėą‚ĖĆ‚Ėą
 ‚Ėą‚Ėą‚Ėď‚ĖÄ‚Ėą‚Ėą‚ĖÄ‚Ėą‚Ėą‚Ėą‚Ėą‚Ėą‚Ėą‚Ėą‚Ėą‚Ėą‚Ėą‚Ėą ‚Ėą‚Ėą‚ĖĆ‚Ėź‚Ėą‚Ėą‚Ėą‚Ėą   ‚Ėą‚Ėą‚Ėą‚Ėą‚ĖĆ‚Ėą‚Ėą  ‚Ėą‚Ėą‚Ėą‚Ėą‚Ėą ‚Ėź‚Ėą‚Ėą‚Ėą‚Ėą  ‚Ėą‚ĖĆ ‚Ėą‚Ėą‚Ėą‚Ėą‚Ėą  ‚ĖÄ‚ĖÄ ‚Ėą‚Ėą‚Ėź‚Ėą‚Ėą‚Ėą ‚Ėą‚Ėą‚Ėą‚ĖĆ‚Ėą
 ‚Ėź‚Ėą‚ĖĆ ‚Ėą ‚Ėź‚Ėą‚Ėą‚Ėą‚Ėď‚Ėą‚Ėą‚Ėą‚Ėą‚Ėą‚Ėą‚Ėą‚Ėą‚Ėą‚Ėą‚ĖĄ  ‚ĖÄ‚Ėą   ‚Ėą‚Ėą‚Ėą‚Ėą‚Ėą ‚Ėą‚Ėą ‚Ėą‚Ėą‚Ėą‚Ėą‚Ėą   ‚Ėą‚Ėą‚Ėą‚Ėą‚ĖĆ‚Ėź‚Ėą‚ĖĆ‚Ėź‚Ėą‚Ėą‚Ėą‚Ėą‚Ėą‚Ėą‚Ėą  ‚Ėź‚Ėą ‚Ėź‚Ėą‚Ėą‚Ėą  ‚Ėą‚Ėą‚ĖĆ‚Ėą
 ‚Ėą‚Ėą‚ĖĆ‚Ėą‚ĖĆ ‚Ėź‚Ėą‚Ėą‚Ėď‚Ėą‚ĖÄ ‚Ėą‚Ėą‚Ėą‚ĖÄ‚Ėą‚Ėą‚Ėą‚Ėą‚Ėą‚Ėą‚Ėą‚ĖĄ‚ĖĄ    ‚Ėą‚Ėą‚Ėą‚Ėą ‚Ėą ‚Ėź‚Ėą‚Ėą‚Ėą‚Ėą   ‚Ėą‚Ėą‚Ėą‚Ėą‚Ėą‚ĖĆ‚Ėą‚Ėą ‚Ėą‚Ėą‚Ėą‚Ėą‚Ėą‚Ėą‚Ėą‚Ėą‚Ėą ‚Ėź‚Ėą ‚Ėą‚Ėą‚Ėą‚Ėą  ‚Ėą‚Ėą‚ĖĆ‚Ėą
 ‚Ėą‚Ėą ‚Ėą‚ĖĆ ‚Ėą‚Ėą‚Ėď‚Ėą‚ĖĆ‚Ėą‚Ėą‚Ėą‚Ėą    ‚ĖÄ‚Ėą‚Ėą‚Ėą‚Ėą‚Ėą‚Ėą‚Ėą‚Ėą‚Ėą‚ĖĄ‚ĖĄ ‚ĖÄ ‚ĖĄ‚Ėą ‚Ėą‚Ėą‚Ėą‚Ėą‚Ėą  ‚Ėą‚Ėą‚Ėą‚Ėą‚Ėą‚ĖĆ ‚Ėą‚Ėą ‚Ėą‚Ėą‚Ėą‚ĖÄ  ‚Ėą‚Ėą  ‚Ėź‚Ėą ‚Ėą‚Ėą‚Ėą‚ĖĆ  ‚Ėź‚Ėą‚ĖĆ‚Ėą
 ‚Ėą‚Ėą ‚Ėą  ‚Ėą‚Ėą‚Ėď‚Ėą ‚Ėą‚Ėą‚ĖĄ        ‚ĖÄ‚ĖÄ‚Ėą‚Ėą‚Ėą‚Ėą‚Ėą‚Ėą‚Ėą‚Ėą‚Ėą‚Ėą‚Ėą ‚Ėź‚Ėą‚Ėą‚Ėą‚Ėą  ‚Ėź‚Ėą‚Ėą‚Ėą‚Ėą‚Ėą  ‚Ėą ‚Ėź‚Ėą‚Ėą‚Ėą‚Ėą      ‚Ėą‚Ėą ‚Ėą‚Ėą‚Ėą    ‚Ėą‚ĖĆ‚Ėą
 ‚Ėą‚Ėą ‚Ėą   ‚Ėą‚Ėą‚Ėď‚Ėď‚Ėď‚ĖÄ‚ĖÄ‚Ėą‚Ėą‚Ėą‚ĖĄ        ‚ĖÄ‚Ėą‚Ėą‚Ėą‚Ėą‚Ėą‚Ėą‚Ėą‚Ėą‚Ėą‚ĖĄ‚ĖĄ      ‚Ėą‚Ėą‚Ėą‚Ėą‚Ėą ‚Ėą‚Ėą ‚Ėą‚Ėą‚Ėą‚Ėą‚Ėą‚Ėą‚ĖĄ ‚Ėą ‚Ėą‚Ėą ‚Ėź‚Ėą‚Ėą‚Ėą   ‚Ėą‚Ėą‚ĖĆ‚Ėą
  ‚Ėą‚Ėą‚Ėď‚Ėą   ‚Ėą‚Ėą‚Ėą‚Ėď‚Ėď‚Ėď‚Ėď‚Ėď‚Ėď‚Ėą‚Ėą‚Ėą‚ĖĄ‚Ėí  ‚Ėą‚ĖĄ  ‚ĖĄ‚Ėą‚Ėą‚Ėą‚Ėą‚Ėą‚Ėą‚Ėą‚Ėą‚Ėą‚Ėą‚Ėą‚ĖĄ‚ĖĄ‚ĖĄ    ‚ĖÄ‚ĖÄ‚Ėź‚Ėą  ‚Ėą‚Ėą‚Ėą‚Ėą‚Ėą‚Ėą‚Ėą‚Ėą‚Ėą ‚Ėą  ‚Ėą‚Ėą‚Ėą‚ĖĆ  ‚Ėź‚Ėą‚Ėą‚ĖĆ‚Ėą
   ‚Ėą‚Ėą‚Ėą‚Ėą  ‚ĖĎ‚ĖÄ‚Ėą‚Ėą‚Ėą‚Ėą‚Ėą‚Ėą‚Ėą‚Ėď ‚Ėą‚Ėą‚Ėą‚Ėą  ‚ĖÄ‚Ėą‚Ėą‚Ėą‚ĖĎ‚Ėď‚Ėď‚ĖÄ ‚ĖÄ‚Ėą‚Ėą‚Ėą‚Ėą‚Ėą‚Ėą‚Ėą‚Ėą‚Ėą‚Ėą‚Ėą‚ĖĄ‚ĖĄ‚ĖĄ‚Ėą  ‚Ėą‚Ėą‚Ėą‚Ėą‚Ėą‚Ėą‚Ėą‚Ėą‚Ėą‚Ėą ‚Ėą ‚Ėą‚Ėą‚Ėą‚Ėą‚ĖĆ  ‚Ėą‚Ėą‚Ėą ‚Ėą
    ‚ĖÄ‚ĖÄ‚Ėą‚Ėą‚ĖĄ‚ĖĎ‚ĖĄ‚ĖĄ  ‚ĖÄ‚ĖÄ‚ĖÄ‚ĖÄ‚Ėą‚Ėď‚Ėą‚Ėą‚Ėą     ‚ĖÄ‚ĖÄ‚ĖÄ‚ĖÄ     ‚ĖÄ‚Ėą‚Ėą‚Ėą‚Ėą‚Ėą‚Ėą‚Ėą‚Ėą‚Ėą‚Ėą‚Ėą‚Ėą‚Ėą‚Ėą ‚ĖÄ‚ĖÄ‚ĖÄ‚Ėą‚Ėą‚Ėą‚Ėą‚Ėą‚Ėą‚Ėą ‚Ėą ‚Ėą‚Ėą‚Ėą‚Ėą  ‚Ėź‚Ėą‚Ėą‚Ėą ‚Ėą
  ‚ĖĎ    ‚ĖÄ‚ĖÄ‚Ėą‚ĖÄ     ‚ĖĄ‚Ėą‚Ėą‚Ėą‚Ėą    ‚ĖĄ‚Ėď‚Ėď‚ĖĄ         ‚Ėď‚Ėą‚Ėą‚Ėą‚Ėą‚Ėą‚Ėą‚Ėą‚ĖÄ‚Ėą‚Ėą‚Ėą‚Ėą‚Ėą‚Ėą‚Ėą‚Ėą   ‚ĖÄ‚ĖÄ‚ĖÄ  ‚Ėź‚Ėą‚Ėź‚Ėą‚Ėą‚Ėą‚ĖÄ ‚Ėą‚Ėą‚Ėą‚Ėą ‚Ėź‚Ėą
  ‚ĖĎ  ‚ĖĄ‚Ėą‚ĖÄ‚ĖĄ   ‚ĖĄ‚ĖĄ‚Ėą‚Ėą‚Ėą‚Ėą‚Ėą‚ĖÄ  ‚ĖĄ‚ĖĄ‚Ėą‚Ėą    ‚ĖĎ     ‚ĖĄ‚Ėą‚Ėą‚Ėą‚Ėą‚Ėď‚Ėí‚ĖĎ‚Ėą‚Ėą‚Ėą‚ĖĄ‚Ėď‚Ėą‚Ėą‚Ėą‚Ėď‚Ėą‚Ėą‚Ėą‚Ėą‚Ėą‚ĖĄ‚ĖĄ‚ĖĄ‚ĖĄ ‚Ėą ‚Ėź‚Ėą‚Ėą‚Ėą‚Ėą‚Ėą‚Ėą‚Ėą‚Ėą ‚Ėź‚Ėą‚Ėą
  ‚ĖĎ‚ĖĄ‚Ėą‚Ėą    ‚Ėą‚Ėą‚Ėą‚Ėď‚ĖÄ‚ĖÄ‚ĖÄ   ‚ĖĄ‚Ėą‚Ėą‚Ėą‚ĖĎ     ‚ĖĎ ‚ĖĄ‚ĖĄ‚Ėą‚Ėą‚Ėą‚Ėą‚Ėą‚ĖĎ‚ĖĎ‚Ėą‚ĖĄ‚ĖĄ‚ĖĄ‚Ėď‚Ėď‚Ėą‚Ėą‚Ėą‚Ėą‚ĖÄ ‚ĖÄ‚Ėą‚Ėą‚Ėą‚Ėą‚Ėą‚Ėą‚Ėą‚Ėą‚Ėą‚Ėą ‚ĖÄ‚ĖÄ‚Ėą‚Ėą‚Ėą‚Ėą‚Ėą‚Ėą‚Ėą ‚Ėą‚Ėą‚Ėą
  ‚Ėą‚Ėą‚ĖÄ    ‚Ėą‚Ėą‚ĖÄ       ‚Ėą‚Ėą‚ĖÄ‚ĖÄ   ‚ĖĄ‚ĖĄ ‚ĖĄ‚Ėą‚Ėą‚ĖÄ ‚ĖĄ‚ĖĄ‚ĖĄ‚Ėą‚Ėą‚ĖÄ‚ĖÄ‚ĖÄ‚ĖÄ‚Ėą‚ĖĄ‚Ėą‚Ėą‚ĖÄ‚ĖÄ       ‚ĖÄ‚ĖÄ‚Ėą‚Ėą‚Ėą‚Ėą‚Ėą‚Ėą‚Ėą‚Ėą‚ĖĄ  ‚ĖÄ‚ĖÄ‚ĖÄ  ‚ĖĄ‚Ėą‚Ėą 
 ‚Ėą‚Ėą‚Ėą‚Ėą     ‚ĖÄ‚ĖÄ‚Ėą‚ĖĄ ‚ĖĄ  ‚Ėą‚Ėą‚ĖĆ  ‚ĖĄ‚Ėď‚ĖÄ ‚ĖĄ‚ĖĄ‚ĖĄ‚Ėą‚Ėą‚Ėą‚ĖÄ‚ĖÄ‚ĖÄ  ‚ĖĄ‚ĖĄ‚Ėą‚ĖÄ‚ĖÄ‚ĖÄ ‚ĖĄ‚ĖĄ ‚ĖĄ ‚ĖĎ          ‚ĖÄ‚ĖÄ‚Ėą‚Ėą‚Ėą‚Ėą‚Ėą‚Ėą‚Ėą‚Ėą‚Ėą‚Ėą‚Ėą‚Ėą‚Ėą‚Ėą 
  ‚Ėą‚Ėą‚Ėą‚Ėą‚ĖĄ ‚ĖĄ‚Ėą‚Ėą‚ĖĄ    ‚ĖĄ‚Ėą‚Ėą‚Ėą  ‚Ėź‚Ėź‚ĖĄ‚Ėą‚Ėą‚Ėą‚Ėď‚Ėď‚ĖÄ    ‚ĖĄ‚Ėď‚Ėď‚ĖÄ   ‚ĖĄ‚Ėą‚ĖÄ     ‚ĖĎ   ‚ĖĄ‚ĖĄ‚ĖĄ‚ĖĄ‚ĖĄ‚ĖĄ      ‚ĖÄ‚ĖÄ‚ĖÄ‚Ėą‚Ėą‚Ėą‚Ėą‚Ėą‚Ėą‚Ėą  
   ‚Ėą‚Ėą‚ĖÄ‚Ėą‚Ėą‚Ėą‚ĖĄ‚ĖĄ‚ĖÄ‚Ėą ‚Ėą‚Ėą‚Ėą‚Ėą‚Ėą‚Ėą‚Ėą  ‚Ėź‚Ėą‚Ėą‚Ėą‚Ėď‚Ėď‚ĖĆ    ‚Ėź‚Ėď‚Ėą‚ĖĆ   ‚ĖÄ‚Ėą‚ĖĄ      ‚ĖĎ‚Ėą‚Ėą‚Ėą‚Ėą‚Ėď‚Ėď‚Ėď‚Ėą‚Ėą‚Ėą‚Ėą‚Ėą‚ĖĄ‚ĖĄ      ‚ĖÄ‚ĖÄ‚ĖÄ‚ĖÄ   
    ‚Ėą‚Ėą‚ĖĄ‚ĖÄ‚Ėą‚Ėą‚Ėą‚Ėą‚Ėą‚Ėą‚ĖÄ‚ĖĄ‚Ėą‚ĖÄ‚Ėą‚Ėą‚Ėą‚Ėą  ‚ĖÄ‚Ėą‚Ėą‚Ėą‚Ėď‚Ėď     ‚ĖÄ‚ĖÄ‚Ėą‚ĖĄ    ‚Ėą‚Ėą‚ĖĄ  ‚ĖĄ‚Ėą‚Ėą‚Ėą‚Ėą‚Ėď‚ĖÄ‚ĖÄ‚Ėď‚Ėď‚Ėď‚ĖÄ‚Ėą‚Ėą‚Ėą‚Ėą‚Ėą‚Ėą‚Ėą‚ĖĄ‚ĖĄ         
   ‚Ėą‚Ėą‚Ėą‚ĖÄ‚ĖÄ‚ĖĎ‚Ėď‚Ėď‚Ėď‚Ėď‚Ėď‚Ėą‚Ėą ‚Ėą‚Ėą‚ĖĄ ‚Ėą‚Ėą‚ĖĄ  ‚ĖÄ‚ĖÄ‚Ėą‚Ėą‚Ėď‚ĖĄ   ‚ĖĄ‚ĖĄ   ‚ĖÄ   ‚ĖÄ‚Ėą‚Ėą‚Ėą‚Ėą‚ĖÄ‚ĖÄ            ‚ĖÄ‚Ėď‚Ėď‚Ėď‚Ėą‚Ėą‚Ėą‚Ėď ‚ĖÄ
  ‚Ėą‚Ėą‚Ėą ‚Ėą‚Ėą‚Ėą‚Ėą‚Ėą‚Ėą‚Ėą‚ĖÄ‚Ėą‚ĖĄ   ‚Ėą‚ĖĄ‚ĖĄ‚ĖÄ‚Ėą‚Ėą‚Ėą‚ĖĄ     ‚ĖÄ‚ĖÄ  ‚ĖÄ‚Ėą‚ĖĄ        ‚ĖÄ     ‚ĖÄ ‚ĖÄ‚Ėí‚ĖĄ ‚ĖĄ‚Ėď‚ĖĄ    ‚Ėď‚Ėď‚Ėď‚Ėą‚Ėą‚Ėą  ‚ĖÄ‚ĖĄ
 ‚Ėą‚Ėą‚Ėą ‚Ėą‚Ėą‚Ėą‚Ėą‚Ėą‚Ėď ‚ĖÄ‚ĖÄ‚Ėą‚Ėą‚Ėą  ‚ĖĎ ‚Ėą‚Ėą‚Ėą‚ĖÄ‚ĖÄ‚Ėą‚Ėą‚Ėą‚ĖĄ‚ĖĄ  ‚ĖĄ‚ĖĄ‚ĖĄ‚Ėą‚Ėą‚Ėą‚Ėą‚ĖĎ‚Ėí‚ĖĄ‚ĖĄ‚ĖĄ‚ĖĄ   ‚ĖĄ‚ĖĄ‚Ėą‚Ėą‚Ėą‚Ėą‚ĖĄ‚ĖĄ‚Ėď  ‚ĖÄ   ‚ĖĄ  ‚ĖÄ‚Ėď‚Ėď‚Ėą‚Ėą‚Ėą‚ĖĄ ‚ĖÄ‚Ėą
‚Ėź‚Ėą‚Ėą‚ĖĆ‚Ėą‚Ėą‚Ėą‚Ėą‚ĖĎ     ‚ĖĄ‚Ėą‚Ėą‚Ėą ‚ĖÄ   ‚ĖÄ‚ĖÄ‚Ėą‚Ėą‚Ėą‚Ėą‚Ėą‚Ėą‚Ėą‚Ėą‚Ėą‚ĖÄ‚ĖÄ‚ĖÄ‚ĖĄ‚Ėą‚Ėą‚Ėą‚Ėą‚Ėą‚Ėą‚Ėą‚Ėą‚Ėą‚Ėą‚Ėą‚Ėą‚Ėą‚Ėą‚Ėą‚Ėą‚ĖÄ‚Ėď‚ĖĄ      ‚ĖÄ‚Ėí‚ĖÄ   ‚Ėď‚Ėď‚Ėą‚Ėą‚Ėą‚ĖÄ ‚Ėą‚ĖĆ
‚Ėą‚Ėą‚Ėą‚Ėą‚Ėą‚Ėą‚Ėď‚Ėď  ‚ĖÄ‚ĖĄ‚Ėą‚Ėą‚Ėą‚Ėą‚Ėą‚ĖÄ           ‚ĖÄ‚ĖÄ‚ĖÄ‚ĖÄ‚ĖÄ‚ĖÄ‚Ėą‚Ėą‚Ėą‚Ėą‚Ėą‚Ėą‚Ėą‚Ėą‚ĖĄ‚ĖĄ‚ĖĄ‚ĖĎ‚ĖÄ‚ĖÄ‚ĖÄ‚ĖÄ‚ĖÄ‚ĖÄ‚Ėą‚Ėą‚Ėą‚Ėą‚Ėą‚Ėą‚ĖĄ‚ĖĄ   ‚ĖĄ‚ĖĄ‚ĖĄ‚Ėď‚Ėď‚Ėď‚Ėą‚Ėą‚Ėą‚ĖÄ ‚ĖĄ‚Ėą
‚Ėą‚Ėą‚ĖĄ‚ĖĄ‚Ėą‚Ėą‚Ėą      ‚ĖÄ‚ĖÄ‚ĖÄ                          ‚ĖÄ‚ĖÄ‚ĖÄ‚ĖÄ‚ĖÄ‚ĖÄ‚ĖÄ‚Ėą‚Ėą‚Ėą‚Ėą‚ĖĄ‚ĖĄ‚ĖĄ‚Ėą‚ĖĄ‚ĖÄ‚ĖÄ‚ĖÄ‚ĖÄ‚ĖÄ‚ĖÄ‚Ėą‚Ėą‚Ėą‚Ėą‚Ėą‚Ėą‚Ėą‚ĖÄ  ‚Ėď‚Ėą‚Ėą
‚Ėą‚Ėď‚Ėą‚Ėą‚Ėď‚Ėą‚ĖĆ                                             ‚ĖÄ‚ĖÄ‚ĖÄ‚ĖÄ‚ĖÄ‚Ėą‚Ėą‚Ėą‚Ėą‚Ėą‚Ėą‚Ėą‚Ėą‚ĖÄ‚ĖÄ‚ĖÄ‚ĖÄ ‚ĖĄ‚ĖĄ‚Ėą‚Ėď‚Ėą‚ĖÄ 
‚Ėą‚Ėď‚Ėą‚Ėą‚Ėď‚Ėą                                                         ‚ĖĄ‚ĖĄ‚ĖĄ‚Ėą‚Ėą‚Ėą‚ĖÄ‚ĖÄ‚ĖÄ‚ĖÄ‚ĖÄ   
‚Ėą‚ĖĎ‚Ėą‚Ėą‚ĖĎ‚Ėą   SCARED proudly presents:                
‚Ėą ‚Ėą‚Ėą ‚Ėą                                           
‚Ėą ‚Ėą‚Ėą ‚Ėą   Nike SB - Debacle                                          
‚Ėą ‚Ėą‚Ėą ‚Ėą                                           
‚Ėą ‚Ėą‚Ėą ‚Ėą   Rls.Date....: 13.06.2010                
‚Ėą ‚Ėą‚Ėą ‚Ėą                                           
‚Ėą ‚Ėą‚Ėą ‚Ėą   Video.......:                           
‚Ėą ‚Ėą‚Ėą ‚Ėą
‚Ėą ‚Ėą‚Ėą ‚Ėą   Genre.......: Skateboarding                          
‚Ėą ‚Ėą‚Ėą ‚Ėą   Bitrate.....: 1849 kbps                 
‚Ėą ‚Ėą‚Ėą ‚Ėą   Resolution..: 624 X 352                 
‚Ėą ‚Ėą‚Ėą ‚Ėą   Aspect.Ratio: 1,75                      
‚Ėą ‚Ėą‚Ėą ‚Ėą                                           
‚Ėą ‚Ėą‚Ėą ‚Ėą   Audio.......:                           
‚Ėą ‚Ėą‚Ėą ‚Ėą                                           
‚Ėą ‚Ėą‚Ėą ‚Ėą   Codec.......: mp3 vbr                   
‚Ėą ‚Ėą‚Ėą ‚Ėą   Bitrate.....: 185 kbps                  
‚Ėą ‚Ėą‚Ėą ‚Ėą   Channels....: 2                         
‚Ėą ‚Ėą‚Ėą ‚Ėą   Samplingrate: 48 khz                    
‚Ėą ‚Ėą‚Ėą ‚Ėą                                           
‚Ėą ‚Ėą‚Ėą ‚Ėą   Runtime.....: 24 mins.                  
‚Ėą ‚Ėą‚Ėą ‚Ėą                                           
‚Ėą ‚Ėą‚Ėą ‚Ėą   Link........: http://tinyurl.com/xxxxx
‚Ėą ‚Ėą‚Ėą ‚Ėą                                           
‚Ėą ‚Ėą‚Ėą ‚Ėą   Contact.....: scared@hush.ai            
‚Ėą ‚Ėą‚Ėą ‚Ėą                                                                       
‚Ėą ‚Ėą‚Ėą ‚Ėą   
‚Ėą ‚Ėą‚Ėą ‚Ėą   
‚Ėą ‚Ėą‚Ėą ‚Ėą                                  
‚Ėą ‚Ėą‚Ėą ‚Ėą   Notes....: Think you can help? 
‚Ėą ‚Ėą‚Ėą ‚Ėą   
‚Ėą ‚Ėą‚Ėą ‚Ėą   
‚Ėą ‚Ėą‚Ėą ‚Ėą                                          
‚Ėą ‚Ėą‚Ėą ‚Ėą  
‚Ėą ‚Ėą‚Ėą ‚Ėą   
‚Ėą ‚Ėą‚Ėą ‚Ėą   
‚Ėą ‚Ėą‚Ėą ‚Ėą   
‚Ėą ‚Ėą‚Ėą ‚Ėą
‚Ėą ‚Ėą‚Ėą ‚Ėą
‚Ėą ‚Ėą‚Ėą ‚Ėą
‚Ėą ‚Ėą‚Ėą ‚Ėą
‚Ėą ‚Ėą‚Ėą ‚Ėą
‚Ėą ‚Ėą‚Ėą ‚Ėą 
‚Ėą ‚Ėą‚Ėą ‚Ėą                                                     
‚Ėą ‚Ėą‚Ėą ‚Ėą                We are looking for a nice affilsite  
‚Ėą ‚Ėą‚Ėą ‚Ėą                                                     
‚Ėą ‚Ėą‚Ėą ‚Ėą                        outside .de .fr              
‚Ėą ‚Ėą‚Ėą ‚Ėą                                                     
‚Ėą ‚Ėą‚Ėą ‚Ėą                                                     
‚Ėą ‚Ėą‚Ėą ‚Ėą                                                     
‚Ėą ‚Ėą‚Ėą ‚Ėą                                                     
‚Ėą ‚Ėą‚Ėą ‚Ėą                 If you like this video - go skate!  
‚Ėą ‚Ėą‚Ėą ‚Ėą                                                     
‚Ėą ‚Ėą‚Ėą ‚Ėą                                                     
‚Ėą ‚Ėą‚Ėą ‚Ėą                                                  
‚Ėą ‚Ėą‚Ėą ‚Ėą                
‚Ėą ‚Ėą‚Ėą ‚Ėą                                                                 
‚Ėą ‚Ėą‚Ėą ‚Ėą‚ĖĆ     ‚ĖĄ‚ĖĄ‚ĖĄ‚ĖĄ                                                              
‚Ėą ‚Ėą‚Ėą ‚Ėą‚ĖĆ  ‚ĖĄ‚ĖĄ‚Ėą‚Ėą‚Ėď‚Ėą‚Ėą‚Ėą‚Ėď‚Ėď‚ĖĄ‚ĖĄ‚ĖĄ‚Ėą‚Ėą‚Ėď‚Ėď ‚Ėą‚ĖÄ‚ĖÄ‚ĖÄ ‚Ėą‚Ėď‚Ėą‚Ėą ‚Ėą‚Ėď‚Ėą‚Ėą ‚Ėą‚Ėą‚Ėą‚ĖĄ ‚Ėą‚Ėą‚Ėą‚Ėą ‚Ėď‚Ėą‚Ėą‚ĖĄ ‚ĖÄ‚Ėď‚Ėď‚Ėą‚Ėą‚Ėą‚Ėą‚Ėą‚Ėą‚Ėą‚Ėą‚Ėą‚ĖĄ‚ĖĄ‚ĖĄ‚ĖĄ     
‚Ėą ‚Ėą‚Ėą ‚Ėą‚ĖĆ ‚Ėą‚Ėą‚ĖĄ‚Ėą‚ĖĄ‚ĖĄ‚Ėą‚Ėą‚Ėą‚Ėą‚Ėą‚Ėą‚Ėą‚Ėą‚Ėą‚Ėą‚Ėď  ‚Ėď‚Ėď‚Ėď‚Ėď ‚Ėą    ‚Ėą  ‚Ėą ‚Ėą‚ĖĄ‚ĖĄ‚Ėď ‚Ėď‚ĖĄ   ‚Ėą  ‚Ėą‚ĖĆ  ‚Ėď‚Ėą‚Ėą‚Ėď‚Ėą‚Ėą‚ĖÄ‚ĖÄ‚Ėí‚ĖĎ‚ĖĎ‚Ėą‚Ėą‚Ėą‚Ėą‚ĖĎ   
‚Ėą ‚Ėą‚Ėą ‚Ėą‚ĖĆ‚Ėą‚Ėą‚Ėí‚Ėą‚Ėą‚ĖÄ  ‚ĖÄ‚Ėą‚ĖÄ‚ĖÄ‚Ėą‚Ėą‚Ėą‚Ėą‚Ėď‚Ėą‚ĖĄ ‚ĖĄ‚ĖĄ‚ĖĄ‚Ėą ‚Ėą‚Ėď‚Ėą‚Ėą ‚Ėą‚ĖÄ‚ĖÄ‚Ėą ‚Ėą ‚ĖÄ‚ĖĄ ‚Ėď‚ĖĄ‚ĖĄ‚ĖĄ‚Ėź‚Ėą‚ĖĄ‚Ėą‚ĖÄ ‚ĖĄ‚Ėď‚Ėą‚Ėą‚Ėą‚Ėą‚Ėą‚Ėą‚Ėą‚Ėą‚Ėą‚Ėą‚ĖĄ‚ĖĄ‚ĖÄ‚Ėą‚Ėą‚Ėą‚Ėą  
‚Ėą ‚Ėą‚Ėą ‚Ėą‚Ėą‚Ėą‚ĖĎ‚Ėą‚Ėą     ‚ĖĄ                                                 ‚ĖÄ‚ĖÄ‚Ėą‚Ėą‚Ėą‚Ėą‚Ėą‚Ėą‚Ėą   
‚Ėą ‚Ėą‚Ėą ‚Ėą‚Ėą‚ĖĎ‚Ėą‚Ėą ‚ĖĄ‚Ėí‚ĖĄ ‚ĖÄ‚Ėď‚ĖÄ                   ‚ĖĄ‚Ėą‚ĖĄ          ‚ĖĄ‚Ėą  ‚Ėź‚Ėą‚ĖĄ            ‚Ėď‚Ėą‚Ėą‚Ėą‚ĖÄ    
‚Ėą ‚Ėą‚Ėą ‚Ėą‚ĖĄ‚Ėą‚Ėą   ‚ĖÄ      ‚ĖĄ               ‚ĖĄ‚Ėą‚ĖÄ‚ĖĄ‚ĖÄ          ‚ĖĆ ‚Ėą ‚Ėą ‚Ėź          ‚ĖĄ‚Ėą‚Ėą‚Ėą‚ĖÄ      
‚Ėą ‚Ėą‚Ėą ‚Ėą‚Ėą‚Ėą  ‚ĖĄ‚Ėą‚ĖÄ ‚ĖÄ  ‚ĖĄ‚Ėą‚Ėź‚ĖĎ            ‚ĖĄ‚ĖÄ ‚ĖĄ‚Ėą‚ĖÄ           ‚Ėą‚ĖĆ‚Ėź‚ĖĄ‚ĖĆ‚Ėź‚Ėą       ‚Ėą   ‚Ėą‚Ėą‚Ėą‚Ėą      
‚Ėą ‚Ėą‚Ėą ‚Ėą‚Ėą‚ĖĆ‚ĖĄ‚Ėą‚Ėď‚ĖÄ    ‚Ėź‚ĖÄ‚ĖĎ‚Ėź            ‚Ėź‚ĖĆ  ‚ĖÄ‚Ėą‚ĖÄ‚ĖÄ‚ĖÄ‚ĖÄ‚ĖÄ‚Ėď      ‚Ėź‚ĖĄ‚ĖÄ‚ĖÄ‚Ėą‚ĖÄ‚ĖĆ      ‚Ėź‚ĖĆ‚Ėą   ‚Ėą‚Ėą‚Ėą‚Ėą‚Ėą‚ĖĄ   
‚Ėą ‚Ėą‚Ėą ‚Ėą‚Ėí‚Ėą‚Ėą‚Ėą‚ĖÄ    ‚Ėź‚ĖÄ‚ĖĎ ‚Ėą ‚ĖĄ‚ĖĎ         ‚Ėą   ‚ĖĄ‚ĖĄ‚ĖĄ‚ĖĄ‚ĖĄ‚Ėą‚ĖÄ‚ĖÄ       ‚Ėď‚Ėą‚ĖÄ‚ĖĆ‚ĖĎ‚Ėą     ‚Ėź‚Ėą‚Ėď‚ĖÄ‚Ėą   ‚ĖÄ‚Ėď‚Ėą‚Ėą‚Ėą‚Ėą‚ĖĄ 
‚Ėą ‚Ėą‚Ėą ‚Ėą‚Ėą‚Ėą‚Ėą  ‚ĖĎ‚Ėą ‚Ėď‚Ėą ‚ĖĎ‚ĖĎ‚Ėą‚ĖĆ‚ĖĆ‚ĖĆ        ‚ĖĄ‚Ėą‚Ėą  ‚Ėź‚ĖĄ‚ĖĄ‚ĖĄ‚ĖĆ          ‚ĖÄ‚Ėą‚ĖĄ ‚Ėą      ‚Ėą‚ĖĆ‚Ėď‚Ėí‚ĖÄ‚Ėą     ‚ĖÄ‚ĖÄ‚Ėą‚Ėą 
‚Ėą ‚Ėą‚Ėą ‚Ėą‚Ėą‚Ėą‚ĖĆ  ‚Ėą ‚ĖĆ‚ĖĆ‚Ėí ‚Ėí‚ĖĎ‚Ėź‚ĖÄ ‚Ėź      ‚ĖĄ‚Ėą‚Ėď ‚Ėą‚Ėą ‚Ėą‚ĖÄ ‚ĖĄ‚Ėą           ‚Ėź‚Ėď‚ĖÄ‚ĖĆ    ‚ĖĄ‚Ėą‚ĖÄ‚Ėď‚Ėď‚Ėí‚Ėí‚ĖÄ‚Ėą       ‚Ėą 
‚Ėą ‚Ėą‚Ėą ‚Ėą‚Ėą‚Ėą   ‚Ėź‚ĖĆ‚ĖÄ‚ĖĄ ‚Ėí‚Ėí‚Ėí‚Ėď  ‚Ėą     ‚Ėź‚Ėą‚ĖĎ‚ĖĎ‚Ėą‚Ėą‚ĖÄ‚ĖÄ‚Ėą‚Ėą‚ĖÄ‚ĖÄ            ‚Ėź‚Ėď‚Ėď‚ĖĆ  ‚ĖĄ‚Ėą‚ĖÄ‚Ėď‚Ėď‚Ėď‚Ėí‚Ėď‚Ėď‚Ėď‚ĖÄ‚Ėą  ‚ĖĄ‚ĖĎ‚ĖĄ ‚Ėą 
‚Ėą‚ĖĎ‚Ėą‚Ėą‚ĖĎ‚Ėą‚Ėą‚Ėą   ‚Ėą‚Ėą ‚Ėí ‚ĖĎ‚ĖĎ‚Ėí ‚ĖĎ ‚ĖÄ‚Ėą‚ĖĎ  ‚Ėź‚Ėą ‚Ėź‚ĖÄ‚ĖÄ                   ‚Ėź‚Ėď‚Ėź‚ĖĆ‚ĖĄ‚Ėą‚Ėď‚Ėď‚Ėď‚Ėí‚Ėí‚Ėí‚Ėí‚Ėď‚Ėď‚Ėď‚Ėď‚ĖÄ‚Ėą  ‚ĖÄ  ‚Ėď 
‚Ėą‚Ėď‚Ėą‚Ėą‚Ėď‚Ėą‚Ėą‚ĖĆ   ‚ĖĎ‚Ėą‚ĖĎ ‚Ėí ‚ĖĎ‚ĖĎ‚ĖĎ‚ĖĎ‚Ėí‚ĖĎ‚ĖÄ‚Ėą‚ĖĄ‚Ėą‚Ėą ‚ĖĎ‚ĖĆ                      ‚Ėą‚ĖĄ‚Ėą‚ĖÄ‚Ėď‚Ėď‚Ėí‚Ėď‚Ėź‚ĖĄ‚Ėď‚Ėď‚Ėď‚Ėď‚Ėď‚Ėď‚Ėď‚ĖÄ‚Ėą    ‚ĖĄ 
‚Ėą‚Ėď‚Ėą‚Ėą‚Ėď‚Ėą‚Ėą  ‚ĖĎ ‚Ėą‚ĖĆ‚ĖĎ    ‚ĖĄ ‚ĖĎ ‚ĖĄ   ‚ĖÄ‚Ėą‚Ėą‚ĖĄ‚Ėą‚ĖĄ                    ‚Ėą‚ĖÄ‚Ėď‚Ėď‚Ėď‚Ėí‚Ėí‚Ėí‚Ėź‚Ėą‚Ėą‚Ėď‚Ėď‚ĖĄ ‚Ėď‚Ėď‚Ėď‚Ėď‚ĖÄ‚Ėą     
‚Ėą‚Ėą‚ĖÄ‚ĖÄ‚Ėą‚Ėą‚Ėą   ‚Ėą‚Ėą‚ĖĎ‚Ėí  ‚ĖĎ‚Ėź‚Ėą‚Ėą ‚Ėą‚Ėą‚ĖĆ   ‚ĖĎ‚ĖĎ‚ĖĎ ‚Ėą‚ĖĄ‚ĖĄ                 ‚Ėą‚ĖÄ‚Ėď‚Ėí‚Ėí‚Ėď‚Ėí‚Ėď ‚Ėą‚Ėą‚ĖĆ‚Ėď‚Ėą‚Ėą‚ĖĆ‚Ėď‚Ėď‚Ėď ‚Ėď‚Ėą‚ĖĆ    
‚Ėą‚Ėą‚Ėą‚Ėą‚Ėą‚Ėą‚Ėą  ‚Ėź‚Ėą‚ĖĎ‚Ėí‚ĖĎ‚ĖĎ  ‚Ėź‚Ėą‚Ėą‚ĖĆ‚Ėź‚Ėą‚ĖĆ  ‚ĖĄ‚ĖĄ ‚ĖĎ‚ĖĎ‚Ėí ‚Ėą‚ĖĄ               ‚Ėź‚ĖĆ‚Ėď‚ĖĄ‚Ėą‚Ėą‚Ėď‚Ėď‚Ėď‚Ėď‚Ėď‚ĖÄ‚Ėď‚Ėź‚Ėą‚Ėą‚ĖĆ‚Ėď‚Ėď‚Ėď‚Ėď‚Ėď‚Ėź‚ĖĆ    
‚Ėą‚Ėą‚Ėą‚Ėą‚Ėą‚Ėą‚Ėą‚ĖĆ ‚Ėą‚ĖĎ‚ĖÄ ‚ĖĎ‚ĖĎ  ‚Ėď‚Ėą‚ĖÄ ‚ĖÄ‚ĖÄ ‚ĖĎ ‚ĖĄ ‚ĖÄ ‚ĖĎ‚ĖĎ  ‚Ėą‚ĖĄ              ‚Ėą‚Ėď‚Ėď‚Ėí‚Ėą ‚ĖÄ‚ĖĄ‚ĖĄ‚Ėď‚Ėď‚Ėď‚Ėď‚Ėď‚Ėą‚ĖÄ‚Ėď‚Ėď‚Ėď‚Ėď‚Ėď‚Ėď‚Ėď‚Ėą    
‚Ėą‚Ėą‚Ėą‚Ėą‚Ėą‚Ėą‚Ėą‚ĖĆ ‚ĖĆ‚ĖĎ   ‚ĖĎ   ‚ĖĄ ‚ĖĎ‚Ėí‚ĖĎ‚ĖĎ ‚ĖĄ‚ĖÄ‚ĖĆ    ‚ĖĎ ‚ĖĎ‚Ėą‚ĖĆ            ‚Ėź‚Ėď‚Ėď‚Ėí‚Ėí‚Ėź‚ĖĄ‚ĖĄ ‚ĖÄ‚Ėą‚ĖĄ‚ĖĄ‚ĖĄ‚Ėď‚Ėď‚Ėď‚Ėď‚Ėď‚Ėď‚Ėď‚Ėď‚Ėď‚Ėź‚Ėą    
‚Ėą‚Ėą‚Ėą‚Ėą‚Ėą‚Ėą‚Ėą‚Ėą‚Ėź‚Ėą‚Ėí ‚ĖÄ ‚ĖĎ‚ĖĎ ‚Ėź‚ĖĄ‚ĖĄ  ‚ĖĄ‚ĖĄ‚ĖÄ‚ĖĎ‚ĖĄ‚ĖĆ ‚ĖĎ  ‚ĖĎ ‚ĖĎ‚Ėí‚Ėą    ‚ĖĄ‚ĖĄ‚ĖĄ     ‚Ėą‚Ėď‚Ėí‚Ėí‚Ėď‚Ėď‚Ėą‚Ėą‚Ėą‚Ėą‚ĖĄ‚ĖĄ ‚ĖÄ‚ĖÄ‚ĖĄ‚ĖĄ‚ĖĄ‚Ėď‚Ėď‚Ėď‚Ėď‚Ėď‚Ėź‚Ėą    
‚Ėą‚Ėą‚Ėą‚Ėą‚Ėą‚Ėą‚Ėą‚Ėą ‚Ėą‚Ėą ‚Ėź  ‚ĖĎ ‚ĖĆ‚ĖÄ‚ĖĄ‚ĖÄ‚ĖÄ‚ĖÄ  ‚ĖĄ‚ĖÄ  ‚ĖĎ‚Ėí‚ĖĎ‚ĖĎ ‚ĖĎ‚Ėą‚Ėą  ‚Ėź‚Ėą‚Ėď‚Ėď‚ĖĄ‚Ėą‚ĖĄ   ‚Ėź‚Ėą‚Ėí‚Ėď‚Ėď‚Ėď‚Ėď‚Ėą‚Ėą‚Ėą‚ĖÄ‚ĖĎ‚ĖÄ‚Ėą‚ĖĄ‚ĖĄ ‚Ėą‚ĖĄ‚Ėą‚Ėď‚Ėď‚Ėď‚Ėź‚ĖĆ    
‚Ėź‚Ėą‚Ėą‚Ėą‚Ėą‚Ėą‚Ėą‚Ėą‚Ėą ‚ĖÄ‚Ėą ‚Ėą‚ĖĄ     ‚ĖÄ‚ĖĄ‚ĖĄ‚ĖÄ‚ĖÄ  ‚ĖĎ‚ĖĎ‚Ėí‚Ėí‚ĖĎ ‚ĖĎ‚ĖĎ‚Ėą‚ĖĆ  ‚Ėą‚Ėď‚Ėď‚Ėď‚Ėď‚Ėď‚Ėą‚ĖĆ   ‚Ėą‚Ėí‚Ėď‚Ėď‚Ėď‚Ėď‚ĖÄ‚Ėą‚ĖĄ‚Ėí‚ĖĎ‚ĖĎ‚Ėí‚Ėą‚Ėą‚Ėą ‚Ėą‚Ėą‚Ėí‚Ėí‚Ėď‚Ėą‚ĖĆ‚ĖĄ‚Ėą  
‚Ėź‚Ėą‚Ėą‚Ėą‚Ėą‚Ėą‚Ėą‚Ėą‚Ėą‚Ėą‚Ėą‚Ėą‚ĖĄ‚Ėí‚Ėą‚ĖĄ ‚ĖĄ‚Ėą‚ĖĄ  ‚ĖĎ‚ĖĎ‚ĖĎ‚ĖĎ‚ĖĎ‚ĖĎ‚ĖĎ‚ĖĎ‚ĖĎ ‚Ėí‚ĖĎ‚Ėą‚ĖÄ   ‚Ėą‚ĖĎ‚Ėď‚Ėď‚Ėď‚Ėď‚Ėą‚Ėą   ‚Ėź‚Ėą‚ĖĄ‚Ėď‚Ėď‚Ėď‚Ėď‚Ėď‚Ėď‚ĖÄ‚Ėą‚ĖĄ‚Ėą‚Ėą‚Ėą‚Ėą‚Ėą‚ĖÄ‚Ėí‚ĖĄ‚ĖĄ‚Ėí‚Ėą ‚Ėą   
 ‚Ėą‚Ėą‚Ėą‚Ėą‚Ėą‚Ėą‚Ėą‚Ėą‚Ėą ‚ĖÄ‚Ėą‚ĖĄ ‚Ėą‚Ėą‚ĖÄ ‚ĖÄ‚Ėą‚ĖĄ ‚Ėí ‚ĖĄ‚ĖĄ‚Ėą‚Ėą‚ĖĄ   ‚Ėą‚Ėą‚Ėą‚ĖĄ‚ĖĄ‚Ėź‚Ėą‚Ėď‚ĖĎ‚Ėď‚Ėď‚Ėď‚Ėą‚Ėą    ‚ĖĄ‚Ėą‚Ėą‚Ėď‚Ėď‚Ėď‚Ėď‚Ėď‚Ėď‚Ėď‚Ėď‚ĖÄ‚Ėď‚Ėď‚Ėď‚Ėď‚Ėí‚Ėź‚Ėď‚Ėď‚Ėą‚ĖÄ‚Ėź‚Ėą‚Ėą  
  ‚ĖÄ‚Ėą‚Ėą‚Ėą‚Ėą‚Ėą‚Ėą‚Ėą‚Ėą‚ĖĄ‚ĖĎ‚ĖÄ‚Ėą‚ĖÄ   ‚ĖĆ ‚ĖÄ‚Ėą‚ĖĎ‚ĖÄ‚Ėą‚ĖĄ‚ĖĎ‚ĖĎ‚Ėą‚ĖĄ ‚Ėą‚Ėą‚ĖĎ‚ĖĎ‚ĖĎ‚ĖĎ‚Ėą‚Ėą‚Ėą‚Ėą‚Ėď‚Ėď‚Ėď‚Ėą‚Ėą   ‚ĖĄ‚Ėą‚Ėď‚Ėď‚Ėą‚Ėď‚Ėď‚Ėď‚Ėď‚Ėď‚Ėą‚ĖĄ‚ĖĄ‚Ėď‚Ėď‚Ėď‚Ėď‚Ėď‚Ėí‚Ėź‚Ėď‚Ėď‚ĖĄ ‚ĖÄ‚Ėą‚Ėą 
   ‚Ėď‚Ėą‚Ėą‚Ėą‚Ėą‚Ėą‚Ėą‚Ėą‚Ėą‚Ėą‚Ėą‚ĖÄ‚Ėą‚ĖĄ ‚ĖĆ‚ĖÄ‚ĖĆ‚ĖĆ‚Ėą‚ĖĎ‚ĖĎ‚ĖÄ‚Ėą‚Ėą‚ĖĎ‚ĖĎ‚Ėą‚Ėą‚Ėą‚Ėą‚ĖÄ‚ĖÄ‚Ėą‚Ėą‚Ėą‚Ėď‚Ėą‚Ėď‚Ėď‚Ėď‚Ėą‚Ėą   ‚Ėź‚Ėą‚Ėď‚Ėď‚Ėą‚Ėą‚Ėą‚Ėď‚Ėď‚Ėď‚Ėą‚Ėď‚Ėď‚Ėą‚ĖĄ‚Ėď‚Ėą‚Ėď‚Ėď‚Ėď‚Ėą‚ĖÄ‚Ėď‚ĖĄ‚Ėą‚ĖĄ ‚Ėą‚ĖĆ
   ‚Ėď‚Ėą‚Ėą‚Ėą‚Ėą‚Ėą‚Ėą‚Ėą‚Ėą‚Ėą‚Ėą‚Ėą ‚Ėą‚Ėą‚Ėź ‚Ėą‚Ėą‚Ėą‚Ėą‚ĖĄ‚Ėą‚Ėą‚Ėą‚Ėą‚ĖĎ ‚Ėą‚Ėą‚Ėą‚ĖÄ‚ĖÄ‚ĖÄ‚ĖÄ‚ĖÄ‚ĖÄ‚ĖÄ‚ĖÄ‚ĖÄ‚ĖÄ‚ĖÄ‚ĖÄ‚ĖÄ‚ĖÄ‚Ėą‚Ėą‚Ėď‚Ėď‚Ėą‚ĖĆ‚ĖĄ ‚ĖÄ‚ĖÄ‚ĖÄ‚Ėą‚Ėď‚Ėď‚Ėą‚Ėí ‚ĖĄ‚ĖĄ‚ĖĄ‚Ėą‚ĖÄ‚Ėą ‚ĖĆ‚ĖĆ‚ĖÄ‚ĖĆ‚Ėź‚Ėą
   ‚Ėą‚Ėą‚Ėą‚Ėą‚Ėą‚Ėą‚Ėą‚Ėą‚Ėą‚ĖÄ‚ĖÄ‚ĖÄ‚ĖÄ‚Ėą‚ĖÄ‚ĖÄ‚Ėą‚ĖÄ ‚ĖĄ‚ĖĄ‚ĖĄ‚ĖĄ  ‚Ėą‚ĖĎ‚ĖĄ‚Ėą‚ĖĄ  ‚Ėą‚Ėą‚ĖÄ‚ĖÄ‚ĖÄ‚ĖÄ‚ĖÄ‚ĖÄ‚ĖÄ‚ĖÄ‚Ėą‚Ėą‚Ėą ‚Ėą‚ĖÄ‚Ėą‚Ėą ‚Ėą‚Ėą‚Ėą‚Ėą ‚ĖĆ‚Ėď‚Ėď‚Ėą‚Ėą‚Ėą‚ĖÄ‚ĖĄ ‚ĖÄ‚ĖĄ‚Ėź ‚ĖĆ‚Ėą‚ĖÄ‚ĖÄ ‚Ėą
    ‚Ėą‚Ėą‚Ėą‚Ėą‚ĖÄ‚Ėą‚Ėą‚Ėą‚Ėą‚Ėą‚Ėą‚Ėą‚Ėą‚Ėą‚Ėą‚Ėą‚Ėą‚Ėą‚Ėą‚Ėą‚Ėą‚Ėą‚Ėą ‚Ėź‚Ėą‚Ėď‚Ėď‚Ėą‚Ėą‚ĖĄ ‚Ėą‚Ėą‚Ėą‚Ėą‚Ėą‚Ėą‚Ėą‚Ėą‚Ėą‚Ėą ‚ĖĄ‚Ėą‚Ėí‚ĖÄ‚ĖĄ‚Ėą‚ĖĆ ‚Ėą‚Ėą  ‚Ėą‚Ėą‚ĖĄ‚Ėą ‚Ėą‚Ėą‚Ėą‚Ėą ‚Ėą‚ĖÄ‚Ėą‚ĖÄ ‚ĖĄ‚Ėą‚Ėą‚Ėą
 ‚ĖĄ   ‚ĖÄ‚Ėą‚Ėą‚Ėą ‚ĖÄ‚Ėą‚Ėą‚Ėą‚Ėą‚ĖÄ‚Ėą‚Ėą‚Ėď‚Ėą‚Ėą‚ĖÄ‚Ėą‚Ėą‚Ėą‚Ėą‚ĖĆ ‚Ėą‚Ėą‚ĖĄ‚ĖĄ‚Ėą‚Ėí‚Ėą‚ĖĄ ‚Ėą‚Ėą‚Ėą‚Ėą‚Ėą‚Ėą‚Ėą‚Ėą‚ĖĆ‚Ėź‚ĖĆ‚Ėí‚Ėí‚Ėí‚Ėí‚Ėď‚Ėą ‚Ėą‚Ėą ‚Ėą‚ĖÄ‚ĖĄ‚ĖĄ‚Ėą‚ĖĆ ‚Ėą‚Ėą‚Ėą‚ĖĄ‚ĖĄ‚ĖĄ ‚ĖĄ‚Ėą‚Ėą‚ĖÄ‚ĖĎ‚Ėą
‚ĖÄ‚ĖĎ‚ĖÄ  ‚ĖĄ‚ĖĄ‚Ėą‚Ėą‚ĖÄ   ‚ĖÄ‚Ėą‚Ėą‚Ėą‚Ėą‚Ėą‚Ėą‚Ėď‚Ėď‚Ėď‚Ėą‚Ėą‚Ėą ‚Ėą‚Ėą‚Ėď‚Ėď‚Ėď‚Ėď‚Ėď‚Ėź‚Ėą ‚Ėą‚Ėą‚Ėą‚Ėą‚Ėą‚Ėą‚Ėą‚Ėą‚ĖĆ‚Ėą‚Ėí‚Ėí‚Ėí‚Ėí‚Ėí‚ĖĄ‚Ėą ‚Ėą‚ĖĆ‚Ėź‚Ėą‚Ėí‚Ėí‚Ėí‚Ėí‚Ėą‚ĖĆ‚Ėź‚Ėą‚Ėą‚Ėą‚Ėą‚Ėą‚Ėą‚Ėą‚Ėą‚ĖĎ‚ĖĎ‚Ėą‚Ėą
    ‚Ėą‚Ėą‚Ėą‚Ėď        ‚ĖÄ‚ĖÄ‚ĖÄ‚Ėą‚Ėą‚Ėą‚Ėď‚Ėď‚ĖÄ‚Ėą ‚Ėą‚Ėď‚Ėď‚Ėď‚Ėď‚Ėď‚Ėď‚Ėď‚Ėą ‚Ėą‚Ėą‚Ėą‚Ėą‚Ėą‚ĖĄ‚Ėą‚Ėą‚ĖĆ‚ĖÄ‚Ėą‚ĖĄ‚Ėí‚Ėí‚Ėď‚ĖĆ ‚ĖĄ‚Ėą‚ĖĆ‚Ėą‚Ėí‚Ėí‚Ėí‚Ėí‚Ėí‚Ėí‚Ėą‚Ėź‚Ėą‚Ėą‚Ėą‚Ėą‚Ėą‚Ėą‚Ėą‚ĖĎ‚ĖĎ‚Ėą‚Ėą‚ĖĆ
   ‚Ėí‚Ėą‚ĖÄ      ‚ĖĄ‚Ėď‚ĖĄ     ‚ĖÄ‚Ėą‚Ėą‚Ėą‚Ėą‚Ėą‚ĖĆ‚Ėź‚Ėą‚Ėď‚Ėď‚Ėď‚Ėď‚Ėď‚Ėď‚Ėą ‚Ėą‚Ėą‚Ėą‚Ėą‚Ėą‚Ėą ‚Ėą‚Ėą‚ĖĄ‚ĖĄ ‚ĖÄ‚ĖÄ‚ĖÄ ‚Ėą‚Ėą‚Ėą‚ĖĆ‚Ėą‚Ėą‚Ėí‚Ėí‚Ėí‚Ėí‚Ėą‚Ėą‚Ėź‚Ėą‚Ėą‚Ėą‚Ėą‚Ėą‚ĖĄ‚ĖÄ‚ĖĄ‚Ėą‚Ėą‚Ėą 
   ‚Ėą‚Ėą‚Ėą‚Ėą‚ĖĄ ‚ĖĄ   ‚ĖÄ     ‚ĖĄ‚Ėą‚Ėą‚Ėą‚ĖÄ‚Ėą‚Ėą‚Ėą ‚Ėą‚Ėą‚Ėď‚Ėď‚Ėď‚ĖĄ‚Ėą‚Ėą ‚Ėą‚Ėą‚ĖĄ‚ĖÄ‚Ėą‚Ėą‚Ėą ‚Ėą‚Ėą‚Ėą‚Ėą‚Ėą‚Ėą‚Ėą‚Ėą‚Ėą‚Ėą‚Ėą‚ĖĄ ‚ĖÄ‚Ėą‚Ėí‚Ėí‚Ėí‚Ėą ‚Ėź‚Ėą‚ĖÄ‚Ėď‚Ėą‚Ėą‚Ėą‚Ėą‚Ėą‚Ėą‚ĖÄ  
    ‚ĖÄ‚ĖÄ‚Ėą‚Ėą‚ĖÄ  ‚ĖĄ    ‚ĖĄ‚ĖĄ‚Ėą‚Ėą‚Ėą  ‚Ėą‚Ėą‚Ėą‚Ėą‚ĖĄ ‚ĖÄ‚Ėą‚Ėą‚Ėą‚Ėą‚ĖÄ ‚ĖĄ‚Ėą‚Ėą‚Ėą‚Ėą  ‚Ėą‚Ėą  ‚ĖÄ‚Ėą‚Ėą‚Ėą‚Ėą‚Ėą‚Ėą‚Ėą‚Ėą‚ĖÄ‚Ėą‚ĖĄ ‚ĖÄ‚ĖÄ‚ĖÄ ‚ĖĄ‚Ėą‚Ėą‚Ėď‚Ėą‚Ėą‚Ėą‚ĖÄ‚ĖÄ   ‚ĖĄ 
   ‚ĖĄ         ‚ĖĄ‚ĖĄ‚Ėą‚Ėą‚Ėą‚Ėą   ‚Ėą‚Ėą‚Ėą‚Ėą‚Ėą‚Ėą‚Ėą‚ĖĄ‚ĖĄ‚ĖĄ‚ĖĄ ‚ĖĄ‚Ėą‚Ėą‚Ėą‚ĖÄ ‚ĖĄ‚ĖĄ‚Ėą‚ĖĄ‚Ėą‚Ėą‚Ėą‚ĖĄ  ‚ĖÄ‚Ėą‚Ėą‚Ėą‚Ėą ‚ĖÄ‚Ėą‚Ėą‚Ėą‚Ėą‚Ėą‚Ėą‚Ėą‚Ėą‚Ėą‚Ėą‚Ėď‚Ėą‚ĖÄ        
           ‚ĖĄ‚Ėą‚Ėą‚Ėą‚ĖÄ‚ĖÄ‚ĖÄ  ‚Ėą‚Ėą‚Ėą‚Ėą‚Ėą‚Ėą‚ĖĄ‚ĖĄ‚ĖĄ‚Ėą‚Ėą‚Ėą‚Ėą‚Ėą‚Ėą‚Ėą‚Ėą‚Ėą‚Ėą   ‚ĖÄ‚Ėą‚Ėą‚Ėą‚Ėą‚Ėą‚Ėą‚Ėď   ‚ĖÄ‚Ėą‚Ėą ‚Ėź‚Ėą‚Ėą‚Ėą‚Ėą‚Ėą‚Ėą‚Ėą‚Ėą‚ĖĄ‚Ėą‚Ėą‚Ėą‚ĖĄ  ‚ĖĄ‚ĖĎ‚ĖĄ  
    ‚ĖĄ‚Ėí‚ĖĄ   ‚Ėą‚Ėą‚Ėą ‚ĖĄ‚ĖĄ‚Ėą‚Ėą‚Ėą‚Ėą‚Ėą‚Ėą‚ĖÄ‚ĖÄ‚ĖĄ‚Ėą‚Ėą‚ĖĄ‚Ėą‚Ėą‚ĖÄ  ‚ĖÄ‚ĖÄ‚Ėą‚ĖĎ‚Ėą‚Ėą‚Ėą‚ĖĄ   ‚ĖÄ‚Ėą‚Ėą‚Ėą‚Ėą‚Ėą‚Ėą‚Ėą‚Ėí   ‚ĖĄ‚Ėą‚Ėą‚ĖĆ ‚Ėą‚Ėą‚Ėą‚Ėą‚Ėą‚Ėą‚Ėą‚Ėą‚Ėą‚Ėą   ‚ĖÄ   
     ‚ĖÄ   ‚Ėą‚Ėą ‚Ėą‚Ėą‚Ėą‚Ėą‚Ėą‚ĖÄ‚ĖÄ‚ĖÄ   ‚Ėą‚Ėą‚Ėď‚ĖÄ‚ĖÄ        ‚ĖÄ‚Ėď‚Ėą‚Ėą‚Ėą‚Ėą‚ĖĄ    ‚ĖÄ‚ĖÄ‚Ėą‚Ėą‚Ėą‚Ėą‚Ėą ‚Ėą‚Ėą‚Ėą‚Ėą   ‚Ėą‚Ėą‚Ėą‚Ėą‚Ėą‚Ėą‚Ėą‚Ėą‚Ėí       
     ‚ĖĄ  ‚Ėą‚Ėą‚ĖÄ‚Ėą‚Ėą‚Ėď‚Ėď‚Ėď     ‚ĖĄ‚Ėą‚Ėą‚Ėď   SunZero   ‚Ėď‚Ėí‚Ėą‚Ėą‚Ėą‚Ėą  ‚ĖÄ  ‚ĖĄ‚ĖĄ‚Ėą‚Ėą‚Ėą‚Ėą‚Ėą‚Ėą‚Ėą    ‚ĖĄ‚Ėą‚Ėą‚Ėą‚Ėą‚Ėą‚Ėą‚Ėą‚ĖĆ       
       ‚Ėą‚Ėą ‚Ėą‚Ėą‚Ėď‚Ėď    ‚ĖĄ  ‚ĖÄ‚Ėą‚Ėą‚ĖĄ     2oo9     ‚Ėď‚Ėą‚Ėą‚Ėą    ‚ĖĄ‚Ėą‚Ėą‚Ėą‚Ėą ‚Ėą‚Ėą‚Ėą   ‚ĖĄ‚Ėą‚Ėą‚Ėą‚Ėą‚Ėď ‚ĖÄ‚Ėą‚Ėą‚Ėą‚Ėą  ‚ĖĄ    
      ‚Ėź‚Ėą‚Ėą‚Ėą‚Ėą‚Ėď‚Ėď    ‚ĖÄ‚Ėď‚ĖÄ   ‚ĖÄ‚Ėą‚Ėą‚Ėą‚ĖĄ        ‚ĖĄ‚ĖĄ‚Ėą‚Ėą‚Ėą‚ĖÄ    ‚Ėą‚Ėą ‚Ėą‚Ėď‚Ėď‚Ėą‚Ėą    ‚Ėą‚Ėą‚Ėď‚ĖÄ   ‚ĖĄ‚Ėą‚Ėą‚Ėą‚Ėą   ‚Ėď    
      ‚Ėź‚Ėą‚ĖÄ‚Ėą‚Ėď‚Ėď‚ĖÄ       the   ‚ĖÄ‚ĖÄ‚ĖÄ ‚ĖÄ  ‚ĖĄ‚ĖĄ‚Ėą‚Ėą‚Ėą‚Ėą‚ĖÄ  ‚ĖĄ  ‚Ėą‚Ėą‚Ėí‚Ėą‚Ėď‚Ėą‚Ėą‚Ėą‚ĖĄ‚ĖĄ‚ĖĄ   ‚Ėą‚Ėą‚Ėą  ‚Ėą‚Ėą‚Ėą‚Ėą‚ĖÄ    ‚ĖĄ    
       ‚Ėą‚Ėą‚Ėą‚Ėď‚Ėď    ‚ĖÄ comeback   ‚ĖĄ‚ĖĄ‚Ėą‚Ėą‚Ėą‚Ėą‚Ėą‚ĖÄ‚ĖÄ   ‚ĖÄ‚Ėí‚ĖÄ  ‚Ėą‚Ėą‚Ėą‚Ėą‚Ėď‚Ėď‚Ėą‚Ėą‚Ėą‚Ėą‚Ėą‚Ėą‚ĖĄ‚ĖĄ ‚ĖÄ‚Ėą ‚ĖÄ‚Ėą‚Ėą‚Ėą‚Ėą‚Ėď ‚ĖĄ‚Ėą‚Ėą    
        ‚Ėą‚Ėą‚Ėą‚Ėď‚Ėď‚Ėď‚ĖĄ     ;>    ‚ĖĄ‚ĖĄ‚Ėą‚Ėą‚ĖĄ‚Ėą‚Ėą‚ĖÄ‚Ėď‚Ėď   ‚ĖĎ         ‚ĖÄ‚Ėď‚Ėď‚Ėď‚Ėď‚Ėď‚Ėď‚Ėą‚Ėą‚Ėą‚Ėą‚Ėą  ‚ĖÄ  ‚ĖÄ‚Ėą‚Ėą‚Ėą‚Ėą‚Ėą‚ĖÄ     
         ‚ĖÄ‚Ėą‚Ėą‚Ėą‚Ėą‚Ėď‚Ėď      ‚ĖĄ  ‚Ėą‚Ėą‚Ėą‚ĖÄ‚Ėą‚Ėą‚Ėą‚Ėď‚Ėď     ‚ĖÄ   ‚ĖÄ       ‚ĖÄ  ‚Ėí‚Ėď‚Ėď‚Ėď‚Ėí‚Ėą‚Ėą‚Ėą ‚ĖĄ‚Ėí‚ĖĄ            
             ‚Ėą‚Ėą‚Ėą‚Ėą‚Ėą‚Ėą‚ĖĄ   ‚ĖĄ‚ĖĄ ‚ĖÄ‚Ėą‚Ėą‚ĖĄ‚ĖĄ‚ĖÄ‚Ėą‚Ėď‚Ėď   ‚ĖĄ‚Ėą  ‚ĖĄ‚Ėą‚ĖĄ  ‚ĖÄ  ‚ĖĄ‚ĖĄ‚ĖĄ‚ĖĄ‚Ėą‚Ėď‚Ėď‚Ėď‚Ėą‚Ėą‚Ėą‚ĖĆ  ‚ĖÄ             
               ‚ĖÄ‚ĖÄ‚ĖÄ‚Ėą‚Ėą‚Ėą‚ĖÄ‚ĖÄ‚ĖÄ    ‚ĖÄ‚ĖÄ‚Ėą‚Ėą‚Ėą‚Ėą‚Ėą‚Ėą‚ĖĄ‚Ėą‚ĖÄ    ‚ĖÄ‚Ėą‚Ėą‚Ėą‚ĖĄ‚ĖÄ‚Ėď‚Ėď‚Ėď‚Ėď‚Ėď‚Ėď‚Ėą‚Ėą‚Ėą‚Ėą‚Ėą‚Ėą                 
                                ‚ĖÄ‚ĖÄ‚ĖÄ          ‚ĖÄ‚ĖÄ‚ĖÄ‚Ėą‚Ėą‚Ėą‚Ėą‚Ėą‚Ėą‚Ėą‚Ėą‚ĖÄ‚ĖÄ‚ĖÄ
