████
███████
███████                                                              █
███████                                  █                           █
█                       ███████        █████   ██████                █
█████████████           ███████        █████   ██████               ▄█▄
█████████████  ████████ ███████        █████   ██████              ▄███▄
███████████    ████████ ███████     ████████   ███████        ▄▄███████████▄▄
█              ████████ ███████     ████████   ███████      ■████iNCEPTiON████■
█  ████████    ████████████████     ████████   ███████         ▀▀█████████▀▀
█  ████████    ████████████████     ████████   ███████              ▀█▀
█  ████████    ████████████████     ████████   ███████               ▀
█████████████████████████████████████████████████████████▓▒░ The Dream is Real!
▄▄▄▄▄▄▄▄▄▄▄▄▄▄▄▄▄▄▄▄▄▄▄▄▄▄▄▄▄▄▄▄▄▄▄▄▄▄▄▄▄▄▄▄▄▄▄▄▄▄▄▄▄▄▄▄▄▄▄▄▄▄▄▄▄▄▄▄▄▄▄▄▄▄▄▄▄▄▄▄
▀▀██▀▀██▀▀██▀▀██▀▀██▀▀██▀▀██▀▀██▀▀██▀▀██▀▀██▀▀██▀▀██▀▀██▀▀██▀▀██▀▀██▀▀██▀▀██▀▀██
▄▄██▄▄██▄▄██▄▄██▄▄██▄▄██▄▄██▄▄██▄▄██▄▄██▄▄██▄▄██▄▄██▄▄██▄▄██▄▄██▄▄██▄▄██▄▄██▄▄██
▀▀▀▀▀▀▀▀▀▀▀▀▀▀▀▀▀▀▀▀▀▀▀▀▀▀▀▀▀▀▀▀▀▀▀▀▀▀▀▀▀▀▀▀▀▀▀▀▀▀▀▀▀▀▀▀▀▀▀▀▀▀▀▀▀▀▀▀▀▀▀▀▀▀▀▀▀▀▀▀
███ ███▄   ███  ▄███████ ████████ ███████▄  █████████ ███   ▄█████▄   ███▄   ███
███ ████▄  ███ ▄████████ ████████ █████████ █████████ ███ ▄████▀████▄ ████▄  ███
    █████▄ ███ ███▀      ███      ███    ███   ███        ███▀   ▀███ █████▄ ███
███ ██████▄███ ███       ███████  ███    ███   ███    ███ ███     ███ ██████▄███
███ ███▀██████ ███       ███████  █████████    ███    ███ ███     ███ ███▀██████
███ ███ ▀█████ ███▄      ███      ███████▀     ███    ███ ███▄   ▄███ ███ ▀█████
███ ███  ▀████ ▀████████ ████████ ███          ███    ███ ▀████▄████▀ ███  ▀████
███ ███   ▀███  ▀███████ ████████ ███          ███    ███   ▀█████▀   ███   ▀███
▄▄▄▄▄▄▄▄▄▄▄▄▄▄▄▄▄▄▄▄▄▄▄▄▄▄▄▄▄▄▄▄▄▄▄▄▄▄▄▄▄▄▄▄▄▄▄▄▄▄▄▄▄▄▄▄▄▄▄▄▄▄▄▄▄▄▄▄▄▄▄▄▄▄▄▄▄▄▄▄
▀▀██▀▀██▀▀██▀▀██▀▀██▀▀██▀▀██▀▀██▀▀██▀▀██▀▀██▀▀██▀▀██▀▀██▀▀██▀▀██▀▀██▀▀██▀▀██▀▀██
▄▄██▄▄██▄▄██▄▄██▄▄██▄▄██▄▄██▄▄██▄▄██▄▄██▄▄██▄▄██▄▄██▄▄██▄▄██▄▄██▄▄██▄▄██▄▄██▄▄██
▀▀▀▀▀▀▀▀▀▀▀▀▀▀▀▀▀▀▀▀▀▀▀▀▀▀▀▀▀▀▀▀▀▀▀▀▀▀▀▀▀▀▀▀▀▀▀▀▀▀▀▀▀▀▀▀▀▀▀▀▀▀▀▀▀▀▀▀▀▀▀▀▀▀▀▀▀▀▀▀
 
 
               ▓           ▄▄  ▄▄ ▄  ▄▄ ▄▄▄ ▄▄▄▄▄ ▄ ▄▄  ▄▄ ▄▄▄  
               ▓░          █ █ █▄ █  █▄ █▄█ █▄ █▄ █ █ █ █▄ █ █   
               ▓░▒         █▀▄ █▄ █▄ █▄ █ █▄▄█ █▄ █ █ █ █  █▄█  ▄
               ▓░█           █▄▄▄▄▄▄▄▄▄▄▄▄▄▄▄▄▄▄▄▄▄▄▄▄▄▄▄▄▄▄▄▄▄█▀
               ▓░█
               ▓░██        Releasename....: Let me in (2010)
               ▒░▒█      
               ▒░▒██       Laufzeit.......: 01:51:05
               ▒░▒██       Groesse........: 1.55 GB
               ▒░▒██       Videocodec.....: XviD
               ░▒░▓██      Framerate......: 25.000 FPS
               ░▒░▓▓█      Bitrate........: 1608 Kbps
               ░▒░▓▓█      Aufloesung.....: 720x304
               ▒░░▓▓██     Audio1.........: Deutsch AC3 5.1 @ 384 Kbps
               ▒░░░▓██     Audio2.........: -
               ▒░░░▓▓█     Untertitel.....: n/a
               ▒░░░▓▓██    (VOB/PGS)......: Deutsch
               ▒░░▒▓▓██    Bildquelle.....: Blu-ray
               ░▒░▒▓▓██▄   FSK............: 16
               ░▒░▒▓▓███   Kapitel........: -
               ▒░░▒▓▓▓██   Genre..........: Drama, Fantasy, Horror
               ▒░░░▓▓▓██▄  
               ▒░░▒▓▓▓███  IMDb-Bewertung.: 7.2/10 from 39,321 users
               ▒░░░▓▓▓███▄ IMDb-Link......: http://www.imdb.com/title/tt1228987
               ▒░▒░▓░▓▓███▄
               ▒░▒░▓▓▓▓████Infizierung....: 19.04.2012
               ▓░▒░▓▓▓▓█████▄
               ▒░▒░▓▓▓▓▓█████▄
               ░░▒▓▓▓▓▓▓███████▄ 
               ░▒░▓▓▓▓▓▓▓████████▄ 
              ▓░▒░▓▓▓▓▓▓▓▓██████████▄▄▄▄▄▄▄▄
              ▒░▒▓▓▓▓▓▓▓▓▓▓███████████████▓▒▒
              ░░▒▓▓▓▓▓▓▓▓▓▓▓████████████▓▓▒▒▒
             ▓░▒░░▓▓▓██▓▓▓▓▓▓█████████▓░▒▒▒▒
             ░░▒░░▓▓▓██▓▓▓▓▓▓▓▓█████▓░▓▒▒▒▒
            ▓░▒░▓▓▓▓▓█████▓▓▓▓▓▓▓▓▓░▓▒▒▒▒▒
            ▒░▒░▓▓▓▓▓████▓▓▓▓▓░░░░▓▒▒▒▒▒▒
           ▓▒▒░▓▓▓▓▓▓▓▓▓▓▓▓░░░░▓░▒▒░▒▒▒▒
          ▓▒▒░▓▓▓▓▓▓▓▓▓▓░░▒░░▓░▒▒▒▒▒▒▒▒
         ▓░▒░░▓▓░▓▓░░▓░░▒░▓▒░░▒▒▒▒▒▒▒▒   ▄▄  ▄  ▄▄▄ ▄▄▄
        ▓░░░░░░░░░░░░░░▓▓▓░░░░▒▒▒▒▒▒▒    █ █ █  █ █  █
      ▓░░░░░░░░░░░░▓▓▓▓▓░░░░░▒▒▒▒▒▒      █▀  █▄ █▄█  █  ▄
     ▓▒▒▒▒▒▒▒▒▒░▓▓▓▓▓░░▒▒░░░░▒▒▒▒▒      ▄█▄▄▄▄▄▄▄▄▄▄▄▄▄█▀
   ░░▒░░░░▒▒▒░▓▓▓▓░▒▒▒▒░░░▓░░▒▒▒▒▒     ▀▄▀
  ░░▒░▒░░▓▓░░░░░▒▒▒▒▒▒░▓▓▓▓░░▓▒▒▒
▒▓░▒▓░▓▓▒▒░▒▒▒▒▒▒▒▒▒▒▒░▓▓▓▓░░▒▒▒Der zwoelfjaehrige Owen (Kodi Smit-McPhee)
  ░░░░▒▒░░░▒▒▒▒▒▒▒▒▒▒▒░▓█▓▓░▒▒▒▒waechst 1983 in einer Kleinstadt in der Bergwelt
     ░░░░▒▒▒▒▒▒▒▒▒▒▒▒▒░▓█▓▓░▒▒▒ New Mexicos auf ? der perfekte Spiegel der
            ▒▒▒▒▒▒▒▒▒▒░▓▓▓▓▓▒▒▒ gepeinigten Seele des zierlichen Jungen, der
               ▒▒▒▒▒▒▒▒▓▓▓▓▓▓▒  allein mit seiner Mutter in einem tristen
                 ▒▒▒▒▒▒░▓▓▓▓▒▒  Wohnblock lebt. Freunde hat er dort keine und in
                  ▒▒▒▒▒░▓█▓░░▒  der Schule wird er von Mitschuelern
                   ▒▒▒▒░▓█░▒▒   terrorisiert. Doch dann zieht ein Maedchen in
                    ▒▒▒░▓█▒▒▒   seine Nachbarschaft, das genauso einsam und
                     ▒▒░▓█▒▒░   verloren wirkt. Owen schliesst Freundschaft mit
                     ▒▒░▓█▒▒░   Abby (Chlo? Moretz), die mit ihrem Vater
                      ▒░▓█▒▒▒   (Richard Jenkins) allein zu leben scheint und
                      ▒░▓█▒▒▒   sich immer nur nach Sonnenuntergang sehen
                      ▒░▓█▒▒▒   laesst. Als ein Mord nach dem anderen die kleine
                       ░▓█▒▒▒   Gemeinde erschuettert und eine blutleere Leiche
                       ░▓▓▒▒▒   nach der anderen gefunden wird, keimt ein
                       ░▓▒▒▒▒   erschuetternder Verdacht in Owen ?
                       ░▓▒▒▒▒   
                        ▓▓░▒░   
                         ▓░░░   
 ▄▄  ▄▄▄ ▄▄▄ ▄▄ ▄▄        ░░    
 █ █ █ █  █  █▄ █▄              
 █ █ █▄█  █  █▄▄▄█  ▄           
   █▄▄▄▄▄▄▄▄▄▄▄▄▄▄▄█▀
 
 
 
 
 
 
 
 
 
 
 
 kontakt: in Deinen Traeumen findest Du uns
  
 
████
███████
███████
███████                                  █                        █████
█                       ███████        █████   ██████             █████
█████████████           ███████        █████   ██████             █████
█████████████  ████████ ███████        █████   ██████             █████ ██████
███████████    ████████ ███████     ████████   ███████            █████ ██████
█              ████████ ███████     ████████   ███████            █████ ██████
█  ████████    ████████████████     ████████   ███████    ██████  █████ ██████
█  ████████    ████████████████     ████████   ███████    ██████  █████ ██████
█  ████████    ████████████████     ████████   ███████    ██████  █████ ██████
████████████████████████████████████████████████████████████████████████████████
▓▓▓▓▓▓▓▓▓▓▓▓▓▓▓▓▓▓▓▓▓▓▓▓▓▓▓▓▓▓▓▓▓▓▓▓▓▓▓▓▓▓▓▓▓▓▓▓▓▓▓▓▓▓▓▓▓▓▓▓▓▓▓▓▓▓▓▓▓▓▓▓▓▓▓▓▓▓▓▓
▓  ▓▓▓▓▓▓▓▓    ▓▓▓▓▓▓▓▓▓▓▓▓▓▓▓▓     ▓▓▓▓▓▓▓▓   ▓▓▓▓▓▓▓    ▓▓▓▓▓▓  ▓▓▓▓▓ ▓▓▓▓▓▓
▓  ▓▓▓▓▓▓▓▓    ▓▓▓▓▓▓▓▓▓▓▓▓▓▓▓▓     ▓▓▓▓▓▓▓▓   ▓▓▓▓▓▓▓    ▓▓▓▓▓▓  ▓▓▓▓▓ ▓▓▓▓▓▓
▓  ▓▓▓▓▓▓▓▓    ▓▓▓▓▓▓▓▓▓▓▓▓▓▓▓▓     ▓▓▓▓▓▓▓▓   ▓▓▓▓▓▓▓    ▓▓▓▓▓▓  ▓▓▓▓▓ ▓▓▓▓▓▓
▓              ▓▓▓▓▓▓▓▓ ▓▓▓▓▓▓▓     ▓▓▓▓▓▓▓▓   ▓▓▓▓▓▓▓            ▓▓▓▓▓ ▓▓▓▓▓▓
▓▓▓▓▓▓▓▓▓▓▓    ▓▓▓▓▓▓▓▓ ▓▓▓▓▓▓▓     ▓▓▓▓▓▓▓▓   ▓▓▓▓▓▓▓            ▓▓▓▓▓ ▓▓▓▓▓▓
▓▓▓▓▓▓▓▓▓▓▓▓▓  ▓▓▓▓▓▓▓▓ ▓▓▓▓▓▓▓        ▓▓▓▓▓   ▓▓▓▓▓▓             ▓▓▓▓▓ ▓▓▓▓▓▓
▓▓▓▓▓▓▓▓▓▓▓▓▓           ▓▓▓▓▓▓▓        ▓▓▓▓▓   ▓▓▓▓▓▓             ▓▓▓▓▓
▓                       ▓▓▓▓▓▓▓        ▓▓▓▓▓   ▓▓▓▓▓▓             ▓▓▓▓▓
▓▓▓▓▓▓▓▓                                 ▓                        ▓▓▓▓▓
▓▓▓▓▓▓▓▓
▓▓▓▓▓▓▓▓                                                                ASCii
▓▓▓▓▓                                                                   TS 2011
